# t	a	e	mean_anomaly	varpi	mass/M_star
1.24228e+02	5.67628e-02	2.56431e-02	3.38082	2.53982	4.41310e-05
2.79514e+02	5.67341e-02	2.48955e-02	6.12121	4.50345	4.41310e-05
4.34800e+02	5.67033e-02	2.31944e-02	2.64024	2.69010	4.41310e-05
5.90085e+02	5.66543e-02	2.23360e-02	5.30154	3.42922	4.41310e-05
7.45371e+02	5.66595e-02	2.19233e-02	1.74011	0.22271	4.41310e-05
9.00656e+02	5.66214e-02	2.06912e-02	4.59880	5.55332	4.41310e-05
1.05594e+03	5.66092e-02	2.05486e-02	1.30167	0.50482	4.41310e-05
1.21123e+03	5.65728e-02	1.97998e-02	4.43576	3.87140	4.41310e-05
1.36651e+03	5.65302e-02	1.88558e-02	1.43338	3.05055	4.41310e-05
1.52180e+03	5.65318e-02	1.83766e-02	4.92122	4.26363	4.41310e-05
1.67708e+03	5.64770e-02	1.78912e-02	2.56451	1.02823	4.41310e-05
1.83237e+03	5.64933e-02	1.71708e-02	0.41101	6.08943	4.41310e-05
1.98766e+03	5.64178e-02	1.63730e-02	5.11943	0.26247	4.41310e-05
2.14294e+03	5.63964e-02	1.60904e-02	3.81803	2.68294	4.41310e-05
2.29823e+03	5.63613e-02	1.54275e-02	3.13539	0.48676	4.41310e-05
2.45351e+03	5.63591e-02	1.46997e-02	3.25087	6.09232	4.41310e-05
2.60880e+03	5.63187e-02	1.46226e-02	3.70624	1.06763	4.41310e-05
2.76408e+03	5.62952e-02	1.41397e-02	4.46424	4.30794	4.41310e-05
2.91937e+03	5.62775e-02	1.42003e-02	5.69205	3.09373	4.41310e-05
3.07465e+03	5.62708e-02	1.32817e-02	0.86405	3.89107	4.41310e-05
3.22994e+03	5.62355e-02	1.26292e-02	2.25482	0.90747	4.41310e-05
3.38523e+03	5.62131e-02	1.27444e-02	4.00720	6.22717	4.41310e-05
3.54051e+03	5.61808e-02	1.32370e-02	5.92610	1.19380	4.41310e-05
3.69580e+03	5.61702e-02	1.24423e-02	1.47550	4.94530	4.41310e-05
3.85108e+03	5.61210e-02	1.19309e-02	3.32354	4.82898	4.41310e-05
4.00637e+03	5.60966e-02	1.23917e-02	5.06636	1.00423	4.41310e-05
4.16165e+03	5.60576e-02	1.15352e-02	0.58888	5.90785	4.41310e-05
4.31694e+03	5.60577e-02	1.15039e-02	2.17430	0.97719	4.41310e-05
4.47222e+03	5.60086e-02	1.15810e-02	3.49756	5.13543	4.41310e-05
4.62751e+03	5.60066e-02	1.17570e-02	4.42510	5.99498	4.41310e-05
4.78280e+03	5.59819e-02	1.07487e-02	5.00352	3.51027	4.41310e-05
4.93808e+03	5.59630e-02	1.14058e-02	5.04079	4.21764	4.41310e-05
5.09337e+03	5.59493e-02	1.16055e-02	4.37881	1.97875	4.41310e-05
5.24865e+03	5.59036e-02	1.08090e-02	3.04968	3.09879	4.41310e-05
5.40394e+03	5.58642e-02	1.08978e-02	0.86134	1.49778	4.41310e-05
5.55922e+03	5.58337e-02	1.02217e-02	4.12312	3.48752	4.41310e-05
5.71451e+03	5.58328e-02	1.09851e-02	0.64550	2.57206	4.41310e-05
5.86979e+03	5.57877e-02	1.02080e-02	2.66741	5.27086	4.41310e-05
6.02508e+03	5.57445e-02	1.01321e-02	0.61859	2.24087	4.41310e-05
6.18037e+03	5.56998e-02	5.96352e-03	3.74828	2.30539	4.41310e-05
6.33565e+03	5.57669e-02	5.79854e-03	3.03820	0.82463	4.41310e-05
6.49094e+03	5.57687e-02	3.84255e-03	5.93030	4.34496	4.41310e-05
6.64622e+03	5.56713e-02	1.11503e-02	1.56367	4.06747	4.41310e-05
6.80151e+03	5.56707e-02	1.33317e-02	2.64596	1.30857	4.41310e-05
6.95679e+03	5.56614e-02	1.04109e-02	5.49796	4.54416	4.41310e-05
7.11208e+03	5.56607e-02	6.98330e-03	3.89111	5.40522	4.41310e-05
7.26736e+03	5.56360e-02	6.51887e-03	1.06010	0.64425	4.41310e-05
7.42265e+03	5.55551e-02	1.11217e-02	1.54271	2.87764	4.41310e-05
7.57794e+03	5.55744e-02	8.11679e-03	2.81399	2.06156	4.41310e-05
7.73322e+03	5.55226e-02	1.18801e-02	1.92427	1.06898	4.41310e-05
7.88851e+03	5.54896e-02	9.50644e-03	2.73413	0.97260	4.41310e-05
8.04379e+03	5.54269e-02	8.90114e-04	1.90064	5.43879	4.41310e-05
8.19908e+03	5.54483e-02	8.32822e-03	3.74481	3.46108	4.41310e-05
8.35436e+03	5.54364e-02	1.11652e-02	1.62578	2.06580	4.41310e-05
8.50965e+03	5.53612e-02	1.55728e-02	4.51896	4.40326	4.41310e-05
8.66493e+03	5.53739e-02	1.70378e-02	2.89525	4.89704	4.41310e-05
8.82022e+03	5.53535e-02	1.54520e-02	2.52565	5.29596	4.41310e-05
8.97551e+03	5.53205e-02	1.57756e-02	1.08223	1.45442	4.41310e-05
9.13079e+03	5.52470e-02	1.14914e-02	2.53703	2.11677	4.41310e-05
9.28608e+03	5.52918e-02	9.98300e-03	1.39152	0.16109	4.41310e-05
9.44136e+03	5.52366e-02	9.60418e-03	0.60176	5.62631	4.41310e-05
9.59665e+03	5.52135e-02	1.07663e-02	2.05292	3.08691	4.41310e-05
9.75193e+03	5.52314e-02	1.97845e-02	4.39127	5.85813	4.41310e-05
9.90722e+03	5.51614e-02	1.37926e-02	1.09233	1.33632	4.41310e-05
1.00625e+04	5.51446e-02	1.82229e-02	5.83537	1.38019	4.41310e-05
1.02178e+04	5.51397e-02	1.22743e-02	2.32012	3.08963	4.41310e-05
1.03731e+04	5.51354e-02	2.22496e-02	4.48505	5.14354	4.41310e-05
1.05284e+04	5.50986e-02	1.54741e-02	4.62164	2.98190	4.41310e-05
1.06836e+04	5.50872e-02	1.91487e-02	4.27361	0.83822	4.41310e-05
1.08389e+04	5.50378e-02	1.96038e-02	4.90507	2.32599	4.41310e-05
1.09942e+04	5.50583e-02	2.14974e-02	0.59005	0.52011	4.41310e-05
1.11495e+04	5.49983e-02	1.28331e-02	1.11425	2.97519	4.41310e-05
1.13048e+04	5.49966e-02	1.28596e-02	5.48735	5.13759	4.41310e-05
1.14601e+04	5.50153e-02	1.92948e-02	0.87297	0.74598	4.41310e-05
1.16154e+04	5.50310e-02	1.87099e-02	1.34542	0.97177	4.41310e-05
1.17706e+04	5.50164e-02	2.18120e-02	3.17283	5.96843	4.41310e-05
1.19259e+04	5.49803e-02	1.69637e-02	0.32543	4.84719	4.41310e-05
1.20812e+04	5.49708e-02	3.52453e-02	1.16467	3.18148	4.41310e-05
1.22365e+04	5.50307e-02	2.46369e-02	1.62615	3.14896	4.41310e-05
1.23918e+04	5.49783e-02	2.07495e-02	5.11630	5.71323	4.41310e-05
1.25471e+04	5.49540e-02	2.51631e-02	3.24492	4.13733	4.41310e-05
1.27024e+04	5.49234e-02	2.03270e-02	4.77612	4.28437	4.41310e-05
1.28576e+04	5.49497e-02	1.32526e-02	1.25234	0.52761	4.41310e-05
1.30129e+04	5.48633e-02	2.46748e-02	4.94553	2.68839	4.41310e-05
1.31682e+04	5.48653e-02	2.59020e-02	0.40824	2.82869	4.41310e-05
1.33235e+04	5.48498e-02	3.29048e-02	4.40910	0.90434	4.41310e-05
1.34788e+04	5.48433e-02	4.13464e-02	2.76464	3.78179	4.41310e-05
1.36341e+04	5.48220e-02	3.49551e-02	5.74047	0.16870	4.41310e-05
1.37894e+04	5.48402e-02	3.73790e-02	4.10164	1.73926	4.41310e-05
1.39446e+04	5.47656e-02	2.97618e-02	1.15697	2.98620	4.41310e-05
1.40999e+04	5.47436e-02	2.18160e-02	0.35955	2.07670	4.41310e-05
1.42552e+04	5.47582e-02	2.21479e-02	0.11689	6.21643	4.41310e-05
1.44105e+04	5.47122e-02	2.38397e-02	0.40905	3.25899	4.41310e-05
1.45658e+04	5.46746e-02	3.37354e-02	1.97122	5.17061	4.41310e-05
1.47211e+04	5.46401e-02	3.10219e-02	3.70893	0.13044	4.41310e-05
1.48764e+04	5.46733e-02	3.01150e-02	6.01887	0.51558	4.41310e-05
1.50316e+04	5.46864e-02	3.63614e-02	2.34331	0.18764	4.41310e-05
1.51869e+04	5.46084e-02	2.35935e-02	4.92270	5.69588	4.41310e-05
1.53422e+04	5.46184e-02	3.37927e-02	3.88172	1.73428	4.41310e-05
1.54975e+04	5.45897e-02	2.02760e-02	1.04065	5.44776	4.41310e-05
1.56528e+04	5.46060e-02	3.45370e-02	0.19755	0.24502	4.41310e-05
1.58081e+04	5.45278e-02	2.16960e-02	5.50734	0.86568	4.41310e-05
1.59634e+04	5.45357e-02	1.59886e-02	4.33407	1.22489	4.41310e-05
1.61186e+04	5.45344e-02	1.24409e-02	3.35067	0.60757	4.41310e-05
1.62739e+04	5.44571e-02	2.33361e-02	3.44068	4.71625	4.41310e-05
1.64292e+04	5.44668e-02	3.06283e-02	3.24216	2.27948	4.41310e-05
1.65845e+04	5.44145e-02	1.43725e-02	2.88054	5.66985	4.41310e-05
1.67398e+04	5.44310e-02	2.60458e-02	4.38176	0.29706	4.41310e-05
1.68951e+04	5.43854e-02	1.09235e-02	4.31603	2.08618	4.41310e-05
1.70504e+04	5.44042e-02	2.75938e-02	5.04181	2.45261	4.41310e-05
1.72056e+04	5.43860e-02	2.90145e-02	0.00646	1.61424	4.41310e-05
1.73609e+04	5.43729e-02	2.30873e-02	0.55586	0.84477	4.41310e-05
1.75162e+04	5.43441e-02	1.89335e-02	1.15754	5.65723	4.41310e-05
1.76715e+04	5.43168e-02	1.74506e-02	1.47568	3.83198	4.41310e-05
1.78268e+04	5.42973e-02	2.09207e-02	1.68337	1.36279	4.41310e-05
1.79821e+04	5.42599e-02	2.32216e-02	1.84382	4.59388	4.41310e-05
1.81374e+04	5.42584e-02	2.24688e-02	1.27064	1.58613	4.41310e-05
1.82926e+04	5.42538e-02	1.53141e-02	1.24362	3.71997	4.41310e-05
1.84479e+04	5.42653e-02	2.71575e-02	1.37264	5.00254	4.41310e-05
1.86032e+04	5.42636e-02	2.66297e-02	0.12920	0.83086	4.41310e-05
1.87585e+04	5.42276e-02	2.06231e-02	6.04684	1.34993	4.41310e-05
1.89138e+04	5.42084e-02	2.33571e-02	4.33831	2.66961	4.41310e-05
1.90691e+04	5.41815e-02	1.70096e-02	3.62379	2.33282	4.41310e-05
1.92244e+04	5.41426e-02	1.69281e-02	1.52323	2.80994	4.41310e-05
1.93796e+04	5.41394e-02	2.88251e-02	5.75439	2.70974	4.41310e-05
1.95349e+04	5.41409e-02	1.98870e-02	3.43715	2.25043	4.41310e-05
1.96902e+04	5.41312e-02	1.35554e-02	0.86675	1.42019	4.41310e-05
1.98455e+04	5.41034e-02	2.68093e-02	4.30914	0.38824	4.41310e-05
2.00008e+04	5.40677e-02	2.04730e-02	1.31379	5.12790	4.41310e-05
2.01561e+04	5.40431e-02	2.76867e-02	4.46071	3.17328	4.41310e-05
2.03114e+04	5.40582e-02	1.66549e-02	1.05345	1.06712	4.41310e-05
2.04666e+04	5.40301e-02	1.86542e-02	5.99868	3.86804	4.41310e-05
2.06219e+04	5.40147e-02	2.39321e-02	1.71813	1.33963	4.41310e-05
2.07772e+04	5.39646e-02	2.90266e-02	0.99369	2.60927	4.41310e-05
2.09325e+04	5.39297e-02	2.49039e-02	2.23809	5.56213	4.41310e-05
2.10878e+04	5.39345e-02	2.51326e-02	2.00367	4.90319	4.41310e-05
2.12431e+04	5.39194e-02	2.32349e-02	4.45324	0.50226	4.41310e-05
2.13984e+04	5.38955e-02	2.90611e-02	5.16908	1.64883	4.41310e-05
2.15536e+04	5.39170e-02	2.78519e-02	5.68576	1.98420	4.41310e-05
2.17089e+04	5.38650e-02	1.66448e-02	4.27549	2.70216	4.41310e-05
2.18642e+04	5.38488e-02	1.09982e-02	2.78034	3.31516	4.41310e-05
2.20195e+04	5.38360e-02	2.28523e-02	1.50203	2.92291	4.41310e-05
2.21748e+04	5.38836e-02	2.13469e-02	0.93924	5.47386	4.41310e-05
2.23301e+04	5.38410e-02	2.48932e-02	3.98020	3.66721	4.41310e-05
2.24853e+04	5.38712e-02	2.55222e-02	0.70956	4.74949	4.41310e-05
2.26406e+04	5.37201e-02	7.79264e-03	0.43731	4.35507	4.41310e-05
2.27959e+04	5.37460e-02	2.98721e-02	1.41159	1.54372	4.41310e-05
2.29512e+04	5.37122e-02	1.45328e-02	4.81061	1.51849	4.41310e-05
2.31065e+04	5.37204e-02	2.58009e-02	5.95063	4.13357	4.41310e-05
2.32618e+04	5.37509e-02	3.19138e-02	1.45268	0.69204	4.41310e-05
2.34171e+04	5.36082e-02	1.54094e-02	3.34783	4.08170	4.41310e-05
2.35723e+04	5.36003e-02	2.02300e-02	4.60819	2.62396	4.41310e-05
2.37276e+04	5.35536e-02	1.99662e-02	0.93936	6.09477	4.41310e-05
2.38829e+04	5.35882e-02	1.35141e-02	5.30963	1.33810	4.41310e-05
2.40382e+04	5.35226e-02	2.39581e-02	5.22396	0.65643	4.41310e-05
2.41935e+04	5.34655e-02	1.91169e-02	1.86289	2.63681	4.41310e-05
2.43488e+04	5.33991e-02	1.78661e-02	3.67357	4.56205	4.41310e-05
2.45041e+04	5.34150e-02	2.35955e-02	2.36790	4.83403	4.41310e-05
2.46593e+04	5.34393e-02	1.35410e-02	0.93800	6.24122	4.41310e-05
2.48146e+04	5.34031e-02	2.58915e-02	4.45007	1.72888	4.41310e-05
2.49699e+04	5.33747e-02	1.41877e-02	5.59416	4.93076	4.41310e-05
2.51252e+04	5.33919e-02	2.57894e-02	4.32221	3.31159	4.41310e-05
2.52805e+04	5.33570e-02	2.97475e-02	3.67758	5.28707	4.41310e-05
2.54358e+04	5.32622e-02	1.10291e-02	0.17301	6.01420	4.41310e-05
2.55911e+04	5.32250e-02	6.57624e-03	1.19164	0.69269	4.41310e-05
2.57463e+04	5.32076e-02	4.36584e-03	4.56676	4.51003	4.41310e-05
2.59016e+04	5.32162e-02	3.42545e-03	4.92534	0.99807	4.41310e-05
2.60569e+04	5.32108e-02	9.90578e-03	1.55651	4.49555	4.41310e-05
2.62122e+04	5.31701e-02	1.88374e-02	3.21968	5.96543	4.41310e-05
2.63675e+04	5.31575e-02	7.62528e-03	1.41922	1.15322	4.41310e-05
2.65228e+04	5.31507e-02	1.11083e-02	0.56356	3.80815	4.41310e-05
2.66781e+04	5.30792e-02	1.17627e-02	2.38031	4.21222	4.41310e-05
2.68333e+04	5.30076e-02	1.13892e-02	1.95143	5.69984	4.41310e-05
2.69886e+04	5.30567e-02	6.84533e-03	5.36579	0.40533	4.41310e-05
2.71439e+04	5.30035e-02	2.08135e-03	5.69068	2.70460	4.41310e-05
2.72992e+04	5.30524e-02	1.19225e-02	2.79480	4.58004	4.41310e-05
2.74545e+04	5.29637e-02	6.89844e-03	3.27992	0.68960	4.41310e-05
2.76098e+04	5.29741e-02	1.70422e-03	4.61663	2.23965	4.41310e-05
2.77651e+04	5.29216e-02	1.19511e-02	3.74889	0.72169	4.41310e-05
2.79203e+04	5.29019e-02	4.92154e-03	4.32415	2.23230	4.41310e-05
2.80756e+04	5.28603e-02	2.62489e-03	2.03470	2.13827	4.41310e-05
2.82309e+04	5.28234e-02	6.37118e-03	0.15767	4.05157	4.41310e-05
2.83862e+04	5.28257e-02	6.24458e-03	5.96507	5.06489	4.41310e-05
2.85415e+04	5.27777e-02	8.71179e-03	1.91691	6.03694	4.41310e-05
2.86968e+04	5.27718e-02	1.07800e-02	0.68420	1.49083	4.41310e-05
2.88521e+04	5.27073e-02	8.50858e-03	6.01289	1.09281	4.41310e-05
2.90073e+04	5.26900e-02	4.27624e-03	4.23077	1.42920	4.41310e-05
2.91626e+04	5.26750e-02	7.14274e-03	2.39765	1.61142	4.41310e-05
2.93179e+04	5.27089e-02	9.53669e-03	0.72921	4.64848	4.41310e-05
2.94732e+04	5.26900e-02	9.70806e-03	0.62343	3.08170	4.41310e-05
2.96285e+04	5.26333e-02	7.96025e-03	4.55734	5.08171	4.41310e-05
2.97838e+04	5.26266e-02	8.38094e-03	0.07417	2.47468	4.41310e-05
2.99391e+04	5.25958e-02	2.13603e-03	0.61399	3.90839	4.41310e-05
3.00943e+04	5.25965e-02	1.22385e-02	6.17254	2.40171	4.41310e-05
3.02496e+04	5.25060e-02	7.68031e-03	1.64384	2.91126	4.41310e-05
3.04049e+04	5.24378e-02	1.06876e-02	5.79482	3.72185	4.41310e-05
3.05602e+04	5.24694e-02	2.12386e-02	4.29069	2.08843	4.41310e-05
3.07155e+04	5.24234e-02	9.13440e-03	4.24336	3.66225	4.41310e-05
3.08708e+04	5.23809e-02	8.85706e-03	5.02637	5.67261	4.41310e-05
3.10261e+04	5.23946e-02	1.73400e-02	1.98146	1.81364	4.41310e-05
3.11813e+04	5.23566e-02	1.44926e-02	4.12306	3.04843	4.41310e-05
3.13366e+04	5.23190e-02	1.96476e-03	3.94823	5.16530	4.41310e-05
3.14919e+04	5.22689e-02	9.84983e-03	6.11335	6.11347	4.41310e-05
3.16472e+04	5.22543e-02	2.65848e-02	0.72833	0.81225	4.41310e-05
3.18025e+04	5.22603e-02	1.90195e-02	5.31416	0.60746	4.41310e-05
3.19578e+04	5.20984e-02	6.53400e-03	6.20292	4.46803	4.41310e-05
3.21131e+04	5.21277e-02	2.10363e-02	2.18473	4.72728	4.41310e-05
3.22683e+04	5.21223e-02	1.39523e-02	4.77244	1.80065	4.41310e-05
3.24236e+04	5.21024e-02	1.55910e-02	0.41281	6.03241	4.41310e-05
3.25789e+04	5.20644e-02	4.43091e-03	4.05625	4.67009	4.41310e-05
3.27342e+04	5.20623e-02	1.99793e-02	5.59428	0.85685	4.41310e-05
3.28895e+04	5.20423e-02	1.63393e-02	4.33646	4.08813	4.41310e-05
3.30448e+04	5.19698e-02	8.55133e-03	2.62838	5.27259	4.41310e-05
3.32001e+04	5.19940e-02	4.17969e-03	0.86694	6.08146	4.41310e-05
3.33553e+04	5.19458e-02	1.18620e-02	2.42085	1.69463	4.41310e-05
3.35106e+04	5.19508e-02	8.99304e-03	0.08341	4.48735	4.41310e-05
3.36659e+04	5.18905e-02	8.06099e-03	0.70902	1.81015	4.41310e-05
3.38212e+04	5.18743e-02	4.78817e-03	2.66847	1.89108	4.41310e-05
3.39765e+04	5.18425e-02	4.81102e-03	2.03332	3.34982	4.41310e-05
3.41318e+04	5.18340e-02	9.55216e-03	5.28418	5.72122	4.41310e-05
3.42871e+04	5.18290e-02	8.82199e-03	2.31267	0.44673	4.41310e-05
3.44423e+04	5.18010e-02	1.03064e-02	4.71878	0.35571	4.41310e-05
3.45976e+04	5.17703e-02	1.11934e-02	1.95993	2.60066	4.41310e-05
3.47529e+04	5.16886e-02	8.11203e-03	4.91917	5.55314	4.41310e-05
3.49082e+04	5.17280e-02	1.01149e-02	2.08094	4.91260	4.41310e-05
3.50635e+04	5.17274e-02	1.49658e-02	0.52936	0.65353	4.41310e-05
3.52188e+04	5.16916e-02	1.07399e-02	0.16276	3.49456	4.41310e-05
3.53741e+04	5.16084e-02	6.54332e-03	4.69468	4.29083	4.41310e-05
3.55293e+04	5.15821e-02	1.16895e-02	5.70722	4.53647	4.41310e-05
3.56846e+04	5.15760e-02	8.48604e-03	3.03850	6.01492	4.41310e-05
3.58399e+04	5.15706e-02	1.02929e-02	5.00074	2.49630	4.41310e-05
3.59952e+04	5.15037e-02	1.68705e-02	2.28884	2.57843	4.41310e-05
3.61505e+04	5.15217e-02	1.73778e-02	5.41633	4.39100	4.41310e-05
3.63058e+04	5.15246e-02	1.32940e-02	5.87378	0.19797	4.41310e-05
3.64610e+04	5.14292e-02	9.93817e-03	0.76467	1.06051	4.41310e-05
3.66163e+04	5.14006e-02	1.71690e-02	1.29922	2.09019	4.41310e-05
3.67716e+04	5.13714e-02	1.95586e-03	1.00275	0.78004	4.41310e-05
3.69269e+04	5.14193e-02	1.84432e-02	3.74447	3.76994	4.41310e-05
3.70822e+04	5.13734e-02	1.57208e-02	5.54945	0.66062	4.41310e-05
3.72375e+04	5.13788e-02	6.18570e-03	4.36023	6.28124	4.41310e-05
3.73928e+04	5.12839e-02	6.74697e-03	6.09342	1.62428	4.41310e-05
3.75480e+04	5.13030e-02	1.60310e-02	0.45363	3.82682	4.41310e-05
3.77033e+04	5.12855e-02	9.87267e-03	5.45178	0.54234	4.41310e-05
3.78586e+04	5.12570e-02	1.07080e-02	0.44648	0.22038	4.41310e-05
3.80139e+04	5.12197e-02	4.33860e-03	4.05478	3.38552	4.41310e-05
3.81692e+04	5.11873e-02	2.19274e-03	3.36614	5.25962	4.41310e-05
3.83245e+04	5.11655e-02	8.72260e-03	5.43325	1.86646	4.41310e-05
3.84798e+04	5.11221e-02	1.62877e-02	0.33107	5.52042	4.41310e-05
3.86350e+04	5.11136e-02	8.34874e-03	4.50094	1.16243	4.41310e-05
3.87903e+04	5.10972e-02	1.07826e-02	4.55057	0.68986	4.41310e-05
3.89456e+04	5.10807e-02	1.23369e-02	6.21507	4.24143	4.41310e-05
3.91009e+04	5.10365e-02	3.98616e-03	2.99360	6.21360	4.41310e-05
3.92562e+04	5.10514e-02	2.97860e-03	4.21519	4.16907	4.41310e-05
3.94115e+04	5.09952e-02	5.38039e-03	0.40939	1.27992	4.41310e-05
3.95668e+04	5.09874e-02	5.01665e-03	4.25211	3.77304	4.41310e-05
3.97220e+04	5.08964e-02	4.49082e-03	6.23633	2.67672	4.41310e-05
3.98773e+04	5.09661e-02	5.27324e-03	4.99578	4.81236	4.41310e-05
4.00326e+04	5.08946e-02	7.82340e-03	4.12225	0.60474	4.41310e-05
4.01879e+04	5.08822e-02	5.57594e-03	5.88934	0.07690	4.41310e-05
4.03432e+04	5.08408e-02	4.70945e-03	5.14853	2.98830	4.41310e-05
4.04985e+04	5.08001e-02	3.38262e-03	0.00091	3.93650	4.41310e-05
4.06538e+04	5.07903e-02	6.24954e-03	2.97324	3.29237	4.41310e-05
4.08090e+04	5.07397e-02	3.76715e-03	2.65679	0.20730	4.41310e-05
4.09643e+04	5.07248e-02	1.15488e-02	3.48759	3.12854	4.41310e-05
4.11196e+04	5.07109e-02	9.19823e-03	1.66434	2.42629	4.41310e-05
4.12749e+04	5.06623e-02	1.13544e-02	4.25896	4.76029	4.41310e-05
4.14302e+04	5.06807e-02	1.20945e-03	3.38796	5.12203	4.41310e-05
4.15855e+04	5.06350e-02	2.85034e-03	3.25069	5.28691	4.41310e-05
4.17408e+04	5.05937e-02	1.17084e-02	1.69340	1.96972	4.41310e-05
4.18960e+04	5.05675e-02	5.89222e-03	2.02350	4.35895	4.41310e-05
4.20513e+04	5.05614e-02	5.02022e-03	4.72520	4.13637	4.41310e-05
4.22066e+04	5.04981e-02	7.51339e-03	0.90511	0.56851	4.41310e-05
4.23619e+04	5.05121e-02	7.59177e-03	5.11300	3.83723	4.41310e-05
4.25172e+04	5.04551e-02	3.52167e-03	2.85061	5.94051	4.41310e-05
4.26725e+04	5.04878e-02	5.34503e-04	1.04123	2.26295	4.41310e-05
4.28278e+04	5.03955e-02	5.75875e-03	3.93718	1.20645	4.41310e-05
4.29830e+04	5.03850e-02	9.76008e-03	0.51677	0.28259	4.41310e-05
4.31383e+04	5.03805e-02	7.13514e-03	1.31636	2.08955	4.41310e-05
4.32936e+04	5.03700e-02	1.87502e-03	1.61413	5.08491	4.41310e-05
4.34489e+04	5.03487e-02	6.03960e-03	2.17968	2.67408	4.41310e-05
4.36042e+04	5.02943e-02	9.40095e-03	3.18829	0.62246	4.41310e-05
4.37595e+04	5.02904e-02	5.91157e-03	4.85741	4.91526	4.41310e-05
4.39148e+04	5.02557e-02	2.86061e-03	2.97586	0.70825	4.41310e-05
4.40700e+04	5.02351e-02	1.04609e-02	5.56561	5.51451	4.41310e-05
4.42253e+04	5.02217e-02	1.07473e-02	5.83079	1.07803	4.41310e-05
4.43806e+04	5.01476e-02	7.57080e-03	2.97700	0.61074	4.41310e-05
4.45359e+04	5.01572e-02	8.55779e-03	4.23818	2.81754	4.41310e-05
4.46912e+04	5.01169e-02	1.23769e-02	5.86336	0.13935	4.41310e-05
4.48465e+04	5.00824e-02	6.22354e-03	1.61741	5.20663	4.41310e-05
4.50018e+04	5.00589e-02	1.99010e-03	2.99596	5.60465	4.41310e-05
4.51570e+04	5.00571e-02	8.02217e-03	0.64528	5.10295	4.41310e-05
4.53123e+04	5.00150e-02	6.35096e-03	0.78224	2.61720	4.41310e-05
4.54676e+04	4.99636e-02	1.00923e-02	0.41736	0.64976	4.41310e-05
4.56229e+04	4.99669e-02	1.09051e-02	2.00510	3.69627	4.41310e-05
4.57782e+04	4.99623e-02	7.00404e-03	5.25577	5.59585	4.41310e-05
4.59335e+04	4.99129e-02	3.30237e-03	1.73112	3.66750	4.41310e-05
4.60888e+04	4.98874e-02	5.72801e-03	6.15396	2.09557	4.41310e-05
4.62440e+04	4.98486e-02	1.84398e-03	1.69154	5.90356	4.41310e-05
4.63993e+04	4.98717e-02	1.16898e-02	3.84820	4.39051	4.41310e-05
4.65546e+04	4.98734e-02	8.68734e-03	4.09752	4.54281	4.41310e-05
4.67099e+04	4.97940e-02	1.88261e-02	4.85041	5.70657	4.41310e-05
4.68652e+04	4.98105e-02	1.32068e-02	2.30423	3.43233	4.41310e-05
4.70205e+04	4.97239e-02	6.92657e-03	2.96212	5.72018	4.41310e-05
4.71758e+04	4.97124e-02	1.43310e-02	1.92378	1.96083	4.41310e-05
4.73310e+04	4.96898e-02	5.58480e-03	0.68580	3.12756	4.41310e-05
4.74863e+04	4.96786e-02	6.67565e-03	4.24790	4.76008	4.41310e-05
4.76416e+04	4.96327e-02	1.07357e-02	3.04439	5.00537	4.41310e-05
4.77969e+04	4.96385e-02	1.68830e-02	4.21502	4.01964	4.41310e-05
4.79522e+04	4.96268e-02	1.17183e-02	0.26861	2.33874	4.41310e-05
4.81075e+04	4.96491e-02	1.54210e-02	2.10788	0.65582	4.41310e-05
4.82628e+04	4.95327e-02	4.97637e-03	4.55128	1.80336	4.41310e-05
4.84180e+04	4.95057e-02	1.44355e-02	4.23779	5.32130	4.41310e-05
4.85733e+04	4.95553e-02	9.61591e-03	1.40769	3.00951	4.41310e-05
4.87286e+04	4.95350e-02	1.31742e-02	5.76848	4.46319	4.41310e-05
4.88839e+04	4.94618e-02	1.18172e-02	3.05105	5.29563	4.41310e-05
4.90392e+04	4.94533e-02	6.92571e-03	2.24675	2.36431	4.41310e-05
4.91945e+04	4.94371e-02	1.81701e-02	5.06278	1.83109	4.41310e-05
4.93498e+04	4.94017e-02	1.23830e-02	1.49890	0.47308	4.41310e-05
4.95050e+04	4.93548e-02	1.18249e-02	2.77453	5.33367	4.41310e-05
4.96603e+04	4.93812e-02	1.27740e-02	3.62093	3.57026	4.41310e-05
4.98156e+04	4.93361e-02	1.46660e-02	4.23746	0.65427	4.41310e-05
4.99709e+04	4.93574e-02	1.83685e-02	5.05476	2.22063	4.41310e-05
5.01262e+04	4.93263e-02	1.20686e-02	5.43899	2.53702	4.41310e-05
5.02815e+04	4.92561e-02	1.27833e-02	1.68782	5.27949	4.41310e-05
5.04367e+04	4.92281e-02	1.05451e-02	0.47910	3.49219	4.41310e-05
5.05920e+04	4.92507e-02	1.31919e-02	5.26512	0.36270	4.41310e-05
5.07473e+04	4.92247e-02	1.21975e-02	5.32801	0.19264	4.41310e-05
5.09026e+04	4.91621e-02	1.21858e-02	5.45667	4.33709	4.41310e-05
5.10579e+04	4.91909e-02	1.81706e-02	5.02765	0.38430	4.41310e-05
5.12132e+04	4.91340e-02	7.52102e-03	0.54660	4.35252	4.41310e-05
5.13685e+04	4.91311e-02	1.90915e-02	3.38396	5.10607	4.41310e-05
5.15237e+04	4.91167e-02	1.22759e-02	3.13412	0.86303	4.41310e-05
5.16790e+04	4.91038e-02	1.80414e-02	3.92184	5.88148	4.41310e-05
5.18343e+04	4.90982e-02	6.62642e-03	0.62226	0.46341	4.41310e-05
5.19896e+04	4.90549e-02	8.44891e-03	0.18776	2.49072	4.41310e-05
5.21449e+04	4.90245e-02	1.44610e-02	1.81108	0.27999	4.41310e-05
5.23002e+04	4.90172e-02	9.92804e-03	0.34289	4.80211	4.41310e-05
5.24555e+04	4.90029e-02	9.10218e-03	0.53756	5.53498	4.41310e-05
5.26107e+04	4.89939e-02	7.32859e-03	2.61856	2.07154	4.41310e-05
5.27660e+04	4.89585e-02	2.04878e-02	1.35346	6.18542	4.41310e-05
5.29213e+04	4.89163e-02	6.68555e-03	1.48700	0.02057	4.41310e-05
5.30766e+04	4.89341e-02	2.36678e-02	2.24829	3.71102	4.41310e-05
5.32319e+04	4.89055e-02	1.62198e-02	1.42185	0.56472	4.41310e-05
5.33872e+04	4.89249e-02	1.29666e-02	0.81476	5.06847	4.41310e-05
5.35425e+04	4.89031e-02	2.56487e-03	0.68664	0.16655	4.41310e-05
5.36977e+04	4.88625e-02	1.35622e-02	2.36879	5.23160	4.41310e-05
5.38530e+04	4.87830e-02	1.28175e-02	0.68092	2.46703	4.41310e-05
5.40083e+04	4.87699e-02	7.83190e-03	5.24592	0.86420	4.41310e-05
5.41636e+04	4.87581e-02	2.20539e-02	5.45848	1.47889	4.41310e-05
5.43189e+04	4.87938e-02	1.98447e-02	4.74368	5.86549	4.41310e-05
5.44742e+04	4.87741e-02	1.68465e-02	2.73210	1.22351	4.41310e-05
5.46295e+04	4.87453e-02	1.46004e-02	3.52432	5.24834	4.41310e-05
5.47847e+04	4.87309e-02	2.26349e-02	4.58568	0.50826	4.41310e-05
5.49400e+04	4.86614e-02	1.12848e-02	1.94961	3.02638	4.41310e-05
5.50953e+04	4.87191e-02	9.98414e-03	5.86668	3.49890	4.41310e-05
5.52506e+04	4.86612e-02	2.01785e-02	0.36115	0.81340	4.41310e-05
5.54059e+04	4.86189e-02	2.36880e-02	5.47382	0.82235	4.41310e-05
5.55612e+04	4.85917e-02	1.91015e-02	4.62657	4.29122	4.41310e-05
5.57165e+04	4.85944e-02	1.11941e-02	5.67359	4.38375	4.41310e-05
5.58717e+04	4.85906e-02	1.78597e-02	2.93561	2.06073	4.41310e-05
5.60270e+04	4.85442e-02	3.05210e-03	4.69132	3.33407	4.41310e-05
5.61823e+04	4.85685e-02	2.28809e-02	4.06634	1.37063	4.41310e-05
5.63376e+04	4.85473e-02	2.32308e-02	0.34724	2.50982	4.41310e-05
5.64929e+04	4.85279e-02	2.60172e-02	6.10042	0.02396	4.41310e-05
5.66482e+04	4.84936e-02	4.67217e-03	2.11774	4.43886	4.41310e-05
5.68035e+04	4.84211e-02	2.23492e-02	4.40574	0.52303	4.41310e-05
5.69587e+04	4.84628e-02	1.28080e-02	1.82704	1.81706	4.41310e-05
5.71140e+04	4.84785e-02	3.63323e-02	3.81077	3.27134	4.41310e-05
5.72693e+04	4.84439e-02	2.16873e-02	1.10245	2.49246	4.41310e-05
5.74246e+04	4.83977e-02	5.45773e-03	4.55406	1.43776	4.41310e-05
5.75799e+04	4.84091e-02	3.02944e-02	3.01834	2.70023	4.41310e-05
5.77352e+04	4.83922e-02	2.68508e-02	2.38777	2.48767	4.41310e-05
5.78905e+04	4.84299e-02	3.38547e-02	2.71293	3.27557	4.41310e-05
5.80457e+04	4.84547e-02	2.58803e-02	1.99250	1.22486	4.41310e-05
5.82010e+04	4.83890e-02	3.75728e-02	1.01251	6.24352	4.41310e-05
5.83563e+04	4.83610e-02	4.26535e-02	6.15118	6.12094	4.41310e-05
5.85116e+04	4.83663e-02	3.13248e-02	5.71140	5.37475	4.41310e-05
5.86669e+04	4.83543e-02	1.93191e-02	4.99965	3.07553	4.41310e-05
5.88222e+04	4.83458e-02	4.25045e-02	4.66427	1.46207	4.41310e-05
5.89775e+04	4.83410e-02	3.34973e-02	6.00951	0.47747	4.41310e-05
5.91327e+04	4.83814e-02	3.38885e-02	1.05416	2.63568	4.41310e-05
5.92880e+04	4.83126e-02	2.93583e-02	2.68668	0.26452	4.41310e-05
5.94433e+04	4.83169e-02	3.46548e-02	5.09157	5.39051	4.41310e-05
5.95986e+04	4.82746e-02	2.64057e-02	2.66683	5.13038	4.41310e-05
5.97539e+04	4.82896e-02	2.94894e-02	1.11794	6.08547	4.41310e-05
5.99092e+04	4.82949e-02	3.70713e-02	1.97925	0.36009	4.41310e-05
6.00645e+04	4.82557e-02	2.68719e-02	2.69266	4.49328	4.41310e-05
6.02197e+04	4.82373e-02	4.35682e-02	4.27485	3.93579	4.41310e-05
6.03750e+04	4.82429e-02	3.44782e-02	0.79096	3.96653	4.41310e-05
6.05303e+04	4.82260e-02	3.13073e-02	5.04063	5.35256	4.41310e-05
6.06856e+04	4.81875e-02	3.12540e-02	4.53758	1.05299	4.41310e-05
6.08409e+04	4.82306e-02	3.40608e-02	5.70770	3.27647	4.41310e-05
6.09962e+04	4.82403e-02	3.73544e-02	1.81679	5.79388	4.41310e-05
6.11515e+04	4.81931e-02	3.98571e-02	0.31779	2.46442	4.41310e-05
6.13067e+04	4.81782e-02	3.69376e-02	6.22849	5.95445	4.41310e-05
6.14620e+04	4.81393e-02	3.74234e-02	1.44712	4.10973	4.41310e-05
6.16173e+04	4.81610e-02	3.32192e-02	4.57541	2.28301	4.41310e-05
6.17726e+04	4.81775e-02	3.31035e-02	2.24682	1.87061	4.41310e-05
6.19279e+04	4.81832e-02	3.96905e-02	2.06123	1.78344	4.41310e-05
6.20832e+04	4.81224e-02	3.78370e-02	4.52191	0.48899	4.41310e-05
6.22385e+04	4.81628e-02	3.54032e-02	2.14065	5.95966	4.41310e-05
6.23937e+04	4.81171e-02	3.63742e-02	1.16973	5.97095	4.41310e-05
6.25490e+04	4.81243e-02	3.57573e-02	2.19895	6.13113	4.41310e-05
6.27043e+04	4.81264e-02	3.31392e-02	4.66640	1.17453	4.41310e-05
6.28596e+04	4.80808e-02	3.99871e-02	3.67889	2.21611	4.41310e-05
6.30149e+04	4.80460e-02	3.24102e-02	5.73490	3.76961	4.41310e-05
6.31702e+04	4.81061e-02	3.93356e-02	4.92289	5.33853	4.41310e-05
6.33255e+04	4.80429e-02	4.05876e-02	4.69610	0.64303	4.41310e-05
6.34807e+04	4.80671e-02	3.50049e-02	5.93009	3.22090	4.41310e-05
6.36360e+04	4.80779e-02	3.63446e-02	5.96380	5.97333	4.41310e-05
6.37913e+04	4.80458e-02	4.00263e-02	5.24960	4.51586	4.41310e-05
6.39466e+04	4.80220e-02	3.46012e-02	2.28545	3.33640	4.41310e-05
6.41019e+04	4.80671e-02	3.90618e-02	2.91662	2.15410	4.41310e-05
6.42572e+04	4.79970e-02	3.83352e-02	3.86010	2.38692	4.41310e-05
6.44124e+04	4.79952e-02	3.35568e-02	2.63828	2.57862	4.41310e-05
6.45677e+04	4.80233e-02	4.18332e-02	2.01456	2.98113	4.41310e-05
6.47230e+04	4.79870e-02	3.96064e-02	6.22240	3.91300	4.41310e-05
6.48783e+04	4.79813e-02	3.78880e-02	5.55013	4.33499	4.41310e-05
6.50336e+04	4.80061e-02	4.53214e-02	5.45740	0.45185	4.41310e-05
6.51889e+04	4.79569e-02	3.82251e-02	3.94261	2.91804	4.41310e-05
6.53442e+04	4.79762e-02	3.43895e-02	5.03053	4.66750	4.41310e-05
6.54994e+04	4.79397e-02	4.53497e-02	5.08014	0.92840	4.41310e-05
6.56547e+04	4.79575e-02	3.19155e-02	4.14655	3.39365	4.41310e-05
6.58100e+04	4.79961e-02	4.89733e-02	2.40937	5.67426	4.41310e-05
6.59653e+04	4.79284e-02	3.65782e-02	4.28202	3.04431	4.41310e-05
6.61206e+04	4.79294e-02	3.84163e-02	0.15438	0.43612	4.41310e-05
6.62759e+04	4.79533e-02	4.66075e-02	1.64278	4.62616	4.41310e-05
6.64312e+04	4.79076e-02	4.51384e-02	1.47984	2.94524	4.41310e-05
6.65864e+04	4.79612e-02	3.46134e-02	0.18350	1.31135	4.41310e-05
6.67417e+04	4.79087e-02	4.22290e-02	5.81459	5.39230	4.41310e-05
6.68970e+04	4.79156e-02	5.23038e-02	2.75205	4.33968	4.41310e-05
6.70523e+04	4.79147e-02	4.88604e-02	4.84080	3.59586	4.41310e-05
6.72076e+04	4.79121e-02	4.27646e-02	1.31234	2.72823	4.41310e-05
6.73629e+04	4.79293e-02	3.25182e-02	2.13663	1.55428	4.41310e-05
6.75182e+04	4.79140e-02	3.53680e-02	3.07495	1.02480	4.41310e-05
6.76734e+04	4.79223e-02	4.36493e-02	4.68997	1.16243	4.41310e-05
6.78287e+04	4.78861e-02	4.00296e-02	5.27664	1.42528	4.41310e-05
6.79840e+04	4.78577e-02	4.25213e-02	5.71109	1.95409	4.41310e-05
6.81393e+04	4.78378e-02	4.22529e-02	4.71602	2.92787	4.41310e-05
6.82946e+04	4.78330e-02	4.53559e-02	4.99173	3.67036	4.41310e-05
6.84499e+04	4.79077e-02	4.99417e-02	0.47660	5.12652	4.41310e-05
6.86052e+04	4.78927e-02	4.70423e-02	0.31087	0.47499	4.41310e-05
6.87604e+04	4.78085e-02	4.74153e-02	3.85300	1.47991	4.41310e-05
6.89157e+04	4.78584e-02	4.91784e-02	5.44204	2.44879	4.41310e-05
6.90710e+04	4.78928e-02	4.21342e-02	3.24992	4.25874	4.41310e-05
6.92263e+04	4.77803e-02	4.27423e-02	3.53309	6.15215	4.41310e-05
6.93816e+04	4.78400e-02	5.19336e-02	3.51467	1.73888	4.41310e-05
6.95369e+04	4.77617e-02	4.29141e-02	2.79059	2.80623	4.41310e-05
6.96922e+04	4.78178e-02	3.87384e-02	5.66218	3.73445	4.41310e-05
6.98474e+04	4.78202e-02	3.23719e-02	0.78408	5.69696	4.41310e-05
7.00027e+04	4.77647e-02	4.99297e-02	3.69433	0.96117	4.41310e-05
7.01580e+04	4.77326e-02	5.58376e-02	3.18561	2.82654	4.41310e-05
7.03133e+04	4.78086e-02	4.06890e-02	2.91163	5.10401	4.41310e-05
7.04686e+04	4.77862e-02	4.35358e-02	1.99647	1.08667	4.41310e-05
7.06239e+04	4.77829e-02	5.06617e-02	2.26477	2.60971	4.41310e-05
7.07792e+04	4.77674e-02	4.62239e-02	1.28325	3.75370	4.41310e-05
7.09344e+04	4.77677e-02	4.56085e-02	6.25989	4.90956	4.41310e-05
7.10897e+04	4.77366e-02	3.74224e-02	3.96571	0.17764	4.41310e-05
7.12450e+04	4.77436e-02	4.73719e-02	0.96684	2.44926	4.41310e-05
7.14003e+04	4.77513e-02	4.90358e-02	4.56974	4.16104	4.41310e-05
7.15556e+04	4.77773e-02	3.97392e-02	5.05241	1.63365	4.41310e-05
7.17109e+04	4.77636e-02	4.47598e-02	0.11819	4.68966	4.41310e-05
7.18662e+04	4.77248e-02	3.50126e-02	0.15988	2.40476	4.41310e-05
7.20214e+04	4.77429e-02	5.05619e-02	2.02770	5.86001	4.41310e-05
7.21767e+04	4.76843e-02	4.88214e-02	2.33652	4.16568	4.41310e-05
7.23320e+04	4.77123e-02	4.98199e-02	4.20972	0.81278	4.41310e-05
7.24873e+04	4.76878e-02	6.52993e-02	2.54265	4.83941	4.41310e-05
7.26426e+04	4.77405e-02	2.23456e-02	1.01167	2.31086	4.41310e-05
7.27979e+04	4.76798e-02	5.35426e-02	6.06597	0.27713	4.41310e-05
7.29532e+04	4.76844e-02	4.85120e-02	1.38158	5.16366	4.41310e-05
7.31084e+04	4.76978e-02	4.88469e-02	2.04029	2.77637	4.41310e-05
7.32637e+04	4.76252e-02	6.73919e-02	4.06615	0.97481	4.41310e-05
7.34190e+04	4.76652e-02	4.22054e-02	1.11895	5.55479	4.41310e-05
7.35743e+04	4.76370e-02	3.58758e-02	4.00579	4.67460	4.41310e-05
7.37296e+04	4.76047e-02	5.21800e-02	3.67579	2.13853	4.41310e-05
7.38849e+04	4.76562e-02	6.18319e-02	0.38639	0.33821	4.41310e-05
7.40402e+04	4.76150e-02	4.15068e-02	5.88034	4.86007	4.41310e-05
7.41954e+04	4.75485e-02	3.24519e-02	1.28748	2.70734	4.41310e-05
7.43507e+04	4.76608e-02	5.56735e-02	4.04755	1.64591	4.41310e-05
7.45060e+04	4.75425e-02	4.96742e-02	3.92114	6.05637	4.41310e-05
7.46613e+04	4.75257e-02	4.74293e-02	4.08305	4.33749	4.41310e-05
7.48166e+04	4.75381e-02	4.55010e-02	2.32728	3.13140	4.41310e-05
7.49719e+04	4.75822e-02	5.73207e-02	2.06166	1.97083	4.41310e-05
7.51272e+04	4.76218e-02	3.56827e-02	1.11606	6.10100	4.41310e-05
7.52824e+04	4.76165e-02	5.42273e-02	0.19792	3.90477	4.41310e-05
7.54377e+04	4.74642e-02	4.56396e-02	0.68808	3.06187	4.41310e-05
7.55930e+04	4.75193e-02	4.32558e-02	1.61687	1.16448	4.41310e-05
7.57483e+04	4.75208e-02	4.80886e-02	5.55766	5.17246	4.41310e-05
7.59036e+04	4.75352e-02	4.91428e-02	5.26015	1.94403	4.41310e-05
7.60589e+04	4.74842e-02	3.74045e-02	1.45591	0.80541	4.41310e-05
7.62142e+04	4.74977e-02	4.53142e-02	4.32630	3.88003	4.41310e-05
7.63694e+04	4.75708e-02	5.46926e-02	1.63208	1.63587	4.41310e-05
7.65247e+04	4.75131e-02	6.37722e-02	5.92969	1.31769	4.41310e-05
7.66800e+04	4.74697e-02	5.42752e-02	5.83540	0.06633	4.41310e-05
7.68353e+04	4.75308e-02	6.53842e-02	1.37969	5.12162	4.41310e-05
7.69906e+04	4.75270e-02	8.20897e-02	2.16370	4.74567	4.41310e-05
7.71459e+04	4.75081e-02	5.70105e-02	5.13925	4.31758	4.41310e-05
7.73012e+04	4.74121e-02	3.03673e-02	5.28682	0.84532	4.41310e-05
7.74564e+04	4.74467e-02	7.01514e-02	2.12074	6.24289	4.41310e-05
7.76117e+04	4.74327e-02	4.84570e-02	1.23752	5.02336	4.41310e-05
7.77670e+04	4.74710e-02	6.30069e-02	5.03684	3.72591	4.41310e-05
7.79223e+04	4.73882e-02	5.74007e-02	4.88213	2.69798	4.41310e-05
7.80776e+04	4.74447e-02	3.80943e-02	1.71688	0.75888	4.41310e-05
7.82329e+04	4.74318e-02	6.84184e-02	4.12802	3.43638	4.41310e-05
7.83882e+04	4.73314e-02	2.86006e-02	3.64731	5.72854	4.41310e-05
7.85434e+04	4.73970e-02	4.39660e-02	5.56074	2.81420	4.41310e-05
7.86987e+04	4.73812e-02	4.14914e-02	5.59183	5.31785	4.41310e-05
7.88540e+04	4.74085e-02	4.60658e-02	2.05877	1.94742	4.41310e-05
7.90093e+04	4.73532e-02	6.67293e-02	1.89379	3.90814	4.41310e-05
7.91646e+04	4.73392e-02	5.71168e-02	4.50296	5.94148	4.41310e-05
7.93199e+04	4.73525e-02	4.82508e-02	4.35863	2.08033	4.41310e-05
7.94751e+04	4.72993e-02	4.96678e-02	0.61609	3.96151	4.41310e-05
7.96304e+04	4.73347e-02	4.07293e-02	6.27572	5.67513	4.41310e-05
7.97857e+04	4.72934e-02	2.95202e-02	1.12536	1.85420	4.41310e-05
7.99410e+04	4.72895e-02	3.94056e-02	1.47998	3.49254	4.41310e-05
8.00963e+04	4.72463e-02	4.55162e-02	4.07541	4.85855	4.41310e-05
8.02516e+04	4.72831e-02	4.59697e-02	1.70770	5.71517	4.41310e-05
8.04069e+04	4.72232e-02	4.08993e-02	3.56356	0.47991	4.41310e-05
8.05621e+04	4.72215e-02	3.60800e-02	4.28102	0.89513	4.41310e-05
8.07174e+04	4.72874e-02	3.11484e-02	1.85888	1.49694	4.41310e-05
8.08727e+04	4.72149e-02	2.87378e-02	2.82061	1.55178	4.41310e-05
8.10280e+04	4.71968e-02	3.22305e-02	0.47762	1.94086	4.41310e-05
8.11833e+04	4.71835e-02	3.34432e-02	2.00438	2.24946	4.41310e-05
8.13386e+04	4.72121e-02	3.43762e-02	2.03973	3.07202	4.41310e-05
8.14939e+04	4.71482e-02	4.12505e-02	3.91448	4.15591	4.41310e-05
8.16491e+04	4.72002e-02	4.76961e-02	0.84705	4.73311	4.41310e-05
8.18044e+04	4.71438e-02	4.46286e-02	2.09167	5.05097	4.41310e-05
8.19597e+04	4.71615e-02	4.97363e-02	4.60104	5.52008	4.41310e-05
8.21150e+04	4.71233e-02	5.33360e-02	2.54270	0.09943	4.41310e-05
8.22703e+04	4.70883e-02	4.53035e-02	4.31792	5.55112	4.41310e-05
8.24256e+04	4.70786e-02	3.02777e-02	1.89090	5.41315	4.41310e-05
8.25809e+04	4.70905e-02	3.87343e-02	1.69236	0.04329	4.41310e-05
8.27361e+04	4.70574e-02	5.22121e-02	5.01459	1.57587	4.41310e-05
8.28914e+04	4.70550e-02	3.96677e-02	5.90511	0.91884	4.41310e-05
8.30467e+04	4.70435e-02	3.37199e-02	3.83914	5.80063	4.41310e-05
8.32020e+04	4.70964e-02	4.79140e-02	4.95327	4.80172	4.41310e-05
8.33573e+04	4.70042e-02	2.88387e-02	1.26723	5.29333	4.41310e-05
8.35126e+04	4.70724e-02	4.45888e-02	2.59799	2.41178	4.41310e-05
8.36679e+04	4.70556e-02	4.34353e-02	3.18404	2.32878	4.41310e-05
8.38231e+04	4.70581e-02	6.08505e-02	1.86450	0.58058	4.41310e-05
8.39784e+04	4.70039e-02	5.17902e-02	3.18409	0.94944	4.41310e-05
8.41337e+04	4.69935e-02	4.05642e-02	2.45618	6.27987	4.41310e-05
8.42890e+04	4.70165e-02	3.81734e-02	4.48122	5.12409	4.41310e-05
8.44443e+04	4.69886e-02	4.23232e-02	3.07842	5.08825	4.41310e-05
8.45996e+04	4.69499e-02	3.25903e-02	4.81327	4.92882	4.41310e-05
8.47549e+04	4.69568e-02	4.94947e-02	4.08544	3.48044	4.41310e-05
8.49101e+04	4.70061e-02	6.04538e-02	5.73811	2.82443	4.41310e-05
8.50654e+04	4.69459e-02	3.74421e-02	4.57911	1.50001	4.41310e-05
8.52207e+04	4.69050e-02	3.45244e-02	0.61576	6.10147	4.41310e-05
8.53760e+04	4.69027e-02	4.14084e-02	0.10414	3.52988	4.41310e-05
8.55313e+04	4.69220e-02	4.07879e-02	1.06076	2.87971	4.41310e-05
8.56866e+04	4.69210e-02	4.27651e-02	5.64832	1.39429	4.41310e-05
8.58419e+04	4.69411e-02	5.16703e-02	5.74470	1.15272	4.41310e-05
8.59971e+04	4.69175e-02	4.25849e-02	3.28575	6.07645	4.41310e-05
8.61524e+04	4.68511e-02	4.10410e-02	3.38456	4.99676	4.41310e-05
8.63077e+04	4.68670e-02	3.45567e-02	0.74645	3.19935	4.41310e-05
8.64630e+04	4.68634e-02	5.49719e-02	0.72554	1.43862	4.41310e-05
8.66183e+04	4.68416e-02	3.20829e-02	3.79260	5.57692	4.41310e-05
8.67736e+04	4.68489e-02	3.80818e-02	3.56711	3.23701	4.41310e-05
8.69289e+04	4.68339e-02	4.80417e-02	0.04849	0.78995	4.41310e-05
8.70841e+04	4.68360e-02	3.67414e-02	4.76223	5.75174	4.41310e-05
8.72394e+04	4.68496e-02	5.21938e-02	0.91022	2.57797	4.41310e-05
8.73947e+04	4.68485e-02	4.17599e-02	5.24202	0.47239	4.41310e-05
8.75500e+04	4.67657e-02	3.53176e-02	0.72870	3.98015	4.41310e-05
8.77053e+04	4.67404e-02	4.91619e-02	5.02146	1.05961	4.41310e-05
8.78606e+04	4.67667e-02	3.47147e-02	5.64061	4.85247	4.41310e-05
8.80159e+04	4.67609e-02	5.00901e-02	3.09528	2.17758	4.41310e-05
8.81711e+04	4.67448e-02	3.12826e-02	3.64222	5.35946	4.41310e-05
8.83264e+04	4.67489e-02	4.57961e-02	0.72362	2.64015	4.41310e-05
8.84817e+04	4.67441e-02	4.24251e-02	0.33702	5.65961	4.41310e-05
8.86370e+04	4.67114e-02	4.24848e-02	2.31344	2.50632	4.41310e-05
8.87923e+04	4.67383e-02	3.35158e-02	1.99210	5.86658	4.41310e-05
8.89476e+04	4.66759e-02	5.10146e-02	1.04605	1.69234	4.41310e-05
8.91029e+04	4.66806e-02	3.38210e-02	2.60660	4.14602	4.41310e-05
8.92581e+04	4.66471e-02	3.81443e-02	0.18123	0.76127	4.41310e-05
8.94134e+04	4.66740e-02	4.77537e-02	1.53761	2.78565	4.41310e-05
8.95687e+04	4.66430e-02	3.22690e-02	4.83130	5.05262	4.41310e-05
8.97240e+04	4.66731e-02	4.22334e-02	4.28385	1.53495	4.41310e-05
8.98793e+04	4.66854e-02	4.67453e-02	0.56881	3.47779	4.41310e-05
9.00346e+04	4.66395e-02	3.34943e-02	5.90093	5.43215	4.41310e-05
9.01899e+04	4.66205e-02	4.07341e-02	0.30646	1.91166	4.41310e-05
9.03451e+04	4.66179e-02	4.19851e-02	4.51235	3.92967	4.41310e-05
9.05004e+04	4.66146e-02	3.91923e-02	5.54700	5.53044	4.41310e-05
9.06557e+04	4.66315e-02	4.08358e-02	2.19467	1.60914	4.41310e-05
9.08110e+04	4.65664e-02	3.81939e-02	1.68569	4.01576	4.41310e-05
9.09663e+04	4.66014e-02	4.04700e-02	3.96354	6.07688	4.41310e-05
9.11216e+04	4.65940e-02	4.04316e-02	2.26878	2.70731	4.41310e-05
9.12769e+04	4.65342e-02	4.24705e-02	3.74826	4.57219	4.41310e-05
9.14321e+04	4.65883e-02	4.19022e-02	0.79840	1.52334	4.41310e-05
9.15874e+04	4.65763e-02	4.45445e-02	0.78406	4.39854	4.41310e-05
9.17427e+04	4.65053e-02	3.90548e-02	3.52748	1.40044	4.41310e-05
9.18980e+04	4.65415e-02	4.46145e-02	2.82218	3.94090	4.41310e-05
9.20533e+04	4.65165e-02	4.00028e-02	5.41529	5.81794	4.41310e-05
9.22086e+04	4.64859e-02	4.16416e-02	3.24199	2.35634	4.41310e-05
9.23639e+04	4.65049e-02	3.99921e-02	4.29553	4.45793	4.41310e-05
9.25191e+04	4.64671e-02	4.41623e-02	1.95783	0.01854	4.41310e-05
9.26744e+04	4.64599e-02	3.81412e-02	1.36543	2.54551	4.41310e-05
9.28297e+04	4.64896e-02	4.02358e-02	4.05854	4.99618	4.41310e-05
9.29850e+04	4.64629e-02	4.21507e-02	3.57523	0.83088	4.41310e-05
9.31403e+04	4.63960e-02	3.90014e-02	5.25119	3.13435	4.41310e-05
9.32956e+04	4.64357e-02	4.07578e-02	3.10926	6.21423	4.41310e-05
9.34508e+04	4.63720e-02	4.21226e-02	3.97829	2.11692	4.41310e-05
9.36061e+04	4.64054e-02	3.74393e-02	0.85318	4.22160	4.41310e-05
9.37614e+04	4.64568e-02	4.27384e-02	0.04376	0.74646	4.41310e-05
9.39167e+04	4.64294e-02	4.05190e-02	2.57314	3.03106	4.41310e-05
9.40720e+04	4.63660e-02	4.18206e-02	0.70038	5.68371	4.41310e-05
9.42273e+04	4.64292e-02	4.26713e-02	2.04651	1.74075	4.41310e-05
9.43826e+04	4.63537e-02	3.98252e-02	5.72508	4.34727	4.41310e-05
9.45378e+04	4.63781e-02	4.38890e-02	5.97614	0.24919	4.41310e-05
9.46931e+04	4.63952e-02	4.07832e-02	2.86661	2.50625	4.41310e-05
9.48484e+04	4.63309e-02	4.20107e-02	1.78319	5.07926	4.41310e-05
9.50037e+04	4.63339e-02	4.36409e-02	4.52486	0.79917	4.41310e-05
9.51590e+04	4.62337e-02	3.74805e-02	3.29416	2.48737	4.41310e-05
9.53143e+04	4.62987e-02	3.35560e-02	5.14472	3.85221	4.41310e-05
9.54696e+04	4.62895e-02	3.49479e-02	3.97992	4.57061	4.41310e-05
9.56248e+04	4.63030e-02	4.41375e-02	5.82435	5.64797	4.41310e-05
9.57801e+04	4.62871e-02	4.25661e-02	3.21033	0.88104	4.41310e-05
9.59354e+04	4.62528e-02	3.36897e-02	3.13770	2.67312	4.41310e-05
9.60907e+04	4.62872e-02	4.07449e-02	6.06530	4.17475	4.41310e-05
9.62460e+04	4.61845e-02	5.37976e-02	1.29768	5.08188	4.41310e-05
9.64013e+04	4.62144e-02	5.90800e-02	6.26726	4.41027	4.41310e-05
9.65566e+04	4.61832e-02	4.98286e-02	2.97264	0.20316	4.41310e-05
9.67118e+04	4.63643e-02	3.59836e-02	1.60817	5.82204	4.41310e-05
9.68671e+04	4.61420e-02	6.29165e-02	1.40405	5.66664	4.41310e-05
9.70224e+04	4.62524e-02	2.77844e-02	6.00513	1.09712	4.41310e-05
9.71777e+04	4.61808e-02	2.50748e-02	5.21052	0.13886	4.41310e-05
9.73330e+04	4.62791e-02	6.80648e-02	0.17051	0.66641	4.41310e-05
9.74883e+04	4.62088e-02	1.52852e-02	0.92882	4.23591	4.41310e-05
9.76436e+04	4.60876e-02	4.20868e-02	0.91347	5.95372	4.41310e-05
9.77988e+04	4.62445e-02	1.31503e-02	0.31402	4.36863	4.41310e-05
9.79541e+04	4.60389e-02	2.37147e-02	3.92397	3.41644	4.41310e-05
9.81094e+04	4.62484e-02	1.17084e-02	1.29899	5.32886	4.41310e-05
9.82647e+04	4.60672e-02	3.35435e-02	1.07117	1.97536	4.41310e-05
9.84200e+04	4.60473e-02	3.85502e-02	2.85951	4.11159	4.41310e-05
9.85753e+04	4.61515e-02	5.57179e-02	6.19567	4.76034	4.41310e-05
9.87306e+04	4.62213e-02	1.70901e-02	0.13170	0.46430	4.41310e-05
9.88858e+04	4.61481e-02	2.49342e-02	3.05121	1.11041	4.41310e-05
9.90411e+04	4.61294e-02	3.14980e-02	6.08251	3.15899	4.41310e-05
9.91964e+04	4.61497e-02	3.95658e-02	3.29850	4.27295	4.41310e-05
9.93517e+04	4.61086e-02	7.92307e-02	1.79151	4.01570	4.41310e-05
9.95070e+04	4.59720e-02	3.96482e-02	4.24152	4.09022	4.41310e-05
9.96623e+04	4.62312e-02	5.92589e-02	1.53045	3.00814	4.41310e-05
9.98176e+04	4.60609e-02	2.03654e-02	4.30476	1.52022	4.41310e-05
9.99728e+04	4.61286e-02	4.14936e-02	3.01968	3.54479	4.41310e-05
1.00128e+05	4.59832e-02	3.88460e-02	2.68661	4.15550	4.41310e-05
1.00283e+05	4.61313e-02	4.22174e-02	2.19225	4.69670	4.41310e-05
1.00439e+05	4.60801e-02	5.21697e-02	3.71012	5.36388	4.41310e-05
1.00594e+05	4.61757e-02	2.46872e-02	4.80672	4.39353	4.41310e-05
1.00749e+05	4.61178e-02	2.00081e-02	0.71210	4.04556	4.41310e-05
1.00905e+05	4.60401e-02	2.18601e-02	4.44866	5.11962	4.41310e-05
1.01060e+05	4.60579e-02	2.99287e-02	1.03071	5.54036	4.41310e-05
1.01215e+05	4.60522e-02	6.86675e-02	3.26369	5.26746	4.41310e-05
1.01370e+05	4.59681e-02	4.04571e-02	2.70302	1.68328	4.41310e-05
1.01526e+05	4.60828e-02	4.11796e-02	5.63444	2.46972	4.41310e-05
1.01681e+05	4.59238e-02	3.66589e-02	0.29948	1.64641	4.41310e-05
1.01836e+05	4.58948e-02	5.05741e-02	4.43604	2.94703	4.41310e-05
1.01992e+05	4.61095e-02	7.23490e-03	5.29214	0.95443	4.41310e-05
1.02147e+05	4.59740e-02	4.50655e-02	2.23267	1.80669	4.41310e-05
1.02302e+05	4.59007e-02	5.47476e-02	1.59121	0.82924	4.41310e-05
1.02457e+05	4.60518e-02	5.94296e-02	5.72523	0.75103	4.41310e-05
1.02613e+05	4.58924e-02	6.80831e-02	3.79653	2.63220	4.41310e-05
1.02768e+05	4.59195e-02	7.19177e-02	4.95555	4.24274	4.41310e-05
1.02923e+05	4.59534e-02	1.99997e-02	5.66554	1.70981	4.41310e-05
1.03079e+05	4.59752e-02	3.52049e-02	1.37603	5.07473	4.41310e-05
1.03234e+05	4.60135e-02	4.32735e-02	4.08925	4.20734	4.41310e-05
1.03389e+05	4.58737e-02	7.28852e-02	5.21156	4.99694	4.41310e-05
1.03544e+05	4.58834e-02	3.80941e-02	0.48545	1.24976	4.41310e-05
1.03700e+05	4.59046e-02	6.33059e-02	3.49939	3.97074	4.41310e-05
1.03855e+05	4.60129e-02	2.19147e-02	1.32961	4.18772	4.41310e-05
1.04010e+05	4.58868e-02	6.27783e-02	0.68692	3.90777	4.41310e-05
1.04166e+05	4.58642e-02	6.39240e-02	4.37771	4.59923	4.41310e-05
1.04321e+05	4.59352e-02	6.10621e-02	2.48862	0.53987	4.41310e-05
1.04476e+05	4.59314e-02	8.07899e-02	4.92857	0.51084	4.41310e-05
1.04631e+05	4.59253e-02	2.62258e-02	3.33420	0.81173	4.41310e-05
1.04787e+05	4.58817e-02	4.83428e-02	0.16833	3.26516	4.41310e-05
1.04942e+05	4.58857e-02	4.19984e-02	1.38794	2.87520	4.41310e-05
1.05097e+05	4.59202e-02	5.88603e-02	5.56484	5.49275	4.41310e-05
1.05253e+05	4.58890e-02	6.83933e-02	3.24914	0.63973	4.41310e-05
1.05408e+05	4.58674e-02	6.45205e-02	3.14067	1.45941	4.41310e-05
1.05563e+05	4.58368e-02	3.53059e-02	3.00810	2.33490	4.41310e-05
1.05718e+05	4.58073e-02	4.44350e-02	1.65758	0.03448	4.41310e-05
1.05874e+05	4.57779e-02	3.09901e-02	4.54692	4.99953	4.41310e-05
1.06029e+05	4.59101e-02	3.47944e-02	1.46300	2.42335	4.41310e-05
1.06184e+05	4.59464e-02	5.03558e-02	0.92285	2.62808	4.41310e-05
1.06340e+05	4.58400e-02	5.67954e-02	1.26670	1.18803	4.41310e-05
1.06495e+05	4.58963e-02	5.11223e-02	4.80265	6.17648	4.41310e-05
1.06650e+05	4.58176e-02	4.29367e-02	1.83944	0.75608	4.41310e-05
1.06805e+05	4.58335e-02	4.06388e-02	3.17348	0.16336	4.41310e-05
1.06961e+05	4.58122e-02	2.28756e-02	2.53837	2.56265	4.41310e-05
1.07116e+05	4.57986e-02	5.72031e-02	1.63406	1.59911	4.41310e-05
1.07271e+05	4.58309e-02	1.08398e-02	1.70696	1.04382	4.41310e-05
1.07427e+05	4.58058e-02	4.22085e-02	4.20098	4.25054	4.41310e-05
1.07582e+05	4.58618e-02	2.86084e-02	0.28383	1.63760	4.41310e-05
1.07737e+05	4.57388e-02	3.17854e-02	0.04929	1.60040	4.41310e-05
1.07892e+05	4.57176e-02	4.55745e-02	4.97863	2.10115	4.41310e-05
1.08048e+05	4.58527e-02	3.93210e-02	3.15724	2.53451	4.41310e-05
1.08203e+05	4.57547e-02	2.10566e-02	5.39822	3.51185	4.41310e-05
1.08358e+05	4.58116e-02	3.28816e-02	5.41721	5.19915	4.41310e-05
1.08514e+05	4.58305e-02	6.23929e-02	5.82949	1.01320	4.41310e-05
1.08669e+05	4.56814e-02	2.96475e-02	4.43627	2.67059	4.41310e-05
1.08824e+05	4.57080e-02	3.97364e-02	2.88121	3.88357	4.41310e-05
1.08979e+05	4.57369e-02	3.08401e-02	5.12788	2.70692	4.41310e-05
1.09135e+05	4.57480e-02	4.41632e-02	4.55193	1.97221	4.41310e-05
1.09290e+05	4.56723e-02	4.00948e-02	3.05514	1.79203	4.41310e-05
1.09445e+05	4.57441e-02	2.25583e-02	5.19248	4.92078	4.41310e-05
1.09601e+05	4.57150e-02	3.77617e-02	1.40117	0.42912	4.41310e-05
1.09756e+05	4.56455e-02	4.25550e-02	2.04519	3.21794	4.41310e-05
1.09911e+05	4.56667e-02	3.11761e-02	2.56008	1.19253	4.41310e-05
1.10066e+05	4.57271e-02	3.52842e-02	2.45225	5.05268	4.41310e-05
1.10222e+05	4.56734e-02	5.21854e-02	0.40146	3.80480	4.41310e-05
1.10377e+05	4.56464e-02	3.62932e-02	4.03486	2.67635	4.41310e-05
1.10532e+05	4.57377e-02	3.06487e-02	0.86873	1.52348	4.41310e-05
1.10688e+05	4.56959e-02	3.64331e-02	3.37265	0.23769	4.41310e-05
1.10843e+05	4.56804e-02	5.09244e-02	4.73101	0.03145	4.41310e-05
1.10998e+05	4.56957e-02	4.74449e-02	4.54107	0.26085	4.41310e-05
1.11153e+05	4.55882e-02	3.03470e-02	3.80167	0.29940	4.41310e-05
1.11309e+05	4.56209e-02	2.34894e-02	2.95962	0.27621	4.41310e-05
1.11464e+05	4.56281e-02	2.35648e-02	1.58522	0.27464	4.41310e-05
1.11619e+05	4.56703e-02	3.78282e-02	5.86532	0.11916	4.41310e-05
1.11775e+05	4.55892e-02	5.15227e-02	2.59067	0.84071	4.41310e-05
1.11930e+05	4.56789e-02	5.01875e-02	4.51969	2.03939	4.41310e-05
1.12085e+05	4.56887e-02	4.67349e-02	5.50819	3.68648	4.41310e-05
1.12240e+05	4.56330e-02	5.20366e-02	5.92356	5.28597	4.41310e-05
1.12396e+05	4.55848e-02	4.38917e-02	6.25468	0.53362	4.41310e-05
1.12551e+05	4.56306e-02	3.93549e-02	5.54998	2.59064	4.41310e-05
1.12706e+05	4.55772e-02	5.07279e-02	4.28253	4.45991	4.41310e-05
1.12862e+05	4.56334e-02	4.77846e-02	2.26115	0.33191	4.41310e-05
1.13017e+05	4.55885e-02	4.63689e-02	5.75838	2.88698	4.41310e-05
1.13172e+05	4.55251e-02	5.25254e-02	2.90652	4.88804	4.41310e-05
1.13327e+05	4.55578e-02	4.68331e-02	5.57394	0.62362	4.41310e-05
1.13483e+05	4.55406e-02	5.09376e-02	1.41501	2.96143	4.41310e-05
1.13638e+05	4.56019e-02	4.94276e-02	2.80918	5.30010	4.41310e-05
1.13793e+05	4.55621e-02	4.62671e-02	3.32246	1.70355	4.41310e-05
1.13949e+05	4.55043e-02	4.32018e-02	3.69994	4.26267	4.41310e-05
1.14104e+05	4.55644e-02	2.71729e-02	2.53349	1.75336	4.41310e-05
1.14259e+05	4.55590e-02	2.88307e-02	0.99975	5.33600	4.41310e-05
1.14414e+05	4.55199e-02	4.30631e-02	5.23348	2.72401	4.41310e-05
1.14570e+05	4.54864e-02	4.51226e-02	3.27216	6.09825	4.41310e-05
1.14725e+05	4.55330e-02	4.91567e-02	0.73665	3.40021	4.41310e-05
1.14880e+05	4.55002e-02	3.51057e-02	3.46896	0.96399	4.41310e-05
1.15036e+05	4.55010e-02	2.99351e-02	5.52135	5.37296	4.41310e-05
1.15191e+05	4.55135e-02	4.25899e-02	0.36280	3.97743	4.41310e-05
1.15346e+05	4.54952e-02	4.71991e-02	1.82205	2.04125	4.41310e-05
1.15501e+05	4.55001e-02	3.90054e-02	2.74876	0.16642	4.41310e-05
1.15657e+05	4.55069e-02	3.39921e-02	2.25116	5.57690	4.41310e-05
1.15812e+05	4.54914e-02	5.15420e-02	1.66813	4.61069	4.41310e-05
1.15967e+05	4.54605e-02	4.30840e-02	0.98728	3.20049	4.41310e-05
1.16123e+05	4.54495e-02	2.76476e-02	5.86012	2.05173	4.41310e-05
1.16278e+05	4.54643e-02	3.93208e-02	3.28356	1.79699	4.41310e-05
1.16433e+05	4.54498e-02	5.29424e-02	1.27216	0.73466	4.41310e-05
1.16588e+05	4.54694e-02	3.52639e-02	4.28647	0.59491	4.41310e-05
1.16744e+05	4.54576e-02	4.71812e-02	0.47975	0.47380	4.41310e-05
1.16899e+05	4.54288e-02	4.01976e-02	3.36243	6.16469	4.41310e-05
1.17054e+05	4.54595e-02	3.13042e-02	4.75186	0.24353	4.41310e-05
1.17210e+05	4.54314e-02	4.62884e-02	0.15603	0.01448	4.41310e-05
1.17365e+05	4.54444e-02	3.12077e-02	1.14313	0.08955	4.41310e-05
1.17520e+05	4.54354e-02	4.53200e-02	1.25043	0.65735	4.41310e-05
1.17675e+05	4.54170e-02	3.94832e-02	1.69945	0.56643	4.41310e-05
1.17831e+05	4.54319e-02	4.27632e-02	0.64448	1.61849	4.41310e-05
1.17986e+05	4.53572e-02	4.58538e-02	0.43299	1.53219	4.41310e-05
1.18141e+05	4.53647e-02	3.48362e-02	4.87571	2.71384	4.41310e-05
1.18297e+05	4.53827e-02	5.05265e-02	3.56562	3.05845	4.41310e-05
1.18452e+05	4.54200e-02	3.46362e-02	0.85600	4.29699	4.41310e-05
1.18607e+05	4.53120e-02	4.85758e-02	4.94366	4.93923	4.41310e-05
1.18762e+05	4.53630e-02	3.35382e-02	1.60762	6.25198	4.41310e-05
1.18918e+05	4.53501e-02	4.97347e-02	4.61214	0.91798	4.41310e-05
1.19073e+05	4.53563e-02	3.36181e-02	0.32367	2.43314	4.41310e-05
1.19228e+05	4.53121e-02	4.57656e-02	2.59148	3.50902	4.41310e-05
1.19384e+05	4.53458e-02	3.38333e-02	3.86327	5.20499	4.41310e-05
1.19539e+05	4.53423e-02	4.62213e-02	5.19647	0.07120	4.41310e-05
1.19694e+05	4.53361e-02	3.87228e-02	5.54330	1.97282	4.41310e-05
1.19849e+05	4.53079e-02	4.64984e-02	6.27329	3.19137	4.41310e-05
1.20005e+05	4.53212e-02	4.43520e-02	5.76608	5.25765	4.41310e-05
1.20160e+05	4.53325e-02	4.24419e-02	5.60550	0.28758	4.41310e-05
1.20315e+05	4.52607e-02	4.49466e-02	4.31938	2.52017	4.41310e-05
1.20471e+05	4.53292e-02	3.46855e-02	3.20710	4.15259	4.41310e-05
1.20626e+05	4.52560e-02	4.75247e-02	1.24324	6.27963	4.41310e-05
1.20781e+05	4.52777e-02	3.72147e-02	5.28207	2.14917	4.41310e-05
1.20936e+05	4.52827e-02	4.78674e-02	2.90340	3.92414	4.41310e-05
1.21092e+05	4.52822e-02	4.25110e-02	5.92483	0.16073	4.41310e-05
1.21247e+05	4.52821e-02	3.67345e-02	2.76899	2.01902	4.41310e-05
1.21402e+05	4.52617e-02	4.79895e-02	5.04747	4.57427	4.41310e-05
1.21558e+05	4.52557e-02	3.86877e-02	0.55087	0.76172	4.41310e-05
1.21713e+05	4.52606e-02	4.68458e-02	2.61714	2.79050	4.41310e-05
1.21868e+05	4.52061e-02	4.34896e-02	3.35882	5.61019	4.41310e-05
1.22023e+05	4.52597e-02	3.58650e-02	4.31517	1.64938	4.41310e-05
1.22179e+05	4.51853e-02	4.90790e-02	4.79871	4.16026	4.41310e-05
1.22334e+05	4.51911e-02	4.25443e-02	4.32648	0.71665	4.41310e-05
1.22489e+05	4.52492e-02	3.83653e-02	4.33498	2.98346	4.41310e-05
1.22645e+05	4.51638e-02	4.71874e-02	3.20092	5.87124	4.41310e-05
1.22800e+05	4.52088e-02	4.14932e-02	1.55072	2.49046	4.41310e-05
1.22955e+05	4.52222e-02	4.27348e-02	0.30615	4.85056	4.41310e-05
1.23110e+05	4.51827e-02	4.61788e-02	4.10822	1.62084	4.41310e-05
1.23266e+05	4.51721e-02	4.02487e-02	1.17087	4.65219	4.41310e-05
1.23421e+05	4.51764e-02	4.32152e-02	4.78633	0.86451	4.41310e-05
1.23576e+05	4.51956e-02	4.68930e-02	0.98878	4.02384	4.41310e-05
1.23732e+05	4.51890e-02	4.11095e-02	3.15446	0.87365	4.41310e-05
1.23887e+05	4.51588e-02	4.23994e-02	5.36782	3.54064	4.41310e-05
1.24042e+05	4.51325e-02	4.58438e-02	0.25595	0.42018	4.41310e-05
1.24197e+05	4.51190e-02	4.13369e-02	0.90838	3.70066	4.41310e-05
1.24353e+05	4.51163e-02	4.00526e-02	1.64235	0.25016	4.41310e-05
1.24508e+05	4.51125e-02	4.49659e-02	1.52550	3.40724	4.41310e-05
1.24663e+05	4.51144e-02	4.42616e-02	0.68736	0.52094	4.41310e-05
1.24819e+05	4.51068e-02	3.90717e-02	6.17325	3.56244	4.41310e-05
1.24974e+05	4.51051e-02	4.32658e-02	4.77888	0.37914	4.41310e-05
1.25129e+05	4.51049e-02	4.63923e-02	2.52354	3.78438	4.41310e-05
1.25284e+05	4.51095e-02	4.05044e-02	0.04901	0.77437	4.41310e-05
1.25440e+05	4.50837e-02	4.01602e-02	3.53662	3.87399	4.41310e-05
1.25595e+05	4.50693e-02	4.68111e-02	6.20559	0.92337	4.41310e-05
1.25750e+05	4.50870e-02	4.34909e-02	1.99025	4.37766	4.41310e-05
1.25906e+05	4.50872e-02	3.89152e-02	3.81253	1.34354	4.41310e-05
1.26061e+05	4.50946e-02	4.47352e-02	5.14010	4.50861	4.41310e-05
1.26216e+05	4.51062e-02	4.63697e-02	5.45758	1.74856	4.41310e-05
1.26371e+05	4.51168e-02	4.21383e-02	5.40419	5.18627	4.41310e-05
1.26527e+05	4.50658e-02	4.06101e-02	5.10903	2.04513	4.41310e-05
1.26682e+05	4.50477e-02	4.50736e-02	3.97529	5.48002	4.41310e-05
1.26837e+05	4.50508e-02	4.44667e-02	2.10599	2.72962	4.41310e-05
1.26993e+05	4.50599e-02	3.98068e-02	6.19455	6.04755	4.41310e-05
1.27148e+05	4.50523e-02	4.45841e-02	3.38838	3.06256	4.41310e-05
1.27303e+05	4.50470e-02	4.65782e-02	6.06830	0.23096	4.41310e-05
1.27458e+05	4.50105e-02	4.13971e-02	1.79416	3.73791	4.41310e-05
1.27614e+05	4.50233e-02	4.16557e-02	3.42209	0.75013	4.41310e-05
1.27769e+05	4.50433e-02	4.47950e-02	4.30013	4.07743	4.41310e-05
1.27924e+05	4.49998e-02	4.51989e-02	4.31491	1.34203	4.41310e-05
1.28080e+05	4.50133e-02	4.07233e-02	3.89357	4.72970	4.41310e-05
1.28235e+05	4.50307e-02	4.14618e-02	2.78610	1.71522	4.41310e-05
1.28390e+05	4.50066e-02	4.67941e-02	0.74780	5.16750	4.41310e-05
1.28545e+05	4.49661e-02	4.32361e-02	4.42698	2.33812	4.41310e-05
1.28701e+05	4.50240e-02	4.10308e-02	1.12991	5.67640	4.41310e-05
1.28856e+05	4.49600e-02	4.52196e-02	3.45873	2.65556	4.41310e-05
1.29011e+05	4.49723e-02	4.40989e-02	4.90646	6.09026	4.41310e-05
1.29167e+05	4.49962e-02	4.20158e-02	5.43735	3.19713	4.41310e-05
1.29322e+05	4.49703e-02	4.25270e-02	5.55813	0.08236	4.41310e-05
1.29477e+05	4.49804e-02	4.49054e-02	4.63838	3.45976	4.41310e-05
1.29632e+05	4.49518e-02	4.34478e-02	2.84468	0.57567	4.41310e-05
1.29788e+05	4.49638e-02	4.18135e-02	0.60008	3.72117	4.41310e-05
1.29943e+05	4.49217e-02	4.34362e-02	3.49856	0.69144	4.41310e-05
1.30098e+05	4.49221e-02	4.52986e-02	5.56892	4.03807	4.41310e-05
1.30254e+05	4.49368e-02	4.11421e-02	0.45552	0.94118	4.41310e-05
1.30409e+05	4.49237e-02	4.25692e-02	0.94473	4.09582	4.41310e-05
1.30564e+05	4.49333e-02	4.65795e-02	0.25791	1.05598	4.41310e-05
1.30719e+05	4.49228e-02	4.15551e-02	5.17290	4.21177	4.41310e-05
1.30875e+05	4.49223e-02	4.18710e-02	2.78692	0.99855	4.41310e-05
1.31030e+05	4.49307e-02	4.62704e-02	5.81286	4.12662	4.41310e-05
1.31185e+05	4.49078e-02	4.19915e-02	1.38106	0.95633	4.41310e-05
1.31341e+05	4.49091e-02	4.13408e-02	2.54146	3.94860	4.41310e-05
1.31496e+05	4.48766e-02	4.47241e-02	2.44781	0.69196	4.41310e-05
1.31651e+05	4.49106e-02	4.26812e-02	1.41195	3.71031	4.41310e-05
1.31806e+05	4.48529e-02	4.05608e-02	5.68259	0.30491	4.41310e-05
1.31962e+05	4.49086e-02	4.48359e-02	2.45130	3.28476	4.41310e-05
1.32117e+05	4.48467e-02	4.22066e-02	4.56917	6.18603	4.41310e-05
1.32272e+05	4.48776e-02	4.14736e-02	5.55248	2.65760	4.41310e-05
1.32428e+05	4.49080e-02	4.51759e-02	5.41237	5.52641	4.41310e-05
1.32583e+05	4.48450e-02	4.22340e-02	4.04092	2.05247	4.41310e-05
1.32738e+05	4.48618e-02	4.34373e-02	1.66991	4.67301	4.41310e-05
1.32893e+05	4.48526e-02	4.29882e-02	4.30218	1.16500	4.41310e-05
1.33049e+05	4.48397e-02	4.17410e-02	5.67719	3.80623	4.41310e-05
1.33204e+05	4.48799e-02	4.52429e-02	5.98172	0.06780	4.41310e-05
1.33359e+05	4.48331e-02	4.20558e-02	4.91739	2.66241	4.41310e-05
1.33515e+05	4.48416e-02	4.06621e-02	2.55143	5.12637	4.41310e-05
1.33670e+05	4.48391e-02	4.47116e-02	5.22809	1.33609	4.41310e-05
1.33825e+05	4.47987e-02	4.18436e-02	0.33763	3.72342	4.41310e-05
1.33980e+05	4.48185e-02	4.35658e-02	0.32609	6.00416	4.41310e-05
1.34136e+05	4.48298e-02	4.23352e-02	5.20026	2.08770	4.41310e-05
1.34291e+05	4.47937e-02	4.10459e-02	2.47876	4.30444	4.41310e-05
1.34446e+05	4.47918e-02	4.35026e-02	4.44179	0.25599	4.41310e-05
1.34602e+05	4.48275e-02	4.27576e-02	5.19779	2.33499	4.41310e-05
1.34757e+05	4.47752e-02	4.36213e-02	4.40654	4.37323	4.41310e-05
1.34912e+05	4.47798e-02	4.03842e-02	1.98430	0.11575	4.41310e-05
1.35067e+05	4.47822e-02	4.29992e-02	4.47287	2.03320	4.41310e-05
1.35223e+05	4.47901e-02	4.12814e-02	5.35753	3.93945	4.41310e-05
1.35378e+05	4.47459e-02	4.25032e-02	4.63064	5.72958	4.41310e-05
1.35533e+05	4.47921e-02	4.24231e-02	2.26570	1.22951	4.41310e-05
1.35689e+05	4.47773e-02	4.40182e-02	4.74424	2.82829	4.41310e-05
1.35844e+05	4.47597e-02	4.19786e-02	5.37703	4.45083	4.41310e-05
1.35999e+05	4.47393e-02	4.30599e-02	4.35037	5.93344	4.41310e-05
1.36154e+05	4.47740e-02	4.21652e-02	1.60163	1.15268	4.41310e-05
1.36310e+05	4.47258e-02	4.23700e-02	3.47373	2.48070	4.41310e-05
1.36465e+05	4.47347e-02	4.02902e-02	3.37783	3.80804	4.41310e-05
1.36620e+05	4.47738e-02	4.24483e-02	1.58573	5.01642	4.41310e-05
1.36776e+05	4.47362e-02	4.03911e-02	4.30293	6.12892	4.41310e-05
1.36931e+05	4.47249e-02	4.14168e-02	5.01372	0.90719	4.41310e-05
1.37086e+05	4.47386e-02	4.03572e-02	3.81201	1.86281	4.41310e-05
1.37241e+05	4.47672e-02	4.19471e-02	0.73874	2.79077	4.41310e-05
1.37397e+05	4.47116e-02	4.11091e-02	1.99720	3.54879	4.41310e-05
1.37552e+05	4.47155e-02	4.03513e-02	1.09763	4.27931	4.41310e-05
1.37707e+05	4.47209e-02	4.23135e-02	4.59625	4.86621	4.41310e-05
1.37863e+05	4.47061e-02	4.11522e-02	6.04476	5.35809	4.41310e-05
1.38018e+05	4.46782e-02	4.13440e-02	5.22274	5.82053	4.41310e-05
1.38173e+05	4.47220e-02	4.24707e-02	2.30413	6.13768	4.41310e-05
1.38328e+05	4.47173e-02	4.15856e-02	3.59687	0.08594	4.41310e-05
1.38484e+05	4.46945e-02	4.07580e-02	2.58555	0.22643	4.41310e-05
1.38639e+05	4.46987e-02	4.11407e-02	5.60716	0.18972	4.41310e-05
1.38794e+05	4.46972e-02	4.02543e-02	0.17492	0.05425	4.41310e-05
1.38950e+05	4.46770e-02	4.01352e-02	4.90918	6.14819	4.41310e-05
1.39105e+05	4.46576e-02	4.17335e-02	0.94106	5.83184	4.41310e-05
1.39260e+05	4.47044e-02	4.21488e-02	0.91335	5.40951	4.41310e-05
1.39415e+05	4.46564e-02	3.97543e-02	4.80426	4.85439	4.41310e-05
1.39571e+05	4.46476e-02	3.96119e-02	6.14102	4.14641	4.41310e-05
1.39726e+05	4.46906e-02	4.19873e-02	4.96144	3.35830	4.41310e-05
1.39881e+05	4.46641e-02	4.12106e-02	1.33957	2.45597	4.41310e-05
1.40037e+05	4.46320e-02	3.88307e-02	1.31453	1.38114	4.41310e-05
1.40192e+05	4.46805e-02	4.06653e-02	4.93282	0.21366	4.41310e-05
1.40347e+05	4.46532e-02	4.08386e-02	5.96953	5.21842	4.41310e-05
1.40502e+05	4.46249e-02	3.90379e-02	4.27245	3.72421	4.41310e-05
1.40658e+05	4.46347e-02	4.14694e-02	6.03304	2.14190	4.41310e-05
1.40813e+05	4.46455e-02	3.99231e-02	5.16264	0.42382	4.41310e-05
1.40968e+05	4.46086e-02	3.96351e-02	1.37272	4.80412	4.41310e-05
1.41124e+05	4.46683e-02	4.01264e-02	0.86905	2.85007	4.41310e-05
1.41279e+05	4.46625e-02	3.96258e-02	4.02366	0.59614	4.41310e-05
1.41434e+05	4.46034e-02	3.89139e-02	3.99571	4.60993	4.41310e-05
1.41589e+05	4.46296e-02	3.92316e-02	0.97111	2.10598	4.41310e-05
1.41745e+05	4.46518e-02	3.93872e-02	1.27847	5.80464	4.41310e-05
1.41900e+05	4.45909e-02	3.93195e-02	4.82147	2.95796	4.41310e-05
1.42055e+05	4.46063e-02	3.78283e-02	5.07070	0.01019	4.41310e-05
1.42211e+05	4.46570e-02	3.99841e-02	2.25129	3.23569	4.41310e-05
1.42366e+05	4.45963e-02	3.85907e-02	2.58626	6.18352	4.41310e-05
1.42521e+05	4.45911e-02	3.77205e-02	5.74931	2.74964	4.41310e-05
1.42676e+05	4.46299e-02	4.00898e-02	5.65306	5.46732	4.41310e-05
1.42832e+05	4.46314e-02	4.01742e-02	2.34006	1.68366	4.41310e-05
1.42987e+05	4.45933e-02	3.83828e-02	1.85504	3.99167	4.41310e-05
1.43142e+05	4.45605e-02	3.67665e-02	4.09836	6.19451	4.41310e-05
1.43298e+05	4.45663e-02	3.81408e-02	2.81650	1.95722	4.41310e-05
1.43453e+05	4.46056e-02	3.98985e-02	4.37663	3.76470	4.41310e-05
1.43608e+05	4.46326e-02	3.92717e-02	2.42666	5.34527	4.41310e-05
1.43763e+05	4.46099e-02	3.94718e-02	3.14948	0.44839	4.41310e-05
1.43919e+05	4.46317e-02	3.94145e-02	0.15216	1.69353	4.41310e-05
1.44074e+05	4.46158e-02	3.86130e-02	6.04055	2.69179	4.41310e-05
1.44229e+05	4.45548e-02	3.74589e-02	1.85195	3.47304	4.41310e-05
1.44385e+05	4.45522e-02	3.77384e-02	0.07889	4.06114	4.41310e-05
1.44540e+05	4.45474e-02	3.77532e-02	0.60210	4.51232	4.41310e-05
1.44695e+05	4.45694e-02	3.80754e-02	3.62063	4.65164	4.41310e-05
1.44850e+05	4.46006e-02	3.95554e-02	2.70473	4.66419	4.41310e-05
1.45006e+05	4.46099e-02	3.83398e-02	4.11643	4.43993	4.41310e-05
1.45161e+05	4.45495e-02	3.56691e-02	1.46773	3.86097	4.41310e-05
1.45316e+05	4.45587e-02	3.60808e-02	0.85578	3.11041	4.41310e-05
1.45472e+05	4.45876e-02	3.73805e-02	2.44816	2.10742	4.41310e-05
1.45627e+05	4.45684e-02	3.77032e-02	6.24970	0.84365	4.41310e-05
1.45782e+05	4.45648e-02	3.47000e-02	5.61728	5.57541	4.41310e-05
1.45937e+05	4.45896e-02	3.95959e-02	0.76258	3.78917	4.41310e-05
1.46093e+05	4.45505e-02	3.46618e-02	4.09911	1.76067	4.41310e-05
1.46248e+05	4.45806e-02	3.69830e-02	3.01719	5.66482	4.41310e-05
1.46403e+05	4.45406e-02	3.46972e-02	3.85166	3.08156	4.41310e-05
1.46559e+05	4.45541e-02	3.82432e-02	0.01975	0.17993	4.41310e-05
1.46714e+05	4.45383e-02	3.40816e-02	4.42226	3.25159	4.41310e-05
1.46869e+05	4.45914e-02	3.61061e-02	4.05191	6.03082	4.41310e-05
1.47024e+05	4.45483e-02	3.56358e-02	5.24659	2.24563	4.41310e-05
1.47180e+05	4.45192e-02	3.43153e-02	2.00410	4.30240	4.41310e-05
1.47335e+05	4.45458e-02	3.47177e-02	0.18518	6.09638	4.41310e-05
1.47490e+05	4.45997e-02	3.53163e-02	5.97693	1.26101	4.41310e-05
1.47646e+05	4.45878e-02	3.49356e-02	0.56527	2.46316	4.41310e-05
1.47801e+05	4.45388e-02	3.56611e-02	2.92031	3.26077	4.41310e-05
1.47956e+05	4.45419e-02	3.42973e-02	0.37171	3.61520	4.41310e-05
1.48111e+05	4.45399e-02	3.31912e-02	5.29646	3.73123	4.41310e-05
1.48267e+05	4.45444e-02	3.31262e-02	5.19618	3.38437	4.41310e-05
1.48422e+05	4.45386e-02	3.24465e-02	6.22731	2.72129	4.41310e-05
1.48577e+05	4.45785e-02	3.51289e-02	2.04187	1.76130	4.41310e-05
1.48733e+05	4.45789e-02	3.43868e-02	5.29798	0.30477	4.41310e-05
1.48888e+05	4.45239e-02	3.32523e-02	3.26380	4.78125	4.41310e-05
1.49043e+05	4.45101e-02	3.44751e-02	1.97967	2.63140	4.41310e-05
1.49198e+05	4.45504e-02	3.23733e-02	1.65346	6.28246	4.41310e-05
1.49354e+05	4.45725e-02	3.41805e-02	2.32592	3.24485	4.41310e-05
1.49509e+05	4.45083e-02	3.16721e-02	3.66235	5.99253	4.41310e-05
1.49664e+05	4.45749e-02	3.35738e-02	5.76044	2.08137	4.41310e-05
1.49820e+05	4.45328e-02	3.29478e-02	2.29046	3.92134	4.41310e-05
1.49975e+05	4.45693e-02	3.42678e-02	5.76127	5.40313	4.41310e-05
1.50130e+05	4.45367e-02	3.32064e-02	3.40007	0.10578	4.41310e-05
1.50285e+05	4.45030e-02	3.13193e-02	1.78999	0.62650	4.41310e-05
1.50441e+05	4.45508e-02	3.41220e-02	0.35028	0.78567	4.41310e-05
1.50596e+05	4.45077e-02	3.24400e-02	5.80333	0.46900	4.41310e-05
1.50751e+05	4.45610e-02	3.14377e-02	5.18832	6.10171	4.41310e-05
1.50907e+05	4.45633e-02	3.19053e-02	5.00913	4.75673	4.41310e-05
1.51062e+05	4.45655e-02	3.23876e-02	5.16436	2.89941	4.41310e-05
1.51217e+05	4.45704e-02	3.53946e-02	5.48139	0.49690	4.41310e-05
1.51372e+05	4.45538e-02	3.22355e-02	6.12024	3.73630	4.41310e-05
1.51528e+05	4.45627e-02	3.06089e-02	0.56960	0.26972	4.41310e-05
1.51683e+05	4.45320e-02	3.03798e-02	1.36201	2.38445	4.41310e-05
1.51838e+05	4.45461e-02	3.01532e-02	2.11025	4.01359	4.41310e-05
1.51994e+05	4.45518e-02	2.77498e-02	2.83980	5.20783	4.41310e-05
1.52149e+05	4.45337e-02	3.03965e-02	3.46470	5.77298	4.41310e-05
1.52304e+05	4.45354e-02	2.93349e-02	3.93653	5.92448	4.41310e-05
1.52459e+05	4.45371e-02	2.98606e-02	4.24712	5.40825	4.41310e-05
1.52615e+05	4.45604e-02	3.02404e-02	4.39262	4.31663	4.41310e-05
1.52770e+05	4.45487e-02	2.94341e-02	4.27301	2.58755	4.41310e-05
1.52925e+05	4.45342e-02	3.10850e-02	4.00357	0.04453	4.41310e-05
1.53081e+05	4.45538e-02	3.27196e-02	3.17481	3.34772	4.41310e-05
1.53236e+05	4.45367e-02	2.85814e-02	2.11022	5.66651	4.41310e-05
1.53391e+05	4.45417e-02	2.92263e-02	0.48327	1.11120	4.41310e-05
1.53546e+05	4.45306e-02	2.74871e-02	4.94103	1.88340	4.41310e-05
1.53702e+05	4.45369e-02	2.67682e-02	2.24104	2.19744	4.41310e-05
1.53857e+05	4.45528e-02	2.92562e-02	5.41316	1.51628	4.41310e-05
1.54012e+05	4.45327e-02	2.54378e-02	1.77972	6.27690	4.41310e-05
1.54168e+05	4.45557e-02	2.80540e-02	3.61903	4.04351	4.41310e-05
1.54323e+05	4.45707e-02	2.63290e-02	5.10697	0.49556	4.41310e-05
1.54478e+05	4.45443e-02	2.81475e-02	5.53510	2.35105	4.41310e-05
1.54633e+05	4.45547e-02	2.91225e-02	5.31553	3.45817	4.41310e-05
1.54789e+05	4.45717e-02	2.73949e-02	4.12176	3.67403	4.41310e-05
1.54944e+05	4.46028e-02	2.73837e-02	2.17200	2.71208	4.41310e-05
1.55099e+05	4.45800e-02	2.54732e-02	5.63851	0.62235	4.41310e-05
1.55255e+05	4.45467e-02	2.69152e-02	1.76925	3.96957	4.41310e-05
