# t	a	e	mean_anomaly	varpi	mass/M_star
3.10572e+00	1.66384e-02	4.13310e-03	3.10947	2.79243	4.36970e-05
6.98788e+00	1.66429e-02	1.57709e-03	5.24752	0.87016	4.36970e-05
1.08700e+01	1.66410e-02	4.83649e-03	5.94320	0.31617	4.36970e-05
1.47522e+01	1.66376e-02	6.50087e-03	0.33742	6.21658	4.36970e-05
1.86343e+01	1.66414e-02	6.59923e-03	0.94601	5.87782	4.36970e-05
2.25164e+01	1.66353e-02	4.80830e-03	1.92380	5.20909	4.36970e-05
2.63985e+01	1.66407e-02	3.23821e-03	3.33159	4.03624	4.36970e-05
3.02807e+01	1.66391e-02	5.70556e-03	4.09761	3.51869	4.36970e-05
3.41628e+01	1.66428e-02	6.12674e-03	4.70264	3.13720	4.36970e-05
3.80450e+01	1.66413e-02	5.94495e-03	5.12213	2.90690	4.36970e-05
4.19271e+01	1.66380e-02	2.82772e-03	5.83853	2.48229	4.36970e-05
4.58093e+01	1.66413e-02	2.69253e-03	1.46351	0.89119	4.36970e-05
4.96914e+01	1.66348e-02	5.68828e-03	2.50687	0.18416	4.36970e-05
5.35735e+01	1.66367e-02	7.45329e-03	3.21497	6.14044	4.36970e-05
5.74557e+01	1.66344e-02	8.01371e-03	3.73735	6.00733	4.36970e-05
6.13378e+01	1.66379e-02	5.44759e-03	4.42309	5.72022	4.36970e-05
6.52199e+01	1.66338e-02	4.03167e-03	5.27174	5.27344	4.36970e-05
6.91021e+01	1.66393e-02	3.57923e-03	0.47739	4.16230	4.36970e-05
7.29842e+01	1.66355e-02	5.62004e-03	1.39553	3.65093	4.36970e-05
7.68664e+01	1.66407e-02	5.68538e-03	2.00275	3.42098	4.36970e-05
8.07485e+01	1.66361e-02	5.36778e-03	2.67252	3.13770	4.36970e-05
8.46307e+01	1.66421e-02	2.30736e-03	3.25505	2.86709	4.36970e-05
8.85128e+01	1.66395e-02	1.69080e-03	5.39029	1.10664	4.36970e-05
9.23949e+01	1.66406e-02	4.40388e-03	0.15982	0.27696	4.36970e-05
9.62771e+01	1.66436e-02	6.89069e-03	0.62265	0.10799	4.36970e-05
1.00159e+02	1.66376e-02	6.57286e-03	1.04134	6.12606	4.36970e-05
1.04041e+02	1.66366e-02	5.66519e-03	1.69107	5.74572	4.36970e-05
1.07923e+02	1.66354e-02	3.59020e-03	2.91918	4.78304	4.36970e-05
1.11806e+02	1.66415e-02	5.42320e-03	4.33982	3.63831	4.36970e-05
1.15688e+02	1.66403e-02	6.29086e-03	4.92423	3.29286	4.36970e-05
1.19570e+02	1.66388e-02	4.37093e-03	5.41736	2.97162	4.36970e-05
1.23452e+02	1.66429e-02	2.80011e-03	6.25766	2.28734	4.36970e-05
1.27334e+02	1.66373e-02	2.35106e-03	2.06603	0.42329	4.36970e-05
1.31216e+02	1.66409e-02	5.57152e-03	2.43043	0.22002	4.36970e-05
1.35098e+02	1.66369e-02	7.64819e-03	3.06372	6.18819	4.36970e-05
1.38981e+02	1.66389e-02	6.61895e-03	3.60185	5.91429	4.36970e-05
1.42863e+02	1.66412e-02	4.74267e-03	4.27646	5.58824	4.36970e-05
1.46745e+02	1.66375e-02	1.31988e-03	5.07773	5.02573	4.36970e-05
1.50627e+02	1.66429e-02	3.04334e-03	0.71430	3.43032	4.36970e-05
1.54509e+02	1.66379e-02	4.04731e-03	1.56236	2.84342	4.36970e-05
1.58391e+02	1.66405e-02	5.08438e-03	1.94485	2.72842	4.36970e-05
1.62273e+02	1.66368e-02	3.49569e-03	2.67433	2.31580	4.36970e-05
1.66156e+02	1.66412e-02	3.27916e-03	3.98277	1.29733	4.36970e-05
1.70038e+02	1.66378e-02	4.78268e-03	5.13209	0.51156	4.36970e-05
1.73920e+02	1.66387e-02	8.10972e-03	5.86219	0.12833	4.36970e-05
1.77802e+02	1.66391e-02	8.53104e-03	0.11371	6.25591	4.36970e-05
1.81684e+02	1.66392e-02	6.69205e-03	0.73176	5.98220	4.36970e-05
1.85566e+02	1.66420e-02	4.18248e-03	1.29513	5.74045	4.36970e-05
1.89448e+02	1.66367e-02	1.23971e-03	3.06442	4.20785	4.36970e-05
1.93331e+02	1.66402e-02	4.71378e-03	4.38689	3.11253	4.36970e-05
1.97213e+02	1.66379e-02	6.08902e-03	4.91362	2.78218	4.36970e-05
2.01095e+02	1.66396e-02	7.19741e-03	5.52217	2.35604	4.36970e-05
2.04977e+02	1.66401e-02	5.22259e-03	0.10478	1.80047	4.36970e-05
2.08859e+02	1.66379e-02	4.40802e-03	1.55249	0.53902	4.36970e-05
2.12741e+02	1.66395e-02	6.58116e-03	2.30828	0.02972	4.36970e-05
2.16623e+02	1.66379e-02	5.86232e-03	2.82287	5.94901	4.36970e-05
2.20505e+02	1.66415e-02	4.70168e-03	3.32495	5.63087	4.36970e-05
2.24388e+02	1.66396e-02	2.17965e-03	4.43887	4.80814	4.36970e-05
2.28270e+02	1.66369e-02	3.89772e-03	0.08571	3.18627	4.36970e-05
2.32152e+02	1.66406e-02	6.79962e-03	0.74018	2.87732	4.36970e-05
2.36034e+02	1.66373e-02	7.51546e-03	1.47695	2.49912	4.36970e-05
2.39916e+02	1.66411e-02	7.56576e-03	1.93627	2.39377	4.36970e-05
2.43798e+02	1.66361e-02	4.49166e-03	2.50128	2.13126	4.36970e-05
2.47680e+02	1.66401e-02	3.32684e-03	3.68109	1.28115	4.36970e-05
2.51563e+02	1.66374e-02	2.91372e-03	4.87981	0.38693	4.36970e-05
2.55445e+02	1.66435e-02	5.79223e-03	5.65946	6.17434	4.36970e-05
2.59327e+02	1.66391e-02	4.74722e-03	6.11267	6.05618	4.36970e-05
2.63209e+02	1.66409e-02	4.16457e-03	0.57994	5.57935	4.36970e-05
2.67091e+02	1.66398e-02	1.89292e-03	1.81710	4.71907	4.36970e-05
2.70973e+02	1.66362e-02	5.01585e-03	3.38733	3.43343	4.36970e-05
2.74855e+02	1.66400e-02	7.18937e-03	4.19131	3.00329	4.36970e-05
2.78738e+02	1.66364e-02	7.60012e-03	4.64740	2.78672	4.36970e-05
2.82620e+02	1.66421e-02	6.73483e-03	5.18049	2.50820	4.36970e-05
2.86502e+02	1.66392e-02	3.00661e-03	5.59237	2.27225	4.36970e-05
2.90384e+02	1.66412e-02	3.13415e-03	1.24477	0.46573	4.36970e-05
2.94266e+02	1.66413e-02	5.27047e-03	2.15421	6.09471	4.36970e-05
2.98148e+02	1.66356e-02	6.49509e-03	2.92424	5.52841	4.36970e-05
3.02030e+02	1.66406e-02	5.01829e-03	3.74558	4.98245	4.36970e-05
3.05913e+02	1.66384e-02	2.54528e-03	5.00149	3.90893	4.36970e-05
3.09795e+02	1.66418e-02	5.28597e-03	6.17426	2.94849	4.36970e-05
3.13677e+02	1.66429e-02	7.26559e-03	0.41069	2.64139	4.36970e-05
3.17559e+02	1.66370e-02	7.61818e-03	0.90228	2.37615	4.36970e-05
3.21441e+02	1.66380e-02	6.17326e-03	1.44664	2.14002	4.36970e-05
3.25323e+02	1.66344e-02	2.75145e-03	2.66331	1.27113	4.36970e-05
3.29205e+02	1.66393e-02	3.97781e-03	4.43596	6.10836	4.36970e-05
3.33088e+02	1.66365e-02	5.50424e-03	5.29008	5.61158	4.36970e-05
3.36970e+02	1.66420e-02	6.95406e-03	5.86575	5.37560	4.36970e-05
3.40852e+02	1.66388e-02	4.85237e-03	0.04043	5.27827	4.36970e-05
3.44734e+02	1.66434e-02	3.71503e-03	0.78635	4.86108	4.36970e-05
3.48616e+02	1.66403e-02	1.75161e-03	2.32063	3.71401	4.36970e-05
3.52498e+02	1.66410e-02	4.22521e-03	3.27208	3.17210	4.36970e-05
3.56380e+02	1.66411e-02	4.75611e-03	3.96249	2.85585	4.36970e-05
3.60262e+02	1.66406e-02	5.20427e-03	4.43130	2.79584	4.36970e-05
3.64145e+02	1.66418e-02	3.86940e-03	4.87717	2.68559	4.36970e-05
3.68027e+02	1.66390e-02	1.00361e-03	5.60799	2.31125	4.36970e-05
3.71909e+02	1.66427e-02	1.99903e-03	2.16107	6.07247	4.36970e-05
3.75791e+02	1.66369e-02	5.79938e-03	2.61056	5.89804	4.36970e-05
3.79673e+02	1.66389e-02	6.89187e-03	3.11931	5.68025	4.36970e-05
3.83555e+02	1.66354e-02	7.51858e-03	3.69664	5.39617	4.36970e-05
3.87437e+02	1.66407e-02	5.13884e-03	4.66956	4.77129	4.36970e-05
3.91320e+02	1.66392e-02	4.88639e-03	5.81114	3.87529	4.36970e-05
3.95202e+02	1.66399e-02	5.72330e-03	0.47346	3.23197	4.36970e-05
3.99084e+02	1.66443e-02	5.67433e-03	0.92538	2.93888	4.36970e-05
4.02966e+02	1.66375e-02	4.88377e-03	1.60924	2.47698	4.36970e-05
4.06848e+02	1.66404e-02	1.57788e-03	2.39399	1.88572	4.36970e-05
4.10730e+02	1.66376e-02	3.77997e-03	4.40303	0.08699	4.36970e-05
4.14612e+02	1.66400e-02	6.56468e-03	5.25699	5.77034	4.36970e-05
4.18495e+02	1.66412e-02	8.20302e-03	5.85388	5.42400	4.36970e-05
4.22377e+02	1.66373e-02	6.82306e-03	6.27819	5.22535	4.36970e-05
4.26259e+02	1.66397e-02	3.95539e-03	0.45878	4.97861	4.36970e-05
4.30141e+02	1.66379e-02	1.93041e-03	1.62244	3.96690	4.36970e-05
4.34023e+02	1.66427e-02	2.78142e-03	3.21301	2.63306	4.36970e-05
4.37905e+02	1.66404e-02	4.40590e-03	3.67539	2.36369	4.36970e-05
4.41787e+02	1.66370e-02	5.07194e-03	4.25883	2.01055	4.36970e-05
4.45670e+02	1.66391e-02	3.20014e-03	5.14490	1.34818	4.36970e-05
4.49552e+02	1.66361e-02	2.87160e-03	0.56906	6.11889	4.36970e-05
4.53434e+02	1.66434e-02	6.31082e-03	1.27715	5.60435	4.36970e-05
4.57316e+02	1.66408e-02	7.14300e-03	1.80707	5.23666	4.36970e-05
4.61198e+02	1.66385e-02	7.23433e-03	2.17172	4.97923	4.36970e-05
4.65080e+02	1.66390e-02	4.78737e-03	2.80131	4.57351	4.36970e-05
4.68962e+02	1.66360e-02	1.94415e-03	4.48091	3.07429	4.36970e-05
4.72845e+02	1.66408e-02	5.71851e-03	6.08387	1.70000	4.36970e-05
4.76727e+02	1.66410e-02	7.09472e-03	0.36658	1.33879	4.36970e-05
4.80609e+02	1.66386e-02	5.04534e-03	0.98073	0.87404	4.36970e-05
4.84491e+02	1.66387e-02	3.47263e-03	1.98704	6.28283	4.36970e-05
4.88373e+02	1.66385e-02	4.02171e-03	3.45100	5.00172	4.36970e-05
4.92255e+02	1.66408e-02	5.78724e-03	3.97966	4.64179	4.36970e-05
4.96137e+02	1.66416e-02	6.22000e-03	4.59733	4.26339	4.36970e-05
5.00019e+02	1.66350e-02	3.87316e-03	5.29444	3.88456	4.36970e-05
5.03902e+02	1.66375e-02	1.89833e-03	1.01159	2.18934	4.36970e-05
5.07784e+02	1.66362e-02	4.46662e-03	2.64310	0.90972	4.36970e-05
5.11666e+02	1.66429e-02	5.83284e-03	3.28843	0.53375	4.36970e-05
5.15548e+02	1.66399e-02	7.10153e-03	3.91140	0.22902	4.36970e-05
5.19430e+02	1.66378e-02	4.73921e-03	4.24332	0.05458	4.36970e-05
5.23312e+02	1.66411e-02	2.91435e-03	5.38023	5.46315	4.36970e-05
5.27194e+02	1.66342e-02	5.25699e-03	0.54320	4.30449	4.36970e-05
5.31077e+02	1.66388e-02	7.42279e-03	1.22260	3.99075	4.36970e-05
5.34959e+02	1.66365e-02	6.55650e-03	1.87381	3.71060	4.36970e-05
5.38841e+02	1.66414e-02	5.53532e-03	2.51755	3.52473	4.36970e-05
5.42723e+02	1.66347e-02	2.00951e-03	2.97207	3.65290	4.36970e-05
5.46605e+02	1.66363e-02	4.55590e-03	1.62101	5.90012	4.36970e-05
5.50487e+02	1.66341e-02	9.40277e-03	2.25744	6.28012	4.36970e-05
5.54369e+02	1.66404e-02	8.91411e-03	2.84715	0.19973	4.36970e-05
5.58252e+02	1.66359e-02	6.35861e-03	3.59303	6.20409	4.36970e-05
5.62134e+02	1.66394e-02	2.11241e-03	5.78186	4.73027	4.36970e-05
5.66016e+02	1.66369e-02	6.52352e-03	0.97552	3.72356	4.36970e-05
5.69898e+02	1.66396e-02	8.26459e-03	1.72358	3.57252	4.36970e-05
5.73780e+02	1.66348e-02	8.41617e-03	2.36837	3.45736	4.36970e-05
5.77662e+02	1.66383e-02	3.83818e-03	2.70810	3.82508	4.36970e-05
5.81544e+02	1.66330e-02	4.02137e-03	2.25825	5.12209	4.36970e-05
5.85427e+02	1.66363e-02	8.64370e-03	2.25231	5.95274	4.36970e-05
5.89309e+02	1.66349e-02	1.23646e-02	2.81392	6.09259	4.36970e-05
5.93191e+02	1.66393e-02	1.08154e-02	3.42948	6.26895	4.36970e-05
5.97073e+02	1.66363e-02	7.92173e-03	4.12050	6.24135	4.36970e-05
6.00955e+02	1.66379e-02	2.93464e-03	4.93271	5.97456	4.36970e-05
6.04837e+02	1.66355e-02	3.53017e-03	1.86597	3.51572	4.36970e-05
6.08719e+02	1.66373e-02	8.38265e-03	2.61400	3.53015	4.36970e-05
6.12602e+02	1.66337e-02	7.52305e-03	3.38754	3.40819	4.36970e-05
6.16484e+02	1.66377e-02	4.37404e-03	4.11767	3.68070	4.36970e-05
6.20366e+02	1.66362e-02	1.98707e-03	4.04429	4.84113	4.36970e-05
6.24248e+02	1.66329e-02	7.82426e-03	4.28638	5.87109	4.36970e-05
6.28130e+02	1.66406e-02	1.22987e-02	5.27900	6.18605	4.36970e-05
6.32012e+02	1.66400e-02	1.23693e-02	6.19480	0.16101	4.36970e-05
6.35894e+02	1.66361e-02	1.30068e-02	1.14012	0.28632	4.36970e-05
6.39777e+02	1.66375e-02	9.70138e-03	2.04019	0.43169	4.36970e-05
6.43659e+02	1.66416e-02	6.69014e-03	2.90479	0.45721	4.36970e-05
6.47541e+02	1.66345e-02	3.14886e-03	3.61580	0.67924	4.36970e-05
6.51423e+02	1.66368e-02	2.32587e-03	1.60624	3.73842	4.36970e-05
6.55305e+02	1.66351e-02	2.73193e-03	2.24354	4.27016	4.36970e-05
6.59187e+02	1.66341e-02	6.60960e-03	3.58631	4.21035	4.36970e-05
6.63069e+02	1.66392e-02	5.66465e-03	4.50434	4.28637	4.36970e-05
6.66951e+02	1.66349e-02	4.61129e-03	4.90819	4.70456	4.36970e-05
6.70834e+02	1.66372e-02	6.56667e-03	4.75935	5.90946	4.36970e-05
6.74716e+02	1.66343e-02	1.00433e-02	5.36803	0.31114	4.36970e-05
6.78598e+02	1.66340e-02	1.21281e-02	0.02459	0.53892	4.36970e-05
6.82480e+02	1.66333e-02	1.39071e-02	0.93889	0.75103	4.36970e-05
6.86362e+02	1.66392e-02	1.30536e-02	2.13760	0.82287	4.36970e-05
6.90244e+02	1.66374e-02	8.41622e-03	3.28745	1.03110	4.36970e-05
6.94126e+02	1.66317e-02	4.35614e-03	4.48179	1.42891	4.36970e-05
6.98009e+02	1.66350e-02	3.73322e-03	4.66976	2.47188	4.36970e-05
7.01891e+02	1.66370e-02	4.68019e-03	4.68103	3.60473	4.36970e-05
7.05773e+02	1.66348e-02	5.67974e-03	5.02613	4.15311	4.36970e-05
7.09655e+02	1.66381e-02	4.43798e-03	5.66352	4.59647	4.36970e-05
7.13537e+02	1.66385e-02	4.04889e-03	5.45415	6.07176	4.36970e-05
7.17419e+02	1.66359e-02	4.40465e-03	6.24418	0.14357	4.36970e-05
7.21301e+02	1.66383e-02	7.68821e-03	0.20168	1.03926	4.36970e-05
7.25184e+02	1.66360e-02	1.07119e-02	0.74700	1.51936	4.36970e-05
7.29066e+02	1.66333e-02	1.17011e-02	1.77810	1.82816	4.36970e-05
7.32948e+02	1.66344e-02	1.34907e-02	3.14473	1.82667	4.36970e-05
7.36830e+02	1.66365e-02	1.23285e-02	3.95526	1.92138	4.36970e-05
7.40712e+02	1.66340e-02	8.03640e-03	4.62013	1.88730	4.36970e-05
7.44594e+02	1.66346e-02	1.14833e-03	5.03380	2.27238	4.36970e-05
7.48476e+02	1.66344e-02	3.45862e-03	3.30049	4.91007	4.36970e-05
7.52359e+02	1.66393e-02	5.77871e-03	4.13513	4.97188	4.36970e-05
7.56241e+02	1.66347e-02	6.49338e-03	4.72218	4.98200	4.36970e-05
7.60123e+02	1.66378e-02	3.40832e-03	5.62542	4.99066	4.36970e-05
7.64005e+02	1.66386e-02	4.53024e-03	4.41418	1.10124	4.36970e-05
7.67887e+02	1.66365e-02	7.69587e-03	5.55301	1.62653	4.36970e-05
7.71769e+02	1.66307e-02	1.05717e-02	0.11043	2.10007	4.36970e-05
7.75651e+02	1.66382e-02	1.36102e-02	1.23471	2.14821	4.36970e-05
7.79534e+02	1.66379e-02	1.19123e-02	2.41431	2.15014	4.36970e-05
7.83416e+02	1.66347e-02	1.21699e-02	3.44248	2.37972	4.36970e-05
7.87298e+02	1.66375e-02	1.09201e-02	4.59191	2.64526	4.36970e-05
7.91180e+02	1.66322e-02	5.94512e-03	5.51658	2.96661	4.36970e-05
7.95062e+02	1.66368e-02	5.11453e-03	5.84636	3.73299	4.36970e-05
7.98944e+02	1.66408e-02	7.50731e-03	5.73429	4.71556	4.36970e-05
8.02826e+02	1.66387e-02	9.00744e-03	6.21605	4.90032	4.36970e-05
8.06708e+02	1.66316e-02	3.07132e-03	1.13850	4.94934	4.36970e-05
8.10591e+02	1.66326e-02	8.18578e-04	4.29064	3.56936	4.36970e-05
8.14473e+02	1.66349e-02	4.65300e-03	1.44341	1.98698	4.36970e-05
8.18355e+02	1.66360e-02	1.06660e-02	2.92501	2.05027	4.36970e-05
8.22237e+02	1.66372e-02	1.08708e-02	4.02401	2.32381	4.36970e-05
8.26119e+02	1.66353e-02	9.19119e-03	5.32490	2.65849	4.36970e-05
8.30001e+02	1.66333e-02	7.93737e-03	6.03884	3.35892	4.36970e-05
8.33883e+02	1.66386e-02	1.10041e-02	0.38290	3.79973	4.36970e-05
8.37766e+02	1.66393e-02	1.22740e-02	1.31952	4.19288	4.36970e-05
8.41648e+02	1.66325e-02	9.13601e-03	2.41442	4.33837	4.36970e-05
8.45530e+02	1.66385e-02	5.94175e-03	3.27280	4.60439	4.36970e-05
8.49412e+02	1.66353e-02	5.79870e-03	4.01005	5.27618	4.36970e-05
8.53294e+02	1.66337e-02	6.23619e-03	4.43913	6.05296	4.36970e-05
8.57176e+02	1.66369e-02	5.65469e-03	4.94584	0.21670	4.36970e-05
8.61058e+02	1.66392e-02	4.48344e-03	5.44257	0.81196	4.36970e-05
8.64941e+02	1.66344e-02	4.55812e-03	5.04405	2.46332	4.36970e-05
8.68823e+02	1.66319e-02	5.46245e-03	5.46274	3.45704	4.36970e-05
8.72705e+02	1.66367e-02	8.35050e-03	0.39207	3.76735	4.36970e-05
8.76587e+02	1.66351e-02	1.03313e-02	1.63657	3.79328	4.36970e-05
8.80469e+02	1.66380e-02	1.55713e-02	2.46320	4.22652	4.36970e-05
8.84351e+02	1.66361e-02	1.25749e-02	3.28906	4.50276	4.36970e-05
8.88233e+02	1.66374e-02	1.00942e-02	3.85387	4.85971	4.36970e-05
8.92116e+02	1.66355e-02	7.24831e-03	4.83545	5.33140	4.36970e-05
8.95998e+02	1.66363e-02	4.72760e-03	4.79382	0.04088	4.36970e-05
8.99880e+02	1.66392e-02	6.30349e-03	4.99680	0.63203	4.36970e-05
9.03762e+02	1.66335e-02	1.59871e-03	5.88490	0.97066	4.36970e-05
9.07644e+02	1.66328e-02	2.95774e-03	0.23626	1.88273	4.36970e-05
9.11526e+02	1.66372e-02	2.77522e-03	0.10042	3.59084	4.36970e-05
9.15408e+02	1.66369e-02	6.58502e-03	1.19442	4.28034	4.36970e-05
9.19291e+02	1.66354e-02	9.93797e-03	2.81026	4.45211	4.36970e-05
9.23173e+02	1.66360e-02	1.25019e-02	3.93838	4.61283	4.36970e-05
9.27055e+02	1.66379e-02	1.19527e-02	4.88479	4.78539	4.36970e-05
9.30937e+02	1.66419e-02	1.25258e-02	5.55792	4.99382	4.36970e-05
9.34819e+02	1.66335e-02	8.42020e-03	6.08124	5.32489	4.36970e-05
9.38701e+02	1.66379e-02	7.08211e-03	0.33539	5.71320	4.36970e-05
9.42583e+02	1.66397e-02	5.51693e-03	1.36833	6.25073	4.36970e-05
9.46465e+02	1.66328e-02	4.37584e-03	1.89901	0.22803	4.36970e-05
9.50348e+02	1.66355e-02	7.56287e-04	1.70029	2.00320	4.36970e-05
9.54230e+02	1.66345e-02	2.28825e-03	0.86780	3.82698	4.36970e-05
9.58112e+02	1.66385e-02	3.84306e-03	1.85117	4.47384	4.36970e-05
9.61994e+02	1.66326e-02	8.06779e-03	3.10600	4.45541	4.36970e-05
9.65876e+02	1.66348e-02	9.83083e-03	4.18674	4.93649	4.36970e-05
9.69758e+02	1.66367e-02	9.69920e-03	4.44541	5.55257	4.36970e-05
9.73640e+02	1.66349e-02	1.22786e-02	5.40614	5.91468	4.36970e-05
9.77523e+02	1.66329e-02	1.10027e-02	6.02893	0.32052	4.36970e-05
9.81405e+02	1.66404e-02	1.15298e-02	0.54954	0.80240	4.36970e-05
9.85287e+02	1.66354e-02	7.80815e-03	0.38086	1.64296	4.36970e-05
9.89169e+02	1.66317e-02	5.04277e-03	1.32390	2.26794	4.36970e-05
9.93051e+02	1.66388e-02	6.34807e-03	1.76048	3.10992	4.36970e-05
9.96933e+02	1.66384e-02	4.44845e-03	1.62832	4.44083	4.36970e-05
1.00082e+03	1.66357e-02	7.37648e-03	1.94927	4.98983	4.36970e-05
1.00470e+03	1.66372e-02	7.20318e-03	2.19227	5.31388	4.36970e-05
1.00858e+03	1.66324e-02	8.02621e-03	3.06113	5.93275	4.36970e-05
1.01246e+03	1.66360e-02	1.06351e-02	4.21499	0.08937	4.36970e-05
1.01634e+03	1.66418e-02	1.34762e-02	4.47453	0.44103	4.36970e-05
1.02023e+03	1.66346e-02	1.34800e-02	4.95673	0.84730	4.36970e-05
1.02411e+03	1.66377e-02	1.10471e-02	6.18666	1.09801	4.36970e-05
1.02799e+03	1.66412e-02	1.05462e-02	0.71223	1.63822	4.36970e-05
1.03187e+03	1.66372e-02	6.81827e-03	0.47407	2.48534	4.36970e-05
1.03575e+03	1.66406e-02	5.58068e-03	0.84030	2.89132	4.36970e-05
1.03964e+03	1.66336e-02	2.50142e-03	1.73005	3.44059	4.36970e-05
1.04352e+03	1.66348e-02	2.59205e-03	1.58110	5.07985	4.36970e-05
1.04740e+03	1.66379e-02	4.92009e-03	1.77313	5.96238	4.36970e-05
1.05128e+03	1.66329e-02	1.01395e-02	2.12724	6.25562	4.36970e-05
1.05517e+03	1.66392e-02	1.08068e-02	2.32148	0.77837	4.36970e-05
1.05905e+03	1.66394e-02	1.19220e-02	3.07437	1.12888	4.36970e-05
1.06293e+03	1.66349e-02	1.32935e-02	3.83681	1.22893	4.36970e-05
1.06681e+03	1.66361e-02	1.28588e-02	4.88058	1.59231	4.36970e-05
1.07069e+03	1.66351e-02	1.11928e-02	5.04820	1.99373	4.36970e-05
1.07458e+03	1.66341e-02	9.92728e-03	6.24432	2.39391	4.36970e-05
1.07846e+03	1.66390e-02	1.06317e-02	0.91452	2.72544	4.36970e-05
1.08234e+03	1.66377e-02	7.41472e-03	1.92651	3.08199	4.36970e-05
1.08622e+03	1.66334e-02	6.19552e-03	3.05359	3.46709	4.36970e-05
1.09010e+03	1.66408e-02	4.40891e-03	3.17785	4.13833	4.36970e-05
1.09399e+03	1.66360e-02	2.00871e-03	2.03720	6.03783	4.36970e-05
1.09787e+03	1.66389e-02	5.51375e-03	1.73989	0.92765	4.36970e-05
1.10175e+03	1.66397e-02	9.85072e-03	2.44511	1.32496	4.36970e-05
1.10563e+03	1.66366e-02	1.19842e-02	2.90511	1.59108	4.36970e-05
1.10952e+03	1.66375e-02	1.30515e-02	3.43571	2.10842	4.36970e-05
1.11340e+03	1.66344e-02	1.35057e-02	4.60660	2.44740	4.36970e-05
1.11728e+03	1.66368e-02	1.50097e-02	5.59915	2.71138	4.36970e-05
1.12116e+03	1.66383e-02	1.41803e-02	0.56940	2.89964	4.36970e-05
1.12504e+03	1.66374e-02	1.28314e-02	1.37205	3.24842	4.36970e-05
1.12893e+03	1.66379e-02	1.16532e-02	1.56112	3.84224	4.36970e-05
1.13281e+03	1.66385e-02	7.09260e-03	2.19431	4.22733	4.36970e-05
1.13669e+03	1.66354e-02	5.09925e-03	2.57460	4.96477	4.36970e-05
1.14057e+03	1.66367e-02	2.17419e-03	2.06580	6.10342	4.36970e-05
1.14445e+03	1.66369e-02	6.28712e-03	1.55501	1.64035	4.36970e-05
1.14834e+03	1.66384e-02	8.63682e-03	1.92910	1.95514	4.36970e-05
1.15222e+03	1.66385e-02	1.12979e-02	2.51218	2.52486	4.36970e-05
1.15610e+03	1.66356e-02	1.48622e-02	3.03122	2.88514	4.36970e-05
1.15998e+03	1.66374e-02	1.37519e-02	3.35916	3.49904	4.36970e-05
1.16387e+03	1.66346e-02	1.29175e-02	3.95645	3.87319	4.36970e-05
1.16775e+03	1.66370e-02	1.13492e-02	4.41829	4.29923	4.36970e-05
1.17163e+03	1.66384e-02	9.39427e-03	4.85242	4.85018	4.36970e-05
1.17551e+03	1.66359e-02	6.98480e-03	5.08385	5.48736	4.36970e-05
1.17939e+03	1.66337e-02	3.16932e-03	5.36848	6.19879	4.36970e-05
1.18328e+03	1.66371e-02	2.72754e-03	5.86138	0.83357	4.36970e-05
1.18716e+03	1.66303e-02	2.89720e-03	6.11304	2.06720	4.36970e-05
1.19104e+03	1.66408e-02	7.72909e-03	0.43128	2.44340	4.36970e-05
1.19492e+03	1.66367e-02	9.48558e-03	0.80604	2.94928	4.36970e-05
1.19880e+03	1.66388e-02	1.22120e-02	0.95873	3.64381	4.36970e-05
1.20269e+03	1.66382e-02	1.15225e-02	1.84734	3.94956	4.36970e-05
1.20657e+03	1.66348e-02	1.33881e-02	2.98252	4.18426	4.36970e-05
1.21045e+03	1.66373e-02	1.30356e-02	4.04202	4.37883	4.36970e-05
1.21433e+03	1.66355e-02	1.12926e-02	5.20385	4.71037	4.36970e-05
1.21822e+03	1.66387e-02	1.36400e-02	5.87627	5.16087	4.36970e-05
1.22210e+03	1.66377e-02	1.09416e-02	0.09254	5.53167	4.36970e-05
1.22598e+03	1.66386e-02	8.75206e-03	1.35230	5.83906	4.36970e-05
1.22986e+03	1.66396e-02	7.20597e-03	1.95745	0.21405	4.36970e-05
1.23374e+03	1.66351e-02	2.50060e-03	2.74155	0.58305	4.36970e-05
1.23763e+03	1.66378e-02	2.66515e-03	0.42091	3.58257	4.36970e-05
1.24151e+03	1.66346e-02	4.95641e-03	1.20042	3.86520	4.36970e-05
1.24539e+03	1.66414e-02	8.46030e-03	1.59736	4.38943	4.36970e-05
1.24927e+03	1.66352e-02	1.17840e-02	2.27882	4.44896	4.36970e-05
1.25315e+03	1.66331e-02	1.14072e-02	3.20916	4.91264	4.36970e-05
1.25704e+03	1.66383e-02	1.00923e-02	3.88988	5.23126	4.36970e-05
1.26092e+03	1.66360e-02	1.22709e-02	4.65001	5.71022	4.36970e-05
1.26480e+03	1.66347e-02	1.13997e-02	5.01038	6.15183	4.36970e-05
1.26868e+03	1.66399e-02	7.23709e-03	6.07593	0.18575	4.36970e-05
1.27257e+03	1.66372e-02	7.19675e-03	0.12943	0.83160	4.36970e-05
1.27645e+03	1.66338e-02	2.42938e-03	0.50142	1.78360	4.36970e-05
1.28033e+03	1.66397e-02	2.11305e-03	5.69853	3.76843	4.36970e-05
1.28421e+03	1.66388e-02	7.93972e-03	5.87178	4.43062	4.36970e-05
1.28809e+03	1.66343e-02	7.47048e-03	0.12535	5.19276	4.36970e-05
1.29198e+03	1.66376e-02	1.01520e-02	0.88255	5.38681	4.36970e-05
1.29586e+03	1.66407e-02	1.04218e-02	1.60240	5.90675	4.36970e-05
1.29974e+03	1.66345e-02	1.16680e-02	2.06354	6.16271	4.36970e-05
1.30362e+03	1.66394e-02	1.39735e-02	2.55698	0.24231	4.36970e-05
1.30750e+03	1.66369e-02	9.33330e-03	2.86402	0.66584	4.36970e-05
1.31139e+03	1.66376e-02	5.68222e-03	3.68930	0.92698	4.36970e-05
1.31527e+03	1.66397e-02	4.50909e-03	4.80803	1.09866	4.36970e-05
1.31915e+03	1.66352e-02	1.72805e-03	4.28086	2.30676	4.36970e-05
1.32303e+03	1.66391e-02	1.85956e-03	2.97407	4.66730	4.36970e-05
1.32692e+03	1.66333e-02	5.36787e-03	3.53687	4.87278	4.36970e-05
1.33080e+03	1.66324e-02	7.73166e-03	4.38638	5.63342	4.36970e-05
1.33468e+03	1.66384e-02	9.81462e-03	5.27783	6.17683	4.36970e-05
1.33856e+03	1.66376e-02	1.08552e-02	0.29276	0.29606	4.36970e-05
1.34244e+03	1.66359e-02	1.21209e-02	1.39390	0.85520	4.36970e-05
1.34633e+03	1.66370e-02	1.02284e-02	2.82287	1.23583	4.36970e-05
1.35021e+03	1.66342e-02	9.59032e-03	4.40649	1.48232	4.36970e-05
1.35409e+03	1.66338e-02	1.03398e-02	5.19516	2.18150	4.36970e-05
1.35797e+03	1.66400e-02	6.53925e-03	6.02173	2.36499	4.36970e-05
1.36185e+03	1.66387e-02	3.77632e-03	5.91633	3.75931	4.36970e-05
1.36574e+03	1.66325e-02	3.64610e-03	5.39704	5.31900	4.36970e-05
1.36962e+03	1.66380e-02	6.16873e-03	5.60220	6.07180	4.36970e-05
1.37350e+03	1.66365e-02	1.05963e-02	6.03114	0.32387	4.36970e-05
1.37738e+03	1.66393e-02	1.35186e-02	0.08883	0.96361	4.36970e-05
1.38127e+03	1.66357e-02	1.20589e-02	0.81474	1.45373	4.36970e-05
1.38515e+03	1.66349e-02	1.28061e-02	1.92050	1.87805	4.36970e-05
1.38903e+03	1.66338e-02	1.15116e-02	2.96732	2.36997	4.36970e-05
1.39291e+03	1.66377e-02	1.13570e-02	3.56163	2.97512	4.36970e-05
1.39679e+03	1.66361e-02	9.74454e-03	4.04859	3.03617	4.36970e-05
1.40068e+03	1.66386e-02	4.94988e-03	4.79300	2.89289	4.36970e-05
1.40456e+03	1.66378e-02	9.85754e-04	5.65585	3.05571	4.36970e-05
1.40844e+03	1.66329e-02	2.39325e-03	3.03109	0.75143	4.36970e-05
1.41232e+03	1.66398e-02	2.76756e-03	3.17713	1.47261	4.36970e-05
1.41620e+03	1.66364e-02	5.50986e-03	3.90658	1.71311	4.36970e-05
1.42009e+03	1.66386e-02	1.02857e-02	4.39221	1.84818	4.36970e-05
1.42397e+03	1.66375e-02	1.14747e-02	5.31953	2.41377	4.36970e-05
1.42785e+03	1.66367e-02	1.14532e-02	0.29289	2.68433	4.36970e-05
1.43173e+03	1.66357e-02	1.11519e-02	1.27781	2.98283	4.36970e-05
1.43561e+03	1.66398e-02	1.20705e-02	2.03858	3.34344	4.36970e-05
1.43950e+03	1.66358e-02	1.12821e-02	2.83066	3.61364	4.36970e-05
1.44338e+03	1.66334e-02	9.36355e-03	3.56556	3.70467	4.36970e-05
1.44726e+03	1.66396e-02	4.16262e-03	4.08377	4.43067	4.36970e-05
1.45114e+03	1.66357e-02	1.68071e-03	5.47792	3.89347	4.36970e-05
1.45503e+03	1.66315e-02	2.52823e-03	1.94572	2.73714	4.36970e-05
1.45891e+03	1.66353e-02	3.14987e-03	3.24266	2.83428	4.36970e-05
1.46279e+03	1.66348e-02	6.73163e-03	4.48907	2.95699	4.36970e-05
1.46667e+03	1.66350e-02	9.04378e-03	5.08308	2.98499	4.36970e-05
1.47055e+03	1.66396e-02	1.15840e-02	5.66265	3.30189	4.36970e-05
1.47444e+03	1.66371e-02	1.23288e-02	5.84350	3.62901	4.36970e-05
1.47832e+03	1.66421e-02	1.37415e-02	6.01646	3.81320	4.36970e-05
1.48220e+03	1.66375e-02	1.13368e-02	6.12408	4.07146	4.36970e-05
1.48608e+03	1.66397e-02	1.00220e-02	6.24180	4.29298	4.36970e-05
1.48996e+03	1.66338e-02	6.51402e-03	0.75856	4.57913	4.36970e-05
1.49385e+03	1.66423e-02	4.29646e-03	0.37437	5.45025	4.36970e-05
1.49773e+03	1.66394e-02	3.05119e-03	5.00501	1.27125	4.36970e-05
1.50161e+03	1.66363e-02	4.82134e-03	5.15867	1.44228	4.36970e-05
1.50549e+03	1.66381e-02	4.26203e-03	5.10610	1.79943	4.36970e-05
1.50938e+03	1.66370e-02	5.66795e-03	4.03839	3.21563	4.36970e-05
1.51326e+03	1.66381e-02	6.82805e-03	4.14803	3.73994	4.36970e-05
1.51714e+03	1.66352e-02	8.95896e-03	4.56518	4.17952	4.36970e-05
1.52102e+03	1.66400e-02	1.08251e-02	4.90843	4.31940	4.36970e-05
1.52490e+03	1.66316e-02	9.91038e-03	5.31142	4.84770	4.36970e-05
1.52879e+03	1.66347e-02	9.15768e-03	0.33374	5.16967	4.36970e-05
1.53267e+03	1.66372e-02	8.78237e-03	1.32577	5.58792	4.36970e-05
1.53655e+03	1.66354e-02	8.03053e-03	2.10822	6.10396	4.36970e-05
1.54043e+03	1.66319e-02	4.80459e-03	3.23388	0.07773	4.36970e-05
1.54431e+03	1.66368e-02	6.95409e-04	4.34803	0.56124	4.36970e-05
1.54820e+03	1.66350e-02	3.68991e-03	3.63591	2.78560	4.36970e-05
1.55208e+03	1.66339e-02	5.47500e-03	4.17304	3.61505	4.36970e-05
1.55596e+03	1.66366e-02	7.66763e-03	4.86149	4.19431	4.36970e-05
1.55984e+03	1.66413e-02	1.01827e-02	4.83611	4.60601	4.36970e-05
1.56373e+03	1.66397e-02	9.96851e-03	5.08102	4.89960	4.36970e-05
1.56761e+03	1.66400e-02	1.12867e-02	5.55602	5.23993	4.36970e-05
1.57149e+03	1.66357e-02	1.07949e-02	5.92011	5.79118	4.36970e-05
1.57537e+03	1.66419e-02	9.84498e-03	5.82188	6.18469	4.36970e-05
1.57925e+03	1.66377e-02	7.84470e-03	5.47645	0.60382	4.36970e-05
1.58314e+03	1.66415e-02	5.40859e-03	5.34355	1.05563	4.36970e-05
1.58702e+03	1.66379e-02	1.73773e-03	4.05725	2.68390	4.36970e-05
1.59090e+03	1.66403e-02	3.32912e-03	2.75672	4.31495	4.36970e-05
1.59478e+03	1.66342e-02	8.57979e-03	2.66837	5.02262	4.36970e-05
1.59866e+03	1.66378e-02	1.05541e-02	3.05722	5.62172	4.36970e-05
1.60255e+03	1.66361e-02	1.14594e-02	3.25723	5.86897	4.36970e-05
1.60643e+03	1.66402e-02	9.60344e-03	3.72302	0.00380	4.36970e-05
1.61031e+03	1.66323e-02	1.11825e-02	3.79856	0.53075	4.36970e-05
1.61419e+03	1.66368e-02	1.09768e-02	5.06259	0.74792	4.36970e-05
1.61808e+03	1.66414e-02	7.30043e-03	5.27960	1.09405	4.36970e-05
1.62196e+03	1.66334e-02	5.35583e-03	5.51735	1.99749	4.36970e-05
1.62584e+03	1.66416e-02	2.59632e-03	6.03001	2.45861	4.36970e-05
1.62972e+03	1.66334e-02	2.20263e-03	6.25481	2.87068	4.36970e-05
1.63360e+03	1.66381e-02	3.67816e-03	5.18908	5.10883	4.36970e-05
1.63749e+03	1.66392e-02	7.44519e-03	5.58512	5.44760	4.36970e-05
1.64137e+03	1.66415e-02	8.45791e-03	5.01989	0.07559	4.36970e-05
1.64525e+03	1.66358e-02	8.87467e-03	4.63622	0.92145	4.36970e-05
1.64913e+03	1.66381e-02	1.29829e-02	4.61363	1.19616	4.36970e-05
1.65301e+03	1.66379e-02	1.41234e-02	4.78376	1.32669	4.36970e-05
1.65690e+03	1.66382e-02	1.08582e-02	4.98821	1.36546	4.36970e-05
1.66078e+03	1.66416e-02	5.39841e-03	4.70087	2.00734	4.36970e-05
1.66466e+03	1.66365e-02	4.42907e-03	3.71256	3.33877	4.36970e-05
1.66854e+03	1.66405e-02	5.94306e-03	3.42815	3.92453	4.36970e-05
1.67243e+03	1.66385e-02	5.01885e-03	3.47338	4.18899	4.36970e-05
1.67631e+03	1.66393e-02	2.07636e-03	2.96990	4.98875	4.36970e-05
1.68019e+03	1.66388e-02	5.67341e-03	1.41222	0.56929	4.36970e-05
1.68407e+03	1.66360e-02	9.55921e-03	1.52693	0.81926	4.36970e-05
1.68795e+03	1.66400e-02	1.33813e-02	1.60505	1.07711	4.36970e-05
1.69184e+03	1.66414e-02	1.30178e-02	1.68661	1.28582	4.36970e-05
1.69572e+03	1.66360e-02	9.39995e-03	1.63491	1.60087	4.36970e-05
1.69960e+03	1.66408e-02	7.16554e-03	0.91556	2.64815	4.36970e-05
1.70348e+03	1.66390e-02	9.79187e-03	0.87290	3.01516	4.36970e-05
1.70736e+03	1.66409e-02	1.08365e-02	0.95154	3.32589	4.36970e-05
1.71125e+03	1.66413e-02	1.03527e-02	1.12022	3.45562	4.36970e-05
1.71513e+03	1.66352e-02	3.61008e-03	1.56436	3.30659	4.36970e-05
1.71901e+03	1.66423e-02	3.50973e-03	4.56761	0.55271	4.36970e-05
1.72289e+03	1.66426e-02	7.22831e-03	4.98991	0.41842	4.36970e-05
1.72678e+03	1.66362e-02	6.94851e-03	4.96933	0.77341	4.36970e-05
1.73066e+03	1.66407e-02	6.39406e-03	4.76515	1.26330	4.36970e-05
1.73454e+03	1.66401e-02	6.70230e-03	4.04478	2.31624	4.36970e-05
1.73842e+03	1.66377e-02	1.11419e-02	3.85904	2.76355	4.36970e-05
1.74230e+03	1.66394e-02	1.43364e-02	3.99562	2.96039	4.36970e-05
1.74619e+03	1.66364e-02	1.41814e-02	4.10566	3.11206	4.36970e-05
1.75007e+03	1.66411e-02	8.69744e-03	4.20770	3.32793	4.36970e-05
1.75395e+03	1.66409e-02	3.60532e-03	3.38887	4.40533	4.36970e-05
1.75783e+03	1.66369e-02	7.19799e-03	3.00276	5.12064	4.36970e-05
1.76171e+03	1.66404e-02	6.75329e-03	3.03833	5.39689	4.36970e-05
1.76560e+03	1.66386e-02	5.14140e-03	3.25249	5.52579	4.36970e-05
1.76948e+03	1.66390e-02	1.25230e-03	0.57653	2.19226	4.36970e-05
1.77336e+03	1.66394e-02	7.35364e-03	0.60589	2.46051	4.36970e-05
1.77724e+03	1.66346e-02	1.11915e-02	0.75126	2.60240	4.36970e-05
1.78113e+03	1.66413e-02	1.20580e-02	0.88034	2.80278	4.36970e-05
1.78501e+03	1.66418e-02	9.19946e-03	0.82700	3.08502	4.36970e-05
1.78889e+03	1.66358e-02	6.26344e-03	0.21133	4.00153	4.36970e-05
1.79277e+03	1.66423e-02	1.00374e-02	0.01092	4.55217	4.36970e-05
1.79665e+03	1.66391e-02	1.15991e-02	0.03479	4.93608	4.36970e-05
1.80054e+03	1.66400e-02	1.26267e-02	0.20566	5.09453	4.36970e-05
1.80442e+03	1.66415e-02	7.81536e-03	0.49014	5.13787	4.36970e-05
1.80830e+03	1.66337e-02	1.90003e-03	1.57270	4.36881	4.36970e-05
1.81218e+03	1.66378e-02	1.38712e-03	5.43385	1.09368	4.36970e-05
1.81606e+03	1.66371e-02	3.98772e-03	4.11813	2.71052	4.36970e-05
1.81995e+03	1.66435e-02	7.71933e-03	4.15513	3.29159	4.36970e-05
1.82383e+03	1.66382e-02	1.01680e-02	4.39177	3.44140	4.36970e-05
1.82771e+03	1.66367e-02	1.12277e-02	4.67745	3.62269	4.36970e-05
1.83159e+03	1.66405e-02	1.04078e-02	4.46959	4.32766	4.36970e-05
1.83548e+03	1.66364e-02	1.27665e-02	4.76003	4.68342	4.36970e-05
1.83936e+03	1.66318e-02	1.07131e-02	6.09633	5.03845	4.36970e-05
1.84324e+03	1.66397e-02	1.09377e-02	0.46504	5.60590	4.36970e-05
1.84712e+03	1.66384e-02	8.54747e-03	0.25666	6.17943	4.36970e-05
1.85100e+03	1.66425e-02	6.11719e-03	0.13912	0.39935	4.36970e-05
1.85489e+03	1.66360e-02	3.10461e-03	5.83316	1.33522	4.36970e-05
1.85877e+03	1.66391e-02	4.73639e-03	5.10507	2.81801	4.36970e-05
1.86265e+03	1.66382e-02	7.19349e-03	5.42959	3.91233	4.36970e-05
1.86653e+03	1.66351e-02	8.65544e-03	0.25356	4.50263	4.36970e-05
1.87041e+03	1.66335e-02	1.20576e-02	1.07497	5.04337	4.36970e-05
1.87430e+03	1.66406e-02	1.19315e-02	1.40802	5.30493	4.36970e-05
1.87818e+03	1.66376e-02	1.13211e-02	1.71776	5.56553	4.36970e-05
1.88206e+03	1.66390e-02	8.82703e-03	1.97020	5.89747	4.36970e-05
1.88594e+03	1.66350e-02	9.08040e-03	2.69247	6.15261	4.36970e-05
1.88983e+03	1.66388e-02	1.04286e-02	2.87133	0.28740	4.36970e-05
1.89371e+03	1.66342e-02	8.48687e-03	3.55360	0.68374	4.36970e-05
1.89759e+03	1.66410e-02	3.02266e-03	3.22288	1.47206	4.36970e-05
1.90147e+03	1.66345e-02	3.10118e-03	2.64196	2.86039	4.36970e-05
1.90535e+03	1.66380e-02	3.01735e-03	2.15174	4.72564	4.36970e-05
1.90924e+03	1.66384e-02	5.48813e-03	3.64206	4.79110	4.36970e-05
1.91312e+03	1.66345e-02	6.92350e-03	4.59783	5.23859	4.36970e-05
1.91700e+03	1.66414e-02	6.44583e-03	4.55377	5.71528	4.36970e-05
1.92088e+03	1.66332e-02	9.79281e-03	4.45433	0.08492	4.36970e-05
1.92476e+03	1.66358e-02	1.11256e-02	5.48720	0.38660	4.36970e-05
1.92865e+03	1.66416e-02	8.61929e-03	5.93964	0.68855	4.36970e-05
1.93253e+03	1.66325e-02	7.66601e-03	0.30689	1.19366	4.36970e-05
1.93641e+03	1.66392e-02	5.66850e-03	1.04035	1.67803	4.36970e-05
1.94029e+03	1.66386e-02	5.64288e-03	1.26852	2.28122	4.36970e-05
1.94418e+03	1.66353e-02	1.76383e-03	1.71447	2.43192	4.36970e-05
1.94806e+03	1.66391e-02	7.60270e-04	4.28797	0.72781	4.36970e-05
1.95194e+03	1.66351e-02	1.22883e-03	0.57469	5.27505	4.36970e-05
1.95582e+03	1.66397e-02	4.55894e-03	0.13564	6.15938	4.36970e-05
1.95970e+03	1.66381e-02	7.66875e-03	0.60940	0.46733	4.36970e-05
1.96359e+03	1.66404e-02	9.60402e-03	0.65067	0.83408	4.36970e-05
1.96747e+03	1.66396e-02	8.46841e-03	0.79258	1.26897	4.36970e-05
1.97135e+03	1.66420e-02	6.14452e-03	0.92809	1.72330	4.36970e-05
1.97523e+03	1.66339e-02	2.98607e-03	0.61054	2.50535	4.36970e-05
1.97911e+03	1.66400e-02	1.80766e-03	1.16024	3.02034	4.36970e-05
1.98300e+03	1.66366e-02	4.08904e-04	1.36436	3.09549	4.36970e-05
1.98688e+03	1.66419e-02	1.87778e-03	5.97867	5.23500	4.36970e-05
1.99076e+03	1.66370e-02	2.60287e-03	5.99991	5.62813	4.36970e-05
1.99464e+03	1.66397e-02	4.03320e-03	5.82163	0.10631	4.36970e-05
1.99853e+03	1.66342e-02	5.12828e-03	0.01089	0.18987	4.36970e-05
2.00241e+03	1.66401e-02	5.64946e-03	0.04823	0.53356	4.36970e-05
2.00629e+03	1.66383e-02	2.88561e-03	5.67951	1.49992	4.36970e-05
2.01017e+03	1.66403e-02	6.12702e-03	5.66449	2.02598	4.36970e-05
2.01405e+03	1.66392e-02	5.11529e-03	5.85396	2.63517	4.36970e-05
2.01794e+03	1.66436e-02	4.61474e-03	0.40575	2.82190	4.36970e-05
2.02182e+03	1.66350e-02	3.63001e-03	6.04154	3.96828	4.36970e-05
2.02570e+03	1.66423e-02	2.46115e-03	1.29709	3.14991	4.36970e-05
2.02958e+03	1.66331e-02	2.76477e-03	3.72420	1.32132	4.36970e-05
2.03346e+03	1.66368e-02	2.95325e-03	4.66253	1.68090	4.36970e-05
2.03735e+03	1.66370e-02	5.46331e-03	5.51815	1.98315	4.36970e-05
2.04123e+03	1.66393e-02	5.04947e-03	5.58270	2.38903	4.36970e-05
2.04511e+03	1.66381e-02	6.97104e-03	0.12675	2.75101	4.36970e-05
2.04899e+03	1.66370e-02	3.59862e-03	0.60113	2.94113	4.36970e-05
2.05288e+03	1.66354e-02	4.64933e-03	1.45577	3.02531	4.36970e-05
2.05676e+03	1.66363e-02	4.93900e-03	1.92760	3.68266	4.36970e-05
2.06064e+03	1.66419e-02	2.80385e-03	1.04064	5.00172	4.36970e-05
2.06452e+03	1.66366e-02	1.36506e-03	0.29875	6.09241	4.36970e-05
2.06840e+03	1.66403e-02	2.44948e-03	5.19881	1.47185	4.36970e-05
2.07229e+03	1.66349e-02	4.87140e-03	4.71402	2.31167	4.36970e-05
2.07617e+03	1.66374e-02	6.94273e-03	4.57303	2.78219	4.36970e-05
2.08005e+03	1.66363e-02	8.53992e-03	4.39499	3.30195	4.36970e-05
2.08393e+03	1.66393e-02	9.12745e-03	4.26976	3.70230	4.36970e-05
2.08781e+03	1.66365e-02	8.94788e-03	4.16277	4.14292	4.36970e-05
2.09170e+03	1.66410e-02	7.76259e-03	4.09861	4.52442	4.36970e-05
2.09558e+03	1.66370e-02	5.76009e-03	3.89505	5.09588	4.36970e-05
2.09946e+03	1.66416e-02	3.59224e-03	3.68391	5.59314	4.36970e-05
2.10334e+03	1.66374e-02	1.88829e-03	3.35563	6.24738	4.36970e-05
2.10723e+03	1.66414e-02	2.13528e-03	6.05649	3.98017	4.36970e-05
2.11111e+03	1.66363e-02	3.56527e-03	0.13241	3.98415	4.36970e-05
2.11499e+03	1.66348e-02	4.78723e-03	1.00590	4.32662	4.36970e-05
2.11887e+03	1.66368e-02	4.09640e-03	1.89405	4.29592	4.36970e-05
2.12275e+03	1.66387e-02	5.54989e-03	2.27067	4.80264	4.36970e-05
2.12664e+03	1.66409e-02	3.61293e-03	3.06702	5.11655	4.36970e-05
2.13052e+03	1.66345e-02	6.42932e-03	3.69696	5.17560	4.36970e-05
2.13440e+03	1.66362e-02	3.90383e-03	4.38649	5.76052	4.36970e-05
2.13828e+03	1.66336e-02	3.47472e-03	4.31480	0.01843	4.36970e-05
2.14216e+03	1.66375e-02	1.53236e-03	5.49234	6.28318	4.36970e-05
2.14605e+03	1.66379e-02	1.49664e-03	5.84528	1.00103	4.36970e-05
2.14993e+03	1.66331e-02	2.49858e-03	3.84543	4.33083	4.36970e-05
2.15381e+03	1.66396e-02	2.87436e-03	4.66403	4.46890	4.36970e-05
2.15769e+03	1.66339e-02	3.53835e-03	3.79299	5.65849	4.36970e-05
2.16157e+03	1.66378e-02	3.40733e-03	4.74228	5.90932	4.36970e-05
2.16546e+03	1.66356e-02	2.08430e-03	5.54260	5.95256	4.36970e-05
2.16934e+03	1.66380e-02	4.96016e-03	4.92367	0.62428	4.36970e-05
2.17322e+03	1.66358e-02	7.70998e-03	4.97746	0.92565	4.36970e-05
2.17710e+03	1.66397e-02	5.49854e-03	5.28693	1.32891	4.36970e-05
2.18099e+03	1.66354e-02	4.17167e-03	4.87246	2.07573	4.36970e-05
2.18487e+03	1.66418e-02	4.77810e-03	4.89165	2.78852	4.36970e-05
2.18875e+03	1.66363e-02	4.06935e-03	5.12388	3.01238	4.36970e-05
2.19263e+03	1.66340e-02	3.80547e-03	5.13156	4.16873	4.36970e-05
2.19651e+03	1.66350e-02	4.61439e-03	5.64618	4.82158	4.36970e-05
2.20040e+03	1.66367e-02	7.89487e-03	6.19803	5.55394	4.36970e-05
2.20428e+03	1.66412e-02	6.39548e-03	6.09619	6.18399	4.36970e-05
2.20816e+03	1.66391e-02	5.59348e-03	5.97454	0.67450	4.36970e-05
2.21204e+03	1.66391e-02	5.82314e-03	0.41110	1.13487	4.36970e-05
2.21592e+03	1.66345e-02	4.97099e-03	1.11020	1.43189	4.36970e-05
2.21981e+03	1.66419e-02	5.20101e-03	1.05576	1.79124	4.36970e-05
2.22369e+03	1.66360e-02	3.37601e-03	0.18317	3.07757	4.36970e-05
2.22757e+03	1.66379e-02	3.80464e-03	0.47167	3.93025	4.36970e-05
2.23145e+03	1.66371e-02	3.01258e-03	0.58757	4.22461	4.36970e-05
2.23534e+03	1.66432e-02	4.85666e-03	0.62054	4.61148	4.36970e-05
2.23922e+03	1.66416e-02	3.47660e-03	0.72148	4.97139	4.36970e-05
2.24310e+03	1.66355e-02	2.05105e-03	0.99115	5.20778	4.36970e-05
2.24698e+03	1.66393e-02	4.25929e-03	0.70000	0.23731	4.36970e-05
2.25086e+03	1.66388e-02	7.25892e-03	0.47241	0.82368	4.36970e-05
2.25475e+03	1.66417e-02	7.52761e-03	0.37882	1.22131	4.36970e-05
2.25863e+03	1.66358e-02	8.36846e-03	0.24379	1.69374	4.36970e-05
2.26251e+03	1.66368e-02	8.13716e-03	6.21649	2.35061	4.36970e-05
2.26639e+03	1.66360e-02	6.72942e-03	5.90940	2.94674	4.36970e-05
2.27027e+03	1.66432e-02	5.99194e-03	5.78950	3.37793	4.36970e-05
2.27416e+03	1.66391e-02	4.03134e-03	5.13905	4.33067	4.36970e-05
2.27804e+03	1.66414e-02	3.54338e-03	4.81295	5.46666	4.36970e-05
2.28192e+03	1.66332e-02	4.44586e-03	3.94542	0.83637	4.36970e-05
2.28580e+03	1.66360e-02	4.51277e-03	4.71866	1.31090	4.36970e-05
2.28969e+03	1.66330e-02	7.03830e-03	4.80108	1.62921	4.36970e-05
2.29357e+03	1.66386e-02	8.46963e-03	5.75534	1.92587	4.36970e-05
2.29745e+03	1.66365e-02	7.37547e-03	5.82594	2.32071	4.36970e-05
2.30133e+03	1.66428e-02	8.10576e-03	6.26248	2.43286	4.36970e-05
2.30521e+03	1.66371e-02	6.56124e-03	0.19127	2.79832	4.36970e-05
2.30910e+03	1.66381e-02	8.66888e-03	0.73553	2.93559	4.36970e-05
2.31298e+03	1.66363e-02	5.03156e-03	0.43395	3.80050	4.36970e-05
2.31686e+03	1.66404e-02	5.65773e-03	0.21393	4.50919	4.36970e-05
2.32074e+03	1.66358e-02	4.28093e-03	5.54856	6.02912	4.36970e-05
2.32462e+03	1.66383e-02	6.40923e-03	5.76815	0.71145	4.36970e-05
2.32851e+03	1.66433e-02	5.41466e-03	5.76878	1.55601	4.36970e-05
2.33239e+03	1.66320e-02	5.47507e-03	0.06137	1.81209	4.36970e-05
2.33627e+03	1.66388e-02	6.50493e-03	0.76892	2.59735	4.36970e-05
2.34015e+03	1.66365e-02	7.41090e-03	1.95834	3.05919	4.36970e-05
2.34404e+03	1.66354e-02	9.72303e-03	2.77056	3.65511	4.36970e-05
2.34792e+03	1.66417e-02	7.33564e-03	2.99556	4.18663	4.36970e-05
2.35180e+03	1.66363e-02	5.06247e-03	2.89231	4.97369	4.36970e-05
2.35568e+03	1.66356e-02	5.44910e-03	3.60399	5.43673	4.36970e-05
2.35956e+03	1.66404e-02	3.62013e-03	3.84538	6.23308	4.36970e-05
2.36345e+03	1.66379e-02	6.50662e-03	3.55839	0.73108	4.36970e-05
2.36733e+03	1.66399e-02	5.01309e-03	3.91537	0.96121	4.36970e-05
2.37121e+03	1.66364e-02	5.76228e-03	4.06172	1.27285	4.36970e-05
2.37509e+03	1.66392e-02	6.16781e-03	4.39872	2.06432	4.36970e-05
2.37897e+03	1.66373e-02	4.79001e-03	3.70078	3.28992	4.36970e-05
2.38286e+03	1.66393e-02	6.43019e-03	3.90002	4.04446	4.36970e-05
2.38674e+03	1.66336e-02	5.32282e-03	4.61525	4.52624	4.36970e-05
2.39062e+03	1.66408e-02	6.72318e-03	5.25276	4.90171	4.36970e-05
2.39450e+03	1.66354e-02	7.08573e-03	5.16856	5.37084	4.36970e-05
2.39839e+03	1.66382e-02	6.86077e-03	4.81441	0.05040	4.36970e-05
2.40227e+03	1.66336e-02	5.73713e-03	4.75240	0.72143	4.36970e-05
2.40615e+03	1.66355e-02	3.82354e-03	4.72814	1.51547	4.36970e-05
2.41003e+03	1.66328e-02	2.62435e-03	4.45971	2.70197	4.36970e-05
2.41391e+03	1.66353e-02	2.64475e-03	4.75208	3.36010	4.36970e-05
2.41780e+03	1.66345e-02	3.33720e-03	4.78069	4.14070	4.36970e-05
2.42168e+03	1.66408e-02	3.59499e-03	4.76294	4.75080	4.36970e-05
2.42556e+03	1.66411e-02	4.12135e-03	4.78363	5.05018	4.36970e-05
2.42944e+03	1.66383e-02	3.88355e-03	4.88085	5.67973	4.36970e-05
2.43332e+03	1.66391e-02	2.78171e-03	4.95674	0.17196	4.36970e-05
2.43721e+03	1.66387e-02	2.88521e-03	5.34162	6.14492	4.36970e-05
2.44109e+03	1.66414e-02	4.10900e-03	4.62948	0.41336	4.36970e-05
2.44497e+03	1.66416e-02	3.43355e-03	3.97163	0.74033	4.36970e-05
2.44885e+03	1.66442e-02	3.44117e-03	2.70454	1.60902	4.36970e-05
2.45274e+03	1.66361e-02	5.09969e-03	2.70363	1.72554	4.36970e-05
2.45662e+03	1.66394e-02	2.54003e-03	1.26237	3.42547	4.36970e-05
2.46050e+03	1.66368e-02	1.74917e-03	1.75916	4.04477	4.36970e-05
2.46438e+03	1.66370e-02	2.71082e-03	2.78482	4.42821	4.36970e-05
2.46826e+03	1.66357e-02	3.84601e-03	3.77922	4.64336	4.36970e-05
2.47215e+03	1.66396e-02	3.46443e-03	3.71004	5.32143	4.36970e-05
2.47603e+03	1.66358e-02	4.29466e-03	3.83776	6.16399	4.36970e-05
2.47991e+03	1.66418e-02	3.74635e-03	3.93702	0.39227	4.36970e-05
2.48379e+03	1.66379e-02	2.83755e-03	2.90695	2.12508	4.36970e-05
2.48767e+03	1.66347e-02	4.78369e-03	3.86533	2.45359	4.36970e-05
2.49156e+03	1.66367e-02	5.38036e-03	5.23516	2.60864	4.36970e-05
2.49544e+03	1.66366e-02	7.23692e-03	6.15093	3.05391	4.36970e-05
2.49932e+03	1.66374e-02	6.75046e-03	0.62406	3.63125	4.36970e-05
2.50320e+03	1.66363e-02	5.26041e-03	1.66099	4.18529	4.36970e-05
2.50709e+03	1.66359e-02	2.85844e-03	2.87144	4.44036	4.36970e-05
2.51097e+03	1.66360e-02	2.51304e-03	3.76627	5.10696	4.36970e-05
2.51485e+03	1.66316e-02	3.22719e-03	5.30587	5.41686	4.36970e-05
2.51873e+03	1.66333e-02	3.40426e-03	0.34774	5.98452	4.36970e-05
2.52261e+03	1.66317e-02	1.39844e-03	1.66339	0.34252	4.36970e-05
2.52650e+03	1.66348e-02	1.22932e-03	1.32507	2.57351	4.36970e-05
2.53038e+03	1.66354e-02	2.73499e-03	3.26849	2.76195	4.36970e-05
2.53426e+03	1.66303e-02	3.77700e-03	4.63560	3.58330	4.36970e-05
2.53814e+03	1.66311e-02	2.51834e-03	0.81198	4.18250	4.36970e-05
2.54202e+03	1.66340e-02	4.71988e-03	2.50258	4.63099	4.36970e-05
2.54591e+03	1.66343e-02	5.46235e-03	3.54989	4.76531	4.36970e-05
2.54979e+03	1.66397e-02	4.61790e-03	4.02536	5.01394	4.36970e-05
2.55367e+03	1.66383e-02	5.49875e-03	3.89197	5.58275	4.36970e-05
2.55755e+03	1.66372e-02	5.26937e-03	4.26141	5.82559	4.36970e-05
2.56144e+03	1.66359e-02	4.32369e-03	4.31957	0.03395	4.36970e-05
2.56532e+03	1.66401e-02	3.23515e-03	4.36817	0.20403	4.36970e-05
2.56920e+03	1.66436e-02	2.14719e-03	3.56633	1.11880	4.36970e-05
2.57308e+03	1.66390e-02	3.33219e-03	2.50026	2.36925	4.36970e-05
2.57696e+03	1.66410e-02	3.02574e-03	1.20920	3.90395	4.36970e-05
2.58085e+03	1.66383e-02	3.68433e-03	0.72085	4.43356	4.36970e-05
2.58473e+03	1.66359e-02	3.86847e-03	0.11239	5.04876	4.36970e-05
2.58861e+03	1.66306e-02	8.40277e-03	1.22195	5.35656	4.36970e-05
2.59249e+03	1.66236e-02	7.41946e-03	4.62024	5.89776	4.36970e-05
2.59637e+03	1.66280e-02	8.61039e-03	1.91012	6.27803	4.36970e-05
2.60026e+03	1.66314e-02	1.50514e-02	4.67698	0.26653	4.36970e-05
2.60414e+03	1.66266e-02	9.29018e-03	1.76863	0.36254	4.36970e-05
2.60802e+03	1.66316e-02	6.90681e-03	4.74217	0.62771	4.36970e-05
2.61190e+03	1.66309e-02	3.78920e-03	6.00418	2.45970	4.36970e-05
2.61579e+03	1.66266e-02	6.83356e-03	3.27875	3.64788	4.36970e-05
2.61967e+03	1.66193e-02	1.23348e-02	1.32810	4.44126	4.36970e-05
2.62355e+03	1.66323e-02	1.46762e-02	5.27257	5.25364	4.36970e-05
2.62743e+03	1.66282e-02	1.19648e-02	2.31816	5.38668	4.36970e-05
2.63131e+03	1.66272e-02	7.74982e-03	4.92788	0.08929	4.36970e-05
2.63520e+03	1.66332e-02	1.08421e-02	1.11087	0.49408	4.36970e-05
2.63908e+03	1.66338e-02	1.63057e-02	5.39776	0.51629	4.36970e-05
2.64296e+03	1.66239e-02	1.46083e-02	3.25838	0.35572	4.36970e-05
2.64684e+03	1.66302e-02	1.02354e-02	1.72473	0.14714	4.36970e-05
2.65072e+03	1.66287e-02	4.97299e-03	1.09293	5.72602	4.36970e-05
2.65461e+03	1.66251e-02	6.09544e-03	5.07927	5.07091	4.36970e-05
2.65849e+03	1.66209e-02	6.67743e-03	4.69567	5.17401	4.36970e-05
2.66237e+03	1.66259e-02	8.74477e-03	1.95460	5.52216	4.36970e-05
2.66625e+03	1.66275e-02	1.13778e-02	5.79618	5.56690	4.36970e-05
2.67014e+03	1.66318e-02	1.15242e-02	4.26337	5.63606	4.36970e-05
2.67402e+03	1.66211e-02	8.94920e-03	4.26199	5.79925	4.36970e-05
2.67790e+03	1.66106e-02	6.99579e-03	4.46376	6.21526	4.36970e-05
2.68178e+03	1.66216e-02	1.21309e-02	4.11481	0.08439	4.36970e-05
2.68566e+03	1.66162e-02	1.63597e-02	5.13600	0.13678	4.36970e-05
2.68955e+03	1.66248e-02	1.27323e-02	3.82012	0.69029	4.36970e-05
2.69343e+03	1.66180e-02	1.07375e-02	2.22842	1.08054	4.36970e-05
2.69731e+03	1.66110e-02	1.07204e-02	4.04548	0.88303	4.36970e-05
2.70119e+03	1.66125e-02	8.13080e-03	1.05867	0.92388	4.36970e-05
2.70507e+03	1.66038e-02	6.91833e-03	4.51088	0.79554	4.36970e-05
2.70896e+03	1.66196e-02	6.58892e-03	0.43903	5.94634	4.36970e-05
2.71284e+03	1.66110e-02	1.07362e-02	2.45302	6.19101	4.36970e-05
2.71672e+03	1.66013e-02	1.98978e-02	5.15364	6.13834	4.36970e-05
2.72060e+03	1.66162e-02	1.97025e-02	4.14839	5.80700	4.36970e-05
2.72449e+03	1.66052e-02	1.23944e-02	3.72802	5.53303	4.36970e-05
2.72837e+03	1.65964e-02	4.35773e-03	5.58867	2.08102	4.36970e-05
2.73225e+03	1.66042e-02	1.35920e-02	4.43038	1.75150	4.36970e-05
2.73613e+03	1.65956e-02	1.29563e-02	5.74762	1.67873	4.36970e-05
2.74001e+03	1.65923e-02	1.41490e-02	0.90735	2.10841	4.36970e-05
2.74390e+03	1.65993e-02	1.09738e-02	0.98129	2.78145	4.36970e-05
2.74778e+03	1.65920e-02	1.30186e-03	0.20993	4.54574	4.36970e-05
2.75166e+03	1.65955e-02	8.55621e-03	6.13937	5.77792	4.36970e-05
2.75554e+03	1.65960e-02	1.11173e-02	3.30218	5.89602	4.36970e-05
2.75942e+03	1.65942e-02	1.38164e-02	2.85733	0.28877	4.36970e-05
2.76331e+03	1.65951e-02	1.54832e-02	4.47726	0.67133	4.36970e-05
2.76719e+03	1.65945e-02	1.67537e-02	5.75255	1.38302	4.36970e-05
2.77107e+03	1.65805e-02	1.15586e-02	3.64019	2.18487	4.36970e-05
2.77495e+03	1.65832e-02	9.15138e-03	1.87764	2.33076	4.36970e-05
2.77884e+03	1.65852e-02	8.08116e-03	5.16993	2.98336	4.36970e-05
2.78272e+03	1.65829e-02	6.98684e-03	2.07323	4.08060	4.36970e-05
2.78660e+03	1.65756e-02	8.87077e-03	2.06709	4.63696	4.36970e-05
2.79048e+03	1.65792e-02	1.06230e-02	6.07306	5.68706	4.36970e-05
2.79436e+03	1.65912e-02	1.33452e-02	2.58730	0.10430	4.36970e-05
2.79825e+03	1.65941e-02	1.53915e-02	5.20540	0.57433	4.36970e-05
2.80213e+03	1.65852e-02	1.52364e-02	1.49311	1.05933	4.36970e-05
2.80601e+03	1.65940e-02	1.50000e-02	3.57050	1.66925	4.36970e-05
2.80989e+03	1.65949e-02	1.31292e-02	4.97884	2.29909	4.36970e-05
2.81377e+03	1.65887e-02	1.07494e-02	6.03365	2.93362	4.36970e-05
2.81766e+03	1.65944e-02	9.43697e-03	1.03484	3.72250	4.36970e-05
2.82154e+03	1.65882e-02	7.13120e-03	2.84106	4.48155	4.36970e-05
2.82542e+03	1.65914e-02	7.40610e-03	4.57147	5.67874	4.36970e-05
2.82930e+03	1.65871e-02	1.11906e-02	0.72916	0.29095	4.36970e-05
2.83319e+03	1.65845e-02	1.64116e-02	3.97402	0.92588	4.36970e-05
2.83707e+03	1.65894e-02	2.00841e-02	1.30839	1.49926	4.36970e-05
2.84095e+03	1.65902e-02	2.19472e-02	4.86304	1.85743	4.36970e-05
2.84483e+03	1.65857e-02	2.10277e-02	2.25032	2.30656	4.36970e-05
2.84871e+03	1.65839e-02	1.81199e-02	5.84328	2.68868	4.36970e-05
2.85260e+03	1.65846e-02	1.34467e-02	3.37073	3.06382	4.36970e-05
2.85648e+03	1.65884e-02	8.59674e-03	0.86013	3.55297	4.36970e-05
2.86036e+03	1.65886e-02	2.69844e-03	3.71949	4.53037	4.36970e-05
2.86424e+03	1.65838e-02	4.10905e-03	5.05705	0.59161	4.36970e-05
2.86812e+03	1.65909e-02	9.34598e-03	1.60681	1.21684	4.36970e-05
2.87201e+03	1.65872e-02	1.36721e-02	4.58527	1.72627	4.36970e-05
2.87589e+03	1.65865e-02	1.85876e-02	1.31950	2.19280	4.36970e-05
2.87977e+03	1.65900e-02	2.32227e-02	4.52163	2.56508	4.36970e-05
2.88365e+03	1.65854e-02	2.41384e-02	1.37961	2.90310	4.36970e-05
2.88753e+03	1.65888e-02	2.19626e-02	4.47640	3.26487	4.36970e-05
2.89142e+03	1.65906e-02	1.82226e-02	1.20444	3.71171	4.36970e-05
2.89530e+03	1.65869e-02	1.25168e-02	4.29451	4.18693	4.36970e-05
2.89918e+03	1.65863e-02	5.83985e-03	0.54934	4.98711	4.36970e-05
2.90306e+03	1.65869e-02	5.48199e-03	2.25134	0.49476	4.36970e-05
2.90695e+03	1.65897e-02	9.09756e-03	4.78745	1.38451	4.36970e-05
2.91083e+03	1.65909e-02	1.38073e-02	1.23221	2.13118	4.36970e-05
2.91471e+03	1.65896e-02	1.76656e-02	3.75343	2.57890	4.36970e-05
2.91859e+03	1.65923e-02	2.05799e-02	6.22819	3.11739	4.36970e-05
2.92247e+03	1.65852e-02	2.14969e-02	2.94885	3.54080	4.36970e-05
2.92636e+03	1.65896e-02	1.95933e-02	6.25330	3.98810	4.36970e-05
2.93024e+03	1.65884e-02	1.63014e-02	3.52422	4.48658	4.36970e-05
2.93412e+03	1.65855e-02	1.19378e-02	0.51287	5.15318	4.36970e-05
2.93800e+03	1.65870e-02	8.90620e-03	3.09844	6.20920	4.36970e-05
2.94188e+03	1.65847e-02	1.03496e-02	5.82967	0.90649	4.36970e-05
2.94577e+03	1.65866e-02	1.21093e-02	2.65894	1.71478	4.36970e-05
2.94965e+03	1.65820e-02	1.36121e-02	5.85897	2.36887	4.36970e-05
2.95353e+03	1.65846e-02	1.46420e-02	2.97859	2.95482	4.36970e-05
2.95741e+03	1.65892e-02	1.68475e-02	0.36852	3.59473	4.36970e-05
2.96130e+03	1.65896e-02	1.78338e-02	3.80193	4.16035	4.36970e-05
2.96518e+03	1.65880e-02	1.77600e-02	0.85087	4.71130	4.36970e-05
2.96906e+03	1.65855e-02	1.67557e-02	4.16998	5.27124	4.36970e-05
2.97294e+03	1.65906e-02	1.40232e-02	1.07154	5.89123	4.36970e-05
2.97682e+03	1.65897e-02	1.10277e-02	4.23121	0.33027	4.36970e-05
2.98071e+03	1.65840e-02	1.04834e-02	0.90355	1.20385	4.36970e-05
2.98459e+03	1.65855e-02	1.13500e-02	3.98575	2.09375	4.36970e-05
2.98847e+03	1.65909e-02	1.33316e-02	0.88436	2.88643	4.36970e-05
2.99235e+03	1.65892e-02	1.48308e-02	4.25489	3.56418	4.36970e-05
2.99623e+03	1.65870e-02	1.72424e-02	1.32098	4.26319	4.36970e-05
3.00012e+03	1.65835e-02	1.91044e-02	4.72044	4.83942	4.36970e-05
3.00400e+03	1.65890e-02	2.03239e-02	1.80751	5.37317	4.36970e-05
3.00788e+03	1.65870e-02	2.00087e-02	5.29449	5.85543	4.36970e-05
3.01176e+03	1.65875e-02	1.70483e-02	2.47067	0.07628	4.36970e-05
3.01565e+03	1.65813e-02	1.29811e-02	5.82653	0.76735	4.36970e-05
3.01953e+03	1.65842e-02	1.10324e-02	2.70578	1.64648	4.36970e-05
3.02341e+03	1.65905e-02	1.27659e-02	5.89674	2.53881	4.36970e-05
3.02729e+03	1.65896e-02	1.41753e-02	2.97234	3.25352	4.36970e-05
3.03117e+03	1.65872e-02	1.56595e-02	0.02864	4.00336	4.36970e-05
3.03506e+03	1.65839e-02	1.75071e-02	3.32283	4.75769	4.36970e-05
3.03894e+03	1.65854e-02	1.95559e-02	0.48170	5.41018	4.36970e-05
3.04282e+03	1.65878e-02	1.97126e-02	3.94062	6.00191	4.36970e-05
3.04670e+03	1.65884e-02	1.95838e-02	1.16916	0.29682	4.36970e-05
3.05058e+03	1.65828e-02	1.70976e-02	4.59058	0.92509	4.36970e-05
3.05447e+03	1.65823e-02	1.68408e-02	1.67488	1.64531	4.36970e-05
3.05835e+03	1.65875e-02	1.73019e-02	4.95578	2.41972	4.36970e-05
3.06223e+03	1.65896e-02	1.77458e-02	2.06425	3.12570	4.36970e-05
3.06611e+03	1.65906e-02	1.76486e-02	5.49818	3.75177	4.36970e-05
3.07000e+03	1.65855e-02	1.61118e-02	2.58635	4.48306	4.36970e-05
3.07388e+03	1.65817e-02	1.52428e-02	5.82887	5.30612	4.36970e-05
3.07776e+03	1.65859e-02	1.73230e-02	3.00684	5.95647	4.36970e-05
3.08164e+03	1.65887e-02	1.88398e-02	0.16052	0.30605	4.36970e-05
3.08552e+03	1.65901e-02	1.85725e-02	3.64189	0.93673	4.36970e-05
3.08941e+03	1.65876e-02	1.78299e-02	0.71436	1.65583	4.36970e-05
3.09329e+03	1.65833e-02	1.84673e-02	4.02794	2.44858	4.36970e-05
3.09717e+03	1.65855e-02	1.92053e-02	1.11736	3.14347	4.36970e-05
3.10105e+03	1.65869e-02	1.89833e-02	4.62509	3.74607	4.36970e-05
3.10493e+03	1.65868e-02	1.90630e-02	1.69900	4.45363	4.36970e-05
3.10882e+03	1.65851e-02	2.08601e-02	5.11532	5.12025	4.36970e-05
3.11270e+03	1.65836e-02	2.19751e-02	2.26145	5.76393	4.36970e-05
3.11658e+03	1.65872e-02	2.16727e-02	5.73517	0.11150	4.36970e-05
3.12046e+03	1.65893e-02	1.84157e-02	2.88036	0.74871	4.36970e-05
3.12435e+03	1.65893e-02	1.47249e-02	6.21157	1.50387	4.36970e-05
3.12823e+03	1.65859e-02	1.33069e-02	2.99197	2.48455	4.36970e-05
3.13211e+03	1.65803e-02	1.56205e-02	6.17304	3.37684	4.36970e-05
3.13599e+03	1.65856e-02	2.06495e-02	3.22490	4.04523	4.36970e-05
3.13987e+03	1.65899e-02	2.39428e-02	0.40199	4.63499	4.36970e-05
3.14376e+03	1.65895e-02	2.56223e-02	3.83074	5.21885	4.36970e-05
3.14764e+03	1.65869e-02	2.58076e-02	1.01992	5.80564	4.36970e-05
3.15152e+03	1.65844e-02	2.50953e-02	4.45651	0.11483	4.36970e-05
3.15540e+03	1.65870e-02	2.25854e-02	1.65964	0.69144	4.36970e-05
3.15928e+03	1.65849e-02	1.78441e-02	5.12547	1.25555	4.36970e-05
3.16317e+03	1.65868e-02	1.26034e-02	2.09375	2.07649	4.36970e-05
3.16705e+03	1.65833e-02	1.12982e-02	5.12853	3.13400	4.36970e-05
3.17093e+03	1.65837e-02	1.53585e-02	1.90243	4.12481	4.36970e-05
3.17481e+03	1.65893e-02	2.02832e-02	5.28754	4.82830	4.36970e-05
3.17870e+03	1.65895e-02	2.25677e-02	2.45313	5.42765	4.36970e-05
3.18258e+03	1.65907e-02	2.36804e-02	5.92937	6.03791	4.36970e-05
3.18646e+03	1.65848e-02	2.43697e-02	3.10162	0.35103	4.36970e-05
3.19034e+03	1.65801e-02	2.39559e-02	0.34203	0.90732	4.36970e-05
3.19422e+03	1.65873e-02	2.38914e-02	3.89329	1.40344	4.36970e-05
3.19811e+03	1.65881e-02	2.04324e-02	1.13654	1.95786	4.36970e-05
3.20199e+03	1.65890e-02	1.63820e-02	4.52132	2.62453	4.36970e-05
3.20587e+03	1.65867e-02	1.30527e-02	1.45528	3.51360	4.36970e-05
3.20975e+03	1.65840e-02	1.31463e-02	4.50512	4.51169	4.36970e-05
3.21363e+03	1.65860e-02	1.49330e-02	1.45736	5.34702	4.36970e-05
3.21752e+03	1.65851e-02	1.66548e-02	4.77036	6.05774	4.36970e-05
3.22140e+03	1.65869e-02	1.94792e-02	1.79958	0.49992	4.36970e-05
3.22528e+03	1.65816e-02	2.21724e-02	5.15570	1.12316	4.36970e-05
3.22916e+03	1.65837e-02	2.53992e-02	2.32929	1.68700	4.36970e-05
3.23305e+03	1.65900e-02	2.59127e-02	5.76242	2.24993	4.36970e-05
3.23693e+03	1.65875e-02	2.45558e-02	2.96423	2.78593	4.36970e-05
3.24081e+03	1.65882e-02	2.04826e-02	0.06721	3.39664	4.36970e-05
3.24469e+03	1.65855e-02	1.69570e-02	3.33299	4.14305	4.36970e-05
3.24857e+03	1.65863e-02	1.42804e-02	0.17066	4.98764	4.36970e-05
3.25246e+03	1.65883e-02	1.44322e-02	3.26968	5.89127	4.36970e-05
3.25634e+03	1.65894e-02	1.57515e-02	0.14777	0.41275	4.36970e-05
3.26022e+03	1.65856e-02	1.74388e-02	3.39542	1.17442	4.36970e-05
3.26410e+03	1.65815e-02	1.91989e-02	0.38419	1.86559	4.36970e-05
3.26798e+03	1.65868e-02	2.15129e-02	3.79612	2.46840	4.36970e-05
3.27187e+03	1.65836e-02	2.35600e-02	0.89131	3.06516	4.36970e-05
3.27575e+03	1.65852e-02	2.31025e-02	4.38424	3.59116	4.36970e-05
3.27963e+03	1.65835e-02	2.15891e-02	1.46528	4.19530	4.36970e-05
3.28351e+03	1.65863e-02	1.87386e-02	4.78069	4.90070	4.36970e-05
3.28740e+03	1.65894e-02	1.73241e-02	1.62254	5.73301	4.36970e-05
3.29128e+03	1.65894e-02	1.72295e-02	4.85918	0.21722	4.36970e-05
3.29516e+03	1.65860e-02	1.86120e-02	1.77186	0.97955	4.36970e-05
3.29904e+03	1.65848e-02	1.88371e-02	5.07485	1.66909	4.36970e-05
3.30292e+03	1.65890e-02	1.85303e-02	2.02696	2.38849	4.36970e-05
3.30681e+03	1.65883e-02	1.88806e-02	5.32518	3.08414	4.36970e-05
3.31069e+03	1.65868e-02	1.91922e-02	2.29844	3.78430	4.36970e-05
3.31457e+03	1.65821e-02	1.92901e-02	5.61503	4.45856	4.36970e-05
3.31845e+03	1.65843e-02	1.76784e-02	2.65483	5.08991	4.36970e-05
3.32233e+03	1.65844e-02	1.76571e-02	5.92487	5.81554	4.36970e-05
3.32622e+03	1.65859e-02	1.72731e-02	2.78573	0.34447	4.36970e-05
3.33010e+03	1.65822e-02	1.98857e-02	6.10673	1.03865	4.36970e-05
3.33398e+03	1.65865e-02	2.21455e-02	3.15647	1.68805	4.36970e-05
3.33786e+03	1.65924e-02	2.36594e-02	0.29185	2.28693	4.36970e-05
3.34175e+03	1.65894e-02	2.17476e-02	3.67594	2.86184	4.36970e-05
3.34563e+03	1.65874e-02	1.93475e-02	0.74088	3.52706	4.36970e-05
3.34951e+03	1.65846e-02	1.72220e-02	3.96800	4.29495	4.36970e-05
3.35339e+03	1.65885e-02	1.53359e-02	0.88074	5.11971	4.36970e-05
3.35727e+03	1.65863e-02	1.53384e-02	3.97248	5.93880	4.36970e-05
3.36116e+03	1.65900e-02	1.58382e-02	0.64516	0.45147	4.36970e-05
3.36504e+03	1.65877e-02	1.72772e-02	3.36528	1.14418	4.36970e-05
3.36892e+03	1.65905e-02	1.95070e-02	5.99813	1.88232	4.36970e-05
3.37280e+03	1.65841e-02	2.46041e-02	3.74456	2.54248	4.36970e-05
3.37668e+03	1.65836e-02	2.45919e-02	1.70559	3.08369	4.36970e-05
3.38057e+03	1.65877e-02	2.65392e-02	6.14871	3.65697	4.36970e-05
3.38445e+03	1.65854e-02	2.42333e-02	4.61882	4.17779	4.36970e-05
3.38833e+03	1.65824e-02	1.97533e-02	2.82071	4.78172	4.36970e-05
3.39221e+03	1.65867e-02	1.63730e-02	0.67803	5.42339	4.36970e-05
3.39610e+03	1.65816e-02	1.27552e-02	4.69404	6.26772	4.36970e-05
3.39998e+03	1.65831e-02	1.29647e-02	2.32191	0.90193	4.36970e-05
3.40386e+03	1.65773e-02	1.28380e-02	0.09933	1.84096	4.36970e-05
3.40774e+03	1.65764e-02	1.59279e-02	4.88481	2.79518	4.36970e-05
3.41162e+03	1.65761e-02	1.93185e-02	4.34006	3.42307	4.36970e-05
3.41551e+03	1.65784e-02	2.37823e-02	4.12468	4.07691	4.36970e-05
3.41939e+03	1.65785e-02	2.52650e-02	4.24479	4.64413	4.36970e-05
3.42327e+03	1.65766e-02	2.69814e-02	4.17953	5.15315	4.36970e-05
3.42715e+03	1.65704e-02	2.53157e-02	4.88122	5.74573	4.36970e-05
3.43103e+03	1.65633e-02	2.47149e-02	1.39446	6.27491	4.36970e-05
3.43492e+03	1.65674e-02	2.04595e-02	4.74172	0.55197	4.36970e-05
3.43880e+03	1.65721e-02	1.64334e-02	1.64568	1.28650	4.36970e-05
3.44268e+03	1.65623e-02	1.23387e-02	4.70109	1.98037	4.36970e-05
3.44656e+03	1.65622e-02	9.12972e-03	1.17295	3.01892	4.36970e-05
3.45045e+03	1.65670e-02	1.02592e-02	3.95831	4.07666	4.36970e-05
3.45433e+03	1.65606e-02	1.26327e-02	1.00678	5.00181	4.36970e-05
3.45821e+03	1.65698e-02	1.69002e-02	4.75863	5.73708	4.36970e-05
3.46209e+03	1.65646e-02	2.14237e-02	2.04917	0.10393	4.36970e-05
3.46597e+03	1.65594e-02	2.29654e-02	5.61306	0.72824	4.36970e-05
3.46986e+03	1.65514e-02	2.76296e-02	4.38259	1.29802	4.36970e-05
3.47374e+03	1.65597e-02	2.70670e-02	3.33225	1.85765	4.36970e-05
3.47762e+03	1.65511e-02	2.76424e-02	2.36011	2.33945	4.36970e-05
3.48150e+03	1.65420e-02	2.45460e-02	6.14670	2.76352	4.36970e-05
3.48538e+03	1.65452e-02	2.23303e-02	3.28115	3.28953	4.36970e-05
3.48927e+03	1.65472e-02	1.93237e-02	0.60567	3.89445	4.36970e-05
3.49315e+03	1.65379e-02	1.50258e-02	4.46559	4.44353	4.36970e-05
3.49703e+03	1.65420e-02	6.84993e-03	2.76379	5.42191	4.36970e-05
3.50091e+03	1.65474e-02	7.28574e-03	5.48948	0.91055	4.36970e-05
3.50480e+03	1.65436e-02	1.36754e-02	2.56789	1.91803	4.36970e-05
3.50868e+03	1.65393e-02	1.89536e-02	6.12681	2.53590	4.36970e-05
3.51256e+03	1.65245e-02	2.91707e-02	0.67887	3.13998	4.36970e-05
3.51644e+03	1.65329e-02	3.16732e-02	3.47492	3.68114	4.36970e-05
3.52032e+03	1.65174e-02	3.59273e-02	0.75692	4.10999	4.36970e-05
3.52421e+03	1.65267e-02	3.46163e-02	5.53144	4.57143	4.36970e-05
3.52809e+03	1.65370e-02	3.00029e-02	2.97881	4.95648	4.36970e-05
3.53197e+03	1.65310e-02	2.90163e-02	6.04959	5.39488	4.36970e-05
3.53585e+03	1.65241e-02	1.99784e-02	3.33207	5.73477	4.36970e-05
3.53973e+03	1.65208e-02	1.13431e-02	0.82401	6.00995	4.36970e-05
3.54362e+03	1.65237e-02	4.16936e-03	5.01297	5.86935	4.36970e-05
3.54750e+03	1.65285e-02	6.75820e-03	3.69636	4.41270	4.36970e-05
3.55138e+03	1.65234e-02	1.72997e-02	0.76452	4.73566	4.36970e-05
3.55526e+03	1.65222e-02	2.64049e-02	6.12815	5.01559	4.36970e-05
3.55915e+03	1.65267e-02	3.20171e-02	4.60265	5.32454	4.36970e-05
3.56303e+03	1.65121e-02	3.62833e-02	4.31289	5.74727	4.36970e-05
3.56691e+03	1.65185e-02	3.78889e-02	3.15315	6.22061	4.36970e-05
3.57079e+03	1.64995e-02	3.90264e-02	5.83514	0.24558	4.36970e-05
3.57467e+03	1.64891e-02	3.60172e-02	0.36317	0.61990	4.36970e-05
3.57856e+03	1.65113e-02	2.78436e-02	6.10040	0.96272	4.36970e-05
3.58244e+03	1.64920e-02	2.19980e-02	4.03169	1.23301	4.36970e-05
3.58632e+03	1.64948e-02	1.18932e-02	2.85357	1.22816	4.36970e-05
3.59020e+03	1.64917e-02	1.10990e-02	4.33601	0.60583	4.36970e-05
3.59408e+03	1.64930e-02	1.79858e-02	6.26140	0.46235	4.36970e-05
3.59797e+03	1.64862e-02	2.71191e-02	2.49950	0.56146	4.36970e-05
3.60185e+03	1.64982e-02	3.20741e-02	4.91908	0.89281	4.36970e-05
3.60573e+03	1.64989e-02	3.88053e-02	4.11016	1.18983	4.36970e-05
3.60961e+03	1.64980e-02	4.22624e-02	3.98645	1.55432	4.36970e-05
3.61349e+03	1.64862e-02	4.08754e-02	4.82807	1.96321	4.36970e-05
3.61738e+03	1.65028e-02	3.47089e-02	5.27414	2.43064	4.36970e-05
3.62126e+03	1.64876e-02	2.88990e-02	2.15273	2.89887	4.36970e-05
3.62514e+03	1.64946e-02	1.71136e-02	4.04853	3.29835	4.36970e-05
3.62902e+03	1.64899e-02	6.72881e-03	5.39597	3.61472	4.36970e-05
3.63291e+03	1.64808e-02	2.67301e-03	4.50005	1.77423	4.36970e-05
3.63679e+03	1.64889e-02	8.46906e-03	3.04627	1.69226	4.36970e-05
3.64067e+03	1.64840e-02	1.96642e-02	6.17517	2.17311	4.36970e-05
3.64455e+03	1.64754e-02	2.68821e-02	0.15727	2.70104	4.36970e-05
3.64843e+03	1.64789e-02	3.05554e-02	2.16108	3.16440	4.36970e-05
3.65232e+03	1.64677e-02	3.56826e-02	1.45074	3.55520	4.36970e-05
3.65620e+03	1.64809e-02	3.47534e-02	2.01693	3.78474	4.36970e-05
3.66008e+03	1.64760e-02	3.39689e-02	2.61485	4.27632	4.36970e-05
3.66396e+03	1.64755e-02	3.07241e-02	2.07210	4.71817	4.36970e-05
3.66784e+03	1.64795e-02	2.53008e-02	0.69770	5.26882	4.36970e-05
3.67173e+03	1.64630e-02	1.93452e-02	0.40912	5.75983	4.36970e-05
3.67561e+03	1.64575e-02	8.88075e-03	4.40967	5.97249	4.36970e-05
3.67949e+03	1.64558e-02	1.27839e-03	5.00550	5.31851	4.36970e-05
3.68337e+03	1.64579e-02	8.80564e-03	6.16097	3.85416	4.36970e-05
3.68726e+03	1.64582e-02	1.76301e-02	4.94947	4.35285	4.36970e-05
3.69114e+03	1.64607e-02	2.49868e-02	0.18258	4.84731	4.36970e-05
3.69502e+03	1.64633e-02	3.30360e-02	1.01620	5.20712	4.36970e-05
3.69890e+03	1.64547e-02	3.59342e-02	1.08885	5.65407	4.36970e-05
3.70278e+03	1.64483e-02	4.02441e-02	1.94120	6.11169	4.36970e-05
3.70667e+03	1.64528e-02	3.52930e-02	2.43793	0.09020	4.36970e-05
3.71055e+03	1.64625e-02	2.53987e-02	4.10473	0.26388	4.36970e-05
3.71443e+03	1.64614e-02	1.19195e-02	0.39902	0.39935	4.36970e-05
3.71831e+03	1.64503e-02	2.12350e-03	4.85849	5.46414	4.36970e-05
3.72219e+03	1.64461e-02	9.43526e-03	2.63522	4.54587	4.36970e-05
3.72608e+03	1.64525e-02	1.50789e-02	4.00534	5.25206	4.36970e-05
3.72996e+03	1.64596e-02	2.77400e-02	4.49770	5.82986	4.36970e-05
3.73384e+03	1.64410e-02	3.63518e-02	1.63048	6.21565	4.36970e-05
3.73772e+03	1.64336e-02	3.93557e-02	2.62754	0.32721	4.36970e-05
3.74161e+03	1.64299e-02	3.70091e-02	4.41966	0.78836	4.36970e-05
3.74549e+03	1.64254e-02	2.99105e-02	0.21518	1.15246	4.36970e-05
3.74937e+03	1.64296e-02	2.07764e-02	2.72335	1.57796	4.36970e-05
3.75325e+03	1.64297e-02	9.04990e-03	5.58914	1.76348	4.36970e-05
3.75713e+03	1.64373e-02	6.57995e-03	3.96125	6.23926	4.36970e-05
3.76102e+03	1.64244e-02	1.89815e-02	0.33159	6.23220	4.36970e-05
3.76490e+03	1.64287e-02	3.15915e-02	3.11332	0.26115	4.36970e-05
3.76878e+03	1.64279e-02	3.88034e-02	5.83540	0.62054	4.36970e-05
3.77266e+03	1.64238e-02	4.38974e-02	3.23448	1.05180	4.36970e-05
3.77654e+03	1.64156e-02	4.29431e-02	1.72617	1.45051	4.36970e-05
3.78043e+03	1.64258e-02	4.06369e-02	0.19103	1.84303	4.36970e-05
3.78431e+03	1.64224e-02	2.99492e-02	4.87652	2.20748	4.36970e-05
3.78819e+03	1.64177e-02	1.96548e-02	4.32635	2.61624	4.36970e-05
3.79207e+03	1.64160e-02	8.82985e-03	4.63198	2.66650	4.36970e-05
3.79596e+03	1.64135e-02	7.36582e-03	0.03559	1.45748	4.36970e-05
3.79984e+03	1.64191e-02	2.03541e-02	0.48968	1.13434	4.36970e-05
3.80372e+03	1.64193e-02	3.42908e-02	1.40949	1.46165	4.36970e-05
3.80760e+03	1.64168e-02	4.27566e-02	1.58895	1.91658	4.36970e-05
3.81148e+03	1.64118e-02	4.84464e-02	1.72494	2.31376	4.36970e-05
3.81537e+03	1.64195e-02	4.92047e-02	3.91174	2.57052	4.36970e-05
3.81925e+03	1.64063e-02	4.72078e-02	5.48729	2.94192	4.36970e-05
3.82313e+03	1.64153e-02	3.88085e-02	1.11044	3.36092	4.36970e-05
3.82701e+03	1.64110e-02	2.30081e-02	3.13515	3.79610	4.36970e-05
3.83089e+03	1.64059e-02	7.80210e-03	5.67069	3.92227	4.36970e-05
3.83478e+03	1.64005e-02	1.00335e-02	4.92129	1.87021	4.36970e-05
3.83866e+03	1.64028e-02	2.32269e-02	2.12089	2.16268	4.36970e-05
3.84254e+03	1.64046e-02	3.97635e-02	5.10550	2.59034	4.36970e-05
3.84642e+03	1.64124e-02	4.84516e-02	2.06033	3.04935	4.36970e-05
3.85031e+03	1.64131e-02	5.19748e-02	5.44404	3.51986	4.36970e-05
3.85419e+03	1.63928e-02	5.33451e-02	5.16279	3.85062	4.36970e-05
3.85807e+03	1.63841e-02	5.21461e-02	5.46552	4.04858	4.36970e-05
3.86195e+03	1.63800e-02	3.49954e-02	6.17227	4.13454	4.36970e-05
3.86583e+03	1.63909e-02	1.65763e-02	1.23596	3.94813	4.36970e-05
3.86972e+03	1.64003e-02	1.46569e-02	1.99427	3.57816	4.36970e-05
3.87360e+03	1.63948e-02	2.18512e-02	1.84679	3.38385	4.36970e-05
3.87748e+03	1.63968e-02	2.87297e-02	3.02621	3.62457	4.36970e-05
3.88136e+03	1.63940e-02	3.61006e-02	2.60222	3.89668	4.36970e-05
3.88524e+03	1.63858e-02	4.12244e-02	2.85016	4.35738	4.36970e-05
3.88913e+03	1.63873e-02	4.20360e-02	1.53899	4.74582	4.36970e-05
3.89301e+03	1.63927e-02	3.93905e-02	4.28036	4.98408	4.36970e-05
3.89689e+03	1.63986e-02	3.46713e-02	5.46565	5.28513	4.36970e-05
3.90077e+03	1.63780e-02	3.11960e-02	0.65187	5.53593	4.36970e-05
3.90466e+03	1.63861e-02	2.49806e-02	4.72259	5.80305	4.36970e-05
3.90854e+03	1.63824e-02	1.97039e-02	3.55036	5.82651	4.36970e-05
3.91242e+03	1.63879e-02	1.63805e-02	1.79285	5.68921	4.36970e-05
3.91630e+03	1.63884e-02	1.95374e-02	6.26304	5.55338	4.36970e-05
3.92018e+03	1.63766e-02	2.52651e-02	4.35088	5.73722	4.36970e-05
3.92407e+03	1.63679e-02	3.55408e-02	0.50042	5.95138	4.36970e-05
3.92795e+03	1.63779e-02	3.72064e-02	2.63628	0.04219	4.36970e-05
3.93183e+03	1.63835e-02	3.48314e-02	2.41844	0.37475	4.36970e-05
3.93571e+03	1.63625e-02	3.45387e-02	3.17191	0.91211	4.36970e-05
3.93959e+03	1.63557e-02	2.68673e-02	4.55406	1.26654	4.36970e-05
3.94348e+03	1.63530e-02	1.50856e-02	4.50157	1.86924	4.36970e-05
3.94736e+03	1.63547e-02	3.09923e-03	4.19860	3.33698	4.36970e-05
3.95124e+03	1.63496e-02	8.62503e-03	3.22504	5.97304	4.36970e-05
3.95512e+03	1.63556e-02	1.64777e-02	0.43246	0.26252	4.36970e-05
3.95901e+03	1.63367e-02	2.15078e-02	3.99265	0.99093	4.36970e-05
3.96289e+03	1.63365e-02	2.16770e-02	3.62493	1.53753	4.36970e-05
3.96677e+03	1.63417e-02	1.78788e-02	2.81264	2.32422	4.36970e-05
3.97065e+03	1.63276e-02	1.83554e-02	3.44790	2.87090	4.36970e-05
3.97453e+03	1.63241e-02	1.82406e-02	5.87889	2.89698	4.36970e-05
3.97842e+03	1.63319e-02	1.47352e-02	2.52522	3.33033	4.36970e-05
3.98230e+03	1.63294e-02	9.46143e-03	6.27658	3.72436	4.36970e-05
3.98618e+03	1.63169e-02	1.31892e-02	4.08956	4.33802	4.36970e-05
3.99006e+03	1.63040e-02	8.89565e-03	5.04968	4.69917	4.36970e-05
3.99394e+03	1.63179e-02	6.29589e-03	1.19649	5.44875	4.36970e-05
3.99783e+03	1.63158e-02	3.67060e-03	5.68970	2.68501	4.36970e-05
4.00171e+03	1.63199e-02	1.05462e-02	5.83313	3.15594	4.36970e-05
4.00559e+03	1.63204e-02	1.92440e-02	5.84736	3.70173	4.36970e-05
4.00947e+03	1.63189e-02	2.34707e-02	5.58808	4.18336	4.36970e-05
4.01336e+03	1.63211e-02	2.66678e-02	5.42573	4.70882	4.36970e-05
4.01724e+03	1.63172e-02	2.59783e-02	5.42608	5.25971	4.36970e-05
4.02112e+03	1.63134e-02	2.51326e-02	5.41918	5.87453	4.36970e-05
4.02500e+03	1.63281e-02	1.46417e-02	0.62705	0.15590	4.36970e-05
4.02888e+03	1.63297e-02	1.04681e-02	2.13056	0.62832	4.36970e-05
4.03277e+03	1.63325e-02	5.43271e-03	3.10214	1.15440	4.36970e-05
4.03665e+03	1.63305e-02	5.80318e-03	0.80418	5.53950	4.36970e-05
4.04053e+03	1.63099e-02	1.58240e-02	4.71633	5.73792	4.36970e-05
4.04441e+03	1.63137e-02	2.38084e-02	1.61751	6.20808	4.36970e-05
4.04829e+03	1.63112e-02	2.95901e-02	2.82952	0.40478	4.36970e-05
4.05218e+03	1.63187e-02	3.32254e-02	5.19784	0.90220	4.36970e-05
4.05606e+03	1.63141e-02	3.29027e-02	5.99226	1.39732	4.36970e-05
4.05994e+03	1.63238e-02	3.04150e-02	0.25787	1.90126	4.36970e-05
4.06382e+03	1.63259e-02	2.10384e-02	4.72140	2.36684	4.36970e-05
4.06771e+03	1.63224e-02	1.29929e-02	3.32690	2.66757	4.36970e-05
4.07159e+03	1.63185e-02	4.78418e-03	4.56712	2.19581	4.36970e-05
4.07547e+03	1.63222e-02	1.04155e-02	4.73726	1.31136	4.36970e-05
4.07935e+03	1.63183e-02	2.08285e-02	4.74461	1.62406	4.36970e-05
4.08323e+03	1.63227e-02	2.87207e-02	4.99139	2.08328	4.36970e-05
4.08712e+03	1.63144e-02	3.72907e-02	0.97774	2.44994	4.36970e-05
4.09100e+03	1.62854e-02	3.20981e-02	2.19627	3.44376	4.36970e-05
4.09488e+03	1.62548e-02	3.06286e-02	0.65187	4.25153	4.36970e-05
4.09876e+03	1.63440e-02	2.47844e-02	2.52277	5.42401	4.36970e-05
4.10264e+03	1.63283e-02	3.69052e-02	2.15002	0.37347	4.36970e-05
4.10653e+03	1.63280e-02	3.84874e-02	1.77399	1.35190	4.36970e-05
4.11041e+03	1.63309e-02	3.83336e-02	5.12125	2.44013	4.36970e-05
4.11429e+03	1.63897e-02	5.70022e-02	5.30230	3.86135	4.36970e-05
4.11817e+03	1.64009e-02	7.61148e-02	1.87225	5.01278	4.36970e-05
4.12206e+03	1.63800e-02	7.29892e-02	5.45869	6.27413	4.36970e-05
4.12594e+03	1.64062e-02	5.85574e-02	3.31226	1.42064	4.36970e-05
4.12982e+03	1.63787e-02	4.05256e-02	1.45130	3.09728	4.36970e-05
4.13370e+03	1.63740e-02	1.08247e-02	2.73870	5.30374	4.36970e-05
4.13758e+03	1.63733e-02	2.52011e-02	2.15343	3.45619	4.36970e-05
4.14147e+03	1.63796e-02	4.73169e-02	1.96834	4.72964	4.36970e-05
4.14535e+03	1.63824e-02	6.42306e-02	6.18171	5.86863	4.36970e-05
4.14923e+03	1.63912e-02	7.63298e-02	4.78887	0.68089	4.36970e-05
4.15311e+03	1.63470e-02	6.62581e-02	4.88297	1.85682	4.36970e-05
4.15699e+03	1.63953e-02	4.93180e-02	1.15800	2.85191	4.36970e-05
4.16088e+03	1.64088e-02	1.37019e-02	0.59451	3.35939	4.36970e-05
4.16476e+03	1.63594e-02	2.21137e-02	4.59565	5.21169	4.36970e-05
4.16864e+03	1.63820e-02	4.40875e-02	0.85828	5.84289	4.36970e-05
4.17252e+03	1.63389e-02	6.81090e-02	2.29261	0.59437	4.36970e-05
4.17641e+03	1.63149e-02	9.18616e-02	1.41748	1.78933	4.36970e-05
4.18029e+03	1.63018e-02	8.43043e-02	1.38573	2.86211	4.36970e-05
4.18417e+03	1.64184e-02	7.07768e-02	5.72090	3.19414	4.36970e-05
