# t	a	e	mean_anomaly	varpi	mass/M_star
6.52199e+01	4.67982e-02	3.16311e-02	3.25055	6.17708	3.47100e-05
1.35098e+02	4.67974e-02	3.11756e-02	5.15019	6.14116	3.47100e-05
2.04977e+02	4.67956e-02	3.21931e-02	1.77151	5.95960	3.47100e-05
2.74855e+02	4.67842e-02	3.10734e-02	5.65836	5.67144	3.47100e-05
3.44734e+02	4.67878e-02	3.14895e-02	4.32373	5.19754	3.47100e-05
4.14612e+02	4.67995e-02	2.95826e-02	4.07916	4.52823	3.47100e-05
4.84491e+02	4.67795e-02	3.12047e-02	4.82511	3.74305	3.47100e-05
5.54369e+02	4.67980e-02	3.09995e-02	0.28166	2.85524	3.47100e-05
6.24248e+02	4.67737e-02	3.02081e-02	3.08375	1.76519	3.47100e-05
6.94126e+02	4.67724e-02	2.93480e-02	0.59423	0.55982	3.47100e-05
7.64005e+02	4.67887e-02	2.95094e-02	5.37208	5.52321	3.47100e-05
8.33883e+02	4.67853e-02	3.07797e-02	4.95520	3.97643	3.47100e-05
9.03762e+02	4.67863e-02	2.89489e-02	5.45224	2.39842	3.47100e-05
9.73640e+02	4.68065e-02	3.00484e-02	0.75848	0.58251	3.47100e-05
1.04352e+03	4.67660e-02	3.03894e-02	3.35497	4.91334	3.47100e-05
1.11340e+03	4.67767e-02	2.97213e-02	0.65585	2.83460	3.47100e-05
1.18328e+03	4.67848e-02	2.95231e-02	5.29260	0.57219	3.47100e-05
1.25315e+03	4.67715e-02	2.92639e-02	5.00274	4.34262	3.47100e-05
1.32303e+03	4.68049e-02	2.97412e-02	5.79818	1.66964	3.47100e-05
1.39291e+03	4.67872e-02	2.93412e-02	1.38074	5.13681	3.47100e-05
1.46279e+03	4.67692e-02	2.86316e-02	4.36504	2.06853	3.47100e-05
1.53267e+03	4.67574e-02	2.88798e-02	2.00991	5.19308	3.47100e-05
1.60255e+03	4.67544e-02	2.86275e-02	0.66433	1.87501	3.47100e-05
1.67243e+03	4.67787e-02	2.88424e-02	0.35601	4.67230	3.47100e-05
1.74230e+03	4.67820e-02	2.85098e-02	1.03931	1.09068	3.47100e-05
1.81218e+03	4.67688e-02	2.75376e-02	2.81696	3.55486	3.47100e-05
1.88206e+03	4.67405e-02	2.77505e-02	5.55362	5.90248	3.47100e-05
1.95194e+03	4.67358e-02	2.80072e-02	2.97718	1.86091	3.47100e-05
2.02182e+03	4.67556e-02	2.79811e-02	1.52196	3.86862	3.47100e-05
2.09170e+03	4.67634e-02	2.88497e-02	1.03927	5.79300	3.47100e-05
2.16157e+03	4.67332e-02	2.89062e-02	1.60169	1.22558	3.47100e-05
2.23145e+03	4.67338e-02	2.79538e-02	3.11249	2.85852	3.47100e-05
2.30133e+03	4.67452e-02	2.76276e-02	5.76731	4.22844	3.47100e-05
2.37121e+03	4.67466e-02	2.71482e-02	3.06401	5.51403	3.47100e-05
2.44109e+03	4.67558e-02	2.77241e-02	1.38858	0.34569	3.47100e-05
2.51097e+03	4.67469e-02	2.83034e-02	0.74304	1.32833	3.47100e-05
2.58085e+03	4.67546e-02	2.73319e-02	1.11034	2.13950	3.47100e-05
2.65072e+03	4.67307e-02	2.65312e-02	2.51029	2.77167	3.47100e-05
2.72060e+03	4.67159e-02	2.67405e-02	4.99260	3.21609	3.47100e-05
2.79048e+03	4.67212e-02	2.78116e-02	2.04741	3.62809	3.47100e-05
2.86036e+03	4.67331e-02	2.70546e-02	0.26519	3.75783	3.47100e-05
2.93024e+03	4.67089e-02	2.76202e-02	5.77893	3.74583	3.47100e-05
3.00012e+03	4.67427e-02	2.62637e-02	5.94056	3.64376	3.47100e-05
3.07000e+03	4.67223e-02	2.70325e-02	0.89065	3.37303	3.47100e-05
3.13987e+03	4.67155e-02	2.66119e-02	3.16246	2.88160	3.47100e-05
3.20975e+03	4.67370e-02	2.68140e-02	0.16136	2.27267	3.47100e-05
3.27963e+03	4.67232e-02	2.65730e-02	4.50622	1.45500	3.47100e-05
3.34951e+03	4.67000e-02	2.72373e-02	3.52409	0.53092	3.47100e-05
3.41939e+03	4.67143e-02	2.56537e-02	3.61625	5.71179	3.47100e-05
3.48927e+03	4.67044e-02	2.56772e-02	4.68596	4.44608	3.47100e-05
3.55915e+03	4.66933e-02	2.66338e-02	0.51523	3.04493	3.47100e-05
3.62902e+03	4.67099e-02	2.56079e-02	3.59678	1.48613	3.47100e-05
3.69890e+03	4.66820e-02	2.59283e-02	1.45850	6.06245	3.47100e-05
3.76878e+03	4.67332e-02	2.63732e-02	0.40849	4.08312	3.47100e-05
3.83866e+03	4.67079e-02	2.60552e-02	0.31959	2.04494	3.47100e-05
3.90854e+03	4.67081e-02	2.53700e-02	1.24347	6.09194	3.47100e-05
3.97842e+03	4.66860e-02	2.64053e-02	3.19484	3.73334	3.47100e-05
4.04829e+03	4.66882e-02	2.51352e-02	6.27381	1.07371	3.47100e-05
4.11817e+03	4.66625e-02	2.51710e-02	3.96398	4.68770	3.47100e-05
4.18805e+03	4.66797e-02	2.50463e-02	2.79668	1.74161	3.47100e-05
4.25793e+03	4.66835e-02	2.49578e-02	2.54641	5.00015	3.47100e-05
4.32781e+03	4.66647e-02	2.48952e-02	3.38605	1.78484	3.47100e-05
4.39769e+03	4.66854e-02	2.46548e-02	5.18701	4.70169	3.47100e-05
4.46757e+03	4.66832e-02	2.56848e-02	1.78500	1.16563	3.47100e-05
4.53744e+03	4.66856e-02	2.35741e-02	5.69297	3.72458	3.47100e-05
4.60732e+03	4.66712e-02	2.39103e-02	4.34119	6.10988	3.47100e-05
4.67720e+03	4.66846e-02	2.38881e-02	4.19742	1.99561	3.47100e-05
4.74708e+03	4.66610e-02	2.35007e-02	5.38328	3.78819	3.47100e-05
4.81696e+03	4.66775e-02	2.43797e-02	1.22204	5.52321	3.47100e-05
4.88684e+03	4.66640e-02	2.35537e-02	4.39145	0.80187	3.47100e-05
4.95672e+03	4.66674e-02	2.42979e-02	2.26611	2.19444	3.47100e-05
5.02659e+03	4.66403e-02	2.49230e-02	1.14867	3.41630	3.47100e-05
5.09647e+03	4.66560e-02	2.41651e-02	0.83151	4.59111	3.47100e-05
5.16635e+03	4.66287e-02	2.34833e-02	1.50640	5.52777	3.47100e-05
5.23623e+03	4.66463e-02	2.40319e-02	3.10218	0.14001	3.47100e-05
5.30611e+03	4.66799e-02	2.46532e-02	5.80176	0.83328	3.47100e-05
5.37599e+03	4.66645e-02	2.32552e-02	3.32597	1.24181	3.47100e-05
5.44586e+03	4.66465e-02	2.48450e-02	1.69806	1.65008	3.47100e-05
5.51574e+03	4.66243e-02	2.44312e-02	1.17675	1.82952	3.47100e-05
5.58562e+03	4.66316e-02	2.45021e-02	1.66588	1.87010	3.47100e-05
5.65550e+03	4.66397e-02	2.24165e-02	3.21510	1.67546	3.47100e-05
5.72538e+03	4.66539e-02	2.31367e-02	5.82185	1.29174	3.47100e-05
5.79526e+03	4.66101e-02	2.44316e-02	3.03256	0.89976	3.47100e-05
5.86514e+03	4.66287e-02	2.38153e-02	1.46664	0.14742	3.47100e-05
5.93501e+03	4.66271e-02	2.27816e-02	0.75390	5.66760	3.47100e-05
6.00489e+03	4.66339e-02	2.37564e-02	1.22550	4.56698	3.47100e-05
6.07477e+03	4.66280e-02	2.17521e-02	2.59077	3.45006	3.47100e-05
6.14465e+03	4.66283e-02	2.45246e-02	5.16461	2.00142	3.47100e-05
6.21453e+03	4.66388e-02	2.29065e-02	2.39714	0.46882	3.47100e-05
6.28441e+03	4.66125e-02	2.21018e-02	0.69522	5.02201	3.47100e-05
6.35429e+03	4.66465e-02	2.35788e-02	0.06518	3.08075	3.47100e-05
6.42416e+03	4.66211e-02	2.33219e-02	0.47090	0.97586	3.47100e-05
6.49404e+03	4.66177e-02	2.21837e-02	1.93333	4.96822	3.47100e-05
6.56392e+03	4.66087e-02	2.22410e-02	4.37576	2.56034	3.47100e-05
6.63380e+03	4.65985e-02	2.16837e-02	1.55103	6.28011	3.47100e-05
6.70368e+03	4.66100e-02	2.36378e-02	6.11012	3.47071	3.47100e-05
6.77356e+03	4.66051e-02	2.22976e-02	5.40451	0.49077	3.47100e-05
6.84343e+03	4.65985e-02	2.19499e-02	5.73076	3.61945	3.47100e-05
6.91331e+03	4.66075e-02	2.28781e-02	0.78322	0.30190	3.47100e-05
6.98319e+03	4.65856e-02	2.28573e-02	3.14299	3.10152	3.47100e-05
7.05307e+03	4.66303e-02	2.28581e-02	0.28315	5.70104	3.47100e-05
7.12295e+03	4.66017e-02	2.29226e-02	4.78640	1.80111	3.47100e-05
7.19283e+03	4.65956e-02	2.17536e-02	3.93238	4.12412	3.47100e-05
7.26271e+03	4.66009e-02	2.31135e-02	4.14352	6.25126	3.47100e-05
7.33258e+03	4.66064e-02	2.26024e-02	5.39113	1.91049	3.47100e-05
7.40246e+03	4.65828e-02	2.25002e-02	1.47868	3.58357	3.47100e-05
7.47234e+03	4.65731e-02	2.17325e-02	4.81522	5.15802	3.47100e-05
7.54222e+03	4.65785e-02	2.09317e-02	2.94942	0.22796	3.47100e-05
7.61210e+03	4.65852e-02	2.19988e-02	2.04548	1.48587	3.47100e-05
7.68198e+03	4.65827e-02	2.09313e-02	2.21063	2.50328	3.47100e-05
7.75186e+03	4.65828e-02	2.06296e-02	3.33694	3.42596	3.47100e-05
7.82173e+03	4.65617e-02	2.07377e-02	5.65718	4.01203	3.47100e-05
7.89161e+03	4.65758e-02	2.19451e-02	2.51537	4.63679	3.47100e-05
7.96149e+03	4.65817e-02	2.13722e-02	0.55420	4.93919	3.47100e-05
8.03137e+03	4.65622e-02	2.13853e-02	5.99258	4.99280	3.47100e-05
8.10125e+03	4.65803e-02	2.06763e-02	5.96769	5.07898	3.47100e-05
8.17113e+03	4.65510e-02	2.12932e-02	0.82370	4.86236	3.47100e-05
8.24100e+03	4.65627e-02	2.09229e-02	2.98294	4.48146	3.47100e-05
8.31088e+03	4.65624e-02	2.13451e-02	6.20318	3.90333	3.47100e-05
8.38076e+03	4.65575e-02	2.10967e-02	4.16217	3.17155	3.47100e-05
8.45064e+03	4.65559e-02	2.15904e-02	3.19995	2.21446	3.47100e-05
8.52052e+03	4.65559e-02	2.02131e-02	3.15239	1.19904	3.47100e-05
8.59040e+03	4.65628e-02	2.05591e-02	4.24384	6.18608	3.47100e-05
8.66028e+03	4.65655e-02	2.16739e-02	0.10017	4.70240	3.47100e-05
8.73015e+03	4.65350e-02	2.08619e-02	3.19201	3.12752	3.47100e-05
8.80003e+03	4.65442e-02	2.14752e-02	1.20017	1.27244	3.47100e-05
8.86991e+03	4.65809e-02	2.14754e-02	0.37304	5.40851	3.47100e-05
8.93979e+03	4.65500e-02	1.99708e-02	0.52327	3.15605	3.47100e-05
9.00967e+03	4.65521e-02	1.98784e-02	1.74094	0.70054	3.47100e-05
9.07955e+03	4.65546e-02	1.96723e-02	3.97151	4.38643	3.47100e-05
9.14943e+03	4.65242e-02	2.09842e-02	1.15878	1.40529	3.47100e-05
9.21930e+03	4.65305e-02	2.09609e-02	5.40805	4.76584	3.47100e-05
9.28918e+03	4.65179e-02	2.04213e-02	4.50597	1.56097	3.47100e-05
9.35906e+03	4.65134e-02	2.07907e-02	4.60439	4.51227	3.47100e-05
9.42894e+03	4.65117e-02	2.08372e-02	5.92408	0.84848	3.47100e-05
9.49882e+03	4.65343e-02	1.95216e-02	1.85189	3.45021	3.47100e-05
9.56870e+03	4.65360e-02	2.03292e-02	5.19598	5.79179	3.47100e-05
9.63857e+03	4.65225e-02	1.95637e-02	3.28848	1.67186	3.47100e-05
9.70845e+03	4.65301e-02	2.05589e-02	2.29739	3.77871	3.47100e-05
9.77833e+03	4.64968e-02	1.96451e-02	2.51309	5.52520	3.47100e-05
9.84821e+03	4.65087e-02	1.87928e-02	3.70075	0.86956	3.47100e-05
9.91809e+03	4.65096e-02	1.97221e-02	5.92352	2.33581	3.47100e-05
9.98797e+03	4.65202e-02	1.97168e-02	2.98571	3.59061	3.47100e-05
1.00578e+04	4.65438e-02	1.98857e-02	0.71901	4.92125	3.47100e-05
1.01277e+04	4.65125e-02	1.96925e-02	5.37472	6.26853	3.47100e-05
1.01976e+04	4.65061e-02	2.02149e-02	4.03586	1.60562	3.47100e-05
1.02675e+04	4.65017e-02	1.83450e-02	2.93568	3.49610	3.47100e-05
1.03374e+04	4.64824e-02	1.96563e-02	2.38497	5.51442	3.47100e-05
1.04072e+04	4.64961e-02	2.08520e-02	1.82636	1.72015	3.47100e-05
1.04771e+04	4.65108e-02	1.89537e-02	1.99075	4.18286	3.47100e-05
1.05470e+04	4.64986e-02	1.87302e-02	2.23646	0.77678	3.47100e-05
1.06169e+04	4.65023e-02	2.06440e-02	2.98447	3.80030	3.47100e-05
1.06868e+04	4.65094e-02	1.71380e-02	3.99234	0.81068	3.47100e-05
1.07566e+04	4.65211e-02	2.03451e-02	5.38361	4.31172	3.47100e-05
1.08265e+04	4.65215e-02	1.98825e-02	0.90675	1.69449	3.47100e-05
1.08964e+04	4.65081e-02	2.10619e-02	2.88598	5.71641	3.47100e-05
1.09663e+04	4.64905e-02	2.03761e-02	5.60301	3.38415	3.47100e-05
1.10361e+04	4.64822e-02	2.09455e-02	2.00422	1.53311	3.47100e-05
1.11060e+04	4.64823e-02	2.11115e-02	5.25821	6.13357	3.47100e-05
1.11759e+04	4.64726e-02	1.96439e-02	2.41872	4.66639	3.47100e-05
1.12458e+04	4.64761e-02	2.13588e-02	0.44008	3.10054	3.47100e-05
1.13157e+04	4.64894e-02	2.30200e-02	4.51876	2.17025	3.47100e-05
1.13855e+04	4.64672e-02	2.02239e-02	3.34324	0.99230	3.47100e-05
1.14554e+04	4.64748e-02	1.97917e-02	2.99447	6.09295	3.47100e-05
1.15253e+04	4.64858e-02	2.07406e-02	3.80315	4.61133	3.47100e-05
1.15952e+04	4.64982e-02	2.16139e-02	5.51513	3.09365	3.47100e-05
1.16651e+04	4.64707e-02	1.92326e-02	2.05058	1.32301	3.47100e-05
1.17349e+04	4.64672e-02	2.20249e-02	6.00625	5.57582	3.47100e-05
1.18048e+04	4.64838e-02	2.15713e-02	4.70703	3.39747	3.47100e-05
1.18747e+04	4.64646e-02	2.04719e-02	4.52198	0.97494	3.47100e-05
1.19446e+04	4.64361e-02	1.98637e-02	5.22062	4.80325	3.47100e-05
1.20144e+04	4.64615e-02	2.06499e-02	0.77426	2.07068	3.47100e-05
1.20843e+04	4.64547e-02	1.99902e-02	3.60619	5.49261	3.47100e-05
1.21542e+04	4.64653e-02	2.06249e-02	1.30769	2.33596	3.47100e-05
1.22241e+04	4.64438e-02	1.91988e-02	6.08413	5.54245	3.47100e-05
1.22940e+04	4.64447e-02	2.09488e-02	5.84139	2.05053	3.47100e-05
1.23638e+04	4.64556e-02	1.98756e-02	0.27514	4.75089	3.47100e-05
1.24337e+04	4.64467e-02	1.88108e-02	1.95937	1.06082	3.47100e-05
1.25036e+04	4.64660e-02	1.93128e-02	4.79849	3.37114	3.47100e-05
1.25735e+04	4.64495e-02	1.82064e-02	2.41540	5.48806	3.47100e-05
1.26434e+04	4.64502e-02	1.87259e-02	1.14675	1.11835	3.47100e-05
1.27132e+04	4.64532e-02	2.01709e-02	0.99432	2.79094	3.47100e-05
1.27831e+04	4.64479e-02	2.09761e-02	1.82494	4.34461	3.47100e-05
1.28530e+04	4.64320e-02	2.17461e-02	3.79895	5.60997	3.47100e-05
1.29229e+04	4.64745e-02	2.09807e-02	0.53736	0.40040	3.47100e-05
1.29927e+04	4.64222e-02	2.09670e-02	4.65655	1.24342	3.47100e-05
1.30626e+04	4.64423e-02	2.06145e-02	3.32945	2.10435	3.47100e-05
1.31325e+04	4.64468e-02	1.78535e-02	3.01618	2.82312	3.47100e-05
1.32024e+04	4.64210e-02	1.84090e-02	3.83956	3.27221	3.47100e-05
1.32723e+04	4.64153e-02	1.92113e-02	5.75738	3.48500	3.47100e-05
1.33421e+04	4.64192e-02	1.82659e-02	2.33979	3.61824	3.47100e-05
1.34120e+04	4.64674e-02	2.13617e-02	6.27944	3.53673	3.47100e-05
1.34819e+04	4.64318e-02	1.88032e-02	4.95990	3.28210	3.47100e-05
1.35518e+04	4.64381e-02	1.98231e-02	4.70351	2.83091	3.47100e-05
1.36216e+04	4.64131e-02	1.78975e-02	5.44241	2.25657	3.47100e-05
1.36915e+04	4.64309e-02	1.79568e-02	0.99743	1.45219	3.47100e-05
1.37614e+04	4.64169e-02	1.88164e-02	3.94717	0.41364	3.47100e-05
1.38313e+04	4.64113e-02	2.03782e-02	1.48810	5.62723	3.47100e-05
1.39012e+04	4.64343e-02	1.92896e-02	0.13254	4.31594	3.47100e-05
1.39710e+04	4.64013e-02	1.89044e-02	6.13123	2.79004	3.47100e-05
1.40409e+04	4.63999e-02	1.78971e-02	0.56527	1.12599	3.47100e-05
1.41108e+04	4.64102e-02	1.91673e-02	2.30125	5.60238	3.47100e-05
1.41807e+04	4.63812e-02	1.76143e-02	5.23508	3.46589	3.47100e-05
1.42506e+04	4.64052e-02	1.93457e-02	2.81617	1.23993	3.47100e-05
1.43204e+04	4.64040e-02	1.81344e-02	1.40525	5.14433	3.47100e-05
1.43903e+04	4.64009e-02	1.83964e-02	1.01396	2.61387	3.47100e-05
1.44602e+04	4.64104e-02	1.73015e-02	1.73131	6.13411	3.47100e-05
1.45301e+04	4.63993e-02	1.86093e-02	3.56975	3.12669	3.47100e-05
1.45999e+04	4.63569e-02	1.77522e-02	0.05138	0.04275	3.47100e-05
1.46698e+04	4.63860e-02	1.93659e-02	3.82599	3.06354	3.47100e-05
1.47397e+04	4.63751e-02	1.88151e-02	2.36381	5.91370	3.47100e-05
1.48096e+04	4.63873e-02	1.71135e-02	1.91388	2.36883	3.47100e-05
1.48795e+04	4.63867e-02	1.88610e-02	2.62928	4.81280	3.47100e-05
1.49493e+04	4.63706e-02	1.94040e-02	4.37848	0.80825	3.47100e-05
1.50192e+04	4.63683e-02	1.82539e-02	0.89485	2.87036	3.47100e-05
1.50891e+04	4.63734e-02	1.71680e-02	4.78246	4.71880	3.47100e-05
1.51590e+04	4.63903e-02	1.77954e-02	3.31001	0.25137	3.47100e-05
1.52289e+04	4.63589e-02	1.92934e-02	3.21179	1.60971	3.47100e-05
1.52987e+04	4.63596e-02	1.89802e-02	3.95555	2.97697	3.47100e-05
1.53686e+04	4.63789e-02	1.89119e-02	5.86256	4.04022	3.47100e-05
1.54385e+04	4.63613e-02	1.63027e-02	2.51660	4.96827	3.47100e-05
1.55084e+04	4.63648e-02	1.78469e-02	0.15509	5.77520	3.47100e-05
1.55782e+04	4.63508e-02	1.68031e-02	5.24259	6.28229	3.47100e-05
1.56481e+04	4.63793e-02	1.79702e-02	5.02989	0.37450	3.47100e-05
1.57180e+04	4.63540e-02	1.78020e-02	5.79503	0.64702	3.47100e-05
1.57879e+04	4.63598e-02	1.58024e-02	1.46573	0.55994	3.47100e-05
1.58578e+04	4.63558e-02	1.94452e-02	4.40150	0.33217	3.47100e-05
1.59276e+04	4.63439e-02	1.88923e-02	2.06868	6.23330	3.47100e-05
1.59975e+04	4.63550e-02	1.79851e-02	0.90789	5.60203	3.47100e-05
1.60674e+04	4.63395e-02	1.66284e-02	0.98687	4.68508	3.47100e-05
1.61373e+04	4.63391e-02	1.72910e-02	2.02875	3.65138	3.47100e-05
1.62072e+04	4.63436e-02	1.97108e-02	4.09217	2.45960	3.47100e-05
1.62770e+04	4.63369e-02	1.64734e-02	0.84288	1.12460	3.47100e-05
1.63469e+04	4.63447e-02	1.44998e-02	4.97988	5.84284	3.47100e-05
1.64168e+04	4.63321e-02	1.92346e-02	3.90868	4.08105	3.47100e-05
1.64867e+04	4.63196e-02	1.83142e-02	3.81605	2.20281	3.47100e-05
1.65565e+04	4.63204e-02	1.58758e-02	4.86966	0.06085	3.47100e-05
1.66264e+04	4.63361e-02	1.77378e-02	0.47159	4.25942	3.47100e-05
1.66963e+04	4.63275e-02	1.43941e-02	3.66653	1.70579	3.47100e-05
1.67662e+04	4.63344e-02	1.89093e-02	1.39864	5.46796	3.47100e-05
1.68361e+04	4.63559e-02	1.45377e-02	0.29781	2.65632	3.47100e-05
1.69059e+04	4.63457e-02	2.01685e-02	0.13398	6.05864	3.47100e-05
1.69758e+04	4.63221e-02	1.67731e-02	1.21157	2.77162	3.47100e-05
1.70457e+04	4.63242e-02	1.70741e-02	3.01972	5.89203	3.47100e-05
1.71156e+04	4.63103e-02	1.75022e-02	6.22594	2.23682	3.47100e-05
1.71855e+04	4.63082e-02	1.73353e-02	3.94459	4.94937	3.47100e-05
1.72553e+04	4.63051e-02	1.63962e-02	2.85293	1.02348	3.47100e-05
1.73252e+04	4.63044e-02	1.71909e-02	2.68574	3.29315	3.47100e-05
1.73951e+04	4.63175e-02	1.51463e-02	3.76746	5.19359	3.47100e-05
1.74650e+04	4.63456e-02	1.56426e-02	5.68293	0.86238	3.47100e-05
1.75348e+04	4.63004e-02	1.74530e-02	2.15581	2.81780	3.47100e-05
1.76047e+04	4.63147e-02	1.90413e-02	6.15974	4.39593	3.47100e-05
1.76746e+04	4.62953e-02	1.72690e-02	5.01792	5.71501	3.47100e-05
1.77445e+04	4.62845e-02	1.78298e-02	5.00682	0.49448	3.47100e-05
1.78144e+04	4.63008e-02	2.06537e-02	6.00054	1.39281	3.47100e-05
1.78842e+04	4.62965e-02	1.72158e-02	1.54679	2.33066	3.47100e-05
1.79541e+04	4.62916e-02	1.61477e-02	4.61625	2.90237	3.47100e-05
1.80240e+04	4.62946e-02	1.70663e-02	2.28799	3.45444	3.47100e-05
1.80939e+04	4.62860e-02	1.63313e-02	0.95827	3.84626	3.47100e-05
1.81638e+04	4.63010e-02	1.76668e-02	0.74971	3.97798	3.47100e-05
1.82336e+04	4.62805e-02	1.72019e-02	1.42068	4.10682	3.47100e-05
1.83035e+04	4.62793e-02	1.99622e-02	3.25025	3.93607	3.47100e-05
1.83734e+04	4.62934e-02	1.97930e-02	5.85519	3.84631	3.47100e-05
1.84433e+04	4.62571e-02	1.73446e-02	3.32173	3.50027	3.47100e-05
1.85131e+04	4.62960e-02	1.21301e-02	1.92496	2.87134	3.47100e-05
1.85830e+04	4.62527e-02	1.57526e-02	1.78585	1.85092	3.47100e-05
1.86529e+04	4.62601e-02	1.75189e-02	2.57511	0.74400	3.47100e-05
1.87228e+04	4.62757e-02	2.04742e-02	3.76619	0.12650	3.47100e-05
1.87927e+04	4.62582e-02	1.42395e-02	0.03893	5.32116	3.47100e-05
1.88625e+04	4.62689e-02	1.15712e-02	4.33641	3.33004	3.47100e-05
1.89324e+04	4.62736e-02	2.08100e-02	2.35860	2.19259	3.47100e-05
1.90023e+04	4.62555e-02	1.60303e-02	1.70308	0.61882	3.47100e-05
1.90722e+04	4.62622e-02	1.55130e-02	2.77924	4.48217	3.47100e-05
1.91421e+04	4.62628e-02	1.83763e-02	4.03672	2.72748	3.47100e-05
1.92119e+04	4.62849e-02	1.26402e-02	0.36139	0.47187	3.47100e-05
1.92818e+04	4.62585e-02	1.89461e-02	4.01725	4.33328	3.47100e-05
1.93517e+04	4.62422e-02	1.36124e-02	2.15958	2.01350	3.47100e-05
1.94216e+04	4.62274e-02	1.99951e-02	1.84223	5.29439	3.47100e-05
1.94914e+04	4.62466e-02	1.17200e-02	2.20403	2.47121	3.47100e-05
1.95613e+04	4.62429e-02	2.07750e-02	3.65677	5.73245	3.47100e-05
1.96312e+04	4.62805e-02	1.61390e-02	0.32401	2.08772	3.47100e-05
1.97011e+04	4.62314e-02	1.65307e-02	3.36802	5.49255	3.47100e-05
1.97710e+04	4.62390e-02	2.11511e-02	1.99469	1.59129	3.47100e-05
1.98408e+04	4.62385e-02	1.22242e-02	1.22415	4.25027	3.47100e-05
1.99107e+04	4.62331e-02	1.64687e-02	1.23155	0.73165	3.47100e-05
1.99806e+04	4.62298e-02	1.98110e-02	2.97827	2.61255	3.47100e-05
2.00505e+04	4.62416e-02	1.57870e-02	5.78630	4.27847	3.47100e-05
2.01203e+04	4.62015e-02	1.08511e-02	2.79307	0.05326	3.47100e-05
2.01902e+04	4.62243e-02	1.42056e-02	0.59172	2.20315	3.47100e-05
2.02601e+04	4.62283e-02	1.86037e-02	6.01860	3.88547	3.47100e-05
2.03300e+04	4.62029e-02	1.83126e-02	0.24141	5.07813	3.47100e-05
2.03999e+04	4.62211e-02	2.01163e-02	1.77200	6.09435	3.47100e-05
2.04697e+04	4.62335e-02	1.77475e-02	4.20725	0.79343	3.47100e-05
2.05396e+04	4.62374e-02	1.56416e-02	1.45477	1.55721	3.47100e-05
2.06095e+04	4.62118e-02	1.65675e-02	5.86471	2.31926	3.47100e-05
2.06794e+04	4.62038e-02	1.53209e-02	5.07281	2.85708	3.47100e-05
2.07493e+04	4.62049e-02	1.53102e-02	5.45947	3.07211	3.47100e-05
2.08191e+04	4.62538e-02	1.74527e-02	0.27556	3.45635	3.47100e-05
2.08890e+04	4.62069e-02	1.70787e-02	2.57930	3.50066	3.47100e-05
2.09589e+04	4.62244e-02	2.02722e-02	5.76052	3.53129	3.47100e-05
2.10288e+04	4.62070e-02	1.97505e-02	3.76495	3.30208	3.47100e-05
2.10986e+04	4.62167e-02	1.76775e-02	2.67048	3.05425	3.47100e-05
2.11685e+04	4.61865e-02	1.14712e-02	2.75676	2.49224	3.47100e-05
2.12384e+04	4.61776e-02	9.52022e-03	4.43434	1.21716	3.47100e-05
2.13083e+04	4.61866e-02	1.82208e-02	0.41858	0.21948	3.47100e-05
2.13782e+04	4.61893e-02	1.92478e-02	3.38162	5.66427	3.47100e-05
2.14480e+04	4.62031e-02	1.32977e-02	1.10149	4.65752	3.47100e-05
2.15179e+04	4.61713e-02	1.39375e-02	0.74422	2.58024	3.47100e-05
2.15878e+04	4.62010e-02	2.07463e-02	0.45816	1.30816	3.47100e-05
2.16577e+04	4.61749e-02	1.19595e-02	1.03160	0.04062	3.47100e-05
2.17276e+04	4.61776e-02	1.26171e-02	3.89137	3.63509	3.47100e-05
2.17974e+04	4.62063e-02	2.06674e-02	0.01717	2.25841	3.47100e-05
2.18673e+04	4.61736e-02	1.19863e-02	4.12298	0.05277	3.47100e-05
2.19372e+04	4.61660e-02	1.88705e-02	3.10094	3.83478	3.47100e-05
2.20071e+04	4.61719e-02	1.23969e-02	2.61377	1.66954	3.47100e-05
2.20769e+04	4.61800e-02	1.78068e-02	3.84568	4.94019	3.47100e-05
2.21468e+04	4.61984e-02	1.10011e-02	5.47697	2.39096	3.47100e-05
2.22167e+04	4.61568e-02	2.09960e-02	2.30005	5.53419	3.47100e-05
2.22866e+04	4.61463e-02	9.81161e-03	0.17194	2.20379	3.47100e-05
2.23565e+04	4.61790e-02	1.70988e-02	4.71302	5.63421	3.47100e-05
2.24263e+04	4.61511e-02	1.62978e-02	4.95784	1.65766	3.47100e-05
2.24962e+04	4.61648e-02	1.15960e-02	5.38977	4.65026	3.47100e-05
2.25661e+04	4.61473e-02	1.90787e-02	0.91529	0.85870	3.47100e-05
2.26360e+04	4.61493e-02	1.46945e-02	4.01956	2.93186	3.47100e-05
2.27059e+04	4.61861e-02	1.11074e-02	1.11135	5.59257	3.47100e-05
2.27757e+04	4.61899e-02	1.55903e-02	5.75320	1.57367	3.47100e-05
2.28456e+04	4.61792e-02	1.66585e-02	5.71714	3.09068	3.47100e-05
2.29155e+04	4.62113e-02	1.71697e-02	0.23742	4.62943	3.47100e-05
2.29854e+04	4.61472e-02	1.28149e-02	1.67907	0.12056	3.47100e-05
2.30552e+04	4.61540e-02	1.23266e-02	3.90053	1.98681	3.47100e-05
2.31251e+04	4.61530e-02	1.45802e-02	1.35187	3.20327	3.47100e-05
2.31950e+04	4.61556e-02	1.88186e-02	5.99675	4.38956	3.47100e-05
2.32649e+04	4.61360e-02	1.68833e-02	5.49669	5.31443	3.47100e-05
2.33348e+04	4.61850e-02	1.80982e-02	6.23542	5.92199	3.47100e-05
2.34046e+04	4.61343e-02	1.75452e-02	1.44338	0.32842	3.47100e-05
2.34745e+04	4.61481e-02	1.54388e-02	4.13802	0.68397	3.47100e-05
2.35444e+04	4.61510e-02	1.98186e-02	1.30108	1.15794	3.47100e-05
2.36143e+04	4.61394e-02	1.79438e-02	5.90561	1.32932	3.47100e-05
2.36842e+04	4.61189e-02	1.87876e-02	5.03718	1.56111	3.47100e-05
2.37540e+04	4.61157e-02	1.75648e-02	5.35997	1.45872	3.47100e-05
2.38239e+04	4.61515e-02	1.65259e-02	0.17385	1.44982	3.47100e-05
2.38938e+04	4.61236e-02	1.27702e-02	2.76638	0.82122	3.47100e-05
2.39637e+04	4.61179e-02	1.09988e-02	0.04669	0.09942	3.47100e-05
2.40335e+04	4.61196e-02	1.47745e-02	4.61173	5.51600	3.47100e-05
2.41034e+04	4.61215e-02	1.71218e-02	3.72124	4.70287	3.47100e-05
2.41733e+04	4.61258e-02	1.65197e-02	3.38767	4.21661	3.47100e-05
2.42432e+04	4.61165e-02	1.29830e-02	4.52751	3.10025	3.47100e-05
2.43131e+04	4.61283e-02	1.23719e-02	0.94195	1.31398	3.47100e-05
2.43829e+04	4.61129e-02	1.77568e-02	3.82487	0.20397	3.47100e-05
2.44528e+04	4.61209e-02	1.22991e-02	1.18899	5.47448	3.47100e-05
2.45227e+04	4.61037e-02	1.27828e-02	0.80540	3.07953	3.47100e-05
2.45926e+04	4.61200e-02	1.83268e-02	0.46379	1.50900	3.47100e-05
2.46625e+04	4.60881e-02	1.03805e-02	1.07683	6.11766	3.47100e-05
2.47323e+04	4.61091e-02	1.27300e-02	3.37430	3.62568	3.47100e-05
2.48022e+04	4.61385e-02	1.45743e-02	6.03628	1.62677	3.47100e-05
2.48721e+04	4.60955e-02	1.12697e-02	4.02656	5.16273	3.47100e-05
2.49420e+04	4.60861e-02	1.41714e-02	2.36686	2.95551	3.47100e-05
2.50118e+04	4.60877e-02	1.19792e-02	2.15435	0.17502	3.47100e-05
2.50817e+04	4.60753e-02	1.21885e-02	2.70872	3.77212	3.47100e-05
2.51516e+04	4.60949e-02	1.44723e-02	4.62781	0.58841	3.47100e-05
2.52215e+04	4.60913e-02	1.44834e-02	0.78833	4.02285	3.47100e-05
2.52914e+04	4.60825e-02	1.34333e-02	4.64433	0.63794	3.47100e-05
2.53612e+04	4.60679e-02	1.15212e-02	2.98644	3.63097	3.47100e-05
2.54311e+04	4.60639e-02	1.46163e-02	2.34691	0.18913	3.47100e-05
2.55010e+04	4.60744e-02	1.52106e-02	3.03512	2.58765	3.47100e-05
2.55709e+04	4.60662e-02	1.21271e-02	4.49469	5.06495	3.47100e-05
2.56408e+04	4.60581e-02	1.31494e-02	0.23448	1.56813	3.47100e-05
2.57106e+04	4.60614e-02	1.46103e-02	3.79942	3.66091	3.47100e-05
2.57805e+04	4.60563e-02	1.48586e-02	2.00260	5.68689	3.47100e-05
2.58504e+04	4.60717e-02	1.04418e-02	0.98535	1.51500	3.47100e-05
2.59203e+04	4.60642e-02	1.33351e-02	0.71516	3.73804	3.47100e-05
2.59901e+04	4.60573e-02	1.55502e-02	2.05216	5.20590	3.47100e-05
2.60600e+04	4.60714e-02	1.47616e-02	4.01530	0.64213	3.47100e-05
2.61299e+04	4.60414e-02	1.04305e-02	0.81775	2.12703	3.47100e-05
2.61998e+04	4.60391e-02	1.29097e-02	4.78206	3.62149	3.47100e-05
2.62697e+04	4.60471e-02	1.23114e-02	3.26061	5.21249	3.47100e-05
2.63395e+04	4.60256e-02	1.35366e-02	3.14394	6.24765	3.47100e-05
2.64094e+04	4.60453e-02	1.53654e-02	3.88637	0.98400	3.47100e-05
2.64793e+04	4.60617e-02	1.37108e-02	5.74171	1.76682	3.47100e-05
2.65492e+04	4.60570e-02	1.61833e-02	2.06152	2.65498	3.47100e-05
2.66191e+04	4.60762e-02	1.29981e-02	6.08662	2.97748	3.47100e-05
2.66889e+04	4.60336e-02	1.59755e-02	4.44793	3.52544	3.47100e-05
2.67588e+04	4.60457e-02	1.39714e-02	3.65110	4.10882	3.47100e-05
2.68287e+04	4.60172e-02	1.59567e-02	3.78224	4.63899	3.47100e-05
2.68986e+04	4.60522e-02	1.73002e-02	5.03075	4.89618	3.47100e-05
2.69684e+04	4.60259e-02	1.55663e-02	0.78510	5.21953	3.47100e-05
2.70383e+04	4.60384e-02	1.49714e-02	3.78336	5.45271	3.47100e-05
2.71082e+04	4.60260e-02	1.08974e-02	1.80976	5.15959	3.47100e-05
2.71781e+04	4.60426e-02	1.27498e-02	0.64650	4.99210	3.47100e-05
2.72480e+04	4.60440e-02	9.96089e-03	0.70838	4.50197	3.47100e-05
2.73178e+04	4.60242e-02	8.84694e-03	1.72879	3.91142	3.47100e-05
2.73877e+04	4.60256e-02	1.51360e-02	3.70042	3.22896	3.47100e-05
2.74576e+04	4.60282e-02	1.88676e-02	0.05067	2.70922	3.47100e-05
2.75275e+04	4.60056e-02	1.40402e-02	3.61792	2.22276	3.47100e-05
2.75973e+04	4.60134e-02	9.82145e-03	2.28103	1.18474	3.47100e-05
2.76672e+04	4.60139e-02	1.38336e-02	2.69743	5.77684	3.47100e-05
2.77371e+04	4.59942e-02	1.50822e-02	3.67321	4.38463	3.47100e-05
2.78070e+04	4.59850e-02	9.04072e-03	5.61689	2.91211	3.47100e-05
2.78769e+04	4.59958e-02	1.41431e-02	2.65406	0.75219	3.47100e-05
2.79467e+04	4.60022e-02	1.77255e-02	5.45716	6.00183	3.47100e-05
2.80166e+04	4.60090e-02	1.13290e-02	2.41162	5.35546	3.47100e-05
2.80865e+04	4.60120e-02	8.10382e-03	2.17501	2.76367	3.47100e-05
2.81564e+04	4.59723e-02	1.73144e-02	1.82990	1.31586	3.47100e-05
2.82263e+04	4.59918e-02	1.20008e-02	2.15998	6.22222	3.47100e-05
2.82961e+04	4.59976e-02	9.03283e-03	3.45295	4.43265	3.47100e-05
2.83660e+04	4.59896e-02	1.72581e-02	5.75697	2.60844	3.47100e-05
2.84359e+04	4.59808e-02	1.03257e-02	2.44718	1.03531	3.47100e-05
2.85058e+04	4.60136e-02	1.52642e-02	0.71997	5.02639	3.47100e-05
2.85756e+04	4.59958e-02	1.42919e-02	5.35318	3.48180	3.47100e-05
2.86455e+04	4.59941e-02	9.64226e-03	5.78947	0.78109	3.47100e-05
2.87154e+04	4.59888e-02	1.85814e-02	0.27458	4.92819	3.47100e-05
2.87853e+04	4.59925e-02	7.72612e-03	2.27043	2.43760	3.47100e-05
2.88552e+04	4.60099e-02	1.70742e-02	5.37598	5.92614	3.47100e-05
2.89250e+04	4.59687e-02	1.15265e-02	3.35077	2.93508	3.47100e-05
2.89949e+04	4.59831e-02	1.67138e-02	1.72372	0.43582	3.47100e-05
2.90648e+04	4.59703e-02	1.28922e-02	1.62998	3.38198	3.47100e-05
2.91347e+04	4.59683e-02	1.63274e-02	0.95466	1.50962	3.47100e-05
2.92046e+04	4.59658e-02	1.28301e-02	2.00911	4.85597	3.47100e-05
2.92744e+04	4.59662e-02	1.67350e-02	3.04837	2.76693	3.47100e-05
2.93443e+04	4.59643e-02	8.89757e-03	5.59889	6.25850	3.47100e-05
2.94142e+04	4.59729e-02	1.76449e-02	2.41019	3.81164	3.47100e-05
2.94841e+04	4.59643e-02	7.38549e-03	0.68774	0.75615	3.47100e-05
2.95539e+04	4.59768e-02	1.67989e-02	5.80167	4.32705	3.47100e-05
2.96238e+04	4.59541e-02	1.56027e-02	0.02912	0.81833	3.47100e-05
2.96937e+04	4.59777e-02	1.10898e-02	0.26253	4.67598	3.47100e-05
2.97636e+04	4.59577e-02	1.74556e-02	2.48145	1.16963	3.47100e-05
2.98335e+04	4.59546e-02	7.12391e-03	5.31168	4.16474	3.47100e-05
2.99033e+04	4.59696e-02	1.56809e-02	2.90402	0.68031	3.47100e-05
2.99732e+04	4.59498e-02	1.57945e-02	1.83896	3.11937	3.47100e-05
3.00431e+04	4.59651e-02	8.66129e-03	1.68166	5.40573	3.47100e-05
3.01130e+04	4.59329e-02	1.31226e-02	2.08066	1.83724	3.47100e-05
3.01829e+04	4.59350e-02	1.65121e-02	3.95238	3.89941	3.47100e-05
3.02527e+04	4.59247e-02	1.36510e-02	0.77384	5.63993	3.47100e-05
3.03226e+04	4.59250e-02	1.05520e-02	5.06870	0.75070	3.47100e-05
3.03925e+04	4.59079e-02	8.11588e-03	3.17256	3.01682	3.47100e-05
3.04624e+04	4.59291e-02	1.36418e-02	3.49070	3.96661	3.47100e-05
3.05322e+04	4.59079e-02	1.04627e-02	6.06167	4.07259	3.47100e-05
3.06021e+04	4.59386e-02	9.70547e-03	1.09634	5.94691	3.47100e-05
3.06720e+04	4.59584e-02	6.63399e-03	4.11628	0.33777	3.47100e-05
3.07419e+04	4.59280e-02	4.94934e-03	2.68748	0.29295	3.47100e-05
3.08118e+04	4.58805e-02	2.04980e-02	5.95755	3.94760	3.47100e-05
3.08816e+04	4.57650e-02	1.10352e-02	4.96053	0.91760	3.47100e-05
3.09515e+04	4.57715e-02	1.93670e-03	1.12586	2.30836	3.47100e-05
3.10214e+04	4.57948e-02	1.25630e-02	3.52097	1.82674	3.47100e-05
3.10913e+04	4.58348e-02	8.72550e-03	5.86508	0.51838	3.47100e-05
3.11612e+04	4.58351e-02	7.89190e-03	4.62150	3.40841	3.47100e-05
3.12310e+04	4.58499e-02	1.10836e-02	6.06318	4.18004	3.47100e-05
3.13009e+04	4.58480e-02	9.42707e-03	0.29906	0.23035	3.47100e-05
3.13708e+04	4.57878e-02	5.28097e-03	2.32335	3.67610	3.47100e-05
3.14407e+04	4.57294e-02	6.48842e-03	2.41672	3.30243	3.47100e-05
3.15105e+04	4.58160e-02	3.18198e-03	0.29271	2.97664	3.47100e-05
3.15804e+04	4.57894e-02	9.64159e-03	1.55635	6.26398	3.47100e-05
3.16503e+04	4.58131e-02	1.05454e-02	2.64680	4.51095	3.47100e-05
3.17202e+04	4.58072e-02	9.14596e-03	0.40152	0.32848	3.47100e-05
3.17901e+04	4.58303e-02	6.06944e-03	5.35804	4.43241	3.47100e-05
3.18599e+04	4.59089e-02	1.06415e-02	3.49501	5.33423	3.47100e-05
3.19298e+04	4.57953e-02	1.27833e-02	1.84860	4.28795	3.47100e-05
3.19997e+04	4.58240e-02	4.73642e-03	4.98558	0.47129	3.47100e-05
3.20696e+04	4.58547e-02	1.29731e-02	4.89088	3.65372	3.47100e-05
3.21395e+04	4.57769e-02	5.73724e-03	1.22943	4.01906	3.47100e-05
3.22093e+04	4.57828e-02	9.07198e-03	3.96830	4.77522	3.47100e-05
3.22792e+04	4.58160e-02	3.79008e-03	4.97172	2.64710	3.47100e-05
3.23491e+04	4.58300e-02	8.94167e-03	6.14410	3.61071	3.47100e-05
3.24190e+04	4.58736e-02	7.15670e-03	0.28157	1.41413	3.47100e-05
3.24888e+04	4.58854e-02	7.60769e-03	0.14139	0.37121	3.47100e-05
3.25587e+04	4.58550e-02	1.22813e-02	3.74868	4.27572	3.47100e-05
3.26286e+04	4.58336e-02	5.38847e-03	1.47506	1.92049	3.47100e-05
3.26985e+04	4.57818e-02	1.39831e-02	2.84404	1.23736	3.47100e-05
3.27684e+04	4.58054e-02	1.72500e-02	2.02473	3.93510	3.47100e-05
3.28382e+04	4.57828e-02	4.34412e-03	3.22836	5.17585	3.47100e-05
3.29081e+04	4.57927e-02	8.37746e-03	0.13575	5.30640	3.47100e-05
3.29780e+04	4.58177e-02	7.18460e-03	5.77479	1.43028	3.47100e-05
3.30479e+04	4.57775e-02	1.63224e-02	1.53718	6.12602	3.47100e-05
3.31178e+04	4.58583e-02	3.48984e-03	3.51507	0.14149	3.47100e-05
3.31876e+04	4.58609e-02	8.12617e-03	4.07398	4.53333	3.47100e-05
3.32575e+04	4.57536e-02	1.25238e-02	5.43206	1.18817	3.47100e-05
3.33274e+04	4.57770e-02	4.13469e-03	3.03147	5.80929	3.47100e-05
3.33973e+04	4.58014e-02	5.67387e-03	3.99323	4.61977	3.47100e-05
3.34671e+04	4.57762e-02	7.52285e-03	1.30359	3.32323	3.47100e-05
3.35370e+04	4.57627e-02	1.36612e-02	4.63329	4.20222	3.47100e-05
3.36069e+04	4.58208e-02	1.38430e-02	0.82673	2.49895	3.47100e-05
3.36768e+04	4.57873e-02	4.87195e-03	4.72673	3.74700	3.47100e-05
3.37467e+04	4.57556e-02	1.11930e-02	1.86202	3.97033	3.47100e-05
3.38165e+04	4.58421e-02	1.58230e-02	3.49281	5.89148	3.47100e-05
3.38864e+04	4.57095e-02	1.03425e-02	0.16919	3.27364	3.47100e-05
3.39563e+04	4.57436e-02	1.33893e-02	3.52592	5.42657	3.47100e-05
3.40262e+04	4.57562e-02	2.97848e-03	3.90408	1.45338	3.47100e-05
3.40961e+04	4.58133e-02	9.86408e-03	3.10084	2.58025	3.47100e-05
3.41659e+04	4.57626e-02	1.43500e-02	1.35499	0.87331	3.47100e-05
3.42358e+04	4.58308e-02	1.20845e-02	5.61552	1.46411	3.47100e-05
3.43057e+04	4.57950e-02	6.69945e-03	1.02466	4.68186	3.47100e-05
3.43756e+04	4.57847e-02	1.24095e-02	3.11614	3.78306	3.47100e-05
3.44454e+04	4.58398e-02	1.53661e-02	0.50248	4.19768	3.47100e-05
3.45153e+04	4.57442e-02	1.33830e-02	4.50970	0.41566	3.47100e-05
3.45852e+04	4.57875e-02	1.18620e-02	4.85970	0.97511	3.47100e-05
3.46551e+04	4.57763e-02	1.91460e-02	5.50803	5.32169	3.47100e-05
3.47250e+04	4.57989e-02	5.42468e-03	0.82394	0.27606	3.47100e-05
3.47948e+04	4.57651e-02	1.62359e-02	0.37085	4.41229	3.47100e-05
3.48647e+04	4.58010e-02	9.05656e-03	0.71198	0.56143	3.47100e-05
3.49346e+04	4.58621e-02	1.48083e-02	5.99481	4.70843	3.47100e-05
3.50045e+04	4.57735e-02	1.25070e-02	0.01668	2.96672	3.47100e-05
3.50743e+04	4.57801e-02	2.00235e-02	3.48462	3.39460	3.47100e-05
3.51442e+04	4.57003e-02	1.46021e-02	4.24392	4.94914	3.47100e-05
3.52141e+04	4.57260e-02	1.56175e-02	1.15480	2.29523	3.47100e-05
3.52840e+04	4.57744e-02	1.07645e-02	0.82982	6.22795	3.47100e-05
3.53539e+04	4.57972e-02	3.52185e-03	6.23933	5.04605	3.47100e-05
3.54237e+04	4.57487e-02	8.15763e-03	2.64502	1.48057	3.47100e-05
3.54936e+04	4.57840e-02	3.17985e-03	5.80119	3.29280	3.47100e-05
3.55635e+04	4.58089e-02	1.34625e-02	5.52612	2.54152	3.47100e-05
3.56334e+04	4.58053e-02	1.65582e-02	5.57217	1.44464	3.47100e-05
3.57033e+04	4.57924e-02	1.28978e-02	4.09711	4.22320	3.47100e-05
3.57731e+04	4.57296e-02	1.81068e-02	1.37193	2.60015	3.47100e-05
3.58430e+04	4.57074e-02	7.19510e-04	4.85638	3.81136	3.47100e-05
3.59129e+04	4.57491e-02	7.99156e-03	0.62597	6.20294	3.47100e-05
3.59828e+04	4.56719e-02	7.97423e-03	2.45395	1.55841	3.47100e-05
3.60526e+04	4.56711e-02	1.48003e-02	3.03841	3.18208	3.47100e-05
3.61225e+04	4.57293e-02	1.05976e-02	3.76349	3.84500	3.47100e-05
3.61924e+04	4.56763e-02	9.49608e-03	5.58567	4.27148	3.47100e-05
3.62623e+04	4.57153e-02	1.13412e-02	2.44386	2.93404	3.47100e-05
3.63322e+04	4.57083e-02	1.28533e-02	4.84626	0.11979	3.47100e-05
3.64020e+04	4.57379e-02	6.44093e-03	3.14094	2.86161	3.47100e-05
3.64719e+04	4.57730e-02	1.52481e-02	5.50183	2.56753	3.47100e-05
3.65418e+04	4.57611e-02	1.09869e-02	6.11062	4.35547	3.47100e-05
3.66117e+04	4.57697e-02	1.57319e-02	0.65165	4.01975	3.47100e-05
3.66816e+04	4.57557e-02	9.22184e-03	3.36446	4.84094	3.47100e-05
3.67514e+04	4.56617e-02	1.35695e-02	1.70800	3.83403	3.47100e-05
3.68213e+04	4.56821e-02	1.39256e-02	2.89422	1.20716	3.47100e-05
3.68912e+04	4.57588e-02	1.22477e-02	1.19936	1.68004	3.47100e-05
3.69611e+04	4.57357e-02	1.08364e-02	1.61331	0.64327	3.47100e-05
3.70309e+04	4.57704e-02	1.11601e-02	0.88134	1.31294	3.47100e-05
3.71008e+04	4.57167e-02	5.87116e-03	0.65078	1.99063	3.47100e-05
3.71707e+04	4.56849e-02	1.57066e-02	1.06332	2.68308	3.47100e-05
3.72406e+04	4.57729e-02	1.22890e-02	4.24597	0.75944	3.47100e-05
3.73105e+04	4.57650e-02	1.08733e-02	4.28330	3.40730	3.47100e-05
3.73803e+04	4.57341e-02	8.40340e-03	1.67673	1.94460	3.47100e-05
3.74502e+04	4.57804e-02	1.42693e-02	4.83638	2.77482	3.47100e-05
3.75201e+04	4.57183e-02	1.92597e-02	1.25577	3.23531	3.47100e-05
3.75900e+04	4.57245e-02	1.34812e-02	2.91808	0.37209	3.47100e-05
3.76599e+04	4.56983e-02	1.11374e-02	5.82712	2.20612	3.47100e-05
3.77297e+04	4.57189e-02	7.39561e-03	1.03469	0.22698	3.47100e-05
3.77996e+04	4.56823e-02	1.20688e-02	5.85874	2.21181	3.47100e-05
3.78695e+04	4.56882e-02	1.13503e-02	4.54237	3.88569	3.47100e-05
3.79394e+04	4.57648e-02	1.33480e-02	4.61089	4.26417	3.47100e-05
3.80092e+04	4.56540e-02	1.76420e-02	2.60622	2.41040	3.47100e-05
3.80791e+04	4.57142e-02	1.28221e-02	5.52975	1.47995	3.47100e-05
3.81490e+04	4.56726e-02	1.33896e-02	2.20884	1.56318	3.47100e-05
3.82189e+04	4.57073e-02	1.51431e-02	0.03129	0.21434	3.47100e-05
3.82888e+04	4.56741e-02	1.24096e-02	0.38085	4.56576	3.47100e-05
3.83586e+04	4.56970e-02	1.57951e-02	4.69157	4.90267	3.47100e-05
3.84285e+04	4.57384e-02	1.06306e-02	3.40099	4.75786	3.47100e-05
3.84984e+04	4.56528e-02	1.58462e-02	5.16374	2.37909	3.47100e-05
3.85683e+04	4.57144e-02	1.33546e-02	2.13413	5.63043	3.47100e-05
3.86382e+04	4.56972e-02	1.71829e-03	5.48143	3.50479	3.47100e-05
3.87080e+04	4.57348e-02	1.17113e-02	5.55457	5.22509	3.47100e-05
3.87779e+04	4.56586e-02	6.10125e-03	0.93806	5.40184	3.47100e-05
3.88478e+04	4.56728e-02	1.48375e-02	4.74421	4.17604	3.47100e-05
3.89177e+04	4.57076e-02	1.15396e-02	0.45681	5.27297	3.47100e-05
3.89875e+04	4.56837e-02	4.74689e-03	2.03295	1.13665	3.47100e-05
3.90574e+04	4.57241e-02	1.17385e-02	4.90756	2.60677	3.47100e-05
3.91273e+04	4.56744e-02	9.75565e-03	1.27378	4.86227	3.47100e-05
3.91972e+04	4.56682e-02	1.60756e-02	2.28325	3.36222	3.47100e-05
3.92671e+04	4.56641e-02	1.51940e-02	4.70802	0.64873	3.47100e-05
3.93369e+04	4.56984e-02	1.88169e-02	6.06671	5.90111	3.47100e-05
3.94068e+04	4.56851e-02	1.71213e-02	0.81341	6.01272	3.47100e-05
3.94767e+04	4.56947e-02	1.82404e-02	2.41249	5.90943	3.47100e-05
3.95466e+04	4.56825e-02	1.82089e-02	3.08027	1.27195	3.47100e-05
3.96165e+04	4.57089e-02	7.98601e-03	3.55338	3.52782	3.47100e-05
3.96863e+04	4.56953e-02	1.32428e-02	3.49295	0.52926	3.47100e-05
3.97562e+04	4.56635e-02	1.66458e-02	5.30798	2.85187	3.47100e-05
3.98261e+04	4.56516e-02	1.51335e-02	4.14044	2.12503	3.47100e-05
3.98960e+04	4.56717e-02	8.54454e-03	4.08491	1.09520	3.47100e-05
3.99658e+04	4.56863e-02	1.53861e-02	4.40638	0.33486	3.47100e-05
4.00357e+04	4.56275e-02	1.24669e-02	3.12058	1.38407	3.47100e-05
4.01056e+04	4.56542e-02	1.76136e-02	2.18558	2.98093	3.47100e-05
4.01755e+04	4.56818e-02	2.13554e-02	1.91254	4.52733	3.47100e-05
4.02454e+04	4.56451e-02	1.05583e-02	0.44530	1.22885	3.47100e-05
4.03152e+04	4.56739e-02	2.00537e-02	5.33808	5.07836	3.47100e-05
4.03851e+04	4.56330e-02	1.25209e-02	5.00783	2.09888	3.47100e-05
4.04550e+04	4.56640e-02	1.32569e-02	2.88563	1.19458	3.47100e-05
4.05249e+04	4.56844e-02	1.79705e-02	1.58429	0.49524	3.47100e-05
4.05948e+04	4.56615e-02	1.60239e-02	5.97594	0.58940	3.47100e-05
4.06646e+04	4.56511e-02	2.37308e-02	4.15322	1.55591	3.47100e-05
4.07345e+04	4.56316e-02	1.92272e-02	2.28633	2.81671	3.47100e-05
4.08044e+04	4.56799e-02	1.21674e-02	0.00550	5.39210	3.47100e-05
4.08743e+04	4.56072e-02	1.49569e-02	3.43100	2.54380	3.47100e-05
4.09441e+04	4.56741e-02	1.54300e-02	2.03683	5.43608	3.47100e-05
4.10140e+04	4.56490e-02	1.63927e-02	4.86931	4.35750	3.47100e-05
4.10839e+04	4.56299e-02	1.33171e-02	2.67529	2.96504	3.47100e-05
4.11538e+04	4.56654e-02	1.42056e-02	0.04637	2.28584	3.47100e-05
4.12237e+04	4.56350e-02	8.67426e-03	3.61771	2.32022	3.47100e-05
4.12935e+04	4.56162e-02	1.27830e-02	1.46858	2.58434	3.47100e-05
4.13634e+04	4.56244e-02	1.39254e-02	4.45806	4.45896	3.47100e-05
4.14333e+04	4.56633e-02	1.97134e-02	1.30501	0.49168	3.47100e-05
4.15032e+04	4.56725e-02	1.56606e-02	5.18275	2.55470	3.47100e-05
4.15730e+04	4.56257e-02	1.31622e-02	2.78566	5.29926	3.47100e-05
4.16429e+04	4.56466e-02	2.20570e-02	5.74373	3.33085	3.47100e-05
4.17128e+04	4.56100e-02	1.05616e-02	2.31298	1.97311	3.47100e-05
4.17827e+04	4.56139e-02	1.64594e-02	0.15839	0.00425	3.47100e-05
4.18526e+04	4.56291e-02	1.99995e-02	3.23611	5.93242	3.47100e-05
4.19224e+04	4.56307e-02	2.01750e-02	6.27147	6.26785	3.47100e-05
4.19923e+04	4.56119e-02	2.08982e-02	3.15644	0.81756	3.47100e-05
4.20622e+04	4.56274e-02	2.17537e-02	0.58375	1.73811	3.47100e-05
4.21321e+04	4.56256e-02	1.91623e-02	4.55853	2.86549	3.47100e-05
4.22020e+04	4.56482e-02	1.11278e-02	1.16852	5.45829	3.47100e-05
4.22718e+04	4.56467e-02	1.51921e-02	5.07337	1.76220	3.47100e-05
4.23417e+04	4.56335e-02	2.02692e-02	1.62579	5.87922	3.47100e-05
4.24116e+04	4.55920e-02	1.16714e-02	5.65278	2.82604	3.47100e-05
4.24815e+04	4.56044e-02	1.70161e-02	3.60727	0.52852	3.47100e-05
4.25513e+04	4.55749e-02	1.81775e-02	2.04682	4.51672	3.47100e-05
4.26212e+04	4.56423e-02	1.13687e-02	5.61153	3.79086	3.47100e-05
4.26911e+04	4.55923e-02	1.36968e-02	4.38318	2.46497	3.47100e-05
4.27610e+04	4.56245e-02	1.88656e-02	3.54594	1.09073	3.47100e-05
4.28309e+04	4.56049e-02	2.26868e-02	3.06611	0.28046	3.47100e-05
4.29007e+04	4.56012e-02	1.96826e-02	2.48842	6.24865	3.47100e-05
4.29706e+04	4.56135e-02	1.96893e-02	1.42525	0.80174	3.47100e-05
4.30405e+04	4.55974e-02	2.09970e-02	0.20666	2.30634	3.47100e-05
4.31104e+04	4.55923e-02	1.86959e-02	5.64593	4.01040	3.47100e-05
4.31803e+04	4.55740e-02	1.80130e-02	5.08810	6.21679	3.47100e-05
4.32501e+04	4.55774e-02	2.15727e-02	3.82024	3.25484	3.47100e-05
4.33200e+04	4.55948e-02	1.95729e-02	3.01725	0.43951	3.47100e-05
4.33899e+04	4.55892e-02	1.54504e-02	2.40725	4.23941	3.47100e-05
4.34598e+04	4.55737e-02	1.82197e-02	2.89395	1.54958	3.47100e-05
4.35296e+04	4.55895e-02	1.74015e-02	3.92977	5.25570	3.47100e-05
4.35995e+04	4.55879e-02	2.21077e-02	4.63835	3.57593	3.47100e-05
4.36694e+04	4.56186e-02	1.81954e-02	5.40039	2.37602	3.47100e-05
4.37393e+04	4.56102e-02	2.18973e-02	0.27001	1.40915	3.47100e-05
4.38092e+04	4.56249e-02	2.18334e-02	1.52280	0.87190	3.47100e-05
4.38790e+04	4.56036e-02	1.94563e-02	3.42986	0.41585	3.47100e-05
4.39489e+04	4.56161e-02	2.13861e-02	5.41797	0.48330	3.47100e-05
4.40188e+04	4.56222e-02	2.13454e-02	1.32970	0.93306	3.47100e-05
4.40887e+04	4.56074e-02	1.85190e-02	4.42991	1.21138	3.47100e-05
4.41586e+04	4.56035e-02	2.28591e-02	0.79590	2.41012	3.47100e-05
4.42284e+04	4.55825e-02	2.14859e-02	3.90132	3.75545	3.47100e-05
4.42983e+04	4.56090e-02	1.58446e-02	0.90827	5.51465	3.47100e-05
4.43682e+04	4.55955e-02	1.31489e-02	4.51578	1.29821	3.47100e-05
4.44381e+04	4.55880e-02	1.93149e-02	2.26523	3.69616	3.47100e-05
4.45079e+04	4.56012e-02	2.07311e-02	5.45629	1.02637	3.47100e-05
4.45778e+04	4.55847e-02	2.21569e-02	2.23780	5.25451	3.47100e-05
4.46477e+04	4.55962e-02	1.43757e-02	5.39155	3.75038	3.47100e-05
4.47176e+04	4.55871e-02	2.03615e-02	3.61586	1.70485	3.47100e-05
4.47875e+04	4.55880e-02	1.68923e-02	0.87225	0.95152	3.47100e-05
4.48573e+04	4.55858e-02	1.97722e-02	5.12732	0.29148	3.47100e-05
4.49272e+04	4.55788e-02	1.73968e-02	2.67738	0.45567	3.47100e-05
4.49971e+04	4.55883e-02	1.72757e-02	0.07182	1.32485	3.47100e-05
4.50670e+04	4.55668e-02	2.41963e-02	3.76162	2.86619	3.47100e-05
4.51369e+04	4.55589e-02	2.10570e-02	1.38289	4.68313	3.47100e-05
4.52067e+04	4.55373e-02	1.36769e-02	5.29255	0.88109	3.47100e-05
4.52766e+04	4.55458e-02	1.97080e-02	3.23460	3.69080	3.47100e-05
4.53465e+04	4.55579e-02	1.94547e-02	1.46625	0.59087	3.47100e-05
4.54164e+04	4.55889e-02	1.94683e-02	5.58831	4.64379	3.47100e-05
4.54862e+04	4.55619e-02	1.92726e-02	3.56499	2.78559	3.47100e-05
4.55561e+04	4.55853e-02	2.40778e-02	2.05577	1.08393	3.47100e-05
4.56260e+04	4.55496e-02	2.67339e-02	1.35913	5.68208	3.47100e-05
4.56959e+04	4.55769e-02	2.04675e-02	0.69524	4.47337	3.47100e-05
4.57658e+04	4.55598e-02	2.58338e-02	0.15338	3.80641	3.47100e-05
4.58356e+04	4.55333e-02	2.53975e-02	0.36422	3.08144	3.47100e-05
4.59055e+04	4.55606e-02	1.92048e-02	0.74165	2.75135	3.47100e-05
4.59754e+04	4.55686e-02	1.95522e-02	0.94346	2.96612	3.47100e-05
4.60453e+04	4.55851e-02	2.64677e-02	1.77605	3.20197	3.47100e-05
4.61152e+04	4.55328e-02	2.13580e-02	2.82505	3.82526	3.47100e-05
4.61850e+04	4.55221e-02	2.41229e-02	3.97534	5.07107	3.47100e-05
4.62549e+04	4.55965e-02	2.20638e-02	5.69470	6.27816	3.47100e-05
4.63248e+04	4.55563e-02	2.27197e-02	1.72080	1.27873	3.47100e-05
4.63947e+04	4.55525e-02	2.17632e-02	4.68644	2.55360	3.47100e-05
4.64645e+04	4.55040e-02	2.45816e-02	0.25987	5.50319	3.47100e-05
4.65344e+04	4.55292e-02	2.26655e-02	2.66537	1.93364	3.47100e-05
4.66043e+04	4.55587e-02	1.96319e-02	5.38528	5.02886	3.47100e-05
4.66742e+04	4.55258e-02	2.40786e-02	1.15980	3.12624	3.47100e-05
4.67441e+04	4.55549e-02	2.20652e-02	3.38251	1.48826	3.47100e-05
4.68139e+04	4.55191e-02	2.26895e-02	5.77613	0.35116	3.47100e-05
4.68838e+04	4.55281e-02	2.61559e-02	2.53498	5.42951	3.47100e-05
4.69537e+04	4.55863e-02	2.64875e-02	5.88264	4.40794	3.47100e-05
4.70236e+04	4.55204e-02	2.55939e-02	3.35865	3.64952	3.47100e-05
4.70935e+04	4.55299e-02	2.20662e-02	0.94712	3.29126	3.47100e-05
4.71633e+04	4.55452e-02	1.85827e-02	5.17255	3.12802	3.47100e-05
4.72332e+04	4.55147e-02	1.77988e-02	3.02134	3.59521	3.47100e-05
4.73031e+04	4.55330e-02	1.71054e-02	1.53396	4.04097	3.47100e-05
4.73730e+04	4.55664e-02	2.01785e-02	6.07266	5.31054	3.47100e-05
4.74428e+04	4.55138e-02	2.16443e-02	4.57749	0.55400	3.47100e-05
4.75127e+04	4.55122e-02	2.35809e-02	3.92460	1.94593	3.47100e-05
4.75826e+04	4.54955e-02	2.55297e-02	3.61278	3.66195	3.47100e-05
4.76525e+04	4.54985e-02	2.39150e-02	3.30531	5.86829	3.47100e-05
4.77224e+04	4.54930e-02	2.50667e-02	3.15561	2.15035	3.47100e-05
4.77922e+04	4.55150e-02	2.59577e-02	3.55679	4.82401	3.47100e-05
4.78621e+04	4.55063e-02	2.36077e-02	4.70759	1.17863	3.47100e-05
4.79320e+04	4.55653e-02	2.34864e-02	6.00358	4.38148	3.47100e-05
4.80019e+04	4.54974e-02	2.50604e-02	1.60771	1.25851	3.47100e-05
4.80718e+04	4.55388e-02	2.01048e-02	4.15017	4.42475	3.47100e-05
4.81416e+04	4.55270e-02	2.44684e-02	1.20370	1.35714	3.47100e-05
4.82115e+04	4.55184e-02	2.21805e-02	5.07728	4.66249	3.47100e-05
4.82814e+04	4.55169e-02	2.54008e-02	3.02938	1.83292	3.47100e-05
4.83513e+04	4.55019e-02	2.09007e-02	2.79025	4.44388	3.47100e-05
4.84211e+04	4.54959e-02	1.97576e-02	4.78739	5.92348	3.47100e-05
4.84910e+04	4.55183e-02	2.10074e-02	1.87001	0.59494	3.47100e-05
4.85609e+04	4.55041e-02	2.39634e-02	4.32388	2.95285	3.47100e-05
4.86308e+04	4.55074e-02	2.53684e-02	2.30293	4.12083	3.47100e-05
4.87007e+04	4.55728e-02	2.35892e-02	0.23488	6.07845	3.47100e-05
4.87705e+04	4.54787e-02	2.01654e-02	5.45042	1.32584	3.47100e-05
4.88404e+04	4.55309e-02	1.94665e-02	3.95463	3.93869	3.47100e-05
4.89103e+04	4.54898e-02	2.71512e-02	3.16580	0.23362	3.47100e-05
4.89802e+04	4.55180e-02	2.67630e-02	3.19341	2.51561	3.47100e-05
4.90500e+04	4.54775e-02	2.09451e-02	3.86845	4.91597	3.47100e-05
4.91199e+04	4.55104e-02	2.21532e-02	4.28533	1.72739	3.47100e-05
4.91898e+04	4.54798e-02	2.36374e-02	5.94982	4.38365	3.47100e-05
4.92597e+04	4.55065e-02	2.40974e-02	1.21798	1.30061	3.47100e-05
4.93296e+04	4.54885e-02	2.62714e-02	3.78124	4.15820	3.47100e-05
4.93994e+04	4.54944e-02	2.02504e-02	0.27058	1.20720	3.47100e-05
4.94693e+04	4.54807e-02	2.37556e-02	2.96889	4.90329	3.47100e-05
4.95392e+04	4.54847e-02	2.45983e-02	0.44642	2.16283	3.47100e-05
4.96091e+04	4.54971e-02	2.61283e-02	5.79549	4.99927	3.47100e-05
4.96790e+04	4.54614e-02	2.21158e-02	2.37882	5.43585	3.47100e-05
4.97488e+04	4.54778e-02	1.86101e-02	6.24705	5.74960	3.47100e-05
4.98187e+04	4.54796e-02	2.29337e-02	5.10445	5.54804	3.47100e-05
4.98886e+04	4.55120e-02	2.26619e-02	2.66338	0.62111	3.47100e-05
4.99585e+04	4.54507e-02	2.39257e-02	1.63693	1.26509	3.47100e-05
5.00283e+04	4.54856e-02	1.95398e-02	1.14329	1.91663	3.47100e-05
5.00982e+04	4.54460e-02	2.53436e-02	1.26659	2.92352	3.47100e-05
5.01681e+04	4.54607e-02	2.69777e-02	2.11525	3.79524	3.47100e-05
5.02380e+04	4.54805e-02	2.56745e-02	4.45551	4.07413	3.47100e-05
5.03079e+04	4.54626e-02	1.98069e-02	3.52075	2.55251	3.47100e-05
5.03777e+04	4.54920e-02	2.81764e-02	5.44834	5.66853	3.47100e-05
5.04476e+04	4.54567e-02	2.02057e-02	1.85612	2.53804	3.47100e-05
5.05175e+04	4.54536e-02	2.79002e-02	4.04187	0.22439	3.47100e-05
5.05874e+04	4.54711e-02	2.12697e-02	2.87487	0.76050	3.47100e-05
5.06573e+04	4.54783e-02	2.99342e-02	1.83286	1.79946	3.47100e-05
5.07271e+04	4.54685e-02	2.67391e-02	1.18836	2.94360	3.47100e-05
5.07970e+04	4.54413e-02	2.05756e-02	1.98130	3.39998	3.47100e-05
5.08669e+04	4.54726e-02	2.71301e-02	4.21676	3.45059	3.47100e-05
5.09368e+04	4.54206e-02	2.69082e-02	5.75994	4.43723	3.47100e-05
5.10066e+04	4.54461e-02	2.01934e-02	0.36690	0.05243	3.47100e-05
5.10765e+04	4.54723e-02	2.44149e-02	0.48658	3.34001	3.47100e-05
5.11464e+04	4.54490e-02	1.93206e-02	5.18452	1.87481	3.47100e-05
5.12163e+04	4.54425e-02	2.52643e-02	3.20666	1.38943	3.47100e-05
5.12862e+04	4.54453e-02	2.59772e-02	1.39707	1.20644	3.47100e-05
5.13560e+04	4.54385e-02	2.90622e-02	5.97268	1.65570	3.47100e-05
5.14259e+04	4.54212e-02	2.45821e-02	3.81712	2.86906	3.47100e-05
5.14958e+04	4.54437e-02	2.82681e-02	2.31630	3.93885	3.47100e-05
5.15657e+04	4.54178e-02	2.28424e-02	1.02827	5.43570	3.47100e-05
5.16356e+04	4.54664e-02	2.60573e-02	4.59505	2.21340	3.47100e-05
5.17054e+04	4.54469e-02	3.12310e-02	2.41758	4.97228	3.47100e-05
5.17753e+04	4.54675e-02	2.26161e-02	0.19312	2.09066	3.47100e-05
5.18452e+04	4.54650e-02	3.06475e-02	4.45047	5.81105	3.47100e-05
5.19151e+04	4.54145e-02	2.56400e-02	2.28280	3.68637	3.47100e-05
5.19849e+04	4.54212e-02	2.46467e-02	0.26190	1.99448	3.47100e-05
5.20548e+04	4.54501e-02	2.50506e-02	3.90010	1.16691	3.47100e-05
5.21247e+04	4.54220e-02	3.35526e-02	1.32876	1.00137	3.47100e-05
5.21946e+04	4.54273e-02	2.79302e-02	5.14912	1.00031	3.47100e-05
5.22645e+04	4.54375e-02	3.36010e-02	1.80961	2.38358	3.47100e-05
5.23343e+04	4.54163e-02	2.36436e-02	4.83347	3.84808	3.47100e-05
5.24042e+04	4.54268e-02	3.08418e-02	3.67460	4.61389	3.47100e-05
5.24741e+04	4.54085e-02	2.36067e-02	3.32634	5.08476	3.47100e-05
5.25440e+04	4.54361e-02	2.99813e-02	3.47137	6.02265	3.47100e-05
5.26139e+04	4.54446e-02	2.23476e-02	0.77220	3.12288	3.47100e-05
5.26837e+04	4.54049e-02	2.96663e-02	4.99675	0.03969	3.47100e-05
5.27536e+04	4.54257e-02	2.52549e-02	4.35512	2.92258	3.47100e-05
5.28235e+04	4.54196e-02	3.38447e-02	2.29416	0.95349	3.47100e-05
5.28934e+04	4.54313e-02	3.18387e-02	6.07740	6.07581	3.47100e-05
5.29632e+04	4.54085e-02	3.07879e-02	3.59095	5.26955	3.47100e-05
5.30331e+04	4.54004e-02	2.89028e-02	1.07944	4.88737	3.47100e-05
5.31030e+04	4.53989e-02	2.84195e-02	5.64308	4.31894	3.47100e-05
5.31729e+04	4.53932e-02	3.29830e-02	3.72811	4.35085	3.47100e-05
5.32428e+04	4.53813e-02	3.05527e-02	1.96473	4.65338	3.47100e-05
5.33126e+04	4.53882e-02	3.01189e-02	0.10805	5.42495	3.47100e-05
5.33825e+04	4.54005e-02	2.56505e-02	4.26333	0.60300	3.47100e-05
5.34524e+04	4.53929e-02	3.26924e-02	2.20615	2.48216	3.47100e-05
5.35223e+04	4.54147e-02	2.83436e-02	0.51196	4.50032	3.47100e-05
5.35922e+04	4.54357e-02	3.31266e-02	5.71294	0.29385	3.47100e-05
5.36620e+04	4.54120e-02	2.77268e-02	4.14123	3.07093	3.47100e-05
5.37319e+04	4.54043e-02	3.41236e-02	1.98609	0.37043	3.47100e-05
5.38018e+04	4.53770e-02	2.87113e-02	0.70609	3.82091	3.47100e-05
5.38717e+04	4.54172e-02	3.40861e-02	5.93285	1.37436	3.47100e-05
5.39415e+04	4.54221e-02	2.71738e-02	4.60585	5.65259	3.47100e-05
5.40114e+04	4.53899e-02	3.63265e-02	3.45312	4.13586	3.47100e-05
5.40813e+04	4.54077e-02	3.27908e-02	2.38375	3.05234	3.47100e-05
5.41512e+04	4.54096e-02	2.77057e-02	1.72028	1.96392	3.47100e-05
5.42211e+04	4.53960e-02	3.01335e-02	1.68505	0.89369	3.47100e-05
5.42909e+04	4.54051e-02	3.41192e-02	1.24477	0.43088	3.47100e-05
5.43608e+04	4.54029e-02	3.70557e-02	0.38176	0.66435	3.47100e-05
5.44307e+04	4.54237e-02	3.46986e-02	0.19386	0.70278	3.47100e-05
5.45006e+04	4.53992e-02	3.51656e-02	0.26973	0.95631	3.47100e-05
5.45705e+04	4.54121e-02	3.49219e-02	6.18179	1.73805	3.47100e-05
5.46403e+04	4.54007e-02	3.31851e-02	0.05259	2.68336	3.47100e-05
5.47102e+04	4.53935e-02	3.36932e-02	0.14812	3.95993	3.47100e-05
5.47801e+04	4.54090e-02	2.94771e-02	0.32603	5.63920	3.47100e-05
5.48500e+04	4.53755e-02	3.36409e-02	0.65168	1.33065	3.47100e-05
5.49198e+04	4.53845e-02	3.67453e-02	1.05444	3.50975	3.47100e-05
5.49897e+04	4.54294e-02	3.59909e-02	1.75494	5.86655	3.47100e-05
5.50596e+04	4.53887e-02	3.08164e-02	2.78117	2.22822	3.47100e-05
5.51295e+04	4.53746e-02	3.62949e-02	3.12356	5.63416	3.47100e-05
5.51994e+04	4.53846e-02	3.38059e-02	3.73163	2.92122	3.47100e-05
5.52692e+04	4.53914e-02	3.64615e-02	5.10828	0.11098	3.47100e-05
5.53391e+04	4.54030e-02	3.02033e-02	5.92000	4.26808	3.47100e-05
5.54090e+04	4.53941e-02	3.75517e-02	0.95476	2.24184	3.47100e-05
5.54789e+04	4.53895e-02	3.21460e-02	2.14766	0.57058	3.47100e-05
5.55488e+04	4.53782e-02	3.45004e-02	3.67566	5.35563	3.47100e-05
5.56186e+04	4.53688e-02	3.55538e-02	5.15253	4.14142	3.47100e-05
5.56885e+04	4.53919e-02	3.90706e-02	0.55448	3.32263	3.47100e-05
5.57584e+04	4.53863e-02	3.40664e-02	2.20316	2.71125	3.47100e-05
5.58283e+04	4.53813e-02	3.35979e-02	4.44140	2.17104	3.47100e-05
5.58981e+04	4.53889e-02	3.25258e-02	0.05381	2.16244	3.47100e-05
5.59680e+04	4.53900e-02	3.54187e-02	2.39402	2.18368	3.47100e-05
5.60379e+04	4.53897e-02	3.71155e-02	4.66209	2.65537	3.47100e-05
5.61078e+04	4.53719e-02	3.32901e-02	0.88745	3.33080	3.47100e-05
5.61777e+04	4.53808e-02	3.29045e-02	3.32201	4.32196	3.47100e-05
5.62475e+04	4.53508e-02	3.43136e-02	0.14342	5.35422	3.47100e-05
5.63174e+04	4.53699e-02	3.63960e-02	2.83877	0.63390	3.47100e-05
5.63873e+04	4.54354e-02	3.88959e-02	6.02395	2.22738	3.47100e-05
5.64572e+04	4.53469e-02	4.07378e-02	2.74373	4.18237	3.47100e-05
5.65270e+04	4.53667e-02	3.91428e-02	0.20382	6.11038	3.47100e-05
5.65969e+04	4.53803e-02	3.40323e-02	3.46671	2.31437	3.47100e-05
5.66668e+04	4.53544e-02	3.83056e-02	0.85868	4.87317	3.47100e-05
5.67367e+04	4.53671e-02	3.72698e-02	4.97861	1.20433	3.47100e-05
5.68066e+04	4.53934e-02	3.45273e-02	2.35897	4.41437	3.47100e-05
5.68764e+04	4.53873e-02	4.17941e-02	0.52254	1.23844	3.47100e-05
5.69463e+04	4.53927e-02	3.72118e-02	4.81927	4.65386	3.47100e-05
5.70162e+04	4.53453e-02	4.28881e-02	3.04471	2.01441	3.47100e-05
5.70861e+04	4.53954e-02	3.72275e-02	1.64349	5.75142	3.47100e-05
5.71560e+04	4.53457e-02	4.26632e-02	0.07205	3.54569	3.47100e-05
5.72258e+04	4.53842e-02	3.40289e-02	5.17397	1.51135	3.47100e-05
5.72957e+04	4.53320e-02	3.86440e-02	4.10568	5.92143	3.47100e-05
5.73656e+04	4.53681e-02	4.11328e-02	3.02258	4.45707	3.47100e-05
5.74355e+04	4.53542e-02	3.99516e-02	2.51451	2.90360	3.47100e-05
5.75053e+04	4.53410e-02	3.93387e-02	1.93183	1.59978	3.47100e-05
5.75752e+04	4.54011e-02	4.24683e-02	1.50809	0.69568	3.47100e-05
5.76451e+04	4.53288e-02	4.42378e-02	1.36748	6.13645	3.47100e-05
5.77150e+04	4.53831e-02	3.78875e-02	1.36972	5.39362	3.47100e-05
5.77849e+04	4.53566e-02	3.89406e-02	1.59639	4.96349	3.47100e-05
5.78547e+04	4.53456e-02	4.35882e-02	2.08457	4.59004	3.47100e-05
5.79246e+04	4.53559e-02	4.16924e-02	2.54765	4.53320	3.47100e-05
5.79945e+04	4.53876e-02	4.50208e-02	3.31851	4.60152	3.47100e-05
5.80644e+04	4.53760e-02	4.22521e-02	4.25632	4.89789	3.47100e-05
5.81343e+04	4.53518e-02	4.80374e-02	5.52533	5.29284	3.47100e-05
5.82041e+04	4.53352e-02	4.24144e-02	0.44340	5.93767	3.47100e-05
5.82740e+04	4.53354e-02	4.67850e-02	1.92290	0.41855	3.47100e-05
5.83439e+04	4.53708e-02	4.23906e-02	3.72622	1.31119	3.47100e-05
5.84138e+04	4.53806e-02	4.44246e-02	5.78950	2.32841	3.47100e-05
5.84836e+04	4.53452e-02	4.15280e-02	1.58738	3.67813	3.47100e-05
5.85535e+04	4.53463e-02	3.83410e-02	3.95496	5.05542	3.47100e-05
5.86234e+04	4.53620e-02	4.11313e-02	0.18678	0.42835	3.47100e-05
5.86933e+04	4.53344e-02	4.21729e-02	2.89393	2.25526	3.47100e-05
5.87632e+04	4.53248e-02	4.29526e-02	5.88522	4.08112	3.47100e-05
5.88330e+04	4.53296e-02	4.52885e-02	2.79388	6.07902	3.47100e-05
5.89029e+04	4.53723e-02	4.42070e-02	6.19535	2.03623	3.47100e-05
5.89728e+04	4.53146e-02	4.25378e-02	3.36943	4.52387	3.47100e-05
5.90427e+04	4.53327e-02	4.33719e-02	0.97147	0.65634	3.47100e-05
5.91126e+04	4.53395e-02	4.27984e-02	5.12914	3.17729	3.47100e-05
5.91824e+04	4.53330e-02	4.59131e-02	2.94764	6.11596	3.47100e-05
5.92523e+04	4.53468e-02	4.83366e-02	1.21817	2.71017	3.47100e-05
5.93222e+04	4.53509e-02	4.06553e-02	5.83637	5.83105	3.47100e-05
5.93921e+04	4.53566e-02	4.30769e-02	4.23176	2.88030	3.47100e-05
5.94619e+04	4.53345e-02	4.15028e-02	3.24342	6.05963	3.47100e-05
5.95318e+04	4.53245e-02	4.34806e-02	2.30003	3.31373	3.47100e-05
5.96017e+04	4.53013e-02	4.53340e-02	1.68879	0.55512	3.47100e-05
5.96716e+04	4.53136e-02	4.60749e-02	1.00498	4.48878	3.47100e-05
5.97415e+04	4.53458e-02	4.57933e-02	0.82413	1.98929	3.47100e-05
5.98113e+04	4.53529e-02	4.81193e-02	0.76998	6.08211	3.47100e-05
5.98812e+04	4.53459e-02	4.64961e-02	1.03374	3.83672	3.47100e-05
5.99511e+04	4.53178e-02	4.87388e-02	1.29754	1.91206	3.47100e-05
6.00210e+04	4.52981e-02	4.50166e-02	1.99252	0.03123	3.47100e-05
6.00909e+04	4.53405e-02	4.77645e-02	2.86077	4.51550	3.47100e-05
6.01607e+04	4.53428e-02	4.71288e-02	3.86649	2.94180	3.47100e-05
6.02306e+04	4.53113e-02	4.27795e-02	5.33223	1.34572	3.47100e-05
6.03005e+04	4.53313e-02	4.59706e-02	0.77487	6.18472	3.47100e-05
6.03704e+04	4.53429e-02	4.50430e-02	2.34055	5.03136	3.47100e-05
6.04402e+04	4.53105e-02	4.23291e-02	4.14970	3.99892	3.47100e-05
6.05101e+04	4.53059e-02	4.66290e-02	0.37921	2.81657	3.47100e-05
6.05800e+04	4.53332e-02	4.96048e-02	2.96509	1.89670	3.47100e-05
6.06499e+04	4.53101e-02	5.06775e-02	5.69075	1.07185	3.47100e-05
6.07198e+04	4.53038e-02	4.60029e-02	2.42846	0.37784	3.47100e-05
6.07896e+04	4.53295e-02	4.06486e-02	5.43205	6.11555	3.47100e-05
6.08595e+04	4.52957e-02	4.69386e-02	2.70058	5.60926	3.47100e-05
6.09294e+04	4.53712e-02	4.93952e-02	0.32653	5.22655	3.47100e-05
6.09993e+04	4.53227e-02	5.08922e-02	4.21289	4.96236	3.47100e-05
6.10692e+04	4.53094e-02	4.89322e-02	1.97749	4.91787	3.47100e-05
6.11390e+04	4.53566e-02	4.81460e-02	0.00347	4.98582	3.47100e-05
6.12089e+04	4.53113e-02	4.85906e-02	4.82768	5.12619	3.47100e-05
6.12788e+04	4.53132e-02	4.66684e-02	3.20608	5.39349	3.47100e-05
6.13487e+04	4.53062e-02	4.54591e-02	2.33360	5.61371	3.47100e-05
6.14185e+04	4.53177e-02	4.75687e-02	1.42117	6.01973	3.47100e-05
6.14884e+04	4.52913e-02	4.73339e-02	1.11220	0.03393	3.47100e-05
6.15583e+04	4.53330e-02	4.38822e-02	0.63415	0.67315	3.47100e-05
6.16282e+04	4.53239e-02	4.75660e-02	0.47754	1.38722	3.47100e-05
6.16981e+04	4.53086e-02	4.53223e-02	0.75720	2.23223	3.47100e-05
6.17679e+04	4.53074e-02	4.53252e-02	3.51179	2.53238	3.47100e-05
6.18378e+04	4.53278e-02	5.12700e-02	4.11225	3.47102	3.47100e-05
6.19077e+04	4.53033e-02	4.46060e-02	5.72577	4.36505	3.47100e-05
6.19776e+04	4.53214e-02	4.92995e-02	1.91653	5.14922	3.47100e-05
6.20475e+04	4.53099e-02	4.37806e-02	4.80856	6.03684	3.47100e-05
6.21173e+04	4.52748e-02	4.83314e-02	1.63880	0.67474	3.47100e-05
6.21872e+04	4.53281e-02	4.64491e-02	4.19108	1.93788	3.47100e-05
6.22571e+04	4.53003e-02	5.50784e-02	1.20587	3.16149	3.47100e-05
6.23270e+04	4.52819e-02	5.00995e-02	3.30956	4.76645	3.47100e-05
6.23968e+04	4.53164e-02	5.35170e-02	6.22295	0.09294	3.47100e-05
6.24667e+04	4.52748e-02	4.47293e-02	3.53033	1.71483	3.47100e-05
6.25366e+04	4.53380e-02	4.68724e-02	1.80378	3.24057	3.47100e-05
6.26065e+04	4.53098e-02	4.63623e-02	0.32456	4.92916	3.47100e-05
6.26764e+04	4.52875e-02	5.26403e-02	1.20351	5.74824	3.47100e-05
6.27462e+04	4.53413e-02	4.99946e-02	0.47241	1.25043	3.47100e-05
6.28161e+04	4.52977e-02	5.24044e-02	4.75503	3.31901	3.47100e-05
6.28860e+04	4.52692e-02	4.82489e-02	2.88568	5.70698	3.47100e-05
6.29559e+04	4.52964e-02	4.78118e-02	1.40707	1.66827	3.47100e-05
6.30257e+04	4.52836e-02	5.27890e-02	3.66805	3.14445	3.47100e-05
6.30956e+04	4.52791e-02	4.89371e-02	3.83720	5.31760	3.47100e-05
6.31655e+04	4.53545e-02	5.12489e-02	0.04315	0.76974	3.47100e-05
6.32354e+04	4.53257e-02	5.00096e-02	0.83533	3.14542	3.47100e-05
6.33053e+04	4.52722e-02	5.25614e-02	3.15415	5.21837	3.47100e-05
6.33751e+04	4.53017e-02	4.81549e-02	4.96525	1.22698	3.47100e-05
6.34450e+04	4.53074e-02	5.36594e-02	0.71146	3.55546	3.47100e-05
6.35149e+04	4.52733e-02	5.10512e-02	4.03689	5.60436	3.47100e-05
6.35848e+04	4.52872e-02	5.24182e-02	5.41335	2.18445	3.47100e-05
6.36547e+04	4.53027e-02	5.21556e-02	1.17028	5.13563	3.47100e-05
6.37245e+04	4.53180e-02	4.72163e-02	4.09473	1.31524	3.47100e-05
6.37944e+04	4.52776e-02	5.43674e-02	5.83364	4.47260	3.47100e-05
6.38643e+04	4.52718e-02	5.55935e-02	3.52666	0.85335	3.47100e-05
6.39342e+04	4.53115e-02	4.67870e-02	1.36367	3.55524	3.47100e-05
6.40040e+04	4.52988e-02	5.73871e-02	5.35871	0.16042	3.47100e-05
6.40739e+04	4.53103e-02	5.35851e-02	2.02103	3.46047	3.47100e-05
6.41438e+04	4.53137e-02	5.18763e-02	0.02192	0.43008	3.47100e-05
6.42137e+04	4.52779e-02	4.90994e-02	0.40774	4.81314	3.47100e-05
6.42836e+04	4.52865e-02	5.16169e-02	3.30937	2.47377	3.47100e-05
6.43534e+04	4.52783e-02	5.70964e-02	2.21913	5.72373	3.47100e-05
6.44233e+04	4.53171e-02	5.42836e-02	0.47083	3.14334	3.47100e-05
6.44932e+04	4.53035e-02	4.87390e-02	5.49228	0.31392	3.47100e-05
6.45631e+04	4.53211e-02	5.58519e-02	5.29073	3.85109	3.47100e-05
6.46330e+04	4.52965e-02	5.26116e-02	5.78236	1.14538	3.47100e-05
6.47028e+04	4.52903e-02	5.51217e-02	5.75856	5.02812	3.47100e-05
6.47727e+04	4.52721e-02	4.94445e-02	6.19418	2.43844	3.47100e-05
6.48426e+04	4.52725e-02	5.72610e-02	1.19669	6.10783	3.47100e-05
6.49125e+04	4.52443e-02	4.83295e-02	2.49814	3.56688	3.47100e-05
6.49823e+04	4.52600e-02	5.57043e-02	4.61901	0.84428	3.47100e-05
6.50522e+04	4.52737e-02	5.27683e-02	0.56708	4.83449	3.47100e-05
6.51221e+04	4.52549e-02	5.35740e-02	3.95972	2.07665	3.47100e-05
6.51920e+04	4.52756e-02	5.07889e-02	1.05999	5.95141	3.47100e-05
6.52619e+04	4.52974e-02	5.50189e-02	5.57186	3.28746	3.47100e-05
6.53317e+04	4.52860e-02	5.16259e-02	2.68396	1.07265	3.47100e-05
6.54016e+04	4.52879e-02	5.57450e-02	0.12903	5.07994	3.47100e-05
6.54715e+04	4.52543e-02	5.54402e-02	3.59161	3.09076	3.47100e-05
6.55414e+04	4.52618e-02	4.97376e-02	1.16759	0.84091	3.47100e-05
6.56113e+04	4.52412e-02	5.36460e-02	5.54081	5.23461	3.47100e-05
6.56811e+04	4.52597e-02	4.64100e-02	4.41597	3.00540	3.47100e-05
6.57510e+04	4.52550e-02	5.56214e-02	2.77854	0.98284	3.47100e-05
6.58209e+04	4.52619e-02	5.68880e-02	1.49968	5.50692	3.47100e-05
6.58908e+04	4.52395e-02	5.15880e-02	5.92197	3.87036	3.47100e-05
6.59606e+04	4.52658e-02	5.85538e-02	6.05822	2.03938	3.47100e-05
6.60305e+04	4.52587e-02	5.71348e-02	5.40502	0.57204	3.47100e-05
6.61004e+04	4.52757e-02	5.00260e-02	0.23683	4.76698	3.47100e-05
6.61703e+04	4.52481e-02	6.07355e-02	0.92506	3.06741	3.47100e-05
6.62402e+04	4.52447e-02	5.07752e-02	3.01170	0.98494	3.47100e-05
6.63100e+04	4.52395e-02	5.32649e-02	5.99224	5.12604	3.47100e-05
6.63799e+04	4.52383e-02	5.91048e-02	1.58547	3.83270	3.47100e-05
6.64498e+04	4.52458e-02	5.01592e-02	3.83865	2.19776	3.47100e-05
6.65197e+04	4.52237e-02	5.58145e-02	5.48116	0.68994	3.47100e-05
6.65896e+04	4.52509e-02	5.79971e-02	1.05836	5.69132	3.47100e-05
6.66594e+04	4.52417e-02	5.16264e-02	4.51304	4.36793	3.47100e-05
6.67293e+04	4.52539e-02	5.05510e-02	1.69195	2.83190	3.47100e-05
6.67992e+04	4.52471e-02	5.97577e-02	3.05741	2.01024	3.47100e-05
6.68691e+04	4.52653e-02	5.54933e-02	6.13133	0.99248	3.47100e-05
6.69389e+04	4.52711e-02	4.81480e-02	2.83664	6.24716	3.47100e-05
6.70088e+04	4.52694e-02	5.28907e-02	6.26059	5.15552	3.47100e-05
6.70787e+04	4.52678e-02	6.23790e-02	4.47635	4.16492	3.47100e-05
6.71486e+04	4.52431e-02	5.31533e-02	2.75504	3.38783	3.47100e-05
6.72185e+04	4.52448e-02	4.53335e-02	1.03591	2.26150	3.47100e-05
6.72883e+04	4.52503e-02	5.44105e-02	0.08869	1.14204	3.47100e-05
6.73582e+04	4.52462e-02	6.37316e-02	4.66176	0.54704	3.47100e-05
6.74281e+04	4.52307e-02	5.63004e-02	3.96353	6.11344	3.47100e-05
6.74980e+04	4.52574e-02	4.25060e-02	3.25097	5.21652	3.47100e-05
6.75679e+04	4.52621e-02	4.47331e-02	2.33938	4.42018	3.47100e-05
6.76377e+04	4.52730e-02	6.28782e-02	3.96519	3.22381	3.47100e-05
6.77076e+04	4.52610e-02	6.44210e-02	4.52069	2.60634	3.47100e-05
6.77775e+04	4.52415e-02	4.53878e-02	6.19027	1.87432	3.47100e-05
6.78474e+04	4.52497e-02	4.76593e-02	0.10307	1.28303	3.47100e-05
6.79172e+04	4.52161e-02	5.73330e-02	2.13077	0.43840	3.47100e-05
6.79871e+04	4.52179e-02	6.82168e-02	3.98540	0.02610	3.47100e-05
6.80570e+04	4.52577e-02	5.96888e-02	5.90222	5.92398	3.47100e-05
6.81269e+04	4.52368e-02	5.41729e-02	1.70087	5.60759	3.47100e-05
6.81968e+04	4.52658e-02	4.75860e-02	5.44738	4.65623	3.47100e-05
6.82666e+04	4.52488e-02	5.52143e-02	4.16962	3.52665	3.47100e-05
6.83365e+04	4.52377e-02	6.02399e-02	1.91366	3.10877	3.47100e-05
6.84064e+04	4.52322e-02	5.47772e-02	0.91262	2.19982	3.47100e-05
6.84763e+04	4.52234e-02	5.27576e-02	0.44553	1.16658	3.47100e-05
6.85462e+04	4.52483e-02	5.65288e-02	5.92860	0.53895	3.47100e-05
6.86160e+04	4.52456e-02	6.26172e-02	5.40494	6.25048	3.47100e-05
6.86859e+04	4.52276e-02	6.09254e-02	3.82934	6.04676	3.47100e-05
6.87558e+04	4.52326e-02	5.97289e-02	3.47081	5.67305	3.47100e-05
6.88257e+04	4.52373e-02	5.16645e-02	4.16907	5.10076	3.47100e-05
6.88955e+04	4.51963e-02	5.27497e-02	5.31070	4.48285	3.47100e-05
6.89654e+04	4.52152e-02	5.94333e-02	0.41696	3.87963	3.47100e-05
6.90353e+04	4.52383e-02	5.65255e-02	2.83693	3.33070	3.47100e-05
6.91052e+04	4.52416e-02	5.59321e-02	1.48758	3.88925	3.47100e-05
6.91751e+04	4.52199e-02	5.45096e-02	2.09903	3.88941	3.47100e-05
6.92449e+04	4.52086e-02	5.30335e-02	3.76079	3.81405	3.47100e-05
6.93148e+04	4.52043e-02	5.14196e-02	0.25047	3.64989	3.47100e-05
6.93847e+04	4.52152e-02	4.61022e-02	3.15989	3.59494	3.47100e-05
6.94546e+04	4.52681e-02	4.96935e-02	6.22912	3.34644	3.47100e-05
6.95245e+04	4.52361e-02	5.66193e-02	1.92261	3.50159	3.47100e-05
6.95943e+04	4.52105e-02	6.09768e-02	5.93117	3.28433	3.47100e-05
6.96642e+04	4.51924e-02	6.11705e-02	2.47628	3.60503	3.47100e-05
6.97341e+04	4.52513e-02	6.07412e-02	6.07511	3.63504	3.47100e-05
6.98040e+04	4.52296e-02	5.59525e-02	2.55106	4.09924	3.47100e-05
6.98738e+04	4.52170e-02	5.99693e-02	5.09907	4.77903	3.47100e-05
6.99437e+04	4.52013e-02	5.94549e-02	4.65998	4.89134	3.47100e-05
7.00136e+04	4.52257e-02	5.97019e-02	2.00581	5.37298	3.47100e-05
7.00835e+04	4.52069e-02	5.64284e-02	0.74820	5.83719	3.47100e-05
7.01534e+04	4.51966e-02	5.34577e-02	1.18137	6.10528	3.47100e-05
7.02232e+04	4.51944e-02	5.37194e-02	1.87216	5.96359	3.47100e-05
7.02931e+04	4.52505e-02	5.17148e-02	2.42926	6.20537	3.47100e-05
7.03630e+04	4.52118e-02	5.35208e-02	2.97933	0.36901	3.47100e-05
7.04329e+04	4.51935e-02	5.48781e-02	4.82772	0.35323	3.47100e-05
7.05027e+04	4.52373e-02	5.85179e-02	0.56805	0.33321	3.47100e-05
7.05726e+04	4.52288e-02	5.73883e-02	1.17719	0.99382	3.47100e-05
7.06425e+04	4.52126e-02	6.40507e-02	0.15312	1.13824	3.47100e-05
7.07124e+04	4.52024e-02	6.45671e-02	1.13351	1.80119	3.47100e-05
7.07823e+04	4.52073e-02	6.60105e-02	3.72262	2.22590	3.47100e-05
7.08521e+04	4.52229e-02	6.07835e-02	4.59329	3.06399	3.47100e-05
7.09220e+04	4.51862e-02	6.23573e-02	2.06058	3.57363	3.47100e-05
7.09919e+04	4.52348e-02	6.51755e-02	0.51560	3.96398	3.47100e-05
7.10618e+04	4.52351e-02	6.73037e-02	4.10248	4.52546	3.47100e-05
7.11317e+04	4.51601e-02	6.24321e-02	2.50017	4.92885	3.47100e-05
7.12015e+04	4.52007e-02	6.45181e-02	2.24385	5.37503	3.47100e-05
7.12714e+04	4.52101e-02	6.72068e-02	1.62086	6.13653	3.47100e-05
7.13413e+04	4.51868e-02	6.27943e-02	5.97840	0.70062	3.47100e-05
7.14112e+04	4.51912e-02	6.76546e-02	0.03627	1.24233	3.47100e-05
7.14810e+04	4.52168e-02	6.42502e-02	6.08462	1.85661	3.47100e-05
7.15509e+04	4.51949e-02	6.36135e-02	5.66384	2.51030	3.47100e-05
7.16208e+04	4.52111e-02	5.73564e-02	3.65048	3.74431	3.47100e-05
7.16907e+04	4.52211e-02	5.97750e-02	3.84156	4.54650	3.47100e-05
7.17606e+04	4.51766e-02	5.02988e-02	3.23347	5.71283	3.47100e-05
7.18304e+04	4.52015e-02	5.06504e-02	4.91795	0.22733	3.47100e-05
7.19003e+04	4.52085e-02	5.33587e-02	1.03916	0.87071	3.47100e-05
7.19702e+04	4.51793e-02	5.14038e-02	2.95707	1.58492	3.47100e-05
7.20401e+04	4.52115e-02	4.26278e-02	5.12137	2.39983	3.47100e-05
7.21100e+04	4.52050e-02	4.64187e-02	5.44092	3.79644	3.47100e-05
7.21798e+04	4.52010e-02	5.24959e-02	2.10461	4.41338	3.47100e-05
7.22497e+04	4.52230e-02	5.13376e-02	5.09009	5.40832	3.47100e-05
7.23196e+04	4.52122e-02	6.10103e-02	5.93650	0.79399	3.47100e-05
7.23895e+04	4.51897e-02	7.65685e-02	1.01320	2.18385	3.47100e-05
7.24593e+04	4.52145e-02	6.92811e-02	2.25551	3.57726	3.47100e-05
7.25292e+04	4.51946e-02	6.41766e-02	5.55271	4.87123	3.47100e-05
7.25991e+04	4.51939e-02	6.60048e-02	4.12967	5.88377	3.47100e-05
7.26690e+04	4.51870e-02	5.70389e-02	2.03383	0.75869	3.47100e-05
7.27389e+04	4.51648e-02	5.13679e-02	1.53452	1.82949	3.47100e-05
7.28087e+04	4.52076e-02	4.88711e-02	1.34448	3.12295	3.47100e-05
7.28786e+04	4.51823e-02	4.64152e-02	0.57023	4.55601	3.47100e-05
7.29485e+04	4.51756e-02	5.12557e-02	6.16321	6.16827	3.47100e-05
7.30184e+04	4.52056e-02	5.68956e-02	0.67091	0.90452	3.47100e-05
7.30883e+04	4.51637e-02	6.55035e-02	2.20680	1.58697	3.47100e-05
7.31581e+04	4.52064e-02	6.61091e-02	2.15113	2.79669	3.47100e-05
7.32280e+04	4.51537e-02	6.53773e-02	2.03362	4.24078	3.47100e-05
7.32979e+04	4.52094e-02	7.37837e-02	2.27654	5.62513	3.47100e-05
7.33678e+04	4.51857e-02	6.27701e-02	2.54772	0.77463	3.47100e-05
7.34376e+04	4.51736e-02	4.81454e-02	4.07425	2.36452	3.47100e-05
7.35075e+04	4.52119e-02	5.22532e-02	5.60219	4.14197	3.47100e-05
7.35774e+04	4.51693e-02	5.37696e-02	1.61313	5.80037	3.47100e-05
7.36473e+04	4.52062e-02	6.56954e-02	4.10425	1.03938	3.47100e-05
7.37172e+04	4.52016e-02	7.50446e-02	5.99352	2.53158	3.47100e-05
7.37870e+04	4.51811e-02	6.36630e-02	3.27723	4.01186	3.47100e-05
7.38569e+04	4.51600e-02	5.91907e-02	6.09517	5.58533	3.47100e-05
7.39268e+04	4.51902e-02	5.33761e-02	2.19202	1.34544	3.47100e-05
7.39967e+04	4.51857e-02	5.37038e-02	5.34834	3.56644	3.47100e-05
7.40666e+04	4.51850e-02	6.56434e-02	4.85445	5.03811	3.47100e-05
7.41364e+04	4.51821e-02	7.18816e-02	1.79110	0.72954	3.47100e-05
7.42063e+04	4.51585e-02	6.74963e-02	1.90363	2.20848	3.47100e-05
7.42762e+04	4.51886e-02	5.24990e-02	0.28320	4.05287	3.47100e-05
7.43461e+04	4.51830e-02	5.27091e-02	5.11216	0.22733	3.47100e-05
7.44159e+04	4.51608e-02	6.06582e-02	5.38872	2.03424	3.47100e-05
7.44858e+04	4.51532e-02	7.29308e-02	6.05464	3.68456	3.47100e-05
7.45557e+04	4.51844e-02	6.88599e-02	5.79755	5.51791	3.47100e-05
7.46256e+04	4.51713e-02	5.52313e-02	5.89651	1.23227	3.47100e-05
7.46955e+04	4.51681e-02	5.34411e-02	5.88557	3.50174	3.47100e-05
7.47653e+04	4.51563e-02	6.14661e-02	0.33939	5.64100	3.47100e-05
7.48352e+04	4.51543e-02	7.24015e-02	1.41862	1.18486	3.47100e-05
7.49051e+04	4.51580e-02	6.50898e-02	2.85149	3.11307	3.47100e-05
7.49750e+04	4.51678e-02	5.00586e-02	4.42380	5.42554	3.47100e-05
7.50449e+04	4.51753e-02	5.77640e-02	0.96551	1.35761	3.47100e-05
7.51147e+04	4.51685e-02	6.75543e-02	4.03308	3.34254	3.47100e-05
7.51846e+04	4.51737e-02	7.32015e-02	0.79042	5.28363	3.47100e-05
7.52545e+04	4.51400e-02	5.31694e-02	3.75796	1.03289	3.47100e-05
7.53244e+04	4.52118e-02	5.00908e-02	1.35775	3.49391	3.47100e-05
7.53942e+04	4.51449e-02	7.10485e-02	4.92446	5.82146	3.47100e-05
7.54641e+04	4.51747e-02	6.67780e-02	3.95295	1.35389	3.47100e-05
7.55340e+04	4.51353e-02	6.41034e-02	3.14789	3.43046	3.47100e-05
7.56039e+04	4.51821e-02	5.35731e-02	1.40015	5.84093	3.47100e-05
7.56738e+04	4.51564e-02	6.17001e-02	0.83596	1.90542	3.47100e-05
7.57436e+04	4.51596e-02	7.72371e-02	6.02540	4.09868	3.47100e-05
7.58135e+04	4.51696e-02	6.03868e-02	0.41291	6.12648	3.47100e-05
7.58834e+04	4.51688e-02	5.57686e-02	6.06351	2.48820	3.47100e-05
7.59533e+04	4.52021e-02	6.24214e-02	6.09826	4.93428	3.47100e-05
7.60232e+04	4.51404e-02	7.61575e-02	0.48090	0.83152	3.47100e-05
7.60930e+04	4.51838e-02	5.38293e-02	1.20046	3.17038	3.47100e-05
7.61629e+04	4.51330e-02	5.76954e-02	1.98190	6.10307	3.47100e-05
7.62328e+04	4.51738e-02	7.24142e-02	4.35711	1.92530	3.47100e-05
7.63027e+04	4.51602e-02	6.76350e-02	0.22998	4.21859	3.47100e-05
7.63725e+04	4.51628e-02	5.20272e-02	2.37757	0.46432	3.47100e-05
7.64424e+04	4.51621e-02	6.50772e-02	4.46976	3.48901	3.47100e-05
7.65123e+04	4.51355e-02	7.27225e-02	2.17692	5.62705	3.47100e-05
7.65822e+04	4.52020e-02	5.55413e-02	0.02009	1.75649	3.47100e-05
7.66521e+04	4.51204e-02	5.74208e-02	3.71553	4.73768	3.47100e-05
7.67219e+04	4.51482e-02	7.44710e-02	2.41614	0.93796	3.47100e-05
7.67918e+04	4.51432e-02	6.35480e-02	2.67971	2.91772	3.47100e-05
7.68617e+04	4.51344e-02	5.28222e-02	2.97880	5.00357	3.47100e-05
7.69316e+04	4.51395e-02	5.38030e-02	3.34721	1.19464	3.47100e-05
7.70015e+04	4.51210e-02	7.59816e-02	4.68836	3.07401	3.47100e-05
7.70713e+04	4.51618e-02	6.29765e-02	5.36271	5.32205	3.47100e-05
7.71412e+04	4.51612e-02	5.68761e-02	5.58910	1.78372	3.47100e-05
7.72111e+04	4.51712e-02	6.26571e-02	0.08562	4.65817	3.47100e-05
7.72810e+04	4.51791e-02	7.71117e-02	0.77933	0.88791	3.47100e-05
7.73508e+04	4.51417e-02	4.84104e-02	6.16497	4.09868	3.47100e-05
7.74207e+04	4.51610e-02	7.01264e-02	2.87807	0.43357	3.47100e-05
7.74906e+04	4.51399e-02	6.21305e-02	4.46257	3.00473	3.47100e-05
7.75605e+04	4.51248e-02	5.66277e-02	6.03438	5.79706	3.47100e-05
7.76304e+04	4.51395e-02	6.49197e-02	1.67411	2.75586	3.47100e-05
7.77002e+04	4.50954e-02	7.22993e-02	4.13592	4.94628	3.47100e-05
7.77701e+04	4.51564e-02	5.43241e-02	2.19306	0.84854	3.47100e-05
7.78400e+04	4.51110e-02	6.07449e-02	0.88655	3.14472	3.47100e-05
7.79099e+04	4.51316e-02	6.13145e-02	0.56384	5.25041	3.47100e-05
7.79797e+04	4.51234e-02	7.07059e-02	1.14412	1.03440	3.47100e-05
7.80496e+04	4.51408e-02	6.74578e-02	2.71693	2.76374	3.47100e-05
7.81195e+04	4.51038e-02	5.45687e-02	4.97132	4.71357	3.47100e-05
7.81894e+04	4.51096e-02	5.81532e-02	1.64272	0.35203	3.47100e-05
7.82593e+04	4.50946e-02	5.77864e-02	5.48551	2.16600	3.47100e-05
7.83291e+04	4.51279e-02	6.46014e-02	3.76945	3.95907	3.47100e-05
7.83990e+04	4.50839e-02	7.07674e-02	3.21833	5.45119	3.47100e-05
7.84689e+04	4.51201e-02	6.10438e-02	3.26715	0.66153	3.47100e-05
7.85388e+04	4.50889e-02	5.83068e-02	4.11974	2.26004	3.47100e-05
7.86087e+04	4.51128e-02	5.90662e-02	5.99658	3.64680	3.47100e-05
7.86785e+04	4.50898e-02	5.00976e-02	2.57927	5.07951	3.47100e-05
7.87484e+04	4.51391e-02	5.58621e-02	6.20474	0.17794	3.47100e-05
7.88183e+04	4.50822e-02	6.12968e-02	4.41270	1.33986	3.47100e-05
7.88882e+04	4.51048e-02	6.01036e-02	3.15930	2.50431	3.47100e-05
7.89580e+04	4.50775e-02	6.16268e-02	2.25452	3.83222	3.47100e-05
7.90279e+04	4.50825e-02	6.96299e-02	1.85012	5.01512	3.47100e-05
7.90978e+04	4.50892e-02	6.89564e-02	1.89790	6.16028	3.47100e-05
7.91677e+04	4.50902e-02	6.28654e-02	2.11149	1.18901	3.47100e-05
7.92376e+04	4.50882e-02	6.64997e-02	2.77709	2.55374	3.47100e-05
7.93074e+04	4.50840e-02	6.02059e-02	3.85608	3.86627	3.47100e-05
7.93773e+04	4.50943e-02	5.28192e-02	5.02594	5.41032	3.47100e-05
7.94472e+04	4.51376e-02	6.02133e-02	0.26392	0.69985	3.47100e-05
7.95171e+04	4.51221e-02	6.23572e-02	2.37472	2.12714	3.47100e-05
7.95870e+04	4.51086e-02	6.36745e-02	4.63206	3.76836	3.47100e-05
7.96568e+04	4.50901e-02	7.23467e-02	1.06287	5.30257	3.47100e-05
7.97267e+04	4.51041e-02	6.53195e-02	4.20273	0.47495	3.47100e-05
7.97966e+04	4.51143e-02	5.48038e-02	1.22869	2.20660	3.47100e-05
7.98665e+04	4.50880e-02	5.56088e-02	4.90524	3.89854	3.47100e-05
7.99363e+04	4.50818e-02	5.03466e-02	2.61389	5.75970	3.47100e-05
8.00062e+04	4.51426e-02	6.71142e-02	0.53976	1.34382	3.47100e-05
8.00761e+04	4.50737e-02	7.13934e-02	5.41865	2.93749	3.47100e-05
8.01460e+04	4.50679e-02	6.03828e-02	4.23815	4.75848	3.47100e-05
8.02159e+04	4.50635e-02	5.86786e-02	3.36855	0.28074	3.47100e-05
8.02857e+04	4.51109e-02	5.21776e-02	2.70105	2.32353	3.47100e-05
8.03556e+04	4.50771e-02	6.45921e-02	2.35988	4.37232	3.47100e-05
8.04255e+04	4.50407e-02	6.44786e-02	2.92855	6.13843	3.47100e-05
8.04954e+04	4.50418e-02	6.25638e-02	0.60809	1.25343	3.47100e-05
8.05653e+04	4.50897e-02	6.78744e-02	2.64454	3.00718	3.47100e-05
8.06351e+04	4.50384e-02	4.99159e-02	3.45859	5.15474	3.47100e-05
8.07050e+04	4.50763e-02	6.24383e-02	4.97200	1.06361	3.47100e-05
8.07749e+04	4.50725e-02	6.58695e-02	2.12027	2.78043	3.47100e-05
8.08448e+04	4.50600e-02	6.28790e-02	4.60855	4.90977	3.47100e-05
8.09146e+04	4.50549e-02	6.48412e-02	1.00030	0.69508	3.47100e-05
8.09845e+04	4.50822e-02	5.53377e-02	2.72230	3.41916	3.47100e-05
8.10544e+04	4.51230e-02	6.73549e-02	0.16651	5.54373	3.47100e-05
8.11243e+04	4.50090e-02	5.95931e-02	4.19892	1.43963	3.47100e-05
8.11942e+04	4.51096e-02	6.55540e-02	4.33348	3.21236	3.47100e-05
8.12640e+04	4.50493e-02	5.17978e-02	2.83821	5.63887	3.47100e-05
8.13339e+04	4.50553e-02	6.80391e-02	4.01181	1.14839	3.47100e-05
8.14038e+04	4.50717e-02	5.80436e-02	3.27285	3.42762	3.47100e-05
8.14737e+04	4.50971e-02	6.73283e-02	4.52050	5.45596	3.47100e-05
8.15436e+04	4.50470e-02	5.28597e-02	5.43750	1.41010	3.47100e-05
8.16134e+04	4.50614e-02	5.78505e-02	5.21439	3.93175	3.47100e-05
8.16833e+04	4.50231e-02	6.12851e-02	1.47914	5.87419	3.47100e-05
8.17532e+04	4.49995e-02	6.29838e-02	2.87201	1.79252	3.47100e-05
8.18231e+04	4.50373e-02	5.86023e-02	3.54012	4.28355	3.47100e-05
8.18929e+04	4.50290e-02	6.68818e-02	0.04057	0.30000	3.47100e-05
8.19628e+04	4.50290e-02	6.06255e-02	2.45657	2.71326	3.47100e-05
8.20327e+04	4.50412e-02	7.19662e-02	1.68085	4.48899	3.47100e-05
8.21026e+04	4.50350e-02	4.82698e-02	4.98551	0.55317	3.47100e-05
8.21725e+04	4.50479e-02	6.01513e-02	3.85197	2.78899	3.47100e-05
8.22423e+04	4.50154e-02	5.94354e-02	0.04512	4.38738	3.47100e-05
8.23122e+04	4.50545e-02	6.25925e-02	4.83885	0.42742	3.47100e-05
8.23821e+04	4.50551e-02	6.04713e-02	5.95350	2.33830	3.47100e-05
8.24520e+04	4.50713e-02	6.59724e-02	4.13712	4.89812	3.47100e-05
8.25219e+04	4.50034e-02	5.47552e-02	3.69291	0.88115	3.47100e-05
8.25917e+04	4.50158e-02	6.65784e-02	5.68853	2.96374	3.47100e-05
8.26616e+04	4.50942e-02	5.90732e-02	0.98722	5.03943	3.47100e-05
8.27315e+04	4.50474e-02	6.00515e-02	1.06054	1.30865	3.47100e-05
8.28014e+04	4.49978e-02	5.53500e-02	3.53550	3.53649	3.47100e-05
8.28712e+04	4.50240e-02	6.67975e-02	3.68734	5.95167	3.47100e-05
8.29411e+04	4.50740e-02	5.93375e-02	5.52059	1.95659	3.47100e-05
8.30110e+04	4.50497e-02	6.73451e-02	2.47310	4.33871	3.47100e-05
8.30809e+04	4.50588e-02	6.65112e-02	4.64257	0.62869	3.47100e-05
8.31508e+04	4.50502e-02	5.74690e-02	1.35979	2.81648	3.47100e-05
8.32206e+04	4.50107e-02	4.83039e-02	0.03193	5.21173	3.47100e-05
8.32905e+04	4.50031e-02	6.51622e-02	2.56407	1.40980	3.47100e-05
8.33604e+04	4.50736e-02	6.50700e-02	1.54248	3.65148	3.47100e-05
8.34303e+04	4.50987e-02	6.44298e-02	4.69793	5.24131	3.47100e-05
8.35002e+04	4.50647e-02	4.75091e-02	3.11014	0.64126	3.47100e-05
8.35700e+04	4.50658e-02	5.79917e-02	2.80509	2.01770	3.47100e-05
8.36399e+04	4.50628e-02	5.75410e-02	3.26971	3.34391	3.47100e-05
8.37098e+04	4.50430e-02	5.61303e-02	3.78195	4.89559	3.47100e-05
8.37797e+04	4.50117e-02	6.60551e-02	5.16873	6.10678	3.47100e-05
8.38495e+04	4.50078e-02	6.27950e-02	1.14163	1.09603	3.47100e-05
8.39194e+04	4.49745e-02	6.21888e-02	4.38443	2.26768	3.47100e-05
8.39893e+04	4.49610e-02	6.48457e-02	1.82943	3.30786	3.47100e-05
8.40592e+04	4.49875e-02	6.18380e-02	5.27923	4.76792	3.47100e-05
8.41291e+04	4.49677e-02	5.70802e-02	3.74963	5.90731	3.47100e-05
8.41989e+04	4.50410e-02	4.82839e-02	2.71475	0.88415	3.47100e-05
8.42688e+04	4.50714e-02	5.73918e-02	2.32384	2.13135	3.47100e-05
8.43387e+04	4.50535e-02	5.61856e-02	3.11878	3.09008	3.47100e-05
8.44086e+04	4.50430e-02	4.54658e-02	5.34348	4.03576	3.47100e-05
8.44784e+04	4.50462e-02	5.96032e-02	2.10250	4.84150	3.47100e-05
8.45483e+04	4.50453e-02	5.31161e-02	0.20143	5.31490	3.47100e-05
8.46182e+04	4.50671e-02	4.93959e-02	3.87745	6.17159	3.47100e-05
8.46881e+04	4.50662e-02	5.97811e-02	2.14828	0.74369	3.47100e-05
8.47580e+04	4.50548e-02	5.69295e-02	0.65981	1.52968	3.47100e-05
8.48278e+04	4.49230e-02	5.07670e-02	5.63269	2.63229	3.47100e-05
8.48977e+04	4.49983e-02	6.40058e-02	5.52078	3.63635	3.47100e-05
8.49676e+04	4.50693e-02	6.55497e-02	5.36528	4.52901	3.47100e-05
8.50375e+04	4.49373e-02	5.51914e-02	4.63738	5.94736	3.47100e-05
8.51074e+04	4.50464e-02	6.02079e-02	5.78110	0.61956	3.47100e-05
8.51772e+04	4.49859e-02	6.04479e-02	0.91444	1.59393	3.47100e-05
8.52471e+04	4.49492e-02	6.38081e-02	4.35875	2.36542	3.47100e-05
8.53170e+04	4.49555e-02	6.05581e-02	2.42697	2.92112	3.47100e-05
8.53869e+04	4.49526e-02	6.36381e-02	1.82168	3.31155	3.47100e-05
8.54567e+04	4.49957e-02	6.24471e-02	2.16701	3.61284	3.47100e-05
8.55266e+04	4.50273e-02	5.66726e-02	1.66337	4.29782	3.47100e-05
8.55965e+04	4.50446e-02	6.14026e-02	3.74415	4.34930	3.47100e-05
8.56664e+04	4.50497e-02	5.77957e-02	5.94127	4.48478	3.47100e-05
8.57363e+04	4.49794e-02	4.71455e-02	2.04043	4.88452	3.47100e-05
8.58061e+04	4.49215e-02	6.08050e-02	4.39032	5.33524	3.47100e-05
8.58760e+04	4.49285e-02	5.83679e-02	2.81306	5.30494	3.47100e-05
8.59459e+04	4.49640e-02	4.24992e-02	1.30128	5.48943	3.47100e-05
8.60158e+04	4.49332e-02	4.83298e-02	3.58101	0.08629	3.47100e-05
8.60857e+04	4.50294e-02	5.60131e-02	0.51983	0.76229	3.47100e-05
8.61555e+04	4.49376e-02	5.43862e-02	5.93132	1.09880	3.47100e-05
8.62254e+04	4.49450e-02	5.15647e-02	3.56396	1.89868	3.47100e-05
8.62953e+04	4.49524e-02	4.96227e-02	4.11543	2.26383	3.47100e-05
8.63652e+04	4.49200e-02	5.04595e-02	2.32779	3.31362	3.47100e-05
8.64350e+04	4.49123e-02	5.79185e-02	1.87758	4.09449	3.47100e-05
8.65049e+04	4.49462e-02	5.94929e-02	2.03099	4.78962	3.47100e-05
8.65748e+04	4.49462e-02	6.30440e-02	1.14887	5.99289	3.47100e-05
8.66447e+04	4.50410e-02	6.41729e-02	0.70834	0.87975	3.47100e-05
8.67146e+04	4.49549e-02	6.78338e-02	0.47024	2.15717	3.47100e-05
8.67844e+04	4.50381e-02	6.91775e-02	5.39834	3.87362	3.47100e-05
8.68543e+04	4.49709e-02	6.60598e-02	5.09380	5.55667	3.47100e-05
8.69242e+04	4.49125e-02	5.85001e-02	4.23381	1.39490	3.47100e-05
8.69941e+04	4.49773e-02	5.32210e-02	1.78788	4.07969	3.47100e-05
8.70640e+04	4.49102e-02	5.81709e-02	3.04675	5.80035	3.47100e-05
8.71338e+04	4.49141e-02	5.18143e-02	4.88804	1.25240	3.47100e-05
8.72037e+04	4.49577e-02	5.10744e-02	2.50384	2.78703	3.47100e-05
8.72736e+04	4.49144e-02	5.50727e-02	4.54453	5.19500	3.47100e-05
8.73435e+04	4.49784e-02	5.37331e-02	5.81162	0.11597	3.47100e-05
8.74133e+04	4.49701e-02	6.64136e-02	5.24061	1.89438	3.47100e-05
8.74832e+04	4.49168e-02	6.17639e-02	5.96496	4.97794	3.47100e-05
8.75531e+04	4.49578e-02	4.66089e-02	3.00221	1.50263	3.47100e-05
8.76230e+04	4.49425e-02	5.14381e-02	2.63910	3.61524	3.47100e-05
8.76929e+04	4.50343e-02	5.20055e-02	0.95859	6.15414	3.47100e-05
8.77627e+04	4.49635e-02	5.42678e-02	4.67003	3.16807	3.47100e-05
8.78326e+04	4.50071e-02	6.79345e-02	1.18659	0.45306	3.47100e-05
8.79025e+04	4.49267e-02	4.27056e-02	0.00299	3.86335	3.47100e-05
8.79724e+04	4.49219e-02	7.59028e-02	4.89671	1.42140	3.47100e-05
8.80423e+04	4.51080e-02	3.44504e-02	0.82740	1.18823	3.47100e-05
8.81121e+04	4.48649e-02	5.40503e-02	2.64490	3.86967	3.47100e-05
8.81820e+04	4.48746e-02	3.06379e-02	1.02128	1.50017	3.47100e-05
8.82519e+04	4.48516e-02	6.90182e-02	3.27541	6.15235	3.47100e-05
8.83218e+04	4.49736e-02	4.37258e-03	2.56626	0.52719	3.47100e-05
8.83916e+04	4.49740e-02	5.56728e-02	6.02156	0.75113	3.47100e-05
8.84615e+04	4.51054e-02	6.24891e-02	0.36030	1.50909	3.47100e-05
8.85314e+04	4.49405e-02	7.26071e-02	3.80933	2.17738	3.47100e-05
8.86013e+04	4.50754e-02	2.82985e-02	5.57194	4.37442	3.47100e-05
8.86712e+04	4.49697e-02	4.91154e-02	2.10276	1.78958	3.47100e-05
8.87410e+04	4.48905e-02	4.66289e-02	5.55034	2.94199	3.47100e-05
8.88109e+04	4.50005e-02	8.07750e-02	2.74531	2.94275	3.47100e-05
8.88808e+04	4.51648e-02	8.51214e-02	0.97768	4.32985	3.47100e-05
8.89507e+04	4.50775e-02	6.90216e-02	5.07991	5.93408	3.47100e-05
8.90206e+04	4.50802e-02	4.31233e-02	1.64366	5.84088	3.47100e-05
8.90904e+04	4.51164e-02	4.47271e-02	2.81043	5.46571	3.47100e-05
8.91603e+04	4.49791e-02	6.91908e-02	1.45618	1.91046	3.47100e-05
8.92302e+04	4.49819e-02	2.99658e-02	0.16088	3.13860	3.47100e-05
8.93001e+04	4.48896e-02	4.49042e-02	0.86645	3.76223	3.47100e-05
8.93699e+04	4.49742e-02	1.62184e-02	0.73940	2.61691	3.47100e-05
8.94398e+04	4.51294e-02	3.93672e-02	1.17413	4.54655	3.47100e-05
8.95097e+04	4.50295e-02	5.30866e-02	3.53321	5.42862	3.47100e-05
8.95796e+04	4.51253e-02	5.52275e-02	2.30282	6.11507	3.47100e-05
8.96495e+04	4.50257e-02	6.99305e-02	0.80707	0.54606	3.47100e-05
8.97193e+04	4.49943e-02	7.98634e-02	3.13858	1.32383	3.47100e-05
8.97892e+04	4.50903e-02	7.84275e-02	3.36567	2.41357	3.47100e-05
8.98591e+04	4.50013e-02	8.99931e-02	5.02158	3.01862	3.47100e-05
8.99290e+04	4.49702e-02	8.12460e-02	4.02817	3.74820	3.47100e-05
8.99989e+04	4.51229e-02	5.70301e-02	1.60552	4.22416	3.47100e-05
9.00687e+04	4.51428e-02	7.06517e-02	5.49474	5.60798	3.47100e-05
9.01386e+04	4.51439e-02	7.16359e-02	0.61326	0.68738	3.47100e-05
9.02085e+04	4.50432e-02	4.28716e-02	4.46762	2.40979	3.47100e-05
9.02784e+04	4.51507e-02	5.42220e-02	2.49867	5.53928	3.47100e-05
9.03482e+04	4.50046e-02	8.87241e-02	1.96303	1.52630	3.47100e-05
9.04181e+04	4.50013e-02	8.78456e-02	1.12087	3.29154	3.47100e-05
9.04880e+04	4.51436e-02	1.92901e-02	2.07231	5.97827	3.47100e-05
9.05579e+04	4.51682e-02	3.33149e-02	4.31153	2.53228	3.47100e-05
9.06278e+04	4.50814e-02	1.64564e-02	0.35110	0.68427	3.47100e-05
9.06976e+04	4.48628e-02	4.94605e-02	4.84468	1.27005	3.47100e-05
9.07675e+04	4.51438e-02	3.00609e-02	6.13214	3.12566	3.47100e-05
9.08374e+04	4.50411e-02	6.18147e-02	4.61143	5.26911	3.47100e-05
9.09073e+04	4.50838e-02	7.25133e-02	2.19688	0.74000	3.47100e-05
9.09772e+04	4.51342e-02	7.87807e-02	0.61688	2.48572	3.47100e-05
9.10470e+04	4.48888e-02	3.98361e-02	1.17151	3.93417	3.47100e-05
9.11169e+04	4.49385e-02	4.31384e-02	5.37264	1.58406	3.47100e-05
9.11868e+04	4.51329e-02	8.24728e-02	0.62997	3.63062	3.47100e-05
9.12567e+04	4.51906e-02	7.51342e-02	1.36574	5.58286	3.47100e-05
9.13265e+04	4.50493e-02	4.64989e-02	0.08818	3.53542	3.47100e-05
9.13964e+04	4.51336e-02	7.28186e-02	3.98854	6.27637	3.47100e-05
9.14663e+04	4.48879e-02	6.84507e-02	3.47852	1.72497	3.47100e-05
9.15362e+04	4.51582e-02	3.16537e-02	3.98668	4.33514	3.47100e-05
9.16061e+04	4.49172e-02	7.33582e-02	3.34829	0.57076	3.47100e-05
9.16759e+04	4.50326e-02	9.04223e-02	2.60432	2.76021	3.47100e-05
9.17458e+04	4.50490e-02	4.69738e-02	2.00652	4.38050	3.47100e-05
9.18157e+04	4.51393e-02	6.53541e-02	6.18576	2.40370	3.47100e-05
9.18856e+04	4.50369e-02	9.47660e-02	0.77119	4.92160	3.47100e-05
9.19554e+04	4.49616e-02	2.96672e-02	1.32447	2.41195	3.47100e-05
9.20253e+04	4.49855e-02	7.52340e-02	0.52143	6.08205	3.47100e-05
9.20952e+04	4.49614e-02	5.48331e-02	1.57728	2.63611	3.47100e-05
9.21651e+04	4.49248e-02	7.69874e-02	3.67455	0.44933	3.47100e-05
9.22350e+04	4.50086e-02	4.96171e-02	5.93952	4.10293	3.47100e-05
9.23048e+04	4.49458e-02	8.43839e-02	2.75971	1.33309	3.47100e-05
9.23747e+04	4.50929e-02	4.03652e-02	5.15853	4.75485	3.47100e-05
9.24446e+04	4.50948e-02	1.03591e-01	2.23864	3.20704	3.47100e-05
9.25145e+04	4.49919e-02	6.92234e-02	5.78316	2.61076	3.47100e-05
9.25844e+04	4.51350e-02	5.22177e-02	6.19659	0.70406	3.47100e-05
9.26542e+04	4.51177e-02	6.99474e-02	0.61718	5.88459	3.47100e-05
9.27241e+04	4.48970e-02	6.68972e-02	2.94139	4.38293	3.47100e-05
9.27940e+04	4.50503e-02	4.46404e-02	2.86684	1.94548	3.47100e-05
9.28639e+04	4.48720e-02	8.65883e-02	5.49154	0.28371	3.47100e-05
9.29337e+04	4.50975e-02	4.46572e-02	5.05337	3.65955	3.47100e-05
9.30036e+04	4.48693e-02	8.71489e-02	1.19551	2.09272	3.47100e-05
9.30735e+04	4.50294e-02	3.12410e-02	0.92784	6.04376	3.47100e-05
9.31434e+04	4.49684e-02	8.86586e-02	5.56907	4.33525	3.47100e-05
9.32133e+04	4.50819e-02	4.49553e-02	3.97373	2.88179	3.47100e-05
9.32831e+04	4.50316e-02	7.30253e-02	4.24251	6.15317	3.47100e-05
9.33530e+04	4.49675e-02	6.25151e-02	3.61713	4.61075	3.47100e-05
9.34229e+04	4.48818e-02	7.24472e-02	5.25130	1.20808	3.47100e-05
9.34928e+04	4.50959e-02	6.43847e-02	4.47244	5.94495	3.47100e-05
9.35627e+04	4.49114e-02	5.49581e-02	1.17867	2.66888	3.47100e-05
9.36325e+04	4.50888e-02	8.21930e-02	5.36873	1.22742	3.47100e-05
9.37024e+04	4.50130e-02	8.05784e-02	6.14822	3.82092	3.47100e-05
9.37723e+04	4.50356e-02	9.03693e-02	1.49419	2.78550	3.47100e-05
9.38422e+04	4.49603e-02	4.56539e-02	0.81661	0.02079	3.47100e-05
9.39120e+04	4.49983e-02	8.96255e-02	4.79167	5.18318	3.47100e-05
9.39819e+04	4.50921e-02	4.97991e-02	5.72446	1.87807	3.47100e-05
9.40518e+04	4.48800e-02	7.21206e-02	4.67821	5.57379	3.47100e-05
9.41217e+04	4.50648e-02	7.46392e-02	0.43948	1.49898	3.47100e-05
9.41916e+04	4.49034e-02	3.15626e-02	3.45775	5.33728	3.47100e-05
9.42614e+04	4.49591e-02	7.80164e-02	1.15865	1.92969	3.47100e-05
9.43313e+04	4.50754e-02	8.81129e-02	1.47024	2.85626	3.47100e-05
9.44012e+04	4.50267e-02	9.10257e-02	0.16598	3.97589	3.47100e-05
9.44711e+04	4.50073e-02	8.80211e-02	1.40372	4.57408	3.47100e-05
9.45410e+04	4.48998e-02	8.80567e-02	1.07701	5.56887	3.47100e-05
9.46108e+04	4.48594e-02	8.12108e-02	1.16550	0.42209	3.47100e-05
9.46807e+04	4.50309e-02	5.34198e-02	1.38551	1.66848	3.47100e-05
9.47506e+04	4.50968e-02	3.64106e-02	6.26305	3.78915	3.47100e-05
9.48205e+04	4.49023e-02	4.58588e-02	1.88584	0.04170	3.47100e-05
9.48903e+04	4.48528e-02	5.08055e-02	3.87345	0.88154	3.47100e-05
9.49602e+04	4.48883e-02	8.14295e-02	4.98463	1.85555	3.47100e-05
9.50301e+04	4.48303e-02	7.73809e-02	5.82459	3.27188	3.47100e-05
9.51000e+04	4.49792e-02	8.46078e-02	3.85287	4.52098	3.47100e-05
9.51699e+04	4.50517e-02	5.42091e-02	2.54452	5.60171	3.47100e-05
9.52397e+04	4.48368e-02	4.63114e-02	5.36969	1.25504	3.47100e-05
9.53096e+04	4.50553e-02	4.32662e-02	3.78936	4.35982	3.47100e-05
9.53795e+04	4.48356e-02	7.54658e-02	5.35793	0.58907	3.47100e-05
9.54494e+04	4.50423e-02	5.60812e-02	5.98182	3.01412	3.47100e-05
9.55193e+04	4.49339e-02	5.74771e-02	0.94913	5.85652	3.47100e-05
9.55891e+04	4.48371e-02	6.86150e-02	3.45871	2.08840	3.47100e-05
9.56590e+04	4.50415e-02	6.44835e-02	0.92631	4.59138	3.47100e-05
9.57289e+04	4.49821e-02	3.17762e-02	2.81389	1.81820	3.47100e-05
9.57988e+04	4.48950e-02	6.08623e-02	4.95971	3.25989	3.47100e-05
9.58686e+04	4.48354e-02	3.66833e-02	2.54653	3.47169	3.47100e-05
9.59385e+04	4.49134e-02	5.31341e-02	5.95193	0.80020	3.47100e-05
9.60084e+04	4.49279e-02	3.28714e-02	3.39990	4.94233	3.47100e-05
9.60783e+04	4.47888e-02	5.07113e-02	0.10388	4.05275	3.47100e-05
9.61482e+04	4.50328e-02	3.50454e-02	1.87875	4.59272	3.47100e-05
9.62180e+04	4.49338e-02	6.13654e-02	4.62161	5.98954	3.47100e-05
9.62879e+04	4.48663e-02	8.02740e-02	5.21481	2.49938	3.47100e-05
9.63578e+04	4.49713e-02	5.63641e-02	4.46779	4.23835	3.47100e-05
9.64277e+04	4.49156e-02	5.68630e-02	4.82381	4.18060	3.47100e-05
9.64976e+04	4.49768e-02	4.59574e-02	2.05506	4.76267	3.47100e-05
9.65674e+04	4.49300e-02	7.25821e-03	1.78502	3.38753	3.47100e-05
9.66373e+04	4.48634e-02	7.70064e-02	2.82102	4.93890	3.47100e-05
9.67072e+04	4.48881e-02	7.04796e-02	2.94509	5.57652	3.47100e-05
9.67771e+04	4.49628e-02	6.41235e-02	1.73876	0.10748	3.47100e-05
9.68469e+04	4.49831e-02	3.16266e-02	0.59617	1.38721	3.47100e-05
9.69168e+04	4.49225e-02	8.32682e-02	6.17509	1.85253	3.47100e-05
9.69867e+04	4.49883e-02	8.84983e-02	3.80443	1.96818	3.47100e-05
9.70566e+04	4.48697e-02	7.92998e-02	4.27512	2.46980	3.47100e-05
9.71265e+04	4.49316e-02	8.25355e-02	5.70224	3.04687	3.47100e-05
9.71963e+04	4.49212e-02	3.10533e-02	3.23996	4.56088	3.47100e-05
9.72662e+04	4.50374e-02	1.99811e-02	5.65032	2.53067	3.47100e-05
9.73361e+04	4.48607e-02	6.72890e-02	5.10381	3.73400	3.47100e-05
9.74060e+04	4.49228e-02	9.54838e-02	0.08166	5.29084	3.47100e-05
9.74759e+04	4.49150e-02	5.54118e-02	4.79480	0.43119	3.47100e-05
9.75457e+04	4.48450e-02	3.25348e-02	2.83976	1.04954	3.47100e-05
9.76156e+04	4.48540e-02	6.35320e-02	2.88342	1.06171	3.47100e-05
9.76855e+04	4.48968e-02	5.15485e-02	4.57409	2.61730	3.47100e-05
9.77554e+04	4.49853e-02	2.49266e-02	0.61201	4.89691	3.47100e-05
9.78252e+04	4.48475e-02	3.31658e-02	3.85449	2.70692	3.47100e-05
9.78951e+04	4.49298e-02	1.11322e-02	0.31709	3.56115	3.47100e-05
9.79650e+04	4.48943e-02	9.45346e-02	3.37313	4.17841	3.47100e-05
9.80349e+04	4.48939e-02	1.57732e-02	4.38817	3.38600	3.47100e-05
9.81048e+04	4.48576e-02	1.73543e-02	2.12515	6.19220	3.47100e-05
9.81746e+04	4.48137e-02	1.81817e-02	0.39302	2.66454	3.47100e-05
9.82445e+04	4.48542e-02	2.14726e-02	0.61306	2.72193	3.47100e-05
9.83144e+04	4.48107e-02	1.24102e-02	4.88186	2.48151	3.47100e-05
9.83843e+04	4.49072e-02	4.58780e-02	1.84203	3.44503	3.47100e-05
9.84542e+04	4.48777e-02	1.36269e-02	3.35880	5.94076	3.47100e-05
9.85240e+04	4.48449e-02	3.08076e-02	5.91948	3.21195	3.47100e-05
9.85939e+04	4.48304e-02	5.41412e-02	4.61194	3.11251	3.47100e-05
9.86638e+04	4.49017e-02	2.19270e-02	4.07626	5.68204	3.47100e-05
9.87337e+04	4.48939e-02	9.77061e-03	0.26234	2.34491	3.47100e-05
9.88035e+04	4.49061e-02	8.98460e-02	2.36243	5.22403	3.47100e-05
9.88734e+04	4.48099e-02	6.59664e-02	1.62578	5.90360	3.47100e-05
9.89433e+04	4.48512e-02	4.78459e-02	1.25211	1.06136	3.47100e-05
9.90132e+04	4.49192e-02	5.93850e-02	6.02844	0.61352	3.47100e-05
9.90831e+04	4.48249e-02	4.75186e-02	2.41609	5.59238	3.47100e-05
9.91529e+04	4.49210e-02	7.94679e-02	2.73597	1.17917	3.47100e-05
9.92228e+04	4.48481e-02	3.52633e-02	0.33285	1.53580	3.47100e-05
9.92927e+04	4.48103e-02	3.11966e-02	6.09812	3.96282	3.47100e-05
9.93626e+04	4.48915e-02	8.22163e-02	4.18133	3.09425	3.47100e-05
9.94324e+04	4.49277e-02	1.35110e-02	4.10970	0.07671	3.47100e-05
9.95023e+04	4.48035e-02	8.17788e-02	5.54336	4.53721	3.47100e-05
9.95722e+04	4.48684e-02	3.91901e-02	3.00189	5.75063	3.47100e-05
9.96421e+04	4.48381e-02	6.43221e-02	2.98330	5.01219	3.47100e-05
9.97120e+04	4.48874e-02	2.17806e-02	2.20763	1.32549	3.47100e-05
9.97818e+04	4.48513e-02	7.75035e-02	4.51091	1.14988	3.47100e-05
9.98517e+04	4.48256e-02	5.43672e-02	0.55642	1.65778	3.47100e-05
9.99216e+04	4.48378e-02	2.62307e-02	0.78377	2.26790	3.47100e-05
9.99915e+04	4.49059e-02	6.02611e-02	2.01007	3.11217	3.47100e-05
1.00061e+05	4.48624e-02	6.63052e-02	4.87160	3.47785	3.47100e-05
1.00131e+05	4.47700e-02	5.54883e-02	3.20545	4.63294	3.47100e-05
1.00201e+05	4.49067e-02	5.99950e-02	0.65239	4.43043	3.47100e-05
1.00271e+05	4.48867e-02	5.95749e-02	1.71165	5.84566	3.47100e-05
1.00341e+05	4.48717e-02	4.33442e-02	1.99270	5.76902	3.47100e-05
1.00411e+05	4.47664e-02	6.85528e-02	3.44774	0.36943	3.47100e-05
1.00481e+05	4.47812e-02	2.22370e-02	6.15882	1.15205	3.47100e-05
1.00551e+05	4.48062e-02	2.36264e-02	0.29094	1.85342	3.47100e-05
1.00620e+05	4.47438e-02	3.45726e-02	2.42327	0.87808	3.47100e-05
1.00690e+05	4.46982e-02	7.28447e-02	2.25743	3.51569	3.47100e-05
1.00760e+05	4.47805e-02	2.61241e-02	3.29750	3.14162	3.47100e-05
1.00830e+05	4.49351e-02	5.98509e-02	4.92878	6.26850	3.47100e-05
1.00900e+05	4.49037e-02	5.41743e-02	6.01869	0.11643	3.47100e-05
1.00970e+05	4.48647e-02	6.08128e-02	0.04213	2.26221	3.47100e-05
1.01040e+05	4.46956e-02	6.49725e-02	2.94337	4.29563	3.47100e-05
1.01110e+05	4.47871e-02	3.03497e-02	1.15119	6.12495	3.47100e-05
1.01179e+05	4.48778e-02	3.62509e-02	2.10327	6.23257	3.47100e-05
1.01249e+05	4.46790e-02	2.85778e-02	2.74440	1.41534	3.47100e-05
1.01319e+05	4.47624e-02	5.49345e-02	5.35447	0.02986	3.47100e-05
1.01389e+05	4.47273e-02	4.72978e-02	1.77048	1.19530	3.47100e-05
1.01459e+05	4.47497e-02	4.65396e-02	2.37022	3.43759	3.47100e-05
1.01529e+05	4.48093e-02	4.97331e-02	4.48829	5.26982	3.47100e-05
1.01599e+05	4.49421e-02	6.01851e-02	2.69007	0.89818	3.47100e-05
1.01669e+05	4.48570e-02	2.32679e-02	6.13673	5.32394	3.47100e-05
1.01738e+05	4.47050e-02	6.58581e-02	0.04016	2.32985	3.47100e-05
1.01808e+05	4.47683e-02	5.83041e-03	2.45725	4.45654	3.47100e-05
1.01878e+05	4.48768e-02	5.52069e-02	2.47449	3.71654	3.47100e-05
1.01948e+05	4.47309e-02	4.78276e-02	4.74806	4.05835	3.47100e-05
1.02018e+05	4.47573e-02	4.17821e-02	3.51467	5.82315	3.47100e-05
1.02088e+05	4.49784e-02	6.91565e-02	1.21813	5.21975	3.47100e-05
1.02158e+05	4.48601e-02	4.14863e-02	3.11884	3.79309	3.47100e-05
1.02228e+05	4.49415e-02	7.49187e-02	0.54331	1.38594	3.47100e-05
1.02297e+05	4.48940e-02	7.58028e-02	3.23226	4.78756	3.47100e-05
1.02367e+05	4.48791e-02	6.37761e-02	4.91959	4.36619	3.47100e-05
1.02437e+05	4.47382e-02	6.97485e-02	0.34337	3.79576	3.47100e-05
1.02507e+05	4.46828e-02	6.39423e-02	3.03745	1.65175	3.47100e-05
1.02577e+05	4.48666e-02	4.87011e-02	5.98559	0.78754	3.47100e-05
1.02647e+05	4.46183e-02	4.74805e-02	0.37198	0.17268	3.47100e-05
1.02717e+05	4.47874e-02	3.92726e-02	3.87880	1.90918	3.47100e-05
1.02787e+05	4.47292e-02	3.28342e-02	3.57377	4.39314	3.47100e-05
1.02856e+05	4.48023e-02	5.21733e-02	3.90319	3.96819	3.47100e-05
1.02926e+05	4.48142e-02	5.25762e-02	4.51338	3.10679	3.47100e-05
1.02996e+05	4.48737e-02	4.32422e-02	4.37992	6.01796	3.47100e-05
1.03066e+05	4.47639e-02	8.25558e-02	6.09666	4.09940	3.47100e-05
1.03136e+05	4.47648e-02	5.67604e-02	0.99373	0.44362	3.47100e-05
1.03206e+05	4.47144e-02	6.55078e-02	5.55378	6.26495	3.47100e-05
1.03276e+05	4.48744e-02	3.32441e-02	1.05286	6.01874	3.47100e-05
1.03346e+05	4.47428e-02	5.35103e-02	3.39044	2.82225	3.47100e-05
1.03416e+05	4.49009e-02	6.23139e-02	5.62283	2.70312	3.47100e-05
1.03485e+05	4.46322e-02	5.81141e-02	2.52029	1.45825	3.47100e-05
1.03555e+05	4.47112e-02	1.48605e-02	6.13854	0.65497	3.47100e-05
1.03625e+05	4.48144e-02	3.14482e-02	2.99190	4.54702	3.47100e-05
1.03695e+05	4.47981e-02	1.77362e-02	5.93629	4.77887	3.47100e-05
1.03765e+05	4.46873e-02	4.48722e-02	5.03657	3.34605	3.47100e-05
1.03835e+05	4.46723e-02	6.75639e-02	6.07238	3.72922	3.47100e-05
1.03905e+05	4.47272e-02	3.16607e-02	5.10931	3.37252	3.47100e-05
1.03975e+05	4.46381e-02	2.95004e-02	1.27908	3.51865	3.47100e-05
1.04044e+05	4.48062e-02	5.12138e-02	1.88172	6.18679	3.47100e-05
1.04114e+05	4.48823e-02	4.35810e-02	0.99600	4.79703	3.47100e-05
1.04184e+05	4.47254e-02	6.96270e-02	6.11114	4.71899	3.47100e-05
1.04254e+05	4.49108e-02	3.85377e-02	5.37381	4.80528	3.47100e-05
1.04324e+05	4.48225e-02	6.03125e-02	0.06802	6.04272	3.47100e-05
1.04394e+05	4.49032e-02	5.59750e-02	0.18843	0.34059	3.47100e-05
1.04464e+05	4.48880e-02	3.73042e-02	2.35138	2.67348	3.47100e-05
1.04534e+05	4.49257e-02	4.12054e-02	4.15931	0.84636	3.47100e-05
1.04603e+05	4.47528e-02	5.41882e-02	2.21523	4.85436	3.47100e-05
1.04673e+05	4.49002e-02	6.17635e-02	0.82930	3.27453	3.47100e-05
1.04743e+05	4.47243e-02	2.03830e-02	3.04322	4.18517	3.47100e-05
1.04813e+05	4.47628e-02	5.91819e-02	5.94193	5.26007	3.47100e-05
1.04883e+05	4.49431e-02	3.71990e-02	0.35745	5.62261	3.47100e-05
1.04953e+05	4.47953e-02	3.02815e-02	4.00032	2.66523	3.47100e-05
1.05023e+05	4.47692e-02	2.31181e-02	1.25603	1.62538	3.47100e-05
1.05093e+05	4.49677e-02	4.34096e-02	0.34599	0.57953	3.47100e-05
1.05162e+05	4.47762e-02	4.14614e-02	2.18002	4.53368	3.47100e-05
1.05232e+05	4.47836e-02	5.37864e-02	2.77026	1.32489	3.47100e-05
1.05302e+05	4.49568e-02	1.64214e-02	4.41946	5.68302	3.47100e-05
1.05372e+05	4.48131e-02	2.76717e-02	0.67849	3.48660	3.47100e-05
1.05442e+05	4.47934e-02	4.22512e-02	3.76416	3.53405	3.47100e-05
1.05512e+05	4.47919e-02	4.62161e-02	1.09720	4.62284	3.47100e-05
1.05582e+05	4.48172e-02	4.29921e-02	0.87005	5.66540	3.47100e-05
1.05652e+05	4.47843e-02	6.03134e-03	2.91735	2.91033	3.47100e-05
1.05722e+05	4.49048e-02	4.12051e-02	2.69979	3.52208	3.47100e-05
1.05791e+05	4.49498e-02	4.69881e-02	5.14116	5.17216	3.47100e-05
1.05861e+05	4.49117e-02	5.57860e-02	2.12667	1.44255	3.47100e-05
