# t	a	e	mean_anomaly	varpi	mass/M_star
6.52199e+01	5.67359e-02	2.66081e-02	4.03076	3.02416	4.41310e-05
1.35098e+02	5.67344e-02	2.71463e-02	5.42748	3.01237	4.41310e-05
2.04977e+02	5.67295e-02	2.61745e-02	1.32060	2.83269	4.41310e-05
2.74855e+02	5.67242e-02	2.64304e-02	4.27455	2.49473	4.41310e-05
3.44734e+02	5.67228e-02	2.60555e-02	1.69118	2.03224	4.41310e-05
4.14612e+02	5.67512e-02	2.74870e-02	6.21720	1.38172	4.41310e-05
4.84491e+02	5.67333e-02	2.61915e-02	5.19546	0.61145	4.41310e-05
5.54369e+02	5.67102e-02	2.61278e-02	4.92277	6.00836	4.41310e-05
6.24248e+02	5.67122e-02	2.55578e-02	5.48829	4.89545	4.41310e-05
6.94126e+02	5.67083e-02	2.61829e-02	0.44683	3.71932	4.41310e-05
7.64005e+02	5.66750e-02	2.60205e-02	2.48226	2.36554	4.41310e-05
8.33883e+02	5.66949e-02	2.46785e-02	5.28329	0.85433	4.41310e-05
9.03762e+02	5.66685e-02	2.56966e-02	2.53978	5.50654	4.41310e-05
9.73640e+02	5.66639e-02	2.51359e-02	0.56186	3.71884	4.41310e-05
1.04352e+03	5.66901e-02	2.46510e-02	5.64766	1.76684	4.41310e-05
1.11340e+03	5.67106e-02	2.54360e-02	5.17576	5.98917	4.41310e-05
1.18328e+03	5.66779e-02	2.57092e-02	5.50745	3.75186	4.41310e-05
1.25315e+03	5.66989e-02	2.51280e-02	0.64257	1.18968	4.41310e-05
1.32303e+03	5.66803e-02	2.43020e-02	2.76116	4.84543	4.41310e-05
1.39291e+03	5.66850e-02	2.43547e-02	5.79688	1.93730	4.41310e-05
1.46279e+03	5.66540e-02	2.41945e-02	3.21800	5.25171	4.41310e-05
1.53267e+03	5.66747e-02	2.49152e-02	1.46530	2.07696	4.41310e-05
1.60255e+03	5.66723e-02	2.47005e-02	0.49382	5.02468	4.41310e-05
1.67243e+03	5.66496e-02	2.46219e-02	0.27388	1.54470	4.41310e-05
1.74230e+03	5.66344e-02	2.39140e-02	0.80557	4.20049	4.41310e-05
1.81218e+03	5.66587e-02	2.43187e-02	2.05164	0.46066	4.41310e-05
1.88206e+03	5.66654e-02	2.49197e-02	4.10442	2.82543	4.41310e-05
1.95194e+03	5.66853e-02	2.45706e-02	0.64798	5.03030	4.41310e-05
2.02182e+03	5.66619e-02	2.33431e-02	4.29017	0.73078	4.41310e-05
2.09170e+03	5.66500e-02	2.33848e-02	2.34486	2.63616	4.41310e-05
2.16157e+03	5.66654e-02	2.38059e-02	1.18492	4.39254	4.41310e-05
2.23145e+03	5.66558e-02	2.33291e-02	0.79770	5.96710	4.41310e-05
2.30133e+03	5.66638e-02	2.34098e-02	1.18907	1.07176	4.41310e-05
2.37121e+03	5.66398e-02	2.41152e-02	2.29859	2.36946	4.41310e-05
2.44109e+03	5.66601e-02	2.29290e-02	4.24226	3.44581	4.41310e-05
2.51097e+03	5.66296e-02	2.27318e-02	0.56681	4.44025	4.41310e-05
2.58085e+03	5.66714e-02	2.30793e-02	4.05423	5.19315	4.41310e-05
2.65072e+03	5.66421e-02	2.31904e-02	1.88148	5.92582	4.41310e-05
2.72060e+03	5.66472e-02	2.29516e-02	0.56020	0.10817	4.41310e-05
2.79048e+03	5.66351e-02	2.29155e-02	0.00008	0.44595	4.41310e-05
2.86036e+03	5.66234e-02	2.28260e-02	0.18904	0.63027	4.41310e-05
2.93024e+03	5.66591e-02	2.25914e-02	1.15908	0.63262	4.41310e-05
3.00012e+03	5.66122e-02	2.26934e-02	2.92167	0.48204	4.41310e-05
3.07000e+03	5.66589e-02	2.28044e-02	5.37743	0.20795	4.41310e-05
3.13987e+03	5.66206e-02	2.32149e-02	2.37772	6.02714	4.41310e-05
3.20975e+03	5.65900e-02	2.19053e-02	0.11708	5.41267	4.41310e-05
3.27963e+03	5.65995e-02	2.30133e-02	4.92602	4.62216	4.41310e-05
3.34951e+03	5.66155e-02	2.13254e-02	4.21551	3.68391	4.41310e-05
3.41939e+03	5.66004e-02	2.29237e-02	4.26796	2.57554	4.41310e-05
3.48927e+03	5.66158e-02	2.24390e-02	5.10648	1.30665	4.41310e-05
3.55915e+03	5.66210e-02	2.23061e-02	0.32770	6.22853	4.41310e-05
3.62902e+03	5.65842e-02	2.24381e-02	2.74225	4.59657	4.41310e-05
3.69890e+03	5.66280e-02	2.20721e-02	5.81411	2.87922	4.41310e-05
3.76878e+03	5.65929e-02	2.13066e-02	3.43859	0.97258	4.41310e-05
3.83866e+03	5.66073e-02	2.17460e-02	1.81101	5.16594	4.41310e-05
3.90854e+03	5.65837e-02	2.21035e-02	0.96900	2.92549	4.41310e-05
3.97842e+03	5.66179e-02	2.16505e-02	0.82650	0.56461	4.41310e-05
4.04829e+03	5.66008e-02	2.11004e-02	1.52482	4.27464	4.41310e-05
4.11817e+03	5.66006e-02	2.18030e-02	2.96300	1.55212	4.41310e-05
4.18805e+03	5.65978e-02	2.13198e-02	5.21900	4.91147	4.41310e-05
4.25793e+03	5.65920e-02	2.18401e-02	1.89502	1.89285	4.41310e-05
4.32781e+03	5.65793e-02	2.15235e-02	5.65903	4.93495	4.41310e-05
4.39769e+03	5.65878e-02	2.13492e-02	3.91779	1.55269	4.41310e-05
4.46757e+03	5.65804e-02	2.12693e-02	2.93287	4.26872	4.41310e-05
4.53744e+03	5.65482e-02	2.07969e-02	2.69190	0.58693	4.41310e-05
4.60732e+03	5.65765e-02	2.17620e-02	3.25547	2.98499	4.41310e-05
4.67720e+03	5.65427e-02	2.13077e-02	4.70301	5.12889	4.41310e-05
4.74708e+03	5.65785e-02	2.08781e-02	0.87781	0.68938	4.41310e-05
4.81696e+03	5.65797e-02	2.08673e-02	4.07788	2.37206	4.41310e-05
4.88684e+03	5.65801e-02	2.05635e-02	1.66814	3.96859	4.41310e-05
4.95672e+03	5.65677e-02	2.04229e-02	0.18826	5.27412	4.41310e-05
5.02659e+03	5.65530e-02	2.08099e-02	5.63397	0.21241	4.41310e-05
5.09647e+03	5.65676e-02	2.10586e-02	5.36911	1.37693	4.41310e-05
5.16635e+03	5.65577e-02	2.02835e-02	5.79253	2.44668	4.41310e-05
5.23623e+03	5.65704e-02	1.99754e-02	0.76475	3.28373	4.41310e-05
5.30611e+03	5.65407e-02	2.04872e-02	2.77265	3.95880	4.41310e-05
5.37599e+03	5.65713e-02	2.04443e-02	5.57893	4.45087	4.41310e-05
5.44586e+03	5.65449e-02	1.92141e-02	2.86808	4.78734	4.41310e-05
5.51574e+03	5.65672e-02	2.06807e-02	0.88672	4.97331	4.41310e-05
5.58562e+03	5.65760e-02	2.02416e-02	5.92505	5.01921	4.41310e-05
5.65550e+03	5.65465e-02	1.99321e-02	5.61820	4.75229	4.41310e-05
5.72538e+03	5.65173e-02	2.02727e-02	5.90210	4.50287	4.41310e-05
5.79526e+03	5.65455e-02	1.98989e-02	0.72668	4.00967	4.41310e-05
5.86514e+03	5.65528e-02	1.98336e-02	2.62612	3.32024	4.41310e-05
5.93501e+03	5.65492e-02	1.94881e-02	5.30743	2.46484	4.41310e-05
6.00489e+03	5.65014e-02	1.90688e-02	2.50510	1.42259	4.41310e-05
6.07477e+03	5.65606e-02	2.06621e-02	0.42406	0.25631	4.41310e-05
6.14465e+03	5.65201e-02	1.95342e-02	5.44443	5.14576	4.41310e-05
6.21453e+03	5.65607e-02	1.94416e-02	4.96100	3.57276	4.41310e-05
6.28441e+03	5.65378e-02	2.00401e-02	5.23069	1.86370	4.41310e-05
6.35429e+03	5.64847e-02	1.85866e-02	0.07068	6.20246	4.41310e-05
6.42416e+03	5.64960e-02	1.85746e-02	1.95319	4.10449	4.41310e-05
6.49404e+03	5.65295e-02	1.97455e-02	4.62006	1.82217	4.41310e-05
6.56392e+03	5.65243e-02	1.92050e-02	1.69005	5.72359	4.41310e-05
6.63380e+03	5.65341e-02	1.99966e-02	5.89956	3.08623	4.41310e-05
6.70368e+03	5.65356e-02	1.83478e-02	4.63447	0.24955	4.41310e-05
6.77356e+03	5.65068e-02	1.84490e-02	4.03572	3.62719	4.41310e-05
6.84343e+03	5.65049e-02	1.80185e-02	4.29058	0.47757	4.41310e-05
6.91331e+03	5.65116e-02	1.83860e-02	5.27959	3.46767	4.41310e-05
6.98319e+03	5.64934e-02	1.82497e-02	0.77534	6.26455	4.41310e-05
7.05307e+03	5.64764e-02	1.78581e-02	3.36147	2.57106	4.41310e-05
7.12295e+03	5.65137e-02	1.89055e-02	0.40451	5.01895	4.41310e-05
7.19283e+03	5.64765e-02	1.87920e-02	4.52030	0.99342	4.41310e-05
7.26271e+03	5.64888e-02	1.83792e-02	3.12189	3.08923	4.41310e-05
7.33258e+03	5.64817e-02	1.82679e-02	2.49395	5.00852	4.41310e-05
7.40246e+03	5.64877e-02	1.85939e-02	2.69858	0.41585	4.41310e-05
7.47234e+03	5.65027e-02	1.88915e-02	3.59820	2.01191	4.41310e-05
7.54222e+03	5.64951e-02	1.89262e-02	5.36069	3.34814	4.41310e-05
7.61210e+03	5.64749e-02	1.83757e-02	1.53713	4.59296	4.41310e-05
7.68198e+03	5.64853e-02	1.80509e-02	4.86837	5.55560	4.41310e-05
7.75186e+03	5.64647e-02	1.83983e-02	2.54015	0.20948	4.41310e-05
7.82173e+03	5.64791e-02	1.82125e-02	1.05761	0.90413	4.41310e-05
7.89161e+03	5.64784e-02	1.78725e-02	0.33882	1.43217	4.41310e-05
7.96149e+03	5.64573e-02	1.84039e-02	0.43663	1.74662	4.41310e-05
8.03137e+03	5.64673e-02	1.76277e-02	1.28231	1.91987	4.41310e-05
8.10125e+03	5.64154e-02	1.78976e-02	2.95131	1.86285	4.41310e-05
8.17113e+03	5.64492e-02	1.81570e-02	5.27281	1.75455	4.41310e-05
8.24100e+03	5.64442e-02	1.81072e-02	2.21971	1.33889	4.41310e-05
8.31088e+03	5.64555e-02	1.84016e-02	6.13990	0.83270	4.41310e-05
8.38076e+03	5.64583e-02	1.77416e-02	4.71362	6.28054	4.41310e-05
8.45064e+03	5.64606e-02	1.77197e-02	3.91732	5.40873	4.41310e-05
8.52052e+03	5.64433e-02	1.81647e-02	3.98304	4.27894	4.41310e-05
8.59040e+03	5.64290e-02	1.78862e-02	4.75034	3.04914	4.41310e-05
8.66028e+03	5.64272e-02	1.79362e-02	0.01377	1.64015	4.41310e-05
8.73015e+03	5.64371e-02	1.75962e-02	2.46066	6.21279	4.41310e-05
8.80003e+03	5.64529e-02	1.73516e-02	5.63592	4.40102	4.41310e-05
8.86991e+03	5.64126e-02	1.68733e-02	3.40148	2.31820	4.41310e-05
8.93979e+03	5.64457e-02	1.70709e-02	1.97186	0.02431	4.41310e-05
9.00967e+03	5.64216e-02	1.73458e-02	1.32362	3.82491	4.41310e-05
9.07955e+03	5.64446e-02	1.66719e-02	1.44132	1.17526	4.41310e-05
9.14943e+03	5.64450e-02	1.61556e-02	2.36969	4.61006	4.41310e-05
9.21930e+03	5.64217e-02	1.70270e-02	4.02845	1.62520	4.41310e-05
9.28918e+03	5.64481e-02	1.68929e-02	0.22556	4.70731	4.41310e-05
9.35906e+03	5.64365e-02	1.68384e-02	3.42866	1.39216	4.41310e-05
9.42894e+03	5.64466e-02	1.69901e-02	1.27103	4.05728	4.41310e-05
9.49882e+03	5.64503e-02	1.68749e-02	6.09920	0.33126	4.41310e-05
9.56870e+03	5.63991e-02	1.63842e-02	5.49390	2.63859	4.41310e-05
9.63857e+03	5.64152e-02	1.61669e-02	5.64712	4.77834	4.41310e-05
9.70845e+03	5.64389e-02	1.65834e-02	0.17816	0.57157	4.41310e-05
9.77833e+03	5.64217e-02	1.66161e-02	1.82508	2.42815	4.41310e-05
9.84821e+03	5.64028e-02	1.74891e-02	4.34684	4.01992	4.41310e-05
9.91809e+03	5.64160e-02	1.74878e-02	1.30602	5.50063	4.41310e-05
9.98797e+03	5.64176e-02	1.61677e-02	5.45764	0.39344	4.41310e-05
1.00578e+04	5.63845e-02	1.54756e-02	3.81735	1.62605	4.41310e-05
1.01277e+04	5.63611e-02	1.58827e-02	2.48472	3.07332	4.41310e-05
1.01976e+04	5.63933e-02	1.68966e-02	1.39163	4.77946	4.41310e-05
1.02675e+04	5.64105e-02	1.81868e-02	0.53053	0.44717	4.41310e-05
1.03374e+04	5.63885e-02	1.77489e-02	0.18809	2.41776	4.41310e-05
1.04072e+04	5.63958e-02	1.66782e-02	6.09519	4.85958	4.41310e-05
1.04771e+04	5.64114e-02	1.73520e-02	6.13720	1.13101	4.41310e-05
1.05470e+04	5.63963e-02	1.72167e-02	0.09438	3.94115	4.41310e-05
1.06169e+04	5.63935e-02	1.63424e-02	0.59829	0.71822	4.41310e-05
1.06868e+04	5.63785e-02	1.82891e-02	1.36081	3.99674	4.41310e-05
1.07566e+04	5.63672e-02	1.64409e-02	2.48148	1.12928	4.41310e-05
1.08265e+04	5.63789e-02	1.73051e-02	3.80759	4.83224	4.41310e-05
1.08964e+04	5.63914e-02	1.67159e-02	5.38298	2.46902	4.41310e-05
1.09663e+04	5.64025e-02	1.77247e-02	0.97349	0.32954	4.41310e-05
1.10361e+04	5.63578e-02	1.80647e-02	2.94665	4.80204	4.41310e-05
1.11060e+04	5.63741e-02	1.79083e-02	5.61519	2.85155	4.41310e-05
1.11759e+04	5.63736e-02	1.82011e-02	1.80998	1.50071	4.41310e-05
1.12458e+04	5.63684e-02	1.81790e-02	4.88153	0.11660	4.41310e-05
1.13157e+04	5.63728e-02	1.62693e-02	1.81569	5.28124	4.41310e-05
1.13855e+04	5.63585e-02	1.76351e-02	5.66054	4.10827	4.41310e-05
1.14554e+04	5.63521e-02	1.84585e-02	3.82250	2.91694	4.41310e-05
1.15253e+04	5.63504e-02	1.71246e-02	2.76179	1.54838	4.41310e-05
1.15952e+04	5.63456e-02	1.70887e-02	2.55929	6.20585	4.41310e-05
1.16651e+04	5.63655e-02	1.82038e-02	3.16604	4.37465	4.41310e-05
1.17349e+04	5.63583e-02	1.71546e-02	4.43567	2.48539	4.41310e-05
1.18048e+04	5.63764e-02	1.76807e-02	0.42672	0.20280	4.41310e-05
1.18747e+04	5.63444e-02	1.72676e-02	3.23973	4.27397	4.41310e-05
1.19446e+04	5.63616e-02	1.80244e-02	0.80597	1.62026	4.41310e-05
1.20144e+04	5.63494e-02	1.80588e-02	5.23504	5.27305	4.41310e-05
1.20843e+04	5.63495e-02	1.74553e-02	4.37802	2.24842	4.41310e-05
1.21542e+04	5.63261e-02	1.75909e-02	4.09432	5.53752	4.41310e-05
1.22241e+04	5.63507e-02	1.80146e-02	4.69957	2.26166	4.41310e-05
1.22940e+04	5.63417e-02	1.64540e-02	6.01303	5.15555	4.41310e-05
1.23638e+04	5.63342e-02	1.71365e-02	1.78076	1.63095	4.41310e-05
1.24337e+04	5.63198e-02	1.70704e-02	4.75860	4.06315	4.41310e-05
1.25036e+04	5.63256e-02	1.58609e-02	2.05125	0.21087	4.41310e-05
1.25735e+04	5.63125e-02	1.69386e-02	0.18171	2.40588	4.41310e-05
1.26434e+04	5.63240e-02	1.76647e-02	5.55455	4.26096	4.41310e-05
1.27132e+04	5.63133e-02	1.64922e-02	5.46224	5.90140	4.41310e-05
1.27831e+04	5.63433e-02	1.61540e-02	6.15079	1.08421	4.41310e-05
1.28530e+04	5.63260e-02	1.56381e-02	1.30712	2.40619	4.41310e-05
1.29229e+04	5.63155e-02	1.62231e-02	3.59002	3.49178	4.41310e-05
1.29927e+04	5.63140e-02	1.61120e-02	0.26839	4.50892	4.41310e-05
1.30626e+04	5.63125e-02	1.57002e-02	4.05657	5.29299	4.41310e-05
1.31325e+04	5.62893e-02	1.70614e-02	2.26245	5.97417	4.41310e-05
1.32024e+04	5.62912e-02	1.61223e-02	1.19490	0.24457	4.41310e-05
1.32723e+04	5.63036e-02	1.58422e-02	1.10632	0.42375	4.41310e-05
1.33421e+04	5.63102e-02	1.66133e-02	1.63670	0.58418	4.41310e-05
1.34120e+04	5.62783e-02	1.54385e-02	3.08082	0.44802	4.41310e-05
1.34819e+04	5.62680e-02	1.64193e-02	5.29402	0.14395	4.41310e-05
1.35518e+04	5.62995e-02	1.57660e-02	1.90506	6.04317	4.41310e-05
1.36216e+04	5.62789e-02	1.66667e-02	5.71678	5.34283	4.41310e-05
1.36915e+04	5.62772e-02	1.55962e-02	3.96169	4.52393	4.41310e-05
1.37614e+04	5.62676e-02	1.62922e-02	2.81125	3.70617	4.41310e-05
1.38313e+04	5.62885e-02	1.52100e-02	2.73163	2.42114	4.41310e-05
1.39012e+04	5.62554e-02	1.58269e-02	3.28643	1.11223	4.41310e-05
1.39710e+04	5.63083e-02	1.64833e-02	4.58975	5.94549	4.41310e-05
1.40409e+04	5.62696e-02	1.57956e-02	0.46190	4.24256	4.41310e-05
1.41108e+04	5.62726e-02	1.48020e-02	3.40821	2.33747	4.41310e-05
1.41807e+04	5.62929e-02	1.59517e-02	0.70159	0.40400	4.41310e-05
1.42506e+04	5.62871e-02	1.58355e-02	5.22809	4.40856	4.41310e-05
1.43204e+04	5.62649e-02	1.69469e-02	4.20054	2.01027	4.41310e-05
1.43903e+04	5.62514e-02	1.49478e-02	4.01599	5.65453	4.41310e-05
1.44602e+04	5.62664e-02	1.56305e-02	4.53139	2.90913	4.41310e-05
1.45301e+04	5.62656e-02	1.47199e-02	5.85243	6.24173	4.41310e-05
1.45999e+04	5.62523e-02	1.53251e-02	1.58959	3.19662	4.41310e-05
1.46698e+04	5.62384e-02	1.48883e-02	4.45591	6.19726	4.41310e-05
1.47397e+04	5.62712e-02	1.51354e-02	1.69225	2.87055	4.41310e-05
1.48096e+04	5.62483e-02	1.49479e-02	6.21121	5.43545	4.41310e-05
1.48795e+04	5.62644e-02	1.44384e-02	5.25278	1.50871	4.41310e-05
1.49493e+04	5.62520e-02	1.46897e-02	4.91415	3.86056	4.41310e-05
1.50192e+04	5.62625e-02	1.58752e-02	5.42068	5.97441	4.41310e-05
1.50891e+04	5.62371e-02	1.58577e-02	0.48299	1.57313	4.41310e-05
1.51590e+04	5.62174e-02	1.51069e-02	2.48674	3.38492	4.41310e-05
1.52289e+04	5.62392e-02	1.43371e-02	5.48567	4.81977	4.41310e-05
1.52987e+04	5.62577e-02	1.43253e-02	2.90925	6.16270	4.41310e-05
1.53686e+04	5.62361e-02	1.50878e-02	1.26071	0.91130	4.41310e-05
1.54385e+04	5.62229e-02	1.53785e-02	0.20744	1.95647	4.41310e-05
1.55084e+04	5.62231e-02	1.48548e-02	0.08604	2.64691	4.41310e-05
1.55782e+04	5.62502e-02	1.58401e-02	0.78574	3.13962	4.41310e-05
1.56481e+04	5.62421e-02	1.52031e-02	2.08854	3.63520	4.41310e-05
1.57180e+04	5.62193e-02	1.47337e-02	4.39370	3.74079	4.41310e-05
1.57879e+04	5.61969e-02	1.49944e-02	1.02598	3.77307	4.41310e-05
1.58578e+04	5.62110e-02	1.40549e-02	4.80255	3.53390	4.41310e-05
1.59276e+04	5.62166e-02	1.46041e-02	3.16689	3.04873	4.41310e-05
1.59975e+04	5.62234e-02	1.40711e-02	2.40999	2.31537	4.41310e-05
1.60674e+04	5.62129e-02	1.51453e-02	2.23827	1.62437	4.41310e-05
1.61373e+04	5.62116e-02	1.50394e-02	3.01287	0.59156	4.41310e-05
1.62072e+04	5.62037e-02	1.38041e-02	4.60662	5.64559	4.41310e-05
1.62770e+04	5.61979e-02	1.44308e-02	0.73827	4.16238	4.41310e-05
1.63469e+04	5.62130e-02	1.57181e-02	3.74092	2.67770	4.41310e-05
1.64168e+04	5.62015e-02	1.31992e-02	1.25215	1.03354	4.41310e-05
1.64867e+04	5.62183e-02	1.48842e-02	6.15095	5.20650	4.41310e-05
1.65565e+04	5.61910e-02	1.52617e-02	5.13585	3.31915	4.41310e-05
1.66264e+04	5.62055e-02	1.35145e-02	5.11860	1.03068	4.41310e-05
1.66963e+04	5.61859e-02	1.62580e-02	5.91897	4.81393	4.41310e-05
1.67662e+04	5.61802e-02	1.33677e-02	1.10478	2.26406	4.41310e-05
1.68361e+04	5.61590e-02	1.56716e-02	3.44896	5.72743	4.41310e-05
1.69059e+04	5.61510e-02	1.14490e-02	0.18770	2.79688	4.41310e-05
1.69758e+04	5.61650e-02	1.50544e-02	3.90868	6.06656	4.41310e-05
1.70457e+04	5.61704e-02	1.40164e-02	2.39935	2.61788	4.41310e-05
1.71156e+04	5.61728e-02	1.27741e-02	1.50392	5.43781	4.41310e-05
1.71855e+04	5.61607e-02	1.38663e-02	1.32008	1.84995	4.41310e-05
1.72553e+04	5.61851e-02	1.52881e-02	2.08492	4.21687	4.41310e-05
1.73252e+04	5.61807e-02	1.44883e-02	3.71207	0.03431	4.41310e-05
1.73951e+04	5.61949e-02	1.42469e-02	5.89103	2.17292	4.41310e-05
1.74650e+04	5.61629e-02	1.41996e-02	2.50457	4.19642	4.41310e-05
1.75348e+04	5.61580e-02	1.41795e-02	0.15381	5.81214	4.41310e-05
1.76047e+04	5.61717e-02	1.26263e-02	4.88713	0.95966	4.41310e-05
1.76746e+04	5.61758e-02	1.20838e-02	3.95426	2.35873	4.41310e-05
1.77445e+04	5.61710e-02	1.21841e-02	3.60886	3.77299	4.41310e-05
1.78144e+04	5.61392e-02	1.19495e-02	4.19258	4.87795	4.41310e-05
1.78842e+04	5.61757e-02	1.22904e-02	5.82341	5.53761	4.41310e-05
1.79541e+04	5.61265e-02	1.33975e-02	1.67019	6.28033	4.41310e-05
1.80240e+04	5.61535e-02	1.30558e-02	4.75361	0.41992	4.41310e-05
1.80939e+04	5.61538e-02	1.39520e-02	2.25608	0.75536	4.41310e-05
1.81638e+04	5.61263e-02	1.32294e-02	0.36668	1.07584	4.41310e-05
1.82336e+04	5.61524e-02	1.25579e-02	5.69153	1.04830	4.41310e-05
1.83035e+04	5.61454e-02	1.13858e-02	5.48119	0.89518	4.41310e-05
1.83734e+04	5.61170e-02	1.24758e-02	0.04425	0.31640	4.41310e-05
1.84433e+04	5.61131e-02	1.29222e-02	1.27030	6.23592	4.41310e-05
1.85131e+04	5.61024e-02	1.74767e-02	3.29139	5.67944	4.41310e-05
1.85830e+04	5.61212e-02	1.53649e-02	5.76266	5.29238	4.41310e-05
1.86529e+04	5.61289e-02	1.38654e-02	3.05288	4.42516	4.41310e-05
1.87228e+04	5.61330e-02	9.59014e-03	1.45846	3.04282	4.41310e-05
1.87927e+04	5.61179e-02	1.44443e-02	0.35199	1.78671	4.41310e-05
1.88625e+04	5.61370e-02	1.81307e-02	5.95953	0.71224	4.41310e-05
1.89324e+04	5.61232e-02	1.02343e-02	0.21354	5.32199	4.41310e-05
1.90023e+04	5.61115e-02	1.39829e-02	1.68640	3.30876	4.41310e-05
1.90722e+04	5.61183e-02	1.40246e-02	3.16869	1.87858	4.41310e-05
1.91421e+04	5.61150e-02	1.25419e-02	0.06766	5.66654	4.41310e-05
1.92119e+04	5.60783e-02	1.68487e-02	3.47682	3.55367	4.41310e-05
1.92818e+04	5.61034e-02	1.02650e-02	1.40896	1.23144	4.41310e-05
1.93517e+04	5.61042e-02	1.58950e-02	0.30739	4.82313	4.41310e-05
1.94216e+04	5.61188e-02	9.86919e-03	5.96695	2.27020	4.41310e-05
1.94914e+04	5.61239e-02	1.62428e-02	0.14421	5.53739	4.41310e-05
1.95613e+04	5.60727e-02	9.11804e-03	1.47955	2.25435	4.41310e-05
1.96312e+04	5.60472e-02	1.38305e-02	2.94845	5.71829	4.41310e-05
1.97011e+04	5.60971e-02	1.34378e-02	6.14999	1.78719	4.41310e-05
1.97710e+04	5.61101e-02	9.38898e-03	2.93784	4.88711	4.41310e-05
1.98408e+04	5.60811e-02	1.56002e-02	0.89029	1.14418	4.41310e-05
1.99107e+04	5.60767e-02	1.38694e-02	6.20873	3.20471	4.41310e-05
1.99806e+04	5.60982e-02	9.97979e-03	5.46630	5.64666	4.41310e-05
2.00505e+04	5.60566e-02	1.43758e-02	5.29356	1.85068	4.41310e-05
2.01203e+04	5.60688e-02	1.69422e-02	0.20568	3.58335	4.41310e-05
2.01902e+04	5.60873e-02	1.44067e-02	2.36207	4.96056	4.41310e-05
2.02601e+04	5.60890e-02	1.18534e-02	5.06537	0.11171	4.41310e-05
2.03300e+04	5.60736e-02	1.09779e-02	1.92697	1.72643	4.41310e-05
2.03999e+04	5.60809e-02	1.07063e-02	5.67664	3.34706	4.41310e-05
2.04697e+04	5.60501e-02	1.09352e-02	4.39284	4.32356	4.41310e-05
2.05396e+04	5.60539e-02	1.29581e-02	3.81245	5.19639	4.41310e-05
2.06095e+04	5.60597e-02	1.36121e-02	3.82662	6.08199	4.41310e-05
2.06794e+04	5.60673e-02	1.39101e-02	4.96921	0.18602	4.41310e-05
2.07493e+04	5.60929e-02	1.43017e-02	0.40275	0.59893	4.41310e-05
2.08191e+04	5.60195e-02	1.21683e-02	2.88839	0.84377	4.41310e-05
2.08890e+04	5.60679e-02	1.20978e-02	6.13280	0.92357	4.41310e-05
2.09589e+04	5.60667e-02	9.12421e-03	4.01077	0.69634	4.41310e-05
2.10288e+04	5.60299e-02	9.25897e-03	2.88912	0.08731	4.41310e-05
2.10986e+04	5.60278e-02	1.23605e-02	2.49542	5.65487	4.41310e-05
2.11685e+04	5.60464e-02	1.54022e-02	2.46146	5.17745	4.41310e-05
2.12384e+04	5.60535e-02	1.60254e-02	3.06150	4.66581	4.41310e-05
2.13083e+04	5.60245e-02	1.13154e-02	4.46942	3.95793	4.41310e-05
2.13782e+04	5.60560e-02	9.08156e-03	1.00518	2.45749	4.41310e-05
2.14480e+04	5.60337e-02	1.57389e-02	4.45210	0.95824	4.41310e-05
2.15179e+04	5.60429e-02	1.49331e-02	1.70129	6.25214	4.41310e-05
2.15878e+04	5.60138e-02	8.05657e-03	0.15177	4.66583	4.41310e-05
2.16577e+04	5.60491e-02	1.46434e-02	5.98861	2.58330	4.41310e-05
2.17276e+04	5.60316e-02	1.51342e-02	5.47641	1.18445	4.41310e-05
2.17974e+04	5.59923e-02	9.18780e-03	0.35638	5.00678	4.41310e-05
2.18673e+04	5.60071e-02	1.61038e-02	1.63064	3.05637	4.41310e-05
2.19372e+04	5.60348e-02	8.63848e-03	3.81775	0.79586	4.41310e-05
2.20071e+04	5.60212e-02	1.49864e-02	0.65842	4.48679	4.41310e-05
2.20769e+04	5.60115e-02	9.00208e-03	4.17462	2.10807	4.41310e-05
2.21468e+04	5.59822e-02	1.54837e-02	2.68934	5.33914	4.41310e-05
2.22167e+04	5.60098e-02	7.74941e-03	1.50794	2.60904	4.41310e-05
2.22866e+04	5.60131e-02	1.65339e-02	1.42351	5.67308	4.41310e-05
2.23565e+04	5.60245e-02	9.67082e-03	2.26760	2.13618	4.41310e-05
2.24263e+04	5.60024e-02	1.25152e-02	3.20033	5.40305	4.41310e-05
2.24962e+04	5.59880e-02	1.46093e-02	5.77162	1.35577	4.41310e-05
2.25661e+04	5.60040e-02	8.26584e-03	2.39659	3.86974	4.41310e-05
2.26360e+04	5.59995e-02	1.12126e-02	5.79094	0.23207	4.41310e-05
2.27059e+04	5.60100e-02	1.49474e-02	4.27348	2.11249	4.41310e-05
2.27757e+04	5.59631e-02	1.21932e-02	3.24663	4.11382	4.41310e-05
2.28456e+04	5.59884e-02	1.03109e-02	2.40708	0.26085	4.41310e-05
2.29155e+04	5.59831e-02	1.23478e-02	2.75910	2.11880	4.41310e-05
2.29854e+04	5.59870e-02	1.38188e-02	4.36083	3.35233	4.41310e-05
2.30552e+04	5.60073e-02	1.55605e-02	0.16341	4.70579	4.41310e-05
2.31251e+04	5.59632e-02	1.28614e-02	2.88182	6.03775	4.41310e-05
2.31950e+04	5.59578e-02	8.72292e-03	0.11000	0.90565	4.41310e-05
2.32649e+04	5.59583e-02	9.09090e-03	4.43207	1.85947	4.41310e-05
2.33348e+04	5.59287e-02	8.12558e-03	2.94170	2.94112	4.41310e-05
2.34046e+04	5.59680e-02	7.07996e-03	2.75358	3.35129	4.41310e-05
2.34745e+04	5.59443e-02	1.00055e-02	2.80151	4.12731	4.41310e-05
2.35444e+04	5.59592e-02	7.22481e-03	4.17820	4.19635	4.41310e-05
2.36143e+04	5.59490e-02	1.05262e-02	6.02404	4.41166	4.41310e-05
2.36842e+04	5.59394e-02	8.51922e-03	2.47150	4.36067	4.41310e-05
2.37540e+04	5.59635e-02	1.16038e-02	5.90153	4.23387	4.41310e-05
2.38239e+04	5.59553e-02	1.26341e-02	3.99303	3.77443	4.41310e-05
2.38938e+04	5.59376e-02	1.53262e-02	2.32954	3.68126	4.41310e-05
2.39637e+04	5.59610e-02	1.63691e-02	1.60053	3.27552	4.41310e-05
2.40335e+04	5.59540e-02	1.24327e-02	1.45190	2.90300	4.41310e-05
2.41034e+04	5.59408e-02	1.01919e-02	2.31997	2.12855	4.41310e-05
2.41733e+04	5.59260e-02	1.09272e-02	4.60504	0.55737	4.41310e-05
2.42432e+04	5.59695e-02	1.46465e-02	0.72182	5.75967	4.41310e-05
2.43131e+04	5.59138e-02	1.28772e-02	3.40410	5.00739	4.41310e-05
2.43829e+04	5.59422e-02	8.50947e-03	1.07903	3.59409	4.41310e-05
2.44528e+04	5.59514e-02	1.40332e-02	6.24458	1.59009	4.41310e-05
2.45227e+04	5.59526e-02	1.30921e-02	5.07878	0.25519	4.41310e-05
2.45926e+04	5.59395e-02	8.15439e-03	5.16282	4.56327	4.41310e-05
2.46625e+04	5.59153e-02	1.33874e-02	5.87091	2.57979	4.41310e-05
2.47323e+04	5.59464e-02	1.16212e-02	0.59766	0.90380	4.41310e-05
2.48022e+04	5.58947e-02	1.06671e-02	3.23654	4.49570	4.41310e-05
2.48721e+04	5.59526e-02	1.27466e-02	5.87387	2.42149	4.41310e-05
2.49420e+04	5.59292e-02	1.08621e-02	3.55322	5.92273	4.41310e-05
2.50118e+04	5.59120e-02	1.23253e-02	1.49763	3.47991	4.41310e-05
2.50817e+04	5.59278e-02	1.21000e-02	0.58391	0.51444	4.41310e-05
2.51516e+04	5.59418e-02	1.25779e-02	0.21588	3.90467	4.41310e-05
2.52215e+04	5.59023e-02	1.28084e-02	0.80224	0.66996	4.41310e-05
2.52914e+04	5.59278e-02	1.09980e-02	1.72165	4.00748	4.41310e-05
2.53612e+04	5.59075e-02	1.34631e-02	3.81971	0.49210	4.41310e-05
2.54311e+04	5.59130e-02	1.14557e-02	0.38037	3.12435	4.41310e-05
2.55010e+04	5.58984e-02	1.05528e-02	3.66677	5.93184	4.41310e-05
2.55709e+04	5.59065e-02	1.31181e-02	1.52069	2.22402	4.41310e-05
2.56408e+04	5.58980e-02	1.25414e-02	0.37484	4.42496	4.41310e-05
2.57106e+04	5.58950e-02	9.50204e-03	5.97707	0.49688	4.41310e-05
2.57805e+04	5.58905e-02	1.06091e-02	5.90310	2.86164	4.41310e-05
2.58504e+04	5.58684e-02	1.32257e-02	0.65588	4.73739	4.41310e-05
2.59203e+04	5.58741e-02	1.15724e-02	2.52251	0.12467	4.41310e-05
2.59901e+04	5.58555e-02	8.14544e-03	4.67003	2.13083	4.41310e-05
2.60600e+04	5.58902e-02	1.01176e-02	1.16892	4.11455	4.41310e-05
2.61299e+04	5.58900e-02	1.33806e-02	5.13173	5.53592	4.41310e-05
2.61998e+04	5.58960e-02	1.21757e-02	3.66676	0.43811	4.41310e-05
2.62697e+04	5.58732e-02	1.32992e-02	2.80749	1.63281	4.41310e-05
2.63395e+04	5.58812e-02	1.16326e-02	2.53550	2.85934	4.41310e-05
2.64094e+04	5.58790e-02	1.07209e-02	3.28134	3.68922	4.41310e-05
2.64793e+04	5.58632e-02	1.03215e-02	4.43662	4.72561	4.41310e-05
2.65492e+04	5.58654e-02	9.12868e-03	0.42169	5.27917	4.41310e-05
2.66191e+04	5.58181e-02	1.01642e-02	3.17408	5.96052	4.41310e-05
2.66889e+04	5.58898e-02	1.02686e-02	0.47828	0.14101	4.41310e-05
2.67588e+04	5.58348e-02	1.06685e-02	4.41350	0.87218	4.41310e-05
2.68287e+04	5.58599e-02	9.23149e-03	3.10789	1.17738	4.41310e-05
2.68986e+04	5.58525e-02	8.95929e-03	2.25122	1.66142	4.41310e-05
2.69684e+04	5.58418e-02	9.57576e-03	2.55086	1.62875	4.41310e-05
2.70383e+04	5.58272e-02	9.46378e-03	3.27531	1.78594	4.41310e-05
2.71082e+04	5.58376e-02	1.27479e-02	4.87624	1.66512	4.41310e-05
2.71781e+04	5.58239e-02	1.35193e-02	0.72761	1.61287	4.41310e-05
2.72480e+04	5.58433e-02	1.43216e-02	3.63010	1.41310	4.41310e-05
2.73178e+04	5.58322e-02	1.48282e-02	0.93042	1.15521	4.41310e-05
2.73877e+04	5.58444e-02	9.99078e-03	5.38985	0.66008	4.41310e-05
2.74576e+04	5.58285e-02	5.66125e-03	4.63602	6.00608	4.41310e-05
2.75275e+04	5.58300e-02	1.12830e-02	4.96101	4.62804	4.41310e-05
2.75973e+04	5.58496e-02	1.57524e-02	5.14753	3.96567	4.41310e-05
2.76672e+04	5.58467e-02	1.20378e-02	0.06330	3.01006	4.41310e-05
2.77371e+04	5.58288e-02	6.23851e-03	2.90738	1.06892	4.41310e-05
2.78070e+04	5.58341e-02	1.36294e-02	6.24278	5.54329	4.41310e-05
2.78769e+04	5.58173e-02	1.35468e-02	2.98076	4.55808	4.41310e-05
2.79467e+04	5.58172e-02	7.10182e-03	0.77360	3.04127	4.41310e-05
2.80166e+04	5.58331e-02	1.31269e-02	5.79656	1.20952	4.41310e-05
2.80865e+04	5.58046e-02	1.38585e-02	4.32296	0.23002	4.41310e-05
2.81564e+04	5.57988e-02	7.69947e-03	4.52731	4.51394	4.41310e-05
2.82263e+04	5.58191e-02	1.27204e-02	5.16287	2.61747	4.41310e-05
2.82961e+04	5.58215e-02	1.30105e-02	5.39173	1.65133	4.41310e-05
2.83660e+04	5.58067e-02	6.81779e-03	0.88451	6.12389	4.41310e-05
2.84359e+04	5.58066e-02	1.46998e-02	3.68608	3.89339	4.41310e-05
2.85058e+04	5.57723e-02	1.26491e-02	6.17291	2.57144	4.41310e-05
2.85756e+04	5.57876e-02	9.77287e-03	4.53120	6.04617	4.41310e-05
2.86455e+04	5.57600e-02	1.42413e-02	2.42018	4.34060	4.41310e-05
2.87154e+04	5.58165e-02	8.97751e-03	1.98959	1.54878	4.41310e-05
2.87853e+04	5.57715e-02	1.50141e-02	1.57797	5.64038	4.41310e-05
2.88552e+04	5.57773e-02	6.33001e-03	2.55294	2.72658	4.41310e-05
2.89250e+04	5.57832e-02	1.49497e-02	3.73703	0.19918	4.41310e-05
2.89949e+04	5.58038e-02	8.57192e-03	0.02139	3.19559	4.41310e-05
2.90648e+04	5.57938e-02	1.14715e-02	2.13637	1.01763	4.41310e-05
2.91347e+04	5.58156e-02	1.02954e-02	6.08690	3.90115	4.41310e-05
2.92046e+04	5.57758e-02	1.27906e-02	2.82751	1.98381	4.41310e-05
2.92744e+04	5.57623e-02	7.50156e-03	1.08159	5.47323	4.41310e-05
2.93443e+04	5.57585e-02	1.45988e-02	5.77247	3.14274	4.41310e-05
2.94142e+04	5.57827e-02	8.86426e-03	5.35664	0.20963	4.41310e-05
2.94841e+04	5.57568e-02	1.40351e-02	4.96275	4.19987	4.41310e-05
2.95539e+04	5.57543e-02	1.03977e-02	0.00771	0.80124	4.41310e-05
2.96238e+04	5.57529e-02	1.11284e-02	0.97595	4.64479	4.41310e-05
2.96937e+04	5.57421e-02	1.13921e-02	3.91276	0.87772	4.41310e-05
2.97636e+04	5.57840e-02	9.18986e-03	0.15222	4.40099	4.41310e-05
2.98335e+04	5.57602e-02	1.35645e-02	4.00060	0.94458	4.41310e-05
2.99033e+04	5.57379e-02	9.74762e-03	2.60983	3.38583	4.41310e-05
2.99732e+04	5.57370e-02	9.41497e-03	0.87315	0.43893	4.41310e-05
3.00431e+04	5.57169e-02	1.40801e-02	1.08163	2.51425	4.41310e-05
3.01130e+04	5.57515e-02	1.24414e-02	1.85996	4.58416	4.41310e-05
3.01829e+04	5.57467e-02	6.26050e-03	3.24011	0.43736	4.41310e-05
3.02527e+04	5.57399e-02	1.07654e-02	4.93705	2.85051	4.41310e-05
3.03226e+04	5.57361e-02	1.26217e-02	1.81049	4.45879	4.41310e-05
3.03925e+04	5.57512e-02	1.37035e-02	5.83251	5.77160	4.41310e-05
3.04624e+04	5.57317e-02	1.27063e-02	4.50769	0.51840	4.41310e-05
3.05322e+04	5.57687e-02	1.51217e-02	4.66597	0.58864	4.41310e-05
3.06021e+04	5.57108e-02	7.44533e-03	3.24646	1.46532	4.41310e-05
3.06720e+04	5.56930e-02	4.18998e-03	2.29629	2.55125	4.41310e-05
3.07419e+04	5.57137e-02	8.20973e-03	2.75114	2.77642	4.41310e-05
3.08118e+04	5.57811e-02	1.33893e-02	2.58149	1.24472	4.41310e-05
3.08816e+04	5.58019e-02	9.40430e-03	3.95440	3.89944	4.41310e-05
3.09515e+04	5.57859e-02	4.57776e-03	4.42364	3.83014	4.41310e-05
3.10214e+04	5.57812e-02	1.12809e-02	3.98707	5.35838	4.41310e-05
3.10913e+04	5.57273e-02	5.17761e-03	3.22810	2.91756	4.41310e-05
3.11612e+04	5.57598e-02	6.12815e-03	0.88057	2.78178	4.41310e-05
3.12310e+04	5.57501e-02	2.96115e-03	3.22231	5.04852	4.41310e-05
3.13009e+04	5.57682e-02	7.74687e-03	0.34081	1.37399	4.41310e-05
3.13708e+04	5.57718e-02	6.96410e-03	3.64812	4.77137	4.41310e-05
3.14407e+04	5.58034e-02	4.13560e-03	4.67492	0.24234	4.41310e-05
3.15105e+04	5.57776e-02	1.05921e-02	3.51439	5.53187	4.41310e-05
3.15804e+04	5.57597e-02	1.27291e-02	3.72454	1.87671	4.41310e-05
3.16503e+04	5.57522e-02	1.13404e-02	6.17136	2.06460	4.41310e-05
3.17202e+04	5.57442e-02	1.14276e-03	2.92157	2.66504	4.41310e-05
3.17901e+04	5.57170e-02	9.31598e-03	1.50942	1.95366	4.41310e-05
3.18599e+04	5.56627e-02	5.40214e-03	2.77250	2.20227	4.41310e-05
3.19298e+04	5.57283e-02	2.70429e-03	0.19576	5.01256	4.41310e-05
3.19997e+04	5.57114e-02	7.33997e-03	1.08740	4.82730	4.41310e-05
3.20696e+04	5.57063e-02	3.94420e-03	4.28663	3.10938	4.41310e-05
3.21395e+04	5.57392e-02	1.21098e-02	3.15896	0.15393	4.41310e-05
3.22093e+04	5.57374e-02	7.53298e-03	3.83373	2.46196	4.41310e-05
3.22792e+04	5.56995e-02	8.10953e-03	2.73969	0.29675	4.41310e-05
3.23491e+04	5.57108e-02	8.63924e-03	1.71608	0.06427	4.41310e-05
3.24190e+04	5.56510e-02	8.46490e-03	0.31682	4.37357	4.41310e-05
3.24888e+04	5.56762e-02	1.02862e-02	4.81406	3.48334	4.41310e-05
3.25587e+04	5.57029e-02	1.03152e-02	3.85158	1.87593	4.41310e-05
3.26286e+04	5.56735e-02	8.28768e-03	0.64792	3.44184	4.41310e-05
3.26985e+04	5.57301e-02	1.02824e-02	1.55908	4.85278	4.41310e-05
3.27684e+04	5.57020e-02	1.01384e-02	1.12813	1.37069	4.41310e-05
3.28382e+04	5.56806e-02	5.23950e-03	0.35492	5.80059	4.41310e-05
3.29081e+04	5.56754e-02	6.36930e-03	2.69469	1.06995	4.41310e-05
3.29780e+04	5.56552e-02	3.05755e-03	0.75845	3.22840	4.41310e-05
3.30479e+04	5.57060e-02	1.59090e-02	2.43937	3.30121	4.41310e-05
3.31178e+04	5.56328e-02	7.40353e-03	0.87265	5.44097	4.41310e-05
3.31876e+04	5.56218e-02	6.66930e-03	3.12367	1.41651	4.41310e-05
3.32575e+04	5.57076e-02	1.10125e-02	5.75358	3.99122	4.41310e-05
3.33274e+04	5.56833e-02	1.36850e-02	5.94885	2.26813	4.41310e-05
3.33973e+04	5.56627e-02	1.28494e-03	1.32107	5.05435	4.41310e-05
3.34671e+04	5.56846e-02	7.29282e-03	0.51468	2.55243	4.41310e-05
3.35370e+04	5.56810e-02	9.80057e-03	0.10199	1.04664	4.41310e-05
3.36069e+04	5.56651e-02	1.44547e-02	2.98381	4.67845	4.41310e-05
3.36768e+04	5.56657e-02	1.30725e-02	5.79729	3.95268	4.41310e-05
3.37467e+04	5.56415e-02	1.36269e-03	5.52134	5.10878	4.41310e-05
3.38165e+04	5.56553e-02	7.28219e-03	6.04778	2.64739	4.41310e-05
3.38864e+04	5.57211e-02	1.22913e-02	5.32266	5.86199	4.41310e-05
3.39563e+04	5.56659e-02	4.32325e-03	3.03294	6.25625	4.41310e-05
3.40262e+04	5.56188e-02	6.06015e-03	4.97826	0.76944	4.41310e-05
3.40961e+04	5.56258e-02	7.43862e-03	3.41899	0.40509	4.41310e-05
3.41659e+04	5.56603e-02	1.16905e-02	3.63590	4.55225	4.41310e-05
3.42358e+04	5.56235e-02	1.04121e-02	4.94191	3.68042	4.41310e-05
3.43057e+04	5.56364e-02	1.95021e-03	1.43478	2.87977	4.41310e-05
3.43756e+04	5.55930e-02	2.55168e-03	2.63804	3.31173	4.41310e-05
3.44454e+04	5.55838e-02	3.48336e-03	1.01052	0.09376	4.41310e-05
3.45153e+04	5.56522e-02	1.23630e-02	1.56788	4.01987	4.41310e-05
3.45852e+04	5.56366e-02	1.36789e-02	0.44410	3.95969	4.41310e-05
3.46551e+04	5.56666e-02	1.31506e-02	2.50179	2.16133	4.41310e-05
3.47250e+04	5.55730e-02	5.38047e-03	3.36438	1.16034	4.41310e-05
3.47948e+04	5.56613e-02	8.05264e-03	3.33672	1.24725	4.41310e-05
3.48647e+04	5.55782e-02	5.33639e-03	0.11410	4.21122	4.41310e-05
3.49346e+04	5.55825e-02	1.23342e-02	3.02128	1.47459	4.41310e-05
3.50045e+04	5.56075e-02	6.03412e-03	0.99554	0.16077	4.41310e-05
3.50743e+04	5.55995e-02	5.88741e-03	2.29599	0.84304	4.41310e-05
3.51442e+04	5.56461e-02	5.32680e-03	6.10103	0.29655	4.41310e-05
3.52141e+04	5.56327e-02	8.96814e-03	4.27794	5.16886	4.41310e-05
3.52840e+04	5.55894e-02	7.29712e-03	2.91668	4.08120	4.41310e-05
3.53539e+04	5.55592e-02	3.50351e-03	0.04135	1.96499	4.41310e-05
3.54237e+04	5.56033e-02	1.15449e-02	4.33571	5.82675	4.41310e-05
3.54936e+04	5.55558e-02	9.25113e-03	3.54787	0.72577	4.41310e-05
3.55635e+04	5.55419e-02	9.67485e-03	4.85704	0.40284	4.41310e-05
3.56334e+04	5.55767e-02	1.23855e-02	4.19752	2.91150	4.41310e-05
3.57033e+04	5.55670e-02	5.22771e-03	6.11962	2.84964	4.41310e-05
3.57731e+04	5.56382e-02	8.75028e-03	0.07451	5.17068	4.41310e-05
3.58430e+04	5.55649e-02	5.07385e-03	4.41226	3.99014	4.41310e-05
3.59129e+04	5.55802e-02	2.33990e-03	5.48743	0.85513	4.41310e-05
3.59828e+04	5.55963e-02	5.88477e-03	0.74835	4.44733	4.41310e-05
3.60526e+04	5.56175e-02	1.15390e-02	0.07428	5.49135	4.41310e-05
3.61225e+04	5.55717e-02	1.00660e-02	0.96338	5.92293	4.41310e-05
3.61924e+04	5.55998e-02	9.68939e-03	2.41763	5.95190	4.41310e-05
3.62623e+04	5.55746e-02	1.50450e-02	3.47206	5.94409	4.41310e-05
3.63322e+04	5.55852e-02	3.93024e-03	2.70441	2.58745	4.41310e-05
3.64020e+04	5.55345e-02	8.94513e-03	6.07574	1.04254	4.41310e-05
3.64719e+04	5.55334e-02	6.02893e-03	2.87548	0.89927	4.41310e-05
3.65418e+04	5.55249e-02	1.01475e-02	5.57043	1.60747	4.41310e-05
3.66117e+04	5.55117e-02	8.73998e-03	4.27432	1.84992	4.41310e-05
3.66816e+04	5.55155e-02	1.22814e-02	0.86401	3.90565	4.41310e-05
3.67514e+04	5.55711e-02	1.26032e-02	5.66215	5.50555	4.41310e-05
3.68213e+04	5.55828e-02	1.11758e-02	6.26522	5.14168	4.41310e-05
3.68912e+04	5.55272e-02	1.14761e-02	0.41650	5.31079	4.41310e-05
3.69611e+04	5.55126e-02	1.66194e-03	1.35270	5.44182	4.41310e-05
3.70309e+04	5.55310e-02	7.56084e-03	2.49873	5.72021	4.41310e-05
3.71008e+04	5.55417e-02	5.26131e-03	2.85115	1.70775	4.41310e-05
3.71707e+04	5.55775e-02	5.52748e-03	1.65565	0.50503	4.41310e-05
3.72406e+04	5.55100e-02	9.08106e-03	4.53147	2.31844	4.41310e-05
3.73105e+04	5.54990e-02	2.99656e-03	3.99264	1.26191	4.41310e-05
3.73803e+04	5.55139e-02	8.66978e-03	6.02625	5.06923	4.41310e-05
3.74502e+04	5.54748e-02	1.06514e-02	5.55231	5.51383	4.41310e-05
3.75201e+04	5.55399e-02	3.31487e-03	5.44200	0.46276	4.41310e-05
3.75900e+04	5.55209e-02	1.28129e-02	3.33912	4.17792	4.41310e-05
3.76599e+04	5.55185e-02	1.37925e-02	4.19529	5.39184	4.41310e-05
3.77297e+04	5.54893e-02	7.84996e-03	1.33529	4.71185	4.41310e-05
3.77996e+04	5.55284e-02	9.34062e-03	3.62526	5.96986	4.41310e-05
3.78695e+04	5.55406e-02	1.66456e-02	0.33077	0.75507	4.41310e-05
3.79394e+04	5.54710e-02	1.15749e-02	5.19160	1.04040	4.41310e-05
3.80092e+04	5.55490e-02	5.90040e-03	0.12047	5.69811	4.41310e-05
3.80791e+04	5.54820e-02	6.18159e-03	1.35480	4.36327	4.41310e-05
3.81490e+04	5.54994e-02	3.75836e-03	0.80179	5.70504	4.41310e-05
3.82189e+04	5.54931e-02	5.20609e-03	3.28767	4.83713	4.41310e-05
3.82888e+04	5.54868e-02	1.07034e-02	2.57587	0.80905	4.41310e-05
3.83586e+04	5.54882e-02	9.12077e-03	4.17446	1.28100	4.41310e-05
3.84285e+04	5.54876e-02	7.97702e-03	0.99131	1.46654	4.41310e-05
3.84984e+04	5.55063e-02	9.87719e-03	5.79612	0.61267	4.41310e-05
3.85683e+04	5.54855e-02	1.24885e-02	1.73425	2.32716	4.41310e-05
3.86382e+04	5.54778e-02	7.06206e-03	4.83847	3.64748	4.41310e-05
3.87080e+04	5.54417e-02	1.34746e-02	5.68484	2.06699	4.41310e-05
3.87779e+04	5.55119e-02	1.25644e-02	5.88847	1.81633	4.41310e-05
3.88478e+04	5.54988e-02	1.25552e-02	0.23516	1.41533	4.41310e-05
3.89177e+04	5.54657e-02	1.56411e-02	0.26687	2.39142	4.41310e-05
3.89875e+04	5.54425e-02	1.21355e-02	0.31855	3.85068	4.41310e-05
3.90574e+04	5.54295e-02	1.63974e-03	0.21572	6.12530	4.41310e-05
3.91273e+04	5.54465e-02	9.44522e-03	5.63098	3.54640	4.41310e-05
3.91972e+04	5.54651e-02	7.39983e-03	0.92030	5.42386	4.41310e-05
3.92671e+04	5.54911e-02	1.53286e-02	0.30701	3.98239	4.41310e-05
3.93369e+04	5.54493e-02	1.00399e-02	5.81294	3.23145	4.41310e-05
3.94068e+04	5.54738e-02	8.13137e-03	4.54881	3.53284	4.41310e-05
3.94767e+04	5.54583e-02	8.88373e-03	4.48940	3.41952	4.41310e-05
3.95466e+04	5.54552e-02	1.35922e-02	3.20474	5.07305	4.41310e-05
3.96165e+04	5.54261e-02	1.38433e-02	2.35716	0.66510	4.41310e-05
3.96863e+04	5.54418e-02	9.13410e-03	1.16512	3.61734	4.41310e-05
3.97562e+04	5.54638e-02	9.87167e-03	0.51162	0.21749	4.41310e-05
3.98261e+04	5.54442e-02	1.61885e-03	4.66713	5.28192	4.41310e-05
3.98960e+04	5.54599e-02	1.33053e-02	3.19324	4.08764	4.41310e-05
3.99658e+04	5.54639e-02	1.24070e-02	1.86145	3.28571	4.41310e-05
4.00357e+04	5.54767e-02	9.30940e-03	5.41201	4.61704	4.41310e-05
4.01056e+04	5.54643e-02	1.12595e-02	3.33575	5.87432	4.41310e-05
4.01755e+04	5.54201e-02	3.25234e-03	2.09256	0.63240	4.41310e-05
4.02454e+04	5.54552e-02	1.26026e-02	4.39464	5.09769	4.41310e-05
4.03152e+04	5.54109e-02	1.16556e-02	2.89499	1.35144	4.41310e-05
4.03851e+04	5.54668e-02	1.03797e-02	0.26313	5.60898	4.41310e-05
4.04550e+04	5.54234e-02	1.24667e-02	2.94744	5.29978	4.41310e-05
4.05249e+04	5.53956e-02	2.33887e-03	2.01224	2.81555	4.41310e-05
4.05948e+04	5.54430e-02	7.48426e-03	3.19089	5.11448	4.41310e-05
4.06646e+04	5.54304e-02	8.96577e-03	1.59289	4.58588	4.41310e-05
4.07345e+04	5.54211e-02	8.04763e-03	4.18371	0.57303	4.41310e-05
4.08044e+04	5.53750e-02	1.57929e-02	1.56429	2.25992	4.41310e-05
4.08743e+04	5.54471e-02	7.54853e-03	4.02213	5.88705	4.41310e-05
4.09441e+04	5.53772e-02	8.03536e-03	1.41267	2.50305	4.41310e-05
4.10140e+04	5.54354e-02	1.07903e-02	3.29326	1.63454	4.41310e-05
4.10839e+04	5.53957e-02	5.16508e-03	0.46796	6.02396	4.41310e-05
4.11538e+04	5.53821e-02	1.77598e-02	3.09116	5.59867	4.41310e-05
4.12237e+04	5.53971e-02	1.38707e-02	5.06643	0.07278	4.41310e-05
4.12935e+04	5.54147e-02	7.10399e-03	2.21479	0.05476	4.41310e-05
4.13634e+04	5.54118e-02	1.78280e-02	5.31691	0.94296	4.41310e-05
4.14333e+04	5.53724e-02	1.22202e-02	1.18888	3.27427	4.41310e-05
4.15032e+04	5.53706e-02	8.89690e-03	2.48537	0.91481	4.41310e-05
4.15730e+04	5.54035e-02	9.68591e-03	0.00138	2.91104	4.41310e-05
4.16429e+04	5.54036e-02	5.20592e-03	2.34244	0.64483	4.41310e-05
4.17128e+04	5.54022e-02	1.10662e-02	5.06700	4.98813	4.41310e-05
4.17827e+04	5.54006e-02	1.51063e-02	0.94578	4.08663	4.41310e-05
4.18526e+04	5.54097e-02	1.51647e-02	3.07633	3.83942	4.41310e-05
4.19224e+04	5.53737e-02	1.22575e-02	5.46360	3.93558	4.41310e-05
4.19923e+04	5.53612e-02	8.21226e-03	2.08206	4.18845	4.41310e-05
4.20622e+04	5.53691e-02	7.52381e-03	5.09951	4.83192	4.41310e-05
4.21321e+04	5.53645e-02	6.84466e-03	0.90007	0.64839	4.41310e-05
4.22020e+04	5.53401e-02	1.15518e-02	3.01267	3.52284	4.41310e-05
4.22718e+04	5.53766e-02	1.24032e-02	0.36951	5.14312	4.41310e-05
4.23417e+04	5.53519e-02	9.00320e-03	3.14615	2.27060	4.41310e-05
4.24116e+04	5.53815e-02	1.25361e-02	5.05130	0.59759	4.41310e-05
4.24815e+04	5.53656e-02	1.48839e-02	2.47338	3.90903	4.41310e-05
4.25513e+04	5.53520e-02	6.84257e-03	0.61367	0.74810	4.41310e-05
4.26212e+04	5.53112e-02	1.23492e-02	2.70334	0.62970	4.41310e-05
4.26911e+04	5.53427e-02	7.50864e-03	0.46407	5.29357	4.41310e-05
4.27610e+04	5.53534e-02	1.50737e-02	3.61502	4.97266	4.41310e-05
4.28309e+04	5.53529e-02	7.50010e-03	2.21352	3.60880	4.41310e-05
4.29007e+04	5.53757e-02	1.24148e-02	5.91932	3.84673	4.41310e-05
4.29706e+04	5.53706e-02	4.42455e-03	3.94463	4.26371	4.41310e-05
4.30405e+04	5.53813e-02	1.49655e-02	1.51419	5.64504	4.41310e-05
4.31104e+04	5.53680e-02	1.46981e-02	5.24529	1.52053	4.41310e-05
4.31803e+04	5.53316e-02	8.60091e-03	3.87851	3.04338	4.41310e-05
4.32501e+04	5.53509e-02	1.28482e-02	1.32543	0.05634	4.41310e-05
4.33200e+04	5.53622e-02	1.56250e-02	5.50175	3.51158	4.41310e-05
4.33899e+04	5.53435e-02	1.54476e-02	2.78801	1.84194	4.41310e-05
4.34598e+04	5.53469e-02	9.32892e-03	2.14504	4.81745	4.41310e-05
4.35296e+04	5.53352e-02	5.78425e-03	1.07290	2.54170	4.41310e-05
4.35995e+04	5.53532e-02	9.96538e-03	0.97493	6.17063	4.41310e-05
4.36694e+04	5.52985e-02	1.06687e-02	6.02313	5.15166	4.41310e-05
4.37393e+04	5.53261e-02	1.27854e-02	4.94483	4.58987	4.41310e-05
4.38092e+04	5.53100e-02	1.07534e-02	4.43675	3.88783	4.41310e-05
4.38790e+04	5.52961e-02	1.14313e-02	4.41730	3.30710	4.41310e-05
4.39489e+04	5.53023e-02	1.20993e-02	4.32727	3.32684	4.41310e-05
4.40188e+04	5.52925e-02	9.86154e-03	4.60600	3.52749	4.41310e-05
4.40887e+04	5.52897e-02	1.32158e-02	5.43633	3.76767	4.41310e-05
4.41586e+04	5.53167e-02	8.90019e-03	5.76152	5.05793	4.41310e-05
4.42284e+04	5.53274e-02	3.12365e-03	6.01004	0.66330	4.41310e-05
4.42983e+04	5.52508e-02	6.11480e-03	6.26974	3.08235	4.41310e-05
4.43682e+04	5.52938e-02	1.09120e-02	1.08348	5.22983	4.41310e-05
4.44381e+04	5.52747e-02	1.15163e-02	3.03501	0.77916	4.41310e-05
4.45079e+04	5.53003e-02	1.31533e-02	3.97185	4.26730	4.41310e-05
4.45778e+04	5.53064e-02	4.62898e-03	3.94353	2.98951	4.41310e-05
4.46477e+04	5.52775e-02	1.60232e-02	5.57396	0.63643	4.41310e-05
4.47176e+04	5.52836e-02	5.59028e-03	0.91695	5.08408	4.41310e-05
4.47875e+04	5.52768e-02	1.07439e-02	1.71351	4.63656	4.41310e-05
4.48573e+04	5.52737e-02	8.92744e-03	4.38438	2.93247	4.41310e-05
4.49272e+04	5.52734e-02	1.13155e-02	5.13922	3.68063	4.41310e-05
4.49971e+04	5.52509e-02	6.62248e-03	5.69114	5.21125	4.41310e-05
4.50670e+04	5.53043e-02	1.02664e-02	1.41715	5.93243	4.41310e-05
4.51369e+04	5.52939e-02	1.40693e-02	2.51637	1.74272	4.41310e-05
4.52067e+04	5.52835e-02	1.54951e-02	3.57063	4.52759	4.41310e-05
4.52766e+04	5.53181e-02	1.17691e-02	5.23793	0.90946	4.41310e-05
4.53465e+04	5.52527e-02	1.03057e-02	0.73716	4.04177	4.41310e-05
4.54164e+04	5.52184e-02	6.53560e-03	2.50675	1.55071	4.41310e-05
4.54862e+04	5.52619e-02	9.07029e-03	3.98495	6.15674	4.41310e-05
4.55561e+04	5.53005e-02	1.40689e-02	5.82672	4.70499	4.41310e-05
4.56260e+04	5.53069e-02	8.90472e-03	2.81994	2.32886	4.41310e-05
4.56959e+04	5.52592e-02	1.80153e-02	5.15187	1.46177	4.41310e-05
4.57658e+04	5.53004e-02	1.63086e-02	1.48180	0.90858	4.41310e-05
4.58356e+04	5.52976e-02	1.26087e-02	5.02228	6.16269	4.41310e-05
4.59055e+04	5.52365e-02	8.49372e-03	2.09514	5.91320	4.41310e-05
4.59754e+04	5.52576e-02	7.11122e-03	5.18875	0.09119	4.41310e-05
4.60453e+04	5.52502e-02	1.17570e-02	2.81472	0.22083	4.41310e-05
4.61152e+04	5.52446e-02	6.69835e-03	0.14153	1.21909	4.41310e-05
4.61850e+04	5.52832e-02	1.18842e-02	3.90245	2.56053	4.41310e-05
4.62549e+04	5.52375e-02	1.06251e-02	2.18866	3.76251	4.41310e-05
4.63248e+04	5.52204e-02	9.32286e-03	1.03619	4.68652	4.41310e-05
4.63947e+04	5.52624e-02	1.65548e-02	0.14392	6.02696	4.41310e-05
4.64645e+04	5.52656e-02	1.40696e-02	4.92242	2.33543	4.41310e-05
4.65344e+04	5.52514e-02	1.48898e-02	3.25392	5.40216	4.41310e-05
4.66043e+04	5.52234e-02	1.04569e-02	2.48043	1.98997	4.41310e-05
4.66742e+04	5.52310e-02	1.08156e-02	0.67452	0.20235	4.41310e-05
4.67441e+04	5.52488e-02	1.24140e-02	5.78077	4.62968	4.41310e-05
4.68139e+04	5.52696e-02	1.33350e-02	4.24492	3.55349	4.41310e-05
4.68838e+04	5.52310e-02	1.24509e-02	3.47994	2.33105	4.41310e-05
4.69537e+04	5.52282e-02	1.41775e-02	2.90496	1.23228	4.41310e-05
4.70236e+04	5.52404e-02	1.54387e-02	2.47742	0.52438	4.41310e-05
4.70935e+04	5.52090e-02	1.46964e-02	2.23190	0.19699	4.41310e-05
4.71633e+04	5.52102e-02	1.53331e-02	2.05648	0.20675	4.41310e-05
4.72332e+04	5.52164e-02	1.73065e-02	1.98439	0.74411	4.41310e-05
4.73031e+04	5.52034e-02	1.63698e-02	2.42876	1.21490	4.41310e-05
4.73730e+04	5.52041e-02	1.69054e-02	2.71529	2.40778	4.41310e-05
4.74428e+04	5.52461e-02	1.68767e-02	3.28151	3.85592	4.41310e-05
4.75127e+04	5.52157e-02	1.55547e-02	4.45979	5.12958	4.41310e-05
4.75826e+04	5.52198e-02	1.46326e-02	5.75342	0.63447	4.41310e-05
4.76525e+04	5.52385e-02	1.39955e-02	0.93693	2.71633	4.41310e-05
4.77224e+04	5.52353e-02	1.17206e-02	2.42047	5.27843	4.41310e-05
4.77922e+04	5.52072e-02	1.13154e-02	3.76033	2.28150	4.41310e-05
4.78621e+04	5.52300e-02	1.75088e-02	0.02178	4.79773	4.41310e-05
4.79320e+04	5.51943e-02	1.51765e-02	3.12871	1.10474	4.41310e-05
4.80019e+04	5.51873e-02	7.83942e-03	5.84295	4.52572	4.41310e-05
4.80718e+04	5.51671e-02	1.15853e-02	2.69245	1.80086	4.41310e-05
4.81416e+04	5.51978e-02	1.52077e-02	0.52865	4.90667	4.41310e-05
4.82115e+04	5.51930e-02	1.51731e-02	5.43057	1.44500	4.41310e-05
4.82814e+04	5.51872e-02	6.89192e-03	3.31651	5.49592	4.41310e-05
4.83513e+04	5.51865e-02	1.55168e-02	2.94475	2.03397	4.41310e-05
4.84211e+04	5.51947e-02	1.99930e-02	4.67615	3.33476	4.41310e-05
4.84910e+04	5.51796e-02	1.70167e-02	1.12682	4.03989	4.41310e-05
4.85609e+04	5.51946e-02	1.50706e-02	3.35305	5.87524	4.41310e-05
4.86308e+04	5.52106e-02	1.09160e-02	0.34653	0.74954	4.41310e-05
4.87007e+04	5.51639e-02	7.95652e-03	2.72214	3.56628	4.41310e-05
4.87705e+04	5.51896e-02	1.45768e-02	0.37705	5.20444	4.41310e-05
4.88404e+04	5.51445e-02	1.57219e-02	4.48661	0.88778	4.41310e-05
4.89103e+04	5.51883e-02	1.49540e-02	2.68194	3.03416	4.41310e-05
4.89802e+04	5.51737e-02	8.48963e-03	0.67860	5.87433	4.41310e-05
4.90500e+04	5.51850e-02	1.33410e-02	5.59855	2.35851	4.41310e-05
4.91199e+04	5.51440e-02	1.46768e-02	4.73071	5.00907	4.41310e-05
4.91898e+04	5.51902e-02	1.49189e-02	4.49094	1.21559	4.41310e-05
4.92597e+04	5.51511e-02	9.32716e-03	3.92066	4.67406	4.41310e-05
4.93296e+04	5.51678e-02	1.57051e-02	3.94997	1.57973	4.41310e-05
4.93994e+04	5.51663e-02	1.45309e-02	5.04524	4.21954	4.41310e-05
4.94693e+04	5.51844e-02	9.98427e-03	4.93660	2.30306	4.41310e-05
4.95392e+04	5.51664e-02	1.90121e-02	0.35351	5.36259	4.41310e-05
4.96091e+04	5.51535e-02	8.74214e-03	2.95415	1.70488	4.41310e-05
4.96790e+04	5.51569e-02	1.02008e-02	1.50046	2.72572	4.41310e-05
4.97488e+04	5.51258e-02	1.18639e-02	1.32409	2.79882	4.41310e-05
4.98187e+04	5.51758e-02	1.88287e-02	2.17383	2.49672	4.41310e-05
4.98886e+04	5.51074e-02	1.37450e-02	2.52068	3.18021	4.41310e-05
4.99585e+04	5.51574e-02	6.53661e-03	3.40996	3.77713	4.41310e-05
5.00283e+04	5.51138e-02	9.95785e-03	3.61870	5.57280	4.41310e-05
5.00982e+04	5.51846e-02	1.70437e-02	5.62072	6.02439	4.41310e-05
5.01681e+04	5.51437e-02	1.24143e-02	2.01337	0.23930	4.41310e-05
5.02380e+04	5.51169e-02	7.23124e-03	5.17343	0.57333	4.41310e-05
5.03079e+04	5.51218e-02	1.01801e-02	4.51974	5.46799	4.41310e-05
5.03777e+04	5.51195e-02	6.20050e-03	5.42442	2.78772	4.41310e-05
5.04476e+04	5.51312e-02	8.81435e-03	1.10459	6.03877	4.41310e-05
5.05175e+04	5.51429e-02	5.85061e-03	2.39229	4.06831	4.41310e-05
5.05874e+04	5.51149e-02	1.25405e-02	1.62714	4.48378	4.41310e-05
5.06573e+04	5.51302e-02	1.58734e-02	1.52245	4.79855	4.41310e-05
5.07271e+04	5.51050e-02	6.66177e-03	1.09557	5.91203	4.41310e-05
5.07970e+04	5.51096e-02	1.18395e-02	0.63803	1.23899	4.41310e-05
5.08669e+04	5.51401e-02	1.64050e-02	2.83657	0.63230	4.41310e-05
5.09368e+04	5.51360e-02	1.15169e-02	4.41066	1.19319	4.41310e-05
5.10066e+04	5.51309e-02	1.41006e-02	4.07618	4.20122	4.41310e-05
5.10765e+04	5.51347e-02	1.75026e-02	5.33016	6.21191	4.41310e-05
5.11464e+04	5.51078e-02	1.29669e-02	3.24264	5.80532	4.41310e-05
5.12163e+04	5.50885e-02	1.25281e-02	2.40736	4.56181	4.41310e-05
5.12862e+04	5.51072e-02	1.63224e-02	0.52739	4.92771	4.41310e-05
5.13560e+04	5.51371e-02	1.15091e-02	5.56018	5.35033	4.41310e-05
5.14259e+04	5.51102e-02	8.23628e-03	4.15808	0.00711	4.41310e-05
5.14958e+04	5.51237e-02	1.72252e-02	3.33473	0.78880	4.41310e-05
5.15657e+04	5.51052e-02	2.08700e-02	2.26584	2.45368	4.41310e-05
5.16356e+04	5.51000e-02	1.73325e-02	0.54096	5.02490	4.41310e-05
5.17054e+04	5.51348e-02	1.78018e-02	4.82802	2.04810	4.41310e-05
5.17753e+04	5.50870e-02	2.01095e-02	3.46479	5.03773	4.41310e-05
5.18452e+04	5.51141e-02	1.36131e-02	1.78875	2.59252	4.41310e-05
5.19151e+04	5.50904e-02	1.22264e-02	0.64819	0.08320	4.41310e-05
5.19849e+04	5.51137e-02	1.34567e-02	4.17883	5.89938	4.41310e-05
5.20548e+04	5.50884e-02	1.82015e-02	2.34565	5.02270	4.41310e-05
5.21247e+04	5.51035e-02	1.43903e-02	1.19614	3.86907	4.41310e-05
5.21946e+04	5.50754e-02	7.30820e-03	5.00916	4.69406	4.41310e-05
5.22645e+04	5.51008e-02	1.72804e-02	2.89276	5.49062	4.41310e-05
5.23343e+04	5.51018e-02	1.62379e-02	6.11263	1.54078	4.41310e-05
5.24042e+04	5.50805e-02	1.74439e-02	5.85139	1.50450	4.41310e-05
5.24741e+04	5.50970e-02	1.58324e-02	4.91594	2.82934	4.41310e-05
5.25440e+04	5.50837e-02	1.95372e-02	5.64687	3.00461	4.41310e-05
5.26139e+04	5.50730e-02	1.75244e-02	3.61741	0.05526	4.41310e-05
5.26837e+04	5.50986e-02	1.56994e-02	1.42720	4.04810	4.41310e-05
5.27536e+04	5.50444e-02	1.40386e-02	1.89339	5.87364	4.41310e-05
5.28235e+04	5.50747e-02	1.50484e-02	0.11462	4.14021	4.41310e-05
5.28934e+04	5.50882e-02	1.59543e-02	4.74169	2.64023	4.41310e-05
5.29632e+04	5.50797e-02	1.94148e-02	2.89516	1.90663	4.41310e-05
5.30331e+04	5.50861e-02	2.02897e-02	0.88908	1.60563	4.41310e-05
5.31030e+04	5.50763e-02	1.76601e-02	5.75256	1.30168	4.41310e-05
5.31729e+04	5.51055e-02	1.45906e-02	4.20827	1.38715	4.41310e-05
5.32428e+04	5.50682e-02	1.19242e-02	2.62114	2.05535	4.41310e-05
5.33126e+04	5.51034e-02	1.85073e-02	1.01650	3.01164	4.41310e-05
5.33825e+04	5.50596e-02	2.28089e-02	6.10389	4.03675	4.41310e-05
5.34524e+04	5.50770e-02	1.91096e-02	5.00289	5.39066	4.41310e-05
5.35223e+04	5.50175e-02	1.11356e-02	3.11323	1.76448	4.41310e-05
5.35922e+04	5.50372e-02	1.99067e-02	2.38691	3.77538	4.41310e-05
5.36620e+04	5.50214e-02	1.39050e-02	1.37027	0.11614	4.41310e-05
5.37319e+04	5.50659e-02	1.96138e-02	6.05040	3.76031	4.41310e-05
5.38018e+04	5.50660e-02	1.49206e-02	4.96719	0.94995	4.41310e-05
5.38717e+04	5.50869e-02	1.85200e-02	4.36768	4.59069	4.41310e-05
5.39415e+04	5.50352e-02	1.63311e-02	3.07004	2.97141	4.41310e-05
5.40114e+04	5.50582e-02	1.57399e-02	2.53132	1.11164	4.41310e-05
5.40813e+04	5.50369e-02	1.83245e-02	1.67249	6.24683	4.41310e-05
5.41512e+04	5.50325e-02	1.88420e-02	1.07477	5.45509	4.41310e-05
5.42211e+04	5.50401e-02	1.55917e-02	0.75661	4.53894	4.41310e-05
5.42909e+04	5.50359e-02	1.43616e-02	0.81474	3.79149	4.41310e-05
5.43608e+04	5.50406e-02	1.77224e-02	0.21617	3.83435	4.41310e-05
5.44307e+04	5.50119e-02	1.89851e-02	0.13379	3.92389	4.41310e-05
5.45006e+04	5.50422e-02	2.26103e-02	6.25647	4.30367	4.41310e-05
5.45705e+04	5.50335e-02	2.19605e-02	5.97350	5.21768	4.41310e-05
5.46403e+04	5.50306e-02	2.26516e-02	5.87147	6.25769	4.41310e-05
5.47102e+04	5.50468e-02	2.45081e-02	6.10828	1.21296	4.41310e-05
5.47801e+04	5.50200e-02	2.49087e-02	0.04457	2.72117	4.41310e-05
5.48500e+04	5.50644e-02	2.44093e-02	0.54125	4.38100	4.41310e-05
5.49198e+04	5.50315e-02	1.82754e-02	1.05689	0.13872	4.41310e-05
5.49897e+04	5.49968e-02	1.39758e-02	1.13646	2.94815	4.41310e-05
5.50596e+04	5.50175e-02	1.58417e-02	1.68117	5.80631	4.41310e-05
5.51295e+04	5.50393e-02	2.21339e-02	1.92006	2.93444	4.41310e-05
5.51994e+04	5.50454e-02	2.35661e-02	2.90412	6.02028	4.41310e-05
5.52692e+04	5.50002e-02	1.06422e-02	3.76207	3.38255	4.41310e-05
5.53391e+04	5.50392e-02	2.47467e-02	4.13844	1.49548	4.41310e-05
5.54090e+04	5.50190e-02	1.67362e-02	5.45864	5.34522	4.41310e-05
5.54789e+04	5.50202e-02	1.76365e-02	5.94763	4.06893	4.41310e-05
5.55488e+04	5.50296e-02	2.41360e-02	1.07480	2.29168	4.41310e-05
5.56186e+04	5.49914e-02	1.66565e-02	1.65950	1.65858	4.41310e-05
5.56885e+04	5.50011e-02	1.99534e-02	3.60595	0.06063	4.41310e-05
5.57584e+04	5.50361e-02	1.91475e-02	4.46078	6.19796	4.41310e-05
5.58283e+04	5.50178e-02	2.05431e-02	0.22783	5.26062	4.41310e-05
5.58981e+04	5.50142e-02	2.61039e-02	1.29197	5.62481	4.41310e-05
5.59680e+04	5.50251e-02	1.73444e-02	2.84944	5.91153	4.41310e-05
5.60379e+04	5.49988e-02	1.98571e-02	5.06382	5.88176	4.41310e-05
5.61078e+04	5.50092e-02	2.60273e-02	0.53314	0.40689	4.41310e-05
5.61777e+04	5.50146e-02	2.55942e-02	2.06926	1.68466	4.41310e-05
5.62475e+04	5.50205e-02	1.95177e-02	4.48844	2.57535	4.41310e-05
5.63174e+04	5.50127e-02	1.78456e-02	0.57276	3.74890	4.41310e-05
5.63873e+04	5.49896e-02	1.97243e-02	3.19791	5.13923	4.41310e-05
5.64572e+04	5.50261e-02	2.26172e-02	5.21763	1.05989	4.41310e-05
5.65270e+04	5.50255e-02	2.57271e-02	1.44624	3.23744	4.41310e-05
5.65969e+04	5.49899e-02	2.54299e-02	4.09297	5.58169	4.41310e-05
5.66668e+04	5.50095e-02	2.40941e-02	0.53307	1.92117	4.41310e-05
5.67367e+04	5.49797e-02	2.53809e-02	3.25780	4.81790	4.41310e-05
5.68066e+04	5.50076e-02	2.65891e-02	0.12054	1.39663	4.41310e-05
5.68764e+04	5.50164e-02	2.38793e-02	3.41268	4.50739	4.41310e-05
5.69463e+04	5.49939e-02	2.61261e-02	0.40106	1.61310	4.41310e-05
5.70162e+04	5.49961e-02	2.23701e-02	3.94925	5.10894	4.41310e-05
5.70861e+04	5.49538e-02	2.08561e-02	1.25415	2.59257	4.41310e-05
5.71560e+04	5.49965e-02	1.55101e-02	4.51388	0.73322	4.41310e-05
5.72258e+04	5.49638e-02	2.04444e-02	1.93947	5.05168	4.41310e-05
5.72957e+04	5.50000e-02	2.58819e-02	5.78748	3.27613	4.41310e-05
5.73656e+04	5.49696e-02	2.35265e-02	3.90189	1.26202	4.41310e-05
5.74355e+04	5.49888e-02	2.11575e-02	1.85044	6.04959	4.41310e-05
5.75053e+04	5.49802e-02	2.12518e-02	5.68660	5.33744	4.41310e-05
5.75752e+04	5.49983e-02	2.38935e-02	4.02776	4.08121	4.41310e-05
5.76451e+04	5.50060e-02	2.08824e-02	2.75682	2.82624	4.41310e-05
5.77150e+04	5.49603e-02	2.21321e-02	0.75685	2.64185	4.41310e-05
5.77849e+04	5.49930e-02	2.83941e-02	5.70497	2.03999	4.41310e-05
5.78547e+04	5.50042e-02	1.88081e-02	4.45279	1.72046	4.41310e-05
5.79246e+04	5.49983e-02	2.62315e-02	3.16816	1.81346	4.41310e-05
5.79945e+04	5.49535e-02	1.90584e-02	2.42254	1.59912	4.41310e-05
5.80644e+04	5.49899e-02	2.34689e-02	1.13487	2.26641	4.41310e-05
5.81343e+04	5.49801e-02	1.92048e-02	0.96298	2.16556	4.41310e-05
5.82041e+04	5.49965e-02	2.47333e-02	0.01299	3.16590	4.41310e-05
5.82740e+04	5.49940e-02	1.82258e-02	6.11596	3.66285	4.41310e-05
5.83439e+04	5.49790e-02	2.65358e-02	5.69805	4.78108	4.41310e-05
5.84138e+04	5.49469e-02	1.85199e-02	5.48312	5.95625	4.41310e-05
5.84836e+04	5.49511e-02	2.59159e-02	5.72130	0.70784	4.41310e-05
5.85535e+04	5.49460e-02	2.59725e-02	5.60845	2.43700	4.41310e-05
5.86234e+04	5.49376e-02	2.08831e-02	0.03867	3.65440	4.41310e-05
5.86933e+04	5.49744e-02	2.69823e-02	0.57821	5.38727	4.41310e-05
5.87632e+04	5.49551e-02	2.37090e-02	0.90241	1.34227	4.41310e-05
5.88330e+04	5.49663e-02	2.04487e-02	1.72791	3.33935	4.41310e-05
5.89029e+04	5.49813e-02	2.63623e-02	3.01070	5.23253	4.41310e-05
5.89728e+04	5.49888e-02	2.75027e-02	4.02631	1.42212	4.41310e-05
5.90427e+04	5.49808e-02	2.34380e-02	4.99908	4.24236	4.41310e-05
5.91126e+04	5.49705e-02	2.15665e-02	0.27801	0.49549	4.41310e-05
5.91824e+04	5.49599e-02	2.12760e-02	2.20270	2.96790	4.41310e-05
5.92523e+04	5.49510e-02	2.42828e-02	3.94069	5.94999	4.41310e-05
5.93222e+04	5.49559e-02	2.98057e-02	5.79504	2.82901	4.41310e-05
5.93921e+04	5.49339e-02	2.53529e-02	1.37486	6.26416	4.41310e-05
5.94619e+04	5.49495e-02	2.66342e-02	3.60448	3.43055	4.41310e-05
5.95318e+04	5.49421e-02	2.25503e-02	6.18526	0.54788	4.41310e-05
5.96017e+04	5.49700e-02	2.32352e-02	2.43917	4.20495	4.41310e-05
5.96716e+04	5.49983e-02	2.02738e-02	5.26770	1.55078	4.41310e-05
5.97415e+04	5.49360e-02	2.13826e-02	1.79931	5.53765	4.41310e-05
5.98113e+04	5.49433e-02	1.89311e-02	5.18389	3.06679	4.41310e-05
5.98812e+04	5.49346e-02	2.17398e-02	2.16906	0.95143	4.41310e-05
5.99511e+04	5.49657e-02	1.94178e-02	5.53354	5.27666	4.41310e-05
6.00210e+04	5.49652e-02	2.14871e-02	2.94505	3.32612	4.41310e-05
6.00909e+04	5.49656e-02	2.20841e-02	0.10765	1.85697	4.41310e-05
6.01607e+04	5.49323e-02	1.94763e-02	4.24362	0.09084	4.41310e-05
6.02306e+04	5.49266e-02	2.49549e-02	2.13653	4.89380	4.41310e-05
6.03005e+04	5.49413e-02	2.60084e-02	0.08588	3.57203	4.41310e-05
6.03704e+04	5.49173e-02	2.49524e-02	4.56120	2.25741	4.41310e-05
6.04402e+04	5.49497e-02	2.91884e-02	3.07664	0.98757	4.41310e-05
6.05101e+04	5.49689e-02	3.10580e-02	1.64198	6.17048	4.41310e-05
6.05800e+04	5.49198e-02	2.44335e-02	0.54108	5.15420	4.41310e-05
6.06499e+04	5.49575e-02	2.19011e-02	5.88763	4.25742	4.41310e-05
6.07198e+04	5.49423e-02	2.14662e-02	4.74784	3.71977	4.41310e-05
6.07896e+04	5.49220e-02	2.70181e-02	3.77093	3.37134	4.41310e-05
6.08595e+04	5.49505e-02	3.19364e-02	3.32351	2.80541	4.41310e-05
6.09294e+04	5.49126e-02	2.63323e-02	3.23314	2.22480	4.41310e-05
6.09993e+04	5.49342e-02	2.04938e-02	3.05758	2.03035	4.41310e-05
6.10692e+04	5.49504e-02	2.23557e-02	2.59815	2.22024	4.41310e-05
6.11390e+04	5.49078e-02	2.89758e-02	3.07362	2.00608	4.41310e-05
6.12089e+04	5.49251e-02	2.49970e-02	3.69955	1.87309	4.41310e-05
6.12788e+04	5.49238e-02	2.17825e-02	3.81473	2.48595	4.41310e-05
6.13487e+04	5.49527e-02	3.11575e-02	4.68493	2.70936	4.41310e-05
6.14185e+04	5.49296e-02	2.82078e-02	5.86874	2.81323	4.41310e-05
6.14884e+04	5.49475e-02	2.40106e-02	0.64901	3.39901	4.41310e-05
6.15583e+04	5.49267e-02	3.04536e-02	1.84974	4.08290	4.41310e-05
6.16282e+04	5.49200e-02	2.75722e-02	3.48958	4.53941	4.41310e-05
6.16981e+04	5.49218e-02	2.30774e-02	5.07254	5.66527	4.41310e-05
6.17679e+04	5.49117e-02	3.04385e-02	2.42893	5.87695	4.41310e-05
6.18378e+04	5.49096e-02	2.49289e-02	4.69883	0.35874	4.41310e-05
6.19077e+04	5.49011e-02	2.67046e-02	0.89930	1.47142	4.41310e-05
6.19776e+04	5.49504e-02	2.45943e-02	4.63547	2.03046	4.41310e-05
6.20475e+04	5.48775e-02	2.80460e-02	1.64781	3.29260	4.41310e-05
6.21173e+04	5.49482e-02	2.80226e-02	5.95563	3.86045	4.41310e-05
6.21872e+04	5.49096e-02	2.66959e-02	2.93557	5.32936	4.41310e-05
6.22571e+04	5.49220e-02	2.79392e-02	0.86226	0.05785	4.41310e-05
6.23270e+04	5.49218e-02	2.55303e-02	3.62998	2.16369	4.41310e-05
6.23968e+04	5.49005e-02	2.82923e-02	1.37803	3.38097	4.41310e-05
6.24667e+04	5.49257e-02	3.07181e-02	5.35245	5.37657	4.41310e-05
6.25366e+04	5.49248e-02	2.99349e-02	4.61838	0.03147	4.41310e-05
6.26065e+04	5.48637e-02	2.65215e-02	3.11699	2.05032	4.41310e-05
6.26764e+04	5.48989e-02	2.24345e-02	4.04320	2.67544	4.41310e-05
6.27462e+04	5.48690e-02	3.02509e-02	3.32209	4.61528	4.41310e-05
6.28161e+04	5.49180e-02	2.32445e-02	1.49389	0.67909	4.41310e-05
6.28860e+04	5.49282e-02	3.51616e-02	0.63423	2.58471	4.41310e-05
6.29559e+04	5.48755e-02	2.43817e-02	5.34625	5.31833	4.41310e-05
6.30257e+04	5.49215e-02	2.63476e-02	1.15045	0.00788	4.41310e-05
6.30956e+04	5.49184e-02	3.12865e-02	1.05003	2.50637	4.41310e-05
6.31655e+04	5.48934e-02	2.27606e-02	2.98041	4.17089	4.41310e-05
6.32354e+04	5.48961e-02	2.83595e-02	3.67815	0.09614	4.41310e-05
6.33053e+04	5.49312e-02	2.77676e-02	5.18645	2.44454	4.41310e-05
6.33751e+04	5.49077e-02	2.85514e-02	0.48927	4.58042	4.41310e-05
6.34450e+04	5.48727e-02	2.56863e-02	2.03141	0.49294	4.41310e-05
6.35149e+04	5.49154e-02	3.08605e-02	4.10479	2.97890	4.41310e-05
6.35848e+04	5.48942e-02	2.51607e-02	5.65562	5.36909	4.41310e-05
6.36547e+04	5.48692e-02	3.30007e-02	0.83076	2.09919	4.41310e-05
6.37245e+04	5.48936e-02	2.99630e-02	2.49390	5.12575	4.41310e-05
6.37944e+04	5.48836e-02	2.02695e-02	4.43465	1.25715	4.41310e-05
6.38643e+04	5.49068e-02	3.51345e-02	0.86640	4.19996	4.41310e-05
6.39342e+04	5.49131e-02	3.26817e-02	3.88501	0.82581	4.41310e-05
6.40040e+04	5.48798e-02	1.94466e-02	0.90800	3.34080	4.41310e-05
6.40739e+04	5.48820e-02	3.40587e-02	3.04400	0.34663	4.41310e-05
6.41438e+04	5.48653e-02	3.41771e-02	6.05131	3.82762	4.41310e-05
6.42137e+04	5.48824e-02	3.43749e-02	6.14576	2.14665	4.41310e-05
6.42836e+04	5.48945e-02	2.63106e-02	2.03091	6.09498	4.41310e-05
6.43534e+04	5.49183e-02	2.27437e-02	0.03733	2.71747	4.41310e-05
6.44233e+04	5.48785e-02	3.45171e-02	3.72315	6.11732	4.41310e-05
6.44932e+04	5.48770e-02	3.65193e-02	0.60691	3.92418	4.41310e-05
6.45631e+04	5.48500e-02	2.48996e-02	5.20155	1.09714	4.41310e-05
6.46330e+04	5.48654e-02	2.82132e-02	4.23504	4.41313	4.41310e-05
6.47028e+04	5.48397e-02	3.20928e-02	2.58661	2.01897	4.41310e-05
6.47727e+04	5.48724e-02	3.42153e-02	1.11768	5.98067	4.41310e-05
6.48426e+04	5.48682e-02	2.45492e-02	0.62953	3.27760	4.41310e-05
6.49125e+04	5.48877e-02	2.98744e-02	0.18993	0.61131	4.41310e-05
6.49823e+04	5.48999e-02	2.55057e-02	6.23520	4.46629	4.41310e-05
6.50522e+04	5.48615e-02	2.84126e-02	0.51238	1.65284	4.41310e-05
6.51221e+04	5.48544e-02	3.00906e-02	1.08288	5.63347	4.41310e-05
6.51920e+04	5.48596e-02	2.84905e-02	2.30243	2.95505	4.41310e-05
6.52619e+04	5.48254e-02	2.65413e-02	3.78300	0.59360	4.41310e-05
6.53317e+04	5.48723e-02	2.53341e-02	4.96255	4.40910	4.41310e-05
6.54016e+04	5.48631e-02	2.70540e-02	6.04262	2.29961	4.41310e-05
6.54715e+04	5.48542e-02	2.62604e-02	1.15576	6.18282	4.41310e-05
6.55414e+04	5.48468e-02	3.44016e-02	2.21009	4.23847	4.41310e-05
6.56113e+04	5.48733e-02	3.10832e-02	3.92310	2.29451	4.41310e-05
6.56811e+04	5.48883e-02	3.71960e-02	6.10140	0.23030	4.41310e-05
6.57510e+04	5.48757e-02	3.02145e-02	1.38278	4.89557	4.41310e-05
6.58209e+04	5.48791e-02	1.93383e-02	4.15859	2.50899	4.41310e-05
6.58908e+04	5.48524e-02	2.49938e-02	5.91703	0.85298	4.41310e-05
6.59606e+04	5.48443e-02	2.19335e-02	2.87031	5.28720	4.41310e-05
6.60305e+04	5.48790e-02	2.98024e-02	5.83777	3.48451	4.41310e-05
6.61004e+04	5.48614e-02	3.34500e-02	3.04563	1.97543	4.41310e-05
6.61703e+04	5.48527e-02	2.69680e-02	0.27442	0.40702	4.41310e-05
6.62402e+04	5.48780e-02	2.93528e-02	5.48308	4.08109	4.41310e-05
6.63100e+04	5.48640e-02	2.97655e-02	4.16451	2.38183	4.41310e-05
6.63799e+04	5.49028e-02	2.76665e-02	2.58729	0.91388	4.41310e-05
6.64498e+04	5.48796e-02	3.46185e-02	1.03025	5.69789	4.41310e-05
6.65197e+04	5.48730e-02	2.95521e-02	5.13770	4.46485	4.41310e-05
6.65896e+04	5.48512e-02	2.52780e-02	3.67160	2.84932	4.41310e-05
6.66594e+04	5.48417e-02	3.09553e-02	3.18038	1.43319	4.41310e-05
6.67293e+04	5.48431e-02	3.15557e-02	2.38170	0.17744	4.41310e-05
6.67992e+04	5.48594e-02	3.01249e-02	0.13971	5.73616	4.41310e-05
6.68691e+04	5.48276e-02	2.67469e-02	5.87031	4.42620	4.41310e-05
6.69389e+04	5.48565e-02	3.29623e-02	4.98877	3.43167	4.41310e-05
6.70088e+04	5.48447e-02	3.29507e-02	4.19491	2.62285	4.41310e-05
6.70787e+04	5.48440e-02	2.87527e-02	4.52375	1.54162	4.41310e-05
6.71486e+04	5.48252e-02	2.54903e-02	5.13426	0.40867	4.41310e-05
6.72185e+04	5.48689e-02	3.51367e-02	5.26915	5.74541	4.41310e-05
6.72883e+04	5.48149e-02	3.39436e-02	5.76049	5.00179	4.41310e-05
6.73582e+04	5.48886e-02	3.01128e-02	6.11858	4.26183	4.41310e-05
6.74281e+04	5.48547e-02	2.94669e-02	1.14046	3.23124	4.41310e-05
6.74980e+04	5.48357e-02	3.63690e-02	2.05355	2.47315	4.41310e-05
6.75679e+04	5.48449e-02	4.18975e-02	2.74955	1.91845	4.41310e-05
6.76377e+04	5.48525e-02	3.39417e-02	5.51527	0.73188	4.41310e-05
6.77076e+04	5.48238e-02	2.88696e-02	1.74692	5.84840	4.41310e-05
6.77775e+04	5.48061e-02	3.55228e-02	4.77476	4.94956	4.41310e-05
6.78474e+04	5.48154e-02	3.92272e-02	6.27357	4.63028	4.41310e-05
6.79172e+04	5.48156e-02	3.42802e-02	2.88586	3.96491	4.41310e-05
6.79871e+04	5.48356e-02	2.78699e-02	5.96316	3.34784	4.41310e-05
6.80570e+04	5.48108e-02	2.36804e-02	2.90972	2.68491	4.41310e-05
6.81269e+04	5.48083e-02	2.83077e-02	6.04777	2.36539	4.41310e-05
6.81968e+04	5.48246e-02	3.43120e-02	3.96214	1.67908	4.41310e-05
6.82666e+04	5.48087e-02	3.17636e-02	2.72416	0.89240	4.41310e-05
6.83365e+04	5.48052e-02	3.11274e-02	1.18590	0.29824	4.41310e-05
6.84064e+04	5.48084e-02	3.23202e-02	0.69655	5.37892	4.41310e-05
6.84763e+04	5.48159e-02	3.56667e-02	0.24253	4.43366	4.41310e-05
6.85462e+04	5.47991e-02	3.61529e-02	5.89876	3.79769	4.41310e-05
6.86160e+04	5.48292e-02	3.50569e-02	5.64893	3.08598	4.41310e-05
6.86859e+04	5.47948e-02	2.66606e-02	4.61705	2.77065	4.41310e-05
6.87558e+04	5.48231e-02	2.33401e-02	4.49059	2.29160	4.41310e-05
6.88257e+04	5.48036e-02	2.28034e-02	4.53227	2.23773	4.41310e-05
6.88955e+04	5.48360e-02	2.93485e-02	4.97374	2.02814	4.41310e-05
6.89654e+04	5.48089e-02	3.06820e-02	6.01511	1.36834	4.41310e-05
6.90353e+04	5.47777e-02	3.00955e-02	1.88047	0.44471	4.41310e-05
6.91052e+04	5.47856e-02	3.32585e-02	1.19660	0.69269	4.41310e-05
6.91751e+04	5.47936e-02	3.48027e-02	1.86552	0.49959	4.41310e-05
6.92449e+04	5.47840e-02	3.09240e-02	3.07769	0.43898	4.41310e-05
6.93148e+04	5.48097e-02	2.80198e-02	4.77895	0.63388	4.41310e-05
6.93847e+04	5.47920e-02	3.29771e-02	0.34701	0.93317	4.41310e-05
6.94546e+04	5.47839e-02	3.87683e-02	2.61033	0.78687	4.41310e-05
6.95245e+04	5.48209e-02	4.27027e-02	4.29512	0.74605	4.41310e-05
6.95943e+04	5.48333e-02	3.42838e-02	1.15168	0.34243	4.41310e-05
6.96642e+04	5.48109e-02	2.51559e-02	3.12422	0.76487	4.41310e-05
6.97341e+04	5.47846e-02	2.81717e-02	5.68055	0.98541	4.41310e-05
6.98040e+04	5.48013e-02	3.33894e-02	1.50911	1.47406	4.41310e-05
6.98738e+04	5.48258e-02	3.75178e-02	3.67386	1.82771	4.41310e-05
6.99437e+04	5.47803e-02	3.39113e-02	2.05740	1.56736	4.41310e-05
7.00136e+04	5.47663e-02	2.28087e-02	4.77542	2.11958	4.41310e-05
7.00835e+04	5.47955e-02	2.46798e-02	1.90565	3.03729	4.41310e-05
7.01534e+04	5.47920e-02	3.32216e-02	0.56479	3.35674	4.41310e-05
7.02232e+04	5.47955e-02	3.65552e-02	5.77963	3.19251	4.41310e-05
7.02931e+04	5.48201e-02	3.41096e-02	4.73747	3.37975	4.41310e-05
7.03630e+04	5.48115e-02	3.56538e-02	3.58110	3.86771	4.41310e-05
7.04329e+04	5.48400e-02	3.22145e-02	3.07688	4.13449	4.41310e-05
7.05027e+04	5.47818e-02	3.61596e-02	2.80486	4.29309	4.41310e-05
7.05726e+04	5.47928e-02	4.11630e-02	1.90566	4.78634	4.41310e-05
7.06425e+04	5.48334e-02	3.99025e-02	4.56902	4.64422	4.41310e-05
7.07124e+04	5.48031e-02	3.07356e-02	3.77239	5.21190	4.41310e-05
7.07823e+04	5.48114e-02	2.60803e-02	3.89052	5.88020	4.41310e-05
7.08521e+04	5.47848e-02	3.49835e-02	2.85089	0.64668	4.41310e-05
7.09220e+04	5.48030e-02	3.69192e-02	4.18804	0.99760	4.41310e-05
7.09919e+04	5.47768e-02	3.47005e-02	6.21622	1.28535	4.41310e-05
7.10618e+04	5.47991e-02	3.01076e-02	1.06419	1.90531	4.41310e-05
7.11317e+04	5.47964e-02	2.96005e-02	2.77551	2.55116	4.41310e-05
7.12015e+04	5.48024e-02	3.41194e-02	5.84450	2.79077	4.41310e-05
7.12714e+04	5.47782e-02	3.28874e-02	2.43129	3.39767	4.41310e-05
7.13413e+04	5.47859e-02	2.74610e-02	3.94662	4.48004	4.41310e-05
7.14112e+04	5.47657e-02	3.18660e-02	1.02694	4.97029	4.41310e-05
7.14810e+04	5.47370e-02	2.82682e-02	3.90384	5.73544	4.41310e-05
7.15509e+04	5.47832e-02	3.51188e-02	0.53632	0.08541	4.41310e-05
7.16208e+04	5.47618e-02	3.99509e-02	2.29545	1.10413	4.41310e-05
7.16907e+04	5.47813e-02	3.64532e-02	5.66435	1.88910	4.41310e-05
7.17606e+04	5.47972e-02	3.55252e-02	2.03460	3.10601	4.41310e-05
7.18304e+04	5.48091e-02	4.41240e-02	0.14264	3.82717	4.41310e-05
7.19003e+04	5.47721e-02	4.17668e-02	5.34579	4.22433	4.41310e-05
7.19702e+04	5.47947e-02	2.83737e-02	3.50096	5.09744	4.41310e-05
7.20401e+04	5.47687e-02	4.51657e-02	1.72853	6.13284	4.41310e-05
7.21100e+04	5.47435e-02	4.60513e-02	5.93741	0.39660	4.41310e-05
7.21798e+04	5.48132e-02	3.51660e-02	5.07756	0.95628	4.41310e-05
7.22497e+04	5.47634e-02	2.96388e-02	3.68477	2.42699	4.41310e-05
7.23196e+04	5.47880e-02	3.91876e-02	1.56262	3.73791	4.41310e-05
7.23895e+04	5.47939e-02	1.83229e-02	5.66304	5.12453	4.41310e-05
7.24593e+04	5.47703e-02	3.50426e-02	2.54944	1.25980	4.41310e-05
7.25292e+04	5.47861e-02	4.05175e-02	2.24573	2.14481	4.41310e-05
7.25991e+04	5.47879e-02	3.08727e-02	2.69102	3.16347	4.41310e-05
7.26690e+04	5.47565e-02	3.63495e-02	2.50167	4.64162	4.41310e-05
7.27389e+04	5.47402e-02	4.35687e-02	3.83529	5.51072	4.41310e-05
7.28087e+04	5.47564e-02	3.92908e-02	5.59482	0.19512	4.41310e-05
7.28786e+04	5.47829e-02	3.59388e-02	0.34519	1.57666	4.41310e-05
7.29485e+04	5.47453e-02	3.60547e-02	1.59522	2.87822	4.41310e-05
7.30184e+04	5.47620e-02	3.59858e-02	4.05138	3.64843	4.41310e-05
7.30883e+04	5.47594e-02	2.73947e-02	0.61106	4.15599	4.41310e-05
7.31581e+04	5.47572e-02	2.40940e-02	1.21141	0.13756	4.41310e-05
7.32280e+04	5.47912e-02	3.61028e-02	2.79783	1.44495	4.41310e-05
7.32979e+04	5.47589e-02	2.92846e-02	4.86870	2.44267	4.41310e-05
7.33678e+04	5.47880e-02	3.11323e-02	5.84545	4.82959	4.41310e-05
7.34376e+04	5.47484e-02	4.64764e-02	2.62689	5.97010	4.41310e-05
7.35075e+04	5.47219e-02	3.62308e-02	6.02755	0.81156	4.41310e-05
7.35774e+04	5.47577e-02	3.25418e-02	2.65090	2.82628	4.41310e-05
7.36473e+04	5.47642e-02	3.52527e-02	0.20321	3.92827	4.41310e-05
7.37172e+04	5.47807e-02	1.97122e-02	2.53853	6.09315	4.41310e-05
7.37870e+04	5.47412e-02	3.88612e-02	0.17076	1.64020	4.41310e-05
7.38569e+04	5.47753e-02	3.95940e-02	4.48768	2.62854	4.41310e-05
7.39268e+04	5.47377e-02	3.21338e-02	1.25445	4.93676	4.41310e-05
7.39967e+04	5.47449e-02	4.27707e-02	5.68221	0.40138	4.41310e-05
7.40666e+04	5.47523e-02	2.84422e-02	5.53066	1.52698	4.41310e-05
7.41364e+04	5.47342e-02	3.20674e-02	2.50568	4.36322	4.41310e-05
7.42063e+04	5.47349e-02	2.99694e-02	2.61141	5.74737	4.41310e-05
7.42762e+04	5.47626e-02	3.94180e-02	1.28872	1.58726	4.41310e-05
7.43461e+04	5.47599e-02	4.09645e-02	0.84583	3.19888	4.41310e-05
7.44159e+04	5.47390e-02	2.59756e-02	1.04649	5.08726	4.41310e-05
7.44858e+04	5.47477e-02	2.90694e-02	1.20956	0.69943	4.41310e-05
7.45557e+04	5.47411e-02	3.18398e-02	0.80285	2.91103	4.41310e-05
7.46256e+04	5.47404e-02	4.00608e-02	0.85153	4.87144	4.41310e-05
7.46955e+04	5.47364e-02	4.05351e-02	1.35808	0.34115	4.41310e-05
7.47653e+04	5.47412e-02	2.68554e-02	1.84188	2.44868	4.41310e-05
7.48352e+04	5.47466e-02	2.91222e-02	2.48344	4.58088	4.41310e-05
7.49051e+04	5.47468e-02	3.57555e-02	3.08055	0.63020	4.41310e-05
7.49750e+04	5.47394e-02	4.20774e-02	4.80483	2.47521	4.41310e-05
7.50449e+04	5.47337e-02	3.14310e-02	0.92656	4.26938	4.41310e-05
7.51147e+04	5.47391e-02	3.08653e-02	2.83162	0.47909	4.41310e-05
7.51846e+04	5.47153e-02	2.94257e-02	5.04304	2.39578	4.41310e-05
7.52545e+04	5.47330e-02	4.06372e-02	0.68981	4.90990	4.41310e-05
7.53244e+04	5.47617e-02	4.43746e-02	4.31269	0.18403	4.41310e-05
7.53942e+04	5.47573e-02	2.07435e-02	0.51565	2.74828	4.41310e-05
7.54641e+04	5.46891e-02	3.56879e-02	3.95772	5.14685	4.41310e-05
7.55340e+04	5.47699e-02	4.09380e-02	2.21011	0.50130	4.41310e-05
7.56039e+04	5.47244e-02	3.12598e-02	5.54180	2.97837	4.41310e-05
7.56738e+04	5.47310e-02	3.90967e-02	3.88584	4.92113	4.41310e-05
7.57436e+04	5.47474e-02	2.53935e-02	0.98156	1.44623	4.41310e-05
7.58135e+04	5.47142e-02	4.43351e-02	6.07159	3.55323	4.41310e-05
7.58834e+04	5.47270e-02	3.64416e-02	4.76425	5.50218	4.41310e-05
7.59533e+04	5.47265e-02	3.28698e-02	2.68919	2.09234	4.41310e-05
7.60232e+04	5.47198e-02	3.02102e-02	1.90786	4.05798	4.41310e-05
7.60930e+04	5.47100e-02	4.25402e-02	0.25449	0.79123	4.41310e-05
7.61629e+04	5.47581e-02	4.04893e-02	0.27074	2.57520	4.41310e-05
7.62328e+04	5.47078e-02	2.48324e-02	5.86317	5.69143	4.41310e-05
7.63027e+04	5.47208e-02	4.48718e-02	6.16965	1.38060	4.41310e-05
7.63725e+04	5.47167e-02	3.14016e-02	6.22399	3.99179	4.41310e-05
7.64424e+04	5.47331e-02	3.94648e-02	0.35390	0.15752	4.41310e-05
7.65123e+04	5.47190e-02	2.59017e-02	1.02741	3.20652	4.41310e-05
7.65822e+04	5.46926e-02	4.28335e-02	2.93155	5.17409	4.41310e-05
7.66521e+04	5.47451e-02	2.79287e-02	4.30494	1.69656	4.41310e-05
7.67219e+04	5.47029e-02	3.63104e-02	0.28278	4.07400	4.41310e-05
7.67918e+04	5.46892e-02	3.25393e-02	2.84691	0.57583	4.41310e-05
7.68617e+04	5.47142e-02	4.28095e-02	0.53520	2.08888	4.41310e-05
7.69316e+04	5.47074e-02	3.45524e-02	4.14046	4.26353	4.41310e-05
7.70015e+04	5.47013e-02	2.24971e-02	2.06130	6.12424	4.41310e-05
7.70713e+04	5.47089e-02	4.68825e-02	5.06411	2.81736	4.41310e-05
7.71412e+04	5.47348e-02	3.32327e-02	2.65548	4.88639	4.41310e-05
7.72111e+04	5.46726e-02	3.69173e-02	6.26183	1.67633	4.41310e-05
7.72810e+04	5.47206e-02	2.40089e-02	3.56558	4.20685	4.41310e-05
7.73508e+04	5.46935e-02	5.07210e-02	6.04861	1.16921	4.41310e-05
7.74207e+04	5.46992e-02	2.12581e-02	5.65017	3.22728	4.41310e-05
7.74906e+04	5.46952e-02	4.73043e-02	2.81928	0.44795	4.41310e-05
7.75605e+04	5.47131e-02	2.60926e-02	1.32701	2.80992	4.41310e-05
7.76304e+04	5.46995e-02	4.03204e-02	5.93286	5.93292	4.41310e-05
7.77002e+04	5.47141e-02	2.33128e-02	2.77302	2.22190	4.41310e-05
7.77701e+04	5.46472e-02	4.48411e-02	1.28264	4.43149	4.41310e-05
7.78400e+04	5.46917e-02	3.25965e-02	0.86909	6.09279	4.41310e-05
7.79099e+04	5.46678e-02	3.27595e-02	0.07141	2.53163	4.41310e-05
7.79797e+04	5.46579e-02	3.46369e-02	0.87538	4.13386	4.41310e-05
7.80496e+04	5.46483e-02	2.75720e-02	1.44134	0.31687	4.41310e-05
7.81195e+04	5.46835e-02	4.56578e-02	3.37573	1.94964	4.41310e-05
7.81894e+04	5.46553e-02	3.15053e-02	6.11871	3.36003	4.41310e-05
7.82593e+04	5.46512e-02	3.21163e-02	2.14688	5.71987	4.41310e-05
7.83291e+04	5.46570e-02	3.67687e-02	6.05085	0.78465	4.41310e-05
7.83990e+04	5.46752e-02	2.16989e-02	3.70193	2.61013	4.41310e-05
7.84689e+04	5.46386e-02	3.89259e-02	1.88995	4.51511	4.41310e-05
7.85388e+04	5.46659e-02	4.09343e-02	1.36680	5.57483	4.41310e-05
7.86087e+04	5.46574e-02	2.79725e-02	1.13421	0.83581	4.41310e-05
7.86785e+04	5.46563e-02	4.02706e-02	1.55850	2.37187	4.41310e-05
7.87484e+04	5.46376e-02	4.10678e-02	3.19450	3.22134	4.41310e-05
7.88183e+04	5.46468e-02	2.63217e-02	5.06416	4.29519	4.41310e-05
7.88882e+04	5.46577e-02	2.93768e-02	0.42618	6.09386	4.41310e-05
7.89580e+04	5.46454e-02	3.70102e-02	3.21944	0.75425	4.41310e-05
7.90279e+04	5.46188e-02	2.51609e-02	6.18447	1.78511	4.41310e-05
7.90978e+04	5.46723e-02	2.58051e-02	2.33805	3.67710	4.41310e-05
7.91677e+04	5.46913e-02	4.13674e-02	5.90893	4.79876	4.41310e-05
7.92376e+04	5.46847e-02	3.32237e-02	3.57162	5.79737	4.41310e-05
7.93074e+04	5.46860e-02	3.07621e-02	0.81521	1.30605	4.41310e-05
7.93773e+04	5.46598e-02	4.41938e-02	5.13184	2.59273	4.41310e-05
7.94472e+04	5.46731e-02	3.56967e-02	3.64757	3.60533	4.41310e-05
7.95171e+04	5.46460e-02	2.59532e-02	1.59387	5.53575	4.41310e-05
7.95870e+04	5.46572e-02	3.73499e-02	0.18322	0.79313	4.41310e-05
7.96568e+04	5.46850e-02	2.74026e-02	5.48652	2.13296	4.41310e-05
7.97267e+04	5.46296e-02	3.18779e-02	3.97421	4.34219	4.41310e-05
7.97966e+04	5.46299e-02	4.14333e-02	3.77425	5.58515	4.41310e-05
7.98665e+04	5.45649e-02	2.79699e-02	3.59660	0.84630	4.41310e-05
7.99363e+04	5.45904e-02	3.56216e-02	3.34857	2.90558	4.41310e-05
8.00062e+04	5.46574e-02	3.35579e-02	3.90075	4.24302	4.41310e-05
8.00761e+04	5.46814e-02	2.51393e-02	3.63073	0.32113	4.41310e-05
8.01460e+04	5.46111e-02	4.11764e-02	4.36446	1.97155	4.41310e-05
8.02159e+04	5.46034e-02	2.87653e-02	5.53334	3.58488	4.41310e-05
8.02857e+04	5.46455e-02	3.95362e-02	0.20326	5.83624	4.41310e-05
8.03556e+04	5.46436e-02	3.33685e-02	2.03289	0.96551	4.41310e-05
8.04255e+04	5.46004e-02	2.54374e-02	3.23766	3.53838	4.41310e-05
8.04954e+04	5.46196e-02	3.77643e-02	1.78409	4.73399	4.41310e-05
8.05653e+04	5.46638e-02	2.95243e-02	4.82357	0.11519	4.41310e-05
8.06351e+04	5.45574e-02	3.98720e-02	0.65826	2.45768	4.41310e-05
8.07050e+04	5.46226e-02	3.34733e-02	3.99656	3.96567	4.41310e-05
8.07749e+04	5.46365e-02	2.69130e-02	1.07222	0.18648	4.41310e-05
8.08448e+04	5.45684e-02	3.77740e-02	4.90386	1.91683	4.41310e-05
8.09146e+04	5.46739e-02	3.24272e-02	1.85500	4.39462	4.41310e-05
8.09845e+04	5.45572e-02	4.04286e-02	5.44039	0.17788	4.41310e-05
8.10544e+04	5.46658e-02	2.65664e-02	2.69973	2.89866	4.41310e-05
8.11243e+04	5.45615e-02	3.78814e-02	1.47655	4.75682	4.41310e-05
8.11942e+04	5.46735e-02	3.15972e-02	1.29996	0.50916	4.41310e-05
8.12640e+04	5.45647e-02	3.96411e-02	0.45177	2.57841	4.41310e-05
8.13339e+04	5.46754e-02	2.92672e-02	1.53332	4.27944	4.41310e-05
8.14038e+04	5.45545e-02	3.51249e-02	0.64851	0.70939	4.41310e-05
8.14737e+04	5.46346e-02	3.14926e-02	1.44349	2.58543	4.41310e-05
8.15436e+04	5.45769e-02	3.96581e-02	2.21378	4.94375	4.41310e-05
8.16134e+04	5.45546e-02	3.06994e-02	2.12519	0.81814	4.41310e-05
8.16833e+04	5.46557e-02	3.79125e-02	4.10931	3.02805	4.41310e-05
8.17532e+04	5.45673e-02	2.68901e-02	5.25646	4.97395	4.41310e-05
8.18231e+04	5.46743e-02	4.30712e-02	5.32060	1.52227	4.41310e-05
8.18929e+04	5.46365e-02	2.93657e-02	1.74809	3.38328	4.41310e-05
8.19628e+04	5.45559e-02	3.62813e-02	2.94897	6.18604	4.41310e-05
8.20327e+04	5.46755e-02	2.91355e-02	0.91763	1.70720	4.41310e-05
8.21026e+04	5.45437e-02	4.32619e-02	3.45058	4.04961	4.41310e-05
8.21725e+04	5.46010e-02	3.05858e-02	1.22344	5.81252	4.41310e-05
8.22423e+04	5.46141e-02	3.28377e-02	1.41629	1.62456	4.41310e-05
8.23122e+04	5.45062e-02	3.02876e-02	5.10428	3.57400	4.41310e-05
8.23821e+04	5.46537e-02	3.80084e-02	3.79263	6.06295	4.41310e-05
8.24520e+04	5.46028e-02	3.16896e-02	1.90661	1.57622	4.41310e-05
8.25219e+04	5.45649e-02	3.70893e-02	5.55066	4.54806	4.41310e-05
8.25917e+04	5.45811e-02	3.07731e-02	5.63359	6.14526	4.41310e-05
8.26616e+04	5.46680e-02	4.26151e-02	4.83044	2.56807	4.41310e-05
8.27315e+04	5.46198e-02	3.86180e-02	4.40633	4.22546	4.41310e-05
8.28014e+04	5.45251e-02	3.02345e-02	3.73115	0.80315	4.41310e-05
8.28712e+04	5.45474e-02	2.65174e-02	2.78415	2.79271	4.41310e-05
8.29411e+04	5.46231e-02	4.75550e-02	1.89204	5.63874	4.41310e-05
8.30110e+04	5.46201e-02	2.94117e-02	3.72714	1.08936	4.41310e-05
8.30809e+04	5.46085e-02	3.72186e-02	3.15240	4.18236	4.41310e-05
8.31508e+04	5.45428e-02	2.64347e-02	3.96172	0.20147	4.41310e-05
8.32206e+04	5.45263e-02	4.61155e-02	6.11102	2.07886	4.41310e-05
8.32905e+04	5.45502e-02	2.14385e-02	6.28166	4.92365	4.41310e-05
8.33604e+04	5.45770e-02	3.97240e-02	2.39318	0.64824	4.41310e-05
8.34303e+04	5.46069e-02	2.81484e-02	1.47020	2.70483	4.41310e-05
8.35002e+04	5.44444e-02	4.11321e-02	2.19251	4.05393	4.41310e-05
8.35700e+04	5.44930e-02	2.88271e-02	3.72638	5.03411	4.41310e-05
8.36399e+04	5.45984e-02	3.33579e-02	5.33896	0.65387	4.41310e-05
8.37098e+04	5.44978e-02	3.52041e-02	1.60043	1.59264	4.41310e-05
8.37797e+04	5.45653e-02	2.01796e-02	3.60463	3.25102	4.41310e-05
8.38495e+04	5.46261e-02	3.98194e-02	0.69982	4.64684	4.41310e-05
8.39194e+04	5.45015e-02	2.82093e-02	5.09409	5.30219	4.41310e-05
8.39893e+04	5.46271e-02	2.99495e-02	2.31584	0.85619	4.41310e-05
8.40592e+04	5.46500e-02	4.48875e-02	0.55094	1.89819	4.41310e-05
8.41291e+04	5.45140e-02	2.67595e-02	5.83870	2.91397	4.41310e-05
8.41989e+04	5.45306e-02	3.73552e-02	4.45975	4.57474	4.41310e-05
8.42688e+04	5.45717e-02	4.16591e-02	4.91790	5.21706	4.41310e-05
8.43387e+04	5.45362e-02	2.48683e-02	5.54042	0.15530	4.41310e-05
8.44086e+04	5.44845e-02	3.80155e-02	0.53055	1.26167	4.41310e-05
8.44784e+04	5.45621e-02	4.02486e-02	3.39004	1.55596	4.41310e-05
8.45483e+04	5.44377e-02	2.25896e-02	0.19130	2.21819	4.41310e-05
8.46182e+04	5.45112e-02	3.50347e-02	2.35931	3.53414	4.41310e-05
8.46881e+04	5.45623e-02	4.08761e-02	0.23104	3.81479	4.41310e-05
8.47580e+04	5.44586e-02	2.27143e-02	3.99582	4.59000	4.41310e-05
8.48278e+04	5.45219e-02	3.46551e-02	0.73826	6.12162	4.41310e-05
8.48977e+04	5.45972e-02	3.75348e-02	5.66610	0.31208	4.41310e-05
8.49676e+04	5.45379e-02	2.19079e-02	3.97732	1.64938	4.41310e-05
8.50375e+04	5.45376e-02	3.78802e-02	1.74393	3.06357	4.41310e-05
8.51074e+04	5.44256e-02	2.32605e-02	1.20454	3.69413	4.41310e-05
8.51772e+04	5.45435e-02	3.16745e-02	0.11966	5.36971	4.41310e-05
8.52471e+04	5.46319e-02	4.06419e-02	1.49201	5.75663	4.41310e-05
8.53170e+04	5.44749e-02	2.52077e-02	3.35762	6.09327	4.41310e-05
8.53869e+04	5.45532e-02	2.47926e-02	5.30162	0.71501	4.41310e-05
8.54567e+04	5.45736e-02	3.35441e-02	2.71001	0.94810	4.41310e-05
8.55266e+04	5.44263e-02	3.06790e-02	6.18188	1.05559	4.41310e-05
8.55965e+04	5.44739e-02	2.27900e-02	4.39487	1.07012	4.41310e-05
8.56664e+04	5.45121e-02	2.61666e-02	2.63646	1.82968	4.41310e-05
8.57363e+04	5.44126e-02	3.52739e-02	1.47905	1.94580	4.41310e-05
8.58061e+04	5.45862e-02	3.39482e-02	0.15514	2.02296	4.41310e-05
8.58760e+04	5.45739e-02	2.86824e-02	0.55039	2.19325	4.41310e-05
8.59459e+04	5.44098e-02	3.18623e-02	0.53119	2.68677	4.41310e-05
8.60158e+04	5.45332e-02	4.12334e-02	5.77452	3.18880	4.41310e-05
8.60857e+04	5.45120e-02	2.88323e-02	4.97978	3.98188	4.41310e-05
8.61555e+04	5.45940e-02	3.81173e-02	5.71610	4.71099	4.41310e-05
8.62254e+04	5.45349e-02	3.86065e-02	6.09351	5.07368	4.41310e-05
8.62953e+04	5.44091e-02	2.70436e-02	1.27934	5.45721	4.41310e-05
8.63652e+04	5.45150e-02	3.62742e-02	1.33635	0.32994	4.41310e-05
8.64350e+04	5.45678e-02	3.39465e-02	2.98434	0.78042	4.41310e-05
8.65049e+04	5.46418e-02	3.67806e-02	4.69586	1.72897	4.41310e-05
8.65748e+04	5.46236e-02	3.52197e-02	5.64121	2.69848	4.41310e-05
8.66447e+04	5.45300e-02	2.83070e-02	0.49613	4.11777	4.41310e-05
8.67146e+04	5.45946e-02	3.08228e-02	2.22853	5.25688	4.41310e-05
8.67844e+04	5.45609e-02	3.47285e-02	2.11768	1.18057	4.41310e-05
8.68543e+04	5.46006e-02	3.38904e-02	3.26678	2.79515	4.41310e-05
8.69242e+04	5.46002e-02	4.21145e-02	4.49543	4.58133	4.41310e-05
8.69941e+04	5.43580e-02	2.78838e-02	4.01181	1.21409	4.41310e-05
8.70640e+04	5.43918e-02	2.26654e-02	0.25188	3.09215	4.41310e-05
8.71338e+04	5.44246e-02	3.77124e-02	3.35440	4.88463	4.41310e-05
8.72037e+04	5.44212e-02	3.56928e-02	1.82583	0.12143	4.41310e-05
8.72736e+04	5.45885e-02	3.97374e-02	5.31728	2.00166	4.41310e-05
8.73435e+04	5.44718e-02	3.28328e-02	5.90464	3.41050	4.41310e-05
8.74133e+04	5.46037e-02	3.64827e-02	5.52298	5.03012	4.41310e-05
8.74832e+04	5.45393e-02	3.92437e-02	0.99836	2.06345	4.41310e-05
8.75531e+04	5.43700e-02	3.55951e-02	5.11418	4.69294	4.41310e-05
8.76230e+04	5.43662e-02	2.90458e-02	4.86279	0.70590	4.41310e-05
8.76929e+04	5.43914e-02	3.95843e-02	3.59821	3.53883	4.41310e-05
8.77627e+04	5.45639e-02	4.37347e-02	2.19115	0.09723	4.41310e-05
8.78326e+04	5.45030e-02	3.48496e-02	4.98489	4.06530	4.41310e-05
8.79025e+04	5.43869e-02	4.28061e-02	4.62193	0.78244	4.41310e-05
8.79724e+04	5.46569e-02	3.24923e-02	3.52352	4.67263	4.41310e-05
8.80423e+04	5.44789e-02	6.48387e-02	6.05613	5.34681	4.41310e-05
8.81121e+04	5.45882e-02	4.08346e-02	3.88025	3.58544	4.41310e-05
8.81820e+04	5.45357e-02	5.11428e-02	3.00925	1.00331	4.41310e-05
8.82519e+04	5.44816e-02	2.32714e-02	5.76128	4.20637	4.41310e-05
8.83218e+04	5.46858e-02	6.61268e-02	5.11749	5.46251	4.41310e-05
8.83916e+04	5.46065e-02	3.32712e-02	5.21295	0.39706	4.41310e-05
8.84615e+04	5.44401e-02	2.11731e-02	3.19228	0.50458	4.41310e-05
8.85314e+04	5.47224e-02	5.91563e-02	5.38482	1.08993	4.41310e-05
8.86013e+04	5.46398e-02	2.56472e-02	2.10238	3.18689	4.41310e-05
8.86712e+04	5.47238e-02	3.77505e-02	5.81824	4.03733	4.41310e-05
8.87410e+04	5.46652e-02	6.60900e-02	1.31714	4.16984	4.41310e-05
8.88109e+04	5.47863e-02	3.76277e-02	3.80937	1.31978	4.41310e-05
8.88808e+04	5.46674e-02	6.50130e-02	0.54660	1.38172	4.41310e-05
8.89507e+04	5.47906e-02	6.09727e-02	3.10262	1.68694	4.41310e-05
8.90206e+04	5.45094e-02	6.84128e-02	1.95931	5.83744	4.41310e-05
8.90904e+04	5.45140e-02	5.29190e-02	3.54848	4.21647	4.41310e-05
8.91603e+04	5.45900e-02	5.94309e-02	0.61488	1.34467	4.41310e-05
8.92302e+04	5.45992e-02	4.63281e-02	1.63612	0.01646	4.41310e-05
8.93001e+04	5.46106e-02	2.68743e-02	4.40017	4.70249	4.41310e-05
8.93699e+04	5.45063e-02	4.60456e-02	5.17979	5.76834	4.41310e-05
8.94398e+04	5.46477e-02	6.16298e-02	1.49914	0.53618	4.41310e-05
8.95097e+04	5.46648e-02	4.32080e-02	5.31395	1.26874	4.41310e-05
8.95796e+04	5.44951e-02	4.11274e-02	3.81388	2.20310	4.41310e-05
8.96495e+04	5.46873e-02	4.36202e-02	3.02554	2.58267	4.41310e-05
8.97193e+04	5.46632e-02	3.53129e-02	0.31587	3.37148	4.41310e-05
8.97892e+04	5.45313e-02	3.70350e-02	0.89616	4.13425	4.41310e-05
8.98591e+04	5.46422e-02	3.41608e-02	1.89545	4.70046	4.41310e-05
8.99290e+04	5.46861e-02	4.33036e-02	0.82364	5.85305	4.41310e-05
8.99989e+04	5.45962e-02	4.34534e-02	0.72345	5.72570	4.41310e-05
9.00687e+04	5.45100e-02	3.39696e-02	0.19843	1.39053	4.41310e-05
9.01386e+04	5.44757e-02	1.65858e-02	4.37754	4.54125	4.41310e-05
9.02085e+04	5.46245e-02	4.22858e-02	1.26291	5.69997	4.41310e-05
9.02784e+04	5.45490e-02	4.04155e-02	0.68370	1.85819	4.41310e-05
9.03482e+04	5.46262e-02	3.92255e-02	1.21420	3.42385	4.41310e-05
9.04181e+04	5.46636e-02	2.68904e-02	4.35332	1.29289	4.41310e-05
9.04880e+04	5.45475e-02	3.83198e-02	6.03872	3.12898	4.41310e-05
9.05579e+04	5.45059e-02	5.83469e-02	0.62319	4.93977	4.41310e-05
9.06278e+04	5.44719e-02	4.11121e-02	0.12194	4.43701	4.41310e-05
9.06976e+04	5.46582e-02	3.36642e-02	2.86806	5.30243	4.41310e-05
9.07675e+04	5.44418e-02	5.50587e-02	0.37771	6.00974	4.41310e-05
9.08374e+04	5.45680e-02	2.35651e-02	0.82325	1.17359	4.41310e-05
9.09073e+04	5.44863e-02	3.67925e-02	1.25251	2.97065	4.41310e-05
9.09772e+04	5.44720e-02	2.09916e-02	4.96789	0.90829	4.41310e-05
9.10470e+04	5.47152e-02	4.86914e-02	1.78412	1.47824	4.41310e-05
9.11169e+04	5.45630e-02	5.52250e-02	3.31021	4.05816	4.41310e-05
9.11868e+04	5.44613e-02	3.62787e-02	0.75311	5.08107	4.41310e-05
9.12567e+04	5.44560e-02	2.59975e-02	0.66141	2.83245	4.41310e-05
9.13265e+04	5.45385e-02	4.08766e-02	2.14862	0.04088	4.41310e-05
9.13964e+04	5.44370e-02	2.67968e-02	2.19443	2.07022	4.41310e-05
9.14663e+04	5.46850e-02	3.66605e-02	2.11568	5.56193	4.41310e-05
9.15362e+04	5.44659e-02	4.28122e-02	5.05294	0.63214	4.41310e-05
9.16061e+04	5.46347e-02	4.57548e-02	0.30053	3.00362	4.41310e-05
9.16759e+04	5.46161e-02	6.48445e-03	0.94375	4.93457	4.41310e-05
9.17458e+04	5.44991e-02	4.70948e-02	0.96407	2.30212	4.41310e-05
9.18157e+04	5.45243e-02	4.78330e-02	2.03308	4.58588	4.41310e-05
9.18856e+04	5.46548e-02	1.16553e-02	3.98313	1.29372	4.41310e-05
9.19554e+04	5.45531e-02	5.78774e-02	5.78554	5.24153	4.41310e-05
9.20253e+04	5.44287e-02	2.76474e-02	5.44760	2.35445	4.41310e-05
9.20952e+04	5.47028e-02	5.32666e-02	0.38943	0.11521	4.41310e-05
9.21651e+04	5.44999e-02	1.55030e-02	4.75637	3.18844	4.41310e-05
9.22350e+04	5.46419e-02	4.29832e-02	5.70014	1.00602	4.41310e-05
9.23048e+04	5.45043e-02	2.54633e-02	3.42762	3.05474	4.41310e-05
9.23747e+04	5.46308e-02	4.84171e-02	3.41090	1.91401	4.41310e-05
9.24446e+04	5.45669e-02	1.77659e-02	4.00329	5.55760	4.41310e-05
9.25145e+04	5.46063e-02	4.57639e-02	5.12694	4.74354	4.41310e-05
9.25844e+04	5.45439e-02	3.83021e-02	1.11637	3.98019	4.41310e-05
9.26542e+04	5.43702e-02	2.70098e-02	4.00241	2.25164	4.41310e-05
9.27241e+04	5.47160e-02	5.27707e-02	5.86455	0.65761	4.41310e-05
9.27940e+04	5.43882e-02	3.90257e-02	3.55194	5.56700	4.41310e-05
9.28639e+04	5.46399e-02	3.72235e-02	4.80607	2.73320	4.41310e-05
9.29337e+04	5.44226e-02	3.95489e-02	6.16706	1.29083	4.41310e-05
9.30036e+04	5.45293e-02	3.28231e-02	2.28364	4.06155	4.41310e-05
9.30735e+04	5.44661e-02	4.16841e-02	5.08811	3.10993	4.41310e-05
9.31434e+04	5.45247e-02	1.78067e-02	4.78509	0.43581	4.41310e-05
9.32133e+04	5.44172e-02	5.02454e-02	3.70628	5.12562	4.41310e-05
9.32831e+04	5.44305e-02	2.39446e-02	2.84437	3.20115	4.41310e-05
9.33530e+04	5.45188e-02	5.19545e-02	3.01549	0.68831	4.41310e-05
9.34229e+04	5.45668e-02	2.57403e-02	3.28966	5.02807	4.41310e-05
9.34928e+04	5.44080e-02	3.98492e-02	4.36338	1.64811	4.41310e-05
9.35627e+04	5.45363e-02	3.38863e-02	4.81652	0.09897	4.41310e-05
9.36325e+04	5.45375e-02	5.02951e-02	4.66199	3.41560	4.41310e-05
9.37024e+04	5.44721e-02	2.58374e-02	3.68523	1.99637	4.41310e-05
9.37723e+04	5.46231e-02	4.26906e-02	2.35295	4.69528	4.41310e-05
9.38422e+04	5.45981e-02	3.99463e-02	1.61372	3.58524	4.41310e-05
9.39120e+04	5.45312e-02	3.94181e-02	2.47982	1.27511	4.41310e-05
9.39819e+04	5.44588e-02	4.22976e-02	0.47761	5.71895	4.41310e-05
9.40518e+04	5.46731e-02	4.12550e-02	4.35267	1.41491	4.41310e-05
9.41217e+04	5.44566e-02	2.52144e-02	1.99718	4.51876	4.41310e-05
9.41916e+04	5.44740e-02	5.55512e-02	2.76245	2.04724	4.41310e-05
9.42614e+04	5.44225e-02	3.72677e-02	3.41988	3.54064	4.41310e-05
9.43313e+04	5.43680e-02	2.91323e-02	3.61942	4.89788	4.41310e-05
9.44012e+04	5.44570e-02	1.58178e-02	3.55083	5.52936	4.41310e-05
9.44711e+04	5.43375e-02	1.69838e-02	4.06220	0.15741	4.41310e-05
9.45410e+04	5.44937e-02	8.18650e-03	3.40457	1.70762	4.41310e-05
9.46108e+04	5.45820e-02	2.14994e-02	1.43201	4.52292	4.41310e-05
9.46807e+04	5.44153e-02	3.65101e-02	1.54374	5.81477	4.41310e-05
9.47506e+04	5.44668e-02	3.95653e-02	1.33270	0.82001	4.41310e-05
9.48205e+04	5.44908e-02	4.67323e-02	5.41235	2.60377	4.41310e-05
9.48903e+04	5.44743e-02	4.82345e-02	0.90405	2.98763	4.41310e-05
9.49602e+04	5.46126e-02	2.52382e-02	1.61805	4.15530	4.41310e-05
9.50301e+04	5.46106e-02	3.37660e-02	1.81622	5.82028	4.41310e-05
9.51000e+04	5.44918e-02	8.38092e-03	3.17549	2.49390	4.41310e-05
9.51699e+04	5.43690e-02	3.08676e-02	1.50940	3.00200	4.41310e-05
9.52397e+04	5.45341e-02	3.46639e-02	1.79986	5.08156	4.41310e-05
9.53096e+04	5.44371e-02	5.88603e-02	0.17154	0.42677	4.41310e-05
9.53795e+04	5.45026e-02	3.01842e-02	1.16303	3.68124	4.41310e-05
9.54494e+04	5.43432e-02	1.82950e-02	6.14886	5.95830	4.41310e-05
9.55193e+04	5.45689e-02	5.40016e-02	5.55522	2.23369	4.41310e-05
9.55891e+04	5.44246e-02	2.67619e-02	5.85296	5.40883	4.41310e-05
9.56590e+04	5.44831e-02	2.15367e-02	0.30468	1.84617	4.41310e-05
9.57289e+04	5.43471e-02	5.03308e-02	1.07414	3.90526	4.41310e-05
9.57988e+04	5.45375e-02	5.63632e-02	3.88751	5.94785	4.41310e-05
9.58686e+04	5.44811e-02	4.67733e-02	1.20099	5.59161	4.41310e-05
9.59385e+04	5.44072e-02	3.21240e-02	0.70819	2.92963	4.41310e-05
9.60084e+04	5.42928e-02	4.15554e-02	0.09805	0.64235	4.41310e-05
9.60783e+04	5.44026e-02	1.64547e-02	5.99741	0.99064	4.41310e-05
9.61482e+04	5.43705e-02	6.18945e-02	1.76064	1.03833	4.41310e-05
9.62180e+04	5.44748e-02	4.78381e-02	3.54397	2.67186	4.41310e-05
9.62879e+04	5.44129e-02	1.09215e-02	3.56109	5.86197	4.41310e-05
9.63578e+04	5.43465e-02	1.24984e-02	0.98337	2.30597	4.41310e-05
9.64277e+04	5.44298e-02	4.46370e-02	0.69763	1.14970	4.41310e-05
9.64976e+04	5.43920e-02	4.96614e-02	3.55397	2.81413	4.41310e-05
9.65674e+04	5.43678e-02	6.46202e-02	3.02003	4.42685	4.41310e-05
9.66373e+04	5.44437e-02	2.18369e-02	5.03145	0.22330	4.41310e-05
9.67072e+04	5.44403e-02	3.90730e-02	5.07209	4.51948	4.41310e-05
9.67771e+04	5.43912e-02	5.36309e-02	5.78921	5.40893	4.41310e-05
9.68469e+04	5.44274e-02	7.53721e-02	0.61727	0.10555	4.41310e-05
9.69168e+04	5.45791e-02	5.16778e-02	4.66607	0.53607	4.41310e-05
9.69867e+04	5.44167e-02	2.58930e-02	0.01512	0.41382	4.41310e-05
9.70566e+04	5.44398e-02	2.91605e-02	2.69324	1.69250	4.41310e-05
9.71265e+04	5.44526e-02	1.17151e-02	1.98392	0.90200	4.41310e-05
9.71963e+04	5.44653e-02	6.35270e-02	2.65176	2.99582	4.41310e-05
9.72662e+04	5.44463e-02	3.40855e-02	5.67274	4.24707	4.41310e-05
9.73361e+04	5.44041e-02	4.43014e-02	2.69697	4.81899	4.41310e-05
9.74060e+04	5.45036e-02	2.19293e-02	5.25061	3.22604	4.41310e-05
9.74759e+04	5.44700e-02	7.19547e-02	0.26955	5.33275	4.41310e-05
9.75457e+04	5.45309e-02	6.65143e-02	0.31545	0.19284	4.41310e-05
9.76156e+04	5.43807e-02	8.11744e-03	2.98559	3.11800	4.41310e-05
9.76855e+04	5.44486e-02	2.07822e-02	1.19028	0.07663	4.41310e-05
9.77554e+04	5.44367e-02	5.52831e-02	2.14956	1.52112	4.41310e-05
9.78252e+04	5.44495e-02	5.01790e-02	1.87803	3.32482	4.41310e-05
9.78951e+04	5.44776e-02	2.12274e-02	3.79221	4.38972	4.41310e-05
9.79650e+04	5.45177e-02	1.67229e-02	3.85318	2.77541	4.41310e-05
9.80349e+04	5.45455e-02	8.07866e-02	4.80115	4.53042	4.41310e-05
9.81048e+04	5.44620e-02	7.83282e-02	0.46183	4.63280	4.41310e-05
9.81746e+04	5.44400e-02	3.80113e-02	2.99493	6.27570	4.41310e-05
9.82445e+04	5.44094e-02	2.65963e-02	4.97433	0.09334	4.41310e-05
9.83144e+04	5.43699e-02	4.23868e-02	0.00154	1.79742	4.41310e-05
9.83843e+04	5.43615e-02	1.06966e-02	3.27820	0.03890	4.41310e-05
9.84542e+04	5.43368e-02	3.44021e-02	0.47418	3.04694	4.41310e-05
9.85240e+04	5.43538e-02	3.45966e-02	6.19784	4.28031	4.41310e-05
9.85939e+04	5.44314e-02	4.69832e-02	3.37224	4.69358	4.41310e-05
9.86638e+04	5.43899e-02	4.78668e-02	1.27199	4.57930	4.41310e-05
9.87337e+04	5.44672e-02	6.91830e-02	0.60747	4.64941	4.41310e-05
9.88035e+04	5.44254e-02	3.02044e-02	5.27872	6.08417	4.41310e-05
9.88734e+04	5.45021e-02	1.03635e-02	2.18872	3.19238	4.41310e-05
9.89433e+04	5.43920e-02	5.12786e-02	2.76558	5.42281	4.41310e-05
9.90132e+04	5.42790e-02	2.40411e-02	6.11025	5.26072	4.41310e-05
9.90831e+04	5.45277e-02	6.24690e-02	5.64261	1.51103	4.41310e-05
9.91529e+04	5.42962e-02	1.48898e-02	0.58090	2.52262	4.41310e-05
9.92228e+04	5.44645e-02	2.09711e-02	1.33587	2.04368	4.41310e-05
9.92927e+04	5.43972e-02	7.21954e-02	1.52546	2.77877	4.41310e-05
9.93626e+04	5.44849e-02	2.53461e-02	5.61505	3.91260	4.41310e-05
9.94324e+04	5.44048e-02	6.29847e-02	2.43791	4.17123	4.41310e-05
9.95023e+04	5.44210e-02	7.84979e-03	5.67744	6.16275	4.41310e-05
9.95722e+04	5.44270e-02	2.07952e-02	2.63746	5.37177	4.41310e-05
9.96421e+04	5.44034e-02	4.19911e-02	2.55021	6.21947	4.41310e-05
9.97120e+04	5.44167e-02	6.31565e-02	0.55038	6.12363	4.41310e-05
9.97818e+04	5.43563e-02	4.09564e-02	4.64181	0.29890	4.41310e-05
9.98517e+04	5.43369e-02	5.23328e-02	1.47187	1.05351	4.41310e-05
9.99216e+04	5.44183e-02	6.78943e-02	0.46211	1.36710	4.41310e-05
9.99915e+04	5.44316e-02	5.53962e-02	1.81944	1.48485	4.41310e-05
1.00061e+05	5.44404e-02	4.13521e-02	0.79619	3.15445	4.41310e-05
1.00131e+05	5.44817e-02	3.87680e-02	3.67453	3.66843	4.41310e-05
1.00201e+05	5.43023e-02	4.90694e-02	1.32639	4.06508	4.41310e-05
1.00271e+05	5.44316e-02	6.92738e-02	5.87646	4.40730	4.41310e-05
1.00341e+05	5.43543e-02	7.03653e-02	0.43228	6.21315	4.41310e-05
1.00411e+05	5.44534e-02	5.05766e-02	3.13448	4.51967	4.41310e-05
1.00481e+05	5.43956e-02	8.21268e-02	6.10299	2.56761	4.41310e-05
1.00551e+05	5.44095e-02	4.21823e-02	3.92140	4.18970	4.41310e-05
1.00620e+05	5.44162e-02	3.77190e-02	5.90040	3.45089	4.41310e-05
1.00690e+05	5.44207e-02	4.55741e-02	0.69483	5.90500	4.41310e-05
1.00760e+05	5.43372e-02	2.55251e-02	1.61018	3.03957	4.41310e-05
1.00830e+05	5.40872e-02	2.39930e-02	3.47210	4.91340	4.41310e-05
1.00900e+05	5.41716e-02	5.10743e-02	6.22870	3.04373	4.41310e-05
1.00970e+05	5.41892e-02	3.65829e-02	4.90468	5.29480	4.41310e-05
1.01040e+05	5.44436e-02	3.75299e-02	4.81567	1.64215	4.41310e-05
1.01110e+05	5.41380e-02	3.32312e-02	1.66056	2.35174	4.41310e-05
1.01179e+05	5.41202e-02	4.81971e-02	4.22451	3.65229	4.41310e-05
1.01249e+05	5.42708e-02	4.05126e-02	2.41770	4.12243	4.41310e-05
1.01319e+05	5.41163e-02	1.80954e-02	4.76147	4.31183	4.41310e-05
1.01389e+05	5.43057e-02	3.66938e-02	4.06305	4.60691	4.41310e-05
1.01459e+05	5.43651e-02	5.07628e-02	2.11025	0.28086	4.41310e-05
1.01529e+05	5.41884e-02	2.77682e-02	1.49434	1.16466	4.41310e-05
1.01599e+05	5.41917e-02	3.21959e-02	2.90700	2.94800	4.41310e-05
1.01669e+05	5.41449e-02	3.35985e-02	1.26324	0.93099	4.41310e-05
1.01738e+05	5.45170e-02	4.11293e-02	2.93040	3.84316	4.41310e-05
1.01808e+05	5.42543e-02	6.65663e-02	2.88513	1.88655	4.41310e-05
1.01878e+05	5.43343e-02	5.39677e-02	4.26645	3.81474	4.41310e-05
1.01948e+05	5.42761e-02	3.79784e-02	1.80719	3.41260	4.41310e-05
1.02018e+05	5.44414e-02	4.22310e-02	1.71873	3.37623	4.41310e-05
1.02088e+05	5.43307e-02	3.25887e-02	3.73831	4.27886	4.41310e-05
1.02158e+05	5.44176e-02	2.76995e-02	5.81884	4.45894	4.41310e-05
1.02228e+05	5.42725e-02	3.03553e-02	1.01815	5.69421	4.41310e-05
1.02297e+05	5.41903e-02	2.72948e-02	4.80711	5.72837	4.41310e-05
1.02367e+05	5.40690e-02	2.84224e-02	0.34056	6.11799	4.41310e-05
1.02437e+05	5.43899e-02	1.53463e-02	4.02023	4.51486	4.41310e-05
1.02507e+05	5.42705e-02	3.81362e-02	5.81839	1.66791	4.41310e-05
1.02577e+05	5.41270e-02	2.38889e-02	3.46887	3.34728	4.41310e-05
1.02647e+05	5.44535e-02	5.44320e-02	0.05040	1.87640	4.41310e-05
1.02717e+05	5.42770e-02	3.50178e-02	3.60533	4.84756	4.41310e-05
1.02787e+05	5.42451e-02	4.85068e-02	1.08158	1.83925	4.41310e-05
1.02856e+05	5.40903e-02	5.71997e-03	2.64128	6.05363	4.41310e-05
1.02926e+05	5.41514e-02	2.93955e-02	3.46600	4.88961	4.41310e-05
1.02996e+05	5.41658e-02	3.73676e-02	3.64728	4.08608	4.41310e-05
1.03066e+05	5.44455e-02	2.87434e-02	2.78507	1.53809	4.41310e-05
1.03136e+05	5.42893e-02	2.37894e-02	5.22510	3.66271	4.41310e-05
1.03206e+05	5.43074e-02	2.86726e-02	2.73002	4.43021	4.41310e-05
1.03276e+05	5.40708e-02	5.87065e-02	3.67731	3.48380	4.41310e-05
1.03346e+05	5.41387e-02	3.99618e-02	2.78613	0.60272	4.41310e-05
1.03416e+05	5.41235e-02	3.91219e-02	3.62698	0.11655	4.41310e-05
1.03485e+05	5.43550e-02	4.01210e-02	3.06713	0.06276	4.41310e-05
1.03555e+05	5.41471e-02	5.45069e-02	3.48723	4.91642	4.41310e-05
1.03625e+05	5.42000e-02	5.78427e-02	4.38078	2.51741	4.41310e-05
1.03695e+05	5.42727e-02	5.98240e-02	1.61770	1.39208	4.41310e-05
1.03765e+05	5.42863e-02	4.97476e-02	2.82764	3.73576	4.41310e-05
1.03835e+05	5.42977e-02	1.06668e-02	1.21690	2.69687	4.41310e-05
1.03905e+05	5.42128e-02	5.24756e-03	0.18258	5.40374	4.41310e-05
1.03975e+05	5.41701e-02	3.51597e-02	2.09364	5.60946	4.41310e-05
1.04044e+05	5.41186e-02	3.21471e-02	3.95488	5.23532	4.41310e-05
1.04114e+05	5.43194e-02	3.37110e-02	5.09821	5.63590	4.41310e-05
1.04184e+05	5.42692e-02	2.23414e-02	0.31574	5.60096	4.41310e-05
1.04254e+05	5.44398e-02	5.88595e-02	4.05582	1.27192	4.41310e-05
1.04324e+05	5.43830e-02	6.38289e-02	5.08696	0.25534	4.41310e-05
1.04394e+05	5.44012e-02	5.99444e-02	1.30247	4.36251	4.41310e-05
1.04464e+05	5.42904e-02	6.39056e-02	4.82973	3.38965	4.41310e-05
1.04534e+05	5.42445e-02	1.56073e-02	3.83397	1.90392	4.41310e-05
1.04603e+05	5.44114e-02	3.49732e-02	4.21988	4.54923	4.41310e-05
1.04673e+05	5.42003e-02	2.41837e-02	4.13282	4.10513	4.41310e-05
1.04743e+05	5.43193e-02	1.08586e-02	5.63412	3.32949	4.41310e-05
1.04813e+05	5.44656e-02	5.66152e-02	3.41498	6.08334	4.41310e-05
1.04883e+05	5.43807e-02	2.39054e-02	2.35015	0.41604	4.41310e-05
1.04953e+05	5.44782e-02	3.56775e-02	5.98754	6.26726	4.41310e-05
1.05023e+05	5.43444e-02	2.61943e-02	5.26776	3.62425	4.41310e-05
1.05093e+05	5.42445e-02	3.32126e-02	4.67763	2.27490	4.41310e-05
1.05162e+05	5.44110e-02	3.76117e-02	0.11577	1.57998	4.41310e-05
1.05232e+05	5.44019e-02	4.06423e-02	4.34263	3.96940	4.41310e-05
1.05302e+05	5.43634e-02	5.58129e-02	2.10970	2.27274	4.41310e-05
1.05372e+05	5.44247e-02	6.15662e-02	4.24942	3.53781	4.41310e-05
1.05442e+05	5.42337e-02	1.24362e-02	2.59148	4.97017	4.41310e-05
1.05512e+05	5.43866e-02	2.57067e-02	1.89683	4.95456	4.41310e-05
1.05582e+05	5.43093e-02	2.91684e-02	5.96746	5.30541	4.41310e-05
1.05652e+05	5.43272e-02	1.43418e-02	4.60453	4.39513	4.41310e-05
1.05722e+05	5.44367e-02	4.06267e-02	2.39828	5.93306	4.41310e-05
1.05791e+05	5.43375e-02	1.10111e-02	3.64609	2.50199	4.41310e-05
1.05861e+05	5.45255e-02	2.15516e-02	1.51770	4.81520	4.41310e-05
