# t	a	e	mean_anomaly	varpi	mass/M_star
1.24228e+02	1.64676e-02	6.83702e-02	4.41437	0.46594	4.36970e-05
2.79514e+02	1.64801e-02	7.15401e-02	0.50510	4.74690	4.36970e-05
4.34800e+02	1.64681e-02	7.36245e-02	3.43616	2.67591	4.36970e-05
5.90085e+02	1.64824e-02	7.89814e-02	0.57280	0.53369	4.36970e-05
7.45371e+02	1.64651e-02	7.72318e-02	5.09828	4.70983	4.36970e-05
9.00656e+02	1.64818e-02	7.50713e-02	5.19066	2.55184	4.36970e-05
1.05594e+03	1.64761e-02	7.20183e-02	5.56555	0.53250	4.36970e-05
1.21123e+03	1.64786e-02	7.07611e-02	0.06053	4.86014	4.36970e-05
1.36651e+03	1.64819e-02	7.18575e-02	1.31613	2.86033	4.36970e-05
1.52180e+03	1.64681e-02	7.27052e-02	2.92779	0.90446	4.36970e-05
1.67708e+03	1.64790e-02	7.71121e-02	5.12675	5.12139	4.36970e-05
1.83237e+03	1.64843e-02	7.87299e-02	1.46023	3.06079	4.36970e-05
1.98766e+03	1.64676e-02	7.60364e-02	4.50306	1.01991	4.36970e-05
2.14294e+03	1.64671e-02	7.31501e-02	1.71504	5.24302	4.36970e-05
2.29823e+03	1.64807e-02	7.18656e-02	5.46589	3.31481	4.36970e-05
2.45351e+03	1.64750e-02	7.01776e-02	3.17628	1.36059	4.36970e-05
2.60880e+03	1.64667e-02	7.02813e-02	1.19050	5.74025	4.36970e-05
2.76408e+03	1.64789e-02	7.20220e-02	5.87731	3.82327	4.36970e-05
2.91937e+03	1.64819e-02	7.57479e-02	4.87229	1.81125	4.36970e-05
3.07465e+03	1.64754e-02	7.83674e-02	4.24470	6.14731	4.36970e-05
3.22994e+03	1.64706e-02	7.73553e-02	4.19720	4.09982	4.36970e-05
3.38523e+03	1.64668e-02	7.61319e-02	4.57230	2.14249	4.36970e-05
3.54051e+03	1.64782e-02	7.39198e-02	5.33757	0.16816	4.36970e-05
3.69580e+03	1.64778e-02	7.17550e-02	0.25125	4.53691	4.36970e-05
3.85108e+03	1.64815e-02	6.87495e-02	1.77695	2.69812	4.36970e-05
4.00637e+03	1.64765e-02	6.88332e-02	3.68398	0.89495	4.36970e-05
4.16165e+03	1.64781e-02	6.94520e-02	5.95733	5.51538	4.36970e-05
4.31694e+03	1.64664e-02	7.18106e-02	2.49837	3.69774	4.36970e-05
4.47222e+03	1.64626e-02	7.61161e-02	5.99000	1.85994	4.36970e-05
4.62751e+03	1.64654e-02	7.86974e-02	3.52505	6.20480	4.36970e-05
4.78280e+03	1.64671e-02	7.96482e-02	1.53554	4.26767	4.36970e-05
4.93808e+03	1.64770e-02	7.74166e-02	0.45040	2.30283	4.36970e-05
5.09337e+03	1.64774e-02	7.41298e-02	6.05937	0.39379	4.36970e-05
5.24865e+03	1.64802e-02	7.09414e-02	5.67374	4.91453	4.36970e-05
5.40394e+03	1.64773e-02	7.05389e-02	0.20779	3.21279	4.36970e-05
5.55922e+03	1.64771e-02	7.00669e-02	5.82461	1.70265	4.36970e-05
5.71451e+03	1.64792e-02	7.05193e-02	5.59608	0.07264	4.36970e-05
5.86979e+03	1.64797e-02	6.79909e-02	6.15235	4.81503	4.36970e-05
6.02508e+03	1.64728e-02	6.72361e-02	1.03251	3.16991	4.36970e-05
6.18037e+03	1.64718e-02	6.71187e-02	2.20690	1.88022	4.36970e-05
6.33565e+03	1.64659e-02	6.90351e-02	3.86822	0.55486	4.36970e-05
6.49094e+03	1.64644e-02	6.71295e-02	0.01107	5.48712	4.36970e-05
6.64622e+03	1.64652e-02	6.62452e-02	2.50125	4.19927	4.36970e-05
6.80151e+03	1.64708e-02	6.74953e-02	4.99137	3.18536	4.36970e-05
6.95679e+03	1.64756e-02	7.12696e-02	0.99202	2.65378	4.36970e-05
7.11208e+03	1.64712e-02	7.40773e-02	3.76977	1.98267	4.36970e-05
7.26736e+03	1.64807e-02	7.85176e-02	0.76643	1.13644	4.36970e-05
7.42265e+03	1.64785e-02	7.75202e-02	4.01989	0.69857	4.36970e-05
7.57794e+03	1.64696e-02	6.28993e-02	0.82813	0.71987	4.36970e-05
7.73322e+03	1.64813e-02	7.73985e-02	2.84558	1.79635	4.36970e-05
7.88851e+03	1.64718e-02	6.38688e-02	2.98563	5.28614	4.36970e-05
8.04379e+03	1.64746e-02	7.10283e-02	4.68920	1.31136	4.36970e-05
8.19908e+03	1.64741e-02	7.52198e-02	5.71935	4.97503	4.36970e-05
8.35436e+03	1.64622e-02	7.21332e-02	1.80376	0.95276	4.36970e-05
8.50965e+03	1.64728e-02	6.52959e-02	3.14072	4.26046	4.36970e-05
8.66493e+03	1.64598e-02	7.00280e-02	5.04846	0.24508	4.36970e-05
8.82022e+03	1.64604e-02	6.70091e-02	4.36898	5.40228	4.36970e-05
8.97551e+03	1.64608e-02	6.70331e-02	3.14048	3.80996	4.36970e-05
9.13079e+03	1.64552e-02	7.30444e-02	5.01118	2.59252	4.36970e-05
9.28608e+03	1.64716e-02	5.92107e-02	2.08853	2.81126	4.36970e-05
9.44136e+03	1.64757e-02	1.44543e-02	2.02309	5.29231	4.36970e-05
9.59665e+03	1.64812e-02	3.58842e-02	3.64028	3.25213	4.36970e-05
9.75193e+03	1.64825e-02	2.00941e-03	2.07729	4.23249	4.36970e-05
9.90722e+03	1.64736e-02	6.99848e-03	0.80326	5.06844	4.36970e-05
1.00625e+04	1.64759e-02	2.07660e-02	3.75587	6.11469	4.36970e-05
1.02178e+04	1.64742e-02	3.04029e-02	4.41190	2.67253	4.36970e-05
1.03731e+04	1.64606e-02	4.83870e-02	1.41269	3.08780	4.36970e-05
1.05284e+04	1.64702e-02	1.38114e-02	6.08458	4.81524	4.36970e-05
1.06836e+04	1.64698e-02	1.90265e-02	6.06382	1.38986	4.36970e-05
1.08389e+04	1.64798e-02	3.11495e-02	3.56588	2.54310	4.36970e-05
1.09942e+04	1.64702e-02	2.38030e-02	0.99289	1.37736	4.36970e-05
1.11495e+04	1.64713e-02	2.51973e-02	1.91762	5.17024	4.36970e-05
1.13048e+04	1.64807e-02	2.89561e-02	0.33438	2.98427	4.36970e-05
1.14601e+04	1.64774e-02	2.85560e-02	0.07576	6.10183	4.36970e-05
1.16154e+04	1.64794e-02	1.72298e-02	4.21571	5.00874	4.36970e-05
1.17706e+04	1.64805e-02	2.50370e-02	5.67185	0.53500	4.36970e-05
1.19259e+04	1.64714e-02	1.31602e-02	2.26898	2.43215	4.36970e-05
1.20812e+04	1.64674e-02	1.53963e-02	4.67642	5.54063	4.36970e-05
1.22365e+04	1.64788e-02	1.42906e-02	2.20619	1.59418	4.36970e-05
1.23918e+04	1.64714e-02	1.86680e-02	5.86640	5.56813	4.36970e-05
1.25471e+04	1.64686e-02	1.89545e-02	6.01044	2.89181	4.36970e-05
1.27024e+04	1.64712e-02	9.29080e-03	3.85317	0.34298	4.36970e-05
1.28576e+04	1.64693e-02	5.48217e-03	4.94879	2.16819	4.36970e-05
1.30129e+04	1.64761e-02	2.37432e-02	4.84650	4.22643	4.36970e-05
1.31682e+04	1.64692e-02	2.37216e-02	4.03440	1.06361	4.36970e-05
1.33235e+04	1.64731e-02	5.34535e-03	4.39238	2.76140	4.36970e-05
1.34788e+04	1.64711e-02	2.66725e-02	1.13401	0.76424	4.36970e-05
1.36341e+04	1.64847e-02	2.47022e-02	4.85898	2.63792	4.36970e-05
1.37894e+04	1.64789e-02	1.95753e-02	4.25452	5.91628	4.36970e-05
1.39446e+04	1.64883e-02	1.66726e-02	4.58564	2.33883	4.36970e-05
1.40999e+04	1.64787e-02	1.90130e-02	4.72942	4.66873	4.36970e-05
1.42552e+04	1.64829e-02	3.40640e-02	5.87697	2.56304	4.36970e-05
1.44105e+04	1.64639e-02	3.73776e-02	4.00408	5.74056	4.36970e-05
1.45658e+04	1.64799e-02	1.57682e-02	1.93728	1.08775	4.36970e-05
1.47211e+04	1.64703e-02	4.45201e-02	4.94334	0.39907	4.36970e-05
1.48764e+04	1.64825e-02	3.56302e-02	2.29811	1.69336	4.36970e-05
1.50316e+04	1.64690e-02	2.70067e-02	1.24861	4.90612	4.36970e-05
1.51869e+04	1.64760e-02	4.86460e-02	0.76900	1.39298	4.36970e-05
1.53422e+04	1.64820e-02	5.17681e-02	0.38123	4.71528	4.36970e-05
1.54975e+04	1.64798e-02	1.87768e-02	3.69848	2.16042	4.36970e-05
1.56528e+04	1.64810e-02	3.36649e-02	4.08805	5.36930	4.36970e-05
1.58081e+04	1.64760e-02	2.49889e-02	2.86758	2.32472	4.36970e-05
1.59634e+04	1.64715e-02	5.24202e-02	3.32247	4.44694	4.36970e-05
1.61186e+04	1.64600e-02	1.60349e-02	0.01625	1.19056	4.36970e-05
1.62739e+04	1.64717e-02	5.73389e-02	1.69661	5.66975	4.36970e-05
1.64292e+04	1.64578e-02	3.37479e-02	5.75688	2.18708	4.36970e-05
1.65845e+04	1.64562e-02	7.24291e-02	4.90686	5.21908	4.36970e-05
1.67398e+04	1.64554e-02	3.38835e-02	2.13046	4.94658	4.36970e-05
1.68951e+04	1.64495e-02	8.00165e-03	5.35184	4.62091	4.36970e-05
1.70504e+04	1.64551e-02	3.34574e-02	5.29928	4.48213	4.36970e-05
1.72056e+04	1.64407e-02	2.38749e-02	5.14836	2.79547	4.36970e-05
1.73609e+04	1.64534e-02	4.01118e-02	4.85743	5.03400	4.36970e-05
1.75162e+04	1.64546e-02	3.25924e-02	3.04350	0.58294	4.36970e-05
1.76715e+04	1.64485e-02	3.88923e-02	0.27825	2.08855	4.36970e-05
1.78268e+04	1.64462e-02	2.68084e-02	3.29436	2.85946	4.36970e-05
1.79821e+04	1.64553e-02	5.56651e-02	1.26226	0.95281	4.36970e-05
1.81374e+04	1.64393e-02	1.13830e-02	3.23901	2.12220	4.36970e-05
1.82926e+04	1.64518e-02	2.16184e-02	5.31656	4.68319	4.36970e-05
1.84479e+04	1.64320e-02	2.38987e-02	4.39986	3.87376	4.36970e-05
1.86032e+04	1.64438e-02	9.35898e-03	5.00802	3.72768	4.36970e-05
1.87585e+04	1.64378e-02	1.14140e-02	1.52446	3.03389	4.36970e-05
1.89138e+04	1.64381e-02	5.01582e-02	1.72337	6.05427	4.36970e-05
1.90691e+04	1.64427e-02	2.30750e-02	5.79925	1.21243	4.36970e-05
1.92244e+04	1.64345e-02	7.48045e-02	5.94661	5.46686	4.36970e-05
1.93796e+04	1.64346e-02	3.01371e-02	0.72381	5.43205	4.36970e-05
1.95349e+04	1.64306e-02	6.37116e-02	5.71374	1.01106	4.36970e-05
1.96902e+04	1.64384e-02	7.32965e-02	2.42453	0.80424	4.36970e-05
1.98455e+04	1.64410e-02	7.68211e-02	0.21867	3.34204	4.36970e-05
2.00008e+04	1.64278e-02	5.71936e-02	1.88129	1.65340	4.36970e-05
2.01561e+04	1.64267e-02	8.42349e-02	3.16444	2.50321	4.36970e-05
2.03114e+04	1.64125e-02	4.05086e-02	1.05849	2.49646	4.36970e-05
2.04666e+04	1.64181e-02	7.00736e-02	2.29176	3.18906	4.36970e-05
2.06219e+04	1.64268e-02	3.58534e-02	3.45591	1.36622	4.36970e-05
2.07772e+04	1.64280e-02	7.47300e-02	1.20477	0.94774	4.36970e-05
2.09325e+04	1.64223e-02	8.17458e-02	3.06712	1.51575	4.36970e-05
2.10878e+04	1.64209e-02	6.03022e-02	5.72248	1.38051	4.36970e-05
2.12431e+04	1.64126e-02	8.67140e-02	2.98978	2.41674	4.36970e-05
2.13984e+04	1.63986e-02	6.99786e-02	5.55927	2.94188	4.36970e-05
2.15536e+04	1.63953e-02	8.11085e-02	4.87506	1.25641	4.36970e-05
2.17089e+04	1.64213e-02	8.84129e-02	3.00427	4.41679	4.36970e-05
2.18642e+04	1.64093e-02	9.60838e-02	5.50334	2.09702	4.36970e-05
2.20195e+04	1.64037e-02	9.62019e-02	1.14636	5.69557	4.36970e-05
2.21748e+04	1.64073e-02	1.05124e-01	3.04226	2.53035	4.36970e-05
2.23301e+04	1.64055e-02	1.11711e-01	5.07251	0.18883	4.36970e-05
2.24853e+04	1.63969e-02	7.98484e-02	5.18004	4.92919	4.36970e-05
2.26406e+04	1.64036e-02	9.93784e-02	3.58114	3.48183	4.36970e-05
2.27959e+04	1.64021e-02	1.02073e-01	3.07840	1.35098	4.36970e-05
2.29512e+04	1.63942e-02	1.09713e-01	4.05090	1.32863	4.36970e-05
2.31065e+04	1.63898e-02	1.05446e-01	6.12967	1.06112	4.36970e-05
2.32618e+04	1.63944e-02	1.12336e-01	4.45521	0.04184	4.36970e-05
2.34171e+04	1.64093e-02	1.10650e-01	1.64743	5.13598	4.36970e-05
2.35723e+04	1.63887e-02	1.02453e-01	1.60473	3.99133	4.36970e-05
2.37276e+04	1.63729e-02	1.02445e-01	5.33521	2.37482	4.36970e-05
2.38829e+04	1.63746e-02	1.15497e-01	4.50508	4.29114	4.36970e-05
2.40382e+04	1.63924e-02	1.15994e-01	1.29570	4.61505	4.36970e-05
2.41935e+04	1.63641e-02	1.32297e-01	1.75364	4.90753	4.36970e-05
2.43488e+04	1.63707e-02	1.16580e-01	4.54008	5.72925	4.36970e-05
2.45041e+04	1.63635e-02	1.26491e-01	4.49318	0.64226	4.36970e-05
2.46593e+04	1.63825e-02	1.13801e-01	2.13143	1.33815	4.36970e-05
2.48146e+04	1.63780e-02	1.35290e-01	2.33516	2.66179	4.36970e-05
2.49699e+04	1.63882e-02	1.32181e-01	5.83013	4.88737	4.36970e-05
2.51252e+04	1.63632e-02	1.34513e-01	0.36360	1.10258	4.36970e-05
2.52805e+04	1.63771e-02	1.34949e-01	4.65504	4.01381	4.36970e-05
2.54358e+04	1.63840e-02	1.33583e-01	4.73418	1.04811	4.36970e-05
2.55911e+04	1.63823e-02	1.31255e-01	1.71669	4.60466	4.36970e-05
2.57463e+04	1.63669e-02	1.38121e-01	2.62218	1.91630	4.36970e-05
2.59016e+04	1.63744e-02	1.35615e-01	0.28668	5.63510	4.36970e-05
2.60569e+04	1.63545e-02	1.39130e-01	1.15811	3.83554	4.36970e-05
2.62122e+04	1.63581e-02	1.36387e-01	5.85357	2.29259	4.36970e-05
2.63675e+04	1.63624e-02	1.43358e-01	1.14769	0.91962	4.36970e-05
2.65228e+04	1.63585e-02	1.55297e-01	1.46395	5.94825	4.36970e-05
2.66781e+04	1.63398e-02	1.45798e-01	5.52765	5.00482	4.36970e-05
2.68333e+04	1.63476e-02	1.29727e-01	0.23871	4.38739	4.36970e-05
2.69886e+04	1.63517e-02	1.34196e-01	5.05493	3.72513	4.36970e-05
2.71439e+04	1.63618e-02	1.39969e-01	1.44054	2.73363	4.36970e-05
2.72992e+04	1.63486e-02	1.52664e-01	1.98020	2.11377	4.36970e-05
2.74545e+04	1.63488e-02	1.45422e-01	0.58151	1.98715	4.36970e-05
2.76098e+04	1.63476e-02	1.39119e-01	3.65621	2.32915	4.36970e-05
2.77651e+04	1.63472e-02	1.55038e-01	3.58803	2.55979	4.36970e-05
2.79203e+04	1.63248e-02	1.39191e-01	2.88478	2.66338	4.36970e-05
2.80756e+04	1.63385e-02	1.36328e-01	0.22511	3.13059	4.36970e-05
2.82309e+04	1.63469e-02	1.65916e-01	2.83400	4.15939	4.36970e-05
2.83862e+04	1.63422e-02	1.44702e-01	5.45258	5.49468	4.36970e-05
2.85415e+04	1.63066e-02	1.54573e-01	3.27909	0.53158	4.36970e-05
2.86968e+04	1.63369e-02	1.41947e-01	4.23592	1.77631	4.36970e-05
2.88521e+04	1.63249e-02	1.61740e-01	3.03643	3.60704	4.36970e-05
2.90073e+04	1.63319e-02	1.45549e-01	0.69342	5.90512	4.36970e-05
2.91626e+04	1.63148e-02	1.60516e-01	4.52191	2.21208	4.36970e-05
2.93179e+04	1.62959e-02	1.52398e-01	3.96859	4.88451	4.36970e-05
2.94732e+04	1.63360e-02	1.37742e-01	5.76535	1.31798	4.36970e-05
2.96285e+04	1.63206e-02	1.65847e-01	4.21755	4.47288	4.36970e-05
2.97838e+04	1.63171e-02	1.66215e-01	0.64210	1.92142	4.36970e-05
2.99391e+04	1.63047e-02	1.63130e-01	1.05387	5.98341	4.36970e-05
3.00943e+04	1.63162e-02	1.47618e-01	5.43925	3.92131	4.36970e-05
3.02496e+04	1.63041e-02	1.45343e-01	2.99039	1.96075	4.36970e-05
3.04049e+04	1.62835e-02	1.53341e-01	4.71901	0.11741	4.36970e-05
3.05602e+04	1.62996e-02	1.62647e-01	4.83519	4.93215	4.36970e-05
3.07155e+04	1.63011e-02	1.67189e-01	3.81536	3.87913	4.36970e-05
3.08708e+04	1.63053e-02	1.67087e-01	2.00568	3.14369	4.36970e-05
3.10261e+04	1.62858e-02	1.64898e-01	5.54311	2.51201	4.36970e-05
3.11813e+04	1.62644e-02	1.59871e-01	2.14063	1.97871	4.36970e-05
3.13366e+04	1.62740e-02	1.59119e-01	4.29977	1.59779	4.36970e-05
3.14919e+04	1.62570e-02	1.53567e-01	5.74224	1.40051	4.36970e-05
3.16472e+04	1.62802e-02	1.58962e-01	6.22792	1.45796	4.36970e-05
3.18025e+04	1.62755e-02	1.69342e-01	0.89965	1.85600	4.36970e-05
3.19578e+04	1.62621e-02	1.77240e-01	0.82529	2.47889	4.36970e-05
3.21131e+04	1.62804e-02	1.79694e-01	1.36344	3.21724	4.36970e-05
3.22683e+04	1.62552e-02	1.64802e-01	1.05586	4.02623	4.36970e-05
3.24236e+04	1.62415e-02	1.58913e-01	1.78715	4.97142	4.36970e-05
3.25789e+04	1.62548e-02	1.70916e-01	1.97467	6.08500	4.36970e-05
3.27342e+04	1.62348e-02	1.76957e-01	2.68441	1.12747	4.36970e-05
3.28895e+04	1.62607e-02	1.67399e-01	4.23124	2.73107	4.36970e-05
3.30448e+04	1.62389e-02	1.69589e-01	6.00335	4.62396	4.36970e-05
3.32001e+04	1.62383e-02	1.85018e-01	1.83697	0.41939	4.36970e-05
3.33553e+04	1.62373e-02	1.71157e-01	4.81957	2.62017	4.36970e-05
3.35106e+04	1.62529e-02	1.77921e-01	2.54501	4.93826	4.36970e-05
3.36659e+04	1.62184e-02	1.74491e-01	1.41889	1.09452	4.36970e-05
3.38212e+04	1.62320e-02	1.62886e-01	1.39775	3.73114	4.36970e-05
3.39765e+04	1.62239e-02	1.78543e-01	2.80918	0.20565	4.36970e-05
3.41318e+04	1.62199e-02	1.63339e-01	5.51916	3.08788	4.36970e-05
3.42871e+04	1.62214e-02	1.79684e-01	3.33961	6.19312	4.36970e-05
3.44423e+04	1.62398e-02	1.73549e-01	2.91655	3.20341	4.36970e-05
3.45976e+04	1.62246e-02	1.88833e-01	4.28606	0.34457	4.36970e-05
3.47529e+04	1.62125e-02	1.71497e-01	1.26950	3.98665	4.36970e-05
3.49082e+04	1.62231e-02	1.91246e-01	0.28219	1.46476	4.36970e-05
3.50635e+04	1.62270e-02	1.74196e-01	0.96844	5.34137	4.36970e-05
3.52188e+04	1.62092e-02	1.82057e-01	3.67133	3.11233	4.36970e-05
3.53741e+04	1.61961e-02	1.85111e-01	2.86421	0.94930	4.36970e-05
3.55293e+04	1.62103e-02	1.76424e-01	4.72925	5.22983	4.36970e-05
3.56846e+04	1.61983e-02	1.84634e-01	2.22083	3.24005	4.36970e-05
3.58399e+04	1.62090e-02	1.78930e-01	2.63611	1.41848	4.36970e-05
3.59952e+04	1.61862e-02	1.75826e-01	6.06698	5.94635	4.36970e-05
3.61505e+04	1.61865e-02	1.86337e-01	5.30619	4.36285	4.36970e-05
3.63058e+04	1.61846e-02	1.75435e-01	2.11457	2.83697	4.36970e-05
3.64610e+04	1.61915e-02	1.76749e-01	1.00554	1.47633	4.36970e-05
3.66163e+04	1.61672e-02	1.88327e-01	3.89589	0.17675	4.36970e-05
3.67716e+04	1.61718e-02	1.79347e-01	2.95388	5.26569	4.36970e-05
3.69269e+04	1.61696e-02	1.75599e-01	6.24759	4.21844	4.36970e-05
3.70822e+04	1.61673e-02	1.90274e-01	5.71520	3.22256	4.36970e-05
3.72375e+04	1.61636e-02	1.87368e-01	3.26648	2.38100	4.36970e-05
3.73928e+04	1.61405e-02	1.74681e-01	4.05031	1.59759	4.36970e-05
3.75480e+04	1.61620e-02	1.83382e-01	2.09299	0.95862	4.36970e-05
3.77033e+04	1.61550e-02	1.90185e-01	4.64544	0.39163	4.36970e-05
3.78586e+04	1.61723e-02	1.90665e-01	4.50713	6.13721	4.36970e-05
3.80139e+04	1.61276e-02	1.80093e-01	1.78127	5.71549	4.36970e-05
3.81692e+04	1.61361e-02	1.81286e-01	3.56935	5.42855	4.36970e-05
3.83245e+04	1.61404e-02	1.87852e-01	3.44784	5.18043	4.36970e-05
3.84798e+04	1.61347e-02	1.97568e-01	0.99502	4.98919	4.36970e-05
3.86350e+04	1.61382e-02	1.91027e-01	2.74999	4.89104	4.36970e-05
3.87903e+04	1.61455e-02	1.80443e-01	2.76076	4.85401	4.36970e-05
3.89456e+04	1.61378e-02	1.83242e-01	1.18574	4.93481	4.36970e-05
3.91009e+04	1.61137e-02	1.87312e-01	4.24499	5.10042	4.36970e-05
3.92562e+04	1.61438e-02	1.92455e-01	5.85088	5.28748	4.36970e-05
3.94115e+04	1.61158e-02	1.92390e-01	5.78011	5.54974	4.36970e-05
3.95668e+04	1.61088e-02	1.85658e-01	4.27692	5.88982	4.36970e-05
3.97220e+04	1.61184e-02	1.83218e-01	1.32096	0.03311	4.36970e-05
3.98773e+04	1.60906e-02	1.84396e-01	3.08510	0.56399	4.36970e-05
4.00326e+04	1.61026e-02	1.82964e-01	3.59976	1.15362	4.36970e-05
4.01879e+04	1.61020e-02	1.87367e-01	2.67131	1.76202	4.36970e-05
4.03432e+04	1.60924e-02	1.94625e-01	0.32452	2.42099	4.36970e-05
4.04985e+04	1.60938e-02	1.96488e-01	2.84844	3.14120	4.36970e-05
4.06538e+04	1.61027e-02	1.96539e-01	3.92011	3.90938	4.36970e-05
4.08090e+04	1.60984e-02	1.96789e-01	3.39948	4.75336	4.36970e-05
4.09643e+04	1.60987e-02	1.92035e-01	1.21097	5.67398	4.36970e-05
4.11196e+04	1.60788e-02	1.88812e-01	3.79346	0.34470	4.36970e-05
4.12749e+04	1.60997e-02	1.87349e-01	4.69480	1.34181	4.36970e-05
4.14302e+04	1.60658e-02	1.87477e-01	4.09173	2.38541	4.36970e-05
4.15855e+04	1.60913e-02	1.93858e-01	1.79299	3.48131	4.36970e-05
4.17408e+04	1.60812e-02	1.96240e-01	4.35077	4.60312	4.36970e-05
4.18960e+04	1.60837e-02	2.02095e-01	5.55573	5.77097	4.36970e-05
4.20513e+04	1.60600e-02	2.04698e-01	5.30805	0.70042	4.36970e-05
4.22066e+04	1.60586e-02	2.03692e-01	3.36919	1.98400	4.36970e-05
4.23619e+04	1.60654e-02	1.99463e-01	0.08740	3.31549	4.36970e-05
4.25172e+04	1.60556e-02	1.92608e-01	1.79555	4.67582	4.36970e-05
4.26725e+04	1.60396e-02	1.88312e-01	2.07539	6.07045	4.36970e-05
4.28278e+04	1.60659e-02	1.87384e-01	1.13029	1.20389	4.36970e-05
4.29830e+04	1.60508e-02	1.85737e-01	5.33750	2.64610	4.36970e-05
4.31383e+04	1.60508e-02	1.82332e-01	2.26122	4.06949	4.36970e-05
4.32936e+04	1.60544e-02	1.82706e-01	4.37863	5.46412	4.36970e-05
4.34489e+04	1.60545e-02	1.85875e-01	5.35937	0.60782	4.36970e-05
4.36042e+04	1.60462e-02	1.90667e-01	5.42366	2.07908	4.36970e-05
4.37595e+04	1.60292e-02	1.92895e-01	4.57753	3.58664	4.36970e-05
4.39148e+04	1.60274e-02	1.94895e-01	2.80301	5.15354	4.36970e-05
4.40700e+04	1.60310e-02	1.97384e-01	0.31874	0.51280	4.36970e-05
4.42253e+04	1.60180e-02	2.01115e-01	3.17239	2.19905	4.36970e-05
4.43806e+04	1.60291e-02	2.03534e-01	5.09706	3.94470	4.36970e-05
4.45359e+04	1.60160e-02	2.07837e-01	6.26267	5.72540	4.36970e-05
4.46912e+04	1.60169e-02	2.09634e-01	0.90914	1.20409	4.36970e-05
4.48465e+04	1.60033e-02	2.02876e-01	1.44087	3.03217	4.36970e-05
4.50018e+04	1.60202e-02	1.98842e-01	0.92187	4.95412	4.36970e-05
4.51570e+04	1.60098e-02	1.96068e-01	0.54882	0.66631	4.36970e-05
4.53123e+04	1.59971e-02	1.91634e-01	6.26202	2.79056	4.36970e-05
4.54676e+04	1.60117e-02	1.93295e-01	4.81988	5.01500	4.36970e-05
4.56229e+04	1.60018e-02	1.97098e-01	3.69556	0.96857	4.36970e-05
4.57782e+04	1.59959e-02	1.96389e-01	2.73526	3.18459	4.36970e-05
4.59335e+04	1.59993e-02	1.95881e-01	1.35958	5.35419	4.36970e-05
4.60888e+04	1.60008e-02	2.00496e-01	5.98093	1.24975	4.36970e-05
4.62440e+04	1.59938e-02	1.97200e-01	5.11416	3.41039	4.36970e-05
4.63993e+04	1.59955e-02	1.92834e-01	3.98800	5.70990	4.36970e-05
4.65546e+04	1.59738e-02	1.91994e-01	2.62855	1.72953	4.36970e-05
4.67099e+04	1.59702e-02	1.94590e-01	1.59351	4.15798	4.36970e-05
4.68652e+04	1.59805e-02	1.94897e-01	1.08596	0.46524	4.36970e-05
4.70205e+04	1.59697e-02	1.95168e-01	0.27433	2.99735	4.36970e-05
4.71758e+04	1.59734e-02	1.99068e-01	0.51100	5.59225	4.36970e-05
4.73310e+04	1.59321e-02	1.97357e-01	1.10548	1.77024	4.36970e-05
4.74863e+04	1.59308e-02	2.03858e-01	2.13513	4.07502	4.36970e-05
4.76416e+04	1.59651e-02	2.04289e-01	3.92507	0.24650	4.36970e-05
4.77969e+04	1.59603e-02	1.99964e-01	5.68476	2.63857	4.36970e-05
4.79522e+04	1.59585e-02	1.98780e-01	2.44429	5.13402	4.36970e-05
4.81075e+04	1.59535e-02	1.95517e-01	5.49019	1.38787	4.36970e-05
4.82628e+04	1.59513e-02	2.00231e-01	3.28379	3.99199	4.36970e-05
4.84180e+04	1.59282e-02	1.98126e-01	1.56191	0.24799	4.36970e-05
4.85733e+04	1.59180e-02	2.03059e-01	0.54712	2.68299	4.36970e-05
4.87286e+04	1.59352e-02	2.02743e-01	0.80282	5.07221	4.36970e-05
4.88839e+04	1.59272e-02	2.01784e-01	1.26608	1.15312	4.36970e-05
4.90392e+04	1.59325e-02	2.00542e-01	3.18556	3.58682	4.36970e-05
4.91945e+04	1.59074e-02	1.96719e-01	5.11696	6.12500	4.36970e-05
4.93498e+04	1.59188e-02	1.98127e-01	2.00589	2.42334	4.36970e-05
4.95050e+04	1.59189e-02	1.97497e-01	5.89245	4.95861	4.36970e-05
4.96603e+04	1.59134e-02	2.00421e-01	4.32842	1.08178	4.36970e-05
4.98156e+04	1.59042e-02	1.99691e-01	4.21984	3.51819	4.36970e-05
4.99709e+04	1.58844e-02	1.98179e-01	4.41895	5.97788	4.36970e-05
5.01262e+04	1.59002e-02	2.02034e-01	5.96522	2.32274	4.36970e-05
5.02815e+04	1.58865e-02	1.99539e-01	1.93785	4.95309	4.36970e-05
5.04367e+04	1.58699e-02	2.06236e-01	5.32520	1.29502	4.36970e-05
5.05920e+04	1.59049e-02	2.06428e-01	3.48241	3.79989	4.36970e-05
5.07473e+04	1.59014e-02	2.07213e-01	2.22890	0.05296	4.36970e-05
5.09026e+04	1.58749e-02	1.96051e-01	1.82621	2.62033	4.36970e-05
5.10579e+04	1.58883e-02	1.98131e-01	1.80151	5.42720	4.36970e-05
5.12132e+04	1.58810e-02	1.90902e-01	2.55853	1.90820	4.36970e-05
5.13685e+04	1.58864e-02	1.95134e-01	3.80067	4.61228	4.36970e-05
5.15237e+04	1.58781e-02	1.94067e-01	5.47036	1.00224	4.36970e-05
5.16790e+04	1.58417e-02	2.00991e-01	1.49613	3.49456	4.36970e-05
5.18343e+04	1.58621e-02	1.97381e-01	3.88011	6.11704	4.36970e-05
5.19896e+04	1.58721e-02	1.99834e-01	0.26677	2.41943	4.36970e-05
5.21449e+04	1.58390e-02	1.99940e-01	2.62383	5.22192	4.36970e-05
5.23002e+04	1.58378e-02	2.03505e-01	5.37353	1.58954	4.36970e-05
5.24555e+04	1.58620e-02	2.04189e-01	2.13040	4.17520	4.36970e-05
5.26107e+04	1.58501e-02	2.04498e-01	5.23781	0.58398	4.36970e-05
5.27660e+04	1.58433e-02	2.00232e-01	2.41191	3.19318	4.36970e-05
5.29213e+04	1.58448e-02	2.03918e-01	5.93591	6.07525	4.36970e-05
5.30766e+04	1.58413e-02	1.99114e-01	3.36321	2.56005	4.36970e-05
5.32319e+04	1.58136e-02	1.98904e-01	1.71771	5.23610	4.36970e-05
5.33872e+04	1.58217e-02	1.99100e-01	5.73638	1.79810	4.36970e-05
5.35425e+04	1.58383e-02	1.99887e-01	4.99734	4.52033	4.36970e-05
5.36977e+04	1.58136e-02	2.02936e-01	3.90673	0.97538	4.36970e-05
5.38530e+04	1.58223e-02	2.01638e-01	3.85933	3.69979	4.36970e-05
5.40083e+04	1.58060e-02	2.04067e-01	3.86515	0.09058	4.36970e-05
5.41636e+04	1.58073e-02	2.03115e-01	4.31981	2.84061	4.36970e-05
5.43189e+04	1.58151e-02	2.05312e-01	5.67725	5.46789	4.36970e-05
5.44742e+04	1.58124e-02	2.04908e-01	0.49283	1.91421	4.36970e-05
5.46295e+04	1.58134e-02	2.02252e-01	2.98477	4.61001	4.36970e-05
5.47847e+04	1.57953e-02	2.04744e-01	5.20163	1.07187	4.36970e-05
5.49400e+04	1.58076e-02	2.00271e-01	2.05320	3.75744	4.36970e-05
5.50953e+04	1.57975e-02	2.01910e-01	5.76350	0.15556	4.36970e-05
5.52506e+04	1.58004e-02	1.98278e-01	3.22218	2.86908	4.36970e-05
5.54059e+04	1.57811e-02	1.97405e-01	1.99370	5.53813	4.36970e-05
5.55612e+04	1.57817e-02	2.00186e-01	0.69085	1.99174	4.36970e-05
5.57165e+04	1.57655e-02	1.99311e-01	0.27181	4.62079	4.36970e-05
5.58717e+04	1.57869e-02	2.00681e-01	0.56458	1.02867	4.36970e-05
5.60270e+04	1.57875e-02	2.01630e-01	1.02537	3.67102	4.36970e-05
5.61823e+04	1.57673e-02	2.01906e-01	2.40858	0.10256	4.36970e-05
5.63376e+04	1.57583e-02	2.05227e-01	4.41063	2.79054	4.36970e-05
5.64929e+04	1.57756e-02	2.05097e-01	0.27175	5.41462	4.36970e-05
5.66482e+04	1.57498e-02	2.00894e-01	3.35343	1.80426	4.36970e-05
5.68035e+04	1.57509e-02	2.01972e-01	0.16250	4.40430	4.36970e-05
5.69587e+04	1.57693e-02	1.97783e-01	3.36042	0.82617	4.36970e-05
5.71140e+04	1.57700e-02	1.99773e-01	0.94169	3.43548	4.36970e-05
5.72693e+04	1.57554e-02	1.98601e-01	3.93592	6.06190	4.36970e-05
5.74246e+04	1.57670e-02	1.97629e-01	1.46961	2.38370	4.36970e-05
5.75799e+04	1.57522e-02	2.01494e-01	4.47462	5.02153	4.36970e-05
5.77352e+04	1.57331e-02	2.00811e-01	0.94265	1.39333	4.36970e-05
5.78905e+04	1.57324e-02	2.03933e-01	3.63630	4.00636	4.36970e-05
5.80457e+04	1.57306e-02	2.06135e-01	5.27702	0.36465	4.36970e-05
5.82010e+04	1.57373e-02	2.03871e-01	0.84568	2.96571	4.36970e-05
5.83563e+04	1.57186e-02	2.04392e-01	2.14043	5.65880	4.36970e-05
5.85116e+04	1.57247e-02	2.03741e-01	2.84093	1.96713	4.36970e-05
5.86669e+04	1.57148e-02	1.99042e-01	3.32643	4.60217	4.36970e-05
5.88222e+04	1.57291e-02	2.00698e-01	3.63490	0.92304	4.36970e-05
5.89775e+04	1.57005e-02	1.98653e-01	3.06111	3.52911	4.36970e-05
5.91327e+04	1.56993e-02	1.97712e-01	2.44280	6.19953	4.36970e-05
5.92880e+04	1.57232e-02	2.01683e-01	1.78075	2.45597	4.36970e-05
5.94433e+04	1.56965e-02	2.03535e-01	0.01675	5.06386	4.36970e-05
5.95986e+04	1.56950e-02	1.98832e-01	4.54315	1.33877	4.36970e-05
5.97539e+04	1.57121e-02	2.01801e-01	2.66401	3.94133	4.36970e-05
5.99092e+04	1.57088e-02	2.03072e-01	6.21717	0.30861	4.36970e-05
6.00645e+04	1.56886e-02	1.99609e-01	3.20953	2.79704	4.36970e-05
6.02197e+04	1.56997e-02	1.99368e-01	0.01428	5.37501	4.36970e-05
6.03750e+04	1.57010e-02	1.99940e-01	2.88233	1.64864	4.36970e-05
6.05303e+04	1.56818e-02	2.01826e-01	5.00653	4.20473	4.36970e-05
6.06856e+04	1.56646e-02	2.02370e-01	0.54302	0.45336	4.36970e-05
6.08409e+04	1.56815e-02	2.03640e-01	2.49380	2.89948	4.36970e-05
6.09962e+04	1.56619e-02	2.04150e-01	3.52009	5.42203	4.36970e-05
6.11515e+04	1.56562e-02	2.01612e-01	4.18845	1.61182	4.36970e-05
6.13067e+04	1.56712e-02	2.00507e-01	4.57307	4.15812	4.36970e-05
6.14620e+04	1.56611e-02	1.99080e-01	4.78956	0.33201	4.36970e-05
6.16173e+04	1.56755e-02	2.01234e-01	4.16238	2.76075	4.36970e-05
6.17726e+04	1.56456e-02	1.99279e-01	2.89821	5.24254	4.36970e-05
6.19279e+04	1.56484e-02	2.00710e-01	1.46961	1.41214	4.36970e-05
6.20832e+04	1.56523e-02	2.03099e-01	5.30758	3.89853	4.36970e-05
6.22385e+04	1.56396e-02	2.02196e-01	1.87572	6.25925	4.36970e-05
6.23937e+04	1.56478e-02	1.99784e-01	3.84452	2.41820	4.36970e-05
6.25490e+04	1.56504e-02	1.97784e-01	5.03087	4.88161	4.36970e-05
6.27043e+04	1.56306e-02	2.00761e-01	4.76406	0.97540	4.36970e-05
6.28596e+04	1.56520e-02	2.01491e-01	2.94415	3.36058	4.36970e-05
6.30149e+04	1.56448e-02	2.00368e-01	0.25755	5.69421	4.36970e-05
6.31702e+04	1.56439e-02	2.04350e-01	2.43307	1.82642	4.36970e-05
6.33255e+04	1.56294e-02	2.04561e-01	2.87272	4.16898	4.36970e-05
6.34807e+04	1.56347e-02	2.03669e-01	1.76629	0.19968	4.36970e-05
6.36360e+04	1.56381e-02	1.98617e-01	6.02455	2.47802	4.36970e-05
6.37913e+04	1.56283e-02	2.00058e-01	2.40984	4.78149	4.36970e-05
6.39466e+04	1.56184e-02	2.01640e-01	3.43238	0.78704	4.36970e-05
6.41019e+04	1.56281e-02	2.01463e-01	2.88981	3.02557	4.36970e-05
6.42572e+04	1.56223e-02	1.99535e-01	1.32156	5.26465	4.36970e-05
6.44124e+04	1.56124e-02	1.99024e-01	4.40243	1.23889	4.36970e-05
6.45677e+04	1.56086e-02	1.97956e-01	5.70614	3.50250	4.36970e-05
6.47230e+04	1.56142e-02	1.98950e-01	5.58864	5.69214	4.36970e-05
6.48783e+04	1.56218e-02	2.00150e-01	4.15873	1.62066	4.36970e-05
6.50336e+04	1.56101e-02	2.01531e-01	1.34547	3.82611	4.36970e-05
6.51889e+04	1.55787e-02	2.03321e-01	3.09736	6.06436	4.36970e-05
6.53442e+04	1.55866e-02	2.03676e-01	3.17192	1.93527	4.36970e-05
6.54994e+04	1.55762e-02	1.99480e-01	1.73824	4.09458	4.36970e-05
6.56547e+04	1.55979e-02	1.99114e-01	5.38729	6.21837	4.36970e-05
6.58100e+04	1.55897e-02	2.00285e-01	1.15574	2.08608	4.36970e-05
6.59653e+04	1.55816e-02	2.01679e-01	1.60970	4.18796	4.36970e-05
6.61206e+04	1.55867e-02	2.01842e-01	0.19227	6.26110	4.36970e-05
6.62759e+04	1.55655e-02	1.97496e-01	3.52920	2.04633	4.36970e-05
6.64312e+04	1.55724e-02	1.97861e-01	5.30952	4.12636	4.36970e-05
6.65864e+04	1.55552e-02	1.98733e-01	5.71930	6.17920	4.36970e-05
6.67417e+04	1.55555e-02	2.02253e-01	4.36101	1.91411	4.36970e-05
6.68970e+04	1.55684e-02	2.02285e-01	1.10115	3.93519	4.36970e-05
6.70523e+04	1.55451e-02	1.99583e-01	2.02595	5.95969	4.36970e-05
6.72076e+04	1.55511e-02	1.99873e-01	1.12485	1.67875	4.36970e-05
6.73629e+04	1.55402e-02	2.00985e-01	4.50453	3.66241	4.36970e-05
6.75182e+04	1.55536e-02	2.01795e-01	5.82355	5.63938	4.36970e-05
6.76734e+04	1.55569e-02	1.99441e-01	4.74501	1.36762	4.36970e-05
6.78287e+04	1.55351e-02	1.99435e-01	1.32569	3.34826	4.36970e-05
6.79840e+04	1.55554e-02	2.00486e-01	1.46588	5.25870	4.36970e-05
6.81393e+04	1.55582e-02	2.03246e-01	5.50117	0.87847	4.36970e-05
6.82946e+04	1.55465e-02	2.04475e-01	0.66939	2.81368	4.36970e-05
6.84499e+04	1.55369e-02	2.02292e-01	6.05280	4.72169	4.36970e-05
6.86052e+04	1.55477e-02	1.99391e-01	2.55662	0.26988	4.36970e-05
6.87604e+04	1.55493e-02	2.00422e-01	2.78266	2.09131	4.36970e-05
6.89157e+04	1.55096e-02	2.00954e-01	0.12389	3.93284	4.36970e-05
6.90710e+04	1.55112e-02	2.01934e-01	1.11731	5.76661	4.36970e-05
6.92263e+04	1.54997e-02	1.99808e-01	5.84356	1.27564	4.36970e-05
6.93816e+04	1.55249e-02	1.98460e-01	1.74599	2.99743	4.36970e-05
6.95369e+04	1.55269e-02	1.99606e-01	1.45561	4.75300	4.36970e-05
6.96922e+04	1.55182e-02	2.00301e-01	4.62669	0.20561	4.36970e-05
6.98474e+04	1.55167e-02	2.00572e-01	5.08449	1.93858	4.36970e-05
7.00027e+04	1.55142e-02	1.98150e-01	2.86837	3.59895	4.36970e-05
7.01580e+04	1.55085e-02	1.98874e-01	4.09216	5.25564	4.36970e-05
7.03133e+04	1.54816e-02	2.02941e-01	2.64521	0.69096	4.36970e-05
7.04686e+04	1.55060e-02	2.04332e-01	4.67357	2.32219	4.36970e-05
7.06239e+04	1.55112e-02	2.00727e-01	3.98154	3.95363	4.36970e-05
7.07792e+04	1.54848e-02	1.97792e-01	0.69125	5.54082	4.36970e-05
7.09344e+04	1.55032e-02	2.00303e-01	0.84788	0.83710	4.36970e-05
7.10897e+04	1.54899e-02	2.01042e-01	4.51681	2.51874	4.36970e-05
7.12450e+04	1.54985e-02	1.96431e-01	5.33914	4.08203	4.36970e-05
7.14003e+04	1.54690e-02	1.96278e-01	3.49709	5.58547	4.36970e-05
7.15556e+04	1.54644e-02	2.01084e-01	4.98753	0.88112	4.36970e-05
7.17109e+04	1.54660e-02	1.99301e-01	3.64699	2.41914	4.36970e-05
7.18662e+04	1.54922e-02	1.94838e-01	5.74644	3.97005	4.36970e-05
7.20214e+04	1.54769e-02	2.01617e-01	5.01619	5.48971	4.36970e-05
7.21767e+04	1.54805e-02	2.06938e-01	1.24528	0.65415	4.36970e-05
7.23320e+04	1.54696e-02	1.99282e-01	0.73082	2.19692	4.36970e-05
7.24873e+04	1.54799e-02	1.96371e-01	3.57722	3.69102	4.36970e-05
7.26426e+04	1.54671e-02	2.03308e-01	3.30284	5.07294	4.36970e-05
7.27979e+04	1.54636e-02	2.01958e-01	5.88049	0.27772	4.36970e-05
7.29532e+04	1.54626e-02	1.97866e-01	5.11839	1.71137	4.36970e-05
7.31084e+04	1.54627e-02	2.02679e-01	1.02106	3.02516	4.36970e-05
7.32637e+04	1.54591e-02	2.04942e-01	5.79098	4.47921	4.36970e-05
7.34190e+04	1.54470e-02	1.97734e-01	0.74632	5.91168	4.36970e-05
7.35743e+04	1.54484e-02	1.98767e-01	4.71362	0.86377	4.36970e-05
7.37296e+04	1.54488e-02	2.05803e-01	4.94699	2.24506	4.36970e-05
7.38849e+04	1.54316e-02	1.99509e-01	1.40708	3.68832	4.36970e-05
7.40402e+04	1.54515e-02	1.97088e-01	0.74107	4.90389	4.36970e-05
7.41954e+04	1.54417e-02	2.04614e-01	2.67616	6.13671	4.36970e-05
7.43507e+04	1.54453e-02	1.99587e-01	0.69813	1.21559	4.36970e-05
7.45060e+04	1.54248e-02	1.97104e-01	1.38388	2.44007	4.36970e-05
7.46613e+04	1.54417e-02	2.04687e-01	4.69282	3.58351	4.36970e-05
7.48166e+04	1.54275e-02	1.97812e-01	4.10757	4.85272	4.36970e-05
7.49719e+04	1.54265e-02	1.93211e-01	6.13072	6.08464	4.36970e-05
7.51272e+04	1.54273e-02	2.03666e-01	4.50124	0.87724	4.36970e-05
7.52824e+04	1.54125e-02	1.97629e-01	5.22306	1.98170	4.36970e-05
7.54377e+04	1.54214e-02	1.93264e-01	2.05500	3.19758	4.36970e-05
7.55930e+04	1.54167e-02	2.02603e-01	1.37454	4.39193	4.36970e-05
7.57483e+04	1.54123e-02	1.99664e-01	3.29455	5.39438	4.36970e-05
7.59036e+04	1.54139e-02	1.96355e-01	1.57573	0.05810	4.36970e-05
7.60589e+04	1.54114e-02	2.01202e-01	2.11060	1.21870	4.36970e-05
7.62142e+04	1.53861e-02	1.97416e-01	5.11407	2.37338	4.36970e-05
7.63694e+04	1.53978e-02	1.99148e-01	4.38351	3.29014	4.36970e-05
7.65247e+04	1.53948e-02	2.03690e-01	5.81662	4.19631	4.36970e-05
7.66800e+04	1.53780e-02	1.92128e-01	3.25250	5.22229	4.36970e-05
7.68353e+04	1.53890e-02	1.95123e-01	3.19162	6.27555	4.36970e-05
7.69906e+04	1.53977e-02	2.05200e-01	5.54955	0.95172	4.36970e-05
7.71459e+04	1.53915e-02	1.96438e-01	4.22984	1.73821	4.36970e-05
7.73012e+04	1.53696e-02	1.99578e-01	4.97146	2.60915	4.36970e-05
7.74564e+04	1.53711e-02	1.94619e-01	1.47596	3.62457	4.36970e-05
7.76117e+04	1.53737e-02	1.95509e-01	0.49876	4.52164	4.36970e-05
7.77670e+04	1.53610e-02	2.04907e-01	2.01364	5.27829	4.36970e-05
7.79223e+04	1.53804e-02	1.96947e-01	5.82701	5.99654	4.36970e-05
7.80776e+04	1.53721e-02	1.96391e-01	5.34736	0.50937	4.36970e-05
7.82329e+04	1.53693e-02	1.99922e-01	0.60654	1.43406	4.36970e-05
7.83882e+04	1.53702e-02	1.94474e-01	4.52526	2.27599	4.36970e-05
7.85434e+04	1.53663e-02	2.03032e-01	4.37543	2.96811	4.36970e-05
7.86987e+04	1.53540e-02	1.97285e-01	5.94493	3.59414	4.36970e-05
7.88540e+04	1.53567e-02	1.97033e-01	3.12384	4.26061	4.36970e-05
7.90093e+04	1.53564e-02	1.98964e-01	2.27930	5.07358	4.36970e-05
7.91646e+04	1.53494e-02	1.94988e-01	3.23533	5.79259	4.36970e-05
7.93199e+04	1.53440e-02	2.02976e-01	5.69932	0.08342	4.36970e-05
7.94751e+04	1.53443e-02	1.94794e-01	3.41728	0.60530	4.36970e-05
7.96304e+04	1.53438e-02	1.98992e-01	3.04312	1.15808	4.36970e-05
7.97857e+04	1.53452e-02	1.98344e-01	4.09271	1.85570	4.36970e-05
7.99410e+04	1.53369e-02	1.93577e-01	0.15855	2.47629	4.36970e-05
8.00963e+04	1.53366e-02	2.02786e-01	4.24050	3.00106	4.36970e-05
8.02516e+04	1.53346e-02	1.96730e-01	3.85473	3.40233	4.36970e-05
8.04069e+04	1.53316e-02	2.00107e-01	4.74933	3.84298	4.36970e-05
8.05621e+04	1.53264e-02	1.94067e-01	0.61748	4.40191	4.36970e-05
8.07174e+04	1.53278e-02	1.98445e-01	4.59247	4.92322	4.36970e-05
8.08727e+04	1.53206e-02	1.98853e-01	3.71338	5.39446	4.36970e-05
8.10280e+04	1.53223e-02	1.96735e-01	4.21815	5.74069	4.36970e-05
8.11833e+04	1.53116e-02	2.02065e-01	6.24242	6.10558	4.36970e-05
8.13386e+04	1.53173e-02	1.93305e-01	3.70431	0.19068	4.36970e-05
8.14939e+04	1.53150e-02	1.98034e-01	2.30506	0.61942	4.36970e-05
8.16491e+04	1.53103e-02	1.95767e-01	2.23395	1.01842	4.36970e-05
8.18044e+04	1.52954e-02	1.99177e-01	4.01923	1.31820	4.36970e-05
8.19597e+04	1.53074e-02	1.94211e-01	0.77432	1.57345	4.36970e-05
8.21150e+04	1.53074e-02	2.00447e-01	5.12240	1.77983	4.36970e-05
8.22703e+04	1.52837e-02	1.94344e-01	4.59651	2.08834	4.36970e-05
8.24256e+04	1.52782e-02	1.94085e-01	5.62838	2.38334	4.36970e-05
8.25809e+04	1.52761e-02	1.97024e-01	1.31987	2.67276	4.36970e-05
8.27361e+04	1.52927e-02	1.97352e-01	4.99690	2.86125	4.36970e-05
8.28914e+04	1.52715e-02	1.97555e-01	3.80287	3.03054	4.36970e-05
8.30467e+04	1.52876e-02	1.95166e-01	3.81799	3.13614	4.36970e-05
8.32020e+04	1.52893e-02	1.96624e-01	5.09586	3.34604	4.36970e-05
8.33573e+04	1.52670e-02	1.93843e-01	1.63650	3.53068	4.36970e-05
8.35126e+04	1.52834e-02	1.97124e-01	5.52297	3.69366	4.36970e-05
8.36679e+04	1.52793e-02	1.95352e-01	4.50727	3.76715	4.36970e-05
8.38231e+04	1.52728e-02	2.00894e-01	5.01681	3.80201	4.36970e-05
8.39784e+04	1.52759e-02	1.91090e-01	0.24844	3.81239	4.36970e-05
8.41337e+04	1.52485e-02	1.98051e-01	2.93502	3.89352	4.36970e-05
8.42890e+04	1.52570e-02	1.93003e-01	0.94840	3.94328	4.36970e-05
8.44443e+04	1.52648e-02	1.95827e-01	6.09983	3.97378	4.36970e-05
8.45996e+04	1.52380e-02	1.96000e-01	0.12118	3.90691	4.36970e-05
8.47549e+04	1.52683e-02	1.97751e-01	1.75675	3.82438	4.36970e-05
8.49101e+04	1.52435e-02	1.92847e-01	4.25771	3.72377	4.36970e-05
8.50654e+04	1.52321e-02	1.97325e-01	1.83033	3.68591	4.36970e-05
8.52207e+04	1.52505e-02	1.92479e-01	0.66519	3.62973	4.36970e-05
8.53760e+04	1.52579e-02	1.96796e-01	0.28422	3.54432	4.36970e-05
8.55313e+04	1.52437e-02	1.96961e-01	1.30332	3.36514	4.36970e-05
8.56866e+04	1.52313e-02	1.95038e-01	3.23181	3.18899	4.36970e-05
8.58419e+04	1.52337e-02	1.95545e-01	5.88145	2.95202	4.36970e-05
8.59971e+04	1.52435e-02	1.94172e-01	3.39194	2.81254	4.36970e-05
8.61524e+04	1.52209e-02	1.94894e-01	1.59858	2.62205	4.36970e-05
8.63077e+04	1.52284e-02	1.93924e-01	0.36838	2.42757	4.36970e-05
8.64630e+04	1.52270e-02	1.98411e-01	0.19664	2.16207	4.36970e-05
8.66183e+04	1.52091e-02	1.91854e-01	0.46749	1.84621	4.36970e-05
8.67736e+04	1.52291e-02	1.98940e-01	1.41151	1.54181	4.36970e-05
8.69289e+04	1.52080e-02	1.92403e-01	3.23192	1.23588	4.36970e-05
8.70841e+04	1.52037e-02	1.94782e-01	5.21645	0.94482	4.36970e-05
8.72394e+04	1.52006e-02	1.95801e-01	2.04231	0.60386	4.36970e-05
8.73947e+04	1.52216e-02	1.93745e-01	5.45917	0.22643	4.36970e-05
8.75500e+04	1.52018e-02	1.96643e-01	3.30404	6.06834	4.36970e-05
8.77053e+04	1.52140e-02	1.92891e-01	1.95199	5.64798	4.36970e-05
8.78606e+04	1.52095e-02	1.96510e-01	0.80609	5.21020	4.36970e-05
8.80159e+04	1.51965e-02	1.92750e-01	0.57862	4.79000	4.36970e-05
8.81711e+04	1.52034e-02	1.96055e-01	0.66818	4.34019	4.36970e-05
8.83264e+04	1.51902e-02	1.95042e-01	1.44796	3.82786	4.36970e-05
8.84817e+04	1.51989e-02	1.95349e-01	2.98549	3.31311	4.36970e-05
8.86370e+04	1.52042e-02	1.96095e-01	4.72419	2.72572	4.36970e-05
8.87923e+04	1.51735e-02	1.91339e-01	1.07286	2.18670	4.36970e-05
8.89476e+04	1.52015e-02	1.96670e-01	3.96271	1.63456	4.36970e-05
8.91029e+04	1.51886e-02	1.93130e-01	1.24769	1.08378	4.36970e-05
8.92581e+04	1.51769e-02	1.94328e-01	5.30130	0.50899	4.36970e-05
8.94134e+04	1.51813e-02	1.95024e-01	3.60514	6.13087	4.36970e-05
8.95687e+04	1.51821e-02	1.93462e-01	2.53081	5.48021	4.36970e-05
8.97240e+04	1.51794e-02	1.96222e-01	1.75987	4.77853	4.36970e-05
8.98793e+04	1.51566e-02	1.92374e-01	1.74435	4.11631	4.36970e-05
9.00346e+04	1.51592e-02	1.93554e-01	1.82975	3.43867	4.36970e-05
9.01899e+04	1.51738e-02	1.94306e-01	2.88023	2.73659	4.36970e-05
9.03451e+04	1.51725e-02	1.91814e-01	3.96006	2.00979	4.36970e-05
9.05004e+04	1.51701e-02	1.96508e-01	5.89277	1.23782	4.36970e-05
9.06557e+04	1.51720e-02	1.91897e-01	1.76752	0.42133	4.36970e-05
9.08110e+04	1.51654e-02	1.94484e-01	4.47423	5.90702	4.36970e-05
9.09663e+04	1.51642e-02	1.93556e-01	1.29985	5.08942	4.36970e-05
9.11216e+04	1.51446e-02	1.91467e-01	4.82459	4.29635	4.36970e-05
9.12769e+04	1.51392e-02	1.94100e-01	2.54640	3.46632	4.36970e-05
9.14321e+04	1.51484e-02	1.93465e-01	0.65908	2.59468	4.36970e-05
9.15874e+04	1.51292e-02	1.92362e-01	5.50021	1.70455	4.36970e-05
9.17427e+04	1.51407e-02	1.96775e-01	4.47044	0.78037	4.36970e-05
9.18980e+04	1.51289e-02	1.91224e-01	3.89533	6.11969	4.36970e-05
9.20533e+04	1.51419e-02	1.93714e-01	3.50653	5.20956	4.36970e-05
9.22086e+04	1.51471e-02	1.93165e-01	3.73910	4.26163	4.36970e-05
9.23639e+04	1.51180e-02	1.91720e-01	4.19508	3.30806	4.36970e-05
9.25191e+04	1.51388e-02	1.92548e-01	5.17422	2.31831	4.36970e-05
9.26744e+04	1.51169e-02	1.94077e-01	0.15644	1.29519	4.36970e-05
9.28297e+04	1.51159e-02	1.90470e-01	1.83438	0.24761	4.36970e-05
9.29850e+04	1.51107e-02	1.94654e-01	3.73173	5.49046	4.36970e-05
9.31403e+04	1.51227e-02	1.92544e-01	6.07455	4.42239	4.36970e-05
9.32956e+04	1.51213e-02	1.92552e-01	2.45662	3.37193	4.36970e-05
9.34508e+04	1.51223e-02	1.92733e-01	5.39916	2.28897	4.36970e-05
9.36061e+04	1.51121e-02	1.95945e-01	2.54033	1.17650	4.36970e-05
9.37614e+04	1.51191e-02	1.91997e-01	6.06684	0.04004	4.36970e-05
9.39167e+04	1.51103e-02	1.95745e-01	3.85987	5.16173	4.36970e-05
9.40720e+04	1.51135e-02	1.93250e-01	1.67336	3.98235	4.36970e-05
9.42273e+04	1.50892e-02	1.90192e-01	6.18577	2.80051	4.36970e-05
9.43826e+04	1.50906e-02	1.93061e-01	4.25019	1.61700	4.36970e-05
9.45378e+04	1.50858e-02	1.92107e-01	2.80932	0.40322	4.36970e-05
9.46931e+04	1.51090e-02	1.93076e-01	1.16204	5.45435	4.36970e-05
9.48484e+04	1.50780e-02	1.90563e-01	5.96495	4.19670	4.36970e-05
9.50037e+04	1.50931e-02	1.96029e-01	4.46515	2.90874	4.36970e-05
9.51590e+04	1.50963e-02	1.89659e-01	2.78219	1.59895	4.36970e-05
9.53143e+04	1.50801e-02	1.92770e-01	1.18312	0.29992	4.36970e-05
9.54696e+04	1.50802e-02	1.92195e-01	5.64444	5.25502	4.36970e-05
9.56248e+04	1.50879e-02	1.92228e-01	3.99712	3.91255	4.36970e-05
9.57801e+04	1.50900e-02	1.91758e-01	2.00880	2.57119	4.36970e-05
9.59354e+04	1.50881e-02	1.92722e-01	0.05858	1.17683	4.36970e-05
9.60907e+04	1.50864e-02	1.94362e-01	4.45453	6.04868	4.36970e-05
9.62460e+04	1.50610e-02	1.90261e-01	2.15826	4.62760	4.36970e-05
9.64013e+04	1.50757e-02	1.92970e-01	0.13910	3.17710	4.36970e-05
9.65566e+04	1.50596e-02	1.91795e-01	4.05060	1.72789	4.36970e-05
9.67118e+04	1.50565e-02	1.90219e-01	1.61630	0.25376	4.36970e-05
9.68671e+04	1.50573e-02	1.91816e-01	5.52361	5.07223	4.36970e-05
9.70224e+04	1.50701e-02	1.92999e-01	2.74454	3.57032	4.36970e-05
9.71777e+04	1.50470e-02	1.92138e-01	0.21179	2.04598	4.36970e-05
9.73330e+04	1.50628e-02	1.91474e-01	3.69544	0.51141	4.36970e-05
9.74883e+04	1.50576e-02	1.91469e-01	0.69269	5.21735	4.36970e-05
9.76436e+04	1.50619e-02	1.93243e-01	4.07449	3.64927	4.36970e-05
9.77988e+04	1.50355e-02	1.91337e-01	0.89494	2.03837	4.36970e-05
9.79541e+04	1.50528e-02	1.91860e-01	3.85751	0.43645	4.36970e-05
9.81094e+04	1.50511e-02	1.90715e-01	0.64503	5.11338	4.36970e-05
9.82647e+04	1.50307e-02	1.92630e-01	3.39611	3.46892	4.36970e-05
9.84200e+04	1.50437e-02	1.91192e-01	6.00485	1.81737	4.36970e-05
9.85753e+04	1.50496e-02	1.90637e-01	2.36622	0.14877	4.36970e-05
9.87306e+04	1.50196e-02	1.92484e-01	4.65784	4.74226	4.36970e-05
9.88858e+04	1.50392e-02	1.91970e-01	0.69949	3.02751	4.36970e-05
9.90411e+04	1.50408e-02	1.90888e-01	2.95718	1.30060	4.36970e-05
9.91964e+04	1.50376e-02	1.93373e-01	4.89525	5.84136	4.36970e-05
9.93517e+04	1.50290e-02	1.90507e-01	0.33174	4.09675	4.36970e-05
9.95070e+04	1.50289e-02	1.91949e-01	2.21994	2.32070	4.36970e-05
9.96623e+04	1.50104e-02	1.92059e-01	3.80329	0.53914	4.36970e-05
9.98176e+04	1.50224e-02	1.90285e-01	5.10894	5.02443	4.36970e-05
9.99728e+04	1.50164e-02	1.91420e-01	0.21466	3.21413	4.36970e-05
1.00128e+05	1.49954e-02	1.92152e-01	1.39597	1.37675	4.36970e-05
1.00283e+05	1.50256e-02	1.90775e-01	2.25622	5.80561	4.36970e-05
1.00439e+05	1.50001e-02	1.91053e-01	3.07370	3.93079	4.36970e-05
1.00594e+05	1.49954e-02	1.89904e-01	3.88625	2.05322	4.36970e-05
1.00749e+05	1.49923e-02	1.90252e-01	4.30267	0.14745	4.36970e-05
1.00905e+05	1.49890e-02	1.92484e-01	4.61619	4.51260	4.36970e-05
1.01060e+05	1.50143e-02	1.90161e-01	4.73756	2.57967	4.36970e-05
1.01215e+05	1.49886e-02	1.88572e-01	4.93197	0.63953	4.36970e-05
1.01370e+05	1.49776e-02	1.91885e-01	4.67942	4.96693	4.36970e-05
1.01526e+05	1.49791e-02	1.90376e-01	4.19770	2.99358	4.36970e-05
1.01681e+05	1.49828e-02	1.90153e-01	3.72502	0.99334	4.36970e-05
1.01836e+05	1.49960e-02	1.91082e-01	3.10132	5.27188	4.36970e-05
1.01992e+05	1.49724e-02	1.89372e-01	2.33361	3.24110	4.36970e-05
1.02147e+05	1.49815e-02	1.90124e-01	1.13652	1.19545	4.36970e-05
1.02302e+05	1.49830e-02	1.91232e-01	6.16378	5.41772	4.36970e-05
1.02457e+05	1.49619e-02	1.89916e-01	4.83320	3.34381	4.36970e-05
1.02613e+05	1.49817e-02	1.90655e-01	3.25650	1.24394	4.36970e-05
1.02768e+05	1.49656e-02	1.90494e-01	1.45652	5.43423	4.36970e-05
1.02923e+05	1.49787e-02	1.89613e-01	5.63672	3.32429	4.36970e-05
1.03079e+05	1.49782e-02	1.89455e-01	3.48980	1.18387	4.36970e-05
1.03234e+05	1.49737e-02	1.91682e-01	1.22284	5.32028	4.36970e-05
1.03389e+05	1.49508e-02	1.91561e-01	4.91986	3.15581	4.36970e-05
1.03544e+05	1.49722e-02	1.89600e-01	2.12237	0.97452	4.36970e-05
1.03700e+05	1.49503e-02	1.90480e-01	5.39027	5.05133	4.36970e-05
1.03855e+05	1.49462e-02	1.88834e-01	2.25098	2.85060	4.36970e-05
1.04010e+05	1.49529e-02	1.88950e-01	5.22165	0.61916	4.36970e-05
1.04166e+05	1.49649e-02	1.91201e-01	1.68151	4.65782	4.36970e-05
1.04321e+05	1.49366e-02	1.91455e-01	4.18584	2.40158	4.36970e-05
1.04476e+05	1.49499e-02	1.89457e-01	0.12753	0.13428	4.36970e-05
1.04631e+05	1.49532e-02	1.89267e-01	2.18260	4.14224	4.36970e-05
1.04787e+05	1.49517e-02	1.90550e-01	4.08753	1.84650	4.36970e-05
1.04942e+05	1.49485e-02	1.89934e-01	5.76290	5.81899	4.36970e-05
1.05097e+05	1.49497e-02	1.89624e-01	0.88645	3.48760	4.36970e-05
1.05253e+05	1.49224e-02	1.90491e-01	2.00931	1.14068	4.36970e-05
1.05408e+05	1.49374e-02	1.90882e-01	2.76906	5.06801	4.36970e-05
1.05563e+05	1.49385e-02	1.88939e-01	3.22189	2.68400	4.36970e-05
1.05718e+05	1.49186e-02	1.88319e-01	3.23220	0.28576	4.36970e-05
1.05874e+05	1.49301e-02	1.91738e-01	2.97158	4.16194	4.36970e-05
1.06029e+05	1.49189e-02	1.88774e-01	2.27746	1.73595	4.36970e-05
1.06184e+05	1.49243e-02	1.90077e-01	1.06720	5.57752	4.36970e-05
1.06340e+05	1.49293e-02	1.89936e-01	5.73910	3.11582	4.36970e-05
1.06495e+05	1.49178e-02	1.91251e-01	3.56885	0.64961	4.36970e-05
1.06650e+05	1.49021e-02	1.88222e-01	0.95581	4.44800	4.36970e-05
1.06805e+05	1.49259e-02	1.89980e-01	4.29463	1.93851	4.36970e-05
1.06961e+05	1.49189e-02	1.91011e-01	0.76007	5.70436	4.36970e-05
1.07116e+05	1.48981e-02	1.89099e-01	3.16158	3.17049	4.36970e-05
1.07271e+05	1.48967e-02	1.89521e-01	5.14549	0.61270	4.36970e-05
1.07427e+05	1.49128e-02	1.89922e-01	0.34262	4.32220	4.36970e-05
1.07582e+05	1.48937e-02	1.89716e-01	1.48330	1.73590	4.36970e-05
1.07737e+05	1.49078e-02	1.89549e-01	2.12962	5.42126	4.36970e-05
1.07892e+05	1.49003e-02	1.87652e-01	2.33126	2.80528	4.36970e-05
1.08048e+05	1.48997e-02	1.87897e-01	2.10618	0.17016	4.36970e-05
1.08203e+05	1.49007e-02	1.89499e-01	1.42576	3.80922	4.36970e-05
1.08358e+05	1.48949e-02	1.89484e-01	0.30652	1.15536	4.36970e-05
1.08514e+05	1.48884e-02	1.88844e-01	5.03271	4.76086	4.36970e-05
1.08669e+05	1.48750e-02	1.88816e-01	3.06293	2.06888	4.36970e-05
1.08824e+05	1.48702e-02	1.89642e-01	0.65345	5.64786	4.36970e-05
1.08979e+05	1.48730e-02	1.89911e-01	4.06660	2.92712	4.36970e-05
1.09135e+05	1.48872e-02	1.90383e-01	0.84026	0.18905	4.36970e-05
1.09290e+05	1.48670e-02	1.87647e-01	3.45554	3.72012	4.36970e-05
1.09445e+05	1.48831e-02	1.88437e-01	5.59291	0.95075	4.36970e-05
1.09601e+05	1.48812e-02	1.90776e-01	1.09709	4.45012	4.36970e-05
1.09756e+05	1.48796e-02	1.89034e-01	2.41893	1.66025	4.36970e-05
1.09911e+05	1.48673e-02	1.89295e-01	3.41987	5.13038	4.36970e-05
1.10066e+05	1.48556e-02	1.88406e-01	3.90424	2.29773	4.36970e-05
1.10222e+05	1.48686e-02	1.89572e-01	4.00009	5.74316	4.36970e-05
1.10377e+05	1.48694e-02	1.90740e-01	3.75455	2.88998	4.36970e-05
1.10532e+05	1.48694e-02	1.90316e-01	3.04857	0.01950	4.36970e-05
1.10688e+05	1.48532e-02	1.89080e-01	1.95493	3.41663	4.36970e-05
1.10843e+05	1.48378e-02	1.89331e-01	0.43254	0.51606	4.36970e-05
1.10998e+05	1.48635e-02	1.90642e-01	4.84264	3.88442	4.36970e-05
1.11153e+05	1.48561e-02	1.89565e-01	2.52883	0.95814	4.36970e-05
1.11309e+05	1.48478e-02	1.88789e-01	6.09872	4.30047	4.36970e-05
1.11464e+05	1.48440e-02	1.88185e-01	3.07188	1.34656	4.36970e-05
1.11619e+05	1.48472e-02	1.88691e-01	5.88505	4.65494	4.36970e-05
1.11775e+05	1.48273e-02	1.88307e-01	2.00132	1.67206	4.36970e-05
1.11930e+05	1.48479e-02	1.88537e-01	3.97720	4.96275	4.36970e-05
1.12085e+05	1.48452e-02	1.89433e-01	5.61037	1.94802	4.36970e-05
1.12240e+05	1.48410e-02	1.87837e-01	0.63243	5.19865	4.36970e-05
1.12396e+05	1.48295e-02	1.86475e-01	1.46077	2.15115	4.36970e-05
1.12551e+05	1.48313e-02	1.89263e-01	1.94643	5.37692	4.36970e-05
1.12706e+05	1.48180e-02	1.88064e-01	2.03847	2.30705	4.36970e-05
1.12862e+05	1.48251e-02	1.89631e-01	1.75299	5.50243	4.36970e-05
1.13017e+05	1.48323e-02	1.87349e-01	1.10354	2.40145	4.36970e-05
1.13172e+05	1.48211e-02	1.88276e-01	0.20087	5.57410	4.36970e-05
1.13327e+05	1.48096e-02	1.89272e-01	5.12427	2.44334	4.36970e-05
1.13483e+05	1.48231e-02	1.89223e-01	3.42354	5.58654	4.36970e-05
1.13638e+05	1.48198e-02	1.89231e-01	1.37035	2.43109	4.36970e-05
1.13793e+05	1.48190e-02	1.88467e-01	5.25127	5.54736	4.36970e-05
1.13949e+05	1.48160e-02	1.87836e-01	2.45613	2.36693	4.36970e-05
1.14104e+05	1.48101e-02	1.87609e-01	5.51530	5.44873	4.36970e-05
1.14259e+05	1.48055e-02	1.88310e-01	2.00724	2.23747	4.36970e-05
1.14414e+05	1.47833e-02	1.88835e-01	4.39725	5.29736	4.36970e-05
1.14570e+05	1.47991e-02	1.88705e-01	0.25368	2.06403	4.36970e-05
1.14725e+05	1.47865e-02	1.87813e-01	2.06317	5.09681	4.36970e-05
1.14880e+05	1.47853e-02	1.86294e-01	3.48816	1.83132	4.36970e-05
1.15036e+05	1.47991e-02	1.87089e-01	4.52583	4.83303	4.36970e-05
1.15191e+05	1.47838e-02	1.87045e-01	5.26945	1.54002	4.36970e-05
1.15346e+05	1.47744e-02	1.87074e-01	5.58503	4.51682	4.36970e-05
1.15501e+05	1.47666e-02	1.88027e-01	5.68982	1.19709	4.36970e-05
1.15657e+05	1.47810e-02	1.88566e-01	5.56571	4.14647	4.36970e-05
1.15812e+05	1.47869e-02	1.88508e-01	4.95589	0.80063	4.36970e-05
1.15967e+05	1.47727e-02	1.86144e-01	4.09714	3.72609	4.36970e-05
1.16123e+05	1.47657e-02	1.86336e-01	2.81491	0.34805	4.36970e-05
1.16278e+05	1.47699e-02	1.85921e-01	1.29195	3.24361	4.36970e-05
1.16433e+05	1.47579e-02	1.87081e-01	5.81988	6.12457	4.36970e-05
1.16588e+05	1.47728e-02	1.89683e-01	3.71983	2.70978	4.36970e-05
1.16744e+05	1.47594e-02	1.88127e-01	1.22547	5.56834	4.36970e-05
1.16899e+05	1.47770e-02	1.87442e-01	4.69169	2.12710	4.36970e-05
1.17054e+05	1.47785e-02	1.86815e-01	1.68968	4.95706	4.36970e-05
1.17210e+05	1.47746e-02	1.86817e-01	4.69141	1.48767	4.36970e-05
1.17365e+05	1.47575e-02	1.86070e-01	1.10580	4.28815	4.36970e-05
1.17520e+05	1.47642e-02	1.86718e-01	3.43661	0.79182	4.36970e-05
1.17675e+05	1.47371e-02	1.86703e-01	5.41274	3.56628	4.36970e-05
1.17831e+05	1.47482e-02	1.88498e-01	0.98673	0.04929	4.36970e-05
1.17986e+05	1.47359e-02	1.88132e-01	2.59919	2.79987	4.36970e-05
1.18141e+05	1.47367e-02	1.86636e-01	3.82051	5.53751	4.36970e-05
1.18297e+05	1.47512e-02	1.87965e-01	4.68428	1.97438	4.36970e-05
1.18452e+05	1.47338e-02	1.87387e-01	5.43655	4.68119	4.36970e-05
1.18607e+05	1.47257e-02	1.86478e-01	5.94176	1.09596	4.36970e-05
1.18762e+05	1.47232e-02	1.85802e-01	6.11450	3.77919	4.36970e-05
1.18918e+05	1.47327e-02	1.87336e-01	5.95087	0.16257	4.36970e-05
1.19073e+05	1.47404e-02	1.87298e-01	5.62836	2.82247	4.36970e-05
1.19228e+05	1.47227e-02	1.87519e-01	5.12031	5.46369	4.36970e-05
1.19384e+05	1.47106e-02	1.87983e-01	4.19862	1.80980	4.36970e-05
1.19539e+05	1.47141e-02	1.87970e-01	3.11673	4.42568	4.36970e-05
1.19694e+05	1.47142e-02	1.87509e-01	1.84305	0.74802	4.36970e-05
1.19849e+05	1.47298e-02	1.86520e-01	0.24717	3.33995	4.36970e-05
1.20005e+05	1.47076e-02	1.85469e-01	4.56237	5.91582	4.36970e-05
1.20160e+05	1.47256e-02	1.86482e-01	2.45622	2.19726	4.36970e-05
1.20315e+05	1.47264e-02	1.86106e-01	0.06657	4.74747	4.36970e-05
1.20471e+05	1.47191e-02	1.86720e-01	3.48752	0.99635	4.36970e-05
1.20626e+05	1.46901e-02	1.86611e-01	0.42811	3.51663	4.36970e-05
1.20781e+05	1.47211e-02	1.86748e-01	3.31293	6.02173	4.36970e-05
1.20936e+05	1.47038e-02	1.85540e-01	5.64379	2.22863	4.36970e-05
1.21092e+05	1.46919e-02	1.87087e-01	1.47776	4.70925	4.36970e-05
1.21247e+05	1.46945e-02	1.87005e-01	3.28501	0.89218	4.36970e-05
1.21402e+05	1.47064e-02	1.87248e-01	4.53699	3.34487	4.36970e-05
1.21558e+05	1.47001e-02	1.88619e-01	5.63521	5.78387	4.36970e-05
1.21713e+05	1.47049e-02	1.86846e-01	0.05084	1.92533	4.36970e-05
1.21868e+05	1.46947e-02	1.87837e-01	0.37199	4.33522	4.36970e-05
1.22023e+05	1.46973e-02	1.88695e-01	0.46090	0.44943	4.36970e-05
1.22179e+05	1.47006e-02	1.86016e-01	0.15895	2.83342	4.36970e-05
1.22334e+05	1.46920e-02	1.86534e-01	5.76900	5.20087	4.36970e-05
1.22489e+05	1.46892e-02	1.87453e-01	4.94799	1.27343	4.36970e-05
1.22645e+05	1.46728e-02	1.85463e-01	3.64676	3.61389	4.36970e-05
1.22800e+05	1.46608e-02	1.86169e-01	2.13434	5.94140	4.36970e-05
1.22955e+05	1.46821e-02	1.86128e-01	0.32532	1.97225	4.36970e-05
1.23110e+05	1.46842e-02	1.86739e-01	4.44731	4.27124	4.36970e-05
1.23266e+05	1.46578e-02	1.85826e-01	2.13482	0.27887	4.36970e-05
1.23421e+05	1.46770e-02	1.85987e-01	5.73994	2.55206	4.36970e-05
1.23576e+05	1.46778e-02	1.85940e-01	2.79132	4.81302	4.36970e-05
1.23732e+05	1.46710e-02	1.86009e-01	5.84518	0.78035	4.36970e-05
1.23887e+05	1.46516e-02	1.86633e-01	2.36917	3.01333	4.36970e-05
1.24042e+05	1.46703e-02	1.85904e-01	5.00625	5.23595	4.36970e-05
1.24197e+05	1.46622e-02	1.87060e-01	0.95761	1.15808	4.36970e-05
1.24353e+05	1.46456e-02	1.85767e-01	3.14739	3.35402	4.36970e-05
1.24508e+05	1.46438e-02	1.86240e-01	4.89438	5.53259	4.36970e-05
1.24663e+05	1.46636e-02	1.87253e-01	0.31183	1.41708	4.36970e-05
1.24819e+05	1.46410e-02	1.86245e-01	1.62227	3.57240	4.36970e-05
1.24974e+05	1.46591e-02	1.88057e-01	2.88884	5.71417	4.36970e-05
1.25129e+05	1.46485e-02	1.86775e-01	3.82027	1.55972	4.36970e-05
1.25284e+05	1.46470e-02	1.86887e-01	4.59261	3.67537	4.36970e-05
1.25440e+05	1.46516e-02	1.86519e-01	5.16994	5.77736	4.36970e-05
1.25595e+05	1.46287e-02	1.85941e-01	5.51646	1.58311	4.36970e-05
1.25750e+05	1.46459e-02	1.86370e-01	5.78835	3.65879	4.36970e-05
1.25906e+05	1.46441e-02	1.87081e-01	5.74654	5.72115	4.36970e-05
1.26061e+05	1.46389e-02	1.86013e-01	5.61649	1.48771	4.36970e-05
1.26216e+05	1.46366e-02	1.87202e-01	5.19603	3.52474	4.36970e-05
1.26371e+05	1.46113e-02	1.86429e-01	4.72341	5.55011	4.36970e-05
1.26527e+05	1.46356e-02	1.87213e-01	4.09049	1.27702	4.36970e-05
1.26682e+05	1.46329e-02	1.86214e-01	3.35508	3.27737	4.36970e-05
1.26837e+05	1.46210e-02	1.87568e-01	2.36638	5.26014	4.36970e-05
1.26993e+05	1.46305e-02	1.85853e-01	1.31938	0.95186	4.36970e-05
1.27148e+05	1.46218e-02	1.86975e-01	0.08899	2.91251	4.36970e-05
1.27303e+05	1.46247e-02	1.86062e-01	5.07364	4.85676	4.36970e-05
1.27458e+05	1.46009e-02	1.86848e-01	3.67868	0.50799	4.36970e-05
1.27614e+05	1.45955e-02	1.85237e-01	2.06942	2.42657	4.36970e-05
1.27769e+05	1.46174e-02	1.86329e-01	0.52614	4.33651	4.36970e-05
1.27924e+05	1.46130e-02	1.86989e-01	5.00108	6.22882	4.36970e-05
1.28080e+05	1.45883e-02	1.86448e-01	3.20734	1.83027	4.36970e-05
1.28235e+05	1.45937e-02	1.86648e-01	1.25008	3.69819	4.36970e-05
1.28390e+05	1.46039e-02	1.86266e-01	5.57376	5.55355	4.36970e-05
1.28545e+05	1.45860e-02	1.85510e-01	3.51838	1.11223	4.36970e-05
1.28701e+05	1.46045e-02	1.85804e-01	1.35318	2.94336	4.36970e-05
1.28856e+05	1.45977e-02	1.86097e-01	5.51787	4.76356	4.36970e-05
1.29011e+05	1.45959e-02	1.86241e-01	3.29593	0.28333	4.36970e-05
1.29167e+05	1.45968e-02	1.85359e-01	1.10840	2.07774	4.36970e-05
1.29322e+05	1.45961e-02	1.84870e-01	5.02513	3.85750	4.36970e-05
1.29477e+05	1.45720e-02	1.84568e-01	2.66103	5.62248	4.36970e-05
1.29632e+05	1.45936e-02	1.85703e-01	0.40711	1.09698	4.36970e-05
1.29788e+05	1.45665e-02	1.83916e-01	4.26450	2.83846	4.36970e-05
1.29943e+05	1.45653e-02	1.84100e-01	1.93751	4.56921	4.36970e-05
1.30098e+05	1.45751e-02	1.85387e-01	5.83056	0.00058	4.36970e-05
1.30254e+05	1.45884e-02	1.84219e-01	3.42317	1.70644	4.36970e-05
1.30409e+05	1.45540e-02	1.84686e-01	1.12336	3.39936	4.36970e-05
1.30564e+05	1.45734e-02	1.85625e-01	5.07912	5.07643	4.36970e-05
1.30719e+05	1.45734e-02	1.84534e-01	2.70046	0.46025	4.36970e-05
1.30875e+05	1.45693e-02	1.84564e-01	0.52433	2.11384	4.36970e-05
1.31030e+05	1.45526e-02	1.84672e-01	4.54562	3.75403	4.36970e-05
1.31185e+05	1.45622e-02	1.85497e-01	2.34117	5.38128	4.36970e-05
1.31341e+05	1.45681e-02	1.85838e-01	0.32202	0.71370	4.36970e-05
1.31496e+05	1.45636e-02	1.86165e-01	4.49354	2.31702	4.36970e-05
1.31651e+05	1.45616e-02	1.85164e-01	2.45112	3.90568	4.36970e-05
1.31806e+05	1.45524e-02	1.85214e-01	0.58048	5.48645	4.36970e-05
1.31962e+05	1.45550e-02	1.86317e-01	5.03235	0.76637	4.36970e-05
1.32117e+05	1.45410e-02	1.83726e-01	3.30280	2.32116	4.36970e-05
1.32272e+05	1.45342e-02	1.84491e-01	1.67879	3.86197	4.36970e-05
1.32428e+05	1.45411e-02	1.84958e-01	0.18858	5.38994	4.36970e-05
1.32583e+05	1.45529e-02	1.84092e-01	4.96941	0.62306	4.36970e-05
1.32738e+05	1.45249e-02	1.83640e-01	3.71220	2.12746	4.36970e-05
1.32893e+05	1.45254e-02	1.84437e-01	2.57638	3.61665	4.36970e-05
1.33049e+05	1.45291e-02	1.83857e-01	1.53973	5.09449	4.36970e-05
1.33204e+05	1.45156e-02	1.84851e-01	0.63443	0.27583	4.36970e-05
1.33359e+05	1.45299e-02	1.86499e-01	6.20674	1.72777	4.36970e-05
1.33515e+05	1.45154e-02	1.85759e-01	5.63067	3.17029	4.36970e-05
1.33670e+05	1.45289e-02	1.85098e-01	5.14994	4.59736	4.36970e-05
1.33825e+05	1.45306e-02	1.84807e-01	4.92920	6.01331	4.36970e-05
1.33980e+05	1.45083e-02	1.83485e-01	4.93513	1.13547	4.36970e-05
1.34136e+05	1.45201e-02	1.84550e-01	5.06341	2.52618	4.36970e-05
1.34291e+05	1.44979e-02	1.84421e-01	5.37845	3.90545	4.36970e-05
1.34446e+05	1.45203e-02	1.85045e-01	5.86830	5.27028	4.36970e-05
1.34602e+05	1.45082e-02	1.84652e-01	0.41996	0.34252	4.36970e-05
1.34757e+05	1.44973e-02	1.83619e-01	1.38042	1.68117	4.36970e-05
1.34912e+05	1.45164e-02	1.86516e-01	2.51652	3.01062	4.36970e-05
1.35067e+05	1.44955e-02	1.84662e-01	3.94504	4.32655	4.36970e-05
1.35223e+05	1.44847e-02	1.84858e-01	5.53987	5.62876	4.36970e-05
1.35378e+05	1.44903e-02	1.83915e-01	1.30760	0.63859	4.36970e-05
1.35533e+05	1.44960e-02	1.85181e-01	3.43889	1.91611	4.36970e-05
1.35689e+05	1.45066e-02	1.83707e-01	5.86126	3.18448	4.36970e-05
1.35844e+05	1.45077e-02	1.84959e-01	2.27382	4.43553	4.36970e-05
1.35999e+05	1.44960e-02	1.85273e-01	5.20724	5.67654	4.36970e-05
1.36154e+05	1.44978e-02	1.85447e-01	2.24007	0.62243	4.36970e-05
1.36310e+05	1.44928e-02	1.84552e-01	5.82021	1.83940	4.36970e-05
1.36465e+05	1.44899e-02	1.84792e-01	3.41360	3.04378	4.36970e-05
1.36620e+05	1.44722e-02	1.84326e-01	1.27470	4.23413	4.36970e-05
1.36776e+05	1.44661e-02	1.83386e-01	5.73380	5.41425	4.36970e-05
1.36931e+05	1.44679e-02	1.83773e-01	4.32314	0.29643	4.36970e-05
1.37086e+05	1.44881e-02	1.84679e-01	3.15836	1.45182	4.36970e-05
1.37241e+05	1.44610e-02	1.83140e-01	2.40396	2.59464	4.36970e-05
1.37397e+05	1.44694e-02	1.83636e-01	1.97321	3.72418	4.36970e-05
1.37552e+05	1.44574e-02	1.84935e-01	1.86269	4.83987	4.36970e-05
1.37707e+05	1.44540e-02	1.83752e-01	2.19807	5.94426	4.36970e-05
1.37863e+05	1.44736e-02	1.84409e-01	2.78286	0.75105	4.36970e-05
1.38018e+05	1.44500e-02	1.83263e-01	3.85295	1.83131	4.36970e-05
1.38173e+05	1.44501e-02	1.83872e-01	5.17017	2.89771	4.36970e-05
1.38328e+05	1.44442e-02	1.82933e-01	0.69017	3.95413	4.36970e-05
1.38484e+05	1.44611e-02	1.84909e-01	2.97796	4.99844	4.36970e-05
1.38639e+05	1.44624e-02	1.85535e-01	5.57464	6.02621	4.36970e-05
1.38794e+05	1.44657e-02	1.85236e-01	2.33664	0.76101	4.36970e-05
1.38950e+05	1.44594e-02	1.84370e-01	5.77212	1.76233	4.36970e-05
1.39105e+05	1.44554e-02	1.83434e-01	3.38000	2.75781	4.36970e-05
1.39260e+05	1.44445e-02	1.83094e-01	1.46667	3.73848	4.36970e-05
1.39415e+05	1.44488e-02	1.84495e-01	6.27433	4.70590	4.36970e-05
1.39571e+05	1.44320e-02	1.84520e-01	5.20317	5.65849	4.36970e-05
1.39726e+05	1.44271e-02	1.84231e-01	4.65075	0.31582	4.36970e-05
1.39881e+05	1.44374e-02	1.83980e-01	4.53201	1.24463	4.36970e-05
1.40037e+05	1.44468e-02	1.83123e-01	4.89149	2.16165	4.36970e-05
1.40192e+05	1.44329e-02	1.84604e-01	5.73267	3.06745	4.36970e-05
1.40347e+05	1.44397e-02	1.84665e-01	0.80151	3.95730	4.36970e-05
1.40502e+05	1.44348e-02	1.85316e-01	2.61300	4.83672	4.36970e-05
1.40658e+05	1.44370e-02	1.84414e-01	4.99235	5.70265	4.36970e-05
1.40813e+05	1.44122e-02	1.84123e-01	1.50561	0.27614	4.36970e-05
1.40968e+05	1.44301e-02	1.82693e-01	4.88519	1.11863	4.36970e-05
1.41124e+05	1.44251e-02	1.83841e-01	2.52801	1.94971	4.36970e-05
1.41279e+05	1.44106e-02	1.84763e-01	0.56853	2.76430	4.36970e-05
1.41434e+05	1.44113e-02	1.84968e-01	5.36941	3.56459	4.36970e-05
1.41589e+05	1.44220e-02	1.83866e-01	4.37824	4.35632	4.36970e-05
1.41745e+05	1.44206e-02	1.82760e-01	3.94557	5.13125	4.36970e-05
1.41900e+05	1.44183e-02	1.82779e-01	3.95524	5.89438	4.36970e-05
1.42055e+05	1.44163e-02	1.84201e-01	4.40174	0.36096	4.36970e-05
1.42211e+05	1.43974e-02	1.84533e-01	5.39761	1.09688	4.36970e-05
1.42366e+05	1.43948e-02	1.84520e-01	0.57232	1.82047	4.36970e-05
1.42521e+05	1.44007e-02	1.84201e-01	2.61685	2.52854	4.36970e-05
1.42676e+05	1.44043e-02	1.82812e-01	5.09288	3.22284	4.36970e-05
1.42832e+05	1.43821e-02	1.83407e-01	1.79649	3.90713	4.36970e-05
1.42987e+05	1.44054e-02	1.84917e-01	5.34655	4.57498	4.36970e-05
1.43142e+05	1.43954e-02	1.83116e-01	3.14344	5.23014	4.36970e-05
1.43298e+05	1.43899e-02	1.83547e-01	1.54974	5.87256	4.36970e-05
1.43453e+05	1.43937e-02	1.83109e-01	0.38472	0.21994	4.36970e-05
1.43608e+05	1.43861e-02	1.83900e-01	6.13518	0.83920	4.36970e-05
1.43763e+05	1.43836e-02	1.84474e-01	6.17215	1.43917	4.36970e-05
1.43919e+05	1.43902e-02	1.82814e-01	0.47948	2.03026	4.36970e-05
1.44074e+05	1.43845e-02	1.82297e-01	1.72498	2.61052	4.36970e-05
1.44229e+05	1.43858e-02	1.83636e-01	3.53189	3.17763	4.36970e-05
1.44385e+05	1.43628e-02	1.82839e-01	5.95573	3.72797	4.36970e-05
1.44540e+05	1.43783e-02	1.83054e-01	2.67943	4.26780	4.36970e-05
1.44695e+05	1.43746e-02	1.82541e-01	0.07916	4.79668	4.36970e-05
1.44850e+05	1.43796e-02	1.82850e-01	4.41159	5.31298	4.36970e-05
1.45006e+05	1.43522e-02	1.83101e-01	3.00250	5.81032	4.36970e-05
1.45161e+05	1.43691e-02	1.84025e-01	2.28041	0.01431	4.36970e-05
1.45316e+05	1.43761e-02	1.82588e-01	2.21962	0.49014	4.36970e-05
1.45472e+05	1.43736e-02	1.82857e-01	2.80542	0.95280	4.36970e-05
1.45627e+05	1.43604e-02	1.84460e-01	4.13773	1.39780	4.36970e-05
1.45782e+05	1.43544e-02	1.83308e-01	6.13338	1.83072	4.36970e-05
1.45937e+05	1.43439e-02	1.82204e-01	2.50760	2.25378	4.36970e-05
1.46093e+05	1.43594e-02	1.82195e-01	5.82275	2.66434	4.36970e-05
1.46248e+05	1.43373e-02	1.82655e-01	3.60050	3.05756	4.36970e-05
1.46403e+05	1.43475e-02	1.84446e-01	2.12264	3.43976	4.36970e-05
1.46559e+05	1.43416e-02	1.82220e-01	1.24931	3.80818	4.36970e-05
1.46714e+05	1.43470e-02	1.82490e-01	1.20617	4.16391	4.36970e-05
1.46869e+05	1.43463e-02	1.83269e-01	1.86576	4.50778	4.36970e-05
1.47024e+05	1.43279e-02	1.81916e-01	3.25863	4.83330	4.36970e-05
1.47180e+05	1.43443e-02	1.81879e-01	5.39620	5.14887	4.36970e-05
1.47335e+05	1.43222e-02	1.81822e-01	2.00189	5.45316	4.36970e-05
1.47490e+05	1.43129e-02	1.83961e-01	5.69251	5.74323	4.36970e-05
1.47646e+05	1.43163e-02	1.82361e-01	3.89732	6.01614	4.36970e-05
1.47801e+05	1.43426e-02	1.81460e-01	2.75782	6.28016	4.36970e-05
1.47956e+05	1.43100e-02	1.82319e-01	2.49465	0.24685	4.36970e-05
1.48111e+05	1.43110e-02	1.82725e-01	2.99900	0.48002	4.36970e-05
1.48267e+05	1.43053e-02	1.82530e-01	4.35014	0.70259	4.36970e-05
1.48422e+05	1.43200e-02	1.80930e-01	0.17596	0.91571	4.36970e-05
1.48577e+05	1.43239e-02	1.83699e-01	3.08126	1.11265	4.36970e-05
1.48733e+05	1.43172e-02	1.84362e-01	0.48318	1.29570	4.36970e-05
1.48888e+05	1.43190e-02	1.81166e-01	5.14245	1.46812	4.36970e-05
1.49043e+05	1.43216e-02	1.81884e-01	4.29353	1.62794	4.36970e-05
1.49198e+05	1.42954e-02	1.83659e-01	4.21062	1.77129	4.36970e-05
1.49354e+05	1.43134e-02	1.83762e-01	5.00475	1.90220	4.36970e-05
1.49509e+05	1.43105e-02	1.81845e-01	0.43494	2.02047	4.36970e-05
1.49664e+05	1.43115e-02	1.82600e-01	2.97470	2.12697	4.36970e-05
1.49820e+05	1.43058e-02	1.82496e-01	0.07748	2.21766	4.36970e-05
1.49975e+05	1.43000e-02	1.81055e-01	4.37978	2.29367	4.36970e-05
1.50130e+05	1.42846e-02	1.82228e-01	3.26100	2.36227	4.36970e-05
1.50285e+05	1.42845e-02	1.83663e-01	3.01611	2.41152	4.36970e-05
1.50441e+05	1.42948e-02	1.82150e-01	3.68018	2.44749	4.36970e-05
1.50596e+05	1.42937e-02	1.82615e-01	5.30693	2.47559	4.36970e-05
1.50751e+05	1.42940e-02	1.83404e-01	1.44337	2.48663	4.36970e-05
1.50907e+05	1.42890e-02	1.83212e-01	4.85936	2.48222	4.36970e-05
1.51062e+05	1.42891e-02	1.81233e-01	2.88798	2.47075	4.36970e-05
1.51217e+05	1.42702e-02	1.82008e-01	1.91626	2.43763	4.36970e-05
1.51372e+05	1.42864e-02	1.83167e-01	1.84821	2.39480	4.36970e-05
1.51528e+05	1.42737e-02	1.81646e-01	2.70083	2.33735	4.36970e-05
1.51683e+05	1.42796e-02	1.83931e-01	4.45898	2.26582	4.36970e-05
1.51838e+05	1.42735e-02	1.83107e-01	0.93392	2.17680	4.36970e-05
1.51994e+05	1.42601e-02	1.80110e-01	4.73546	2.07863	4.36970e-05
1.52149e+05	1.42611e-02	1.82810e-01	3.07414	1.96142	4.36970e-05
1.52304e+05	1.42556e-02	1.82845e-01	2.44638	1.83285	4.36970e-05
1.52459e+05	1.42470e-02	1.80964e-01	2.86330	1.69044	4.36970e-05
1.52615e+05	1.42677e-02	1.83433e-01	4.13636	1.53461	4.36970e-05
1.52770e+05	1.42670e-02	1.81945e-01	0.21994	1.35761	4.36970e-05
1.52925e+05	1.42486e-02	1.80433e-01	3.46404	1.17332	4.36970e-05
1.53081e+05	1.42636e-02	1.82704e-01	1.46510	0.96964	4.36970e-05
1.53236e+05	1.42589e-02	1.83085e-01	0.44977	0.74966	4.36970e-05
1.53391e+05	1.42531e-02	1.80126e-01	0.42285	0.51629	4.36970e-05
1.53546e+05	1.42379e-02	1.83199e-01	1.53578	0.27086	4.36970e-05
1.53702e+05	1.42298e-02	1.81534e-01	3.52015	0.00871	4.36970e-05
1.53857e+05	1.42476e-02	1.80725e-01	0.20880	6.01812	4.36970e-05
1.54012e+05	1.42282e-02	1.82259e-01	4.25402	5.72651	4.36970e-05
1.54168e+05	1.42431e-02	1.80862e-01	3.03658	5.42682	4.36970e-05
1.54323e+05	1.42438e-02	1.80652e-01	2.96457	5.10962	4.36970e-05
1.54478e+05	1.42280e-02	1.81775e-01	3.74936	4.77671	4.36970e-05
1.54633e+05	1.42387e-02	1.80324e-01	5.66609	4.42893	4.36970e-05
1.54789e+05	1.42154e-02	1.81590e-01	2.32072	4.07209	4.36970e-05
1.54944e+05	1.42091e-02	1.81978e-01	0.01709	3.69213	4.36970e-05
1.55099e+05	1.42164e-02	1.79969e-01	5.08285	3.30190	4.36970e-05
1.55255e+05	1.42356e-02	1.82561e-01	4.88927	2.89549	4.36970e-05
