# t	a	e	mean_anomaly	varpi	mass/M_star
3.10572e+00	3.48122e-02	3.03244e-03	4.43826	2.31495	2.31180e-05
6.98788e+00	3.48141e-02	2.26309e-03	5.38820	2.07659	2.31180e-05
1.08700e+01	3.48343e-02	2.13721e-03	0.43540	1.44653	2.31180e-05
1.47522e+01	3.48181e-02	2.27979e-03	2.47187	0.12227	2.31180e-05
1.86343e+01	3.48050e-02	9.58349e-04	2.42660	0.85114	2.31180e-05
2.25164e+01	3.48069e-02	1.85562e-04	1.56631	2.43949	2.31180e-05
2.63985e+01	3.48178e-02	2.23585e-03	4.97928	6.01479	2.31180e-05
3.02807e+01	3.48142e-02	3.24258e-04	5.42435	6.22041	2.31180e-05
3.41628e+01	3.48148e-02	1.70832e-04	5.00987	0.92132	2.31180e-05
3.80450e+01	3.48226e-02	7.47399e-04	1.03808	5.40862	2.31180e-05
4.19271e+01	3.48173e-02	1.11144e-03	2.11005	4.84148	2.31180e-05
4.58093e+01	3.48230e-02	1.68201e-03	3.65210	3.83653	2.31180e-05
4.96914e+01	3.48079e-02	1.73886e-03	4.29597	3.70845	2.31180e-05
5.35735e+01	3.48155e-02	2.67351e-03	4.81486	3.71276	2.31180e-05
5.74557e+01	3.48280e-02	4.07121e-03	5.56460	3.48214	2.31180e-05
6.13378e+01	3.48211e-02	2.67975e-03	6.20204	3.37486	2.31180e-05
6.52199e+01	3.48155e-02	2.63493e-03	0.43408	3.38444	2.31180e-05
6.91021e+01	3.48175e-02	2.57473e-03	0.47900	3.87388	2.31180e-05
7.29842e+01	3.48270e-02	1.53150e-03	0.99962	3.87444	2.31180e-05
7.68664e+01	3.48151e-02	8.08974e-04	3.71073	1.69806	2.31180e-05
8.07485e+01	3.48094e-02	2.71409e-03	3.88176	2.05110	2.31180e-05
8.46307e+01	3.48134e-02	5.04536e-04	3.37541	3.09914	2.31180e-05
8.85128e+01	3.48213e-02	7.25725e-04	0.22100	0.50295	2.31180e-05
9.23949e+01	3.48076e-02	1.27656e-03	2.68179	4.84994	2.31180e-05
9.62771e+01	3.47976e-02	2.49865e-03	2.32189	5.75180	2.31180e-05
1.00159e+02	3.48071e-02	1.78757e-03	3.63974	4.96329	2.31180e-05
1.04041e+02	3.48273e-02	7.81693e-04	3.22237	5.91973	2.31180e-05
1.07923e+02	3.48151e-02	2.24602e-03	4.15307	5.51629	2.31180e-05
1.11806e+02	3.48164e-02	1.83583e-03	5.03777	5.17400	2.31180e-05
1.15688e+02	3.48202e-02	4.70068e-04	6.07619	4.65614	2.31180e-05
1.19570e+02	3.48228e-02	6.10457e-04	0.04715	4.94163	2.31180e-05
1.23452e+02	3.48273e-02	1.66849e-03	0.58694	4.93032	2.31180e-05
1.27334e+02	3.48205e-02	1.11151e-03	5.39435	0.66341	2.31180e-05
1.31216e+02	3.48244e-02	9.58172e-04	0.22599	0.07826	2.31180e-05
1.35098e+02	3.48236e-02	1.95268e-03	5.25732	1.86674	2.31180e-05
1.38981e+02	3.48123e-02	2.38697e-03	5.59644	2.05364	2.31180e-05
1.42863e+02	3.48176e-02	7.61851e-04	6.08642	2.11069	2.31180e-05
1.46745e+02	3.48167e-02	1.06947e-03	0.98691	1.45061	2.31180e-05
1.50627e+02	3.48113e-02	2.06029e-03	1.44706	1.53313	2.31180e-05
1.54509e+02	3.48038e-02	8.00845e-04	3.09137	0.42142	2.31180e-05
1.58391e+02	3.48028e-02	3.44116e-03	3.27588	0.77976	2.31180e-05
1.62273e+02	3.48215e-02	1.38731e-03	4.41814	0.17000	2.31180e-05
1.66156e+02	3.48247e-02	1.42733e-03	5.02243	0.11518	2.31180e-05
1.70038e+02	3.48090e-02	1.41440e-03	0.66240	5.01317	2.31180e-05
1.73920e+02	3.48171e-02	1.46014e-03	4.18001	2.03843	2.31180e-05
1.77802e+02	3.48303e-02	1.45281e-03	5.90862	0.84113	2.31180e-05
1.81684e+02	3.48174e-02	2.36466e-03	1.54336	5.76317	2.31180e-05
1.85566e+02	3.48147e-02	2.43830e-03	2.21877	5.61994	2.31180e-05
1.89448e+02	3.48150e-02	1.84725e-03	4.26267	4.12938	2.31180e-05
1.93331e+02	3.48250e-02	6.20003e-04	4.55753	4.36720	2.31180e-05
1.97213e+02	3.48168e-02	2.73804e-03	4.92488	4.55874	2.31180e-05
2.01095e+02	3.48029e-02	1.70572e-03	5.48113	4.53950	2.31180e-05
2.04977e+02	3.48129e-02	2.83457e-04	1.26173	3.03522	2.31180e-05
2.08859e+02	3.48201e-02	1.24879e-03	2.70034	2.13108	2.31180e-05
2.12741e+02	3.48123e-02	1.48702e-03	3.31649	2.06422	2.31180e-05
2.16623e+02	3.48129e-02	1.47255e-03	3.67770	2.25103	2.31180e-05
2.20505e+02	3.48184e-02	1.21809e-03	4.82611	1.67002	2.31180e-05
2.24388e+02	3.48162e-02	1.68599e-03	4.00803	3.03056	2.31180e-05
2.28270e+02	3.48314e-02	4.05014e-03	6.17927	1.41547	2.31180e-05
2.32152e+02	3.48076e-02	2.51263e-03	1.94616	6.19807	2.31180e-05
2.36034e+02	3.48290e-02	1.19273e-03	1.37495	1.05371	2.31180e-05
2.39916e+02	3.48284e-02	3.20891e-03	2.22190	0.73700	2.31180e-05
2.43798e+02	3.48218e-02	1.50851e-03	4.85584	4.94661	2.31180e-05
2.47680e+02	3.48138e-02	4.90865e-03	5.47946	4.86329	2.31180e-05
2.51563e+02	3.48172e-02	2.02524e-03	0.70267	3.92778	2.31180e-05
2.55445e+02	3.48163e-02	3.01845e-03	0.34219	4.81243	2.31180e-05
2.59327e+02	3.48034e-02	4.28405e-03	1.49064	4.24752	2.31180e-05
2.63209e+02	3.48049e-02	4.27884e-03	2.28674	3.99762	2.31180e-05
2.67091e+02	3.48169e-02	3.62069e-03	2.43652	4.39665	2.31180e-05
2.70973e+02	3.48111e-02	2.55844e-03	2.02613	5.31392	2.31180e-05
2.74855e+02	3.48059e-02	2.60426e-03	0.56557	0.99654	2.31180e-05
2.78738e+02	3.48133e-02	4.31507e-03	5.68069	2.68730	2.31180e-05
2.82620e+02	3.48309e-02	3.36051e-03	2.90665	6.02656	2.31180e-05
2.86502e+02	3.48176e-02	3.55810e-03	0.71935	2.45432	2.31180e-05
2.90384e+02	3.48192e-02	1.31320e-03	1.87334	1.84344	2.31180e-05
2.94266e+02	3.48159e-02	5.56026e-03	2.23467	2.01506	2.31180e-05
2.98148e+02	3.48165e-02	3.28549e-03	3.64267	1.11745	2.31180e-05
3.02030e+02	3.48052e-02	2.54422e-03	2.01137	3.32341	2.31180e-05
3.05913e+02	3.48081e-02	6.63535e-04	2.87190	2.93557	2.31180e-05
3.09795e+02	3.48210e-02	5.83612e-03	5.02145	1.29225	2.31180e-05
3.13677e+02	3.48120e-02	4.43795e-03	0.58348	6.17994	2.31180e-05
3.17559e+02	3.48131e-02	8.72676e-04	3.05626	4.11624	2.31180e-05
3.21441e+02	3.48237e-02	1.21735e-03	3.84370	3.69893	2.31180e-05
3.25323e+02	3.48299e-02	1.50192e-03	0.29774	1.42002	2.31180e-05
3.29205e+02	3.48397e-02	2.18614e-03	3.94401	4.26687	2.31180e-05
3.33088e+02	3.48264e-02	2.54333e-04	3.21220	5.39430	2.31180e-05
3.36970e+02	3.48318e-02	2.38932e-03	0.03808	2.88143	2.31180e-05
3.40852e+02	3.48331e-02	8.07558e-03	2.95694	0.08280	2.31180e-05
3.44734e+02	3.48251e-02	1.73721e-03	4.89892	4.51568	2.31180e-05
3.48616e+02	3.48071e-02	3.99237e-03	5.55928	4.32642	2.31180e-05
3.52498e+02	3.48330e-02	7.80200e-03	1.26685	2.02086	2.31180e-05
3.56380e+02	3.48499e-02	1.02784e-02	5.78541	3.80325	2.31180e-05
3.60262e+02	3.48475e-02	1.85944e-02	5.24006	3.62602	2.31180e-05
3.64145e+02	3.48065e-02	1.13283e-02	0.02043	2.78637	2.31180e-05
3.68027e+02	3.48390e-02	3.52997e-03	2.27562	0.50987	2.31180e-05
3.71909e+02	3.48218e-02	1.12593e-02	5.68863	4.24055	2.31180e-05
3.75791e+02	3.48275e-02	1.04103e-02	4.40366	0.18873	2.31180e-05
3.79673e+02	3.48340e-02	1.12786e-02	2.31445	2.13832	2.31180e-05
3.83555e+02	3.47903e-02	1.99447e-02	4.16840	0.86933	2.31180e-05
3.87437e+02	3.47901e-02	1.31158e-02	4.00040	1.88857	2.31180e-05
3.91320e+02	3.48286e-02	7.70841e-03	5.32040	1.64659	2.31180e-05
3.95202e+02	3.47984e-02	8.89423e-03	2.32794	6.06467	2.31180e-05
3.99084e+02	3.47841e-02	9.67498e-03	0.50028	2.71951	2.31180e-05
4.02966e+02	3.48034e-02	9.02914e-03	3.65599	1.30334	2.31180e-05
4.06848e+02	3.47811e-02	2.05930e-02	5.78456	0.92005	2.31180e-05
4.10730e+02	3.47772e-02	6.44628e-03	5.69901	2.70498	2.31180e-05
4.14612e+02	3.47993e-02	2.41794e-02	1.48609	2.83170	2.31180e-05
4.18495e+02	3.47641e-02	1.29337e-02	3.17359	3.40793	2.31180e-05
4.22377e+02	3.47573e-02	1.56227e-02	3.49781	5.50614	2.31180e-05
4.26259e+02	3.47361e-02	2.22653e-02	5.09815	0.55981	2.31180e-05
4.30141e+02	3.47442e-02	1.17244e-02	5.89842	2.49847	2.31180e-05
4.34023e+02	3.47539e-02	2.96576e-02	1.57141	3.76550	2.31180e-05
4.37905e+02	3.47416e-02	1.44489e-02	4.20532	4.42849	2.31180e-05
4.41787e+02	3.47445e-02	2.73941e-02	4.54095	1.19950	2.31180e-05
4.45670e+02	3.47092e-02	1.85528e-02	0.74657	2.53143	2.31180e-05
4.49552e+02	3.47150e-02	2.71177e-02	2.09648	5.11978	2.31180e-05
4.53434e+02	3.47065e-02	1.36723e-02	4.08366	1.01555	2.31180e-05
4.57316e+02	3.47262e-02	3.10650e-02	6.12007	3.40273	2.31180e-05
4.61198e+02	3.47024e-02	9.10513e-03	1.98026	5.77606	2.31180e-05
4.65080e+02	3.47228e-02	2.99043e-02	4.27892	2.05113	2.31180e-05
4.68962e+02	3.47121e-02	7.25976e-03	0.29282	4.72982	2.31180e-05
4.72845e+02	3.47128e-02	2.74381e-02	3.33507	0.83199	2.31180e-05
4.76727e+02	3.47115e-02	9.90361e-03	5.23905	4.34745	2.31180e-05
4.80609e+02	3.47072e-02	2.60836e-02	3.27504	6.09319	2.31180e-05
4.84491e+02	3.47058e-02	1.71202e-02	5.11920	3.83800	2.31180e-05
4.88373e+02	3.46806e-02	2.31136e-02	3.92036	5.36362	2.31180e-05
4.92255e+02	3.46914e-02	2.49240e-02	6.25933	3.13216	2.31180e-05
4.96137e+02	3.46793e-02	1.47500e-02	5.12284	4.95048	2.31180e-05
5.00019e+02	3.46645e-02	2.93292e-02	1.97065	2.51668	2.31180e-05
5.03902e+02	3.46815e-02	7.24929e-03	0.44950	5.05636	2.31180e-05
5.07784e+02	3.46690e-02	2.77634e-02	4.87900	2.04269	2.31180e-05
5.11666e+02	3.46776e-02	1.29510e-02	2.51885	5.80987	2.31180e-05
5.15548e+02	3.46642e-02	2.02403e-02	2.21063	1.88848	2.31180e-05
5.19430e+02	3.46765e-02	2.42341e-02	0.20059	5.81676	2.31180e-05
5.23312e+02	3.46688e-02	1.10999e-02	0.11231	2.07366	2.31180e-05
5.27194e+02	3.46554e-02	2.90826e-02	5.37395	5.70725	2.31180e-05
5.31077e+02	3.46486e-02	1.19612e-02	4.18440	3.38679	2.31180e-05
5.34959e+02	3.46398e-02	2.43664e-02	5.17337	5.73076	2.31180e-05
5.38841e+02	3.46320e-02	2.69105e-02	4.11594	3.74106	2.31180e-05
5.42723e+02	3.46281e-02	1.04630e-02	5.27108	0.04950	2.31180e-05
5.46605e+02	3.46273e-02	3.10216e-02	5.49042	3.82815	2.31180e-05
5.50487e+02	3.46197e-02	1.66129e-02	5.38589	1.72661	2.31180e-05
5.54369e+02	3.46135e-02	2.13292e-02	1.23787	4.26329	2.31180e-05
5.58252e+02	3.46059e-02	2.93838e-02	1.71081	2.15111	2.31180e-05
5.62134e+02	3.45902e-02	1.28838e-02	3.18250	5.70668	2.31180e-05
5.66016e+02	3.45945e-02	2.81617e-02	5.50926	2.54749	2.31180e-05
5.69898e+02	3.45768e-02	2.64968e-02	0.42081	0.52262	2.31180e-05
5.73780e+02	3.45706e-02	1.42347e-02	3.20902	3.66751	2.31180e-05
5.77662e+02	3.45566e-02	3.16934e-02	5.79176	0.99065	2.31180e-05
5.81544e+02	3.45683e-02	2.49142e-02	1.46121	5.33826	2.31180e-05
5.85427e+02	3.45658e-02	1.73992e-02	5.41578	1.91504	2.31180e-05
5.89309e+02	3.45539e-02	3.46324e-02	2.07052	5.90934	2.31180e-05
5.93191e+02	3.45525e-02	2.20268e-02	4.87528	4.01585	2.31180e-05
5.97073e+02	3.45238e-02	2.22481e-02	3.44224	0.52500	2.31180e-05
6.00955e+02	3.45315e-02	3.52865e-02	0.71421	4.71266	2.31180e-05
6.04837e+02	3.45293e-02	1.82928e-02	4.49748	2.70351	2.31180e-05
6.08719e+02	3.45008e-02	2.66857e-02	3.78642	5.62373	2.31180e-05
6.12602e+02	3.45094e-02	3.46495e-02	1.79606	3.61581	2.31180e-05
6.16484e+02	3.45250e-02	1.76040e-02	0.22729	1.54978	2.31180e-05
6.20366e+02	3.44895e-02	2.81471e-02	0.25602	4.54192	2.31180e-05
6.24248e+02	3.44893e-02	3.41679e-02	5.36055	2.57821	2.31180e-05
6.28130e+02	3.44980e-02	1.71001e-02	4.62015	0.53038	2.31180e-05
6.32012e+02	3.44834e-02	2.75655e-02	5.42526	3.58969	2.31180e-05
6.35894e+02	3.44894e-02	3.34139e-02	5.08636	1.62891	2.31180e-05
6.39777e+02	3.44740e-02	1.74344e-02	5.13498	5.92685	2.31180e-05
6.43659e+02	3.44791e-02	2.59384e-02	0.46029	2.72888	2.31180e-05
6.47541e+02	3.44725e-02	3.32612e-02	1.01128	0.74049	2.31180e-05
6.51423e+02	3.44737e-02	1.77343e-02	1.78780	5.13492	2.31180e-05
6.55305e+02	3.44525e-02	2.40372e-02	4.33950	1.83202	2.31180e-05
6.59187e+02	3.44772e-02	3.42996e-02	5.69600	6.17966	2.31180e-05
6.63069e+02	3.44446e-02	1.94680e-02	0.90650	4.42366	2.31180e-05
6.66951e+02	3.44404e-02	2.16980e-02	4.38621	1.02262	2.31180e-05
6.70834e+02	3.44736e-02	3.50095e-02	0.33574	5.38770	2.31180e-05
6.74716e+02	3.44329e-02	2.07988e-02	2.58195	3.70497	2.31180e-05
6.78598e+02	3.44228e-02	2.06029e-02	0.60754	0.35048	2.31180e-05
6.82480e+02	3.44407e-02	3.39795e-02	3.76727	4.65630	2.31180e-05
6.86362e+02	3.44242e-02	2.39452e-02	0.59030	2.98890	2.31180e-05
6.90244e+02	3.44066e-02	2.01340e-02	5.59538	6.03311	2.31180e-05
6.94126e+02	3.44141e-02	3.50042e-02	3.50307	3.94373	2.31180e-05
6.98009e+02	3.43983e-02	2.74839e-02	1.18021	2.32627	2.31180e-05
7.01891e+02	3.43957e-02	1.83347e-02	0.38794	5.70351	2.31180e-05
7.05773e+02	3.43976e-02	3.38729e-02	5.76058	3.30608	2.31180e-05
7.09655e+02	3.43591e-02	3.06426e-02	4.30644	1.69001	2.31180e-05
7.13537e+02	3.43470e-02	1.62743e-02	4.06297	5.43894	2.31180e-05
7.17419e+02	3.43566e-02	3.22818e-02	4.31080	2.75517	2.31180e-05
7.21301e+02	3.43678e-02	3.32458e-02	3.77314	1.06800	2.31180e-05
7.25184e+02	3.43403e-02	1.72450e-02	3.90934	5.23552	2.31180e-05
7.29066e+02	3.43583e-02	2.87205e-02	5.25853	2.28408	2.31180e-05
7.32948e+02	3.43388e-02	3.37239e-02	5.73663	0.44755	2.31180e-05
7.36830e+02	3.43234e-02	2.05252e-02	0.47667	4.85139	2.31180e-05
7.40712e+02	3.43307e-02	2.29983e-02	3.05316	1.67994	2.31180e-05
7.44594e+02	3.43208e-02	3.67617e-02	4.72433	5.97710	2.31180e-05
7.48476e+02	3.42932e-02	2.66288e-02	0.16774	4.09927	2.31180e-05
7.52359e+02	3.43060e-02	2.04909e-02	3.79690	0.75943	2.31180e-05
7.56241e+02	3.43041e-02	2.99374e-02	0.62303	4.93389	2.31180e-05
7.60123e+02	3.42728e-02	1.18096e-02	4.56001	2.54080	2.31180e-05
7.64005e+02	3.43062e-02	3.75121e-02	3.19786	5.55336	2.31180e-05
7.67887e+02	3.42962e-02	2.50469e-02	5.97308	3.85528	2.31180e-05
7.71769e+02	3.42735e-02	2.51183e-02	4.83888	0.65815	2.31180e-05
7.75651e+02	3.42738e-02	2.55564e-02	2.33154	5.24882	2.31180e-05
7.79534e+02	3.42766e-02	2.65802e-02	1.86532	2.07726	2.31180e-05
7.83416e+02	3.42538e-02	2.53987e-02	6.11290	0.42965	2.31180e-05
7.87298e+02	3.42647e-02	1.99521e-02	5.72368	3.95035	2.31180e-05
7.91180e+02	3.42480e-02	2.72350e-02	5.32335	1.60731	2.31180e-05
7.95062e+02	3.42479e-02	2.06602e-02	4.81748	5.88500	2.31180e-05
7.98944e+02	3.42709e-02	1.98698e-02	5.04568	3.10117	2.31180e-05
8.02826e+02	3.43013e-02	2.40531e-02	4.08483	1.34532	2.31180e-05
8.06708e+02	3.42959e-02	1.72004e-02	3.11610	5.93036	2.31180e-05
8.10591e+02	3.42674e-02	2.06655e-02	3.21848	3.36085	2.31180e-05
8.14473e+02	3.42614e-02	2.93187e-02	2.69053	1.67774	2.31180e-05
8.18355e+02	3.42418e-02	1.80413e-02	2.80416	6.21710	2.31180e-05
8.22237e+02	3.42320e-02	2.95522e-02	4.12792	3.71432	2.31180e-05
8.26119e+02	3.41778e-02	3.74115e-02	4.83725	2.03740	2.31180e-05
8.30001e+02	3.41838e-02	2.84360e-02	5.98060	0.30834	2.31180e-05
8.33883e+02	3.41595e-02	2.60482e-02	1.83817	4.20158	2.31180e-05
8.37766e+02	3.41407e-02	4.13537e-02	3.75685	2.28193	2.31180e-05
8.41648e+02	3.41378e-02	3.63617e-02	5.55445	0.70325	2.31180e-05
8.45530e+02	3.41467e-02	2.42844e-02	1.96853	4.89551	2.31180e-05
8.49412e+02	3.41510e-02	3.18733e-02	5.17058	2.63429	2.31180e-05
8.53294e+02	3.41469e-02	3.64973e-02	1.69046	0.90921	2.31180e-05
8.57176e+02	3.41717e-02	2.19786e-02	4.56498	5.55611	2.31180e-05
8.61058e+02	3.41837e-02	1.76731e-02	2.60102	2.94597	2.31180e-05
8.64941e+02	3.41787e-02	2.73416e-02	0.08650	1.12201	2.31180e-05
8.68823e+02	3.41766e-02	2.31763e-02	3.77048	5.66482	2.31180e-05
8.72705e+02	3.41940e-02	1.78450e-02	2.01288	3.46440	2.31180e-05
8.76587e+02	3.41858e-02	2.26324e-02	0.82901	1.23155	2.31180e-05
8.80469e+02	3.41463e-02	2.81007e-02	5.70803	5.70222	2.31180e-05
8.84351e+02	3.41092e-02	2.96830e-02	4.50895	3.90221	2.31180e-05
8.88233e+02	3.40992e-02	2.73006e-02	4.12124	1.78725	2.31180e-05
8.92116e+02	3.40733e-02	3.06199e-02	4.29004	5.86649	2.31180e-05
8.95998e+02	3.40469e-02	3.80073e-02	4.25914	4.06398	2.31180e-05
8.99880e+02	3.40597e-02	3.32982e-02	4.42799	2.30173	2.31180e-05
9.03762e+02	3.40712e-02	2.36096e-02	5.44663	0.05682	2.31180e-05
9.07644e+02	3.40646e-02	3.29242e-02	0.51144	4.11026	2.31180e-05
9.11526e+02	3.40821e-02	3.52868e-02	1.32951	2.52602	2.31180e-05
9.15408e+02	3.40790e-02	1.75288e-02	2.57159	0.67542	2.31180e-05
9.19291e+02	3.41168e-02	2.07478e-02	5.33636	4.06538	2.31180e-05
9.23173e+02	3.41041e-02	3.05164e-02	0.67902	2.51930	2.31180e-05
9.27055e+02	3.40976e-02	1.97992e-02	2.42523	0.93781	2.31180e-05
9.30937e+02	3.40967e-02	1.76150e-02	6.01657	4.21864	2.31180e-05
9.34819e+02	3.40844e-02	2.96120e-02	2.71352	2.32033	2.31180e-05
9.38701e+02	3.40447e-02	2.98353e-02	5.54223	0.76373	2.31180e-05
9.42583e+02	3.40148e-02	2.23683e-02	2.91780	4.94964	2.31180e-05
9.46465e+02	3.40160e-02	3.23926e-02	1.09199	2.54099	2.31180e-05
9.50348e+02	3.40049e-02	3.53231e-02	5.35876	0.71413	2.31180e-05
9.54230e+02	3.39695e-02	2.98555e-02	3.62454	5.14051	2.31180e-05
9.58112e+02	3.39592e-02	3.00608e-02	2.51020	2.91447	2.31180e-05
9.61994e+02	3.39938e-02	3.07121e-02	1.58815	0.77677	2.31180e-05
9.65876e+02	3.40224e-02	2.81271e-02	0.76163	5.15043	2.31180e-05
9.69758e+02	3.40063e-02	2.39063e-02	0.10628	3.25453	2.31180e-05
9.73640e+02	3.40152e-02	1.99554e-02	0.12967	0.87817	2.31180e-05
9.77523e+02	3.40265e-02	2.40547e-02	0.31330	4.91101	2.31180e-05
9.81405e+02	3.40249e-02	2.28408e-02	0.32911	3.19716	2.31180e-05
9.85287e+02	3.39973e-02	1.68995e-02	1.14926	0.91208	2.31180e-05
9.89169e+02	3.39853e-02	2.62983e-02	2.32634	4.83681	2.31180e-05
9.93051e+02	3.39660e-02	2.99951e-02	3.37566	3.02716	2.31180e-05
9.96933e+02	3.39501e-02	2.42651e-02	5.07610	0.98758	2.31180e-05
1.00082e+03	3.39061e-02	3.01568e-02	1.02970	4.96272	2.31180e-05
1.00470e+03	3.39009e-02	3.66394e-02	3.28990	2.98665	2.31180e-05
1.00858e+03	3.39119e-02	2.90313e-02	5.83864	1.08608	2.31180e-05
1.01246e+03	3.38873e-02	2.67606e-02	2.84813	5.05798	2.31180e-05
1.01634e+03	3.38939e-02	3.32411e-02	6.10079	2.96878	2.31180e-05
1.02023e+03	3.39209e-02	2.58331e-02	3.07591	1.04012	2.31180e-05
1.02411e+03	3.39399e-02	1.96837e-02	0.77866	5.03264	2.31180e-05
1.02799e+03	3.39363e-02	2.26965e-02	4.84682	2.96685	2.31180e-05
1.03187e+03	3.39212e-02	2.13411e-02	2.72400	0.86592	2.31180e-05
1.03575e+03	3.39339e-02	2.04441e-02	1.11758	4.85941	2.31180e-05
1.03964e+03	3.39321e-02	2.10809e-02	6.14130	2.70419	2.31180e-05
1.04352e+03	3.38863e-02	2.48527e-02	5.11312	0.60303	2.31180e-05
1.04740e+03	3.38422e-02	2.98671e-02	4.22717	4.86905	2.31180e-05
1.05128e+03	3.38538e-02	2.92877e-02	3.95276	2.71475	2.31180e-05
1.05517e+03	3.38347e-02	2.93332e-02	4.08640	0.56218	2.31180e-05
1.05905e+03	3.38246e-02	3.13433e-02	4.41681	4.79137	2.31180e-05
1.06293e+03	3.38071e-02	3.23871e-02	5.01507	2.69923	2.31180e-05
1.06681e+03	3.38419e-02	2.82860e-02	5.94864	0.55365	2.31180e-05
1.07069e+03	3.38540e-02	2.42195e-02	0.86283	4.73833	2.31180e-05
1.07458e+03	3.38391e-02	2.32606e-02	2.27577	2.66466	2.31180e-05
1.07846e+03	3.38613e-02	2.22352e-02	4.00568	0.37654	2.31180e-05
1.08234e+03	3.38678e-02	2.13481e-02	5.90416	4.51511	2.31180e-05
1.08622e+03	3.38696e-02	1.83668e-02	1.94148	2.36952	2.31180e-05
1.09010e+03	3.38305e-02	2.30694e-02	4.66180	0.07690	2.31180e-05
1.09399e+03	3.38237e-02	2.81242e-02	0.98489	4.39682	2.31180e-05
1.09787e+03	3.38141e-02	2.43962e-02	4.32181	2.20070	2.31180e-05
1.10175e+03	3.37857e-02	2.96252e-02	1.93067	6.17842	2.31180e-05
1.10563e+03	3.37451e-02	3.52773e-02	5.70899	4.25965	2.31180e-05
1.10952e+03	3.37298e-02	3.02434e-02	3.53027	2.24768	2.31180e-05
1.11340e+03	3.37466e-02	2.64489e-02	2.06325	6.17408	2.31180e-05
1.11728e+03	3.37638e-02	2.99522e-02	0.73395	4.03515	2.31180e-05
1.12116e+03	3.37751e-02	2.73704e-02	5.60725	2.11540	2.31180e-05
1.12504e+03	3.37825e-02	2.05311e-02	4.69103	6.13375	2.31180e-05
1.12893e+03	3.37864e-02	2.20016e-02	4.23846	3.74882	2.31180e-05
1.13281e+03	3.37897e-02	2.12108e-02	3.70875	1.79642	2.31180e-05
1.13669e+03	3.37684e-02	1.96517e-02	3.68976	5.82883	2.31180e-05
1.14057e+03	3.37489e-02	2.45381e-02	4.10865	3.47943	2.31180e-05
1.14445e+03	3.37499e-02	2.71104e-02	4.75406	1.33855	2.31180e-05
1.14834e+03	3.37037e-02	2.78251e-02	5.67527	5.63931	2.31180e-05
1.15222e+03	3.36801e-02	2.86590e-02	0.92401	3.39677	2.31180e-05
1.15610e+03	3.36626e-02	3.41279e-02	2.92475	1.04319	2.31180e-05
1.15998e+03	3.36872e-02	3.21769e-02	4.96675	5.32932	2.31180e-05
1.16387e+03	3.36809e-02	2.33067e-02	1.20723	3.16662	2.31180e-05
1.16775e+03	3.36696e-02	2.98980e-02	4.14342	0.72662	2.31180e-05
1.17163e+03	3.36999e-02	2.87734e-02	0.34694	5.06673	2.31180e-05
1.17551e+03	3.37174e-02	1.68406e-02	3.49795	2.81390	2.31180e-05
1.17939e+03	3.37220e-02	1.88971e-02	1.03976	0.32348	2.31180e-05
1.18328e+03	3.36963e-02	2.42527e-02	4.44959	4.64136	2.31180e-05
1.18716e+03	3.36920e-02	2.45359e-02	1.67752	2.61484	2.31180e-05
1.19104e+03	3.36770e-02	2.31821e-02	5.88333	0.24699	2.31180e-05
1.19492e+03	3.36407e-02	3.43263e-02	4.19949	4.34447	2.31180e-05
1.19880e+03	3.36046e-02	3.45239e-02	2.34289	2.63385	2.31180e-05
1.20269e+03	3.36086e-02	2.74779e-02	1.19482	0.41764	2.31180e-05
1.20657e+03	3.36348e-02	2.89478e-02	0.43860	4.36389	2.31180e-05
1.21045e+03	3.36587e-02	2.83606e-02	5.85405	2.46710	2.31180e-05
1.21433e+03	3.36536e-02	2.12863e-02	5.05920	0.60659	2.31180e-05
1.21822e+03	3.36417e-02	2.19518e-02	5.15517	4.35664	2.31180e-05
1.22210e+03	3.36465e-02	2.94855e-02	5.03659	2.28452	2.31180e-05
1.22598e+03	3.36508e-02	2.66010e-02	5.12219	0.38227	2.31180e-05
1.22986e+03	3.36263e-02	2.78279e-02	5.50659	4.60051	2.31180e-05
1.23374e+03	3.35726e-02	3.11568e-02	5.87824	2.64130	2.31180e-05
1.23763e+03	3.35535e-02	3.77523e-02	0.39348	0.70584	2.31180e-05
1.24151e+03	3.35581e-02	3.47378e-02	1.46200	5.23483	2.31180e-05
1.24539e+03	3.35987e-02	2.19019e-02	3.28133	3.20912	2.31180e-05
1.24927e+03	3.35949e-02	2.59333e-02	5.84825	0.89934	2.31180e-05
1.25315e+03	3.35896e-02	2.81197e-02	1.56718	5.46155	2.31180e-05
1.25704e+03	3.36001e-02	1.69662e-02	4.20054	3.39257	2.31180e-05
1.26092e+03	3.36259e-02	1.67697e-02	1.90889	0.60233	2.31180e-05
1.26480e+03	3.35923e-02	2.38940e-02	5.64558	4.93434	2.31180e-05
1.26868e+03	3.35441e-02	2.34473e-02	3.39907	3.05092	2.31180e-05
1.27257e+03	3.35143e-02	2.15339e-02	2.46970	0.47857	2.31180e-05
1.27645e+03	3.35035e-02	3.28646e-02	2.29493	4.21598	2.31180e-05
1.28033e+03	3.34728e-02	2.91388e-02	2.09556	2.25785	2.31180e-05
1.28421e+03	3.34451e-02	2.38502e-02	3.19076	5.78316	2.31180e-05
1.28809e+03	3.34478e-02	3.38791e-02	4.94387	2.97119	2.31180e-05
1.29198e+03	3.34703e-02	1.80149e-02	0.31510	0.71325	2.31180e-05
1.29586e+03	3.34666e-02	1.85881e-02	3.70496	3.72463	2.31180e-05
1.29974e+03	3.34634e-02	2.21965e-02	0.41410	1.03162	2.31180e-05
1.30362e+03	3.34820e-02	2.74878e-03	5.25802	3.50888	2.31180e-05
1.30750e+03	3.34702e-02	1.35608e-02	3.19784	0.91442	2.31180e-05
1.31139e+03	3.34673e-02	8.50260e-03	3.47685	2.56765	2.31180e-05
1.31527e+03	3.34552e-02	8.29718e-03	3.35491	5.49384	2.31180e-05
1.31915e+03	3.33996e-02	1.80750e-02	3.67065	2.13548	2.31180e-05
1.32303e+03	3.33830e-02	1.94226e-02	5.66576	4.20626	2.31180e-05
1.32692e+03	3.33476e-02	2.45171e-02	0.94695	1.02467	2.31180e-05
1.33080e+03	3.33240e-02	3.43497e-02	5.35859	2.39980	2.31180e-05
1.33468e+03	3.33142e-02	1.14029e-02	1.85851	5.33129	2.31180e-05
1.33856e+03	3.33430e-02	2.96689e-02	1.28811	6.24262	2.31180e-05
1.34244e+03	3.33141e-02	2.60866e-02	2.55453	6.16213	2.31180e-05
1.34633e+03	3.32916e-02	2.04422e-02	0.52344	3.09426	2.31180e-05
1.35021e+03	3.33109e-02	2.06931e-02	2.17562	3.57242	2.31180e-05
1.35409e+03	3.32931e-02	1.48777e-02	6.06586	2.67478	2.31180e-05
1.35797e+03	3.32901e-02	2.59502e-02	5.33596	1.46995	2.31180e-05
1.36185e+03	3.32495e-02	9.92569e-03	1.64173	2.47301	2.31180e-05
1.36574e+03	3.32655e-02	1.05921e-02	1.19203	1.70433	2.31180e-05
1.36962e+03	3.32428e-02	1.99559e-02	5.20795	3.51376	2.31180e-05
1.37350e+03	3.32293e-02	1.35696e-02	0.11585	1.95852	2.31180e-05
1.37738e+03	3.32181e-02	9.08187e-03	0.93366	2.34018	2.31180e-05
1.38127e+03	3.32169e-02	5.31699e-03	5.93402	4.51476	2.31180e-05
1.38515e+03	3.31624e-02	1.33561e-02	1.30346	4.82616	2.31180e-05
1.38903e+03	3.31372e-02	1.74704e-02	3.74453	5.03571	2.31180e-05
1.39291e+03	3.31978e-02	1.56487e-02	0.96312	4.71690	2.31180e-05
1.39679e+03	3.31704e-02	7.92786e-03	0.27418	2.83953	2.31180e-05
1.40068e+03	3.31352e-02	1.65469e-02	2.11519	5.28341	2.31180e-05
1.40456e+03	3.31580e-02	6.64721e-03	1.24085	5.28145	2.31180e-05
1.40844e+03	3.31558e-02	3.77137e-03	1.25699	3.69567	2.31180e-05
1.41232e+03	3.31027e-02	1.71710e-02	1.21378	3.56898	2.31180e-05
1.41620e+03	3.31099e-02	1.46024e-02	6.23936	5.52964	2.31180e-05
1.42009e+03	3.31250e-02	1.79536e-03	0.26655	0.57722	2.31180e-05
1.42397e+03	3.30922e-02	1.15324e-02	3.20071	0.13880	2.31180e-05
1.42785e+03	3.30568e-02	1.75808e-02	2.62150	2.69920	2.31180e-05
1.43173e+03	3.30442e-02	1.79230e-02	5.64776	3.45540	2.31180e-05
1.43561e+03	3.30381e-02	1.65956e-02	3.13556	4.14060	2.31180e-05
1.43950e+03	3.30290e-02	1.48632e-02	1.28106	4.85096	2.31180e-05
1.44338e+03	3.30265e-02	1.81923e-02	0.07391	5.66867	2.31180e-05
1.44726e+03	3.30011e-02	1.82469e-02	6.12304	6.18586	2.31180e-05
1.45114e+03	3.29788e-02	2.08780e-02	0.29914	0.35252	2.31180e-05
1.45503e+03	3.29438e-02	2.07810e-02	1.59630	0.70600	2.31180e-05
1.45891e+03	3.29413e-02	1.74693e-02	3.73158	0.97432	2.31180e-05
1.46279e+03	3.29622e-02	1.07846e-02	6.27521	1.50949	2.31180e-05
1.46667e+03	3.29531e-02	1.14938e-02	2.34069	2.85215	2.31180e-05
1.47055e+03	3.29246e-02	2.00039e-02	0.57813	2.92051	2.31180e-05
1.47444e+03	3.29202e-02	9.34891e-03	5.24686	3.41697	2.31180e-05
1.47832e+03	3.28818e-02	1.85973e-02	3.60453	4.43890	2.31180e-05
1.48220e+03	3.28879e-02	1.81724e-02	3.66288	4.48062	2.31180e-05
1.48608e+03	3.28965e-02	1.56771e-02	3.51488	5.45176	2.31180e-05
1.48996e+03	3.28823e-02	1.71948e-02	5.47194	5.11757	2.31180e-05
1.49385e+03	3.28505e-02	1.63227e-02	0.17046	6.19750	2.31180e-05
1.49773e+03	3.28362e-02	1.21259e-02	3.08860	6.11508	2.31180e-05
1.50161e+03	3.28215e-02	1.80001e-02	5.67136	0.62646	2.31180e-05
1.50549e+03	3.28271e-02	1.20727e-02	2.83668	1.32003	2.31180e-05
1.50938e+03	3.28162e-02	1.05414e-02	1.70092	1.11715	2.31180e-05
1.51326e+03	3.27764e-02	1.79207e-02	0.33205	1.65341	2.31180e-05
1.51714e+03	3.27885e-02	1.83083e-02	5.51227	2.44244	2.31180e-05
1.52102e+03	3.27695e-02	1.39292e-02	5.44820	3.00079	2.31180e-05
1.52490e+03	3.27646e-02	1.11744e-02	6.25880	3.45730	2.31180e-05
1.52879e+03	3.27378e-02	8.10709e-03	1.65201	3.59615	2.31180e-05
1.53267e+03	3.27401e-02	9.73322e-03	3.80867	3.98685	2.31180e-05
1.53655e+03	3.27255e-02	8.45101e-03	0.21519	4.69464	2.31180e-05
1.54043e+03	3.27090e-02	1.16115e-02	3.87735	5.15690	2.31180e-05
1.54431e+03	3.26850e-02	1.39992e-02	2.10083	5.41530	2.31180e-05
1.54820e+03	3.26855e-02	1.91485e-02	1.08634	5.73728	2.31180e-05
1.55208e+03	3.26611e-02	1.84071e-02	1.22228	5.69573	2.31180e-05
1.55596e+03	3.26403e-02	1.44199e-02	1.45654	6.00817	2.31180e-05
1.55984e+03	3.26605e-02	1.18579e-02	1.92693	0.48323	2.31180e-05
1.56373e+03	3.26268e-02	1.96001e-02	3.74438	0.62586	2.31180e-05
1.56761e+03	3.26052e-02	1.07859e-02	0.11509	0.88075	2.31180e-05
1.57149e+03	3.25861e-02	1.66647e-02	3.36893	1.53857	2.31180e-05
1.57537e+03	3.26111e-02	1.69508e-02	1.34792	2.08991	2.31180e-05
1.57925e+03	3.25716e-02	2.03075e-02	0.81820	1.84577	2.31180e-05
1.58314e+03	3.25397e-02	2.43154e-02	5.97044	2.37472	2.31180e-05
1.58702e+03	3.25885e-02	2.54311e-02	5.94740	2.67472	2.31180e-05
1.59090e+03	3.25532e-02	3.26205e-02	0.06268	2.50168	2.31180e-05
1.59478e+03	3.25693e-02	2.55052e-02	0.30919	2.64578	2.31180e-05
1.59866e+03	3.25604e-02	2.30299e-02	0.55330	2.68203	2.31180e-05
1.60255e+03	3.25662e-02	8.93984e-03	0.29150	3.56433	2.31180e-05
1.60643e+03	3.25346e-02	2.14331e-02	0.38355	3.95836	2.31180e-05
1.61031e+03	3.25504e-02	2.73701e-02	1.13876	3.89756	2.31180e-05
1.61419e+03	3.25440e-02	2.30135e-02	1.90214	3.87296	2.31180e-05
1.61808e+03	3.25634e-02	1.30152e-02	2.71030	3.75608	2.31180e-05
1.62196e+03	3.25627e-02	2.52136e-03	3.90795	3.55621	2.31180e-05
1.62584e+03	3.25694e-02	6.43103e-03	1.81767	0.09591	2.31180e-05
1.62972e+03	3.25681e-02	1.55425e-02	3.15338	6.10722	2.31180e-05
1.63360e+03	3.25403e-02	1.74168e-02	4.40582	6.02590	2.31180e-05
1.63749e+03	3.25406e-02	1.88374e-02	4.90013	0.19916	2.31180e-05
1.64137e+03	3.25321e-02	2.01541e-02	4.86894	1.25250	2.31180e-05
1.64525e+03	3.25473e-02	2.37022e-02	0.03292	1.13896	2.31180e-05
1.64913e+03	3.25256e-02	3.21910e-02	1.20760	1.44526	2.31180e-05
1.65301e+03	3.25411e-02	1.87331e-02	2.56135	1.90967	2.31180e-05
1.65690e+03	3.25914e-02	1.60541e-02	3.05933	2.34828	2.31180e-05
1.66078e+03	3.25154e-02	1.64929e-02	3.69253	2.81681	2.31180e-05
1.66466e+03	3.24998e-02	1.53049e-02	0.43673	3.58028	2.31180e-05
1.66854e+03	3.24741e-02	7.50795e-03	4.77947	3.19369	2.31180e-05
1.67243e+03	3.24654e-02	1.03723e-02	3.04939	3.94708	2.31180e-05
1.67631e+03	3.24255e-02	1.26217e-02	1.73792	4.90338	2.31180e-05
1.68019e+03	3.24606e-02	1.43865e-02	0.48716	6.16706	2.31180e-05
1.68407e+03	3.24756e-02	1.37762e-02	0.55338	0.38933	2.31180e-05
1.68795e+03	3.24433e-02	1.66912e-02	1.71843	0.62714	2.31180e-05
1.69184e+03	3.24123e-02	2.04506e-02	3.61605	0.81397	2.31180e-05
1.69572e+03	3.24177e-02	1.73594e-02	0.13208	0.90411	2.31180e-05
1.69960e+03	3.23797e-02	1.80964e-02	3.10706	1.25212	2.31180e-05
1.70348e+03	3.23805e-02	1.86019e-02	0.99355	1.38372	2.31180e-05
1.70736e+03	3.23460e-02	1.64681e-02	5.53650	1.68900	2.31180e-05
1.71125e+03	3.23614e-02	1.72277e-02	4.21948	2.14282	2.31180e-05
1.71513e+03	3.23390e-02	1.63293e-02	3.70039	2.96413	2.31180e-05
1.71901e+03	3.23137e-02	1.91700e-02	3.98041	3.29487	2.31180e-05
1.72289e+03	3.23143e-02	1.87290e-02	5.27555	3.52891	2.31180e-05
1.72678e+03	3.23145e-02	1.05939e-02	0.69928	4.16346	2.31180e-05
1.73066e+03	3.22717e-02	1.51341e-02	2.74497	4.69260	2.31180e-05
1.73454e+03	3.22875e-02	1.44845e-02	6.26999	4.66201	2.31180e-05
1.73842e+03	3.22639e-02	1.20402e-02	3.07881	5.74698	2.31180e-05
1.74230e+03	3.22522e-02	1.45656e-02	1.15678	5.81733	2.31180e-05
1.74619e+03	3.22494e-02	9.65979e-03	6.06895	0.22686	2.31180e-05
1.75007e+03	3.22205e-02	1.46732e-02	5.58673	0.23894	2.31180e-05
1.75395e+03	3.22383e-02	1.27858e-02	5.27410	0.98106	2.31180e-05
1.75783e+03	3.22161e-02	1.69385e-02	0.34663	0.74855	2.31180e-05
1.76171e+03	3.22088e-02	1.86454e-02	1.08864	1.39181	2.31180e-05
1.76560e+03	3.22179e-02	1.53843e-02	3.52123	1.55248	2.31180e-05
1.76948e+03	3.21504e-02	2.25042e-02	6.16638	1.67079	2.31180e-05
1.77336e+03	3.21760e-02	2.15770e-02	2.85969	2.24926	2.31180e-05
1.77724e+03	3.21696e-02	1.91380e-02	0.67502	2.57474	2.31180e-05
1.78113e+03	3.21558e-02	1.95031e-02	5.38838	2.50644	2.31180e-05
1.78501e+03	3.21445e-02	1.81579e-02	4.70016	2.68094	2.31180e-05
1.78889e+03	3.21177e-02	1.77582e-02	3.91183	3.24592	2.31180e-05
1.79277e+03	3.21140e-02	1.72229e-02	3.90546	3.75481	2.31180e-05
1.79665e+03	3.20847e-02	1.76785e-02	4.93356	4.08729	2.31180e-05
1.80054e+03	3.21097e-02	1.39894e-02	6.16716	4.43305	2.31180e-05
1.80442e+03	3.20786e-02	1.56427e-02	2.35212	4.73704	2.31180e-05
1.80830e+03	3.20852e-02	1.21239e-02	4.89553	5.00748	2.31180e-05
1.81218e+03	3.20664e-02	1.60325e-02	2.42226	5.27225	2.31180e-05
1.81606e+03	3.20411e-02	1.45717e-02	6.24376	5.58676	2.31180e-05
1.81995e+03	3.20323e-02	1.53024e-02	5.23399	5.62471	2.31180e-05
1.82383e+03	3.20154e-02	1.25631e-02	4.24909	5.89243	2.31180e-05
1.82771e+03	3.20305e-02	8.96981e-03	3.74637	0.18043	2.31180e-05
1.83159e+03	3.20153e-02	1.27738e-02	3.60626	0.95255	2.31180e-05
1.83548e+03	3.20092e-02	1.60538e-02	4.33932	1.21184	2.31180e-05
1.83936e+03	3.19729e-02	1.71122e-02	0.26041	1.10507	2.31180e-05
1.84324e+03	3.19833e-02	1.58936e-02	1.94876	1.52554	2.31180e-05
1.84712e+03	3.19628e-02	1.86469e-02	4.62930	2.09679	2.31180e-05
1.85100e+03	3.19487e-02	2.01622e-02	1.58960	2.20101	2.31180e-05
1.85489e+03	3.19582e-02	1.48877e-02	5.92085	2.25157	2.31180e-05
1.85877e+03	3.19344e-02	1.65524e-02	3.70620	2.77983	2.31180e-05
1.86265e+03	3.19451e-02	1.82070e-02	2.93996	2.70270	2.31180e-05
1.86653e+03	3.19179e-02	1.13628e-02	2.10276	3.13843	2.31180e-05
1.87041e+03	3.19263e-02	1.70535e-02	1.85837	3.55483	2.31180e-05
1.87430e+03	3.18906e-02	1.21887e-02	2.69126	3.58469	2.31180e-05
1.87818e+03	3.18970e-02	1.58059e-02	3.34333	4.16070	2.31180e-05
1.88206e+03	3.18943e-02	1.21357e-02	5.61583	4.00401	2.31180e-05
1.88594e+03	3.18866e-02	1.44852e-02	0.91371	4.73608	2.31180e-05
1.88983e+03	3.18751e-02	1.13648e-02	4.36384	4.64211	2.31180e-05
1.89371e+03	3.18756e-02	1.61348e-02	0.89359	5.24027	2.31180e-05
1.89759e+03	3.18485e-02	1.13684e-02	5.40878	5.29791	2.31180e-05
1.90147e+03	3.18267e-02	1.56949e-02	3.36819	5.60147	2.31180e-05
1.90535e+03	3.18234e-02	1.25549e-02	2.27218	6.15485	2.31180e-05
1.90924e+03	3.18093e-02	1.19056e-02	1.74817	6.11081	2.31180e-05
1.91312e+03	3.18033e-02	1.43996e-02	1.93303	0.26738	2.31180e-05
1.91700e+03	3.18078e-02	9.66454e-03	2.00036	0.78209	2.31180e-05
1.92088e+03	3.18119e-02	8.23123e-03	3.66273	0.82461	2.31180e-05
1.92476e+03	3.17710e-02	1.42230e-02	4.76798	1.44749	2.31180e-05
1.92865e+03	3.17837e-02	1.46614e-02	0.62663	1.93995	2.31180e-05
1.93253e+03	3.17635e-02	1.25659e-02	3.62043	1.83751	2.31180e-05
1.93641e+03	3.17505e-02	1.60612e-02	0.89402	1.91278	2.31180e-05
1.94029e+03	3.17351e-02	1.64713e-02	4.50415	2.39999	2.31180e-05
1.94418e+03	3.17560e-02	1.17171e-02	2.48877	2.80072	2.31180e-05
1.94806e+03	3.17280e-02	1.06021e-02	1.52839	2.77998	2.31180e-05
1.95194e+03	3.17203e-02	1.57364e-02	0.47961	3.00382	2.31180e-05
1.95582e+03	3.17268e-02	1.69851e-02	0.18383	3.34669	2.31180e-05
1.95970e+03	3.17078e-02	1.17336e-02	6.15261	3.71768	2.31180e-05
1.96359e+03	3.17026e-02	9.64457e-03	0.58731	3.96503	2.31180e-05
1.96747e+03	3.16711e-02	1.52507e-02	1.20235	4.25654	2.31180e-05
1.97135e+03	3.16835e-02	1.87961e-02	2.79271	4.59634	2.31180e-05
1.97523e+03	3.16663e-02	1.56451e-02	4.59504	4.91752	2.31180e-05
1.97911e+03	3.16805e-02	1.47037e-02	1.38309	4.92705	2.31180e-05
1.98300e+03	3.16472e-02	1.56260e-02	5.06392	5.01548	2.31180e-05
1.98688e+03	3.16329e-02	1.85265e-02	2.60389	5.36617	2.31180e-05
1.99076e+03	3.16170e-02	1.88826e-02	1.09072	5.55927	2.31180e-05
1.99464e+03	3.16258e-02	1.65386e-02	5.74349	5.99177	2.31180e-05
1.99853e+03	3.16085e-02	1.59648e-02	5.31047	6.23157	2.31180e-05
2.00241e+03	3.15990e-02	1.10049e-02	4.55431	0.50529	2.31180e-05
2.00629e+03	3.16041e-02	8.87010e-03	4.61450	0.82271	2.31180e-05
2.01017e+03	3.15958e-02	8.73506e-03	5.43815	1.04492	2.31180e-05
2.01405e+03	3.15850e-02	9.19396e-03	0.60463	1.23280	2.31180e-05
2.01794e+03	3.15669e-02	9.86403e-03	2.62492	1.47146	2.31180e-05
2.02182e+03	3.15662e-02	1.23723e-02	4.86483	1.75485	2.31180e-05
2.02570e+03	3.15604e-02	1.27565e-02	1.70300	1.97293	2.31180e-05
2.02958e+03	3.15351e-02	1.51579e-02	4.99392	2.23870	2.31180e-05
2.03346e+03	3.15370e-02	1.59290e-02	2.82008	2.40536	2.31180e-05
2.03735e+03	3.15299e-02	1.52721e-02	1.09730	2.60849	2.31180e-05
2.04123e+03	3.15383e-02	1.45607e-02	5.85271	2.98330	2.31180e-05
2.04511e+03	3.15218e-02	1.34915e-02	5.23258	3.23013	2.31180e-05
2.04899e+03	3.15091e-02	1.37585e-02	4.62975	3.67047	2.31180e-05
2.05288e+03	3.14951e-02	1.39375e-02	4.93196	3.93526	2.31180e-05
2.05676e+03	3.14929e-02	1.41034e-02	5.64871	4.21261	2.31180e-05
2.06064e+03	3.14943e-02	1.47425e-02	0.30766	4.65600	2.31180e-05
2.06452e+03	3.14614e-02	1.57796e-02	2.27065	4.83841	2.31180e-05
2.06840e+03	3.14604e-02	1.80170e-02	4.27225	5.15861	2.31180e-05
2.07229e+03	3.14492e-02	1.88068e-02	0.95753	5.29185	2.31180e-05
2.07617e+03	3.14388e-02	1.84055e-02	4.20457	5.47740	2.31180e-05
2.08005e+03	3.14343e-02	1.69052e-02	1.51614	5.74937	2.31180e-05
2.08393e+03	3.14418e-02	1.64605e-02	5.88009	5.91725	2.31180e-05
2.08781e+03	3.14180e-02	1.56488e-02	3.93057	6.27969	2.31180e-05
2.09170e+03	3.14104e-02	1.51749e-02	2.92630	0.17507	2.31180e-05
2.09558e+03	3.13989e-02	1.26191e-02	2.01377	0.57091	2.31180e-05
2.09946e+03	3.14027e-02	1.15987e-02	1.46419	1.05426	2.31180e-05
2.10334e+03	3.14031e-02	1.28020e-02	1.73172	1.42465	2.31180e-05
2.10723e+03	3.13822e-02	1.44552e-02	1.94794	1.93444	2.31180e-05
2.11111e+03	3.13762e-02	1.66903e-02	3.32492	2.08446	2.31180e-05
2.11499e+03	3.13779e-02	1.63923e-02	4.77116	2.37678	2.31180e-05
2.11887e+03	3.13803e-02	1.56474e-02	0.36297	2.73327	2.31180e-05
2.12275e+03	3.13606e-02	1.62133e-02	2.92029	2.99913	2.31180e-05
2.12664e+03	3.13519e-02	1.32452e-02	5.72700	3.17409	2.31180e-05
2.13052e+03	3.13593e-02	1.22716e-02	2.86712	3.50285	2.31180e-05
2.13440e+03	3.13458e-02	9.38987e-03	0.49574	3.55699	2.31180e-05
2.13828e+03	3.13462e-02	6.73332e-03	4.73337	3.80086	2.31180e-05
2.14216e+03	3.13274e-02	5.93200e-03	3.02407	4.47106	2.31180e-05
2.14605e+03	3.13226e-02	8.12270e-03	2.18843	4.65899	2.31180e-05
2.14993e+03	3.13112e-02	7.71847e-03	1.93291	5.07617	2.31180e-05
2.15381e+03	3.13023e-02	1.05980e-02	2.03980	5.23807	2.31180e-05
2.15769e+03	3.12947e-02	1.12058e-02	2.76248	5.41847	2.31180e-05
2.16157e+03	3.12773e-02	1.33296e-02	3.80406	5.67448	2.31180e-05
2.16546e+03	3.12924e-02	1.67236e-02	4.71546	5.98615	2.31180e-05
2.16934e+03	3.12720e-02	1.75170e-02	0.36625	6.16815	2.31180e-05
2.17322e+03	3.12675e-02	1.44644e-02	2.40292	0.22460	2.31180e-05
2.17710e+03	3.12605e-02	1.08061e-02	5.04061	0.55950	2.31180e-05
2.18099e+03	3.12662e-02	7.91289e-03	1.80778	0.99328	2.31180e-05
2.18487e+03	3.12553e-02	7.45803e-03	5.69825	0.88883	2.31180e-05
2.18875e+03	3.12498e-02	5.74123e-03	3.66437	1.13980	2.31180e-05
2.19263e+03	3.12188e-02	7.47180e-03	1.82685	1.45331	2.31180e-05
2.19651e+03	3.12340e-02	1.10742e-02	0.02292	2.14449	2.31180e-05
2.20040e+03	3.12169e-02	1.40069e-02	5.44636	2.52325	2.31180e-05
2.20428e+03	3.12160e-02	1.40912e-02	4.63034	2.98862	2.31180e-05
2.20816e+03	3.12046e-02	1.24410e-02	4.73250	3.22048	2.31180e-05
2.21204e+03	3.12019e-02	9.90998e-03	5.49837	3.13896	2.31180e-05
2.21592e+03	3.11943e-02	1.32039e-02	0.07904	3.25012	2.31180e-05
2.21981e+03	3.11815e-02	1.41713e-02	1.34296	3.62485	2.31180e-05
2.22369e+03	3.11687e-02	1.13633e-02	2.56643	4.22110	2.31180e-05
2.22757e+03	3.11827e-02	6.59624e-03	4.83848	4.25367	2.31180e-05
2.23145e+03	3.11616e-02	6.78110e-03	1.32144	4.32256	2.31180e-05
2.23534e+03	3.11521e-02	1.01561e-02	3.32216	5.25984	2.31180e-05
2.23922e+03	3.11570e-02	1.17812e-02	6.07619	6.06133	2.31180e-05
2.24310e+03	3.11346e-02	9.76177e-03	3.75395	5.96649	2.31180e-05
2.24698e+03	3.11288e-02	1.63228e-02	1.32552	6.19338	2.31180e-05
2.25086e+03	3.11466e-02	1.29341e-02	5.57340	0.38617	2.31180e-05
2.25475e+03	3.11268e-02	1.32547e-02	4.55001	0.16471	2.31180e-05
2.25863e+03	3.11201e-02	1.46580e-02	2.97916	0.78821	2.31180e-05
2.26251e+03	3.11364e-02	9.63126e-03	2.69914	0.75506	2.31180e-05
2.26639e+03	3.10968e-02	1.40848e-02	2.27464	1.03025	2.31180e-05
2.27027e+03	3.11030e-02	5.52096e-03	2.23678	1.34736	2.31180e-05
2.27416e+03	3.11062e-02	9.57315e-03	2.88929	1.62816	2.31180e-05
2.27804e+03	3.10832e-02	6.70555e-03	2.89036	2.82758	2.31180e-05
2.28192e+03	3.10785e-02	1.05711e-02	4.68875	2.66441	2.31180e-05
2.28580e+03	3.10806e-02	1.07485e-02	5.97200	3.47905	2.31180e-05
2.28969e+03	3.10647e-02	1.21814e-02	2.25428	3.24383	2.31180e-05
2.29357e+03	3.10759e-02	9.51740e-03	4.38021	3.90209	2.31180e-05
2.29745e+03	3.10613e-02	1.54956e-02	1.40502	3.85139	2.31180e-05
2.30133e+03	3.10485e-02	9.85730e-03	4.74339	4.00297	2.31180e-05
2.30521e+03	3.10444e-02	1.15754e-02	1.82184	4.55462	2.31180e-05
2.30910e+03	3.10467e-02	1.00317e-02	0.35228	4.23386	2.31180e-05
2.31298e+03	3.10417e-02	4.19510e-03	4.19734	5.21314	2.31180e-05
2.31686e+03	3.10202e-02	9.69724e-03	2.70953	5.73628	2.31180e-05
2.32074e+03	3.10297e-02	4.99245e-03	2.25924	5.69308	2.31180e-05
2.32462e+03	3.10102e-02	7.33940e-03	0.87424	0.50449	2.31180e-05
2.32851e+03	3.10164e-02	1.21741e-02	0.88410	0.63387	2.31180e-05
2.33239e+03	3.10110e-02	9.84373e-03	1.64647	0.53961	2.31180e-05
2.33627e+03	3.09963e-02	1.01261e-02	1.94063	1.09572	2.31180e-05
2.34015e+03	3.09905e-02	1.22777e-02	2.85493	1.42278	2.31180e-05
2.34404e+03	3.09907e-02	1.47040e-02	4.67143	1.38912	2.31180e-05
2.34792e+03	3.09730e-02	1.25944e-02	0.42316	1.38956	2.31180e-05
2.35180e+03	3.09808e-02	8.83911e-03	2.49041	1.69068	2.31180e-05
2.35568e+03	3.09760e-02	4.03245e-03	4.88946	2.16530	2.31180e-05
2.35956e+03	3.09731e-02	5.10067e-03	0.76041	3.20985	2.31180e-05
2.36345e+03	3.09643e-02	5.09796e-03	3.63139	3.78158	2.31180e-05
2.36733e+03	3.09620e-02	9.09260e-03	0.78692	4.30505	2.31180e-05
2.37121e+03	3.09353e-02	1.31015e-02	4.98401	4.47453	2.31180e-05
2.37509e+03	3.09305e-02	1.47394e-02	3.15512	4.63943	2.31180e-05
2.37897e+03	3.09343e-02	1.42448e-02	1.64849	4.90177	2.31180e-05
2.38286e+03	3.09202e-02	1.46510e-02	0.74184	5.08098	2.31180e-05
2.38674e+03	3.09215e-02	1.23241e-02	6.16565	5.45815	2.31180e-05
2.39062e+03	3.09149e-02	9.97807e-03	5.51031	5.94893	2.31180e-05
2.39450e+03	3.09183e-02	8.64772e-03	5.34928	0.14190	2.31180e-05
2.39839e+03	3.09115e-02	4.99040e-03	5.65836	0.54792	2.31180e-05
2.40227e+03	3.08973e-02	3.11416e-03	6.06325	1.08805	2.31180e-05
2.40615e+03	3.08977e-02	5.31733e-03	1.10271	1.12369	2.31180e-05
2.41003e+03	3.08895e-02	1.09200e-02	2.59734	1.43793	2.31180e-05
2.41391e+03	3.08825e-02	1.57131e-02	4.23391	1.88506	2.31180e-05
2.41780e+03	3.08766e-02	1.33063e-02	5.99785	2.43283	2.31180e-05
2.42168e+03	3.08927e-02	7.75920e-03	2.43240	2.50796	2.31180e-05
2.42556e+03	3.08674e-02	1.25307e-02	5.58504	2.52312	2.31180e-05
2.42944e+03	3.08544e-02	1.33510e-02	1.88130	3.32834	2.31180e-05
2.43332e+03	3.08603e-02	4.79826e-03	5.44899	3.44677	2.31180e-05
2.43721e+03	3.08551e-02	8.74736e-03	2.97665	3.77516	2.31180e-05
2.44109e+03	3.08515e-02	9.21445e-03	5.91709	5.31314	2.31180e-05
2.44497e+03	3.08420e-02	5.93305e-03	4.65047	5.07736	2.31180e-05
2.44885e+03	3.08247e-02	1.43253e-02	2.54637	5.89620	2.31180e-05
2.45274e+03	3.08337e-02	1.03254e-02	1.95277	5.69421	2.31180e-05
2.45662e+03	3.08208e-02	1.37456e-02	0.62021	0.26265	2.31180e-05
2.46050e+03	3.08327e-02	1.09524e-02	0.74599	0.01354	2.31180e-05
2.46438e+03	3.08160e-02	9.59448e-03	6.01614	1.07053	2.31180e-05
2.46826e+03	3.08169e-02	1.25370e-02	0.16471	1.10399	2.31180e-05
2.47215e+03	3.08005e-02	4.24725e-03	1.44750	0.73442	2.31180e-05
2.47603e+03	3.08135e-02	9.56307e-03	0.37969	3.05048	2.31180e-05
2.47991e+03	3.07846e-02	1.22966e-02	2.11677	2.86391	2.31180e-05
2.48379e+03	3.07878e-02	9.22624e-03	3.72781	3.11515	2.31180e-05
2.48767e+03	3.07854e-02	8.28700e-03	5.03905	4.01382	2.31180e-05
2.49156e+03	3.07922e-02	1.30619e-02	0.86999	4.52521	2.31180e-05
2.49544e+03	3.07581e-02	1.57415e-02	3.77604	4.55927	2.31180e-05
2.49932e+03	3.07588e-02	1.36615e-02	0.54707	4.71438	2.31180e-05
2.50320e+03	3.07661e-02	1.11797e-02	3.82377	4.94111	2.31180e-05
2.50709e+03	3.07706e-02	6.88389e-03	1.19128	5.19709	2.31180e-05
2.51097e+03	3.07673e-02	1.58854e-03	4.55626	6.11087	2.31180e-05
2.51485e+03	3.07411e-02	4.43241e-03	1.10641	1.59305	2.31180e-05
2.51873e+03	3.07484e-02	5.81227e-03	6.01905	1.54953	2.31180e-05
2.52261e+03	3.07490e-02	8.23113e-03	4.88147	1.57335	2.31180e-05
2.52650e+03	3.07296e-02	9.89563e-03	3.79856	1.88651	2.31180e-05
2.53038e+03	3.07318e-02	1.17695e-02	2.90780	2.40046	2.31180e-05
2.53426e+03	3.07159e-02	1.38078e-02	2.33166	2.92762	2.31180e-05
2.53814e+03	3.07086e-02	1.22639e-02	1.79598	3.72760	2.31180e-05
2.54202e+03	3.07264e-02	9.55734e-03	0.92326	5.18086	2.31180e-05
2.54591e+03	3.07027e-02	6.63498e-03	0.66964	0.02449	2.31180e-05
2.54979e+03	3.06998e-02	9.04493e-03	2.50708	5.69822	2.31180e-05
2.55367e+03	3.06941e-02	1.64703e-02	3.51189	6.21501	2.31180e-05
2.55755e+03	3.07014e-02	1.07479e-02	4.38482	0.91282	2.31180e-05
2.56144e+03	3.07136e-02	6.50554e-03	0.81942	0.41355	2.31180e-05
2.56532e+03	3.06843e-02	1.50476e-02	2.15580	1.55344	2.31180e-05
2.56920e+03	3.06918e-02	4.52407e-03	3.11432	3.35116	2.31180e-05
2.57308e+03	3.06881e-02	8.43220e-03	0.81389	2.54336	2.31180e-05
2.57696e+03	3.06679e-02	1.18056e-02	2.35117	4.54034	2.31180e-05
2.58085e+03	3.06576e-02	1.05030e-02	0.56214	4.10508	2.31180e-05
2.58473e+03	3.06637e-02	1.17317e-02	3.59760	5.28889	2.31180e-05
2.58861e+03	3.06570e-02	1.14472e-02	2.58148	4.84073	2.31180e-05
2.59249e+03	3.06514e-02	9.77640e-03	5.37893	0.82091	2.31180e-05
2.59637e+03	3.06490e-02	1.07964e-02	5.27094	0.16866	2.31180e-05
2.60026e+03	3.06350e-02	6.26200e-03	2.47439	2.32477	2.31180e-05
2.60414e+03	3.06135e-02	1.27288e-02	2.46621	2.11473	2.31180e-05
2.60802e+03	3.06234e-02	5.92884e-03	2.16744	2.48169	2.31180e-05
2.61190e+03	3.06309e-02	1.03211e-02	0.90770	4.12122	2.31180e-05
2.61579e+03	3.06170e-02	1.55230e-02	1.59232	4.28652	2.31180e-05
2.61967e+03	3.06151e-02	7.96192e-03	4.36028	3.78063	2.31180e-05
2.62355e+03	3.06038e-02	8.51054e-03	0.23391	4.57585	2.31180e-05
2.62743e+03	3.05987e-02	2.50098e-02	4.65370	3.71128	2.31180e-05
2.63131e+03	3.06033e-02	1.48642e-02	1.13577	4.05448	2.31180e-05
2.63520e+03	3.05880e-02	1.24586e-02	3.42602	4.78162	2.31180e-05
2.63908e+03	3.06009e-02	9.52234e-03	6.28113	5.28464	2.31180e-05
2.64296e+03	3.05438e-02	1.22075e-02	2.82770	0.14580	2.31180e-05
2.64684e+03	3.05690e-02	3.49484e-03	2.51612	4.75451	2.31180e-05
2.65072e+03	3.05722e-02	1.56791e-02	1.55938	4.08527	2.31180e-05
2.65461e+03	3.05533e-02	2.46633e-02	3.03237	3.50139	2.31180e-05
2.65849e+03	3.05600e-02	2.02195e-02	1.58997	4.08740	2.31180e-05
2.66237e+03	3.04959e-02	2.37777e-02	2.11099	5.00193	2.31180e-05
2.66625e+03	3.05025e-02	1.05124e-02	1.49489	1.25881	2.31180e-05
2.67014e+03	3.05858e-02	2.47985e-02	2.89040	0.95115	2.31180e-05
2.67402e+03	3.04702e-02	1.89603e-02	3.33079	5.47807	2.31180e-05
2.67790e+03	3.04897e-02	2.66058e-02	5.48698	1.35946	2.31180e-05
2.68178e+03	3.05635e-02	1.38203e-02	4.44552	0.67392	2.31180e-05
2.68566e+03	3.04980e-02	4.68036e-02	5.70252	2.55613	2.31180e-05
2.68955e+03	3.05405e-02	2.25806e-02	4.18598	2.68499	2.31180e-05
2.69343e+03	3.05743e-02	2.34658e-02	0.58474	3.25588	2.31180e-05
2.69731e+03	3.04912e-02	3.47854e-02	3.52145	2.68999	2.31180e-05
2.70119e+03	3.04808e-02	2.98342e-02	1.28958	3.81759	2.31180e-05
2.70507e+03	3.04101e-02	2.17544e-02	5.42397	4.96932	2.31180e-05
2.70896e+03	3.04732e-02	1.73645e-02	4.14966	5.10162	2.31180e-05
2.71284e+03	3.04733e-02	1.62536e-02	1.92667	6.06980	2.31180e-05
2.71672e+03	3.04237e-02	2.80418e-02	1.60895	0.00008	2.31180e-05
2.72060e+03	3.03811e-02	2.77160e-02	0.10432	0.31157	2.31180e-05
2.72449e+03	3.02822e-02	2.13789e-02	6.09956	0.65152	2.31180e-05
2.72837e+03	3.03213e-02	1.17232e-02	0.30152	1.07526	2.31180e-05
2.73225e+03	3.02977e-02	1.94106e-03	3.59140	1.15142	2.31180e-05
2.73613e+03	3.03132e-02	1.03564e-02	3.60279	4.76934	2.31180e-05
2.74001e+03	3.02883e-02	1.04379e-02	1.02858	4.99943	2.31180e-05
2.74390e+03	3.02891e-02	4.18770e-03	5.27577	5.05906	2.31180e-05
2.74778e+03	3.02789e-02	6.37844e-03	5.28991	3.26535	2.31180e-05
2.75166e+03	3.02738e-02	1.36813e-02	3.33021	3.59826	2.31180e-05
2.75554e+03	3.02890e-02	1.44435e-02	1.67865	3.90481	2.31180e-05
2.75942e+03	3.02618e-02	2.45523e-02	0.49985	3.99613	2.31180e-05
2.76331e+03	3.02851e-02	2.80411e-02	5.37758	4.39362	2.31180e-05
2.76719e+03	3.02664e-02	3.20503e-02	4.14154	4.84063	2.31180e-05
2.77107e+03	3.02646e-02	3.37866e-02	3.34923	5.08354	2.31180e-05
2.77495e+03	3.02657e-02	3.16182e-02	2.40617	5.37036	2.31180e-05
2.77884e+03	3.02968e-02	2.23236e-02	1.40046	5.77851	2.31180e-05
2.78272e+03	3.02824e-02	2.16745e-02	4.17620	0.80750	2.31180e-05
2.78660e+03	3.02614e-02	9.08268e-03	1.46546	2.60477	2.31180e-05
2.79048e+03	3.02878e-02	1.54786e-02	0.65497	3.56015	2.31180e-05
2.79436e+03	3.02695e-02	2.58071e-02	4.89836	4.53732	2.31180e-05
2.79825e+03	3.02639e-02	3.44854e-02	5.25068	4.96296	2.31180e-05
2.80213e+03	3.02574e-02	2.89223e-02	3.72360	5.65565	2.31180e-05
2.80601e+03	3.02773e-02	1.79196e-02	2.66871	5.56292	2.31180e-05
2.80989e+03	3.02731e-02	2.29015e-02	0.32060	0.73380	2.31180e-05
2.81377e+03	3.03074e-02	4.80671e-03	1.49299	5.41541	2.31180e-05
2.81766e+03	3.02164e-02	3.03858e-02	2.94522	4.71815	2.31180e-05
2.82154e+03	3.02256e-02	2.35585e-02	5.70495	5.23458	2.31180e-05
2.82542e+03	3.02424e-02	3.21865e-02	2.08886	6.04763	2.31180e-05
2.82930e+03	3.02054e-02	4.11827e-02	3.38951	0.47042	2.31180e-05
2.83319e+03	3.02491e-02	3.38945e-02	5.53081	0.64716	2.31180e-05
2.83707e+03	3.02182e-02	4.87158e-02	0.20143	0.37728	2.31180e-05
2.84095e+03	3.01969e-02	1.15453e-02	0.39779	0.88769	2.31180e-05
2.84483e+03	3.02575e-02	1.35780e-02	6.01838	0.17684	2.31180e-05
2.84871e+03	3.02250e-02	2.68199e-02	0.33058	5.84614	2.31180e-05
2.85260e+03	3.02101e-02	3.17594e-02	0.68937	0.59453	2.31180e-05
2.85648e+03	3.02911e-02	3.77321e-02	3.86773	5.90491	2.31180e-05
2.86036e+03	3.02874e-02	1.82212e-02	5.67438	5.14797	2.31180e-05
2.86424e+03	3.02386e-02	3.68195e-02	5.54671	0.20632	2.31180e-05
2.86812e+03	3.02266e-02	4.60018e-02	3.47994	5.66332	2.31180e-05
2.87201e+03	3.03233e-02	2.24629e-02	4.91983	5.50072	2.31180e-05
2.87589e+03	3.02583e-02	1.61053e-02	5.42406	6.01391	2.31180e-05
2.87977e+03	3.02170e-02	5.15315e-02	0.32034	0.15913	2.31180e-05
2.88365e+03	3.01837e-02	4.48712e-02	3.80863	5.86673	2.31180e-05
2.88753e+03	3.02087e-02	3.22096e-02	5.92283	0.12966	2.31180e-05
2.89142e+03	3.01827e-02	3.42889e-02	1.10228	1.46752	2.31180e-05
2.89530e+03	3.01845e-02	2.29981e-02	5.78668	5.24796	2.31180e-05
2.89918e+03	3.03038e-02	1.42154e-02	0.48324	0.77802	2.31180e-05
2.90306e+03	3.01781e-02	3.02648e-02	2.80246	1.39515	2.31180e-05
2.90695e+03	3.02338e-02	5.35457e-02	1.22778	1.36170	2.31180e-05
2.91083e+03	3.01625e-02	3.14888e-02	0.61528	5.97803	2.31180e-05
2.91471e+03	3.01825e-02	3.10167e-02	1.32674	3.40381	2.31180e-05
2.91859e+03	3.01793e-02	2.78322e-02	1.80588	2.49374	2.31180e-05
2.92247e+03	3.01867e-02	4.59040e-02	1.57301	2.45799	2.31180e-05
2.92636e+03	3.01737e-02	4.67484e-02	1.83610	2.17394	2.31180e-05
2.93024e+03	3.01808e-02	6.97883e-03	2.21355	1.72412	2.31180e-05
2.93412e+03	3.01529e-02	3.93459e-02	3.20282	1.48330	2.31180e-05
2.93800e+03	3.01261e-02	3.33217e-02	5.14479	1.44335	2.31180e-05
2.94188e+03	3.01448e-02	2.84462e-02	3.85067	3.64250	2.31180e-05
2.94577e+03	3.01535e-02	3.42213e-02	6.11600	1.89861	2.31180e-05
2.94965e+03	3.01172e-02	5.54788e-02	1.17023	1.72267	2.31180e-05
2.95353e+03	3.01248e-02	2.37878e-02	4.18727	0.55181	2.31180e-05
2.95741e+03	3.01526e-02	2.56424e-02	5.36486	1.10077	2.31180e-05
2.96130e+03	3.01940e-02	2.70201e-02	4.37601	4.23024	2.31180e-05
2.96518e+03	3.01490e-02	7.85262e-03	5.91564	5.39550	2.31180e-05
2.96906e+03	3.01149e-02	5.51387e-02	4.70802	2.77369	2.31180e-05
2.97294e+03	3.00757e-02	5.17386e-02	2.24314	1.93308	2.31180e-05
2.97682e+03	3.00692e-02	3.33372e-02	4.91411	3.01598	2.31180e-05
2.98071e+03	3.01849e-02	3.82120e-02	3.55972	2.57969	2.31180e-05
2.98459e+03	3.01008e-02	6.48803e-02	1.99087	2.20272	2.31180e-05
2.98847e+03	3.00965e-02	3.89993e-02	1.26122	0.27205	2.31180e-05
2.99235e+03	3.00848e-02	2.00469e-02	1.96475	3.79818	2.31180e-05
2.99623e+03	3.01392e-02	2.58803e-02	3.53054	1.23132	2.31180e-05
3.00012e+03	3.00981e-02	5.48385e-02	4.26305	5.46636	2.31180e-05
3.00400e+03	3.00105e-02	5.80340e-02	4.60194	4.13828	2.31180e-05
3.00788e+03	3.00447e-02	2.83150e-02	2.38507	0.23722	2.31180e-05
3.01176e+03	3.01510e-02	5.19085e-02	3.49804	4.92442	2.31180e-05
3.01565e+03	3.00649e-02	2.96166e-02	5.10257	3.47447	2.31180e-05
3.01953e+03	3.00901e-02	3.02878e-02	1.56164	0.29837	2.31180e-05
3.02341e+03	3.00377e-02	4.25722e-02	5.33116	4.32844	2.31180e-05
3.02729e+03	3.00365e-02	4.20419e-02	1.20074	2.68647	2.31180e-05
3.03117e+03	3.00755e-02	4.42855e-02	4.93895	0.30555	2.31180e-05
3.03506e+03	3.00607e-02	4.94390e-02	2.25321	5.10994	2.31180e-05
3.03894e+03	3.01074e-02	5.31295e-03	1.71785	0.23583	2.31180e-05
3.04282e+03	3.00438e-02	5.01386e-02	3.23321	0.28309	2.31180e-05
3.04670e+03	2.99845e-02	6.05856e-02	1.12777	5.39796	2.31180e-05
3.05058e+03	3.00854e-02	5.79592e-03	0.41681	2.75229	2.31180e-05
3.05447e+03	3.00839e-02	2.79486e-02	6.14246	6.08340	2.31180e-05
3.05835e+03	2.99587e-02	4.95627e-02	4.50071	5.01856	2.31180e-05
3.06223e+03	2.99694e-02	3.33767e-02	5.28616	2.64805	2.31180e-05
3.06611e+03	3.00541e-02	3.97012e-02	5.87431	0.34152	2.31180e-05
3.07000e+03	2.99974e-02	2.12144e-02	0.16365	4.12088	2.31180e-05
3.07388e+03	2.99980e-02	4.59063e-02	0.60149	2.23691	2.31180e-05
3.07776e+03	2.99496e-02	3.67205e-02	1.91453	0.97270	2.31180e-05
3.08164e+03	3.00429e-02	8.30712e-03	4.52225	3.92633	2.31180e-05
3.08552e+03	2.99217e-02	5.03852e-02	0.30477	1.94907	2.31180e-05
3.08941e+03	2.99655e-02	4.94828e-02	2.11019	0.44219	2.31180e-05
3.09329e+03	2.99804e-02	2.65968e-02	5.38200	4.24973	2.31180e-05
3.09717e+03	3.00488e-02	4.05557e-02	3.01967	1.76707	2.31180e-05
3.10105e+03	2.99871e-02	3.91654e-02	6.16743	0.02309	2.31180e-05
3.10493e+03	2.99461e-02	5.05142e-02	4.02609	4.21554	2.31180e-05
3.10882e+03	2.99354e-02	4.34417e-02	0.52351	2.81978	2.31180e-05
3.11270e+03	3.00221e-02	1.87125e-02	0.66711	6.07474	2.31180e-05
3.11658e+03	2.99340e-02	4.83144e-02	4.62034	4.07548	2.31180e-05
3.12046e+03	2.99821e-02	4.91694e-02	2.26604	3.40909	2.31180e-05
3.12435e+03	2.99352e-02	4.17973e-03	2.69663	0.20442	2.31180e-05
3.12823e+03	2.99904e-02	5.35170e-02	1.52767	4.56045	2.31180e-05
3.13211e+03	2.99004e-02	3.63927e-02	1.57914	3.01639	2.31180e-05
3.13599e+03	2.98930e-02	3.54927e-02	3.83270	5.78682	2.31180e-05
3.13987e+03	2.99300e-02	2.92166e-02	4.35147	3.54770	2.31180e-05
3.14376e+03	2.98728e-02	3.90170e-02	0.95206	0.31872	2.31180e-05
3.14764e+03	2.98834e-02	5.41366e-02	2.82687	4.85336	2.31180e-05
3.15152e+03	2.98664e-02	2.10033e-03	4.86141	2.97759	2.31180e-05
3.15540e+03	2.99215e-02	7.18491e-02	2.79197	5.26846	2.31180e-05
3.15928e+03	2.98910e-02	5.79711e-02	4.32767	4.11721	2.31180e-05
3.16317e+03	2.98937e-02	1.00940e-02	2.69733	0.68694	2.31180e-05
3.16705e+03	2.99009e-02	3.27201e-02	5.89650	4.92262	2.31180e-05
3.17093e+03	2.98493e-02	1.52883e-02	2.54507	3.50855	2.31180e-05
3.17481e+03	2.98463e-02	3.59935e-02	0.63195	0.62382	2.31180e-05
3.17870e+03	2.98529e-02	4.98431e-02	5.16906	4.88725	2.31180e-05
3.18258e+03	2.98466e-02	2.29459e-02	4.04806	2.70871	2.31180e-05
3.18646e+03	2.98120e-02	3.01362e-02	4.70598	6.08470	2.31180e-05
3.19034e+03	2.98392e-02	3.33953e-02	5.45325	3.01380	2.31180e-05
3.19422e+03	2.98598e-02	6.40316e-02	4.85173	1.10656	2.31180e-05
3.19811e+03	2.98436e-02	6.40481e-02	4.47501	5.62350	2.31180e-05
3.20199e+03	2.98436e-02	3.00067e-02	3.13444	6.19402	2.31180e-05
3.20587e+03	2.98163e-02	5.01968e-02	3.64411	5.06472	2.31180e-05
3.20975e+03	2.98190e-02	1.61410e-02	6.15519	2.43965	2.31180e-05
3.21363e+03	2.98084e-02	2.47568e-02	4.74573	3.95159	2.31180e-05
3.21752e+03	2.98083e-02	5.45376e-02	0.80657	1.92450	2.31180e-05
3.22140e+03	2.97783e-02	5.01909e-02	2.30743	0.13192	2.31180e-05
3.22528e+03	2.97879e-02	4.46370e-02	2.25852	1.29336	2.31180e-05
3.22916e+03	2.97648e-02	6.34871e-02	5.00371	6.15450	2.31180e-05
3.23305e+03	2.98065e-02	5.64380e-02	1.92512	4.17508	2.31180e-05
3.23693e+03	2.97879e-02	5.01050e-02	5.02907	2.72295	2.31180e-05
3.24081e+03	2.97584e-02	1.06064e-02	0.28752	3.42389	2.31180e-05
3.24469e+03	2.97398e-02	5.98313e-02	4.71969	1.85487	2.31180e-05
3.24857e+03	2.97906e-02	4.68383e-02	3.08113	0.36643	2.31180e-05
3.25246e+03	2.97824e-02	1.25474e-02	6.12285	0.41463	2.31180e-05
3.25634e+03	2.97459e-02	4.86005e-02	4.48751	5.89731	2.31180e-05
3.26022e+03	2.97304e-02	6.00526e-02	3.72675	4.08357	2.31180e-05
3.26410e+03	2.97515e-02	2.39833e-02	2.16731	3.14750	2.31180e-05
3.26798e+03	2.97864e-02	4.30555e-02	0.04162	3.97122	2.31180e-05
3.27187e+03	2.97524e-02	2.09844e-02	1.27595	1.83296	2.31180e-05
3.27575e+03	2.97313e-02	5.12187e-02	4.65207	3.47559	2.31180e-05
3.27963e+03	2.97004e-02	3.54409e-02	5.67924	1.42229	2.31180e-05
3.28351e+03	2.97045e-02	2.89220e-02	2.83513	4.44202	2.31180e-05
3.28740e+03	2.97240e-02	2.34690e-02	5.38446	1.83522	2.31180e-05
3.29128e+03	2.97203e-02	4.64817e-02	2.57204	5.17839	2.31180e-05
3.29516e+03	2.97340e-02	2.88927e-02	5.26632	3.04731	2.31180e-05
3.29904e+03	2.97073e-02	3.49754e-02	4.36968	5.21673	2.31180e-05
3.30292e+03	2.97093e-02	3.78170e-02	1.78859	3.11238	2.31180e-05
3.30681e+03	2.96955e-02	2.69047e-02	0.30284	0.02585	2.31180e-05
3.31069e+03	2.97067e-02	2.86309e-02	5.89319	2.88159	2.31180e-05
3.31457e+03	2.97026e-02	5.14391e-02	4.23051	0.61259	2.31180e-05
3.31845e+03	2.96742e-02	2.43747e-02	3.29547	4.66587	2.31180e-05
3.32233e+03	2.96667e-02	4.73642e-02	4.32281	0.58371	2.31180e-05
3.32622e+03	2.96579e-02	5.19248e-02	3.48537	5.10122	2.31180e-05
3.33010e+03	2.96747e-02	2.10008e-02	4.72689	1.65967	2.31180e-05
3.33398e+03	2.96359e-02	4.83226e-02	4.12569	6.15652	2.31180e-05
3.33786e+03	2.96248e-02	2.40863e-02	6.24835	2.67411	2.31180e-05
3.34175e+03	2.96662e-02	5.89522e-02	0.46758	0.95162	2.31180e-05
3.34563e+03	2.96452e-02	3.16869e-02	0.98721	5.90063	2.31180e-05
3.34951e+03	2.96459e-02	5.35039e-02	1.75094	0.59349	2.31180e-05
3.35339e+03	2.96562e-02	3.84833e-02	3.67665	5.29089	2.31180e-05
3.35727e+03	2.96223e-02	1.47305e-02	0.54147	4.06767	2.31180e-05
3.36116e+03	2.95872e-02	4.74399e-02	2.24687	3.85932	2.31180e-05
3.36504e+03	2.96104e-02	4.22343e-02	0.57280	1.82964	2.31180e-05
3.36892e+03	2.96208e-02	5.84023e-02	3.69132	0.08111	2.31180e-05
3.37280e+03	2.96107e-02	3.97411e-02	1.27294	4.53977	2.31180e-05
3.37668e+03	2.95928e-02	2.69070e-02	0.75824	1.49620	2.31180e-05
3.38057e+03	2.96408e-02	1.97320e-02	1.14875	3.59283	2.31180e-05
3.38445e+03	2.96546e-02	5.91359e-02	5.38656	1.89396	2.31180e-05
3.38833e+03	2.95807e-02	4.93117e-02	2.69634	0.68275	2.31180e-05
3.39221e+03	2.96069e-02	1.34497e-02	1.44484	4.38444	2.31180e-05
3.39610e+03	2.95803e-02	5.23619e-02	1.26007	1.35930	2.31180e-05
3.39998e+03	2.95749e-02	6.07501e-02	6.26257	5.95629	2.31180e-05
3.40386e+03	2.95544e-02	5.90205e-02	5.73356	4.25055	2.31180e-05
3.40774e+03	2.95454e-02	4.75589e-02	4.93826	2.59743	2.31180e-05
3.41162e+03	2.95846e-02	2.00203e-02	4.99562	0.04515	2.31180e-05
3.41551e+03	2.96013e-02	4.64358e-02	5.40397	3.88921	2.31180e-05
3.41939e+03	2.95857e-02	6.51289e-02	5.55555	2.44090	2.31180e-05
3.42327e+03	2.95937e-02	4.02104e-02	5.65883	1.27766	2.31180e-05
3.42715e+03	2.95737e-02	1.40674e-02	2.54045	4.08937	2.31180e-05
3.43103e+03	2.95577e-02	3.65010e-02	3.38742	2.62495	2.31180e-05
3.43492e+03	2.95893e-02	4.32187e-02	4.36337	0.82593	2.31180e-05
3.43880e+03	2.96555e-02	5.11989e-02	5.74597	5.37109	2.31180e-05
3.44268e+03	2.95634e-02	6.06079e-02	0.85717	3.88853	2.31180e-05
3.44656e+03	2.95359e-02	5.29784e-02	2.51798	2.44142	2.31180e-05
3.45045e+03	2.95270e-02	3.49833e-02	5.35529	0.15847	2.31180e-05
3.45433e+03	2.94923e-02	7.14955e-02	2.51171	4.43036	2.31180e-05
3.45821e+03	2.95292e-02	6.70699e-02	5.59020	3.20524	2.31180e-05
3.46209e+03	2.95327e-02	3.52418e-02	2.20918	1.93320	2.31180e-05
3.46597e+03	2.95727e-02	1.78812e-02	6.22090	5.78044	2.31180e-05
3.46986e+03	2.95444e-02	4.07112e-02	1.90856	4.42455	2.31180e-05
3.47374e+03	2.94923e-02	4.67974e-02	4.82437	3.03445	2.31180e-05
3.47762e+03	2.94991e-02	3.88351e-02	3.68970	0.85354	2.31180e-05
3.48150e+03	2.94766e-02	6.37806e-02	2.34285	5.53453	2.31180e-05
3.48538e+03	2.95743e-02	5.78135e-02	5.78353	4.52168	2.31180e-05
3.48927e+03	2.95017e-02	2.36160e-02	3.32699	3.58275	2.31180e-05
3.49315e+03	2.95604e-02	3.13547e-02	4.21024	6.22110	2.31180e-05
3.49703e+03	2.95486e-02	5.91001e-02	3.03378	5.17372	2.31180e-05
3.50091e+03	2.94665e-02	6.65525e-02	2.19659	4.02255	2.31180e-05
3.50480e+03	2.94872e-02	5.58543e-02	1.71838	2.66887	2.31180e-05
3.50868e+03	2.94571e-02	5.09110e-02	2.71481	0.89842	2.31180e-05
3.51256e+03	2.95050e-02	4.72379e-02	3.65218	5.40763	2.31180e-05
3.51644e+03	2.95245e-02	3.32706e-02	4.86108	4.10967	2.31180e-05
3.52032e+03	2.94001e-02	4.71099e-02	5.97200	2.27388	2.31180e-05
3.52421e+03	2.94496e-02	5.56349e-02	2.01930	0.30887	2.31180e-05
3.52809e+03	2.93939e-02	5.57678e-02	4.58471	5.14618	2.31180e-05
3.53197e+03	2.94701e-02	3.84497e-02	0.82306	3.59098	2.31180e-05
3.53585e+03	2.94529e-02	4.65664e-02	2.96320	1.93103	2.31180e-05
3.53973e+03	2.94618e-02	4.13212e-02	1.09691	6.05729	2.31180e-05
3.54362e+03	2.94660e-02	5.38169e-02	4.76678	4.23527	2.31180e-05
3.54750e+03	2.93926e-02	6.35015e-02	2.88946	2.66279	2.31180e-05
3.55138e+03	2.95088e-02	4.86031e-02	0.80745	1.16300	2.31180e-05
3.55526e+03	2.93777e-02	2.75896e-02	5.65992	5.79342	2.31180e-05
3.55915e+03	2.94342e-02	4.13299e-02	5.61734	3.34367	2.31180e-05
3.56303e+03	2.94088e-02	5.17478e-02	4.21111	1.81221	2.31180e-05
3.56691e+03	2.94225e-02	5.53489e-02	4.29145	0.48023	2.31180e-05
3.57079e+03	2.93744e-02	4.56080e-02	4.10257	5.10811	2.31180e-05
3.57467e+03	2.94084e-02	4.88429e-02	5.50285	2.91961	2.31180e-05
3.57856e+03	2.94208e-02	5.03228e-02	6.06543	1.14986	2.31180e-05
3.58244e+03	2.93676e-02	5.15521e-02	1.25444	5.97811	2.31180e-05
3.58632e+03	2.94456e-02	4.05570e-02	1.83543	4.68798	2.31180e-05
3.59020e+03	2.93696e-02	2.53222e-02	4.63783	2.30384	2.31180e-05
3.59408e+03	2.94056e-02	5.58392e-02	1.17662	6.25990	2.31180e-05
3.59797e+03	2.93115e-02	7.09619e-02	4.22617	4.93793	2.31180e-05
3.60185e+03	2.93679e-02	4.88400e-02	0.04358	3.74503	2.31180e-05
3.60573e+03	2.93257e-02	1.96317e-02	5.22685	0.52081	2.31180e-05
3.60961e+03	2.93956e-02	5.91860e-02	3.09439	5.09021	2.31180e-05
3.61349e+03	2.93763e-02	5.65638e-02	6.14699	3.84202	2.31180e-05
3.61738e+03	2.93113e-02	2.73655e-02	4.63725	2.28760	2.31180e-05
3.62126e+03	2.93570e-02	4.14180e-02	4.27419	5.60338	2.31180e-05
3.62514e+03	2.92609e-02	5.61194e-02	3.42144	3.92698	2.31180e-05
3.62902e+03	2.93504e-02	5.68577e-02	3.23446	2.35801	2.31180e-05
3.63291e+03	2.92960e-02	4.53873e-02	2.49399	0.73284	2.31180e-05
3.63679e+03	2.92986e-02	3.78400e-02	3.51752	4.83979	2.31180e-05
3.64067e+03	2.93594e-02	4.10158e-02	4.45583	2.44465	2.31180e-05
3.64455e+03	2.92495e-02	5.44837e-02	5.10857	0.92292	2.31180e-05
3.64843e+03	2.93300e-02	4.31193e-02	6.12936	5.88954	2.31180e-05
3.65232e+03	2.92563e-02	2.24504e-02	2.29098	2.99813	2.31180e-05
3.65620e+03	2.92494e-02	6.08672e-02	4.93562	0.96157	2.31180e-05
3.66008e+03	2.93259e-02	6.96749e-02	0.37902	5.93984	2.31180e-05
3.66396e+03	2.92088e-02	3.81093e-02	3.23488	4.55242	2.31180e-05
3.66784e+03	2.92771e-02	2.01347e-02	0.67468	1.82743	2.31180e-05
3.67173e+03	2.93171e-02	3.87896e-02	4.56640	5.97039	2.31180e-05
3.67561e+03	2.92699e-02	5.49639e-02	2.30382	4.37566	2.31180e-05
3.67949e+03	2.92604e-02	3.32402e-02	6.22651	3.25660	2.31180e-05
3.68337e+03	2.92444e-02	3.35020e-02	1.95898	5.80666	2.31180e-05
3.68726e+03	2.92669e-02	3.83372e-02	0.56704	4.41032	2.31180e-05
3.69114e+03	2.92273e-02	4.74133e-02	0.08338	2.49400	2.31180e-05
3.69502e+03	2.92634e-02	2.18092e-02	6.08958	0.95315	2.31180e-05
3.69890e+03	2.91765e-02	4.35276e-02	5.17897	5.10891	2.31180e-05
3.70278e+03	2.92956e-02	5.23016e-02	5.83180	3.08564	2.31180e-05
3.70667e+03	2.92932e-02	4.65330e-02	5.97553	1.83116	2.31180e-05
3.71055e+03	2.92231e-02	3.40709e-02	1.40994	6.16357	2.31180e-05
3.71443e+03	2.92849e-02	1.28412e-02	1.35711	4.23966	2.31180e-05
3.71831e+03	2.92355e-02	4.29031e-02	4.61654	0.95582	2.31180e-05
3.72219e+03	2.91793e-02	7.24806e-02	0.25932	5.86331	2.31180e-05
3.72608e+03	2.92098e-02	5.46222e-02	2.69530	4.66673	2.31180e-05
3.72996e+03	2.92037e-02	3.30899e-02	2.62160	5.91550	2.31180e-05
3.73384e+03	2.92333e-02	5.76232e-02	5.78765	4.42596	2.31180e-05
3.73772e+03	2.91868e-02	5.53453e-02	2.85245	2.86151	2.31180e-05
3.74161e+03	2.91402e-02	8.67386e-03	0.36986	1.19702	2.31180e-05
3.74549e+03	2.92060e-02	4.89268e-02	2.19867	2.86686	2.31180e-05
3.74937e+03	2.92055e-02	6.19045e-02	0.53188	1.11794	2.31180e-05
3.75325e+03	2.92324e-02	3.90159e-02	5.07416	6.11240	2.31180e-05
3.75713e+03	2.91655e-02	1.12035e-02	0.36990	1.32158	2.31180e-05
3.76102e+03	2.91407e-02	6.62794e-02	0.26767	5.64217	2.31180e-05
3.76490e+03	2.91424e-02	7.10895e-02	6.03270	4.11421	2.31180e-05
3.76878e+03	2.91000e-02	4.07454e-02	6.18977	2.64217	2.31180e-05
3.77266e+03	2.91482e-02	4.09639e-02	3.04737	4.50754	2.31180e-05
3.77654e+03	2.91230e-02	7.02698e-02	4.74497	2.16413	2.31180e-05
3.78043e+03	2.91360e-02	8.05003e-02	5.61640	0.63873	2.31180e-05
3.78431e+03	2.91224e-02	4.74825e-02	0.56391	5.67362	2.31180e-05
3.78819e+03	2.91578e-02	1.05995e-02	4.72328	1.79469	2.31180e-05
3.79207e+03	2.90996e-02	4.39659e-02	0.96685	5.43481	2.31180e-05
3.79596e+03	2.91160e-02	5.49508e-02	3.63063	3.68586	2.31180e-05
3.79984e+03	2.90521e-02	3.12199e-02	0.43649	1.79033	2.31180e-05
3.80372e+03	2.91399e-02	1.38659e-02	0.12291	3.79525	2.31180e-05
3.80760e+03	2.91262e-02	5.41945e-02	3.43925	2.43871	2.31180e-05
3.81148e+03	2.91438e-02	4.84566e-02	0.46732	1.12093	2.31180e-05
3.81537e+03	2.91139e-02	1.39031e-02	1.69097	1.84196	2.31180e-05
3.81925e+03	2.90796e-02	3.04707e-02	0.47740	0.96258	2.31180e-05
3.82313e+03	2.90658e-02	3.18736e-02	2.67745	1.98601	2.31180e-05
3.82701e+03	2.90706e-02	5.16690e-02	1.74117	0.33994	2.31180e-05
3.83089e+03	2.90335e-02	6.43886e-02	1.73865	4.67661	2.31180e-05
3.83478e+03	2.90408e-02	2.85265e-02	0.55333	4.92042	2.31180e-05
3.83866e+03	2.90361e-02	8.23413e-02	0.56628	3.92495	2.31180e-05
3.84254e+03	2.90341e-02	7.16235e-02	1.26781	2.54418	2.31180e-05
3.84642e+03	2.90450e-02	2.07344e-02	1.96029	1.47812	2.31180e-05
3.85031e+03	2.90228e-02	5.40534e-02	1.45057	1.90477	2.31180e-05
3.85419e+03	2.90137e-02	6.62735e-02	3.70032	6.09576	2.31180e-05
3.85807e+03	2.90485e-02	4.78566e-02	5.68658	4.72322	2.31180e-05
3.86195e+03	2.90515e-02	7.24414e-03	0.24205	4.66719	2.31180e-05
3.86583e+03	2.90053e-02	5.73176e-02	1.71378	4.19009	2.31180e-05
3.86972e+03	2.90627e-02	5.74742e-02	4.58659	2.81219	2.31180e-05
3.87360e+03	2.89775e-02	9.15158e-03	2.23039	0.77400	2.31180e-05
3.87748e+03	2.89921e-02	2.99224e-02	2.33723	2.96825	2.31180e-05
3.88136e+03	2.90218e-02	6.29264e-02	0.87490	0.70224	2.31180e-05
3.88524e+03	2.89996e-02	6.11408e-02	4.77968	5.64425	2.31180e-05
3.88913e+03	2.90430e-02	1.22856e-02	3.88399	3.26766	2.31180e-05
3.89301e+03	2.90326e-02	3.71955e-02	4.91699	5.66212	2.31180e-05
3.89689e+03	2.90119e-02	5.48503e-02	3.80662	3.91245	2.31180e-05
3.90077e+03	2.89900e-02	3.21745e-02	3.14070	2.27973	2.31180e-05
3.90466e+03	2.89474e-02	1.22907e-02	4.19863	5.27307	2.31180e-05
3.90854e+03	2.89658e-02	5.30875e-02	5.04979	2.47843	2.31180e-05
3.91242e+03	2.89714e-02	6.21161e-02	4.52629	1.05085	2.31180e-05
3.91630e+03	2.89268e-02	2.95088e-02	4.50414	5.79037	2.31180e-05
3.92018e+03	2.89902e-02	1.91118e-02	0.33359	2.32242	2.31180e-05
3.92407e+03	2.89671e-02	4.92245e-02	1.61032	0.14650	2.31180e-05
3.92795e+03	2.89392e-02	6.68910e-02	2.92718	4.73032	2.31180e-05
3.93183e+03	2.89518e-02	4.81279e-02	3.18655	3.44796	2.31180e-05
3.93571e+03	2.89496e-02	1.70143e-02	2.39689	3.48733	2.31180e-05
3.93959e+03	2.89768e-02	7.94743e-02	2.10421	3.81275	2.31180e-05
3.94348e+03	2.89314e-02	8.94196e-02	2.51950	2.71975	2.31180e-05
3.94736e+03	2.90249e-02	5.86593e-02	2.56561	1.90485	2.31180e-05
3.95124e+03	2.89526e-02	9.82242e-03	3.90221	0.73116	2.31180e-05
3.95512e+03	2.89362e-02	4.64246e-02	1.25617	3.23363	2.31180e-05
3.95901e+03	2.88829e-02	7.09704e-02	4.17973	1.67190	2.31180e-05
3.96289e+03	2.89305e-02	6.63356e-02	6.24369	0.38799	2.31180e-05
3.96677e+03	2.90168e-02	4.58625e-02	2.70872	5.53914	2.31180e-05
3.97065e+03	2.89707e-02	1.88092e-02	0.05035	3.31113	2.31180e-05
3.97453e+03	2.89963e-02	5.76307e-02	5.19798	0.41286	2.31180e-05
3.97842e+03	2.88897e-02	8.90298e-02	2.47065	5.49977	2.31180e-05
3.98230e+03	2.89593e-02	7.79314e-02	6.09102	4.51739	2.31180e-05
3.98618e+03	2.88873e-02	2.45221e-02	4.13667	3.84043	2.31180e-05
3.99006e+03	2.89506e-02	3.48646e-02	5.16070	5.94093	2.31180e-05
3.99394e+03	2.88477e-02	5.30683e-02	3.48711	5.54385	2.31180e-05
3.99783e+03	2.89337e-02	3.91375e-02	2.36929	4.36456	2.31180e-05
4.00171e+03	2.88947e-02	3.28318e-02	2.93945	2.57148	2.31180e-05
4.00559e+03	2.88203e-02	5.26529e-02	3.22625	0.99168	2.31180e-05
4.00947e+03	2.89244e-02	3.27932e-02	4.59646	5.38629	2.31180e-05
4.01336e+03	2.88908e-02	4.45241e-02	5.73539	3.58998	2.31180e-05
4.01724e+03	2.88720e-02	6.12036e-02	0.37428	2.39286	2.31180e-05
4.02112e+03	2.88166e-02	4.82968e-02	2.26699	1.19014	2.31180e-05
4.02500e+03	2.88945e-02	2.25958e-02	5.48239	5.16801	2.31180e-05
4.02888e+03	2.88788e-02	4.42625e-02	1.37194	2.71647	2.31180e-05
4.03277e+03	2.89305e-02	6.29669e-02	3.89701	1.80738	2.31180e-05
4.03665e+03	2.88762e-02	4.95015e-02	0.68447	0.45990	2.31180e-05
4.04053e+03	2.88852e-02	3.49638e-02	3.95947	5.09209	2.31180e-05
4.04441e+03	2.88580e-02	3.44859e-02	2.46882	3.48187	2.31180e-05
4.04829e+03	2.88035e-02	1.90063e-02	0.21490	1.37886	2.31180e-05
4.05218e+03	2.88552e-02	4.69576e-02	6.17899	5.67161	2.31180e-05
4.05606e+03	2.88135e-02	7.31034e-02	4.23779	4.39232	2.31180e-05
4.05994e+03	2.88984e-02	5.46331e-02	3.34356	3.19196	2.31180e-05
4.06382e+03	2.87535e-02	2.62904e-02	3.15214	1.28239	2.31180e-05
4.06771e+03	2.88509e-02	5.19761e-02	3.09793	5.61839	2.31180e-05
4.07159e+03	2.87772e-02	3.93170e-02	3.77302	3.97570	2.31180e-05
4.07547e+03	2.88625e-02	5.22712e-02	4.58413	2.05766	2.31180e-05
4.07935e+03	2.87886e-02	5.32401e-02	5.83061	0.69074	2.31180e-05
4.08323e+03	2.87794e-02	2.32426e-02	0.44231	5.33615	2.31180e-05
4.08712e+03	2.87616e-02	4.67951e-02	4.35667	2.31205	2.31180e-05
4.09100e+03	2.88224e-02	7.10492e-02	6.22203	0.80180	2.31180e-05
4.09488e+03	2.87178e-02	5.35928e-02	2.13939	6.07170	2.31180e-05
4.09876e+03	2.87609e-02	5.71705e-03	6.15176	3.09645	2.31180e-05
4.10264e+03	2.87944e-02	5.30451e-02	3.55783	1.01213	2.31180e-05
4.10653e+03	2.88065e-02	5.70700e-02	1.28512	5.63434	2.31180e-05
4.11041e+03	2.87521e-02	5.41385e-02	5.31142	4.03750	2.31180e-05
4.11429e+03	2.87589e-02	3.55222e-02	3.39907	2.47233	2.31180e-05
4.11817e+03	2.87248e-02	2.71316e-02	2.98096	0.24491	2.31180e-05
4.12206e+03	2.88053e-02	4.13933e-02	2.40333	3.98152	2.31180e-05
4.12594e+03	2.87762e-02	5.32685e-02	0.57779	2.67563	2.31180e-05
4.12982e+03	2.87180e-02	5.30481e-02	0.22827	1.21845	2.31180e-05
4.13370e+03	2.87589e-02	4.08892e-02	0.36712	5.88231	2.31180e-05
4.13758e+03	2.86976e-02	2.84218e-02	1.10728	4.36233	2.31180e-05
4.14147e+03	2.86861e-02	3.54034e-02	3.49784	1.00022	2.31180e-05
4.14535e+03	2.87485e-02	6.27307e-02	4.76894	5.72965	2.31180e-05
4.14923e+03	2.86719e-02	5.76771e-02	5.92234	4.42126	2.31180e-05
4.15311e+03	2.86767e-02	2.36777e-02	1.54940	2.66045	2.31180e-05
4.15699e+03	2.87317e-02	3.16185e-02	4.93057	5.69396	2.31180e-05
4.16088e+03	2.87214e-02	5.63302e-02	1.85812	3.80940	2.31180e-05
4.16476e+03	2.87068e-02	6.30245e-02	4.38363	2.39215	2.31180e-05
4.16864e+03	2.87466e-02	3.10474e-02	1.04313	1.36191	2.31180e-05
4.17252e+03	2.87193e-02	4.44240e-02	2.19539	2.42735	2.31180e-05
4.17641e+03	2.86576e-02	8.46759e-02	0.26141	1.11664	2.31180e-05
4.18029e+03	2.87227e-02	7.36578e-02	3.74387	0.09068	2.31180e-05
4.18417e+03	2.86582e-02	6.40064e-03	2.59240	4.79671	2.31180e-05
4.18805e+03	2.86905e-02	5.49985e-02	3.00357	1.31491	2.31180e-05
4.19193e+03	2.86237e-02	4.55863e-02	2.59144	5.90396	2.31180e-05
4.19582e+03	2.87060e-02	4.77544e-02	1.79078	4.10981	2.31180e-05
4.19970e+03	2.86789e-02	4.38299e-02	1.96555	2.34622	2.31180e-05
4.20358e+03	2.86876e-02	3.73119e-02	3.26088	5.74974	2.31180e-05
4.20746e+03	2.86083e-02	6.84962e-02	4.35568	3.97173	2.31180e-05
4.21134e+03	2.86944e-02	5.94502e-02	5.01785	2.54161	2.31180e-05
4.21523e+03	2.85999e-02	2.04005e-02	0.25824	0.95945	2.31180e-05
4.21911e+03	2.86830e-02	3.03539e-02	2.56312	4.37074	2.31180e-05
4.22299e+03	2.86000e-02	3.97112e-02	4.60754	2.48583	2.31180e-05
4.22687e+03	2.86530e-02	5.99200e-02	1.33948	0.50696	2.31180e-05
4.23076e+03	2.86093e-02	5.93275e-02	4.27325	5.24247	2.31180e-05
4.23464e+03	2.86579e-02	1.90999e-02	1.55927	3.03232	2.31180e-05
4.23852e+03	2.85931e-02	4.60679e-02	0.12614	0.22072	2.31180e-05
4.24240e+03	2.86473e-02	4.63913e-02	3.19385	5.26326	2.31180e-05
4.24628e+03	2.85556e-02	2.97703e-02	1.99750	2.79839	2.31180e-05
4.25017e+03	2.85998e-02	5.98380e-02	0.86043	1.07176	2.31180e-05
4.25405e+03	2.85748e-02	3.55005e-02	4.09892	0.23694	2.31180e-05
4.25793e+03	2.86205e-02	2.19556e-02	4.29566	2.59436	2.31180e-05
4.26181e+03	2.86210e-02	4.96352e-02	2.63090	1.36516	2.31180e-05
4.26569e+03	2.85481e-02	5.23931e-02	2.71168	5.99912	2.31180e-05
4.26958e+03	2.85654e-02	4.98514e-02	3.23333	4.16099	2.31180e-05
4.27346e+03	2.85676e-02	2.94826e-02	5.07818	1.41680	2.31180e-05
4.27734e+03	2.85858e-02	5.35745e-02	1.00873	5.11671	2.31180e-05
4.28122e+03	2.85885e-02	5.02338e-02	1.82342	3.58440	2.31180e-05
4.28510e+03	2.85826e-02	1.57814e-02	3.63024	1.59391	2.31180e-05
4.28899e+03	2.85889e-02	5.24332e-02	1.28507	4.31532	2.31180e-05
4.29287e+03	2.85412e-02	6.49251e-02	3.43763	2.83763	2.31180e-05
4.29675e+03	2.85376e-02	4.16139e-02	0.40904	1.01602	2.31180e-05
4.30063e+03	2.85328e-02	3.31245e-02	4.12183	5.15800	2.31180e-05
4.30452e+03	2.84999e-02	3.66379e-02	2.88899	1.93195	2.31180e-05
4.30840e+03	2.85236e-02	8.18851e-02	0.58884	0.29760	2.31180e-05
4.31228e+03	2.85573e-02	4.29647e-02	4.76619	5.28937	2.31180e-05
4.31616e+03	2.85514e-02	2.92764e-02	4.08153	2.23078	2.31180e-05
4.32004e+03	2.85760e-02	4.12698e-02	2.50018	0.46423	2.31180e-05
4.32393e+03	2.84832e-02	5.11395e-02	1.67433	4.75563	2.31180e-05
4.32781e+03	2.84897e-02	6.52807e-02	0.93994	3.06609	2.31180e-05
4.33169e+03	2.84626e-02	4.22269e-02	1.21778	1.37579	2.31180e-05
4.33557e+03	2.85109e-02	3.76851e-02	1.60339	5.44765	2.31180e-05
4.33945e+03	2.85294e-02	4.51420e-02	2.51548	3.41657	2.31180e-05
4.34334e+03	2.84927e-02	5.05352e-02	2.79772	1.94162	2.31180e-05
4.34722e+03	2.85131e-02	3.91621e-02	4.06292	0.12634	2.31180e-05
4.35110e+03	2.84833e-02	5.24553e-02	0.30617	4.22446	2.31180e-05
4.35498e+03	2.85090e-02	3.98287e-02	6.25242	2.91010	2.31180e-05
4.35887e+03	2.84160e-02	1.78907e-02	4.46448	0.70437	2.31180e-05
4.36275e+03	2.85232e-02	3.55832e-02	6.02070	5.21158	2.31180e-05
4.36663e+03	2.85074e-02	3.05177e-02	3.95186	3.74197	2.31180e-05
4.37051e+03	2.84277e-02	5.16525e-02	0.05169	1.92720	2.31180e-05
4.37439e+03	2.84736e-02	4.06506e-02	3.83446	0.48735	2.31180e-05
4.37828e+03	2.84851e-02	3.51842e-02	0.89037	4.91716	2.31180e-05
4.38216e+03	2.84404e-02	4.50595e-02	0.46657	3.07123	2.31180e-05
4.38604e+03	2.84321e-02	4.67470e-02	2.44446	2.00643	2.31180e-05
4.38992e+03	2.84155e-02	1.21161e-02	1.99611	0.71073	2.31180e-05
4.39380e+03	2.84558e-02	4.38773e-02	2.17420	4.78129	2.31180e-05
4.39769e+03	2.84081e-02	5.55510e-02	0.48533	3.49820	2.31180e-05
4.40157e+03	2.84483e-02	2.15796e-02	1.06446	1.44322	2.31180e-05
4.40545e+03	2.84914e-02	4.18724e-02	1.22416	6.07786	2.31180e-05
4.40933e+03	2.82953e-02	4.28229e-02	1.74423	4.69841	2.31180e-05
4.41322e+03	2.84990e-02	5.12683e-03	1.37680	5.02336	2.31180e-05
4.41710e+03	2.83950e-02	1.87573e-02	5.42021	0.01240	2.31180e-05
4.42098e+03	2.84361e-02	3.72043e-02	1.62465	0.59581	2.31180e-05
4.42486e+03	2.84442e-02	5.27690e-02	3.54615	5.65712	2.31180e-05
4.42874e+03	2.83162e-02	4.82975e-02	0.91470	3.93982	2.31180e-05
4.43263e+03	2.84188e-02	3.43474e-02	5.04801	1.87325	2.31180e-05
4.43651e+03	2.84011e-02	2.04249e-02	3.93100	4.58384	2.31180e-05
4.44039e+03	2.83432e-02	7.61604e-02	1.59117	2.97006	2.31180e-05
4.44427e+03	2.84457e-02	5.93085e-02	5.38161	1.75929	2.31180e-05
4.44815e+03	2.83380e-02	6.84604e-02	2.39154	0.65060	2.31180e-05
4.45204e+03	2.83282e-02	2.03242e-02	1.59424	0.24376	2.31180e-05
4.45592e+03	2.83654e-02	2.49897e-02	0.84548	5.99381	2.31180e-05
4.45980e+03	2.83706e-02	5.67649e-02	2.02735	1.24764	2.31180e-05
4.46368e+03	2.84101e-02	7.14613e-02	1.92655	0.19233	2.31180e-05
4.46757e+03	2.82906e-02	7.05633e-02	2.10958	4.85320	2.31180e-05
4.47145e+03	2.83076e-02	1.42401e-02	6.19081	5.61583	2.31180e-05
4.47533e+03	2.83332e-02	6.04758e-02	0.09294	5.02630	2.31180e-05
4.47921e+03	2.83126e-02	5.67139e-02	2.45662	3.32221	2.31180e-05
4.48309e+03	2.83221e-02	2.76910e-02	2.79759	3.88954	2.31180e-05
4.48698e+03	2.83222e-02	6.43654e-02	5.41911	2.46203	2.31180e-05
4.49086e+03	2.82980e-02	7.01088e-02	1.18584	0.84307	2.31180e-05
4.49474e+03	2.83246e-02	2.76617e-02	3.43156	5.86352	2.31180e-05
4.49862e+03	2.83172e-02	3.11766e-02	3.40816	1.05277	2.31180e-05
4.50250e+03	2.83327e-02	4.74611e-02	1.88830	4.64444	2.31180e-05
4.50639e+03	2.82995e-02	2.53425e-02	1.49316	0.45766	2.31180e-05
4.51027e+03	2.82692e-02	5.95571e-02	3.95067	5.40156	2.31180e-05
4.51415e+03	2.82784e-02	3.48923e-02	0.42930	4.32456	2.31180e-05
4.51803e+03	2.82450e-02	2.85133e-02	1.98377	0.02773	2.31180e-05
4.52192e+03	2.83029e-02	5.31585e-02	0.35466	4.58679	2.31180e-05
4.52580e+03	2.82655e-02	2.02281e-02	4.85955	2.54926	2.31180e-05
4.52968e+03	2.82526e-02	1.43867e-02	5.31947	5.34336	2.31180e-05
4.53356e+03	2.82956e-02	4.69881e-02	3.17514	3.77884	2.31180e-05
4.53744e+03	2.82647e-02	5.77126e-02	1.47053	2.19251	2.31180e-05
4.54133e+03	2.83318e-02	3.13681e-02	0.74968	6.24753	2.31180e-05
4.54521e+03	2.82656e-02	4.51190e-02	5.45923	4.22541	2.31180e-05
4.54909e+03	2.83150e-02	4.60438e-02	3.58198	2.52569	2.31180e-05
4.55297e+03	2.83753e-02	6.04886e-02	3.25127	1.30685	2.31180e-05
4.55685e+03	2.82874e-02	5.73942e-02	3.68591	6.20768	2.31180e-05
4.56074e+03	2.82736e-02	2.12321e-02	1.35406	5.64368	2.31180e-05
4.56462e+03	2.82634e-02	5.21590e-02	5.55316	0.73742	2.31180e-05
4.56850e+03	2.82690e-02	7.74534e-02	0.42608	5.79316	2.31180e-05
4.57238e+03	2.82617e-02	2.40266e-02	1.96887	3.53366	2.31180e-05
4.57627e+03	2.82215e-02	1.24526e-02	5.56231	6.16220	2.31180e-05
4.58015e+03	2.82788e-02	3.81840e-02	0.16815	5.11763	2.31180e-05
4.58403e+03	2.82669e-02	5.12794e-02	1.32556	3.59684	2.31180e-05
4.58791e+03	2.82672e-02	4.38144e-02	3.38490	1.76149	2.31180e-05
4.59179e+03	2.82756e-02	5.11579e-02	5.89678	5.55772	2.31180e-05
4.59568e+03	2.82602e-02	5.94739e-02	1.42671	4.26363	2.31180e-05
4.59956e+03	2.82445e-02	8.15219e-02	1.23202	3.37282	2.31180e-05
4.60344e+03	2.83121e-02	6.05114e-02	3.99226	1.97830	2.31180e-05
4.60732e+03	2.82650e-02	4.57789e-02	5.93297	0.58005	2.31180e-05
4.61120e+03	2.82867e-02	3.15304e-02	2.17912	5.33003	2.31180e-05
4.61509e+03	2.81896e-02	6.10187e-02	4.48672	4.07239	2.31180e-05
4.61897e+03	2.82139e-02	5.60985e-02	0.47333	2.77052	2.31180e-05
4.62285e+03	2.82021e-02	3.99303e-02	2.99084	1.68591	2.31180e-05
4.62673e+03	2.82695e-02	4.72514e-02	0.09761	0.15061	2.31180e-05
4.63062e+03	2.82611e-02	6.25764e-02	3.76132	5.17642	2.31180e-05
4.63450e+03	2.82440e-02	5.74016e-02	1.11470	3.83579	2.31180e-05
4.63838e+03	2.82376e-02	4.60906e-02	4.68053	3.22910	2.31180e-05
4.64226e+03	2.82023e-02	5.11344e-02	2.83046	1.41378	2.31180e-05
4.64614e+03	2.82239e-02	4.90035e-02	1.25039	6.10336	2.31180e-05
4.65003e+03	2.81557e-02	5.05787e-02	5.60081	4.80254	2.31180e-05
4.65391e+03	2.82078e-02	3.36244e-02	3.93861	3.81691	2.31180e-05
4.65779e+03	2.81941e-02	2.18771e-02	3.09915	2.40855	2.31180e-05
