# t	a	e	mean_anomaly	varpi	mass/M_star
1.24228e+02	1.21584e-02	3.39899e-03	3.62035	0.26520	4.59020e-05
2.79514e+02	1.21577e-02	2.44582e-03	0.91356	4.93028	4.59020e-05
4.34800e+02	1.21589e-02	2.35670e-03	3.37363	4.53376	4.59020e-05
5.90085e+02	1.21590e-02	3.99522e-03	0.95055	1.92608	4.59020e-05
7.45371e+02	1.21582e-02	3.27512e-03	4.75014	0.42755	4.59020e-05
9.00656e+02	1.21584e-02	1.13423e-03	4.86746	6.07917	4.59020e-05
1.05594e+03	1.21593e-02	3.28444e-03	4.67244	4.91497	4.59020e-05
1.21123e+03	1.21582e-02	3.73863e-03	5.46288	2.83798	4.59020e-05
1.36651e+03	1.21579e-02	1.59543e-03	0.11983	1.76231	4.59020e-05
1.52180e+03	1.21585e-02	4.21008e-03	4.17525	0.09880	4.59020e-05
1.67708e+03	1.21582e-02	2.30782e-03	3.13611	4.84280	4.59020e-05
1.83237e+03	1.21599e-02	2.72393e-03	1.09431	3.46588	4.59020e-05
1.98766e+03	1.21581e-02	4.23824e-03	4.26419	2.39162	4.59020e-05
2.14294e+03	1.21599e-02	3.48253e-03	1.92782	0.18004	4.59020e-05
2.29823e+03	1.21583e-02	2.07738e-03	5.43586	4.64864	4.59020e-05
2.45351e+03	1.21588e-02	6.37767e-03	4.48170	4.04621	4.59020e-05
2.60880e+03	1.21592e-02	1.70847e-03	5.31385	4.18387	4.59020e-05
2.76408e+03	1.21605e-02	6.19218e-03	3.00410	6.09402	4.59020e-05
2.91937e+03	1.21583e-02	5.96508e-03	6.14199	0.78367	4.59020e-05
3.07465e+03	1.21589e-02	4.14440e-03	1.25285	0.71798	4.59020e-05
3.22994e+03	1.21596e-02	4.99792e-03	2.89181	0.61232	4.59020e-05
3.38523e+03	1.21600e-02	2.17120e-03	2.40539	1.92264	4.59020e-05
3.54051e+03	1.21634e-02	8.37220e-03	2.70037	3.18920	4.59020e-05
3.69580e+03	1.21592e-02	2.10071e-03	2.63304	6.19979	4.59020e-05
3.85108e+03	1.21591e-02	9.49985e-03	0.98924	2.16848	4.59020e-05
4.00637e+03	1.21589e-02	3.66921e-03	4.45490	5.95937	4.59020e-05
4.16165e+03	1.21595e-02	4.73830e-03	3.42885	1.77409	4.59020e-05
4.31694e+03	1.21589e-02	1.16238e-02	1.49311	4.99478	4.59020e-05
4.47222e+03	1.21624e-02	3.37348e-03	0.57977	2.51822	4.59020e-05
4.62751e+03	1.21586e-02	6.13143e-03	3.84379	4.78886	4.59020e-05
4.78280e+03	1.21577e-02	6.30557e-03	0.81938	1.39399	4.59020e-05
4.93808e+03	1.21600e-02	1.40409e-03	4.87712	4.83328	4.59020e-05
5.09337e+03	1.21593e-02	8.48217e-03	2.85530	0.57000	4.59020e-05
5.24865e+03	1.21588e-02	8.32209e-03	3.42468	4.15709	4.59020e-05
5.40394e+03	1.21597e-02	4.05978e-03	4.75273	5.83252	4.59020e-05
5.55922e+03	1.21593e-02	7.97864e-03	2.97701	3.44642	4.59020e-05
5.71451e+03	1.21603e-02	3.17111e-03	5.73999	0.26842	4.59020e-05
5.86979e+03	1.21595e-02	3.91917e-03	5.95858	2.63082	4.59020e-05
6.02508e+03	1.21626e-02	7.71177e-03	6.03363	5.92361	4.59020e-05
6.18037e+03	1.21588e-02	3.89711e-03	0.15905	3.19826	4.59020e-05
6.33565e+03	1.21589e-02	4.61088e-03	1.16415	5.33209	4.59020e-05
6.49094e+03	1.21581e-02	6.32328e-03	3.70226	2.54854	4.59020e-05
6.64622e+03	1.21597e-02	4.14518e-03	4.05687	5.39415	4.59020e-05
6.80151e+03	1.21590e-02	4.58815e-03	3.53407	1.12447	4.59020e-05
6.95679e+03	1.21581e-02	8.55270e-03	2.44282	5.03092	4.59020e-05
7.11208e+03	1.21598e-02	3.94200e-03	5.17231	1.54082	4.59020e-05
7.26736e+03	1.21589e-02	1.02883e-02	1.01165	4.15337	4.59020e-05
7.42265e+03	1.21582e-02	1.01262e-02	4.11480	1.58519	4.59020e-05
7.57794e+03	1.21589e-02	1.04569e-02	6.11084	4.48593	4.59020e-05
7.73322e+03	1.21608e-02	3.36012e-03	5.10370	1.19727	4.59020e-05
7.88851e+03	1.21585e-02	7.54946e-03	4.07716	3.91207	4.59020e-05
8.04379e+03	1.21595e-02	1.05197e-02	3.84135	1.18190	4.59020e-05
8.19908e+03	1.21601e-02	1.05081e-03	4.59011	2.34547	4.59020e-05
8.35436e+03	1.21582e-02	7.07990e-03	5.42152	0.22594	4.59020e-05
8.50965e+03	1.21593e-02	8.51487e-03	6.24549	4.07706	4.59020e-05
8.66493e+03	1.21600e-02	4.10413e-03	5.02390	5.14123	4.59020e-05
8.82022e+03	1.21594e-02	6.29986e-03	0.88565	2.85674	4.59020e-05
8.97551e+03	1.21583e-02	8.51926e-03	4.62117	0.57752	4.59020e-05
9.13079e+03	1.21588e-02	1.76314e-03	3.60252	0.20285	4.59020e-05
9.28608e+03	1.21582e-02	6.99809e-03	0.46171	6.26886	4.59020e-05
9.44136e+03	1.21616e-02	8.54992e-03	4.88480	3.86944	4.59020e-05
9.59665e+03	1.21601e-02	5.13367e-03	1.04738	5.29068	4.59020e-05
9.75193e+03	1.21595e-02	7.10829e-03	3.46676	3.21140	4.59020e-05
9.90722e+03	1.21587e-02	2.35611e-03	0.75145	3.65773	4.59020e-05
1.00625e+04	1.21585e-02	8.22202e-03	6.27544	2.97839	4.59020e-05
1.02178e+04	1.21580e-02	4.41854e-03	4.56199	2.91351	4.59020e-05
1.03731e+04	1.21579e-02	8.92101e-03	3.58804	3.04195	4.59020e-05
1.05284e+04	1.21579e-02	3.80277e-03	2.22067	0.01576	4.59020e-05
1.06836e+04	1.21574e-02	5.60786e-03	3.98206	3.06519	4.59020e-05
1.08389e+04	1.21572e-02	1.39417e-02	0.96738	2.62769	4.59020e-05
1.09942e+04	1.21587e-02	5.46585e-03	5.36108	3.82891	4.59020e-05
1.11495e+04	1.21594e-02	8.24475e-03	6.10593	3.65736	4.59020e-05
1.13048e+04	1.21610e-02	1.12497e-02	0.94107	2.19499	4.59020e-05
1.14601e+04	1.21584e-02	1.29333e-02	5.15971	3.28633	4.59020e-05
1.16154e+04	1.21587e-02	1.53025e-02	2.72072	5.02522	4.59020e-05
1.17706e+04	1.21602e-02	1.81645e-02	0.04090	0.80540	4.59020e-05
1.19259e+04	1.21596e-02	5.87363e-03	0.77140	5.45941	4.59020e-05
1.20812e+04	1.21593e-02	1.75258e-02	3.92241	1.59569	4.59020e-05
1.22365e+04	1.21589e-02	9.76297e-03	1.26549	3.72279	4.59020e-05
1.23918e+04	1.21583e-02	1.20561e-02	0.37729	3.92552	4.59020e-05
1.25471e+04	1.21596e-02	1.35817e-02	6.13244	3.86482	4.59020e-05
1.27024e+04	1.21580e-02	1.16477e-02	4.18287	5.20233	4.59020e-05
1.28576e+04	1.21611e-02	1.43983e-02	4.90869	3.94087	4.59020e-05
1.30129e+04	1.21595e-02	1.19628e-02	1.99397	0.16150	4.59020e-05
1.31682e+04	1.21589e-02	1.68055e-03	2.12004	5.95824	4.59020e-05
1.33235e+04	1.21612e-02	1.32058e-02	0.40654	1.17922	4.59020e-05
1.34788e+04	1.21588e-02	6.83672e-03	4.09960	3.54059	4.59020e-05
1.36341e+04	1.21587e-02	8.68220e-03	5.65895	1.83272	4.59020e-05
1.37894e+04	1.21583e-02	1.58607e-02	3.47982	4.02599	4.59020e-05
1.39446e+04	1.21594e-02	8.01070e-03	1.40583	6.08065	4.59020e-05
1.40999e+04	1.21621e-02	6.78549e-03	3.09223	4.48451	4.59020e-05
1.42552e+04	1.21598e-02	9.73805e-03	1.04833	0.30535	4.59020e-05
1.44105e+04	1.21590e-02	3.22977e-04	5.60213	2.13164	4.59020e-05
1.45658e+04	1.21586e-02	1.09782e-02	0.25784	1.38727	4.59020e-05
1.47211e+04	1.21588e-02	9.74363e-03	4.72038	3.38247	4.59020e-05
1.48764e+04	1.21597e-02	4.55403e-03	0.68624	1.42883	4.59020e-05
1.50316e+04	1.21593e-02	1.46583e-02	4.79449	3.87006	4.59020e-05
1.51869e+04	1.21584e-02	1.05142e-02	3.12388	5.87232	4.59020e-05
1.53422e+04	1.21598e-02	3.84629e-03	4.89969	4.48848	4.59020e-05
1.54975e+04	1.21594e-02	1.12672e-02	3.21013	0.24562	4.59020e-05
1.56528e+04	1.21591e-02	5.17345e-03	1.75240	2.15114	4.59020e-05
1.58081e+04	1.21633e-02	8.18895e-03	2.93931	1.38311	4.59020e-05
1.59634e+04	1.21592e-02	1.22495e-02	1.31774	3.41351	4.59020e-05
1.61186e+04	1.21590e-02	3.02825e-03	5.57577	5.94877	4.59020e-05
1.62739e+04	1.21616e-02	1.17216e-02	1.93952	3.78205	4.59020e-05
1.64292e+04	1.21584e-02	1.36064e-02	0.45192	5.88046	4.59020e-05
1.65845e+04	1.21598e-02	2.19830e-03	4.30808	2.73716	4.59020e-05
1.67398e+04	1.21588e-02	9.79349e-03	1.41553	0.24274	4.59020e-05
1.68951e+04	1.21586e-02	7.11162e-03	0.61171	2.09895	4.59020e-05
1.70504e+04	1.21629e-02	4.32601e-03	2.16956	1.55020	4.59020e-05
1.72056e+04	1.21583e-02	1.19746e-02	1.58386	3.23068	4.59020e-05
1.73609e+04	1.21582e-02	5.74292e-03	0.65375	5.41774	4.59020e-05
1.75162e+04	1.21594e-02	9.00203e-03	3.57823	3.74035	4.59020e-05
1.76715e+04	1.21624e-02	1.49023e-02	4.04476	5.90950	4.59020e-05
1.78268e+04	1.21588e-02	5.43754e-03	4.63433	1.77994	4.59020e-05
1.79821e+04	1.21587e-02	7.94040e-03	2.72674	0.26615	4.59020e-05
1.81374e+04	1.21589e-02	1.12512e-02	3.55594	2.26778	4.59020e-05
1.82926e+04	1.21598e-02	1.28230e-03	5.18470	3.53358	4.59020e-05
1.84479e+04	1.21586e-02	9.83430e-03	1.95434	3.32537	4.59020e-05
1.86032e+04	1.21585e-02	6.81648e-03	2.85593	5.32578	4.59020e-05
1.87585e+04	1.21586e-02	5.83813e-03	0.94192	3.96023	4.59020e-05
1.89138e+04	1.21588e-02	1.40436e-02	1.82373	6.04796	4.59020e-05
1.90691e+04	1.21584e-02	8.57925e-03	2.80227	1.84869	4.59020e-05
1.92244e+04	1.21613e-02	6.22343e-03	1.26491	0.12757	4.59020e-05
1.93796e+04	1.21583e-02	1.28662e-02	2.13654	2.30416	4.59020e-05
1.95349e+04	1.21590e-02	4.82275e-03	3.62826	3.95298	4.59020e-05
1.96902e+04	1.21592e-02	8.51131e-03	0.99069	3.41296	4.59020e-05
1.98455e+04	1.21584e-02	8.32516e-03	2.48723	5.11923	4.59020e-05
2.00008e+04	1.21621e-02	1.30883e-03	0.16260	4.30741	4.59020e-05
2.01561e+04	1.21585e-02	1.09159e-02	1.51814	6.10638	4.59020e-05
2.03114e+04	1.21591e-02	8.49509e-03	2.68725	1.88933	4.59020e-05
2.04666e+04	1.21598e-02	3.63657e-03	1.73725	6.03009	4.59020e-05
2.06219e+04	1.21589e-02	1.12842e-02	2.41092	2.34963	4.59020e-05
2.07772e+04	1.21584e-02	7.57679e-03	3.75334	4.24247	4.59020e-05
2.09325e+04	1.21623e-02	4.31198e-03	1.52235	3.45072	4.59020e-05
2.10878e+04	1.21582e-02	9.21951e-03	3.16725	5.15371	4.59020e-05
2.12431e+04	1.21584e-02	2.40836e-03	5.93218	5.69422	4.59020e-05
2.13984e+04	1.21593e-02	9.38445e-03	2.47084	0.01781	4.59020e-05
2.15536e+04	1.21591e-02	9.64557e-03	4.01795	1.91992	4.59020e-05
2.17089e+04	1.21597e-02	3.44142e-03	2.96254	0.16547	4.59020e-05
2.18642e+04	1.21595e-02	1.16653e-02	4.12558	2.55997	4.59020e-05
2.20195e+04	1.21591e-02	7.95875e-03	5.76517	4.43577	4.59020e-05
2.21748e+04	1.21593e-02	2.96449e-03	4.35516	3.16576	4.59020e-05
2.23301e+04	1.21583e-02	9.41764e-03	5.87098	5.21051	4.59020e-05
2.24853e+04	1.21586e-02	2.49511e-03	1.98556	0.10915	4.59020e-05
2.26406e+04	1.21582e-02	8.29270e-03	5.54237	0.22809	4.59020e-05
2.27959e+04	1.21585e-02	7.62569e-03	1.15331	1.98816	4.59020e-05
2.29512e+04	1.21599e-02	2.67930e-03	6.26497	0.61142	4.59020e-05
2.31065e+04	1.21627e-02	1.21497e-02	1.49673	2.78294	4.59020e-05
2.32618e+04	1.21598e-02	8.66245e-03	3.26283	4.72348	4.59020e-05
2.34171e+04	1.21586e-02	4.19369e-03	2.24027	3.25378	4.59020e-05
2.35723e+04	1.21585e-02	1.01674e-02	3.82430	5.41901	4.59020e-05
2.37276e+04	1.21588e-02	5.67101e-03	5.96005	0.82890	4.59020e-05
2.38829e+04	1.21592e-02	6.51290e-03	3.82300	0.43351	4.59020e-05
2.40382e+04	1.21594e-02	7.07481e-03	0.12239	2.03727	4.59020e-05
2.41935e+04	1.21594e-02	1.78192e-03	4.76977	1.70232	4.59020e-05
2.43488e+04	1.21587e-02	1.09398e-02	1.24086	3.18571	4.59020e-05
2.45041e+04	1.21587e-02	6.78611e-03	3.62356	5.14165	4.59020e-05
2.46593e+04	1.21588e-02	4.51289e-03	3.22195	3.57112	4.59020e-05
2.48146e+04	1.21582e-02	1.24636e-02	5.35344	5.77111	4.59020e-05
2.49699e+04	1.21585e-02	5.59110e-03	1.47275	1.50070	4.59020e-05
2.51252e+04	1.21583e-02	5.13900e-03	0.68121	0.37786	4.59020e-05
2.52805e+04	1.21582e-02	9.12977e-03	3.38382	2.12389	4.59020e-05
2.54358e+04	1.21585e-02	3.22585e-03	0.41858	3.20805	4.59020e-05
2.55911e+04	1.21580e-02	8.81227e-03	4.44983	3.59065	4.59020e-05
2.57463e+04	1.21585e-02	5.48531e-03	0.82634	5.36086	4.59020e-05
2.59016e+04	1.21581e-02	5.34659e-03	5.95092	4.74760	4.59020e-05
2.60569e+04	1.21586e-02	1.08336e-02	2.45627	0.14099	4.59020e-05
2.62122e+04	1.21583e-02	5.63494e-03	4.89904	2.17827	4.59020e-05
2.63675e+04	1.21584e-02	7.25584e-03	4.53796	0.76049	4.59020e-05
2.65228e+04	1.21585e-02	1.10996e-02	0.64845	2.88086	4.59020e-05
2.66781e+04	1.21584e-02	3.02929e-03	3.53316	4.62073	4.59020e-05
2.68333e+04	1.21589e-02	6.35413e-03	2.69560	3.74913	4.59020e-05
2.69886e+04	1.21594e-02	7.02594e-03	5.59144	5.45097	4.59020e-05
2.71439e+04	1.21581e-02	3.70756e-03	3.62383	5.75188	4.59020e-05
2.72992e+04	1.21585e-02	8.48575e-03	0.78043	0.65768	4.59020e-05
2.74545e+04	1.21588e-02	3.53791e-03	3.99307	2.15973	4.59020e-05
2.76098e+04	1.21626e-02	7.18539e-03	2.99090	1.54287	4.59020e-05
2.77651e+04	1.21593e-02	1.03145e-02	5.84233	3.37692	4.59020e-05
2.79203e+04	1.21582e-02	2.50524e-03	2.23673	5.40119	4.59020e-05
2.80756e+04	1.21585e-02	7.77874e-03	2.02747	4.04991	4.59020e-05
2.82309e+04	1.21590e-02	1.09580e-02	4.73761	6.15412	4.59020e-05
2.83862e+04	1.21634e-02	2.00643e-03	4.97621	4.41536	4.59020e-05
2.85415e+04	1.21589e-02	1.26556e-02	0.89578	0.72670	4.59020e-05
2.86968e+04	1.21585e-02	8.14285e-03	3.41343	3.06362	4.59020e-05
2.88521e+04	1.21585e-02	6.82183e-03	3.90288	1.16606	4.59020e-05
2.90073e+04	1.21587e-02	1.22543e-02	0.18013	3.57815	4.59020e-05
2.91626e+04	1.21587e-02	3.30910e-03	2.91411	5.84099	4.59020e-05
2.93179e+04	1.21595e-02	8.74259e-03	3.13862	4.36401	4.59020e-05
2.94732e+04	1.21606e-02	7.42175e-03	6.02071	0.25226	4.59020e-05
2.96285e+04	1.21593e-02	4.27532e-03	5.93042	5.42263	4.59020e-05
2.97838e+04	1.21632e-02	1.19334e-02	2.73439	1.23238	4.59020e-05
2.99391e+04	1.21597e-02	4.59538e-03	5.43763	3.67167	4.59020e-05
3.00943e+04	1.21628e-02	9.18745e-03	6.14582	1.84602	4.59020e-05
3.02496e+04	1.21592e-02	1.20363e-02	2.88293	4.01956	4.59020e-05
3.04049e+04	1.21614e-02	7.16729e-04	0.59805	5.21571	4.59020e-05
3.05602e+04	1.21590e-02	1.01963e-02	5.93192	5.11450	4.59020e-05
3.07155e+04	1.21579e-02	6.76228e-03	2.84579	0.81704	4.59020e-05
3.08708e+04	1.21581e-02	6.71204e-03	2.82445	6.04421	4.59020e-05
3.10261e+04	1.21590e-02	1.25140e-02	6.03461	1.77645	4.59020e-05
3.11813e+04	1.21627e-02	3.61767e-03	2.56001	4.21879	4.59020e-05
3.13366e+04	1.21594e-02	9.00846e-03	3.37891	2.45486	4.59020e-05
3.14919e+04	1.21585e-02	9.02704e-03	0.10405	4.74163	4.59020e-05
3.16472e+04	1.21585e-02	2.31971e-03	0.20827	3.67839	4.59020e-05
3.18025e+04	1.21592e-02	1.11964e-02	3.44163	5.79136	4.59020e-05
3.19578e+04	1.21585e-02	4.66747e-03	0.28005	1.76091	4.59020e-05
3.21131e+04	1.21582e-02	8.96439e-03	1.08668	0.13899	4.59020e-05
3.22683e+04	1.21593e-02	1.04717e-02	4.30178	2.34808	4.59020e-05
3.24236e+04	1.21604e-02	8.93663e-04	1.61075	4.20583	4.59020e-05
3.25789e+04	1.21582e-02	9.79404e-03	1.61980	3.38864	4.59020e-05
3.27342e+04	1.21592e-02	5.80089e-03	5.03117	5.48101	4.59020e-05
3.28895e+04	1.21596e-02	6.38738e-03	5.53689	4.21412	4.59020e-05
3.30448e+04	1.21583e-02	1.23689e-02	2.64288	0.15214	4.59020e-05
3.32001e+04	1.21592e-02	3.02052e-03	6.21325	2.14725	4.59020e-05
3.33553e+04	1.21588e-02	7.73208e-03	0.34951	1.00522	4.59020e-05
3.35106e+04	1.21585e-02	8.16974e-03	3.74188	3.18311	4.59020e-05
3.36659e+04	1.21592e-02	4.06246e-03	4.03049	2.19078	4.59020e-05
3.38212e+04	1.21584e-02	1.16010e-02	1.40362	4.18444	4.59020e-05
3.39765e+04	1.21586e-02	5.54777e-03	4.75565	0.15439	4.59020e-05
3.41318e+04	1.21595e-02	6.12047e-03	5.55802	4.97543	4.59020e-05
3.42871e+04	1.21625e-02	9.55745e-03	2.73355	0.87875	4.59020e-05
3.44423e+04	1.21591e-02	4.22476e-04	3.19774	6.08455	4.59020e-05
3.45976e+04	1.21583e-02	1.13794e-02	0.41423	2.05694	4.59020e-05
3.47529e+04	1.21588e-02	7.72168e-03	3.96675	4.21898	4.59020e-05
3.49082e+04	1.21592e-02	5.47858e-03	4.78028	2.85752	4.59020e-05
3.50635e+04	1.21582e-02	1.06101e-02	2.21864	4.89245	4.59020e-05
3.52188e+04	1.21581e-02	1.98980e-03	0.06896	0.25499	4.59020e-05
3.53741e+04	1.21595e-02	9.60836e-03	0.08499	6.10159	4.59020e-05
3.55293e+04	1.21607e-02	8.24557e-03	3.65154	2.07245	4.59020e-05
3.56846e+04	1.21589e-02	3.97730e-03	4.81256	0.46802	4.59020e-05
3.58399e+04	1.21589e-02	1.12220e-02	1.96242	2.89138	4.59020e-05
3.59952e+04	1.21616e-02	4.89631e-03	5.84594	4.89185	4.59020e-05
3.61505e+04	1.21589e-02	8.20925e-03	0.07594	4.16886	4.59020e-05
3.63058e+04	1.21585e-02	8.78820e-03	4.14554	6.14629	4.59020e-05
3.64610e+04	1.21626e-02	2.58116e-03	5.27722	4.80683	4.59020e-05
3.66163e+04	1.21590e-02	1.08735e-02	2.79382	0.83255	4.59020e-05
3.67716e+04	1.21588e-02	7.31139e-03	0.53133	2.94061	4.59020e-05
3.69269e+04	1.21605e-02	6.16061e-03	1.36636	2.03664	4.59020e-05
3.70822e+04	1.21583e-02	9.07063e-03	5.54131	4.04256	4.59020e-05
3.72375e+04	1.21595e-02	3.14641e-04	1.14363	2.07768	4.59020e-05
3.73928e+04	1.21582e-02	1.13113e-02	4.20394	5.24184	4.59020e-05
3.75480e+04	1.21581e-02	8.02103e-03	2.06629	1.06532	4.59020e-05
3.77033e+04	1.21594e-02	5.00290e-03	3.39672	6.07153	4.59020e-05
3.78586e+04	1.21586e-02	1.00438e-02	1.10269	2.08879	4.59020e-05
3.80139e+04	1.21622e-02	2.17930e-03	5.79671	3.70372	4.59020e-05
3.81692e+04	1.21585e-02	9.76488e-03	6.18683	3.35906	4.59020e-05
3.83245e+04	1.21595e-02	7.04510e-03	4.10102	5.53015	4.59020e-05
3.84798e+04	1.21580e-02	4.68434e-03	5.48022	4.36245	4.59020e-05
3.86350e+04	1.21592e-02	1.18060e-02	3.54361	0.19130	4.59020e-05
3.87903e+04	1.21590e-02	3.57759e-03	1.53826	2.39197	4.59020e-05
3.89456e+04	1.21590e-02	8.08237e-03	2.73073	1.41429	4.59020e-05
3.91009e+04	1.21583e-02	7.34304e-03	0.93961	3.43644	4.59020e-05
3.92562e+04	1.21610e-02	3.23937e-03	1.81580	2.87587	4.59020e-05
3.94115e+04	1.21583e-02	1.10389e-02	0.19151	4.77116	4.59020e-05
3.95668e+04	1.21597e-02	3.24318e-03	4.34604	0.90597	4.59020e-05
3.97220e+04	1.21580e-02	8.86770e-03	5.94665	5.88978	4.59020e-05
3.98773e+04	1.21628e-02	9.70469e-03	4.19829	1.67602	4.59020e-05
4.00326e+04	1.21585e-02	1.18881e-03	5.80391	0.41117	4.59020e-05
4.01879e+04	1.21591e-02	1.02768e-02	3.79704	2.84376	4.59020e-05
4.03432e+04	1.21591e-02	4.28039e-03	2.05900	4.96272	4.59020e-05
4.04985e+04	1.21586e-02	7.36594e-03	3.11940	4.30035	4.59020e-05
4.06538e+04	1.21586e-02	8.07734e-03	1.58799	6.25180	4.59020e-05
4.08090e+04	1.21589e-02	2.15923e-03	2.58021	5.69456	4.59020e-05
4.09643e+04	1.21593e-02	1.06411e-02	1.26395	1.24620	4.59020e-05
4.11196e+04	1.21584e-02	4.71888e-03	5.79149	3.48345	4.59020e-05
4.12749e+04	1.21588e-02	7.71566e-03	1.11798	2.38048	4.59020e-05
4.14302e+04	1.21620e-02	9.75640e-03	5.72332	4.58729	4.59020e-05
4.15855e+04	1.21592e-02	8.64753e-04	0.81155	3.72919	4.59020e-05
4.17408e+04	1.21585e-02	9.52410e-03	5.60711	5.80082	4.59020e-05
4.18960e+04	1.21590e-02	5.56961e-03	3.60331	1.55291	4.59020e-05
4.20513e+04	1.21584e-02	6.87519e-03	4.24321	0.84388	4.59020e-05
4.22066e+04	1.21618e-02	8.06890e-03	2.15004	2.93194	4.59020e-05
4.23619e+04	1.21587e-02	1.88460e-03	2.12288	2.97439	4.59020e-05
4.25172e+04	1.21591e-02	9.47892e-03	0.87738	4.31531	4.59020e-05
4.26725e+04	1.21586e-02	3.16673e-03	5.18959	0.05477	4.59020e-05
4.28278e+04	1.21584e-02	7.05856e-03	5.79212	5.80617	4.59020e-05
4.29830e+04	1.21590e-02	7.70773e-03	3.93127	1.46944	4.59020e-05
4.31383e+04	1.21590e-02	3.46830e-03	4.65901	0.84396	4.59020e-05
4.32936e+04	1.21595e-02	9.81848e-03	2.73002	2.95565	4.59020e-05
4.34489e+04	1.21580e-02	2.22924e-03	1.28732	4.54385	4.59020e-05
4.36042e+04	1.21595e-02	8.40971e-03	1.74894	4.24467	4.59020e-05
4.37595e+04	1.21584e-02	7.18793e-03	6.03709	0.13580	4.59020e-05
4.39148e+04	1.21614e-02	5.46510e-03	0.67353	5.69586	4.59020e-05
4.40700e+04	1.21584e-02	8.98426e-03	5.13867	1.52190	4.59020e-05
4.42253e+04	1.21592e-02	1.27529e-03	4.28577	2.62895	4.59020e-05
4.43806e+04	1.21590e-02	9.11276e-03	4.30024	2.88647	4.59020e-05
4.45359e+04	1.21593e-02	5.63532e-03	2.43420	5.03908	4.59020e-05
4.46912e+04	1.21580e-02	6.95707e-03	3.34086	4.44069	4.59020e-05
4.48465e+04	1.21592e-02	7.94606e-03	1.63979	0.25197	4.59020e-05
4.50018e+04	1.21589e-02	2.67572e-03	2.18550	0.05112	4.59020e-05
4.51570e+04	1.21585e-02	8.72379e-03	0.91820	1.67922	4.59020e-05
4.53123e+04	1.21613e-02	3.46828e-03	5.68817	3.57633	4.59020e-05
4.54676e+04	1.21582e-02	7.90383e-03	0.25706	3.12879	4.59020e-05
4.56229e+04	1.21594e-02	7.03783e-03	4.91417	5.24028	4.59020e-05
4.57782e+04	1.21589e-02	4.40132e-03	5.85121	4.74530	4.59020e-05
4.59335e+04	1.21587e-02	8.81522e-03	4.26460	0.44063	4.59020e-05
4.60888e+04	1.21584e-02	2.37858e-03	3.36796	1.72006	4.59020e-05
4.62440e+04	1.21590e-02	8.15167e-03	3.65521	1.82764	4.59020e-05
4.63993e+04	1.21591e-02	6.13126e-03	2.03694	3.93851	4.59020e-05
4.65546e+04	1.21586e-02	6.00674e-03	3.16284	3.34669	4.59020e-05
4.67099e+04	1.21599e-02	8.88119e-03	1.41545	5.59763	4.59020e-05
4.68652e+04	1.21584e-02	3.66274e-03	2.56504	4.95792	4.59020e-05
4.70205e+04	1.21587e-02	9.70241e-03	0.76176	0.98772	4.59020e-05
4.71758e+04	1.21594e-02	8.29044e-04	0.84942	1.42871	4.59020e-05
4.73310e+04	1.21583e-02	8.62217e-03	0.19234	2.60235	4.59020e-05
4.74863e+04	1.21594e-02	4.61209e-03	4.88620	4.51822	4.59020e-05
4.76416e+04	1.21588e-02	6.78643e-03	5.56694	4.17658	4.59020e-05
4.77969e+04	1.21588e-02	7.20891e-03	3.97676	6.12103	4.59020e-05
4.79522e+04	1.21617e-02	2.72277e-03	4.76996	5.69619	4.59020e-05
4.81075e+04	1.21587e-02	8.56258e-03	2.98971	1.62064	4.59020e-05
4.82628e+04	1.21592e-02	1.96025e-03	2.62932	2.35472	4.59020e-05
4.84180e+04	1.21583e-02	8.18875e-03	2.19966	3.13524	4.59020e-05
4.85733e+04	1.21580e-02	4.51337e-03	0.69617	4.94017	4.59020e-05
4.87286e+04	1.21585e-02	7.18332e-03	1.10697	4.83643	4.59020e-05
4.88839e+04	1.21587e-02	6.53105e-03	5.63558	0.77645	4.59020e-05
4.90392e+04	1.21584e-02	4.96083e-03	0.17802	0.59732	4.59020e-05
4.91945e+04	1.21588e-02	8.86925e-03	5.26139	2.42857	4.59020e-05
4.93498e+04	1.21583e-02	2.67699e-03	5.23231	2.37744	4.59020e-05
4.95050e+04	1.21587e-02	7.93017e-03	2.39974	4.41703	4.59020e-05
4.96603e+04	1.21592e-02	1.77986e-03	0.18059	5.93571	4.59020e-05
4.98156e+04	1.21596e-02	8.07984e-03	5.20007	0.02818	4.59020e-05
4.99709e+04	1.21590e-02	2.83595e-03	3.05403	1.95823	4.59020e-05
5.01262e+04	1.21581e-02	7.36490e-03	2.98979	2.08822	4.59020e-05
5.02815e+04	1.21622e-02	4.95627e-03	2.49120	4.33219	4.59020e-05
5.04367e+04	1.21590e-02	7.11386e-03	5.42053	4.57386	4.59020e-05
5.05920e+04	1.21582e-02	7.23897e-03	0.08591	0.41237	4.59020e-05
5.07473e+04	1.21586e-02	5.55211e-03	2.95260	0.57062	4.59020e-05
5.09026e+04	1.21578e-02	8.09303e-03	3.95951	2.77320	4.59020e-05
5.10579e+04	1.21582e-02	1.45194e-03	5.36261	4.60230	4.59020e-05
5.12132e+04	1.21579e-02	5.06671e-03	1.46564	5.18567	4.59020e-05
5.13685e+04	1.21578e-02	5.63208e-03	5.89871	4.82918	4.59020e-05
5.15237e+04	1.21591e-02	8.02532e-03	2.59024	0.44353	4.59020e-05
5.16790e+04	1.21607e-02	1.09277e-02	0.17289	1.82528	4.59020e-05
5.18343e+04	1.21580e-02	8.94527e-03	2.66273	4.29722	4.59020e-05
5.19896e+04	1.21557e-02	3.10030e-03	0.39377	5.17950	4.59020e-05
5.21449e+04	1.21561e-02	4.88047e-03	2.66518	1.81250	4.59020e-05
5.23002e+04	1.21572e-02	8.26814e-03	2.89619	6.02548	4.59020e-05
5.24555e+04	1.21505e-02	2.02127e-02	6.26420	2.59076	4.59020e-05
5.26107e+04	1.21540e-02	7.62272e-03	5.59654	2.64092	4.59020e-05
5.27660e+04	1.21495e-02	7.86514e-03	3.15962	1.47540	4.59020e-05
5.29213e+04	1.21510e-02	8.62620e-03	5.73401	3.97250	4.59020e-05
5.30766e+04	1.21480e-02	2.64456e-02	3.27836	2.61427	4.59020e-05
5.32319e+04	1.21514e-02	1.37808e-02	3.67449	0.58209	4.59020e-05
5.33872e+04	1.21463e-02	3.31554e-03	2.96115	5.15046	4.59020e-05
5.35425e+04	1.21497e-02	1.04202e-02	0.38931	3.32577	4.59020e-05
5.36977e+04	1.21498e-02	1.32241e-02	6.16536	1.27548	4.59020e-05
5.38530e+04	1.21491e-02	1.75374e-02	2.54893	1.98064	4.59020e-05
5.40083e+04	1.21426e-02	1.24564e-02	3.67533	1.45780	4.59020e-05
5.41636e+04	1.21445e-02	2.68291e-02	0.97035	1.37855	4.59020e-05
5.43189e+04	1.21437e-02	2.74599e-02	1.22174	4.49207	4.59020e-05
5.44742e+04	1.21428e-02	2.16726e-02	1.07214	1.08436	4.59020e-05
5.46295e+04	1.21388e-02	1.86226e-02	5.64651	4.21496	4.59020e-05
5.47847e+04	1.21377e-02	1.19399e-02	3.04769	1.45613	4.59020e-05
5.49400e+04	1.21360e-02	9.57364e-03	3.19732	1.99452	4.59020e-05
5.50953e+04	1.21376e-02	1.38462e-02	3.26648	5.18512	4.59020e-05
5.52506e+04	1.21328e-02	2.42624e-02	3.90415	2.21269	4.59020e-05
5.54059e+04	1.21329e-02	1.41844e-02	1.40801	5.43911	4.59020e-05
5.55612e+04	1.21306e-02	1.14021e-02	5.74684	0.88500	4.59020e-05
5.57165e+04	1.21275e-02	2.26991e-02	1.21475	4.58810	4.59020e-05
5.58717e+04	1.21323e-02	3.79850e-03	3.88822	2.89417	4.59020e-05
5.60270e+04	1.21262e-02	1.12390e-02	0.33363	2.73648	4.59020e-05
5.61823e+04	1.21334e-02	1.64302e-02	4.91815	2.85213	4.59020e-05
5.63376e+04	1.21276e-02	1.60010e-02	1.50444	2.19976	4.59020e-05
5.64929e+04	1.21271e-02	3.34322e-03	5.39247	3.17367	4.59020e-05
5.66482e+04	1.21276e-02	6.81819e-03	4.60460	1.14609	4.59020e-05
5.68035e+04	1.21222e-02	6.09529e-03	1.96630	2.12939	4.59020e-05
5.69587e+04	1.21225e-02	2.65486e-02	4.34068	3.40530	4.59020e-05
5.71140e+04	1.21177e-02	2.40958e-02	0.17217	1.52114	4.59020e-05
5.72693e+04	1.21162e-02	3.43922e-02	1.44390	5.18390	4.59020e-05
5.74246e+04	1.21137e-02	2.47813e-02	2.36994	5.95165	4.59020e-05
5.75799e+04	1.21162e-02	1.28520e-02	2.83754	4.56089	4.59020e-05
5.77352e+04	1.21136e-02	1.31130e-02	3.74293	2.21302	4.59020e-05
5.78905e+04	1.21114e-02	4.97728e-03	5.84771	5.40898	4.59020e-05
5.80457e+04	1.21082e-02	1.75279e-02	4.36397	1.71361	4.59020e-05
5.82010e+04	1.21085e-02	1.81274e-02	6.18945	0.88765	4.59020e-05
5.83563e+04	1.21053e-02	1.64274e-02	3.77477	4.68742	4.59020e-05
5.85116e+04	1.21047e-02	1.69913e-02	2.31818	1.87539	4.59020e-05
5.86669e+04	1.21006e-02	6.64793e-03	1.79600	4.91101	4.59020e-05
5.88222e+04	1.21013e-02	2.50801e-02	4.03371	2.79479	4.59020e-05
5.89775e+04	1.21008e-02	2.04222e-02	2.27102	5.04067	4.59020e-05
5.91327e+04	1.20982e-02	2.87730e-02	2.21246	1.53616	4.59020e-05
5.92880e+04	1.20967e-02	9.42465e-03	5.47691	2.91295	4.59020e-05
5.94433e+04	1.20946e-02	1.63506e-02	0.93581	1.03670	4.59020e-05
5.95986e+04	1.20944e-02	2.07920e-02	1.73515	0.83563	4.59020e-05
5.97539e+04	1.20895e-02	4.71142e-02	5.55479	4.41469	4.59020e-05
5.99092e+04	1.20904e-02	1.30021e-02	4.09496	0.99950	4.59020e-05
6.00645e+04	1.20902e-02	1.17285e-02	3.50322	4.08688	4.59020e-05
6.02197e+04	1.20858e-02	9.04268e-03	3.19696	3.46027	4.59020e-05
6.03750e+04	1.20860e-02	1.71640e-02	2.75047	5.05777	4.59020e-05
6.05303e+04	1.20847e-02	9.99196e-03	0.09941	5.11144	4.59020e-05
6.06856e+04	1.20851e-02	1.47732e-02	5.75534	2.56916	4.59020e-05
6.08409e+04	1.20809e-02	1.04172e-02	1.51743	1.02132	4.59020e-05
6.09962e+04	1.20794e-02	6.55436e-03	5.50435	3.41198	4.59020e-05
6.11515e+04	1.20822e-02	1.74788e-02	2.94580	1.09672	4.59020e-05
6.13067e+04	1.20806e-02	1.75822e-02	3.80807	3.99412	4.59020e-05
6.14620e+04	1.20810e-02	1.82187e-02	4.39950	0.38778	4.59020e-05
6.16173e+04	1.20804e-02	1.09695e-02	0.60485	4.77879	4.59020e-05
6.17726e+04	1.20792e-02	2.69062e-02	5.85322	0.76780	4.59020e-05
6.19279e+04	1.20770e-02	7.52591e-03	4.16271	2.76901	4.59020e-05
6.20832e+04	1.20734e-02	1.54093e-02	1.57683	1.41311	4.59020e-05
6.22385e+04	1.20722e-02	2.34393e-02	0.27560	3.39066	4.59020e-05
6.23937e+04	1.20664e-02	1.25031e-02	0.86005	3.51080	4.59020e-05
6.25490e+04	1.20572e-02	5.06253e-03	5.27490	5.33786	4.59020e-05
6.27043e+04	1.20616e-02	3.07861e-02	6.17920	0.19854	4.59020e-05
6.28596e+04	1.20583e-02	4.46452e-02	1.64183	3.88454	4.59020e-05
6.30149e+04	1.20556e-02	7.22829e-02	5.94469	0.84063	4.59020e-05
6.31702e+04	1.20565e-02	2.48104e-02	0.07864	2.77305	4.59020e-05
6.33255e+04	1.20559e-02	8.20694e-03	4.84893	5.16827	4.59020e-05
6.34807e+04	1.20556e-02	1.04778e-02	1.23995	4.69305	4.59020e-05
6.36360e+04	1.20503e-02	2.34947e-02	3.33791	1.68441	4.59020e-05
6.37913e+04	1.20509e-02	1.72404e-02	4.21992	4.80602	4.59020e-05
6.39466e+04	1.20459e-02	7.26369e-03	2.87536	0.91517	4.59020e-05
6.41019e+04	1.20498e-02	9.58063e-02	2.73533	4.39252	4.59020e-05
6.42572e+04	1.20480e-02	1.79453e-02	4.41886	2.75542	4.59020e-05
6.44124e+04	1.20506e-02	2.32070e-02	5.74523	4.54672	4.59020e-05
6.45677e+04	1.20372e-02	7.67589e-02	4.01347	0.09329	4.59020e-05
6.47230e+04	1.20396e-02	4.94398e-02	2.95615	0.46564	4.59020e-05
6.48783e+04	1.20381e-02	2.28534e-02	3.93638	2.35226	4.59020e-05
6.50336e+04	1.20324e-02	3.37796e-02	4.63890	0.64540	4.59020e-05
6.51889e+04	1.20379e-02	4.32671e-02	4.35563	2.81642	4.59020e-05
6.53442e+04	1.20336e-02	9.36833e-03	5.96579	4.47913	4.59020e-05
6.54994e+04	1.20286e-02	5.20655e-02	1.01925	5.80998	4.59020e-05
6.56547e+04	1.20315e-02	1.93655e-02	0.11885	1.98203	4.59020e-05
6.58100e+04	1.20304e-02	4.39819e-02	1.89637	0.58062	4.59020e-05
6.59653e+04	1.20299e-02	6.83452e-03	6.22542	4.17740	4.59020e-05
6.61206e+04	1.20218e-02	6.24144e-02	1.33383	2.49819	4.59020e-05
6.62759e+04	1.20177e-02	9.19465e-02	0.94503	0.14898	4.59020e-05
6.64312e+04	1.20277e-02	6.69717e-02	2.16519	3.91955	4.59020e-05
6.65864e+04	1.20141e-02	1.00005e-01	2.20587	1.48699	4.59020e-05
6.67417e+04	1.20278e-02	8.33524e-02	1.73099	5.41410	4.59020e-05
6.68970e+04	1.20164e-02	1.02098e-01	6.11300	3.44016	4.59020e-05
6.70523e+04	1.20098e-02	9.11119e-02	1.70950	1.51747	4.59020e-05
6.72076e+04	1.20127e-02	8.69639e-02	4.93947	5.97345	4.59020e-05
6.73629e+04	1.20108e-02	7.27840e-02	3.78047	4.13855	4.59020e-05
6.75182e+04	1.20132e-02	5.34819e-02	2.68103	2.91558	4.59020e-05
6.76734e+04	1.20179e-02	5.56851e-02	0.16207	1.32065	4.59020e-05
6.78287e+04	1.20051e-02	4.30454e-02	2.64548	5.67080	4.59020e-05
6.79840e+04	1.20011e-02	4.29412e-02	4.06884	4.62184	4.59020e-05
6.81393e+04	1.20033e-02	6.48024e-02	3.95279	3.37361	4.59020e-05
6.82946e+04	1.19993e-02	7.89360e-02	2.68720	2.41229	4.59020e-05
6.84499e+04	1.19964e-02	8.47127e-02	0.40724	1.85147	4.59020e-05
6.86052e+04	1.20095e-02	8.56895e-02	1.59752	1.03096	4.59020e-05
6.87604e+04	1.19991e-02	5.85294e-02	3.18458	0.86800	4.59020e-05
6.89157e+04	1.20021e-02	5.88006e-02	3.18466	1.42695	4.59020e-05
6.90710e+04	1.19964e-02	8.19582e-02	2.40780	1.11360	4.59020e-05
6.92263e+04	1.19913e-02	9.30755e-02	2.52300	0.53312	4.59020e-05
6.93816e+04	1.19924e-02	4.40136e-02	0.15818	0.96809	4.59020e-05
6.95369e+04	1.19909e-02	8.68650e-02	2.52974	1.63793	4.59020e-05
6.96922e+04	1.19996e-02	6.20153e-02	4.63485	2.16168	4.59020e-05
6.98474e+04	1.19841e-02	8.62010e-02	6.23563	4.36988	4.59020e-05
7.00027e+04	1.19826e-02	8.17635e-02	2.04519	4.59001	4.59020e-05
7.01580e+04	1.19865e-02	6.81897e-02	2.07426	6.18760	4.59020e-05
7.03133e+04	1.19782e-02	6.06735e-02	3.19638	1.60865	4.59020e-05
7.04686e+04	1.19834e-02	1.00410e-01	3.43571	3.58497	4.59020e-05
7.06239e+04	1.19838e-02	7.18797e-02	3.78889	4.51222	4.59020e-05
7.07792e+04	1.19750e-02	8.47604e-02	3.38914	0.78424	4.59020e-05
7.09344e+04	1.19724e-02	7.93701e-02	3.52563	3.57889	4.59020e-05
7.10897e+04	1.19826e-02	7.96784e-02	3.86956	4.75120	4.59020e-05
7.12450e+04	1.19685e-02	8.71850e-02	3.75268	1.49927	4.59020e-05
7.14003e+04	1.19644e-02	7.41983e-02	3.71337	4.83697	4.59020e-05
7.15556e+04	1.19718e-02	8.69374e-02	4.55150	0.03429	4.59020e-05
7.17109e+04	1.19652e-02	9.17851e-02	4.81210	3.19558	4.59020e-05
7.18662e+04	1.19701e-02	8.08560e-02	5.60486	0.64073	4.59020e-05
7.20214e+04	1.19582e-02	6.77919e-02	0.72097	3.49912	4.59020e-05
7.21767e+04	1.19649e-02	8.49109e-02	2.87986	6.09069	4.59020e-05
7.23320e+04	1.19548e-02	8.89847e-02	5.16918	3.71463	4.59020e-05
7.24873e+04	1.19711e-02	1.01495e-01	1.40947	1.63191	4.59020e-05
7.26426e+04	1.19543e-02	8.02430e-02	4.28115	4.91418	4.59020e-05
7.27979e+04	1.19500e-02	5.92363e-02	2.30005	2.10504	4.59020e-05
7.29532e+04	1.19519e-02	5.63966e-02	0.92780	0.29643	4.59020e-05
7.31084e+04	1.19476e-02	7.58775e-02	0.49639	4.49456	4.59020e-05
7.32637e+04	1.19496e-02	9.74143e-02	0.00215	1.85714	4.59020e-05
7.34190e+04	1.19447e-02	9.53999e-02	1.00144	6.27179	4.59020e-05
7.35743e+04	1.19537e-02	9.06814e-02	3.10572	4.99115	4.59020e-05
7.37296e+04	1.19487e-02	1.00102e-01	5.88428	3.58540	4.59020e-05
7.38849e+04	1.19483e-02	1.06335e-01	3.68976	1.70280	4.59020e-05
7.40402e+04	1.19392e-02	9.78555e-02	2.62100	0.19872	4.59020e-05
7.41954e+04	1.19362e-02	9.53558e-02	2.40785	5.51386	4.59020e-05
7.43507e+04	1.19365e-02	1.00175e-01	4.23424	4.60375	4.59020e-05
7.45060e+04	1.19344e-02	1.06752e-01	0.64632	3.32107	4.59020e-05
7.46613e+04	1.19365e-02	1.02921e-01	5.10871	2.05904	4.59020e-05
7.48166e+04	1.19377e-02	9.61754e-02	4.63790	1.23888	4.59020e-05
7.49719e+04	1.19297e-02	8.49373e-02	5.74209	0.70124	4.59020e-05
7.51272e+04	1.19373e-02	7.71523e-02	1.88838	0.30930	4.59020e-05
7.52824e+04	1.19293e-02	7.29802e-02	0.10444	5.97739	4.59020e-05
7.54377e+04	1.19343e-02	6.98752e-02	5.84077	5.46139	4.59020e-05
7.55930e+04	1.19238e-02	7.16229e-02	1.12569	5.36326	4.59020e-05
7.57483e+04	1.19291e-02	8.91876e-02	4.41995	5.44042	4.59020e-05
7.59036e+04	1.19289e-02	1.02336e-01	3.42540	5.36570	4.59020e-05
7.60589e+04	1.19215e-02	1.01786e-01	4.70298	4.99987	4.59020e-05
7.62142e+04	1.19191e-02	8.65022e-02	1.66300	4.81707	4.59020e-05
7.63694e+04	1.19178e-02	6.75080e-02	0.00244	5.14158	4.59020e-05
7.65247e+04	1.19250e-02	8.11027e-02	0.14687	5.92409	4.59020e-05
7.66800e+04	1.19243e-02	1.01723e-01	3.27602	0.09955	4.59020e-05
7.68353e+04	1.19114e-02	9.61844e-02	2.45131	0.30660	4.59020e-05
7.69906e+04	1.19140e-02	7.34046e-02	3.76416	0.75886	4.59020e-05
7.71459e+04	1.19162e-02	8.01897e-02	0.54089	1.67920	4.59020e-05
7.73012e+04	1.19074e-02	1.01472e-01	0.23130	2.42129	4.59020e-05
7.74564e+04	1.19111e-02	8.08688e-02	2.33494	3.30520	4.59020e-05
7.76117e+04	1.19125e-02	7.48072e-02	0.03285	4.62779	4.59020e-05
7.77670e+04	1.19037e-02	1.04126e-01	0.83523	5.48292	4.59020e-05
7.79223e+04	1.19014e-02	9.73283e-02	4.38969	6.14931	4.59020e-05
7.80776e+04	1.19001e-02	6.78368e-02	3.70170	1.38142	4.59020e-05
7.82329e+04	1.18980e-02	9.91176e-02	5.69361	2.98866	4.59020e-05
7.83882e+04	1.18936e-02	9.02139e-02	4.66168	4.15436	4.59020e-05
7.85434e+04	1.18909e-02	7.89508e-02	5.58593	5.83444	4.59020e-05
7.86987e+04	1.18905e-02	1.06199e-01	3.51631	0.83883	4.59020e-05
7.88540e+04	1.18936e-02	7.94615e-02	4.20016	2.17662	4.59020e-05
7.90093e+04	1.18989e-02	8.64530e-02	0.78896	4.51094	4.59020e-05
7.91646e+04	1.18849e-02	9.62954e-02	0.75105	6.05889	4.59020e-05
7.93199e+04	1.18964e-02	7.65839e-02	3.02423	1.92758	4.59020e-05
7.94751e+04	1.18817e-02	1.08475e-01	2.27969	3.52357	4.59020e-05
7.96304e+04	1.18926e-02	7.40378e-02	4.71436	5.34551	4.59020e-05
7.97857e+04	1.18809e-02	1.00476e-01	3.49297	1.48729	4.59020e-05
7.99410e+04	1.18773e-02	7.84631e-02	5.83008	3.52382	4.59020e-05
8.00963e+04	1.18866e-02	9.83369e-02	4.26601	6.10852	4.59020e-05
8.02516e+04	1.18884e-02	8.90051e-02	0.24737	1.55709	4.59020e-05
8.04069e+04	1.18812e-02	8.92392e-02	5.00759	4.22041	4.59020e-05
8.05621e+04	1.18807e-02	9.07944e-02	1.44165	6.25987	4.59020e-05
8.07174e+04	1.18787e-02	8.90615e-02	0.20305	3.04486	4.59020e-05
8.08727e+04	1.18759e-02	8.91952e-02	3.06602	5.22648	4.59020e-05
8.10280e+04	1.18788e-02	9.38848e-02	2.55009	1.84753	4.59020e-05
8.11833e+04	1.18693e-02	9.05353e-02	0.07286	3.95191	4.59020e-05
8.13386e+04	1.18648e-02	9.52153e-02	6.25585	0.77242	4.59020e-05
8.14939e+04	1.18636e-02	8.00545e-02	4.40869	3.29988	4.59020e-05
8.16491e+04	1.18738e-02	1.03131e-01	5.52016	0.22053	4.59020e-05
8.18044e+04	1.18566e-02	7.67441e-02	4.27794	2.83570	4.59020e-05
8.19597e+04	1.18649e-02	1.07715e-01	0.54036	5.73673	4.59020e-05
8.21150e+04	1.18585e-02	7.33648e-02	0.46489	2.41181	4.59020e-05
8.22703e+04	1.18601e-02	1.01731e-01	4.17632	5.38096	4.59020e-05
8.24256e+04	1.18548e-02	8.63811e-02	5.17331	2.62656	4.59020e-05
8.25809e+04	1.18519e-02	9.14953e-02	4.30317	5.28644	4.59020e-05
8.27361e+04	1.18563e-02	1.01011e-01	0.68547	2.40008	4.59020e-05
8.28914e+04	1.18477e-02	7.60508e-02	1.20078	5.28409	4.59020e-05
8.30467e+04	1.18469e-02	1.04978e-01	5.83583	2.44060	4.59020e-05
8.32020e+04	1.18439e-02	8.14178e-02	1.40645	6.09298	4.59020e-05
8.33573e+04	1.18454e-02	9.25491e-02	2.09963	2.76901	4.59020e-05
8.35126e+04	1.18469e-02	1.02342e-01	5.80723	0.09783	4.59020e-05
8.36679e+04	1.18448e-02	7.45346e-02	1.98224	3.22858	4.59020e-05
8.38231e+04	1.18470e-02	1.03203e-01	2.04590	0.47922	4.59020e-05
8.39784e+04	1.18443e-02	9.00872e-02	5.83911	4.42295	4.59020e-05
8.41337e+04	1.18376e-02	8.30426e-02	2.43217	1.33715	4.59020e-05
8.42890e+04	1.18308e-02	1.09898e-01	2.54653	5.00097	4.59020e-05
8.44443e+04	1.18304e-02	8.06175e-02	1.09280	2.40569	4.59020e-05
8.45996e+04	1.18277e-02	9.15156e-02	4.43292	5.74986	4.59020e-05
8.47549e+04	1.18349e-02	1.04824e-01	4.88585	3.56255	4.59020e-05
8.49101e+04	1.18336e-02	7.77550e-02	4.20076	1.13495	4.59020e-05
8.50654e+04	1.18230e-02	9.50731e-02	2.05901	4.49564	4.59020e-05
8.52207e+04	1.18281e-02	1.04970e-01	3.65091	2.27078	4.59020e-05
8.53760e+04	1.18269e-02	7.53131e-02	4.20488	6.14085	4.59020e-05
8.55313e+04	1.18193e-02	9.25490e-02	3.27503	3.56316	4.59020e-05
8.56866e+04	1.18270e-02	1.06878e-01	6.06258	1.52799	4.59020e-05
8.58419e+04	1.18164e-02	8.07909e-02	1.65862	5.48723	4.59020e-05
8.59971e+04	1.18259e-02	9.08764e-02	2.49493	2.74627	4.59020e-05
8.61524e+04	1.18128e-02	1.06465e-01	0.97124	0.74644	4.59020e-05
8.63077e+04	1.18181e-02	8.30804e-02	4.14842	5.06431	4.59020e-05
8.64630e+04	1.18114e-02	8.15209e-02	0.40402	2.58421	4.59020e-05
8.66183e+04	1.18073e-02	1.08641e-01	1.14348	0.46539	4.59020e-05
8.67736e+04	1.18153e-02	9.38368e-02	0.39706	4.77898	4.59020e-05
8.69289e+04	1.17993e-02	7.78125e-02	5.04792	2.33233	4.59020e-05
8.70841e+04	1.18051e-02	1.01017e-01	1.76305	0.23192	4.59020e-05
8.72394e+04	1.18098e-02	1.03534e-01	3.20759	4.79270	4.59020e-05
8.73947e+04	1.17983e-02	8.03236e-02	3.74327	2.71663	4.59020e-05
8.75500e+04	1.17965e-02	9.05461e-02	3.57156	0.29156	4.59020e-05
8.77053e+04	1.17950e-02	1.09005e-01	1.67333	4.74182	4.59020e-05
8.78606e+04	1.18049e-02	9.08428e-02	4.66812	3.03975	4.59020e-05
8.80159e+04	1.17995e-02	7.55578e-02	0.56507	0.96311	4.59020e-05
8.81711e+04	1.17926e-02	9.89891e-02	1.62146	5.20357	4.59020e-05
8.83264e+04	1.17855e-02	1.08471e-01	1.36936	3.48198	4.59020e-05
8.84817e+04	1.17856e-02	8.52714e-02	0.33547	1.66059	4.59020e-05
8.86370e+04	1.17823e-02	8.07652e-02	4.80333	5.85284	4.59020e-05
8.87923e+04	1.17872e-02	1.02217e-01	1.80091	4.09942	4.59020e-05
8.89476e+04	1.17822e-02	1.05407e-01	3.87956	2.55239	4.59020e-05
8.91029e+04	1.17784e-02	8.31584e-02	5.36378	0.72812	4.59020e-05
8.92581e+04	1.17785e-02	8.48176e-02	0.02149	4.88371	4.59020e-05
8.94134e+04	1.17780e-02	1.05231e-01	5.97152	3.22167	4.59020e-05
8.95687e+04	1.17735e-02	1.03778e-01	4.59800	1.79256	4.59020e-05
8.97240e+04	1.17732e-02	8.30894e-02	2.67013	0.09966	4.59020e-05
8.98793e+04	1.17686e-02	8.55895e-02	0.29035	4.30719	4.59020e-05
9.00346e+04	1.17689e-02	1.06154e-01	3.06211	2.64348	4.59020e-05
9.01899e+04	1.17657e-02	1.03569e-01	4.96067	1.25466	4.59020e-05
9.03451e+04	1.17639e-02	8.33999e-02	0.06142	5.99439	4.59020e-05
9.05004e+04	1.17632e-02	8.34762e-02	1.02625	4.05977	4.59020e-05
9.06557e+04	1.17730e-02	1.04382e-01	1.11201	2.38424	4.59020e-05
9.08110e+04	1.17706e-02	1.04783e-01	0.17863	0.99186	4.59020e-05
9.09663e+04	1.17720e-02	8.48682e-02	5.09219	5.82217	4.59020e-05
9.11216e+04	1.17573e-02	7.94905e-02	3.56269	4.06070	4.59020e-05
9.12769e+04	1.17518e-02	9.99690e-02	1.37129	2.41210	4.59020e-05
9.14321e+04	1.17559e-02	1.09079e-01	4.66150	1.01472	4.59020e-05
9.15874e+04	1.17619e-02	9.33919e-02	1.21208	5.91863	4.59020e-05
9.17427e+04	1.17598e-02	7.69836e-02	3.81006	4.29616	4.59020e-05
9.18980e+04	1.17502e-02	9.00715e-02	5.85588	2.62702	4.59020e-05
9.20533e+04	1.17465e-02	1.07681e-01	0.97813	1.24256	4.59020e-05
9.22086e+04	1.17499e-02	1.02954e-01	1.99421	6.25037	4.59020e-05
9.23639e+04	1.17509e-02	8.34237e-02	2.67128	4.80444	4.59020e-05
9.25191e+04	1.17516e-02	8.00862e-02	3.29164	3.15179	4.59020e-05
9.26744e+04	1.17433e-02	9.78839e-02	3.08398	1.72695	4.59020e-05
9.28297e+04	1.17396e-02	1.07978e-01	2.44331	0.54211	4.59020e-05
9.29850e+04	1.17439e-02	9.68026e-02	1.69355	5.59344	4.59020e-05
9.31403e+04	1.17343e-02	8.03277e-02	1.03007	4.07595	4.59020e-05
9.32956e+04	1.17370e-02	8.55035e-02	0.07096	2.47356	4.59020e-05
9.34508e+04	1.17310e-02	1.03532e-01	4.73334	1.21972	4.59020e-05
9.36061e+04	1.17377e-02	1.06886e-01	2.82754	0.10164	4.59020e-05
9.37614e+04	1.17256e-02	9.20140e-02	1.14325	5.11906	4.59020e-05
9.39167e+04	1.17280e-02	7.81952e-02	5.44423	3.55431	4.59020e-05
9.40720e+04	1.17332e-02	9.05881e-02	3.42541	2.07550	4.59020e-05
9.42273e+04	1.17200e-02	1.07610e-01	1.15329	0.93071	4.59020e-05
9.43826e+04	1.17239e-02	1.04821e-01	4.79936	6.12603	4.59020e-05
9.45378e+04	1.17259e-02	8.58883e-02	2.14569	4.85448	4.59020e-05
9.46931e+04	1.17290e-02	7.85731e-02	6.18919	3.30268	4.59020e-05
9.48484e+04	1.17194e-02	9.57560e-02	3.76588	1.92267	4.59020e-05
9.50037e+04	1.17207e-02	1.07019e-01	0.71624	0.83561	4.59020e-05
9.51590e+04	1.17261e-02	1.00743e-01	4.06786	6.09209	4.59020e-05
9.53143e+04	1.17153e-02	8.50274e-02	1.56797	4.85325	4.59020e-05
9.54696e+04	1.17115e-02	8.11832e-02	5.23504	3.32546	4.59020e-05
9.56248e+04	1.17171e-02	9.62160e-02	2.61311	1.99495	4.59020e-05
9.57801e+04	1.17035e-02	1.07179e-01	0.03811	0.97138	4.59020e-05
9.59354e+04	1.17075e-02	1.01752e-01	3.47020	6.25214	4.59020e-05
9.60907e+04	1.17164e-02	8.42338e-02	1.08291	5.02241	4.59020e-05
9.62460e+04	1.17121e-02	7.98703e-02	5.44248	3.52676	4.59020e-05
9.64013e+04	1.17011e-02	9.69791e-02	3.18511	2.23598	4.59020e-05
9.65566e+04	1.16965e-02	1.08911e-01	1.11399	1.20993	4.59020e-05
9.67118e+04	1.17075e-02	1.00379e-01	5.25616	0.21367	4.59020e-05
9.68671e+04	1.16914e-02	8.42023e-02	3.49427	5.30123	4.59020e-05
9.70224e+04	1.16896e-02	8.19603e-02	2.35700	3.82202	4.59020e-05
9.71777e+04	1.17029e-02	9.91831e-02	1.03997	2.52815	4.59020e-05
9.73330e+04	1.16964e-02	1.07290e-01	0.09338	1.50809	4.59020e-05
9.74883e+04	1.16918e-02	9.84532e-02	5.12801	0.53429	4.59020e-05
9.76436e+04	1.16878e-02	8.28957e-02	4.80480	5.59667	4.59020e-05
9.77988e+04	1.16965e-02	8.29543e-02	4.59361	4.10837	4.59020e-05
9.79541e+04	1.16940e-02	1.00575e-01	4.80877	2.87567	4.59020e-05
9.81094e+04	1.16801e-02	1.08361e-01	4.85343	1.87651	4.59020e-05
9.82647e+04	1.16793e-02	9.81512e-02	5.50491	0.85303	4.59020e-05
9.84200e+04	1.16869e-02	8.04364e-02	0.18892	5.85903	4.59020e-05
9.85753e+04	1.16853e-02	8.44471e-02	1.69541	4.41110	4.59020e-05
9.87306e+04	1.16727e-02	1.04797e-01	3.50620	3.20572	4.59020e-05
9.88858e+04	1.16718e-02	1.07799e-01	5.26548	2.19504	4.59020e-05
9.90411e+04	1.16711e-02	9.33131e-02	1.46473	1.15538	4.59020e-05
9.91964e+04	1.16780e-02	7.85444e-02	4.19906	6.16315	4.59020e-05
9.93517e+04	1.16752e-02	8.82222e-02	1.31797	4.78201	4.59020e-05
9.95070e+04	1.16673e-02	1.05906e-01	4.95417	3.62990	4.59020e-05
9.96623e+04	1.16663e-02	1.05698e-01	2.43591	2.63317	4.59020e-05
9.98176e+04	1.16613e-02	9.15724e-02	0.65041	1.57583	4.59020e-05
9.99728e+04	1.16626e-02	7.99863e-02	5.51889	0.22960	4.59020e-05
1.00128e+05	1.16688e-02	9.09782e-02	4.66901	5.15502	4.59020e-05
1.00283e+05	1.16694e-02	1.05371e-01	3.95364	4.07634	4.59020e-05
1.00439e+05	1.16630e-02	1.04653e-01	3.45148	3.10324	4.59020e-05
1.00594e+05	1.16529e-02	8.77967e-02	3.48434	1.98702	4.59020e-05
1.00749e+05	1.16468e-02	8.01647e-02	4.26044	0.64148	4.59020e-05
1.00905e+05	1.16529e-02	9.41746e-02	5.04601	5.67331	4.59020e-05
1.01060e+05	1.16507e-02	1.08473e-01	0.17380	4.63253	4.59020e-05
1.01215e+05	1.16497e-02	1.01949e-01	1.74383	3.62461	4.59020e-05
1.01370e+05	1.16515e-02	8.33322e-02	3.91192	2.47220	4.59020e-05
1.01526e+05	1.16553e-02	8.10169e-02	0.65974	1.10500	4.59020e-05
1.01681e+05	1.16509e-02	9.88191e-02	3.90490	6.15701	4.59020e-05
1.01836e+05	1.16497e-02	1.07632e-01	1.11299	5.14993	4.59020e-05
1.01992e+05	1.16525e-02	9.55997e-02	5.22795	4.12840	4.59020e-05
1.02147e+05	1.16442e-02	8.03894e-02	3.80497	2.83911	4.59020e-05
1.02302e+05	1.16455e-02	8.72125e-02	2.95666	1.43470	4.59020e-05
1.02457e+05	1.16456e-02	1.03224e-01	2.40266	0.32950	4.59020e-05
1.02613e+05	1.16418e-02	1.04849e-01	2.28546	5.66279	4.59020e-05
1.02768e+05	1.16364e-02	8.95200e-02	2.87861	4.55714	4.59020e-05
1.02923e+05	1.16352e-02	8.04675e-02	4.28754	3.11938	4.59020e-05
1.03079e+05	1.16378e-02	9.58088e-02	6.27922	1.79829	4.59020e-05
1.03234e+05	1.16318e-02	1.07439e-01	2.37152	0.78695	4.59020e-05
1.03389e+05	1.16331e-02	9.79240e-02	5.17148	6.06701	4.59020e-05
1.03544e+05	1.16280e-02	8.07965e-02	2.58410	4.79007	4.59020e-05
1.03700e+05	1.16220e-02	8.71523e-02	0.79765	3.36429	4.59020e-05
1.03855e+05	1.16231e-02	1.05060e-01	5.77198	2.22369	4.59020e-05
1.04010e+05	1.16159e-02	1.05353e-01	5.07791	1.20224	4.59020e-05
1.04166e+05	1.16122e-02	8.70205e-02	4.96274	0.03898	4.59020e-05
1.04321e+05	1.16143e-02	8.10218e-02	5.86599	4.89166	4.59020e-05
1.04476e+05	1.16214e-02	9.84188e-02	1.07195	3.62559	4.59020e-05
1.04631e+05	1.16218e-02	1.07298e-01	3.01828	2.57758	4.59020e-05
1.04787e+05	1.16054e-02	9.53950e-02	5.76909	1.49369	4.59020e-05
1.04942e+05	1.16026e-02	7.99128e-02	3.18885	0.13063	4.59020e-05
1.05097e+05	1.16029e-02	9.15963e-02	1.33863	4.98435	4.59020e-05
1.05253e+05	1.16155e-02	1.06235e-01	6.23762	3.85953	4.59020e-05
1.05408e+05	1.16110e-02	1.01062e-01	5.50718	2.82865	4.59020e-05
1.05563e+05	1.15979e-02	8.36362e-02	5.76710	1.57141	4.59020e-05
1.05718e+05	1.15973e-02	8.58683e-02	0.91859	0.04561	4.59020e-05
1.05874e+05	1.16055e-02	1.03476e-01	2.82717	5.07583	4.59020e-05
1.06029e+05	1.15945e-02	1.05141e-01	5.23805	4.03900	4.59020e-05
1.06184e+05	1.15934e-02	8.82227e-02	2.34238	2.87727	4.59020e-05
1.06340e+05	1.16004e-02	8.14069e-02	0.46980	1.38232	4.59020e-05
1.06495e+05	1.15877e-02	1.00813e-01	5.55945	0.01657	4.59020e-05
1.06650e+05	1.15863e-02	1.07436e-01	4.99935	5.20235	4.59020e-05
1.06805e+05	1.15939e-02	9.16938e-02	5.33214	4.06240	4.59020e-05
1.06961e+05	1.15872e-02	8.04186e-02	0.39703	2.60230	4.59020e-05
1.07116e+05	1.15846e-02	9.59076e-02	2.68826	1.18475	4.59020e-05
1.07271e+05	1.15825e-02	1.07156e-01	5.43880	0.06579	4.59020e-05
1.07427e+05	1.15807e-02	9.66205e-02	2.82086	5.24276	4.59020e-05
1.07582e+05	1.15909e-02	8.02196e-02	1.45455	3.80506	4.59020e-05
1.07737e+05	1.15733e-02	9.30049e-02	1.06680	2.29451	4.59020e-05
1.07892e+05	1.15825e-02	1.06126e-01	1.11172	1.13085	4.59020e-05
1.08048e+05	1.15743e-02	9.86155e-02	2.00975	0.03773	4.59020e-05
1.08203e+05	1.15762e-02	8.13518e-02	4.19459	4.92469	4.59020e-05
1.08358e+05	1.15729e-02	9.06238e-02	1.11744	3.36393	4.59020e-05
1.08514e+05	1.15648e-02	1.07106e-01	4.87299	2.13853	4.59020e-05
1.08669e+05	1.15791e-02	9.81332e-02	3.19754	1.01049	4.59020e-05
1.08824e+05	1.15602e-02	8.17904e-02	2.68016	5.87115	4.59020e-05
1.08979e+05	1.15704e-02	9.03233e-02	3.35476	4.29348	4.59020e-05
1.09135e+05	1.15671e-02	1.06184e-01	4.56708	3.07040	4.59020e-05
1.09290e+05	1.15562e-02	9.89439e-02	0.37444	1.93081	4.59020e-05
1.09445e+05	1.15620e-02	8.10101e-02	3.66879	0.45873	4.59020e-05
1.09601e+05	1.15673e-02	9.17009e-02	1.88455	5.13847	4.59020e-05
1.09756e+05	1.15542e-02	1.07369e-01	0.57330	3.89851	4.59020e-05
1.09911e+05	1.15524e-02	9.60152e-02	0.35351	2.72105	4.59020e-05
1.10066e+05	1.15585e-02	8.01400e-02	1.26360	1.19256	4.59020e-05
1.10222e+05	1.15616e-02	9.46633e-02	3.24578	5.89065	4.59020e-05
1.10377e+05	1.15449e-02	1.07882e-01	6.00261	4.64898	4.59020e-05
1.10532e+05	1.15468e-02	9.21227e-02	3.31836	3.38723	4.59020e-05
1.10688e+05	1.15407e-02	8.08448e-02	2.17182	1.75480	4.59020e-05
1.10843e+05	1.15446e-02	1.00169e-01	1.80662	0.25108	4.59020e-05
1.10998e+05	1.15442e-02	1.06194e-01	2.17363	5.32348	4.59020e-05
1.11153e+05	1.15481e-02	8.60506e-02	3.76020	3.96076	4.59020e-05
1.11309e+05	1.15505e-02	8.37620e-02	0.33397	2.23961	4.59020e-05
1.11464e+05	1.15426e-02	1.04327e-01	3.94678	0.82267	4.59020e-05
1.11619e+05	1.15408e-02	1.00785e-01	2.05617	5.87899	4.59020e-05
1.11775e+05	1.15414e-02	8.09102e-02	1.49878	4.34846	4.59020e-05
1.11930e+05	1.15427e-02	9.11590e-02	2.09723	2.64710	4.59020e-05
1.12085e+05	1.15366e-02	1.06394e-01	3.29665	1.33009	4.59020e-05
1.12240e+05	1.15412e-02	9.19669e-02	5.65472	0.01562	4.59020e-05
1.12396e+05	1.15347e-02	8.11914e-02	3.25072	4.56525	4.59020e-05
1.12551e+05	1.15307e-02	1.01473e-01	1.74445	2.98462	4.59020e-05
1.12706e+05	1.15194e-02	1.04047e-01	0.85423	1.70902	4.59020e-05
1.12862e+05	1.15204e-02	8.30865e-02	1.17631	0.20027	4.59020e-05
1.13017e+05	1.15165e-02	9.06283e-02	2.85119	4.68650	4.59020e-05
1.13172e+05	1.15180e-02	1.07549e-01	5.24611	3.27602	4.59020e-05
1.13327e+05	1.15271e-02	9.24805e-02	2.43018	1.89827	4.59020e-05
1.13483e+05	1.15219e-02	8.13164e-02	1.02945	0.09377	4.59020e-05
1.13638e+05	1.15161e-02	1.02526e-01	0.50032	4.75382	4.59020e-05
1.13793e+05	1.15133e-02	1.02205e-01	0.70171	3.41383	4.59020e-05
1.13949e+05	1.15151e-02	8.15913e-02	2.37775	1.73755	4.59020e-05
1.14104e+05	1.15089e-02	9.62460e-02	5.30269	6.17283	4.59020e-05
1.14259e+05	1.15074e-02	1.06094e-01	2.52286	4.75680	4.59020e-05
1.14414e+05	1.15118e-02	8.52650e-02	0.78783	3.22409	4.59020e-05
1.14570e+05	1.15003e-02	8.84873e-02	0.55592	1.30744	4.59020e-05
1.14725e+05	1.15038e-02	1.07092e-01	1.17987	6.07613	4.59020e-05
1.14880e+05	1.15088e-02	9.16874e-02	2.58392	4.61676	4.59020e-05
1.15036e+05	1.14980e-02	8.33659e-02	5.40375	2.68197	4.59020e-05
1.15191e+05	1.15064e-02	1.04622e-01	2.87254	1.03303	4.59020e-05
1.15346e+05	1.14949e-02	9.69106e-02	1.24002	5.86950	4.59020e-05
1.15501e+05	1.15037e-02	8.09033e-02	1.04069	3.96021	4.59020e-05
1.15657e+05	1.14925e-02	1.03431e-01	1.64188	2.20472	4.59020e-05
1.15812e+05	1.14999e-02	9.91525e-02	3.14011	0.75230	4.59020e-05
1.15967e+05	1.14866e-02	8.09287e-02	5.94787	5.17650	4.59020e-05
1.16123e+05	1.14940e-02	1.00394e-01	3.61174	3.32783	4.59020e-05
1.16278e+05	1.14869e-02	1.01882e-01	1.96045	1.85112	4.59020e-05
1.16433e+05	1.14816e-02	8.16051e-02	1.67072	6.27645	4.59020e-05
1.16588e+05	1.14869e-02	9.99917e-02	2.42478	4.34601	4.59020e-05
1.16744e+05	1.14820e-02	1.02362e-01	3.93224	2.83215	4.59020e-05
1.16899e+05	1.14778e-02	8.09495e-02	0.36312	0.98008	4.59020e-05
1.17054e+05	1.14827e-02	9.83286e-02	4.33352	5.30610	4.59020e-05
1.17210e+05	1.14747e-02	1.02868e-01	2.61705	3.77545	4.59020e-05
1.17365e+05	1.14734e-02	8.14502e-02	2.26234	1.88593	4.59020e-05
1.17520e+05	1.14755e-02	1.00267e-01	2.96588	6.16755	4.59020e-05
1.17675e+05	1.14759e-02	1.01542e-01	4.30219	4.59708	4.59020e-05
1.17831e+05	1.14659e-02	8.10632e-02	0.76309	2.63208	4.59020e-05
1.17986e+05	1.14623e-02	1.01876e-01	4.49079	0.65672	4.59020e-05
1.18141e+05	1.14652e-02	9.92430e-02	2.55868	5.35938	4.59020e-05
1.18297e+05	1.14605e-02	8.17547e-02	1.94491	3.31475	4.59020e-05
1.18452e+05	1.14692e-02	1.03634e-01	2.53063	1.37099	4.59020e-05
1.18607e+05	1.14695e-02	9.58262e-02	3.47906	6.01547	4.59020e-05
1.18762e+05	1.14651e-02	8.28670e-02	6.18193	3.85503	4.59020e-05
1.18918e+05	1.14648e-02	1.05417e-01	3.02311	1.97831	4.59020e-05
1.19073e+05	1.14630e-02	8.98679e-02	0.77934	0.26282	4.59020e-05
1.19228e+05	1.14590e-02	8.72161e-02	0.04547	4.30397	4.59020e-05
1.19384e+05	1.14614e-02	1.05974e-01	5.91364	2.52058	4.59020e-05
1.19539e+05	1.14609e-02	8.43116e-02	0.54906	0.67568	4.59020e-05
1.19694e+05	1.14573e-02	9.40465e-02	2.44234	4.70706	4.59020e-05
1.19849e+05	1.14567e-02	1.03300e-01	4.91801	2.97212	4.59020e-05
1.20005e+05	1.14543e-02	8.04189e-02	2.27542	0.91977	4.59020e-05
1.20160e+05	1.14537e-02	1.00903e-01	0.67041	5.02980	4.59020e-05
1.20315e+05	1.14452e-02	9.73755e-02	5.83064	3.28603	4.59020e-05
1.20471e+05	1.14377e-02	8.28876e-02	6.14029	1.03932	4.59020e-05
1.20626e+05	1.14398e-02	1.05869e-01	0.66987	5.32057	4.59020e-05
1.20781e+05	1.14336e-02	8.98290e-02	2.24679	3.47624	4.59020e-05
1.20936e+05	1.14466e-02	8.99769e-02	5.16427	1.11641	4.59020e-05
1.21092e+05	1.14431e-02	1.04609e-01	2.23648	5.54952	4.59020e-05
1.21247e+05	1.14317e-02	8.18278e-02	0.17592	3.45972	4.59020e-05
1.21402e+05	1.14269e-02	1.00786e-01	5.43107	1.18855	4.59020e-05
1.21558e+05	1.14316e-02	9.67493e-02	4.83658	5.65469	4.59020e-05
1.21713e+05	1.14386e-02	8.27347e-02	5.52260	3.28700	4.59020e-05
1.21868e+05	1.14237e-02	1.06547e-01	0.42344	1.25175	4.59020e-05
1.22023e+05	1.14193e-02	8.58367e-02	2.30905	5.52199	4.59020e-05
1.22179e+05	1.14347e-02	9.57289e-02	5.35528	3.07312	4.59020e-05
1.22334e+05	1.14262e-02	1.00808e-01	2.36284	1.16387	4.59020e-05
1.22489e+05	1.14155e-02	8.25440e-02	0.54056	5.06169	4.59020e-05
1.22645e+05	1.14267e-02	1.05536e-01	5.58285	2.88495	4.59020e-05
1.22800e+05	1.14164e-02	8.63865e-02	4.68771	0.83416	4.59020e-05
1.22955e+05	1.14106e-02	9.58647e-02	5.10248	4.59929	4.59020e-05
1.23110e+05	1.14187e-02	9.98947e-02	5.45341	2.64262	4.59020e-05
1.23266e+05	1.14117e-02	8.25272e-02	0.70330	0.17041	4.59020e-05
1.23421e+05	1.14161e-02	1.05756e-01	2.70690	4.24932	4.59020e-05
1.23576e+05	1.14100e-02	8.38495e-02	5.14025	2.06526	4.59020e-05
1.23732e+05	1.14036e-02	1.00692e-01	2.33194	5.78989	4.59020e-05
1.23887e+05	1.14109e-02	9.52835e-02	5.65726	3.75022	4.59020e-05
1.24042e+05	1.14006e-02	8.82225e-02	4.01935	1.11088	4.59020e-05
1.24197e+05	1.14082e-02	1.04287e-01	2.36379	5.26172	4.59020e-05
1.24353e+05	1.13965e-02	8.12591e-02	1.39156	2.82358	4.59020e-05
1.24508e+05	1.14089e-02	1.04619e-01	0.96345	0.39853	4.59020e-05
1.24663e+05	1.13975e-02	8.59319e-02	0.64519	4.46939	4.59020e-05
1.24819e+05	1.14071e-02	9.69149e-02	1.31941	1.78049	4.59020e-05
1.24974e+05	1.13901e-02	9.59335e-02	1.84279	5.93230	4.59020e-05
1.25129e+05	1.14028e-02	8.75102e-02	3.16974	3.18157	4.59020e-05
1.25284e+05	1.13936e-02	1.02877e-01	4.46727	0.96913	4.59020e-05
1.25440e+05	1.13989e-02	8.06823e-02	0.04383	4.64744	4.59020e-05
1.25595e+05	1.13903e-02	1.05592e-01	2.12883	2.22126	4.59020e-05
1.25750e+05	1.13900e-02	8.17002e-02	4.52054	6.10015	4.59020e-05
1.25906e+05	1.13820e-02	1.03161e-01	0.97418	3.43852	4.59020e-05
1.26061e+05	1.13830e-02	8.80598e-02	3.59875	1.16631	4.59020e-05
1.26216e+05	1.13914e-02	9.57874e-02	0.65207	4.61699	4.59020e-05
1.26371e+05	1.13744e-02	9.54799e-02	3.44867	2.36774	4.59020e-05
1.26527e+05	1.13846e-02	8.93609e-02	0.80135	5.77198	4.59020e-05
1.26682e+05	1.13766e-02	1.01054e-01	4.00671	3.45225	4.59020e-05
1.26837e+05	1.13792e-02	8.47664e-02	1.45029	0.61795	4.59020e-05
1.26993e+05	1.13698e-02	1.04711e-01	4.90494	4.45534	4.59020e-05
1.27148e+05	1.13751e-02	8.13932e-02	2.15615	1.68993	4.59020e-05
1.27303e+05	1.13832e-02	1.04698e-01	5.52544	5.38268	4.59020e-05
1.27458e+05	1.13697e-02	8.08079e-02	2.82278	2.69851	4.59020e-05
1.27614e+05	1.13785e-02	1.04401e-01	6.08122	6.25983	4.59020e-05
1.27769e+05	1.13617e-02	8.17282e-02	2.86977	3.63380	4.59020e-05
1.27924e+05	1.13705e-02	1.04088e-01	5.96593	0.78485	4.59020e-05
1.28080e+05	1.13595e-02	8.34507e-02	2.29073	4.45655	4.59020e-05
1.28235e+05	1.13620e-02	1.03959e-01	5.02465	1.50644	4.59020e-05
1.28390e+05	1.13625e-02	8.35902e-02	0.83090	5.16961	4.59020e-05
1.28545e+05	1.13565e-02	1.03833e-01	2.89426	2.15194	4.59020e-05
1.28701e+05	1.13653e-02	8.33161e-02	4.11829	5.77831	4.59020e-05
1.28856e+05	1.13556e-02	1.03588e-01	5.28209	2.72482	4.59020e-05
1.29011e+05	1.13634e-02	8.28715e-02	5.81941	0.02420	4.59020e-05
1.29167e+05	1.13536e-02	1.03670e-01	5.90640	3.22493	4.59020e-05
1.29322e+05	1.13623e-02	8.20336e-02	5.19473	0.46744	4.59020e-05
1.29477e+05	1.13486e-02	1.04359e-01	4.18214	3.67322	4.59020e-05
1.29632e+05	1.13515e-02	8.15796e-02	2.14953	0.83945	4.59020e-05
1.29788e+05	1.13446e-02	1.05323e-01	5.96265	4.04844	4.59020e-05
1.29943e+05	1.13468e-02	8.07161e-02	2.54609	1.08339	4.59020e-05
1.30098e+05	1.13480e-02	1.04748e-01	4.78433	4.33856	4.59020e-05
1.30254e+05	1.13353e-02	8.17955e-02	5.97501	1.22897	4.59020e-05
1.30409e+05	1.13437e-02	1.03586e-01	6.21876	4.54811	4.59020e-05
1.30564e+05	1.13336e-02	8.47144e-02	5.67009	1.27450	4.59020e-05
1.30719e+05	1.13320e-02	1.00701e-01	3.85556	4.65973	4.59020e-05
1.30875e+05	1.13398e-02	8.95460e-02	1.20211	1.23733	4.59020e-05
1.31030e+05	1.13374e-02	9.40025e-02	3.19107	4.65481	4.59020e-05
1.31185e+05	1.13320e-02	9.66246e-02	4.48216	1.18023	4.59020e-05
1.31341e+05	1.13305e-02	8.64557e-02	4.18947	4.52966	4.59020e-05
1.31496e+05	1.13389e-02	1.01737e-01	2.77828	1.07976	4.59020e-05
1.31651e+05	1.13340e-02	8.04169e-02	5.96733	4.22660	4.59020e-05
1.31806e+05	1.13219e-02	1.05418e-01	1.52780	0.90174	4.59020e-05
1.31962e+05	1.13189e-02	8.32394e-02	1.93511	3.75609	4.59020e-05
1.32117e+05	1.13237e-02	9.97390e-02	0.64372	0.61865	4.59020e-05
1.32272e+05	1.13214e-02	9.30198e-02	4.19063	3.25637	4.59020e-05
1.32428e+05	1.13160e-02	8.91435e-02	5.41455	0.14959	4.59020e-05
1.32583e+05	1.13132e-02	1.03504e-01	5.45133	2.77713	4.59020e-05
1.32738e+05	1.13171e-02	8.07047e-02	3.10116	5.69529	4.59020e-05
1.32893e+05	1.13096e-02	1.03569e-01	5.30217	2.27031	4.59020e-05
1.33049e+05	1.13134e-02	8.84727e-02	5.70881	4.83012	4.59020e-05
1.33204e+05	1.13107e-02	9.15126e-02	3.39908	1.58358	4.59020e-05
1.33359e+05	1.13168e-02	1.01384e-01	5.64462	4.05831	4.59020e-05
1.33515e+05	1.13097e-02	8.04932e-02	5.40981	0.55884	4.59020e-05
1.33670e+05	1.13053e-02	1.02433e-01	2.77594	3.29453	4.59020e-05
1.33825e+05	1.13133e-02	9.15111e-02	4.33419	5.67221	4.59020e-05
1.33980e+05	1.13026e-02	8.64950e-02	2.90219	2.25287	4.59020e-05
1.34136e+05	1.13028e-02	1.04639e-01	5.45894	4.65803	4.59020e-05
1.34291e+05	1.13026e-02	8.44660e-02	5.28950	0.79660	4.59020e-05
1.34446e+05	1.13044e-02	9.27984e-02	1.93805	3.53187	4.59020e-05
1.34602e+05	1.12981e-02	1.02760e-01	2.42531	5.75607	4.59020e-05
1.34757e+05	1.13085e-02	8.01985e-02	5.81163	1.95074	4.59020e-05
1.34912e+05	1.13015e-02	9.73792e-02	6.03120	4.52828	4.59020e-05
1.35067e+05	1.12977e-02	1.00035e-01	3.48745	0.35636	4.59020e-05
1.35223e+05	1.12939e-02	7.98393e-02	3.59436	2.79178	4.59020e-05
1.35378e+05	1.12901e-02	9.90998e-02	0.25144	5.21959	4.59020e-05
1.35533e+05	1.12884e-02	9.99511e-02	6.16989	0.94421	4.59020e-05
1.35689e+05	1.12848e-02	8.07281e-02	1.81289	3.27297	4.59020e-05
1.35844e+05	1.12852e-02	9.70077e-02	6.18482	5.61680	4.59020e-05
1.35999e+05	1.12906e-02	1.01377e-01	0.82543	1.26956	4.59020e-05
1.36154e+05	1.12864e-02	8.20474e-02	3.93971	3.39545	4.59020e-05
1.36310e+05	1.12830e-02	9.05730e-02	2.77555	5.70714	4.59020e-05
1.36465e+05	1.12878e-02	1.04004e-01	4.00180	1.30920	4.59020e-05
1.36620e+05	1.12791e-02	9.01441e-02	0.86728	3.16618	4.59020e-05
1.36776e+05	1.12795e-02	8.16240e-02	5.58080	5.35788	4.59020e-05
1.36931e+05	1.12819e-02	9.94404e-02	5.90606	1.03779	4.59020e-05
1.37086e+05	1.12806e-02	1.00816e-01	1.73288	2.72164	4.59020e-05
1.37241e+05	1.12830e-02	8.25255e-02	5.12304	4.56909	4.59020e-05
1.37397e+05	1.12800e-02	8.46789e-02	3.52357	0.33944	4.59020e-05
1.37552e+05	1.12792e-02	1.01242e-01	3.33215	2.05793	4.59020e-05
1.37707e+05	1.12681e-02	9.94660e-02	4.48858	3.60291	4.59020e-05
1.37863e+05	1.12715e-02	8.21315e-02	0.11809	5.31240	4.59020e-05
1.38018e+05	1.12733e-02	8.38448e-02	2.66665	0.89697	4.59020e-05
1.38173e+05	1.12646e-02	1.00335e-01	6.13200	2.48123	4.59020e-05
1.38328e+05	1.12656e-02	1.02055e-01	4.09357	3.86091	4.59020e-05
1.38484e+05	1.12734e-02	8.73456e-02	2.44402	5.30568	4.59020e-05
1.38639e+05	1.12672e-02	7.94364e-02	0.72235	0.66589	4.59020e-05
1.38794e+05	1.12690e-02	9.02693e-02	5.59445	2.21368	4.59020e-05
1.38950e+05	1.12667e-02	1.02188e-01	4.40402	3.50119	4.59020e-05
1.39105e+05	1.12528e-02	1.00678e-01	3.01764	4.68285	4.59020e-05
1.39260e+05	1.12646e-02	8.70314e-02	1.36930	5.92551	4.59020e-05
1.39415e+05	1.12534e-02	7.96426e-02	5.33440	1.02139	4.59020e-05
1.39571e+05	1.12647e-02	8.53773e-02	2.29975	2.36082	4.59020e-05
1.39726e+05	1.12619e-02	9.74561e-02	5.07839	3.47806	4.59020e-05
1.39881e+05	1.12593e-02	1.02507e-01	0.74360	4.44474	4.59020e-05
1.40037e+05	1.12580e-02	9.71438e-02	1.66475	5.37958	4.59020e-05
1.40192e+05	1.12471e-02	8.76922e-02	1.20171	0.05421	4.59020e-05
1.40347e+05	1.12464e-02	7.99683e-02	5.39432	1.08738	4.59020e-05
1.40502e+05	1.12471e-02	8.13246e-02	1.73510	2.11756	4.59020e-05
1.40658e+05	1.12555e-02	8.87632e-02	2.59798	3.00789	4.59020e-05
1.40813e+05	1.12488e-02	9.77377e-02	1.77358	3.73740	4.59020e-05
1.40968e+05	1.12500e-02	1.01251e-01	5.15251	4.38560	4.59020e-05
1.41124e+05	1.12497e-02	1.00743e-01	6.18666	4.97405	4.59020e-05
1.41279e+05	1.12367e-02	9.73213e-02	4.81152	5.50889	4.59020e-05
1.41434e+05	1.12470e-02	8.97477e-02	0.67040	6.01348	4.59020e-05
1.41589e+05	1.12435e-02	8.43224e-02	6.10703	0.23694	4.59020e-05
1.41745e+05	1.12424e-02	8.03811e-02	2.36470	0.70545	4.59020e-05
1.41900e+05	1.12444e-02	7.82472e-02	1.58874	1.12960	4.59020e-05
1.42055e+05	1.12298e-02	7.94441e-02	3.68367	1.48738	4.59020e-05
1.42211e+05	1.12406e-02	8.00386e-02	2.14849	1.76898	4.59020e-05
1.42366e+05	1.12263e-02	8.27966e-02	3.03288	1.98970	4.59020e-05
1.42521e+05	1.12318e-02	8.41650e-02	0.01137	2.10773	4.59020e-05
1.42676e+05	1.12301e-02	8.55320e-02	5.14317	2.16934	4.59020e-05
1.42832e+05	1.12354e-02	8.59612e-02	5.90678	2.18242	4.59020e-05
1.42987e+05	1.12265e-02	8.71978e-02	1.95695	2.14692	4.59020e-05
1.43142e+05	1.12262e-02	8.73531e-02	5.64345	2.01367	4.59020e-05
1.43298e+05	1.12217e-02	8.62002e-02	4.38727	1.81932	4.59020e-05
1.43453e+05	1.12255e-02	8.48970e-02	4.13899	1.56472	4.59020e-05
1.43608e+05	1.12281e-02	8.25129e-02	4.48849	1.20114	4.59020e-05
1.43763e+05	1.12290e-02	7.94121e-02	5.52701	0.74204	4.59020e-05
1.43919e+05	1.12248e-02	7.74084e-02	0.57133	0.20741	4.59020e-05
1.44074e+05	1.12278e-02	7.67133e-02	1.96600	5.87851	4.59020e-05
1.44229e+05	1.12182e-02	7.93048e-02	3.12440	5.19180	4.59020e-05
1.44385e+05	1.12137e-02	8.49922e-02	3.93273	4.43434	4.59020e-05
1.44540e+05	1.12124e-02	9.15457e-02	4.02976	3.62987	4.59020e-05
1.44695e+05	1.12128e-02	9.71175e-02	3.24205	2.77622	4.59020e-05
1.44850e+05	1.12169e-02	9.87368e-02	1.33012	1.87904	4.59020e-05
1.45006e+05	1.12197e-02	9.46715e-02	4.15145	0.90436	4.59020e-05
1.45161e+05	1.12172e-02	8.52342e-02	5.43789	6.07713	4.59020e-05
1.45316e+05	1.12100e-02	7.69446e-02	4.77024	4.75665	4.59020e-05
1.45472e+05	1.12141e-02	7.97323e-02	2.21104	3.27600	4.59020e-05
1.45627e+05	1.12136e-02	9.21606e-02	3.41576	1.81345	4.59020e-05
1.45782e+05	1.12071e-02	9.91305e-02	1.51006	0.41046	4.59020e-05
1.45937e+05	1.12126e-02	9.05687e-02	2.98051	5.26538	4.59020e-05
1.46093e+05	1.12094e-02	7.73671e-02	1.23561	3.56143	4.59020e-05
1.46248e+05	1.12078e-02	8.11122e-02	2.62826	1.60156	4.59020e-05
1.46403e+05	1.11976e-02	9.70329e-02	6.23975	6.08006	4.59020e-05
1.46559e+05	1.11981e-02	9.49358e-02	5.51559	4.32934	4.59020e-05
1.46714e+05	1.12016e-02	7.78162e-02	0.85569	2.26732	4.59020e-05
1.46869e+05	1.11963e-02	8.45690e-02	4.20002	6.19095	4.59020e-05
1.47024e+05	1.12000e-02	9.86621e-02	2.31119	4.09304	4.59020e-05
1.47180e+05	1.11955e-02	8.45048e-02	1.67055	1.86833	4.59020e-05
1.47335e+05	1.12027e-02	7.97216e-02	2.00562	5.41489	4.59020e-05
1.47490e+05	1.12041e-02	9.73216e-02	2.62856	2.95157	4.59020e-05
1.47646e+05	1.11935e-02	8.18953e-02	3.20816	0.41993	4.59020e-05
1.47801e+05	1.11966e-02	8.46822e-02	4.17654	3.63135	4.59020e-05
1.47956e+05	1.11932e-02	9.56019e-02	4.20470	0.92627	4.59020e-05
1.48111e+05	1.11956e-02	7.47270e-02	3.90532	4.08461	4.59020e-05
1.48267e+05	1.11888e-02	9.64985e-02	2.32399	0.90205	4.59020e-05
1.48422e+05	1.11949e-02	7.78172e-02	5.58720	4.07945	4.59020e-05
1.48577e+05	1.11886e-02	9.17005e-02	1.28013	0.46926	4.59020e-05
1.48733e+05	1.11990e-02	8.14875e-02	0.61944	3.50357	4.59020e-05
1.48888e+05	1.11866e-02	8.93647e-02	4.59851	5.89821	4.59020e-05
1.49043e+05	1.11871e-02	8.24466e-02	5.34784	2.43310	4.59020e-05
1.49198e+05	1.11871e-02	9.10970e-02	3.67970	4.60662	4.59020e-05
1.49354e+05	1.11811e-02	7.89671e-02	4.38589	0.87239	4.59020e-05
1.49509e+05	1.11942e-02	9.40463e-02	1.95431	2.88676	4.59020e-05
1.49664e+05	1.11837e-02	7.39314e-02	1.69673	4.99823	4.59020e-05
1.49820e+05	1.11891e-02	9.30141e-02	3.25636	0.70640	4.59020e-05
1.49975e+05	1.11809e-02	8.21391e-02	0.48301	2.28367	4.59020e-05
1.50130e+05	1.11794e-02	7.86457e-02	4.86692	4.19850	4.59020e-05
1.50285e+05	1.11767e-02	9.47286e-02	4.33456	5.57193	4.59020e-05
1.50441e+05	1.11781e-02	7.88753e-02	4.46314	0.52968	4.59020e-05
1.50596e+05	1.11858e-02	7.64463e-02	4.35322	2.01527	4.59020e-05
1.50751e+05	1.11784e-02	9.32758e-02	4.60054	3.04760	4.59020e-05
1.50907e+05	1.11852e-02	8.67707e-02	4.46124	3.82880	4.59020e-05
1.51062e+05	1.11804e-02	7.24437e-02	3.36779	4.72840	4.59020e-05
1.51217e+05	1.11744e-02	7.87696e-02	1.04211	5.58814	4.59020e-05
1.51372e+05	1.11805e-02	9.02450e-02	3.64497	6.07382	4.59020e-05
1.51528e+05	1.11721e-02	9.22580e-02	4.54421	0.01710	4.59020e-05
1.51683e+05	1.11825e-02	8.31198e-02	3.21445	0.13633	4.59020e-05
1.51838e+05	1.11736e-02	7.44361e-02	5.40930	0.20938	4.59020e-05
1.51994e+05	1.11789e-02	7.02059e-02	4.83154	0.20757	4.59020e-05
1.52149e+05	1.11765e-02	7.13363e-02	0.73540	0.04780	4.59020e-05
1.52304e+05	1.11674e-02	7.61427e-02	5.65764	5.97502	4.59020e-05
1.52459e+05	1.11676e-02	7.89313e-02	0.19215	5.42271	4.59020e-05
1.52615e+05	1.11678e-02	8.04923e-02	3.00251	4.69175	4.59020e-05
1.52770e+05	1.11681e-02	7.99707e-02	1.11429	3.78295	4.59020e-05
1.52925e+05	1.11639e-02	7.83935e-02	0.25771	2.69798	4.59020e-05
1.53081e+05	1.11724e-02	7.39653e-02	0.24055	1.42141	4.59020e-05
1.53236e+05	1.11685e-02	7.03143e-02	0.58846	6.23319	4.59020e-05
1.53391e+05	1.11738e-02	6.76067e-02	0.98298	4.53824	4.59020e-05
1.53546e+05	1.11670e-02	7.19289e-02	1.10320	2.66192	4.59020e-05
1.53702e+05	1.11622e-02	8.15817e-02	0.30920	0.69584	4.59020e-05
1.53857e+05	1.11741e-02	8.75948e-02	4.46466	4.94721	4.59020e-05
1.54012e+05	1.11632e-02	8.48603e-02	0.84852	2.77642	4.59020e-05
1.54168e+05	1.11599e-02	7.07624e-02	1.80453	0.27503	4.59020e-05
1.54323e+05	1.11687e-02	6.97644e-02	0.70610	3.63430	4.59020e-05
1.54478e+05	1.11602e-02	8.66449e-02	2.88769	0.80700	4.59020e-05
1.54633e+05	1.11603e-02	7.98816e-02	1.92108	4.24095	4.59020e-05
1.54789e+05	1.11681e-02	6.58492e-02	4.13601	0.81269	4.59020e-05
1.54944e+05	1.11603e-02	8.54705e-02	2.40124	3.64651	4.59020e-05
1.55099e+05	1.11568e-02	7.29795e-02	2.42206	0.22259	4.59020e-05
1.55255e+05	1.11621e-02	7.37956e-02	4.80392	2.37724	4.59020e-05
