# t	a	e	mean_anomaly	varpi	mass/M_star
1.24228e+02	4.68132e-02	3.00459e-02	3.89467	2.63574	3.47100e-05
2.79514e+02	4.67932e-02	2.89748e-02	4.13206	5.85530	3.47100e-05
4.34800e+02	4.67516e-02	2.72815e-02	4.28278	5.38531	3.47100e-05
5.90085e+02	4.67315e-02	2.76305e-02	3.78367	1.46547	3.47100e-05
7.45371e+02	4.67186e-02	2.56183e-02	2.98248	0.23007	3.47100e-05
9.00656e+02	4.66992e-02	2.49641e-02	1.43449	1.71708	3.47100e-05
1.05594e+03	4.66672e-02	2.45359e-02	0.82162	5.30085	3.47100e-05
1.21123e+03	4.66816e-02	2.41391e-02	0.44564	4.78909	3.47100e-05
1.36651e+03	4.66029e-02	2.20135e-02	0.43432	0.02930	3.47100e-05
1.52180e+03	4.65824e-02	2.18163e-02	0.95060	3.40247	3.47100e-05
1.67708e+03	4.65665e-02	2.12015e-02	1.79799	2.52115	3.47100e-05
1.83237e+03	4.65496e-02	2.11810e-02	3.03801	3.48557	3.47100e-05
1.98766e+03	4.65351e-02	2.00368e-02	4.64075	0.21233	3.47100e-05
2.14294e+03	4.65067e-02	1.96587e-02	0.38240	5.08746	3.47100e-05
2.29823e+03	4.64894e-02	1.90380e-02	3.22719	5.30211	3.47100e-05
2.45351e+03	4.64578e-02	1.85394e-02	0.85747	0.73902	3.47100e-05
2.60880e+03	4.64225e-02	1.67160e-02	5.27419	4.37009	3.47100e-05
2.76408e+03	4.64355e-02	1.69659e-02	4.02613	3.47430	3.47100e-05
2.91937e+03	4.63806e-02	1.73807e-02	3.17238	4.64448	3.47100e-05
3.07465e+03	4.63681e-02	1.58922e-02	3.13683	1.17988	3.47100e-05
3.22994e+03	4.63574e-02	1.63844e-02	3.38651	6.21267	3.47100e-05
3.38523e+03	4.63469e-02	1.65649e-02	4.01811	0.69580	3.47100e-05
3.54051e+03	4.63129e-02	1.54522e-02	4.90873	3.63982	3.47100e-05
3.69580e+03	4.62761e-02	1.37241e-02	5.85673	2.65583	3.47100e-05
3.85108e+03	4.62706e-02	1.49537e-02	0.50243	4.08231	3.47100e-05
4.00637e+03	4.62423e-02	1.57561e-02	1.47661	1.62086	3.47100e-05
4.16165e+03	4.62370e-02	1.33517e-02	2.15082	1.85385	3.47100e-05
4.31694e+03	4.61970e-02	1.43078e-02	2.59694	4.73999	3.47100e-05
4.47222e+03	4.61539e-02	1.46950e-02	2.12672	4.49683	3.47100e-05
4.62751e+03	4.61618e-02	1.39358e-02	5.46563	2.22566	3.47100e-05
4.78280e+03	4.61401e-02	1.40584e-02	2.57776	2.60233	3.47100e-05
4.93808e+03	4.61196e-02	1.50730e-02	5.58844	5.79854	3.47100e-05
5.09337e+03	4.60976e-02	1.29371e-02	1.17679	0.01812	3.47100e-05
5.24865e+03	4.60623e-02	1.37058e-02	2.74096	3.29835	3.47100e-05
5.40394e+03	4.60329e-02	1.25783e-02	3.42337	3.56519	3.47100e-05
5.55922e+03	4.60150e-02	1.45512e-02	3.34644	0.77949	3.47100e-05
5.71451e+03	4.60005e-02	1.11867e-02	2.52040	1.51757	3.47100e-05
5.86979e+03	4.59640e-02	1.14682e-02	4.98574	0.59104	3.47100e-05
6.02508e+03	4.59531e-02	1.12909e-02	0.88418	2.81293	3.47100e-05
6.18037e+03	4.59111e-02	1.09159e-02	2.43305	4.77203	3.47100e-05
6.33565e+03	4.58290e-02	6.96356e-03	5.16291	3.24850	3.47100e-05
6.49094e+03	4.58486e-02	1.38533e-02	2.29602	1.91287	3.47100e-05
6.64622e+03	4.58185e-02	7.77159e-03	4.81794	4.50717	3.47100e-05
6.80151e+03	4.57420e-02	1.34238e-02	3.27348	5.06969	3.47100e-05
6.95679e+03	4.57947e-02	1.06147e-02	1.57120	5.19756	3.47100e-05
7.11208e+03	4.57830e-02	3.49946e-03	0.25238	6.10764	3.47100e-05
7.26736e+03	4.57373e-02	1.43230e-02	5.98830	2.25132	3.47100e-05
7.42265e+03	4.57099e-02	8.06635e-03	1.59238	4.71616	3.47100e-05
7.57794e+03	4.57480e-02	1.36618e-02	3.38155	2.83100	3.47100e-05
7.73322e+03	4.57214e-02	1.32993e-02	5.37863	2.81411	3.47100e-05
7.88851e+03	4.56929e-02	1.96488e-02	2.20458	5.23707	3.47100e-05
8.04379e+03	4.56397e-02	1.43311e-02	1.98260	5.81089	3.47100e-05
8.19908e+03	4.56813e-02	1.69106e-02	5.59972	4.73266	3.47100e-05
8.35436e+03	4.56430e-02	1.63235e-02	4.00874	4.13088	3.47100e-05
8.50965e+03	4.56603e-02	2.28583e-02	4.77694	3.87422	3.47100e-05
8.66493e+03	4.55888e-02	1.67512e-02	4.11239	1.67673	3.47100e-05
8.82022e+03	4.55797e-02	2.45468e-02	3.76141	1.07183	3.47100e-05
8.97551e+03	4.55715e-02	1.57307e-02	3.27067	3.33701	3.47100e-05
9.13079e+03	4.55698e-02	1.81682e-02	3.65966	2.90682	3.47100e-05
9.28608e+03	4.55718e-02	1.86471e-02	5.20595	2.23503	3.47100e-05
9.44136e+03	4.55581e-02	2.05754e-02	5.81188	3.46694	3.47100e-05
9.59665e+03	4.54871e-02	1.70599e-02	1.01538	2.39622	3.47100e-05
9.75193e+03	4.55170e-02	1.37915e-02	2.01702	0.38094	3.47100e-05
9.90722e+03	4.54556e-02	1.45429e-02	0.31216	0.35965	3.47100e-05
1.00625e+04	4.54754e-02	3.05584e-02	2.01217	4.44261	3.47100e-05
1.02178e+04	4.54431e-02	2.43672e-02	4.38932	5.03370	3.47100e-05
1.03731e+04	4.54260e-02	1.82481e-02	2.00353	0.45678	3.47100e-05
1.05284e+04	4.54266e-02	2.96396e-02	5.31224	5.72156	3.47100e-05
1.06836e+04	4.54208e-02	2.60517e-02	6.07504	5.92104	3.47100e-05
1.08389e+04	4.53913e-02	2.86929e-02	3.65825	5.19516	3.47100e-05
1.09942e+04	4.54047e-02	2.31508e-02	2.37743	1.19105	3.47100e-05
1.11495e+04	4.53867e-02	2.39882e-02	2.29685	5.37959	3.47100e-05
1.13048e+04	4.53340e-02	1.71733e-02	3.90314	5.86130	3.47100e-05
1.14601e+04	4.53378e-02	3.56424e-02	3.97222	4.50871	3.47100e-05
1.16154e+04	4.53192e-02	3.37906e-02	4.86635	5.97361	3.47100e-05
1.17706e+04	4.52596e-02	1.69611e-02	0.27931	5.12199	3.47100e-05
1.19259e+04	4.52454e-02	2.95278e-02	1.80941	0.42046	3.47100e-05
1.20812e+04	4.52500e-02	3.23971e-02	4.18954	4.06404	3.47100e-05
1.22365e+04	4.52580e-02	2.63260e-02	4.56906	0.42708	3.47100e-05
1.23918e+04	4.52908e-02	3.47923e-02	0.83208	4.22546	3.47100e-05
1.25471e+04	4.52758e-02	3.65362e-02	0.63283	1.62494	3.47100e-05
1.27024e+04	4.51547e-02	4.50364e-02	0.51534	2.42045	3.47100e-05
1.28576e+04	4.51542e-02	2.00624e-02	1.36450	6.02351	3.47100e-05
1.30129e+04	4.52227e-02	2.19423e-02	3.49864	5.85463	3.47100e-05
1.31682e+04	4.51209e-02	2.30746e-02	5.81706	1.96565	3.47100e-05
1.33235e+04	4.52012e-02	3.13615e-02	5.66516	4.28274	3.47100e-05
1.34788e+04	4.51410e-02	3.48021e-02	4.27363	0.02109	3.47100e-05
1.36341e+04	4.50828e-02	4.85942e-02	0.44934	1.87066	3.47100e-05
1.37894e+04	4.50933e-02	3.43821e-02	4.99769	2.16540	3.47100e-05
1.39446e+04	4.50813e-02	3.13747e-02	2.02348	4.24151	3.47100e-05
1.40999e+04	4.50394e-02	3.84542e-02	1.08771	0.55910	3.47100e-05
1.42552e+04	4.50564e-02	3.98181e-02	1.80480	5.23292	3.47100e-05
1.44105e+04	4.49983e-02	5.00902e-02	0.04375	1.24118	3.47100e-05
1.45658e+04	4.49810e-02	2.30944e-02	5.36334	1.75540	3.47100e-05
1.47211e+04	4.50072e-02	4.87961e-02	1.46088	4.39551	3.47100e-05
1.48764e+04	4.49735e-02	2.18058e-02	6.16581	2.02906	3.47100e-05
1.50316e+04	4.49371e-02	2.54168e-02	0.29030	2.23620	3.47100e-05
1.51869e+04	4.49067e-02	3.45341e-02	3.96434	0.63496	3.47100e-05
1.53422e+04	4.49615e-02	4.55940e-02	2.35304	3.23678	3.47100e-05
1.54975e+04	4.48310e-02	3.31127e-02	2.11051	5.06235	3.47100e-05
1.56528e+04	4.48721e-02	4.63422e-02	2.06369	4.86110	3.47100e-05
1.58081e+04	4.48741e-02	4.07251e-02	4.72693	5.54883	3.47100e-05
1.59634e+04	4.48531e-02	2.32696e-02	2.07987	2.05948	3.47100e-05
1.61186e+04	4.48024e-02	5.46377e-02	2.83137	2.52335	3.47100e-05
1.62739e+04	4.48926e-02	3.59331e-02	3.95373	1.45325	3.47100e-05
1.64292e+04	4.48600e-02	1.88164e-02	3.78381	0.28258	3.47100e-05
1.65845e+04	4.48088e-02	5.75837e-03	1.67702	2.25230	3.47100e-05
1.67398e+04	4.48077e-02	3.66026e-02	0.55696	6.25080	3.47100e-05
1.68951e+04	4.47791e-02	2.15078e-02	2.77157	1.38205	3.47100e-05
1.70504e+04	4.47700e-02	1.48189e-02	1.67431	1.94774	3.47100e-05
1.72056e+04	4.47571e-02	3.95865e-02	2.17358	3.45798	3.47100e-05
1.73609e+04	4.47616e-02	2.54189e-02	0.06436	4.74630	3.47100e-05
1.75162e+04	4.46895e-02	3.19401e-02	4.90998	3.76958	3.47100e-05
1.76715e+04	4.47470e-02	2.81430e-02	6.13145	4.17924	3.47100e-05
1.78268e+04	4.46837e-02	4.29005e-02	2.46744	0.80543	3.47100e-05
1.79821e+04	4.47136e-02	3.56632e-02	3.58484	3.56129	3.47100e-05
1.81374e+04	4.46930e-02	3.21352e-02	5.74531	2.41548	3.47100e-05
1.82926e+04	4.46108e-02	3.53091e-02	0.53858	5.22986	3.47100e-05
1.84479e+04	4.46737e-02	2.39603e-02	0.25779	0.55824	3.47100e-05
1.86032e+04	4.46058e-02	2.83002e-02	1.31363	4.00147	3.47100e-05
1.87585e+04	4.45914e-02	4.00934e-02	5.67013	1.64363	3.47100e-05
1.89138e+04	4.46111e-02	1.87070e-02	5.67792	0.68763	3.47100e-05
1.90691e+04	4.45400e-02	2.67210e-02	6.26412	2.10121	3.47100e-05
1.92244e+04	4.45500e-02	2.18795e-02	3.55257	4.57814	3.47100e-05
1.93796e+04	4.45199e-02	2.74259e-02	0.18359	4.37065	3.47100e-05
1.95349e+04	4.45300e-02	5.12180e-02	2.45557	1.99124	3.47100e-05
1.96902e+04	4.45368e-02	3.34219e-02	3.88850	4.31615	3.47100e-05
1.98455e+04	4.44877e-02	3.24321e-02	2.18987	0.71349	3.47100e-05
2.00008e+04	4.44893e-02	4.57604e-02	1.08492	6.22805	3.47100e-05
2.01561e+04	4.44836e-02	3.33320e-02	2.68714	6.12468	3.47100e-05
2.03114e+04	4.44761e-02	4.36271e-02	4.05149	3.79127	3.47100e-05
2.04666e+04	4.44148e-02	3.60145e-02	0.42734	3.57277	3.47100e-05
2.06219e+04	4.43886e-02	2.15177e-02	1.18911	2.55846	3.47100e-05
2.07772e+04	4.44601e-02	3.10324e-02	5.70568	1.37150	3.47100e-05
2.09325e+04	4.44048e-02	3.99103e-02	5.98393	2.93427	3.47100e-05
2.10878e+04	4.43650e-02	3.20980e-02	5.63839	0.75554	3.47100e-05
2.12431e+04	4.44021e-02	4.54461e-02	5.63203	3.86791	3.47100e-05
2.13984e+04	4.42718e-02	2.54650e-02	5.97419	1.60831	3.47100e-05
2.15536e+04	4.43186e-02	3.14281e-02	2.56674	4.83330	3.47100e-05
2.17089e+04	4.42830e-02	1.68652e-02	4.01540	5.12834	3.47100e-05
2.18642e+04	4.42606e-02	1.37107e-02	0.80007	0.74117	3.47100e-05
2.20195e+04	4.41849e-02	2.46273e-02	2.31049	5.07609	3.47100e-05
2.21748e+04	4.42277e-02	3.95488e-02	1.99929	4.69452	3.47100e-05
2.23301e+04	4.41931e-02	1.12374e-02	3.71017	5.55067	3.47100e-05
2.24853e+04	4.40870e-02	2.66698e-02	4.66682	3.68995	3.47100e-05
2.26406e+04	4.41438e-02	9.47910e-03	1.81932	2.79791	3.47100e-05
2.27959e+04	4.40391e-02	3.23382e-02	1.26424	4.93914	3.47100e-05
2.29512e+04	4.40726e-02	1.68140e-02	0.20421	5.58751	3.47100e-05
2.31065e+04	4.40149e-02	1.91979e-02	0.46656	1.87467	3.47100e-05
2.32618e+04	4.39986e-02	3.76049e-02	5.08996	0.75297	3.47100e-05
2.34171e+04	4.39191e-02	1.68338e-02	0.24648	0.23227	3.47100e-05
2.35723e+04	4.39195e-02	1.95483e-02	1.48624	3.23711	3.47100e-05
2.37276e+04	4.38851e-02	4.74301e-03	4.74512	1.89810	3.47100e-05
2.38829e+04	4.38719e-02	1.89704e-02	4.07576	5.55261	3.47100e-05
2.40382e+04	4.38718e-02	2.41979e-02	0.14769	3.85814	3.47100e-05
2.41935e+04	4.38666e-02	1.95722e-02	1.04625	5.45143	3.47100e-05
2.43488e+04	4.38154e-02	9.01590e-03	2.67475	4.78882	3.47100e-05
2.45041e+04	4.38257e-02	1.92477e-02	5.56963	1.07272	3.47100e-05
2.46593e+04	4.37594e-02	6.90306e-03	4.38508	2.36823	3.47100e-05
2.48146e+04	4.37806e-02	7.03139e-03	6.09922	0.50326	3.47100e-05
2.49699e+04	4.37039e-02	2.29542e-02	2.99824	5.20310	3.47100e-05
2.51252e+04	4.37014e-02	2.10712e-02	4.48112	2.62020	3.47100e-05
2.52805e+04	4.37319e-02	3.66966e-03	2.00505	5.65206	3.47100e-05
2.54358e+04	4.35910e-02	1.05588e-02	2.70641	0.52048	3.47100e-05
2.55911e+04	4.36082e-02	2.35607e-02	2.14684	0.53584	3.47100e-05
2.57463e+04	4.35116e-02	8.44608e-03	4.59733	4.09483	3.47100e-05
2.59016e+04	4.35739e-02	2.42393e-02	1.63005	0.85427	3.47100e-05
2.60569e+04	4.35379e-02	1.69001e-02	1.95438	5.48247	3.47100e-05
2.62122e+04	4.34773e-02	1.93229e-02	4.93070	3.98331	3.47100e-05
2.63675e+04	4.35342e-02	1.17782e-02	0.97074	3.99543	3.47100e-05
2.65228e+04	4.33910e-02	1.62065e-02	4.75574	5.74756	3.47100e-05
2.66781e+04	4.33620e-02	2.23241e-02	0.40512	2.36457	3.47100e-05
2.68333e+04	4.34689e-02	9.49247e-03	1.44354	3.26757	3.47100e-05
2.69886e+04	4.34334e-02	1.79344e-02	4.17846	5.25659	3.47100e-05
2.71439e+04	4.33692e-02	2.19957e-03	4.02718	4.39248	3.47100e-05
2.72992e+04	4.33564e-02	4.27259e-03	0.46115	4.94597	3.47100e-05
2.74545e+04	4.32396e-02	7.41754e-03	0.18710	1.50092	3.47100e-05
2.76098e+04	4.33101e-02	1.22586e-02	1.69894	2.32856	3.47100e-05
2.77651e+04	4.32377e-02	1.02509e-03	2.56688	1.96642	3.47100e-05
2.79203e+04	4.33147e-02	2.41982e-02	4.33877	5.30835	3.47100e-05
2.80756e+04	4.31780e-02	3.45325e-03	1.33038	4.19769	3.47100e-05
2.82309e+04	4.31944e-02	2.05395e-02	4.15864	0.81132	3.47100e-05
2.83862e+04	4.31746e-02	1.87587e-02	6.24945	3.40247	3.47100e-05
2.85415e+04	4.31587e-02	8.44154e-03	1.14459	2.63190	3.47100e-05
2.86968e+04	4.31375e-02	1.53423e-02	4.72530	4.21942	3.47100e-05
2.88521e+04	4.30476e-02	7.56228e-03	1.46147	5.10074	3.47100e-05
2.90073e+04	4.30646e-02	9.03972e-03	3.83464	2.23357	3.47100e-05
2.91626e+04	4.30063e-02	4.67282e-03	6.25345	3.12647	3.47100e-05
2.93179e+04	4.30169e-02	1.51023e-02	0.63636	3.09221	3.47100e-05
2.94732e+04	4.30114e-02	2.17171e-02	5.46735	5.24044	3.47100e-05
2.96285e+04	4.29495e-02	8.24157e-03	0.02229	4.84430	3.47100e-05
2.97838e+04	4.29610e-02	1.93281e-02	2.42716	0.12154	3.47100e-05
2.99391e+04	4.28799e-02	1.06729e-02	1.55884	2.73054	3.47100e-05
3.00943e+04	4.28841e-02	6.90094e-03	3.65682	3.12818	3.47100e-05
3.02496e+04	4.28719e-02	1.38135e-03	4.42617	4.90962	3.47100e-05
3.04049e+04	4.28519e-02	1.26275e-02	2.82513	4.78902	3.47100e-05
3.05602e+04	4.28313e-02	9.36741e-03	3.09662	5.64545	3.47100e-05
3.07155e+04	4.28346e-02	1.53196e-02	5.12152	1.47186	3.47100e-05
3.08708e+04	4.27562e-02	6.95220e-03	3.55169	4.04516	3.47100e-05
3.10261e+04	4.27335e-02	4.53328e-03	3.60425	1.13823	3.47100e-05
3.11813e+04	4.27140e-02	7.90499e-03	6.25057	4.71530	3.47100e-05
3.13366e+04	4.27116e-02	7.22574e-03	6.22006	5.90921	3.47100e-05
3.14919e+04	4.26504e-02	7.89792e-03	2.15302	0.70725	3.47100e-05
3.16472e+04	4.26669e-02	3.56758e-03	6.02716	1.50233	3.47100e-05
3.18025e+04	4.26018e-02	9.67422e-03	3.62037	3.33077	3.47100e-05
3.19578e+04	4.25918e-02	7.81876e-03	3.83670	4.20994	3.47100e-05
3.21131e+04	4.25949e-02	7.76854e-03	5.30114	5.31886	3.47100e-05
3.22683e+04	4.25565e-02	4.10727e-03	2.92385	5.78445	3.47100e-05
3.24236e+04	4.25433e-02	3.77902e-03	5.18353	3.40041	3.47100e-05
3.25789e+04	4.25140e-02	4.06534e-03	3.05665	0.83878	3.47100e-05
3.27342e+04	4.24681e-02	5.43715e-03	1.64988	5.45745	3.47100e-05
3.28895e+04	4.24681e-02	6.29857e-03	5.05060	0.64424	3.47100e-05
3.30448e+04	4.24607e-02	8.53405e-03	4.86803	1.13568	3.47100e-05
3.32001e+04	4.24105e-02	8.72945e-03	6.03695	1.24585	3.47100e-05
3.33553e+04	4.23845e-02	4.05731e-03	5.97638	3.07018	3.47100e-05
3.35106e+04	4.23701e-02	5.79413e-03	1.11895	4.29581	3.47100e-05
3.36659e+04	4.23584e-02	2.79709e-03	1.88748	0.51448	3.47100e-05
3.38212e+04	4.23305e-02	2.25999e-03	5.45270	0.81571	3.47100e-05
3.39765e+04	4.23294e-02	7.11376e-03	1.98487	2.30802	3.47100e-05
3.41318e+04	4.22935e-02	3.10070e-03	0.49858	2.36084	3.47100e-05
3.42871e+04	4.22780e-02	5.30046e-03	4.16406	3.90050	3.47100e-05
3.44423e+04	4.22396e-02	4.49686e-03	1.77672	5.49795	3.47100e-05
3.45976e+04	4.22091e-02	6.08848e-03	0.33722	0.16995	3.47100e-05
3.47529e+04	4.21932e-02	7.49218e-03	5.16907	1.51152	3.47100e-05
3.49082e+04	4.21863e-02	8.53897e-03	5.25087	1.73840	3.47100e-05
3.50635e+04	4.21537e-02	7.99732e-03	3.82634	3.89722	3.47100e-05
3.52188e+04	4.21413e-02	3.38741e-03	3.33937	5.43633	3.47100e-05
3.53741e+04	4.21248e-02	5.18274e-03	4.38564	5.56204	3.47100e-05
3.55293e+04	4.20919e-02	5.93427e-03	3.41967	1.08216	3.47100e-05
3.56846e+04	4.20584e-02	4.63205e-03	2.76415	1.99858	3.47100e-05
3.58399e+04	4.20705e-02	7.10588e-03	1.68456	3.05568	3.47100e-05
3.59952e+04	4.20256e-02	2.29841e-03	4.97321	5.70664	3.47100e-05
3.61505e+04	4.20335e-02	3.94452e-03	2.83855	0.47139	3.47100e-05
3.63058e+04	4.20004e-02	4.12130e-03	0.22508	1.35745	3.47100e-05
3.64610e+04	4.19859e-02	6.36340e-03	1.73923	3.05823	3.47100e-05
3.66163e+04	4.19702e-02	2.70969e-03	6.26319	1.69247	3.47100e-05
3.67716e+04	4.19276e-02	2.78986e-03	5.33715	4.96055	3.47100e-05
3.69269e+04	4.19108e-02	3.85360e-03	5.24101	5.85334	3.47100e-05
3.70822e+04	4.19116e-02	2.43354e-03	1.92964	1.93981	3.47100e-05
3.72375e+04	4.18620e-02	1.72838e-03	3.85216	4.34545	3.47100e-05
3.73928e+04	4.18581e-02	6.50499e-03	2.48315	3.15756	3.47100e-05
3.75480e+04	4.18458e-02	1.05820e-03	3.30225	4.96623	3.47100e-05
3.77033e+04	4.18309e-02	5.88845e-03	1.65998	0.07899	3.47100e-05
3.78586e+04	4.18139e-02	9.44874e-03	0.36570	6.15454	3.47100e-05
3.80139e+04	4.17733e-02	6.26448e-03	1.90851	1.62319	3.47100e-05
3.81692e+04	4.17775e-02	4.10673e-03	4.03771	1.57184	3.47100e-05
3.83245e+04	4.17303e-02	6.90163e-03	2.32368	4.10043	3.47100e-05
3.84798e+04	4.17340e-02	3.06856e-03	0.15929	5.12918	3.47100e-05
3.86350e+04	4.17100e-02	2.75848e-03	2.84902	5.88427	3.47100e-05
3.87903e+04	4.16894e-02	6.32439e-03	3.04212	0.85291	3.47100e-05
3.89456e+04	4.16771e-02	5.09555e-03	0.00236	3.72667	3.47100e-05
3.91009e+04	4.16433e-02	4.42628e-03	4.94515	3.03373	3.47100e-05
3.92562e+04	4.16243e-02	2.67062e-03	4.31578	6.12115	3.47100e-05
3.94115e+04	4.16394e-02	1.48034e-03	1.71813	2.81171	3.47100e-05
3.95668e+04	4.15815e-02	3.96431e-03	4.56131	4.65705	3.47100e-05
3.97220e+04	4.15754e-02	7.97615e-03	2.76537	3.28371	3.47100e-05
3.98773e+04	4.15342e-02	6.96908e-03	1.23932	5.81314	3.47100e-05
4.00326e+04	4.15538e-02	4.49598e-03	1.04142	5.18833	3.47100e-05
4.01879e+04	4.15251e-02	2.41256e-03	4.55539	5.30984	3.47100e-05
4.03432e+04	4.15067e-02	5.38180e-03	2.70278	2.51521	3.47100e-05
4.04985e+04	4.14747e-02	2.66524e-03	1.29189	3.49492	3.47100e-05
4.06538e+04	4.14719e-02	6.44827e-03	3.86140	4.90851	3.47100e-05
4.08090e+04	4.14437e-02	6.26430e-03	4.36790	6.14336	3.47100e-05
4.09643e+04	4.14708e-02	5.08311e-03	5.56771	4.82586	3.47100e-05
4.11196e+04	4.13996e-02	6.40274e-03	5.02632	3.06325	3.47100e-05
4.12749e+04	4.13682e-02	1.46899e-03	1.60204	2.14479	3.47100e-05
4.14302e+04	4.13576e-02	3.82612e-03	4.57069	5.28337	3.47100e-05
4.15855e+04	4.13667e-02	6.93633e-03	1.39001	5.69945	3.47100e-05
4.17408e+04	4.13234e-02	7.61569e-03	5.84692	2.06212	3.47100e-05
4.18960e+04	4.13231e-02	5.53936e-03	2.02820	4.04242	3.47100e-05
4.20513e+04	4.12769e-02	6.11164e-03	3.53776	4.26052	3.47100e-05
4.22066e+04	4.12966e-02	7.97529e-03	2.02262	4.16387	3.47100e-05
4.23619e+04	4.12553e-02	8.16553e-03	4.20296	4.15323	3.47100e-05
4.25172e+04	4.12283e-02	3.01611e-03	5.66156	1.72246	3.47100e-05
4.26725e+04	4.12261e-02	3.78043e-03	3.57795	0.10707	3.47100e-05
4.28278e+04	4.12248e-02	6.55248e-03	3.40455	6.13888	3.47100e-05
4.29830e+04	4.11796e-02	3.31260e-03	0.52984	5.80567	3.47100e-05
4.31383e+04	4.11918e-02	1.12120e-02	3.53611	2.98761	3.47100e-05
4.32936e+04	4.11835e-02	4.01247e-03	6.17524	3.77052	3.47100e-05
4.34489e+04	4.11355e-02	3.76120e-03	2.88187	1.43496	3.47100e-05
4.36042e+04	4.11279e-02	1.09008e-02	2.76929	5.86588	3.47100e-05
4.37595e+04	4.10999e-02	1.01399e-02	1.78741	1.93383	3.47100e-05
4.39148e+04	4.10772e-02	5.45152e-03	2.06184	0.32001	3.47100e-05
4.40700e+04	4.10635e-02	1.86779e-04	6.05455	4.87230	3.47100e-05
4.42253e+04	4.10601e-02	2.93018e-03	0.68800	3.40880	3.47100e-05
4.43806e+04	4.10448e-02	6.26147e-03	4.67484	2.21594	3.47100e-05
4.45359e+04	4.09950e-02	1.11366e-02	4.42904	1.79317	3.47100e-05
4.46912e+04	4.10290e-02	7.39686e-03	1.19167	0.23411	3.47100e-05
4.48465e+04	4.09812e-02	1.08073e-02	1.53990	4.48584	3.47100e-05
4.50018e+04	4.09586e-02	8.30734e-03	1.52600	5.96730	3.47100e-05
4.51570e+04	4.09507e-02	5.27098e-03	0.34071	5.54748	3.47100e-05
4.53123e+04	4.09347e-02	9.38349e-03	4.86742	2.63761	3.47100e-05
4.54676e+04	4.09305e-02	5.56553e-03	4.61915	1.98946	3.47100e-05
4.56229e+04	4.08845e-02	1.12971e-02	3.66998	5.15303	3.47100e-05
4.57782e+04	4.08999e-02	5.37828e-03	3.14378	3.89676	3.47100e-05
4.59335e+04	4.08787e-02	6.81177e-03	0.03939	0.79610	3.47100e-05
4.60888e+04	4.08427e-02	7.50551e-03	4.50162	4.92063	3.47100e-05
4.62440e+04	4.08629e-02	9.96770e-03	5.22407	2.95416	3.47100e-05
4.63993e+04	4.08288e-02	5.15645e-03	5.72924	4.11512	3.47100e-05
4.65546e+04	4.07946e-02	1.11876e-02	2.26804	5.48549	3.47100e-05
4.67099e+04	4.07996e-02	9.86418e-03	4.12261	4.33670	3.47100e-05
4.68652e+04	4.07688e-02	7.73320e-03	2.78855	2.77997	3.47100e-05
4.70205e+04	4.07674e-02	8.53468e-03	1.35006	4.04862	3.47100e-05
4.71758e+04	4.07337e-02	9.51198e-03	5.31756	2.61967	3.47100e-05
4.73310e+04	4.07585e-02	1.02006e-02	1.28349	5.56720	3.47100e-05
4.74863e+04	4.06757e-02	9.85135e-03	1.99727	0.03829	3.47100e-05
4.76416e+04	4.06955e-02	1.21985e-02	5.88884	0.39715	3.47100e-05
4.77969e+04	4.06671e-02	1.30734e-02	1.67234	5.00261	3.47100e-05
4.79522e+04	4.06516e-02	1.92982e-02	5.12311	4.47177	3.47100e-05
4.81075e+04	4.06376e-02	1.29985e-02	3.63822	5.31698	3.47100e-05
4.82628e+04	4.06067e-02	1.13317e-02	4.77893	6.07544	3.47100e-05
4.84180e+04	4.05962e-02	1.02343e-02	2.46802	0.30354	3.47100e-05
4.85733e+04	4.05596e-02	1.92096e-02	6.15139	3.46846	3.47100e-05
4.87286e+04	4.05621e-02	2.30612e-02	1.76299	4.79035	3.47100e-05
4.88839e+04	4.05230e-02	7.77871e-03	1.80945	4.24550	3.47100e-05
4.90392e+04	4.05662e-02	1.79827e-02	3.95750	3.37969	3.47100e-05
4.91945e+04	4.05287e-02	2.92335e-02	0.56326	4.78855	3.47100e-05
4.93498e+04	4.04791e-02	1.23886e-02	1.45001	5.07325	3.47100e-05
4.95050e+04	4.04661e-02	2.07671e-02	1.52045	1.96643	3.47100e-05
4.96603e+04	4.04752e-02	2.33554e-02	5.45255	5.17335	3.47100e-05
4.98156e+04	4.04678e-02	1.11684e-02	3.30235	3.40698	3.47100e-05
4.99709e+04	4.04118e-02	1.39298e-02	4.06126	2.46418	3.47100e-05
5.01262e+04	4.04544e-02	8.01082e-03	0.12545	1.30341	3.47100e-05
5.02815e+04	4.04193e-02	4.63092e-03	6.01111	5.91566	3.47100e-05
5.04367e+04	4.03969e-02	1.30141e-02	0.22935	6.03129	3.47100e-05
5.05920e+04	4.04085e-02	2.54655e-02	3.58650	5.79344	3.47100e-05
5.07473e+04	4.03980e-02	2.38071e-02	1.78555	1.13979	3.47100e-05
5.09026e+04	4.03471e-02	2.66462e-02	2.16215	2.57995	3.47100e-05
5.10579e+04	4.02822e-02	1.75662e-02	5.69057	4.45835	3.47100e-05
5.12132e+04	4.02953e-02	3.42847e-02	1.44923	4.28289	3.47100e-05
5.13685e+04	4.02978e-02	2.48103e-02	3.81725	5.36144	3.47100e-05
5.15237e+04	4.02586e-02	3.17976e-02	2.36670	0.37750	3.47100e-05
5.16790e+04	4.02460e-02	2.13091e-02	4.77238	0.07538	3.47100e-05
5.18343e+04	4.02477e-02	2.76696e-02	4.74455	4.78158	3.47100e-05
5.19896e+04	4.02539e-02	3.44137e-02	5.25292	4.87849	3.47100e-05
5.21449e+04	4.02687e-02	2.62377e-02	1.18143	5.43244	3.47100e-05
5.23002e+04	4.01974e-02	2.42599e-02	1.99425	3.47945	3.47100e-05
5.24555e+04	4.02072e-02	1.79184e-02	0.77621	6.19945	3.47100e-05
5.26107e+04	4.02426e-02	2.24115e-02	1.04664	3.26152	3.47100e-05
5.27660e+04	4.01422e-02	2.60707e-02	4.21658	6.09970	3.47100e-05
5.29213e+04	4.01164e-02	2.88940e-02	3.77176	2.65730	3.47100e-05
5.30766e+04	4.01666e-02	3.03835e-02	2.36352	2.83377	3.47100e-05
5.32319e+04	4.00873e-02	1.42776e-02	4.14492	2.24415	3.47100e-05
5.33872e+04	4.01296e-02	1.78654e-02	4.23606	5.40308	3.47100e-05
5.35425e+04	4.00746e-02	1.70913e-02	3.40234	0.36100	3.47100e-05
5.36977e+04	4.01053e-02	2.96732e-02	3.22754	4.91683	3.47100e-05
5.38530e+04	3.99491e-02	8.65289e-03	1.96081	4.28275	3.47100e-05
5.40083e+04	3.99807e-02	1.03798e-02	0.58797	1.69740	3.47100e-05
5.41636e+04	3.99752e-02	2.86573e-02	6.20074	3.35871	3.47100e-05
5.43189e+04	3.99993e-02	1.34328e-02	5.56089	4.46619	3.47100e-05
5.44742e+04	3.99546e-02	2.21429e-02	3.23099	0.93778	3.47100e-05
5.46295e+04	3.99631e-02	3.24541e-02	2.13362	1.32783	3.47100e-05
5.47847e+04	3.99180e-02	2.18780e-02	0.22792	2.15362	3.47100e-05
5.49400e+04	3.99026e-02	1.34090e-02	1.68154	2.59659	3.47100e-05
5.50953e+04	3.98499e-02	2.59282e-02	0.36765	0.18103	3.47100e-05
5.52506e+04	3.99291e-02	2.78914e-02	4.54895	5.86256	3.47100e-05
5.54059e+04	3.99162e-02	3.81228e-03	2.53021	0.64301	3.47100e-05
5.55612e+04	3.98844e-02	1.23420e-02	4.72071	3.61028	3.47100e-05
5.57165e+04	3.98521e-02	2.87660e-02	2.72899	4.92962	3.47100e-05
5.58717e+04	3.98480e-02	1.66611e-02	4.16150	1.62492	3.47100e-05
5.60270e+04	3.98024e-02	1.76452e-02	2.93518	5.73831	3.47100e-05
5.61823e+04	3.98243e-02	4.52004e-02	6.28298	0.92679	3.47100e-05
5.63376e+04	3.97931e-02	2.51435e-02	5.37415	3.75259	3.47100e-05
5.64929e+04	3.98201e-02	3.05998e-02	0.11847	1.71331	3.47100e-05
5.66482e+04	3.97980e-02	3.33787e-02	0.47579	3.63053	3.47100e-05
5.68035e+04	3.97725e-02	3.75118e-02	3.82534	4.53983	3.47100e-05
5.69587e+04	3.97645e-02	3.53703e-02	4.09011	3.64634	3.47100e-05
5.71140e+04	3.97826e-02	5.11695e-02	6.21715	4.92385	3.47100e-05
5.72693e+04	3.97388e-02	4.63927e-02	4.11192	5.23227	3.47100e-05
5.74246e+04	3.97590e-02	3.25232e-02	6.10247	1.37795	3.47100e-05
5.75799e+04	3.97415e-02	3.39535e-02	4.56802	4.23141	3.47100e-05
5.77352e+04	3.97223e-02	3.45611e-02	5.87778	3.06625	3.47100e-05
5.78905e+04	3.97183e-02	4.59398e-02	3.36074	6.05324	3.47100e-05
5.80457e+04	3.97496e-02	4.45729e-02	4.64410	3.57945	3.47100e-05
5.82010e+04	3.96800e-02	4.40732e-02	2.38137	0.87969	3.47100e-05
5.83563e+04	3.97043e-02	4.26643e-02	5.37857	4.60090	3.47100e-05
5.85116e+04	3.96945e-02	4.44766e-02	0.89192	1.67709	3.47100e-05
5.86669e+04	3.96671e-02	3.80409e-02	3.59229	2.51192	3.47100e-05
5.88222e+04	3.96932e-02	5.24247e-02	5.36032	3.75186	3.47100e-05
5.89775e+04	3.96933e-02	5.34493e-02	6.06756	3.45479	3.47100e-05
5.91327e+04	3.96620e-02	4.57422e-02	5.48589	3.00304	3.47100e-05
5.92880e+04	3.96137e-02	4.57002e-02	4.62556	0.24083	3.47100e-05
5.94433e+04	3.96483e-02	4.40384e-02	0.94670	5.88616	3.47100e-05
5.95986e+04	3.96619e-02	6.54805e-02	0.92168	3.15965	3.47100e-05
5.97539e+04	3.96122e-02	5.71311e-02	3.15938	4.81766	3.47100e-05
5.99092e+04	3.96320e-02	6.16540e-02	6.26326	4.23432	3.47100e-05
6.00645e+04	3.96872e-02	6.43005e-02	6.20660	4.65340	3.47100e-05
6.02197e+04	3.96017e-02	5.56150e-02	3.86715	2.02942	3.47100e-05
6.03750e+04	3.96047e-02	5.30118e-02	1.04815	1.37955	3.47100e-05
6.05303e+04	3.95752e-02	4.48461e-02	4.73740	5.88060	3.47100e-05
6.06856e+04	3.96052e-02	5.21069e-02	1.00348	5.45500	3.47100e-05
6.08409e+04	3.95665e-02	5.60011e-02	4.49663	1.05035	3.47100e-05
6.09962e+04	3.96051e-02	4.90807e-02	5.84632	2.85877	3.47100e-05
6.11515e+04	3.95418e-02	5.64298e-02	5.20586	5.52005	3.47100e-05
6.13067e+04	3.95743e-02	7.12942e-02	3.01887	1.84354	3.47100e-05
6.14620e+04	3.95686e-02	5.75403e-02	4.21790	5.96344	3.47100e-05
6.16173e+04	3.95482e-02	5.40476e-02	3.36147	4.86619	3.47100e-05
6.17726e+04	3.95321e-02	6.64089e-02	0.86701	2.89966	3.47100e-05
6.19279e+04	3.95458e-02	6.38571e-02	3.51309	1.65042	3.47100e-05
6.20832e+04	3.95394e-02	6.63034e-02	2.74460	2.20572	3.47100e-05
6.22385e+04	3.95128e-02	5.70867e-02	0.73987	2.72071	3.47100e-05
6.23937e+04	3.94827e-02	5.64632e-02	3.57942	3.34996	3.47100e-05
6.25490e+04	3.94852e-02	6.09871e-02	4.05751	4.62771	3.47100e-05
6.27043e+04	3.95037e-02	6.57018e-02	2.73286	0.34730	3.47100e-05
6.28596e+04	3.94623e-02	6.27939e-02	0.98253	1.54016	3.47100e-05
6.30149e+04	3.94548e-02	6.67225e-02	3.14258	3.38820	3.47100e-05
6.31702e+04	3.94580e-02	6.38647e-02	3.28358	6.22677	3.47100e-05
6.33255e+04	3.94792e-02	6.82455e-02	2.10435	2.80290	3.47100e-05
6.34807e+04	3.94527e-02	5.99385e-02	5.64324	5.97711	3.47100e-05
6.36360e+04	3.94546e-02	6.51810e-02	1.66459	3.16571	3.47100e-05
6.37913e+04	3.94338e-02	6.53632e-02	2.13785	0.72078	3.47100e-05
6.39466e+04	3.94319e-02	6.53335e-02	0.79085	4.88902	3.47100e-05
6.41019e+04	3.94014e-02	6.47626e-02	4.38646	3.07800	3.47100e-05
6.42572e+04	3.94037e-02	6.15545e-02	0.52437	1.27166	3.47100e-05
6.44124e+04	3.93948e-02	6.59704e-02	1.58593	5.91137	3.47100e-05
6.45677e+04	3.93925e-02	7.44043e-02	0.82682	4.75807	3.47100e-05
6.47230e+04	3.93742e-02	6.15959e-02	4.96181	3.91458	3.47100e-05
6.48783e+04	3.93571e-02	6.77996e-02	2.21425	2.85987	3.47100e-05
6.50336e+04	3.93675e-02	6.93813e-02	4.16183	1.95416	3.47100e-05
6.51889e+04	3.93712e-02	6.33403e-02	4.75714	1.15716	3.47100e-05
6.53442e+04	3.93305e-02	6.84382e-02	3.83592	1.12167	3.47100e-05
6.54994e+04	3.93363e-02	6.91993e-02	2.07635	0.93636	3.47100e-05
6.56547e+04	3.93200e-02	6.89855e-02	5.61969	0.65093	3.47100e-05
6.58100e+04	3.93619e-02	6.14488e-02	1.45280	0.52760	3.47100e-05
6.59653e+04	3.93286e-02	7.16123e-02	2.44947	0.39670	3.47100e-05
6.61206e+04	3.92708e-02	7.05542e-02	5.38419	0.66730	3.47100e-05
6.62759e+04	3.92843e-02	6.94126e-02	6.15477	0.96584	3.47100e-05
6.64312e+04	3.92902e-02	6.96996e-02	0.48835	2.08815	3.47100e-05
6.65864e+04	3.93093e-02	7.05394e-02	0.65601	3.52348	3.47100e-05
6.67417e+04	3.92673e-02	7.37356e-02	0.82521	5.22284	3.47100e-05
6.68970e+04	3.92770e-02	6.83009e-02	5.30973	0.43100	3.47100e-05
6.70523e+04	3.92533e-02	7.06183e-02	2.92184	1.64715	3.47100e-05
6.72076e+04	3.92680e-02	7.03391e-02	5.93447	3.01995	3.47100e-05
6.73629e+04	3.92671e-02	7.06730e-02	1.51066	4.45173	3.47100e-05
6.75182e+04	3.92474e-02	7.05391e-02	2.38241	6.06965	3.47100e-05
6.76734e+04	3.92297e-02	7.35089e-02	1.99808	1.73353	3.47100e-05
6.78287e+04	3.92498e-02	7.14246e-02	0.82274	3.56899	3.47100e-05
6.79840e+04	3.92208e-02	7.02020e-02	4.89339	5.44905	3.47100e-05
6.81393e+04	3.92094e-02	6.75487e-02	1.81972	0.95046	3.47100e-05
6.82946e+04	3.92019e-02	6.75554e-02	4.09766	2.76128	3.47100e-05
6.84499e+04	3.92009e-02	6.85216e-02	5.47208	4.67268	3.47100e-05
6.86052e+04	3.91768e-02	7.14324e-02	5.77134	0.25298	3.47100e-05
6.87604e+04	3.91864e-02	6.96130e-02	5.21748	2.12967	3.47100e-05
6.89157e+04	3.91658e-02	6.94594e-02	3.63992	3.98472	3.47100e-05
6.90710e+04	3.91530e-02	7.12388e-02	1.21612	5.90446	3.47100e-05
6.92263e+04	3.91444e-02	7.22625e-02	4.07708	1.55881	3.47100e-05
6.93816e+04	3.91492e-02	7.08712e-02	5.88755	3.55543	3.47100e-05
6.95369e+04	3.91343e-02	6.95705e-02	0.54198	5.48873	3.47100e-05
6.96922e+04	3.91559e-02	7.07708e-02	0.52956	1.18491	3.47100e-05
6.98474e+04	3.91629e-02	7.00261e-02	6.10137	3.18441	3.47100e-05
7.00027e+04	3.91506e-02	7.01605e-02	3.94075	5.33115	3.47100e-05
7.01580e+04	3.91034e-02	6.92584e-02	0.32819	1.30687	3.47100e-05
7.03133e+04	3.91087e-02	6.76928e-02	1.84990	3.58528	3.47100e-05
7.04686e+04	3.90994e-02	6.98277e-02	2.39345	5.81715	3.47100e-05
7.06239e+04	3.91103e-02	6.97513e-02	2.03396	1.72835	3.47100e-05
7.07792e+04	3.91015e-02	7.31149e-02	0.57532	4.02561	3.47100e-05
7.09344e+04	3.90621e-02	7.12512e-02	4.52153	0.10471	3.47100e-05
7.10897e+04	3.90327e-02	7.03129e-02	1.15493	2.53528	3.47100e-05
7.12450e+04	3.90247e-02	6.76549e-02	3.41931	4.83727	3.47100e-05
7.14003e+04	3.90583e-02	6.84966e-02	4.23261	1.01794	3.47100e-05
7.15556e+04	3.90524e-02	7.28400e-02	2.16051	3.71604	3.47100e-05
7.17109e+04	3.90168e-02	7.20507e-02	5.92885	0.21751	3.47100e-05
7.18662e+04	3.90215e-02	6.96659e-02	3.14388	2.81284	3.47100e-05
7.20214e+04	3.90164e-02	6.80181e-02	5.50344	5.34129	3.47100e-05
7.21767e+04	3.90032e-02	7.05348e-02	0.80992	1.71543	3.47100e-05
7.23320e+04	3.90343e-02	7.05764e-02	1.28981	4.50124	3.47100e-05
7.24873e+04	3.89708e-02	6.99826e-02	1.22684	0.94199	3.47100e-05
7.26426e+04	3.89974e-02	6.95830e-02	0.68665	3.65075	3.47100e-05
7.27979e+04	3.89676e-02	7.20875e-02	6.25007	0.41767	3.47100e-05
7.29532e+04	3.89898e-02	7.20657e-02	4.91095	3.58281	3.47100e-05
7.31084e+04	3.89344e-02	7.24845e-02	3.79482	0.66947	3.47100e-05
7.32637e+04	3.89361e-02	7.17872e-02	2.33996	4.13389	3.47100e-05
7.34190e+04	3.89164e-02	7.04692e-02	1.14350	1.45531	3.47100e-05
7.35743e+04	3.89390e-02	7.13111e-02	0.31942	4.72205	3.47100e-05
7.37296e+04	3.89161e-02	7.25591e-02	4.68775	1.68743	3.47100e-05
7.38849e+04	3.89078e-02	6.96352e-02	3.43308	4.50840	3.47100e-05
7.40402e+04	3.89196e-02	6.72668e-02	1.72065	0.66796	3.47100e-05
7.41954e+04	3.88702e-02	7.27729e-02	5.13951	3.26537	3.47100e-05
7.43507e+04	3.88836e-02	7.40679e-02	1.09022	0.10434	3.47100e-05
7.45060e+04	3.88739e-02	7.15826e-02	2.70376	2.83408	3.47100e-05
7.46613e+04	3.88697e-02	6.94724e-02	3.83432	5.50727	3.47100e-05
7.48166e+04	3.88644e-02	7.07150e-02	3.97591	1.83970	3.47100e-05
7.49719e+04	3.88584e-02	7.29558e-02	3.25782	4.64883	3.47100e-05
7.51272e+04	3.88503e-02	7.41971e-02	1.57199	1.17604	3.47100e-05
7.52824e+04	3.88407e-02	6.87192e-02	5.47977	3.84317	3.47100e-05
7.54377e+04	3.88202e-02	6.88475e-02	2.40752	0.01972	3.47100e-05
7.55930e+04	3.88249e-02	7.30439e-02	5.18949	2.21690	3.47100e-05
7.57483e+04	3.88013e-02	7.42036e-02	0.82548	4.32018	3.47100e-05
7.59036e+04	3.88180e-02	7.07710e-02	1.65025	0.43774	3.47100e-05
7.60589e+04	3.88008e-02	7.25644e-02	1.82209	2.72454	3.47100e-05
7.62142e+04	3.87921e-02	7.45220e-02	0.97613	5.03911	3.47100e-05
7.63694e+04	3.87890e-02	6.95005e-02	5.80146	0.99761	3.47100e-05
7.65247e+04	3.87835e-02	7.10211e-02	3.51483	3.24872	3.47100e-05
7.66800e+04	3.87481e-02	6.98184e-02	0.35899	5.45171	3.47100e-05
7.68353e+04	3.87454e-02	6.81442e-02	2.69639	1.38290	3.47100e-05
7.69906e+04	3.87449e-02	6.78794e-02	4.28268	3.67307	3.47100e-05
7.71459e+04	3.87421e-02	6.80753e-02	4.96522	5.93309	3.47100e-05
7.73012e+04	3.87080e-02	7.00327e-02	4.86700	1.96796	3.47100e-05
7.74564e+04	3.87228e-02	6.76958e-02	4.14411	4.20135	3.47100e-05
7.76117e+04	3.87380e-02	6.85604e-02	2.61302	0.17463	3.47100e-05
7.77670e+04	3.87336e-02	6.88609e-02	0.22959	2.49804	3.47100e-05
7.79223e+04	3.87085e-02	7.17682e-02	3.44889	4.82179	3.47100e-05
7.80776e+04	3.86828e-02	7.07735e-02	5.68127	0.96462	3.47100e-05
7.82329e+04	3.86984e-02	7.01129e-02	0.34664	3.42339	3.47100e-05
7.83882e+04	3.86671e-02	7.37798e-02	5.84832	5.99301	3.47100e-05
7.85434e+04	3.86673e-02	7.19150e-02	4.15222	2.24549	3.47100e-05
7.86987e+04	3.86660e-02	6.97586e-02	1.53398	4.67611	3.47100e-05
7.88540e+04	3.86791e-02	7.08649e-02	1.14476	1.07270	3.47100e-05
7.90093e+04	3.86466e-02	7.00707e-02	5.42233	3.83417	3.47100e-05
7.91646e+04	3.86291e-02	7.25187e-02	2.52140	0.43842	3.47100e-05
7.93199e+04	3.86227e-02	7.41378e-02	5.79541	3.32224	3.47100e-05
7.94751e+04	3.86188e-02	7.18052e-02	2.31325	6.11421	3.47100e-05
7.96304e+04	3.86241e-02	7.14472e-02	4.39886	2.51691	3.47100e-05
7.97857e+04	3.86095e-02	7.25337e-02	5.18633	5.47853	3.47100e-05
7.99410e+04	3.86288e-02	7.34567e-02	5.05984	2.38720	3.47100e-05
8.00963e+04	3.85841e-02	7.41501e-02	4.20897	5.48898	3.47100e-05
8.02516e+04	3.86067e-02	7.04126e-02	2.81982	2.05079	3.47100e-05
8.04069e+04	3.85725e-02	7.27690e-02	0.73542	4.93396	3.47100e-05
8.05621e+04	3.85768e-02	7.20630e-02	4.03679	1.70787	3.47100e-05
8.07174e+04	3.85594e-02	7.07679e-02	0.44794	4.63962	3.47100e-05
8.08727e+04	3.85614e-02	7.05806e-02	2.52442	1.26975	3.47100e-05
8.10280e+04	3.85550e-02	7.02599e-02	3.72371	4.38114	3.47100e-05
8.11833e+04	3.85342e-02	7.21892e-02	4.47484	0.88755	3.47100e-05
8.13386e+04	3.85144e-02	7.29770e-02	4.56665	3.63507	3.47100e-05
8.14939e+04	3.85666e-02	7.24900e-02	3.66871	0.31563	3.47100e-05
8.16491e+04	3.85087e-02	7.05706e-02	2.24138	3.12508	3.47100e-05
8.18044e+04	3.85188e-02	7.12083e-02	0.46776	5.81120	3.47100e-05
8.19597e+04	3.84709e-02	7.09010e-02	4.05185	2.27426	3.47100e-05
8.21150e+04	3.84841e-02	6.92424e-02	0.83892	4.94648	3.47100e-05
8.22703e+04	3.85060e-02	7.13704e-02	3.07439	1.23051	3.47100e-05
8.24256e+04	3.84440e-02	7.42819e-02	4.57289	3.90350	3.47100e-05
8.25809e+04	3.84848e-02	7.24044e-02	5.46074	0.21850	3.47100e-05
8.27361e+04	3.84288e-02	7.28466e-02	5.63246	2.76139	3.47100e-05
8.28914e+04	3.84630e-02	7.10455e-02	4.79711	5.49234	3.47100e-05
8.30467e+04	3.84145e-02	6.99842e-02	3.63528	1.72259	3.47100e-05
8.32020e+04	3.84219e-02	7.35046e-02	1.44376	4.35681	3.47100e-05
8.33573e+04	3.84492e-02	7.34687e-02	4.84451	0.71971	3.47100e-05
8.35126e+04	3.84163e-02	7.18510e-02	1.32505	3.23423	3.47100e-05
8.36679e+04	3.83706e-02	7.24079e-02	3.09289	5.93537	3.47100e-05
8.38231e+04	3.84015e-02	7.02400e-02	3.97354	2.34619	3.47100e-05
8.39784e+04	3.83787e-02	7.09720e-02	4.25295	4.99713	3.47100e-05
8.41337e+04	3.83824e-02	7.30186e-02	3.73522	1.44877	3.47100e-05
8.42890e+04	3.83754e-02	7.14757e-02	2.66772	4.09651	3.47100e-05
8.44443e+04	3.83513e-02	7.16928e-02	0.79487	0.51754	3.47100e-05
8.45996e+04	3.83901e-02	7.00690e-02	4.50574	3.18619	3.47100e-05
8.47549e+04	3.83810e-02	7.30686e-02	1.19117	5.86029	3.47100e-05
8.49101e+04	3.83534e-02	7.10532e-02	3.53251	2.20660	3.47100e-05
8.50654e+04	3.83847e-02	7.15707e-02	5.16804	4.85459	3.47100e-05
8.52207e+04	3.83585e-02	7.09136e-02	6.02890	1.26593	3.47100e-05
8.53760e+04	3.83660e-02	7.33284e-02	6.24727	3.87974	3.47100e-05
8.55313e+04	3.83433e-02	7.25925e-02	5.58246	0.33249	3.47100e-05
8.56866e+04	3.83264e-02	7.10226e-02	4.24080	3.14630	3.47100e-05
8.58419e+04	3.82920e-02	7.03268e-02	1.83277	0.24992	3.47100e-05
8.59971e+04	3.82778e-02	7.30844e-02	4.95134	3.90935	3.47100e-05
8.61524e+04	3.82953e-02	7.38002e-02	0.88084	1.59141	3.47100e-05
8.63077e+04	3.82762e-02	7.39724e-02	1.92521	5.86440	3.47100e-05
8.64630e+04	3.83102e-02	7.34594e-02	2.93217	4.71921	3.47100e-05
8.66183e+04	3.83509e-02	6.95609e-02	4.57799	4.02013	3.47100e-05
8.67736e+04	3.83168e-02	7.31609e-02	6.04916	0.15713	3.47100e-05
8.69289e+04	3.82794e-02	7.25081e-02	2.52236	4.33817	3.47100e-05
8.70841e+04	3.82142e-02	7.67477e-02	4.45970	5.26826	3.47100e-05
8.72394e+04	3.81652e-02	2.15801e-02	1.12219	4.44810	3.47100e-05
8.73947e+04	3.82374e-02	3.63260e-02	5.92982	3.89647	3.47100e-05
8.75500e+04	3.82755e-02	7.48242e-02	0.89375	1.16553	3.47100e-05
8.77053e+04	3.82444e-02	6.59198e-02	1.59662	4.57905	3.47100e-05
8.78606e+04	3.82080e-02	3.57129e-02	2.33955	4.01429	3.47100e-05
8.80159e+04	3.82361e-02	5.90539e-02	6.05557	0.24848	3.47100e-05
8.81711e+04	3.81224e-02	1.88790e-02	5.75490	6.05934	3.47100e-05
8.83264e+04	3.82022e-02	3.45999e-02	2.32958	2.44624	3.47100e-05
8.84817e+04	3.82792e-02	5.84081e-02	5.27178	0.44677	3.47100e-05
8.86370e+04	3.82159e-02	2.37227e-02	2.39815	3.95395	3.47100e-05
8.87923e+04	3.82357e-02	3.83529e-02	3.19727	2.57558	3.47100e-05
8.89476e+04	3.82004e-02	5.81769e-02	1.19185	6.06894	3.47100e-05
8.91029e+04	3.80309e-02	5.42781e-02	5.64720	5.09043	3.47100e-05
8.92581e+04	3.79938e-02	7.49565e-02	3.13476	5.26471	3.47100e-05
8.94134e+04	3.81149e-02	4.71622e-02	5.24087	1.88018	3.47100e-05
8.95687e+04	3.81409e-02	5.76754e-03	1.91062	1.01824	3.47100e-05
8.97240e+04	3.82175e-02	5.16789e-02	1.92938	4.69823	3.47100e-05
8.98793e+04	3.81182e-02	4.25511e-02	0.04200	0.13638	3.47100e-05
9.00346e+04	3.80683e-02	4.73599e-02	0.39125	5.27704	3.47100e-05
9.01899e+04	3.80884e-02	5.66520e-02	2.83930	5.89104	3.47100e-05
9.03451e+04	3.81681e-02	2.85964e-02	3.13701	1.11854	3.47100e-05
9.05004e+04	3.81867e-02	3.14960e-02	5.66253	1.79173	3.47100e-05
9.06557e+04	3.81211e-02	3.07410e-02	4.77931	2.89099	3.47100e-05
9.08110e+04	3.80821e-02	4.80224e-02	0.95777	5.16162	3.47100e-05
9.09663e+04	3.80629e-02	4.83342e-02	0.36217	6.23715	3.47100e-05
9.11216e+04	3.81560e-02	7.41410e-02	1.39110	2.63387	3.47100e-05
9.12769e+04	3.80913e-02	2.77725e-02	5.19611	1.41900	3.47100e-05
9.14321e+04	3.79561e-02	2.20211e-02	2.50385	4.73029	3.47100e-05
9.15874e+04	3.80238e-02	3.51690e-02	4.24223	0.51185	3.47100e-05
9.17427e+04	3.80305e-02	6.52761e-02	3.57983	3.38320	3.47100e-05
9.18980e+04	3.81626e-02	4.32329e-02	4.54355	2.93292	3.47100e-05
9.20533e+04	3.80607e-02	5.46152e-02	3.38980	3.57946	3.47100e-05
9.22086e+04	3.80444e-02	2.13914e-02	3.45358	3.70955	3.47100e-05
9.23639e+04	3.79942e-02	7.94485e-02	0.58241	4.62768	3.47100e-05
9.25191e+04	3.79812e-02	6.25099e-02	4.37760	4.49713	3.47100e-05
9.26744e+04	3.80924e-02	3.04585e-02	1.88069	6.26763	3.47100e-05
9.28297e+04	3.80472e-02	4.79168e-02	4.97710	2.45073	3.47100e-05
9.29850e+04	3.79668e-02	2.77117e-02	2.85380	3.67755	3.47100e-05
9.31403e+04	3.80562e-02	2.99987e-02	5.08154	1.60554	3.47100e-05
9.32956e+04	3.79945e-02	4.37647e-02	2.63575	0.91181	3.47100e-05
9.34508e+04	3.80021e-02	7.18977e-02	4.39386	4.18133	3.47100e-05
9.36061e+04	3.79949e-02	6.16397e-02	2.57751	3.32211	3.47100e-05
9.37614e+04	3.80440e-02	4.70816e-02	1.11861	1.01908	3.47100e-05
9.39167e+04	3.79454e-02	7.51115e-02	0.37221	2.21425	3.47100e-05
9.40720e+04	3.80795e-02	6.30805e-02	3.26359	0.07299	3.47100e-05
9.42273e+04	3.81028e-02	6.40679e-02	1.18510	0.00616	3.47100e-05
9.43826e+04	3.80659e-02	8.04516e-02	0.50748	0.08509	3.47100e-05
9.45378e+04	3.79860e-02	5.89086e-02	6.14916	1.58944	3.47100e-05
9.46931e+04	3.79784e-02	5.81257e-02	5.03572	1.21894	3.47100e-05
9.48484e+04	3.79902e-02	4.18412e-02	6.23220	3.63980	3.47100e-05
9.50037e+04	3.79562e-02	4.76552e-02	2.16598	2.22913	3.47100e-05
9.51590e+04	3.79739e-02	8.34906e-02	2.56898	3.07633	3.47100e-05
9.53143e+04	3.79802e-02	9.81496e-02	4.97931	1.68358	3.47100e-05
9.54696e+04	3.79096e-02	4.56315e-02	0.94567	0.61858	3.47100e-05
9.56248e+04	3.79965e-02	3.17962e-02	3.95029	5.28745	3.47100e-05
9.57801e+04	3.78648e-02	7.41645e-02	3.72615	2.18712	3.47100e-05
9.59354e+04	3.79511e-02	3.75128e-02	5.10681	1.68788	3.47100e-05
9.60907e+04	3.79206e-02	8.64560e-02	1.31136	3.45703	3.47100e-05
9.62460e+04	3.79839e-02	7.72462e-02	1.35590	2.97751	3.47100e-05
9.64013e+04	3.79254e-02	7.18103e-02	4.21149	5.30576	3.47100e-05
9.65566e+04	3.79921e-02	6.20390e-02	3.09260	4.14301	3.47100e-05
9.67118e+04	3.78897e-02	6.57043e-02	5.69235	3.43863	3.47100e-05
9.68671e+04	3.79865e-02	7.35288e-02	1.54925	4.40358	3.47100e-05
9.70224e+04	3.79509e-02	7.40459e-02	6.04835	4.50205	3.47100e-05
9.71777e+04	3.79166e-02	7.38832e-02	0.58538	3.86964	3.47100e-05
9.73330e+04	3.79326e-02	5.86239e-02	4.77601	4.85726	3.47100e-05
9.74883e+04	3.79532e-02	7.65821e-02	3.63233	2.21484	3.47100e-05
9.76436e+04	3.79161e-02	4.97545e-02	5.53688	3.43358	3.47100e-05
9.77988e+04	3.78435e-02	5.65729e-02	3.93028	4.09409	3.47100e-05
9.79541e+04	3.78836e-02	1.92245e-02	5.76986	2.86020	3.47100e-05
9.81094e+04	3.78371e-02	1.00947e-01	1.69493	1.28280	3.47100e-05
9.82647e+04	3.78967e-02	9.82374e-02	3.97343	2.24166	3.47100e-05
9.84200e+04	3.78616e-02	5.07800e-02	3.10006	5.07402	3.47100e-05
9.85753e+04	3.78457e-02	6.71458e-02	2.95411	4.39924	3.47100e-05
9.87306e+04	3.78814e-02	6.35598e-02	0.27400	5.81183	3.47100e-05
9.88858e+04	3.78290e-02	5.96761e-02	2.97764	4.12107	3.47100e-05
9.90411e+04	3.78295e-02	5.92593e-02	3.44659	0.62037	3.47100e-05
9.91964e+04	3.78226e-02	6.39328e-02	3.97435	0.42961	3.47100e-05
9.93517e+04	3.78161e-02	8.53957e-02	2.93709	2.51684	3.47100e-05
9.95070e+04	3.78374e-02	6.33047e-02	6.13491	2.67282	3.47100e-05
9.96623e+04	3.78037e-02	5.93790e-02	4.84945	2.29109	3.47100e-05
9.98176e+04	3.78430e-02	8.38770e-02	3.98161	4.23263	3.47100e-05
9.99728e+04	3.78218e-02	2.82626e-02	0.85669	2.63655	3.47100e-05
1.00128e+05	3.78143e-02	4.76169e-02	3.07288	3.62294	3.47100e-05
1.00283e+05	3.78431e-02	5.99483e-02	1.19598	3.84689	3.47100e-05
1.00439e+05	3.77861e-02	6.20002e-02	5.78224	5.83120	3.47100e-05
1.00594e+05	3.78311e-02	9.10379e-02	0.73678	5.91425	3.47100e-05
1.00749e+05	3.78002e-02	7.31080e-02	2.50596	1.93780	3.47100e-05
1.00905e+05	3.77619e-02	7.04489e-02	0.06507	2.72086	3.47100e-05
1.01060e+05	3.78001e-02	6.24567e-02	2.87964	0.46100	3.47100e-05
1.01215e+05	3.77865e-02	5.63695e-02	3.38024	2.43469	3.47100e-05
1.01370e+05	3.77573e-02	7.71319e-02	3.23239	0.77677	3.47100e-05
1.01526e+05	3.78055e-02	7.21647e-02	0.11799	3.37543	3.47100e-05
1.01681e+05	3.77860e-02	4.32640e-02	3.67853	1.25343	3.47100e-05
1.01836e+05	3.77135e-02	7.64544e-02	1.99370	6.18466	3.47100e-05
1.01992e+05	3.77783e-02	6.70352e-02	2.97173	3.26898	3.47100e-05
1.02147e+05	3.77220e-02	7.08864e-02	3.41970	3.44981	3.47100e-05
1.02302e+05	3.77145e-02	7.80230e-02	1.58479	0.77523	3.47100e-05
1.02457e+05	3.77617e-02	7.12976e-02	4.55676	1.46728	3.47100e-05
1.02613e+05	3.77104e-02	7.99453e-02	5.54966	5.16240	3.47100e-05
1.02768e+05	3.77757e-02	6.49475e-02	6.17806	5.39297	3.47100e-05
1.02923e+05	3.77301e-02	6.72575e-02	3.73382	3.99631	3.47100e-05
1.03079e+05	3.76483e-02	6.32375e-02	1.36409	4.19021	3.47100e-05
1.03234e+05	3.77478e-02	6.36073e-02	1.24452	3.51487	3.47100e-05
1.03389e+05	3.77238e-02	6.06918e-02	1.86120	4.50733	3.47100e-05
1.03544e+05	3.77072e-02	8.42807e-02	5.73854	3.52399	3.47100e-05
1.03700e+05	3.76716e-02	8.29780e-02	2.51850	5.26523	3.47100e-05
1.03855e+05	3.77043e-02	5.74128e-02	2.85723	5.25127	3.47100e-05
1.04010e+05	3.76404e-02	7.14376e-02	3.11357	0.57983	3.47100e-05
1.04166e+05	3.76522e-02	6.05639e-02	5.68267	1.70508	3.47100e-05
1.04321e+05	3.76599e-02	6.37341e-02	4.83636	1.90462	3.47100e-05
1.04476e+05	3.76778e-02	7.47336e-02	3.32395	4.49991	3.47100e-05
1.04631e+05	3.76259e-02	7.05086e-02	4.45498	5.99736	3.47100e-05
1.04787e+05	3.76213e-02	6.43912e-02	1.31235	0.84922	3.47100e-05
1.04942e+05	3.76551e-02	7.99637e-02	5.31653	3.33159	3.47100e-05
1.05097e+05	3.76603e-02	7.10009e-02	4.39120	5.85048	3.47100e-05
1.05253e+05	3.76472e-02	6.86090e-02	6.27779	1.00562	3.47100e-05
1.05408e+05	3.76255e-02	7.46065e-02	3.10434	3.26572	3.47100e-05
1.05563e+05	3.76154e-02	7.41812e-02	0.58387	0.16919	3.47100e-05
1.05718e+05	3.75940e-02	6.31858e-02	0.40798	2.69230	3.47100e-05
1.05874e+05	3.76056e-02	6.04046e-02	3.06053	4.50203	3.47100e-05
1.06029e+05	3.76298e-02	6.81314e-02	5.77207	1.49982	3.47100e-05
1.06184e+05	3.76244e-02	7.51406e-02	4.09363	4.96515	3.47100e-05
1.06340e+05	3.76248e-02	7.67270e-02	4.54283	1.42630	3.47100e-05
1.06495e+05	3.75681e-02	7.93306e-02	0.50142	4.15440	3.47100e-05
1.06650e+05	3.75546e-02	7.25953e-02	4.70929	1.18944	3.47100e-05
1.06805e+05	3.75794e-02	7.00511e-02	3.53281	5.05751	3.47100e-05
1.06961e+05	3.75669e-02	6.74922e-02	4.20543	2.53061	3.47100e-05
1.07116e+05	3.75870e-02	7.47681e-02	0.84511	5.97049	3.47100e-05
1.07271e+05	3.76058e-02	8.23287e-02	5.37317	2.94582	3.47100e-05
1.07427e+05	3.75231e-02	7.88153e-02	5.06720	0.59345	3.47100e-05
1.07582e+05	3.75869e-02	7.64490e-02	0.25187	4.89324	3.47100e-05
1.07737e+05	3.75730e-02	8.28241e-02	3.21480	2.92691	3.47100e-05
1.07892e+05	3.75266e-02	6.98741e-02	2.27644	0.77853	3.47100e-05
1.08048e+05	3.75946e-02	6.72882e-02	3.25047	4.65853	3.47100e-05
1.08203e+05	3.75684e-02	7.39922e-02	5.76379	2.58279	3.47100e-05
1.08358e+05	3.75113e-02	7.33117e-02	3.67158	0.69383	3.47100e-05
1.08514e+05	3.75678e-02	7.03137e-02	2.89272	5.68161	3.47100e-05
1.08669e+05	3.75018e-02	7.70177e-02	4.56164	3.96840	3.47100e-05
1.08824e+05	3.75327e-02	6.65754e-02	1.84813	2.00649	3.47100e-05
1.08979e+05	3.74904e-02	6.99265e-02	0.54720	0.21284	3.47100e-05
1.09135e+05	3.74904e-02	8.36609e-02	1.36379	5.14500	3.47100e-05
1.09290e+05	3.75268e-02	7.38453e-02	3.54708	4.11373	3.47100e-05
1.09445e+05	3.75144e-02	7.79250e-02	1.38445	2.94080	3.47100e-05
1.09601e+05	3.75523e-02	7.04004e-02	1.31984	1.70945	3.47100e-05
1.09756e+05	3.75189e-02	7.49977e-02	2.96797	0.61399	3.47100e-05
1.09911e+05	3.74977e-02	6.43415e-02	0.61370	5.60285	3.47100e-05
1.10066e+05	3.74708e-02	7.61374e-02	6.20366	4.35141	3.47100e-05
1.10222e+05	3.74380e-02	7.49028e-02	1.09097	3.11350	3.47100e-05
1.10377e+05	3.74637e-02	7.55919e-02	3.73912	2.24666	3.47100e-05
1.10532e+05	3.74755e-02	7.85767e-02	2.32820	1.33191	3.47100e-05
1.10688e+05	3.74259e-02	8.00995e-02	2.25995	0.84739	3.47100e-05
1.10843e+05	3.74705e-02	8.04570e-02	4.46597	0.17546	3.47100e-05
1.10998e+05	3.74812e-02	7.70926e-02	2.04936	5.90616	3.47100e-05
1.11153e+05	3.74691e-02	7.96895e-02	2.09341	4.98167	3.47100e-05
1.11309e+05	3.74363e-02	8.11559e-02	3.88981	4.32497	3.47100e-05
1.11464e+05	3.74726e-02	7.68552e-02	0.89254	3.91769	3.47100e-05
1.11619e+05	3.74476e-02	7.93102e-02	6.10541	3.74719	3.47100e-05
1.11775e+05	3.74372e-02	7.52560e-02	0.70103	3.41442	3.47100e-05
1.11930e+05	3.74223e-02	7.96258e-02	3.59719	3.17575	3.47100e-05
1.12085e+05	3.73954e-02	7.06612e-02	1.97894	2.93717	3.47100e-05
1.12240e+05	3.74235e-02	7.04871e-02	2.74346	2.24332	3.47100e-05
1.12396e+05	3.73968e-02	7.64572e-02	5.21546	1.79085	3.47100e-05
1.12551e+05	3.74072e-02	8.04459e-02	3.12081	1.52210	3.47100e-05
1.12706e+05	3.73955e-02	8.50494e-02	2.81773	1.62097	3.47100e-05
1.12862e+05	3.74073e-02	7.57958e-02	4.40672	1.89812	3.47100e-05
1.13017e+05	3.73987e-02	7.62228e-02	1.88659	1.83269	3.47100e-05
1.13172e+05	3.73922e-02	7.60544e-02	1.25263	1.90787	3.47100e-05
1.13327e+05	3.73912e-02	7.68973e-02	2.69004	1.92230	3.47100e-05
1.13483e+05	3.73572e-02	8.17222e-02	6.06779	1.83164	3.47100e-05
1.13638e+05	3.73655e-02	7.83526e-02	5.23919	1.72015	3.47100e-05
1.13793e+05	3.73978e-02	7.86069e-02	6.20233	1.49844	3.47100e-05
1.13949e+05	3.73452e-02	8.30035e-02	2.62583	1.67989	3.47100e-05
1.14104e+05	3.73636e-02	8.15858e-02	0.76782	2.13351	3.47100e-05
1.14259e+05	3.73555e-02	8.49349e-02	0.96630	2.61239	3.47100e-05
1.14414e+05	3.73499e-02	8.36113e-02	3.14274	3.02322	3.47100e-05
1.14570e+05	3.73364e-02	7.79102e-02	0.97164	3.36468	3.47100e-05
1.14725e+05	3.73242e-02	7.36934e-02	1.13891	3.36633	3.47100e-05
1.14880e+05	3.73223e-02	7.64196e-02	3.05885	3.47095	3.47100e-05
1.15036e+05	3.73139e-02	7.69009e-02	0.65936	3.74449	3.47100e-05
1.15191e+05	3.73169e-02	8.51167e-02	6.16115	4.26788	3.47100e-05
1.15346e+05	3.73288e-02	8.20654e-02	1.02164	4.72117	3.47100e-05
1.15501e+05	3.72793e-02	7.87281e-02	4.24793	5.21295	3.47100e-05
1.15657e+05	3.73014e-02	7.92832e-02	2.85118	5.73807	3.47100e-05
1.15812e+05	3.72901e-02	8.57704e-02	3.52871	0.01583	3.47100e-05
1.15967e+05	3.72812e-02	8.22586e-02	6.26067	0.54227	3.47100e-05
1.16123e+05	3.72945e-02	8.15267e-02	4.43730	1.13279	3.47100e-05
1.16278e+05	3.72808e-02	8.39690e-02	4.46126	1.84439	3.47100e-05
1.16433e+05	3.72652e-02	8.24372e-02	0.03799	2.52762	3.47100e-05
1.16588e+05	3.72778e-02	8.14654e-02	4.00045	3.12372	3.47100e-05
1.16744e+05	3.72790e-02	8.09305e-02	3.48519	3.69657	3.47100e-05
1.16899e+05	3.72601e-02	8.43806e-02	4.81789	4.38894	3.47100e-05
1.17054e+05	3.72463e-02	8.22059e-02	1.65662	5.09585	3.47100e-05
1.17210e+05	3.72628e-02	8.11359e-02	0.62783	5.70663	3.47100e-05
1.17365e+05	3.72338e-02	8.20995e-02	1.34989	0.04633	3.47100e-05
1.17520e+05	3.72241e-02	7.99237e-02	4.06163	0.75928	3.47100e-05
1.17675e+05	3.72173e-02	8.03449e-02	2.23663	1.48662	3.47100e-05
1.17831e+05	3.72186e-02	7.96690e-02	2.11578	2.23948	3.47100e-05
1.17986e+05	3.72297e-02	7.84851e-02	4.03682	3.00732	3.47100e-05
1.18141e+05	3.72108e-02	7.83177e-02	1.44318	3.84481	3.47100e-05
1.18297e+05	3.71923e-02	7.66834e-02	0.78411	4.59270	3.47100e-05
1.18452e+05	3.72299e-02	7.60292e-02	1.85981	5.37964	3.47100e-05
1.18607e+05	3.72369e-02	7.58050e-02	4.96448	6.01324	3.47100e-05
1.18762e+05	3.72047e-02	7.43900e-02	3.50731	0.40847	3.47100e-05
1.18918e+05	3.72032e-02	7.62628e-02	3.82620	1.04598	3.47100e-05
1.19073e+05	3.71960e-02	7.95096e-02	5.91561	1.79518	3.47100e-05
1.19228e+05	3.71763e-02	7.72525e-02	3.50539	2.58402	3.47100e-05
1.19384e+05	3.71677e-02	7.76163e-02	2.92702	3.40635	3.47100e-05
1.19539e+05	3.71859e-02	8.05088e-02	3.97669	4.36471	3.47100e-05
1.19694e+05	3.71847e-02	8.03771e-02	0.54115	5.25162	3.47100e-05
1.19849e+05	3.71929e-02	7.75921e-02	5.16825	6.12955	3.47100e-05
1.20005e+05	3.71642e-02	7.78354e-02	5.32282	0.71380	3.47100e-05
1.20160e+05	3.71580e-02	8.09866e-02	0.88943	1.57696	3.47100e-05
1.20315e+05	3.71235e-02	8.00102e-02	4.48744	2.37446	3.47100e-05
1.20471e+05	3.71434e-02	7.68882e-02	3.64414	3.08682	3.47100e-05
1.20626e+05	3.71629e-02	7.68213e-02	4.54226	3.82251	3.47100e-05
1.20781e+05	3.71539e-02	7.69604e-02	0.78836	4.62073	3.47100e-05
1.20936e+05	3.71507e-02	7.68307e-02	5.06426	5.33771	3.47100e-05
1.21092e+05	3.71304e-02	8.04857e-02	4.71991	6.05691	3.47100e-05
1.21247e+05	3.71114e-02	8.17615e-02	5.93306	0.55474	3.47100e-05
1.21402e+05	3.71003e-02	7.90078e-02	2.54599	1.33050	3.47100e-05
1.21558e+05	3.70997e-02	7.84280e-02	0.89142	2.07893	3.47100e-05
1.21713e+05	3.71006e-02	8.03986e-02	0.86403	2.85048	3.47100e-05
1.21868e+05	3.71085e-02	7.96223e-02	2.42112	3.63998	3.47100e-05
1.22023e+05	3.71144e-02	7.86927e-02	5.56456	4.39678	3.47100e-05
1.22179e+05	3.70751e-02	8.10329e-02	4.01375	5.14610	3.47100e-05
1.22334e+05	3.70593e-02	8.21135e-02	4.04942	5.91260	3.47100e-05
1.22489e+05	3.70798e-02	8.01128e-02	5.65395	0.36132	3.47100e-05
1.22645e+05	3.70587e-02	8.01920e-02	2.57357	1.06739	3.47100e-05
1.22800e+05	3.70515e-02	8.15777e-02	1.05525	1.79663	3.47100e-05
1.22955e+05	3.70517e-02	8.07682e-02	0.95718	2.49207	3.47100e-05
1.23110e+05	3.70555e-02	8.06616e-02	2.48133	3.12950	3.47100e-05
1.23266e+05	3.70778e-02	8.13165e-02	5.36456	3.77458	3.47100e-05
1.23421e+05	3.70768e-02	7.87646e-02	3.54066	4.40282	3.47100e-05
1.23576e+05	3.70642e-02	7.77662e-02	3.14388	4.96192	3.47100e-05
1.23732e+05	3.70523e-02	7.87795e-02	4.27167	5.52098	3.47100e-05
1.23887e+05	3.70659e-02	7.80607e-02	0.43681	6.09354	3.47100e-05
1.24042e+05	3.70285e-02	7.65861e-02	4.44038	0.30086	3.47100e-05
1.24197e+05	3.70501e-02	7.75982e-02	3.50326	0.82429	3.47100e-05
1.24353e+05	3.70396e-02	7.69969e-02	3.86254	1.33722	3.47100e-05
1.24508e+05	3.70287e-02	7.76441e-02	5.69963	1.81523	3.47100e-05
1.24663e+05	3.70365e-02	7.95056e-02	2.46880	2.32680	3.47100e-05
1.24819e+05	3.70036e-02	8.02089e-02	0.57046	2.82654	3.47100e-05
1.24974e+05	3.70225e-02	8.03862e-02	0.06002	3.28477	3.47100e-05
1.25129e+05	3.69808e-02	8.13389e-02	0.76387	3.74394	3.47100e-05
1.25284e+05	3.69916e-02	7.94553e-02	2.72024	4.18394	3.47100e-05
1.25440e+05	3.70099e-02	7.76861e-02	6.03610	4.53471	3.47100e-05
1.25595e+05	3.70020e-02	7.59338e-02	4.25267	4.83904	3.47100e-05
1.25750e+05	3.69976e-02	7.47905e-02	3.75442	5.07271	3.47100e-05
1.25906e+05	3.69743e-02	7.67389e-02	4.43977	5.25677	3.47100e-05
1.26061e+05	3.69994e-02	7.92212e-02	6.25224	5.46080	3.47100e-05
1.26216e+05	3.69508e-02	8.02238e-02	2.99773	5.62800	3.47100e-05
1.26371e+05	3.69675e-02	8.05848e-02	0.74348	5.77867	3.47100e-05
1.26527e+05	3.69701e-02	7.86005e-02	5.80827	5.93761	3.47100e-05
1.26682e+05	3.69666e-02	8.09523e-02	5.75516	6.08089	3.47100e-05
1.26837e+05	3.69643e-02	8.31549e-02	0.47638	6.25180	3.47100e-05
1.26993e+05	3.69503e-02	7.93829e-02	2.43713	0.08537	3.47100e-05
1.27148e+05	3.69680e-02	7.73422e-02	5.37956	0.13503	3.47100e-05
1.27303e+05	3.69294e-02	7.62609e-02	3.06685	0.11594	3.47100e-05
1.27458e+05	3.69196e-02	7.72085e-02	1.90877	6.27103	3.47100e-05
1.27614e+05	3.69647e-02	7.65926e-02	1.62079	6.11753	3.47100e-05
1.27769e+05	3.69457e-02	7.68068e-02	2.11816	5.90686	3.47100e-05
1.27924e+05	3.69045e-02	8.04538e-02	3.45442	5.69331	3.47100e-05
1.28080e+05	3.68972e-02	7.91197e-02	5.75794	5.46028	3.47100e-05
1.28235e+05	3.69218e-02	7.86114e-02	2.50118	5.22522	3.47100e-05
1.28390e+05	3.69125e-02	8.04433e-02	6.22174	4.98784	3.47100e-05
1.28545e+05	3.68990e-02	7.98045e-02	4.55492	4.68176	3.47100e-05
1.28701e+05	3.69114e-02	7.54317e-02	3.55085	4.32253	3.47100e-05
1.28856e+05	3.69040e-02	7.70342e-02	3.33436	3.82727	3.47100e-05
1.29011e+05	3.68787e-02	7.90507e-02	3.91510	3.29593	3.47100e-05
1.29167e+05	3.69225e-02	7.69299e-02	5.04645	2.67538	3.47100e-05
1.29322e+05	3.68968e-02	7.73147e-02	0.34655	2.05972	3.47100e-05
1.29477e+05	3.68774e-02	7.86008e-02	2.68150	1.41866	3.47100e-05
1.29632e+05	3.69127e-02	7.62107e-02	5.50773	0.76942	3.47100e-05
1.29788e+05	3.68832e-02	7.81185e-02	2.48227	0.04274	3.47100e-05
1.29943e+05	3.68819e-02	8.01474e-02	6.27353	5.57858	3.47100e-05
1.30098e+05	3.68676e-02	7.61017e-02	4.24757	4.70342	3.47100e-05
1.30254e+05	3.68705e-02	7.57435e-02	2.66212	3.72898	3.47100e-05
1.30409e+05	3.68745e-02	7.78714e-02	1.53988	2.69823	3.47100e-05
1.30564e+05	3.68708e-02	7.61127e-02	0.62153	1.63468	3.47100e-05
1.30719e+05	3.68458e-02	7.96791e-02	0.06640	0.56575	3.47100e-05
1.30875e+05	3.68647e-02	7.84427e-02	6.08160	5.74065	3.47100e-05
1.31030e+05	3.68371e-02	7.54563e-02	5.89325	4.55219	3.47100e-05
1.31185e+05	3.68242e-02	7.83437e-02	6.06263	3.22739	3.47100e-05
1.31341e+05	3.68529e-02	7.67235e-02	0.21238	1.83555	3.47100e-05
1.31496e+05	3.68654e-02	7.53812e-02	0.62575	0.35691	3.47100e-05
1.31651e+05	3.68270e-02	7.86436e-02	1.14538	5.12025	3.47100e-05
1.31806e+05	3.68217e-02	7.70864e-02	1.68395	3.59585	3.47100e-05
1.31962e+05	3.68403e-02	7.63896e-02	2.13960	2.01881	3.47100e-05
1.32117e+05	3.68043e-02	7.72760e-02	2.68712	0.32859	3.47100e-05
1.32272e+05	3.68191e-02	7.60635e-02	3.21020	4.76255	3.47100e-05
1.32428e+05	3.68349e-02	7.47459e-02	3.46981	2.84092	3.47100e-05
1.32583e+05	3.67892e-02	7.70114e-02	3.69757	0.86481	3.47100e-05
1.32738e+05	3.67900e-02	7.66158e-02	3.70559	5.16676	3.47100e-05
1.32893e+05	3.68018e-02	7.59272e-02	3.29447	3.12452	3.47100e-05
1.33049e+05	3.67918e-02	7.56875e-02	2.68851	0.96765	3.47100e-05
1.33204e+05	3.67751e-02	7.63673e-02	1.96021	4.88229	3.47100e-05
1.33359e+05	3.67867e-02	7.37985e-02	0.67466	2.47288	3.47100e-05
1.33515e+05	3.67722e-02	7.72448e-02	5.19605	0.04196	3.47100e-05
1.33670e+05	3.67701e-02	7.66057e-02	3.00308	3.85456	3.47100e-05
1.33825e+05	3.67812e-02	7.35206e-02	0.28156	1.26521	3.47100e-05
1.33980e+05	3.67642e-02	7.59914e-02	3.33287	4.75425	3.47100e-05
1.34136e+05	3.67628e-02	7.58990e-02	5.80040	1.88521	3.47100e-05
1.34291e+05	3.67919e-02	7.46688e-02	1.26294	5.23860	3.47100e-05
1.34446e+05	3.67822e-02	7.42312e-02	2.19652	2.30741	3.47100e-05
1.34602e+05	3.67512e-02	7.56265e-02	2.50019	5.49739	3.47100e-05
1.34757e+05	3.67782e-02	7.46831e-02	2.02814	2.24211	3.47100e-05
1.34912e+05	3.67642e-02	7.31550e-02	0.67255	5.08498	3.47100e-05
1.35067e+05	3.67713e-02	7.50733e-02	4.57406	1.72966	3.47100e-05
1.35223e+05	3.67425e-02	7.63164e-02	1.33659	4.53534	3.47100e-05
1.35378e+05	3.67783e-02	7.22119e-02	3.31639	0.89784	3.47100e-05
1.35533e+05	3.67649e-02	7.32925e-02	4.32814	3.27392	3.47100e-05
1.35689e+05	3.67458e-02	7.46388e-02	4.16356	5.69050	3.47100e-05
1.35844e+05	3.67495e-02	7.47155e-02	2.75344	1.81344	3.47100e-05
1.35999e+05	3.67462e-02	7.14377e-02	0.15175	3.96887	3.47100e-05
1.36154e+05	3.67175e-02	7.43605e-02	2.63164	5.92324	3.47100e-05
1.36310e+05	3.67161e-02	7.63285e-02	3.76691	1.52616	3.47100e-05
1.36465e+05	3.67255e-02	7.28239e-02	3.40342	3.43463	3.47100e-05
1.36620e+05	3.67408e-02	7.07789e-02	1.65148	5.07252	3.47100e-05
1.36776e+05	3.67387e-02	7.27419e-02	4.70837	0.18612	3.47100e-05
1.36931e+05	3.67143e-02	7.39906e-02	6.13164	1.63256	3.47100e-05
1.37086e+05	3.66950e-02	7.35543e-02	5.95326	2.96981	3.47100e-05
1.37241e+05	3.67103e-02	7.30051e-02	4.19250	3.99293	3.47100e-05
1.37397e+05	3.67117e-02	7.19891e-02	0.61452	4.91353	3.47100e-05
1.37552e+05	3.67190e-02	7.06758e-02	1.42563	5.83541	3.47100e-05
1.37707e+05	3.67159e-02	6.94442e-02	0.46565	0.17974	3.47100e-05
1.37863e+05	3.67146e-02	7.12580e-02	3.89578	0.61364	3.47100e-05
1.38018e+05	3.67043e-02	7.27509e-02	5.25592	1.07178	3.47100e-05
1.38173e+05	3.66889e-02	7.31990e-02	4.62940	1.28163	3.47100e-05
1.38328e+05	3.66857e-02	7.33204e-02	1.95852	1.22795	3.47100e-05
1.38484e+05	3.66777e-02	7.32290e-02	3.28602	1.19375	3.47100e-05
1.38639e+05	3.66703e-02	7.21108e-02	2.41646	0.90436	3.47100e-05
1.38794e+05	3.66770e-02	7.19021e-02	5.58781	0.35478	3.47100e-05
1.38950e+05	3.66779e-02	7.19326e-02	0.03309	6.06675	3.47100e-05
1.39105e+05	3.66743e-02	7.16807e-02	4.64791	5.29624	3.47100e-05
1.39260e+05	3.66800e-02	7.12596e-02	0.52384	4.25344	3.47100e-05
1.39415e+05	3.66614e-02	7.14877e-02	0.10845	3.03412	3.47100e-05
1.39571e+05	3.66700e-02	7.17353e-02	3.24273	1.78304	3.47100e-05
1.39726e+05	3.66612e-02	7.13309e-02	3.84826	0.13199	3.47100e-05
1.39881e+05	3.66672e-02	7.17580e-02	1.60538	4.68051	3.47100e-05
1.40037e+05	3.66684e-02	7.05352e-02	2.86113	2.72923	3.47100e-05
1.40192e+05	3.66672e-02	6.94232e-02	1.16240	0.63531	3.47100e-05
1.40347e+05	3.66835e-02	6.63270e-02	2.90743	4.46133	3.47100e-05
1.40502e+05	3.66821e-02	6.79378e-02	1.59888	1.90808	3.47100e-05
1.40658e+05	3.66749e-02	6.80865e-02	3.44816	5.38808	3.47100e-05
1.40813e+05	3.66627e-02	6.95233e-02	2.07577	2.47000	3.47100e-05
1.40968e+05	3.66644e-02	6.91343e-02	3.82271	5.44173	3.47100e-05
1.41124e+05	3.66655e-02	6.71202e-02	2.23620	1.98974	3.47100e-05
1.41279e+05	3.66731e-02	6.59861e-02	3.64219	4.53701	3.47100e-05
1.41434e+05	3.66426e-02	6.88507e-02	1.51945	0.62949	3.47100e-05
1.41589e+05	3.66547e-02	6.80988e-02	2.15212	2.72620	3.47100e-05
1.41745e+05	3.66719e-02	6.59442e-02	5.56982	4.58294	3.47100e-05
1.41900e+05	3.66669e-02	6.80777e-02	5.25106	6.22119	3.47100e-05
1.42055e+05	3.66588e-02	6.57896e-02	1.22846	1.23622	3.47100e-05
1.42211e+05	3.66618e-02	6.62126e-02	5.98778	2.35874	3.47100e-05
1.42366e+05	3.66846e-02	6.66354e-02	0.53279	3.14824	3.47100e-05
1.42521e+05	3.66445e-02	6.57750e-02	3.83631	3.68411	3.47100e-05
1.42676e+05	3.66650e-02	6.46645e-02	2.97371	3.96313	3.47100e-05
1.42832e+05	3.66563e-02	6.64934e-02	4.43259	3.88520	3.47100e-05
1.42987e+05	3.66404e-02	6.44071e-02	1.66275	3.53028	3.47100e-05
1.43142e+05	3.66485e-02	6.58834e-02	0.89778	2.96440	3.47100e-05
1.43298e+05	3.66358e-02	6.52483e-02	2.20320	2.07776	3.47100e-05
1.43453e+05	3.66666e-02	6.36250e-02	5.40381	0.78276	3.47100e-05
1.43608e+05	3.66393e-02	6.38108e-02	4.04406	5.55781	3.47100e-05
1.43763e+05	3.66536e-02	6.40673e-02	4.50300	3.75291	3.47100e-05
1.43919e+05	3.66457e-02	6.51058e-02	0.42166	1.49737	3.47100e-05
1.44074e+05	3.66329e-02	6.34222e-02	4.22405	5.25542	3.47100e-05
1.44229e+05	3.66371e-02	6.33758e-02	3.20474	2.42964	3.47100e-05
1.44385e+05	3.66343e-02	6.19654e-02	3.66987	5.53124	3.47100e-05
1.44540e+05	3.66502e-02	6.27106e-02	5.54817	1.90545	3.47100e-05
1.44695e+05	3.66438e-02	6.15161e-02	2.49345	4.18267	3.47100e-05
1.44850e+05	3.66536e-02	6.04572e-02	0.64484	6.13508	3.47100e-05
1.45006e+05	3.66479e-02	6.07188e-02	6.21341	1.42402	3.47100e-05
1.45161e+05	3.66380e-02	6.03494e-02	0.33403	2.58663	3.47100e-05
1.45316e+05	3.66389e-02	6.11219e-02	1.69322	3.37686	3.47100e-05
1.45472e+05	3.66300e-02	6.17398e-02	3.98724	3.73372	3.47100e-05
1.45627e+05	3.66296e-02	6.06715e-02	0.93408	3.62453	3.47100e-05
1.45782e+05	3.66337e-02	6.05593e-02	5.00426	3.07090	3.47100e-05
1.45937e+05	3.66320e-02	6.15854e-02	3.43850	2.09249	3.47100e-05
1.46093e+05	3.66362e-02	5.95032e-02	2.53229	0.65324	3.47100e-05
1.46248e+05	3.66342e-02	6.04649e-02	2.20780	5.00572	3.47100e-05
1.46403e+05	3.66363e-02	5.87298e-02	2.37558	2.57385	3.47100e-05
1.46559e+05	3.66444e-02	5.76328e-02	2.93945	5.87849	3.47100e-05
1.46714e+05	3.66217e-02	5.88457e-02	3.91963	2.36325	3.47100e-05
1.46869e+05	3.66389e-02	5.92405e-02	5.13107	4.64014	3.47100e-05
1.47024e+05	3.66465e-02	5.89399e-02	0.15075	0.17261	3.47100e-05
1.47180e+05	3.66430e-02	5.62361e-02	1.62999	1.42916	3.47100e-05
1.47335e+05	3.66406e-02	5.63736e-02	3.10955	2.14158	3.47100e-05
1.47490e+05	3.66303e-02	5.61982e-02	4.54545	2.28280	3.47100e-05
1.47646e+05	3.66535e-02	5.66433e-02	5.99998	1.63765	3.47100e-05
1.47801e+05	3.66425e-02	5.58786e-02	1.00149	0.42139	3.47100e-05
1.47956e+05	3.66387e-02	5.53331e-02	1.88132	5.08642	3.47100e-05
1.48111e+05	3.66557e-02	5.48039e-02	2.39481	3.06852	3.47100e-05
1.48267e+05	3.66409e-02	5.51874e-02	2.26072	0.88765	3.47100e-05
1.48422e+05	3.66537e-02	5.35870e-02	1.86301	4.08816	3.47100e-05
1.48577e+05	3.66313e-02	5.36651e-02	1.00251	0.41859	3.47100e-05
1.48733e+05	3.66298e-02	5.51025e-02	5.70648	2.58418	3.47100e-05
1.48888e+05	3.66412e-02	5.42248e-02	3.40252	4.20077	3.47100e-05
1.49043e+05	3.66722e-02	5.29018e-02	0.48222	4.97773	3.47100e-05
1.49198e+05	3.66403e-02	5.24859e-02	3.28340	4.82799	3.47100e-05
1.49354e+05	3.66533e-02	5.24836e-02	4.99149	4.25328	3.47100e-05
1.49509e+05	3.66461e-02	5.19786e-02	5.78603	2.92807	3.47100e-05
1.49664e+05	3.66493e-02	5.17232e-02	5.84844	0.56044	3.47100e-05
1.49820e+05	3.66354e-02	5.19206e-02	4.60277	4.01655	3.47100e-05
1.49975e+05	3.66491e-02	4.99673e-02	2.41645	0.16874	3.47100e-05
1.50130e+05	3.66639e-02	5.15513e-02	5.35347	1.75661	3.47100e-05
1.50285e+05	3.66471e-02	4.96843e-02	0.63068	2.67873	3.47100e-05
1.50441e+05	3.66450e-02	4.99275e-02	1.19424	2.34505	3.47100e-05
1.50596e+05	3.66456e-02	4.92662e-02	0.08181	1.48835	3.47100e-05
1.50751e+05	3.66610e-02	4.89323e-02	4.06432	5.63997	3.47100e-05
1.50907e+05	3.66667e-02	4.81834e-02	0.09115	2.84830	3.47100e-05
1.51062e+05	3.66701e-02	4.89428e-02	1.06223	5.03121	3.47100e-05
1.51217e+05	3.66559e-02	4.73325e-02	0.29813	0.15308	3.47100e-05
1.51372e+05	3.66710e-02	4.77187e-02	4.19826	0.38845	3.47100e-05
1.51528e+05	3.66629e-02	4.65442e-02	0.16114	5.72607	3.47100e-05
1.51683e+05	3.66665e-02	4.61266e-02	0.43659	3.89633	3.47100e-05
1.51838e+05	3.66539e-02	4.63270e-02	5.42134	0.56027	3.47100e-05
1.51994e+05	3.66851e-02	4.42380e-02	2.31705	2.14314	3.47100e-05
1.52149e+05	3.66739e-02	4.48668e-02	3.46337	2.58679	3.47100e-05
1.52304e+05	3.66705e-02	4.44999e-02	2.79185	1.24347	3.47100e-05
1.52459e+05	3.66750e-02	4.46228e-02	0.38576	4.26026	3.47100e-05
1.52615e+05	3.66757e-02	4.28244e-02	2.36367	5.55082	3.47100e-05
1.52770e+05	3.66775e-02	4.52850e-02	2.13646	5.23060	3.47100e-05
1.52925e+05	3.67050e-02	4.21887e-02	5.78868	3.70656	3.47100e-05
1.53081e+05	3.66918e-02	4.27009e-02	1.08807	0.38701	3.47100e-05
1.53236e+05	3.67042e-02	4.21781e-02	0.57019	1.48915	3.47100e-05
1.53391e+05	3.66970e-02	3.93569e-02	3.81651	1.34025	3.47100e-05
1.53546e+05	3.66942e-02	4.11691e-02	4.17643	0.37016	3.47100e-05
1.53702e+05	3.66898e-02	3.96617e-02	1.44405	5.33353	3.47100e-05
1.53857e+05	3.66854e-02	4.03258e-02	3.52290	0.59656	3.47100e-05
1.54012e+05	3.66954e-02	3.66438e-02	2.95637	0.33270	3.47100e-05
1.54168e+05	3.66862e-02	3.70884e-02	5.85801	5.30316	3.47100e-05
1.54323e+05	3.67179e-02	3.91854e-02	5.72521	3.09487	3.47100e-05
1.54478e+05	3.67069e-02	3.76208e-02	3.90921	3.64081	3.47100e-05
1.54633e+05	3.66932e-02	3.67713e-02	5.32087	2.43604	3.47100e-05
1.54789e+05	3.67080e-02	3.33326e-02	4.03031	5.78158	3.47100e-05
1.54944e+05	3.67179e-02	3.30059e-02	1.02472	5.07798	3.47100e-05
1.55099e+05	3.67093e-02	2.69571e-02	1.88058	0.95304	3.47100e-05
1.55255e+05	3.67316e-02	3.13981e-02	0.60250	5.97435	3.47100e-05
