# t	a	e	mean_anomaly	varpi	mass/M_star
3.10572e+00	2.33875e-02	2.11117e-02	3.52196	5.25437	1.29620e-05
6.98788e+00	2.33800e-02	1.99162e-02	5.41313	4.59093	1.29620e-05
1.08700e+01	2.34020e-02	2.32039e-02	0.80447	3.99771	1.29620e-05
1.47522e+01	2.34003e-02	2.39653e-02	2.63370	3.30319	1.29620e-05
1.86343e+01	2.34027e-02	2.30618e-02	4.28636	2.56496	1.29620e-05
2.25164e+01	2.33946e-02	2.27809e-02	5.99013	1.90181	1.29620e-05
2.63985e+01	2.33876e-02	1.95948e-02	1.51146	1.25928	1.29620e-05
3.02807e+01	2.33829e-02	1.81430e-02	3.35619	0.61042	1.29620e-05
3.41628e+01	2.33879e-02	2.03188e-02	5.38506	6.07289	1.29620e-05
3.80450e+01	2.34045e-02	2.35665e-02	0.87791	5.38439	1.29620e-05
4.19271e+01	2.33991e-02	2.53014e-02	2.42135	4.60758	1.29620e-05
4.58093e+01	2.33991e-02	2.48605e-02	4.15513	3.96889	1.29620e-05
4.96914e+01	2.33864e-02	1.87164e-02	5.93691	3.22856	1.29620e-05
5.35735e+01	2.33918e-02	1.92843e-02	1.63549	2.40640	1.29620e-05
5.74557e+01	2.33923e-02	2.41606e-02	3.50707	1.58753	1.29620e-05
6.13378e+01	2.33991e-02	2.44111e-02	5.16838	0.80299	1.29620e-05
6.52199e+01	2.33907e-02	2.23663e-02	0.48555	0.07341	1.29620e-05
6.91021e+01	2.33962e-02	2.07025e-02	2.44230	5.54987	1.29620e-05
7.29842e+01	2.33897e-02	2.08634e-02	4.39935	4.69908	1.29620e-05
7.68664e+01	2.34060e-02	2.53503e-02	6.05892	3.89713	1.29620e-05
8.07485e+01	2.33924e-02	2.46739e-02	1.39034	3.15098	1.29620e-05
8.46307e+01	2.33912e-02	2.03196e-02	3.23893	2.34145	1.29620e-05
8.85128e+01	2.33836e-02	1.81286e-02	5.24925	1.45412	1.29620e-05
9.23949e+01	2.34073e-02	2.51035e-02	0.74846	0.61971	1.29620e-05
9.62771e+01	2.34008e-02	2.64434e-02	2.47877	6.18590	1.29620e-05
1.00159e+02	2.33963e-02	2.27506e-02	4.03392	5.46232	1.29620e-05
1.04041e+02	2.33885e-02	2.01398e-02	5.86469	4.72291	1.29620e-05
1.07923e+02	2.33887e-02	2.00923e-02	1.66902	3.84779	1.29620e-05
1.11806e+02	2.33929e-02	2.28022e-02	3.45529	3.13432	1.29620e-05
1.15688e+02	2.33999e-02	2.48564e-02	5.01802	2.35619	1.29620e-05
1.19570e+02	2.34005e-02	2.37518e-02	0.49595	1.66974	1.29620e-05
1.23452e+02	2.33886e-02	1.78866e-02	2.32737	0.88557	1.29620e-05
1.27334e+02	2.33944e-02	2.14438e-02	4.30956	0.10726	1.29620e-05
1.31216e+02	2.33919e-02	2.34671e-02	6.13744	5.75210	1.29620e-05
1.35098e+02	2.34001e-02	2.46164e-02	1.42582	5.12863	1.29620e-05
1.38981e+02	2.33961e-02	2.51377e-02	3.12551	4.45799	1.29620e-05
1.42863e+02	2.33947e-02	1.94320e-02	4.87904	3.72656	1.29620e-05
1.46745e+02	2.33867e-02	1.93705e-02	0.41448	3.10602	1.29620e-05
1.50627e+02	2.33879e-02	1.80178e-02	2.37004	2.43843	1.29620e-05
1.54509e+02	2.33885e-02	1.92860e-02	4.12475	1.90575	1.29620e-05
1.58391e+02	2.33852e-02	1.91453e-02	6.03122	1.29638	1.29620e-05
1.62273e+02	2.33924e-02	2.02292e-02	1.50191	0.72710	1.29620e-05
1.66156e+02	2.33916e-02	2.31718e-02	3.37915	0.10028	1.29620e-05
1.70038e+02	2.34012e-02	2.43859e-02	5.00003	5.70555	1.29620e-05
1.73920e+02	2.34075e-02	2.58647e-02	0.52981	5.26583	1.29620e-05
1.77802e+02	2.34005e-02	2.28344e-02	2.14699	4.64422	1.29620e-05
1.81684e+02	2.34118e-02	2.32409e-02	4.06147	4.20911	1.29620e-05
1.85566e+02	2.33966e-02	2.07589e-02	5.72150	3.55849	1.29620e-05
1.89448e+02	2.33976e-02	2.32100e-02	1.37235	3.13185	1.29620e-05
1.93331e+02	2.33917e-02	2.17594e-02	2.99766	2.55389	1.29620e-05
1.97213e+02	2.33897e-02	2.34422e-02	4.84352	2.10873	1.29620e-05
2.01095e+02	2.33951e-02	2.02492e-02	0.20051	1.54636	1.29620e-05
2.04977e+02	2.33875e-02	1.79265e-02	2.18399	0.89982	1.29620e-05
2.08859e+02	2.33854e-02	1.65150e-02	4.08703	0.27249	1.29620e-05
2.12741e+02	2.33914e-02	1.98836e-02	6.06859	5.88466	1.29620e-05
2.16623e+02	2.33833e-02	1.99178e-02	1.52946	5.33528	1.29620e-05
2.20505e+02	2.33959e-02	2.24622e-02	3.33353	4.73912	1.29620e-05
2.24388e+02	2.33937e-02	2.22972e-02	5.06229	4.09590	1.29620e-05
2.28270e+02	2.34063e-02	2.45378e-02	0.47092	3.34302	1.29620e-05
2.32152e+02	2.33950e-02	2.19540e-02	2.24688	2.66971	1.29620e-05
2.36034e+02	2.33885e-02	2.07203e-02	3.92255	2.11808	1.29620e-05
2.39916e+02	2.33931e-02	2.04332e-02	5.86450	1.42277	1.29620e-05
2.43798e+02	2.33832e-02	1.89317e-02	1.52889	0.69789	1.29620e-05
2.47680e+02	2.34022e-02	2.42239e-02	3.31588	6.21838	1.29620e-05
2.51563e+02	2.33938e-02	2.44771e-02	5.07307	5.55511	1.29620e-05
2.55445e+02	2.33986e-02	2.30054e-02	0.33099	4.85272	1.29620e-05
2.59327e+02	2.33892e-02	2.11667e-02	2.19588	4.20007	1.29620e-05
2.63209e+02	2.33910e-02	1.74426e-02	4.16348	3.44703	1.29620e-05
2.67091e+02	2.33971e-02	2.35156e-02	6.02247	2.76715	1.29620e-05
2.70973e+02	2.33912e-02	2.35771e-02	1.53666	2.18304	1.29620e-05
2.74855e+02	2.34003e-02	2.55582e-02	3.08517	1.51487	1.29620e-05
2.78738e+02	2.33967e-02	2.44754e-02	4.80973	0.96511	1.29620e-05
2.82620e+02	2.33970e-02	1.98241e-02	0.22181	0.29561	1.29620e-05
2.86502e+02	2.33871e-02	1.94874e-02	2.11774	5.97527	1.29620e-05
2.90384e+02	2.33876e-02	1.68660e-02	4.02675	5.33548	1.29620e-05
2.94266e+02	2.33884e-02	2.08381e-02	5.83297	4.80740	1.29620e-05
2.98148e+02	2.33765e-02	1.70249e-02	1.35041	4.27853	1.29620e-05
3.02030e+02	2.33882e-02	2.06432e-02	3.17004	3.73787	1.29620e-05
3.05913e+02	2.33839e-02	1.81048e-02	5.08847	3.17486	1.29620e-05
3.09795e+02	2.34025e-02	2.35318e-02	0.51049	2.64890	1.29620e-05
3.13677e+02	2.33951e-02	2.09960e-02	2.33372	2.17123	1.29620e-05
3.17559e+02	2.34005e-02	2.41124e-02	3.97217	1.59658	1.29620e-05
3.21441e+02	2.34056e-02	2.28356e-02	5.78019	1.10568	1.29620e-05
3.25323e+02	2.33953e-02	2.25236e-02	1.12738	0.33986	1.29620e-05
3.29205e+02	2.33966e-02	2.25873e-02	2.95513	6.00095	1.29620e-05
3.33088e+02	2.33822e-02	1.93709e-02	4.67010	5.36660	1.29620e-05
3.36970e+02	2.33912e-02	2.20567e-02	0.22382	4.75828	1.29620e-05
3.40852e+02	2.33884e-02	1.82782e-02	2.09117	4.12938	1.29620e-05
3.44734e+02	2.33945e-02	2.22740e-02	3.93099	3.40698	1.29620e-05
3.48616e+02	2.34050e-02	2.38758e-02	5.77894	2.76854	1.29620e-05
3.52498e+02	2.33942e-02	2.35539e-02	1.02623	2.02195	1.29620e-05
3.56380e+02	2.33996e-02	2.46498e-02	2.79794	1.49427	1.29620e-05
3.60262e+02	2.33828e-02	1.89400e-02	4.46036	0.88917	1.29620e-05
3.64145e+02	2.33903e-02	1.92993e-02	0.07870	0.30099	1.29620e-05
3.68027e+02	2.33854e-02	1.59417e-02	2.04265	5.93445	1.29620e-05
3.71909e+02	2.33855e-02	2.03873e-02	3.90720	5.37142	1.29620e-05
3.75791e+02	2.33911e-02	1.96212e-02	5.71470	4.86255	1.29620e-05
3.79673e+02	2.33894e-02	2.26534e-02	1.11865	4.34355	1.29620e-05
3.83555e+02	2.33889e-02	2.08888e-02	2.92826	3.84245	1.29620e-05
3.87437e+02	2.34045e-02	2.39452e-02	4.58293	3.12401	1.29620e-05
3.91320e+02	2.34048e-02	2.45948e-02	0.11707	2.62214	1.29620e-05
3.95202e+02	2.34028e-02	2.25261e-02	1.68003	1.97238	1.29620e-05
3.99084e+02	2.33993e-02	2.37991e-02	3.48644	1.48777	1.29620e-05
4.02966e+02	2.33918e-02	1.91533e-02	5.19583	0.89237	1.29620e-05
4.06848e+02	2.33827e-02	1.94539e-02	0.85907	0.27298	1.29620e-05
4.10730e+02	2.33783e-02	1.82631e-02	2.84363	5.89059	1.29620e-05
4.14612e+02	2.33972e-02	2.37289e-02	4.61751	5.26863	1.29620e-05
4.18495e+02	2.33963e-02	2.40894e-02	0.09516	4.72663	1.29620e-05
4.22377e+02	2.34055e-02	2.42760e-02	1.59714	4.01093	1.29620e-05
4.26259e+02	2.33976e-02	2.25015e-02	3.40288	3.35909	1.29620e-05
4.30141e+02	2.33909e-02	1.85039e-02	5.26656	2.57302	1.29620e-05
4.34023e+02	2.33824e-02	2.05882e-02	0.86777	1.92492	1.29620e-05
4.37905e+02	2.33843e-02	1.99852e-02	2.73472	1.28777	1.29620e-05
4.41787e+02	2.33970e-02	2.20711e-02	4.46807	0.68759	1.29620e-05
4.45670e+02	2.33995e-02	2.32906e-02	6.26903	0.10197	1.29620e-05
4.49552e+02	2.34041e-02	2.35001e-02	1.62707	5.65152	1.29620e-05
4.53434e+02	2.34029e-02	2.49831e-02	3.41888	5.15437	1.29620e-05
4.57316e+02	2.34015e-02	2.32367e-02	5.08242	4.56270	1.29620e-05
4.61198e+02	2.34023e-02	2.41590e-02	0.57799	4.22547	1.29620e-05
4.65080e+02	2.33898e-02	2.04573e-02	2.32012	3.57707	1.29620e-05
4.68962e+02	2.34057e-02	2.25071e-02	4.25523	3.21351	1.29620e-05
4.72845e+02	2.33969e-02	2.13217e-02	5.97195	2.54183	1.29620e-05
4.76727e+02	2.33967e-02	2.35289e-02	1.59378	2.11611	1.29620e-05
4.80609e+02	2.34029e-02	2.25501e-02	3.20430	1.59093	1.29620e-05
4.84491e+02	2.33977e-02	2.29381e-02	5.01321	1.12477	1.29620e-05
4.88373e+02	2.33940e-02	2.10959e-02	0.37473	0.62054	1.29620e-05
4.92255e+02	2.34039e-02	2.35606e-02	2.23625	0.26464	1.29620e-05
4.96137e+02	2.33913e-02	2.11036e-02	3.77150	5.95553	1.29620e-05
5.00019e+02	2.34123e-02	2.48488e-02	5.62728	5.76804	1.29620e-05
5.03902e+02	2.34066e-02	2.43875e-02	0.95000	5.36983	1.29620e-05
5.07784e+02	2.34006e-02	2.32028e-02	2.68909	4.99388	1.29620e-05
5.11666e+02	2.33882e-02	1.81684e-02	4.36156	4.78421	1.29620e-05
5.15548e+02	2.33837e-02	1.92635e-02	5.88655	4.38807	1.29620e-05
5.19430e+02	2.33851e-02	1.43386e-02	1.24450	4.05670	1.29620e-05
5.23312e+02	2.33898e-02	1.40076e-02	1.99298	4.34543	1.29620e-05
5.27194e+02	2.33862e-02	1.36058e-02	4.17633	4.73721	1.29620e-05
5.31077e+02	2.33992e-02	1.56241e-02	4.32214	5.35463	1.29620e-05
5.34959e+02	2.34029e-02	1.71801e-02	4.46965	5.47155	1.29620e-05
5.38841e+02	2.33976e-02	1.40839e-02	4.77425	5.86228	1.29620e-05
5.42723e+02	2.34048e-02	1.63116e-02	4.82176	6.18620	1.29620e-05
5.46605e+02	2.33908e-02	1.25739e-02	5.10232	0.08828	1.29620e-05
5.50487e+02	2.33968e-02	1.42874e-02	5.16449	0.54100	1.29620e-05
5.54369e+02	2.34031e-02	1.33503e-02	5.57120	0.49219	1.29620e-05
5.58252e+02	2.33941e-02	1.31435e-02	5.48183	1.11358	1.29620e-05
5.62134e+02	2.34047e-02	1.40806e-02	5.89394	1.03738	1.29620e-05
5.66016e+02	2.33941e-02	1.30900e-02	5.85973	1.56213	1.29620e-05
5.69898e+02	2.33961e-02	1.55451e-02	6.20866	1.65040	1.29620e-05
5.73780e+02	2.34025e-02	1.52970e-02	6.19438	2.13698	1.29620e-05
5.77662e+02	2.34045e-02	1.82379e-02	0.23022	2.33629	1.29620e-05
5.81544e+02	2.33990e-02	1.64768e-02	0.27284	2.84862	1.29620e-05
5.85427e+02	2.34065e-02	2.15035e-02	0.46234	3.23279	1.29620e-05
5.89309e+02	2.33922e-02	1.95401e-02	0.75286	3.53206	1.29620e-05
5.93191e+02	2.33979e-02	2.07127e-02	0.82824	4.13053	1.29620e-05
5.97073e+02	2.33992e-02	2.26840e-02	1.14762	4.42110	1.29620e-05
6.00955e+02	2.33991e-02	1.88952e-02	1.27738	4.86117	1.29620e-05
6.04837e+02	2.34067e-02	2.07344e-02	1.45393	5.36724	1.29620e-05
6.08719e+02	2.33970e-02	1.85159e-02	1.72650	5.36328	1.29620e-05
6.12602e+02	2.34039e-02	1.89437e-02	2.15982	5.83146	1.29620e-05
6.16484e+02	2.33997e-02	1.54236e-02	2.64159	5.98052	1.29620e-05
6.20366e+02	2.33999e-02	1.60150e-02	3.16326	6.07182	1.29620e-05
6.24248e+02	2.33937e-02	1.67262e-02	4.97374	5.64817	1.29620e-05
6.28130e+02	2.34092e-02	1.58723e-02	5.44063	5.82242	1.29620e-05
6.32012e+02	2.33993e-02	1.70705e-02	5.83428	5.92302	1.29620e-05
6.35894e+02	2.34051e-02	1.66448e-02	1.58672	5.21280	1.29620e-05
6.39777e+02	2.33975e-02	1.13630e-02	2.08788	5.71014	1.29620e-05
6.43659e+02	2.34014e-02	1.15735e-02	2.50405	5.67860	1.29620e-05
6.47541e+02	2.33970e-02	7.16986e-03	2.91176	5.95575	1.29620e-05
6.51423e+02	2.33953e-02	9.77260e-03	2.81296	0.28105	1.29620e-05
6.55305e+02	2.33927e-02	5.18741e-03	3.49133	0.65400	1.29620e-05
6.59187e+02	2.33877e-02	1.18326e-02	4.82795	0.33022	1.29620e-05
6.63069e+02	2.34012e-02	1.63066e-02	6.20717	6.24347	1.29620e-05
6.66951e+02	2.33944e-02	1.50696e-02	0.41997	0.07118	1.29620e-05
6.70834e+02	2.33994e-02	1.86456e-02	1.07985	0.25557	1.29620e-05
6.74716e+02	2.33942e-02	1.21800e-02	2.73369	5.87987	1.29620e-05
6.78598e+02	2.33891e-02	6.55939e-03	5.28957	4.76826	1.29620e-05
6.82480e+02	2.33945e-02	8.19210e-03	0.36625	4.29893	1.29620e-05
6.86362e+02	2.33883e-02	8.96934e-03	0.94959	4.49421	1.29620e-05
6.90244e+02	2.34010e-02	6.44749e-03	1.52296	5.41327	1.29620e-05
6.94126e+02	2.33942e-02	7.08720e-03	2.31940	5.43331	1.29620e-05
6.98009e+02	2.33992e-02	9.07689e-03	3.46658	5.49325	1.29620e-05
7.01891e+02	2.33990e-02	9.12812e-03	4.21837	5.48002	1.29620e-05
7.05773e+02	2.33925e-02	1.11214e-02	4.77150	5.65135	1.29620e-05
7.09655e+02	2.33949e-02	9.07630e-03	5.48266	5.87153	1.29620e-05
7.13537e+02	2.33966e-02	1.18559e-02	6.16088	6.07306	1.29620e-05
7.17419e+02	2.33994e-02	1.39097e-02	0.67506	5.96103	1.29620e-05
7.21301e+02	2.33965e-02	1.10383e-02	1.24144	6.19788	1.29620e-05
7.25184e+02	2.33845e-02	2.56786e-03	2.69406	0.63085	1.29620e-05
7.29066e+02	2.33984e-02	1.24922e-02	3.99818	1.30889	1.29620e-05
7.32948e+02	2.34016e-02	1.25189e-02	4.33840	1.46233	1.29620e-05
7.36830e+02	2.33943e-02	8.90303e-03	4.96345	1.71646	1.29620e-05
7.40712e+02	2.33969e-02	7.52324e-03	5.33678	2.16312	1.29620e-05
7.44594e+02	2.33972e-02	6.06875e-03	5.38352	2.92537	1.29620e-05
7.48476e+02	2.33926e-02	8.09748e-03	5.66426	3.45455	1.29620e-05
7.52359e+02	2.33907e-02	3.14657e-03	0.55768	3.37597	1.29620e-05
7.56241e+02	2.33973e-02	1.10510e-02	0.95255	4.08648	1.29620e-05
7.60123e+02	2.33986e-02	1.43978e-02	2.90598	3.26512	1.29620e-05
7.64005e+02	2.34017e-02	9.96497e-03	3.78721	3.33521	1.29620e-05
7.67887e+02	2.33971e-02	1.19490e-02	4.13369	3.46474	1.29620e-05
7.71769e+02	2.34007e-02	1.12003e-02	4.57265	3.48537	1.29620e-05
7.75651e+02	2.33884e-02	9.92031e-03	4.76558	3.80142	1.29620e-05
7.79534e+02	2.33879e-02	8.50351e-03	5.69888	3.63154	1.29620e-05
7.83416e+02	2.33926e-02	1.00970e-02	1.88823	2.49926	1.29620e-05
7.87298e+02	2.33949e-02	7.33826e-03	2.45091	2.65762	1.29620e-05
7.91180e+02	2.33920e-02	8.16273e-03	2.78594	3.16473	1.29620e-05
7.95062e+02	2.33906e-02	8.57319e-03	5.07064	2.26648	1.29620e-05
7.98944e+02	2.33979e-02	1.34915e-02	0.20361	2.39047	1.29620e-05
8.02826e+02	2.33975e-02	1.44215e-02	0.90816	2.36364	1.29620e-05
8.06708e+02	2.34005e-02	1.45655e-02	1.20188	2.68646	1.29620e-05
8.10591e+02	2.33972e-02	1.85577e-02	1.53372	2.78843	1.29620e-05
8.14473e+02	2.33986e-02	1.67721e-02	1.89777	2.91863	1.29620e-05
8.18355e+02	2.33978e-02	1.75408e-02	1.95153	3.37454	1.29620e-05
8.22237e+02	2.34016e-02	1.95996e-02	2.27857	3.79114	1.29620e-05
8.26119e+02	2.33998e-02	1.57043e-02	2.39801	4.03379	1.29620e-05
8.30001e+02	2.33906e-02	1.67766e-02	2.48983	4.74323	1.29620e-05
8.33883e+02	2.34052e-02	1.75148e-02	2.62100	4.89641	1.29620e-05
8.37766e+02	2.33896e-02	1.43797e-02	2.66144	5.64332	1.29620e-05
8.41648e+02	2.34025e-02	1.98475e-02	2.72268	6.02950	1.29620e-05
8.45530e+02	2.33953e-02	1.49861e-02	2.91371	0.19952	1.29620e-05
8.49412e+02	2.33947e-02	1.64654e-02	2.86350	0.89995	1.29620e-05
8.53294e+02	2.34062e-02	1.82554e-02	3.03946	1.52490	1.29620e-05
8.57176e+02	2.33905e-02	1.50962e-02	3.20413	1.68824	1.29620e-05
8.61058e+02	2.34023e-02	1.60937e-02	3.34153	2.28725	1.29620e-05
8.64941e+02	2.33987e-02	1.64033e-02	3.59434	2.32489	1.29620e-05
8.68823e+02	2.33903e-02	1.39390e-02	3.79829	2.77767	1.29620e-05
8.72705e+02	2.34040e-02	1.65997e-02	3.96517	3.02926	1.29620e-05
8.76587e+02	2.33959e-02	1.68926e-02	4.38593	3.12131	1.29620e-05
8.80469e+02	2.34045e-02	1.38288e-02	4.60243	3.32791	1.29620e-05
8.84351e+02	2.33950e-02	1.51160e-02	4.90077	3.64802	1.29620e-05
8.88233e+02	2.33994e-02	1.42854e-02	5.53775	3.68152	1.29620e-05
8.92116e+02	2.34046e-02	1.70815e-02	5.91720	3.85033	1.29620e-05
8.95998e+02	2.33925e-02	1.49355e-02	6.24732	3.93613	1.29620e-05
8.99880e+02	2.33931e-02	1.47975e-02	0.22947	4.41967	1.29620e-05
9.03762e+02	2.33943e-02	1.97024e-02	0.45031	4.64221	1.29620e-05
9.07644e+02	2.33992e-02	1.70163e-02	0.71261	4.92807	1.29620e-05
9.11526e+02	2.34013e-02	1.85114e-02	0.80935	5.50596	1.29620e-05
9.15408e+02	2.34050e-02	2.10910e-02	1.09566	5.96134	1.29620e-05
9.19291e+02	2.34000e-02	1.76954e-02	1.30490	6.23826	1.29620e-05
9.23173e+02	2.33857e-02	1.41004e-02	1.44241	0.71648	1.29620e-05
9.27055e+02	2.33747e-02	9.47751e-03	3.31588	1.55010	1.29620e-05
9.30937e+02	2.33822e-02	1.47414e-02	4.26890	3.04885	1.29620e-05
9.34819e+02	2.34014e-02	2.06588e-02	4.49577	3.58179	1.29620e-05
9.38701e+02	2.33680e-02	9.70244e-03	5.59666	4.06448	1.29620e-05
9.42583e+02	2.34007e-02	2.21974e-02	0.82458	4.74698	1.29620e-05
9.46465e+02	2.33959e-02	1.93889e-02	2.54515	4.50635	1.29620e-05
9.50348e+02	2.33816e-02	1.36658e-02	3.93726	4.40205	1.29620e-05
9.54230e+02	2.33986e-02	2.17955e-02	5.35827	4.37378	1.29620e-05
9.58112e+02	2.33850e-02	1.60086e-02	1.15821	4.56844	1.29620e-05
9.61994e+02	2.33764e-02	1.64814e-02	2.41628	4.41408	1.29620e-05
9.65876e+02	2.33830e-02	1.18749e-02	3.91464	4.11873	1.29620e-05
9.69758e+02	2.33980e-02	1.48250e-02	5.60723	3.78573	1.29620e-05
9.73640e+02	2.34013e-02	1.61749e-02	5.63319	4.62306	1.29620e-05
9.77523e+02	2.33877e-02	1.30385e-02	5.97316	4.98441	1.29620e-05
9.81405e+02	2.33887e-02	1.82837e-02	1.35832	4.66816	1.29620e-05
9.85287e+02	2.34028e-02	1.99474e-02	2.89546	4.35323	1.29620e-05
9.89169e+02	2.34011e-02	1.82847e-02	3.29099	4.95950	1.29620e-05
9.93051e+02	2.33954e-02	1.64704e-02	3.61225	5.20998	1.29620e-05
9.96933e+02	2.33856e-02	9.22424e-03	5.05098	5.80548	1.29620e-05
1.00082e+03	2.33779e-02	9.23812e-03	0.97590	5.95682	1.29620e-05
1.00470e+03	2.33838e-02	9.57015e-03	3.19301	6.19468	1.29620e-05
1.00858e+03	2.33864e-02	9.41624e-03	5.46015	0.08257	1.29620e-05
1.01246e+03	2.33842e-02	1.09890e-02	0.86524	0.76929	1.29620e-05
1.01634e+03	2.33876e-02	1.50742e-02	3.12477	0.90349	1.29620e-05
1.02023e+03	2.33902e-02	1.73649e-02	3.80323	1.18554	1.29620e-05
1.02411e+03	2.34093e-02	2.25149e-02	5.75840	0.81782	1.29620e-05
1.02799e+03	2.33930e-02	1.85259e-02	1.27143	0.11596	1.29620e-05
1.03187e+03	2.34036e-02	2.14987e-02	3.14109	6.02249	1.29620e-05
1.03575e+03	2.33849e-02	1.21335e-02	3.54554	0.81422	1.29620e-05
1.03964e+03	2.33949e-02	1.14835e-02	3.79278	1.33345	1.29620e-05
1.04352e+03	2.33840e-02	8.01248e-03	5.36508	0.90973	1.29620e-05
1.04740e+03	2.33872e-02	1.21112e-02	0.92668	1.02852	1.29620e-05
1.05128e+03	2.34046e-02	1.43372e-02	1.64070	1.23971	1.29620e-05
1.05517e+03	2.33922e-02	1.36265e-02	1.94314	1.47594	1.29620e-05
1.05905e+03	2.33998e-02	1.65018e-02	2.39202	1.65506	1.29620e-05
1.06293e+03	2.33923e-02	1.74357e-02	2.86284	1.69265	1.29620e-05
1.06681e+03	2.33866e-02	1.09151e-02	4.73290	1.42180	1.29620e-05
1.07069e+03	2.33927e-02	6.59288e-03	5.83586	1.32112	1.29620e-05
1.07458e+03	2.33922e-02	9.46997e-03	0.12762	1.76848	1.29620e-05
1.07846e+03	2.33907e-02	7.59282e-03	0.32304	2.31131	1.29620e-05
1.08234e+03	2.33905e-02	9.27952e-03	0.73383	2.86825	1.29620e-05
1.08622e+03	2.33969e-02	1.33801e-02	1.19606	3.09900	1.29620e-05
1.09010e+03	2.33894e-02	1.03928e-02	3.50713	2.60155	1.29620e-05
1.09399e+03	2.33901e-02	1.04672e-02	4.02502	2.90801	1.29620e-05
1.09787e+03	2.33984e-02	1.17820e-02	4.45287	3.21345	1.29620e-05
1.10175e+03	2.33977e-02	1.34281e-02	5.09140	3.27655	1.29620e-05
1.10563e+03	2.33773e-02	8.72945e-03	0.60427	2.92681	1.29620e-05
1.10952e+03	2.33939e-02	1.44476e-02	2.17546	3.04444	1.29620e-05
1.11340e+03	2.33888e-02	1.52143e-02	3.58505	2.52334	1.29620e-05
1.11728e+03	2.33981e-02	9.34106e-03	5.78470	1.50953	1.29620e-05
1.12116e+03	2.33903e-02	1.21876e-02	1.49720	0.58085	1.29620e-05
1.12504e+03	2.34015e-02	1.10105e-02	1.97022	1.05824	1.29620e-05
1.12893e+03	2.33960e-02	9.80010e-03	2.53110	1.19667	1.29620e-05
1.13281e+03	2.33956e-02	8.04084e-03	3.40024	1.30207	1.29620e-05
1.13669e+03	2.33962e-02	9.07046e-03	4.15920	1.24679	1.29620e-05
1.14057e+03	2.33923e-02	8.44735e-03	4.71950	1.68699	1.29620e-05
1.14445e+03	2.33963e-02	8.35707e-03	5.41235	1.74001	1.29620e-05
1.14834e+03	2.33881e-02	5.14914e-03	0.29139	1.41590	1.29620e-05
1.15222e+03	2.33969e-02	4.20235e-03	3.80530	5.80133	1.29620e-05
1.15610e+03	2.33936e-02	1.33502e-02	5.33683	5.36096	1.29620e-05
1.15998e+03	2.34004e-02	9.70028e-03	6.07330	5.52298	1.29620e-05
1.16387e+03	2.33962e-02	1.05614e-02	0.28012	5.63668	1.29620e-05
1.16775e+03	2.34004e-02	1.11269e-02	0.88273	5.63488	1.29620e-05
1.17163e+03	2.33977e-02	9.62427e-03	1.34994	5.69446	1.29620e-05
1.17551e+03	2.33976e-02	1.51921e-02	2.02053	6.16235	1.29620e-05
1.17939e+03	2.33959e-02	1.05009e-02	3.98226	5.31532	1.29620e-05
1.18328e+03	2.33909e-02	1.33768e-02	0.10741	4.19665	1.29620e-05
1.18716e+03	2.33926e-02	1.06480e-02	1.10400	4.13721	1.29620e-05
1.19104e+03	2.33970e-02	9.97440e-03	1.59046	4.38891	1.29620e-05
1.19492e+03	2.33980e-02	1.27135e-02	2.44614	4.38852	1.29620e-05
1.19880e+03	2.33917e-02	1.08746e-02	3.85393	4.05056	1.29620e-05
1.20269e+03	2.34000e-02	9.30282e-03	4.53216	4.12286	1.29620e-05
1.20657e+03	2.33828e-02	4.19339e-03	6.07917	4.35841	1.29620e-05
1.21045e+03	2.33870e-02	6.17450e-03	2.85221	2.55852	1.29620e-05
1.21433e+03	2.33966e-02	8.92124e-03	5.14279	1.95885	1.29620e-05
1.21822e+03	2.33921e-02	1.01708e-02	5.94560	1.96208	1.29620e-05
1.22210e+03	2.33956e-02	1.03292e-02	0.38716	1.91792	1.29620e-05
1.22598e+03	2.33933e-02	7.53306e-03	1.03941	2.44846	1.29620e-05
1.22986e+03	2.33985e-02	8.01934e-03	1.48272	2.68084	1.29620e-05
1.23374e+03	2.33883e-02	4.54372e-03	3.18977	1.88304	1.29620e-05
1.23763e+03	2.33996e-02	7.07842e-03	0.30350	6.05859	1.29620e-05
1.24151e+03	2.33982e-02	5.91908e-03	1.12850	6.03707	1.29620e-05
1.24539e+03	2.33955e-02	4.87755e-03	1.70730	0.20472	1.29620e-05
1.24927e+03	2.34024e-02	5.06633e-03	2.87254	6.26881	1.29620e-05
1.25315e+03	2.33935e-02	6.22703e-03	3.37413	0.25393	1.29620e-05
1.25704e+03	2.34007e-02	7.74893e-03	5.44094	5.64163	1.29620e-05
1.26092e+03	2.33932e-02	1.62647e-03	1.20362	4.58551	1.29620e-05
1.26480e+03	2.34001e-02	1.97730e-03	1.50434	5.04567	1.29620e-05
1.26868e+03	2.33910e-02	9.07369e-03	2.65933	5.00803	1.29620e-05
1.27257e+03	2.33963e-02	9.36567e-03	4.03815	4.63535	1.29620e-05
1.27645e+03	2.33960e-02	1.04810e-02	4.58592	4.78594	1.29620e-05
1.28033e+03	2.33925e-02	8.28484e-03	5.29704	5.07243	1.29620e-05
1.28421e+03	2.33978e-02	9.03360e-03	0.00900	4.90066	1.29620e-05
1.28809e+03	2.33926e-02	9.02664e-03	0.82946	4.81289	1.29620e-05
1.29198e+03	2.33981e-02	2.38025e-03	3.89642	3.21533	1.29620e-05
1.29586e+03	2.33860e-02	5.82411e-03	0.00452	2.12806	1.29620e-05
1.29974e+03	2.33909e-02	8.66757e-03	1.62260	2.20913	1.29620e-05
1.30362e+03	2.33903e-02	1.31345e-02	2.84816	2.06219	1.29620e-05
1.30750e+03	2.33895e-02	9.19746e-03	4.95120	1.31924	1.29620e-05
1.31139e+03	2.33973e-02	6.19397e-03	5.59956	1.64362	1.29620e-05
1.31527e+03	2.33886e-02	8.81991e-03	6.00434	2.02602	1.29620e-05
1.31915e+03	2.33960e-02	8.77066e-03	0.44220	1.93481	1.29620e-05
1.32303e+03	2.33918e-02	6.19938e-03	0.54791	2.63540	1.29620e-05
1.32692e+03	2.33999e-02	7.72558e-03	0.35742	3.45480	1.29620e-05
1.33080e+03	2.33899e-02	5.02517e-03	0.32885	4.59886	1.29620e-05
1.33468e+03	2.33947e-02	1.34943e-02	0.98663	5.27795	1.29620e-05
1.33856e+03	2.34012e-02	1.21520e-02	1.07742	5.80733	1.29620e-05
1.34244e+03	2.33828e-02	6.79366e-03	1.76129	0.04202	1.29620e-05
1.34633e+03	2.34002e-02	1.80877e-02	3.93215	5.91815	1.29620e-05
1.35021e+03	2.33996e-02	1.83568e-02	5.86724	5.44339	1.29620e-05
1.35409e+03	2.33933e-02	1.61823e-02	6.19190	5.60088	1.29620e-05
1.35797e+03	2.33957e-02	1.50230e-02	0.28782	5.88205	1.29620e-05
1.36185e+03	2.33927e-02	1.28606e-02	0.51307	0.00627	1.29620e-05
1.36574e+03	2.34061e-02	1.51857e-02	0.79896	0.21280	1.29620e-05
1.36962e+03	2.33981e-02	1.46864e-02	1.29979	0.24083	1.29620e-05
1.37350e+03	2.34003e-02	1.33826e-02	1.65814	0.37782	1.29620e-05
1.37738e+03	2.33986e-02	1.32348e-02	1.94331	0.71506	1.29620e-05
1.38127e+03	2.33916e-02	1.54606e-02	2.33800	0.77635	1.29620e-05
1.38515e+03	2.33982e-02	1.44955e-02	2.96166	0.81196	1.29620e-05
1.38903e+03	2.33914e-02	1.16209e-02	3.41745	1.00142	1.29620e-05
1.39291e+03	2.33997e-02	1.31796e-02	3.79203	1.32474	1.29620e-05
1.39679e+03	2.33966e-02	1.54582e-02	4.07758	1.80417	1.29620e-05
1.40068e+03	2.33821e-02	1.05001e-02	5.03102	2.00981	1.29620e-05
1.40456e+03	2.33988e-02	1.66053e-02	0.51536	1.80566	1.29620e-05
1.40844e+03	2.33917e-02	1.36972e-02	0.65726	2.48195	1.29620e-05
1.41232e+03	2.34007e-02	1.75594e-02	0.89141	3.12932	1.29620e-05
1.41620e+03	2.33991e-02	1.59998e-02	1.11149	3.28863	1.29620e-05
1.42009e+03	2.33874e-02	1.30301e-02	3.08556	3.67232	1.29620e-05
1.42397e+03	2.33796e-02	1.31414e-02	4.77766	3.32578	1.29620e-05
1.42785e+03	2.33923e-02	1.56099e-02	5.20639	3.74261	1.29620e-05
1.43173e+03	2.33789e-02	7.76526e-03	5.90108	4.12774	1.29620e-05
1.43561e+03	2.33907e-02	5.66103e-03	1.93985	4.32812	1.29620e-05
1.43950e+03	2.33898e-02	5.31931e-04	5.96280	2.69034	1.29620e-05
1.44338e+03	2.33768e-02	1.30562e-04	0.39713	4.53022	1.29620e-05
1.44726e+03	2.33800e-02	4.35013e-03	3.56794	3.87452	1.29620e-05
1.45114e+03	2.33829e-02	6.62712e-03	5.91614	4.10489	1.29620e-05
1.45503e+03	2.33816e-02	7.36400e-03	0.96829	5.30463	1.29620e-05
1.45891e+03	2.34039e-02	1.89378e-02	2.73706	5.71177	1.29620e-05
1.46279e+03	2.33972e-02	1.64801e-02	2.50664	5.99966	1.29620e-05
1.46667e+03	2.33815e-02	1.48619e-02	2.37093	0.52467	1.29620e-05
1.47055e+03	2.34125e-02	2.18469e-02	3.91157	0.75424	1.29620e-05
1.47444e+03	2.34047e-02	1.87002e-02	2.75866	1.02470	1.29620e-05
1.47832e+03	2.33964e-02	1.83864e-02	1.47591	1.55259	1.29620e-05
1.48220e+03	2.34164e-02	2.23245e-02	0.26876	1.98184	1.29620e-05
1.48608e+03	2.34183e-02	2.24420e-02	5.51530	2.17880	1.29620e-05
1.48996e+03	2.34007e-02	1.89460e-02	4.66779	2.73080	1.29620e-05
1.49385e+03	2.34012e-02	1.82188e-02	3.74629	3.06435	1.29620e-05
1.49773e+03	2.34007e-02	1.66435e-02	2.92727	3.26817	1.29620e-05
1.50161e+03	2.34109e-02	1.83361e-02	2.32251	3.47112	1.29620e-05
1.50549e+03	2.34058e-02	1.75000e-02	1.41750	3.63804	1.29620e-05
1.50938e+03	2.33967e-02	1.53650e-02	0.91771	3.98096	1.29620e-05
1.51326e+03	2.34109e-02	1.81506e-02	0.51000	4.23965	1.29620e-05
1.51714e+03	2.34046e-02	1.69853e-02	6.04343	4.35780	1.29620e-05
1.52102e+03	2.34072e-02	1.98450e-02	5.60589	4.67258	1.29620e-05
1.52490e+03	2.33979e-02	1.77446e-02	4.77301	4.95989	1.29620e-05
1.52879e+03	2.33993e-02	1.92489e-02	4.16111	5.06614	1.29620e-05
1.53267e+03	2.34035e-02	2.00860e-02	3.82956	5.63797	1.29620e-05
1.53655e+03	2.34046e-02	2.06593e-02	3.40648	0.02876	1.29620e-05
1.54043e+03	2.34119e-02	2.34055e-02	2.44340	0.53877	1.29620e-05
1.54431e+03	2.33885e-02	1.64196e-02	1.86072	1.10449	1.29620e-05
1.54820e+03	2.34079e-02	2.33292e-02	3.20639	1.55208	1.29620e-05
1.55208e+03	2.33894e-02	1.67779e-02	4.43959	1.56115	1.29620e-05
1.55596e+03	2.33909e-02	1.75288e-02	5.40903	1.40609	1.29620e-05
1.55984e+03	2.33886e-02	1.65681e-02	0.25259	1.13487	1.29620e-05
1.56373e+03	2.33756e-02	1.58256e-02	1.36525	0.89151	1.29620e-05
1.56761e+03	2.33848e-02	1.74917e-02	2.34907	0.70223	1.29620e-05
1.57149e+03	2.33841e-02	1.46424e-02	3.03476	0.77507	1.29620e-05
1.57537e+03	2.33986e-02	2.17797e-02	3.92700	0.86746	1.29620e-05
1.57925e+03	2.34228e-02	2.33612e-02	3.01843	1.46404	1.29620e-05
1.58314e+03	2.34028e-02	1.84092e-02	2.19284	2.10184	1.29620e-05
1.58702e+03	2.34091e-02	2.22519e-02	1.51858	2.63209	1.29620e-05
1.59090e+03	2.34010e-02	2.06752e-02	0.49097	3.01170	1.29620e-05
1.59478e+03	2.34010e-02	1.84067e-02	6.20958	3.31972	1.29620e-05
1.59866e+03	2.34148e-02	2.04847e-02	5.30707	3.68035	1.29620e-05
1.60255e+03	2.34050e-02	1.62579e-02	4.67241	4.02747	1.29620e-05
1.60643e+03	2.34052e-02	1.87613e-02	3.88574	4.27230	1.29620e-05
1.61031e+03	2.33981e-02	1.77520e-02	3.17029	4.70384	1.29620e-05
1.61419e+03	2.34093e-02	1.89560e-02	2.57852	4.81763	1.29620e-05
1.61808e+03	2.34102e-02	2.14244e-02	1.69534	5.09822	1.29620e-05
1.62196e+03	2.33967e-02	1.81115e-02	1.60673	5.87631	1.29620e-05
1.62584e+03	2.34055e-02	2.40003e-02	1.17896	6.18647	1.29620e-05
1.62972e+03	2.34011e-02	2.38207e-02	0.19034	0.17201	1.29620e-05
1.63360e+03	2.34019e-02	2.32827e-02	5.86412	0.44856	1.29620e-05
1.63749e+03	2.34075e-02	2.34720e-02	5.16117	1.06206	1.29620e-05
1.64137e+03	2.34022e-02	2.22028e-02	4.14317	1.41632	1.29620e-05
1.64525e+03	2.33844e-02	1.66428e-02	5.05673	1.45008	1.29620e-05
1.64913e+03	2.33826e-02	1.59883e-02	5.40500	1.75767	1.29620e-05
1.65301e+03	2.33965e-02	2.17685e-02	0.05926	1.76632	1.29620e-05
1.65690e+03	2.34000e-02	2.14996e-02	5.28950	2.21434	1.29620e-05
1.66078e+03	2.33954e-02	1.83961e-02	4.60018	3.00299	1.29620e-05
1.66466e+03	2.34037e-02	1.89193e-02	3.69164	3.31243	1.29620e-05
1.66854e+03	2.34065e-02	2.06160e-02	2.82261	4.04353	1.29620e-05
1.67243e+03	2.34028e-02	1.72760e-02	1.90214	4.43922	1.29620e-05
1.67631e+03	2.34015e-02	1.79689e-02	1.15402	4.68687	1.29620e-05
1.68019e+03	2.34154e-02	1.81504e-02	0.29264	5.29878	1.29620e-05
1.68407e+03	2.34037e-02	1.51342e-02	5.79583	5.53244	1.29620e-05
1.68795e+03	2.34029e-02	1.76183e-02	5.22495	5.95671	1.29620e-05
1.69184e+03	2.33976e-02	1.76515e-02	4.29415	6.19797	1.29620e-05
1.69572e+03	2.34034e-02	2.00561e-02	3.87894	0.05091	1.29620e-05
1.69960e+03	2.34085e-02	1.60569e-02	3.30309	0.35450	1.29620e-05
1.70348e+03	2.34083e-02	1.65279e-02	2.39183	0.58284	1.29620e-05
1.70736e+03	2.34039e-02	1.73838e-02	1.84457	1.04686	1.29620e-05
1.71125e+03	2.34008e-02	1.77217e-02	1.00748	1.22977	1.29620e-05
1.71513e+03	2.34107e-02	2.19347e-02	0.37649	1.70755	1.29620e-05
1.71901e+03	2.34060e-02	2.02037e-02	5.78205	2.01295	1.29620e-05
1.72289e+03	2.34046e-02	2.18139e-02	5.10393	2.28345	1.29620e-05
1.72678e+03	2.34060e-02	2.31931e-02	4.18194	2.90075	1.29620e-05
1.73066e+03	2.33939e-02	1.81186e-02	3.44653	3.23500	1.29620e-05
1.73454e+03	2.34134e-02	2.19080e-02	2.59333	3.76813	1.29620e-05
1.73842e+03	2.34099e-02	2.00754e-02	1.65610	4.41637	1.29620e-05
1.74230e+03	2.34046e-02	1.69298e-02	1.24872	5.16361	1.29620e-05
1.74619e+03	2.33832e-02	1.41760e-02	2.46859	4.80399	1.29620e-05
1.75007e+03	2.34034e-02	1.76071e-02	2.24313	5.28467	1.29620e-05
1.75395e+03	2.34001e-02	1.77122e-02	1.80774	5.92449	1.29620e-05
1.75783e+03	2.34009e-02	1.72383e-02	1.16805	6.09966	1.29620e-05
1.76171e+03	2.34054e-02	1.94818e-02	0.32627	0.09184	1.29620e-05
1.76560e+03	2.34093e-02	1.75310e-02	6.24638	0.50797	1.29620e-05
1.76948e+03	2.34135e-02	1.81711e-02	5.28908	0.80738	1.29620e-05
1.77336e+03	2.33968e-02	1.42965e-02	4.87620	1.20297	1.29620e-05
1.77724e+03	2.33986e-02	1.57575e-02	4.69436	1.58344	1.29620e-05
1.78113e+03	2.34042e-02	1.71325e-02	4.55459	1.87039	1.29620e-05
1.78501e+03	2.34123e-02	1.93311e-02	4.00437	2.27706	1.29620e-05
1.78889e+03	2.34025e-02	2.13232e-02	3.01143	2.56991	1.29620e-05
1.79277e+03	2.33977e-02	2.06452e-02	2.62888	2.66645	1.29620e-05
1.79665e+03	2.34077e-02	1.92153e-02	4.09045	2.55693	1.29620e-05
1.80054e+03	2.33851e-02	1.18085e-02	5.28104	2.46632	1.29620e-05
1.80442e+03	2.33948e-02	1.44314e-02	5.28575	2.89053	1.29620e-05
1.80830e+03	2.34031e-02	1.69365e-02	4.90878	3.57758	1.29620e-05
1.81218e+03	2.34076e-02	1.89739e-02	4.46769	4.22852	1.29620e-05
1.81606e+03	2.34046e-02	1.65653e-02	3.61668	4.62125	1.29620e-05
1.81995e+03	2.33992e-02	1.46173e-02	2.77996	4.96575	1.29620e-05
1.82383e+03	2.33914e-02	1.03974e-02	3.35194	4.97542	1.29620e-05
1.82771e+03	2.33942e-02	1.86980e-02	4.16152	5.04377	1.29620e-05
1.83159e+03	2.34075e-02	2.42236e-02	5.54274	4.82556	1.29620e-05
1.83548e+03	2.34145e-02	2.35413e-02	5.31716	5.00997	1.29620e-05
1.83936e+03	2.33799e-02	1.50574e-02	0.29686	4.96838	1.29620e-05
1.84324e+03	2.33913e-02	1.66945e-02	1.13333	4.69157	1.29620e-05
1.84712e+03	2.34005e-02	1.21536e-02	2.44326	4.01258	1.29620e-05
1.85100e+03	2.33965e-02	1.58656e-02	4.08598	3.33260	1.29620e-05
1.85489e+03	2.34063e-02	2.08390e-02	5.57281	2.60902	1.29620e-05
1.85877e+03	2.33888e-02	1.41630e-02	0.75245	2.28823	1.29620e-05
1.86265e+03	2.33910e-02	1.66838e-02	0.80792	2.48938	1.29620e-05
1.86653e+03	2.34008e-02	1.97001e-02	0.16785	2.71574	1.29620e-05
1.87041e+03	2.34135e-02	2.02746e-02	5.49544	2.96159	1.29620e-05
1.87430e+03	2.33994e-02	1.82719e-02	5.09911	3.46690	1.29620e-05
1.87818e+03	2.33844e-02	1.68842e-02	0.32282	3.90867	1.29620e-05
1.88206e+03	2.34120e-02	2.34399e-02	6.11665	4.21378	1.29620e-05
1.88594e+03	2.34159e-02	2.53495e-02	5.13937	4.67143	1.29620e-05
1.88983e+03	2.33815e-02	1.79742e-02	0.09087	4.89044	1.29620e-05
1.89371e+03	2.33875e-02	1.50225e-02	0.84274	4.98118	1.29620e-05
1.89759e+03	2.33909e-02	1.67414e-02	1.26724	5.23508	1.29620e-05
1.90147e+03	2.34012e-02	2.09143e-02	2.74928	5.77179	1.29620e-05
1.90535e+03	2.34107e-02	2.02190e-02	1.88971	6.09977	1.29620e-05
1.90924e+03	2.33974e-02	2.07577e-02	1.14455	0.07502	1.29620e-05
1.91312e+03	2.33876e-02	1.56164e-02	2.74520	0.36949	1.29620e-05
1.91700e+03	2.34015e-02	1.85129e-02	2.35086	0.97349	1.29620e-05
1.92088e+03	2.34070e-02	1.73995e-02	1.44797	1.26765	1.29620e-05
1.92476e+03	2.34019e-02	1.74966e-02	1.02732	1.73737	1.29620e-05
1.92865e+03	2.34048e-02	1.60126e-02	0.19842	1.97788	1.29620e-05
1.93253e+03	2.34114e-02	1.98976e-02	6.00183	2.12155	1.29620e-05
1.93641e+03	2.34010e-02	1.50729e-02	5.97521	2.67791	1.29620e-05
1.94029e+03	2.33905e-02	1.23391e-02	6.23445	2.70409	1.29620e-05
1.94418e+03	2.34095e-02	1.65732e-02	6.21634	3.11193	1.29620e-05
1.94806e+03	2.34143e-02	1.70055e-02	5.44594	3.54311	1.29620e-05
1.95194e+03	2.34026e-02	1.59416e-02	4.57204	3.85072	1.29620e-05
1.95582e+03	2.33897e-02	1.22534e-02	4.42197	4.44049	1.29620e-05
1.95970e+03	2.33955e-02	1.37458e-02	4.69381	5.66763	1.29620e-05
1.96359e+03	2.33767e-02	9.72653e-03	5.59022	0.24462	1.29620e-05
1.96747e+03	2.33924e-02	1.30341e-02	0.72117	0.74451	1.29620e-05
1.97135e+03	2.33855e-02	1.02319e-02	2.38908	1.04087	1.29620e-05
1.97523e+03	2.33901e-02	8.15325e-03	3.65552	1.67327	1.29620e-05
1.97911e+03	2.33871e-02	9.89513e-03	5.22320	2.08099	1.29620e-05
1.98300e+03	2.33832e-02	1.09334e-02	0.64427	2.34856	1.29620e-05
1.98688e+03	2.33883e-02	9.85855e-03	2.41650	2.57696	1.29620e-05
1.99076e+03	2.33803e-02	8.32749e-03	3.67163	3.22707	1.29620e-05
1.99464e+03	2.33941e-02	1.27311e-02	4.95317	3.80724	1.29620e-05
1.99853e+03	2.33842e-02	8.72357e-03	6.26443	4.40188	1.29620e-05
2.00241e+03	2.33878e-02	1.14108e-02	0.86205	5.33612	1.29620e-05
2.00629e+03	2.33840e-02	1.01890e-02	2.45000	5.76122	1.29620e-05
2.01017e+03	2.33862e-02	7.65077e-03	3.69528	0.18605	1.29620e-05
2.01405e+03	2.33850e-02	9.61745e-03	4.99187	0.85753	1.29620e-05
2.01794e+03	2.33906e-02	1.04994e-02	0.41099	1.18647	1.29620e-05
2.02182e+03	2.33835e-02	1.10481e-02	2.08804	1.52097	1.29620e-05
2.02570e+03	2.33901e-02	9.16867e-03	3.64313	1.97831	1.29620e-05
2.02958e+03	2.33795e-02	1.08912e-02	4.96170	2.59691	1.29620e-05
2.03346e+03	2.33866e-02	1.36800e-02	0.30758	2.96328	1.29620e-05
2.03735e+03	2.33895e-02	1.14675e-02	1.92753	3.34564	1.29620e-05
2.04123e+03	2.33866e-02	1.18330e-02	2.74864	4.31564	1.29620e-05
2.04511e+03	2.33925e-02	1.28835e-02	4.47003	4.60334	1.29620e-05
2.04899e+03	2.33787e-02	7.67985e-03	5.42045	5.47358	1.29620e-05
2.05288e+03	2.33896e-02	1.00263e-02	0.47328	6.09578	1.29620e-05
2.05676e+03	2.33789e-02	8.58798e-03	2.19958	0.11170	1.29620e-05
2.06064e+03	2.33964e-02	6.43410e-03	3.67460	0.60706	1.29620e-05
2.06452e+03	2.33826e-02	7.71920e-03	4.91254	1.36147	1.29620e-05
2.06840e+03	2.33881e-02	1.02075e-02	0.19977	1.76139	1.29620e-05
2.07229e+03	2.33885e-02	1.10557e-02	1.90927	2.07021	1.29620e-05
2.07617e+03	2.33838e-02	1.04506e-02	3.50610	2.46913	1.29620e-05
2.08005e+03	2.33894e-02	1.34926e-02	4.51393	3.26615	1.29620e-05
2.08393e+03	2.33880e-02	1.45214e-02	6.17631	3.60392	1.29620e-05
2.08781e+03	2.33867e-02	1.11587e-02	0.87480	4.41989	1.29620e-05
2.09170e+03	2.33911e-02	1.17915e-02	2.26448	5.00058	1.29620e-05
2.09558e+03	2.33853e-02	1.09500e-02	3.98018	5.31333	1.29620e-05
2.09946e+03	2.33832e-02	7.77647e-03	5.50822	5.75041	1.29620e-05
2.10334e+03	2.33871e-02	6.88772e-03	0.52609	0.17105	1.29620e-05
2.10723e+03	2.33854e-02	8.81207e-03	2.01741	0.68311	1.29620e-05
2.11111e+03	2.33934e-02	7.80736e-03	3.83164	0.90997	1.29620e-05
2.11499e+03	2.33814e-02	8.04606e-03	5.27819	1.46876	1.29620e-05
2.11887e+03	2.33926e-02	8.49997e-03	0.08444	2.31965	1.29620e-05
2.12275e+03	2.33821e-02	1.25015e-02	1.62814	2.73619	1.29620e-05
2.12664e+03	2.33903e-02	9.77379e-03	3.01842	3.33849	1.29620e-05
2.13052e+03	2.33898e-02	1.34605e-02	3.92099	4.18869	1.29620e-05
2.13440e+03	2.33873e-02	1.21034e-02	5.55643	4.54873	1.29620e-05
2.13828e+03	2.33909e-02	1.09387e-02	0.40224	5.31048	1.29620e-05
2.14216e+03	2.33804e-02	1.04264e-02	1.99947	5.71170	1.29620e-05
2.14605e+03	2.33981e-02	9.60547e-03	3.81412	5.93590	1.29620e-05
2.14993e+03	2.33801e-02	9.19164e-03	5.52120	6.23453	1.29620e-05
2.15381e+03	2.33924e-02	7.67739e-03	0.76656	0.44037	1.29620e-05
2.15769e+03	2.33850e-02	8.15710e-03	2.03636	1.11602	1.29620e-05
2.16157e+03	2.33894e-02	1.12742e-02	3.59286	1.53752	1.29620e-05
2.16546e+03	2.33837e-02	9.17724e-03	5.12359	1.98450	1.29620e-05
2.16934e+03	2.33907e-02	1.37891e-02	5.60030	3.19623	1.29620e-05
2.17322e+03	2.33968e-02	1.91461e-02	5.62678	3.69908	1.29620e-05
2.17710e+03	2.34057e-02	1.96796e-02	4.76061	4.24765	1.29620e-05
2.18099e+03	2.34027e-02	1.77232e-02	4.02408	4.50023	1.29620e-05
2.18487e+03	2.33983e-02	1.33308e-02	3.95451	4.84428	1.29620e-05
2.18875e+03	2.34002e-02	2.05633e-02	4.00907	5.42977	1.29620e-05
2.19263e+03	2.34007e-02	2.18609e-02	3.80214	6.02426	1.29620e-05
2.19651e+03	2.34121e-02	1.75799e-02	2.98157	0.04831	1.29620e-05
2.20040e+03	2.34034e-02	1.73294e-02	2.26102	0.25119	1.29620e-05
2.20428e+03	2.33923e-02	1.54729e-02	2.13175	0.53913	1.29620e-05
2.20816e+03	2.34040e-02	1.98268e-02	2.15159	1.29973	1.29620e-05
2.21204e+03	2.34037e-02	1.84782e-02	1.78960	1.50038	1.29620e-05
2.21592e+03	2.33861e-02	1.33189e-02	1.86006	2.47578	1.29620e-05
2.21981e+03	2.34057e-02	1.69073e-02	1.30793	3.03184	1.29620e-05
2.22369e+03	2.34169e-02	1.77292e-02	0.32252	3.30919	1.29620e-05
2.22757e+03	2.34071e-02	1.68794e-02	6.16194	3.46075	1.29620e-05
2.23145e+03	2.33792e-02	1.06678e-02	1.29847	3.61421	1.29620e-05
2.23534e+03	2.33954e-02	1.57792e-02	1.39848	3.96358	1.29620e-05
2.23922e+03	2.34096e-02	1.93277e-02	0.71205	4.30024	1.29620e-05
2.24310e+03	2.34095e-02	1.90050e-02	5.94700	4.60284	1.29620e-05
2.24698e+03	2.34082e-02	1.82467e-02	4.88912	5.05080	1.29620e-05
2.25086e+03	2.34095e-02	1.81701e-02	3.86794	5.44121	1.29620e-05
2.25475e+03	2.34055e-02	1.75837e-02	2.65279	5.96659	1.29620e-05
2.25863e+03	2.34067e-02	1.95216e-02	1.57226	0.10528	1.29620e-05
2.26251e+03	2.33990e-02	1.69592e-02	0.73381	0.42642	1.29620e-05
2.26639e+03	2.33982e-02	1.83848e-02	5.86923	0.89036	1.29620e-05
2.27027e+03	2.34070e-02	1.82485e-02	5.22600	1.12527	1.29620e-05
2.27416e+03	2.34048e-02	1.92903e-02	4.17819	1.48906	1.29620e-05
2.27804e+03	2.34038e-02	2.05693e-02	3.42770	1.98550	1.29620e-05
2.28192e+03	2.34051e-02	1.93771e-02	3.17598	2.19049	1.29620e-05
2.28580e+03	2.33891e-02	1.08637e-02	4.01990	2.46977	1.29620e-05
2.28969e+03	2.33879e-02	1.15046e-02	5.30242	2.83924	1.29620e-05
2.29357e+03	2.34032e-02	2.05438e-02	5.71413	2.99358	1.29620e-05
2.29745e+03	2.33942e-02	9.08267e-03	0.53286	3.09616	1.29620e-05
2.30133e+03	2.33957e-02	1.81055e-02	1.64344	2.95525	1.29620e-05
2.30521e+03	2.33931e-02	1.06038e-02	3.06182	2.49414	1.29620e-05
2.30910e+03	2.33933e-02	1.14650e-02	4.74747	1.47208	1.29620e-05
2.31298e+03	2.33950e-02	1.45488e-02	6.04663	0.69241	1.29620e-05
2.31686e+03	2.34083e-02	1.56197e-02	1.12719	0.43957	1.29620e-05
2.32074e+03	2.33909e-02	1.02027e-02	1.45327	0.68262	1.29620e-05
2.32462e+03	2.33867e-02	1.16248e-02	3.13364	0.85964	1.29620e-05
2.32851e+03	2.33935e-02	1.58074e-02	2.99216	1.35395	1.29620e-05
2.33239e+03	2.33876e-02	1.20067e-02	2.95252	1.85403	1.29620e-05
2.33627e+03	2.34041e-02	2.16254e-02	4.39378	1.56627	1.29620e-05
2.34015e+03	2.33988e-02	1.83312e-02	5.81751	1.50868	1.29620e-05
2.34404e+03	2.33844e-02	1.70579e-02	0.91071	0.95150	1.29620e-05
2.34792e+03	2.33839e-02	1.07291e-02	1.84593	0.78155	1.29620e-05
2.35180e+03	2.34030e-02	1.37401e-02	2.48549	0.73701	1.29620e-05
2.35568e+03	2.34112e-02	1.51057e-02	1.66135	1.43262	1.29620e-05
2.35956e+03	2.34045e-02	1.39722e-02	0.67028	1.62867	1.29620e-05
2.36345e+03	2.33972e-02	1.10152e-02	0.27405	1.78348	1.29620e-05
2.36733e+03	2.33992e-02	1.27258e-02	6.12620	2.40922	1.29620e-05
2.37121e+03	2.34188e-02	1.18144e-02	5.48540	2.49097	1.29620e-05
2.37509e+03	2.33961e-02	8.99086e-03	4.26880	3.21663	1.29620e-05
2.37897e+03	2.33977e-02	9.04112e-03	4.27501	3.35698	1.29620e-05
2.38286e+03	2.34181e-02	8.27078e-03	2.94315	3.38716	1.29620e-05
2.38674e+03	2.34055e-02	4.00227e-03	0.26427	4.33301	1.29620e-05
2.39062e+03	2.33981e-02	1.09835e-03	0.79619	3.98235	1.29620e-05
2.39450e+03	2.34047e-02	3.55575e-03	1.77010	2.81602	1.29620e-05
2.39839e+03	2.34010e-02	1.95335e-03	1.55661	3.43438	1.29620e-05
2.40227e+03	2.34145e-02	6.88935e-03	2.01790	2.97788	1.29620e-05
2.40615e+03	2.34071e-02	7.70208e-03	1.11243	3.20904	1.29620e-05
2.41003e+03	2.34128e-02	8.79316e-03	5.98505	3.78894	1.29620e-05
2.41391e+03	2.33945e-02	1.17456e-02	4.89709	4.09850	1.29620e-05
2.41780e+03	2.33991e-02	9.52155e-03	4.58657	4.32060	1.29620e-05
2.42168e+03	2.34011e-02	1.47821e-02	4.35789	4.49160	1.29620e-05
2.42556e+03	2.33900e-02	7.56017e-03	4.67562	4.87598	1.29620e-05
2.42944e+03	2.34055e-02	4.58466e-03	0.23235	4.16628	1.29620e-05
2.43332e+03	2.34110e-02	8.46490e-03	4.86184	5.11728	1.29620e-05
2.43721e+03	2.34180e-02	7.71403e-03	2.22947	0.19630	1.29620e-05
2.44109e+03	2.34043e-02	1.07839e-02	1.58977	0.28748	1.29620e-05
2.44497e+03	2.34001e-02	9.06397e-03	1.04398	0.45348	1.29620e-05
2.44885e+03	2.34104e-02	5.56286e-03	5.78088	1.34581	1.29620e-05
2.45274e+03	2.33999e-02	1.24060e-02	4.89483	1.92876	1.29620e-05
2.45662e+03	2.33907e-02	8.42742e-03	4.93254	2.34966	1.29620e-05
2.46050e+03	2.34180e-02	5.71593e-03	4.95669	2.62128	1.29620e-05
2.46438e+03	2.33875e-02	8.48263e-03	3.41680	5.00802	1.29620e-05
2.46826e+03	2.34086e-02	8.88153e-03	2.69481	0.06210	1.29620e-05
2.47215e+03	2.33988e-02	2.40968e-03	3.13753	0.24623	1.29620e-05
2.47603e+03	2.34110e-02	2.81536e-03	3.21954	0.87124	1.29620e-05
2.47991e+03	2.33875e-02	1.12730e-02	3.66716	1.23348	1.29620e-05
2.48379e+03	2.34024e-02	5.34714e-03	3.31886	2.67428	1.29620e-05
2.48767e+03	2.33993e-02	4.52679e-03	5.93743	2.20911	1.29620e-05
2.49156e+03	2.34128e-02	6.14674e-03	4.78761	3.36378	1.29620e-05
2.49544e+03	2.34001e-02	4.38067e-03	2.19239	5.45695	1.29620e-05
2.49932e+03	2.34019e-02	7.09351e-03	5.17212	2.35721	1.29620e-05
2.50320e+03	2.34138e-02	1.07995e-02	5.67876	1.07770	1.29620e-05
2.50709e+03	2.33997e-02	1.16302e-02	5.52136	0.12247	1.29620e-05
2.51097e+03	2.34199e-02	1.09818e-02	4.91854	0.02850	1.29620e-05
2.51485e+03	2.34087e-02	1.45044e-02	2.18440	2.07442	1.29620e-05
2.51873e+03	2.33645e-02	1.07159e-02	0.41229	3.74608	1.29620e-05
2.52261e+03	2.33998e-02	1.94911e-02	3.51396	1.54810	1.29620e-05
2.52650e+03	2.34306e-02	9.64435e-03	0.02503	3.94139	1.29620e-05
2.53038e+03	2.33930e-02	9.40399e-03	0.37756	3.10795	1.29620e-05
2.53426e+03	2.33906e-02	7.57087e-03	1.01119	4.33065	1.29620e-05
2.53814e+03	2.33716e-02	1.68705e-02	5.68575	0.32511	1.29620e-05
2.54202e+03	2.33740e-02	7.05411e-03	1.10269	1.36128	1.29620e-05
2.54591e+03	2.34002e-02	8.91743e-03	0.77685	4.02385	1.29620e-05
2.54979e+03	2.34019e-02	2.53267e-02	5.37312	6.17659	1.29620e-05
2.55367e+03	2.33644e-02	1.17254e-02	2.34743	0.12228	1.29620e-05
2.55755e+03	2.33668e-02	1.14751e-02	6.12231	0.60448	1.29620e-05
2.56144e+03	2.33615e-02	7.61131e-04	4.28076	0.63095	1.29620e-05
2.56532e+03	2.33644e-02	8.80942e-03	1.86236	1.18919	1.29620e-05
2.56920e+03	2.33770e-02	1.27613e-02	6.01018	2.21389	1.29620e-05
2.57308e+03	2.33564e-02	2.08204e-02	2.68043	4.40224	1.29620e-05
2.57696e+03	2.34002e-02	1.65101e-02	3.31581	4.75292	1.29620e-05
2.58085e+03	2.33909e-02	1.30967e-02	2.94827	1.73646	1.29620e-05
2.58473e+03	2.33785e-02	1.71853e-02	6.19212	0.63911	1.29620e-05
2.58861e+03	2.33885e-02	2.03496e-02	5.66117	3.43985	1.29620e-05
2.59249e+03	2.33735e-02	2.64515e-02	0.08095	4.51129	1.29620e-05
2.59637e+03	2.33781e-02	1.06262e-02	1.82848	4.09675	1.29620e-05
2.60026e+03	2.34335e-02	1.79892e-02	3.22742	4.45637	1.29620e-05
2.60414e+03	2.33904e-02	2.12746e-02	5.84601	4.01368	1.29620e-05
2.60802e+03	2.33809e-02	1.37726e-02	0.12531	4.21189	1.29620e-05
2.61190e+03	2.33995e-02	1.44963e-02	5.08073	2.21394	1.29620e-05
2.61579e+03	2.33739e-02	1.66887e-02	2.11440	0.08699	1.29620e-05
2.61967e+03	2.33549e-02	2.35300e-02	5.77404	6.16497	1.29620e-05
2.62355e+03	2.33591e-02	5.84222e-02	3.64996	5.87159	1.29620e-05
2.62743e+03	2.33663e-02	3.14267e-02	2.11886	5.58411	1.29620e-05
2.63131e+03	2.33536e-02	1.27835e-02	1.00316	5.65720	1.29620e-05
2.63520e+03	2.33713e-02	2.11476e-02	1.02329	3.11171	1.29620e-05
2.63908e+03	2.33538e-02	3.36069e-02	4.43569	3.11970	1.29620e-05
2.64296e+03	2.33658e-02	2.86925e-02	2.02967	3.42006	1.29620e-05
2.64684e+03	2.33952e-02	4.58309e-02	1.75517	1.63521	1.29620e-05
2.65072e+03	2.33692e-02	2.84696e-02	5.87813	1.61866	1.29620e-05
2.65461e+03	2.33952e-02	2.59871e-02	5.52659	0.44509	1.29620e-05
2.65849e+03	2.33424e-02	2.09804e-02	3.16899	0.99957	1.29620e-05
2.66237e+03	2.33931e-02	1.13462e-02	2.94968	0.34024	1.29620e-05
2.66625e+03	2.33799e-02	4.04202e-02	1.36813	0.84798	1.29620e-05
2.67014e+03	2.33261e-02	1.32593e-02	1.52111	1.47075	1.29620e-05
2.67402e+03	2.33532e-02	4.85655e-02	3.21242	0.31110	1.29620e-05
2.67790e+03	2.33816e-02	2.54039e-02	3.85156	5.82097	1.29620e-05
2.68178e+03	2.33532e-02	1.43252e-02	5.52404	4.50543	1.29620e-05
2.68566e+03	2.33668e-02	2.88532e-02	0.05693	4.22000	1.29620e-05
2.68955e+03	2.33508e-02	2.58800e-02	1.68924	2.91629	1.29620e-05
2.69343e+03	2.33183e-02	2.29661e-02	4.34797	0.32042	1.29620e-05
2.69731e+03	2.33405e-02	2.11297e-02	2.10106	2.27342	1.29620e-05
2.70119e+03	2.33666e-02	4.37863e-02	4.56026	0.39474	1.29620e-05
2.70507e+03	2.33771e-02	5.31939e-02	6.26183	5.63410	1.29620e-05
2.70896e+03	2.33362e-02	1.45792e-02	2.43670	4.93323	1.29620e-05
2.71284e+03	2.32938e-02	2.67924e-02	4.87219	5.64389	1.29620e-05
2.71672e+03	2.33132e-02	5.16135e-02	2.70056	4.27091	1.29620e-05
2.72060e+03	2.33523e-02	5.24261e-02	5.13827	3.40609	1.29620e-05
2.72449e+03	2.33336e-02	2.05614e-02	2.47925	2.87044	1.29620e-05
2.72837e+03	2.33207e-02	4.21533e-02	1.21401	3.22400	1.29620e-05
2.73225e+03	2.33484e-02	6.61689e-02	4.45484	2.52440	1.29620e-05
2.73613e+03	2.33245e-02	4.13113e-02	2.89620	2.00046	1.29620e-05
2.74001e+03	2.33239e-02	1.70590e-02	1.14681	1.35783	1.29620e-05
2.74390e+03	2.32894e-02	4.63004e-02	3.65905	3.00129	1.29620e-05
2.74778e+03	2.32991e-02	2.12811e-02	2.33276	1.63386	1.29620e-05
2.75166e+03	2.33222e-02	3.37196e-02	2.46875	5.79770	1.29620e-05
2.75554e+03	2.33082e-02	4.10574e-02	2.54572	4.23787	1.29620e-05
2.75942e+03	2.33015e-02	7.49474e-02	2.98623	2.91416	1.29620e-05
2.76331e+03	2.33014e-02	5.21188e-02	3.61126	1.61542	1.29620e-05
2.76719e+03	2.33515e-02	1.81830e-02	3.70604	0.75019	1.29620e-05
2.77107e+03	2.33516e-02	1.43751e-02	0.75418	3.21195	1.29620e-05
2.77495e+03	2.33225e-02	4.81134e-02	2.42341	1.92860	1.29620e-05
2.77884e+03	2.33095e-02	6.54413e-02	4.46090	0.76988	1.29620e-05
2.78272e+03	2.33101e-02	6.41920e-02	6.10289	5.97969	1.29620e-05
2.78660e+03	2.32781e-02	4.90281e-02	0.79893	5.20549	1.29620e-05
2.79048e+03	2.32767e-02	2.56172e-02	3.35385	3.76551	1.29620e-05
2.79436e+03	2.33004e-02	1.34296e-02	0.94558	1.53615	1.29620e-05
2.79825e+03	2.32678e-02	5.13189e-02	5.04051	5.62571	1.29620e-05
2.80213e+03	2.32768e-02	5.65507e-02	2.42454	4.01739	1.29620e-05
2.80601e+03	2.33145e-02	7.00975e-02	5.99809	3.00784	1.29620e-05
2.80989e+03	2.32613e-02	8.31133e-02	3.55074	2.06488	1.29620e-05
2.81377e+03	2.32388e-02	8.56208e-02	1.22670	1.03462	1.29620e-05
2.81766e+03	2.32827e-02	5.76045e-02	5.51998	0.03024	1.29620e-05
2.82154e+03	2.33054e-02	3.81037e-02	4.02184	5.51500	1.29620e-05
2.82542e+03	2.32804e-02	1.79790e-02	0.18039	0.72322	1.29620e-05
2.82930e+03	2.32926e-02	5.67672e-02	4.64251	0.58004	1.29620e-05
2.83319e+03	2.32370e-02	7.25240e-02	4.47924	5.87814	1.29620e-05
2.83707e+03	2.32238e-02	7.99390e-02	3.93260	4.83794	1.29620e-05
2.84095e+03	2.32362e-02	7.57549e-02	3.70013	3.90426	1.29620e-05
2.84483e+03	2.32816e-02	6.65791e-02	4.25986	3.17995	1.29620e-05
2.84871e+03	2.32309e-02	5.19958e-02	3.71303	2.75088	1.29620e-05
2.85260e+03	2.32324e-02	7.78527e-03	2.74181	4.58732	1.29620e-05
2.85648e+03	2.32437e-02	7.42522e-02	3.59548	4.09794	1.29620e-05
2.86036e+03	2.32534e-02	7.33559e-02	4.94314	2.84965	1.29620e-05
2.86424e+03	2.32506e-02	7.71565e-02	0.86996	1.87844	1.29620e-05
2.86812e+03	2.32251e-02	9.34215e-02	3.18970	0.96927	1.29620e-05
2.87201e+03	2.32223e-02	9.70786e-02	5.36345	0.01154	1.29620e-05
2.87589e+03	2.32691e-02	8.17028e-02	1.67195	5.34187	1.29620e-05
2.87977e+03	2.32694e-02	6.95382e-02	5.01038	4.40597	1.29620e-05
2.88365e+03	2.32088e-02	7.13498e-02	2.31550	3.35825	1.29620e-05
2.88753e+03	2.32148e-02	2.39552e-02	4.78446	2.95919	1.29620e-05
2.89142e+03	2.32276e-02	2.93552e-02	0.56145	4.78276	1.29620e-05
2.89530e+03	2.32113e-02	6.73774e-02	4.57785	3.98955	1.29620e-05
2.89918e+03	2.32131e-02	1.00229e-01	3.03379	3.02503	1.29620e-05
2.90306e+03	2.32228e-02	1.12744e-01	1.64437	2.13277	1.29620e-05
2.90695e+03	2.32351e-02	1.12691e-01	0.72066	1.31144	1.29620e-05
2.91083e+03	2.32348e-02	1.06899e-01	0.03066	0.51381	1.29620e-05
2.91471e+03	2.32087e-02	9.98535e-02	5.65589	5.95229	1.29620e-05
2.91859e+03	2.32271e-02	9.12516e-02	5.70228	5.06286	1.29620e-05
2.92247e+03	2.32280e-02	7.35026e-02	6.07368	4.10304	1.29620e-05
2.92636e+03	2.32046e-02	4.60648e-02	0.13197	3.16217	1.29620e-05
2.93024e+03	2.31745e-02	4.24726e-03	5.95066	3.71163	1.29620e-05
2.93412e+03	2.32046e-02	5.56151e-02	5.93215	4.54211	1.29620e-05
2.93800e+03	2.31993e-02	7.85503e-02	0.66420	4.12721	1.29620e-05
2.94188e+03	2.31671e-02	8.42690e-02	1.53577	3.71062	1.29620e-05
2.94577e+03	2.32602e-02	9.21388e-02	3.56876	3.21093	1.29620e-05
2.94965e+03	2.32012e-02	7.06586e-02	5.16291	2.74636	1.29620e-05
2.95353e+03	2.32265e-02	5.19061e-02	1.32220	2.45973	1.29620e-05
2.95741e+03	2.31566e-02	1.49208e-02	4.57976	2.03244	1.29620e-05
2.96130e+03	2.32188e-02	4.26609e-02	6.20689	3.59904	1.29620e-05
2.96518e+03	2.32136e-02	7.41583e-02	3.63926	2.77763	1.29620e-05
2.96906e+03	2.32080e-02	1.01480e-01	1.39172	1.90257	1.29620e-05
2.97294e+03	2.32114e-02	1.15704e-01	5.98275	1.06347	1.29620e-05
2.97682e+03	2.31974e-02	1.19318e-01	4.58224	0.29804	1.29620e-05
2.98071e+03	2.32089e-02	1.25087e-01	3.39825	5.87830	1.29620e-05
2.98459e+03	2.31867e-02	1.23037e-01	2.43450	5.18765	1.29620e-05
2.98847e+03	2.31334e-02	1.05767e-01	1.56535	4.51204	1.29620e-05
2.99235e+03	2.31927e-02	8.49930e-02	1.32545	3.78829	1.29620e-05
2.99623e+03	2.31394e-02	5.31908e-02	1.45954	2.94013	1.29620e-05
3.00012e+03	2.31761e-02	1.52932e-02	0.97557	2.99466	1.29620e-05
3.00400e+03	2.31578e-02	3.73018e-02	5.82472	4.14165	1.29620e-05
3.00788e+03	2.31499e-02	8.29169e-02	0.53493	3.48217	1.29620e-05
3.01176e+03	2.31134e-02	1.00541e-01	2.13371	2.70125	1.29620e-05
3.01565e+03	2.31455e-02	1.10654e-01	3.70481	1.95970	1.29620e-05
3.01953e+03	2.31492e-02	1.15695e-01	5.76315	1.26319	1.29620e-05
3.02341e+03	2.31596e-02	1.16854e-01	1.76188	0.58133	1.29620e-05
3.02729e+03	2.31968e-02	1.14282e-01	4.46787	6.19728	1.29620e-05
3.03117e+03	2.31266e-02	9.87052e-02	1.45445	5.50189	1.29620e-05
3.03506e+03	2.31847e-02	8.46598e-02	4.70957	4.80870	1.29620e-05
3.03894e+03	2.31217e-02	5.34554e-02	1.52489	4.20350	1.29620e-05
3.04282e+03	2.31480e-02	2.37304e-02	5.29187	4.40603	1.29620e-05
3.04670e+03	2.31019e-02	4.46719e-02	1.61356	5.45188	1.29620e-05
3.05058e+03	2.31351e-02	7.82158e-02	5.92137	5.03070	1.29620e-05
3.05447e+03	2.31928e-02	9.65280e-02	4.74690	4.50781	1.29620e-05
3.05835e+03	2.31230e-02	9.75727e-02	3.29942	3.93817	1.29620e-05
3.06223e+03	2.31072e-02	9.47893e-02	3.26998	3.33643	1.29620e-05
3.06611e+03	2.31767e-02	8.78599e-02	2.71436	2.81602	1.29620e-05
3.07000e+03	2.31201e-02	5.54723e-02	1.98402	2.46168	1.29620e-05
3.07388e+03	2.31218e-02	1.18019e-02	2.11273	2.30081	1.29620e-05
3.07776e+03	2.30859e-02	3.87483e-02	0.50634	4.11867	1.29620e-05
3.08164e+03	2.31039e-02	8.49516e-02	1.50976	3.66688	1.29620e-05
3.08552e+03	2.31539e-02	1.05790e-01	2.77461	2.86750	1.29620e-05
3.08941e+03	2.30860e-02	1.02228e-01	4.86631	2.08847	1.29620e-05
3.09329e+03	2.30831e-02	1.02901e-01	0.45774	1.35214	1.29620e-05
3.09717e+03	2.31123e-02	1.01471e-01	3.05816	0.65977	1.29620e-05
3.10105e+03	2.31013e-02	8.35864e-02	5.55671	0.02519	1.29620e-05
3.10493e+03	2.30555e-02	6.54991e-02	2.14788	5.59069	1.29620e-05
3.10882e+03	2.31436e-02	6.70722e-02	5.74137	4.66754	1.29620e-05
3.11270e+03	2.31277e-02	5.36880e-02	3.11381	3.72407	1.29620e-05
3.11658e+03	2.30865e-02	3.65408e-02	1.54803	2.76945	1.29620e-05
3.12046e+03	2.31068e-02	3.27947e-02	5.88204	2.03762	1.29620e-05
3.12435e+03	2.30973e-02	2.02056e-02	5.21562	0.80528	1.29620e-05
3.12823e+03	2.30704e-02	2.49838e-02	4.63501	5.21922	1.29620e-05
3.13211e+03	2.30995e-02	6.61266e-02	4.52765	4.26735	1.29620e-05
3.13599e+03	2.30959e-02	8.55010e-02	4.41663	3.16027	1.29620e-05
3.13987e+03	2.30412e-02	1.06173e-01	4.49362	2.31217	1.29620e-05
3.14376e+03	2.31024e-02	1.20558e-01	4.82937	1.51963	1.29620e-05
3.14764e+03	2.30914e-02	1.11587e-01	5.61693	0.73044	1.29620e-05
3.15152e+03	2.30360e-02	9.68915e-02	0.11681	6.18554	1.29620e-05
3.15540e+03	2.31058e-02	9.47581e-02	1.48261	5.39858	1.29620e-05
3.15928e+03	2.30495e-02	8.71487e-02	2.96449	4.56778	1.29620e-05
3.16317e+03	2.30438e-02	8.52516e-02	5.34340	3.64143	1.29620e-05
3.16705e+03	2.30380e-02	7.91284e-02	1.63591	2.60930	1.29620e-05
3.17093e+03	2.30593e-02	5.31886e-02	4.48084	1.77431	1.29620e-05
3.17481e+03	2.30953e-02	2.84348e-02	0.46890	1.04859	1.29620e-05
3.17870e+03	2.30863e-02	2.96032e-02	3.14210	6.26114	1.29620e-05
3.18258e+03	2.30418e-02	3.46125e-02	1.04715	4.72050	1.29620e-05
3.18646e+03	2.30551e-02	6.77486e-02	5.16843	3.91833	1.29620e-05
3.19034e+03	2.30286e-02	7.41837e-02	3.37466	2.77390	1.29620e-05
3.19422e+03	2.30346e-02	8.28435e-02	2.34895	1.61324	1.29620e-05
3.19811e+03	2.30448e-02	1.00002e-01	1.70832	0.61895	1.29620e-05
3.20199e+03	2.30317e-02	1.08912e-01	0.70444	5.98896	1.29620e-05
3.20587e+03	2.30563e-02	1.11752e-01	0.18502	5.11580	1.29620e-05
3.20975e+03	2.30572e-02	1.19951e-01	0.17625	4.32590	1.29620e-05
3.21363e+03	2.30471e-02	1.32825e-01	0.38914	3.62509	1.29620e-05
3.21752e+03	2.30466e-02	1.31795e-01	0.71290	2.93082	1.29620e-05
3.22140e+03	2.30481e-02	1.10213e-01	1.53230	2.19091	1.29620e-05
3.22528e+03	2.30041e-02	7.85350e-02	2.91140	1.35301	1.29620e-05
3.22916e+03	2.30039e-02	6.12900e-02	4.62586	0.33639	1.29620e-05
3.23305e+03	2.30306e-02	5.37087e-02	0.05156	5.61682	1.29620e-05
3.23693e+03	2.30254e-02	5.20268e-02	2.47933	4.23553	1.29620e-05
3.24081e+03	2.29921e-02	6.03901e-02	5.36958	3.09109	1.29620e-05
3.24469e+03	2.30032e-02	7.84852e-02	2.44399	2.18907	1.29620e-05
3.24857e+03	2.29736e-02	7.70059e-02	5.56010	1.14640	1.29620e-05
3.25246e+03	2.29949e-02	7.78840e-02	3.32912	0.03746	1.29620e-05
3.25634e+03	2.30454e-02	9.83537e-02	0.97650	5.42926	1.29620e-05
3.26022e+03	2.29541e-02	1.11596e-01	5.10807	4.65200	1.29620e-05
3.26410e+03	2.30109e-02	1.13633e-01	3.10010	3.88307	1.29620e-05
3.26798e+03	2.30255e-02	1.13545e-01	1.84909	3.11919	1.29620e-05
3.27187e+03	2.30360e-02	1.15821e-01	0.99126	2.37446	1.29620e-05
3.27575e+03	2.29646e-02	1.02301e-01	0.42022	1.60870	1.29620e-05
3.27963e+03	2.30124e-02	8.45552e-02	6.01851	0.76005	1.29620e-05
3.28351e+03	2.30191e-02	7.02131e-02	6.12173	6.11691	1.29620e-05
3.28740e+03	2.29664e-02	5.84822e-02	0.03171	5.28833	1.29620e-05
3.29128e+03	2.29953e-02	5.96906e-02	0.95407	4.38679	1.29620e-05
3.29516e+03	2.30130e-02	5.91595e-02	2.05763	3.27807	1.29620e-05
3.29904e+03	2.29605e-02	5.90516e-02	3.61878	2.07107	1.29620e-05
3.30292e+03	2.30020e-02	7.60110e-02	5.84195	0.98718	1.29620e-05
3.30681e+03	2.29703e-02	8.45939e-02	1.92641	6.22495	1.29620e-05
3.31069e+03	2.30034e-02	9.53345e-02	4.19225	5.24311	1.29620e-05
3.31457e+03	2.29219e-02	1.02166e-01	0.73071	4.42795	1.29620e-05
3.31845e+03	2.29952e-02	1.16029e-01	3.75419	3.67795	1.29620e-05
3.32233e+03	2.29835e-02	1.13645e-01	0.89790	2.89225	1.29620e-05
3.32622e+03	2.29980e-02	1.10709e-01	4.68758	2.07635	1.29620e-05
3.33010e+03	2.29786e-02	1.10104e-01	2.71749	1.30887	1.29620e-05
3.33398e+03	2.29205e-02	1.02760e-01	0.73619	0.54861	1.29620e-05
3.33786e+03	2.29728e-02	9.04506e-02	5.55627	6.03904	1.29620e-05
3.34175e+03	2.29622e-02	7.54226e-02	4.42338	5.17368	1.29620e-05
3.34563e+03	2.29616e-02	6.89806e-02	3.24443	4.35514	1.29620e-05
3.34951e+03	2.29175e-02	5.79347e-02	2.98171	3.35521	1.29620e-05
3.35339e+03	2.29670e-02	6.34182e-02	3.27881	2.04768	1.29620e-05
3.35727e+03	2.29246e-02	7.69929e-02	3.88790	0.86792	1.29620e-05
3.36116e+03	2.29182e-02	8.39593e-02	4.29540	6.24085	1.29620e-05
3.36504e+03	2.28974e-02	8.71053e-02	5.58945	5.28439	1.29620e-05
3.36892e+03	2.29670e-02	1.00303e-01	0.53438	4.32228	1.29620e-05
3.37280e+03	2.28971e-02	1.04247e-01	2.20422	3.46404	1.29620e-05
3.37668e+03	2.29032e-02	1.08369e-01	4.03421	2.69040	1.29620e-05
3.38057e+03	2.28932e-02	1.15100e-01	0.04695	1.88505	1.29620e-05
3.38445e+03	2.28881e-02	1.17925e-01	2.57262	1.09683	1.29620e-05
3.38833e+03	2.29421e-02	1.14176e-01	5.41108	0.38325	1.29620e-05
3.39221e+03	2.29069e-02	1.00537e-01	2.69350	5.95222	1.29620e-05
3.39610e+03	2.29465e-02	8.53592e-02	6.11485	5.10345	1.29620e-05
3.39998e+03	2.29293e-02	7.37999e-02	3.81490	4.12886	1.29620e-05
3.40386e+03	2.28927e-02	7.30167e-02	2.17048	3.14165	1.29620e-05
3.40774e+03	2.28993e-02	6.77380e-02	0.26442	2.16204	1.29620e-05
3.41162e+03	2.29235e-02	7.22943e-02	5.73515	1.05922	1.29620e-05
3.41551e+03	2.28997e-02	8.49522e-02	5.15281	0.09625	1.29620e-05
3.41939e+03	2.28641e-02	8.26035e-02	4.42187	5.44735	1.29620e-05
3.42327e+03	2.29055e-02	7.99276e-02	4.57374	4.40476	1.29620e-05
3.42715e+03	2.28800e-02	9.48493e-02	4.61572	3.44126	1.29620e-05
3.43103e+03	2.29029e-02	1.15386e-01	5.20204	2.62980	1.29620e-05
3.43492e+03	2.28617e-02	1.13411e-01	5.87293	1.85668	1.29620e-05
3.43880e+03	2.28570e-02	1.13622e-01	0.78149	1.08043	1.29620e-05
3.44268e+03	2.28410e-02	1.14385e-01	2.21589	0.32328	1.29620e-05
3.44656e+03	2.28878e-02	1.07102e-01	3.68803	5.86445	1.29620e-05
3.45045e+03	2.28872e-02	9.11689e-02	6.07558	5.05269	1.29620e-05
3.45433e+03	2.28896e-02	8.07188e-02	2.04758	4.11328	1.29620e-05
3.45821e+03	2.28881e-02	7.93960e-02	4.95542	3.21255	1.29620e-05
3.46209e+03	2.28946e-02	8.52920e-02	2.06471	2.38750	1.29620e-05
3.46597e+03	2.28502e-02	7.63284e-02	5.59276	1.41248	1.29620e-05
3.46986e+03	2.28308e-02	6.93279e-02	3.18017	0.33546	1.29620e-05
3.47374e+03	2.28944e-02	7.59190e-02	1.18684	5.66565	1.29620e-05
3.47762e+03	2.28925e-02	8.04713e-02	5.93543	4.60008	1.29620e-05
3.48150e+03	2.28270e-02	8.96024e-02	4.61047	3.58138	1.29620e-05
3.48538e+03	2.28571e-02	1.07371e-01	3.82463	2.73483	1.29620e-05
3.48927e+03	2.28283e-02	1.10571e-01	2.87067	1.98770	1.29620e-05
3.49315e+03	2.28420e-02	1.09627e-01	2.43915	1.17553	1.29620e-05
3.49703e+03	2.28536e-02	1.11909e-01	2.37906	0.35776	1.29620e-05
3.50091e+03	2.28815e-02	1.10628e-01	2.77272	5.85917	1.29620e-05
3.50480e+03	2.28412e-02	9.84302e-02	3.66004	5.07192	1.29620e-05
3.50868e+03	2.28153e-02	9.43144e-02	4.46600	4.21078	1.29620e-05
3.51256e+03	2.28398e-02	9.59950e-02	5.97380	3.37632	1.29620e-05
3.51644e+03	2.28374e-02	9.26293e-02	1.20808	2.58785	1.29620e-05
3.52032e+03	2.28632e-02	8.04219e-02	3.21316	1.68735	1.29620e-05
3.52421e+03	2.28507e-02	7.25314e-02	5.76445	0.60319	1.29620e-05
3.52809e+03	2.28329e-02	7.79995e-02	2.56894	5.87538	1.29620e-05
3.53197e+03	2.27975e-02	8.17857e-02	5.55813	4.87294	1.29620e-05
3.53585e+03	2.28319e-02	8.64858e-02	2.88943	3.86507	1.29620e-05
3.53973e+03	2.28369e-02	1.00650e-01	0.21754	2.99801	1.29620e-05
3.54362e+03	2.27962e-02	1.06464e-01	4.45564	2.18574	1.29620e-05
3.54750e+03	2.27863e-02	1.01461e-01	2.37881	1.31640	1.29620e-05
3.55138e+03	2.28112e-02	1.05699e-01	0.98829	0.42244	1.29620e-05
3.55526e+03	2.28496e-02	1.13992e-01	6.26344	5.90385	1.29620e-05
3.55915e+03	2.28201e-02	1.10354e-01	5.60153	5.11945	1.29620e-05
3.56303e+03	2.27935e-02	1.05992e-01	5.08078	4.28692	1.29620e-05
3.56691e+03	2.28068e-02	1.03761e-01	4.54795	3.50001	1.29620e-05
3.57079e+03	2.27872e-02	9.23384e-02	4.99554	2.71776	1.29620e-05
3.57467e+03	2.28340e-02	8.68224e-02	5.51777	1.78833	1.29620e-05
3.57856e+03	2.27774e-02	8.17202e-02	0.30998	0.74714	1.29620e-05
3.58244e+03	2.27606e-02	8.63875e-02	1.55902	6.06095	1.29620e-05
3.58632e+03	2.27655e-02	8.33891e-02	3.25180	5.12221	1.29620e-05
3.59020e+03	2.27999e-02	8.68053e-02	5.55185	4.12432	1.29620e-05
3.59408e+03	2.28132e-02	9.91782e-02	1.43778	3.22506	1.29620e-05
3.59797e+03	2.27517e-02	9.82799e-02	4.05586	2.32685	1.29620e-05
3.60185e+03	2.27729e-02	9.72571e-02	0.72419	1.37317	1.29620e-05
3.60573e+03	2.27979e-02	1.10704e-01	4.24826	0.50253	1.29620e-05
3.60961e+03	2.27990e-02	1.18558e-01	1.77646	6.00761	1.29620e-05
3.61349e+03	2.27658e-02	1.12898e-01	5.70350	5.21618	1.29620e-05
3.61738e+03	2.27497e-02	1.08961e-01	3.67129	4.39956	1.29620e-05
3.62126e+03	2.27687e-02	1.04780e-01	1.80742	3.62102	1.29620e-05
3.62514e+03	2.27950e-02	9.48627e-02	0.83222	2.78903	1.29620e-05
3.62902e+03	2.27440e-02	9.00699e-02	0.00822	1.79739	1.29620e-05
3.63291e+03	2.27755e-02	9.57278e-02	5.78065	0.85725	1.29620e-05
3.63679e+03	2.27845e-02	9.49748e-02	5.42932	6.24489	1.29620e-05
3.64067e+03	2.27479e-02	8.66160e-02	5.66418	5.25919	1.29620e-05
3.64455e+03	2.27549e-02	9.12915e-02	0.20628	4.27927	1.29620e-05
3.64843e+03	2.27699e-02	9.81327e-02	0.87591	3.34046	1.29620e-05
3.65232e+03	2.27445e-02	9.49222e-02	2.25292	2.33747	1.29620e-05
3.65620e+03	2.27294e-02	1.04569e-01	3.80730	1.40090	1.29620e-05
3.66008e+03	2.27621e-02	1.19274e-01	5.61230	0.60981	1.29620e-05
3.66396e+03	2.27600e-02	1.18100e-01	1.49517	6.09636	1.29620e-05
3.66784e+03	2.27617e-02	1.14268e-01	3.97778	5.27938	1.29620e-05
3.67173e+03	2.27453e-02	1.13213e-01	0.65090	4.49789	1.29620e-05
3.67561e+03	2.27285e-02	9.89936e-02	3.91671	3.69369	1.29620e-05
3.67949e+03	2.27086e-02	9.56794e-02	1.23641	2.75594	1.29620e-05
3.68337e+03	2.27569e-02	1.03673e-01	5.10124	1.85988	1.29620e-05
3.68726e+03	2.27166e-02	9.65033e-02	2.91354	0.98544	1.29620e-05
3.69114e+03	2.27223e-02	9.01739e-02	1.61232	0.03004	1.29620e-05
3.69502e+03	2.27434e-02	9.21862e-02	0.26919	5.34545	1.29620e-05
3.69890e+03	2.27047e-02	8.91722e-02	5.71313	4.39652	1.29620e-05
3.70278e+03	2.27377e-02	9.41640e-02	5.24956	3.35873	1.29620e-05
3.70667e+03	2.27009e-02	1.00207e-01	5.04114	2.41200	1.29620e-05
3.71055e+03	2.27372e-02	1.11262e-01	5.08972	1.59450	1.29620e-05
3.71443e+03	2.27296e-02	1.14066e-01	5.57442	0.75256	1.29620e-05
3.71831e+03	2.27348e-02	1.16915e-01	0.05077	6.20687	1.29620e-05
3.72219e+03	2.27049e-02	1.11380e-01	1.08150	5.41182	1.29620e-05
3.72608e+03	2.26855e-02	9.99090e-02	2.63191	4.56388	1.29620e-05
3.72996e+03	2.26815e-02	1.01078e-01	4.45937	3.66588	1.29620e-05
3.73384e+03	2.27140e-02	1.09752e-01	0.17148	2.83507	1.29620e-05
3.73772e+03	2.26723e-02	9.91743e-02	2.61653	1.96461	1.29620e-05
3.74161e+03	2.27010e-02	9.80609e-02	5.33656	1.06121	1.29620e-05
3.74549e+03	2.26712e-02	9.30460e-02	2.38462	0.18089	1.29620e-05
3.74937e+03	2.27001e-02	8.69867e-02	6.02611	5.46025	1.29620e-05
3.75325e+03	2.26660e-02	9.40107e-02	3.75716	4.39589	1.29620e-05
3.75713e+03	2.26919e-02	1.01284e-01	1.57968	3.47773	1.29620e-05
3.76102e+03	2.26759e-02	9.95005e-02	6.27648	2.55886	1.29620e-05
3.76490e+03	2.26766e-02	1.12304e-01	4.81419	1.69575	1.29620e-05
3.76878e+03	2.26889e-02	1.16706e-01	3.65883	0.88426	1.29620e-05
3.77266e+03	2.26894e-02	1.08638e-01	2.87054	0.02743	1.29620e-05
3.77654e+03	2.26885e-02	1.08590e-01	2.58848	5.44400	1.29620e-05
3.78043e+03	2.26699e-02	1.06017e-01	2.64294	4.63073	1.29620e-05
3.78431e+03	2.26469e-02	1.07339e-01	2.94379	3.76076	1.29620e-05
3.78819e+03	2.26537e-02	1.08865e-01	3.30439	2.91388	1.29620e-05
3.79207e+03	2.26724e-02	1.06294e-01	4.28992	2.07545	1.29620e-05
3.79596e+03	2.26538e-02	9.29760e-02	5.64952	1.15113	1.29620e-05
3.79984e+03	2.26719e-02	9.43102e-02	1.14498	0.18944	1.29620e-05
3.80372e+03	2.26324e-02	9.34730e-02	3.26844	5.51717	1.29620e-05
3.80760e+03	2.26555e-02	9.79112e-02	5.50674	4.51211	1.29620e-05
3.81148e+03	2.26347e-02	1.02546e-01	1.97536	3.63083	1.29620e-05
3.81537e+03	2.26559e-02	1.02548e-01	4.95734	2.77059	1.29620e-05
3.81925e+03	2.26557e-02	1.08037e-01	2.16835	1.86500	1.29620e-05
3.82313e+03	2.26550e-02	1.14026e-01	5.90648	1.00450	1.29620e-05
3.82701e+03	2.26296e-02	1.04561e-01	3.59110	0.12291	1.29620e-05
3.83089e+03	2.26160e-02	1.05737e-01	1.79454	5.54407	1.29620e-05
3.83478e+03	2.26242e-02	1.10298e-01	0.06908	4.75770	1.29620e-05
3.83866e+03	2.26336e-02	1.07852e-01	5.11406	3.91455	1.29620e-05
3.84254e+03	2.26424e-02	1.10112e-01	4.22866	3.08080	1.29620e-05
3.84642e+03	2.26046e-02	9.64639e-02	3.52651	2.22571	1.29620e-05
3.85031e+03	2.26330e-02	9.13609e-02	3.44919	1.25575	1.29620e-05
3.85419e+03	2.26103e-02	9.65951e-02	3.86387	0.32975	1.29620e-05
3.85807e+03	2.26257e-02	9.68731e-02	4.20423	5.65012	1.29620e-05
3.86195e+03	2.26026e-02	1.02177e-01	5.18071	4.72204	1.29620e-05
3.86583e+03	2.26336e-02	1.00076e-01	6.11884	3.87285	1.29620e-05
3.86972e+03	2.26240e-02	9.70791e-02	1.70153	2.94355	1.29620e-05
3.87360e+03	2.25855e-02	1.06015e-01	3.50260	2.05953	1.29620e-05
3.87748e+03	2.26035e-02	1.04599e-01	5.58903	1.14309	1.29620e-05
3.88136e+03	2.26212e-02	1.13452e-01	1.82105	0.27586	1.29620e-05
3.88524e+03	2.26245e-02	1.12067e-01	4.81081	5.76239	1.29620e-05
3.88913e+03	2.26125e-02	1.09997e-01	1.86329	4.92409	1.29620e-05
3.89301e+03	2.25718e-02	1.09123e-01	5.22772	4.11791	1.29620e-05
3.89689e+03	2.25820e-02	9.83030e-02	2.68614	3.23737	1.29620e-05
3.90077e+03	2.26237e-02	9.84132e-02	0.80900	2.32069	1.29620e-05
3.90466e+03	2.25838e-02	9.33408e-02	5.51378	1.38577	1.29620e-05
3.90854e+03	2.25952e-02	1.00604e-01	4.17297	0.44393	1.29620e-05
3.91242e+03	2.25669e-02	1.05124e-01	3.15902	5.85450	1.29620e-05
3.91630e+03	2.25869e-02	1.02784e-01	2.33253	4.92441	1.29620e-05
3.92018e+03	2.25915e-02	9.82843e-02	2.21172	4.04158	1.29620e-05
3.92407e+03	2.25669e-02	9.69198e-02	2.39013	3.08261	1.29620e-05
3.92795e+03	2.25760e-02	1.06220e-01	2.63657	2.18467	1.29620e-05
3.93183e+03	2.25878e-02	1.10689e-01	3.37535	1.28247	1.29620e-05
3.93571e+03	2.25712e-02	1.15661e-01	4.42382	0.46122	1.29620e-05
3.93959e+03	2.25651e-02	1.08950e-01	5.84330	5.92045	1.29620e-05
3.94348e+03	2.25545e-02	1.11597e-01	1.22646	5.09451	1.29620e-05
3.94736e+03	2.25642e-02	1.03144e-01	3.19448	4.22390	1.29620e-05
3.95124e+03	2.25698e-02	1.04025e-01	5.67230	3.32067	1.29620e-05
3.95512e+03	2.25555e-02	9.54419e-02	2.18154	2.40193	1.29620e-05
3.95901e+03	2.25504e-02	9.95274e-02	5.26129	1.50328	1.29620e-05
3.96289e+03	2.25687e-02	1.02573e-01	2.59812	0.61898	1.29620e-05
3.96677e+03	2.25282e-02	1.03559e-01	6.21730	6.01425	1.29620e-05
3.97065e+03	2.25639e-02	1.00159e-01	4.04286	5.07050	1.29620e-05
3.97453e+03	2.25443e-02	9.93236e-02	2.39064	4.13798	1.29620e-05
3.97842e+03	2.25373e-02	1.00345e-01	1.04882	3.18596	1.29620e-05
3.98230e+03	2.25591e-02	1.11772e-01	6.10771	2.32842	1.29620e-05
3.98618e+03	2.25528e-02	1.12384e-01	5.32957	1.46429	1.29620e-05
3.99006e+03	2.25365e-02	1.08344e-01	4.81337	0.65603	1.29620e-05
3.99394e+03	2.25260e-02	1.05213e-01	4.70205	6.09604	1.29620e-05
3.99783e+03	2.25154e-02	1.00811e-01	4.97118	5.22585	1.29620e-05
4.00171e+03	2.25486e-02	1.08073e-01	5.49797	4.33341	1.29620e-05
4.00559e+03	2.25402e-02	1.04372e-01	0.24231	3.41383	1.29620e-05
4.00947e+03	2.25096e-02	1.01542e-01	1.35670	2.54930	1.29620e-05
4.01336e+03	2.25440e-02	1.03576e-01	3.05370	1.65078	1.29620e-05
4.01724e+03	2.25209e-02	9.53713e-02	5.19316	0.74266	1.29620e-05
4.02112e+03	2.25177e-02	9.82659e-02	1.09468	6.11888	1.29620e-05
4.02500e+03	2.25344e-02	1.02832e-01	3.75746	5.17714	1.29620e-05
4.02888e+03	2.24992e-02	1.02275e-01	0.50944	4.24276	1.29620e-05
4.03277e+03	2.25069e-02	1.00899e-01	3.75109	3.38423	1.29620e-05
4.03665e+03	2.25277e-02	1.14573e-01	1.21371	2.53880	1.29620e-05
4.04053e+03	2.25224e-02	1.14723e-01	5.10012	1.68110	1.29620e-05
4.04441e+03	2.24899e-02	1.02145e-01	3.13446	0.80342	1.29620e-05
4.04829e+03	2.24970e-02	9.80905e-02	1.52822	6.20799	1.29620e-05
4.05218e+03	2.25102e-02	1.03018e-01	0.31590	5.31916	1.29620e-05
4.05606e+03	2.25221e-02	1.11246e-01	5.64867	4.43076	1.29620e-05
4.05994e+03	2.24887e-02	1.06345e-01	4.97771	3.58874	1.29620e-05
4.06382e+03	2.24863e-02	1.02294e-01	4.58728	2.78702	1.29620e-05
4.06771e+03	2.25191e-02	1.03789e-01	4.74383	2.01651	1.29620e-05
4.07159e+03	2.24638e-02	9.92745e-02	5.49936	1.21051	1.29620e-05
4.07547e+03	2.24875e-02	8.82995e-02	6.00009	0.75019	1.29620e-05
4.07935e+03	2.24625e-02	5.64677e-02	0.08985	0.14739	1.29620e-05
4.08323e+03	2.24672e-02	9.05181e-03	1.60980	0.25907	1.29620e-05
4.08712e+03	2.24609e-02	3.45251e-02	1.39374	2.77248	1.29620e-05
4.09100e+03	2.24753e-02	7.87512e-02	3.88888	2.04914	1.29620e-05
4.09488e+03	2.24201e-02	8.52459e-02	0.84794	1.21421	1.29620e-05
4.09876e+03	2.24662e-02	9.46827e-02	5.53223	0.57908	1.29620e-05
4.10264e+03	2.23921e-02	9.01784e-02	2.12756	0.46549	1.29620e-05
4.10653e+03	2.25203e-02	9.61883e-02	3.98109	0.48926	1.29620e-05
4.11041e+03	2.24957e-02	5.67207e-02	2.40426	0.13394	1.29620e-05
4.11429e+03	2.25019e-02	5.33512e-02	3.52304	0.25709	1.29620e-05
4.11817e+03	2.24774e-02	5.17319e-02	0.91478	0.35349	1.29620e-05
4.12206e+03	2.24794e-02	7.60313e-02	2.74955	1.23919	1.29620e-05
4.12594e+03	2.24152e-02	6.22834e-02	4.78689	0.55854	1.29620e-05
4.12982e+03	2.24142e-02	8.57671e-02	4.56229	0.32740	1.29620e-05
4.13370e+03	2.24513e-02	9.93788e-02	4.13818	0.42087	1.29620e-05
4.13758e+03	2.25211e-02	1.07933e-01	2.90707	0.16856	1.29620e-05
4.14147e+03	2.24486e-02	6.69547e-02	1.18990	6.18268	1.29620e-05
4.14535e+03	2.25815e-02	4.60562e-02	5.79306	0.03268	1.29620e-05
4.14923e+03	2.25521e-02	6.96487e-02	3.53441	0.33352	1.29620e-05
4.15311e+03	2.25251e-02	7.71622e-02	3.66785	0.61630	1.29620e-05
4.15699e+03	2.23971e-02	1.14532e-01	2.88322	0.81629	1.29620e-05
4.16088e+03	2.24216e-02	9.51389e-02	1.29240	1.28075	1.29620e-05
4.16476e+03	2.24923e-02	1.18134e-01	5.23853	1.40444	1.29620e-05
4.16864e+03	2.24901e-02	9.72703e-02	3.93199	1.23571	1.29620e-05
4.17252e+03	2.23826e-02	9.73827e-02	2.00978	1.44368	1.29620e-05
4.17641e+03	2.23509e-02	9.48654e-02	2.60989	1.27924	1.29620e-05
4.18029e+03	2.24595e-02	7.83692e-02	1.31601	0.97538	1.29620e-05
4.18417e+03	2.24009e-02	1.21443e-01	2.40575	0.80899	1.29620e-05
4.18805e+03	2.24005e-02	1.08746e-01	1.08785	0.26446	1.29620e-05
4.19193e+03	2.23556e-02	1.15222e-01	6.14230	6.21213	1.29620e-05
4.19582e+03	2.24870e-02	9.08636e-02	1.83359	6.20648	1.29620e-05
4.19970e+03	2.24650e-02	7.30894e-02	0.75116	5.97162	1.29620e-05
4.20358e+03	2.23589e-02	5.00594e-02	0.05861	6.24275	1.29620e-05
4.20746e+03	2.24106e-02	5.98704e-02	1.59412	0.57081	1.29620e-05
4.21134e+03	2.23761e-02	4.86235e-02	3.86827	0.64570	1.29620e-05
4.21523e+03	2.23673e-02	6.00084e-02	5.91724	0.92097	1.29620e-05
4.21911e+03	2.23245e-02	3.61240e-02	5.61926	2.00700	1.29620e-05
4.22299e+03	2.23632e-02	7.77213e-02	4.06199	2.19588	1.29620e-05
4.22687e+03	2.23706e-02	9.39160e-02	0.79647	2.17873	1.29620e-05
4.23076e+03	2.23962e-02	9.64135e-02	4.80863	1.93579	1.29620e-05
4.23464e+03	2.23282e-02	1.10490e-01	0.99169	1.81008	1.29620e-05
4.23852e+03	2.24213e-02	8.91508e-02	3.01758	1.66344	1.29620e-05
4.24240e+03	2.23120e-02	8.07870e-02	2.33689	1.42668	1.29620e-05
4.24628e+03	2.23431e-02	6.12327e-02	5.54326	1.65300	1.29620e-05
4.25017e+03	2.23357e-02	5.62076e-02	0.41842	1.26759	1.29620e-05
4.25405e+03	2.22818e-02	4.44246e-02	1.65916	0.66482	1.29620e-05
4.25793e+03	2.23581e-02	3.41922e-02	3.13807	6.26795	1.29620e-05
4.26181e+03	2.22646e-02	5.04102e-02	3.74849	5.91863	1.29620e-05
4.26569e+03	2.22292e-02	4.53819e-02	4.23818	6.18179	1.29620e-05
4.26958e+03	2.23876e-02	2.95702e-02	1.84773	0.45963	1.29620e-05
4.27346e+03	2.23694e-02	3.18719e-02	3.31857	1.73055	1.29620e-05
4.27734e+03	2.23597e-02	3.95144e-02	0.80101	1.77233	1.29620e-05
4.28122e+03	2.23555e-02	5.05515e-02	4.19218	2.03178	1.29620e-05
4.28510e+03	2.23348e-02	4.69509e-02	3.24466	2.38283	1.29620e-05
4.28899e+03	2.23129e-02	6.50843e-02	4.89138	2.72388	1.29620e-05
4.29287e+03	2.22530e-02	8.24796e-02	4.68092	2.74876	1.29620e-05
4.29675e+03	2.22796e-02	8.79030e-02	5.53321	2.62732	1.29620e-05
4.30063e+03	2.23130e-02	9.19219e-02	0.90990	3.21495	1.29620e-05
4.30452e+03	2.22423e-02	9.45487e-02	2.26173	3.50532	1.29620e-05
4.30840e+03	2.22594e-02	8.92827e-02	5.26782	3.33237	1.29620e-05
4.31228e+03	2.22759e-02	7.54718e-02	3.27615	3.39297	1.29620e-05
4.31616e+03	2.22907e-02	5.69228e-02	0.55772	3.62178	1.29620e-05
4.32004e+03	2.22224e-02	4.28593e-02	5.91258	4.54307	1.29620e-05
4.32393e+03	2.22596e-02	6.08599e-02	0.78069	4.65369	1.29620e-05
4.32781e+03	2.22404e-02	4.34251e-02	0.56242	4.82379	1.29620e-05
4.33169e+03	2.22724e-02	6.31440e-02	3.52635	4.98049	1.29620e-05
4.33557e+03	2.22657e-02	7.21829e-02	5.75232	5.29564	1.29620e-05
4.33945e+03	2.22669e-02	8.97815e-02	4.81617	5.61922	1.29620e-05
4.34334e+03	2.22356e-02	1.16185e-01	3.58050	5.78706	1.29620e-05
4.34722e+03	2.22569e-02	1.25639e-01	2.34303	0.42180	1.29620e-05
4.35110e+03	2.23519e-02	1.23528e-01	0.04647	0.54806	1.29620e-05
4.35498e+03	2.25293e-02	1.26870e-01	2.88159	0.66426	1.29620e-05
4.35887e+03	2.22641e-02	1.27858e-01	0.53795	0.82980	1.29620e-05
4.36275e+03	2.23719e-02	1.21413e-01	0.29276	0.89441	1.29620e-05
4.36663e+03	2.21055e-02	1.36406e-01	4.63704	1.61502	1.29620e-05
4.37051e+03	2.17082e-02	1.41436e-01	3.85026	2.42038	1.29620e-05
4.37439e+03	2.18491e-02	1.53614e-01	4.74653	3.06501	1.29620e-05
4.37828e+03	2.23580e-02	1.77711e-01	2.92218	3.39910	1.29620e-05
4.38216e+03	2.22102e-02	1.60684e-01	5.25359	3.23445	1.29620e-05
4.38604e+03	2.25173e-02	1.58171e-01	2.12849	3.44178	1.29620e-05
4.38992e+03	2.28273e-02	1.53799e-01	3.55695	4.10499	1.29620e-05
4.39380e+03	2.27866e-02	1.53562e-01	4.60932	4.41540	1.29620e-05
4.39769e+03	2.28006e-02	1.59860e-01	5.32559	4.70932	1.29620e-05
4.40157e+03	2.23328e-02	1.74173e-01	5.55677	5.35396	1.29620e-05
4.40545e+03	2.24103e-02	1.56361e-01	4.80069	5.65226	1.29620e-05
4.40933e+03	2.22985e-02	1.86563e-01	4.59342	5.82590	1.29620e-05
4.41322e+03	2.23391e-02	1.71473e-01	3.01158	5.83593	1.29620e-05
4.41710e+03	2.22434e-02	1.80455e-01	2.94950	6.12610	1.29620e-05
4.42098e+03	2.21854e-02	1.78020e-01	2.75883	0.15402	1.29620e-05
4.42486e+03	2.23163e-02	1.65891e-01	4.65734	0.31051	1.29620e-05
4.42874e+03	2.23138e-02	1.74390e-01	3.78175	0.81712	1.29620e-05
4.43263e+03	2.22667e-02	2.08201e-01	4.83313	0.92663	1.29620e-05
4.43651e+03	2.21546e-02	2.00155e-01	2.14973	1.16975	1.29620e-05
4.44039e+03	2.26186e-02	1.75588e-01	4.75492	1.80482	1.29620e-05
4.44427e+03	2.27830e-02	1.53747e-01	3.09022	2.23238	1.29620e-05
4.44815e+03	2.28637e-02	1.55688e-01	4.60729	2.55631	1.29620e-05
4.45204e+03	2.28389e-02	1.52740e-01	4.54177	2.95998	1.29620e-05
4.45592e+03	2.25755e-02	1.49158e-01	3.54345	3.50848	1.29620e-05
4.45980e+03	2.25853e-02	1.51938e-01	4.60990	4.07577	1.29620e-05
4.46368e+03	2.21666e-02	1.53192e-01	0.84261	4.68451	1.29620e-05
4.46757e+03	2.20154e-02	1.44331e-01	5.45557	5.14393	1.29620e-05
4.47145e+03	2.18106e-02	1.48453e-01	1.08796	5.90976	1.29620e-05
4.47533e+03	2.22208e-02	1.62810e-01	3.46717	0.45920	1.29620e-05
4.47921e+03	2.22096e-02	1.66844e-01	3.90746	1.18293	1.29620e-05
4.48309e+03	2.19877e-02	1.71446e-01	2.36037	1.86046	1.29620e-05
4.48698e+03	2.26407e-02	1.58840e-01	1.44901	2.66965	1.29620e-05
4.49086e+03	2.26562e-02	1.48775e-01	1.10150	3.20504	1.29620e-05
4.49474e+03	2.24902e-02	1.63701e-01	1.03057	3.43913	1.29620e-05
4.49862e+03	2.24728e-02	1.71966e-01	5.58876	3.11443	1.29620e-05
4.50250e+03	2.24993e-02	1.73704e-01	3.73760	2.78956	1.29620e-05
4.50639e+03	2.24125e-02	1.75893e-01	1.86100	2.46534	1.29620e-05
4.51027e+03	2.24422e-02	1.73925e-01	6.15177	2.14223	1.29620e-05
4.51415e+03	2.24819e-02	1.72581e-01	4.41079	1.83317	1.29620e-05
4.51803e+03	2.24510e-02	1.63624e-01	2.66241	1.50986	1.29620e-05
4.52192e+03	2.23978e-02	1.56432e-01	1.48566	1.19403	1.29620e-05
4.52580e+03	2.24348e-02	1.71552e-01	5.09639	1.49545	1.29620e-05
4.52968e+03	2.24029e-02	1.53231e-01	6.21994	2.10713	1.29620e-05
4.53356e+03	2.23369e-02	1.43709e-01	0.33894	2.78289	1.29620e-05
4.53744e+03	2.26692e-02	1.35151e-01	1.56460	3.43530	1.29620e-05
4.54133e+03	2.25954e-02	1.18472e-01	2.90154	3.89927	1.29620e-05
4.54521e+03	2.23886e-02	1.11685e-01	0.29892	4.37669	1.29620e-05
4.54909e+03	2.26719e-02	1.04976e-01	3.84459	5.19720	1.29620e-05
4.55297e+03	2.24065e-02	1.06864e-01	4.46938	6.00256	1.29620e-05
4.55685e+03	2.28705e-02	8.12812e-02	6.13114	0.83908	1.29620e-05
4.56074e+03	2.24138e-02	1.00592e-01	3.02056	1.96114	1.29620e-05
4.56462e+03	2.28301e-02	8.82239e-02	1.93019	2.65268	1.29620e-05
4.56850e+03	2.26428e-02	1.08952e-01	2.98971	3.62962	1.29620e-05
4.57238e+03	2.32059e-02	1.02459e-01	4.56915	4.48426	1.29620e-05
4.57627e+03	2.33910e-02	7.66695e-02	1.41535	0.08128	1.29620e-05
4.58015e+03	2.44349e-02	5.17420e-02	2.30044	4.68833	1.29620e-05
4.58403e+03	2.37918e-02	4.98562e-02	2.34307	1.05898	1.29620e-05
4.58791e+03	2.35073e-02	7.30124e-02	0.78122	3.53900	1.29620e-05
4.59179e+03	2.35487e-02	7.94804e-02	1.66848	5.67279	1.29620e-05
4.59568e+03	2.34865e-02	6.76751e-02	1.30416	1.01340	1.29620e-05
4.59956e+03	2.33253e-02	7.11555e-02	3.00113	2.84884	1.29620e-05
4.60344e+03	2.39272e-02	6.17516e-02	2.01376	4.77888	1.29620e-05
4.60732e+03	2.39301e-02	5.44390e-02	2.94761	0.47289	1.29620e-05
4.61120e+03	2.36077e-02	6.53918e-02	4.71048	4.49558	1.29620e-05
4.61509e+03	2.32706e-02	8.52772e-02	4.15249	0.36606	1.29620e-05
4.61897e+03	2.33146e-02	5.83965e-02	2.02545	1.62038	1.29620e-05
4.62285e+03	2.34251e-02	5.23424e-02	0.31838	3.49523	1.29620e-05
4.62673e+03	2.34860e-02	7.68107e-02	3.36076	5.29871	1.29620e-05
4.63062e+03	2.33834e-02	9.01828e-02	4.62706	0.22523	1.29620e-05
4.63450e+03	2.33893e-02	9.07064e-02	1.67967	0.38306	1.29620e-05
4.63838e+03	2.33500e-02	9.21384e-02	5.65775	0.41561	1.29620e-05
4.64226e+03	2.33471e-02	8.55246e-02	3.54105	0.26864	1.29620e-05
4.64614e+03	2.33592e-02	7.99312e-02	1.35100	0.14181	1.29620e-05
4.65003e+03	2.33576e-02	6.65927e-02	5.59480	6.21923	1.29620e-05
4.65391e+03	2.33826e-02	5.45197e-02	3.50324	5.93992	1.29620e-05
4.65779e+03	2.33598e-02	3.84716e-02	1.91051	5.32435	1.29620e-05
