# t	a	e	mean_anomaly	varpi	mass/M_star
3.10572e+00	4.68154e-02	3.10895e-02	3.47801	6.09782	3.47100e-05
6.98788e+00	4.68095e-02	2.88341e-02	4.11978	4.60722	3.47100e-05
1.08700e+01	4.67722e-02	2.93061e-02	5.06112	3.11264	3.47100e-05
1.47522e+01	4.68025e-02	2.92120e-02	0.04794	1.56008	3.47100e-05
1.86343e+01	4.67833e-02	2.86597e-02	1.57371	6.26579	3.47100e-05
2.25164e+01	4.67604e-02	2.65545e-02	3.46821	4.65145	3.47100e-05
2.63985e+01	4.67591e-02	2.72842e-02	5.69079	2.89294	3.47100e-05
3.02807e+01	4.67319e-02	2.75281e-02	1.90756	1.20918	3.47100e-05
3.41628e+01	4.67344e-02	2.53661e-02	4.74449	5.66647	3.47100e-05
3.80450e+01	4.67043e-02	2.54390e-02	1.60790	3.84059	3.47100e-05
4.19271e+01	4.66973e-02	2.49446e-02	5.07416	1.95509	3.47100e-05
4.58093e+01	4.67087e-02	2.42852e-02	2.52239	0.03614	3.47100e-05
4.96914e+01	4.67022e-02	2.37723e-02	0.37540	4.32006	3.47100e-05
5.35735e+01	4.66640e-02	2.32561e-02	4.75430	2.28372	3.47100e-05
5.74557e+01	4.66488e-02	2.42365e-02	3.17181	0.23068	3.47100e-05
6.13378e+01	4.66380e-02	2.18203e-02	1.98088	4.33197	3.47100e-05
6.52199e+01	4.66487e-02	2.37979e-02	1.00520	2.16299	3.47100e-05
6.91021e+01	4.66231e-02	2.29174e-02	0.44520	6.19276	3.47100e-05
7.29842e+01	4.66362e-02	2.22320e-02	0.19012	3.82720	3.47100e-05
7.68664e+01	4.65983e-02	2.30316e-02	0.20639	1.50558	3.47100e-05
8.07485e+01	4.66055e-02	2.12199e-02	0.55638	5.39274	3.47100e-05
8.46307e+01	4.65780e-02	2.07166e-02	1.23924	2.89258	3.47100e-05
8.85128e+01	4.65574e-02	2.12313e-02	2.25114	0.39294	3.47100e-05
9.23949e+01	4.65410e-02	1.90631e-02	3.58539	4.05857	3.47100e-05
9.62771e+01	4.65481e-02	2.03866e-02	5.19256	1.45900	3.47100e-05
1.00159e+02	4.65733e-02	1.95086e-02	0.93017	5.01140	3.47100e-05
1.04041e+02	4.65281e-02	1.92465e-02	3.22879	2.21944	3.47100e-05
1.07923e+02	4.65021e-02	1.95344e-02	5.83240	5.72250	3.47100e-05
1.11806e+02	4.65153e-02	1.74954e-02	2.49598	2.84609	3.47100e-05
1.15688e+02	4.64923e-02	1.91890e-02	5.72398	6.20374	3.47100e-05
1.19570e+02	4.64879e-02	1.77207e-02	3.00055	3.27812	3.47100e-05
1.23452e+02	4.64775e-02	1.75595e-02	0.52539	0.30877	3.47100e-05
1.27334e+02	4.64736e-02	1.90022e-02	4.80377	3.44274	3.47100e-05
1.31216e+02	4.64566e-02	1.71260e-02	3.09003	0.28487	3.47100e-05
1.35098e+02	4.64279e-02	1.78910e-02	1.63193	3.37573	3.47100e-05
1.38981e+02	4.64058e-02	1.71315e-02	0.47269	0.19475	3.47100e-05
1.42863e+02	4.64221e-02	1.66785e-02	6.00733	3.14313	3.47100e-05
1.46745e+02	4.64279e-02	1.70731e-02	5.48826	6.09369	3.47100e-05
1.50627e+02	4.63735e-02	1.74779e-02	5.41942	2.63357	3.47100e-05
1.54509e+02	4.63790e-02	1.48827e-02	5.57187	5.45369	3.47100e-05
1.58391e+02	4.63280e-02	1.55875e-02	5.96992	2.02562	3.47100e-05
1.62273e+02	4.63706e-02	1.51918e-02	0.57018	4.68579	3.47100e-05
1.66156e+02	4.63295e-02	1.47456e-02	1.73419	1.00141	3.47100e-05
1.70038e+02	4.63141e-02	1.74097e-02	3.07547	3.72375	3.47100e-05
1.73920e+02	4.63329e-02	1.38010e-02	4.80421	0.05139	3.47100e-05
1.77802e+02	4.62927e-02	1.59392e-02	0.66657	2.45904	3.47100e-05
1.81684e+02	4.62901e-02	1.55870e-02	3.06760	4.94043	3.47100e-05
1.85566e+02	4.63398e-02	1.37491e-02	5.75195	1.08109	3.47100e-05
1.89448e+02	4.62735e-02	1.44162e-02	2.47830	3.45017	3.47100e-05
1.93331e+02	4.62463e-02	1.42369e-02	5.80124	5.80368	3.47100e-05
1.97213e+02	4.62540e-02	1.44304e-02	3.26259	1.67043	3.47100e-05
2.01095e+02	4.62290e-02	1.50438e-02	0.78109	4.06967	3.47100e-05
2.04977e+02	4.62394e-02	1.40559e-02	5.12581	6.19004	3.47100e-05
2.08859e+02	4.62146e-02	1.30282e-02	3.43514	2.00407	3.47100e-05
2.12741e+02	4.61907e-02	1.46176e-02	1.92227	4.25531	3.47100e-05
2.16623e+02	4.61992e-02	1.36626e-02	0.95722	6.16875	3.47100e-05
2.20505e+02	4.61872e-02	1.47421e-02	0.09976	1.98070	3.47100e-05
2.24388e+02	4.61624e-02	1.27247e-02	6.01765	3.86464	3.47100e-05
2.28270e+02	4.61585e-02	1.33305e-02	5.96559	5.66071	3.47100e-05
2.32152e+02	4.61474e-02	1.46365e-02	6.03325	1.36978	3.47100e-05
2.36034e+02	4.61524e-02	1.33186e-02	0.24435	3.16891	3.47100e-05
2.39916e+02	4.61156e-02	1.29274e-02	1.07066	4.89881	3.47100e-05
2.43798e+02	4.60947e-02	1.27389e-02	1.98701	0.57181	3.47100e-05
2.47680e+02	4.61119e-02	1.15458e-02	3.48536	2.14211	3.47100e-05
2.51563e+02	4.60840e-02	1.21588e-02	5.11494	3.90474	3.47100e-05
2.55445e+02	4.61021e-02	1.28120e-02	0.97130	5.39231	3.47100e-05
2.59327e+02	4.60542e-02	1.42817e-02	3.24812	0.72628	3.47100e-05
2.63209e+02	4.60566e-02	1.23404e-02	5.86596	2.29468	3.47100e-05
2.67091e+02	4.60457e-02	1.19085e-02	2.40445	3.90168	3.47100e-05
2.70973e+02	4.60554e-02	1.41933e-02	5.56374	5.46268	3.47100e-05
2.74855e+02	4.60397e-02	1.30588e-02	2.85359	0.57633	3.47100e-05
2.78738e+02	4.60325e-02	1.46766e-02	0.44599	1.92608	3.47100e-05
2.82620e+02	4.60150e-02	1.17325e-02	4.36854	3.53861	3.47100e-05
2.86502e+02	4.59858e-02	1.10011e-02	2.77595	4.57998	3.47100e-05
2.90384e+02	4.59985e-02	1.43974e-02	1.03760	6.08234	3.47100e-05
2.94266e+02	4.60153e-02	1.04669e-02	6.19959	0.93546	3.47100e-05
2.98148e+02	4.59406e-02	1.25235e-02	4.98130	2.46221	3.47100e-05
3.02030e+02	4.59665e-02	1.22426e-02	4.35166	3.62531	3.47100e-05
3.05913e+02	4.59439e-02	1.27127e-02	3.96550	4.84645	3.47100e-05
3.09795e+02	4.59406e-02	1.20992e-02	3.73126	6.13155	3.47100e-05
3.13677e+02	4.59143e-02	1.00030e-02	4.05060	0.94679	3.47100e-05
3.17559e+02	4.59135e-02	1.06695e-02	5.14686	1.46005	3.47100e-05
3.21441e+02	4.58547e-02	1.24711e-02	6.10026	2.49584	3.47100e-05
3.25323e+02	4.59331e-02	9.30860e-03	0.87033	3.67055	3.47100e-05
3.29205e+02	4.58628e-02	1.55003e-02	2.52767	4.45434	3.47100e-05
3.33088e+02	4.58749e-02	9.48729e-03	4.33590	5.46527	3.47100e-05
3.36970e+02	4.58141e-02	1.22746e-02	1.10166	5.54059	3.47100e-05
3.40852e+02	4.58517e-02	1.05416e-02	4.03719	5.85535	3.47100e-05
3.44734e+02	4.58475e-02	1.45471e-02	0.13138	0.67130	3.47100e-05
3.48616e+02	4.57795e-02	3.82333e-03	3.83565	1.04692	3.47100e-05
3.52498e+02	4.58025e-02	5.72499e-03	0.60367	3.43470	3.47100e-05
3.56380e+02	4.56943e-02	1.46415e-02	2.64021	6.19556	3.47100e-05
3.60262e+02	4.57024e-02	7.97187e-03	1.71676	0.64404	3.47100e-05
3.64145e+02	4.57586e-02	1.55961e-02	3.39399	4.41912	3.47100e-05
3.68027e+02	4.57518e-02	1.00525e-02	0.21923	0.98444	3.47100e-05
3.71909e+02	4.57355e-02	1.57268e-02	0.89370	6.20243	3.47100e-05
3.75791e+02	4.57088e-02	1.29614e-02	3.72843	3.33910	3.47100e-05
3.79673e+02	4.57110e-02	1.51721e-02	4.41910	2.39147	3.47100e-05
3.83555e+02	4.57492e-02	1.85547e-02	5.25150	1.83357	3.47100e-05
3.87437e+02	4.57662e-02	1.71081e-02	3.24005	3.66423	3.47100e-05
3.91320e+02	4.56975e-02	1.59173e-02	4.18406	3.38937	3.47100e-05
3.95202e+02	4.57112e-02	1.25107e-02	4.67761	3.29926	3.47100e-05
3.99084e+02	4.56734e-02	7.15470e-03	0.96044	1.93202	3.47100e-05
4.02966e+02	4.56914e-02	1.43684e-02	1.51460	2.29532	3.47100e-05
4.06848e+02	4.56717e-02	2.22538e-02	2.45989	2.70041	3.47100e-05
4.10730e+02	4.56711e-02	2.05289e-02	3.13919	3.43659	3.47100e-05
4.14612e+02	4.56351e-02	2.08502e-02	4.12538	4.02596	3.47100e-05
4.18495e+02	4.56315e-02	1.24616e-02	5.44285	4.59518	3.47100e-05
4.22377e+02	4.56060e-02	1.54841e-02	0.51464	5.22947	3.47100e-05
4.26259e+02	4.56500e-02	1.46582e-02	1.71347	0.00735	3.47100e-05
4.30141e+02	4.56096e-02	1.91298e-02	2.41546	1.61786	3.47100e-05
4.34023e+02	4.56250e-02	2.40236e-02	3.29000	3.34693	3.47100e-05
4.37905e+02	4.56142e-02	2.85292e-02	4.39071	4.91323	3.47100e-05
4.41787e+02	4.56341e-02	2.40350e-02	5.44556	0.49346	3.47100e-05
4.45670e+02	4.56128e-02	2.52100e-02	0.08463	2.63876	3.47100e-05
4.49552e+02	4.56020e-02	2.70053e-02	1.36740	4.64740	3.47100e-05
4.53434e+02	4.55710e-02	2.20675e-02	2.76783	0.40643	3.47100e-05
4.57316e+02	4.55708e-02	2.13340e-02	3.93184	2.92560	3.47100e-05
4.61198e+02	4.55424e-02	2.40852e-02	5.63006	5.04339	3.47100e-05
4.65080e+02	4.55605e-02	1.72597e-02	0.87126	1.27777	3.47100e-05
4.68962e+02	4.55117e-02	2.20848e-02	2.56110	3.81094	3.47100e-05
4.72845e+02	4.55687e-02	1.84371e-02	4.55320	6.18601	3.47100e-05
4.76727e+02	4.55490e-02	1.95842e-02	0.14117	2.68306	3.47100e-05
4.80609e+02	4.55231e-02	2.17400e-02	2.21158	5.28153	3.47100e-05
4.84491e+02	4.55185e-02	1.89696e-02	4.44171	1.84359	3.47100e-05
4.88373e+02	4.54932e-02	2.49439e-02	0.23192	4.77727	3.47100e-05
4.92255e+02	4.55188e-02	2.02209e-02	2.71971	1.45049	3.47100e-05
4.96137e+02	4.54671e-02	2.71737e-02	4.99866	4.56916	3.47100e-05
5.00019e+02	4.55141e-02	2.13488e-02	1.37840	1.34749	3.47100e-05
5.03902e+02	4.54388e-02	2.78689e-02	4.10156	4.52515	3.47100e-05
5.07784e+02	4.54690e-02	2.36760e-02	0.65955	1.38219	3.47100e-05
5.11666e+02	4.54730e-02	2.80557e-02	3.73334	4.67320	3.47100e-05
5.15548e+02	4.54681e-02	2.73682e-02	0.56561	1.58043	3.47100e-05
5.19430e+02	4.54649e-02	2.83789e-02	3.96425	4.91427	3.47100e-05
5.23312e+02	4.54098e-02	2.91423e-02	1.17900	1.92761	3.47100e-05
5.27194e+02	4.54507e-02	3.08603e-02	4.65411	5.38185	3.47100e-05
5.31077e+02	4.54220e-02	2.93685e-02	2.22093	2.54705	3.47100e-05
5.34959e+02	4.54024e-02	3.24789e-02	6.12598	5.90870	3.47100e-05
5.38841e+02	4.54467e-02	2.93253e-02	4.03106	3.14096	3.47100e-05
5.42723e+02	4.53930e-02	3.32010e-02	2.17103	0.18283	3.47100e-05
5.46605e+02	4.54019e-02	3.18921e-02	0.14619	3.81594	3.47100e-05
5.50487e+02	4.54026e-02	3.17828e-02	4.95543	0.98682	3.47100e-05
5.54369e+02	4.53800e-02	3.44944e-02	3.30709	4.58336	3.47100e-05
5.58252e+02	4.54047e-02	3.06058e-02	1.96987	1.92219	3.47100e-05
5.62134e+02	4.53501e-02	3.50190e-02	0.92702	5.43300	3.47100e-05
5.66016e+02	4.53714e-02	3.23869e-02	6.02084	2.84853	3.47100e-05
5.69898e+02	4.53883e-02	3.26663e-02	5.39540	0.12529	3.47100e-05
5.73780e+02	4.53282e-02	3.48779e-02	4.58569	3.87203	3.47100e-05
5.77662e+02	4.53540e-02	3.02917e-02	4.10956	1.22721	3.47100e-05
5.81544e+02	4.53295e-02	3.36425e-02	3.90995	4.91220	3.47100e-05
5.85427e+02	4.52868e-02	3.17383e-02	3.61049	2.38203	3.47100e-05
5.89309e+02	4.53350e-02	3.12134e-02	3.72351	6.07303	3.47100e-05
5.93191e+02	4.52855e-02	3.20753e-02	3.92652	3.60962	3.47100e-05
5.97073e+02	4.52658e-02	3.05899e-02	4.27353	0.97975	3.47100e-05
6.00955e+02	4.53239e-02	3.05495e-02	4.87296	4.82798	3.47100e-05
6.04837e+02	4.52389e-02	2.94478e-02	5.63656	2.30481	3.47100e-05
6.08719e+02	4.52996e-02	3.09951e-02	0.21869	6.05162	3.47100e-05
6.12602e+02	4.52968e-02	2.83401e-02	1.34637	3.68070	3.47100e-05
6.16484e+02	4.52375e-02	2.94547e-02	2.72923	1.06939	3.47100e-05
6.20366e+02	4.52779e-02	3.02636e-02	4.03056	4.98967	3.47100e-05
6.24248e+02	4.52428e-02	2.75336e-02	5.84750	2.51598	3.47100e-05
6.28130e+02	4.51924e-02	3.17791e-02	1.37264	0.00529	3.47100e-05
6.32012e+02	4.52402e-02	2.97975e-02	3.22775	3.99867	3.47100e-05
6.35894e+02	4.52129e-02	2.98673e-02	5.67148	1.45590	3.47100e-05
6.39777e+02	4.51733e-02	3.39069e-02	1.60510	5.37747	3.47100e-05
6.43659e+02	4.52335e-02	3.00561e-02	4.10969	3.04098	3.47100e-05
6.47541e+02	4.51899e-02	3.36928e-02	0.77945	0.55902	3.47100e-05
6.51423e+02	4.51557e-02	3.51578e-02	3.47857	4.55238	3.47100e-05
6.55305e+02	4.52554e-02	3.27150e-02	0.36417	2.15548	3.47100e-05
6.59187e+02	4.51728e-02	3.62961e-02	3.75279	6.07571	3.47100e-05
6.63069e+02	4.51698e-02	3.56791e-02	0.76023	3.78012	3.47100e-05
6.66951e+02	4.51799e-02	3.51289e-02	4.51319	1.37287	3.47100e-05
6.70834e+02	4.51456e-02	3.70745e-02	2.10109	5.38807	3.47100e-05
6.74716e+02	4.51667e-02	3.56184e-02	6.04203	3.01709	3.47100e-05
6.78598e+02	4.51789e-02	3.64618e-02	4.02159	0.68864	3.47100e-05
6.82480e+02	4.51235e-02	3.61597e-02	2.13476	4.74987	3.47100e-05
6.86362e+02	4.51063e-02	3.51113e-02	0.44271	2.31997	3.47100e-05
6.90244e+02	4.51404e-02	3.59457e-02	5.18880	0.07764	3.47100e-05
6.94126e+02	4.50871e-02	3.32526e-02	3.97771	4.06129	3.47100e-05
6.98009e+02	4.50890e-02	3.39834e-02	2.80862	1.69658	3.47100e-05
7.01891e+02	4.51154e-02	3.30905e-02	1.84571	5.73643	3.47100e-05
7.05773e+02	4.50909e-02	3.14763e-02	1.23748	3.43332	3.47100e-05
7.09655e+02	4.50562e-02	3.33195e-02	0.64123	1.07389	3.47100e-05
7.13537e+02	4.50949e-02	3.14180e-02	0.20789	5.16370	3.47100e-05
7.17419e+02	4.50727e-02	3.04810e-02	0.25334	2.79380	3.47100e-05
7.21301e+02	4.50169e-02	3.33408e-02	0.19256	0.50544	3.47100e-05
7.25184e+02	4.50986e-02	3.12695e-02	0.34140	4.56418	3.47100e-05
7.29066e+02	4.50367e-02	3.21044e-02	0.93641	2.24645	3.47100e-05
7.32948e+02	4.49908e-02	3.41775e-02	1.46529	6.24225	3.47100e-05
7.36830e+02	4.50418e-02	3.24707e-02	2.19991	4.00431	3.47100e-05
7.40712e+02	4.50312e-02	3.45046e-02	3.33094	1.72124	3.47100e-05
7.44594e+02	4.49871e-02	3.59382e-02	4.40505	5.79027	3.47100e-05
7.48476e+02	4.50112e-02	3.51437e-02	5.74626	3.48877	3.47100e-05
7.52359e+02	4.50004e-02	3.70899e-02	1.08555	1.30228	3.47100e-05
7.56241e+02	4.49497e-02	3.71717e-02	2.80361	5.33456	3.47100e-05
7.60123e+02	4.49964e-02	3.64605e-02	4.67321	3.06860	3.47100e-05
7.64005e+02	4.50017e-02	3.73031e-02	0.57835	0.87183	3.47100e-05
7.67887e+02	4.49271e-02	3.62773e-02	2.95500	4.88645	3.47100e-05
7.71769e+02	4.49538e-02	3.69626e-02	5.35563	2.64512	3.47100e-05
7.75651e+02	4.49674e-02	3.57020e-02	1.81403	0.46330	3.47100e-05
7.79534e+02	4.49428e-02	3.45570e-02	4.82131	4.48228	3.47100e-05
7.83416e+02	4.49015e-02	3.53518e-02	1.55603	2.21664	3.47100e-05
7.87298e+02	4.49532e-02	3.32434e-02	4.83932	0.02924	3.47100e-05
7.91180e+02	4.49061e-02	3.27068e-02	2.16859	4.08258	3.47100e-05
7.95062e+02	4.48943e-02	3.40981e-02	5.81483	1.79134	3.47100e-05
7.98944e+02	4.48967e-02	3.21254e-02	3.38415	5.86504	3.47100e-05
8.02826e+02	4.48952e-02	3.25950e-02	1.28519	3.66286	3.47100e-05
8.06708e+02	4.48800e-02	3.44124e-02	5.56048	1.38153	3.47100e-05
8.10591e+02	4.48690e-02	3.32691e-02	3.68009	5.43466	3.47100e-05
8.14473e+02	4.48805e-02	3.42817e-02	2.13095	3.27286	3.47100e-05
8.18355e+02	4.48437e-02	3.59424e-02	0.70995	1.03592	3.47100e-05
8.22237e+02	4.48450e-02	3.58509e-02	5.69862	5.06372	3.47100e-05
8.26119e+02	4.49088e-02	3.65472e-02	4.68709	2.90488	3.47100e-05
8.30001e+02	4.48176e-02	3.73132e-02	3.87453	0.71397	3.47100e-05
8.33883e+02	4.48216e-02	3.73067e-02	3.15485	4.73600	3.47100e-05
8.37766e+02	4.48407e-02	3.73814e-02	2.69882	2.55381	3.47100e-05
8.41648e+02	4.48156e-02	3.69571e-02	2.47865	0.40386	3.47100e-05
8.45530e+02	4.47789e-02	3.72461e-02	2.39007	4.42136	3.47100e-05
8.49412e+02	4.48029e-02	3.61994e-02	2.45659	2.23376	3.47100e-05
8.53294e+02	4.48075e-02	3.40463e-02	2.92088	0.01848	3.47100e-05
8.57176e+02	4.47587e-02	3.55379e-02	3.42580	4.09370	3.47100e-05
8.61058e+02	4.47676e-02	3.39157e-02	4.04724	1.90019	3.47100e-05
8.64941e+02	4.48083e-02	3.22175e-02	5.11035	5.93345	3.47100e-05
8.68823e+02	4.47477e-02	3.41168e-02	0.02868	3.70315	3.47100e-05
8.72705e+02	4.47441e-02	3.33577e-02	1.22219	1.50351	3.47100e-05
8.76587e+02	4.47728e-02	3.21754e-02	2.77143	5.59305	3.47100e-05
8.80469e+02	4.47470e-02	3.45582e-02	4.60811	3.36829	3.47100e-05
8.84351e+02	4.47151e-02	3.54805e-02	0.17152	1.14726	3.47100e-05
8.88233e+02	4.47309e-02	3.55166e-02	2.22843	5.22559	3.47100e-05
8.92116e+02	4.47422e-02	3.57313e-02	4.63311	3.04214	3.47100e-05
8.95998e+02	4.47034e-02	3.71891e-02	0.85234	0.81903	3.47100e-05
8.99880e+02	4.47005e-02	3.77933e-02	3.40969	4.93769	3.47100e-05
9.03762e+02	4.47398e-02	3.71709e-02	0.04079	2.78624	3.47100e-05
9.07644e+02	4.46850e-02	3.71761e-02	3.23798	0.54395	3.47100e-05
9.11526e+02	4.46658e-02	3.82660e-02	0.13916	4.62751	3.47100e-05
9.15408e+02	4.46966e-02	3.55767e-02	3.57595	2.45618	3.47100e-05
9.19291e+02	4.46733e-02	3.48715e-02	1.11756	0.23804	3.47100e-05
9.23173e+02	4.46372e-02	3.56671e-02	4.98454	4.29592	3.47100e-05
9.27055e+02	4.46438e-02	3.33784e-02	2.69618	2.09838	3.47100e-05
9.30937e+02	4.46682e-02	3.28010e-02	0.79258	6.17447	3.47100e-05
9.34819e+02	4.46517e-02	3.40667e-02	5.32203	3.98820	3.47100e-05
9.38701e+02	4.46102e-02	3.31711e-02	3.63979	1.75511	3.47100e-05
9.42583e+02	4.46299e-02	3.34141e-02	2.25269	5.85033	3.47100e-05
9.46465e+02	4.46136e-02	3.41667e-02	1.16481	3.65997	3.47100e-05
9.50348e+02	4.45613e-02	3.56933e-02	0.19781	1.38034	3.47100e-05
9.54230e+02	4.46186e-02	3.67193e-02	5.61087	5.46508	3.47100e-05
9.58112e+02	4.46176e-02	3.62809e-02	5.05519	3.31056	3.47100e-05
9.61994e+02	4.45711e-02	3.78778e-02	4.69775	1.07827	3.47100e-05
9.65876e+02	4.45643e-02	3.83644e-02	4.35356	5.17784	3.47100e-05
9.69758e+02	4.45943e-02	3.67625e-02	4.28142	3.02441	3.47100e-05
9.73640e+02	4.45798e-02	3.70983e-02	4.58746	0.81793	3.47100e-05
9.77523e+02	4.45231e-02	3.67566e-02	4.93922	4.88579	3.47100e-05
9.81405e+02	4.45489e-02	3.50856e-02	5.48737	2.66190	3.47100e-05
9.85287e+02	4.45632e-02	3.49023e-02	0.04728	0.49177	3.47100e-05
9.89169e+02	4.45049e-02	3.46405e-02	1.07001	4.57843	3.47100e-05
9.93051e+02	4.44933e-02	3.38127e-02	2.17211	2.34041	3.47100e-05
9.96933e+02	4.45299e-02	3.34137e-02	3.54511	0.15804	3.47100e-05
1.00082e+03	4.45398e-02	3.37414e-02	5.22808	4.24702	3.47100e-05
1.00470e+03	4.44754e-02	3.51295e-02	0.75016	1.98374	3.47100e-05
1.00858e+03	4.44737e-02	3.57360e-02	2.62713	6.07517	3.47100e-05
1.01246e+03	4.45104e-02	3.50486e-02	4.86189	3.90340	3.47100e-05
1.01634e+03	4.44702e-02	3.74061e-02	1.01494	1.70652	3.47100e-05
1.02023e+03	4.44556e-02	3.78824e-02	3.47044	5.81002	3.47100e-05
1.02411e+03	4.44956e-02	3.67908e-02	6.20433	3.61722	3.47100e-05
1.02799e+03	4.44733e-02	3.76966e-02	2.99364	1.43751	3.47100e-05
1.03187e+03	4.44334e-02	3.78246e-02	6.12239	5.55066	3.47100e-05
1.03575e+03	4.44237e-02	3.55000e-02	3.15918	3.30250	3.47100e-05
1.03964e+03	4.44786e-02	3.57067e-02	0.47905	1.12123	3.47100e-05
1.04352e+03	4.44283e-02	3.30875e-02	4.36444	5.20281	3.47100e-05
1.04740e+03	4.43973e-02	3.43010e-02	2.04201	2.94136	3.47100e-05
1.05128e+03	4.44115e-02	3.44334e-02	6.12285	0.78151	3.47100e-05
1.05517e+03	4.44013e-02	3.21974e-02	4.32196	4.87193	3.47100e-05
1.05905e+03	4.43618e-02	3.54754e-02	2.71798	2.61680	3.47100e-05
1.06293e+03	4.43826e-02	3.60368e-02	1.08425	0.42693	3.47100e-05
1.06681e+03	4.44045e-02	3.50199e-02	6.11310	4.47750	3.47100e-05
1.07069e+03	4.43940e-02	3.71700e-02	5.09552	2.29675	3.47100e-05
1.07458e+03	4.43362e-02	3.78583e-02	4.13549	0.11942	3.47100e-05
1.07846e+03	4.43555e-02	3.68874e-02	3.33616	4.19471	3.47100e-05
1.08234e+03	4.43664e-02	3.69548e-02	2.89264	1.99290	3.47100e-05
1.08622e+03	4.43474e-02	3.64934e-02	2.64181	6.10082	3.47100e-05
1.09010e+03	4.42858e-02	3.68115e-02	2.50693	3.86220	3.47100e-05
1.09399e+03	4.43216e-02	3.51770e-02	2.51823	1.68750	3.47100e-05
1.09787e+03	4.43372e-02	3.29392e-02	2.94738	5.74147	3.47100e-05
1.10175e+03	4.43026e-02	3.40921e-02	3.54215	3.49710	3.47100e-05
1.10563e+03	4.42625e-02	3.47132e-02	4.13979	1.31171	3.47100e-05
1.10952e+03	4.43222e-02	3.27174e-02	5.06203	5.37158	3.47100e-05
1.11340e+03	4.43021e-02	3.49562e-02	0.03742	3.13082	3.47100e-05
1.11728e+03	4.42510e-02	3.65588e-02	1.31476	0.95976	3.47100e-05
1.12116e+03	4.42589e-02	3.54722e-02	2.74507	5.01054	3.47100e-05
1.12504e+03	4.42929e-02	3.75063e-02	4.50807	2.78908	3.47100e-05
1.12893e+03	4.42597e-02	3.67450e-02	0.16446	0.65238	3.47100e-05
1.13281e+03	4.42267e-02	3.74651e-02	2.27879	4.68523	3.47100e-05
1.13669e+03	4.42263e-02	3.80037e-02	4.48924	2.48138	3.47100e-05
1.14057e+03	4.42830e-02	3.49605e-02	0.75721	0.31860	3.47100e-05
1.14445e+03	4.42216e-02	3.57529e-02	3.61038	4.34729	3.47100e-05
1.14834e+03	4.41994e-02	3.59739e-02	0.17649	2.13503	3.47100e-05
1.15222e+03	4.42167e-02	3.29030e-02	3.27220	6.18249	3.47100e-05
1.15610e+03	4.42484e-02	3.36249e-02	0.44615	3.95427	3.47100e-05
1.15998e+03	4.41900e-02	3.42497e-02	4.02728	1.74514	3.47100e-05
1.16387e+03	4.41701e-02	3.52087e-02	1.39816	5.80926	3.47100e-05
1.16775e+03	4.41892e-02	3.59542e-02	5.33591	3.56694	3.47100e-05
1.17163e+03	4.41940e-02	3.58434e-02	3.25673	1.40023	3.47100e-05
1.17551e+03	4.41495e-02	3.74755e-02	1.36759	5.42593	3.47100e-05
1.17939e+03	4.41385e-02	3.82410e-02	5.79208	3.23226	3.47100e-05
1.18328e+03	4.41823e-02	3.62353e-02	4.20482	1.05586	3.47100e-05
1.18716e+03	4.41795e-02	3.58459e-02	2.99383	5.10681	3.47100e-05
1.19104e+03	4.41217e-02	3.70354e-02	1.82367	2.92665	3.47100e-05
1.19492e+03	4.41123e-02	3.49009e-02	0.84344	0.66301	3.47100e-05
1.19880e+03	4.41503e-02	3.42977e-02	0.14314	4.72440	3.47100e-05
1.20269e+03	4.41349e-02	3.41253e-02	6.02526	2.50573	3.47100e-05
1.20657e+03	4.40669e-02	3.40293e-02	5.72305	0.25099	3.47100e-05
1.21045e+03	4.40825e-02	3.59215e-02	5.56171	4.26807	3.47100e-05
1.21433e+03	4.41029e-02	3.44348e-02	5.60842	2.13049	3.47100e-05
1.21822e+03	4.40794e-02	3.55366e-02	6.07320	6.12930	3.47100e-05
1.22210e+03	4.40435e-02	3.87321e-02	0.18560	3.95238	3.47100e-05
1.22598e+03	4.40547e-02	3.69139e-02	0.79858	1.72446	3.47100e-05
1.22986e+03	4.40925e-02	3.67441e-02	1.73253	5.80289	3.47100e-05
1.23374e+03	4.40696e-02	3.67248e-02	2.93853	3.59340	3.47100e-05
1.23763e+03	4.40174e-02	3.53876e-02	4.32660	1.30309	3.47100e-05
1.24151e+03	4.40303e-02	3.47597e-02	5.95808	5.28708	3.47100e-05
1.24539e+03	4.40512e-02	3.03678e-02	1.74998	2.97366	3.47100e-05
1.24927e+03	4.39848e-02	3.10950e-02	4.32409	0.52697	3.47100e-05
1.25315e+03	4.39674e-02	3.13704e-02	0.78569	4.33477	3.47100e-05
1.25704e+03	4.39866e-02	2.84876e-02	4.03907	1.72453	3.47100e-05
1.26092e+03	4.40065e-02	3.10577e-02	1.51548	5.40780	3.47100e-05
1.26480e+03	4.39301e-02	3.06683e-02	5.69645	2.61334	3.47100e-05
1.26868e+03	4.39363e-02	3.30524e-02	3.81839	6.08160	3.47100e-05
1.27257e+03	4.39637e-02	2.95213e-02	2.50922	3.23472	3.47100e-05
1.27645e+03	4.39243e-02	3.28917e-02	1.76917	0.14841	3.47100e-05
1.28033e+03	4.39068e-02	2.89975e-02	1.18241	3.34152	3.47100e-05
1.28421e+03	4.39085e-02	2.86009e-02	1.25866	0.10194	3.47100e-05
1.28809e+03	4.38654e-02	2.47224e-02	1.84700	3.03519	3.47100e-05
1.29198e+03	4.38337e-02	2.52009e-02	2.75796	5.76121	3.47100e-05
1.29586e+03	4.38748e-02	1.93384e-02	4.42939	2.01039	3.47100e-05
1.29974e+03	4.38521e-02	2.11976e-02	0.07106	4.60115	3.47100e-05
1.30362e+03	4.38363e-02	2.20632e-02	2.52270	0.57251	3.47100e-05
1.30750e+03	4.38264e-02	2.12343e-02	5.55354	2.81049	3.47100e-05
1.31139e+03	4.37741e-02	2.51630e-02	2.62323	4.92707	3.47100e-05
1.31527e+03	4.38218e-02	2.61339e-02	0.14904	0.60075	3.47100e-05
1.31915e+03	4.37997e-02	2.37724e-02	4.70431	2.33171	3.47100e-05
1.32303e+03	4.37607e-02	1.92503e-02	3.17119	4.01356	3.47100e-05
1.32692e+03	4.37735e-02	1.86634e-02	2.45944	5.37950	3.47100e-05
1.33080e+03	4.37103e-02	1.59728e-02	2.61022	6.25035	3.47100e-05
1.33468e+03	4.37543e-02	1.64014e-02	2.72520	1.03920	3.47100e-05
1.33856e+03	4.37113e-02	2.06070e-02	3.91203	1.64666	3.47100e-05
1.34244e+03	4.37038e-02	1.78361e-02	5.11605	2.38747	3.47100e-05
1.34633e+03	4.36977e-02	1.61969e-02	0.46077	3.12434	3.47100e-05
1.35021e+03	4.36648e-02	1.65694e-02	3.10188	3.08647	3.47100e-05
1.35409e+03	4.36743e-02	1.27956e-02	0.42726	2.66082	3.47100e-05
1.35797e+03	4.36404e-02	1.88884e-02	3.72234	2.81605	3.47100e-05
1.36185e+03	4.36272e-02	1.65278e-02	1.42368	2.40415	3.47100e-05
1.36574e+03	4.36422e-02	1.39205e-02	0.15567	1.60985	3.47100e-05
1.36962e+03	4.36486e-02	1.67195e-02	5.65763	0.72400	3.47100e-05
1.37350e+03	4.35819e-02	1.33056e-02	5.06966	6.12569	3.47100e-05
1.37738e+03	4.35984e-02	6.55937e-03	5.31570	4.61432	3.47100e-05
1.38127e+03	4.35758e-02	1.72551e-02	0.06411	2.91397	3.47100e-05
1.38515e+03	4.35476e-02	1.35148e-02	1.52612	1.06235	3.47100e-05
1.38903e+03	4.35743e-02	1.17485e-02	3.81346	5.08935	3.47100e-05
1.39291e+03	4.35233e-02	7.38322e-03	0.55420	2.47015	3.47100e-05
1.39679e+03	4.35043e-02	1.21314e-02	2.99182	0.56374	3.47100e-05
1.40068e+03	4.35463e-02	1.43273e-02	0.77436	3.84364	3.47100e-05
1.40456e+03	4.34865e-02	9.62067e-03	6.03524	0.21689	3.47100e-05
1.40844e+03	4.34605e-02	1.21315e-02	4.26570	3.67915	3.47100e-05
1.41232e+03	4.34797e-02	9.81862e-03	3.36451	0.20934	3.47100e-05
1.41620e+03	4.34841e-02	1.38850e-02	3.96979	2.38174	3.47100e-05
1.42009e+03	4.34459e-02	3.93401e-03	4.83737	4.46049	3.47100e-05
1.42397e+03	4.34489e-02	6.88801e-03	4.72162	1.21184	3.47100e-05
1.42785e+03	4.34592e-02	1.04078e-02	1.23161	2.22006	3.47100e-05
1.43173e+03	4.34012e-02	5.52081e-03	4.49648	3.00051	3.47100e-05
1.43561e+03	4.33536e-02	9.35282e-03	1.03683	4.36463	3.47100e-05
1.43950e+03	4.33946e-02	9.48539e-03	4.61147	5.34813	3.47100e-05
1.44338e+03	4.33811e-02	1.07002e-02	3.02680	5.92347	3.47100e-05
1.44726e+03	4.33423e-02	5.72840e-03	1.34419	0.56467	3.47100e-05
1.45114e+03	4.33240e-02	6.26847e-03	0.93653	0.25129	3.47100e-05
1.45503e+03	4.33470e-02	9.53277e-03	1.24237	6.09154	3.47100e-05
1.45891e+03	4.33253e-02	5.09704e-03	2.66809	5.15392	3.47100e-05
1.46279e+03	4.32797e-02	6.96304e-03	3.58648	4.71290	3.47100e-05
1.46667e+03	4.32959e-02	1.08821e-02	5.14310	3.91631	3.47100e-05
1.47055e+03	4.33018e-02	5.67643e-03	1.77174	2.59967	3.47100e-05
1.47444e+03	4.32449e-02	7.28725e-03	5.90683	0.23165	3.47100e-05
1.47832e+03	4.32313e-02	6.05153e-03	2.60560	5.32750	3.47100e-05
1.48220e+03	4.32542e-02	8.97812e-03	1.73909	2.61004	3.47100e-05
1.48608e+03	4.32093e-02	3.90122e-03	0.81584	0.09088	3.47100e-05
1.48996e+03	4.32183e-02	8.01650e-03	5.79566	4.25658	3.47100e-05
1.49385e+03	4.32074e-02	6.00032e-03	0.86304	0.48492	3.47100e-05
1.49773e+03	4.31668e-02	6.34939e-03	1.06916	4.04495	3.47100e-05
1.50161e+03	4.31930e-02	6.49916e-03	1.74487	1.17214	3.47100e-05
1.50549e+03	4.31631e-02	5.85697e-03	4.56821	3.26704	3.47100e-05
1.50938e+03	4.31317e-02	8.35371e-03	0.73820	5.49191	3.47100e-05
1.51326e+03	4.31564e-02	6.53093e-03	4.09995	1.26977	3.47100e-05
1.51714e+03	4.31001e-02	3.34276e-03	1.47666	3.45537	3.47100e-05
1.52102e+03	4.31273e-02	4.46014e-03	5.29927	5.36001	3.47100e-05
1.52490e+03	4.31148e-02	3.87973e-03	5.48406	5.64144	3.47100e-05
1.52879e+03	4.30532e-02	5.73442e-03	4.14676	1.03270	3.47100e-05
1.53267e+03	4.30962e-02	5.75255e-03	4.00346	1.98300	3.47100e-05
1.53655e+03	4.30706e-02	3.21343e-03	5.51533	1.93914	3.47100e-05
1.54043e+03	4.30451e-02	5.27874e-03	6.06386	2.60682	3.47100e-05
1.54431e+03	4.30537e-02	5.16598e-03	2.35520	2.35180	3.47100e-05
1.54820e+03	4.30018e-02	7.06286e-03	4.10137	2.70424	3.47100e-05
1.55208e+03	4.30211e-02	6.60132e-03	1.03216	2.21899	3.47100e-05
1.55596e+03	4.29613e-02	3.42142e-03	5.03649	1.41358	3.47100e-05
1.55984e+03	4.29827e-02	5.98899e-03	2.97199	0.30069	3.47100e-05
1.56373e+03	4.29544e-02	4.10439e-03	2.10822	5.33155	3.47100e-05
1.56761e+03	4.29709e-02	3.67365e-03	0.90021	4.03522	3.47100e-05
1.57149e+03	4.29529e-02	5.30091e-03	1.81264	1.68455	3.47100e-05
1.57537e+03	4.29012e-02	5.15475e-03	1.93126	6.26708	3.47100e-05
1.57925e+03	4.29376e-02	5.87934e-03	3.36649	3.86777	3.47100e-05
1.58314e+03	4.28755e-02	4.10874e-03	5.68146	0.98303	3.47100e-05
1.58702e+03	4.29053e-02	6.06032e-03	0.94495	5.21531	3.47100e-05
1.59090e+03	4.28763e-02	4.66425e-03	5.54382	1.00226	3.47100e-05
1.59478e+03	4.28727e-02	3.16076e-03	1.85349	4.77232	3.47100e-05
1.59866e+03	4.28378e-02	4.51167e-03	0.65405	0.91749	3.47100e-05
1.60255e+03	4.28360e-02	5.10301e-03	5.81244	2.82755	3.47100e-05
1.60643e+03	4.28308e-02	2.57650e-03	0.64777	3.67265	3.47100e-05
1.61031e+03	4.28006e-02	3.71955e-03	4.53168	1.35822	3.47100e-05
1.61419e+03	4.28028e-02	4.25678e-03	0.15996	2.11056	3.47100e-05
1.61808e+03	4.27816e-02	5.40811e-03	1.25979	3.38340	3.47100e-05
1.62196e+03	4.27845e-02	3.62682e-03	4.27776	3.70507	3.47100e-05
1.62584e+03	4.27402e-02	4.32108e-03	0.12491	4.75241	3.47100e-05
1.62972e+03	4.27450e-02	2.66643e-03	4.37124	4.53095	3.47100e-05
1.63360e+03	4.27306e-02	3.02449e-03	1.50089	5.08649	3.47100e-05
1.63749e+03	4.27836e-02	3.49191e-03	0.61869	4.42153	3.47100e-05
1.64137e+03	4.27005e-02	4.44095e-03	5.33556	4.44171	3.47100e-05
1.64525e+03	4.27479e-02	5.54181e-03	5.30854	3.66230	3.47100e-05
1.64913e+03	4.26725e-02	5.38569e-03	4.88395	3.27165	3.47100e-05
1.65301e+03	4.27182e-02	2.82021e-03	0.29804	1.53615	3.47100e-05
1.65690e+03	4.26575e-02	3.87093e-03	1.63490	0.08912	3.47100e-05
1.66078e+03	4.26455e-02	2.85498e-03	4.75402	3.99052	3.47100e-05
1.66466e+03	4.26251e-02	5.70846e-03	0.32874	2.69231	3.47100e-05
1.66854e+03	4.26266e-02	1.88161e-03	3.87167	0.66517	3.47100e-05
1.67243e+03	4.25846e-02	3.74842e-03	1.59544	4.15334	3.47100e-05
1.67631e+03	4.26031e-02	3.87619e-03	5.90233	2.14311	3.47100e-05
1.68019e+03	4.25842e-02	1.66331e-03	4.99921	4.92032	3.47100e-05
1.68407e+03	4.25529e-02	2.13510e-03	4.12728	2.56701	3.47100e-05
1.68795e+03	4.25553e-02	3.07238e-03	4.21100	5.04801	3.47100e-05
1.69184e+03	4.25355e-02	2.10760e-03	4.43860	2.32998	3.47100e-05
1.69572e+03	4.25613e-02	3.49895e-03	5.46042	4.61598	3.47100e-05
1.69960e+03	4.25083e-02	8.03457e-04	1.85009	0.12191	3.47100e-05
1.70348e+03	4.25360e-02	5.26169e-03	2.80381	3.28670	3.47100e-05
1.70736e+03	4.25074e-02	3.37458e-03	0.57961	4.28376	3.47100e-05
1.71125e+03	4.24956e-02	2.66099e-03	3.00746	0.58590	3.47100e-05
1.71513e+03	4.24459e-02	5.27853e-03	0.08912	2.77239	3.47100e-05
1.71901e+03	4.24779e-02	4.92316e-03	5.46308	3.36793	3.47100e-05
1.72289e+03	4.24229e-02	5.59181e-03	3.98377	4.57617	3.47100e-05
1.72678e+03	4.24429e-02	3.88836e-03	4.76927	4.42691	3.47100e-05
1.73066e+03	4.24157e-02	1.93146e-03	3.39609	6.06297	3.47100e-05
1.73454e+03	4.24032e-02	2.62299e-03	5.85022	5.08055	3.47100e-05
1.73842e+03	4.23919e-02	1.77972e-03	3.94916	1.67032	3.47100e-05
1.74230e+03	4.23815e-02	1.30540e-03	1.51280	6.24375	3.47100e-05
1.74619e+03	4.24037e-02	2.74267e-03	1.70680	1.64851	3.47100e-05
1.75007e+03	4.23327e-02	2.58513e-03	5.25854	0.66254	3.47100e-05
1.75395e+03	4.23623e-02	2.62171e-03	3.14966	5.70407	3.47100e-05
1.75783e+03	4.23300e-02	3.39519e-03	5.78566	5.97517	3.47100e-05
1.76171e+03	4.23363e-02	2.91273e-03	4.86527	4.54659	3.47100e-05
1.76560e+03	4.23265e-02	4.37006e-03	2.19199	4.41503	3.47100e-05
1.76948e+03	4.23012e-02	2.21085e-03	1.37266	3.65212	3.47100e-05
1.77336e+03	4.23135e-02	2.79516e-03	1.53667	1.56440	3.47100e-05
1.77724e+03	4.22505e-02	4.03171e-03	2.35719	5.85544	3.47100e-05
1.78113e+03	4.22641e-02	2.84821e-03	3.31568	4.04381	3.47100e-05
1.78501e+03	4.22480e-02	2.23007e-03	3.34932	3.10334	3.47100e-05
1.78889e+03	4.22392e-02	1.87361e-03	0.41901	6.17753	3.47100e-05
1.79277e+03	4.22251e-02	3.47700e-03	1.49566	4.75394	3.47100e-05
1.79665e+03	4.22161e-02	1.83384e-03	4.82995	2.25732	3.47100e-05
1.80054e+03	4.22240e-02	3.58528e-03	1.81382	5.84627	3.47100e-05
1.80442e+03	4.21705e-02	4.32688e-03	5.17521	3.62783	3.47100e-05
1.80830e+03	4.21873e-02	1.64136e-03	4.80621	5.66431	3.47100e-05
1.81218e+03	4.21849e-02	3.86993e-03	1.12112	4.50430	3.47100e-05
1.81606e+03	4.21815e-02	7.85618e-04	2.74020	5.48208	3.47100e-05
1.81995e+03	4.21908e-02	4.11015e-03	5.43312	4.93443	3.47100e-05
1.82383e+03	4.21721e-02	1.72219e-03	5.69952	1.50798	3.47100e-05
1.82771e+03	4.21907e-02	4.39295e-03	5.97811	4.42199	3.47100e-05
1.83159e+03	4.21204e-02	1.58415e-03	6.02570	1.39998	3.47100e-05
1.83548e+03	4.21045e-02	1.45671e-03	1.65018	3.75482	3.47100e-05
1.83936e+03	4.20973e-02	2.93427e-03	3.23114	5.97264	3.47100e-05
1.84324e+03	4.20599e-02	9.53343e-04	4.46729	3.44100	3.47100e-05
1.84712e+03	4.20933e-02	5.09400e-03	1.48074	4.89105	3.47100e-05
1.85100e+03	4.20471e-02	2.38141e-03	4.85502	0.45925	3.47100e-05
1.85489e+03	4.20616e-02	1.93055e-03	1.17724	3.72406	3.47100e-05
1.85877e+03	4.20401e-02	3.91980e-03	5.10082	5.34031	3.47100e-05
1.86265e+03	4.20277e-02	1.61831e-03	4.76739	6.13216	3.47100e-05
1.86653e+03	4.20411e-02	2.32666e-03	2.00291	2.70409	3.47100e-05
1.87041e+03	4.19723e-02	3.93894e-03	1.08072	4.41521	3.47100e-05
1.87430e+03	4.20172e-02	3.12082e-03	1.21232	5.51961	3.47100e-05
1.87818e+03	4.19727e-02	2.08366e-03	0.16332	1.27899	3.47100e-05
1.88206e+03	4.19753e-02	6.88312e-04	3.16710	0.46088	3.47100e-05
1.88594e+03	4.19833e-02	3.63917e-03	1.49316	3.89124	3.47100e-05
1.88983e+03	4.19147e-02	3.80560e-03	3.06154	4.90755	3.47100e-05
1.89371e+03	4.19838e-02	2.68643e-03	5.26978	5.57532	3.47100e-05
1.89759e+03	4.19173e-02	3.54811e-03	0.42466	0.58265	3.47100e-05
1.90147e+03	4.19205e-02	1.52476e-03	3.98271	0.87583	3.47100e-05
1.90535e+03	4.19473e-02	2.82224e-03	5.48329	2.77824	3.47100e-05
1.90924e+03	4.18830e-02	2.08874e-03	2.97800	3.30166	3.47100e-05
1.91312e+03	4.19053e-02	2.96130e-03	0.22857	4.24604	3.47100e-05
1.91700e+03	4.18503e-02	3.01644e-03	3.85865	5.02753	3.47100e-05
1.92088e+03	4.18460e-02	1.64863e-03	2.78286	5.31744	3.47100e-05
1.92476e+03	4.19020e-02	3.01476e-03	6.26370	0.56420	3.47100e-05
1.92865e+03	4.18468e-02	3.07177e-03	5.80606	0.76749	3.47100e-05
1.93253e+03	4.18780e-02	2.74063e-03	4.90339	1.47093	3.47100e-05
1.93641e+03	4.18083e-02	3.32504e-03	3.94620	2.23967	3.47100e-05
1.94029e+03	4.18426e-02	1.58479e-03	4.70360	2.33463	3.47100e-05
1.94418e+03	4.18110e-02	3.38396e-03	4.10572	3.29576	3.47100e-05
1.94806e+03	4.18231e-02	3.00000e-03	5.43360	3.39933	3.47100e-05
1.95194e+03	4.18030e-02	3.53878e-03	0.05439	3.87867	3.47100e-05
1.95582e+03	4.17701e-02	3.29557e-03	1.09572	4.37248	3.47100e-05
1.95970e+03	4.17579e-02	1.82668e-03	3.71321	4.20970	3.47100e-05
1.96359e+03	4.17527e-02	3.31231e-03	4.84668	5.07610	3.47100e-05
1.96747e+03	4.17105e-02	2.25844e-03	1.32897	5.42111	3.47100e-05
1.97135e+03	4.17305e-02	3.13667e-03	4.13980	5.58414	3.47100e-05
1.97523e+03	4.17267e-02	2.97678e-03	0.69162	5.99380	3.47100e-05
1.97911e+03	4.16901e-02	1.71997e-03	4.97137	5.77513	3.47100e-05
1.98300e+03	4.16913e-02	2.89038e-03	1.39584	0.40782	3.47100e-05
1.98688e+03	4.16984e-02	1.41611e-03	0.64101	5.95921	3.47100e-05
1.99076e+03	4.16708e-02	3.39779e-03	4.04961	0.78466	3.47100e-05
1.99464e+03	4.16291e-02	3.14751e-03	2.80525	0.76990	3.47100e-05
1.99853e+03	4.16652e-02	1.11710e-03	3.10100	6.07341	3.47100e-05
2.00241e+03	4.16487e-02	2.70148e-03	0.21329	1.68115	3.47100e-05
2.00629e+03	4.16274e-02	1.71062e-03	1.25823	0.80310	3.47100e-05
2.01017e+03	4.16464e-02	3.86276e-03	0.43090	1.41364	3.47100e-05
2.01405e+03	4.16033e-02	2.70129e-03	1.04078	1.30186	3.47100e-05
2.01794e+03	4.16174e-02	2.45652e-03	1.37428	1.81606	3.47100e-05
2.02182e+03	4.15746e-02	2.80605e-03	1.74345	2.11429	3.47100e-05
2.02570e+03	4.15897e-02	1.09088e-03	4.66261	0.95982	3.47100e-05
2.02958e+03	4.15763e-02	3.49078e-03	4.65236	2.24134	3.47100e-05
2.03346e+03	4.15477e-02	1.83063e-03	0.71387	2.16795	3.47100e-05
2.03735e+03	4.15743e-02	3.19521e-03	1.92201	3.19660	3.47100e-05
2.04123e+03	4.15176e-02	3.33136e-03	4.10728	3.43532	3.47100e-05
2.04511e+03	4.15293e-02	1.82368e-03	1.24796	3.24729	3.47100e-05
2.04899e+03	4.15130e-02	2.94219e-03	3.05281	4.25822	3.47100e-05
2.05288e+03	4.14911e-02	1.63436e-03	1.17593	3.80857	3.47100e-05
2.05676e+03	4.14996e-02	3.68554e-03	3.64685	4.93678	3.47100e-05
2.06064e+03	4.14793e-02	2.64701e-03	1.19271	5.39516	3.47100e-05
2.06452e+03	4.15134e-02	2.19829e-03	5.09097	6.09874	3.47100e-05
2.06840e+03	4.14318e-02	2.48498e-03	1.77497	1.33793	3.47100e-05
2.07229e+03	4.14367e-02	1.15784e-03	0.86008	1.48463	3.47100e-05
2.07617e+03	4.14512e-02	3.21238e-03	4.38510	2.97101	3.47100e-05
2.08005e+03	4.14294e-02	2.51989e-03	4.01679	3.18898	3.47100e-05
2.08393e+03	4.14462e-02	4.29653e-03	2.51888	4.24605	3.47100e-05
2.08781e+03	4.13844e-02	4.03630e-03	1.98442	4.93352	3.47100e-05
2.09170e+03	4.14203e-02	2.92385e-03	1.77194	5.67745	3.47100e-05
2.09558e+03	4.13689e-02	2.52936e-03	0.75308	0.81864	3.47100e-05
2.09946e+03	4.13931e-02	1.17428e-03	1.53789	1.44548	3.47100e-05
2.10334e+03	4.13766e-02	2.82209e-03	0.27333	3.64156	3.47100e-05
2.10723e+03	4.13741e-02	2.35913e-03	1.44051	4.52041	3.47100e-05
2.11111e+03	4.13841e-02	4.07467e-03	1.77804	5.89316	3.47100e-05
2.11499e+03	4.13102e-02	3.45243e-03	3.17175	0.63869	3.47100e-05
2.11887e+03	4.13354e-02	2.68408e-03	4.27049	2.17236	3.47100e-05
2.12275e+03	4.13039e-02	3.49936e-03	4.86482	4.26869	3.47100e-05
2.12664e+03	4.13092e-02	2.93013e-03	1.01793	5.36579	3.47100e-05
2.13052e+03	4.12837e-02	2.88961e-03	2.35039	0.87526	3.47100e-05
2.13440e+03	4.13282e-02	1.56638e-03	6.16544	1.32287	3.47100e-05
2.13828e+03	4.13226e-02	2.66362e-03	0.24898	4.72722	3.47100e-05
2.14216e+03	4.12553e-02	2.39746e-03	3.90694	5.86730	3.47100e-05
2.14605e+03	4.12925e-02	4.67347e-03	0.31855	1.46308	3.47100e-05
2.14993e+03	4.12331e-02	1.94244e-03	3.32567	3.62603	3.47100e-05
2.15381e+03	4.12656e-02	3.26415e-03	0.18404	5.93867	3.47100e-05
2.15769e+03	4.12247e-02	4.22217e-03	3.66110	1.68539	3.47100e-05
2.16157e+03	4.12456e-02	1.69715e-03	1.56865	3.79658	3.47100e-05
2.16546e+03	4.12152e-02	2.99524e-03	4.33664	0.69187	3.47100e-05
2.16934e+03	4.12142e-02	2.10613e-03	4.40207	1.37107	3.47100e-05
2.17322e+03	4.12049e-02	3.09579e-03	0.73332	5.27123	3.47100e-05
2.17710e+03	4.12056e-02	2.91077e-03	6.14367	1.21443	3.47100e-05
2.18099e+03	4.11895e-02	3.01698e-03	3.79357	4.45791	3.47100e-05
2.18487e+03	4.11681e-02	2.64872e-03	2.56629	1.26532	3.47100e-05
2.18875e+03	4.11794e-02	3.63638e-03	1.80628	3.64587	3.47100e-05
2.19263e+03	4.11322e-02	2.74682e-03	0.67296	0.80657	3.47100e-05
2.19651e+03	4.11792e-02	4.31236e-03	6.20556	3.94236	3.47100e-05
2.20040e+03	4.11093e-02	3.84694e-03	5.04605	1.55718	3.47100e-05
2.20428e+03	4.11715e-02	3.68810e-03	5.10387	4.64131	3.47100e-05
2.20816e+03	4.10823e-02	3.78470e-03	4.39822	2.24971	3.47100e-05
2.21204e+03	4.11145e-02	3.05324e-03	4.94626	5.56854	3.47100e-05
2.21592e+03	4.10650e-02	4.28642e-03	3.84531	4.07170	3.47100e-05
2.21981e+03	4.11116e-02	2.15296e-03	5.05013	1.13453	3.47100e-05
2.22369e+03	4.10600e-02	4.43516e-03	4.78350	5.62256	3.47100e-05
2.22757e+03	4.10804e-02	1.93455e-03	5.77400	3.54999	3.47100e-05
2.23145e+03	4.10561e-02	2.97401e-03	5.71949	2.10792	3.47100e-05
2.23534e+03	4.10604e-02	2.29528e-03	1.37240	6.00022	3.47100e-05
2.23922e+03	4.10355e-02	4.14389e-03	1.08553	5.36903	3.47100e-05
2.24310e+03	4.10398e-02	1.20845e-03	3.66095	2.95209	3.47100e-05
2.24698e+03	4.10338e-02	1.77871e-03	3.92952	2.36572	3.47100e-05
2.25086e+03	4.10074e-02	2.71228e-03	0.25429	0.51532	3.47100e-05
2.25475e+03	4.10203e-02	4.63020e-03	0.45466	0.58771	3.47100e-05
2.25863e+03	4.09973e-02	2.22264e-03	2.61003	6.07607	3.47100e-05
2.26251e+03	4.09839e-02	2.82286e-03	4.41971	5.13427	3.47100e-05
2.26639e+03	4.09715e-02	1.25507e-03	1.82277	3.40923	3.47100e-05
2.27027e+03	4.09479e-02	1.87627e-03	2.64834	4.05776	3.47100e-05
2.27416e+03	4.09554e-02	3.00966e-03	0.54535	2.43175	3.47100e-05
2.27804e+03	4.09515e-02	3.45049e-03	1.66371	3.38365	3.47100e-05
2.28192e+03	4.09633e-02	3.29412e-03	5.34495	2.85338	3.47100e-05
2.28580e+03	4.09259e-02	4.43467e-03	1.11202	3.46768	3.47100e-05
2.28969e+03	4.08984e-02	3.31020e-03	4.91883	3.40279	3.47100e-05
2.29357e+03	4.09363e-02	3.69400e-03	1.15690	4.14772	3.47100e-05
2.29745e+03	4.08911e-02	2.79424e-03	5.47579	4.15737	3.47100e-05
2.30133e+03	4.08767e-02	2.86902e-03	1.37659	5.85656	3.47100e-05
2.30521e+03	4.08754e-02	1.97213e-03	0.38016	5.46680	3.47100e-05
2.30910e+03	4.08534e-02	3.18577e-03	2.53691	1.54734	3.47100e-05
2.31298e+03	4.08967e-02	2.09387e-03	1.09280	2.14317	3.47100e-05
2.31686e+03	4.08395e-02	4.93143e-03	4.64228	3.79680	3.47100e-05
2.32074e+03	4.08589e-02	4.27123e-03	2.94734	5.13930	3.47100e-05
2.32462e+03	4.08188e-02	4.23247e-03	1.17423	0.27643	3.47100e-05
2.32851e+03	4.08379e-02	4.08598e-03	5.38393	2.41266	3.47100e-05
2.33239e+03	4.08069e-02	3.27184e-03	4.17581	4.04409	3.47100e-05
2.33627e+03	4.08302e-02	4.82786e-03	2.38374	0.01645	3.47100e-05
2.34015e+03	4.07938e-02	1.72804e-03	2.16274	1.43034	3.47100e-05
2.34404e+03	4.08124e-02	4.74961e-03	5.83932	4.94829	3.47100e-05
2.34792e+03	4.08214e-02	3.25079e-03	6.05318	0.34732	3.47100e-05
2.35180e+03	4.07740e-02	2.94782e-03	4.10049	3.75780	3.47100e-05
2.35568e+03	4.07773e-02	3.24384e-03	3.85835	0.19867	3.47100e-05
2.35956e+03	4.07374e-02	3.92570e-03	2.94968	3.22254	3.47100e-05
2.36345e+03	4.07689e-02	3.78739e-03	2.53300	0.31479	3.47100e-05
2.36733e+03	4.07162e-02	4.28246e-03	2.13952	3.56418	3.47100e-05
2.37121e+03	4.07367e-02	4.24034e-03	2.14709	0.74091	3.47100e-05
2.37509e+03	4.07002e-02	4.16024e-03	1.65354	4.67446	3.47100e-05
2.37897e+03	4.07232e-02	5.04858e-03	1.67138	2.30534	3.47100e-05
2.38286e+03	4.06827e-02	3.91875e-03	1.48372	0.40812	3.47100e-05
2.38674e+03	4.07161e-02	3.16065e-03	1.86070	4.52321	3.47100e-05
2.39062e+03	4.06617e-02	3.43064e-03	1.76954	2.72208	3.47100e-05
2.39450e+03	4.06872e-02	5.07948e-03	0.55018	3.60241	3.47100e-05
2.39839e+03	4.06959e-02	4.07477e-03	1.94976	1.57119	3.47100e-05
2.40227e+03	4.06943e-02	3.90412e-03	4.47973	3.80172	3.47100e-05
2.40615e+03	4.06379e-02	2.58266e-03	0.30798	1.66638	3.47100e-05
2.41003e+03	4.06357e-02	1.82455e-03	5.12903	3.78030	3.47100e-05
2.41391e+03	4.06441e-02	1.12335e-03	3.05778	5.56558	3.47100e-05
2.41780e+03	4.06447e-02	4.16894e-03	2.08322	0.18735	3.47100e-05
2.42168e+03	4.06036e-02	1.99195e-03	4.55622	5.28787	3.47100e-05
2.42556e+03	4.05766e-02	3.94524e-03	0.09338	4.31452	3.47100e-05
2.42944e+03	4.06075e-02	6.23379e-03	0.08078	0.38976	3.47100e-05
2.43332e+03	4.06145e-02	3.94630e-03	1.61149	0.43204	3.47100e-05
2.43721e+03	4.05359e-02	5.03431e-03	4.71835	5.81078	3.47100e-05
2.44109e+03	4.05956e-02	6.38762e-03	5.78870	0.71553	3.47100e-05
2.44497e+03	4.05583e-02	5.33436e-03	5.72809	3.07202	3.47100e-05
2.44885e+03	4.05873e-02	5.70603e-03	4.33787	0.45405	3.47100e-05
2.45274e+03	4.05279e-02	5.60017e-03	5.36504	2.43598	3.47100e-05
2.45662e+03	4.05481e-02	4.62449e-03	5.26859	5.78633	3.47100e-05
2.46050e+03	4.05400e-02	6.06837e-03	0.51676	1.71644	3.47100e-05
2.46438e+03	4.05248e-02	6.69169e-03	5.07497	0.48766	3.47100e-05
2.46826e+03	4.05552e-02	4.70233e-03	2.94084	6.20979	3.47100e-05
2.47215e+03	4.05173e-02	7.72794e-03	5.32473	1.11265	3.47100e-05
2.47603e+03	4.05233e-02	7.77253e-03	4.07714	0.55779	3.47100e-05
2.47991e+03	4.04875e-02	2.26556e-03	0.55219	2.89356	3.47100e-05
2.48379e+03	4.04624e-02	5.46149e-03	4.39788	3.75943	3.47100e-05
2.48767e+03	4.04412e-02	3.96646e-03	2.05855	6.18041	3.47100e-05
2.49156e+03	4.05096e-02	4.23985e-03	0.25854	0.62184	3.47100e-05
2.49544e+03	4.04523e-02	6.35041e-03	4.18625	2.04234	3.47100e-05
2.49932e+03	4.04287e-02	5.22292e-03	3.72171	3.60464	3.47100e-05
2.50320e+03	4.04662e-02	1.85038e-03	6.17873	0.71479	3.47100e-05
2.50709e+03	4.03972e-02	8.31084e-03	4.60714	2.52756	3.47100e-05
2.51097e+03	4.04678e-02	1.08533e-02	5.36573	2.64447	3.47100e-05
2.51485e+03	4.04024e-02	8.69980e-04	2.59107	0.57386	3.47100e-05
2.51873e+03	4.03688e-02	3.46578e-03	1.12962	4.42158	3.47100e-05
2.52261e+03	4.04207e-02	1.07431e-02	2.54635	4.95813	3.47100e-05
2.52650e+03	4.04063e-02	4.89788e-03	3.52541	4.85217	3.47100e-05
2.53038e+03	4.03358e-02	9.27303e-03	2.27126	2.73487	3.47100e-05
2.53426e+03	4.03744e-02	2.53761e-03	5.11134	1.98921	3.47100e-05
2.53814e+03	4.03993e-02	4.99595e-03	1.03347	2.76026	3.47100e-05
2.54202e+03	4.03325e-02	1.09670e-02	1.19238	5.49364	3.47100e-05
2.54591e+03	4.03963e-02	5.30188e-03	4.98939	4.14302	3.47100e-05
2.54979e+03	4.03387e-02	9.51103e-03	2.47437	4.00685	3.47100e-05
2.55367e+03	4.03570e-02	1.56436e-02	5.38828	5.04019	3.47100e-05
2.55755e+03	4.03424e-02	1.27192e-02	5.78342	1.37080	3.47100e-05
2.56144e+03	4.03642e-02	9.74233e-03	2.01529	2.61044	3.47100e-05
2.56532e+03	4.03509e-02	1.29453e-02	0.32563	2.18291	3.47100e-05
2.56920e+03	4.03171e-02	1.80650e-02	4.50456	2.54396	3.47100e-05
2.57308e+03	4.02963e-02	1.65511e-02	2.38134	3.13278	3.47100e-05
2.57696e+03	4.02686e-02	3.51277e-03	4.68640	0.56791	3.47100e-05
2.58085e+03	4.02485e-02	7.00813e-03	2.50627	3.10580	3.47100e-05
2.58473e+03	4.02423e-02	7.66465e-03	2.50554	3.81843	3.47100e-05
2.58861e+03	4.02931e-02	5.12171e-03	5.55400	0.02017	3.47100e-05
2.59249e+03	4.02815e-02	1.16620e-02	2.93906	2.50221	3.47100e-05
2.59637e+03	4.02197e-02	1.64650e-02	6.14145	5.59546	3.47100e-05
2.60026e+03	4.02849e-02	2.24461e-03	2.75345	2.71972	3.47100e-05
2.60414e+03	4.02663e-02	9.90020e-03	1.60828	4.72769	3.47100e-05
2.60802e+03	4.02140e-02	1.44739e-02	3.35418	3.49428	3.47100e-05
2.61190e+03	4.02627e-02	2.03747e-03	5.48786	2.18370	3.47100e-05
2.61579e+03	4.02576e-02	1.29283e-02	0.01699	2.23233	3.47100e-05
2.61967e+03	4.02487e-02	1.20983e-02	5.24800	5.16225	3.47100e-05
2.62355e+03	4.02199e-02	4.03076e-03	3.98160	2.29467	3.47100e-05
2.62743e+03	4.02379e-02	1.19535e-02	1.61098	0.42828	3.47100e-05
2.63131e+03	4.01652e-02	1.30703e-02	4.14892	6.17894	3.47100e-05
2.63520e+03	4.01632e-02	1.91278e-02	1.44933	5.04737	3.47100e-05
2.63908e+03	4.01843e-02	1.77795e-02	5.37362	3.91864	3.47100e-05
2.64296e+03	4.01615e-02	2.00093e-02	3.67927	2.56651	3.47100e-05
2.64684e+03	4.01539e-02	1.69796e-02	1.03670	2.14156	3.47100e-05
2.65072e+03	4.01252e-02	1.56757e-02	5.22052	1.52787	3.47100e-05
2.65461e+03	4.01347e-02	1.87546e-02	3.80326	0.50658	3.47100e-05
2.65849e+03	4.01644e-02	2.10014e-02	1.93247	0.26554	3.47100e-05
2.66237e+03	4.01539e-02	1.18769e-02	5.63834	0.78571	3.47100e-05
2.66625e+03	4.01656e-02	2.34550e-02	4.17881	0.53574	3.47100e-05
2.67014e+03	4.01537e-02	1.60024e-02	2.44142	0.96726	3.47100e-05
2.67402e+03	4.01138e-02	2.45776e-02	0.74481	1.51324	3.47100e-05
2.67790e+03	4.00763e-02	2.40796e-02	4.96807	2.45214	3.47100e-05
2.68178e+03	4.00782e-02	2.48794e-02	4.30413	2.54844	3.47100e-05
2.68566e+03	4.00511e-02	2.28823e-02	1.76769	4.40543	3.47100e-05
2.68955e+03	4.00858e-02	2.27012e-02	1.25754	4.74436	3.47100e-05
2.69343e+03	4.01018e-02	1.54587e-02	5.56481	0.36576	3.47100e-05
2.69731e+03	4.01156e-02	1.97252e-02	4.76650	1.63957	3.47100e-05
2.70119e+03	4.00817e-02	2.23710e-02	3.23538	3.48815	3.47100e-05
2.70507e+03	4.00867e-02	1.84011e-02	3.00850	4.72697	3.47100e-05
2.70896e+03	4.00405e-02	2.09763e-02	1.68044	0.62442	3.47100e-05
2.71284e+03	4.00215e-02	1.95528e-02	1.64045	2.00670	3.47100e-05
2.71672e+03	4.00217e-02	2.69250e-02	0.81308	4.13660	3.47100e-05
2.72060e+03	4.00050e-02	2.32099e-02	0.93535	5.86274	3.47100e-05
2.72449e+03	3.99926e-02	2.73979e-02	0.56592	1.69972	3.47100e-05
2.72837e+03	3.99870e-02	2.34736e-02	0.40973	4.06251	3.47100e-05
2.73225e+03	3.99911e-02	2.88482e-02	1.04210	5.87082	3.47100e-05
2.73613e+03	3.99461e-02	1.94297e-02	0.73436	2.42589	3.47100e-05
2.74001e+03	3.99645e-02	2.44609e-02	1.93530	4.23631	3.47100e-05
2.74390e+03	3.99760e-02	2.48096e-02	2.30288	0.55181	3.47100e-05
2.74778e+03	3.99488e-02	1.91331e-02	3.42265	2.95038	3.47100e-05
2.75166e+03	3.99684e-02	3.56663e-02	4.46566	5.36194	3.47100e-05
2.75554e+03	3.99574e-02	2.19115e-02	5.47668	1.93891	3.47100e-05
2.75942e+03	3.99558e-02	3.27493e-02	0.94044	4.29647	3.47100e-05
2.76331e+03	3.99317e-02	2.84883e-02	2.10991	1.03039	3.47100e-05
2.76719e+03	3.99068e-02	2.70490e-02	4.12432	3.61305	3.47100e-05
2.77107e+03	3.99343e-02	3.11481e-02	6.08565	0.13156	3.47100e-05
2.77495e+03	3.99119e-02	3.04493e-02	1.61168	3.29846	3.47100e-05
2.77884e+03	3.99062e-02	2.78570e-02	4.42355	5.81049	3.47100e-05
2.78272e+03	3.99035e-02	3.34726e-02	0.32461	2.74579	3.47100e-05
2.78660e+03	3.98695e-02	2.81669e-02	3.06140	5.81096	3.47100e-05
2.79048e+03	3.98610e-02	3.39308e-02	6.23275	2.34275	3.47100e-05
2.79436e+03	3.98743e-02	3.10130e-02	2.58930	5.83576	3.47100e-05
2.79825e+03	3.98944e-02	3.10352e-02	0.03209	2.33359	3.47100e-05
2.80213e+03	3.98768e-02	3.05672e-02	3.33753	5.70719	3.47100e-05
2.80601e+03	3.98894e-02	3.32714e-02	0.71070	2.59955	3.47100e-05
2.80989e+03	3.98888e-02	2.81659e-02	4.57139	5.94771	3.47100e-05
2.81377e+03	3.98973e-02	3.44748e-02	2.54975	2.67062	3.47100e-05
2.81766e+03	3.98858e-02	3.10280e-02	0.08324	0.15026	3.47100e-05
2.82154e+03	3.98983e-02	2.89458e-02	5.18921	2.92895	3.47100e-05
2.82542e+03	3.98582e-02	3.79434e-02	3.16182	0.36898	3.47100e-05
2.82930e+03	3.98476e-02	2.78086e-02	1.86028	3.62809	3.47100e-05
2.83319e+03	3.98569e-02	3.25620e-02	0.88685	0.69606	3.47100e-05
2.83707e+03	3.98030e-02	3.17484e-02	6.12768	4.19574	3.47100e-05
2.84095e+03	3.97871e-02	3.80072e-02	5.28326	1.44421	3.47100e-05
2.84483e+03	3.97902e-02	2.71292e-02	5.06536	4.71698	3.47100e-05
2.84871e+03	3.98064e-02	3.73931e-02	4.71957	1.96600	3.47100e-05
2.85260e+03	3.97776e-02	3.41773e-02	4.32915	5.83731	3.47100e-05
2.85648e+03	3.97816e-02	3.24388e-02	4.92682	2.67834	3.47100e-05
2.86036e+03	3.97614e-02	3.90719e-02	5.05736	0.10153	3.47100e-05
2.86424e+03	3.98145e-02	3.18025e-02	5.40929	3.87925	3.47100e-05
2.86812e+03	3.97691e-02	3.14493e-02	0.17203	1.01596	3.47100e-05
2.87201e+03	3.97787e-02	3.61021e-02	1.10621	4.68504	3.47100e-05
2.87589e+03	3.97546e-02	3.61073e-02	2.09747	2.10839	3.47100e-05
2.87977e+03	3.97449e-02	3.37960e-02	3.61582	5.70681	3.47100e-05
2.88365e+03	3.97751e-02	3.24578e-02	5.38112	3.03181	3.47100e-05
2.88753e+03	3.97147e-02	3.93949e-02	0.84661	0.55905	3.47100e-05
2.89142e+03	3.96852e-02	3.68659e-02	2.82636	4.41620	3.47100e-05
2.89530e+03	3.97158e-02	3.49712e-02	5.48719	1.51405	3.47100e-05
2.89918e+03	3.97359e-02	4.16618e-02	1.45642	5.47466	3.47100e-05
2.90306e+03	3.97173e-02	3.17695e-02	4.06660	3.10299	3.47100e-05
2.90695e+03	3.97211e-02	3.53068e-02	1.11658	0.28284	3.47100e-05
2.91083e+03	3.96966e-02	3.95452e-02	4.05957	4.26484	3.47100e-05
2.91471e+03	3.96692e-02	3.60576e-02	1.08607	1.75897	3.47100e-05
2.91859e+03	3.96750e-02	3.74502e-02	4.78728	5.54181	3.47100e-05
2.92247e+03	3.96675e-02	3.17924e-02	2.51951	3.00127	3.47100e-05
2.92636e+03	3.96648e-02	3.96894e-02	0.28844	0.58047	3.47100e-05
2.93024e+03	3.96463e-02	3.74000e-02	4.43584	4.61622	3.47100e-05
2.93412e+03	3.96290e-02	3.35470e-02	3.04977	1.84435	3.47100e-05
2.93800e+03	3.96533e-02	4.25050e-02	1.29947	5.84336	3.47100e-05
2.94188e+03	3.96554e-02	3.40079e-02	6.12138	3.60616	3.47100e-05
2.94577e+03	3.96312e-02	3.28236e-02	5.39702	0.96043	3.47100e-05
2.94965e+03	3.96201e-02	3.75357e-02	4.51904	4.91915	3.47100e-05
2.95353e+03	3.96098e-02	3.75554e-02	3.74108	2.61595	3.47100e-05
2.95741e+03	3.95833e-02	3.79268e-02	3.33748	0.22240	3.47100e-05
2.96130e+03	3.95885e-02	3.49442e-02	3.34633	4.02752	3.47100e-05
2.96518e+03	3.95918e-02	3.80312e-02	3.38516	1.71701	3.47100e-05
2.96906e+03	3.95966e-02	3.66772e-02	3.57989	5.80452	3.47100e-05
2.97294e+03	3.95918e-02	3.47335e-02	4.25513	3.37353	3.47100e-05
2.97682e+03	3.95846e-02	3.95071e-02	5.00674	0.98791	3.47100e-05
2.98071e+03	3.95607e-02	4.14277e-02	5.76833	5.05393	3.47100e-05
2.98459e+03	3.95671e-02	3.91304e-02	0.65080	2.78229	3.47100e-05
2.98847e+03	3.95628e-02	3.57386e-02	2.24962	0.35783	3.47100e-05
2.99235e+03	3.95626e-02	4.01715e-02	3.90367	4.36458	3.47100e-05
2.99623e+03	3.95676e-02	4.09423e-02	5.58176	2.26143	3.47100e-05
3.00012e+03	3.95358e-02	3.64432e-02	1.57051	6.13650	3.47100e-05
3.00400e+03	3.95060e-02	4.25674e-02	3.97247	3.77590	3.47100e-05
3.00788e+03	3.95112e-02	4.13796e-02	6.27158	1.68398	3.47100e-05
3.01176e+03	3.95310e-02	3.68476e-02	2.80344	5.64277	3.47100e-05
3.01565e+03	3.95467e-02	3.80808e-02	5.90959	3.34554	3.47100e-05
3.01953e+03	3.95113e-02	3.61235e-02	2.89188	1.08732	3.47100e-05
3.02341e+03	3.94790e-02	4.04241e-02	0.07610	5.14574	3.47100e-05
3.02729e+03	3.94741e-02	3.96859e-02	3.70954	3.00008	3.47100e-05
3.03117e+03	3.94549e-02	3.62494e-02	1.53506	0.58343	3.47100e-05
3.03506e+03	3.94671e-02	4.30083e-02	5.56405	4.68405	3.47100e-05
3.03894e+03	3.94829e-02	3.81204e-02	3.45105	2.65297	3.47100e-05
3.04282e+03	3.94754e-02	3.31897e-02	2.08735	0.19776	3.47100e-05
3.04670e+03	3.94722e-02	4.04913e-02	0.69916	4.27794	3.47100e-05
3.05058e+03	3.94619e-02	3.95122e-02	5.58891	2.23498	3.47100e-05
3.05447e+03	3.94307e-02	3.93063e-02	4.68522	6.23093	3.47100e-05
3.05835e+03	3.94204e-02	4.14819e-02	3.96112	4.00208	3.47100e-05
3.06223e+03	3.93968e-02	4.03291e-02	3.42182	1.79884	3.47100e-05
3.06611e+03	3.94332e-02	4.15129e-02	3.03886	5.93664	3.47100e-05
3.07000e+03	3.94335e-02	3.90494e-02	2.92526	3.81782	3.47100e-05
3.07388e+03	3.94281e-02	3.67663e-02	3.21053	1.55198	3.47100e-05
3.07776e+03	3.93918e-02	4.22487e-02	3.62435	5.64915	3.47100e-05
3.08164e+03	3.93952e-02	4.22530e-02	4.12760	3.60822	3.47100e-05
3.08552e+03	3.93632e-02	3.96239e-02	5.04729	1.38109	3.47100e-05
3.08941e+03	3.94082e-02	4.23729e-02	6.16355	5.40523	3.47100e-05
3.09329e+03	3.93791e-02	4.30216e-02	1.04512	3.34359	3.47100e-05
3.09717e+03	3.93749e-02	3.92181e-02	2.54732	1.23636	3.47100e-05
3.10105e+03	3.93879e-02	3.68711e-02	4.47188	5.27142	3.47100e-05
3.10493e+03	3.93811e-02	3.96166e-02	0.22363	3.10136	3.47100e-05
3.10882e+03	3.93590e-02	3.98175e-02	2.35677	1.07022	3.47100e-05
3.11270e+03	3.93394e-02	3.87250e-02	4.92496	5.16696	3.47100e-05
3.11658e+03	3.93254e-02	4.05073e-02	1.44392	2.95561	3.47100e-05
3.12046e+03	3.93231e-02	4.12021e-02	4.25011	0.86062	3.47100e-05
3.12435e+03	3.93172e-02	4.11669e-02	1.07517	5.00048	3.47100e-05
3.12823e+03	3.93193e-02	4.07628e-02	4.47477	2.89369	3.47100e-05
3.13211e+03	3.93176e-02	3.75745e-02	1.90793	0.73469	3.47100e-05
3.13599e+03	3.93257e-02	4.08632e-02	5.80289	4.84466	3.47100e-05
3.13987e+03	3.93159e-02	4.23309e-02	3.46510	2.87522	3.47100e-05
3.14376e+03	3.92939e-02	3.75551e-02	1.62725	0.68544	3.47100e-05
3.14764e+03	3.92978e-02	4.29887e-02	0.01289	4.75103	3.47100e-05
3.15152e+03	3.92876e-02	4.52768e-02	4.56780	2.78115	3.47100e-05
3.15540e+03	3.92558e-02	4.05792e-02	3.25564	0.65766	3.47100e-05
3.15928e+03	3.92553e-02	4.16404e-02	2.31574	4.74387	3.47100e-05
3.16317e+03	3.92570e-02	4.18733e-02	1.49611	2.67534	3.47100e-05
3.16705e+03	3.92708e-02	3.92424e-02	0.90238	0.59954	3.47100e-05
3.17093e+03	3.92804e-02	4.07948e-02	0.58629	4.77356	3.47100e-05
3.17481e+03	3.92458e-02	3.83153e-02	0.53803	2.68655	3.47100e-05
3.17870e+03	3.92521e-02	3.97162e-02	0.79231	0.48359	3.47100e-05
3.18258e+03	3.92153e-02	4.39542e-02	1.02961	4.76842	3.47100e-05
3.18646e+03	3.92101e-02	4.03068e-02	1.59738	2.68527	3.47100e-05
3.19034e+03	3.91955e-02	4.03963e-02	2.57076	0.46064	3.47100e-05
3.19422e+03	3.91870e-02	4.41431e-02	3.55202	4.69032	3.47100e-05
3.19811e+03	3.92125e-02	4.06327e-02	4.75835	2.67270	3.47100e-05
3.20199e+03	3.92229e-02	4.00878e-02	0.09516	0.51282	3.47100e-05
3.20587e+03	3.92110e-02	4.04164e-02	1.90389	4.69254	3.47100e-05
3.20975e+03	3.91870e-02	4.08655e-02	3.87287	2.64355	3.47100e-05
3.21363e+03	3.91840e-02	4.28138e-02	6.10267	0.58102	3.47100e-05
3.21752e+03	3.91792e-02	4.13445e-02	2.28683	4.81770	3.47100e-05
3.22140e+03	3.91656e-02	4.17433e-02	5.11826	2.60973	3.47100e-05
3.22528e+03	3.91586e-02	4.43363e-02	1.66603	0.56939	3.47100e-05
3.22916e+03	3.91266e-02	4.18350e-02	4.80713	4.81233	3.47100e-05
3.23305e+03	3.91426e-02	3.97484e-02	2.09898	2.61172	3.47100e-05
3.23693e+03	3.91607e-02	4.14899e-02	5.77484	0.52524	3.47100e-05
3.24081e+03	3.91460e-02	3.94323e-02	3.28876	4.78789	3.47100e-05
3.24469e+03	3.91273e-02	3.92276e-02	1.19779	2.68660	3.47100e-05
3.24857e+03	3.91470e-02	3.91003e-02	5.65455	0.59999	3.47100e-05
3.25246e+03	3.91310e-02	3.92913e-02	4.05932	4.74997	3.47100e-05
3.25634e+03	3.91119e-02	4.31285e-02	2.59325	2.68543	3.47100e-05
3.26022e+03	3.90789e-02	4.31279e-02	1.33620	0.64662	3.47100e-05
3.26410e+03	3.90718e-02	4.28198e-02	0.27822	4.84216	3.47100e-05
3.26798e+03	3.91009e-02	4.64889e-02	5.61896	2.80447	3.47100e-05
3.27187e+03	3.90674e-02	4.43935e-02	4.85296	0.83411	3.47100e-05
3.27575e+03	3.90770e-02	4.14591e-02	4.52555	5.03937	3.47100e-05
3.27963e+03	3.90873e-02	4.23943e-02	4.38765	2.97349	3.47100e-05
3.28351e+03	3.90846e-02	4.13852e-02	4.40487	0.97063	3.47100e-05
3.28740e+03	3.90659e-02	4.00494e-02	4.75837	5.21035	3.47100e-05
3.29128e+03	3.90858e-02	3.95296e-02	5.39199	3.18336	3.47100e-05
3.29516e+03	3.90559e-02	3.89289e-02	6.22352	1.10869	3.47100e-05
3.29904e+03	3.90334e-02	4.20415e-02	0.95217	5.35447	3.47100e-05
3.30292e+03	3.89972e-02	4.20771e-02	2.19860	3.37125	3.47100e-05
3.30681e+03	3.90080e-02	4.04576e-02	3.80975	1.26242	3.47100e-05
3.31069e+03	3.90463e-02	4.47093e-02	5.48780	5.49390	3.47100e-05
3.31457e+03	3.89865e-02	4.48584e-02	1.03324	3.54269	3.47100e-05
3.31845e+03	3.89745e-02	4.36150e-02	3.27215	1.48181	3.47100e-05
3.32233e+03	3.90179e-02	4.44446e-02	5.70872	5.70942	3.47100e-05
3.32622e+03	3.89917e-02	4.28093e-02	2.00589	3.68965	3.47100e-05
3.33010e+03	3.89808e-02	4.27681e-02	4.95142	1.63534	3.47100e-05
3.33398e+03	3.89951e-02	4.25061e-02	1.78217	5.95188	3.47100e-05
3.33786e+03	3.90225e-02	3.88886e-02	5.13722	3.91544	3.47100e-05
3.34175e+03	3.89644e-02	4.05002e-02	2.50759	1.82818	3.47100e-05
3.34563e+03	3.89514e-02	4.30205e-02	0.06465	6.15897	3.47100e-05
3.34951e+03	3.89506e-02	3.91439e-02	4.13464	4.15094	3.47100e-05
3.35339e+03	3.89349e-02	4.10278e-02	2.23622	2.00695	3.47100e-05
3.35727e+03	3.89202e-02	4.41855e-02	0.45902	0.02776	3.47100e-05
3.36116e+03	3.89324e-02	4.29190e-02	5.21889	4.32016	3.47100e-05
3.36504e+03	3.89330e-02	4.38645e-02	3.91080	2.26000	3.47100e-05
3.36892e+03	3.88941e-02	4.47073e-02	2.78835	0.24805	3.47100e-05
3.37280e+03	3.88962e-02	4.36467e-02	2.01633	4.50387	3.47100e-05
3.37668e+03	3.89354e-02	4.53140e-02	1.35838	2.51500	3.47100e-05
3.38057e+03	3.89156e-02	4.32292e-02	0.87698	0.53028	3.47100e-05
3.38445e+03	3.88941e-02	4.11364e-02	0.84769	4.73093	3.47100e-05
3.38833e+03	3.88977e-02	4.29836e-02	1.02811	2.71521	3.47100e-05
3.39221e+03	3.89271e-02	4.13080e-02	1.21566	0.78658	3.47100e-05
3.39610e+03	3.88774e-02	3.90416e-02	1.84380	4.99205	3.47100e-05
3.39998e+03	3.88694e-02	4.07080e-02	2.80155	2.93246	3.47100e-05
3.40386e+03	3.88793e-02	4.12442e-02	3.79734	0.97486	3.47100e-05
3.40774e+03	3.88656e-02	4.14720e-02	4.98149	5.24346	3.47100e-05
3.41162e+03	3.88426e-02	4.33389e-02	0.27531	3.21482	3.47100e-05
3.41551e+03	3.88530e-02	4.28911e-02	2.04969	1.21445	3.47100e-05
3.41939e+03	3.88462e-02	4.45083e-02	3.89718	5.49820	3.47100e-05
3.42327e+03	3.88022e-02	4.51146e-02	6.00059	3.51779	3.47100e-05
3.42715e+03	3.88112e-02	4.35801e-02	2.23136	1.51298	3.47100e-05
3.43103e+03	3.88406e-02	4.35963e-02	4.89339	5.74707	3.47100e-05
3.43492e+03	3.88228e-02	4.36559e-02	1.38973	3.74910	3.47100e-05
3.43880e+03	3.87684e-02	4.24360e-02	4.57030	1.73955	3.47100e-05
3.44268e+03	3.88136e-02	4.13439e-02	1.71958	6.01137	3.47100e-05
3.44656e+03	3.88116e-02	4.15050e-02	5.26485	3.97009	3.47100e-05
3.45045e+03	3.87786e-02	4.19702e-02	2.79849	1.98489	3.47100e-05
3.45433e+03	3.87736e-02	4.23790e-02	0.64321	0.00889	3.47100e-05
3.45821e+03	3.88103e-02	4.08608e-02	4.92369	4.26846	3.47100e-05
3.46209e+03	3.87647e-02	4.27100e-02	3.16045	2.21353	3.47100e-05
3.46597e+03	3.87624e-02	4.40599e-02	1.67780	0.26338	3.47100e-05
3.46986e+03	3.87929e-02	4.24323e-02	0.36010	4.56604	3.47100e-05
3.47374e+03	3.87588e-02	4.25352e-02	5.54514	2.53254	3.47100e-05
3.47762e+03	3.87384e-02	4.29663e-02	4.81332	0.51102	3.47100e-05
3.48150e+03	3.87538e-02	4.15473e-02	4.30188	4.78381	3.47100e-05
3.48538e+03	3.87499e-02	4.17214e-02	3.87452	2.78425	3.47100e-05
3.48927e+03	3.87056e-02	4.07945e-02	3.85452	0.73666	3.47100e-05
3.49315e+03	3.87056e-02	4.19955e-02	4.09726	4.99555	3.47100e-05
3.49703e+03	3.87255e-02	4.29758e-02	4.39934	2.99300	3.47100e-05
3.50091e+03	3.86939e-02	4.27930e-02	4.96623	0.98149	3.47100e-05
3.50480e+03	3.86707e-02	4.39014e-02	5.93019	5.22629	3.47100e-05
3.50868e+03	3.87300e-02	4.54542e-02	0.64192	3.24055	3.47100e-05
3.51256e+03	3.86747e-02	4.45091e-02	1.82282	1.25307	3.47100e-05
3.51644e+03	3.86412e-02	4.44685e-02	3.42832	5.50926	3.47100e-05
3.52032e+03	3.87068e-02	4.43703e-02	5.21857	3.50478	3.47100e-05
3.52421e+03	3.86875e-02	4.31660e-02	0.81458	1.49940	3.47100e-05
3.52809e+03	3.86308e-02	4.29232e-02	3.07824	5.77507	3.47100e-05
3.53197e+03	3.86832e-02	4.20233e-02	5.59728	3.78284	3.47100e-05
3.53585e+03	3.86611e-02	4.02708e-02	2.01416	1.72854	3.47100e-05
3.53973e+03	3.86152e-02	4.23137e-02	4.96821	5.99961	3.47100e-05
3.54362e+03	3.86404e-02	4.19505e-02	1.92766	4.01229	3.47100e-05
3.54750e+03	3.86601e-02	4.12536e-02	5.26285	2.01119	3.47100e-05
3.55138e+03	3.86285e-02	4.29967e-02	2.57997	0.00614	3.47100e-05
3.55526e+03	3.86280e-02	4.37475e-02	0.23937	4.29084	3.47100e-05
3.55915e+03	3.86428e-02	4.28531e-02	4.25051	2.31710	3.47100e-05
3.56303e+03	3.86212e-02	4.24851e-02	2.26861	0.28927	3.47100e-05
3.56691e+03	3.85917e-02	4.23062e-02	0.64120	4.55964	3.47100e-05
3.57079e+03	3.86227e-02	4.20847e-02	5.41654	2.57257	3.47100e-05
3.57467e+03	3.85946e-02	4.16933e-02	4.11101	0.55702	3.47100e-05
3.57856e+03	3.85655e-02	4.09486e-02	3.20934	4.82271	3.47100e-05
3.58244e+03	3.85840e-02	4.22205e-02	2.46085	2.79811	3.47100e-05
3.58632e+03	3.85729e-02	4.31656e-02	1.80337	0.83187	3.47100e-05
3.59020e+03	3.85323e-02	4.37050e-02	1.57360	5.06951	3.47100e-05
3.59408e+03	3.85562e-02	4.50276e-02	1.48389	3.09699	3.47100e-05
3.59797e+03	3.85438e-02	4.46346e-02	1.55353	1.07162	3.47100e-05
3.60185e+03	3.85201e-02	4.51724e-02	1.93851	5.36320	3.47100e-05
3.60573e+03	3.85263e-02	4.52792e-02	2.55365	3.37319	3.47100e-05
3.60961e+03	3.85304e-02	4.26453e-02	3.35262	1.35977	3.47100e-05
3.61349e+03	3.85087e-02	4.33862e-02	4.54008	5.56653	3.47100e-05
3.61738e+03	3.85332e-02	4.39247e-02	5.86890	3.60945	3.47100e-05
3.62126e+03	3.85042e-02	4.18090e-02	1.09562	1.59037	3.47100e-05
3.62514e+03	3.84727e-02	4.29423e-02	2.98172	5.80812	3.47100e-05
3.62902e+03	3.85023e-02	4.41074e-02	5.01851	3.85112	3.47100e-05
3.63291e+03	3.85066e-02	4.27069e-02	0.95934	1.83499	3.47100e-05
3.63679e+03	3.84684e-02	4.43406e-02	3.45856	6.10926	3.47100e-05
3.64067e+03	3.84985e-02	4.41651e-02	6.22212	4.12094	3.47100e-05
3.64455e+03	3.84758e-02	4.22626e-02	2.88233	2.07381	3.47100e-05
3.64843e+03	3.84634e-02	4.36690e-02	6.07157	0.09104	3.47100e-05
3.65232e+03	3.84628e-02	4.17881e-02	3.27192	4.38109	3.47100e-05
3.65620e+03	3.84948e-02	3.99039e-02	0.70582	2.31017	3.47100e-05
3.66008e+03	3.84369e-02	4.19977e-02	4.64950	0.30533	3.47100e-05
3.66396e+03	3.84620e-02	4.02439e-02	2.58923	4.59632	3.47100e-05
3.66784e+03	3.84905e-02	4.08955e-02	0.70092	2.54024	3.47100e-05
3.67173e+03	3.84238e-02	4.35701e-02	5.33903	0.54290	3.47100e-05
3.67561e+03	3.84369e-02	4.26962e-02	3.89593	4.84529	3.47100e-05
3.67949e+03	3.84451e-02	4.27096e-02	2.65372	2.81275	3.47100e-05
3.68337e+03	3.84232e-02	4.40756e-02	1.65891	0.85082	3.47100e-05
3.68726e+03	3.84224e-02	4.14537e-02	0.98791	5.10536	3.47100e-05
3.69114e+03	3.84243e-02	4.23120e-02	0.46434	3.06504	3.47100e-05
3.69502e+03	3.83930e-02	4.19812e-02	0.26379	1.06440	3.47100e-05
3.69890e+03	3.83913e-02	4.09042e-02	0.30104	5.33660	3.47100e-05
3.70278e+03	3.83767e-02	4.22523e-02	0.57840	3.25524	3.47100e-05
3.70667e+03	3.83728e-02	4.35417e-02	1.08367	1.25941	3.47100e-05
3.71055e+03	3.83832e-02	4.27588e-02	1.80240	5.52112	3.47100e-05
3.71443e+03	3.83657e-02	4.45141e-02	2.66734	3.51725	3.47100e-05
3.71831e+03	3.83467e-02	4.42285e-02	3.91794	1.48215	3.47100e-05
3.72219e+03	3.83628e-02	4.46474e-02	5.28044	5.75485	3.47100e-05
3.72608e+03	3.83239e-02	4.45890e-02	0.55225	3.75028	3.47100e-05
3.72996e+03	3.83135e-02	4.25983e-02	2.49641	1.72405	3.47100e-05
3.73384e+03	3.83459e-02	4.29082e-02	4.61110	5.98236	3.47100e-05
3.73772e+03	3.82966e-02	4.35508e-02	0.61302	3.98129	3.47100e-05
3.74161e+03	3.83023e-02	4.29473e-02	3.28944	1.95149	3.47100e-05
3.74549e+03	3.83210e-02	4.45715e-02	6.07484	6.21635	3.47100e-05
3.74937e+03	3.82880e-02	4.41409e-02	2.81560	4.20202	3.47100e-05
3.75325e+03	3.82900e-02	4.47600e-02	6.18685	2.16575	3.47100e-05
3.75713e+03	3.83002e-02	4.56803e-02	3.30746	0.17310	3.47100e-05
3.76102e+03	3.82737e-02	4.43609e-02	0.74624	4.46224	3.47100e-05
3.76490e+03	3.82914e-02	4.39026e-02	4.81286	2.42514	3.47100e-05
3.76878e+03	3.82669e-02	4.45531e-02	2.63224	0.45018	3.47100e-05
3.77266e+03	3.82219e-02	4.29482e-02	0.82656	4.72126	3.47100e-05
3.77654e+03	3.82577e-02	4.35739e-02	5.61795	2.67542	3.47100e-05
3.78043e+03	3.82587e-02	4.42545e-02	4.16059	0.67691	3.47100e-05
3.78431e+03	3.82098e-02	4.40530e-02	3.09069	4.95291	3.47100e-05
3.78819e+03	3.82446e-02	4.51404e-02	2.20633	2.93817	3.47100e-05
3.79207e+03	3.82317e-02	4.54410e-02	1.42230	0.95951	3.47100e-05
3.79596e+03	3.82028e-02	4.40661e-02	1.07532	5.21970	3.47100e-05
3.79984e+03	3.82470e-02	4.49581e-02	0.85947	3.21644	3.47100e-05
3.80372e+03	3.81990e-02	4.39916e-02	0.80301	1.23037	3.47100e-05
3.80760e+03	3.81971e-02	4.27014e-02	1.21762	5.48529	3.47100e-05
3.81148e+03	3.82133e-02	4.35514e-02	1.69739	3.46773	3.47100e-05
3.81537e+03	3.81674e-02	4.39135e-02	2.40551	1.47879	3.47100e-05
3.81925e+03	3.81818e-02	4.38819e-02	3.48559	5.75136	3.47100e-05
3.82313e+03	3.81949e-02	4.48860e-02	4.60316	3.75870	3.47100e-05
3.82701e+03	3.81554e-02	4.49371e-02	6.03659	1.76128	3.47100e-05
3.83089e+03	3.81880e-02	4.50675e-02	1.47669	6.06312	3.47100e-05
3.83478e+03	3.81759e-02	4.40772e-02	3.27105	4.05878	3.47100e-05
3.83866e+03	3.81538e-02	4.37166e-02	5.51104	2.03535	3.47100e-05
3.84254e+03	3.81739e-02	4.28844e-02	1.65440	0.02169	3.47100e-05
3.84642e+03	3.81212e-02	4.35192e-02	4.18939	4.30058	3.47100e-05
3.85031e+03	3.81220e-02	4.37770e-02	0.85850	2.30071	3.47100e-05
3.85419e+03	3.81485e-02	4.42268e-02	3.92024	0.30814	3.47100e-05
3.85807e+03	3.81205e-02	4.47113e-02	0.87675	4.59027	3.47100e-05
3.86195e+03	3.81031e-02	4.54666e-02	4.50690	2.60776	3.47100e-05
3.86583e+03	3.81511e-02	4.46073e-02	1.87453	0.64072	3.47100e-05
3.86972e+03	3.81120e-02	4.42175e-02	5.92519	4.88520	3.47100e-05
3.87360e+03	3.81019e-02	4.35988e-02	3.97929	2.87819	3.47100e-05
3.87748e+03	3.81110e-02	4.33625e-02	2.05834	0.90243	3.47100e-05
3.88136e+03	3.80587e-02	4.33802e-02	0.58435	5.16300	3.47100e-05
3.88524e+03	3.80910e-02	4.43111e-02	5.56133	3.18372	3.47100e-05
3.88913e+03	3.80831e-02	4.42321e-02	4.35392	1.18627	3.47100e-05
3.89301e+03	3.80481e-02	4.51428e-02	3.59458	5.45788	3.47100e-05
3.89689e+03	3.81051e-02	4.49125e-02	2.86172	3.49479	3.47100e-05
3.90077e+03	3.80441e-02	4.45143e-02	2.41979	1.48880	3.47100e-05
3.90466e+03	3.80599e-02	4.42197e-02	2.32716	5.79567	3.47100e-05
3.90854e+03	3.80589e-02	4.35145e-02	2.32770	3.77336	3.47100e-05
3.91242e+03	3.80250e-02	4.31486e-02	2.67866	1.77014	3.47100e-05
3.91630e+03	3.80429e-02	4.38256e-02	3.28397	6.06048	3.47100e-05
3.92018e+03	3.80449e-02	4.41861e-02	3.94534	4.06617	3.47100e-05
3.92407e+03	3.80029e-02	4.50315e-02	5.05439	2.05758	3.47100e-05
3.92795e+03	3.80349e-02	4.51068e-02	6.22111	0.08773	3.47100e-05
3.93183e+03	3.79974e-02	4.51597e-02	1.34670	4.37809	3.47100e-05
3.93571e+03	3.80073e-02	4.40797e-02	3.16740	2.36727	3.47100e-05
3.93959e+03	3.80270e-02	4.38448e-02	5.00581	0.37769	3.47100e-05
3.94348e+03	3.79537e-02	4.35067e-02	0.96202	4.65329	3.47100e-05
3.94736e+03	3.79914e-02	4.34472e-02	3.43192	2.64954	3.47100e-05
3.95124e+03	3.79828e-02	4.38709e-02	5.98952	0.65583	3.47100e-05
3.95512e+03	3.79572e-02	4.50177e-02	2.65850	4.95520	3.47100e-05
3.95901e+03	3.79950e-02	4.49351e-02	5.72239	2.96024	3.47100e-05
3.96289e+03	3.79451e-02	4.46272e-02	2.74204	0.95385	3.47100e-05
3.96677e+03	3.79792e-02	4.45619e-02	0.11638	5.24130	3.47100e-05
3.97065e+03	3.79717e-02	4.35092e-02	3.81742	3.26150	3.47100e-05
3.97453e+03	3.79232e-02	4.26677e-02	1.68186	1.24185	3.47100e-05
3.97842e+03	3.79732e-02	4.33990e-02	6.00455	5.50769	3.47100e-05
3.98230e+03	3.79410e-02	4.32438e-02	4.16321	3.52869	3.47100e-05
3.98618e+03	3.79186e-02	4.31262e-02	2.75394	1.49805	3.47100e-05
3.99006e+03	3.79483e-02	4.45689e-02	1.35737	5.81343	3.47100e-05
3.99394e+03	3.79482e-02	4.43468e-02	0.28530	3.81085	3.47100e-05
3.99783e+03	3.79487e-02	4.36568e-02	5.76010	1.81824	3.47100e-05
4.00171e+03	3.79415e-02	4.37489e-02	5.05457	6.12029	3.47100e-05
4.00559e+03	3.79171e-02	4.17115e-02	4.80009	4.09688	3.47100e-05
4.00947e+03	3.79302e-02	4.21132e-02	4.62101	2.10462	3.47100e-05
4.01336e+03	3.79038e-02	4.27805e-02	4.73371	0.09712	3.47100e-05
4.01724e+03	3.79276e-02	4.24748e-02	5.10473	4.39438	3.47100e-05
4.02112e+03	3.79147e-02	4.38992e-02	5.60650	2.38729	3.47100e-05
4.02500e+03	3.79256e-02	4.40852e-02	0.14643	0.39633	3.47100e-05
4.02888e+03	3.79006e-02	4.30065e-02	1.13716	4.69432	3.47100e-05
4.03277e+03	3.78638e-02	4.27313e-02	2.39576	2.67841	3.47100e-05
4.03665e+03	3.78714e-02	4.14775e-02	3.96490	0.67771	3.47100e-05
4.04053e+03	3.78701e-02	4.22258e-02	5.69462	4.93282	3.47100e-05
4.04441e+03	3.78549e-02	4.23847e-02	1.41063	2.96966	3.47100e-05
4.04829e+03	3.78517e-02	4.23361e-02	3.65610	0.93296	3.47100e-05
4.05218e+03	3.78693e-02	4.44632e-02	6.08592	5.21932	3.47100e-05
4.05606e+03	3.78464e-02	4.37667e-02	2.47020	3.24176	3.47100e-05
4.05994e+03	3.78265e-02	4.34230e-02	5.37758	1.20891	3.47100e-05
4.06382e+03	3.78280e-02	4.38477e-02	2.22322	5.53751	3.47100e-05
4.06771e+03	3.78181e-02	4.22500e-02	5.65092	3.49833	3.47100e-05
4.07159e+03	3.77889e-02	4.32728e-02	3.04378	1.46305	3.47100e-05
4.07547e+03	3.77965e-02	4.37267e-02	0.60078	5.79581	3.47100e-05
4.07935e+03	3.77813e-02	4.36571e-02	4.73254	3.75792	3.47100e-05
4.08323e+03	3.77891e-02	4.54445e-02	2.81034	1.74789	3.47100e-05
4.08712e+03	3.77877e-02	4.55508e-02	0.99916	6.08698	3.47100e-05
4.09100e+03	3.77642e-02	4.49507e-02	5.85790	4.05604	3.47100e-05
4.09488e+03	3.77434e-02	4.47939e-02	4.59922	2.04713	3.47100e-05
4.09876e+03	3.77471e-02	4.38180e-02	3.62916	0.05427	3.47100e-05
4.10264e+03	3.77498e-02	4.42515e-02	2.88349	4.32624	3.47100e-05
4.10653e+03	3.77330e-02	4.47322e-02	2.36722	2.32041	3.47100e-05
4.11041e+03	3.77417e-02	4.49119e-02	2.11834	0.30898	3.47100e-05
4.11429e+03	3.77312e-02	4.61857e-02	1.98753	4.62126	3.47100e-05
4.11817e+03	3.77205e-02	4.57321e-02	2.18493	2.62035	3.47100e-05
4.12206e+03	3.77302e-02	4.51976e-02	2.57571	0.61522	3.47100e-05
4.12594e+03	3.76959e-02	4.40012e-02	3.24227	4.88295	3.47100e-05
4.12982e+03	3.77252e-02	4.35280e-02	4.16543	2.89041	3.47100e-05
4.13370e+03	3.76860e-02	4.43865e-02	5.25798	0.88998	3.47100e-05
4.13758e+03	3.76912e-02	4.38871e-02	0.39499	5.17557	3.47100e-05
4.14147e+03	3.77168e-02	4.43830e-02	1.93471	3.17021	3.47100e-05
4.14535e+03	3.76914e-02	4.45756e-02	3.78364	1.16131	3.47100e-05
4.14923e+03	3.77297e-02	4.40525e-02	5.77818	5.48149	3.47100e-05
4.15311e+03	3.76699e-02	4.34008e-02	1.76311	3.47630	3.47100e-05
4.15699e+03	3.76845e-02	4.24819e-02	4.35541	1.46592	3.47100e-05
4.16088e+03	3.76721e-02	4.20117e-02	0.78821	5.73775	3.47100e-05
4.16476e+03	3.76735e-02	4.24086e-02	3.87034	3.72190	3.47100e-05
4.16864e+03	3.76796e-02	4.28834e-02	0.76614	1.73275	3.47100e-05
4.17252e+03	3.76535e-02	4.36285e-02	4.23258	6.00574	3.47100e-05
4.17641e+03	3.76633e-02	4.30781e-02	1.64027	4.01081	3.47100e-05
4.18029e+03	3.76631e-02	4.34367e-02	5.51229	2.03552	3.47100e-05
4.18417e+03	3.76424e-02	4.21574e-02	3.46125	0.03324	3.47100e-05
4.18805e+03	3.76374e-02	4.22467e-02	1.59351	4.29996	3.47100e-05
4.19193e+03	3.76202e-02	4.38015e-02	0.01433	2.29025	3.47100e-05
4.19582e+03	3.76299e-02	4.35823e-02	4.97536	0.27411	3.47100e-05
4.19970e+03	3.76033e-02	4.47300e-02	3.91249	4.53021	3.47100e-05
4.20358e+03	3.75888e-02	4.35757e-02	3.31883	2.50981	3.47100e-05
4.20746e+03	3.75962e-02	4.29763e-02	2.79126	0.48282	3.47100e-05
4.21134e+03	3.75170e-02	4.02578e-02	2.44322	4.82947	3.47100e-05
4.21523e+03	3.75887e-02	4.17543e-02	2.62975	2.83336	3.47100e-05
4.21911e+03	3.75566e-02	3.66531e-02	3.87323	0.32046	3.47100e-05
4.22299e+03	3.75189e-02	4.47442e-02	5.15648	4.26410	3.47100e-05
4.22687e+03	3.75702e-02	4.09388e-02	6.27903	2.03181	3.47100e-05
4.23076e+03	3.75702e-02	3.75362e-02	1.40829	5.87746	3.47100e-05
4.23464e+03	3.75292e-02	4.54223e-02	3.47518	3.53058	3.47100e-05
4.23852e+03	3.75398e-02	3.47383e-02	4.97014	1.41183	3.47100e-05
4.24240e+03	3.76232e-02	3.77067e-02	1.76870	5.05347	3.47100e-05
4.24628e+03	3.75540e-02	1.65908e-02	4.84090	2.23376	3.47100e-05
4.25017e+03	3.74782e-02	4.12697e-02	1.49158	5.90912	3.47100e-05
4.25405e+03	3.74470e-02	2.79913e-02	4.39813	3.61856	3.47100e-05
4.25793e+03	3.75789e-02	3.33330e-02	0.76804	1.68443	3.47100e-05
4.26181e+03	3.74952e-02	3.40142e-02	4.12933	5.35079	3.47100e-05
4.26569e+03	3.74482e-02	4.03684e-02	1.96322	2.54145	3.47100e-05
4.26958e+03	3.75390e-02	1.49587e-02	1.52875	4.74360	3.47100e-05
4.27346e+03	3.75566e-02	2.41226e-02	0.51320	1.11273	3.47100e-05
4.27734e+03	3.75009e-02	2.78663e-02	5.82432	3.98446	3.47100e-05
4.28122e+03	3.74220e-02	4.69311e-02	3.98063	1.67999	3.47100e-05
4.28510e+03	3.75070e-02	3.36706e-02	2.26906	5.83334	3.47100e-05
4.28899e+03	3.74970e-02	3.18833e-02	1.20583	3.17891	3.47100e-05
4.29287e+03	3.74157e-02	3.07578e-02	1.04278	6.04210	3.47100e-05
4.29675e+03	3.73940e-02	3.03624e-02	1.71460	2.14555	3.47100e-05
4.30063e+03	3.74922e-02	3.40078e-02	0.90205	5.65688	3.47100e-05
4.30452e+03	3.75003e-02	4.47252e-02	5.39961	3.60524	3.47100e-05
4.30840e+03	3.74105e-02	5.04952e-02	3.65201	1.98528	3.47100e-05
4.31228e+03	3.74818e-02	4.13477e-02	1.70504	0.12581	3.47100e-05
4.31616e+03	3.74693e-02	5.29385e-02	0.59999	4.39841	3.47100e-05
4.32004e+03	3.74916e-02	6.23308e-02	3.52459	3.07472	3.47100e-05
4.32393e+03	3.74954e-02	5.11081e-02	1.34830	1.64111	3.47100e-05
4.32781e+03	3.74797e-02	4.81528e-02	0.41552	6.11191	3.47100e-05
4.33169e+03	3.74052e-02	4.10999e-02	0.06230	3.81340	3.47100e-05
4.33557e+03	3.74494e-02	3.41636e-02	5.39964	1.42260	3.47100e-05
4.33945e+03	3.74540e-02	3.41085e-02	6.19650	4.33338	3.47100e-05
4.34334e+03	3.74740e-02	3.82456e-02	0.58129	1.61809	3.47100e-05
4.34722e+03	3.74417e-02	4.16541e-02	0.96540	5.60660	3.47100e-05
4.35110e+03	3.73723e-02	4.20468e-02	0.99555	3.60293	3.47100e-05
4.35498e+03	3.74279e-02	3.68842e-02	1.36692	1.08679	3.47100e-05
4.35887e+03	3.74611e-02	4.18638e-02	1.79086	4.53467	3.47100e-05
4.36275e+03	3.74036e-02	4.70861e-02	2.05443	2.25678	3.47100e-05
4.36663e+03	3.74313e-02	4.47666e-02	1.89343	0.45677	3.47100e-05
4.37051e+03	3.74161e-02	5.97543e-02	1.90636	5.23389	3.47100e-05
4.37439e+03	3.74268e-02	6.44085e-02	2.11952	3.90567	3.47100e-05
4.37828e+03	3.73738e-02	6.31009e-02	1.47952	2.74352	3.47100e-05
4.38216e+03	3.73978e-02	5.95097e-02	0.98849	1.54519	3.47100e-05
4.38604e+03	3.73833e-02	5.72222e-02	0.48344	0.24952	3.47100e-05
4.38992e+03	3.74686e-02	5.69127e-02	0.57260	5.17551	3.47100e-05
4.39380e+03	3.74452e-02	5.58181e-02	1.18037	3.65788	3.47100e-05
4.39769e+03	3.73806e-02	3.52444e-02	2.04612	1.83484	3.47100e-05
4.40157e+03	3.73657e-02	3.83076e-02	4.00137	5.64522	3.47100e-05
4.40545e+03	3.73476e-02	4.10522e-02	5.93387	3.49553	3.47100e-05
4.40933e+03	3.74115e-02	4.80120e-02	1.62438	1.34424	3.47100e-05
4.41322e+03	3.73570e-02	5.97392e-02	3.32674	6.00769	3.47100e-05
4.41710e+03	3.73839e-02	6.19514e-02	4.87707	4.78937	3.47100e-05
4.42098e+03	3.73482e-02	5.68237e-02	6.01840	3.64155	3.47100e-05
4.42486e+03	3.73958e-02	5.23809e-02	1.45836	2.39741	3.47100e-05
4.42874e+03	3.73525e-02	5.36355e-02	3.40990	0.88137	3.47100e-05
4.43263e+03	3.73484e-02	5.63058e-02	6.14216	5.57356	3.47100e-05
4.43651e+03	3.73553e-02	4.15984e-02	2.57479	3.73287	3.47100e-05
4.44039e+03	3.73198e-02	3.72806e-02	6.05503	1.32947	3.47100e-05
4.44427e+03	3.73834e-02	5.14077e-02	2.78361	5.71739	3.47100e-05
4.44815e+03	3.73389e-02	5.63645e-02	5.71837	4.19509	3.47100e-05
4.45204e+03	3.73761e-02	5.11658e-02	2.57033	2.80685	3.47100e-05
4.45592e+03	3.73179e-02	5.59838e-02	5.38907	1.45217	3.47100e-05
4.45980e+03	3.73402e-02	6.42812e-02	2.06525	0.30485	3.47100e-05
4.46368e+03	3.73021e-02	6.84798e-02	4.75139	5.53218	3.47100e-05
4.46757e+03	3.73440e-02	6.26369e-02	1.95254	4.38886	3.47100e-05
4.47145e+03	3.73064e-02	4.88796e-02	5.69363	2.83539	3.47100e-05
4.47533e+03	3.73084e-02	4.56713e-02	3.94665	0.93641	3.47100e-05
4.47921e+03	3.73260e-02	5.16889e-02	1.62600	5.49723	3.47100e-05
4.48309e+03	3.72880e-02	4.84683e-02	6.14513	3.87281	3.47100e-05
4.48698e+03	3.73512e-02	4.34083e-02	4.38856	2.13013	3.47100e-05
4.49086e+03	3.72676e-02	5.61852e-02	2.84222	0.54854	3.47100e-05
4.49474e+03	3.73354e-02	6.81032e-02	0.72081	5.72345	3.47100e-05
4.49862e+03	3.72376e-02	7.23696e-02	4.89537	4.74934	3.47100e-05
4.50250e+03	3.73299e-02	6.77976e-02	2.83520	3.78935	3.47100e-05
4.50639e+03	3.72674e-02	6.06283e-02	1.40549	2.64891	3.47100e-05
4.51027e+03	3.73192e-02	5.44503e-02	0.12660	1.29865	3.47100e-05
4.51415e+03	3.72471e-02	5.84139e-02	5.61341	6.12086	3.47100e-05
4.51803e+03	3.73130e-02	5.68202e-02	4.55763	4.75129	3.47100e-05
4.52192e+03	3.72373e-02	4.91017e-02	4.03713	3.24486	3.47100e-05
4.52580e+03	3.73285e-02	4.35907e-02	3.91216	1.46016	3.47100e-05
4.52968e+03	3.72305e-02	5.42098e-02	3.79362	6.12279	3.47100e-05
4.53356e+03	3.73172e-02	5.90553e-02	3.45652	4.82752	3.47100e-05
4.53744e+03	3.72157e-02	6.20983e-02	2.99370	3.66399	3.47100e-05
4.54133e+03	3.72987e-02	6.30668e-02	2.69660	2.55685	3.47100e-05
4.54521e+03	3.72135e-02	6.63436e-02	2.57036	1.47637	3.47100e-05
4.54909e+03	3.72959e-02	6.82723e-02	2.52019	0.44093	3.47100e-05
4.55297e+03	3.72088e-02	6.83445e-02	2.69748	5.69679	3.47100e-05
4.55685e+03	3.72629e-02	6.20449e-02	2.82236	4.60241	3.47100e-05
4.56074e+03	3.71998e-02	5.59809e-02	3.57920	3.32122	3.47100e-05
4.56462e+03	3.72671e-02	5.45657e-02	4.52031	1.82754	3.47100e-05
4.56850e+03	3.72300e-02	5.75543e-02	5.96947	0.33885	3.47100e-05
4.57238e+03	3.72671e-02	5.31082e-02	0.82301	5.21393	3.47100e-05
4.57627e+03	3.71724e-02	5.09232e-02	2.30640	3.72153	3.47100e-05
4.58015e+03	3.72723e-02	5.45576e-02	3.70808	2.31446	3.47100e-05
4.58403e+03	3.71923e-02	6.37229e-02	5.43117	1.05743	3.47100e-05
4.58791e+03	3.72504e-02	6.76230e-02	0.55146	0.02140	3.47100e-05
4.59179e+03	3.71992e-02	6.87948e-02	2.29162	5.31895	3.47100e-05
4.59568e+03	3.72156e-02	6.67718e-02	3.63225	4.37700	3.47100e-05
4.59956e+03	3.72011e-02	6.53114e-02	5.66000	3.36945	3.47100e-05
4.60344e+03	3.71912e-02	6.50974e-02	1.30999	2.27883	3.47100e-05
4.60732e+03	3.72141e-02	6.51199e-02	3.96585	1.15235	3.47100e-05
4.61120e+03	3.71707e-02	6.35712e-02	0.06038	6.23736	3.47100e-05
4.61509e+03	3.71951e-02	5.76388e-02	2.93481	5.01201	3.47100e-05
4.61897e+03	3.71314e-02	5.45736e-02	5.69607	3.61914	3.47100e-05
4.62285e+03	3.71969e-02	5.64698e-02	2.90069	2.15805	3.47100e-05
4.62673e+03	3.71313e-02	6.09317e-02	6.18079	0.76606	3.47100e-05
4.63062e+03	3.71979e-02	5.98437e-02	3.43975	5.79406	3.47100e-05
4.63450e+03	3.71394e-02	5.97529e-02	0.41549	4.57991	3.47100e-05
4.63838e+03	3.72026e-02	6.15479e-02	3.98302	3.46500	3.47100e-05
4.64226e+03	3.71145e-02	6.89745e-02	1.25484	2.40690	3.47100e-05
4.64614e+03	3.72149e-02	7.34231e-02	4.88301	1.49001	3.47100e-05
4.65003e+03	3.71184e-02	7.53022e-02	2.48276	0.59470	3.47100e-05
4.65391e+03	3.71616e-02	6.97387e-02	6.15500	5.98795	3.47100e-05
4.65779e+03	3.71459e-02	6.16614e-02	4.26032	4.98495	3.47100e-05
