# t	inner_edge_position
0.00000e+00	0.00000e+00
2.32928e+02	0.00000e+00
4.65857e+02	0.00000e+00
6.98785e+02	0.00000e+00
9.31713e+02	0.00000e+00
1.16464e+03	0.00000e+00
1.39757e+03	0.00000e+00
1.63050e+03	0.00000e+00
1.86343e+03	0.00000e+00
2.09636e+03	0.00000e+00
2.32928e+03	0.00000e+00
2.56221e+03	0.00000e+00
2.79514e+03	0.00000e+00
3.02807e+03	0.00000e+00
3.26100e+03	0.00000e+00
3.49393e+03	0.00000e+00
3.72685e+03	0.00000e+00
3.95978e+03	0.00000e+00
4.19271e+03	0.00000e+00
4.42564e+03	0.00000e+00
4.65857e+03	0.00000e+00
4.89150e+03	0.00000e+00
5.12442e+03	0.00000e+00
5.35735e+03	0.00000e+00
5.59028e+03	0.00000e+00
5.82321e+03	0.00000e+00
6.05614e+03	0.00000e+00
6.28907e+03	0.00000e+00
6.52199e+03	0.00000e+00
6.75492e+03	0.00000e+00
6.98785e+03	0.00000e+00
7.22078e+03	0.00000e+00
7.45371e+03	0.00000e+00
7.68664e+03	0.00000e+00
7.91956e+03	0.00000e+00
8.15249e+03	0.00000e+00
8.38542e+03	0.00000e+00
8.61835e+03	0.00000e+00
8.85128e+03	0.00000e+00
9.08421e+03	0.00000e+00
9.31713e+03	0.00000e+00
9.55006e+03	0.00000e+00
9.78299e+03	0.00000e+00
1.00159e+04	0.00000e+00
1.02488e+04	0.00000e+00
1.04818e+04	0.00000e+00
1.07147e+04	0.00000e+00
1.09476e+04	0.00000e+00
1.11806e+04	0.00000e+00
1.14135e+04	0.00000e+00
1.16464e+04	0.00000e+00
1.18793e+04	0.00000e+00
1.21123e+04	0.00000e+00
1.23452e+04	0.00000e+00
1.25781e+04	0.00000e+00
1.28111e+04	0.00000e+00
1.30440e+04	0.00000e+00
1.32769e+04	0.00000e+00
1.35098e+04	0.00000e+00
1.37428e+04	0.00000e+00
1.39757e+04	0.00000e+00
1.42086e+04	0.00000e+00
1.44416e+04	0.00000e+00
1.46745e+04	0.00000e+00
1.49074e+04	0.00000e+00
1.51403e+04	0.00000e+00
1.53733e+04	0.00000e+00
1.56062e+04	0.00000e+00
1.58391e+04	0.00000e+00
1.60721e+04	0.00000e+00
1.63050e+04	0.00000e+00
1.65379e+04	0.00000e+00
1.67708e+04	0.00000e+00
1.70038e+04	0.00000e+00
1.72367e+04	0.00000e+00
1.74696e+04	0.00000e+00
1.77026e+04	0.00000e+00
1.79355e+04	0.00000e+00
1.81684e+04	0.00000e+00
1.84013e+04	0.00000e+00
1.86343e+04	0.00000e+00
1.88672e+04	0.00000e+00
1.91001e+04	0.00000e+00
1.93331e+04	0.00000e+00
1.95660e+04	0.00000e+00
1.97989e+04	0.00000e+00
2.00318e+04	0.00000e+00
2.02648e+04	0.00000e+00
2.04977e+04	0.00000e+00
2.07306e+04	0.00000e+00
2.09636e+04	0.00000e+00
2.11965e+04	0.00000e+00
2.14294e+04	0.00000e+00
2.16623e+04	0.00000e+00
2.18953e+04	0.00000e+00
2.21282e+04	0.00000e+00
2.23611e+04	0.00000e+00
2.25940e+04	0.00000e+00
2.28270e+04	0.00000e+00
2.30599e+04	0.00000e+00
2.32928e+04	0.00000e+00
2.35258e+04	0.00000e+00
2.37587e+04	0.00000e+00
2.39916e+04	0.00000e+00
2.42245e+04	0.00000e+00
2.44575e+04	0.00000e+00
2.46904e+04	0.00000e+00
2.49233e+04	0.00000e+00
2.51563e+04	0.00000e+00
2.53892e+04	0.00000e+00
2.56221e+04	0.00000e+00
2.58550e+04	0.00000e+00
2.60880e+04	0.00000e+00
2.63209e+04	0.00000e+00
2.65538e+04	0.00000e+00
2.67868e+04	0.00000e+00
2.70197e+04	0.00000e+00
2.72526e+04	0.00000e+00
2.74855e+04	0.00000e+00
2.77185e+04	0.00000e+00
2.79514e+04	0.00000e+00
2.81843e+04	0.00000e+00
2.84173e+04	0.00000e+00
2.86502e+04	0.00000e+00
2.88831e+04	0.00000e+00
2.91160e+04	0.00000e+00
2.93490e+04	0.00000e+00
2.95819e+04	0.00000e+00
2.98148e+04	0.00000e+00
3.00478e+04	0.00000e+00
3.02807e+04	0.00000e+00
3.05136e+04	0.00000e+00
3.07465e+04	0.00000e+00
3.09795e+04	0.00000e+00
3.12124e+04	0.00000e+00
3.14453e+04	0.00000e+00
3.16783e+04	0.00000e+00
3.19112e+04	0.00000e+00
3.21441e+04	0.00000e+00
3.23770e+04	0.00000e+00
3.26100e+04	0.00000e+00
3.28429e+04	0.00000e+00
3.30758e+04	0.00000e+00
3.33088e+04	0.00000e+00
3.35417e+04	0.00000e+00
3.37746e+04	0.00000e+00
3.40075e+04	0.00000e+00
3.42405e+04	0.00000e+00
3.44734e+04	0.00000e+00
3.47063e+04	0.00000e+00
3.49393e+04	0.00000e+00
3.51722e+04	0.00000e+00
3.54051e+04	0.00000e+00
3.56380e+04	0.00000e+00
3.58710e+04	0.00000e+00
3.61039e+04	0.00000e+00
3.63368e+04	0.00000e+00
3.65697e+04	0.00000e+00
3.68027e+04	0.00000e+00
3.70356e+04	0.00000e+00
3.72685e+04	0.00000e+00
3.75015e+04	0.00000e+00
3.77344e+04	0.00000e+00
3.79673e+04	0.00000e+00
3.82002e+04	0.00000e+00
3.84332e+04	0.00000e+00
3.86661e+04	0.00000e+00
3.88990e+04	0.00000e+00
3.91320e+04	0.00000e+00
3.93649e+04	0.00000e+00
3.95978e+04	0.00000e+00
3.98307e+04	0.00000e+00
4.00637e+04	0.00000e+00
4.02966e+04	0.00000e+00
4.05295e+04	0.00000e+00
4.07625e+04	0.00000e+00
4.09954e+04	0.00000e+00
4.12283e+04	0.00000e+00
4.14612e+04	0.00000e+00
4.16942e+04	0.00000e+00
4.19271e+04	0.00000e+00
4.21600e+04	0.00000e+00
4.23930e+04	0.00000e+00
4.26259e+04	0.00000e+00
4.28588e+04	0.00000e+00
4.30917e+04	0.00000e+00
4.33247e+04	0.00000e+00
4.35576e+04	0.00000e+00
4.37905e+04	0.00000e+00
4.40235e+04	0.00000e+00
4.42564e+04	0.00000e+00
4.44893e+04	0.00000e+00
4.47222e+04	0.00000e+00
4.49552e+04	0.00000e+00
4.51881e+04	0.00000e+00
4.54210e+04	0.00000e+00
4.56540e+04	0.00000e+00
4.58869e+04	0.00000e+00
4.61198e+04	0.00000e+00
4.63527e+04	0.00000e+00
4.65857e+04	0.00000e+00
4.68186e+04	0.00000e+00
4.70515e+04	0.00000e+00
4.72845e+04	0.00000e+00
4.75174e+04	0.00000e+00
4.77503e+04	0.00000e+00
4.79832e+04	0.00000e+00
4.82162e+04	0.00000e+00
4.84491e+04	0.00000e+00
4.86820e+04	0.00000e+00
4.89150e+04	0.00000e+00
4.91479e+04	0.00000e+00
4.93808e+04	0.00000e+00
4.96137e+04	0.00000e+00
4.98467e+04	0.00000e+00
5.00796e+04	0.00000e+00
5.03125e+04	0.00000e+00
5.05454e+04	0.00000e+00
5.07784e+04	0.00000e+00
5.10113e+04	0.00000e+00
5.12442e+04	0.00000e+00
5.14772e+04	0.00000e+00
5.17101e+04	0.00000e+00
5.19430e+04	0.00000e+00
5.21759e+04	0.00000e+00
5.24089e+04	0.00000e+00
5.26418e+04	0.00000e+00
5.28747e+04	0.00000e+00
5.31077e+04	0.00000e+00
5.33406e+04	0.00000e+00
5.35735e+04	0.00000e+00
5.38064e+04	0.00000e+00
5.40394e+04	0.00000e+00
5.42723e+04	0.00000e+00
5.45052e+04	0.00000e+00
5.47382e+04	0.00000e+00
5.49711e+04	0.00000e+00
5.52040e+04	0.00000e+00
5.54369e+04	0.00000e+00
5.56699e+04	0.00000e+00
5.59028e+04	0.00000e+00
5.61357e+04	0.00000e+00
5.63687e+04	0.00000e+00
5.66016e+04	0.00000e+00
5.68345e+04	0.00000e+00
5.70674e+04	0.00000e+00
5.73004e+04	0.00000e+00
5.75333e+04	0.00000e+00
5.77662e+04	0.00000e+00
5.79992e+04	0.00000e+00
5.82321e+04	0.00000e+00
5.84650e+04	0.00000e+00
5.86979e+04	0.00000e+00
5.89309e+04	0.00000e+00
5.91638e+04	0.00000e+00
5.93967e+04	0.00000e+00
5.96297e+04	0.00000e+00
5.98626e+04	0.00000e+00
6.00955e+04	0.00000e+00
6.03284e+04	0.00000e+00
6.05614e+04	0.00000e+00
6.07943e+04	0.00000e+00
6.10272e+04	0.00000e+00
6.12602e+04	0.00000e+00
6.14931e+04	0.00000e+00
6.17260e+04	0.00000e+00
6.19589e+04	0.00000e+00
6.21919e+04	0.00000e+00
6.24248e+04	0.00000e+00
6.26577e+04	0.00000e+00
6.28907e+04	0.00000e+00
6.31236e+04	0.00000e+00
6.33565e+04	0.00000e+00
6.35894e+04	0.00000e+00
6.38224e+04	0.00000e+00
6.40553e+04	0.00000e+00
6.42882e+04	0.00000e+00
6.45211e+04	0.00000e+00
6.47541e+04	0.00000e+00
6.49870e+04	0.00000e+00
6.52199e+04	0.00000e+00
6.54529e+04	0.00000e+00
6.56858e+04	0.00000e+00
6.59187e+04	0.00000e+00
6.61516e+04	0.00000e+00
6.63846e+04	0.00000e+00
6.66175e+04	0.00000e+00
6.68504e+04	0.00000e+00
6.70834e+04	0.00000e+00
6.73163e+04	0.00000e+00
6.75492e+04	0.00000e+00
6.77821e+04	0.00000e+00
6.80151e+04	0.00000e+00
6.82480e+04	0.00000e+00
6.84809e+04	0.00000e+00
6.87139e+04	0.00000e+00
6.89468e+04	0.00000e+00
6.91797e+04	0.00000e+00
6.94126e+04	0.00000e+00
6.96456e+04	0.00000e+00
6.98785e+04	0.00000e+00
7.01114e+04	0.00000e+00
7.03444e+04	0.00000e+00
7.05773e+04	0.00000e+00
7.08102e+04	0.00000e+00
7.10431e+04	0.00000e+00
7.12761e+04	0.00000e+00
7.15090e+04	0.00000e+00
7.17419e+04	0.00000e+00
7.19749e+04	0.00000e+00
7.22078e+04	0.00000e+00
7.24407e+04	0.00000e+00
7.26736e+04	0.00000e+00
7.29066e+04	0.00000e+00
7.31395e+04	0.00000e+00
7.33724e+04	0.00000e+00
7.36054e+04	0.00000e+00
7.38383e+04	0.00000e+00
7.40712e+04	0.00000e+00
7.43041e+04	0.00000e+00
7.45371e+04	0.00000e+00
7.47700e+04	0.00000e+00
7.50029e+04	0.00000e+00
7.52359e+04	0.00000e+00
7.54688e+04	0.00000e+00
7.57017e+04	0.00000e+00
7.59346e+04	0.00000e+00
7.61676e+04	0.00000e+00
7.64005e+04	0.00000e+00
7.66334e+04	0.00000e+00
7.68664e+04	0.00000e+00
7.70993e+04	0.00000e+00
7.73322e+04	0.00000e+00
7.75651e+04	0.00000e+00
7.77981e+04	0.00000e+00
7.80310e+04	0.00000e+00
7.82639e+04	0.00000e+00
7.84969e+04	0.00000e+00
7.87298e+04	0.00000e+00
7.89627e+04	0.00000e+00
7.91956e+04	0.00000e+00
7.94286e+04	0.00000e+00
7.96615e+04	0.00000e+00
7.98944e+04	0.00000e+00
8.01273e+04	0.00000e+00
8.03603e+04	0.00000e+00
8.05932e+04	0.00000e+00
8.08261e+04	0.00000e+00
8.10591e+04	0.00000e+00
8.12920e+04	0.00000e+00
8.15249e+04	0.00000e+00
8.17578e+04	0.00000e+00
8.19908e+04	0.00000e+00
8.22237e+04	0.00000e+00
8.24566e+04	0.00000e+00
8.26896e+04	0.00000e+00
8.29225e+04	0.00000e+00
8.31554e+04	0.00000e+00
8.33883e+04	0.00000e+00
8.36213e+04	0.00000e+00
8.38542e+04	0.00000e+00
8.40871e+04	0.00000e+00
8.43201e+04	0.00000e+00
8.45530e+04	0.00000e+00
8.47859e+04	0.00000e+00
8.50188e+04	0.00000e+00
8.52518e+04	0.00000e+00
8.54847e+04	0.00000e+00
8.57176e+04	0.00000e+00
8.59506e+04	0.00000e+00
8.61835e+04	0.00000e+00
8.64164e+04	0.00000e+00
8.66493e+04	0.00000e+00
8.68823e+04	0.00000e+00
8.71152e+04	0.00000e+00
8.73481e+04	0.00000e+00
8.75811e+04	0.00000e+00
8.78140e+04	0.00000e+00
8.80469e+04	0.00000e+00
8.82798e+04	0.00000e+00
8.85128e+04	0.00000e+00
8.87457e+04	0.00000e+00
8.89786e+04	0.00000e+00
8.92116e+04	0.00000e+00
8.94445e+04	0.00000e+00
8.96774e+04	0.00000e+00
8.99103e+04	0.00000e+00
9.01433e+04	0.00000e+00
9.03762e+04	0.00000e+00
9.06091e+04	0.00000e+00
9.08421e+04	0.00000e+00
9.10750e+04	0.00000e+00
9.13079e+04	0.00000e+00
9.15408e+04	0.00000e+00
9.17738e+04	0.00000e+00
9.20067e+04	0.00000e+00
9.22396e+04	0.00000e+00
9.24726e+04	0.00000e+00
9.27055e+04	0.00000e+00
9.29384e+04	0.00000e+00
9.31713e+04	0.00000e+00
9.34043e+04	0.00000e+00
9.36372e+04	0.00000e+00
9.38701e+04	0.00000e+00
9.41030e+04	0.00000e+00
9.43360e+04	0.00000e+00
9.45689e+04	0.00000e+00
9.48018e+04	0.00000e+00
9.50348e+04	0.00000e+00
9.52677e+04	0.00000e+00
9.55006e+04	0.00000e+00
9.57335e+04	0.00000e+00
9.59665e+04	0.00000e+00
9.61994e+04	0.00000e+00
9.64323e+04	0.00000e+00
9.66653e+04	0.00000e+00
9.68982e+04	0.00000e+00
9.71311e+04	0.00000e+00
9.73640e+04	0.00000e+00
9.75970e+04	0.00000e+00
9.78299e+04	0.00000e+00
9.80628e+04	0.00000e+00
9.82958e+04	0.00000e+00
9.85287e+04	0.00000e+00
9.87616e+04	0.00000e+00
9.89945e+04	0.00000e+00
9.92275e+04	0.00000e+00
9.94604e+04	0.00000e+00
9.96933e+04	0.00000e+00
9.99263e+04	0.00000e+00
1.00159e+05	0.00000e+00
1.00392e+05	0.00000e+00
1.00625e+05	0.00000e+00
1.00858e+05	0.00000e+00
1.01091e+05	0.00000e+00
1.01324e+05	0.00000e+00
1.01557e+05	0.00000e+00
1.01790e+05	0.00000e+00
1.02023e+05	0.00000e+00
1.02256e+05	0.00000e+00
1.02488e+05	0.00000e+00
1.02721e+05	0.00000e+00
1.02954e+05	0.00000e+00
1.03187e+05	0.00000e+00
1.03420e+05	0.00000e+00
1.03653e+05	0.00000e+00
1.03886e+05	0.00000e+00
1.04119e+05	0.00000e+00
1.04352e+05	0.00000e+00
1.04585e+05	0.00000e+00
1.04818e+05	0.00000e+00
1.05051e+05	0.00000e+00
1.05284e+05	0.00000e+00
1.05517e+05	0.00000e+00
1.05749e+05	0.00000e+00
1.05982e+05	0.00000e+00
1.06215e+05	0.00000e+00
1.06448e+05	0.00000e+00
1.06681e+05	0.00000e+00
1.06914e+05	0.00000e+00
1.07147e+05	0.00000e+00
1.07380e+05	0.00000e+00
1.07613e+05	0.00000e+00
1.07846e+05	0.00000e+00
1.08079e+05	0.00000e+00
1.08312e+05	0.00000e+00
1.08545e+05	0.00000e+00
1.08778e+05	0.00000e+00
1.09010e+05	0.00000e+00
1.09243e+05	0.00000e+00
1.09476e+05	0.00000e+00
1.09709e+05	0.00000e+00
1.09942e+05	0.00000e+00
1.10175e+05	0.00000e+00
1.10408e+05	0.00000e+00
1.10641e+05	0.00000e+00
1.10874e+05	0.00000e+00
1.11107e+05	0.00000e+00
1.11340e+05	0.00000e+00
1.11573e+05	0.00000e+00
1.11806e+05	0.00000e+00
1.12039e+05	0.00000e+00
1.12271e+05	0.00000e+00
1.12504e+05	0.00000e+00
1.12737e+05	0.00000e+00
1.12970e+05	0.00000e+00
1.13203e+05	0.00000e+00
1.13436e+05	0.00000e+00
1.13669e+05	0.00000e+00
1.13902e+05	0.00000e+00
1.14135e+05	0.00000e+00
1.14368e+05	0.00000e+00
1.14601e+05	0.00000e+00
1.14834e+05	0.00000e+00
1.15067e+05	0.00000e+00
1.15300e+05	0.00000e+00
1.15532e+05	0.00000e+00
1.15765e+05	0.00000e+00
1.15998e+05	0.00000e+00
1.16231e+05	0.00000e+00
1.16464e+05	0.00000e+00
1.16697e+05	0.00000e+00
1.16930e+05	0.00000e+00
1.17163e+05	0.00000e+00
1.17396e+05	0.00000e+00
1.17629e+05	0.00000e+00
1.17862e+05	0.00000e+00
1.18095e+05	0.00000e+00
1.18328e+05	0.00000e+00
1.18561e+05	0.00000e+00
1.18793e+05	0.00000e+00
1.19026e+05	0.00000e+00
1.19259e+05	0.00000e+00
1.19492e+05	0.00000e+00
1.19725e+05	0.00000e+00
1.19958e+05	0.00000e+00
1.20191e+05	0.00000e+00
1.20424e+05	0.00000e+00
1.20657e+05	0.00000e+00
1.20890e+05	0.00000e+00
1.21123e+05	0.00000e+00
1.21356e+05	0.00000e+00
1.21589e+05	0.00000e+00
1.21822e+05	0.00000e+00
1.22054e+05	0.00000e+00
1.22287e+05	0.00000e+00
1.22520e+05	0.00000e+00
1.22753e+05	0.00000e+00
1.22986e+05	0.00000e+00
1.23219e+05	0.00000e+00
1.23452e+05	0.00000e+00
1.23685e+05	0.00000e+00
1.23918e+05	0.00000e+00
1.24151e+05	0.00000e+00
1.24384e+05	0.00000e+00
1.24617e+05	0.00000e+00
1.24850e+05	0.00000e+00
1.25083e+05	0.00000e+00
1.25315e+05	0.00000e+00
1.25548e+05	0.00000e+00
1.25781e+05	0.00000e+00
1.26014e+05	0.00000e+00
1.26247e+05	0.00000e+00
1.26480e+05	0.00000e+00
1.26713e+05	0.00000e+00
1.26946e+05	0.00000e+00
1.27179e+05	0.00000e+00
1.27412e+05	0.00000e+00
1.27645e+05	0.00000e+00
1.27878e+05	0.00000e+00
1.28111e+05	0.00000e+00
1.28344e+05	0.00000e+00
1.28576e+05	0.00000e+00
1.28809e+05	0.00000e+00
1.29042e+05	0.00000e+00
1.29275e+05	0.00000e+00
1.29508e+05	0.00000e+00
1.29741e+05	0.00000e+00
1.29974e+05	0.00000e+00
1.30207e+05	0.00000e+00
1.30440e+05	0.00000e+00
1.30673e+05	0.00000e+00
1.30906e+05	0.00000e+00
1.31139e+05	0.00000e+00
1.31372e+05	0.00000e+00
1.31605e+05	0.00000e+00
1.31837e+05	0.00000e+00
1.32070e+05	0.00000e+00
1.32303e+05	0.00000e+00
1.32536e+05	0.00000e+00
1.32769e+05	0.00000e+00
1.33002e+05	0.00000e+00
1.33235e+05	0.00000e+00
1.33468e+05	0.00000e+00
1.33701e+05	0.00000e+00
1.33934e+05	0.00000e+00
1.34167e+05	0.00000e+00
1.34400e+05	0.00000e+00
1.34633e+05	0.00000e+00
1.34866e+05	0.00000e+00
1.35098e+05	0.00000e+00
1.35331e+05	0.00000e+00
1.35564e+05	0.00000e+00
1.35797e+05	0.00000e+00
1.36030e+05	0.00000e+00
1.36263e+05	0.00000e+00
1.36496e+05	0.00000e+00
1.36729e+05	0.00000e+00
1.36962e+05	0.00000e+00
1.37195e+05	0.00000e+00
1.37428e+05	0.00000e+00
1.37661e+05	0.00000e+00
1.37894e+05	0.00000e+00
1.38127e+05	0.00000e+00
1.38359e+05	0.00000e+00
1.38592e+05	0.00000e+00
1.38825e+05	0.00000e+00
1.39058e+05	0.00000e+00
1.39291e+05	0.00000e+00
1.39524e+05	0.00000e+00
1.39757e+05	0.00000e+00
1.39990e+05	0.00000e+00
1.40223e+05	0.00000e+00
1.40456e+05	0.00000e+00
1.40689e+05	0.00000e+00
1.40922e+05	0.00000e+00
1.41155e+05	0.00000e+00
1.41388e+05	0.00000e+00
1.41620e+05	0.00000e+00
1.41853e+05	0.00000e+00
1.42086e+05	0.00000e+00
1.42319e+05	0.00000e+00
1.42552e+05	0.00000e+00
1.42785e+05	0.00000e+00
1.43018e+05	0.00000e+00
1.43251e+05	0.00000e+00
1.43484e+05	0.00000e+00
1.43717e+05	0.00000e+00
1.43950e+05	0.00000e+00
1.44183e+05	0.00000e+00
1.44416e+05	0.00000e+00
1.44648e+05	0.00000e+00
1.44881e+05	0.00000e+00
1.45114e+05	0.00000e+00
1.45347e+05	0.00000e+00
1.45580e+05	0.00000e+00
1.45813e+05	0.00000e+00
1.46046e+05	0.00000e+00
1.46279e+05	0.00000e+00
1.46512e+05	0.00000e+00
1.46745e+05	0.00000e+00
1.46978e+05	0.00000e+00
1.47211e+05	0.00000e+00
1.47444e+05	0.00000e+00
1.47677e+05	0.00000e+00
1.47909e+05	0.00000e+00
1.48142e+05	0.00000e+00
1.48375e+05	0.00000e+00
1.48608e+05	0.00000e+00
1.48841e+05	0.00000e+00
1.49074e+05	0.00000e+00
1.49307e+05	0.00000e+00
1.49540e+05	0.00000e+00
1.49773e+05	0.00000e+00
1.50006e+05	0.00000e+00
1.50239e+05	0.00000e+00
1.50472e+05	0.00000e+00
1.50705e+05	0.00000e+00
1.50938e+05	0.00000e+00
1.51170e+05	0.00000e+00
1.51403e+05	0.00000e+00
1.51636e+05	0.00000e+00
1.51869e+05	0.00000e+00
1.52102e+05	0.00000e+00
1.52335e+05	0.00000e+00
1.52568e+05	0.00000e+00
1.52801e+05	0.00000e+00
1.53034e+05	0.00000e+00
1.53267e+05	0.00000e+00
1.53500e+05	0.00000e+00
1.53733e+05	0.00000e+00
1.53966e+05	0.00000e+00
1.54199e+05	0.00000e+00
1.54431e+05	0.00000e+00
1.54664e+05	0.00000e+00
1.54897e+05	0.00000e+00
1.55130e+05	0.00000e+00
1.55363e+05	0.00000e+00
1.55596e+05	0.00000e+00
1.55829e+05	0.00000e+00
1.56062e+05	0.00000e+00
1.56295e+05	0.00000e+00
1.56528e+05	0.00000e+00
1.56761e+05	0.00000e+00
1.56994e+05	0.00000e+00
1.57227e+05	0.00000e+00
1.57460e+05	0.00000e+00
1.57692e+05	0.00000e+00
1.57925e+05	0.00000e+00
1.58158e+05	0.00000e+00
1.58391e+05	0.00000e+00
1.58624e+05	0.00000e+00
1.58857e+05	0.00000e+00
1.59090e+05	0.00000e+00
1.59323e+05	0.00000e+00
1.59556e+05	0.00000e+00
1.59789e+05	0.00000e+00
1.60022e+05	0.00000e+00
1.60255e+05	0.00000e+00
1.60488e+05	0.00000e+00
1.60721e+05	0.00000e+00
1.60953e+05	0.00000e+00
1.61186e+05	0.00000e+00
1.61419e+05	0.00000e+00
1.61652e+05	0.00000e+00
1.61885e+05	0.00000e+00
1.62118e+05	0.00000e+00
1.62351e+05	0.00000e+00
1.62584e+05	0.00000e+00
1.62817e+05	0.00000e+00
1.63050e+05	0.00000e+00
1.63283e+05	0.00000e+00
1.63516e+05	0.00000e+00
1.63749e+05	0.00000e+00
1.63982e+05	0.00000e+00
1.64214e+05	0.00000e+00
1.64447e+05	0.00000e+00
1.64680e+05	0.00000e+00
1.64913e+05	0.00000e+00
1.65146e+05	0.00000e+00
1.65379e+05	0.00000e+00
1.65612e+05	0.00000e+00
1.65845e+05	0.00000e+00
1.66078e+05	0.00000e+00
1.66311e+05	0.00000e+00
1.66544e+05	0.00000e+00
1.66777e+05	0.00000e+00
1.67010e+05	0.00000e+00
1.67243e+05	0.00000e+00
1.67475e+05	0.00000e+00
1.67708e+05	0.00000e+00
1.67941e+05	0.00000e+00
1.68174e+05	0.00000e+00
1.68407e+05	0.00000e+00
1.68640e+05	0.00000e+00
1.68873e+05	0.00000e+00
1.69106e+05	0.00000e+00
1.69339e+05	0.00000e+00
1.69572e+05	0.00000e+00
1.69805e+05	0.00000e+00
1.70038e+05	0.00000e+00
1.70271e+05	0.00000e+00
1.70504e+05	0.00000e+00
1.70736e+05	0.00000e+00
1.70969e+05	0.00000e+00
1.71202e+05	0.00000e+00
1.71435e+05	0.00000e+00
1.71668e+05	0.00000e+00
1.71901e+05	0.00000e+00
1.72134e+05	0.00000e+00
1.72367e+05	0.00000e+00
1.72600e+05	0.00000e+00
1.72833e+05	0.00000e+00
1.73066e+05	0.00000e+00
1.73299e+05	0.00000e+00
1.73532e+05	0.00000e+00
1.73765e+05	0.00000e+00
1.73997e+05	0.00000e+00
1.74230e+05	0.00000e+00
1.74463e+05	0.00000e+00
1.74696e+05	0.00000e+00
1.74929e+05	0.00000e+00
1.75162e+05	0.00000e+00
1.75395e+05	0.00000e+00
1.75628e+05	0.00000e+00
1.75861e+05	0.00000e+00
1.76094e+05	0.00000e+00
1.76327e+05	0.00000e+00
1.76560e+05	0.00000e+00
1.76793e+05	0.00000e+00
1.77026e+05	0.00000e+00
1.77258e+05	0.00000e+00
1.77491e+05	0.00000e+00
1.77724e+05	0.00000e+00
1.77957e+05	0.00000e+00
1.78190e+05	0.00000e+00
1.78423e+05	0.00000e+00
1.78656e+05	0.00000e+00
1.78889e+05	0.00000e+00
1.79122e+05	0.00000e+00
1.79355e+05	0.00000e+00
1.79588e+05	0.00000e+00
1.79821e+05	0.00000e+00
1.80054e+05	0.00000e+00
1.80287e+05	0.00000e+00
1.80519e+05	0.00000e+00
1.80752e+05	0.00000e+00
1.80985e+05	0.00000e+00
1.81218e+05	0.00000e+00
1.81451e+05	0.00000e+00
1.81684e+05	0.00000e+00
1.81917e+05	0.00000e+00
1.82150e+05	0.00000e+00
1.82383e+05	0.00000e+00
1.82616e+05	0.00000e+00
1.82849e+05	0.00000e+00
1.83082e+05	0.00000e+00
1.83315e+05	0.00000e+00
1.83548e+05	0.00000e+00
1.83780e+05	0.00000e+00
1.84013e+05	0.00000e+00
1.84246e+05	0.00000e+00
1.84479e+05	0.00000e+00
1.84712e+05	0.00000e+00
1.84945e+05	0.00000e+00
1.85178e+05	0.00000e+00
1.85411e+05	0.00000e+00
1.85644e+05	0.00000e+00
1.85877e+05	0.00000e+00
1.86110e+05	0.00000e+00
1.86343e+05	0.00000e+00
1.86576e+05	0.00000e+00
1.86809e+05	0.00000e+00
1.87041e+05	0.00000e+00
1.87274e+05	0.00000e+00
1.87507e+05	0.00000e+00
1.87740e+05	0.00000e+00
1.87973e+05	0.00000e+00
1.88206e+05	0.00000e+00
1.88439e+05	0.00000e+00
1.88672e+05	0.00000e+00
1.88905e+05	0.00000e+00
1.89138e+05	0.00000e+00
1.89371e+05	0.00000e+00
1.89604e+05	0.00000e+00
1.89837e+05	0.00000e+00
1.90070e+05	0.00000e+00
1.90302e+05	0.00000e+00
1.90535e+05	0.00000e+00
1.90768e+05	0.00000e+00
1.91001e+05	0.00000e+00
1.91234e+05	0.00000e+00
1.91467e+05	0.00000e+00
1.91700e+05	0.00000e+00
1.91933e+05	0.00000e+00
1.92166e+05	0.00000e+00
1.92399e+05	0.00000e+00
1.92632e+05	0.00000e+00
1.92865e+05	0.00000e+00
1.93098e+05	0.00000e+00
1.93331e+05	0.00000e+00
1.93563e+05	0.00000e+00
1.93796e+05	0.00000e+00
1.94029e+05	0.00000e+00
1.94262e+05	0.00000e+00
1.94495e+05	0.00000e+00
1.94728e+05	0.00000e+00
1.94961e+05	0.00000e+00
1.95194e+05	0.00000e+00
1.95427e+05	0.00000e+00
1.95660e+05	0.00000e+00
1.95893e+05	0.00000e+00
1.96126e+05	0.00000e+00
1.96359e+05	0.00000e+00
1.96592e+05	0.00000e+00
1.96824e+05	0.00000e+00
1.97057e+05	0.00000e+00
1.97290e+05	0.00000e+00
1.97523e+05	0.00000e+00
1.97756e+05	0.00000e+00
1.97989e+05	0.00000e+00
1.98222e+05	0.00000e+00
1.98455e+05	0.00000e+00
1.98688e+05	0.00000e+00
1.98921e+05	0.00000e+00
1.99154e+05	0.00000e+00
1.99387e+05	0.00000e+00
1.99620e+05	0.00000e+00
1.99853e+05	0.00000e+00
2.00085e+05	0.00000e+00
2.00318e+05	0.00000e+00
2.00551e+05	0.00000e+00
2.00784e+05	0.00000e+00
2.01017e+05	0.00000e+00
2.01250e+05	0.00000e+00
2.01483e+05	0.00000e+00
2.01716e+05	0.00000e+00
2.01949e+05	0.00000e+00
2.02182e+05	0.00000e+00
2.02415e+05	0.00000e+00
2.02648e+05	0.00000e+00
2.02881e+05	0.00000e+00
2.03114e+05	0.00000e+00
2.03346e+05	0.00000e+00
2.03579e+05	0.00000e+00
2.03812e+05	0.00000e+00
2.04045e+05	0.00000e+00
2.04278e+05	0.00000e+00
2.04511e+05	0.00000e+00
2.04744e+05	0.00000e+00
2.04977e+05	0.00000e+00
2.05210e+05	0.00000e+00
2.05443e+05	0.00000e+00
2.05676e+05	0.00000e+00
2.05909e+05	0.00000e+00
2.06142e+05	0.00000e+00
2.06375e+05	0.00000e+00
2.06607e+05	0.00000e+00
2.06840e+05	0.00000e+00
2.07073e+05	0.00000e+00
2.07306e+05	0.00000e+00
2.07539e+05	0.00000e+00
2.07772e+05	0.00000e+00
2.08005e+05	0.00000e+00
2.08238e+05	0.00000e+00
2.08471e+05	0.00000e+00
2.08704e+05	0.00000e+00
2.08937e+05	0.00000e+00
2.09170e+05	0.00000e+00
2.09403e+05	0.00000e+00
2.09636e+05	0.00000e+00
2.09868e+05	0.00000e+00
2.10101e+05	0.00000e+00
2.10334e+05	0.00000e+00
2.10567e+05	0.00000e+00
2.10800e+05	0.00000e+00
2.11033e+05	0.00000e+00
2.11266e+05	0.00000e+00
2.11499e+05	0.00000e+00
2.11732e+05	0.00000e+00
2.11965e+05	0.00000e+00
2.12198e+05	0.00000e+00
2.12431e+05	0.00000e+00
2.12664e+05	0.00000e+00
2.12897e+05	0.00000e+00
2.13129e+05	0.00000e+00
2.13362e+05	0.00000e+00
2.13595e+05	0.00000e+00
2.13828e+05	0.00000e+00
2.14061e+05	0.00000e+00
2.14294e+05	0.00000e+00
2.14527e+05	0.00000e+00
2.14760e+05	0.00000e+00
2.14993e+05	0.00000e+00
2.15226e+05	0.00000e+00
2.15459e+05	0.00000e+00
2.15692e+05	0.00000e+00
2.15925e+05	0.00000e+00
2.16157e+05	0.00000e+00
2.16390e+05	0.00000e+00
2.16623e+05	0.00000e+00
2.16856e+05	0.00000e+00
2.17089e+05	0.00000e+00
2.17322e+05	0.00000e+00
2.17555e+05	0.00000e+00
2.17788e+05	0.00000e+00
2.18021e+05	0.00000e+00
2.18254e+05	0.00000e+00
2.18487e+05	0.00000e+00
2.18720e+05	0.00000e+00
2.18953e+05	0.00000e+00
2.19186e+05	0.00000e+00
2.19418e+05	0.00000e+00
2.19651e+05	0.00000e+00
2.19884e+05	0.00000e+00
2.20117e+05	0.00000e+00
2.20350e+05	0.00000e+00
2.20583e+05	0.00000e+00
2.20816e+05	0.00000e+00
2.21049e+05	0.00000e+00
2.21282e+05	0.00000e+00
2.21515e+05	0.00000e+00
2.21748e+05	0.00000e+00
2.21981e+05	0.00000e+00
2.22214e+05	0.00000e+00
2.22447e+05	0.00000e+00
2.22679e+05	0.00000e+00
2.22912e+05	0.00000e+00
2.23145e+05	0.00000e+00
2.23378e+05	0.00000e+00
2.23611e+05	0.00000e+00
2.23844e+05	0.00000e+00
2.24077e+05	0.00000e+00
2.24310e+05	0.00000e+00
2.24543e+05	0.00000e+00
2.24776e+05	0.00000e+00
2.25009e+05	0.00000e+00
2.25242e+05	0.00000e+00
2.25475e+05	0.00000e+00
2.25708e+05	0.00000e+00
2.25940e+05	0.00000e+00
2.26173e+05	0.00000e+00
2.26406e+05	0.00000e+00
2.26639e+05	0.00000e+00
2.26872e+05	0.00000e+00
2.27105e+05	0.00000e+00
2.27338e+05	0.00000e+00
2.27571e+05	0.00000e+00
2.27804e+05	0.00000e+00
2.28037e+05	0.00000e+00
2.28270e+05	0.00000e+00
2.28503e+05	0.00000e+00
2.28736e+05	0.00000e+00
2.28969e+05	0.00000e+00
2.29201e+05	0.00000e+00
2.29434e+05	0.00000e+00
2.29667e+05	0.00000e+00
2.29900e+05	0.00000e+00
2.30133e+05	0.00000e+00
2.30366e+05	0.00000e+00
2.30599e+05	0.00000e+00
2.30832e+05	0.00000e+00
2.31065e+05	0.00000e+00
2.31298e+05	0.00000e+00
2.31531e+05	0.00000e+00
2.31764e+05	0.00000e+00
2.31997e+05	0.00000e+00
2.32230e+05	0.00000e+00
2.32462e+05	0.00000e+00
2.32695e+05	0.00000e+00
2.32928e+05	0.00000e+00
