# t	a	e	mean_anomaly	varpi	mass/M_star
0.00000e+00	1.23719e-02	8.52751e-02	2.10688	2.20426	4.59020e-05
2.32928e+02	1.23732e-02	8.26760e-02	1.06281	2.43028	4.59020e-05
4.65857e+02	1.23744e-02	7.99462e-02	1.30035	3.42279	4.59020e-05
6.98785e+02	1.23762e-02	7.68437e-02	3.88425	4.24763	4.59020e-05
9.31713e+02	1.23790e-02	7.36934e-02	0.64720	3.81015	4.59020e-05
1.16464e+03	1.23815e-02	7.03312e-02	5.05955	0.82668	4.59020e-05
1.39757e+03	1.23838e-02	6.68063e-02	2.38860	0.02693	4.59020e-05
1.63050e+03	1.23885e-02	6.32296e-02	5.67658	5.81960	4.59020e-05
1.86343e+03	1.23907e-02	5.94142e-02	6.03712	3.27758	4.59020e-05
2.09636e+03	1.23930e-02	5.55191e-02	3.70656	2.01515	4.59020e-05
2.32928e+03	1.23963e-02	5.14709e-02	2.26784	4.50644	4.59020e-05
2.56221e+03	1.24008e-02	4.74145e-02	3.03728	5.77310	4.59020e-05
2.79514e+03	1.24034e-02	4.30205e-02	5.35356	5.55512	4.59020e-05
3.02807e+03	1.24046e-02	3.87980e-02	1.90243	1.41953	4.59020e-05
3.26100e+03	1.24067e-02	3.44498e-02	4.39146	0.89580	4.59020e-05
3.49393e+03	1.24108e-02	3.03243e-02	0.65770	2.44357	4.59020e-05
3.72685e+03	1.24109e-02	2.66168e-02	2.67246	3.04989	4.59020e-05
3.95978e+03	1.24112e-02	2.34920e-02	3.34241	1.56811	4.59020e-05
4.19271e+03	1.24105e-02	2.09276e-02	6.11688	3.07602	4.59020e-05
4.42564e+03	1.24098e-02	1.89286e-02	0.85232	1.69761	4.59020e-05
4.65857e+03	1.24088e-02	1.73908e-02	4.08151	3.23852	4.59020e-05
4.89150e+03	1.24091e-02	1.61815e-02	1.43175	2.27386	4.59020e-05
5.12442e+03	1.24073e-02	1.52178e-02	2.28505	4.91705	4.59020e-05
5.35735e+03	1.24069e-02	1.43682e-02	4.34682	2.81668	4.59020e-05
5.59028e+03	1.24064e-02	1.36514e-02	6.27821	4.74606	4.59020e-05
5.82321e+03	1.24059e-02	1.29885e-02	0.98301	6.09069	4.59020e-05
6.05614e+03	1.24064e-02	1.24240e-02	1.02055	1.43160	4.59020e-05
6.28907e+03	1.24039e-02	1.18318e-02	0.04243	3.88041	4.59020e-05
6.52199e+03	1.24024e-02	1.13829e-02	4.63579	1.19122	4.59020e-05
6.75492e+03	1.24014e-02	1.09908e-02	2.33060	6.19298	4.59020e-05
6.98785e+03	1.24057e-02	1.06621e-02	5.94564	0.07291	4.59020e-05
7.22078e+03	1.23998e-02	1.01826e-02	3.10705	1.90991	4.59020e-05
7.45371e+03	1.23998e-02	9.85383e-03	0.24571	5.39714	4.59020e-05
7.68664e+03	1.23996e-02	9.49085e-03	3.75345	4.48183	4.59020e-05
7.91956e+03	1.23982e-02	9.25269e-03	1.23931	5.38801	4.59020e-05
8.15249e+03	1.23985e-02	8.80721e-03	5.15580	2.03728	4.59020e-05
8.38542e+03	1.23953e-02	8.64123e-03	3.34874	0.55358	4.59020e-05
8.61835e+03	1.23953e-02	8.27346e-03	1.83211	1.19473	4.59020e-05
8.85128e+03	1.23940e-02	8.05976e-03	0.75038	4.03601	4.59020e-05
9.08421e+03	1.23981e-02	7.92604e-03	0.28149	2.63147	4.59020e-05
9.31713e+03	1.23974e-02	7.73877e-03	0.21481	3.48248	4.59020e-05
9.55006e+03	1.23914e-02	7.42035e-03	0.68121	0.35784	4.59020e-05
9.78299e+03	1.23911e-02	7.19255e-03	1.73126	5.69485	4.59020e-05
1.00159e+04	1.23890e-02	7.14961e-03	3.25175	0.92564	4.59020e-05
1.02488e+04	1.23906e-02	6.86923e-03	5.16735	4.94620	4.59020e-05
1.04818e+04	1.23884e-02	6.86608e-03	1.37214	4.97418	4.59020e-05
1.07147e+04	1.23879e-02	6.62378e-03	4.23773	1.35502	4.59020e-05
1.09476e+04	1.23867e-02	6.54168e-03	1.23853	0.22233	4.59020e-05
1.11806e+04	1.23863e-02	6.31097e-03	4.85530	1.80086	4.59020e-05
1.14135e+04	1.23838e-02	6.20147e-03	2.69622	5.85969	4.59020e-05
1.16464e+04	1.23873e-02	6.13151e-03	0.61097	0.21285	4.59020e-05
1.18793e+04	1.23830e-02	6.02224e-03	5.07640	3.64376	4.59020e-05
1.21123e+04	1.23812e-02	5.73007e-03	3.40969	3.57649	4.59020e-05
1.23452e+04	1.23801e-02	5.67853e-03	2.00533	0.02203	4.59020e-05
1.25781e+04	1.23805e-02	5.64258e-03	0.71834	5.62525	4.59020e-05
1.28111e+04	1.23794e-02	5.53443e-03	5.55388	1.74584	4.59020e-05
1.30440e+04	1.23789e-02	5.38681e-03	4.18416	0.82826	4.59020e-05
1.32769e+04	1.23768e-02	5.23566e-03	2.73100	2.89754	4.59020e-05
1.35098e+04	1.23769e-02	5.24349e-03	1.04692	1.93403	4.59020e-05
1.37428e+04	1.23752e-02	5.09684e-03	5.48835	4.06933	4.59020e-05
1.39757e+04	1.23739e-02	4.94126e-03	3.13979	3.29414	4.59020e-05
1.42086e+04	1.23769e-02	4.86503e-03	0.74992	5.53318	4.59020e-05
1.44416e+04	1.23725e-02	4.83715e-03	3.95121	5.07919	4.59020e-05
1.46745e+04	1.23721e-02	4.73052e-03	0.56553	1.45855	4.59020e-05
1.49074e+04	1.23719e-02	4.75245e-03	2.77553	1.44780	4.59020e-05
1.51403e+04	1.23695e-02	4.64262e-03	4.40414	4.79452	4.59020e-05
1.53733e+04	1.23698e-02	4.58355e-03	5.21374	5.55932	4.59020e-05
1.56062e+04	1.23688e-02	4.52855e-03	5.31795	3.54351	4.59020e-05
1.58391e+04	1.23669e-02	4.43930e-03	4.60516	5.05693	4.59020e-05
1.60721e+04	1.23674e-02	4.42254e-03	2.83539	4.16012	4.59020e-05
1.63050e+04	1.23658e-02	4.24170e-03	0.12781	0.58382	4.59020e-05
1.65379e+04	1.23641e-02	4.23693e-03	2.46046	1.01883	4.59020e-05
1.67708e+04	1.23638e-02	4.07136e-03	3.77459	5.15245	4.59020e-05
1.70038e+04	1.23639e-02	4.09667e-03	3.82957	0.56966	4.59020e-05
1.72367e+04	1.23615e-02	3.97358e-03	2.48384	0.08072	4.59020e-05
1.74696e+04	1.23614e-02	3.93954e-03	6.04696	3.50475	4.59020e-05
1.77026e+04	1.23605e-02	3.80127e-03	2.04750	4.56293	4.59020e-05
1.79355e+04	1.23591e-02	3.88083e-03	2.57863	3.63937	4.59020e-05
1.81684e+04	1.23584e-02	3.75506e-03	1.20766	0.79257	4.59020e-05
1.84013e+04	1.23585e-02	3.75164e-03	4.63765	1.98213	4.59020e-05
1.86343e+04	1.23570e-02	3.73907e-03	6.22666	1.12751	4.59020e-05
1.88672e+04	1.23609e-02	3.66365e-03	5.97285	4.61280	4.59020e-05
1.91001e+04	1.23549e-02	3.55250e-03	3.61685	0.03724	4.59020e-05
1.93331e+04	1.23544e-02	3.65049e-03	5.66297	5.93447	4.59020e-05
1.95660e+04	1.23531e-02	3.53363e-03	5.42027	3.96005	4.59020e-05
1.97989e+04	1.23519e-02	3.47115e-03	2.73453	0.39413	4.59020e-05
2.00318e+04	1.23517e-02	3.35589e-03	4.18836	1.31364	4.59020e-05
2.02648e+04	1.23517e-02	3.49045e-03	3.37189	0.46644	4.59020e-05
2.04977e+04	1.23503e-02	3.44433e-03	6.09566	4.51501	4.59020e-05
2.07306e+04	1.23493e-02	3.37504e-03	0.21912	0.55907	4.59020e-05
2.09636e+04	1.23491e-02	3.31607e-03	3.94207	1.65594	4.59020e-05
2.11965e+04	1.23472e-02	3.31736e-03	5.15750	1.15518	4.59020e-05
2.14294e+04	1.23476e-02	3.22472e-03	3.29909	5.80964	4.59020e-05
2.16623e+04	1.23451e-02	3.17882e-03	4.90108	2.70383	4.59020e-05
2.18953e+04	1.23456e-02	3.22645e-03	3.34228	4.83423	4.59020e-05
2.21282e+04	1.23435e-02	3.10779e-03	5.07679	5.58454	4.59020e-05
2.23611e+04	1.23440e-02	3.09874e-03	3.46572	5.40184	4.59020e-05
2.25940e+04	1.23419e-02	3.09764e-03	5.03563	3.94299	4.59020e-05
2.28270e+04	1.23424e-02	3.04427e-03	2.92614	1.68651	4.59020e-05
2.30599e+04	1.23399e-02	2.97447e-03	3.85802	4.56634	4.59020e-05
2.32928e+04	1.23402e-02	3.01253e-03	1.04750	0.41820	4.59020e-05
2.35258e+04	1.23417e-02	2.83566e-03	0.85277	1.63072	4.59020e-05
2.37587e+04	1.23373e-02	2.86123e-03	3.28723	1.99759	4.59020e-05
2.39916e+04	1.23366e-02	2.90537e-03	1.46098	1.96104	4.59020e-05
2.42245e+04	1.23355e-02	2.82121e-03	2.27697	0.98751	4.59020e-05
2.44575e+04	1.23352e-02	2.79485e-03	5.50910	5.48399	4.59020e-05
2.46904e+04	1.23340e-02	2.75317e-03	4.33340	3.32364	4.59020e-05
2.49233e+04	1.23343e-02	2.84628e-03	5.05886	0.85039	4.59020e-05
2.51563e+04	1.23335e-02	2.80390e-03	1.59883	3.98369	4.59020e-05
2.53892e+04	1.23322e-02	2.76127e-03	6.16178	0.60109	4.59020e-05
2.56221e+04	1.23312e-02	2.65110e-03	0.10138	2.89843	4.59020e-05
2.58550e+04	1.23310e-02	2.69060e-03	1.80877	5.13617	4.59020e-05
2.60880e+04	1.23310e-02	2.54090e-03	4.87595	0.98855	4.59020e-05
2.63209e+04	1.23280e-02	2.63085e-03	3.21347	2.84757	4.59020e-05
2.65538e+04	1.23272e-02	2.53941e-03	3.30679	4.24846	4.59020e-05
2.67868e+04	1.23268e-02	2.50203e-03	3.94472	6.23685	4.59020e-05
2.70197e+04	1.23314e-02	2.55923e-03	6.17843	1.49369	4.59020e-05
2.72526e+04	1.23264e-02	2.51800e-03	3.05668	3.21238	4.59020e-05
2.74855e+04	1.23248e-02	2.57740e-03	0.99371	4.99740	4.59020e-05
2.77185e+04	1.23239e-02	2.47410e-03	5.70678	0.96075	4.59020e-05
2.79514e+04	1.23225e-02	2.47779e-03	5.25033	3.06606	4.59020e-05
2.81843e+04	1.23216e-02	2.43816e-03	5.27413	5.68209	4.59020e-05
2.84173e+04	1.23214e-02	2.41293e-03	5.57109	2.56069	4.59020e-05
2.86502e+04	1.23206e-02	2.46913e-03	0.38450	5.75865	4.59020e-05
2.88831e+04	1.23201e-02	2.40216e-03	1.55565	3.38868	4.59020e-05
2.91160e+04	1.23181e-02	2.31208e-03	2.81496	1.73716	4.59020e-05
2.93490e+04	1.23186e-02	2.36690e-03	4.45262	0.33873	4.59020e-05
2.95819e+04	1.23173e-02	2.38572e-03	5.93134	6.03147	4.59020e-05
2.98148e+04	1.23180e-02	2.20065e-03	1.30553	5.92507	4.59020e-05
3.00478e+04	1.23147e-02	2.31976e-03	2.21255	0.77676	4.59020e-05
3.02807e+04	1.23140e-02	2.27931e-03	3.03623	2.49733	4.59020e-05
3.05136e+04	1.23131e-02	2.23940e-03	3.74128	4.78954	4.59020e-05
3.07465e+04	1.23125e-02	2.21541e-03	3.36761	2.34773	4.59020e-05
3.09795e+04	1.23116e-02	2.15468e-03	2.54380	0.64620	4.59020e-05
3.12124e+04	1.23131e-02	2.09201e-03	1.27005	5.98133	4.59020e-05
3.14453e+04	1.23110e-02	2.21246e-03	4.96135	0.38753	4.59020e-05
3.16783e+04	1.23103e-02	2.27216e-03	1.66312	1.92208	4.59020e-05
3.19112e+04	1.23099e-02	2.18368e-03	3.32546	4.93058	4.59020e-05
3.21441e+04	1.23078e-02	2.07252e-03	3.71442	3.09284	4.59020e-05
3.23770e+04	1.23083e-02	2.16075e-03	3.11856	2.22231	4.59020e-05
3.26100e+04	1.23069e-02	2.19980e-03	0.95894	2.91084	4.59020e-05
3.28429e+04	1.23067e-02	2.12917e-03	3.32948	5.29390	4.59020e-05
3.30758e+04	1.23050e-02	1.98984e-03	4.01230	3.03372	4.59020e-05
3.33088e+04	1.23051e-02	2.09843e-03	3.23698	2.00087	4.59020e-05
3.35417e+04	1.23036e-02	2.11842e-03	0.48847	2.72190	4.59020e-05
3.37746e+04	1.23032e-02	2.07547e-03	1.87186	5.38302	4.59020e-05
3.40075e+04	1.23015e-02	1.99403e-03	0.91400	3.70912	4.59020e-05
3.42405e+04	1.23004e-02	1.96168e-03	4.53587	3.35280	4.59020e-05
3.44734e+04	1.23023e-02	1.96040e-03	5.14477	5.57010	4.59020e-05
3.47063e+04	1.22992e-02	1.92001e-03	3.60427	3.21855	4.59020e-05
3.49393e+04	1.23031e-02	1.95949e-03	5.84581	2.75064	4.59020e-05
3.51722e+04	1.22977e-02	2.01557e-03	5.43006	4.32895	4.59020e-05
3.54051e+04	1.22966e-02	1.90965e-03	1.70789	2.32670	4.59020e-05
3.56380e+04	1.22969e-02	2.02272e-03	1.79397	2.00917	4.59020e-05
3.58710e+04	1.22950e-02	1.93284e-03	4.95832	4.11233	4.59020e-05
3.61039e+04	1.22943e-02	1.87901e-03	4.91577	2.36019	4.59020e-05
3.63368e+04	1.22945e-02	1.97143e-03	1.31852	3.19794	4.59020e-05
3.65697e+04	1.22932e-02	1.93663e-03	0.47792	0.31791	4.59020e-05
3.68027e+04	1.22919e-02	1.83166e-03	2.89080	5.72919	4.59020e-05
3.70356e+04	1.22912e-02	1.85528e-03	1.01274	1.84946	4.59020e-05
3.72685e+04	1.22915e-02	1.88836e-03	2.04826	0.13365	4.59020e-05
3.75015e+04	1.22897e-02	1.81697e-03	5.33069	1.25205	4.59020e-05
3.77344e+04	1.22887e-02	1.87310e-03	4.51102	5.27294	4.59020e-05
3.79673e+04	1.22884e-02	1.78463e-03	5.71393	5.88326	4.59020e-05
3.82002e+04	1.22886e-02	1.83687e-03	2.45257	3.28801	4.59020e-05
3.84332e+04	1.22866e-02	1.79064e-03	1.00405	3.71407	4.59020e-05
3.86661e+04	1.22870e-02	1.66818e-03	1.81571	0.43046	4.59020e-05
3.88990e+04	1.22862e-02	1.86770e-03	3.59832	0.82276	4.59020e-05
3.91320e+04	1.22875e-02	1.66918e-03	0.94753	4.00888	4.59020e-05
3.93649e+04	1.22843e-02	1.81110e-03	5.59097	4.54705	4.59020e-05
3.95978e+04	1.22829e-02	1.71537e-03	5.57584	1.63027	4.59020e-05
3.98307e+04	1.22876e-02	1.72476e-03	6.18004	2.54742	4.59020e-05
4.00637e+04	1.22813e-02	1.76473e-03	1.48924	0.64465	4.59020e-05
4.02966e+04	1.22817e-02	1.81260e-03	4.18539	1.89708	4.59020e-05
4.05295e+04	1.22806e-02	1.78935e-03	1.25606	0.46629	4.59020e-05
4.07625e+04	1.22790e-02	1.70316e-03	5.05368	2.78310	4.59020e-05
4.09954e+04	1.22781e-02	1.70744e-03	3.07689	2.49677	4.59020e-05
4.12283e+04	1.22800e-02	1.63967e-03	1.19833	6.10791	4.59020e-05
4.14612e+04	1.22807e-02	1.58826e-03	5.52444	1.22501	4.59020e-05
4.16942e+04	1.22763e-02	1.65070e-03	3.83624	0.06055	4.59020e-05
4.19271e+04	1.22751e-02	1.68080e-03	2.12754	2.71008	4.59020e-05
4.21600e+04	1.22750e-02	1.63138e-03	0.15398	3.13117	4.59020e-05
4.23930e+04	1.22749e-02	1.71245e-03	4.15360	1.30114	4.59020e-05
4.26259e+04	1.22741e-02	1.75799e-03	1.28065	3.78328	4.59020e-05
4.28588e+04	1.22724e-02	1.18274e-03	4.46150	3.77059	4.59020e-05
4.30917e+04	1.22772e-02	1.92685e-03	6.21841	2.41159	4.59020e-05
4.33247e+04	1.22711e-02	1.69753e-03	1.14017	5.11243	4.59020e-05
4.35576e+04	1.22711e-02	2.01352e-03	1.35751	5.82713	4.59020e-05
4.37905e+04	1.22751e-02	1.70822e-03	6.13230	5.29324	4.59020e-05
4.40235e+04	1.22700e-02	1.68225e-03	4.07968	2.32142	4.59020e-05
4.42564e+04	1.22738e-02	1.20600e-03	6.22439	4.53766	4.59020e-05
4.44893e+04	1.22683e-02	1.28016e-03	0.70888	4.94240	4.59020e-05
4.47222e+04	1.22673e-02	1.30312e-03	5.92304	3.92594	4.59020e-05
4.49552e+04	1.22658e-02	1.86200e-03	2.94973	1.54915	4.59020e-05
4.51881e+04	1.22661e-02	1.15180e-03	4.25358	3.99629	4.59020e-05
4.54210e+04	1.22646e-02	1.68392e-03	3.27081	5.25665	4.59020e-05
4.56540e+04	1.22643e-02	1.93056e-03	0.49953	4.82306	4.59020e-05
4.58869e+04	1.22641e-02	1.90299e-03	1.49534	3.22663	4.59020e-05
4.61198e+04	1.22676e-02	1.58751e-03	5.76301	0.95106	4.59020e-05
4.63527e+04	1.22627e-02	1.19419e-03	1.65284	3.29153	4.59020e-05
4.65857e+04	1.22614e-02	1.78080e-03	0.47608	5.20954	4.59020e-05
4.68186e+04	1.22602e-02	1.23675e-03	2.26321	0.19307	4.59020e-05
4.70515e+04	1.22596e-02	1.78537e-03	1.57942	6.23154	4.59020e-05
4.72845e+04	1.22601e-02	1.53698e-03	4.16494	5.00826	4.59020e-05
4.75174e+04	1.22584e-02	1.07184e-03	3.02377	3.31944	4.59020e-05
4.77503e+04	1.22588e-02	1.36382e-03	3.78355	1.81047	4.59020e-05
4.79832e+04	1.22569e-02	1.50967e-03	1.32851	5.58607	4.59020e-05
4.82162e+04	1.22561e-02	1.62805e-03	1.52448	2.29555	4.59020e-05
4.84491e+04	1.22566e-02	1.74458e-03	4.12919	4.73514	4.59020e-05
4.86820e+04	1.22548e-02	1.46041e-03	2.69685	0.42852	4.59020e-05
4.89150e+04	1.22554e-02	1.60199e-03	2.87101	2.57029	4.59020e-05
4.91479e+04	1.22544e-02	1.56794e-03	4.88767	4.43797	4.59020e-05
4.93808e+04	1.22542e-02	1.45293e-03	2.62220	5.86229	4.59020e-05
4.96137e+04	1.22525e-02	1.28872e-03	2.17429	0.72967	4.59020e-05
4.98467e+04	1.22526e-02	1.52187e-03	2.59913	2.35281	4.59020e-05
5.00796e+04	1.22517e-02	1.61578e-03	4.41232	3.91653	4.59020e-05
5.03125e+04	1.22511e-02	1.72882e-03	1.53329	5.14468	4.59020e-05
5.05454e+04	1.22536e-02	1.69814e-03	5.67932	0.59151	4.59020e-05
5.07784e+04	1.22487e-02	1.40203e-03	4.88476	2.01651	4.59020e-05
5.10113e+04	1.22481e-02	1.00388e-03	4.03747	4.52182	4.59020e-05
5.12442e+04	1.22476e-02	1.68504e-03	3.60060	1.34919	4.59020e-05
5.14772e+04	1.22467e-02	1.14287e-03	4.66262	3.76964	4.59020e-05
5.17101e+04	1.22462e-02	1.68792e-03	5.18965	1.24070	4.59020e-05
5.19430e+04	1.22500e-02	1.44444e-03	5.47795	5.95616	4.59020e-05
5.21759e+04	1.22456e-02	1.11173e-03	0.37454	4.20494	4.59020e-05
5.24089e+04	1.22451e-02	1.16365e-03	1.08354	3.42822	4.59020e-05
5.26418e+04	1.22449e-02	1.22762e-03	1.51563	3.41969	4.59020e-05
5.28747e+04	1.22439e-02	1.68703e-03	1.65660	4.18255	4.59020e-05
5.31077e+04	1.22432e-02	1.01481e-03	0.98379	6.03276	4.59020e-05
5.33406e+04	1.22462e-02	1.41252e-03	5.91596	2.54033	4.59020e-05
5.35735e+04	1.22408e-02	1.65149e-03	3.88784	6.25421	4.59020e-05
5.38064e+04	1.22452e-02	1.54516e-03	0.54570	5.04462	4.59020e-05
5.40394e+04	1.22410e-02	1.16465e-03	2.46547	4.88640	4.59020e-05
5.42723e+04	1.22405e-02	1.59649e-03	2.66594	0.11797	4.59020e-05
5.45052e+04	1.22393e-02	9.44476e-04	2.06785	2.37116	4.59020e-05
5.47382e+04	1.22383e-02	9.94862e-04	5.82719	0.00363	4.59020e-05
5.49711e+04	1.22388e-02	1.29637e-03	1.48289	5.46207	4.59020e-05
5.52040e+04	1.22377e-02	1.19863e-03	2.02806	5.74168	4.59020e-05
5.54369e+04	1.22365e-02	1.57638e-03	0.08696	1.72978	4.59020e-05
5.56699e+04	1.22353e-02	1.26720e-03	2.00563	5.91701	4.59020e-05
5.59028e+04	1.22347e-02	1.09800e-03	1.40546	5.75473	4.59020e-05
5.61357e+04	1.22344e-02	1.30297e-03	6.10592	5.97722	4.59020e-05
5.63687e+04	1.22342e-02	1.33905e-03	0.90994	2.72856	4.59020e-05
5.66016e+04	1.22349e-02	1.07661e-03	4.52183	2.42399	4.59020e-05
5.68345e+04	1.22365e-02	1.13443e-03	1.00783	2.13158	4.59020e-05
5.70674e+04	1.22326e-02	1.10025e-03	5.62156	5.24841	4.59020e-05
5.73004e+04	1.22313e-02	1.31327e-03	0.45466	4.53472	4.59020e-05
5.75333e+04	1.22309e-02	9.03272e-04	6.02680	4.59096	4.59020e-05
5.77662e+04	1.22308e-02	1.11918e-03	0.55309	1.86532	4.59020e-05
5.79992e+04	1.22302e-02	1.11956e-03	4.48327	1.02910	4.59020e-05
5.82321e+04	1.22298e-02	1.25170e-03	4.59604	2.65929	4.59020e-05
5.84650e+04	1.22291e-02	9.66736e-04	0.94164	0.41123	4.59020e-05
5.86979e+04	1.22281e-02	1.16732e-03	6.11791	0.33302	4.59020e-05
5.89309e+04	1.22276e-02	1.04549e-03	5.69096	4.28043	4.59020e-05
5.91638e+04	1.22275e-02	1.33526e-03	2.69757	2.92131	4.59020e-05
5.93967e+04	1.22264e-02	9.73271e-04	0.24450	5.51135	4.59020e-05
5.96297e+04	1.22258e-02	1.56014e-03	0.14074	3.94732	4.59020e-05
5.98626e+04	1.22255e-02	1.52583e-03	1.30685	5.51563	4.59020e-05
6.00955e+04	1.22240e-02	1.19073e-03	3.05183	4.61465	4.59020e-05
6.03284e+04	1.22236e-02	1.26794e-03	0.60694	5.80758	4.59020e-05
6.05614e+04	1.22278e-02	9.40973e-04	6.11094	3.22989	4.59020e-05
6.07943e+04	1.22231e-02	9.14117e-04	5.45141	4.69919	4.59020e-05
6.10272e+04	1.22224e-02	1.48168e-03	5.81414	2.82630	4.59020e-05
6.12602e+04	1.22254e-02	1.11697e-03	0.89482	3.90664	4.59020e-05
6.14931e+04	1.22205e-02	1.43660e-03	1.82451	3.08174	4.59020e-05
6.17260e+04	1.22202e-02	9.96050e-04	3.87328	4.87791	4.59020e-05
6.19589e+04	1.22199e-02	1.40347e-03	0.10654	3.65335	4.59020e-05
6.21919e+04	1.22195e-02	8.17813e-04	2.17555	0.25062	4.59020e-05
6.24248e+04	1.22183e-02	8.88288e-04	4.27604	0.46454	4.59020e-05
6.26577e+04	1.22184e-02	1.08670e-03	0.00313	4.21422	4.59020e-05
6.28907e+04	1.22182e-02	8.43790e-04	1.69340	5.43843	4.59020e-05
6.31236e+04	1.22180e-02	8.95516e-04	3.12444	4.06597	4.59020e-05
6.33565e+04	1.22161e-02	1.44120e-03	3.30040	0.89299	4.59020e-05
6.35894e+04	1.22167e-02	1.44464e-03	3.64738	0.76640	4.59020e-05
6.38224e+04	1.22162e-02	1.49351e-03	2.57325	5.20831	4.59020e-05
6.40553e+04	1.22150e-02	8.72872e-04	0.57483	1.14632	4.59020e-05
6.42882e+04	1.22137e-02	8.30028e-04	4.12016	0.76061	4.59020e-05
6.45211e+04	1.22178e-02	7.29519e-04	5.84660	5.12630	4.59020e-05
6.47541e+04	1.22181e-02	1.35531e-03	0.08092	1.05561	4.59020e-05
6.49870e+04	1.22126e-02	1.33883e-03	5.82586	0.76576	4.59020e-05
6.52199e+04	1.22115e-02	1.21519e-03	2.59527	5.88557	4.59020e-05
6.54529e+04	1.22122e-02	1.39926e-03	4.19808	2.59786	4.59020e-05
6.56858e+04	1.22117e-02	1.11245e-03	4.39255	3.22993	4.59020e-05
6.59187e+04	1.22101e-02	8.04175e-04	1.63207	3.03924	4.59020e-05
6.61516e+04	1.22095e-02	9.44392e-04	4.32324	6.11500	4.59020e-05
6.63846e+04	1.22089e-02	1.28993e-03	2.96495	3.10445	4.59020e-05
6.66175e+04	1.22091e-02	8.21546e-04	5.89051	4.32449	4.59020e-05
6.68504e+04	1.22083e-02	1.27256e-03	0.15013	3.87067	4.59020e-05
6.70834e+04	1.22088e-02	1.21495e-03	4.26578	2.06683	4.59020e-05
6.73163e+04	1.22074e-02	9.92972e-04	5.84198	4.82652	4.59020e-05
6.75492e+04	1.22068e-02	6.96803e-04	3.84945	0.61141	4.59020e-05
6.77821e+04	1.22066e-02	1.40529e-03	5.13485	1.35341	4.59020e-05
6.80151e+04	1.22067e-02	1.17138e-03	3.79395	0.38747	4.59020e-05
6.82480e+04	1.22060e-02	8.16437e-04	4.53376	5.37861	4.59020e-05
6.84809e+04	1.22044e-02	7.41930e-04	1.57738	3.25522	4.59020e-05
6.87139e+04	1.22047e-02	9.35114e-04	2.63073	5.15183	4.59020e-05
6.89468e+04	1.22043e-02	1.36959e-03	4.48487	1.51858	4.59020e-05
6.91797e+04	1.22028e-02	9.92037e-04	3.00516	2.76812	4.59020e-05
6.94126e+04	1.22026e-02	7.33389e-04	3.71446	3.37936	4.59020e-05
6.96456e+04	1.22022e-02	1.27952e-03	6.20235	3.56525	4.59020e-05
6.98785e+04	1.22022e-02	1.21777e-03	5.39888	2.11269	4.59020e-05
7.01114e+04	1.22016e-02	7.57477e-04	5.46661	1.07862	4.59020e-05
7.03444e+04	1.22003e-02	1.11912e-03	0.96989	5.89639	4.59020e-05
7.05773e+04	1.22025e-02	1.20834e-03	5.00099	3.28242	4.59020e-05
7.08102e+04	1.21992e-02	1.32773e-03	4.57462	6.21892	4.59020e-05
7.10431e+04	1.21998e-02	1.32721e-03	4.68079	3.43654	4.59020e-05
7.12761e+04	1.22034e-02	1.07924e-03	0.04025	0.02143	4.59020e-05
7.15090e+04	1.21990e-02	1.15194e-03	2.72631	2.75049	4.59020e-05
7.17419e+04	1.22023e-02	8.97206e-04	6.27289	5.46144	4.59020e-05
7.19749e+04	1.21980e-02	9.68354e-04	4.43248	1.83526	4.59020e-05
7.22078e+04	1.21963e-02	8.99537e-04	3.79969	3.93691	4.59020e-05
7.24407e+04	1.21957e-02	6.90714e-04	2.21824	1.36100	4.59020e-05
7.26736e+04	1.21966e-02	7.65024e-04	2.47537	3.88537	4.59020e-05
7.29066e+04	1.21948e-02	7.89976e-04	2.95292	0.37343	4.59020e-05
7.31395e+04	1.21944e-02	1.25079e-03	2.92604	4.12228	4.59020e-05
7.33724e+04	1.21951e-02	1.29454e-03	4.32213	0.63774	4.59020e-05
7.36054e+04	1.21935e-02	7.98730e-04	5.52030	3.92081	4.59020e-05
7.38383e+04	1.21964e-02	1.04378e-03	5.06730	2.86338	4.59020e-05
7.40712e+04	1.21932e-02	1.00816e-03	6.07596	0.57380	4.59020e-05
7.43041e+04	1.21924e-02	1.07016e-03	5.97333	5.91458	4.59020e-05
7.45371e+04	1.21951e-02	5.79700e-04	5.30547	5.58674	4.59020e-05
7.47700e+04	1.21921e-02	1.04972e-03	4.73423	5.21482	4.59020e-05
7.50029e+04	1.21905e-02	1.27327e-03	3.43686	5.62988	4.59020e-05
7.52359e+04	1.21905e-02	1.06723e-03	0.40170	1.37413	4.59020e-05
7.54688e+04	1.21896e-02	9.24003e-04	3.96877	2.96167	4.59020e-05
7.57017e+04	1.21902e-02	9.30328e-04	4.47711	1.14952	4.59020e-05
7.59346e+04	1.21926e-02	1.10783e-03	5.76772	4.66906	4.59020e-05
7.61676e+04	1.21884e-02	9.93695e-04	4.96536	3.64292	4.59020e-05
7.64005e+04	1.21891e-02	7.94525e-04	2.73118	3.70278	4.59020e-05
7.66334e+04	1.21882e-02	8.08061e-04	5.37109	4.83460	4.59020e-05
7.68664e+04	1.21874e-02	1.20289e-03	0.18257	0.70647	4.59020e-05
7.70993e+04	1.21871e-02	1.10522e-03	0.18681	3.43958	4.59020e-05
7.73322e+04	1.21871e-02	1.18104e-03	3.71849	2.07740	4.59020e-05
7.75651e+04	1.21860e-02	7.06774e-04	6.02756	1.38056	4.59020e-05
7.77981e+04	1.21898e-02	8.18355e-04	5.41380	2.86713	4.59020e-05
7.80310e+04	1.21857e-02	1.35070e-03	3.59229	4.83081	4.59020e-05
7.82639e+04	1.21875e-02	4.95612e-04	5.08465	2.76284	4.59020e-05
7.84969e+04	1.21839e-02	1.00543e-03	5.54107	0.82909	4.59020e-05
7.87298e+04	1.21843e-02	8.72031e-04	2.25108	1.75435	4.59020e-05
7.89627e+04	1.21841e-02	9.13629e-04	2.16424	4.88197	4.59020e-05
7.91956e+04	1.21832e-02	9.94142e-04	0.90654	1.83982	4.59020e-05
7.94286e+04	1.21829e-02	1.09279e-03	2.36641	1.31743	4.59020e-05
7.96615e+04	1.21821e-02	6.45797e-04	0.07768	3.44957	4.59020e-05
7.98944e+04	1.21819e-02	1.07797e-03	2.11956	0.16587	4.59020e-05
8.01273e+04	1.21813e-02	9.27527e-04	0.43786	5.62810	4.59020e-05
8.03603e+04	1.21814e-02	1.21498e-03	2.13370	0.18065	4.59020e-05
8.05932e+04	1.21806e-02	8.11129e-04	1.11652	2.49532	4.59020e-05
8.08261e+04	1.21802e-02	1.05194e-03	2.50468	0.99185	4.59020e-05
8.10591e+04	1.21797e-02	7.12664e-04	5.80043	2.46815	4.59020e-05
8.12920e+04	1.21834e-02	1.11445e-03	5.84662	5.74667	4.59020e-05
8.15249e+04	1.21781e-02	9.12401e-04	2.69910	4.50456	4.59020e-05
8.17578e+04	1.21785e-02	1.12955e-03	2.14260	5.34747	4.59020e-05
8.19908e+04	1.21771e-02	1.00854e-03	2.32997	3.85723	4.59020e-05
8.22237e+04	1.21774e-02	9.56262e-04	0.30303	3.00426	4.59020e-05
8.24566e+04	1.21771e-02	9.96301e-04	6.20714	5.03721	4.59020e-05
8.26896e+04	1.21760e-02	1.11434e-03	1.21207	3.67022	4.59020e-05
8.29225e+04	1.21764e-02	7.47123e-04	5.03632	4.33438	4.59020e-05
8.31554e+04	1.21749e-02	1.19212e-03	4.19393	1.49150	4.59020e-05
8.33883e+04	1.21757e-02	1.15428e-03	4.79608	1.61586	4.59020e-05
8.36213e+04	1.21747e-02	1.02625e-03	0.13777	5.08307	4.59020e-05
8.38542e+04	1.21748e-02	1.03637e-03	4.34636	4.06808	4.59020e-05
8.40871e+04	1.21732e-02	1.13235e-03	4.57535	4.95954	4.59020e-05
8.43201e+04	1.21740e-02	1.13910e-03	4.59998	4.00373	4.59020e-05
8.45530e+04	1.21732e-02	6.47247e-04	5.88522	6.03772	4.59020e-05
8.47859e+04	1.21733e-02	7.00131e-04	3.27695	3.47689	4.59020e-05
8.50188e+04	1.21748e-02	8.15983e-04	0.69831	4.98385	4.59020e-05
8.52518e+04	1.21717e-02	7.33788e-04	5.74177	2.92517	4.59020e-05
8.54847e+04	1.21711e-02	1.17794e-03	5.87213	3.57243	4.59020e-05
8.57176e+04	1.21752e-02	1.07816e-03	5.81997	2.02454	4.59020e-05
8.59506e+04	1.21709e-02	8.25499e-04	1.43065	2.45671	4.59020e-05
8.61835e+04	1.21708e-02	9.29302e-04	3.05423	0.82563	4.59020e-05
8.64164e+04	1.21694e-02	8.12471e-04	4.98329	2.66768	4.59020e-05
8.66493e+04	1.21689e-02	1.04571e-03	0.87119	1.78587	4.59020e-05
8.68823e+04	1.21697e-02	4.98895e-04	4.52215	3.24869	4.59020e-05
8.71152e+04	1.21681e-02	5.38152e-04	1.14683	2.82564	4.59020e-05
8.73481e+04	1.21679e-02	1.14508e-03	5.70108	4.43439	4.59020e-05
8.75811e+04	1.21685e-02	6.45431e-04	2.68529	4.68570	4.59020e-05
8.78140e+04	1.21674e-02	9.35396e-04	0.43961	1.54664	4.59020e-05
8.80469e+04	1.21663e-02	1.00398e-03	2.59054	3.78895	4.59020e-05
8.82798e+04	1.21707e-02	8.15678e-04	0.06441	1.65945	4.59020e-05
8.85128e+04	1.21657e-02	5.27160e-04	3.00444	3.89342	4.59020e-05
8.87457e+04	1.21658e-02	7.15501e-04	5.96231	3.20204	4.59020e-05
8.89786e+04	1.21660e-02	6.16354e-04	1.91240	0.35561	4.59020e-05
8.92116e+04	1.21642e-02	1.17179e-03	4.05977	0.95908	4.59020e-05
8.94445e+04	1.21650e-02	9.62709e-04	4.96491	6.19705	4.59020e-05
8.96774e+04	1.21646e-02	1.21998e-03	5.03067	2.93320	4.59020e-05
8.99103e+04	1.21634e-02	7.06622e-04	5.46230	2.55429	4.59020e-05
9.01433e+04	1.21641e-02	5.97294e-04	3.48786	1.57904	4.59020e-05
9.03762e+04	1.21635e-02	9.46784e-04	1.79558	3.43429	4.59020e-05
9.06091e+04	1.21626e-02	8.86661e-04	3.42941	5.10656	4.59020e-05
9.08421e+04	1.21669e-02	9.11582e-04	5.83621	2.89148	4.59020e-05
9.10750e+04	1.21617e-02	6.92825e-04	6.16364	5.76135	4.59020e-05
9.13079e+04	1.21661e-02	1.01216e-03	0.16099	5.42881	4.59020e-05
9.15408e+04	1.21611e-02	6.33510e-04	4.24592	4.29165	4.59020e-05
9.17738e+04	1.21610e-02	1.07209e-03	1.43963	0.50620	4.59020e-05
9.20067e+04	1.21609e-02	1.02130e-03	2.11886	2.38353	4.59020e-05
9.22396e+04	1.21599e-02	1.07466e-03	2.66428	1.00470	4.59020e-05
9.24726e+04	1.21597e-02	1.07534e-03	0.73724	5.02459	4.59020e-05
9.27055e+04	1.21587e-02	1.06205e-03	3.15454	1.17790	4.59020e-05
9.29384e+04	1.21595e-02	6.34170e-04	3.19562	2.50011	4.59020e-05
9.31713e+04	1.21591e-02	1.06869e-03	2.17050	1.36463	4.59020e-05
9.34043e+04	1.21605e-02	9.79035e-04	5.14943	5.29816	4.59020e-05
9.36372e+04	1.21621e-02	7.82581e-04	6.17090	1.25021	4.59020e-05
9.38701e+04	1.21576e-02	5.92257e-04	5.39644	1.65944	4.59020e-05
9.41030e+04	1.21563e-02	9.95578e-04	1.37334	1.72625	4.59020e-05
9.43360e+04	1.21573e-02	1.12856e-03	2.56363	5.39311	4.59020e-05
9.45689e+04	1.21559e-02	1.11240e-03	0.45915	2.35249	4.59020e-05
9.48018e+04	1.21565e-02	7.45629e-04	2.67910	3.86689	4.59020e-05
9.50348e+04	1.21547e-02	7.57714e-04	2.51075	3.92291	4.59020e-05
9.52677e+04	1.21553e-02	7.26217e-04	5.04551	3.74431	4.59020e-05
9.55006e+04	1.21593e-02	9.61010e-04	5.86975	1.43160	4.59020e-05
9.57335e+04	1.21540e-02	1.03117e-03	3.37324	4.91286	4.59020e-05
9.59665e+04	1.21536e-02	7.39592e-04	5.14563	0.15336	4.59020e-05
9.61994e+04	1.21530e-02	5.51946e-04	4.29596	0.36319	4.59020e-05
9.64323e+04	1.21535e-02	1.09880e-03	5.03368	1.36864	4.59020e-05
9.66653e+04	1.21535e-02	5.59252e-04	3.67326	0.41123	4.59020e-05
9.68982e+04	1.21547e-02	7.89867e-04	4.65532	5.65293	4.59020e-05
9.71311e+04	1.21517e-02	1.06757e-03	3.33942	2.85484	4.59020e-05
9.73640e+04	1.21514e-02	1.03822e-03	5.59040	5.03637	4.59020e-05
9.75970e+04	1.21507e-02	8.79385e-04	3.72397	0.87521	4.59020e-05
9.78299e+04	1.21514e-02	7.84172e-04	4.14232	2.85623	4.59020e-05
9.80628e+04	1.21512e-02	7.70884e-04	2.81044	2.48285	4.59020e-05
9.82958e+04	1.21497e-02	1.05972e-03	2.21749	3.39367	4.59020e-05
9.85287e+04	1.21502e-02	3.52595e-04	5.52739	2.48595	4.59020e-05
9.87616e+04	1.21506e-02	1.43976e-03	4.19443	1.96750	4.59020e-05
9.89945e+04	1.21482e-02	4.02238e-03	2.23453	1.64169	4.59020e-05
9.92275e+04	1.21485e-02	2.21327e-03	1.77677	3.31930	4.59020e-05
9.94604e+04	1.21490e-02	1.39491e-03	5.89344	3.45024	4.59020e-05
9.96933e+04	1.21478e-02	2.62941e-03	3.32943	0.00125	4.59020e-05
9.99263e+04	1.21474e-02	5.80451e-04	3.63297	2.20951	4.59020e-05
1.00159e+05	1.21465e-02	8.54418e-04	5.98965	4.44354	4.59020e-05
1.00392e+05	1.21458e-02	2.79037e-03	3.49665	0.68929	4.59020e-05
1.00625e+05	1.21466e-02	1.82513e-03	2.90966	2.74641	4.59020e-05
1.00858e+05	1.21458e-02	1.69642e-03	5.03835	4.10680	4.59020e-05
1.01091e+05	1.21457e-02	1.85295e-03	0.31589	1.54190	4.59020e-05
1.01324e+05	1.21453e-02	2.25330e-03	0.54791	2.12805	4.59020e-05
1.01557e+05	1.21453e-02	1.34717e-03	6.16812	5.22825	4.59020e-05
1.01790e+05	1.21460e-02	1.26458e-03	1.89180	0.77615	4.59020e-05
1.02023e+05	1.21474e-02	2.33806e-03	5.99271	2.34756	4.59020e-05
1.02256e+05	1.21445e-02	1.07181e-03	3.59628	5.82818	4.59020e-05
1.02488e+05	1.21426e-02	2.78689e-03	5.35873	0.23713	4.59020e-05
1.02721e+05	1.21440e-02	5.25001e-04	1.75759	1.86214	4.59020e-05
1.02954e+05	1.21429e-02	1.34743e-03	5.22701	4.09040	4.59020e-05
1.03187e+05	1.21416e-02	1.97034e-03	3.59243	0.41498	4.59020e-05
1.03420e+05	1.21420e-02	2.59844e-03	5.21366	1.33613	4.59020e-05
1.03653e+05	1.21419e-02	1.29916e-03	1.06058	3.30791	4.59020e-05
1.03886e+05	1.21410e-02	2.08506e-03	5.48342	4.38956	4.59020e-05
1.04119e+05	1.21406e-02	6.46933e-04	3.09915	1.13395	4.59020e-05
1.04352e+05	1.21403e-02	1.70131e-03	4.88138	1.45665	4.59020e-05
1.04585e+05	1.21401e-02	1.84145e-03	5.75079	4.02637	4.59020e-05
1.04818e+05	1.21408e-02	2.60775e-03	3.02330	5.35439	4.59020e-05
1.05051e+05	1.21398e-02	1.72958e-03	0.40505	1.72962	4.59020e-05
1.05284e+05	1.21383e-02	1.27946e-03	1.54363	1.90375	4.59020e-05
1.05517e+05	1.21405e-02	1.60304e-03	1.64341	4.32516	4.59020e-05
1.05749e+05	1.21390e-02	1.41364e-03	5.05731	4.92724	4.59020e-05
1.05982e+05	1.21413e-02	3.89482e-04	1.18033	1.33417	4.59020e-05
1.06215e+05	1.21419e-02	2.63234e-03	0.72751	2.04905	4.59020e-05
1.06448e+05	1.21378e-02	1.51100e-03	0.53935	3.49158	4.59020e-05
1.06681e+05	1.21390e-02	2.46512e-03	1.72268	4.91037	4.59020e-05
1.06914e+05	1.21366e-02	1.23540e-03	4.46234	6.07481	4.59020e-05
1.07147e+05	1.21376e-02	1.55364e-03	2.08877	0.73536	4.59020e-05
1.07380e+05	1.21361e-02	1.69422e-03	0.35903	2.19923	4.59020e-05
1.07613e+05	1.21358e-02	1.68551e-03	0.26064	3.29016	4.59020e-05
1.07846e+05	1.21346e-02	2.14348e-03	1.67051	3.93046	4.59020e-05
1.08079e+05	1.21350e-02	7.34230e-04	3.83408	4.88637	4.59020e-05
1.08312e+05	1.21340e-02	2.42022e-03	0.20886	0.17438	4.59020e-05
1.08545e+05	1.21334e-02	1.66706e-03	4.16409	1.40714	4.59020e-05
1.08778e+05	1.21354e-02	1.65545e-03	3.10328	2.39451	4.59020e-05
1.09010e+05	1.21368e-02	1.24245e-03	2.97001	3.49902	4.59020e-05
1.09243e+05	1.21345e-02	1.90011e-03	3.52619	5.03688	4.59020e-05
1.09476e+05	1.21325e-02	2.27004e-03	5.97652	5.51769	4.59020e-05
1.09709e+05	1.21323e-02	6.74562e-04	3.73655	5.22153	4.59020e-05
1.09942e+05	1.21329e-02	2.41367e-03	0.13327	1.18990	4.59020e-05
1.10175e+05	1.21318e-02	2.01774e-03	6.03412	0.97558	4.59020e-05
1.10408e+05	1.21320e-02	1.39951e-03	5.08741	2.19352	4.59020e-05
1.10641e+05	1.21314e-02	2.59495e-03	5.33028	3.15600	4.59020e-05
1.10874e+05	1.21310e-02	6.17818e-04	6.05899	4.53178	4.59020e-05
1.11107e+05	1.21317e-02	2.24708e-03	2.18461	4.90243	4.59020e-05
1.11340e+05	1.21301e-02	2.32063e-03	5.98696	4.89076	4.59020e-05
1.11573e+05	1.21299e-02	1.36091e-03	2.53052	0.30569	4.59020e-05
1.11806e+05	1.21309e-02	1.89111e-03	1.97205	6.03788	4.59020e-05
1.12039e+05	1.21300e-02	4.19079e-04	1.18916	0.26103	4.59020e-05
1.12271e+05	1.21298e-02	9.25044e-04	0.20457	1.82378	4.59020e-05
1.12504e+05	1.21291e-02	1.42987e-03	2.13120	1.13302	4.59020e-05
1.12737e+05	1.21287e-02	1.61820e-03	2.84352	2.34716	4.59020e-05
1.12970e+05	1.21281e-02	2.32253e-03	5.05600	2.73278	4.59020e-05
1.13203e+05	1.21289e-02	2.21493e-03	1.96196	2.86186	4.59020e-05
1.13436e+05	1.21270e-02	6.43083e-04	6.14591	2.59302	4.59020e-05
1.13669e+05	1.21270e-02	1.70162e-03	2.78914	4.27268	4.59020e-05
1.13902e+05	1.21291e-02	1.89799e-03	2.15606	3.98044	4.59020e-05
1.14135e+05	1.21270e-02	3.17829e-04	1.79278	3.87237	4.59020e-05
1.14368e+05	1.21260e-02	1.94772e-03	0.70944	4.97344	4.59020e-05
1.14601e+05	1.21265e-02	1.79609e-03	1.64598	4.83364	4.59020e-05
1.14834e+05	1.21256e-02	5.89626e-04	3.45180	4.30632	4.59020e-05
1.15067e+05	1.21251e-02	2.18037e-03	4.18002	5.37145	4.59020e-05
1.15300e+05	1.21263e-02	1.18671e-03	0.37206	5.22557	4.59020e-05
1.15532e+05	1.21291e-02	6.15160e-04	3.64866	4.87332	4.59020e-05
1.15765e+05	1.21236e-02	1.64641e-03	5.92696	5.82940	4.59020e-05
1.15998e+05	1.21234e-02	8.85252e-04	4.12717	5.26382	4.59020e-05
1.16231e+05	1.21248e-02	1.46042e-03	2.52204	4.88770	4.59020e-05
1.16464e+05	1.21243e-02	1.44109e-03	0.78588	4.96866	4.59020e-05
1.16697e+05	1.21227e-02	2.29124e-03	5.91863	4.98635	4.59020e-05
1.16930e+05	1.21221e-02	9.44070e-04	4.55590	5.67621	4.59020e-05
1.17163e+05	1.21216e-02	1.08072e-03	4.36108	5.64722	4.59020e-05
1.17396e+05	1.21216e-02	1.81133e-03	5.74792	4.33192	4.59020e-05
1.17629e+05	1.21212e-02	5.87011e-04	0.08844	4.13694	4.59020e-05
1.17862e+05	1.21207e-02	6.34013e-04	0.23048	4.82991	4.59020e-05
1.18095e+05	1.21206e-02	1.80638e-03	1.55892	4.59067	4.59020e-05
1.18328e+05	1.21211e-02	1.59436e-03	3.37311	4.17148	4.59020e-05
1.18561e+05	1.21212e-02	6.88905e-04	0.02572	2.97809	4.59020e-05
1.18793e+05	1.21208e-02	1.04427e-03	1.40890	3.79069	4.59020e-05
1.19026e+05	1.21221e-02	1.09388e-03	4.95530	2.62291	4.59020e-05
1.19259e+05	1.21200e-02	4.68481e-04	0.92388	2.86411	4.59020e-05
1.19492e+05	1.21202e-02	7.51457e-04	3.91576	2.85238	4.59020e-05
1.19725e+05	1.21190e-02	2.39994e-03	1.87291	1.72267	4.59020e-05
1.19958e+05	1.21194e-02	1.77338e-03	5.45713	1.39646	4.59020e-05
1.20191e+05	1.21225e-02	6.14092e-04	3.72753	0.44059	4.59020e-05
1.20424e+05	1.21190e-02	8.23302e-04	1.57343	0.05902	4.59020e-05
1.20657e+05	1.21172e-02	2.30259e-03	6.04750	5.75480	4.59020e-05
1.20890e+05	1.21174e-02	1.52949e-03	5.04993	4.64159	4.59020e-05
1.21123e+05	1.21177e-02	1.47806e-03	2.32083	5.29045	4.59020e-05
1.21356e+05	1.21165e-02	1.90865e-03	1.13871	4.53692	4.59020e-05
1.21589e+05	1.21157e-02	1.29943e-03	0.27385	3.69516	4.59020e-05
1.21822e+05	1.21166e-02	1.04057e-03	5.67379	3.02127	4.59020e-05
1.22054e+05	1.21156e-02	8.41981e-04	5.57676	1.54454	4.59020e-05
1.22287e+05	1.21154e-02	8.67230e-04	4.19870	1.42324	4.59020e-05
1.22520e+05	1.21168e-02	2.02404e-03	4.04820	0.16062	4.59020e-05
1.22753e+05	1.21150e-02	9.15665e-04	4.04005	5.18062	4.59020e-05
1.22986e+05	1.21142e-02	1.68538e-03	2.55768	5.39130	4.59020e-05
1.23219e+05	1.21150e-02	2.08176e-03	2.57537	4.13730	4.59020e-05
1.23452e+05	1.21138e-02	1.37568e-03	1.83614	3.69425	4.59020e-05
1.23685e+05	1.21131e-02	8.74930e-04	1.55729	2.68064	4.59020e-05
1.23918e+05	1.21138e-02	1.80021e-03	1.56517	1.41123	4.59020e-05
1.24151e+05	1.21129e-02	2.00296e-03	1.12893	0.69988	4.59020e-05
1.24384e+05	1.21119e-02	9.42943e-04	1.17332	5.74866	4.59020e-05
1.24617e+05	1.21119e-02	2.07015e-03	1.00575	4.50849	4.59020e-05
1.24850e+05	1.21129e-02	4.13507e-04	0.72463	3.55321	4.59020e-05
1.25083e+05	1.21118e-02	1.66077e-03	0.43660	2.37998	4.59020e-05
1.25315e+05	1.21124e-02	1.16218e-03	0.29330	1.11903	4.59020e-05
1.25548e+05	1.21116e-02	1.68661e-03	5.26762	0.73719	4.59020e-05
1.25781e+05	1.21111e-02	1.38269e-03	5.04302	5.74356	4.59020e-05
1.26014e+05	1.21108e-02	1.48376e-03	5.02843	3.85077	4.59020e-05
1.26247e+05	1.21094e-02	1.76562e-03	3.46713	3.50490	4.59020e-05
1.26480e+05	1.21104e-02	1.82439e-03	3.45857	1.53823	4.59020e-05
1.26713e+05	1.21103e-02	1.81367e-03	1.90515	0.89716	4.59020e-05
1.26946e+05	1.21092e-02	1.34917e-03	0.71061	5.93486	4.59020e-05
1.27179e+05	1.21090e-02	1.74052e-03	0.04195	4.05713	4.59020e-05
1.27412e+05	1.21090e-02	1.79146e-03	4.31837	3.43328	4.59020e-05
1.27645e+05	1.21075e-02	2.00625e-03	3.03375	1.82494	4.59020e-05
1.27878e+05	1.21075e-02	9.96396e-04	1.29333	0.44818	4.59020e-05
1.28111e+05	1.21070e-02	1.35587e-03	0.21900	4.45477	4.59020e-05
1.28344e+05	1.21077e-02	8.26992e-04	3.18860	4.23508	4.59020e-05
1.28576e+05	1.21067e-02	1.31275e-03	1.78724	1.78897	4.59020e-05
1.28809e+05	1.21101e-02	1.90044e-03	5.11887	0.66514	4.59020e-05
1.29042e+05	1.21088e-02	1.23408e-03	2.74972	5.10551	4.59020e-05
1.29275e+05	1.21101e-02	1.73526e-03	6.08892	3.51656	4.59020e-05
1.29508e+05	1.21051e-02	1.65556e-03	2.76853	1.89942	4.59020e-05
1.29741e+05	1.21061e-02	8.58522e-04	5.63381	0.12454	4.59020e-05
1.29974e+05	1.21051e-02	1.90376e-03	1.18626	5.47534	4.59020e-05
1.30207e+05	1.21042e-02	1.96646e-03	3.39967	3.67782	4.59020e-05
1.30440e+05	1.21050e-02	1.84238e-03	5.47075	1.74930	4.59020e-05
1.30673e+05	1.21041e-02	1.98721e-03	0.42679	0.42246	4.59020e-05
1.30906e+05	1.21089e-02	1.33492e-03	1.26572	5.28187	4.59020e-05
1.31139e+05	1.21029e-02	1.70240e-03	2.21194	3.44554	4.59020e-05
1.31372e+05	1.21039e-02	6.20765e-04	2.97028	1.52616	4.59020e-05
1.31605e+05	1.21038e-02	1.69075e-03	3.38743	5.63101	4.59020e-05
1.31837e+05	1.21031e-02	1.07780e-03	3.34935	3.71085	4.59020e-05
1.32070e+05	1.21026e-02	1.50633e-03	1.98848	2.65121	4.59020e-05
1.32303e+05	1.21025e-02	1.33915e-03	1.87431	6.16780	4.59020e-05
1.32536e+05	1.21026e-02	8.57109e-04	0.31271	4.41002	4.59020e-05
1.32769e+05	1.21021e-02	6.17589e-04	3.86985	3.45353	4.59020e-05
1.33002e+05	1.21005e-02	1.86987e-03	2.12795	1.14486	4.59020e-05
1.33235e+05	1.21005e-02	1.89006e-03	5.63294	5.61625	4.59020e-05
1.33468e+05	1.21004e-02	1.49351e-03	2.38379	3.79594	4.59020e-05
1.33701e+05	1.21003e-02	1.97944e-03	5.83563	1.13830	4.59020e-05
1.33934e+05	1.21010e-02	1.01067e-03	2.03121	5.17785	4.59020e-05
1.34167e+05	1.21002e-02	1.73720e-03	3.76385	3.16627	4.59020e-05
1.34400e+05	1.20992e-02	1.55628e-03	4.99671	1.13573	4.59020e-05
1.34633e+05	1.21017e-02	1.01285e-03	5.85065	5.34341	4.59020e-05
1.34866e+05	1.20996e-02	1.06149e-03	5.41577	4.04681	4.59020e-05
1.35098e+05	1.20984e-02	1.04416e-03	6.16407	1.05161	4.59020e-05
1.35331e+05	1.20983e-02	1.82414e-03	5.44477	5.19268	4.59020e-05
1.35564e+05	1.20987e-02	1.72591e-03	4.26268	2.90671	4.59020e-05
1.35797e+05	1.20983e-02	8.30317e-04	1.85458	1.45520	4.59020e-05
1.36030e+05	1.20976e-02	1.90290e-03	6.08011	5.15478	4.59020e-05
1.36263e+05	1.20973e-02	1.06938e-03	2.82178	3.39866	4.59020e-05
1.36496e+05	1.20967e-02	6.64340e-04	5.96428	0.80434	4.59020e-05
1.36729e+05	1.21012e-02	1.30250e-03	1.67517	5.07453	4.59020e-05
1.36962e+05	1.20956e-02	1.89129e-03	3.78268	2.34298	4.59020e-05
1.37195e+05	1.20968e-02	7.31517e-04	5.11830	6.12075	4.59020e-05
1.37428e+05	1.20965e-02	1.94746e-03	5.15598	4.07658	4.59020e-05
1.37661e+05	1.20950e-02	1.10979e-03	5.01358	1.82026	4.59020e-05
1.37894e+05	1.20950e-02	1.68635e-03	4.47772	5.52181	4.59020e-05
1.38127e+05	1.20959e-02	1.53511e-03	2.87747	3.21370	4.59020e-05
1.38359e+05	1.20944e-02	1.72068e-03	0.99906	0.55544	4.59020e-05
1.38592e+05	1.20957e-02	7.02603e-04	4.86580	4.19065	4.59020e-05
1.38825e+05	1.20944e-02	1.82294e-03	1.65119	1.61021	4.59020e-05
1.39058e+05	1.20933e-02	1.05220e-03	3.31371	6.00132	4.59020e-05
1.39291e+05	1.20932e-02	1.26054e-03	4.98953	3.43862	4.59020e-05
1.39524e+05	1.20941e-02	7.37095e-04	5.96634	0.79492	4.59020e-05
1.39757e+05	1.20934e-02	8.64534e-04	0.09738	4.27779	4.59020e-05
1.39990e+05	1.20923e-02	1.93487e-03	6.00585	1.53255	4.59020e-05
1.40223e+05	1.20923e-02	1.87563e-03	5.20264	4.81099	4.59020e-05
1.40456e+05	1.20956e-02	1.09187e-03	2.74699	2.62117	4.59020e-05
1.40689e+05	1.20920e-02	1.81368e-03	0.60755	5.64996	4.59020e-05
1.40922e+05	1.20914e-02	1.27220e-03	2.82504	3.69551	4.59020e-05
1.41155e+05	1.20910e-02	1.34987e-03	5.08712	0.92067	4.59020e-05
1.41388e+05	1.20916e-02	5.86552e-04	0.68816	3.92006	4.59020e-05
1.41620e+05	1.20904e-02	1.30405e-03	1.53455	0.87953	4.59020e-05
1.41853e+05	1.20902e-02	7.53513e-04	0.55610	5.27491	4.59020e-05
1.42086e+05	1.20906e-02	7.49116e-04	5.74346	2.57619	4.59020e-05
1.42319e+05	1.20896e-02	1.06623e-03	3.96321	6.01178	4.59020e-05
1.42552e+05	1.20889e-02	1.34821e-03	2.47048	2.24862	4.59020e-05
1.42785e+05	1.20899e-02	6.93756e-04	5.22936	5.72400	4.59020e-05
1.43018e+05	1.20888e-02	1.68644e-03	0.43233	3.53312	4.59020e-05
1.43251e+05	1.20889e-02	1.56091e-03	2.37928	6.24496	4.59020e-05
1.43484e+05	1.20891e-02	1.74111e-03	2.38951	3.72040	4.59020e-05
1.43717e+05	1.20881e-02	8.03377e-04	1.88119	0.96305	4.59020e-05
1.43950e+05	1.20884e-02	1.97130e-03	0.96196	3.83373	4.59020e-05
1.44183e+05	1.20882e-02	1.18322e-03	4.61103	1.41487	4.59020e-05
1.44416e+05	1.20876e-02	7.99973e-04	2.59764	3.80083	4.59020e-05
1.44648e+05	1.20873e-02	1.80444e-03	4.94522	0.84502	4.59020e-05
1.44881e+05	1.20872e-02	1.75851e-03	5.94066	4.61661	4.59020e-05
1.45114e+05	1.20872e-02	9.57749e-04	0.07029	1.72430	4.59020e-05
1.45347e+05	1.20868e-02	7.22141e-04	0.65583	4.05783	4.59020e-05
1.45580e+05	1.20860e-02	1.18788e-03	5.91135	0.80961	4.59020e-05
1.45813e+05	1.20849e-02	1.56855e-03	3.78236	4.07303	4.59020e-05
1.46046e+05	1.20893e-02	1.68450e-03	0.32073	1.36779	4.59020e-05
1.46279e+05	1.20845e-02	1.20827e-03	2.28124	4.84578	4.59020e-05
1.46512e+05	1.20854e-02	9.21818e-04	3.66074	1.72646	4.59020e-05
1.46745e+05	1.20861e-02	8.41760e-04	4.50093	4.41481	4.59020e-05
1.46978e+05	1.20847e-02	1.37716e-03	4.70743	0.51489	4.59020e-05
1.47211e+05	1.20836e-02	1.26003e-03	3.33080	3.56882	4.59020e-05
1.47444e+05	1.20834e-02	1.70440e-03	0.15438	1.00850	4.59020e-05
1.47677e+05	1.20859e-02	1.08968e-03	2.86281	4.05366	4.59020e-05
1.47909e+05	1.20838e-02	8.55451e-04	5.60908	6.16152	4.59020e-05
1.48142e+05	1.20826e-02	1.76548e-03	6.24372	3.22428	4.59020e-05
1.48375e+05	1.20821e-02	7.50095e-04	5.59299	0.29095	4.59020e-05
1.48608e+05	1.20861e-02	9.76203e-04	5.12968	2.54292	4.59020e-05
1.48841e+05	1.20815e-02	1.68872e-03	2.81556	5.69721	4.59020e-05
1.49074e+05	1.20826e-02	7.62992e-04	5.90384	2.19815	4.59020e-05
1.49307e+05	1.20829e-02	1.62594e-03	1.59814	5.23451	4.59020e-05
1.49540e+05	1.20811e-02	1.65691e-03	2.68504	1.61089	4.59020e-05
1.49773e+05	1.20806e-02	6.41532e-04	2.44212	4.77322	4.59020e-05
1.50006e+05	1.20810e-02	1.71487e-03	1.30300	1.30691	4.59020e-05
1.50239e+05	1.20821e-02	1.55997e-03	5.43374	4.01883	4.59020e-05
1.50472e+05	1.20805e-02	1.61289e-03	2.93378	6.21859	4.59020e-05
1.50705e+05	1.20821e-02	1.57296e-03	4.57749	2.93921	4.59020e-05
1.50938e+05	1.20791e-02	1.70487e-03	5.49759	5.55731	4.59020e-05
1.51170e+05	1.20792e-02	1.74825e-03	5.03017	2.36207	4.59020e-05
1.51403e+05	1.20783e-02	1.01084e-03	3.55300	5.26292	4.59020e-05
1.51636e+05	1.20786e-02	1.33831e-03	1.93115	0.81795	4.59020e-05
1.51869e+05	1.20781e-02	1.38160e-03	3.84074	4.23967	4.59020e-05
1.52102e+05	1.20779e-02	1.58318e-03	6.20735	6.14154	4.59020e-05
1.52335e+05	1.20786e-02	7.50821e-04	6.00056	3.13982	4.59020e-05
1.52568e+05	1.20770e-02	1.71766e-03	5.48123	5.58707	4.59020e-05
1.52801e+05	1.20768e-02	1.44560e-03	3.59011	2.02647	4.59020e-05
1.53034e+05	1.20770e-02	1.82308e-03	0.81131	4.39931	4.59020e-05
1.53267e+05	1.20766e-02	9.13619e-04	2.72407	0.90999	4.59020e-05
1.53500e+05	1.20801e-02	8.98790e-04	4.28076	2.89210	4.59020e-05
1.53733e+05	1.20759e-02	1.68827e-03	4.33234	5.27153	4.59020e-05
1.53966e+05	1.20759e-02	6.93130e-04	2.49627	1.97392	4.59020e-05
1.54199e+05	1.20748e-02	1.48926e-03	6.11187	4.51226	4.59020e-05
1.54431e+05	1.20766e-02	1.48733e-03	2.49718	0.51670	4.59020e-05
1.54664e+05	1.20747e-02	9.40897e-04	3.57644	3.20703	4.59020e-05
1.54897e+05	1.20753e-02	9.76926e-04	3.72673	5.67306	4.59020e-05
1.55130e+05	1.20742e-02	1.63723e-03	3.30579	1.08918	4.59020e-05
1.55363e+05	1.20740e-02	1.15723e-03	0.37321	4.02787	4.59020e-05
1.55596e+05	1.20744e-02	1.79100e-03	3.68549	5.89605	4.59020e-05
1.55829e+05	1.20739e-02	1.77624e-03	4.99631	1.99372	4.59020e-05
1.56062e+05	1.20736e-02	1.76426e-03	5.46957	4.24657	4.59020e-05
1.56295e+05	1.20735e-02	1.23675e-03	3.84397	0.77037	4.59020e-05
1.56528e+05	1.20726e-02	7.08663e-04	2.43646	2.27590	4.59020e-05
1.56761e+05	1.20719e-02	7.34717e-04	4.75878	4.90577	4.59020e-05
1.56994e+05	1.20721e-02	1.82727e-03	0.13137	0.79588	4.59020e-05
1.57227e+05	1.20725e-02	1.33408e-03	6.01986	3.49188	4.59020e-05
1.57460e+05	1.20710e-02	7.41350e-04	5.58555	5.05566	4.59020e-05
1.57692e+05	1.20716e-02	1.63700e-03	3.22377	1.06279	4.59020e-05
1.57925e+05	1.20709e-02	1.04491e-03	6.07178	2.87086	4.59020e-05
1.58158e+05	1.20714e-02	5.66898e-04	0.55937	5.50330	4.59020e-05
1.58391e+05	1.20699e-02	7.86739e-04	0.28656	1.73174	4.59020e-05
1.58624e+05	1.20703e-02	1.65767e-03	5.87995	3.20826	4.59020e-05
1.58857e+05	1.20744e-02	8.64919e-04	2.64333	5.81041	4.59020e-05
1.59090e+05	1.20695e-02	1.50164e-03	4.83855	1.67779	4.59020e-05
1.59323e+05	1.20691e-02	1.31725e-03	5.61739	3.84425	4.59020e-05
1.59556e+05	1.20702e-02	8.21797e-04	5.69972	5.36255	4.59020e-05
1.59789e+05	1.20684e-02	1.18999e-03	3.27037	1.74549	4.59020e-05
1.60022e+05	1.20688e-02	1.75950e-03	0.74061	3.19502	4.59020e-05
1.60255e+05	1.20679e-02	1.57581e-03	2.06812	5.61575	4.59020e-05
1.60488e+05	1.20715e-02	1.10516e-03	2.35304	1.40279	4.59020e-05
1.60721e+05	1.20679e-02	1.36293e-03	2.11333	2.67603	4.59020e-05
1.60953e+05	1.20696e-02	9.57516e-04	5.98178	4.67804	4.59020e-05
1.61186e+05	1.20670e-02	1.67870e-03	2.11867	0.45088	4.59020e-05
1.61419e+05	1.20675e-02	1.70155e-03	2.72161	2.87005	4.59020e-05
1.61652e+05	1.20660e-02	1.72855e-03	2.62565	4.54826	4.59020e-05
1.61885e+05	1.20677e-02	1.39233e-03	1.03975	6.20476	4.59020e-05
1.62118e+05	1.20660e-02	1.66442e-03	3.92449	2.07915	4.59020e-05
1.62351e+05	1.20661e-02	6.87284e-04	5.69923	3.97734	4.59020e-05
1.62584e+05	1.20650e-02	1.02385e-03	0.09682	5.28010	4.59020e-05
1.62817e+05	1.20659e-02	9.23417e-04	5.24542	0.78479	4.59020e-05
1.63050e+05	1.20646e-02	1.55157e-03	1.85216	3.47304	4.59020e-05
1.63283e+05	1.20650e-02	1.60433e-03	4.01657	5.16650	4.59020e-05
1.63516e+05	1.20671e-02	1.53806e-03	4.99971	0.52270	4.59020e-05
1.63749e+05	1.20640e-02	6.06066e-04	4.29747	2.11307	4.59020e-05
1.63982e+05	1.20646e-02	1.72821e-03	2.01847	4.09826	4.59020e-05
1.64214e+05	1.20633e-02	9.93454e-04	4.03139	6.26707	4.59020e-05
1.64447e+05	1.20632e-02	9.46596e-04	5.25647	1.68615	4.59020e-05
1.64680e+05	1.20629e-02	1.44445e-03	4.79969	3.39829	4.59020e-05
1.64913e+05	1.20642e-02	1.28911e-03	2.91442	5.09286	4.59020e-05
1.65146e+05	1.20624e-02	1.30542e-03	0.27951	6.04674	4.59020e-05
1.65379e+05	1.20622e-02	7.29461e-04	0.78860	2.15346	4.59020e-05
1.65612e+05	1.20627e-02	8.70352e-04	1.44490	3.05803	4.59020e-05
1.65845e+05	1.20620e-02	1.73829e-03	5.50098	5.30358	4.59020e-05
1.66078e+05	1.20627e-02	1.51291e-03	2.59233	0.28576	4.59020e-05
1.66311e+05	1.20611e-02	1.61712e-03	3.79546	2.18354	4.59020e-05
1.66544e+05	1.20613e-02	1.13383e-03	4.14539	3.36498	4.59020e-05
1.66777e+05	1.20618e-02	9.91295e-04	2.37481	5.15388	4.59020e-05
1.67010e+05	1.20642e-02	1.24533e-03	5.41582	0.56884	4.59020e-05
1.67243e+05	1.20602e-02	7.03371e-04	0.62980	2.28377	4.59020e-05
1.67475e+05	1.20606e-02	5.43773e-04	0.32201	4.13571	4.59020e-05
1.67708e+05	1.20626e-02	1.51650e-03	5.12590	5.55956	4.59020e-05
1.67941e+05	1.20589e-02	9.40284e-04	2.30512	0.50339	4.59020e-05
1.68174e+05	1.20585e-02	1.57507e-03	3.55884	2.26530	4.59020e-05
1.68407e+05	1.20613e-02	1.11927e-03	3.50111	3.71840	4.59020e-05
1.68640e+05	1.20592e-02	1.17582e-03	1.97103	5.07435	4.59020e-05
1.68873e+05	1.20578e-02	1.10892e-03	3.89424	1.28068	4.59020e-05
1.69106e+05	1.20597e-02	1.34540e-03	5.34823	2.63525	4.59020e-05
1.69339e+05	1.20579e-02	7.42527e-04	5.02864	4.18995	4.59020e-05
1.69572e+05	1.20585e-02	1.69837e-03	3.64534	5.26802	4.59020e-05
1.69805e+05	1.20610e-02	1.49618e-03	6.07350	0.74220	4.59020e-05
1.70038e+05	1.20565e-02	6.41441e-04	1.06929	1.90572	4.59020e-05
1.70271e+05	1.20568e-02	6.62862e-04	0.24196	3.69963	4.59020e-05
1.70504e+05	1.20576e-02	1.54088e-03	4.29072	5.24455	4.59020e-05
1.70736e+05	1.20566e-02	1.48506e-03	0.67136	0.02415	4.59020e-05
1.70969e+05	1.20563e-02	1.45167e-03	0.61798	2.25213	4.59020e-05
1.71202e+05	1.20553e-02	1.54596e-03	0.24471	3.22094	4.59020e-05
1.71435e+05	1.20563e-02	1.67992e-03	3.33759	5.08216	4.59020e-05
1.71668e+05	1.20557e-02	7.21726e-04	5.32797	0.30326	4.59020e-05
1.71901e+05	1.20552e-02	1.25052e-03	6.02939	1.20616	4.59020e-05
1.72134e+05	1.20554e-02	1.39370e-03	3.69422	3.63009	4.59020e-05
1.72367e+05	1.20542e-02	1.14380e-03	0.20112	5.24257	4.59020e-05
1.72600e+05	1.20538e-02	1.47262e-03	2.43883	6.01063	4.59020e-05
1.72833e+05	1.20538e-02	9.98814e-04	1.99076	1.15896	4.59020e-05
1.73066e+05	1.20530e-02	1.54558e-03	5.49098	3.33915	4.59020e-05
1.73299e+05	1.20542e-02	1.49878e-03	1.82608	4.68894	4.59020e-05
1.73532e+05	1.20537e-02	6.46763e-04	2.49298	6.12583	4.59020e-05
1.73765e+05	1.20536e-02	6.68645e-04	0.65547	2.07027	4.59020e-05
1.73997e+05	1.20568e-02	8.56914e-04	4.38420	3.27408	4.59020e-05
1.74230e+05	1.20520e-02	9.44578e-04	5.72564	4.89108	4.59020e-05
1.74463e+05	1.20521e-02	1.18956e-03	5.03082	0.58611	4.59020e-05
1.74696e+05	1.20524e-02	1.27666e-03	2.45567	2.46096	4.59020e-05
1.74929e+05	1.20524e-02	1.58103e-03	3.67424	5.15055	4.59020e-05
1.75162e+05	1.20506e-02	9.65478e-04	3.83413	0.71406	4.59020e-05
1.75395e+05	1.20514e-02	8.44745e-04	0.49769	4.17852	4.59020e-05
1.75628e+05	1.20502e-02	1.20643e-03	2.77412	0.24670	4.59020e-05
1.75861e+05	1.20506e-02	6.70766e-04	1.49410	4.26862	4.59020e-05
1.76094e+05	1.20503e-02	8.32045e-04	6.02209	0.78391	4.59020e-05
1.76327e+05	1.20521e-02	6.51527e-03	3.37003	2.80353	4.59020e-05
1.76560e+05	1.20503e-02	9.04375e-03	5.04176	5.62037	4.59020e-05
1.76793e+05	1.20514e-02	6.97686e-03	3.28357	4.39551	4.59020e-05
1.77026e+05	1.20475e-02	5.07450e-03	0.31597	1.77406	4.59020e-05
1.77258e+05	1.20483e-02	7.83853e-03	3.22096	4.57521	4.59020e-05
1.77491e+05	1.20487e-02	1.42969e-03	6.19999	5.71766	4.59020e-05
1.77724e+05	1.20505e-02	9.99291e-03	5.40786	5.31383	4.59020e-05
1.77957e+05	1.20478e-02	8.55538e-03	1.33160	1.94440	4.59020e-05
1.78190e+05	1.20497e-02	8.08242e-03	5.76342	4.99120	4.59020e-05
1.78423e+05	1.20484e-02	1.16308e-02	0.05948	5.63145	4.59020e-05
1.78656e+05	1.20523e-02	8.22520e-03	3.60791	1.69703	4.59020e-05
1.78889e+05	1.20487e-02	1.08149e-02	2.47080	3.71309	4.59020e-05
1.79122e+05	1.20487e-02	9.81115e-03	5.04915	2.12556	4.59020e-05
1.79355e+05	1.20486e-02	2.04275e-03	4.68773	1.63906	4.59020e-05
1.79588e+05	1.20493e-02	2.54887e-03	5.63756	2.84832	4.59020e-05
1.79821e+05	1.20508e-02	3.02754e-03	2.01152	1.40331	4.59020e-05
1.80054e+05	1.20488e-02	4.27066e-03	3.91828	0.07572	4.59020e-05
1.80287e+05	1.20496e-02	3.33882e-03	1.34482	2.91154	4.59020e-05
1.80519e+05	1.20526e-02	5.00697e-03	6.24917	0.51655	4.59020e-05
1.80752e+05	1.20491e-02	4.47699e-03	4.18808	4.70998	4.59020e-05
1.80985e+05	1.20498e-02	6.27347e-03	4.39705	4.64164	4.59020e-05
1.81218e+05	1.20504e-02	7.68879e-03	1.73386	3.24846	4.59020e-05
1.81451e+05	1.20480e-02	1.17655e-02	3.65913	0.46868	4.59020e-05
1.81684e+05	1.20504e-02	1.00028e-02	2.51348	4.53394	4.59020e-05
1.81917e+05	1.20482e-02	1.21060e-02	1.57052	2.15975	4.59020e-05
1.82150e+05	1.20473e-02	1.49816e-02	5.52252	5.93223	4.59020e-05
1.82383e+05	1.20465e-02	6.61283e-03	1.16356	5.12735	4.59020e-05
1.82616e+05	1.20468e-02	1.40868e-02	5.58123	1.37872	4.59020e-05
1.82849e+05	1.20459e-02	8.93256e-03	5.48398	3.53630	4.59020e-05
1.83082e+05	1.20492e-02	1.04204e-02	0.72734	2.49009	4.59020e-05
1.83315e+05	1.20468e-02	1.10384e-02	4.31353	0.89609	4.59020e-05
1.83548e+05	1.20449e-02	1.01491e-02	3.16791	5.50391	4.59020e-05
1.83780e+05	1.20448e-02	7.84140e-03	5.90555	3.85628	4.59020e-05
1.84013e+05	1.20477e-02	5.16061e-03	3.67361	0.91986	4.59020e-05
1.84246e+05	1.20506e-02	8.06861e-03	1.60407	5.00194	4.59020e-05
1.84479e+05	1.20476e-02	1.00466e-02	4.79062	0.87456	4.59020e-05
1.84712e+05	1.20463e-02	5.39736e-03	5.85399	4.25540	4.59020e-05
1.84945e+05	1.20466e-02	8.82506e-03	4.11541	0.93048	4.59020e-05
1.85178e+05	1.20490e-02	7.06323e-03	1.54845	0.76453	4.59020e-05
1.85411e+05	1.20472e-02	6.50037e-03	3.67231	6.09157	4.59020e-05
1.85644e+05	1.20466e-02	8.79877e-03	0.84819	4.74165	4.59020e-05
1.85877e+05	1.20455e-02	7.69126e-03	4.10895	0.75033	4.59020e-05
1.86110e+05	1.20472e-02	7.16345e-03	2.93908	4.37160	4.59020e-05
1.86343e+05	1.20488e-02	7.96549e-03	4.72419	1.12726	4.59020e-05
1.86576e+05	1.20457e-02	1.08026e-02	3.49725	5.13668	4.59020e-05
1.86809e+05	1.20461e-02	1.03687e-02	1.98633	2.72133	4.59020e-05
1.87041e+05	1.20468e-02	1.28621e-02	2.61372	1.41929	4.59020e-05
1.87274e+05	1.20456e-02	9.13118e-03	1.09673	3.67163	4.59020e-05
1.87507e+05	1.20466e-02	9.35823e-03	3.65838	0.39527	4.59020e-05
1.87740e+05	1.20477e-02	7.44009e-03	3.96163	2.86660	4.59020e-05
1.87973e+05	1.20484e-02	2.30565e-03	6.16749	0.43730	4.59020e-05
1.88206e+05	1.20483e-02	4.41243e-03	4.58409	4.21866	4.59020e-05
1.88439e+05	1.20481e-02	4.20220e-03	3.10486	0.51958	4.59020e-05
1.88672e+05	1.20480e-02	6.23232e-03	2.71749	4.94823	4.59020e-05
1.88905e+05	1.20472e-02	3.54364e-03	0.49392	2.84033	4.59020e-05
1.89138e+05	1.20488e-02	7.32767e-03	5.68303	0.22819	4.59020e-05
1.89371e+05	1.20472e-02	4.50696e-03	2.98707	2.09784	4.59020e-05
1.89604e+05	1.20470e-02	1.09470e-02	3.16516	3.80970	4.59020e-05
1.89837e+05	1.20473e-02	9.80531e-03	0.39419	5.52779	4.59020e-05
1.90070e+05	1.20465e-02	1.04221e-02	2.10540	3.61792	4.59020e-05
1.90302e+05	1.20466e-02	8.07591e-03	2.60031	4.43073	4.59020e-05
1.90535e+05	1.20503e-02	9.05895e-03	1.76168	0.22372	4.59020e-05
1.90768e+05	1.20459e-02	1.07085e-02	2.83731	3.29527	4.59020e-05
1.91001e+05	1.20478e-02	6.44477e-03	2.98592	0.88501	4.59020e-05
1.91234e+05	1.20470e-02	5.97308e-03	0.27338	4.42984	4.59020e-05
1.91467e+05	1.20467e-02	8.28335e-03	2.74866	2.33403	4.59020e-05
1.91700e+05	1.20456e-02	1.17132e-02	1.96379	0.15355	4.59020e-05
1.91933e+05	1.20465e-02	7.95102e-03	3.38945	2.23375	4.59020e-05
1.92166e+05	1.20464e-02	1.22774e-02	1.62580	2.11658	4.59020e-05
1.92399e+05	1.20500e-02	9.49190e-03	4.16010	5.75257	4.59020e-05
1.92632e+05	1.20460e-02	7.83469e-03	1.98845	2.97544	4.59020e-05
1.92865e+05	1.20452e-02	6.79081e-03	4.83586	1.68280	4.59020e-05
1.93098e+05	1.20498e-02	1.02649e-02	5.45819	5.33675	4.59020e-05
1.93331e+05	1.20457e-02	6.82708e-03	1.38312	0.54773	4.59020e-05
1.93563e+05	1.20493e-02	2.38316e-03	2.91066	5.70433	4.59020e-05
1.93796e+05	1.20470e-02	6.60519e-03	3.09257	3.27647	4.59020e-05
1.94029e+05	1.20466e-02	6.53278e-03	4.45279	3.20609	4.59020e-05
1.94262e+05	1.20461e-02	8.20869e-03	5.99152	5.34149	4.59020e-05
1.94495e+05	1.20452e-02	6.11256e-03	3.89047	3.99943	4.59020e-05
1.94728e+05	1.20460e-02	5.56815e-03	4.18162	2.84658	4.59020e-05
1.94961e+05	1.20466e-02	8.92196e-03	1.17351	1.23664	4.59020e-05
1.95194e+05	1.20451e-02	1.21438e-02	5.96623	0.50307	4.59020e-05
1.95427e+05	1.20455e-02	8.62001e-03	5.63193	1.92016	4.59020e-05
1.95660e+05	1.20463e-02	1.34756e-02	0.46725	3.53041	4.59020e-05
1.95893e+05	1.20464e-02	1.04310e-02	2.72269	0.39667	4.59020e-05
1.96126e+05	1.20445e-02	1.29540e-03	5.80606	2.17129	4.59020e-05
1.96359e+05	1.20460e-02	7.65518e-03	4.42361	4.03524	4.59020e-05
1.96592e+05	1.20452e-02	8.58208e-03	2.49691	4.68885	4.59020e-05
1.96824e+05	1.20463e-02	1.24685e-02	4.75338	4.82693	4.59020e-05
1.97057e+05	1.20463e-02	1.02519e-02	5.81625	2.26163	4.59020e-05
1.97290e+05	1.20458e-02	8.14956e-03	1.03780	4.93393	4.59020e-05
1.97523e+05	1.20443e-02	3.33345e-03	4.61722	0.55544	4.59020e-05
1.97756e+05	1.20464e-02	4.18391e-03	3.47976	3.77234	4.59020e-05
1.97989e+05	1.20469e-02	6.43414e-03	5.83319	5.16513	4.59020e-05
1.98222e+05	1.20454e-02	6.92178e-03	2.37449	0.68874	4.59020e-05
1.98455e+05	1.20461e-02	8.16191e-03	1.50020	2.26720	4.59020e-05
1.98688e+05	1.20466e-02	1.01416e-02	1.30167	4.58190	4.59020e-05
1.98921e+05	1.20470e-02	9.16740e-03	4.22703	2.25006	4.59020e-05
1.99154e+05	1.20471e-02	4.53095e-03	0.94214	3.87024	4.59020e-05
1.99387e+05	1.20450e-02	1.00754e-02	5.23851	5.35772	4.59020e-05
1.99620e+05	1.20454e-02	1.02211e-02	1.85622	0.61444	4.59020e-05
1.99853e+05	1.20444e-02	1.06071e-02	4.40330	3.04549	4.59020e-05
2.00085e+05	1.20494e-02	1.04106e-02	3.75426	0.50821	4.59020e-05
2.00318e+05	1.20457e-02	7.85990e-03	1.99169	1.19604	4.59020e-05
2.00551e+05	1.20466e-02	4.87073e-03	3.41577	2.67396	4.59020e-05
2.00784e+05	1.20456e-02	8.64434e-03	5.39791	5.28406	4.59020e-05
2.01017e+05	1.20459e-02	7.08248e-03	4.18638	1.24273	4.59020e-05
2.01250e+05	1.20467e-02	7.40711e-03	4.97231	3.23009	4.59020e-05
2.01483e+05	1.20456e-02	1.05375e-02	3.72916	4.80843	4.59020e-05
2.01716e+05	1.20459e-02	9.02696e-03	4.94424	1.70201	4.59020e-05
2.01949e+05	1.20456e-02	7.15279e-03	0.44709	2.26007	4.59020e-05
2.02182e+05	1.20447e-02	7.70071e-03	0.69071	0.04829	4.59020e-05
2.02415e+05	1.20455e-02	9.27855e-03	1.37980	1.21003	4.59020e-05
2.02648e+05	1.20463e-02	8.12583e-03	3.47026	4.05053	4.59020e-05
2.02881e+05	1.20475e-02	4.46507e-03	1.19845	1.17708	4.59020e-05
2.03114e+05	1.20462e-02	5.80787e-03	0.98637	3.88127	4.59020e-05
2.03346e+05	1.20451e-02	8.71801e-03	1.46804	0.85556	4.59020e-05
2.03579e+05	1.20486e-02	7.15109e-03	2.28260	3.30808	4.59020e-05
2.03812e+05	1.20468e-02	5.27897e-03	2.03017	3.59869	4.59020e-05
2.04045e+05	1.20448e-02	8.73322e-03	5.16158	1.02599	4.59020e-05
2.04278e+05	1.20447e-02	7.95219e-03	4.27207	3.13419	4.59020e-05
2.04511e+05	1.20439e-02	6.01105e-03	0.01589	5.46919	4.59020e-05
2.04744e+05	1.20436e-02	3.75525e-03	5.32178	2.76647	4.59020e-05
2.04977e+05	1.20445e-02	5.99250e-03	0.43394	1.58520	4.59020e-05
2.05210e+05	1.20446e-02	7.13904e-03	3.88788	0.97537	4.59020e-05
2.05443e+05	1.20465e-02	6.94776e-03	2.88667	2.98692	4.59020e-05
2.05676e+05	1.20437e-02	6.10132e-03	5.75033	4.89098	4.59020e-05
2.05909e+05	1.20452e-02	7.62578e-03	2.86398	0.02713	4.59020e-05
2.06142e+05	1.20465e-02	7.82972e-03	1.61511	3.19852	4.59020e-05
2.06375e+05	1.20432e-02	6.04699e-03	0.34339	1.65272	4.59020e-05
2.06607e+05	1.20486e-02	9.12294e-03	0.61887	5.22945	4.59020e-05
2.06840e+05	1.20454e-02	1.09826e-02	5.64587	1.72862	4.59020e-05
2.07073e+05	1.20443e-02	4.71588e-03	0.63388	3.07431	4.59020e-05
2.07306e+05	1.20436e-02	8.41709e-03	3.04525	5.58294	4.59020e-05
2.07539e+05	1.20465e-02	6.45576e-03	5.09448	2.32330	4.59020e-05
2.07772e+05	1.20439e-02	6.74435e-03	4.06099	5.98098	4.59020e-05
2.08005e+05	1.20488e-02	4.71636e-03	0.27038	3.28177	4.59020e-05
2.08238e+05	1.20443e-02	6.44204e-03	2.81608	0.22187	4.59020e-05
2.08471e+05	1.20438e-02	8.12846e-03	4.67074	4.06468	4.59020e-05
2.08704e+05	1.20452e-02	9.25674e-03	3.46965	1.58003	4.59020e-05
2.08937e+05	1.20444e-02	7.30011e-03	5.83107	5.91947	4.59020e-05
2.09170e+05	1.20434e-02	7.75573e-03	5.57848	3.67573	4.59020e-05
2.09403e+05	1.20440e-02	5.73551e-03	2.64863	1.71460	4.59020e-05
2.09636e+05	1.20449e-02	6.17471e-03	1.65146	6.12807	4.59020e-05
2.09868e+05	1.20452e-02	7.59192e-04	1.19330	3.70054	4.59020e-05
2.10101e+05	1.20455e-02	3.19528e-03	0.02285	5.05502	4.59020e-05
2.10334e+05	1.20455e-02	4.08396e-03	5.58553	3.91336	4.59020e-05
2.10567e+05	1.20462e-02	2.00762e-03	0.08180	1.50456	4.59020e-05
2.10800e+05	1.20480e-02	2.50501e-03	5.02330	0.31447	4.59020e-05
2.11033e+05	1.20461e-02	2.09208e-03	5.32861	0.44450	4.59020e-05
2.11266e+05	1.20464e-02	1.36041e-03	5.99047	0.12045	4.59020e-05
2.11499e+05	1.20465e-02	3.50210e-03	3.18149	3.91844	4.59020e-05
2.11732e+05	1.20452e-02	4.50124e-03	2.54580	3.07244	4.59020e-05
2.11965e+05	1.20463e-02	1.68324e-03	2.46959	2.20595	4.59020e-05
2.12198e+05	1.20458e-02	1.49074e-03	5.14980	5.46540	4.59020e-05
2.12431e+05	1.20460e-02	2.48430e-03	4.30081	5.75904	4.59020e-05
2.12664e+05	1.20455e-02	3.53742e-03	4.15357	5.40898	4.59020e-05
2.12897e+05	1.20464e-02	2.66462e-03	1.97459	3.02933	4.59020e-05
2.13129e+05	1.20450e-02	4.09206e-03	1.79546	2.01541	4.59020e-05
2.13362e+05	1.20462e-02	2.85325e-03	2.01638	1.25348	4.59020e-05
2.13595e+05	1.20452e-02	5.19976e-04	4.33037	4.89806	4.59020e-05
2.13828e+05	1.20455e-02	2.72546e-03	4.63306	4.16339	4.59020e-05
2.14061e+05	1.20452e-02	3.56647e-03	4.64582	3.83036	4.59020e-05
2.14294e+05	1.20451e-02	1.78092e-03	5.48080	2.47986	4.59020e-05
2.14527e+05	1.20456e-02	2.83865e-03	1.11512	0.43378	4.59020e-05
2.14760e+05	1.20462e-02	3.11066e-03	1.63079	5.62488	4.59020e-05
2.14993e+05	1.20455e-02	3.21336e-03	1.72935	5.13153	4.59020e-05
2.15226e+05	1.20457e-02	1.96514e-03	2.15479	3.49452	4.59020e-05
2.15459e+05	1.20466e-02	2.10513e-03	2.92601	1.61670	4.59020e-05
2.15692e+05	1.20455e-02	3.02235e-03	2.34695	0.25644	4.59020e-05
2.15925e+05	1.20456e-02	3.76460e-03	1.43286	5.63653	4.59020e-05
2.16157e+05	1.20453e-02	2.47592e-03	0.94764	4.62567	4.59020e-05
2.16390e+05	1.20451e-02	2.62541e-03	4.56232	2.89552	4.59020e-05
2.16623e+05	1.20463e-02	1.67208e-03	3.35938	1.50680	4.59020e-05
2.16856e+05	1.20454e-02	1.47891e-03	3.93892	5.07213	4.59020e-05
2.17089e+05	1.20456e-02	2.76034e-03	1.24798	4.08271	4.59020e-05
2.17322e+05	1.20451e-02	2.46673e-03	5.18939	2.62947	4.59020e-05
2.17555e+05	1.20495e-02	2.87934e-03	2.34717	1.44102	4.59020e-05
2.17788e+05	1.20500e-02	3.77801e-03	5.94233	0.08003	4.59020e-05
2.18021e+05	1.20453e-02	3.93180e-03	3.08796	5.20001	4.59020e-05
2.18254e+05	1.20464e-02	2.98951e-03	0.36471	3.77629	4.59020e-05
2.18487e+05	1.20484e-02	2.86654e-03	3.92537	2.68478	4.59020e-05
2.18720e+05	1.20462e-02	3.67928e-03	1.30678	1.32319	4.59020e-05
2.18953e+05	1.20466e-02	3.05314e-03	4.68458	0.19565	4.59020e-05
2.19186e+05	1.20489e-02	2.89898e-03	0.31573	4.87450	4.59020e-05
2.19418e+05	1.20453e-02	2.66020e-03	2.41195	3.03380	4.59020e-05
2.19651e+05	1.20454e-02	3.12119e-03	4.16508	1.43082	4.59020e-05
2.19884e+05	1.20454e-02	2.93162e-03	5.66715	0.16531	4.59020e-05
2.20117e+05	1.20455e-02	3.17978e-03	1.46107	4.58362	4.59020e-05
2.20350e+05	1.20463e-02	3.48129e-03	2.97073	3.32787	4.59020e-05
2.20583e+05	1.20453e-02	3.03518e-03	5.01178	1.46819	4.59020e-05
2.20816e+05	1.20464e-02	3.10885e-03	0.22910	6.25409	4.59020e-05
2.21049e+05	1.20455e-02	3.77133e-03	1.86537	4.41917	4.59020e-05
2.21282e+05	1.20463e-02	3.42356e-03	3.49599	2.63358	4.59020e-05
2.21515e+05	1.20453e-02	2.65145e-03	4.58622	1.29779	4.59020e-05
2.21748e+05	1.20466e-02	1.61868e-03	6.20082	5.66742	4.59020e-05
2.21981e+05	1.20457e-02	1.88749e-03	0.85360	4.40870	4.59020e-05
2.22214e+05	1.20454e-02	1.00684e-03	1.96126	3.07993	4.59020e-05
2.22447e+05	1.20465e-02	1.30569e-03	3.82118	0.97957	4.59020e-05
2.22679e+05	1.20452e-02	9.58632e-04	4.77977	6.08699	4.59020e-05
2.22912e+05	1.20454e-02	4.25890e-04	5.71017	4.96950	4.59020e-05
2.23145e+05	1.20460e-02	1.08060e-03	0.04965	3.87481	4.59020e-05
2.23378e+05	1.20454e-02	1.44877e-03	0.91312	2.60376	4.59020e-05
2.23611e+05	1.20451e-02	2.23195e-03	2.55773	0.59941	4.59020e-05
2.23844e+05	1.20467e-02	3.15981e-03	3.62565	5.28352	4.59020e-05
2.24077e+05	1.20466e-02	2.98370e-03	4.59092	3.70695	4.59020e-05
2.24310e+05	1.20454e-02	2.90941e-03	5.92720	1.69794	4.59020e-05
2.24543e+05	1.20494e-02	3.63787e-03	0.73909	6.20039	4.59020e-05
2.24776e+05	1.20487e-02	3.34748e-03	1.77130	4.49236	4.59020e-05
2.25009e+05	1.20457e-02	3.24202e-03	3.00032	2.62747	4.59020e-05
2.25242e+05	1.20463e-02	2.57075e-03	3.88881	0.95378	4.59020e-05
2.25475e+05	1.20503e-02	1.45251e-03	5.13356	5.24025	4.59020e-05
2.25708e+05	1.20454e-02	9.59385e-04	5.65448	3.97925	4.59020e-05
2.25940e+05	1.20463e-02	2.92947e-04	5.08006	3.79386	4.59020e-05
2.26173e+05	1.20461e-02	1.53290e-03	6.17613	1.98939	4.59020e-05
2.26406e+05	1.20453e-02	1.92734e-03	0.39832	0.65894	4.59020e-05
2.26639e+05	1.20454e-02	3.37915e-03	1.36877	5.18022	4.59020e-05
2.26872e+05	1.20453e-02	3.43713e-03	2.49610	3.19205	4.59020e-05
2.27105e+05	1.20461e-02	3.09484e-03	3.11890	1.68198	4.59020e-05
2.27338e+05	1.20463e-02	3.00595e-03	4.09365	6.16451	4.59020e-05
2.27571e+05	1.20463e-02	2.72743e-03	5.50159	3.95586	4.59020e-05
2.27804e+05	1.20452e-02	1.98115e-03	0.00678	2.58290	4.59020e-05
2.28037e+05	1.20454e-02	1.98207e-03	1.17491	0.80191	4.59020e-05
2.28270e+05	1.20454e-02	3.97035e-04	3.31407	4.35166	4.59020e-05
2.28503e+05	1.20458e-02	1.79548e-03	0.51213	6.08146	4.59020e-05
2.28736e+05	1.20462e-02	2.94985e-03	6.23670	4.19276	4.59020e-05
2.28969e+05	1.20459e-02	3.96136e-03	6.13281	2.04904	4.59020e-05
2.29201e+05	1.20454e-02	2.44571e-03	0.17527	0.27248	4.59020e-05
2.29434e+05	1.20454e-02	4.04835e-04	5.99288	5.44195	4.59020e-05
2.29667e+05	1.20459e-02	2.06434e-03	3.05031	5.40698	4.59020e-05
2.29900e+05	1.20466e-02	3.60048e-03	2.20600	3.33533	4.59020e-05
2.30133e+05	1.20455e-02	2.58070e-03	1.56703	1.04565	4.59020e-05
2.30366e+05	1.20482e-02	5.53906e-04	0.52365	5.38874	4.59020e-05
2.30599e+05	1.20464e-02	2.38085e-03	3.26121	6.01069	4.59020e-05
2.30832e+05	1.20495e-02	2.80508e-03	2.56709	3.79845	4.59020e-05
2.31065e+05	1.20456e-02	2.45069e-03	1.66472	1.81442	4.59020e-05
2.31298e+05	1.20453e-02	4.71717e-04	0.37960	0.20740	4.59020e-05
2.31531e+05	1.20462e-02	1.89246e-03	4.10014	6.21519	4.59020e-05
2.31764e+05	1.20462e-02	2.73483e-03	2.80025	3.97625	4.59020e-05
2.31997e+05	1.20467e-02	3.04144e-03	1.61303	1.66995	4.59020e-05
2.32230e+05	1.20464e-02	1.71943e-04	0.28006	5.74458	4.59020e-05
2.32462e+05	1.20461e-02	1.75422e-03	2.81993	5.95752	4.59020e-05
2.32695e+05	1.20458e-02	2.97872e-03	1.34159	3.87773	4.59020e-05
2.32928e+05	1.20501e-02	2.87235e-03	6.15977	1.70005	4.59020e-05
