# t	a	e	mean_anomaly	varpi	mass/M_star
0.00000e+00	1.62165e-02	1.16918e-01	0.35764	5.34482	4.36970e-05
2.32928e+02	1.62181e-02	1.13271e-01	3.85102	5.57106	4.36970e-05
4.65857e+02	1.62211e-02	1.09221e-01	4.00857	0.28164	4.36970e-05
6.98785e+02	1.62230e-02	1.05008e-01	1.54202	1.10585	4.36970e-05
9.31713e+02	1.62241e-02	1.00245e-01	5.67020	0.66605	4.36970e-05
1.16464e+03	1.62305e-02	9.55195e-02	2.32366	3.96889	4.36970e-05
1.39757e+03	1.62339e-02	9.08042e-02	4.73390	3.16943	4.36970e-05
1.63050e+03	1.62375e-02	8.56160e-02	2.73466	2.67942	4.36970e-05
1.86343e+03	1.62394e-02	8.02219e-02	0.88276	0.13711	4.36970e-05
2.09636e+03	1.62469e-02	7.51489e-02	5.61311	5.15688	4.36970e-05
2.32928e+03	1.62516e-02	6.93691e-02	0.46693	1.36166	4.36970e-05
2.56221e+03	1.62500e-02	6.35754e-02	3.06956	2.63404	4.36970e-05
2.79514e+03	1.62593e-02	5.79247e-02	2.51940	2.41393	4.36970e-05
3.02807e+03	1.62655e-02	5.18811e-02	4.41063	4.56257	4.36970e-05
3.26100e+03	1.62687e-02	4.61308e-02	6.06640	4.04141	4.36970e-05
3.49393e+03	1.62699e-02	4.05714e-02	3.58027	5.58711	4.36970e-05
3.72685e+03	1.62693e-02	3.55848e-02	2.83249	6.18862	4.36970e-05
3.95978e+03	1.62714e-02	3.11395e-02	3.28174	4.70269	4.36970e-05
4.19271e+03	1.62751e-02	2.77152e-02	5.12859	6.21033	4.36970e-05
4.42564e+03	1.62781e-02	2.50138e-02	5.81488	4.82329	4.36970e-05
4.65857e+03	1.62821e-02	2.30427e-02	1.67274	0.09081	4.36970e-05
4.89150e+03	1.62818e-02	2.15717e-02	4.09612	5.42256	4.36970e-05
5.12442e+03	1.62832e-02	2.01706e-02	4.66668	1.78229	4.36970e-05
5.35735e+03	1.62835e-02	1.90224e-02	1.84818	5.95167	4.36970e-05
5.59028e+03	1.62806e-02	1.79516e-02	1.04152	1.61035	4.36970e-05
5.82321e+03	1.62788e-02	1.72456e-02	1.70914	2.94726	4.36970e-05
6.05614e+03	1.62824e-02	1.65227e-02	3.82196	4.58157	4.36970e-05
6.28907e+03	1.62807e-02	1.57356e-02	1.06583	0.75520	4.36970e-05
6.52199e+03	1.62849e-02	1.52925e-02	6.23038	4.34104	4.36970e-05
6.75492e+03	1.62839e-02	1.45325e-02	0.51770	3.02955	4.36970e-05
6.98785e+03	1.62803e-02	1.41319e-02	2.92042	3.20655	4.36970e-05
7.22078e+03	1.62849e-02	1.36469e-02	1.02937	5.03398	4.36970e-05
7.45371e+03	1.62813e-02	1.28458e-02	1.22385	2.24840	4.36970e-05
7.68664e+03	1.62793e-02	1.26601e-02	3.54164	1.34546	4.36970e-05
7.91956e+03	1.62799e-02	1.20220e-02	1.85855	2.26852	4.36970e-05
8.15249e+03	1.62836e-02	1.16907e-02	2.36719	5.18912	4.36970e-05
8.38542e+03	1.62854e-02	1.15762e-02	5.36648	3.71718	4.36970e-05
8.61835e+03	1.62853e-02	1.10256e-02	4.38650	4.32964	4.36970e-05
8.85128e+03	1.62831e-02	1.07691e-02	5.75022	0.86784	4.36970e-05
9.08421e+03	1.62805e-02	1.05446e-02	3.33940	5.76511	4.36970e-05
9.31713e+03	1.62804e-02	1.01749e-02	3.27704	0.35051	4.36970e-05
9.55006e+03	1.62833e-02	9.91116e-03	5.70551	3.47046	4.36970e-05
9.78299e+03	1.62853e-02	9.76204e-03	4.31976	2.54810	4.36970e-05
1.00159e+04	1.62863e-02	9.57165e-03	5.32094	4.07317	4.36970e-05
1.02488e+04	1.62843e-02	9.09670e-03	2.36887	1.81676	4.36970e-05
1.04818e+04	1.62805e-02	8.94201e-03	1.95772	1.84747	4.36970e-05
1.07147e+04	1.62809e-02	8.79806e-03	3.87773	4.48650	4.36970e-05
1.09476e+04	1.62812e-02	8.43868e-03	1.89957	3.34264	4.36970e-05
1.11806e+04	1.62859e-02	8.41443e-03	2.16536	4.94841	4.36970e-05
1.14135e+04	1.62868e-02	8.18886e-03	4.94006	2.73910	4.36970e-05
1.16464e+04	1.62835e-02	7.94757e-03	3.55756	3.35658	4.36970e-05
1.18793e+04	1.62811e-02	7.81625e-03	4.43496	0.48636	4.36970e-05
1.21123e+04	1.62866e-02	7.78154e-03	1.22060	0.41466	4.36970e-05
1.23452e+04	1.62877e-02	7.72730e-03	0.29070	3.14716	4.36970e-05
1.25781e+04	1.62825e-02	7.39546e-03	1.54496	2.47293	4.36970e-05
1.28111e+04	1.62830e-02	7.11542e-03	4.74286	4.88652	4.36970e-05
1.30440e+04	1.62813e-02	7.17474e-03	3.82015	3.97981	4.36970e-05
1.32769e+04	1.62875e-02	6.95980e-03	4.95915	6.06564	4.36970e-05
1.35098e+04	1.62828e-02	6.73655e-03	1.75561	5.07120	4.36970e-05
1.37428e+04	1.62862e-02	6.80039e-03	0.51824	0.94140	4.36970e-05
1.39757e+04	1.62872e-02	6.62580e-03	1.02106	0.14901	4.36970e-05
1.42086e+04	1.62838e-02	6.43202e-03	3.67656	2.37417	4.36970e-05
1.44416e+04	1.62876e-02	6.36930e-03	1.58016	1.91592	4.36970e-05
1.46745e+04	1.62833e-02	6.25512e-03	1.40836	4.63187	4.36970e-05
1.49074e+04	1.62813e-02	6.12861e-03	2.93208	4.55350	4.36970e-05
1.51403e+04	1.62865e-02	6.18959e-03	6.07224	1.68265	4.36970e-05
1.53733e+04	1.62832e-02	5.86454e-03	4.51011	2.42358	4.36970e-05
1.56062e+04	1.62829e-02	5.76367e-03	4.55736	0.42717	4.36970e-05
1.58391e+04	1.62864e-02	5.89920e-03	6.20194	1.95001	4.36970e-05
1.60721e+04	1.62813e-02	5.81309e-03	2.96576	0.98856	4.36970e-05
1.63050e+04	1.62840e-02	5.62809e-03	1.14001	3.73827	4.36970e-05
1.65379e+04	1.62874e-02	5.58129e-03	0.61231	4.11165	4.36970e-05
1.67708e+04	1.62884e-02	5.57269e-03	1.45800	1.99370	4.36970e-05
1.70038e+04	1.62823e-02	5.47052e-03	3.58062	3.72476	4.36970e-05
1.72367e+04	1.62880e-02	5.51613e-03	0.58773	3.21192	4.36970e-05
1.74696e+04	1.62844e-02	5.21213e-03	5.09739	0.32253	4.36970e-05
1.77026e+04	1.62877e-02	5.20564e-03	4.52580	1.43989	4.36970e-05
1.79355e+04	1.62885e-02	5.10571e-03	4.86691	0.52696	4.36970e-05
1.81684e+04	1.62862e-02	4.98429e-03	6.04460	3.90056	4.36970e-05
1.84013e+04	1.62881e-02	5.02368e-03	2.00289	5.13368	4.36970e-05
1.86343e+04	1.62856e-02	4.77899e-03	5.19862	4.25243	4.36970e-05
1.88672e+04	1.62828e-02	4.98158e-03	2.94167	1.45936	4.36970e-05
1.91001e+04	1.62891e-02	4.89782e-03	1.35208	3.15886	4.36970e-05
1.93331e+04	1.62857e-02	4.71244e-03	0.61107	2.84435	4.36970e-05
1.95660e+04	1.62878e-02	4.59616e-03	0.45493	0.85752	4.36970e-05
1.97989e+04	1.62893e-02	4.62343e-03	0.78628	3.49367	4.36970e-05
2.00318e+04	1.62883e-02	4.59035e-03	1.72253	4.43422	4.36970e-05
2.02648e+04	1.62826e-02	4.45344e-03	3.33758	3.56000	4.36970e-05
2.04977e+04	1.62847e-02	4.38805e-03	5.13099	1.32559	4.36970e-05
2.07306e+04	1.62855e-02	4.24922e-03	1.22313	3.69089	4.36970e-05
2.09636e+04	1.62834e-02	4.41865e-03	3.68264	4.78344	4.36970e-05
2.11965e+04	1.62870e-02	4.33299e-03	0.27162	4.35394	4.36970e-05
2.14294e+04	1.62839e-02	4.21109e-03	3.24618	2.66611	4.36970e-05
2.16623e+04	1.62895e-02	4.33209e-03	0.11828	5.87984	4.36970e-05
2.18953e+04	1.62829e-02	4.18176e-03	3.29138	1.66882	4.36970e-05
2.21282e+04	1.62891e-02	4.08426e-03	0.22452	2.48754	4.36970e-05
2.23611e+04	1.62836e-02	4.14884e-03	3.34024	2.27310	4.36970e-05
2.25940e+04	1.62875e-02	4.07481e-03	0.19313	0.85878	4.36970e-05
2.28270e+04	1.62837e-02	4.07264e-03	2.98198	4.84690	4.36970e-05
2.30599e+04	1.62902e-02	3.96050e-03	5.69744	1.47628	4.36970e-05
2.32928e+04	1.62853e-02	3.78922e-03	1.76374	3.55571	4.36970e-05
2.35258e+04	1.62864e-02	3.90422e-03	3.71893	4.78585	4.36970e-05
2.37587e+04	1.62896e-02	3.86948e-03	5.37382	5.14622	4.36970e-05
2.39916e+04	1.62884e-02	3.87351e-03	6.26427	5.01179	4.36970e-05
2.42245e+04	1.62908e-02	3.90395e-03	0.47379	4.09340	4.36970e-05
2.44575e+04	1.62875e-02	3.76289e-03	0.53240	2.37896	4.36970e-05
2.46904e+04	1.62889e-02	3.69782e-03	6.03995	0.21815	4.36970e-05
2.49233e+04	1.62850e-02	3.64678e-03	4.37333	4.02670	4.36970e-05
2.51563e+04	1.62851e-02	3.52804e-03	2.14367	0.81934	4.36970e-05
2.53892e+04	1.62870e-02	3.44157e-03	5.12308	3.74986	4.36970e-05
2.56221e+04	1.62868e-02	3.51751e-03	1.08403	6.10358	4.36970e-05
2.58550e+04	1.62849e-02	3.54888e-03	2.28031	1.98500	4.36970e-05
2.60880e+04	1.62895e-02	3.40938e-03	2.16019	4.13619	4.36970e-05
2.63209e+04	1.62906e-02	3.47452e-03	1.10219	5.93069	4.36970e-05
2.65538e+04	1.62904e-02	3.46102e-03	5.38707	1.11934	4.36970e-05
2.67868e+04	1.62906e-02	3.38226e-03	1.51325	3.10832	4.36970e-05
2.70197e+04	1.62844e-02	3.48695e-03	3.04630	4.65142	4.36970e-05
2.72526e+04	1.62855e-02	3.29274e-03	3.08758	0.06857	4.36970e-05
2.74855e+04	1.62856e-02	3.24742e-03	1.69019	1.90556	4.36970e-05
2.77185e+04	1.62868e-02	3.24853e-03	4.87277	4.04980	4.36970e-05
2.79514e+04	1.62904e-02	3.19640e-03	0.36487	6.23736	4.36970e-05
2.81843e+04	1.62905e-02	3.16245e-03	0.34884	2.59943	4.36970e-05
2.84173e+04	1.62869e-02	3.16265e-03	4.78034	5.65256	4.36970e-05
2.86502e+04	1.62871e-02	3.16161e-03	1.24355	2.71101	4.36970e-05
2.88831e+04	1.62862e-02	3.16636e-03	2.07650	0.27439	4.36970e-05
2.91160e+04	1.62915e-02	3.28855e-03	0.79229	4.85941	4.36970e-05
2.93490e+04	1.62861e-02	3.12696e-03	4.02225	3.45820	4.36970e-05
2.95819e+04	1.62878e-02	2.92100e-03	4.95711	2.90819	4.36970e-05
2.98148e+04	1.62903e-02	2.97263e-03	4.06127	2.77547	4.36970e-05
3.00478e+04	1.62910e-02	3.15558e-03	0.47381	3.82231	4.36970e-05
3.02807e+04	1.62917e-02	3.12675e-03	0.99661	5.56269	4.36970e-05
3.05136e+04	1.62926e-02	2.99772e-03	5.65128	1.67899	4.36970e-05
3.07465e+04	1.62928e-02	2.96399e-03	1.16394	5.46953	4.36970e-05
3.09795e+04	1.62914e-02	3.03464e-03	0.65260	3.72435	4.36970e-05
3.12124e+04	1.62901e-02	2.90755e-03	4.00530	2.86581	4.36970e-05
3.14453e+04	1.62870e-02	2.89633e-03	4.32625	3.53103	4.36970e-05
3.16783e+04	1.62864e-02	2.90266e-03	2.12167	5.12005	4.36970e-05
3.19112e+04	1.62865e-02	2.91447e-03	3.28119	1.76940	4.36970e-05
3.21441e+04	1.62924e-02	2.84087e-03	1.35409	6.23980	4.36970e-05
3.23770e+04	1.62866e-02	2.88907e-03	3.14542	5.34702	4.36970e-05
3.26100e+04	1.62876e-02	2.78261e-03	1.63519	6.13591	4.36970e-05
3.28429e+04	1.62868e-02	2.85368e-03	3.24173	2.17355	4.36970e-05
3.30758e+04	1.62925e-02	2.85000e-03	1.56183	6.17215	4.36970e-05
3.33088e+04	1.62870e-02	2.81400e-03	3.22552	5.12183	4.36970e-05
3.35417e+04	1.62885e-02	2.57602e-03	1.30056	5.97864	4.36970e-05
3.37746e+04	1.62875e-02	2.72865e-03	2.33237	2.22313	4.36970e-05
3.40075e+04	1.62909e-02	2.72146e-03	5.84423	0.51605	4.36970e-05
3.42405e+04	1.62919e-02	2.73885e-03	6.13181	0.30453	4.36970e-05
3.44734e+04	1.62914e-02	2.65233e-03	2.31757	2.44718	4.36970e-05
3.47063e+04	1.62937e-02	2.69005e-03	1.34009	0.03263	4.36970e-05
3.49393e+04	1.62884e-02	2.53688e-03	2.87215	5.85390	4.36970e-05
3.51722e+04	1.62914e-02	2.63183e-03	0.38968	1.32658	4.36970e-05
3.54051e+04	1.62922e-02	2.57547e-03	0.08775	5.41052	4.36970e-05
3.56380e+04	1.62880e-02	2.47164e-03	2.33091	5.07611	4.36970e-05
3.58710e+04	1.62938e-02	2.50956e-03	0.16695	1.01553	4.36970e-05
3.61039e+04	1.62921e-02	2.50677e-03	0.13417	5.56287	4.36970e-05
3.63368e+04	1.62893e-02	2.40918e-03	1.96879	0.03065	4.36970e-05
3.65697e+04	1.62915e-02	2.49755e-03	5.64445	3.31886	4.36970e-05
3.68027e+04	1.62946e-02	2.43677e-03	5.06237	2.65854	4.36970e-05
3.70356e+04	1.62937e-02	2.39762e-03	5.94347	4.91454	4.36970e-05
3.72685e+04	1.62888e-02	2.49286e-03	2.44939	3.25985	4.36970e-05
3.75015e+04	1.62924e-02	2.48216e-03	0.41331	4.44854	4.36970e-05
3.77344e+04	1.62935e-02	2.49999e-03	6.12082	2.21709	4.36970e-05
3.79673e+04	1.62919e-02	2.31627e-03	0.65664	2.81104	4.36970e-05
3.82002e+04	1.62892e-02	2.43641e-03	2.67065	0.16871	4.36970e-05
3.84332e+04	1.62943e-02	2.30359e-03	5.93534	0.49750	4.36970e-05
3.86661e+04	1.62944e-02	2.35224e-03	4.37705	3.61030	4.36970e-05
3.88990e+04	1.62888e-02	2.35542e-03	3.47284	3.92260	4.36970e-05
3.91320e+04	1.62923e-02	2.19775e-03	3.76938	0.91303	4.36970e-05
3.93649e+04	1.62911e-02	2.16741e-03	4.70543	1.44268	4.36970e-05
3.95978e+04	1.62930e-02	2.31529e-03	0.52259	4.88477	4.36970e-05
3.98307e+04	1.62894e-02	2.37221e-03	3.10207	5.66024	4.36970e-05
4.00637e+04	1.62941e-02	2.26247e-03	0.02674	3.64070	4.36970e-05
4.02966e+04	1.62898e-02	2.30728e-03	3.76445	5.10308	4.36970e-05
4.05295e+04	1.62907e-02	2.14220e-03	1.81896	3.71249	4.36970e-05
4.07625e+04	1.62959e-02	2.20036e-03	0.22669	5.97740	4.36970e-05
4.09954e+04	1.62965e-02	2.35086e-03	5.22724	5.67766	4.36970e-05
4.12283e+04	1.62946e-02	2.21868e-03	4.01573	2.94536	4.36970e-05
4.14612e+04	1.62923e-02	2.17717e-03	2.59392	4.36317	4.36970e-05
4.16942e+04	1.62967e-02	2.18302e-03	1.48697	3.14332	4.36970e-05
4.19271e+04	1.62960e-02	2.27270e-03	0.38792	5.76943	4.36970e-05
4.21600e+04	1.62936e-02	2.15178e-03	5.38805	6.16812	4.36970e-05
4.23930e+04	1.62907e-02	2.12893e-03	3.83902	4.39743	4.36970e-05
4.26259e+04	1.62917e-02	2.07785e-03	1.96166	0.53826	4.36970e-05
4.28588e+04	1.62963e-02	1.95034e-03	6.13401	0.68154	4.36970e-05
4.30917e+04	1.62912e-02	2.54258e-03	3.08055	5.55074	4.36970e-05
4.33247e+04	1.62954e-02	2.37847e-03	6.02950	1.92966	4.36970e-05
4.35576e+04	1.62923e-02	2.38227e-03	1.94928	2.74477	4.36970e-05
4.37905e+04	1.62916e-02	2.22153e-03	3.06721	2.06401	4.36970e-05
4.40235e+04	1.62919e-02	2.06252e-03	3.77584	5.51371	4.36970e-05
4.42564e+04	1.62919e-02	1.70338e-03	3.00141	1.49328	4.36970e-05
4.44893e+04	1.62937e-02	1.68272e-03	1.61718	1.71307	4.36970e-05
4.47222e+04	1.62940e-02	1.68298e-03	5.04834	0.72189	4.36970e-05
4.49552e+04	1.62984e-02	2.50581e-03	0.96517	4.58140	4.36970e-05
4.51881e+04	1.62984e-02	1.75095e-03	1.68405	0.86888	4.36970e-05
4.54210e+04	1.62987e-02	2.23354e-03	1.04380	2.04453	4.36970e-05
4.56540e+04	1.62960e-02	2.20238e-03	5.63710	1.53241	4.36970e-05
4.58869e+04	1.62936e-02	2.15214e-03	2.09924	0.01902	4.36970e-05
4.61198e+04	1.62937e-02	1.94397e-03	2.79091	4.01203	4.36970e-05
4.63527e+04	1.62941e-02	1.58503e-03	2.21665	0.12902	4.36970e-05
4.65857e+04	1.62973e-02	2.15107e-03	5.53078	2.08257	4.36970e-05
4.68186e+04	1.62994e-02	1.84596e-03	0.45241	3.19176	4.36970e-05
4.70515e+04	1.62984e-02	2.34240e-03	0.01466	3.00704	4.36970e-05
4.72845e+04	1.62938e-02	1.84762e-03	3.73901	2.02311	4.36970e-05
4.75174e+04	1.63000e-02	1.76341e-03	5.20496	0.26493	4.36970e-05
4.77503e+04	1.62941e-02	1.75827e-03	3.42001	5.02437	4.36970e-05
4.79832e+04	1.62989e-02	2.07217e-03	6.13156	2.28454	4.36970e-05
4.82162e+04	1.62996e-02	2.21893e-03	6.20080	5.35781	4.36970e-05
4.84491e+04	1.62949e-02	2.02589e-03	3.66102	1.66135	4.36970e-05
4.86820e+04	1.63008e-02	2.02074e-03	5.03188	3.49398	4.36970e-05
4.89150e+04	1.62947e-02	2.03729e-03	2.88023	5.73928	4.36970e-05
4.91479e+04	1.62964e-02	1.92079e-03	4.27258	1.21896	4.36970e-05
4.93808e+04	1.62955e-02	1.93063e-03	2.82041	2.61907	4.36970e-05
4.96137e+04	1.63017e-02	1.83538e-03	4.62305	3.85678	4.36970e-05
4.98467e+04	1.62953e-02	1.86070e-03	2.71516	5.49816	4.36970e-05
5.00796e+04	1.62962e-02	1.88528e-03	4.01758	0.64121	4.36970e-05
5.03125e+04	1.62965e-02	2.00959e-03	1.96497	2.10476	4.36970e-05
5.05454e+04	1.62985e-02	2.13977e-03	2.69284	3.76543	4.36970e-05
5.07784e+04	1.63013e-02	1.98072e-03	0.14760	5.28605	4.36970e-05
5.10113e+04	1.63016e-02	1.54249e-03	5.83066	1.45969	4.36970e-05
5.12442e+04	1.63031e-02	2.24069e-03	1.27469	4.48296	4.36970e-05
5.14772e+04	1.63017e-02	1.55730e-03	6.18516	0.82519	4.36970e-05
5.17101e+04	1.63028e-02	2.05366e-03	0.28209	4.49443	4.36970e-05
5.19430e+04	1.62991e-02	1.89351e-03	2.55388	2.75697	4.36970e-05
5.21759e+04	1.62997e-02	1.38082e-03	1.29341	1.05092	4.36970e-05
5.24089e+04	1.62981e-02	1.43395e-03	1.71791	0.33269	4.36970e-05
5.26418e+04	1.63031e-02	1.73147e-03	4.13527	0.30521	4.36970e-05
5.28747e+04	1.62990e-02	2.00752e-03	2.20460	1.03840	4.36970e-05
5.31077e+04	1.62993e-02	1.40024e-03	1.75822	2.87355	4.36970e-05
5.33406e+04	1.63003e-02	1.87099e-03	2.86300	5.75502	4.36970e-05
5.35735e+04	1.63041e-02	2.10446e-03	5.71686	3.21904	4.36970e-05
5.38064e+04	1.62999e-02	1.94314e-03	3.55225	1.91628	4.36970e-05
5.40394e+04	1.62987e-02	1.56174e-03	2.81211	1.70273	4.36970e-05
5.42723e+04	1.62994e-02	2.02561e-03	2.77994	3.26632	4.36970e-05
5.45052e+04	1.63051e-02	1.31224e-03	4.50582	5.57006	4.36970e-05
5.47382e+04	1.63024e-02	1.32354e-03	0.67880	3.24592	4.36970e-05
5.49711e+04	1.63052e-02	1.75071e-03	4.17915	2.27706	4.36970e-05
5.52040e+04	1.63005e-02	1.55334e-03	2.47041	2.64569	4.36970e-05
5.54369e+04	1.63036e-02	1.86714e-03	1.16190	4.91393	4.36970e-05
5.56699e+04	1.63055e-02	1.81059e-03	0.28121	2.78493	4.36970e-05
5.59028e+04	1.63053e-02	1.50057e-03	6.23666	2.38839	4.36970e-05
5.61357e+04	1.63050e-02	1.53642e-03	0.94059	2.97478	4.36970e-05
5.63687e+04	1.63025e-02	1.47402e-03	1.59283	6.08144	4.36970e-05
5.66016e+04	1.63061e-02	1.42563e-03	1.89957	5.44933	4.36970e-05
5.68345e+04	1.63032e-02	1.53286e-03	3.95343	5.28498	4.36970e-05
5.70674e+04	1.63034e-02	1.29771e-03	4.77112	2.17227	4.36970e-05
5.73004e+04	1.63054e-02	1.68114e-03	5.58320	1.17861	4.36970e-05
5.75333e+04	1.63049e-02	1.28495e-03	0.83675	1.58752	4.36970e-05
5.77662e+04	1.63039e-02	1.38782e-03	1.44717	4.93855	4.36970e-05
5.79992e+04	1.63078e-02	1.64001e-03	1.85342	4.23901	4.36970e-05
5.82321e+04	1.63085e-02	1.71915e-03	1.96180	5.83884	4.36970e-05
5.84650e+04	1.63046e-02	1.13470e-03	1.73628	3.50259	4.36970e-05
5.86979e+04	1.63061e-02	1.34419e-03	0.83833	3.74138	4.36970e-05
5.89309e+04	1.63052e-02	1.18078e-03	4.96816	0.86734	4.36970e-05
5.91638e+04	1.63033e-02	1.58018e-03	2.85285	6.16751	4.36970e-05
5.93967e+04	1.63067e-02	1.27383e-03	5.58123	2.15908	4.36970e-05
5.96297e+04	1.63065e-02	1.86573e-03	1.04840	0.96018	4.36970e-05
5.98626e+04	1.63058e-02	1.74276e-03	1.99632	2.36810	4.36970e-05
6.00955e+04	1.63106e-02	1.53917e-03	0.96191	1.29149	4.36970e-05
6.03284e+04	1.63085e-02	1.64209e-03	5.67558	2.45718	4.36970e-05
6.05614e+04	1.63056e-02	1.36134e-03	2.96285	0.20258	4.36970e-05
6.07943e+04	1.63066e-02	1.08001e-03	4.58155	1.63369	4.36970e-05
6.10272e+04	1.63078e-02	1.64619e-03	4.91877	5.97125	4.36970e-05
6.12602e+04	1.63072e-02	1.51769e-03	3.76898	0.86535	4.36970e-05
6.14931e+04	1.63108e-02	1.87584e-03	0.14261	6.17042	4.36970e-05
6.17260e+04	1.63122e-02	1.46093e-03	1.54419	1.70639	4.36970e-05
6.19589e+04	1.63099e-02	1.60394e-03	1.17274	0.57112	4.36970e-05
6.21919e+04	1.63128e-02	1.26518e-03	4.68246	3.36554	4.36970e-05
6.24248e+04	1.63132e-02	1.28900e-03	5.89356	3.71772	4.36970e-05
6.26577e+04	1.63095e-02	1.39766e-03	5.42362	0.90073	4.36970e-05
6.28907e+04	1.63082e-02	1.13603e-03	2.20831	2.27539	4.36970e-05
6.31236e+04	1.63078e-02	1.25070e-03	3.11136	0.99423	4.36970e-05
6.33565e+04	1.63141e-02	1.88817e-03	1.14139	3.93820	4.36970e-05
6.35894e+04	1.63081e-02	1.69352e-03	3.59641	3.82510	4.36970e-05
6.38224e+04	1.63084e-02	1.73301e-03	2.66540	2.15474	4.36970e-05
6.40553e+04	1.63117e-02	1.14244e-03	5.75918	4.09782	4.36970e-05
6.42882e+04	1.63142e-02	1.26035e-03	5.76268	4.09670	4.36970e-05
6.45211e+04	1.63104e-02	1.14976e-03	2.72581	2.11209	4.36970e-05
6.47541e+04	1.63098e-02	1.77512e-03	3.14944	4.22986	4.36970e-05
6.49870e+04	1.63135e-02	1.56867e-03	0.66048	4.14357	4.36970e-05
6.52199e+04	1.63157e-02	1.68675e-03	0.70914	2.70338	4.36970e-05
6.54529e+04	1.63106e-02	1.62426e-03	3.69056	5.81497	4.36970e-05
6.56858e+04	1.63106e-02	1.34912e-03	4.11005	0.01295	4.36970e-05
6.59187e+04	1.63156e-02	1.18076e-03	0.21226	5.91889	4.36970e-05
6.61516e+04	1.63164e-02	1.37262e-03	5.99616	3.22478	4.36970e-05
6.63846e+04	1.63178e-02	1.67161e-03	0.95734	6.16763	4.36970e-05
6.66175e+04	1.63138e-02	1.11018e-03	4.95968	1.06001	4.36970e-05
6.68504e+04	1.63160e-02	1.43972e-03	5.29389	0.62800	4.36970e-05
6.70834e+04	1.63179e-02	1.58262e-03	1.69491	5.15150	4.36970e-05
6.73163e+04	1.63160e-02	1.25356e-03	0.72883	1.67619	4.36970e-05
6.75492e+04	1.63183e-02	1.15058e-03	1.47143	3.70655	4.36970e-05
6.77821e+04	1.63141e-02	1.52759e-03	4.51729	4.34265	4.36970e-05
6.80151e+04	1.63139e-02	1.46575e-03	3.59359	3.59194	4.36970e-05
6.82480e+04	1.63143e-02	1.07058e-03	4.05923	2.26907	4.36970e-05
6.84809e+04	1.63183e-02	1.04540e-03	0.19627	6.11281	4.36970e-05
6.87139e+04	1.63204e-02	1.25630e-03	4.99805	2.14657	4.36970e-05
6.89468e+04	1.63145e-02	1.64911e-03	4.11854	4.60742	4.36970e-05
6.91797e+04	1.63204e-02	1.48924e-03	5.16405	5.91044	4.36970e-05
6.94126e+04	1.63212e-02	1.06950e-03	1.45417	0.18371	4.36970e-05
6.96456e+04	1.63181e-02	1.55368e-03	5.13594	0.31078	4.36970e-05
6.98785e+04	1.63171e-02	1.35523e-03	4.64455	5.30694	4.36970e-05
7.01114e+04	1.63175e-02	8.72243e-04	4.53879	4.30513	4.36970e-05
7.03444e+04	1.63207e-02	1.48422e-03	5.86474	2.56377	4.36970e-05
7.05773e+04	1.63200e-02	1.58414e-03	2.24414	0.07017	4.36970e-05
7.08102e+04	1.63219e-02	1.79291e-03	6.21211	3.16200	4.36970e-05
7.10431e+04	1.63173e-02	1.58177e-03	4.26145	0.22848	4.36970e-05
7.12761e+04	1.63178e-02	1.43140e-03	3.12190	3.28604	4.36970e-05
7.15090e+04	1.63177e-02	1.39128e-03	3.00289	5.86105	4.36970e-05
7.17419e+04	1.63189e-02	1.18137e-03	3.22541	2.32756	4.36970e-05
7.19749e+04	1.63182e-02	1.17085e-03	3.92484	5.13830	4.36970e-05
7.22078e+04	1.63243e-02	1.28170e-03	5.77655	0.94533	4.36970e-05
7.24407e+04	1.63243e-02	1.07903e-03	0.49913	4.33129	4.36970e-05
7.26736e+04	1.63188e-02	1.01225e-03	2.82952	0.58347	4.36970e-05
7.29066e+04	1.63256e-02	1.21860e-03	5.13329	3.51468	4.36970e-05
7.31395e+04	1.63256e-02	1.68882e-03	0.83434	0.86883	4.36970e-05
7.33724e+04	1.63206e-02	1.60832e-03	3.94949	3.78664	4.36970e-05
7.36054e+04	1.63260e-02	1.07895e-03	0.50262	1.00618	4.36970e-05
7.38383e+04	1.63236e-02	1.35456e-03	2.23718	5.93663	4.36970e-05
7.40712e+04	1.63234e-02	1.11963e-03	5.13940	3.72492	4.36970e-05
7.43041e+04	1.63240e-02	1.38957e-03	0.74644	2.85389	4.36970e-05
7.45371e+04	1.63245e-02	9.07091e-04	2.47614	2.36829	4.36970e-05
7.47700e+04	1.63222e-02	1.22486e-03	4.35816	1.97958	4.36970e-05
7.50029e+04	1.63283e-02	1.58513e-03	5.46357	2.63637	4.36970e-05
7.52359e+04	1.63252e-02	1.31991e-03	5.55903	4.47000	4.36970e-05
7.54688e+04	1.63285e-02	1.29413e-03	5.87891	6.27037	4.36970e-05
7.57017e+04	1.63242e-02	1.15382e-03	3.99268	4.16289	4.36970e-05
7.59346e+04	1.63262e-02	1.43552e-03	2.73488	1.62037	4.36970e-05
7.61676e+04	1.63292e-02	1.23841e-03	0.09912	0.54868	4.36970e-05
7.64005e+04	1.63238e-02	9.80554e-04	2.93316	0.40503	4.36970e-05
7.66334e+04	1.63265e-02	9.66138e-04	4.49429	1.67176	4.36970e-05
7.68664e+04	1.63282e-02	1.35586e-03	5.43943	3.59132	4.36970e-05
7.70993e+04	1.63277e-02	1.36363e-03	5.54225	0.13015	4.36970e-05
7.73322e+04	1.63254e-02	1.43465e-03	3.36420	5.27671	4.36970e-05
7.75651e+04	1.63291e-02	8.38732e-04	0.80930	4.58234	4.36970e-05
7.77981e+04	1.63271e-02	1.12082e-03	2.46221	5.92911	4.36970e-05
7.80310e+04	1.63262e-02	1.56228e-03	3.46976	1.62852	4.36970e-05
7.82639e+04	1.63295e-02	8.17948e-04	2.37909	5.72336	4.36970e-05
7.84969e+04	1.63310e-02	1.19453e-03	0.50104	4.23839	4.36970e-05
7.87298e+04	1.63274e-02	1.01188e-03	2.55950	5.03760	4.36970e-05
7.89627e+04	1.63280e-02	1.18905e-03	2.50674	1.62996	4.36970e-05
7.91956e+04	1.63298e-02	1.08431e-03	1.59856	5.22538	4.36970e-05
7.94286e+04	1.63342e-02	1.36859e-03	4.82591	4.57613	4.36970e-05
7.96615e+04	1.63319e-02	8.24994e-04	5.29303	0.27557	4.36970e-05
7.98944e+04	1.63353e-02	1.39456e-03	4.62063	3.29927	4.36970e-05
8.01273e+04	1.63310e-02	1.12531e-03	1.29842	2.48878	4.36970e-05
8.03603e+04	1.63304e-02	1.45956e-03	2.47435	3.29032	4.36970e-05
8.05932e+04	1.63317e-02	9.04491e-04	2.01190	5.58243	4.36970e-05
8.08261e+04	1.63359e-02	1.48758e-03	4.95798	4.22105	4.36970e-05
8.10591e+04	1.63325e-02	7.74345e-04	4.84481	5.69834	4.36970e-05
8.12920e+04	1.63318e-02	1.43546e-03	2.85828	2.53240	4.36970e-05
8.15249e+04	1.63380e-02	1.22383e-03	4.96302	1.35151	4.36970e-05
8.17578e+04	1.63372e-02	1.49364e-03	4.74426	2.18835	4.36970e-05
8.19908e+04	1.63385e-02	1.23551e-03	0.47648	0.51119	4.36970e-05
8.22237e+04	1.63342e-02	1.18647e-03	1.22461	6.13672	4.36970e-05
8.24566e+04	1.63345e-02	1.17681e-03	5.34764	1.75469	4.36970e-05
8.26896e+04	1.63372e-02	1.47515e-03	6.11455	0.40826	4.36970e-05
8.29225e+04	1.63344e-02	9.39892e-04	4.40616	1.24496	4.36970e-05
8.31554e+04	1.63402e-02	1.47281e-03	5.91004	4.76404	4.36970e-05
8.33883e+04	1.63346e-02	1.23199e-03	4.16641	4.88553	4.36970e-05
8.36213e+04	1.63376e-02	1.07022e-03	5.40963	1.64545	4.36970e-05
8.38542e+04	1.63352e-02	1.15932e-03	3.93759	0.77426	4.36970e-05
8.40871e+04	1.63403e-02	1.35514e-03	6.15386	2.05727	4.36970e-05
8.43201e+04	1.63361e-02	1.38804e-03	4.09360	0.91904	4.36970e-05
8.45530e+04	1.63388e-02	7.88421e-04	4.90863	2.80465	4.36970e-05
8.47859e+04	1.63358e-02	8.91955e-04	3.12834	0.52193	4.36970e-05
8.50188e+04	1.63394e-02	1.12576e-03	3.69127	1.72946	4.36970e-05
8.52518e+04	1.63405e-02	8.46217e-04	0.62968	6.09763	4.36970e-05
8.54847e+04	1.63406e-02	1.44011e-03	0.73340	0.58410	4.36970e-05
8.57176e+04	1.63386e-02	1.38939e-03	2.84394	5.10099	4.36970e-05
8.59506e+04	1.63392e-02	1.01777e-03	2.10651	5.68524	4.36970e-05
8.61835e+04	1.63380e-02	1.17272e-03	3.25817	3.91071	4.36970e-05
8.64164e+04	1.63426e-02	1.16725e-03	0.07140	5.91181	4.36970e-05
8.66493e+04	1.63447e-02	1.20942e-03	5.81199	4.73584	4.36970e-05
8.68823e+04	1.63452e-02	7.76274e-04	1.89334	0.14997	4.36970e-05
8.71152e+04	1.63443e-02	8.72232e-04	6.08193	5.71056	4.36970e-05
8.73481e+04	1.63440e-02	1.31465e-03	0.56568	1.56124	4.36970e-05
8.75811e+04	1.63404e-02	8.23185e-04	3.00593	1.44437	4.36970e-05
8.78140e+04	1.63438e-02	1.00139e-03	1.49999	4.72799	4.36970e-05
8.80469e+04	1.63473e-02	1.32636e-03	0.62033	0.46317	4.36970e-05
8.82798e+04	1.63425e-02	1.10772e-03	3.27160	4.62785	4.36970e-05
8.85128e+04	1.63478e-02	8.85737e-04	1.05583	0.51552	4.36970e-05
8.87457e+04	1.63455e-02	8.72486e-04	0.78621	0.07245	4.36970e-05
8.89786e+04	1.63430e-02	7.38717e-04	2.46001	3.33142	4.36970e-05
8.92116e+04	1.63486e-02	1.51393e-03	5.84598	4.23261	4.36970e-05
8.94445e+04	1.63442e-02	1.14389e-03	4.36930	3.09703	4.36970e-05
8.96774e+04	1.63447e-02	1.29149e-03	4.27002	6.15997	4.36970e-05
8.99103e+04	1.63481e-02	8.12177e-04	0.31424	6.12272	4.36970e-05
9.01433e+04	1.63442e-02	7.64713e-04	3.22620	4.85674	4.36970e-05
9.03762e+04	1.63459e-02	1.13203e-03	2.31033	0.40258	4.36970e-05
9.06091e+04	1.63511e-02	1.16313e-03	1.18039	1.74254	4.36970e-05
9.08421e+04	1.63461e-02	1.17062e-03	2.75514	5.99350	4.36970e-05
9.10750e+04	1.63489e-02	8.54690e-04	5.23137	2.29908	4.36970e-05
9.13079e+04	1.63467e-02	1.30488e-03	3.21184	2.37403	4.36970e-05
9.15408e+04	1.63526e-02	9.28435e-04	1.76151	1.14326	4.36970e-05
9.17738e+04	1.63483e-02	1.25119e-03	2.06170	3.74441	4.36970e-05
9.20067e+04	1.63471e-02	1.23088e-03	2.33814	5.57599	4.36970e-05
9.22396e+04	1.63537e-02	1.39384e-03	4.97673	4.28727	4.36970e-05
9.24726e+04	1.63499e-02	1.06998e-03	1.50301	2.10055	4.36970e-05
9.27055e+04	1.63545e-02	1.50233e-03	5.34027	4.35355	4.36970e-05
9.29384e+04	1.63486e-02	7.32068e-04	3.29455	5.42459	4.36970e-05
9.31713e+04	1.63498e-02	1.27550e-03	2.48808	4.46653	4.36970e-05
9.34043e+04	1.63528e-02	1.18112e-03	2.35088	2.08446	4.36970e-05
9.36372e+04	1.63506e-02	1.05123e-03	3.13889	4.21625	4.36970e-05
9.38701e+04	1.63515e-02	7.43945e-04	4.65486	4.80838	4.36970e-05
9.41030e+04	1.63555e-02	1.21766e-03	6.18032	4.61532	4.36970e-05
9.43360e+04	1.63513e-02	1.39709e-03	2.73536	2.24495	4.36970e-05
9.45689e+04	1.63559e-02	1.22083e-03	5.49982	5.40037	4.36970e-05
9.48018e+04	1.63514e-02	9.29868e-04	2.67884	0.77928	4.36970e-05
9.50348e+04	1.63585e-02	1.03268e-03	0.68440	0.72921	4.36970e-05
9.52677e+04	1.63540e-02	8.87139e-04	4.32192	0.48207	4.36970e-05
9.55006e+04	1.63540e-02	1.23028e-03	2.78920	4.54941	4.36970e-05
9.57335e+04	1.63591e-02	1.37926e-03	1.03510	1.73346	4.36970e-05
9.59665e+04	1.63573e-02	1.04579e-03	0.21971	3.35439	4.36970e-05
9.61994e+04	1.63594e-02	8.44347e-04	6.02667	3.76314	4.36970e-05
9.64323e+04	1.63555e-02	1.25312e-03	4.37465	4.50853	4.36970e-05
9.66653e+04	1.63546e-02	6.77008e-04	3.67601	3.37574	4.36970e-05
9.68982e+04	1.63586e-02	1.04289e-03	1.99653	2.33378	4.36970e-05
9.71311e+04	1.63616e-02	1.33419e-03	1.11682	5.88022	4.36970e-05
9.73640e+04	1.63603e-02	1.17049e-03	0.53763	1.98458	4.36970e-05
9.75970e+04	1.63625e-02	1.14366e-03	5.56490	4.10322	4.36970e-05
9.78299e+04	1.63570e-02	7.83646e-04	3.78830	5.83029	4.36970e-05
9.80628e+04	1.63567e-02	9.23307e-04	2.89565	5.80043	4.36970e-05
9.82958e+04	1.63627e-02	1.44484e-03	0.38380	0.14406	4.36970e-05
9.85287e+04	1.63598e-02	4.19732e-04	4.50256	5.77033	4.36970e-05
9.87616e+04	1.63632e-02	1.80705e-03	1.72834	4.86789	4.36970e-05
9.89945e+04	1.63621e-02	4.87022e-03	3.25808	2.29142	4.36970e-05
9.92275e+04	1.63647e-02	3.64542e-03	5.87527	4.96613	4.36970e-05
9.94604e+04	1.63634e-02	7.60672e-04	6.24937	2.51585	4.36970e-05
9.96933e+04	1.63610e-02	2.06285e-03	3.72620	2.11862	4.36970e-05
9.99263e+04	1.63612e-02	2.17136e-03	3.12743	4.97759	4.36970e-05
1.00159e+05	1.63666e-02	1.26382e-03	0.71019	2.42689	4.36970e-05
1.00392e+05	1.63671e-02	2.16187e-03	5.79266	3.77633	4.36970e-05
1.00625e+05	1.63617e-02	2.92402e-03	3.07664	5.74031	4.36970e-05
1.00858e+05	1.63632e-02	8.48442e-04	5.87645	1.10410	4.36970e-05
1.01091e+05	1.63633e-02	1.55364e-03	0.09176	4.07874	4.36970e-05
1.01324e+05	1.63636e-02	2.32016e-03	0.93238	5.76824	4.36970e-05
1.01557e+05	1.63625e-02	2.02560e-04	0.12446	1.65191	4.36970e-05
1.01790e+05	1.63679e-02	2.67950e-03	4.63961	3.98845	4.36970e-05
1.02023e+05	1.63644e-02	1.33362e-03	3.06395	5.06422	4.36970e-05
1.02256e+05	1.63633e-02	1.63025e-03	4.43270	1.97688	4.36970e-05
1.02488e+05	1.63690e-02	2.11363e-03	0.36576	3.69977	4.36970e-05
1.02721e+05	1.63627e-02	1.81398e-03	1.92203	4.72819	4.36970e-05
1.02954e+05	1.63694e-02	1.12374e-03	0.10181	2.19544	4.36970e-05
1.03187e+05	1.63714e-02	2.32348e-03	6.19994	3.14651	4.36970e-05
1.03420e+05	1.63680e-02	2.19982e-03	4.12034	4.91549	4.36970e-05
1.03653e+05	1.63673e-02	2.19126e-03	1.89228	5.88061	4.36970e-05
1.03886e+05	1.63697e-02	1.05379e-03	3.90669	1.58040	4.36970e-05
1.04119e+05	1.63699e-02	1.23181e-03	5.62120	2.89792	4.36970e-05
1.04352e+05	1.63703e-02	1.11557e-03	5.62652	5.00361	4.36970e-05
1.04585e+05	1.63706e-02	2.30856e-03	5.07168	0.34427	4.36970e-05
1.04818e+05	1.63664e-02	2.22282e-03	2.84777	2.53029	4.36970e-05
1.05051e+05	1.63691e-02	1.95753e-03	6.20579	4.28096	4.36970e-05
1.05284e+05	1.63747e-02	3.56864e-04	3.48724	5.04805	4.36970e-05
1.05517e+05	1.63723e-02	2.56574e-03	4.81359	0.77432	4.36970e-05
1.05749e+05	1.63712e-02	4.79976e-04	5.90507	1.69380	4.36970e-05
1.05982e+05	1.63716e-02	1.12240e-03	5.25225	3.76923	4.36970e-05
1.06215e+05	1.63717e-02	1.90164e-03	3.64042	5.33823	4.36970e-05
1.06448e+05	1.63717e-02	2.45908e-03	1.64631	0.34466	4.36970e-05
1.06681e+05	1.63758e-02	1.79527e-03	4.62738	1.70362	4.36970e-05
1.06914e+05	1.63766e-02	2.02532e-03	6.27115	3.33886	4.36970e-05
1.07147e+05	1.63698e-02	1.57552e-03	2.54161	3.22728	4.36970e-05
1.07380e+05	1.63749e-02	1.98728e-03	1.22307	5.92993	4.36970e-05
1.07613e+05	1.63743e-02	2.26508e-03	1.43033	6.01096	4.36970e-05
1.07846e+05	1.63795e-02	1.22979e-03	5.93569	0.69329	4.36970e-05
1.08079e+05	1.63753e-02	1.55248e-03	2.94384	1.86218	4.36970e-05
1.08312e+05	1.63799e-02	1.69729e-03	5.27237	3.03219	4.36970e-05
1.08545e+05	1.63803e-02	2.65500e-03	5.91394	4.84431	4.36970e-05
1.08778e+05	1.63790e-02	1.53186e-03	1.00095	4.89622	4.36970e-05
1.09010e+05	1.63767e-02	1.61805e-03	5.16506	1.05498	4.36970e-05
1.09243e+05	1.63735e-02	1.98159e-03	3.87833	1.55956	4.36970e-05
1.09476e+05	1.63800e-02	1.71272e-03	0.84865	2.82571	4.36970e-05
1.09709e+05	1.63807e-02	1.22837e-03	4.73235	2.62137	4.36970e-05
1.09942e+05	1.63772e-02	1.75983e-03	5.58901	4.15445	4.36970e-05
1.10175e+05	1.63803e-02	1.84791e-03	0.40765	4.49787	4.36970e-05
1.10408e+05	1.63782e-02	2.16805e-03	0.32115	5.02232	4.36970e-05
1.10641e+05	1.63794e-02	1.95193e-03	4.42792	0.21852	4.36970e-05
1.10874e+05	1.63812e-02	1.00747e-03	1.68709	1.29071	4.36970e-05
1.11107e+05	1.63832e-02	2.01987e-03	5.06410	1.59001	4.36970e-05
1.11340e+05	1.63819e-02	2.13820e-03	0.51907	2.19267	4.36970e-05
1.11573e+05	1.63838e-02	1.85142e-03	1.12789	3.11927	4.36970e-05
1.11806e+05	1.63782e-02	1.34622e-03	2.32389	2.47861	4.36970e-05
1.12039e+05	1.63795e-02	1.00014e-03	6.10887	4.38345	4.36970e-05
1.12271e+05	1.63860e-02	7.62112e-04	4.48630	4.34450	4.36970e-05
1.12504e+05	1.63809e-02	6.53162e-04	1.97544	4.11891	4.36970e-05
1.12737e+05	1.63820e-02	2.48340e-03	3.07118	5.55863	4.36970e-05
1.12970e+05	1.63836e-02	2.17459e-03	4.53045	5.62593	4.36970e-05
1.13203e+05	1.63871e-02	2.16130e-03	4.43078	0.00005	4.36970e-05
1.13436e+05	1.63865e-02	9.25780e-04	4.11093	6.07564	4.36970e-05
1.13669e+05	1.63856e-02	1.42608e-03	1.18650	1.07407	4.36970e-05
1.13902e+05	1.63860e-02	2.01775e-03	4.57993	1.22787	4.36970e-05
1.14135e+05	1.63835e-02	1.03453e-03	1.54068	0.58814	4.36970e-05
1.14368e+05	1.63865e-02	1.42215e-03	1.99336	1.85588	4.36970e-05
1.14601e+05	1.63849e-02	1.99122e-03	2.18902	2.03365	4.36970e-05
1.14834e+05	1.63864e-02	1.25416e-03	2.63348	1.18232	4.36970e-05
1.15067e+05	1.63896e-02	1.75063e-03	6.23675	2.32086	4.36970e-05
1.15300e+05	1.63898e-02	1.48223e-03	3.30265	2.66496	4.36970e-05
1.15532e+05	1.63856e-02	1.18511e-03	0.86287	1.49009	4.36970e-05
1.15765e+05	1.63919e-02	1.07952e-03	1.37082	2.75416	4.36970e-05
1.15998e+05	1.63909e-02	9.19605e-04	1.59705	2.96402	4.36970e-05
1.16231e+05	1.63856e-02	2.18283e-03	2.46115	1.76268	4.36970e-05
1.16464e+05	1.63863e-02	1.30195e-03	1.58836	1.31118	4.36970e-05
1.16697e+05	1.63900e-02	2.01730e-03	4.74883	1.93864	4.36970e-05
1.16930e+05	1.63946e-02	1.30869e-03	0.58850	2.51307	4.36970e-05
1.17163e+05	1.63940e-02	7.93037e-04	2.37951	2.45917	4.36970e-05
1.17396e+05	1.63926e-02	1.30495e-03	4.39218	1.15508	4.36970e-05
1.17629e+05	1.63946e-02	5.96011e-04	3.63396	1.61775	4.36970e-05
1.17862e+05	1.63954e-02	7.35406e-04	3.34542	0.64998	4.36970e-05
1.18095e+05	1.63936e-02	1.56006e-03	0.10220	1.60808	4.36970e-05
1.18328e+05	1.63903e-02	1.93758e-03	3.39704	1.32199	4.36970e-05
1.18561e+05	1.63898e-02	1.04856e-03	0.33013	0.04107	4.36970e-05
1.18793e+05	1.63908e-02	6.14885e-04	0.62528	0.56635	4.36970e-05
1.19026e+05	1.63943e-02	5.73602e-04	1.40309	5.88806	4.36970e-05
1.19259e+05	1.63929e-02	8.75017e-04	0.17902	6.14780	4.36970e-05
1.19492e+05	1.63904e-02	6.19455e-04	5.20979	5.20894	4.36970e-05
1.19725e+05	1.63935e-02	1.95262e-03	2.32086	4.92194	4.36970e-05
1.19958e+05	1.63922e-02	1.99085e-03	4.65375	4.80545	4.36970e-05
1.20191e+05	1.63942e-02	8.64360e-04	0.71574	3.47509	4.36970e-05
1.20424e+05	1.63921e-02	8.18387e-04	1.91552	2.49633	4.36970e-05
1.20657e+05	1.63975e-02	1.89743e-03	0.88167	2.67575	4.36970e-05
1.20890e+05	1.63965e-02	1.76278e-03	5.92732	1.88263	4.36970e-05
1.21123e+05	1.63942e-02	1.80223e-03	3.14516	1.96318	4.36970e-05
1.21356e+05	1.63983e-02	1.81254e-03	0.11309	1.15374	4.36970e-05
1.21589e+05	1.64005e-02	9.77416e-04	1.47074	1.09154	4.36970e-05
1.21822e+05	1.64010e-02	1.48906e-03	2.75300	0.19988	4.36970e-05
1.22054e+05	1.63993e-02	1.09318e-03	4.23018	4.44484	4.36970e-05
1.22287e+05	1.64004e-02	5.12722e-04	2.82252	4.32489	4.36970e-05
1.22520e+05	1.64004e-02	1.94538e-03	1.30994	3.30771	4.36970e-05
1.22753e+05	1.64003e-02	1.10244e-03	5.08207	2.32313	4.36970e-05
1.22986e+05	1.64019e-02	2.27147e-03	0.73756	2.12658	4.36970e-05
1.23219e+05	1.63979e-02	2.13460e-03	2.76702	0.86116	4.36970e-05
1.23452e+05	1.64009e-02	9.85345e-04	2.64594	0.86226	4.36970e-05
1.23685e+05	1.64027e-02	9.99241e-04	2.51427	6.22570	4.36970e-05
1.23918e+05	1.63996e-02	2.24605e-03	2.18687	4.47996	4.36970e-05
1.24151e+05	1.64023e-02	2.16719e-03	6.07530	3.63723	4.36970e-05
1.24384e+05	1.64060e-02	5.57372e-04	3.46628	2.20356	4.36970e-05
1.24617e+05	1.64043e-02	1.93799e-03	5.70289	1.37215	4.36970e-05
1.24850e+05	1.63993e-02	7.12297e-04	0.45237	0.44492	4.36970e-05
1.25083e+05	1.64028e-02	2.02585e-03	1.33398	5.37312	4.36970e-05
1.25315e+05	1.64005e-02	1.04041e-03	1.03040	3.90537	4.36970e-05
1.25548e+05	1.64023e-02	1.50731e-03	4.68079	4.11055	4.36970e-05
1.25781e+05	1.64074e-02	1.64041e-03	2.17742	2.93582	4.36970e-05
1.26014e+05	1.64044e-02	2.00867e-03	6.25127	0.81958	4.36970e-05
1.26247e+05	1.64094e-02	2.07552e-03	1.36837	0.24203	4.36970e-05
1.26480e+05	1.64033e-02	1.73300e-03	3.03660	4.63194	4.36970e-05
1.26713e+05	1.64038e-02	1.72839e-03	2.58198	4.16536	4.36970e-05
1.26946e+05	1.64066e-02	1.56120e-03	1.83130	3.04628	4.36970e-05
1.27179e+05	1.64064e-02	2.18514e-03	0.98996	0.98306	4.36970e-05
1.27412e+05	1.64052e-02	1.88572e-03	4.30184	0.10560	4.36970e-05
1.27645e+05	1.64116e-02	2.10856e-03	0.97730	4.89768	4.36970e-05
1.27878e+05	1.64101e-02	5.88345e-04	2.50120	3.93965	4.36970e-05
1.28111e+05	1.64126e-02	1.10294e-03	4.71416	1.39236	4.36970e-05
1.28344e+05	1.64074e-02	9.77873e-04	3.88052	1.03782	4.36970e-05
1.28576e+05	1.64130e-02	1.77516e-03	4.36652	4.69991	4.36970e-05
1.28809e+05	1.64094e-02	1.92991e-03	2.37234	3.60842	4.36970e-05
1.29042e+05	1.64103e-02	9.09492e-04	0.29053	1.63984	4.36970e-05
1.29275e+05	1.64093e-02	1.72937e-03	2.75235	0.43218	4.36970e-05
1.29508e+05	1.64150e-02	2.06104e-03	4.83967	5.15578	4.36970e-05
1.29741e+05	1.64089e-02	1.17282e-03	0.13576	3.27839	4.36970e-05
1.29974e+05	1.64133e-02	2.09410e-03	6.02435	2.15501	4.36970e-05
1.30207e+05	1.64157e-02	2.14239e-03	5.58626	0.43189	4.36970e-05
1.30440e+05	1.64111e-02	1.55024e-03	4.43298	4.73053	4.36970e-05
1.30673e+05	1.64143e-02	1.92446e-03	1.37085	3.73766	4.36970e-05
1.30906e+05	1.64103e-02	1.66027e-03	4.19634	2.33484	4.36970e-05
1.31139e+05	1.64177e-02	2.14810e-03	0.47942	0.22328	4.36970e-05
1.31372e+05	1.64124e-02	6.40939e-04	2.11543	4.43105	4.36970e-05
1.31605e+05	1.64115e-02	1.52904e-03	3.07276	2.34538	4.36970e-05
1.31837e+05	1.64140e-02	9.71995e-04	2.66651	0.45501	4.36970e-05
1.32070e+05	1.64152e-02	1.57684e-03	0.32500	6.00033	4.36970e-05
1.32303e+05	1.64174e-02	1.10603e-03	5.87132	2.99933	4.36970e-05
1.32536e+05	1.64183e-02	7.96592e-04	2.92317	1.22744	4.36970e-05
1.32769e+05	1.64146e-02	8.62718e-04	4.57197	0.17496	4.36970e-05
1.33002e+05	1.64212e-02	2.18123e-03	0.39197	4.11777	4.36970e-05
1.33235e+05	1.64199e-02	1.70614e-03	0.87509	2.53151	4.36970e-05
1.33468e+05	1.64196e-02	1.39614e-03	0.76425	0.71085	4.36970e-05
1.33701e+05	1.64195e-02	1.91531e-03	0.61663	4.41808	4.36970e-05
1.33934e+05	1.64211e-02	7.43776e-04	5.66443	2.05914	4.36970e-05
1.34167e+05	1.64165e-02	1.83172e-03	3.24420	0.07284	4.36970e-05
1.34400e+05	1.64201e-02	1.92651e-03	0.08343	4.29483	4.36970e-05
1.34633e+05	1.64198e-02	1.10693e-03	2.69516	1.91321	4.36970e-05
1.34866e+05	1.64209e-02	9.93146e-04	2.77981	1.06942	4.36970e-05
1.35098e+05	1.64227e-02	8.58138e-04	4.62320	3.89529	4.36970e-05
1.35331e+05	1.64207e-02	1.46584e-03	4.42202	1.90398	4.36970e-05
1.35564e+05	1.64184e-02	1.45558e-03	3.54853	5.99011	4.36970e-05
1.35797e+05	1.64196e-02	9.13472e-04	0.71494	4.68036	4.36970e-05
1.36030e+05	1.64214e-02	1.98855e-03	5.05245	1.98327	4.36970e-05
1.36263e+05	1.64221e-02	1.43986e-03	1.04991	0.35998	4.36970e-05
1.36496e+05	1.64261e-02	7.02303e-04	3.49207	4.10792	4.36970e-05
1.36729e+05	1.64202e-02	1.40816e-03	4.71484	1.93918	4.36970e-05
1.36962e+05	1.64277e-02	2.11598e-03	5.86289	5.46120	4.36970e-05
1.37195e+05	1.64203e-02	6.47172e-04	6.07965	2.58828	4.36970e-05
1.37428e+05	1.64213e-02	1.79949e-03	4.55683	0.97465	4.36970e-05
1.37661e+05	1.64279e-02	1.17442e-03	2.37108	5.29039	4.36970e-05
1.37894e+05	1.64268e-02	1.65139e-03	0.08739	2.60514	4.36970e-05
1.38127e+05	1.64212e-02	1.75969e-03	3.22671	0.20196	4.36970e-05
1.38359e+05	1.64267e-02	1.95916e-03	5.95669	3.65899	4.36970e-05
1.38592e+05	1.64280e-02	6.39663e-04	1.30392	1.07811	4.36970e-05
1.38825e+05	1.64246e-02	2.02793e-03	2.17179	4.70667	4.36970e-05
1.39058e+05	1.64285e-02	1.17463e-03	1.46309	2.90061	4.36970e-05
1.39291e+05	1.64293e-02	1.06681e-03	0.71817	0.44067	4.36970e-05
1.39524e+05	1.64235e-02	6.11751e-04	6.16584	3.56331	4.36970e-05
1.39757e+05	1.64299e-02	5.60388e-04	3.60911	1.36953	4.36970e-05
1.39990e+05	1.64296e-02	1.72793e-03	1.01529	4.75373	4.36970e-05
1.40223e+05	1.64279e-02	1.81044e-03	4.24712	1.63105	4.36970e-05
1.40456e+05	1.64278e-02	1.00735e-03	5.46057	6.06564	4.36970e-05
1.40689e+05	1.64269e-02	1.79735e-03	1.28900	2.57188	4.36970e-05
1.40922e+05	1.64298e-02	1.63181e-03	1.04516	0.63149	4.36970e-05
1.41155e+05	1.64318e-02	1.38167e-03	0.66351	4.24850	4.36970e-05
1.41388e+05	1.64278e-02	5.26613e-04	0.52362	0.77251	4.36970e-05
1.41620e+05	1.64330e-02	1.29273e-03	5.68859	3.98087	4.36970e-05
1.41853e+05	1.64315e-02	5.95587e-04	2.53825	1.89256	4.36970e-05
1.42086e+05	1.64287e-02	9.31373e-04	5.52535	5.70006	4.36970e-05
1.42319e+05	1.64329e-02	1.31253e-03	1.80194	2.96815	4.36970e-05
1.42552e+05	1.64350e-02	1.74567e-03	4.76949	5.24993	4.36970e-05
1.42785e+05	1.64290e-02	8.09359e-04	6.20374	2.30577	4.36970e-05
1.43018e+05	1.64325e-02	1.81491e-03	5.76457	0.25969	4.36970e-05
1.43251e+05	1.64346e-02	1.71083e-03	0.24774	2.84048	4.36970e-05
1.43484e+05	1.64360e-02	1.90952e-03	5.10758	0.54575	4.36970e-05
1.43717e+05	1.64335e-02	6.50129e-04	3.73007	3.63255	4.36970e-05
1.43950e+05	1.64312e-02	1.77865e-03	1.77623	0.61530	4.36970e-05
1.44183e+05	1.64320e-02	1.16892e-03	4.46416	4.74168	4.36970e-05
1.44416e+05	1.64328e-02	8.07843e-04	2.02253	0.56968	4.36970e-05
1.44648e+05	1.64329e-02	1.66501e-03	4.06552	3.93048	4.36970e-05
1.44881e+05	1.64330e-02	1.82592e-03	5.08306	1.50662	4.36970e-05
1.45114e+05	1.64331e-02	8.96141e-04	5.72195	5.01620	4.36970e-05
1.45347e+05	1.64326e-02	5.80764e-04	0.37712	1.22685	4.36970e-05
1.45580e+05	1.64353e-02	1.05765e-03	0.38463	3.96842	4.36970e-05
1.45813e+05	1.64392e-02	1.81769e-03	5.48615	1.00434	4.36970e-05
1.46046e+05	1.64362e-02	1.86406e-03	3.36658	4.58303	4.36970e-05
1.46279e+05	1.64396e-02	1.44747e-03	0.74100	1.75048	4.36970e-05
1.46512e+05	1.64351e-02	1.13372e-03	4.08638	4.91208	4.36970e-05
1.46745e+05	1.64390e-02	8.18118e-04	0.60119	1.63078	4.36970e-05
1.46978e+05	1.64364e-02	1.20224e-03	3.64567	3.69713	4.36970e-05
1.47211e+05	1.64403e-02	1.61234e-03	5.12118	0.45016	4.36970e-05
1.47444e+05	1.64392e-02	1.89225e-03	5.43167	4.09474	4.36970e-05
1.47677e+05	1.64400e-02	1.26541e-03	5.57434	1.11531	4.36970e-05
1.47909e+05	1.64374e-02	8.43408e-04	6.12412	3.23467	4.36970e-05
1.48142e+05	1.64407e-02	1.75742e-03	4.94756	0.11068	4.36970e-05
1.48375e+05	1.64443e-02	7.81134e-04	2.82629	3.85190	4.36970e-05
1.48608e+05	1.64398e-02	9.68866e-04	1.90096	5.61260	4.36970e-05
1.48841e+05	1.64451e-02	2.08297e-03	5.11388	2.63886	4.36970e-05
1.49074e+05	1.64442e-02	6.74362e-04	2.28336	5.27910	4.36970e-05
1.49307e+05	1.64443e-02	1.89103e-03	4.31395	2.17542	4.36970e-05
1.49540e+05	1.64452e-02	1.79102e-03	0.41808	4.71705	4.36970e-05
1.49773e+05	1.64431e-02	6.74665e-04	1.13045	1.84388	4.36970e-05
1.50006e+05	1.64415e-02	1.77142e-03	2.15531	4.46948	4.36970e-05
1.50239e+05	1.64453e-02	1.80624e-03	2.56292	0.90508	4.36970e-05
1.50472e+05	1.64412e-02	1.70802e-03	2.62315	3.19277	4.36970e-05
1.50705e+05	1.64441e-02	1.72979e-03	1.75881	6.05170	4.36970e-05
1.50938e+05	1.64453e-02	1.80766e-03	0.48277	2.48021	4.36970e-05
1.51170e+05	1.64440e-02	1.87114e-03	4.39748	5.57216	4.36970e-05
1.51403e+05	1.64478e-02	1.15995e-03	1.42890	2.40153	4.36970e-05
1.51636e+05	1.64479e-02	1.39715e-03	5.99108	3.83309	4.36970e-05
1.51869e+05	1.64480e-02	1.63786e-03	1.48195	1.27107	4.36970e-05
1.52102e+05	1.64467e-02	1.39818e-03	4.87755	2.84713	4.36970e-05
1.52335e+05	1.64438e-02	7.41272e-04	5.52218	0.27982	4.36970e-05
1.52568e+05	1.64488e-02	1.76616e-03	0.76877	2.56102	4.36970e-05
1.52801e+05	1.64504e-02	1.59409e-03	1.44634	5.20132	4.36970e-05
1.53034e+05	1.64467e-02	1.74370e-03	1.77166	1.34447	4.36970e-05
1.53267e+05	1.64485e-02	1.14062e-03	1.18128	4.15259	4.36970e-05
1.53500e+05	1.64469e-02	7.55524e-04	1.16198	5.84529	4.36970e-05
1.53733e+05	1.64499e-02	1.94308e-03	6.00837	2.17002	4.36970e-05
1.53966e+05	1.64489e-02	7.06063e-04	4.18517	4.63856	4.36970e-05
1.54199e+05	1.64531e-02	1.32822e-03	1.32540	1.46132	4.36970e-05
1.54431e+05	1.64520e-02	1.71357e-03	5.25354	3.67448	4.36970e-05
1.54664e+05	1.64518e-02	1.17315e-03	1.66083	0.15754	4.36970e-05
1.54897e+05	1.64479e-02	9.08411e-04	4.12203	2.54877	4.36970e-05
1.55130e+05	1.64551e-02	1.86865e-03	0.94505	4.09679	4.36970e-05
1.55363e+05	1.64521e-02	1.12139e-03	1.82114	1.01378	4.36970e-05
1.55596e+05	1.64490e-02	1.98894e-03	3.47229	2.75157	4.36970e-05
1.55829e+05	1.64512e-02	1.86716e-03	4.31797	5.16397	4.36970e-05
1.56062e+05	1.64509e-02	1.84878e-03	4.53116	1.15084	4.36970e-05
1.56295e+05	1.64505e-02	1.39530e-03	4.04361	3.92386	4.36970e-05
1.56528e+05	1.64541e-02	8.49908e-04	4.31242	5.19141	4.36970e-05
1.56761e+05	1.64563e-02	7.18434e-04	2.52646	2.12421	4.36970e-05
1.56994e+05	1.64539e-02	1.82443e-03	1.17760	4.06340	4.36970e-05
1.57227e+05	1.64516e-02	1.38065e-03	5.33472	0.38721	4.36970e-05
1.57460e+05	1.64578e-02	4.09725e-04	3.53734	2.02397	4.36970e-05
1.57692e+05	1.64576e-02	1.88594e-03	0.81163	4.12200	4.36970e-05
1.57925e+05	1.64564e-02	8.81365e-04	4.62517	5.74035	4.36970e-05
1.58158e+05	1.64535e-02	5.25016e-04	0.19110	2.50078	4.36970e-05
1.58391e+05	1.64592e-02	5.28523e-04	2.06794	4.97867	4.36970e-05
1.58624e+05	1.64564e-02	1.61747e-03	4.61197	0.11324	4.36970e-05
1.58857e+05	1.64547e-02	7.67705e-04	5.52889	2.85005	4.36970e-05
1.59090e+05	1.64601e-02	1.51520e-03	0.39932	5.00012	4.36970e-05
1.59323e+05	1.64596e-02	1.34149e-03	1.01200	0.92139	4.36970e-05
1.59556e+05	1.64601e-02	5.44276e-04	2.32435	1.98880	4.36970e-05
1.59789e+05	1.64607e-02	1.45424e-03	1.29092	4.98823	4.36970e-05
1.60022e+05	1.64571e-02	1.81484e-03	1.54964	0.05997	4.36970e-05
1.60255e+05	1.64608e-02	1.89324e-03	0.44512	2.34976	4.36970e-05
1.60488e+05	1.64587e-02	1.22435e-03	5.19967	4.67564	4.36970e-05
1.60721e+05	1.64622e-02	1.60516e-03	4.61149	5.70003	4.36970e-05
1.60953e+05	1.64604e-02	9.87751e-04	2.60372	1.40384	4.36970e-05
1.61186e+05	1.64625e-02	1.78159e-03	0.11461	3.47046	4.36970e-05
1.61419e+05	1.64582e-02	1.52665e-03	3.07056	6.05532	4.36970e-05
1.61652e+05	1.64654e-02	1.82290e-03	0.58571	1.30663	4.36970e-05
1.61885e+05	1.64632e-02	1.52562e-03	3.94638	2.89607	4.36970e-05
1.62118e+05	1.64636e-02	1.95684e-03	5.95619	5.29151	4.36970e-05
1.62351e+05	1.64648e-02	5.01905e-04	2.10955	0.64872	4.36970e-05
1.62584e+05	1.64658e-02	8.82422e-04	4.55147	2.14866	4.36970e-05
1.62817e+05	1.64605e-02	1.09980e-03	6.12641	3.98187	4.36970e-05
1.63050e+05	1.64651e-02	1.80237e-03	0.29756	0.29233	4.36970e-05
1.63283e+05	1.64660e-02	1.82842e-03	1.55122	1.98163	4.36970e-05
1.63516e+05	1.64644e-02	1.75232e-03	2.16316	3.62312	4.36970e-05
1.63749e+05	1.64652e-02	6.81509e-04	2.43149	5.65038	4.36970e-05
1.63982e+05	1.64620e-02	1.84672e-03	2.44200	1.01218	4.36970e-05
1.64214e+05	1.64677e-02	1.28203e-03	1.86500	3.24729	4.36970e-05
1.64447e+05	1.64683e-02	7.20516e-04	0.96836	5.12069	4.36970e-05
1.64680e+05	1.64689e-02	1.41865e-03	0.46424	0.38585	4.36970e-05
1.64913e+05	1.64685e-02	1.30690e-03	5.53997	2.09182	4.36970e-05
1.65146e+05	1.64685e-02	1.30982e-03	4.97934	2.80399	4.36970e-05
1.65379e+05	1.64681e-02	5.42064e-04	2.49030	5.40422	4.36970e-05
1.65612e+05	1.64650e-02	7.33756e-04	1.48542	6.07575	4.36970e-05
1.65845e+05	1.64666e-02	1.76362e-03	4.63886	2.16589	4.36970e-05
1.66078e+05	1.64642e-02	1.70284e-03	2.55130	3.38193	4.36970e-05
1.66311e+05	1.64704e-02	1.95617e-03	5.84112	5.33975	4.36970e-05
1.66544e+05	1.64684e-02	1.08855e-03	3.18530	0.27971	4.36970e-05
1.66777e+05	1.64718e-02	8.23338e-04	6.06601	1.90096	4.36970e-05
1.67010e+05	1.64686e-02	1.34118e-03	2.25113	3.65318	4.36970e-05
1.67243e+05	1.64734e-02	5.62374e-04	4.47544	5.44933	4.36970e-05
1.67475e+05	1.64671e-02	5.20658e-04	6.25789	1.13172	4.36970e-05
1.67708e+05	1.64708e-02	1.68203e-03	2.17810	2.43667	4.36970e-05
1.67941e+05	1.64735e-02	1.04866e-03	4.40164	3.52287	4.36970e-05
1.68174e+05	1.64740e-02	1.81977e-03	5.47436	5.48236	4.36970e-05
1.68407e+05	1.64724e-02	1.11573e-03	0.71939	0.47968	4.36970e-05
1.68640e+05	1.64696e-02	1.23224e-03	2.00499	1.83581	4.36970e-05
1.68873e+05	1.64752e-02	1.35157e-03	1.64088	4.58359	4.36970e-05
1.69106e+05	1.64735e-02	1.56563e-03	2.51185	5.83494	4.36970e-05
1.69339e+05	1.64745e-02	8.13334e-04	2.38006	1.49399	4.36970e-05
1.69572e+05	1.64698e-02	1.82029e-03	3.28543	2.17127	4.36970e-05
1.69805e+05	1.64728e-02	1.65219e-03	3.05359	3.85062	4.36970e-05
1.70038e+05	1.64769e-02	6.60328e-04	3.62095	4.65453	4.36970e-05
1.70271e+05	1.64768e-02	5.11709e-04	2.62677	0.40127	4.36970e-05
1.70504e+05	1.64771e-02	1.73884e-03	1.63666	2.07802	4.36970e-05
1.70736e+05	1.64734e-02	1.42873e-03	1.32464	3.16878	4.36970e-05
1.70969e+05	1.64744e-02	1.48289e-03	5.82735	5.35418	4.36970e-05
1.71202e+05	1.64769e-02	1.62186e-03	5.12665	6.25731	4.36970e-05
1.71435e+05	1.64723e-02	1.73488e-03	3.45332	1.87658	4.36970e-05
1.71668e+05	1.64787e-02	5.73911e-04	1.79718	3.23788	4.36970e-05
1.71901e+05	1.64748e-02	1.43678e-03	0.59712	4.38277	4.36970e-05
1.72134e+05	1.64735e-02	1.28212e-03	3.82771	0.51013	4.36970e-05
1.72367e+05	1.64784e-02	9.83944e-04	1.65465	2.25244	4.36970e-05
1.72600e+05	1.64808e-02	1.66843e-03	0.22581	2.75552	4.36970e-05
1.72833e+05	1.64809e-02	1.15503e-03	4.33009	4.15151	4.36970e-05
1.73066e+05	1.64804e-02	1.69844e-03	0.73085	0.32465	4.36970e-05
1.73299e+05	1.64807e-02	1.74996e-03	4.44897	1.55051	4.36970e-05
1.73532e+05	1.64761e-02	5.86140e-04	1.66004	3.14078	4.36970e-05
1.73765e+05	1.64823e-02	6.23008e-04	4.10260	5.39479	4.36970e-05
1.73997e+05	1.64777e-02	8.06696e-04	1.41872	6.23223	4.36970e-05
1.74230e+05	1.64810e-02	7.63165e-04	4.30870	1.64833	4.36970e-05
1.74463e+05	1.64810e-02	1.41160e-03	6.26844	3.79366	4.36970e-05
1.74696e+05	1.64779e-02	1.18020e-03	2.41762	5.55617	4.36970e-05
1.74929e+05	1.64772e-02	1.71331e-03	3.52989	1.99823	4.36970e-05
1.75162e+05	1.64848e-02	1.27870e-03	5.46547	3.95966	4.36970e-05
1.75395e+05	1.64799e-02	1.37174e-03	5.79284	1.02426	4.36970e-05
1.75628e+05	1.64861e-02	1.71513e-03	0.59143	3.40900	4.36970e-05
1.75861e+05	1.64820e-02	1.09164e-03	0.31423	0.93405	4.36970e-05
1.76094e+05	1.64817e-02	9.83133e-04	0.28624	4.19449	4.36970e-05
1.76327e+05	1.64819e-02	4.08950e-03	0.27958	6.19691	4.36970e-05
1.76560e+05	1.64849e-02	6.63031e-03	1.82738	2.24554	4.36970e-05
1.76793e+05	1.64836e-02	9.70621e-03	0.77391	0.69265	4.36970e-05
1.77026e+05	1.64863e-02	5.19756e-03	1.11861	5.23887	4.36970e-05
1.77258e+05	1.64840e-02	5.73940e-03	4.42320	0.91842	4.36970e-05
1.77491e+05	1.64803e-02	1.00867e-02	0.81195	1.57194	4.36970e-05
1.77724e+05	1.64768e-02	4.74460e-03	0.21080	1.16900	4.36970e-05
1.77957e+05	1.64833e-02	1.07429e-02	2.06841	4.31721	4.36970e-05
1.78190e+05	1.64836e-02	1.09302e-02	2.72843	1.25773	4.36970e-05
1.78423e+05	1.64843e-02	1.02685e-02	2.20047	2.81562	4.36970e-05
1.78656e+05	1.64822e-02	5.98619e-03	0.47691	4.65447	4.36970e-05
1.78889e+05	1.64797e-02	7.90474e-03	1.79973	0.57067	4.36970e-05
1.79122e+05	1.64791e-02	7.59098e-03	3.75177	5.98450	4.36970e-05
1.79355e+05	1.64838e-02	2.35249e-03	5.73809	1.79551	4.36970e-05
1.79588e+05	1.64820e-02	4.64108e-03	3.97650	6.25826	4.36970e-05
1.79821e+05	1.64809e-02	2.43736e-03	1.93154	1.05614	4.36970e-05
1.80054e+05	1.64807e-02	3.29146e-03	4.86395	1.05911	4.36970e-05
1.80287e+05	1.64770e-02	3.57333e-03	3.55445	3.29467	4.36970e-05
1.80519e+05	1.64797e-02	5.11752e-03	4.49502	2.23854	4.36970e-05
1.80752e+05	1.64846e-02	3.14841e-03	5.33932	2.80746	4.36970e-05
1.80985e+05	1.64774e-02	2.54539e-03	3.42433	2.60106	4.36970e-05
1.81218e+05	1.64838e-02	3.02748e-03	4.72312	0.64942	4.36970e-05
1.81451e+05	1.64812e-02	6.39473e-03	4.93069	3.06542	4.36970e-05
1.81684e+05	1.64823e-02	1.97157e-03	4.47132	2.57550	4.36970e-05
1.81917e+05	1.64803e-02	1.02581e-02	1.56903	5.34515	4.36970e-05
1.82150e+05	1.64829e-02	6.72079e-03	0.42058	2.79957	4.36970e-05
1.82383e+05	1.64855e-02	1.35519e-02	2.13783	2.67006	4.36970e-05
1.82616e+05	1.64818e-02	5.03806e-03	3.16116	5.89315	4.36970e-05
1.82849e+05	1.64860e-02	1.09506e-02	0.94621	0.11914	4.36970e-05
1.83082e+05	1.64840e-02	5.26356e-03	3.32821	5.77117	4.36970e-05
1.83315e+05	1.64876e-02	4.28790e-03	2.12403	3.79159	4.36970e-05
1.83548e+05	1.64863e-02	5.82315e-04	2.10043	1.74418	4.36970e-05
1.83780e+05	1.64863e-02	9.07167e-03	1.50769	0.58352	4.36970e-05
1.84013e+05	1.64783e-02	6.67710e-03	4.66788	3.91773	4.36970e-05
1.84246e+05	1.64830e-02	6.51255e-03	4.56065	1.86832	4.36970e-05
1.84479e+05	1.64848e-02	1.15497e-02	1.66536	3.44130	4.36970e-05
1.84712e+05	1.64824e-02	1.21984e-02	1.62626	0.53066	4.36970e-05
1.84945e+05	1.64860e-02	1.53226e-02	0.35777	4.03006	4.36970e-05
1.85178e+05	1.64844e-02	5.79589e-03	6.12620	2.93025	4.36970e-05
1.85411e+05	1.64823e-02	6.61590e-03	4.91654	2.06800	4.36970e-05
1.85644e+05	1.64812e-02	3.02002e-03	0.64982	2.76668	4.36970e-05
1.85877e+05	1.64846e-02	8.84262e-03	3.57498	3.29078	4.36970e-05
1.86110e+05	1.64782e-02	1.17933e-02	2.76980	1.72720	4.36970e-05
1.86343e+05	1.64787e-02	5.39061e-03	4.97999	4.41769	4.36970e-05
1.86576e+05	1.64870e-02	9.06602e-03	5.63428	1.61686	4.36970e-05
1.86809e+05	1.64830e-02	2.73929e-03	0.98946	0.13544	4.36970e-05
1.87041e+05	1.64852e-02	7.62089e-03	4.59304	5.13101	4.36970e-05
1.87274e+05	1.64853e-02	9.06946e-03	0.09957	6.17042	4.36970e-05
1.87507e+05	1.64816e-02	1.41322e-02	4.68271	3.51525	4.36970e-05
1.87740e+05	1.64813e-02	8.99799e-03	1.15270	0.78311	4.36970e-05
1.87973e+05	1.64803e-02	8.10551e-03	2.94582	5.14787	4.36970e-05
1.88206e+05	1.64794e-02	3.31790e-03	0.26742	4.14655	4.36970e-05
1.88439e+05	1.64813e-02	3.70630e-03	4.30796	4.38729	4.36970e-05
1.88672e+05	1.64810e-02	1.91973e-03	2.11604	3.66204	4.36970e-05
1.88905e+05	1.64791e-02	7.14819e-03	2.97286	4.46967	4.36970e-05
1.89138e+05	1.64802e-02	3.30427e-03	4.51426	1.03530	4.36970e-05
1.89371e+05	1.64818e-02	7.05890e-03	3.11231	4.48284	4.36970e-05
1.89604e+05	1.64815e-02	3.71169e-03	4.45495	0.40087	4.36970e-05
1.89837e+05	1.64807e-02	5.69646e-03	0.83900	3.16038	4.36970e-05
1.90070e+05	1.64818e-02	9.13691e-03	3.57756	6.25171	4.36970e-05
1.90302e+05	1.64841e-02	1.00629e-02	5.20998	0.93386	4.36970e-05
1.90535e+05	1.64821e-02	5.33919e-03	5.22167	3.27445	4.36970e-05
1.90768e+05	1.64837e-02	3.29003e-03	2.27618	5.75482	4.36970e-05
1.91001e+05	1.64790e-02	3.65707e-03	1.18785	0.04505	4.36970e-05
1.91234e+05	1.64788e-02	4.30926e-03	3.47358	3.69174	4.36970e-05
1.91467e+05	1.64807e-02	2.17060e-03	5.74241	2.18199	4.36970e-05
1.91700e+05	1.64830e-02	3.00227e-03	1.24759	2.10609	4.36970e-05
1.91933e+05	1.64790e-02	1.36849e-02	3.78836	5.07615	4.36970e-05
1.92166e+05	1.64805e-02	7.18591e-03	1.51666	4.52924	4.36970e-05
1.92399e+05	1.64798e-02	1.18088e-02	0.56732	3.20900	4.36970e-05
1.92632e+05	1.64795e-02	5.37431e-03	0.38516	1.37587	4.36970e-05
1.92865e+05	1.64856e-02	5.08668e-03	1.77480	3.74899	4.36970e-05
1.93098e+05	1.64818e-02	2.55794e-03	3.01199	1.57617	4.36970e-05
1.93331e+05	1.64838e-02	9.93975e-03	1.72973	4.24757	4.36970e-05
1.93563e+05	1.64791e-02	9.69754e-03	6.05764	2.30470	4.36970e-05
1.93796e+05	1.64810e-02	9.77963e-03	5.23989	5.71599	4.36970e-05
1.94029e+05	1.64834e-02	8.65119e-03	2.47905	0.28762	4.36970e-05
1.94262e+05	1.64818e-02	4.51205e-03	0.34948	2.82462	4.36970e-05
1.94495e+05	1.64793e-02	1.11489e-02	3.34971	1.71414	4.36970e-05
1.94728e+05	1.64853e-02	1.05188e-02	0.23543	5.53601	4.36970e-05
1.94961e+05	1.64788e-02	6.70589e-03	1.42088	4.83227	4.36970e-05
1.95194e+05	1.64832e-02	7.79129e-03	5.80372	2.42090	4.36970e-05
1.95427e+05	1.64817e-02	1.40863e-02	4.80529	5.32741	4.36970e-05
1.95660e+05	1.64836e-02	4.77914e-03	4.05766	5.26609	4.36970e-05
1.95893e+05	1.64820e-02	8.52415e-04	2.42933	1.35243	4.36970e-05
1.96126e+05	1.64855e-02	1.34757e-02	1.99271	5.12249	4.36970e-05
1.96359e+05	1.64791e-02	5.45675e-03	3.13082	2.43153	4.36970e-05
1.96592e+05	1.64800e-02	1.50687e-02	3.86269	0.44572	4.36970e-05
1.96824e+05	1.64788e-02	6.59137e-03	3.24024	3.37314	4.36970e-05
1.97057e+05	1.64818e-02	7.99052e-03	5.77279	0.39125	4.36970e-05
1.97290e+05	1.64818e-02	6.69238e-03	2.38822	1.37953	4.36970e-05
1.97523e+05	1.64850e-02	6.86911e-03	2.15593	4.38691	4.36970e-05
1.97756e+05	1.64848e-02	4.30035e-03	0.33329	0.23516	4.36970e-05
1.97989e+05	1.64793e-02	5.04982e-03	5.28909	1.69304	4.36970e-05
1.98222e+05	1.64849e-02	6.35756e-03	6.18101	2.76583	4.36970e-05
1.98455e+05	1.64782e-02	1.16094e-02	6.17270	0.12419	4.36970e-05
1.98688e+05	1.64839e-02	1.46552e-03	0.68456	5.60512	4.36970e-05
1.98921e+05	1.64831e-02	1.00430e-02	1.58065	4.55050	4.36970e-05
1.99154e+05	1.64785e-02	1.03191e-02	1.64249	0.51617	4.36970e-05
1.99387e+05	1.64850e-02	4.50632e-03	1.86824	1.36987	4.36970e-05
1.99620e+05	1.64849e-02	2.57108e-03	3.81969	4.39587	4.36970e-05
1.99853e+05	1.64843e-02	4.93492e-03	5.18579	0.63460	4.36970e-05
2.00085e+05	1.64796e-02	1.12760e-02	0.73142	3.58398	4.36970e-05
2.00318e+05	1.64815e-02	5.01259e-03	6.24068	4.59002	4.36970e-05
2.00551e+05	1.64786e-02	1.07268e-02	3.96049	0.32612	4.36970e-05
2.00784e+05	1.64842e-02	3.51073e-03	3.24327	0.73439	4.36970e-05
2.01017e+05	1.64794e-02	9.16818e-03	2.74675	4.66409	4.36970e-05
2.01250e+05	1.64835e-02	4.25222e-03	1.88959	5.77168	4.36970e-05
2.01483e+05	1.64831e-02	5.60328e-03	0.25603	1.32940	4.36970e-05
2.01716e+05	1.64824e-02	7.54025e-03	3.33291	3.78092	4.36970e-05
2.01949e+05	1.64827e-02	5.17778e-03	4.00065	5.63730	4.36970e-05
2.02182e+05	1.64829e-02	1.04836e-02	5.23637	3.52793	4.36970e-05
2.02415e+05	1.64833e-02	4.42605e-03	3.94289	3.62508	4.36970e-05
2.02648e+05	1.64789e-02	9.37776e-03	4.50661	0.79144	4.36970e-05
2.02881e+05	1.64764e-02	5.71835e-03	0.08940	5.15321	4.36970e-05
2.03114e+05	1.64799e-02	2.53080e-03	0.27786	0.24026	4.36970e-05
2.03346e+05	1.64827e-02	5.23562e-03	3.89050	5.47000	4.36970e-05
2.03579e+05	1.64808e-02	4.33153e-03	0.98473	4.59336	4.36970e-05
2.03812e+05	1.64817e-02	8.53141e-03	5.88416	0.40298	4.36970e-05
2.04045e+05	1.64824e-02	2.35974e-03	4.46628	3.08208	4.36970e-05
2.04278e+05	1.64808e-02	1.74169e-03	1.78700	1.71875	4.36970e-05
2.04511e+05	1.64824e-02	6.88000e-03	0.04325	1.15452	4.36970e-05
2.04744e+05	1.64841e-02	9.37018e-03	3.09584	0.33421	4.36970e-05
2.04977e+05	1.64810e-02	3.21975e-03	4.48777	2.30910	4.36970e-05
2.05210e+05	1.64801e-02	1.11599e-02	3.28041	3.86748	4.36970e-05
2.05443e+05	1.64765e-02	9.44986e-03	2.85419	6.03093	4.36970e-05
2.05676e+05	1.64835e-02	1.34958e-02	1.32894	1.62378	4.36970e-05
2.05909e+05	1.64833e-02	6.15271e-03	1.23391	2.66685	4.36970e-05
2.06142e+05	1.64748e-02	4.19599e-03	5.45889	2.54848	4.36970e-05
2.06375e+05	1.64845e-02	1.12309e-02	1.07478	5.75562	4.36970e-05
2.06607e+05	1.64804e-02	4.29099e-03	2.00012	3.88685	4.36970e-05
2.06840e+05	1.64789e-02	3.45937e-03	3.84149	5.81665	4.36970e-05
2.07073e+05	1.64835e-02	6.21106e-03	3.76710	5.27268	4.36970e-05
2.07306e+05	1.64853e-02	1.05107e-02	5.88814	3.58221	4.36970e-05
2.07539e+05	1.64761e-02	1.75173e-03	2.10583	2.07354	4.36970e-05
2.07772e+05	1.64834e-02	6.73109e-03	6.11214	4.68649	4.36970e-05
2.08005e+05	1.64795e-02	8.45062e-03	1.54866	1.82884	4.36970e-05
2.08238e+05	1.64787e-02	7.55150e-03	6.06661	5.42893	4.36970e-05
2.08471e+05	1.64841e-02	5.06507e-03	4.79333	3.22920	4.36970e-05
2.08704e+05	1.64787e-02	5.93982e-03	2.03223	6.03755	4.36970e-05
2.08937e+05	1.64790e-02	4.45469e-03	1.57645	0.61688	4.36970e-05
2.09170e+05	1.64820e-02	3.69024e-03	0.76169	3.97279	4.36970e-05
2.09403e+05	1.64808e-02	3.68828e-03	4.13061	2.60976	4.36970e-05
2.09636e+05	1.64771e-02	1.10870e-02	2.18242	2.81913	4.36970e-05
2.09868e+05	1.64800e-02	7.14526e-03	0.59965	3.11512	4.36970e-05
2.10101e+05	1.64812e-02	5.17855e-03	5.79741	4.84813	4.36970e-05
2.10334e+05	1.64791e-02	5.48900e-03	2.33260	5.28714	4.36970e-05
2.10567e+05	1.64757e-02	6.56962e-03	5.95017	5.81301	4.36970e-05
2.10800e+05	1.64795e-02	6.84933e-03	5.68883	5.67981	4.36970e-05
2.11033e+05	1.64765e-02	4.05621e-03	2.31100	1.25468	4.36970e-05
2.11266e+05	1.64754e-02	7.57774e-03	1.55284	1.71388	4.36970e-05
2.11499e+05	1.64752e-02	4.71783e-03	0.69790	2.77980	4.36970e-05
2.11732e+05	1.64798e-02	4.39025e-03	3.33118	3.36386	4.36970e-05
2.11965e+05	1.64810e-02	6.26779e-03	6.08087	4.39904	4.36970e-05
2.12198e+05	1.64757e-02	7.53978e-03	4.02161	4.63734	4.36970e-05
2.12431e+05	1.64763e-02	3.90130e-03	2.47395	5.64423	4.36970e-05
2.12664e+05	1.64806e-02	5.60652e-03	2.03867	0.31890	4.36970e-05
2.12897e+05	1.64736e-02	6.95361e-03	1.08931	1.06990	4.36970e-05
2.13129e+05	1.64802e-02	4.50686e-03	3.96790	1.30793	4.36970e-05
2.13362e+05	1.64806e-02	5.12899e-03	0.07791	2.67651	4.36970e-05
2.13595e+05	1.64767e-02	8.82680e-03	4.74069	2.75695	4.36970e-05
2.13828e+05	1.64780e-02	4.94113e-03	4.07867	2.95456	4.36970e-05
2.14061e+05	1.64810e-02	4.33531e-03	3.54966	4.07175	4.36970e-05
2.14294e+05	1.64786e-02	7.68301e-03	4.76633	4.58151	4.36970e-05
2.14527e+05	1.64765e-02	7.79757e-03	0.98017	4.79170	4.36970e-05
2.14760e+05	1.64744e-02	5.00776e-03	4.63751	5.15143	4.36970e-05
2.14993e+05	1.64771e-02	5.03761e-03	2.36770	6.16518	4.36970e-05
2.15226e+05	1.64741e-02	9.38995e-03	2.92079	5.99536	4.36970e-05
2.15459e+05	1.64800e-02	7.38336e-03	4.68872	5.71474	4.36970e-05
2.15692e+05	1.64770e-02	5.65763e-03	1.68143	5.60918	4.36970e-05
2.15925e+05	1.64774e-02	4.19359e-03	5.92205	5.63316	4.36970e-05
2.16157e+05	1.64785e-02	5.87099e-03	4.48098	5.82991	4.36970e-05
2.16390e+05	1.64798e-02	7.18752e-03	1.34587	4.86004	4.36970e-05
2.16623e+05	1.64744e-02	8.23348e-03	4.00800	4.10331	4.36970e-05
2.16856e+05	1.64780e-02	7.18203e-03	1.10294	3.33023	4.36970e-05
2.17089e+05	1.64761e-02	7.29071e-03	0.78189	2.33246	4.36970e-05
2.17322e+05	1.64777e-02	6.66689e-03	1.35198	1.55776	4.36970e-05
2.17555e+05	1.64758e-02	5.67660e-03	3.39100	0.51804	4.36970e-05
2.17788e+05	1.64748e-02	4.31510e-03	0.25132	5.76912	4.36970e-05
2.18021e+05	1.64804e-02	3.11316e-03	4.50423	4.79078	4.36970e-05
2.18254e+05	1.64743e-02	4.35895e-03	3.30906	4.10901	4.36970e-05
2.18487e+05	1.64762e-02	5.19757e-03	3.11355	3.24766	4.36970e-05
2.18720e+05	1.64742e-02	5.60234e-03	4.04425	2.44687	4.36970e-05
2.18953e+05	1.64730e-02	6.09355e-03	0.21644	1.29128	4.36970e-05
2.19186e+05	1.64762e-02	5.29607e-03	5.85615	5.83136	4.36970e-05
2.19418e+05	1.64780e-02	6.14018e-03	6.26124	4.13283	4.36970e-05
2.19651e+05	1.64788e-02	4.96256e-03	1.43673	2.50208	4.36970e-05
2.19884e+05	1.64790e-02	4.77559e-03	4.36956	0.49987	4.36970e-05
2.20117e+05	1.64784e-02	5.22758e-03	1.64342	5.22019	4.36970e-05
2.20350e+05	1.64733e-02	4.39973e-03	0.49507	3.22021	4.36970e-05
2.20583e+05	1.64767e-02	5.46442e-03	0.08479	1.54290	4.36970e-05
2.20816e+05	1.64779e-02	5.54417e-03	1.10297	5.87882	4.36970e-05
2.21049e+05	1.64787e-02	4.31271e-03	3.47513	3.87693	4.36970e-05
2.21282e+05	1.64717e-02	5.75914e-03	0.56352	1.98233	4.36970e-05
2.21515e+05	1.64782e-02	7.50360e-03	5.11691	0.01099	4.36970e-05
2.21748e+05	1.64711e-02	7.30258e-03	4.39672	4.48007	4.36970e-05
2.21981e+05	1.64769e-02	7.58266e-03	4.79944	2.49113	4.36970e-05
2.22214e+05	1.64757e-02	8.38269e-03	6.14605	0.72267	4.36970e-05
2.22447e+05	1.64715e-02	8.44173e-03	2.42290	5.06729	4.36970e-05
2.22679e+05	1.64767e-02	8.43413e-03	5.91806	3.27306	4.36970e-05
2.22912e+05	1.64776e-02	7.61313e-03	4.18603	1.42717	4.36970e-05
2.23145e+05	1.64782e-02	7.79579e-03	3.80936	5.81599	4.36970e-05
2.23378e+05	1.64776e-02	6.95330e-03	4.55400	3.88509	4.36970e-05
2.23611e+05	1.64782e-02	7.26771e-03	6.20619	2.06825	4.36970e-05
2.23844e+05	1.64761e-02	6.33411e-03	3.04659	0.06977	4.36970e-05
2.24077e+05	1.64715e-02	5.55224e-03	1.10770	4.11059	4.36970e-05
2.24310e+05	1.64774e-02	5.80701e-03	0.35886	1.94723	4.36970e-05
2.24543e+05	1.64723e-02	5.28078e-03	0.87674	5.94348	4.36970e-05
2.24776e+05	1.64752e-02	5.47746e-03	2.41557	3.65109	4.36970e-05
2.25009e+05	1.64769e-02	6.17456e-03	4.86898	1.53050	4.36970e-05
2.25242e+05	1.64724e-02	7.67720e-03	2.09752	5.73229	4.36970e-05
2.25475e+05	1.64735e-02	7.25115e-03	0.37521	3.71192	4.36970e-05
2.25708e+05	1.64738e-02	9.02972e-03	6.08339	1.67345	4.36970e-05
2.25940e+05	1.64718e-02	8.24161e-03	0.28096	5.91086	4.36970e-05
2.26173e+05	1.64734e-02	8.43795e-03	1.79249	3.92228	4.36970e-05
2.26406e+05	1.64757e-02	7.94306e-03	4.55362	1.78865	4.36970e-05
2.26639e+05	1.64760e-02	5.81977e-03	1.97486	6.10233	4.36970e-05
2.26872e+05	1.64765e-02	5.70469e-03	0.84632	3.87417	4.36970e-05
2.27105e+05	1.64722e-02	5.43884e-03	1.09952	1.33418	4.36970e-05
2.27338e+05	1.64724e-02	5.98157e-03	2.09828	5.36185	4.36970e-05
2.27571e+05	1.64709e-02	6.92370e-03	3.82154	3.34385	4.36970e-05
2.27804e+05	1.64772e-02	7.90709e-03	0.31792	1.29648	4.36970e-05
2.28037e+05	1.64762e-02	7.70209e-03	4.29640	5.45629	4.36970e-05
2.28270e+05	1.64757e-02	8.18476e-03	2.76774	3.60665	4.36970e-05
2.28503e+05	1.64728e-02	8.68139e-03	2.86251	1.57344	4.36970e-05
2.28736e+05	1.64756e-02	6.89213e-03	6.10354	4.90176	4.36970e-05
2.28969e+05	1.64725e-02	5.51228e-03	4.13426	1.82937	4.36970e-05
2.29201e+05	1.64779e-02	7.02551e-03	2.08077	5.55672	4.36970e-05
2.29434e+05	1.64755e-02	8.77509e-03	0.91641	3.26856	4.36970e-05
2.29667e+05	1.64758e-02	7.98906e-03	2.34669	0.49395	4.36970e-05
2.29900e+05	1.64696e-02	5.26848e-03	5.29756	3.64730	4.36970e-05
2.30133e+05	1.64762e-02	6.03594e-03	3.26766	0.33048	4.36970e-05
2.30366e+05	1.64724e-02	8.35303e-03	2.00360	3.61215	4.36970e-05
2.30599e+05	1.64750e-02	7.25872e-03	1.52967	0.86891	4.36970e-05
2.30832e+05	1.64721e-02	6.41335e-03	2.47814	3.99458	4.36970e-05
2.31065e+05	1.64722e-02	7.53888e-03	4.68766	0.75093	4.36970e-05
2.31298e+05	1.64756e-02	8.37313e-03	1.19474	4.27228	4.36970e-05
2.31531e+05	1.64715e-02	8.26304e-03	5.02139	1.55733	4.36970e-05
2.31764e+05	1.64717e-02	6.30924e-03	4.64320	4.57691	4.36970e-05
2.31997e+05	1.64703e-02	5.72388e-03	5.73784	0.97428	4.36970e-05
2.32230e+05	1.64751e-02	7.93992e-03	1.16912	4.21385	4.36970e-05
2.32462e+05	1.64700e-02	8.47868e-03	3.90083	1.18795	4.36970e-05
2.32695e+05	1.64760e-02	6.55580e-03	1.69884	4.23428	4.36970e-05
2.32928e+05	1.64699e-02	7.31009e-03	0.74433	0.82053	4.36970e-05
