# t	a	e	mean_anomaly	varpi	mass/M_star
0.00000e+00	2.12462e-02	9.51043e-02	5.47847	2.19739	1.29620e-05
2.32928e+02	2.12602e-02	9.20948e-02	1.52076	2.42727	1.29620e-05
4.65857e+02	2.12495e-02	8.83900e-02	3.72486	3.41777	1.29620e-05
6.98785e+02	2.12660e-02	8.47128e-02	4.17746	4.23782	1.29620e-05
9.31713e+02	2.12649e-02	8.08744e-02	2.73679	3.80335	1.29620e-05
1.16464e+03	2.12704e-02	7.70345e-02	0.50622	0.81956	1.29620e-05
1.39757e+03	2.12763e-02	7.27720e-02	0.01821	0.02340	1.29620e-05
1.63050e+03	2.12872e-02	6.85492e-02	4.97539	5.80995	1.29620e-05
1.86343e+03	2.12827e-02	6.39527e-02	1.63978	3.27280	1.29620e-05
2.09636e+03	2.12987e-02	5.92256e-02	2.69599	2.01226	1.29620e-05
2.32928e+03	2.13026e-02	5.45138e-02	3.46002	4.49394	1.29620e-05
2.56221e+03	2.13087e-02	4.99535e-02	0.99785	5.77532	1.29620e-05
2.79514e+03	2.13172e-02	4.53175e-02	0.63972	5.54571	1.29620e-05
3.02807e+03	2.13172e-02	4.02095e-02	3.98502	1.42314	1.29620e-05
3.26100e+03	2.13284e-02	3.54230e-02	2.99597	0.89935	1.29620e-05
3.49393e+03	2.13411e-02	3.12181e-02	5.53318	2.44126	1.29620e-05
3.72685e+03	2.13398e-02	2.68518e-02	2.92928	3.05503	1.29620e-05
3.95978e+03	2.13509e-02	2.36254e-02	5.34893	1.54205	1.29620e-05
4.19271e+03	2.13629e-02	2.10286e-02	0.29418	3.05093	1.29620e-05
4.42564e+03	2.13626e-02	1.88080e-02	0.74025	1.67511	1.29620e-05
4.65857e+03	2.13604e-02	1.71013e-02	2.18280	3.20782	1.29620e-05
4.89150e+03	2.13611e-02	1.59267e-02	3.77189	2.28889	1.29620e-05
5.12442e+03	2.13681e-02	1.49170e-02	4.13993	4.94732	1.29620e-05
5.35735e+03	2.13703e-02	1.41032e-02	2.30560	2.77843	1.29620e-05
5.59028e+03	2.13758e-02	1.33117e-02	3.84414	4.74639	1.29620e-05
5.82321e+03	2.13779e-02	1.26319e-02	2.16303	6.11804	1.29620e-05
6.05614e+03	2.13756e-02	1.20918e-02	3.59020	1.44793	1.29620e-05
6.28907e+03	2.13830e-02	1.15003e-02	1.77443	3.88051	1.29620e-05
6.52199e+03	2.13871e-02	1.10706e-02	3.10208	1.20668	1.29620e-05
6.75492e+03	2.13926e-02	1.05105e-02	1.40951	6.15155	1.29620e-05
6.98785e+03	2.13860e-02	1.03156e-02	2.98549	0.07323	1.29620e-05
7.22078e+03	2.13949e-02	9.68321e-03	1.72931	1.89119	1.29620e-05
7.45371e+03	2.13978e-02	9.51008e-03	4.00466	5.35161	1.29620e-05
7.68664e+03	2.14004e-02	9.08700e-03	3.44946	4.44152	1.29620e-05
7.91956e+03	2.14093e-02	9.00473e-03	0.14686	5.45487	1.29620e-05
8.15249e+03	2.14102e-02	8.77650e-03	0.51477	2.04827	1.29620e-05
8.38542e+03	2.14086e-02	8.08466e-03	4.63410	0.57173	1.29620e-05
8.61835e+03	2.14134e-02	8.18744e-03	6.06727	1.20430	1.29620e-05
8.85128e+03	2.14121e-02	7.70524e-03	4.84676	4.04023	1.29620e-05
9.08421e+03	2.14257e-02	7.80484e-03	1.13268	2.67218	1.29620e-05
9.31713e+03	2.14264e-02	7.58285e-03	1.06531	3.56138	1.29620e-05
9.55006e+03	2.14199e-02	7.07049e-03	4.81573	0.36072	1.29620e-05
9.78299e+03	2.14268e-02	7.06878e-03	5.99449	5.73572	1.29620e-05
1.00159e+04	2.14274e-02	6.61682e-03	4.53571	1.00464	1.29620e-05
1.02488e+04	2.14337e-02	6.78697e-03	0.51362	4.95702	1.29620e-05
1.04818e+04	2.14425e-02	6.65002e-03	0.19821	5.05350	1.29620e-05
1.07147e+04	2.14347e-02	6.16828e-03	3.61567	1.36041	1.29620e-05
1.09476e+04	2.14378e-02	6.21823e-03	4.47480	0.14741	1.29620e-05
1.11806e+04	2.14346e-02	5.99474e-03	2.59281	1.68579	1.29620e-05
1.14135e+04	2.14415e-02	5.81633e-03	4.29291	5.94167	1.29620e-05
1.16464e+04	2.14396e-02	5.82777e-03	3.38643	0.25602	1.29620e-05
1.18793e+04	2.14582e-02	5.82931e-03	6.15910	3.56035	1.29620e-05
1.21123e+04	2.14540e-02	5.47628e-03	6.05762	3.53055	1.29620e-05
1.23452e+04	2.14535e-02	5.37721e-03	3.36425	6.25081	1.29620e-05
1.25781e+04	2.14564e-02	5.38446e-03	4.21003	5.58854	1.29620e-05
1.28111e+04	2.14582e-02	5.12668e-03	2.09312	1.75723	1.29620e-05
1.30440e+04	2.14603e-02	5.02182e-03	3.66359	0.75837	1.29620e-05
1.32769e+04	2.14691e-02	4.85570e-03	2.09499	3.09987	1.29620e-05
1.35098e+04	2.14663e-02	4.84107e-03	4.34233	1.90820	1.29620e-05
1.37428e+04	2.14671e-02	4.82445e-03	3.51866	4.06152	1.29620e-05
1.39757e+04	2.14693e-02	4.66001e-03	5.92059	3.26024	1.29620e-05
1.42086e+04	2.14784e-02	4.88319e-03	5.63790	5.49280	1.29620e-05
1.44416e+04	2.14736e-02	4.52188e-03	2.17484	4.96340	1.29620e-05
1.46745e+04	2.14774e-02	4.40246e-03	2.01930	1.46153	1.29620e-05
1.49074e+04	2.14832e-02	4.48496e-03	5.20123	1.31807	1.29620e-05
1.51403e+04	2.14875e-02	4.20832e-03	5.03941	4.89361	1.29620e-05
1.53733e+04	2.14867e-02	4.20428e-03	1.92915	5.58465	1.29620e-05
1.56062e+04	2.14886e-02	4.24930e-03	1.89892	3.64136	1.29620e-05
1.58391e+04	2.14957e-02	4.02215e-03	5.12554	5.16036	1.29620e-05
1.60721e+04	2.14967e-02	4.09975e-03	5.17686	4.08089	1.29620e-05
1.63050e+04	2.14940e-02	4.01384e-03	1.74527	0.67443	1.29620e-05
1.65379e+04	2.15006e-02	3.84628e-03	1.49435	0.91869	1.29620e-05
1.67708e+04	2.15088e-02	3.76308e-03	4.27965	4.94896	1.29620e-05
1.70038e+04	2.15034e-02	3.74357e-03	3.51814	0.48822	1.29620e-05
1.72367e+04	2.15035e-02	3.70484e-03	5.67211	6.28179	1.29620e-05
1.74696e+04	2.15075e-02	3.64684e-03	4.39088	3.51084	1.29620e-05
1.77026e+04	2.15175e-02	3.78136e-03	6.14160	4.62886	1.29620e-05
1.79355e+04	2.15123e-02	3.53485e-03	4.21317	3.77092	1.29620e-05
1.81684e+04	2.15137e-02	3.57827e-03	5.04944	0.76773	1.29620e-05
1.84013e+04	2.15139e-02	3.44253e-03	2.54153	1.79919	1.29620e-05
1.86343e+04	2.15208e-02	3.45151e-03	2.39583	1.12115	1.29620e-05
1.88672e+04	2.15320e-02	3.71854e-03	5.21846	4.48556	1.29620e-05
1.91001e+04	2.15339e-02	3.28633e-03	4.22056	6.09986	1.29620e-05
1.93331e+04	2.15361e-02	3.31887e-03	5.58272	6.05763	1.29620e-05
1.95660e+04	2.15291e-02	3.23281e-03	3.43441	4.01883	1.29620e-05
1.97989e+04	2.15376e-02	3.04462e-03	3.85216	0.14954	1.29620e-05
2.00318e+04	2.15425e-02	3.25576e-03	0.12846	1.22950	1.29620e-05
2.02648e+04	2.15424e-02	3.27104e-03	5.52914	0.26653	1.29620e-05
2.04977e+04	2.15511e-02	3.25817e-03	0.36801	4.36626	1.29620e-05
2.07306e+04	2.15434e-02	3.12092e-03	4.07882	0.45117	1.29620e-05
2.09636e+04	2.15466e-02	2.96031e-03	3.45509	1.68705	1.29620e-05
2.11965e+04	2.15550e-02	2.93499e-03	5.34344	1.29815	1.29620e-05
2.14294e+04	2.15524e-02	2.93514e-03	3.23452	5.78246	1.29620e-05
2.16623e+04	2.15527e-02	2.97074e-03	3.21703	2.75630	1.29620e-05
2.18953e+04	2.15623e-02	2.96314e-03	5.43518	4.71199	1.29620e-05
2.21282e+04	2.15564e-02	2.84141e-03	3.27143	5.66002	1.29620e-05
2.23611e+04	2.15612e-02	2.76241e-03	3.38769	5.29153	1.29620e-05
2.25940e+04	2.15698e-02	2.76740e-03	5.29908	4.08100	1.29620e-05
2.28270e+04	2.15662e-02	2.67883e-03	3.09724	1.63901	1.29620e-05
2.30599e+04	2.15713e-02	2.55364e-03	2.57160	4.81357	1.29620e-05
2.32928e+04	2.15724e-02	2.69471e-03	4.34663	0.40140	1.29620e-05
2.35258e+04	2.15828e-02	2.93577e-03	1.25028	1.84089	1.29620e-05
2.37587e+04	2.15752e-02	2.60893e-03	0.46265	2.02685	1.29620e-05
2.39916e+04	2.15822e-02	2.56665e-03	0.97103	1.92812	1.29620e-05
2.42245e+04	2.15842e-02	2.49326e-03	3.55502	0.83455	1.29620e-05
2.44575e+04	2.15810e-02	2.55031e-03	1.34172	5.60587	1.29620e-05
2.46904e+04	2.15840e-02	2.50520e-03	0.92550	3.35157	1.29620e-05
2.49233e+04	2.15906e-02	2.57261e-03	1.78991	0.93869	1.29620e-05
2.51563e+04	2.15933e-02	2.44050e-03	4.63034	3.91774	1.29620e-05
2.53892e+04	2.15934e-02	2.51641e-03	2.22615	0.72198	1.29620e-05
2.56221e+04	2.15954e-02	2.44677e-03	1.85051	2.89183	1.29620e-05
2.58550e+04	2.15991e-02	2.36217e-03	2.41136	5.30307	1.29620e-05
2.60880e+04	2.16103e-02	2.43153e-03	4.83174	0.70828	1.29620e-05
2.63209e+04	2.16040e-02	2.33089e-03	1.91003	2.63020	1.29620e-05
2.65538e+04	2.16052e-02	2.35718e-03	0.45933	4.29911	1.29620e-05
2.67868e+04	2.16100e-02	2.39037e-03	6.24769	6.18718	1.29620e-05
2.70197e+04	2.16190e-02	2.59117e-03	0.89805	1.57965	1.29620e-05
2.72526e+04	2.16150e-02	2.30463e-03	3.11267	3.20368	1.29620e-05
2.74855e+04	2.16271e-02	2.51269e-03	6.22544	5.19722	1.29620e-05
2.77185e+04	2.16183e-02	2.22477e-03	4.22262	0.96744	1.29620e-05
2.79514e+04	2.16190e-02	2.20445e-03	3.49463	3.01128	1.29620e-05
2.81843e+04	2.16216e-02	2.15261e-03	3.34244	5.78616	1.29620e-05
2.84173e+04	2.16259e-02	2.15314e-03	4.16471	2.56636	1.29620e-05
2.86502e+04	2.16346e-02	2.38633e-03	6.02827	5.89114	1.29620e-05
2.88831e+04	2.16317e-02	2.10186e-03	2.48410	3.37277	1.29620e-05
2.91160e+04	2.16321e-02	2.06026e-03	5.86522	1.56721	1.29620e-05
2.93490e+04	2.16368e-02	2.05001e-03	3.67889	0.35821	1.29620e-05
2.95819e+04	2.16386e-02	2.11924e-03	2.08103	6.19288	1.29620e-05
2.98148e+04	2.16503e-02	2.16384e-03	1.40320	6.21426	1.29620e-05
3.00478e+04	2.16456e-02	1.98467e-03	1.30649	0.72012	1.29620e-05
3.02807e+04	2.16457e-02	1.93865e-03	1.71038	2.39236	1.29620e-05
3.05136e+04	2.16522e-02	1.81330e-03	2.61550	4.95893	1.29620e-05
3.07465e+04	2.16580e-02	1.78605e-03	4.17764	2.02295	1.29620e-05
3.09795e+04	2.16551e-02	1.91607e-03	5.61202	0.60399	1.29620e-05
3.12124e+04	2.16652e-02	2.16385e-03	1.33506	0.04314	1.29620e-05
3.14453e+04	2.16585e-02	1.94689e-03	4.11980	0.17312	1.29620e-05
3.16783e+04	2.16671e-02	2.14953e-03	0.26897	2.07907	1.29620e-05
3.19112e+04	2.16636e-02	1.82487e-03	3.13579	5.01356	1.29620e-05
3.21441e+04	2.16667e-02	2.00865e-03	6.15399	3.01216	1.29620e-05
3.23770e+04	2.16686e-02	1.82097e-03	3.01640	2.34074	1.29620e-05
3.26100e+04	2.16773e-02	2.10565e-03	6.24348	3.08041	1.29620e-05
3.28429e+04	2.16736e-02	1.80548e-03	3.33834	5.17337	1.29620e-05
3.30758e+04	2.16775e-02	1.93994e-03	0.12891	2.82847	1.29620e-05
3.33088e+04	2.16785e-02	1.78598e-03	3.09421	2.08979	1.29620e-05
3.35417e+04	2.16870e-02	2.09579e-03	5.95050	2.99303	1.29620e-05
3.37746e+04	2.16838e-02	1.75802e-03	2.42825	5.56313	1.29620e-05
3.40075e+04	2.16831e-02	1.80360e-03	5.00609	3.55921	1.29620e-05
3.42405e+04	2.16878e-02	1.70306e-03	1.06529	3.35395	1.29620e-05
3.44734e+04	2.16852e-02	1.85965e-03	2.86381	5.26541	1.29620e-05
3.47063e+04	2.17014e-02	1.69829e-03	4.39173	2.77431	1.29620e-05
3.49393e+04	2.17038e-02	2.04110e-03	5.39400	2.37241	1.29620e-05
3.51722e+04	2.17024e-02	1.77490e-03	5.55911	4.40740	1.29620e-05
3.54051e+04	2.16984e-02	1.72994e-03	5.23498	2.28632	1.29620e-05
3.56380e+04	2.17046e-02	1.80605e-03	4.92786	1.74033	1.29620e-05
3.58710e+04	2.17038e-02	1.63280e-03	3.36496	4.07661	1.29620e-05
3.61039e+04	2.17059e-02	1.72303e-03	1.23458	2.36141	1.29620e-05
3.63368e+04	2.17122e-02	1.63190e-03	4.52997	3.12260	1.29620e-05
3.65697e+04	2.17176e-02	1.77895e-03	0.57807	0.21666	1.29620e-05
3.68027e+04	2.17223e-02	1.58110e-03	1.83340	0.04920	1.29620e-05
3.70356e+04	2.17161e-02	1.59676e-03	2.96967	1.69880	1.29620e-05
3.72685e+04	2.17211e-02	1.60051e-03	2.47068	0.35352	1.29620e-05
3.75015e+04	2.17202e-02	1.62411e-03	1.27197	1.39444	1.29620e-05
3.77344e+04	2.17301e-02	1.49133e-03	4.99437	5.51977	1.29620e-05
3.79673e+04	2.17263e-02	1.68719e-03	1.54402	5.92762	1.29620e-05
3.82002e+04	2.17310e-02	1.47809e-03	2.91069	3.22945	1.29620e-05
3.84332e+04	2.17310e-02	1.50483e-03	2.94897	3.57891	1.29620e-05
3.86661e+04	2.17443e-02	1.69602e-03	1.48887	0.89758	1.29620e-05
3.88990e+04	2.17448e-02	1.60451e-03	5.64629	0.59076	1.29620e-05
3.91320e+04	2.17487e-02	1.84767e-03	1.03405	4.50973	1.29620e-05
3.93649e+04	2.17432e-02	1.61370e-03	1.86683	4.76144	1.29620e-05
3.95978e+04	2.17440e-02	1.49322e-03	1.55709	1.60237	1.29620e-05
3.98307e+04	2.17560e-02	1.85136e-03	5.39862	2.34014	1.29620e-05
4.00637e+04	2.17544e-02	1.53720e-03	1.12291	0.42553	1.29620e-05
4.02966e+04	2.17554e-02	1.59609e-03	1.35790	2.03433	1.29620e-05
4.05295e+04	2.17614e-02	1.77033e-03	6.21536	0.80722	1.29620e-05
4.07625e+04	2.17559e-02	1.43054e-03	3.43018	2.73143	1.29620e-05
4.09954e+04	2.17599e-02	1.34176e-03	4.22075	2.90595	1.29620e-05
4.12283e+04	2.17571e-02	1.52203e-03	3.41079	0.17646	1.29620e-05
4.14612e+04	2.17736e-02	1.64361e-03	0.63606	1.22290	1.29620e-05
4.16942e+04	2.17658e-02	1.48030e-03	2.26860	5.99329	1.29620e-05
4.19271e+04	2.17735e-02	1.26410e-03	1.49469	2.40097	1.29620e-05
4.21600e+04	2.17715e-02	1.41287e-03	4.48615	3.15918	1.29620e-05
4.23930e+04	2.17835e-02	1.52916e-03	5.91051	1.03888	1.29620e-05
4.26259e+04	2.17786e-02	1.51621e-03	4.81792	3.30359	1.29620e-05
4.28588e+04	2.17771e-02	1.13987e-03	1.03098	3.79169	1.29620e-05
4.30917e+04	2.17905e-02	1.58276e-03	0.98049	2.41385	1.29620e-05
4.33247e+04	2.17822e-02	1.61336e-03	5.02658	5.11722	1.29620e-05
4.35576e+04	2.17937e-02	1.48740e-03	0.20064	5.97318	1.29620e-05
4.37905e+04	2.17978e-02	1.48835e-03	5.51793	4.84205	1.29620e-05
4.40235e+04	2.17958e-02	1.25973e-03	1.42505	2.45772	1.29620e-05
4.42564e+04	2.18021e-02	1.86759e-03	0.62164	4.92934	1.29620e-05
4.44893e+04	2.17988e-02	1.56683e-03	4.48418	4.62719	1.29620e-05
4.47222e+04	2.17996e-02	1.38576e-03	4.50899	3.77501	1.29620e-05
4.49552e+04	2.18022e-02	1.36866e-03	1.79778	1.30623	1.29620e-05
4.51881e+04	2.18008e-02	1.33993e-03	2.45163	3.63538	1.29620e-05
4.54210e+04	2.18076e-02	1.34847e-03	6.15891	4.82540	1.29620e-05
4.56540e+04	2.18146e-02	1.25394e-03	0.76021	4.49996	1.29620e-05
4.58869e+04	2.18134e-02	1.21324e-03	4.83195	2.88354	1.29620e-05
4.61198e+04	2.18225e-02	1.43944e-03	5.54517	0.26994	1.29620e-05
4.63527e+04	2.18186e-02	1.32310e-03	2.54993	3.30000	1.29620e-05
4.65857e+04	2.18188e-02	1.48845e-03	2.25972	5.58883	1.29620e-05
4.68186e+04	2.18201e-02	1.15518e-03	5.88118	5.88407	1.29620e-05
4.70515e+04	2.18240e-02	1.13347e-03	4.94225	0.12405	1.29620e-05
4.72845e+04	2.18292e-02	1.51284e-03	0.98126	5.64665	1.29620e-05
4.75174e+04	2.18295e-02	1.43275e-03	0.08382	3.75600	1.29620e-05
4.77503e+04	2.18341e-02	1.53049e-03	1.05310	1.95853	1.29620e-05
4.79832e+04	2.18339e-02	1.31959e-03	4.98045	5.48323	1.29620e-05
4.82162e+04	2.18342e-02	1.17444e-03	5.19416	2.10060	1.29620e-05
4.84491e+04	2.18411e-02	1.19063e-03	1.14749	4.95297	1.29620e-05
4.86820e+04	2.18420e-02	1.35791e-03	0.42684	0.18058	1.29620e-05
4.89150e+04	2.18500e-02	1.38327e-03	0.73112	2.67496	1.29620e-05
4.91479e+04	2.18472e-02	1.03067e-03	3.85715	4.31419	1.29620e-05
4.93808e+04	2.18497e-02	1.19341e-03	2.94270	5.70462	1.29620e-05
4.96137e+04	2.18491e-02	1.24569e-03	3.69727	1.16617	1.29620e-05
4.98467e+04	2.18606e-02	1.07639e-03	0.69422	2.36348	1.29620e-05
5.00796e+04	2.18628e-02	1.60893e-03	6.24253	3.29909	1.29620e-05
5.03125e+04	2.18652e-02	1.48719e-03	6.20283	5.55069	1.29620e-05
5.05454e+04	2.18557e-02	1.23561e-03	3.18726	0.25545	1.29620e-05
5.07784e+04	2.18614e-02	1.24821e-03	1.04877	2.35881	1.29620e-05
5.10113e+04	2.18648e-02	1.24115e-03	0.79229	4.60250	1.29620e-05
5.12442e+04	2.18674e-02	1.06155e-03	2.20006	0.95335	1.29620e-05
5.14772e+04	2.18761e-02	9.45757e-04	4.83004	4.37180	1.29620e-05
5.17101e+04	2.18727e-02	1.03750e-03	3.10798	1.61079	1.29620e-05
5.19430e+04	2.18704e-02	1.31741e-03	2.72044	5.83769	1.29620e-05
5.21759e+04	2.18797e-02	1.18560e-03	4.14837	4.03887	1.29620e-05
5.24089e+04	2.18918e-02	1.21903e-03	0.00907	3.53997	1.29620e-05
5.26418e+04	2.18794e-02	1.19463e-03	3.71783	3.52963	1.29620e-05
5.28747e+04	2.18881e-02	1.09742e-03	2.46405	4.28116	1.29620e-05
5.31077e+04	2.18888e-02	1.15035e-03	2.06930	6.20570	1.29620e-05
5.33406e+04	2.18854e-02	1.35911e-03	3.17953	2.40583	1.29620e-05
5.35735e+04	2.18963e-02	1.15322e-03	4.81419	0.17272	1.29620e-05
5.38064e+04	2.19060e-02	1.16071e-03	0.95019	5.48329	1.29620e-05
5.40394e+04	2.19019e-02	1.28591e-03	5.03852	4.91599	1.29620e-05
5.42723e+04	2.19021e-02	9.36520e-04	3.03413	6.23397	1.29620e-05
5.45052e+04	2.19118e-02	1.13120e-03	1.21275	3.19511	1.29620e-05
5.47382e+04	2.19050e-02	1.07600e-03	1.58210	0.02297	1.29620e-05
5.49711e+04	2.19180e-02	1.21079e-03	1.35844	5.81577	1.29620e-05
5.52040e+04	2.19120e-02	9.71753e-04	2.20739	0.08942	1.29620e-05
5.54369e+04	2.19147e-02	1.07597e-03	4.04514	1.72802	1.29620e-05
5.56699e+04	2.19137e-02	9.60859e-04	5.34961	5.99764	1.29620e-05
5.59028e+04	2.19236e-02	9.95441e-04	1.30565	5.15270	1.29620e-05
5.61357e+04	2.19207e-02	9.81851e-04	3.59105	0.11395	1.29620e-05
5.63687e+04	2.19301e-02	1.36807e-03	5.87564	3.44164	1.29620e-05
5.66016e+04	2.19223e-02	1.24450e-03	2.76196	1.71543	1.29620e-05
5.68345e+04	2.19350e-02	1.35008e-03	5.79837	2.26651	1.29620e-05
5.70674e+04	2.19324e-02	9.84769e-04	1.88292	5.58001	1.29620e-05
5.73004e+04	2.19327e-02	1.03256e-03	4.71719	4.27181	1.29620e-05
5.75333e+04	2.19341e-02	1.06599e-03	1.40635	4.98030	1.29620e-05
5.77662e+04	2.19403e-02	1.16317e-03	4.32656	1.56285	1.29620e-05
5.79992e+04	2.19441e-02	1.11947e-03	0.33479	0.90899	1.29620e-05
5.82321e+04	2.19397e-02	1.11372e-03	2.81315	2.20789	1.29620e-05
5.84650e+04	2.19475e-02	8.44262e-04	4.47620	0.21100	1.29620e-05
5.86979e+04	2.19538e-02	1.20822e-03	5.59122	0.87973	1.29620e-05
5.89309e+04	2.19573e-02	1.28401e-03	0.52669	3.59638	1.29620e-05
5.91638e+04	2.19611e-02	1.01538e-03	0.41390	3.54255	1.29620e-05
5.93967e+04	2.19613e-02	1.06296e-03	0.43677	5.48422	1.29620e-05
5.96297e+04	2.19644e-02	1.29741e-03	5.92527	4.12172	1.29620e-05
5.98626e+04	2.19628e-02	9.84091e-04	4.45722	5.59758	1.29620e-05
6.00955e+04	2.19631e-02	1.01300e-03	2.15550	3.81846	1.29620e-05
6.03284e+04	2.19651e-02	1.01038e-03	4.70076	5.62287	1.29620e-05
6.05614e+04	2.19760e-02	1.21778e-03	0.77250	3.51038	1.29620e-05
6.07943e+04	2.19718e-02	1.04183e-03	1.69035	5.04309	1.29620e-05
6.10272e+04	2.19745e-02	8.49497e-04	2.10910	2.94622	1.29620e-05
6.12602e+04	2.19852e-02	1.20687e-03	1.00962	4.55908	1.29620e-05
6.14931e+04	2.19766e-02	1.04203e-03	5.12951	3.16918	1.29620e-05
6.17260e+04	2.19788e-02	8.65794e-04	2.02096	4.89312	1.29620e-05
6.19589e+04	2.19837e-02	9.23036e-04	3.97870	3.75096	1.29620e-05
6.21919e+04	2.19831e-02	8.70335e-04	3.71793	0.74659	1.29620e-05
6.24248e+04	2.19895e-02	8.37237e-04	2.57643	0.85645	1.29620e-05
6.26577e+04	2.19970e-02	1.16167e-03	0.42282	4.16237	1.29620e-05
6.28907e+04	2.19954e-02	1.00195e-03	2.45726	5.49700	1.29620e-05
6.31236e+04	2.19967e-02	7.54100e-04	3.30186	3.98304	1.29620e-05
6.33565e+04	2.19972e-02	8.51332e-04	1.82323	0.70570	1.29620e-05
6.35894e+04	2.20054e-02	1.16488e-03	5.93960	0.34384	1.29620e-05
6.38224e+04	2.20081e-02	1.17628e-03	0.31737	5.66866	1.29620e-05
6.40553e+04	2.20134e-02	8.80264e-04	0.76163	0.90683	1.29620e-05
6.42882e+04	2.20108e-02	7.88161e-04	5.14953	0.69551	1.29620e-05
6.45211e+04	2.20181e-02	1.17325e-03	0.61957	5.36433	1.29620e-05
6.47541e+04	2.20220e-02	1.28954e-03	0.78413	1.32856	1.29620e-05
6.49870e+04	2.20206e-02	9.67296e-04	5.72633	1.02651	1.29620e-05
6.52199e+04	2.20212e-02	8.00332e-04	1.72471	5.64083	1.29620e-05
6.54529e+04	2.20228e-02	1.07615e-03	1.15755	2.82409	1.29620e-05
6.56858e+04	2.20289e-02	1.19256e-03	6.15671	2.96366	1.29620e-05
6.59187e+04	2.20294e-02	8.00643e-04	0.94762	3.01366	1.29620e-05
6.61516e+04	2.20294e-02	7.87334e-04	0.89127	0.18646	1.29620e-05
6.63846e+04	2.20371e-02	8.78212e-04	4.50671	2.27477	1.29620e-05
6.66175e+04	2.20322e-02	8.99856e-04	4.60608	3.85366	1.29620e-05
6.68504e+04	2.20357e-02	7.45280e-04	2.52498	3.61529	1.29620e-05
6.70834e+04	2.20478e-02	9.28531e-04	4.94395	1.19854	1.29620e-05
6.73163e+04	2.20420e-02	9.41142e-04	3.97701	4.43653	1.29620e-05
6.75492e+04	2.20487e-02	8.31393e-04	0.04162	0.37821	1.29620e-05
6.77821e+04	2.20527e-02	1.22482e-03	0.27195	0.74552	1.29620e-05
6.80151e+04	2.20505e-02	9.02264e-04	3.37241	0.57814	1.29620e-05
6.82480e+04	2.20530e-02	8.64706e-04	3.86847	5.30618	1.29620e-05
6.84809e+04	2.20577e-02	8.23597e-04	1.21166	2.93872	1.29620e-05
6.87139e+04	2.20647e-02	7.54555e-04	1.42835	0.05229	1.29620e-05
6.89468e+04	2.20645e-02	1.14073e-03	6.01760	1.38277	1.29620e-05
6.91797e+04	2.20639e-02	7.88432e-04	0.39764	2.69101	1.29620e-05
6.94126e+04	2.20712e-02	8.85057e-04	4.96270	2.46527	1.29620e-05
6.96456e+04	2.20643e-02	8.53546e-04	4.72281	3.07973	1.29620e-05
6.98785e+04	2.20701e-02	7.81481e-04	1.87624	2.36786	1.29620e-05
7.01114e+04	2.20718e-02	8.85341e-04	1.58003	1.46516	1.29620e-05
7.03444e+04	2.20709e-02	8.07779e-04	5.17836	5.33747	1.29620e-05
7.05773e+04	2.20856e-02	1.12130e-03	5.21066	2.55209	1.29620e-05
7.08102e+04	2.20761e-02	8.55981e-04	0.89658	0.19945	1.29620e-05
7.10431e+04	2.20873e-02	1.10987e-03	6.13188	3.26846	1.29620e-05
7.12761e+04	2.20914e-02	1.11932e-03	0.75452	0.45694	1.29620e-05
7.15090e+04	2.20899e-02	7.68754e-04	5.21035	2.76969	1.29620e-05
7.17419e+04	2.20969e-02	1.21134e-03	5.67831	5.18013	1.29620e-05
7.19749e+04	2.20939e-02	8.88353e-04	1.30593	2.28891	1.29620e-05
7.22078e+04	2.20930e-02	8.08703e-04	0.68763	4.30755	1.29620e-05
7.24407e+04	2.20991e-02	5.83919e-04	1.69704	0.82654	1.29620e-05
7.26736e+04	2.21020e-02	8.92126e-04	5.24693	3.53156	1.29620e-05
7.29066e+04	2.21012e-02	6.70740e-04	4.04685	0.81509	1.29620e-05
7.31395e+04	2.21069e-02	7.47930e-04	5.83068	3.82730	1.29620e-05
7.33724e+04	2.21073e-02	7.60194e-04	3.51743	0.83194	1.29620e-05
7.36054e+04	2.21089e-02	7.55708e-04	3.47282	4.26437	1.29620e-05
7.38383e+04	2.21211e-02	9.14287e-04	5.26776	2.02164	1.29620e-05
7.40712e+04	2.21145e-02	6.66935e-04	2.17127	0.83799	1.29620e-05
7.43041e+04	2.21153e-02	7.87757e-04	1.89565	5.60275	1.29620e-05
7.45371e+04	2.21129e-02	8.50974e-04	2.71309	5.43058	1.29620e-05
7.47700e+04	2.21271e-02	1.06975e-03	0.05951	4.91629	1.29620e-05
7.50029e+04	2.21241e-02	7.97710e-04	4.33730	6.25853	1.29620e-05
7.52359e+04	2.21253e-02	9.08130e-04	4.55853	1.54800	1.29620e-05
7.54688e+04	2.21278e-02	8.03996e-04	0.74688	3.36048	1.29620e-05
7.57017e+04	2.21321e-02	6.84145e-04	3.74019	0.86506	1.29620e-05
7.59346e+04	2.21279e-02	9.40014e-04	3.16981	4.46235	1.29620e-05
7.61676e+04	2.21354e-02	6.71852e-04	3.66998	3.19010	1.29620e-05
7.64005e+04	2.21438e-02	6.81337e-04	5.49636	3.10744	1.29620e-05
7.66334e+04	2.21429e-02	8.11777e-04	1.88726	4.72596	1.29620e-05
7.68664e+04	2.21486e-02	9.01877e-04	0.46778	0.37654	1.29620e-05
7.70993e+04	2.21520e-02	9.92336e-04	0.42279	3.47256	1.29620e-05
7.73322e+04	2.21518e-02	8.84271e-04	1.09947	2.10514	1.29620e-05
7.75651e+04	2.21515e-02	5.91591e-04	3.88990	1.20333	1.29620e-05
7.77981e+04	2.21626e-02	8.75646e-04	0.55831	2.66878	1.29620e-05
7.80310e+04	2.21632e-02	8.22495e-04	5.77964	4.43167	1.29620e-05
7.82639e+04	2.21682e-02	1.01484e-03	5.36509	1.86021	1.29620e-05
7.84969e+04	2.21675e-02	6.63416e-04	5.31261	1.47870	1.29620e-05
7.87298e+04	2.21725e-02	8.20433e-04	0.16796	2.49269	1.29620e-05
7.89627e+04	2.21673e-02	6.86441e-04	2.44629	4.98552	1.29620e-05
7.91956e+04	2.21752e-02	9.59929e-04	6.10208	2.39197	1.29620e-05
7.94286e+04	2.21683e-02	8.62108e-04	3.76952	2.11060	1.29620e-05
7.96615e+04	2.21750e-02	7.61203e-04	2.19467	3.68725	1.29620e-05
7.98944e+04	2.21851e-02	6.94551e-04	1.35006	0.89809	1.29620e-05
8.01273e+04	2.21793e-02	8.51791e-04	1.99783	5.50437	1.29620e-05
8.03603e+04	2.21835e-02	8.18488e-04	2.64947	0.17739	1.29620e-05
8.05932e+04	2.21846e-02	8.01756e-04	4.81373	2.29300	1.29620e-05
8.08261e+04	2.21890e-02	8.90231e-04	6.14066	1.58888	1.29620e-05
8.10591e+04	2.21896e-02	7.56609e-04	1.62133	3.10736	1.29620e-05
8.12920e+04	2.22001e-02	1.07366e-03	5.44296	5.23702	1.29620e-05
8.15249e+04	2.22017e-02	5.20973e-04	1.57866	5.18720	1.29620e-05
8.17578e+04	2.21993e-02	9.34642e-04	0.03892	5.47239	1.29620e-05
8.19908e+04	2.22048e-02	6.03424e-04	4.61327	2.33465	1.29620e-05
8.22237e+04	2.22007e-02	7.78870e-04	1.67620	3.14970	1.29620e-05
8.24566e+04	2.22132e-02	8.63639e-04	0.56230	4.82437	1.29620e-05
8.26896e+04	2.22054e-02	6.91009e-04	4.74472	3.91910	1.29620e-05
8.29225e+04	2.22105e-02	7.63590e-04	4.01945	4.38777	1.29620e-05
8.31554e+04	2.22145e-02	5.74770e-04	2.18499	2.38821	1.29620e-05
8.33883e+04	2.22154e-02	8.11142e-04	1.18934	2.28976	1.29620e-05
8.36213e+04	2.22216e-02	8.43643e-04	0.75862	4.37622	1.29620e-05
8.38542e+04	2.22252e-02	9.31534e-04	6.10352	3.47059	1.29620e-05
8.40871e+04	2.22246e-02	7.29646e-04	4.94490	5.52310	1.29620e-05
8.43201e+04	2.22249e-02	7.18428e-04	4.13352	3.71986	1.29620e-05
8.45530e+04	2.22276e-02	7.31822e-04	2.09628	5.95007	1.29620e-05
8.47859e+04	2.22332e-02	7.79403e-04	0.71151	4.01095	1.29620e-05
8.50188e+04	2.22395e-02	8.18405e-04	5.76008	4.72065	1.29620e-05
8.52518e+04	2.22338e-02	6.59353e-04	4.24524	2.23438	1.29620e-05
8.54847e+04	2.22353e-02	6.97341e-04	1.85357	3.46780	1.29620e-05
8.57176e+04	2.22477e-02	1.05803e-03	5.45184	1.51222	1.29620e-05
8.59506e+04	2.22414e-02	6.59703e-04	1.92556	3.23076	1.29620e-05
8.61835e+04	2.22475e-02	8.19642e-04	5.42269	0.79626	1.29620e-05
8.64164e+04	2.22452e-02	5.98127e-04	1.60122	2.22235	1.29620e-05
8.66493e+04	2.22486e-02	5.10892e-04	3.16624	1.12229	1.29620e-05
8.68823e+04	2.22606e-02	6.59721e-04	5.22529	2.42557	1.29620e-05
8.71152e+04	2.22512e-02	5.81297e-04	5.26627	2.31495	1.29620e-05
8.73481e+04	2.22610e-02	7.97967e-04	5.73191	4.66759	1.29620e-05
8.75811e+04	2.22627e-02	5.48827e-04	5.33763	4.49498	1.29620e-05
8.78140e+04	2.22616e-02	7.42628e-04	4.51505	1.39937	1.29620e-05
8.80469e+04	2.22641e-02	5.01507e-04	2.15714	2.72753	1.29620e-05
8.82798e+04	2.22737e-02	9.78642e-04	5.58902	1.19140	1.29620e-05
8.85128e+04	2.22682e-02	5.29061e-04	1.73296	3.61905	1.29620e-05
8.87457e+04	2.22725e-02	6.91040e-04	4.04456	2.79689	1.29620e-05
8.89786e+04	2.22768e-02	5.18315e-04	5.03215	6.25112	1.29620e-05
8.92116e+04	2.22791e-02	5.34918e-04	4.59069	1.52850	1.29620e-05
8.94445e+04	2.22806e-02	7.51711e-04	4.00577	6.23087	1.29620e-05
8.96774e+04	2.22825e-02	8.01191e-04	1.34196	3.40122	1.29620e-05
8.99103e+04	2.22884e-02	6.71223e-04	5.24996	3.27251	1.29620e-05
9.01433e+04	2.22907e-02	5.24431e-04	0.81151	1.95096	1.29620e-05
9.03762e+04	2.22896e-02	5.86053e-04	2.62370	3.64470	1.29620e-05
9.06091e+04	2.22881e-02	6.21540e-04	2.08758	4.42433	1.29620e-05
9.08421e+04	2.23030e-02	8.19710e-04	0.57922	2.94666	1.29620e-05
9.10750e+04	2.22953e-02	5.96296e-04	4.28137	5.55615	1.29620e-05
9.13079e+04	2.23071e-02	1.00260e-03	0.78050	5.84879	1.29620e-05
9.15408e+04	2.22989e-02	7.53690e-04	2.57885	3.90236	1.29620e-05
9.17738e+04	2.23043e-02	6.13158e-04	2.50797	0.63523	1.29620e-05
9.20067e+04	2.23116e-02	8.66976e-04	0.36329	2.49462	1.29620e-05
9.22396e+04	2.23057e-02	6.48245e-04	4.20416	1.45603	1.29620e-05
9.24726e+04	2.23176e-02	9.02243e-04	5.81945	5.76778	1.29620e-05
9.27055e+04	2.23135e-02	7.10785e-04	0.16476	1.58326	1.29620e-05
9.29384e+04	2.23204e-02	7.86991e-04	6.01000	1.58148	1.29620e-05
9.31713e+04	2.23209e-02	7.03837e-04	2.65802	1.34035	1.29620e-05
9.34043e+04	2.23300e-02	1.00413e-03	5.56548	4.28679	1.29620e-05
9.36372e+04	2.23314e-02	9.48188e-04	5.55369	0.70920	1.29620e-05
9.38701e+04	2.23272e-02	6.82215e-04	4.17690	1.65551	1.29620e-05
9.41030e+04	2.23331e-02	4.70327e-04	1.31751	0.99596	1.29620e-05
9.43360e+04	2.23323e-02	5.69283e-04	3.13309	5.09800	1.29620e-05
9.45689e+04	2.23333e-02	6.42929e-04	2.19164	2.58089	1.29620e-05
9.48018e+04	2.23417e-02	5.85635e-04	0.44906	4.09078	1.29620e-05
9.50348e+04	2.23425e-02	3.07602e-04	3.84380	3.64951	1.29620e-05
9.52677e+04	2.23407e-02	6.07611e-04	4.48496	2.89766	1.29620e-05
9.55006e+04	2.23374e-02	7.75570e-04	3.29231	0.92771	1.29620e-05
9.57335e+04	2.23472e-02	7.51146e-04	5.94883	4.66063	1.29620e-05
9.59665e+04	2.23460e-02	6.22343e-04	1.15462	0.22177	1.29620e-05
9.61994e+04	2.23496e-02	5.77774e-04	0.96046	0.72792	1.29620e-05
9.64323e+04	2.23549e-02	7.35550e-04	4.05946	1.24133	1.29620e-05
9.66653e+04	2.23605e-02	7.73358e-04	6.13192	6.03935	1.29620e-05
9.68982e+04	2.23680e-02	8.96181e-04	5.27218	4.49781	1.29620e-05
9.71311e+04	2.23598e-02	6.76307e-04	2.24636	2.14477	1.29620e-05
9.73640e+04	2.23632e-02	4.80086e-04	3.57626	5.06278	1.29620e-05
9.75970e+04	2.23703e-02	4.87827e-04	1.74502	1.87361	1.29620e-05
9.78299e+04	2.23744e-02	7.86538e-04	0.09576	1.84237	1.29620e-05
9.80628e+04	2.23761e-02	8.05670e-04	0.50667	3.12462	1.29620e-05
9.82958e+04	2.23741e-02	5.83709e-04	5.13102	3.52712	1.29620e-05
9.85287e+04	2.23769e-02	5.57171e-04	1.68933	2.76662	1.29620e-05
9.87616e+04	2.23734e-02	2.02769e-03	2.99844	0.73389	1.29620e-05
9.89945e+04	2.23790e-02	7.18847e-03	2.00999	5.69932	1.29620e-05
9.92275e+04	2.23785e-02	6.45056e-03	6.16227	1.20144	1.29620e-05
9.94604e+04	2.23958e-02	6.20608e-03	5.42677	4.13257	1.29620e-05
9.96933e+04	2.23875e-02	5.13820e-03	0.28456	2.12315	1.29620e-05
9.99263e+04	2.23886e-02	6.50133e-03	3.91926	0.37135	1.29620e-05
1.00159e+05	2.23961e-02	5.70367e-03	4.68865	4.93996	1.29620e-05
1.00392e+05	2.23900e-02	4.40992e-03	2.72446	3.29254	1.29620e-05
1.00625e+05	2.23967e-02	5.03206e-03	3.68310	1.87500	1.29620e-05
1.00858e+05	2.24078e-02	4.17672e-03	1.84326	0.39933	1.29620e-05
1.01091e+05	2.24069e-02	3.75757e-03	3.42634	5.21816	1.29620e-05
1.01324e+05	2.24071e-02	4.38908e-03	2.48658	3.53054	1.29620e-05
1.01557e+05	2.24095e-02	4.46927e-03	5.06110	2.04219	1.29620e-05
1.01790e+05	2.24024e-02	4.55171e-03	4.30759	0.81605	1.29620e-05
1.02023e+05	2.24196e-02	3.74526e-03	0.93044	5.76636	1.29620e-05
1.02256e+05	2.24183e-02	3.63040e-03	1.48588	4.28767	1.29620e-05
1.02488e+05	2.24120e-02	3.16107e-03	5.32011	2.68496	1.29620e-05
1.02721e+05	2.24271e-02	4.39046e-03	0.11048	1.47344	1.29620e-05
1.02954e+05	2.24244e-02	3.70755e-03	4.66020	0.03736	1.29620e-05
1.03187e+05	2.24246e-02	3.82087e-03	0.09595	5.17400	1.29620e-05
1.03420e+05	2.24249e-02	3.29242e-03	6.21399	3.34282	1.29620e-05
1.03653e+05	2.24285e-02	4.24188e-03	2.67824	2.22332	1.29620e-05
1.03886e+05	2.24355e-02	2.74300e-03	2.97830	0.82011	1.29620e-05
1.04119e+05	2.24297e-02	3.98037e-03	0.71860	5.56113	1.29620e-05
1.04352e+05	2.24395e-02	2.59516e-03	1.84596	4.24377	1.29620e-05
1.04585e+05	2.24447e-02	3.81107e-03	0.50516	2.73924	1.29620e-05
1.04818e+05	2.24487e-02	2.70970e-03	3.02646	1.16753	1.29620e-05
1.05051e+05	2.24540e-02	2.83891e-03	2.56184	0.14161	1.29620e-05
1.05284e+05	2.24442e-02	3.11296e-03	6.21193	4.75654	1.29620e-05
1.05517e+05	2.24537e-02	3.74036e-03	0.60673	3.38261	1.29620e-05
1.05749e+05	2.24506e-02	2.87391e-03	5.48289	1.91231	1.29620e-05
1.05982e+05	2.24626e-02	3.40821e-03	1.04260	0.45672	1.29620e-05
1.06215e+05	2.24500e-02	2.80773e-03	1.34348	4.76638	1.29620e-05
1.06448e+05	2.24636e-02	3.86976e-03	4.33238	3.40028	1.29620e-05
1.06681e+05	2.24679e-02	2.41940e-03	5.25977	1.84567	1.29620e-05
1.06914e+05	2.24739e-02	2.59547e-03	3.55743	0.53238	1.29620e-05
1.07147e+05	2.24748e-02	3.44457e-03	5.64236	5.18469	1.29620e-05
1.07380e+05	2.24765e-02	3.54812e-03	5.33280	3.50231	1.29620e-05
1.07613e+05	2.24706e-02	3.55525e-03	2.33696	2.19965	1.29620e-05
1.07846e+05	2.24698e-02	2.48901e-03	3.43613	0.63619	1.29620e-05
1.08079e+05	2.24736e-02	2.78032e-03	2.35552	5.06164	1.29620e-05
1.08312e+05	2.24753e-02	2.22265e-03	4.48639	3.82257	1.29620e-05
1.08545e+05	2.24812e-02	3.45306e-03	4.72127	1.99133	1.29620e-05
1.08778e+05	2.24766e-02	2.94792e-03	2.28721	0.41471	1.29620e-05
1.09010e+05	2.24848e-02	3.26031e-03	3.88538	5.05459	1.29620e-05
1.09243e+05	2.24952e-02	1.98223e-03	3.06273	3.60362	1.29620e-05
1.09476e+05	2.24878e-02	2.60627e-03	0.31166	1.55620	1.29620e-05
1.09709e+05	2.24948e-02	2.33224e-03	0.55508	0.18882	1.29620e-05
1.09942e+05	2.25004e-02	1.92359e-03	5.47931	4.74492	1.29620e-05
1.10175e+05	2.24949e-02	1.90450e-03	1.75126	2.85012	1.29620e-05
1.10408e+05	2.25023e-02	3.07578e-03	1.47140	1.42533	1.29620e-05
1.10641e+05	2.25011e-02	2.08231e-03	6.02100	5.53781	1.29620e-05
1.10874e+05	2.25106e-02	2.32377e-03	1.05812	4.28513	1.29620e-05
1.11107e+05	2.25036e-02	1.77654e-03	0.14313	2.77247	1.29620e-05
1.11340e+05	2.25128e-02	2.63931e-03	4.48955	0.36692	1.29620e-05
1.11573e+05	2.25177e-02	2.17495e-03	5.18935	5.40968	1.29620e-05
1.11806e+05	2.25191e-02	2.14900e-03	4.07130	3.57734	1.29620e-05
1.12039e+05	2.25225e-02	2.74356e-03	0.85011	1.74033	1.29620e-05
1.12271e+05	2.25268e-02	1.82393e-03	1.51512	0.18080	1.29620e-05
1.12504e+05	2.25249e-02	2.38611e-03	0.34052	4.49026	1.29620e-05
1.12737e+05	2.25232e-02	2.63279e-03	3.10508	2.61750	1.29620e-05
1.12970e+05	2.25260e-02	1.90841e-03	3.26117	1.11965	1.29620e-05
1.13203e+05	2.25241e-02	2.07768e-03	2.49575	4.63273	1.29620e-05
1.13436e+05	2.25346e-02	2.04863e-03	4.29438	3.39019	1.29620e-05
1.13669e+05	2.25413e-02	1.44137e-03	4.63274	1.54593	1.29620e-05
1.13902e+05	2.25348e-02	2.68512e-03	3.31976	5.63598	1.29620e-05
1.14135e+05	2.25402e-02	2.17038e-03	5.73517	3.66638	1.29620e-05
1.14368e+05	2.25395e-02	1.32625e-03	5.66038	1.87550	1.29620e-05
1.14601e+05	2.25479e-02	2.49251e-03	4.09494	6.13494	1.29620e-05
1.14834e+05	2.25445e-02	2.24513e-03	0.13437	4.16665	1.29620e-05
1.15067e+05	2.25603e-02	1.64582e-03	0.35257	2.26606	1.29620e-05
1.15300e+05	2.25584e-02	2.53224e-03	4.99249	0.16937	1.29620e-05
1.15532e+05	2.25515e-02	1.71135e-03	1.11091	4.60081	1.29620e-05
1.15765e+05	2.25574e-02	1.05609e-03	1.02258	2.94569	1.29620e-05
1.15998e+05	2.25544e-02	1.80335e-03	5.84034	1.00540	1.29620e-05
1.16231e+05	2.25669e-02	2.43618e-03	2.48261	4.97684	1.29620e-05
1.16464e+05	2.25666e-02	1.85919e-03	2.70305	3.22984	1.29620e-05
1.16697e+05	2.25637e-02	9.42918e-04	1.87251	0.71129	1.29620e-05
1.16930e+05	2.25736e-02	1.37652e-03	4.89883	4.99284	1.29620e-05
1.17163e+05	2.25720e-02	1.34466e-03	5.84652	3.08816	1.29620e-05
1.17396e+05	2.25749e-02	8.92216e-04	4.77086	1.17221	1.29620e-05
1.17629e+05	2.25747e-02	1.44188e-03	2.07230	5.18907	1.29620e-05
1.17862e+05	2.25760e-02	2.10962e-03	3.30770	3.33566	1.29620e-05
1.18095e+05	2.25756e-02	1.13306e-03	3.24036	0.78984	1.29620e-05
1.18328e+05	2.25886e-02	2.10366e-03	0.56947	5.18028	1.29620e-05
1.18561e+05	2.25887e-02	1.12710e-03	2.25588	3.38132	1.29620e-05
1.18793e+05	2.25916e-02	1.54161e-03	2.88271	0.95182	1.29620e-05
1.19026e+05	2.25993e-02	1.21249e-03	0.79192	5.55624	1.29620e-05
1.19259e+05	2.25919e-02	1.59260e-03	3.38110	3.32695	1.29620e-05
1.19492e+05	2.26048e-02	1.48866e-03	4.99212	0.56848	1.29620e-05
1.19725e+05	2.26008e-02	8.85952e-04	4.56584	4.18238	1.29620e-05
1.19958e+05	2.26046e-02	1.97121e-03	1.28974	2.38992	1.29620e-05
1.20191e+05	2.26089e-02	9.15059e-04	3.13270	0.18914	1.29620e-05
1.20424e+05	2.26095e-02	1.28626e-03	2.80799	4.45126	1.29620e-05
1.20657e+05	2.26062e-02	7.70634e-04	0.27716	2.85981	1.29620e-05
1.20890e+05	2.26145e-02	1.66915e-03	4.13478	5.88390	1.29620e-05
1.21123e+05	2.26168e-02	1.51057e-03	3.90698	4.61655	1.29620e-05
1.21356e+05	2.26172e-02	7.62893e-04	3.01511	2.35973	1.29620e-05
1.21589e+05	2.26125e-02	1.60873e-03	1.24000	5.71508	1.29620e-05
1.21822e+05	2.26178e-02	1.80131e-03	3.08786	3.68485	1.29620e-05
1.22054e+05	2.26224e-02	1.83614e-03	3.54524	1.20566	1.29620e-05
1.22287e+05	2.26282e-02	1.50333e-03	1.89282	5.38728	1.29620e-05
1.22520e+05	2.26254e-02	7.11266e-04	4.87525	3.26069	1.29620e-05
1.22753e+05	2.26316e-02	1.17602e-03	0.89179	0.19319	1.29620e-05
1.22986e+05	2.26335e-02	1.34408e-03	0.04704	4.88600	1.29620e-05
1.23219e+05	2.26370e-02	9.06989e-04	4.23654	2.88857	1.29620e-05
1.23452e+05	2.26337e-02	1.48062e-03	1.70717	5.92806	1.29620e-05
1.23685e+05	2.26335e-02	1.35977e-03	2.60015	3.78520	1.29620e-05
1.23918e+05	2.26441e-02	1.87666e-03	2.38303	1.19445	1.29620e-05
1.24151e+05	2.26440e-02	1.05052e-03	5.99597	5.97358	1.29620e-05
1.24384e+05	2.26506e-02	6.49122e-04	3.10184	2.97598	1.29620e-05
1.24617e+05	2.26525e-02	7.32282e-04	4.44747	0.20404	1.29620e-05
1.24850e+05	2.26555e-02	9.24668e-04	4.59181	3.76340	1.29620e-05
1.25083e+05	2.26521e-02	1.54471e-03	2.16791	1.65786	1.29620e-05
1.25315e+05	2.26589e-02	1.39154e-03	5.04411	5.61721	1.29620e-05
1.25548e+05	2.26577e-02	1.18533e-03	0.54061	2.49005	1.29620e-05
1.25781e+05	2.26599e-02	1.50539e-03	0.03184	0.57357	1.29620e-05
1.26014e+05	2.26730e-02	1.49756e-03	4.77889	4.01514	1.29620e-05
1.26247e+05	2.26632e-02	1.23798e-03	0.61809	2.53226	1.29620e-05
1.26480e+05	2.26690e-02	5.03962e-04	1.93326	0.50196	1.29620e-05
1.26713e+05	2.26736e-02	9.95069e-04	4.10745	2.20054	1.29620e-05
1.26946e+05	2.26728e-02	1.55767e-03	2.19062	0.18418	1.29620e-05
1.27179e+05	2.26810e-02	1.84308e-03	5.76315	3.92107	1.29620e-05
1.27412e+05	2.26811e-02	1.27188e-03	0.82383	2.25996	1.29620e-05
1.27645e+05	2.26783e-02	4.28528e-04	1.69647	5.89964	1.29620e-05
1.27878e+05	2.26769e-02	1.23346e-03	1.68139	2.70568	1.29620e-05
1.28111e+05	2.26829e-02	9.07792e-04	5.85639	0.17673	1.29620e-05
1.28344e+05	2.26903e-02	8.01581e-04	1.77481	4.51521	1.29620e-05
1.28576e+05	2.26876e-02	1.29382e-03	3.73308	1.40102	1.29620e-05
1.28809e+05	2.26861e-02	1.17950e-03	3.42669	5.51617	1.29620e-05
1.29042e+05	2.26914e-02	1.11980e-03	3.13596	2.12554	1.29620e-05
1.29275e+05	2.26911e-02	9.36314e-04	1.76552	4.77371	1.29620e-05
1.29508e+05	2.26953e-02	1.35854e-03	3.36387	2.90928	1.29620e-05
1.29741e+05	2.27086e-02	7.70592e-04	4.89946	6.06063	1.29620e-05
1.29974e+05	2.27070e-02	9.09402e-04	3.77515	4.60609	1.29620e-05
1.30207e+05	2.27015e-02	8.62289e-04	1.78299	2.42571	1.29620e-05
1.30440e+05	2.27100e-02	3.76294e-04	5.59154	5.83613	1.29620e-05
1.30673e+05	2.27075e-02	9.92906e-04	3.14559	1.78301	1.29620e-05
1.30906e+05	2.27096e-02	1.52520e-03	3.78987	5.78046	1.29620e-05
1.31139e+05	2.27163e-02	1.10241e-03	3.60563	3.18953	1.29620e-05
1.31372e+05	2.27193e-02	1.01350e-03	2.69464	0.19293	1.29620e-05
1.31605e+05	2.27254e-02	1.24003e-03	6.25684	3.77106	1.29620e-05
1.31837e+05	2.27213e-02	6.15085e-04	2.10722	1.65314	1.29620e-05
1.32070e+05	2.27234e-02	9.11237e-04	4.58226	4.18286	1.29620e-05
1.32303e+05	2.27267e-02	5.49808e-04	4.18448	1.94638	1.29620e-05
1.32536e+05	2.27291e-02	5.87044e-04	3.64454	5.04263	1.29620e-05
1.32769e+05	2.27314e-02	7.84953e-04	1.00535	2.93157	1.29620e-05
1.33002e+05	2.27357e-02	1.08521e-03	4.17417	0.20222	1.29620e-05
1.33235e+05	2.27388e-02	4.16294e-04	0.51147	3.11922	1.29620e-05
1.33468e+05	2.27392e-02	8.92601e-04	1.53728	0.20505	1.29620e-05
1.33701e+05	2.27398e-02	5.57799e-04	2.47573	2.56911	1.29620e-05
1.33934e+05	2.27502e-02	9.30694e-04	5.95860	1.25569	1.29620e-05
1.34167e+05	2.27514e-02	7.19223e-04	4.81968	3.45416	1.29620e-05
1.34400e+05	2.27436e-02	1.16533e-03	0.78957	1.16949	1.29620e-05
1.34633e+05	2.27470e-02	1.05585e-03	2.48922	4.74144	1.29620e-05
1.34866e+05	2.27581e-02	3.11366e-04	1.85778	3.43770	1.29620e-05
1.35098e+05	2.27580e-02	4.93322e-04	2.79536	5.85603	1.29620e-05
1.35331e+05	2.27607e-02	8.35340e-04	1.15167	3.33620	1.29620e-05
1.35564e+05	2.27616e-02	2.86840e-04	5.69828	6.18486	1.29620e-05
1.35797e+05	2.27651e-02	3.76722e-04	2.41233	3.62015	1.29620e-05
1.36030e+05	2.27702e-02	8.77858e-04	6.05440	5.33607	1.29620e-05
1.36263e+05	2.27675e-02	8.50243e-04	6.00168	3.78345	1.29620e-05
1.36496e+05	2.27758e-02	9.46355e-04	6.14169	0.94289	1.29620e-05
1.36729e+05	2.27685e-02	1.58062e-04	5.47389	4.31484	1.29620e-05
1.36962e+05	2.27769e-02	5.57668e-04	3.59031	1.60555	1.29620e-05
1.37195e+05	2.27793e-02	9.25350e-04	1.97611	4.21842	1.29620e-05
1.37428e+05	2.27801e-02	2.57205e-04	0.82950	5.08347	1.29620e-05
1.37661e+05	2.27777e-02	7.46067e-04	1.97757	3.11448	1.29620e-05
1.37894e+05	2.27941e-02	5.76297e-04	1.88003	1.47610	1.29620e-05
1.38127e+05	2.27898e-02	8.94638e-04	2.57374	4.21652	1.29620e-05
1.38359e+05	2.27910e-02	8.16934e-04	2.50760	0.64621	1.29620e-05
1.38592e+05	2.27844e-02	2.28604e-04	1.62383	3.50848	1.29620e-05
1.38825e+05	2.27927e-02	1.06469e-03	4.71411	1.57153	1.29620e-05
1.39058e+05	2.27909e-02	1.67253e-04	1.86104	4.71375	1.29620e-05
1.39291e+05	2.27988e-02	5.72460e-04	5.02043	1.02805	1.29620e-05
1.39524e+05	2.28039e-02	7.71008e-04	5.83518	5.13936	1.29620e-05
1.39757e+05	2.28005e-02	5.91518e-04	1.07011	1.48412	1.29620e-05
1.39990e+05	2.28053e-02	4.43099e-04	1.46242	4.45994	1.29620e-05
1.40223e+05	2.28040e-02	3.05064e-04	5.11759	3.41028	1.29620e-05
1.40456e+05	2.28147e-02	7.57398e-04	5.95284	4.36494	1.29620e-05
1.40689e+05	2.28206e-02	3.68931e-04	5.46257	5.92013	1.29620e-05
1.40922e+05	2.28193e-02	9.47830e-04	1.37488	4.22565	1.29620e-05
1.41155e+05	2.28266e-02	3.42505e-04	4.68717	0.79166	1.29620e-05
1.41388e+05	2.28174e-02	4.88814e-04	5.66213	5.08941	1.29620e-05
1.41620e+05	2.28306e-02	6.67462e-04	0.30295	2.36969	1.29620e-05
1.41853e+05	2.28278e-02	3.88246e-04	1.69970	5.10814	1.29620e-05
1.42086e+05	2.28278e-02	7.71025e-04	0.95497	2.82478	1.29620e-05
1.42319e+05	2.28304e-02	6.70928e-04	0.51330	5.83972	1.29620e-05
1.42552e+05	2.28299e-02	1.10091e-03	0.35912	1.91072	1.29620e-05
1.42785e+05	2.28413e-02	7.59586e-04	5.72049	4.05897	1.29620e-05
1.43018e+05	2.28398e-02	5.80984e-04	0.84544	3.59873	1.29620e-05
1.43251e+05	2.28418e-02	8.19349e-04	6.11077	4.74424	1.29620e-05
1.43484e+05	2.28399e-02	5.91120e-04	0.73674	3.41345	1.29620e-05
1.43717e+05	2.28463e-02	6.97579e-04	4.90300	4.73265	1.29620e-05
1.43950e+05	2.28481e-02	6.93939e-04	5.54528	2.38708	1.29620e-05
1.44183e+05	2.28461e-02	3.30733e-04	3.77529	2.09898	1.29620e-05
1.44416e+05	2.28496e-02	4.45339e-04	1.54645	1.87986	1.29620e-05
1.44648e+05	2.28625e-02	3.56012e-04	0.13507	0.17022	1.29620e-05
1.44881e+05	2.28567e-02	5.25212e-04	3.55479	5.58743	1.29620e-05
1.45114e+05	2.28588e-02	5.61648e-04	2.03241	2.88047	1.29620e-05
1.45347e+05	2.28622e-02	6.67796e-04	0.08114	0.18179	1.29620e-05
1.45580e+05	2.28605e-02	2.23409e-04	2.97312	4.76075	1.29620e-05
1.45813e+05	2.28663e-02	4.00402e-04	4.30742	4.17515	1.29620e-05
1.46046e+05	2.28739e-02	9.11414e-04	0.48298	1.97339	1.29620e-05
1.46279e+05	2.28699e-02	4.18382e-04	3.30062	5.24418	1.29620e-05
1.46512e+05	2.28725e-02	7.11870e-04	5.96926	1.97958	1.29620e-05
1.46745e+05	2.28760e-02	7.28652e-04	1.04296	5.90446	1.29620e-05
1.46978e+05	2.28857e-02	1.12168e-04	4.92215	0.68616	1.29620e-05
1.47211e+05	2.28787e-02	5.55028e-04	5.91366	4.28754	1.29620e-05
1.47444e+05	2.28845e-02	1.22941e-03	0.46531	1.22666	1.29620e-05
1.47677e+05	2.28856e-02	7.85829e-04	0.61472	4.63494	1.29620e-05
1.47909e+05	2.28880e-02	3.78019e-04	1.11657	1.24281	1.29620e-05
1.48142e+05	2.28885e-02	7.19130e-04	1.57755	3.99363	1.29620e-05
1.48375e+05	2.28883e-02	7.57338e-04	0.50187	1.30062	1.29620e-05
1.48608e+05	2.28883e-02	4.70756e-04	2.42723	1.78720	1.29620e-05
1.48841e+05	2.28936e-02	1.08320e-03	6.20814	0.18016	1.29620e-05
1.49074e+05	2.29054e-02	4.59051e-04	5.74016	2.25277	1.29620e-05
1.49307e+05	2.28905e-02	9.37291e-04	3.37195	0.00841	1.29620e-05
1.49540e+05	2.29109e-02	2.70504e-04	1.25383	3.15846	1.29620e-05
1.49773e+05	2.28985e-02	4.75609e-04	5.90988	5.90002	1.29620e-05
1.50006e+05	2.29084e-02	7.11433e-04	4.51419	1.67843	1.29620e-05
1.50239e+05	2.28993e-02	8.79620e-04	2.45926	4.10138	1.29620e-05
1.50472e+05	2.29121e-02	7.35887e-04	6.15571	0.87210	1.29620e-05
1.50705e+05	2.29237e-02	5.87734e-04	4.79597	2.15978	1.29620e-05
1.50938e+05	2.29117e-02	6.29137e-04	1.32020	5.36030	1.29620e-05
1.51170e+05	2.29152e-02	8.87868e-04	3.75336	2.72109	1.29620e-05
1.51403e+05	2.29166e-02	2.53433e-04	5.33323	0.71580	1.29620e-05
1.51636e+05	2.29218e-02	3.65556e-04	4.70487	0.61630	1.29620e-05
1.51869e+05	2.29255e-02	7.86706e-04	5.70133	4.96816	1.29620e-05
1.52102e+05	2.29261e-02	1.90282e-04	3.32585	0.03854	1.29620e-05
1.52335e+05	2.29308e-02	6.32762e-04	4.06796	4.44403	1.29620e-05
1.52568e+05	2.29271e-02	6.30707e-04	1.59031	5.68992	1.29620e-05
1.52801e+05	2.29420e-02	4.11629e-04	5.12369	0.85081	1.29620e-05
1.53034e+05	2.29447e-02	5.17237e-04	6.03345	4.80354	1.29620e-05
1.53267e+05	2.29417e-02	3.21542e-04	0.61661	2.45157	1.29620e-05
1.53500e+05	2.29504e-02	8.94160e-04	0.34938	1.19864	1.29620e-05
1.53733e+05	2.29431e-02	3.94596e-04	1.74791	4.56895	1.29620e-05
1.53966e+05	2.29481e-02	6.49356e-04	4.87141	6.11702	1.29620e-05
1.54199e+05	2.29471e-02	6.24881e-05	0.12338	2.81433	1.29620e-05
1.54431e+05	2.29494e-02	5.01274e-04	0.46774	0.62371	1.29620e-05
1.54664e+05	2.29551e-02	5.64066e-04	3.13768	2.53091	1.29620e-05
1.54897e+05	2.29547e-02	4.02685e-04	0.65342	3.44860	1.29620e-05
1.55130e+05	2.29488e-02	7.72305e-04	1.67782	0.60274	1.29620e-05
1.55363e+05	2.29576e-02	7.99874e-04	2.86267	3.94750	1.29620e-05
1.55596e+05	2.29638e-02	1.07685e-03	5.55850	6.06706	1.29620e-05
1.55829e+05	2.29615e-02	8.94670e-04	1.61030	1.90766	1.29620e-05
1.56062e+05	2.29664e-02	9.23307e-04	3.89470	4.57989	1.29620e-05
1.56295e+05	2.29685e-02	5.80225e-04	6.00465	0.82722	1.29620e-05
1.56528e+05	2.29730e-02	2.78209e-04	4.13442	1.48064	1.29620e-05
1.56761e+05	2.29789e-02	4.84425e-04	4.97697	5.46048	1.29620e-05
1.56994e+05	2.29713e-02	5.11079e-04	1.20620	1.98212	1.29620e-05
1.57227e+05	2.29779e-02	5.39451e-04	4.97393	3.25116	1.29620e-05
1.57460e+05	2.29758e-02	2.39663e-04	4.02857	3.31640	1.29620e-05
1.57692e+05	2.29826e-02	4.46514e-04	5.85804	0.85668	1.29620e-05
1.57925e+05	2.29825e-02	2.10607e-04	4.33460	1.58363	1.29620e-05
1.58158e+05	2.29849e-02	2.55677e-04	0.05360	5.36428	1.29620e-05
1.58391e+05	2.29831e-02	1.99761e-04	5.06911	0.23215	1.29620e-05
1.58624e+05	2.29915e-02	9.93849e-04	1.38881	3.87782	1.29620e-05
1.58857e+05	2.29875e-02	4.50944e-04	4.33897	0.96768	1.29620e-05
1.59090e+05	2.30004e-02	2.34527e-04	2.14606	3.41321	1.29620e-05
1.59323e+05	2.29938e-02	3.79274e-04	1.45015	4.60530	1.29620e-05
1.59556e+05	2.29956e-02	2.60746e-04	2.98179	3.84620	1.29620e-05
1.59789e+05	2.29994e-02	5.51893e-04	0.17035	1.41060	1.29620e-05
1.60022e+05	2.30117e-02	7.34280e-04	0.04113	2.86013	1.29620e-05
1.60255e+05	2.30051e-02	5.14145e-04	5.66046	5.08592	1.29620e-05
1.60488e+05	2.30027e-02	7.15409e-04	4.64569	1.66519	1.29620e-05
1.60721e+05	2.30101e-02	6.46420e-04	5.75260	2.74865	1.29620e-05
1.60953e+05	2.30241e-02	7.43508e-04	0.37008	4.36384	1.29620e-05
1.61186e+05	2.30183e-02	4.48396e-04	1.13125	0.18627	1.29620e-05
1.61419e+05	2.30211e-02	7.00564e-04	6.08341	4.65655	1.29620e-05
1.61652e+05	2.30233e-02	5.54627e-04	5.17141	2.65296	1.29620e-05
1.61885e+05	2.30240e-02	4.49709e-04	6.18222	5.31774	1.29620e-05
1.62118e+05	2.30266e-02	5.84743e-04	1.45260	1.74105	1.29620e-05
1.62351e+05	2.30296e-02	4.59433e-04	5.53546	2.33973	1.29620e-05
1.62584e+05	2.30323e-02	6.05474e-04	0.11879	6.21821	1.29620e-05
1.62817e+05	2.30392e-02	5.91398e-04	5.29238	0.13042	1.29620e-05
1.63050e+05	2.30362e-02	6.73510e-04	0.55248	4.46435	1.29620e-05
1.63283e+05	2.30418e-02	5.41901e-04	0.32819	4.36141	1.29620e-05
1.63516e+05	2.30467e-02	9.78379e-04	5.25179	6.25123	1.29620e-05
1.63749e+05	2.30416e-02	3.60955e-04	2.44027	3.32213	1.29620e-05
1.63982e+05	2.30439e-02	8.36028e-04	2.59545	4.61282	1.29620e-05
1.64214e+05	2.30418e-02	4.93686e-04	2.11988	0.27070	1.29620e-05
1.64447e+05	2.30476e-02	3.92023e-04	0.49170	4.27802	1.29620e-05
1.64680e+05	2.30544e-02	2.45436e-04	4.60767	2.66230	1.29620e-05
1.64913e+05	2.30427e-02	3.39428e-04	4.76854	5.71567	1.29620e-05
1.65146e+05	2.30567e-02	6.43155e-04	1.95433	6.02883	1.29620e-05
1.65379e+05	2.30547e-02	6.18895e-04	2.90781	2.80297	1.29620e-05
1.65612e+05	2.30562e-02	1.06230e-04	1.46064	2.76644	1.29620e-05
1.65845e+05	2.30590e-02	4.14507e-04	3.73244	5.92955	1.29620e-05
1.66078e+05	2.30649e-02	4.37894e-04	3.15664	6.02071	1.29620e-05
1.66311e+05	2.30630e-02	6.63853e-04	0.67674	2.24437	1.29620e-05
1.66544e+05	2.30651e-02	1.07017e-04	1.27762	2.32336	1.29620e-05
1.66777e+05	2.30614e-02	5.46612e-04	3.21136	1.75716	1.29620e-05
1.67010e+05	2.30760e-02	9.81241e-04	0.26541	0.41274	1.29620e-05
1.67243e+05	2.30783e-02	5.99465e-04	6.26196	3.31009	1.29620e-05
1.67475e+05	2.30799e-02	1.66342e-04	1.54817	4.92714	1.29620e-05
1.67708e+05	2.30865e-02	5.56898e-04	4.94126	5.34492	1.29620e-05
1.67941e+05	2.30871e-02	4.22340e-04	0.56214	1.63522	1.29620e-05
1.68174e+05	2.30803e-02	7.03408e-04	4.63010	2.67504	1.29620e-05
1.68407e+05	2.30909e-02	3.84872e-04	5.83930	0.94537	1.29620e-05
1.68640e+05	2.30850e-02	3.36329e-05	2.80913	4.13451	1.29620e-05
1.68873e+05	2.30868e-02	6.33238e-04	0.36101	1.11454	1.29620e-05
1.69106e+05	2.30978e-02	1.03200e-03	0.46057	2.57939	1.29620e-05
1.69339e+05	2.30954e-02	7.31589e-04	0.62654	4.80305	1.29620e-05
1.69572e+05	2.30979e-02	3.31358e-04	3.67575	4.95912	1.29620e-05
1.69805e+05	2.31046e-02	1.08512e-03	5.87798	0.25720	1.29620e-05
1.70038e+05	2.31002e-02	2.65831e-04	3.24869	0.98602	1.29620e-05
1.70271e+05	2.31108e-02	3.60367e-04	5.92405	3.68263	1.29620e-05
1.70504e+05	2.31129e-02	5.33052e-04	4.96536	4.60724	1.29620e-05
1.70736e+05	2.31062e-02	3.40701e-04	3.65084	0.05771	1.29620e-05
1.70969e+05	2.31113e-02	3.91113e-04	2.85474	2.28205	1.29620e-05
1.71202e+05	2.31066e-02	8.83772e-04	4.39070	3.07564	1.29620e-05
1.71435e+05	2.31171e-02	9.05605e-04	5.83524	4.46621	1.29620e-05
1.71668e+05	2.31098e-02	3.27032e-04	2.81745	5.27005	1.29620e-05
1.71901e+05	2.31243e-02	7.89995e-04	5.73863	0.56872	1.29620e-05
1.72134e+05	2.31242e-02	4.91823e-04	0.14157	5.65271	1.29620e-05
1.72367e+05	2.31274e-02	7.82812e-04	0.24962	5.46040	1.29620e-05
1.72600e+05	2.31239e-02	3.54806e-04	0.53803	0.13917	1.29620e-05
1.72833e+05	2.31338e-02	3.15392e-04	0.86177	1.53884	1.29620e-05
1.73066e+05	2.31236e-02	9.29441e-04	1.78852	3.46944	1.29620e-05
1.73299e+05	2.31264e-02	6.10459e-04	3.55843	5.51984	1.29620e-05
1.73532e+05	2.31354e-02	3.40072e-04	5.11743	2.13349	1.29620e-05
1.73765e+05	2.31286e-02	6.62136e-04	3.62978	2.90876	1.29620e-05
1.73997e+05	2.31464e-02	5.94431e-04	5.11777	1.75092	1.29620e-05
1.74230e+05	2.31375e-02	4.49837e-04	2.82235	5.02944	1.29620e-05
1.74463e+05	2.31444e-02	8.47666e-04	3.23984	0.55006	1.29620e-05
1.74696e+05	2.31464e-02	4.37553e-04	6.11232	0.59107	1.29620e-05
1.74929e+05	2.31520e-02	9.12033e-04	5.78835	5.04386	1.29620e-05
1.75162e+05	2.31500e-02	8.29662e-04	1.97403	1.26040	1.29620e-05
1.75395e+05	2.31521e-02	1.10416e-03	4.96454	4.25399	1.29620e-05
1.75628e+05	2.31581e-02	1.45394e-03	3.52227	0.21118	1.29620e-05
1.75861e+05	2.31609e-02	1.42277e-03	1.36713	4.04834	1.29620e-05
1.76094e+05	2.31555e-02	1.09161e-03	0.37586	1.45558	1.29620e-05
1.76327e+05	2.31744e-02	8.01521e-03	5.78171	5.27160	1.29620e-05
1.76560e+05	2.31759e-02	1.51196e-02	4.04382	3.17608	1.29620e-05
1.76793e+05	2.31853e-02	1.49680e-02	0.14305	2.70081	1.29620e-05
1.77026e+05	2.31699e-02	1.49999e-02	3.82052	3.45632	1.29620e-05
1.77258e+05	2.31642e-02	9.03314e-03	1.10166	2.04033	1.29620e-05
1.77491e+05	2.31772e-02	1.48524e-02	4.78210	4.64964	1.29620e-05
1.77724e+05	2.31708e-02	4.77317e-03	3.73349	2.72902	1.29620e-05
1.77957e+05	2.31645e-02	4.52077e-03	4.04769	0.96963	1.29620e-05
1.78190e+05	2.31772e-02	9.10604e-03	5.93935	3.59447	1.29620e-05
1.78423e+05	2.31822e-02	1.21074e-02	5.36337	5.35928	1.29620e-05
1.78656e+05	2.31535e-02	1.35965e-02	0.25581	1.81601	1.29620e-05
1.78889e+05	2.31736e-02	1.58749e-02	4.61688	0.27116	1.29620e-05
1.79122e+05	2.31768e-02	1.66816e-02	1.19097	4.03919	1.29620e-05
1.79355e+05	2.31609e-02	1.86904e-02	5.21025	4.69839	1.29620e-05
1.79588e+05	2.31618e-02	1.33058e-02	0.97699	3.47696	1.29620e-05
1.79821e+05	2.31699e-02	2.06440e-02	1.16864	4.26537	1.29620e-05
1.80054e+05	2.31732e-02	2.21759e-02	5.95171	3.76571	1.29620e-05
1.80287e+05	2.31804e-02	2.46792e-02	4.78785	6.12144	1.29620e-05
1.80519e+05	2.31822e-02	2.36078e-02	1.88157	4.39478	1.29620e-05
1.80752e+05	2.31707e-02	2.02003e-02	1.12621	0.80888	1.29620e-05
1.80985e+05	2.31676e-02	1.84641e-02	3.77643	0.95935	1.29620e-05
1.81218e+05	2.31682e-02	1.70585e-02	5.22779	6.04848	1.29620e-05
1.81451e+05	2.31705e-02	1.72893e-02	0.64989	3.84209	1.29620e-05
1.81684e+05	2.31835e-02	2.86980e-02	1.73563	0.62265	1.29620e-05
1.81917e+05	2.31710e-02	1.13183e-02	4.38626	2.81358	1.29620e-05
1.82150e+05	2.31755e-02	6.79899e-03	0.09527	4.40844	1.29620e-05
1.82383e+05	2.31666e-02	1.17945e-02	3.65137	5.73794	1.29620e-05
1.82616e+05	2.31854e-02	1.91907e-02	3.14049	4.37371	1.29620e-05
1.82849e+05	2.31667e-02	1.67616e-02	2.27658	2.95593	1.29620e-05
1.83082e+05	2.31695e-02	1.19966e-02	3.52464	4.46018	1.29620e-05
1.83315e+05	2.31699e-02	1.58477e-02	0.85661	5.62615	1.29620e-05
1.83548e+05	2.31856e-02	2.95215e-02	4.75464	3.11015	1.29620e-05
1.83780e+05	2.31863e-02	2.82696e-02	1.68042	2.64508	1.29620e-05
1.84013e+05	2.31902e-02	2.83017e-02	4.39453	0.28082	1.29620e-05
1.84246e+05	2.31651e-02	1.27354e-02	2.92960	4.85788	1.29620e-05
1.84479e+05	2.31822e-02	1.29334e-02	5.99122	0.12472	1.29620e-05
1.84712e+05	2.31841e-02	2.29089e-02	3.39073	3.74970	1.29620e-05
1.84945e+05	2.31715e-02	7.39306e-03	6.21952	1.19070	1.29620e-05
1.85178e+05	2.31598e-02	1.50975e-02	1.92563	4.82662	1.29620e-05
1.85411e+05	2.31633e-02	1.89802e-02	3.45376	4.33724	1.29620e-05
1.85644e+05	2.31787e-02	2.66264e-02	0.13972	1.73554	1.29620e-05
1.85877e+05	2.31714e-02	2.40299e-02	4.13605	5.58543	1.29620e-05
1.86110e+05	2.31870e-02	2.27086e-02	2.76041	5.13289	1.29620e-05
1.86343e+05	2.31638e-02	1.24489e-02	5.06099	1.83939	1.29620e-05
1.86576e+05	2.31710e-02	1.65959e-02	2.05381	5.25712	1.29620e-05
1.86809e+05	2.31692e-02	2.39779e-02	3.29011	4.90910	1.29620e-05
1.87041e+05	2.31796e-02	1.63383e-02	5.56925	3.26540	1.29620e-05
1.87274e+05	2.31808e-02	2.22305e-02	4.72492	1.39978	1.29620e-05
1.87507e+05	2.31712e-02	6.63550e-03	5.70846	0.03483	1.29620e-05
1.87740e+05	2.31757e-02	1.55084e-02	1.28135	4.90973	1.29620e-05
1.87973e+05	2.31729e-02	1.61467e-02	4.41287	1.99729	1.29620e-05
1.88206e+05	2.31731e-02	2.13730e-02	0.75699	1.66309	1.29620e-05
1.88439e+05	2.31654e-02	2.01523e-02	4.64398	1.80677	1.29620e-05
1.88672e+05	2.31584e-02	1.74883e-02	2.35019	0.98634	1.29620e-05
1.88905e+05	2.31841e-02	2.72541e-02	0.43740	1.17771	1.29620e-05
1.89138e+05	2.31885e-02	2.75853e-02	0.68196	3.53814	1.29620e-05
1.89371e+05	2.31582e-02	1.84957e-02	3.87955	0.21638	1.29620e-05
1.89604e+05	2.31682e-02	1.93843e-02	3.16726	1.22602	1.29620e-05
1.89837e+05	2.31674e-02	1.86041e-02	5.76603	1.45008	1.29620e-05
1.90070e+05	2.31730e-02	1.57923e-02	3.06616	1.68787	1.29620e-05
1.90302e+05	2.31680e-02	1.87031e-02	6.10127	3.61241	1.29620e-05
1.90535e+05	2.31530e-02	1.58469e-02	0.62468	4.54879	1.29620e-05
1.90768e+05	2.31624e-02	2.11706e-02	2.43610	0.98105	1.29620e-05
1.91001e+05	2.31625e-02	2.00386e-02	2.67967	3.66590	1.29620e-05
1.91234e+05	2.31803e-02	2.70685e-02	5.46526	0.72193	1.29620e-05
1.91467e+05	2.31691e-02	2.61370e-02	2.38666	5.42273	1.29620e-05
1.91700e+05	2.31790e-02	2.62301e-02	1.55216	3.83277	1.29620e-05
1.91933e+05	2.31786e-02	1.66980e-02	0.15509	1.11991	1.29620e-05
1.92166e+05	2.31742e-02	1.99305e-02	3.14650	6.19421	1.29620e-05
1.92399e+05	2.31833e-02	1.62586e-02	2.27049	0.60530	1.29620e-05
1.92632e+05	2.31808e-02	2.94720e-02	3.13460	5.57312	1.29620e-05
1.92865e+05	2.31697e-02	2.87005e-02	2.82090	5.73786	1.29620e-05
1.93098e+05	2.31616e-02	2.19740e-02	4.40017	2.31431	1.29620e-05
1.93331e+05	2.31653e-02	2.18924e-02	4.09923	1.81363	1.29620e-05
1.93563e+05	2.31834e-02	2.70244e-02	5.05221	5.35724	1.29620e-05
1.93796e+05	2.31711e-02	1.88711e-02	2.72706	1.66569	1.29620e-05
1.94029e+05	2.31666e-02	1.83000e-02	4.58754	4.70978	1.29620e-05
1.94262e+05	2.31706e-02	2.54212e-02	0.00009	2.47686	1.29620e-05
1.94495e+05	2.31890e-02	3.01786e-02	0.19796	5.80267	1.29620e-05
1.94728e+05	2.31648e-02	1.55319e-02	3.93237	2.32852	1.29620e-05
1.94961e+05	2.31778e-02	2.48073e-02	3.82377	3.13570	1.29620e-05
1.95194e+05	2.31782e-02	2.14280e-02	3.41207	3.71108	1.29620e-05
1.95427e+05	2.31659e-02	1.42758e-02	2.83945	2.08371	1.29620e-05
1.95660e+05	2.31609e-02	1.53088e-02	5.44568	1.53847	1.29620e-05
1.95893e+05	2.31812e-02	2.67977e-02	2.46360	2.70606	1.29620e-05
1.96126e+05	2.31768e-02	2.48059e-02	0.81302	2.31038	1.29620e-05
1.96359e+05	2.31756e-02	2.73182e-02	2.96866	1.24025	1.29620e-05
1.96592e+05	2.31786e-02	1.72580e-02	6.02564	3.50281	1.29620e-05
1.96824e+05	2.31736e-02	1.85804e-02	1.20649	1.37640	1.29620e-05
1.97057e+05	2.31649e-02	1.41034e-02	2.69091	3.15926	1.29620e-05
1.97290e+05	2.31658e-02	2.14646e-02	0.51088	5.70839	1.29620e-05
1.97523e+05	2.31702e-02	2.75443e-02	5.47531	2.72453	1.29620e-05
1.97756e+05	2.31756e-02	2.78262e-02	0.12002	1.21267	1.29620e-05
1.97989e+05	2.31671e-02	1.83637e-02	0.95033	4.55764	1.29620e-05
1.98222e+05	2.31796e-02	2.94577e-02	3.66885	3.93623	1.29620e-05
1.98455e+05	2.31813e-02	1.77038e-02	0.84117	3.86512	1.29620e-05
1.98688e+05	2.31636e-02	2.45287e-02	1.21415	1.33430	1.29620e-05
1.98921e+05	2.31789e-02	1.98892e-02	5.91259	1.37681	1.29620e-05
1.99154e+05	2.31636e-02	1.49823e-02	5.27641	2.83735	1.29620e-05
1.99387e+05	2.31657e-02	1.91900e-02	2.01324	3.26758	1.29620e-05
1.99620e+05	2.31728e-02	2.38875e-02	3.55039	3.58679	1.29620e-05
1.99853e+05	2.31744e-02	2.26913e-02	0.99726	5.23481	1.29620e-05
2.00085e+05	2.31803e-02	1.64878e-02	2.82296	0.57030	1.29620e-05
2.00318e+05	2.31722e-02	2.26207e-02	4.93911	3.60346	1.29620e-05
2.00551e+05	2.31765e-02	1.73953e-02	1.00537	3.73469	1.29620e-05
2.00784e+05	2.31717e-02	2.95020e-02	3.68322	2.95778	1.29620e-05
2.01017e+05	2.31730e-02	2.13524e-02	2.62521	1.98826	1.29620e-05
2.01250e+05	2.31762e-02	2.38069e-02	1.60305	6.16064	1.29620e-05
2.01483e+05	2.31741e-02	2.20922e-02	3.90318	2.76486	1.29620e-05
2.01716e+05	2.31737e-02	2.61782e-02	3.62590	0.06811	1.29620e-05
2.01949e+05	2.31732e-02	2.67961e-02	2.09787	5.01494	1.29620e-05
2.02182e+05	2.31724e-02	2.13695e-02	1.00791	1.54620	1.29620e-05
2.02415e+05	2.31661e-02	2.01596e-02	2.14818	5.27257	1.29620e-05
2.02648e+05	2.31681e-02	1.81930e-02	1.66474	3.45202	1.29620e-05
2.02881e+05	2.31615e-02	2.00622e-02	6.02924	2.58090	1.29620e-05
2.03114e+05	2.31590e-02	2.16991e-02	1.48292	1.43413	1.29620e-05
2.03346e+05	2.31732e-02	2.76654e-02	2.86319	3.41546	1.29620e-05
2.03579e+05	2.31639e-02	2.88384e-02	2.59316	0.07965	1.29620e-05
2.03812e+05	2.31731e-02	1.89827e-02	2.70277	2.86461	1.29620e-05
2.04045e+05	2.31707e-02	2.50115e-02	3.56638	4.89402	1.29620e-05
2.04278e+05	2.31736e-02	2.97572e-02	4.13472	5.79612	1.29620e-05
2.04511e+05	2.31766e-02	2.79902e-02	3.13172	3.24768	1.29620e-05
2.04744e+05	2.31728e-02	2.72469e-02	4.02885	3.96618	1.29620e-05
2.04977e+05	2.31854e-02	3.06768e-02	2.96052	4.96296	1.29620e-05
2.05210e+05	2.31703e-02	2.29284e-02	2.30886	0.36164	1.29620e-05
2.05443e+05	2.31724e-02	2.16576e-02	2.67186	3.42860	1.29620e-05
2.05676e+05	2.31722e-02	2.06604e-02	2.98180	5.19996	1.29620e-05
2.05909e+05	2.31575e-02	2.10805e-02	1.44616	4.70624	1.29620e-05
2.06142e+05	2.31767e-02	2.63901e-02	0.61007	6.08655	1.29620e-05
2.06375e+05	2.31773e-02	2.58979e-02	5.55936	2.73448	1.29620e-05
2.06607e+05	2.31629e-02	2.45125e-02	1.70709	1.90184	1.29620e-05
2.06840e+05	2.31719e-02	2.27379e-02	4.13551	3.89044	1.29620e-05
2.07073e+05	2.31793e-02	2.86752e-02	3.24270	0.49147	1.29620e-05
2.07306e+05	2.31668e-02	2.40360e-02	5.40972	1.45477	1.29620e-05
2.07539e+05	2.31668e-02	2.45000e-02	5.80800	5.78049	1.29620e-05
2.07772e+05	2.31741e-02	3.14997e-02	5.67684	2.34383	1.29620e-05
2.08005e+05	2.31757e-02	2.50957e-02	4.62456	5.28542	1.29620e-05
2.08238e+05	2.31867e-02	3.13792e-02	0.84703	2.60743	1.29620e-05
2.08471e+05	2.31721e-02	3.07531e-02	4.02797	0.46225	1.29620e-05
2.08704e+05	2.31636e-02	2.23472e-02	3.29682	3.65451	1.29620e-05
2.08937e+05	2.31730e-02	3.10507e-02	2.28551	3.54945	1.29620e-05
2.09170e+05	2.31796e-02	3.09026e-02	2.88932	0.89100	1.29620e-05
2.09403e+05	2.31672e-02	3.05241e-02	3.92331	5.60741	1.29620e-05
2.09636e+05	2.31776e-02	2.68722e-02	3.07478	5.27759	1.29620e-05
2.09868e+05	2.31776e-02	2.72493e-02	4.97805	0.46393	1.29620e-05
2.10101e+05	2.31643e-02	2.77989e-02	6.08078	1.36417	1.29620e-05
2.10334e+05	2.31602e-02	2.48793e-02	2.65527	2.03411	1.29620e-05
2.10567e+05	2.31685e-02	2.72515e-02	6.26777	2.55704	1.29620e-05
2.10800e+05	2.31593e-02	2.52122e-02	4.48385	2.94540	1.29620e-05
2.11033e+05	2.31705e-02	2.83564e-02	1.83034	3.85359	1.29620e-05
2.11266e+05	2.31667e-02	2.49193e-02	5.79466	4.92691	1.29620e-05
2.11499e+05	2.31681e-02	2.80181e-02	3.99677	6.08894	1.29620e-05
2.11732e+05	2.31733e-02	2.91697e-02	4.42749	0.22199	1.29620e-05
2.11965e+05	2.31664e-02	2.68863e-02	5.11642	0.80108	1.29620e-05
2.12198e+05	2.31750e-02	2.93335e-02	6.00608	1.75127	1.29620e-05
2.12431e+05	2.31761e-02	2.96343e-02	1.50986	2.42311	1.29620e-05
2.12664e+05	2.31601e-02	2.61206e-02	3.81739	3.12116	1.29620e-05
2.12897e+05	2.31747e-02	2.87662e-02	5.61649	4.42378	1.29620e-05
2.13129e+05	2.31584e-02	2.70132e-02	3.45880	4.83667	1.29620e-05
2.13362e+05	2.31617e-02	2.78628e-02	1.73004	5.34305	1.29620e-05
2.13595e+05	2.31742e-02	2.98077e-02	0.27067	5.95366	1.29620e-05
2.13828e+05	2.31644e-02	2.84548e-02	6.04041	0.28124	1.29620e-05
2.14061e+05	2.31676e-02	2.76933e-02	6.08145	0.77874	1.29620e-05
2.14294e+05	2.31780e-02	2.96102e-02	0.51735	1.34063	1.29620e-05
2.14527e+05	2.31657e-02	2.77228e-02	1.56218	1.88574	1.29620e-05
2.14760e+05	2.31690e-02	2.98397e-02	3.98736	2.25832	1.29620e-05
2.14993e+05	2.31686e-02	3.00812e-02	0.55270	2.56965	1.29620e-05
2.15226e+05	2.31744e-02	2.90639e-02	4.39711	2.71099	1.29620e-05
2.15459e+05	2.31657e-02	2.62857e-02	2.51775	2.86292	1.29620e-05
2.15692e+05	2.31671e-02	3.00488e-02	2.04885	2.69777	1.29620e-05
2.15925e+05	2.31645e-02	2.83907e-02	2.20061	2.49557	1.29620e-05
2.16157e+05	2.31682e-02	2.77735e-02	2.98655	2.42029	1.29620e-05
2.16390e+05	2.31691e-02	2.82294e-02	6.00035	1.33375	1.29620e-05
2.16623e+05	2.31623e-02	2.62651e-02	2.34255	0.86464	1.29620e-05
2.16856e+05	2.31569e-02	2.75986e-02	5.55969	0.42029	1.29620e-05
2.17089e+05	2.31691e-02	2.94497e-02	3.89744	5.82701	1.29620e-05
2.17322e+05	2.31767e-02	3.01936e-02	3.12411	4.91330	1.29620e-05
2.17555e+05	2.31568e-02	2.92521e-02	3.02190	3.92505	1.29620e-05
2.17788e+05	2.31701e-02	2.93235e-02	3.84733	2.93002	1.29620e-05
2.18021e+05	2.31551e-02	2.83946e-02	5.05300	1.89740	1.29620e-05
2.18254e+05	2.31612e-02	2.87058e-02	0.85817	0.82357	1.29620e-05
2.18487e+05	2.31582e-02	3.02831e-02	3.38803	6.13887	1.29620e-05
2.18720e+05	2.31626e-02	2.86186e-02	0.12327	5.15706	1.29620e-05
2.18953e+05	2.31640e-02	3.03351e-02	4.02409	4.13809	1.29620e-05
2.19186e+05	2.31654e-02	2.86823e-02	3.61734	2.44465	1.29620e-05
2.19418e+05	2.31702e-02	2.99778e-02	4.02351	0.69529	1.29620e-05
2.19651e+05	2.31571e-02	2.86733e-02	4.87802	5.28441	1.29620e-05
2.19884e+05	2.31613e-02	2.93756e-02	0.15843	3.55895	1.29620e-05
2.20117e+05	2.31618e-02	3.13056e-02	2.50136	1.81996	1.29620e-05
2.20350e+05	2.31666e-02	2.98559e-02	5.22095	0.08552	1.29620e-05
2.20583e+05	2.31741e-02	3.11531e-02	2.55297	4.63701	1.29620e-05
2.20816e+05	2.31586e-02	3.09587e-02	0.51064	2.86462	1.29620e-05
2.21049e+05	2.31653e-02	2.99947e-02	5.76054	0.93626	1.29620e-05
2.21282e+05	2.31692e-02	3.31026e-02	5.14325	5.35599	1.29620e-05
2.21515e+05	2.31614e-02	3.27166e-02	5.39461	3.44853	1.29620e-05
2.21748e+05	2.31702e-02	3.05040e-02	6.20643	1.53401	1.29620e-05
2.21981e+05	2.31559e-02	2.85198e-02	1.50771	5.88153	1.29620e-05
2.22214e+05	2.31647e-02	3.02040e-02	3.50506	3.97650	1.29620e-05
2.22447e+05	2.31688e-02	3.04765e-02	0.02754	2.07239	1.29620e-05
2.22679e+05	2.31667e-02	2.99108e-02	3.43783	0.15820	1.29620e-05
2.22912e+05	2.31641e-02	3.04853e-02	1.34172	4.54981	1.29620e-05
2.23145e+05	2.31629e-02	2.99609e-02	6.08528	2.55277	1.29620e-05
2.23378e+05	2.31529e-02	2.88808e-02	5.31012	0.59548	1.29620e-05
2.23611e+05	2.31628e-02	3.02040e-02	5.27841	4.87759	1.29620e-05
2.23844e+05	2.31750e-02	3.27896e-02	5.78790	2.84320	1.29620e-05
2.24077e+05	2.31663e-02	3.20114e-02	0.85339	0.83089	1.29620e-05
2.24310e+05	2.31705e-02	3.26588e-02	2.87147	5.02355	1.29620e-05
2.24543e+05	2.31736e-02	3.34246e-02	5.43989	2.89788	1.29620e-05
2.24776e+05	2.31513e-02	3.05384e-02	2.51009	0.81215	1.29620e-05
2.25009e+05	2.31697e-02	3.21727e-02	0.09856	5.03832	1.29620e-05
2.25242e+05	2.31602e-02	3.21654e-02	4.76024	2.87757	1.29620e-05
2.25475e+05	2.31615e-02	2.95420e-02	3.89549	0.76992	1.29620e-05
2.25708e+05	2.31732e-02	3.23273e-02	3.56323	4.90689	1.29620e-05
2.25940e+05	2.31654e-02	3.18843e-02	4.03562	2.76209	1.29620e-05
2.26173e+05	2.31583e-02	3.16558e-02	5.02621	0.61024	1.29620e-05
2.26406e+05	2.31696e-02	3.34989e-02	0.28340	4.78703	1.29620e-05
2.26639e+05	2.31566e-02	3.09021e-02	2.67752	2.63500	1.29620e-05
2.26872e+05	2.31717e-02	3.32545e-02	5.61753	0.46965	1.29620e-05
2.27105e+05	2.31603e-02	3.24110e-02	3.02150	4.61100	1.29620e-05
2.27338e+05	2.31566e-02	3.25358e-02	1.08947	2.45703	1.29620e-05
2.27571e+05	2.31681e-02	3.33298e-02	6.00170	0.38173	1.29620e-05
2.27804e+05	2.31627e-02	3.11286e-02	5.19993	4.59485	1.29620e-05
2.28037e+05	2.31560e-02	2.96855e-02	5.00776	2.54134	1.29620e-05
2.28270e+05	2.31680e-02	3.21200e-02	5.48841	0.53093	1.29620e-05
2.28503e+05	2.31643e-02	3.26433e-02	0.48587	4.56636	1.29620e-05
2.28736e+05	2.31713e-02	3.37937e-02	3.76031	1.56202	1.29620e-05
2.28969e+05	2.31633e-02	3.55559e-02	1.08156	5.03935	1.29620e-05
2.29201e+05	2.31625e-02	3.21042e-02	4.78840	2.61337	1.29620e-05
2.29434e+05	2.31664e-02	3.34010e-02	3.05103	0.13521	1.29620e-05
2.29667e+05	2.31568e-02	3.40928e-02	2.89338	3.37371	1.29620e-05
2.29900e+05	2.31646e-02	3.40105e-02	3.30568	0.34062	1.29620e-05
2.30133e+05	2.31594e-02	3.22814e-02	4.28566	3.64292	1.29620e-05
2.30366e+05	2.31718e-02	3.36671e-02	6.20936	0.52361	1.29620e-05
2.30599e+05	2.31565e-02	3.49944e-02	2.38294	3.78202	1.29620e-05
2.30832e+05	2.31688e-02	3.55405e-02	5.30117	0.83025	1.29620e-05
2.31065e+05	2.31618e-02	3.55430e-02	2.60966	4.15816	1.29620e-05
2.31298e+05	2.31515e-02	3.26342e-02	0.73148	1.13880	1.29620e-05
2.31531e+05	2.31572e-02	3.23456e-02	5.63599	4.44523	1.29620e-05
2.31764e+05	2.31579e-02	3.36345e-02	5.36764	1.26493	1.29620e-05
2.31997e+05	2.31542e-02	3.29361e-02	5.89320	4.29124	1.29620e-05
2.32230e+05	2.31522e-02	3.33541e-02	0.62212	1.10009	1.29620e-05
2.32462e+05	2.31637e-02	3.42405e-02	2.44190	4.18094	1.29620e-05
2.32695e+05	2.31684e-02	3.45521e-02	4.85391	0.98611	1.29620e-05
2.32928e+05	2.31649e-02	3.49914e-02	1.51817	4.19333	1.29620e-05
