# t	a	e	mean_anomaly	varpi	mass/M_star
0.00000e+00	2.78530e-02	2.14264e-02	4.73465	5.30172	2.31180e-05
2.32928e+02	2.78537e-02	2.03012e-02	2.08930	5.53780	2.31180e-05
4.65857e+02	2.78653e-02	1.94745e-02	5.65835	0.23970	2.31180e-05
6.98785e+02	2.78591e-02	1.84390e-02	3.84288	1.08352	2.31180e-05
9.31713e+02	2.78790e-02	1.74576e-02	5.00047	0.62341	2.31180e-05
1.16464e+03	2.78695e-02	1.61635e-02	5.58858	3.94397	2.31180e-05
1.39757e+03	2.78850e-02	1.51065e-02	3.17534	3.14096	2.31180e-05
1.63050e+03	2.79058e-02	1.37451e-02	2.26153	2.67427	2.31180e-05
1.86343e+03	2.79091e-02	1.27967e-02	2.13116	0.13861	2.31180e-05
2.09636e+03	2.79074e-02	1.19154e-02	2.86194	5.13371	2.31180e-05
2.32928e+03	2.79323e-02	1.09977e-02	5.47539	1.32438	2.31180e-05
2.56221e+03	2.79362e-02	9.72259e-03	5.92040	2.60954	2.31180e-05
2.79514e+03	2.79548e-02	8.37178e-03	1.45196	2.42310	2.31180e-05
3.02807e+03	2.79630e-02	7.30861e-03	3.74785	4.51795	2.31180e-05
3.26100e+03	2.79816e-02	6.69747e-03	0.91886	4.06866	2.31180e-05
3.49393e+03	2.79936e-02	5.19400e-03	2.63102	5.59252	2.31180e-05
3.72685e+03	2.80047e-02	4.78578e-03	0.87410	6.22232	2.31180e-05
3.95978e+03	2.80182e-02	4.14868e-03	0.41050	4.70239	2.31180e-05
4.19271e+03	2.80363e-02	3.27677e-03	3.37191	6.15975	2.31180e-05
4.42564e+03	2.80395e-02	3.13246e-03	1.56832	4.78992	2.31180e-05
4.65857e+03	2.80606e-02	2.77334e-03	2.41979	0.15006	2.31180e-05
4.89150e+03	2.80737e-02	2.75309e-03	5.77425	5.31268	2.31180e-05
5.12442e+03	2.80811e-02	2.37097e-03	3.90637	1.70261	2.31180e-05
5.35735e+03	2.80920e-02	2.16714e-03	2.47251	6.03424	2.31180e-05
5.59028e+03	2.81029e-02	2.23194e-03	1.37760	1.74410	2.31180e-05
5.82321e+03	2.81055e-02	2.07481e-03	0.33730	3.02761	2.31180e-05
6.05614e+03	2.81177e-02	2.01302e-03	5.68068	4.44451	2.31180e-05
6.28907e+03	2.81230e-02	1.78078e-03	4.41386	0.65558	2.31180e-05
6.52199e+03	2.81264e-02	1.78805e-03	3.09437	4.36858	2.31180e-05
6.75492e+03	2.81364e-02	1.75697e-03	1.97391	3.02433	2.31180e-05
6.98785e+03	2.81485e-02	1.58501e-03	0.82600	3.32635	2.31180e-05
7.22078e+03	2.81672e-02	1.88583e-03	0.02542	5.10612	2.31180e-05
7.45371e+03	2.81638e-02	1.53576e-03	5.80187	2.23829	2.31180e-05
7.68664e+03	2.81764e-02	1.54165e-03	5.54919	1.20141	2.31180e-05
7.91956e+03	2.81818e-02	1.40102e-03	5.40885	2.22147	2.31180e-05
8.15249e+03	2.81827e-02	1.22813e-03	5.49849	5.25387	2.31180e-05
8.38542e+03	2.82096e-02	1.63897e-03	0.02923	3.63766	2.31180e-05
8.61835e+03	2.82012e-02	1.21992e-03	0.99635	4.26309	2.31180e-05
8.85128e+03	2.82135e-02	1.18584e-03	2.13882	0.92763	2.31180e-05
9.08421e+03	2.82349e-02	8.84958e-04	4.22877	5.46817	2.31180e-05
9.31713e+03	2.82259e-02	1.00674e-03	5.95899	0.38012	2.31180e-05
9.55006e+03	2.82390e-02	1.07638e-03	2.10596	3.54277	2.31180e-05
9.78299e+03	2.82591e-02	1.11256e-03	5.32202	2.31701	2.31180e-05
1.00159e+04	2.82545e-02	1.10757e-03	1.90885	4.20139	2.31180e-05
1.02488e+04	2.82584e-02	9.13429e-04	5.46076	1.91212	2.31180e-05
1.04818e+04	2.82788e-02	7.74834e-04	3.37143	1.79625	2.31180e-05
1.07147e+04	2.82873e-02	1.04605e-03	1.10101	4.75480	2.31180e-05
1.09476e+04	2.82914e-02	1.01678e-03	6.14566	3.29604	2.31180e-05
1.11806e+04	2.82941e-02	8.84562e-04	4.81622	4.90060	2.31180e-05
1.14135e+04	2.83104e-02	8.98539e-04	4.12328	2.57756	2.31180e-05
1.16464e+04	2.83249e-02	6.11242e-04	3.51094	3.18469	2.31180e-05
1.18793e+04	2.83293e-02	6.31653e-04	2.99840	0.49225	2.31180e-05
1.21123e+04	2.83291e-02	8.93026e-04	2.89978	0.46842	2.31180e-05
1.23452e+04	2.83358e-02	8.90538e-04	3.31436	3.08570	2.31180e-05
1.25781e+04	2.83525e-02	6.37304e-04	3.92192	2.39623	2.31180e-05
1.28111e+04	2.83627e-02	8.05683e-04	4.83974	4.58251	2.31180e-05
1.30440e+04	2.83689e-02	8.66390e-04	5.74651	3.75172	2.31180e-05
1.32769e+04	2.83806e-02	1.01227e-03	0.38204	6.16059	2.31180e-05
1.35098e+04	2.83868e-02	7.30968e-04	1.58074	5.32791	2.31180e-05
1.37428e+04	2.83905e-02	6.47152e-04	3.28319	1.04335	2.31180e-05
1.39757e+04	2.83997e-02	8.00287e-04	5.04356	0.05045	2.31180e-05
1.42086e+04	2.84008e-02	5.66606e-04	0.79799	2.19707	2.31180e-05
1.44416e+04	2.84212e-02	6.45868e-04	2.15343	2.17331	2.31180e-05
1.46745e+04	2.84277e-02	6.36591e-04	4.81828	4.28494	2.31180e-05
1.49074e+04	2.84361e-02	8.00675e-04	0.28575	4.53848	2.31180e-05
1.51403e+04	2.84432e-02	6.65581e-04	1.98878	2.06254	2.31180e-05
1.53733e+04	2.84538e-02	6.32355e-04	4.74870	2.10394	2.31180e-05
1.56062e+04	2.84587e-02	6.86493e-04	0.20153	0.47131	2.31180e-05
1.58391e+04	2.84691e-02	6.17321e-04	1.99851	2.37611	2.31180e-05
1.60721e+04	2.84780e-02	5.48735e-04	4.65138	0.80755	2.31180e-05
1.63050e+04	2.84849e-02	6.48362e-04	6.19010	4.01214	2.31180e-05
1.65379e+04	2.84903e-02	6.57752e-04	1.99983	4.10461	2.31180e-05
1.67708e+04	2.84935e-02	6.63695e-04	3.62540	2.11919	2.31180e-05
1.70038e+04	2.85121e-02	6.90455e-04	5.71779	3.41679	2.31180e-05
1.72367e+04	2.85253e-02	7.62430e-04	0.57458	3.19864	2.31180e-05
1.74696e+04	2.85272e-02	5.04756e-04	1.56937	0.65211	2.31180e-05
1.77026e+04	2.85340e-02	4.64652e-04	3.20100	1.34421	2.31180e-05
1.79355e+04	2.85459e-02	5.34060e-04	4.24359	0.22871	2.31180e-05
1.81684e+04	2.85570e-02	5.65991e-04	4.90584	3.39178	2.31180e-05
1.84013e+04	2.85537e-02	5.00258e-04	4.72739	5.07643	2.31180e-05
1.86343e+04	2.85752e-02	6.34828e-04	5.29107	3.69310	2.31180e-05
1.88672e+04	2.85782e-02	3.50299e-04	4.65787	1.24573	2.31180e-05
1.91001e+04	2.85770e-02	6.01815e-04	3.57159	3.28609	2.31180e-05
1.93331e+04	2.85973e-02	3.84089e-04	2.11432	3.45924	2.31180e-05
1.95660e+04	2.86115e-02	7.36633e-04	0.69760	1.41941	2.31180e-05
1.97989e+04	2.86184e-02	8.06475e-04	5.84836	3.19943	2.31180e-05
2.00318e+04	2.86178e-02	3.93184e-04	3.06361	4.51627	2.31180e-05
2.02648e+04	2.86289e-02	5.90779e-04	0.40913	3.60012	2.31180e-05
2.04977e+04	2.86399e-02	2.58236e-04	3.83831	0.79113	2.31180e-05
2.07306e+04	2.86423e-02	4.94385e-04	5.85665	3.64839	2.31180e-05
2.09636e+04	2.86564e-02	5.80809e-04	0.80199	5.26072	2.31180e-05
2.11965e+04	2.86634e-02	4.07228e-04	1.91605	5.01780	2.31180e-05
2.14294e+04	2.86674e-02	4.44948e-04	3.21278	2.63373	2.31180e-05
2.16623e+04	2.86731e-02	4.44855e-04	3.05434	6.03950	2.31180e-05
2.18953e+04	2.86879e-02	3.25961e-04	2.15463	2.01979	2.31180e-05
2.21282e+04	2.87042e-02	7.18852e-04	0.58506	3.06240	2.31180e-05
2.23611e+04	2.87055e-02	5.62031e-04	5.71640	1.86132	2.31180e-05
2.25940e+04	2.87134e-02	3.96227e-04	1.85941	1.54875	2.31180e-05
2.28270e+04	2.87231e-02	5.61723e-04	5.62550	4.37571	2.31180e-05
2.30599e+04	2.87366e-02	7.42397e-04	0.44146	1.84452	2.31180e-05
2.32928e+04	2.87390e-02	4.06091e-04	1.34979	4.05776	2.31180e-05
2.35258e+04	2.87429e-02	2.71251e-04	2.08351	4.72631	2.31180e-05
2.37587e+04	2.87522e-02	4.80566e-04	1.24515	5.31057	2.31180e-05
2.39916e+04	2.87690e-02	6.22224e-04	6.00473	4.91775	2.31180e-05
2.42245e+04	2.87623e-02	4.92486e-04	3.37494	4.03222	2.31180e-05
2.44575e+04	2.87801e-02	5.01414e-04	5.85892	2.72749	2.31180e-05
2.46904e+04	2.87900e-02	4.73066e-04	1.20561	0.69858	2.31180e-05
2.49233e+04	2.87974e-02	2.46367e-04	1.89456	4.37990	2.31180e-05
2.51563e+04	2.88048e-02	3.32498e-04	1.58327	1.25635	2.31180e-05
2.53892e+04	2.88100e-02	4.02221e-04	0.46452	3.76546	2.31180e-05
2.56221e+04	2.88201e-02	3.21774e-04	4.82226	5.61617	2.31180e-05
2.58550e+04	2.88293e-02	4.42558e-04	0.33308	2.34500	2.31180e-05
2.60880e+04	2.88480e-02	4.29628e-04	0.87757	5.19746	2.31180e-05
2.63209e+04	2.88457e-02	3.89458e-04	1.92975	6.17855	2.31180e-05
2.65538e+04	2.88528e-02	4.36604e-04	1.23849	1.30200	2.31180e-05
2.67868e+04	2.88567e-02	3.66368e-04	4.96551	3.24835	2.31180e-05
2.70197e+04	2.88736e-02	2.21084e-04	1.07345	5.25057	2.31180e-05
2.72526e+04	2.88769e-02	3.40817e-04	3.12491	0.05685	2.31180e-05
2.74855e+04	2.88914e-02	8.70251e-05	3.22438	1.89197	2.31180e-05
2.77185e+04	2.88970e-02	3.20439e-04	1.16156	4.67525	2.31180e-05
2.79514e+04	2.89036e-02	4.28566e-04	5.50890	6.16336	2.31180e-05
2.81843e+04	2.89220e-02	6.16451e-04	0.51976	3.29740	2.31180e-05
2.84173e+04	2.89225e-02	3.24174e-04	1.08013	0.03481	2.31180e-05
2.86502e+04	2.89298e-02	2.83750e-04	0.69975	2.91079	2.31180e-05
2.88831e+04	2.89409e-02	4.05537e-04	5.48745	5.84357	2.31180e-05
2.91160e+04	2.89541e-02	5.32356e-04	0.50023	4.97201	2.31180e-05
2.93490e+04	2.89579e-02	4.21251e-04	0.75089	4.12540	2.31180e-05
2.95819e+04	2.89609e-02	3.39948e-04	0.35874	2.94655	2.31180e-05
2.98148e+04	2.89823e-02	4.10175e-04	5.53339	1.55410	2.31180e-05
3.00478e+04	2.89893e-02	6.40553e-04	6.10888	3.82255	2.31180e-05
3.02807e+04	2.89980e-02	6.66481e-04	6.16154	5.72128	2.31180e-05
3.05136e+04	2.90016e-02	5.26092e-04	5.42281	1.26312	2.31180e-05
3.07465e+04	2.90132e-02	5.33267e-04	0.85341	6.09718	2.31180e-05
3.09795e+04	2.90067e-02	3.79104e-04	2.62445	3.76359	2.31180e-05
3.12124e+04	2.90175e-02	2.21387e-04	2.46092	2.58151	2.31180e-05
3.14453e+04	2.90297e-02	3.48634e-04	6.16115	3.07981	2.31180e-05
3.16783e+04	2.90373e-02	2.23577e-04	1.20254	5.20770	2.31180e-05
3.19112e+04	2.90500e-02	4.42433e-04	0.55464	2.32303	2.31180e-05
3.21441e+04	2.90503e-02	3.23168e-04	4.92908	0.04307	2.31180e-05
3.23770e+04	2.90665e-02	4.36419e-04	0.52057	5.88085	2.31180e-05
3.26100e+04	2.90713e-02	2.14584e-04	0.90520	0.02310	2.31180e-05
3.28429e+04	2.90830e-02	4.28281e-04	5.79902	1.62940	2.31180e-05
3.30758e+04	2.90981e-02	4.59950e-04	0.40631	0.40756	2.31180e-05
3.33088e+04	2.91002e-02	4.31566e-04	0.53323	5.67613	2.31180e-05
3.35417e+04	2.91022e-02	2.32985e-04	5.07861	6.01515	2.31180e-05
3.37746e+04	2.91144e-02	3.56030e-04	0.29734	2.64722	2.31180e-05
3.40075e+04	2.91244e-02	4.06465e-04	0.51496	0.08871	2.31180e-05
3.42405e+04	2.91246e-02	3.17294e-04	3.84706	0.26866	2.31180e-05
3.44734e+04	2.91329e-02	1.97234e-04	4.90543	2.31838	2.31180e-05
3.47063e+04	2.91386e-02	3.72145e-04	3.44905	0.24030	2.31180e-05
3.49393e+04	2.91486e-02	1.20702e-04	0.49708	5.57421	2.31180e-05
3.51722e+04	2.91690e-02	3.93776e-04	0.32047	1.52643	2.31180e-05
3.54051e+04	2.91762e-02	3.59537e-04	5.23223	4.67797	2.31180e-05
3.56380e+04	2.91810e-02	3.49823e-04	0.17557	4.94482	2.31180e-05
3.58710e+04	2.91897e-02	3.74374e-04	5.50173	0.87004	2.31180e-05
3.61039e+04	2.92023e-02	3.37020e-04	1.02821	0.11266	2.31180e-05
3.63368e+04	2.92080e-02	2.42199e-04	1.19760	0.78969	2.31180e-05
3.65697e+04	2.92179e-02	3.30437e-04	5.91936	3.03526	2.31180e-05
3.68027e+04	2.92277e-02	4.94911e-04	0.31632	2.90363	2.31180e-05
3.70356e+04	2.92408e-02	5.55755e-04	5.87682	4.08389	2.31180e-05
3.72685e+04	2.92405e-02	3.42138e-04	0.30948	3.72528	2.31180e-05
3.75015e+04	2.92503e-02	3.82713e-04	5.76553	4.85466	2.31180e-05
3.77344e+04	2.92566e-02	2.90248e-04	1.54472	3.08202	2.31180e-05
3.79673e+04	2.92706e-02	2.80839e-04	0.95412	3.94342	2.31180e-05
3.82002e+04	2.92769e-02	3.94102e-04	5.74789	5.72767	2.31180e-05
3.84332e+04	2.92912e-02	5.45265e-04	5.88927	5.93151	2.31180e-05
3.86661e+04	2.92836e-02	2.52295e-04	2.76976	3.20747	2.31180e-05
3.88990e+04	2.93005e-02	1.38721e-04	1.61415	4.88879	2.31180e-05
3.91320e+04	2.93014e-02	1.48750e-04	6.28112	0.87775	2.31180e-05
3.93649e+04	2.93134e-02	2.60236e-04	0.18219	1.52336	2.31180e-05
3.95978e+04	2.93202e-02	1.96310e-04	4.35454	4.62980	2.31180e-05
3.98307e+04	2.93339e-02	1.28860e-04	5.55090	4.63777	2.31180e-05
4.00637e+04	2.93348e-02	2.79990e-04	2.06091	3.30229	2.31180e-05
4.02966e+04	2.93509e-02	1.81448e-04	1.26937	5.79622	2.31180e-05
4.05295e+04	2.93560e-02	2.22683e-04	5.57307	3.48303	2.31180e-05
4.07625e+04	2.93655e-02	3.32090e-04	5.52551	5.83623	2.31180e-05
4.09954e+04	2.93684e-02	2.73983e-04	1.80668	5.93455	2.31180e-05
4.12283e+04	2.93759e-02	1.53722e-04	1.52090	2.95057	2.31180e-05
4.14612e+04	2.93976e-02	1.57829e-04	6.06188	1.81610	2.31180e-05
4.16942e+04	2.94026e-02	2.36890e-04	1.47508	3.96286	2.31180e-05
4.19271e+04	2.94060e-02	2.76879e-04	4.72582	4.98459	2.31180e-05
4.21600e+04	2.94143e-02	1.69947e-04	1.43163	0.45575	2.31180e-05
4.23930e+04	2.94272e-02	1.03344e-04	1.32770	5.80149	2.31180e-05
4.26259e+04	2.94321e-02	2.84023e-04	0.15498	0.18594	2.31180e-05
4.28588e+04	2.94461e-02	3.91658e-04	5.84588	0.78136	2.31180e-05
4.30917e+04	2.94518e-02	4.22010e-05	1.32009	5.90487	2.31180e-05
4.33247e+04	2.94602e-02	3.54169e-04	0.51034	1.65959	2.31180e-05
4.35576e+04	2.94652e-02	1.36290e-04	0.93223	3.07729	2.31180e-05
4.37905e+04	2.94773e-02	1.49906e-04	5.95118	0.55301	2.31180e-05
4.40235e+04	2.94838e-02	1.68458e-04	4.95895	4.73895	2.31180e-05
4.42564e+04	2.94829e-02	9.22439e-05	4.82103	2.47554	2.31180e-05
4.44893e+04	2.95014e-02	9.98962e-05	4.77647	0.85146	2.31180e-05
4.47222e+04	2.95130e-02	1.91764e-04	5.34256	5.65834	2.31180e-05
4.49552e+04	2.95267e-02	5.66343e-04	6.15540	4.73665	2.31180e-05
4.51881e+04	2.95176e-02	2.03743e-04	4.37019	0.92310	2.31180e-05
4.54210e+04	2.95291e-02	2.41171e-04	4.93911	1.87432	2.31180e-05
4.56540e+04	2.95360e-02	1.86960e-04	2.05368	0.87555	2.31180e-05
4.58869e+04	2.95497e-02	2.55096e-04	0.17986	6.01970	2.31180e-05
4.61198e+04	2.95507e-02	5.22273e-05	1.44261	2.65762	2.31180e-05
4.63527e+04	2.95683e-02	9.93783e-05	2.19146	0.74858	2.31180e-05
4.65857e+04	2.95734e-02	2.38495e-04	0.53579	2.22628	2.31180e-05
4.68186e+04	2.95911e-02	4.16524e-04	0.47664	3.08194	2.31180e-05
4.70515e+04	2.95861e-02	2.14875e-04	2.39710	2.97421	2.31180e-05
4.72845e+04	2.96014e-02	3.15543e-04	5.95323	2.29066	2.31180e-05
4.75174e+04	2.96184e-02	4.45313e-04	5.93455	6.23295	2.31180e-05
4.77503e+04	2.96181e-02	3.16164e-04	6.01206	4.88993	2.31180e-05
4.79832e+04	2.96197e-02	2.30892e-04	2.40947	2.08009	2.31180e-05
4.82162e+04	2.96389e-02	3.71573e-04	0.52015	4.96852	2.31180e-05
4.84491e+04	2.96428e-02	2.69029e-04	6.05926	1.59958	2.31180e-05
4.86820e+04	2.96473e-02	2.48708e-04	1.47035	3.27163	2.31180e-05
4.89150e+04	2.96608e-02	1.31992e-04	4.94805	4.39982	2.31180e-05
4.91479e+04	2.96701e-02	2.52451e-04	0.53298	2.08462	2.31180e-05
4.93808e+04	2.96785e-02	3.28218e-04	0.42704	3.01678	2.31180e-05
4.96137e+04	2.96772e-02	2.03818e-04	1.90080	3.68516	2.31180e-05
4.98467e+04	2.96947e-02	1.38035e-04	5.16427	3.87144	2.31180e-05
5.00796e+04	2.97010e-02	2.14433e-04	0.57694	0.69183	2.31180e-05
5.03125e+04	2.97094e-02	1.99415e-04	5.75448	1.68880	2.31180e-05
5.05454e+04	2.97131e-02	8.53148e-05	5.54477	3.20786	2.31180e-05
5.07784e+04	2.97311e-02	3.77124e-04	5.75928	5.71216	2.31180e-05
5.10113e+04	2.97366e-02	2.95001e-04	1.02630	2.04891	2.31180e-05
5.12442e+04	2.97364e-02	2.02815e-04	4.33564	4.40444	2.31180e-05
5.14772e+04	2.97514e-02	2.44730e-04	1.35267	1.97064	2.31180e-05
5.17101e+04	2.97698e-02	5.06871e-04	0.26694	5.45160	2.31180e-05
5.19430e+04	2.97683e-02	2.33728e-04	6.26494	3.40227	2.31180e-05
5.21759e+04	2.97815e-02	2.96681e-04	0.60713	2.03747	2.31180e-05
5.24089e+04	2.97894e-02	1.06523e-04	5.92146	3.85464	2.31180e-05
5.26418e+04	2.97992e-02	4.12798e-04	0.14070	5.82965	2.31180e-05
5.28747e+04	2.98033e-02	6.90641e-05	1.78667	2.04977	2.31180e-05
5.31077e+04	2.98095e-02	2.18826e-04	6.22583	3.42302	2.31180e-05
5.33406e+04	2.98141e-02	9.26401e-05	5.55392	5.32953	2.31180e-05
5.35735e+04	2.98239e-02	2.29109e-04	4.37363	3.20889	2.31180e-05
5.38064e+04	2.98463e-02	3.54622e-04	6.10741	6.19600	2.31180e-05
5.40394e+04	2.98459e-02	1.57634e-04	5.20343	1.03590	2.31180e-05
5.42723e+04	2.98557e-02	3.26094e-04	5.91324	2.35164	2.31180e-05
5.45052e+04	2.98613e-02	2.75454e-04	0.31328	5.54161	2.31180e-05
5.47382e+04	2.98749e-02	2.41349e-04	0.65543	4.63020	2.31180e-05
5.49711e+04	2.98888e-02	4.29713e-04	5.86614	0.73200	2.31180e-05
5.52040e+04	2.98860e-02	2.39691e-04	0.11949	3.43130	2.31180e-05
5.54369e+04	2.98939e-02	2.89645e-05	2.90766	5.79459	2.31180e-05
5.56699e+04	2.99078e-02	3.52809e-04	0.49370	2.75094	2.31180e-05
5.59028e+04	2.99113e-02	2.39560e-04	4.96964	1.08342	2.31180e-05
5.61357e+04	2.99280e-02	4.43614e-04	0.31322	4.28825	2.31180e-05
5.63687e+04	2.99247e-02	1.17897e-04	5.02366	0.14246	2.31180e-05
5.66016e+04	2.99435e-02	1.96615e-04	0.75622	0.74883	2.31180e-05
5.68345e+04	2.99351e-02	1.18094e-04	2.25009	3.97669	2.31180e-05
5.70674e+04	2.99566e-02	2.33351e-04	5.65503	1.10097	2.31180e-05
5.73004e+04	2.99575e-02	1.26643e-04	2.06367	1.07069	2.31180e-05
5.75333e+04	2.99704e-02	2.64730e-04	5.73336	2.23709	2.31180e-05
5.77662e+04	2.99798e-02	6.61984e-05	5.25398	3.43491	2.31180e-05
5.79992e+04	2.99959e-02	3.69259e-04	0.15633	5.17563	2.31180e-05
5.82321e+04	2.99875e-02	1.37420e-04	4.29219	6.19814	2.31180e-05
5.84650e+04	3.00064e-02	2.10588e-04	0.64102	4.71496	2.31180e-05
5.86979e+04	3.00060e-02	1.62748e-04	4.20841	4.56220	2.31180e-05
5.89309e+04	3.00161e-02	1.17955e-04	1.61095	0.31499	2.31180e-05
5.91638e+04	3.00312e-02	1.19050e-04	5.50068	4.49531	2.31180e-05
5.93967e+04	3.00393e-02	2.04460e-04	6.02210	1.81738	2.31180e-05
5.96297e+04	3.00466e-02	1.68340e-04	0.29683	1.48508	2.31180e-05
5.98626e+04	3.00562e-02	1.98229e-04	0.66091	3.75237	2.31180e-05
6.00955e+04	3.00637e-02	1.97654e-04	1.46221	1.74705	2.31180e-05
6.03284e+04	3.00661e-02	1.31457e-04	2.16047	2.28434	2.31180e-05
6.05614e+04	3.00830e-02	1.79908e-04	0.08071	1.79724	2.31180e-05
6.07943e+04	3.00855e-02	1.81857e-04	0.02542	1.80685	2.31180e-05
6.10272e+04	3.01005e-02	2.77367e-04	5.84987	4.73396	2.31180e-05
6.12602e+04	3.01033e-02	1.94593e-05	0.50591	2.53450	2.31180e-05
6.14931e+04	3.01157e-02	2.59562e-04	5.42169	5.23745	2.31180e-05
6.17260e+04	3.01297e-02	4.85513e-04	6.08728	2.21173	2.31180e-05
6.19589e+04	3.01366e-02	3.71565e-04	0.33560	1.94859	2.31180e-05
6.21919e+04	3.01301e-02	1.65712e-04	2.09666	3.10934	2.31180e-05
6.24248e+04	3.01558e-02	5.01586e-04	0.24870	4.29040	2.31180e-05
6.26577e+04	3.01556e-02	1.62112e-04	5.99872	0.55954	2.31180e-05
6.28907e+04	3.01637e-02	6.32060e-05	1.98287	3.03848	2.31180e-05
6.31236e+04	3.01744e-02	3.07760e-04	5.94973	0.30282	2.31180e-05
6.33565e+04	3.01892e-02	4.90265e-04	6.09908	4.14406	2.31180e-05
6.35894e+04	3.01893e-02	2.37020e-04	0.36838	4.09962	2.31180e-05
6.38224e+04	3.01977e-02	2.33161e-04	5.93075	1.87029	2.31180e-05
6.40553e+04	3.02085e-02	2.00583e-04	5.47467	2.24270	2.31180e-05
6.42882e+04	3.02230e-02	4.73941e-04	0.16533	4.04228	2.31180e-05
6.45211e+04	3.02264e-02	2.09783e-04	0.04720	3.54946	2.31180e-05
6.47541e+04	3.02315e-02	9.88461e-05	0.00193	5.92296	2.31180e-05
6.49870e+04	3.02430e-02	2.73402e-04	0.16853	4.73201	2.31180e-05
6.52199e+04	3.02439e-02	1.97160e-04	4.74789	2.10023	2.31180e-05
6.54529e+04	3.02553e-02	2.26487e-04	6.02810	5.77954	2.31180e-05
6.56858e+04	3.02642e-02	2.06830e-04	0.35960	0.56230	2.31180e-05
6.59187e+04	3.02807e-02	4.28459e-04	6.12767	5.80241	2.31180e-05
6.61516e+04	3.02737e-02	2.05046e-04	3.71195	3.44601	2.31180e-05
6.63846e+04	3.02955e-02	4.22633e-04	6.01903	5.75954	2.31180e-05
6.66175e+04	3.02967e-02	2.07045e-04	0.49360	0.15655	2.31180e-05
6.68504e+04	3.03140e-02	4.16879e-04	6.03928	5.47430	2.31180e-05
6.70834e+04	3.03254e-02	4.25374e-04	0.33328	0.09279	2.31180e-05
6.73163e+04	3.03215e-02	2.84529e-05	2.77541	2.30354	2.31180e-05
6.75492e+04	3.03287e-02	8.99708e-05	2.14791	4.51491	2.31180e-05
6.77821e+04	3.03368e-02	1.00381e-04	0.87039	4.33192	2.31180e-05
6.80151e+04	3.03458e-02	1.01159e-04	3.28637	3.73403	2.31180e-05
6.82480e+04	3.03563e-02	5.68963e-05	4.32737	1.49834	2.31180e-05
6.84809e+04	3.03587e-02	1.95416e-04	2.19403	5.74352	2.31180e-05
6.87139e+04	3.03836e-02	4.35284e-04	5.87767	1.24290	2.31180e-05
6.89468e+04	3.03798e-02	8.72574e-05	5.21168	4.43489	2.31180e-05
6.91797e+04	3.03840e-02	1.76184e-04	3.79778	5.47532	2.31180e-05
6.94126e+04	3.04013e-02	3.26241e-04	5.97967	0.06005	2.31180e-05
6.96456e+04	3.04064e-02	2.20108e-04	0.61251	5.60812	2.31180e-05
6.98785e+04	3.04174e-02	1.95114e-04	5.76354	4.09348	2.31180e-05
7.01114e+04	3.04209e-02	1.50415e-04	0.01105	4.39448	2.31180e-05
7.03444e+04	3.04352e-02	3.07641e-04	0.57565	1.89764	2.31180e-05
7.05773e+04	3.04366e-02	5.03383e-05	3.09105	0.96040	2.31180e-05
7.08102e+04	3.04534e-02	3.29039e-04	5.78023	3.40048	2.31180e-05
7.10431e+04	3.04553e-02	7.92917e-05	5.30814	0.02570	2.31180e-05
7.12761e+04	3.04683e-02	1.61568e-04	6.22586	5.12693	2.31180e-05
7.15090e+04	3.04742e-02	1.18526e-04	0.81567	1.32797	2.31180e-05
7.17419e+04	3.04736e-02	5.03207e-05	2.74872	0.11547	2.31180e-05
7.19749e+04	3.04921e-02	1.37775e-04	0.78740	0.19981	2.31180e-05
7.22078e+04	3.04967e-02	2.00895e-04	1.26752	1.51995	2.31180e-05
7.24407e+04	3.05044e-02	1.88375e-04	4.83531	3.47029	2.31180e-05
7.26736e+04	3.05167e-02	1.39330e-04	5.41370	5.88330	2.31180e-05
7.29066e+04	3.05179e-02	1.72936e-04	1.88715	3.58339	2.31180e-05
7.31395e+04	3.05271e-02	1.46273e-04	2.47667	0.95606	2.31180e-05
7.33724e+04	3.05441e-02	2.86704e-04	0.31107	4.91210	2.31180e-05
7.36054e+04	3.05442e-02	1.45452e-04	2.78031	1.76948	2.31180e-05
7.38383e+04	3.05689e-02	3.97072e-04	0.13914	1.31346	2.31180e-05
7.40712e+04	3.05708e-02	2.81196e-04	5.95203	2.56941	2.31180e-05
7.43041e+04	3.05726e-02	1.00466e-04	5.52011	1.42627	2.31180e-05
7.45371e+04	3.05835e-02	2.34440e-04	6.06437	3.22086	2.31180e-05
7.47700e+04	3.05908e-02	1.62868e-04	0.35349	2.65764	2.31180e-05
7.50029e+04	3.05990e-02	1.75841e-04	4.77632	2.23717	2.31180e-05
7.52359e+04	3.06134e-02	2.22771e-04	5.83164	2.88504	2.31180e-05
7.54688e+04	3.06149e-02	2.04770e-04	1.18208	0.69538	2.31180e-05
7.57017e+04	3.06272e-02	2.38995e-04	0.31808	5.05099	2.31180e-05
7.59346e+04	3.06273e-02	2.05617e-05	5.40331	1.26109	2.31180e-05
7.61676e+04	3.06404e-02	1.99369e-04	5.63491	0.11988	2.31180e-05
7.64005e+04	3.06508e-02	1.12450e-04	0.76064	1.91833	2.31180e-05
7.66334e+04	3.06590e-02	4.57006e-05	0.28702	3.47361	2.31180e-05
7.68664e+04	3.06702e-02	2.38143e-04	6.15917	2.83085	2.31180e-05
7.70993e+04	3.06765e-02	1.60826e-04	6.11063	6.01331	2.31180e-05
7.73322e+04	3.06849e-02	1.29915e-04	0.74759	6.15496	2.31180e-05
7.75651e+04	3.06988e-02	3.55072e-04	0.25181	5.67921	2.31180e-05
7.77981e+04	3.07086e-02	3.04680e-04	0.02899	2.88860	2.31180e-05
7.80310e+04	3.07105e-02	1.32145e-04	0.57252	3.61218	2.31180e-05
7.82639e+04	3.07144e-02	1.85030e-05	2.68357	0.80468	2.31180e-05
7.84969e+04	3.07272e-02	2.12603e-04	0.89587	6.20681	2.31180e-05
7.87298e+04	3.07371e-02	1.52099e-04	5.90332	2.88103	2.31180e-05
7.89627e+04	3.07433e-02	2.36335e-04	0.25138	2.03689	2.31180e-05
7.91956e+04	3.07504e-02	1.10848e-04	0.21712	6.23897	2.31180e-05
7.94286e+04	3.07642e-02	2.16659e-04	5.52266	3.23714	2.31180e-05
7.96615e+04	3.07665e-02	1.62499e-05	4.70633	4.51616	2.31180e-05
7.98944e+04	3.07864e-02	4.41281e-04	5.93940	1.94427	2.31180e-05
8.01273e+04	3.07880e-02	1.46402e-04	0.43145	4.30228	2.31180e-05
8.03603e+04	3.07913e-02	5.09879e-05	2.63633	3.45904	2.31180e-05
8.05932e+04	3.07983e-02	1.28470e-04	0.06152	5.66273	2.31180e-05
8.08261e+04	3.08186e-02	3.68234e-04	6.19564	3.69850	2.31180e-05
8.10591e+04	3.08150e-02	1.28318e-04	6.27862	6.08273	2.31180e-05
8.12920e+04	3.08266e-02	9.21964e-05	0.25248	0.32942	2.31180e-05
8.15249e+04	3.08431e-02	4.20920e-04	5.83536	0.17614	2.31180e-05
8.17578e+04	3.08343e-02	1.67376e-04	2.21145	1.29515	2.31180e-05
8.19908e+04	3.08579e-02	4.07300e-04	6.05170	5.90558	2.31180e-05
8.22237e+04	3.08581e-02	1.55447e-04	5.86881	0.39945	2.31180e-05
8.24566e+04	3.08725e-02	1.96828e-04	5.98833	5.57567	2.31180e-05
8.26896e+04	3.08707e-02	9.84805e-05	2.34059	0.40931	2.31180e-05
8.29225e+04	3.08861e-02	6.26921e-05	5.49140	5.78968	2.31180e-05
8.31554e+04	3.09020e-02	4.51408e-04	0.19811	5.53382	2.31180e-05
8.33883e+04	3.09007e-02	1.81923e-04	5.95753	5.31700	2.31180e-05
8.36213e+04	3.09032e-02	1.39339e-04	2.38352	0.41464	2.31180e-05
8.38542e+04	3.09165e-02	6.57425e-05	5.51524	6.24208	2.31180e-05
8.40871e+04	3.09215e-02	1.74326e-04	4.15374	2.57372	2.31180e-05
8.43201e+04	3.09347e-02	1.81066e-04	6.19231	0.40364	2.31180e-05
8.45530e+04	3.09429e-02	2.03068e-05	5.33143	6.07016	2.31180e-05
8.47859e+04	3.09515e-02	1.10240e-04	0.92033	1.36504	2.31180e-05
8.50188e+04	3.09660e-02	2.31259e-04	6.08648	4.61563	2.31180e-05
8.52518e+04	3.09657e-02	1.25215e-04	5.80831	5.73284	2.31180e-05
8.54847e+04	3.09733e-02	5.33169e-05	4.91588	6.20808	2.31180e-05
8.57176e+04	3.09856e-02	8.30563e-05	0.33082	2.82726	2.31180e-05
8.59506e+04	3.09922e-02	1.48941e-04	6.02587	0.50620	2.31180e-05
8.61835e+04	3.10029e-02	1.23990e-04	5.49667	3.22040	2.31180e-05
8.64164e+04	3.10051e-02	8.43453e-05	4.06762	5.63639	2.31180e-05
8.66493e+04	3.10286e-02	4.61563e-04	6.12986	3.40124	2.31180e-05
8.68823e+04	3.10386e-02	4.40267e-04	0.27410	1.67877	2.31180e-05
8.71152e+04	3.10394e-02	2.90779e-04	0.54324	5.26706	2.31180e-05
8.73481e+04	3.10492e-02	2.81124e-04	0.09884	2.19305	2.31180e-05
8.75811e+04	3.10529e-02	1.13789e-04	0.62849	3.35704	2.31180e-05
8.78140e+04	3.10577e-02	1.07705e-04	5.92049	5.00967	2.31180e-05
8.80469e+04	3.10630e-02	1.47712e-04	4.44385	6.10570	2.31180e-05
8.82798e+04	3.10815e-02	1.98528e-04	0.12679	2.75438	2.31180e-05
8.85128e+04	3.10957e-02	4.67963e-04	6.10064	0.71334	2.31180e-05
8.87457e+04	3.10935e-02	2.23753e-05	1.11644	2.37124	2.31180e-05
8.89786e+04	3.11033e-02	1.17756e-04	0.55890	4.94842	2.31180e-05
8.92116e+04	3.11079e-02	1.61272e-04	1.40502	5.20628	2.31180e-05
8.94445e+04	3.11206e-02	5.78537e-05	5.58797	1.25027	2.31180e-05
8.96774e+04	3.11260e-02	1.40110e-04	6.02573	0.15213	2.31180e-05
8.99103e+04	3.11294e-02	1.68354e-04	3.91579	0.75267	2.31180e-05
9.01433e+04	3.11453e-02	1.18860e-04	5.68240	2.94827	2.31180e-05
9.03762e+04	3.11555e-02	2.31436e-04	6.06687	5.70511	2.31180e-05
9.06091e+04	3.11688e-02	4.08117e-04	6.05488	1.79207	2.31180e-05
9.08421e+04	3.11795e-02	3.57209e-04	0.02496	3.15115	2.31180e-05
9.10750e+04	3.11749e-02	5.14691e-05	1.19401	2.83967	2.31180e-05
9.13079e+04	3.11883e-02	1.28286e-04	6.01751	4.43976	2.31180e-05
9.15408e+04	3.11993e-02	2.10730e-04	0.81534	2.80280	2.31180e-05
9.17738e+04	3.12053e-02	2.10417e-04	6.08758	2.60059	2.31180e-05
9.20067e+04	3.12103e-02	7.57301e-05	1.02877	5.77844	2.31180e-05
9.22396e+04	3.12279e-02	4.13245e-04	0.23531	4.06079	2.31180e-05
9.24726e+04	3.12238e-02	5.73285e-05	4.39451	3.08128	2.31180e-05
9.27055e+04	3.12463e-02	3.82844e-04	6.08684	3.96649	2.31180e-05
9.29384e+04	3.12462e-02	2.02924e-04	0.34224	5.44081	2.31180e-05
9.31713e+04	3.12522e-02	4.19300e-05	2.71577	4.53701	2.31180e-05
9.34043e+04	3.12553e-02	2.28279e-05	3.94980	4.26737	2.31180e-05
9.36372e+04	3.12736e-02	1.77350e-04	0.18045	2.20194	2.31180e-05
9.38701e+04	3.12816e-02	1.15168e-04	5.87497	2.76176	2.31180e-05
9.41030e+04	3.12863e-02	1.83049e-04	5.21338	2.95391	2.31180e-05
9.43360e+04	3.12986e-02	2.70514e-04	6.05296	1.19406	2.31180e-05
9.45689e+04	3.13018e-02	1.41434e-04	0.63374	5.27968	2.31180e-05
9.48018e+04	3.13136e-02	1.35673e-04	5.75021	4.73752	2.31180e-05
9.50348e+04	3.13247e-02	3.16698e-04	0.54988	1.55939	2.31180e-05
9.52677e+04	3.13274e-02	1.39400e-04	0.42056	5.52891	2.31180e-05
9.55006e+04	3.13336e-02	7.85693e-05	0.51307	2.66604	2.31180e-05
9.57335e+04	3.13396e-02	1.56879e-04	4.39664	2.00562	2.31180e-05
9.59665e+04	3.13559e-02	2.32948e-04	5.67974	3.64578	2.31180e-05
9.61994e+04	3.13623e-02	1.96576e-04	1.05406	4.64861	2.31180e-05
9.64323e+04	3.13731e-02	9.42784e-05	5.85694	2.28086	2.31180e-05
9.66653e+04	3.13802e-02	1.94169e-04	0.33293	3.72135	2.31180e-05
9.68982e+04	3.13841e-02	4.68053e-05	2.42959	3.62555	2.31180e-05
9.71311e+04	3.13982e-02	1.80510e-04	1.06130	0.53464	2.31180e-05
9.73640e+04	3.14134e-02	4.14301e-04	0.13864	3.14111	2.31180e-05
9.75970e+04	3.14212e-02	4.28600e-04	0.19492	4.61840	2.31180e-05
9.78299e+04	3.14205e-02	1.29505e-04	0.39696	5.83710	2.31180e-05
9.80628e+04	3.14282e-02	7.13885e-05	0.83178	0.46299	2.31180e-05
9.82958e+04	3.14308e-02	1.45070e-04	2.67534	6.16009	2.31180e-05
9.85287e+04	3.14506e-02	2.64722e-04	5.91451	4.13127	2.31180e-05
9.87616e+04	3.14577e-02	5.09481e-04	1.03078	3.81469	2.31180e-05
9.89945e+04	3.14661e-02	5.55576e-03	0.04105	5.99835	2.31180e-05
9.92275e+04	3.14783e-02	5.15162e-03	1.31730	4.43626	2.31180e-05
9.94604e+04	3.14915e-02	1.23753e-03	3.18905	5.89068	2.31180e-05
9.96933e+04	3.14888e-02	3.40594e-04	4.44281	0.95044	2.31180e-05
9.99263e+04	3.15013e-02	1.20757e-03	3.64344	3.51969	2.31180e-05
1.00159e+05	3.15118e-02	8.51157e-04	0.29909	2.23781	2.31180e-05
1.00392e+05	3.15218e-02	5.13793e-04	4.90990	6.01605	2.31180e-05
1.00625e+05	3.15241e-02	5.02478e-04	1.25699	5.43040	2.31180e-05
1.00858e+05	3.15355e-02	5.63678e-04	5.41387	3.22348	2.31180e-05
1.01091e+05	3.15381e-02	3.45294e-04	2.24631	2.21774	2.31180e-05
1.01324e+05	3.15501e-02	6.11400e-04	0.04950	0.44262	2.31180e-05
1.01557e+05	3.15546e-02	4.27187e-04	4.39873	4.99185	2.31180e-05
1.01790e+05	3.15556e-02	3.28451e-04	2.25122	3.74835	2.31180e-05
1.02023e+05	3.15787e-02	5.70199e-04	0.25509	2.56564	2.31180e-05
1.02256e+05	3.15807e-02	2.40998e-04	5.31171	0.82737	2.31180e-05
1.02488e+05	3.15910e-02	2.89857e-04	4.67070	5.08076	2.31180e-05
1.02721e+05	3.15979e-02	1.14579e-04	2.73478	4.68237	2.31180e-05
1.02954e+05	3.15976e-02	3.43944e-04	2.20757	3.27337	2.31180e-05
1.03187e+05	3.16250e-02	4.55165e-04	0.56946	3.29852	2.31180e-05
1.03420e+05	3.16251e-02	1.62701e-04	1.30215	1.32874	2.31180e-05
1.03653e+05	3.16298e-02	2.63347e-04	2.80842	5.29435	2.31180e-05
1.03886e+05	3.16326e-02	2.84052e-04	3.35600	4.35451	2.31180e-05
1.04119e+05	3.16476e-02	4.04050e-04	5.48705	2.29230	2.31180e-05
1.04352e+05	3.16500e-02	1.52906e-04	1.05039	1.00503	2.31180e-05
1.04585e+05	3.16667e-02	1.57873e-04	4.49569	4.87901	2.31180e-05
1.04818e+05	3.16733e-02	3.48245e-04	0.22143	4.41576	2.31180e-05
1.05051e+05	3.16755e-02	2.17196e-04	3.42464	3.28794	2.31180e-05
1.05284e+05	3.16998e-02	5.63695e-04	0.52839	2.55634	2.31180e-05
1.05517e+05	3.17067e-02	5.16293e-04	6.24692	0.05609	2.31180e-05
1.05749e+05	3.17066e-02	2.55256e-04	5.30538	4.80023	2.31180e-05
1.05982e+05	3.17252e-02	4.55502e-04	5.83909	2.43454	2.31180e-05
1.06215e+05	3.17209e-02	2.91898e-04	5.36623	1.68147	2.31180e-05
1.06448e+05	3.17274e-02	2.60592e-04	6.02933	0.46618	2.31180e-05
1.06681e+05	3.17519e-02	4.89607e-04	0.30913	0.02140	2.31180e-05
1.06914e+05	3.17383e-02	4.05929e-04	3.36406	4.08042	2.31180e-05
1.07147e+05	3.17570e-02	3.66262e-04	0.44820	2.25787	2.31180e-05
1.07380e+05	3.17570e-02	3.27562e-04	3.95813	1.03187	2.31180e-05
1.07613e+05	3.17756e-02	1.35288e-04	2.15569	5.88888	2.31180e-05
1.07846e+05	3.17916e-02	4.13743e-04	0.25631	5.32405	2.31180e-05
1.08079e+05	3.17935e-02	1.71113e-04	0.84019	3.07809	2.31180e-05
1.08312e+05	3.17980e-02	2.21436e-04	1.62388	1.47138	2.31180e-05
1.08545e+05	3.18030e-02	3.18110e-04	4.15405	5.23034	2.31180e-05
1.08778e+05	3.18155e-02	3.60000e-04	6.16898	4.08247	2.31180e-05
1.09010e+05	3.18310e-02	1.87155e-04	5.13308	0.58223	2.31180e-05
1.09243e+05	3.18326e-02	1.91014e-04	0.60374	1.48930	2.31180e-05
1.09476e+05	3.18430e-02	3.71107e-04	0.66036	5.00579	2.31180e-05
1.09709e+05	3.18445e-02	1.54776e-04	1.13384	2.77279	2.31180e-05
1.09942e+05	3.18622e-02	3.28806e-04	0.40734	2.70715	2.31180e-05
1.10175e+05	3.18623e-02	9.11893e-05	3.47256	6.10720	2.31180e-05
1.10408e+05	3.18727e-02	3.04856e-04	5.86390	4.90210	2.31180e-05
1.10641e+05	3.18802e-02	1.35515e-04	4.57723	2.11233	2.31180e-05
1.10874e+05	3.19000e-02	3.37808e-04	0.43714	3.23648	2.31180e-05
1.11107e+05	3.19059e-02	3.23157e-04	0.66650	1.04502	2.31180e-05
1.11340e+05	3.19010e-02	2.43478e-04	3.44504	3.66100	2.31180e-05
1.11573e+05	3.19078e-02	2.12973e-04	4.19741	3.14643	2.31180e-05
1.11806e+05	3.19264e-02	2.54426e-04	0.81005	1.60147	2.31180e-05
1.12039e+05	3.19306e-02	1.66646e-04	6.02735	5.15830	2.31180e-05
1.12271e+05	3.19531e-02	5.51363e-04	6.22501	2.34487	2.31180e-05
1.12504e+05	3.19477e-02	2.07098e-04	5.66109	1.46254	2.31180e-05
1.12737e+05	3.19583e-02	2.81540e-04	0.51858	0.08072	2.31180e-05
1.12970e+05	3.19675e-02	8.91484e-05	4.71137	3.15532	2.31180e-05
1.13203e+05	3.19810e-02	1.95886e-04	0.10429	3.72394	2.31180e-05
1.13436e+05	3.19799e-02	1.24992e-04	5.90297	1.41818	2.31180e-05
1.13669e+05	3.19893e-02	1.11888e-04	6.22030	5.87449	2.31180e-05
1.13902e+05	3.20079e-02	1.38854e-04	6.04914	5.85090	2.31180e-05
1.14135e+05	3.20097e-02	2.24762e-04	0.05492	0.39749	2.31180e-05
1.14368e+05	3.20150e-02	2.25668e-04	4.83467	4.36920	2.31180e-05
1.14601e+05	3.20246e-02	7.04111e-05	3.55645	3.18314	2.31180e-05
1.14834e+05	3.20305e-02	1.39298e-04	5.12122	0.56030	2.31180e-05
1.15067e+05	3.20301e-02	1.54556e-04	2.64489	3.36382	2.31180e-05
1.15300e+05	3.20450e-02	1.68176e-04	3.46270	4.29443	2.31180e-05
1.15532e+05	3.20516e-02	1.26099e-04	2.70605	1.97290	2.31180e-05
1.15765e+05	3.20670e-02	1.59818e-04	4.96306	4.37516	2.31180e-05
1.15998e+05	3.20800e-02	3.56397e-04	5.54681	3.63361	2.31180e-05
1.16231e+05	3.20805e-02	1.38381e-04	2.52941	1.73545	2.31180e-05
1.16464e+05	3.20921e-02	2.89594e-04	0.41961	0.43956	2.31180e-05
1.16697e+05	3.21051e-02	2.75090e-04	0.12888	5.14399	2.31180e-05
1.16930e+05	3.21119e-02	2.16623e-04	0.63311	4.32495	2.31180e-05
1.17163e+05	3.21124e-02	1.17038e-04	1.21649	5.02347	2.31180e-05
1.17396e+05	3.21225e-02	1.80058e-04	4.52515	4.58246	2.31180e-05
1.17629e+05	3.21257e-02	1.22864e-04	3.52477	3.78577	2.31180e-05
1.17862e+05	3.21354e-02	1.83534e-04	1.45250	5.71468	2.31180e-05
1.18095e+05	3.21507e-02	1.00138e-04	0.23005	2.15478	2.31180e-05
1.18328e+05	3.21611e-02	6.55575e-05	5.55735	0.00658	2.31180e-05
1.18561e+05	3.21662e-02	9.05663e-05	6.18916	4.24785	2.31180e-05
1.18793e+05	3.21761e-02	2.74188e-04	0.14939	4.32000	2.31180e-05
1.19026e+05	3.21914e-02	2.98173e-04	5.70417	0.80331	2.31180e-05
1.19259e+05	3.21934e-02	4.77200e-05	5.67085	4.63789	2.31180e-05
1.19492e+05	3.21981e-02	1.01401e-04	6.00514	3.60120	2.31180e-05
1.19725e+05	3.22082e-02	4.87618e-05	0.87673	3.52483	2.31180e-05
1.19958e+05	3.22186e-02	1.91115e-04	0.74415	0.27030	2.31180e-05
1.20191e+05	3.22258e-02	1.31809e-04	1.13148	4.60332	2.31180e-05
1.20424e+05	3.22337e-02	1.84632e-04	5.68932	0.35614	2.31180e-05
1.20657e+05	3.22388e-02	3.18431e-05	2.23775	5.97271	2.31180e-05
1.20890e+05	3.22442e-02	1.47078e-04	3.32060	2.65503	2.31180e-05
1.21123e+05	3.22602e-02	8.52929e-05	5.60474	0.07106	2.31180e-05
1.21356e+05	3.22725e-02	1.94873e-04	0.22401	0.77845	2.31180e-05
1.21589e+05	3.22785e-02	2.68443e-04	1.00248	3.55210	2.31180e-05
1.21822e+05	3.22881e-02	1.45274e-04	1.10423	2.70291	2.31180e-05
1.22054e+05	3.22860e-02	6.44701e-05	1.72741	3.30673	2.31180e-05
1.22287e+05	3.23002e-02	2.41899e-04	0.41392	1.56971	2.31180e-05
1.22520e+05	3.23005e-02	6.68840e-05	2.14516	5.09569	2.31180e-05
1.22753e+05	3.23268e-02	3.76838e-04	6.21379	2.05817	2.31180e-05
1.22986e+05	3.23178e-02	1.91748e-04	3.06927	1.99778	2.31180e-05
1.23219e+05	3.23324e-02	7.25473e-05	4.50531	5.72194	2.31180e-05
1.23452e+05	3.23481e-02	2.21496e-04	0.65929	4.27943	2.31180e-05
1.23685e+05	3.23518e-02	1.94584e-04	5.94380	2.09794	2.31180e-05
1.23918e+05	3.23594e-02	5.97232e-05	1.98226	5.01620	2.31180e-05
1.24151e+05	3.23732e-02	3.23420e-04	5.91067	2.19552	2.31180e-05
1.24384e+05	3.23817e-02	3.90919e-04	5.77444	5.63592	2.31180e-05
1.24617e+05	3.23834e-02	1.55518e-04	5.73022	4.88840	2.31180e-05
1.24850e+05	3.23940e-02	8.42221e-05	6.25736	5.77179	2.31180e-05
1.25083e+05	3.24042e-02	2.25387e-04	5.92237	3.49555	2.31180e-05
1.25315e+05	3.24091e-02	2.26112e-04	0.43375	2.31687	2.31180e-05
1.25548e+05	3.24178e-02	1.93644e-04	5.47868	5.45363	2.31180e-05
1.25781e+05	3.24202e-02	2.00698e-04	4.52672	4.31420	2.31180e-05
1.26014e+05	3.24397e-02	2.94964e-04	0.55149	2.22145	2.31180e-05
1.26247e+05	3.24383e-02	1.19024e-04	4.89166	0.41874	2.31180e-05
1.26480e+05	3.24514e-02	1.61631e-04	0.06426	3.84344	2.31180e-05
1.26713e+05	3.24570e-02	9.55539e-05	5.83881	5.33779	2.31180e-05
1.26946e+05	3.24645e-02	6.38167e-05	4.63422	3.61595	2.31180e-05
1.27179e+05	3.24764e-02	1.38711e-04	0.02710	1.41369	2.31180e-05
1.27412e+05	3.24878e-02	1.73252e-04	6.25667	3.37594	2.31180e-05
1.27645e+05	3.24877e-02	4.38493e-05	2.40844	5.27643	2.31180e-05
1.27878e+05	3.25066e-02	2.36144e-04	0.79125	1.12360	2.31180e-05
1.28111e+05	3.25204e-02	4.45125e-04	0.01468	4.89308	2.31180e-05
1.28344e+05	3.25168e-02	2.20088e-05	2.24722	1.88284	2.31180e-05
1.28576e+05	3.25199e-02	1.53009e-04	1.90802	3.94575	2.31180e-05
1.28809e+05	3.25321e-02	5.25477e-05	5.68805	4.42356	2.31180e-05
1.29042e+05	3.25359e-02	6.00086e-05	4.14965	0.21765	2.31180e-05
1.29275e+05	3.25488e-02	1.20004e-04	5.15754	2.30501	2.31180e-05
1.29508e+05	3.25537e-02	1.12592e-04	1.66402	5.20706	2.31180e-05
1.29741e+05	3.25669e-02	6.85547e-05	5.83261	3.07288	2.31180e-05
1.29974e+05	3.25875e-02	4.86954e-04	6.22955	1.02985	2.31180e-05
1.30207e+05	3.25847e-02	1.20903e-04	1.40646	0.57859	2.31180e-05
1.30440e+05	3.25907e-02	1.73275e-05	4.29791	1.35849	2.31180e-05
1.30673e+05	3.26103e-02	4.01739e-04	0.07366	5.66617	2.31180e-05
1.30906e+05	3.26083e-02	1.34675e-04	0.31436	1.91725	2.31180e-05
1.31139e+05	3.26228e-02	2.97123e-04	0.60355	0.83699	2.31180e-05
1.31372e+05	3.26266e-02	1.51962e-04	0.00595	3.39571	2.31180e-05
1.31605e+05	3.26351e-02	1.46075e-04	0.48537	1.34460	2.31180e-05
1.31837e+05	3.26476e-02	2.29166e-04	5.99533	3.31131	2.31180e-05
1.32070e+05	3.26532e-02	1.92409e-04	0.49848	0.23250	2.31180e-05
1.32303e+05	3.26692e-02	3.62678e-04	6.09579	1.45934	2.31180e-05
1.32536e+05	3.26798e-02	3.44381e-04	0.00509	4.62082	2.31180e-05
1.32769e+05	3.26791e-02	1.57425e-04	6.16389	4.66188	2.31180e-05
1.33002e+05	3.26765e-02	2.48741e-04	3.52084	3.82015	2.31180e-05
1.33235e+05	3.26871e-02	1.35627e-04	2.61671	4.11154	2.31180e-05
1.33468e+05	3.27012e-02	1.45917e-04	0.37679	2.36072	2.31180e-05
1.33701e+05	3.27083e-02	7.44181e-05	1.56080	0.12387	2.31180e-05
1.33934e+05	3.27110e-02	1.48139e-04	3.24065	0.31783	2.31180e-05
1.34167e+05	3.27321e-02	2.34527e-04	0.23147	1.87778	2.31180e-05
1.34400e+05	3.27368e-02	2.14752e-04	5.46898	4.45240	2.31180e-05
1.34633e+05	3.27357e-02	6.09920e-05	2.91595	5.25974	2.31180e-05
1.34866e+05	3.27631e-02	3.57112e-04	6.20957	3.21598	2.31180e-05
1.35098e+05	3.27718e-02	4.64621e-04	6.12438	1.29853	2.31180e-05
1.35331e+05	3.27636e-02	1.41739e-04	2.72187	5.77013	2.31180e-05
1.35564e+05	3.27788e-02	1.23979e-04	6.16795	0.16332	2.31180e-05
1.35797e+05	3.27828e-02	8.23573e-05	0.37831	0.58672	2.31180e-05
1.36030e+05	3.27997e-02	2.21037e-04	6.18686	5.09393	2.31180e-05
1.36263e+05	3.28073e-02	2.58455e-04	5.71062	0.16623	2.31180e-05
1.36496e+05	3.28014e-02	2.06852e-04	3.11798	0.48420	2.31180e-05
1.36729e+05	3.28151e-02	7.86598e-05	4.80558	5.96276	2.31180e-05
1.36962e+05	3.28179e-02	2.36624e-04	3.09801	5.46436	2.31180e-05
1.37195e+05	3.28389e-02	6.92771e-05	0.49733	2.74969	2.31180e-05
1.37428e+05	3.28435e-02	8.56884e-05	5.54692	1.89139	2.31180e-05
1.37661e+05	3.28555e-02	2.07583e-04	1.01758	1.28189	2.31180e-05
1.37894e+05	3.28514e-02	2.63678e-04	3.02098	3.65826	2.31180e-05
1.38127e+05	3.28695e-02	1.66997e-04	0.05067	1.71544	2.31180e-05
1.38359e+05	3.28732e-02	1.06315e-04	3.31286	3.10678	2.31180e-05
1.38592e+05	3.28945e-02	2.75534e-04	5.88866	2.21446	2.31180e-05
1.38825e+05	3.28969e-02	1.33919e-04	0.33596	0.18961	2.31180e-05
1.39058e+05	3.29081e-02	2.41867e-04	5.81932	3.03558	2.31180e-05
1.39291e+05	3.29227e-02	3.64886e-04	6.14902	1.84065	2.31180e-05
1.39524e+05	3.29216e-02	1.11041e-04	6.10470	4.38048	2.31180e-05
1.39757e+05	3.29383e-02	4.41052e-04	6.00263	4.08727	2.31180e-05
1.39990e+05	3.29472e-02	4.23384e-04	0.00795	0.53056	2.31180e-05
1.40223e+05	3.29437e-02	1.28830e-04	1.04286	5.95441	2.31180e-05
1.40456e+05	3.29625e-02	3.03367e-04	6.17268	4.43307	2.31180e-05
1.40689e+05	3.29680e-02	2.76970e-04	6.25297	5.14132	2.31180e-05
1.40922e+05	3.29653e-02	1.49887e-04	1.97595	1.13290	2.31180e-05
1.41155e+05	3.29872e-02	3.92674e-04	5.92825	4.94392	2.31180e-05
1.41388e+05	3.29892e-02	2.06305e-04	6.25821	3.33269	2.31180e-05
1.41620e+05	3.29858e-02	2.08955e-04	3.06759	2.51162	2.31180e-05
1.41853e+05	3.30140e-02	3.73871e-04	0.12402	4.97243	2.31180e-05
1.42086e+05	3.30138e-02	1.34912e-04	0.27895	1.62773	2.31180e-05
1.42319e+05	3.30177e-02	1.29368e-04	4.88704	3.70210	2.31180e-05
1.42552e+05	3.30247e-02	1.63771e-04	1.83320	4.48509	2.31180e-05
1.42785e+05	3.30356e-02	5.77608e-05	0.29269	1.08995	2.31180e-05
1.43018e+05	3.30472e-02	1.17080e-04	0.33766	6.02377	2.31180e-05
1.43251e+05	3.30649e-02	3.85548e-04	0.12174	2.33237	2.31180e-05
1.43484e+05	3.30538e-02	1.73127e-04	2.66455	5.82497	2.31180e-05
1.43717e+05	3.30647e-02	1.50794e-04	3.96890	1.67837	2.31180e-05
1.43950e+05	3.30772e-02	9.83756e-05	0.80121	5.72428	2.31180e-05
1.44183e+05	3.30910e-02	2.12106e-04	6.03137	5.11106	2.31180e-05
1.44416e+05	3.30991e-02	1.03119e-04	0.35692	0.28007	2.31180e-05
1.44648e+05	3.31111e-02	2.98201e-04	6.11407	0.35200	2.31180e-05
1.44881e+05	3.31141e-02	1.96552e-04	6.19516	3.61568	2.31180e-05
1.45114e+05	3.31233e-02	1.34659e-04	5.98943	4.66696	2.31180e-05
1.45347e+05	3.31298e-02	1.05116e-04	5.49507	3.53821	2.31180e-05
1.45580e+05	3.31410e-02	1.04624e-04	6.20982	5.03345	2.31180e-05
1.45813e+05	3.31394e-02	1.44686e-04	3.62712	1.12544	2.31180e-05
1.46046e+05	3.31672e-02	4.18679e-04	0.09380	2.02266	2.31180e-05
1.46279e+05	3.31643e-02	2.05605e-04	0.47171	2.89513	2.31180e-05
1.46512e+05	3.31725e-02	1.20940e-04	0.20018	2.05215	2.31180e-05
1.46745e+05	3.31707e-02	1.91373e-04	2.46291	2.58028	2.31180e-05
1.46978e+05	3.31939e-02	2.74316e-04	6.09202	5.67885	2.31180e-05
1.47211e+05	3.31904e-02	8.11916e-05	3.92141	5.98022	2.31180e-05
1.47444e+05	3.32000e-02	4.76899e-05	2.59445	3.11685	2.31180e-05
1.47677e+05	3.32189e-02	2.40177e-04	5.95695	5.84125	2.31180e-05
1.47909e+05	3.32243e-02	1.75612e-04	6.20236	3.11871	2.31180e-05
1.48142e+05	3.32384e-02	3.35042e-04	0.01845	4.57802	2.31180e-05
1.48375e+05	3.32314e-02	1.58691e-04	4.12759	6.06460	2.31180e-05
1.48608e+05	3.32566e-02	3.07378e-04	6.10280	1.17246	2.31180e-05
1.48841e+05	3.32663e-02	3.74589e-04	6.20511	2.24271	2.31180e-05
1.49074e+05	3.32757e-02	4.55061e-04	6.08160	1.34250	2.31180e-05
1.49307e+05	3.32657e-02	3.22110e-05	3.76732	0.45130	2.31180e-05
1.49540e+05	3.32919e-02	4.38075e-04	0.16960	4.98163	2.31180e-05
1.49773e+05	3.32876e-02	1.41203e-04	0.85252	3.09989	2.31180e-05
1.50006e+05	3.33019e-02	2.55378e-04	0.08928	0.53431	2.31180e-05
1.50239e+05	3.33050e-02	1.77305e-04	5.58955	2.16997	2.31180e-05
1.50472e+05	3.33152e-02	1.42727e-04	6.18407	0.34819	2.31180e-05
1.50705e+05	3.33188e-02	7.43964e-05	1.98511	1.24447	2.31180e-05
1.50938e+05	3.33378e-02	2.72217e-04	0.19746	3.96125	2.31180e-05
1.51170e+05	3.33408e-02	6.84184e-05	0.05463	3.00627	2.31180e-05
1.51403e+05	3.33395e-02	1.34228e-04	2.85200	3.36288	2.31180e-05
1.51636e+05	3.33514e-02	1.26012e-04	4.68797	2.68410	2.31180e-05
1.51869e+05	3.33601e-02	1.47550e-04	4.50121	2.04561	2.31180e-05
1.52102e+05	3.33666e-02	5.35545e-05	2.89234	0.87584	2.31180e-05
1.52335e+05	3.33801e-02	1.79241e-05	3.32657	1.98167	2.31180e-05
1.52568e+05	3.33955e-02	2.79980e-04	0.37711	4.53789	2.31180e-05
1.52801e+05	3.33874e-02	2.27952e-04	3.04212	5.86148	2.31180e-05
1.53034e+05	3.34130e-02	3.09480e-04	0.15153	4.54452	2.31180e-05
1.53267e+05	3.34221e-02	3.01490e-04	6.13601	5.03683	2.31180e-05
1.53500e+05	3.34152e-02	6.00525e-05	2.81217	0.40538	2.31180e-05
1.53733e+05	3.34242e-02	7.28939e-05	3.86235	2.13210	2.31180e-05
1.53966e+05	3.34333e-02	1.18397e-04	3.83854	3.08803	2.31180e-05
1.54199e+05	3.34409e-02	1.54970e-04	2.69355	3.35432	2.31180e-05
1.54431e+05	3.34664e-02	3.31358e-04	0.09874	3.28972	2.31180e-05
1.54664e+05	3.34613e-02	1.12270e-04	5.09818	0.11563	2.31180e-05
1.54897e+05	3.34730e-02	1.38929e-04	6.20252	5.35214	2.31180e-05
1.55130e+05	3.34890e-02	3.62847e-04	5.96532	3.92269	2.31180e-05
1.55363e+05	3.34837e-02	4.35277e-05	3.37521	3.10028	2.31180e-05
1.55596e+05	3.34972e-02	7.85515e-05	5.29582	2.33113	2.31180e-05
1.55829e+05	3.35081e-02	1.01908e-04	0.20467	0.60493	2.31180e-05
1.56062e+05	3.35192e-02	1.57938e-04	6.21202	4.95386	2.31180e-05
1.56295e+05	3.35245e-02	1.37644e-04	0.29213	0.71316	2.31180e-05
1.56528e+05	3.35261e-02	1.28399e-04	4.17221	3.86771	2.31180e-05
1.56761e+05	3.35298e-02	2.50721e-04	3.19987	3.98552	2.31180e-05
1.56994e+05	3.35496e-02	1.78349e-04	5.55913	5.41811	2.31180e-05
1.57227e+05	3.35556e-02	9.38605e-05	0.35438	0.26272	2.31180e-05
1.57460e+05	3.35586e-02	1.16582e-04	2.35198	5.16944	2.31180e-05
1.57692e+05	3.35705e-02	5.54557e-05	1.32371	5.26873	2.31180e-05
1.57925e+05	3.35886e-02	3.06001e-04	0.34938	3.76198	2.31180e-05
1.58158e+05	3.35938e-02	2.36795e-04	0.05186	0.04603	2.31180e-05
1.58391e+05	3.36073e-02	3.33061e-04	5.99312	1.15488	2.31180e-05
1.58624e+05	3.36032e-02	3.97734e-05	0.31496	6.09196	2.31180e-05
1.58857e+05	3.36121e-02	1.10205e-04	0.87816	3.31193	2.31180e-05
1.59090e+05	3.36328e-02	4.02851e-04	0.14088	0.38436	2.31180e-05
1.59323e+05	3.36384e-02	3.00191e-04	5.76043	2.20567	2.31180e-05
1.59556e+05	3.36313e-02	1.24572e-04	2.79243	4.90025	2.31180e-05
1.59789e+05	3.36583e-02	3.43129e-04	0.20083	5.80546	2.31180e-05
1.60022e+05	3.36637e-02	2.71869e-04	6.24233	2.97836	2.31180e-05
1.60255e+05	3.36594e-02	8.46802e-05	2.43399	2.32401	2.31180e-05
1.60488e+05	3.36770e-02	2.48837e-04	0.45772	4.75746	2.31180e-05
1.60721e+05	3.36933e-02	3.65371e-04	6.11455	4.50772	2.31180e-05
1.60953e+05	3.36847e-02	1.20432e-04	3.64551	4.75517	2.31180e-05
1.61186e+05	3.36963e-02	1.16377e-04	1.78544	3.07828	2.31180e-05
1.61419e+05	3.37077e-02	1.09670e-04	6.00534	0.30900	2.31180e-05
1.61652e+05	3.37225e-02	3.17080e-04	6.11176	0.38978	2.31180e-05
1.61885e+05	3.37254e-02	1.53100e-04	5.67105	6.02234	2.31180e-05
1.62118e+05	3.37261e-02	9.85424e-05	4.00975	5.33854	2.31180e-05
1.62351e+05	3.37311e-02	1.97030e-04	2.62657	3.15792	2.31180e-05
1.62584e+05	3.37546e-02	2.76615e-04	0.41518	0.58350	2.31180e-05
1.62817e+05	3.37535e-02	1.48490e-05	3.50702	4.06788	2.31180e-05
1.63050e+05	3.37739e-02	2.93010e-04	6.26564	0.43131	2.31180e-05
1.63283e+05	3.37775e-02	2.08890e-04	0.45604	4.19039	2.31180e-05
1.63516e+05	3.37771e-02	9.28043e-05	2.69526	5.02324	2.31180e-05
1.63749e+05	3.37851e-02	1.29008e-04	2.42412	0.96016	2.31180e-05
1.63982e+05	3.38011e-02	7.14301e-05	0.07177	4.14733	2.31180e-05
1.64214e+05	3.38182e-02	4.09774e-04	6.03846	4.19377	2.31180e-05
1.64447e+05	3.38091e-02	1.76134e-04	2.23879	0.34411	2.31180e-05
1.64680e+05	3.38306e-02	2.96634e-04	5.84196	0.61346	2.31180e-05
1.64913e+05	3.38374e-02	2.68192e-04	0.44347	2.52791	2.31180e-05
1.65146e+05	3.38349e-02	1.50160e-04	3.64901	1.08465	2.31180e-05
1.65379e+05	3.38421e-02	1.01364e-04	3.46465	2.01793	2.31180e-05
1.65612e+05	3.38616e-02	2.25731e-04	0.15516	5.08048	2.31180e-05
1.65845e+05	3.38691e-02	1.95621e-04	6.15578	4.11195	2.31180e-05
1.66078e+05	3.38771e-02	2.09593e-04	6.19477	1.85494	2.31180e-05
1.66311e+05	3.38921e-02	3.35092e-04	5.94686	5.22822	2.31180e-05
1.66544e+05	3.38917e-02	5.41217e-05	5.72880	1.33283	2.31180e-05
1.66777e+05	3.39092e-02	2.65286e-04	0.34165	1.68063	2.31180e-05
1.67010e+05	3.38990e-02	1.34467e-04	3.05802	5.58383	2.31180e-05
1.67243e+05	3.39204e-02	2.29073e-04	5.96260	2.13937	2.31180e-05
1.67475e+05	3.39275e-02	1.53880e-04	0.15493	0.23493	2.31180e-05
1.67708e+05	3.39471e-02	4.65559e-04	0.03188	4.35396	2.31180e-05
1.67941e+05	3.39498e-02	3.57919e-04	5.98957	1.56356	2.31180e-05
1.68174e+05	3.39492e-02	1.41971e-04	4.90684	4.97261	2.31180e-05
1.68407e+05	3.39528e-02	5.32907e-05	3.79846	1.31374	2.31180e-05
1.68640e+05	3.39697e-02	2.09977e-04	6.20961	5.92116	2.31180e-05
1.68873e+05	3.39864e-02	3.71096e-04	0.13706	5.65354	2.31180e-05
1.69106e+05	3.39726e-02	1.97157e-04	3.37281	1.59689	2.31180e-05
1.69339e+05	3.40031e-02	3.83451e-04	0.14604	3.25328	2.31180e-05
1.69572e+05	3.40011e-02	1.46648e-04	0.01758	1.09262	2.31180e-05
1.69805e+05	3.40007e-02	1.16168e-04	3.25486	1.12377	2.31180e-05
1.70038e+05	3.40144e-02	1.28038e-04	4.42657	2.52495	2.31180e-05
1.70271e+05	3.40344e-02	3.80375e-04	5.95078	2.89935	2.31180e-05
1.70504e+05	3.40470e-02	4.50332e-04	0.16710	3.61359	2.31180e-05
1.70736e+05	3.40447e-02	1.65607e-04	6.23510	4.39952	2.31180e-05
1.70969e+05	3.40590e-02	3.34469e-04	0.00635	4.27505	2.31180e-05
1.71202e+05	3.40661e-02	2.63365e-04	5.94558	3.94126	2.31180e-05
1.71435e+05	3.40691e-02	1.71897e-04	0.26456	2.05041	2.31180e-05
1.71668e+05	3.40805e-02	2.87734e-04	0.43814	6.27376	2.31180e-05
1.71901e+05	3.40830e-02	4.64362e-05	6.15104	4.41057	2.31180e-05
1.72134e+05	3.40941e-02	1.61565e-04	5.99551	1.55087	2.31180e-05
1.72367e+05	3.41084e-02	2.90922e-04	6.24716	4.03676	2.31180e-05
1.72600e+05	3.41023e-02	9.10498e-05	4.01844	2.19830	2.31180e-05
1.72833e+05	3.41254e-02	3.57346e-04	5.91834	1.99931	2.31180e-05
1.73066e+05	3.41313e-02	2.24779e-04	0.49750	2.33665	2.31180e-05
1.73299e+05	3.41264e-02	9.57800e-05	3.34502	0.20673	2.31180e-05
1.73532e+05	3.41463e-02	1.28486e-04	6.13984	3.96336	2.31180e-05
1.73765e+05	3.41599e-02	2.71541e-04	0.35136	3.25941	2.31180e-05
1.73997e+05	3.41596e-02	9.06187e-05	0.64513	2.32800	2.31180e-05
1.74230e+05	3.41620e-02	4.82314e-05	2.52870	5.70472	2.31180e-05
1.74463e+05	3.41726e-02	8.14618e-05	2.59053	4.17677	2.31180e-05
1.74696e+05	3.41864e-02	1.60164e-04	0.35989	4.55616	2.31180e-05
1.74929e+05	3.41946e-02	1.60597e-04	0.25044	2.43768	2.31180e-05
1.75162e+05	3.41933e-02	1.93987e-04	2.79921	3.63503	2.31180e-05
1.75395e+05	3.42092e-02	5.86168e-05	6.25540	3.55738	2.31180e-05
1.75628e+05	3.42072e-02	3.19532e-04	3.24193	3.33583	2.31180e-05
1.75861e+05	3.42196e-02	1.82231e-04	2.57826	0.47492	2.31180e-05
1.76094e+05	3.42398e-02	2.07181e-04	0.00956	5.44962	2.31180e-05
1.76327e+05	3.42519e-02	4.67028e-04	4.13939	2.98675	2.31180e-05
1.76560e+05	3.42626e-02	1.00072e-03	0.86277	3.24790	2.31180e-05
1.76793e+05	3.42500e-02	9.44504e-04	5.61502	5.15645	2.31180e-05
1.77026e+05	3.42642e-02	3.04764e-03	2.20915	2.37426	2.31180e-05
1.77258e+05	3.42820e-02	2.30088e-03	1.78809	5.32172	2.31180e-05
1.77491e+05	3.42907e-02	5.27187e-03	4.05853	5.86843	2.31180e-05
1.77724e+05	3.42994e-02	1.72378e-03	3.24517	1.98868	2.31180e-05
1.77957e+05	3.43059e-02	1.30426e-03	4.96450	0.57757	2.31180e-05
1.78190e+05	3.43264e-02	2.01016e-03	6.08288	4.43191	2.31180e-05
1.78423e+05	3.43249e-02	3.57361e-04	1.16485	2.78188	2.31180e-05
1.78656e+05	3.43347e-02	2.48595e-03	6.03047	0.33306	2.31180e-05
1.78889e+05	3.43354e-02	7.96503e-04	0.40094	2.81088	2.31180e-05
1.79122e+05	3.43469e-02	1.59489e-03	1.75588	0.93423	2.31180e-05
1.79355e+05	3.43627e-02	1.66486e-03	4.12432	2.79577	2.31180e-05
1.79588e+05	3.43696e-02	1.96157e-03	5.48170	3.30913	2.31180e-05
1.79821e+05	3.43744e-02	2.83298e-04	0.27389	4.38967	2.31180e-05
1.80054e+05	3.43798e-02	5.28987e-04	1.45876	4.72358	2.31180e-05
1.80287e+05	3.43844e-02	8.29163e-05	1.53383	6.07271	2.31180e-05
1.80519e+05	3.43830e-02	1.42735e-04	2.16915	1.29988	2.31180e-05
1.80752e+05	3.43926e-02	2.20671e-04	2.79160	2.82492	2.31180e-05
1.80985e+05	3.44130e-02	4.49583e-04	0.57204	1.03892	2.31180e-05
1.81218e+05	3.44286e-02	8.45766e-04	5.80962	4.49381	2.31180e-05
1.81451e+05	3.44263e-02	5.17475e-04	4.71279	1.53879	2.31180e-05
1.81684e+05	3.44380e-02	1.21759e-03	5.90035	2.80974	2.31180e-05
1.81917e+05	3.44470e-02	8.94644e-04	5.61537	0.05099	2.31180e-05
1.82150e+05	3.44536e-02	1.05780e-03	4.53896	4.27983	2.31180e-05
1.82383e+05	3.44700e-02	2.46088e-03	5.53156	0.52814	2.31180e-05
1.82616e+05	3.44668e-02	2.40824e-03	5.36699	4.75516	2.31180e-05
1.82849e+05	3.44867e-02	1.96514e-03	6.26312	1.87075	2.31180e-05
1.83082e+05	3.44761e-02	4.39100e-04	2.40231	3.47250	2.31180e-05
1.83315e+05	3.44885e-02	1.76713e-03	4.70090	4.94652	2.31180e-05
1.83548e+05	3.45043e-02	1.54512e-03	5.37119	2.20038	2.31180e-05
1.83780e+05	3.45055e-02	6.79353e-04	5.58104	0.11945	2.31180e-05
1.84013e+05	3.45289e-02	7.23514e-04	5.66207	4.56156	2.31180e-05
1.84246e+05	3.45261e-02	2.82117e-04	5.84968	2.76176	2.31180e-05
1.84479e+05	3.45379e-02	1.59088e-03	1.02780	6.15399	2.31180e-05
1.84712e+05	3.45402e-02	1.46058e-03	2.62720	3.43619	2.31180e-05
1.84945e+05	3.45650e-02	9.40914e-04	3.90638	1.34860	2.31180e-05
1.85178e+05	3.45561e-02	9.47026e-04	0.15272	4.64142	2.31180e-05
1.85411e+05	3.45698e-02	5.91752e-04	0.30198	4.25501	2.31180e-05
1.85644e+05	3.45850e-02	1.03278e-03	2.73365	1.80682	2.31180e-05
1.85877e+05	3.45940e-02	8.69475e-04	0.25589	4.72584	2.31180e-05
1.86110e+05	3.45990e-02	9.11370e-04	0.24593	5.53509	2.31180e-05
1.86343e+05	3.46050e-02	7.22223e-04	0.81590	6.06776	2.31180e-05
1.86576e+05	3.46243e-02	1.37172e-03	4.77348	3.65230	2.31180e-05
1.86809e+05	3.46215e-02	8.46966e-04	3.88722	0.49559	2.31180e-05
1.87041e+05	3.46193e-02	7.66272e-04	2.19292	4.82078	2.31180e-05
1.87274e+05	3.46353e-02	2.57112e-04	3.59634	0.03008	2.31180e-05
1.87507e+05	3.46446e-02	1.53103e-03	5.23632	1.67455	2.31180e-05
1.87740e+05	3.46473e-02	1.09504e-03	5.86380	5.02037	2.31180e-05
1.87973e+05	3.46624e-02	1.02354e-03	6.20346	2.79188	2.31180e-05
1.88206e+05	3.46701e-02	1.21169e-03	0.18053	1.09791	2.31180e-05
1.88439e+05	3.46728e-02	4.18882e-04	1.65639	4.95732	2.31180e-05
1.88672e+05	3.46936e-02	3.92314e-04	3.64403	2.51905	2.31180e-05
1.88905e+05	3.46946e-02	1.03235e-03	5.49186	0.74808	2.31180e-05
1.89138e+05	3.47098e-02	7.63319e-04	2.53778	4.34039	2.31180e-05
1.89371e+05	3.47119e-02	6.89005e-04	0.69738	1.13606	2.31180e-05
1.89604e+05	3.47206e-02	2.40829e-04	2.86854	0.76272	2.31180e-05
1.89837e+05	3.47372e-02	6.45166e-04	0.34077	5.61989	2.31180e-05
1.90070e+05	3.47362e-02	1.89823e-04	0.25236	2.35866	2.31180e-05
1.90302e+05	3.47560e-02	7.66951e-04	2.13897	4.01412	2.31180e-05
1.90535e+05	3.47528e-02	1.20482e-03	6.28252	4.10551	2.31180e-05
1.90768e+05	3.47628e-02	1.33371e-03	2.06614	0.78819	2.31180e-05
1.91001e+05	3.47753e-02	1.30284e-03	4.73202	3.97369	2.31180e-05
1.91234e+05	3.47761e-02	8.66833e-04	1.24177	1.40622	2.31180e-05
1.91467e+05	3.47877e-02	9.54156e-04	4.05738	5.74335	2.31180e-05
1.91700e+05	3.47922e-02	1.18550e-03	1.18311	3.90970	2.31180e-05
1.91933e+05	3.48072e-02	6.30044e-04	5.18898	2.19732	2.31180e-05
1.92166e+05	3.48204e-02	1.36724e-03	4.02762	0.12294	2.31180e-05
1.92399e+05	3.48217e-02	8.10537e-04	5.77468	2.38485	2.31180e-05
1.92632e+05	3.48316e-02	1.24875e-03	1.03687	5.56425	2.31180e-05
1.92865e+05	3.48492e-02	4.12491e-04	0.37132	5.36133	2.31180e-05
1.93098e+05	3.48569e-02	4.84119e-04	6.27813	5.58583	2.31180e-05
1.93331e+05	3.48609e-02	5.55138e-04	5.05109	1.17581	2.31180e-05
1.93563e+05	3.48722e-02	3.66129e-04	1.66807	6.03223	2.31180e-05
1.93796e+05	3.48733e-02	3.81472e-04	6.25324	3.76206	2.31180e-05
1.94029e+05	3.48830e-02	8.35213e-04	2.37729	4.57567	2.31180e-05
1.94262e+05	3.48956e-02	7.29820e-04	3.76361	1.06964	2.31180e-05
1.94495e+05	3.48963e-02	1.01006e-03	4.93908	5.01058	2.31180e-05
1.94728e+05	3.48956e-02	1.03966e-03	1.21112	2.18083	2.31180e-05
1.94961e+05	3.49104e-02	3.95730e-04	3.53349	0.51597	2.31180e-05
1.95194e+05	3.49236e-02	7.14526e-04	6.10559	5.79216	2.31180e-05
1.95427e+05	3.49344e-02	1.18527e-03	5.64117	2.58540	2.31180e-05
1.95660e+05	3.49369e-02	2.25339e-03	3.64262	1.93850	2.31180e-05
1.95893e+05	3.49551e-02	2.12327e-03	6.18820	4.70675	2.31180e-05
1.96126e+05	3.49472e-02	2.19075e-03	2.62529	2.19228	2.31180e-05
1.96359e+05	3.49651e-02	1.76491e-03	5.52587	0.22865	2.31180e-05
1.96592e+05	3.49740e-02	2.73477e-03	3.87505	3.79874	2.31180e-05
1.96824e+05	3.49808e-02	1.54356e-03	3.50099	1.19975	2.31180e-05
1.97057e+05	3.49891e-02	1.75392e-03	3.04634	5.74147	2.31180e-05
1.97290e+05	3.49945e-02	1.69835e-03	4.44590	3.39398	2.31180e-05
1.97523e+05	3.50036e-02	1.60114e-03	0.70316	0.94063	2.31180e-05
1.97756e+05	3.50153e-02	9.22454e-04	3.84746	4.97722	2.31180e-05
1.97989e+05	3.50265e-02	1.18070e-03	1.41688	2.95740	2.31180e-05
1.98222e+05	3.50307e-02	9.78508e-04	0.35683	0.62325	2.31180e-05
1.98455e+05	3.50463e-02	1.19382e-03	0.49389	4.45090	2.31180e-05
1.98688e+05	3.50426e-02	1.07455e-03	1.48542	2.24709	2.31180e-05
1.98921e+05	3.50457e-02	1.53553e-03	3.01847	0.67941	2.31180e-05
1.99154e+05	3.50658e-02	9.86047e-04	0.33692	4.49682	2.31180e-05
1.99387e+05	3.50637e-02	8.08221e-04	3.95958	3.15284	2.31180e-05
1.99620e+05	3.50760e-02	4.66971e-04	5.82198	4.75724	2.31180e-05
1.99853e+05	3.50838e-02	6.62983e-04	1.11456	1.57437	2.31180e-05
2.00085e+05	3.50969e-02	7.64410e-04	3.55772	5.09444	2.31180e-05
2.00318e+05	3.51179e-02	9.47899e-04	1.33016	2.00538	2.31180e-05
2.00551e+05	3.51258e-02	1.63926e-03	0.72002	4.90932	2.31180e-05
2.00784e+05	3.51290e-02	6.64474e-04	0.85584	2.16410	2.31180e-05
2.01017e+05	3.51321e-02	4.87745e-04	1.53542	0.04961	2.31180e-05
2.01250e+05	3.51536e-02	6.21834e-04	4.50042	3.15442	2.31180e-05
2.01483e+05	3.51594e-02	5.26024e-04	0.81450	1.70340	2.31180e-05
2.01716e+05	3.51553e-02	1.25917e-03	5.06317	6.18695	2.31180e-05
2.01949e+05	3.51774e-02	1.65997e-03	5.73717	3.11219	2.31180e-05
2.02182e+05	3.51845e-02	1.12077e-03	1.37296	0.33347	2.31180e-05
2.02415e+05	3.51951e-02	4.86614e-04	5.12207	3.32777	2.31180e-05
2.02648e+05	3.51882e-02	7.91848e-04	1.95025	1.94526	2.31180e-05
2.02881e+05	3.51999e-02	2.70198e-04	4.12467	2.95628	2.31180e-05
2.03114e+05	3.52139e-02	6.74131e-04	4.67793	0.73110	2.31180e-05
2.03346e+05	3.52077e-02	8.22347e-04	2.37916	3.01308	2.31180e-05
2.03579e+05	3.52315e-02	1.59071e-04	2.52860	4.08582	2.31180e-05
2.03812e+05	3.52210e-02	9.68962e-04	3.61580	5.67506	2.31180e-05
2.04045e+05	3.52503e-02	1.46258e-04	4.06019	3.50563	2.31180e-05
2.04278e+05	3.52515e-02	3.89158e-04	0.27042	0.96070	2.31180e-05
2.04511e+05	3.52546e-02	2.15812e-04	4.09715	4.40476	2.31180e-05
2.04744e+05	3.52619e-02	6.38268e-04	1.40795	3.27597	2.31180e-05
2.04977e+05	3.52817e-02	9.54470e-05	2.02606	0.38744	2.31180e-05
2.05210e+05	3.52825e-02	2.55028e-04	1.08798	0.64873	2.31180e-05
2.05443e+05	3.52899e-02	9.12400e-04	0.19365	2.35438	2.31180e-05
2.05676e+05	3.53027e-02	1.63773e-03	6.18743	5.06438	2.31180e-05
2.05909e+05	3.53167e-02	4.05533e-04	0.03902	2.77794	2.31180e-05
2.06142e+05	3.53175e-02	8.72840e-04	1.08072	1.01081	2.31180e-05
2.06375e+05	3.53252e-02	9.29950e-04	5.61554	3.76707	2.31180e-05
2.06607e+05	3.53452e-02	6.45213e-04	4.27095	1.47316	2.31180e-05
2.06840e+05	3.53415e-02	6.35530e-04	4.27117	5.77739	2.31180e-05
2.07073e+05	3.53635e-02	1.27542e-03	6.19321	3.57141	2.31180e-05
2.07306e+05	3.53525e-02	1.15544e-03	3.78840	1.16300	2.31180e-05
2.07539e+05	3.53669e-02	7.51733e-04	2.99263	5.10881	2.31180e-05
2.07772e+05	3.53684e-02	7.37267e-04	4.12565	2.47945	2.31180e-05
2.08005e+05	3.53703e-02	5.00541e-04	0.94553	5.84189	2.31180e-05
2.08238e+05	3.53938e-02	9.83594e-04	5.40254	3.34258	2.31180e-05
2.08471e+05	3.53942e-02	7.39728e-04	5.01245	1.17252	2.31180e-05
2.08704e+05	3.54102e-02	7.98718e-04	0.22794	5.10497	2.31180e-05
2.08937e+05	3.54213e-02	6.96290e-04	3.22262	3.09195	2.31180e-05
2.09170e+05	3.54321e-02	7.34182e-04	1.77116	1.04066	2.31180e-05
2.09403e+05	3.54316e-02	8.28697e-04	2.44898	4.92314	2.31180e-05
2.09636e+05	3.54463e-02	6.35395e-04	6.10586	1.36133	2.31180e-05
2.09868e+05	3.54534e-02	7.81891e-04	3.47712	5.90650	2.31180e-05
2.10101e+05	3.54549e-02	4.02169e-04	3.80684	3.06644	2.31180e-05
2.10334e+05	3.54630e-02	8.26483e-04	4.71318	1.48796	2.31180e-05
2.10567e+05	3.54821e-02	1.70412e-04	1.43448	5.95350	2.31180e-05
2.10800e+05	3.54900e-02	6.66767e-04	1.03495	3.11909	2.31180e-05
2.11033e+05	3.54902e-02	2.19054e-04	2.76492	0.06152	2.31180e-05
2.11266e+05	3.55030e-02	7.15726e-04	5.21114	4.48074	2.31180e-05
2.11499e+05	3.55077e-02	2.84641e-04	4.65379	1.26067	2.31180e-05
2.11732e+05	3.55158e-02	5.84844e-04	4.20593	6.15340	2.31180e-05
2.11965e+05	3.55386e-02	4.19205e-04	0.14130	4.03675	2.31180e-05
2.12198e+05	3.55300e-02	4.59805e-04	4.59379	1.66643	2.31180e-05
2.12431e+05	3.55475e-02	2.38500e-04	0.25985	3.78051	2.31180e-05
2.12664e+05	3.55576e-02	6.95661e-04	0.54484	3.27143	2.31180e-05
2.12897e+05	3.55607e-02	1.58610e-04	0.08607	5.51717	2.31180e-05
2.13129e+05	3.55715e-02	5.65562e-04	5.00708	4.39474	2.31180e-05
2.13362e+05	3.55877e-02	3.63253e-04	5.67566	3.29343	2.31180e-05
2.13595e+05	3.55814e-02	3.02622e-04	4.15705	0.14827	2.31180e-05
2.13828e+05	3.56033e-02	2.50566e-04	0.47579	1.22832	2.31180e-05
2.14061e+05	3.56126e-02	7.33888e-04	6.16949	1.29767	2.31180e-05
2.14294e+05	3.56214e-02	5.20336e-04	0.72983	1.99806	2.31180e-05
2.14527e+05	3.56229e-02	2.84538e-04	4.81395	1.57711	2.31180e-05
2.14760e+05	3.56264e-02	2.90486e-04	4.40766	1.48567	2.31180e-05
2.14993e+05	3.56452e-02	3.45252e-04	5.97877	1.57288	2.31180e-05
2.15226e+05	3.56440e-02	3.68415e-04	1.87507	3.18568	2.31180e-05
2.15459e+05	3.56653e-02	4.14460e-04	0.76448	3.99397	2.31180e-05
2.15692e+05	3.56605e-02	2.97583e-04	4.44755	2.15533	2.31180e-05
2.15925e+05	3.56679e-02	2.60225e-04	1.29878	3.00314	2.31180e-05
2.16157e+05	3.56854e-02	3.52733e-04	0.65162	3.57928	2.31180e-05
2.16390e+05	3.56966e-02	5.41259e-04	5.78127	0.58487	2.31180e-05
2.16623e+05	3.56962e-02	2.40576e-04	4.09712	0.37691	2.31180e-05
2.16856e+05	3.57068e-02	2.99693e-04	5.61529	5.50048	2.31180e-05
2.17089e+05	3.57040e-02	3.58436e-04	2.09903	5.35335	2.31180e-05
2.17322e+05	3.57112e-02	2.17753e-04	1.53285	4.53030	2.31180e-05
2.17555e+05	3.57165e-02	3.99651e-04	3.05626	3.88968	2.31180e-05
2.17788e+05	3.57279e-02	2.04400e-04	1.87337	1.98111	2.31180e-05
2.18021e+05	3.57532e-02	3.56154e-04	0.74180	2.33028	2.31180e-05
2.18254e+05	3.57508e-02	2.24152e-04	3.98442	0.62966	2.31180e-05
2.18487e+05	3.57575e-02	3.14719e-04	1.66109	0.54863	2.31180e-05
2.18720e+05	3.57711e-02	2.05948e-04	2.85002	5.57617	2.31180e-05
2.18953e+05	3.57778e-02	3.35868e-04	0.00845	4.44449	2.31180e-05
2.19186e+05	3.57760e-02	6.48750e-05	1.57052	1.28509	2.31180e-05
2.19418e+05	3.58004e-02	1.55887e-05	5.80066	4.13123	2.31180e-05
2.19651e+05	3.57981e-02	3.26386e-04	1.99293	4.83750	2.31180e-05
2.19884e+05	3.58184e-02	1.17695e-04	1.26779	4.89173	2.31180e-05
2.20117e+05	3.58208e-02	2.54937e-04	0.51725	1.11828	2.31180e-05
2.20350e+05	3.58321e-02	4.84773e-04	6.02789	6.09274	2.31180e-05
2.20583e+05	3.58433e-02	4.28441e-04	0.52012	5.69297	2.31180e-05
2.20816e+05	3.58376e-02	2.66970e-04	0.13641	2.62490	2.31180e-05
2.21049e+05	3.58578e-02	4.93971e-04	0.50003	1.30713	2.31180e-05
2.21282e+05	3.58624e-02	2.25250e-04	5.05875	4.57012	2.31180e-05
2.21515e+05	3.58685e-02	1.20053e-04	3.56658	3.82753	2.31180e-05
2.21748e+05	3.58779e-02	4.81606e-04	0.01474	1.38436	2.31180e-05
2.21981e+05	3.58825e-02	3.92843e-04	4.55162	5.95419	2.31180e-05
2.22214e+05	3.58879e-02	3.34020e-04	5.30281	4.30111	2.31180e-05
2.22447e+05	3.59028e-02	2.63129e-04	3.14228	1.83444	2.31180e-05
2.22679e+05	3.59195e-02	9.19647e-05	0.68021	2.24499	2.31180e-05
2.22912e+05	3.59212e-02	3.08999e-04	5.29096	4.45164	2.31180e-05
2.23145e+05	3.59166e-02	4.46127e-04	3.34356	3.23403	2.31180e-05
2.23378e+05	3.59277e-02	2.44394e-04	5.25681	0.78414	2.31180e-05
2.23611e+05	3.59524e-02	2.79952e-05	2.37805	5.75852	2.31180e-05
2.23844e+05	3.59432e-02	4.49063e-04	3.33032	3.25774	2.31180e-05
2.24077e+05	3.59636e-02	4.82067e-04	0.21280	1.18361	2.31180e-05
2.24310e+05	3.59591e-02	7.79466e-05	2.29162	2.87722	2.31180e-05
2.24543e+05	3.59770e-02	2.08848e-04	2.77177	2.56764	2.31180e-05
2.24776e+05	3.59816e-02	4.35154e-04	1.26840	0.65058	2.31180e-05
2.25009e+05	3.59958e-02	2.79410e-04	2.37962	5.10827	2.31180e-05
2.25242e+05	3.60040e-02	3.67245e-04	6.26059	3.22178	2.31180e-05
2.25475e+05	3.60017e-02	2.42007e-04	2.05976	5.87621	2.31180e-05
2.25708e+05	3.60298e-02	4.14313e-04	5.43245	3.70359	2.31180e-05
2.25940e+05	3.60326e-02	2.80311e-04	4.98199	1.82985	2.31180e-05
2.26173e+05	3.60431e-02	5.87734e-04	6.26509	0.99498	2.31180e-05
2.26406e+05	3.60373e-02	2.90188e-04	5.61879	4.85864	2.31180e-05
2.26639e+05	3.60449e-02	3.45700e-04	1.48272	2.45758	2.31180e-05
2.26872e+05	3.60668e-02	6.00379e-04	0.04714	0.16503	2.31180e-05
2.27105e+05	3.60686e-02	4.44972e-04	1.14548	4.44436	2.31180e-05
2.27338e+05	3.60793e-02	1.46527e-04	5.07092	2.45202	2.31180e-05
2.27571e+05	3.60848e-02	4.61572e-04	5.68884	0.31882	2.31180e-05
2.27804e+05	3.60997e-02	2.10016e-04	2.57058	4.79959	2.31180e-05
2.28037e+05	3.60945e-02	5.80153e-04	2.70344	2.61980	2.31180e-05
2.28270e+05	3.61192e-02	7.44517e-04	5.84836	0.31494	2.31180e-05
2.28503e+05	3.61205e-02	4.04696e-04	5.60944	4.28233	2.31180e-05
2.28736e+05	3.61413e-02	3.84246e-04	0.92400	3.05735	2.31180e-05
2.28969e+05	3.61472e-02	2.51888e-04	0.51000	0.48384	2.31180e-05
2.29201e+05	3.61593e-02	6.02201e-04	5.71516	1.51455	2.31180e-05
2.29434e+05	3.61646e-02	3.45464e-04	5.16394	4.97155	2.31180e-05
2.29667e+05	3.61705e-02	4.02593e-04	0.32006	3.10711	2.31180e-05
2.29900e+05	3.61708e-02	3.20900e-04	5.42720	0.56653	2.31180e-05
2.30133e+05	3.61714e-02	4.57959e-04	2.10906	3.15377	2.31180e-05
2.30366e+05	3.61875e-02	4.97375e-04	0.61360	0.64346	2.31180e-05
2.30599e+05	3.61903e-02	2.26054e-04	3.08997	3.45728	2.31180e-05
2.30832e+05	3.61983e-02	3.49017e-04	2.18789	0.09906	2.31180e-05
2.31065e+05	3.62095e-02	2.39687e-04	3.74780	3.61764	2.31180e-05
2.31298e+05	3.62151e-02	2.31230e-04	1.89876	1.03414	2.31180e-05
2.31531e+05	3.62254e-02	3.98991e-04	2.92270	4.92780	2.31180e-05
2.31764e+05	3.62356e-02	3.44517e-04	2.17465	1.08943	2.31180e-05
2.31997e+05	3.62486e-02	1.50952e-04	3.63563	4.43752	2.31180e-05
2.32230e+05	3.62487e-02	3.40236e-04	3.26184	0.15210	2.31180e-05
2.32462e+05	3.62624e-02	3.98166e-04	4.51463	3.64365	2.31180e-05
2.32695e+05	3.62632e-02	4.27646e-04	2.74486	0.72502	2.31180e-05
2.32928e+05	3.62894e-02	3.20327e-04	5.04164	3.14815	2.31180e-05
