# t	a	e	mean_anomaly	varpi	mass/M_star
3.10572e+00	3.48066e-02	3.93187e-03	5.40387	1.50931	2.31180e-05
6.98788e+00	3.48273e-02	5.48982e-03	6.25546	1.56374	2.31180e-05
1.08700e+01	3.48235e-02	3.39722e-03	0.96210	1.46202	2.31180e-05
1.47522e+01	3.48165e-02	2.25983e-03	1.45921	1.87244	2.31180e-05
1.86343e+01	3.48116e-02	2.48161e-03	3.07867	1.13601	2.31180e-05
2.25164e+01	3.48072e-02	3.89629e-03	3.96084	1.17237	2.31180e-05
2.63985e+01	3.48149e-02	1.80305e-03	4.84218	1.17166	2.31180e-05
3.02807e+01	3.48167e-02	1.80042e-03	5.84238	1.10925	2.31180e-05
3.41628e+01	3.48238e-02	3.26670e-03	5.46261	2.39829	2.31180e-05
3.80450e+01	3.48173e-02	7.87772e-04	1.85993	0.56580	2.31180e-05
4.19271e+01	3.48072e-02	2.39061e-03	6.05275	3.42707	2.31180e-05
4.58093e+01	3.48085e-02	2.40606e-03	0.97315	2.97905	2.31180e-05
4.96914e+01	3.48247e-02	1.14763e-03	1.79633	2.93885	2.31180e-05
5.35735e+01	3.48210e-02	2.12527e-03	1.46319	4.04343	2.31180e-05
5.74557e+01	3.48061e-02	3.34565e-03	2.73960	3.54563	2.31180e-05
6.13378e+01	3.48227e-02	3.10799e-03	4.04619	3.02589	2.31180e-05
6.52199e+01	3.48101e-02	3.96516e-03	4.44144	3.40197	2.31180e-05
6.91021e+01	3.48120e-02	3.69055e-03	5.06207	3.56620	2.31180e-05
7.29842e+01	3.48077e-02	3.24732e-03	5.90224	3.49972	2.31180e-05
7.68664e+01	3.47989e-02	8.77597e-04	0.19630	3.70489	2.31180e-05
8.07485e+01	3.48028e-02	1.26904e-03	2.43669	2.23821	2.31180e-05
8.46307e+01	3.48204e-02	9.48671e-04	1.45778	4.00310	2.31180e-05
8.85128e+01	3.48079e-02	2.39157e-03	1.15371	5.09480	2.31180e-05
9.23949e+01	3.48062e-02	3.13573e-04	0.19334	0.54806	2.31180e-05
9.62771e+01	3.47966e-02	4.62222e-03	3.18411	4.62652	2.31180e-05
1.00159e+02	3.48032e-02	2.36674e-03	3.00548	5.57824	2.31180e-05
1.04041e+02	3.48105e-02	4.29204e-03	4.60450	4.76996	2.31180e-05
1.07923e+02	3.48136e-02	1.46196e-03	5.59796	4.55480	2.31180e-05
1.11806e+02	3.48032e-02	3.19107e-03	5.14703	5.79743	2.31180e-05
1.15688e+02	3.48041e-02	3.96038e-03	0.22402	5.20555	2.31180e-05
1.19570e+02	3.48185e-02	2.93722e-03	1.19155	5.03210	2.31180e-05
1.23452e+02	3.48179e-02	2.75813e-03	2.85403	4.14007	2.31180e-05
1.27334e+02	3.48088e-02	2.17404e-03	3.09397	4.69431	2.31180e-05
1.31216e+02	3.48071e-02	4.36529e-04	6.04744	2.52641	2.31180e-05
1.35098e+02	3.48111e-02	8.88607e-04	4.11622	5.25131	2.31180e-05
1.38981e+02	3.48368e-02	1.61986e-03	5.97142	4.18292	2.31180e-05
1.42863e+02	3.48189e-02	1.31706e-03	5.62113	5.33089	2.31180e-05
1.46745e+02	3.48198e-02	1.86553e-03	4.92577	0.52164	2.31180e-05
1.50627e+02	3.48068e-02	2.83172e-03	5.10414	1.13751	2.31180e-05
1.54509e+02	3.48139e-02	1.72504e-03	0.50369	0.24380	2.31180e-05
1.58391e+02	3.48221e-02	5.45030e-03	1.03080	0.51558	2.31180e-05
1.62273e+02	3.48209e-02	1.63787e-03	1.22811	1.10528	2.31180e-05
1.66156e+02	3.48059e-02	4.15973e-03	2.72164	0.40671	2.31180e-05
1.70038e+02	3.48148e-02	2.27364e-03	3.61883	0.29483	2.31180e-05
1.73920e+02	3.48177e-02	2.35908e-03	4.31013	0.40977	2.31180e-05
1.77802e+02	3.48207e-02	3.48864e-03	5.78659	5.99760	2.31180e-05
1.81684e+02	3.48181e-02	1.14323e-03	0.10314	6.19381	2.31180e-05
1.85566e+02	3.48029e-02	1.96911e-03	5.26213	1.82875	2.31180e-05
1.89448e+02	3.48136e-02	2.32626e-03	5.47782	2.40992	2.31180e-05
1.93331e+02	3.48159e-02	3.29331e-03	0.55887	1.83513	2.31180e-05
1.97213e+02	3.48211e-02	2.33316e-03	0.44011	2.75357	2.31180e-05
2.01095e+02	3.48068e-02	4.80919e-03	1.58743	2.40088	2.31180e-05
2.04977e+02	3.48016e-02	5.30894e-03	2.34356	2.44086	2.31180e-05
2.08859e+02	3.48022e-02	3.82560e-03	2.87737	2.70307	2.31180e-05
2.12741e+02	3.48110e-02	2.32484e-03	3.73502	2.65185	2.31180e-05
2.16623e+02	3.48082e-02	1.90896e-03	4.65087	2.52236	2.31180e-05
2.20505e+02	3.48056e-02	2.68812e-03	5.47220	2.50681	2.31180e-05
2.24388e+02	3.47995e-02	8.47524e-04	4.65484	4.11104	2.31180e-05
2.28270e+02	3.48121e-02	4.40304e-03	0.81452	2.46564	2.31180e-05
2.32152e+02	3.48103e-02	2.27867e-03	4.14814	6.20684	2.31180e-05
2.36034e+02	3.48042e-02	1.34130e-03	0.21368	4.65291	2.31180e-05
2.39916e+02	3.48041e-02	1.93163e-03	5.49684	0.16701	2.31180e-05
2.43798e+02	3.48081e-02	2.87230e-03	0.90998	5.56083	2.31180e-05
2.47680e+02	3.48058e-02	3.77254e-03	3.07955	4.19522	2.31180e-05
2.51563e+02	3.48042e-02	3.47875e-03	3.46528	4.60047	2.31180e-05
2.55445e+02	3.48061e-02	2.37605e-03	5.68707	3.17964	2.31180e-05
2.59327e+02	3.48029e-02	8.63387e-04	4.05760	5.62802	2.31180e-05
2.63209e+02	3.48205e-02	3.00640e-03	5.83183	4.62012	2.31180e-05
2.67091e+02	3.48142e-02	3.63827e-03	0.58348	4.37872	2.31180e-05
2.70973e+02	3.48133e-02	4.29577e-03	1.28878	4.50633	2.31180e-05
2.74855e+02	3.48063e-02	4.12202e-03	1.25573	5.40793	2.31180e-05
2.78738e+02	3.48077e-02	4.27271e-03	0.52276	0.72702	2.31180e-05
2.82620e+02	3.48160e-02	2.45616e-03	6.15552	2.26197	2.31180e-05
2.86502e+02	3.48168e-02	2.07160e-03	2.82416	0.20748	2.31180e-05
2.90384e+02	3.48105e-02	2.34007e-03	3.46670	0.50865	2.31180e-05
2.94266e+02	3.48057e-02	2.70516e-03	1.66737	3.21319	2.31180e-05
2.98148e+02	3.48068e-02	5.34325e-03	4.37179	1.44291	2.31180e-05
3.02030e+02	3.48221e-02	1.92468e-03	5.35660	1.44941	2.31180e-05
3.05913e+02	3.48198e-02	4.32039e-03	5.15226	2.54850	2.31180e-05
3.09795e+02	3.48183e-02	2.80962e-03	1.82950	0.54583	2.31180e-05
3.13677e+02	3.48068e-02	3.16903e-03	2.38566	0.77289	2.31180e-05
3.17559e+02	3.48156e-02	5.19075e-03	4.78563	5.48976	2.31180e-05
3.21441e+02	3.48327e-02	6.50759e-03	0.29965	4.46438	2.31180e-05
3.25323e+02	3.48085e-02	3.49299e-03	1.53106	4.10173	2.31180e-05
3.29205e+02	3.48063e-02	4.68532e-03	2.08303	4.31982	2.31180e-05
3.33088e+02	3.48048e-02	2.45060e-03	2.75017	4.52168	2.31180e-05
3.36970e+02	3.48296e-02	7.44228e-03	0.65257	0.75765	2.31180e-05
3.40852e+02	3.48501e-02	6.59142e-03	6.06779	1.65032	2.31180e-05
3.44734e+02	3.48306e-02	3.98548e-03	5.58258	2.22734	2.31180e-05
3.48616e+02	3.47995e-02	1.31486e-02	1.10427	0.24125	2.31180e-05
3.52498e+02	3.48249e-02	1.60971e-02	4.74241	2.72137	2.31180e-05
3.56380e+02	3.48198e-02	8.79540e-03	5.05117	3.02981	2.31180e-05
3.60262e+02	3.48546e-02	9.90684e-03	2.80575	4.67867	2.31180e-05
3.64145e+02	3.47988e-02	9.27208e-03	5.12352	2.58104	2.31180e-05
3.68027e+02	3.48332e-02	6.32204e-03	0.86978	0.90515	2.31180e-05
3.71909e+02	3.47822e-02	5.65362e-03	6.09994	3.32522	2.31180e-05
3.75791e+02	3.48408e-02	1.20316e-02	3.77524	0.01179	2.31180e-05
3.79673e+02	3.48078e-02	1.88435e-02	3.91046	0.34476	2.31180e-05
3.83555e+02	3.48265e-02	7.88770e-03	0.59722	5.08406	2.31180e-05
3.87437e+02	3.48011e-02	1.00187e-02	4.49475	2.41618	2.31180e-05
3.91320e+02	3.47979e-02	9.02211e-03	3.73999	4.09612	2.31180e-05
3.95202e+02	3.48141e-02	1.15806e-02	1.44964	1.94956	2.31180e-05
3.99084e+02	3.48101e-02	1.01711e-02	1.38819	3.17667	2.31180e-05
4.02966e+02	3.47956e-02	1.93824e-02	4.34053	2.44868	2.31180e-05
4.06848e+02	3.47718e-02	1.73061e-02	4.57992	3.83464	2.31180e-05
4.10730e+02	3.48001e-02	2.12043e-02	1.03661	3.49525	2.31180e-05
4.14612e+02	3.47526e-02	1.64835e-02	3.50180	3.49374	2.31180e-05
4.18495e+02	3.47592e-02	1.96606e-02	3.87045	5.49358	2.31180e-05
4.22377e+02	3.47828e-02	1.46844e-02	0.06416	5.81599	2.31180e-05
4.26259e+02	3.47545e-02	5.59450e-03	5.06898	3.82608	2.31180e-05
4.30141e+02	3.47703e-02	2.25119e-02	2.94784	2.53956	2.31180e-05
4.34023e+02	3.47798e-02	6.83421e-03	0.60852	2.27746	2.31180e-05
4.37905e+02	3.47722e-02	1.43768e-02	0.92623	5.27225	2.31180e-05
4.41787e+02	3.47673e-02	6.86158e-03	5.22947	4.84289	2.31180e-05
4.45670e+02	3.47590e-02	1.00651e-02	5.04781	2.52577	2.31180e-05
4.49552e+02	3.47661e-02	1.52480e-02	2.46832	3.01612	2.31180e-05
4.53434e+02	3.47375e-02	9.34200e-03	4.72163	5.10049	2.31180e-05
4.57316e+02	3.47343e-02	1.61289e-02	0.71801	1.14181	2.31180e-05
4.61198e+02	3.47166e-02	1.86834e-02	3.17281	3.50352	2.31180e-05
4.65080e+02	3.47025e-02	2.10211e-02	0.11382	5.46222	2.31180e-05
4.68962e+02	3.46877e-02	1.98596e-02	2.50433	2.18030	2.31180e-05
4.72845e+02	3.46915e-02	2.74539e-02	0.18621	4.00725	2.31180e-05
4.76727e+02	3.46666e-02	2.00010e-02	2.88462	0.90074	2.31180e-05
4.80609e+02	3.46721e-02	2.66454e-02	1.12575	2.75112	2.31180e-05
4.84491e+02	3.46706e-02	2.13589e-02	4.18692	6.06869	2.31180e-05
4.88373e+02	3.46729e-02	2.23446e-02	3.13546	1.45234	2.31180e-05
4.92255e+02	3.46706e-02	2.09275e-02	0.05913	5.11314	2.31180e-05
4.96137e+02	3.46746e-02	1.93579e-02	5.86428	0.34390	2.31180e-05
5.00019e+02	3.46789e-02	1.99920e-02	2.91265	4.34618	2.31180e-05
5.03902e+02	3.46752e-02	1.56755e-02	2.87955	5.89421	2.31180e-05
5.07784e+02	3.46956e-02	1.97146e-02	0.30823	3.70064	2.31180e-05
5.11666e+02	3.46756e-02	1.16201e-02	0.22586	5.79754	2.31180e-05
5.15548e+02	3.46915e-02	2.20190e-02	4.76922	3.24555	2.31180e-05
5.19430e+02	3.46581e-02	8.76469e-03	4.21152	6.26271	2.31180e-05
5.23312e+02	3.46504e-02	2.29479e-02	3.75969	2.96929	2.31180e-05
5.27194e+02	3.46470e-02	1.15935e-02	3.11985	0.25469	2.31180e-05
5.31077e+02	3.46428e-02	1.96594e-02	3.74716	2.86893	2.31180e-05
5.34959e+02	3.46480e-02	1.65018e-02	3.37950	0.30492	2.31180e-05
5.38841e+02	3.46287e-02	1.57336e-02	4.35179	3.20657	2.31180e-05
5.42723e+02	3.46131e-02	2.28668e-02	4.67352	0.44232	2.31180e-05
5.46605e+02	3.46267e-02	1.56384e-02	5.47928	3.98345	2.31180e-05
5.50487e+02	3.46001e-02	2.32653e-02	0.73894	0.64882	2.31180e-05
5.54369e+02	3.46110e-02	2.38084e-02	1.44368	4.66762	2.31180e-05
5.58252e+02	3.45824e-02	1.56029e-02	3.86123	1.16421	2.31180e-05
5.62134e+02	3.45835e-02	3.16464e-02	5.21343	5.03124	2.31180e-05
5.66016e+02	3.45719e-02	1.83383e-02	0.58282	2.73043	2.31180e-05
5.69898e+02	3.45569e-02	2.57868e-02	3.85573	5.38107	2.31180e-05
5.73780e+02	3.45775e-02	3.23003e-02	5.57986	3.43542	2.31180e-05
5.77662e+02	3.45520e-02	1.51006e-02	2.56386	0.42291	2.31180e-05
5.81544e+02	3.45356e-02	3.22034e-02	5.74203	3.88705	2.31180e-05
5.85427e+02	3.45389e-02	2.84378e-02	2.10265	1.90463	2.31180e-05
5.89309e+02	3.45268e-02	2.00870e-02	0.22060	4.87771	2.31180e-05
5.93191e+02	3.45280e-02	3.18418e-02	3.79912	2.46569	2.31180e-05
5.97073e+02	3.45338e-02	2.73701e-02	1.10874	0.39641	2.31180e-05
6.00955e+02	3.45139e-02	2.11780e-02	6.26489	3.44369	2.31180e-05
6.04837e+02	3.45162e-02	3.05555e-02	4.27528	1.13141	2.31180e-05
6.08719e+02	3.45095e-02	2.70228e-02	2.51718	5.29204	2.31180e-05
6.12602e+02	3.44949e-02	1.94869e-02	2.10796	2.11793	2.31180e-05
6.16484e+02	3.45072e-02	3.05528e-02	0.89691	6.16747	2.31180e-05
6.20366e+02	3.44988e-02	2.47455e-02	6.21666	4.08769	2.31180e-05
6.24248e+02	3.45087e-02	2.01068e-02	0.39895	0.84160	2.31180e-05
6.28130e+02	3.44966e-02	2.99927e-02	6.12879	5.07414	2.31180e-05
6.32012e+02	3.44978e-02	2.02572e-02	6.06671	2.93619	2.31180e-05
6.35894e+02	3.44850e-02	2.18396e-02	1.06320	5.94594	2.31180e-05
6.39777e+02	3.44947e-02	2.90385e-02	1.18045	4.09618	2.31180e-05
6.43659e+02	3.44918e-02	1.59526e-02	2.11424	1.77545	2.31180e-05
6.47541e+02	3.44693e-02	2.39730e-02	4.06891	4.94904	2.31180e-05
6.51423e+02	3.44899e-02	2.69159e-02	4.98840	3.14175	2.31180e-05
6.55305e+02	3.44516e-02	1.61705e-02	0.79054	0.52498	2.31180e-05
6.59187e+02	3.44625e-02	2.51632e-02	3.17493	4.10053	2.31180e-05
6.63069e+02	3.44634e-02	2.48617e-02	5.10231	2.17105	2.31180e-05
6.66951e+02	3.44336e-02	1.89702e-02	1.83155	5.75221	2.31180e-05
6.70834e+02	3.44410e-02	2.57993e-02	4.86492	3.27839	2.31180e-05
6.74716e+02	3.44213e-02	2.64439e-02	1.47008	1.26369	2.31180e-05
6.78598e+02	3.44090e-02	2.19168e-02	5.23685	4.97935	2.31180e-05
6.82480e+02	3.44210e-02	2.50415e-02	2.93448	2.43582	2.31180e-05
6.86362e+02	3.44029e-02	3.05132e-02	0.47464	0.39092	2.31180e-05
6.90244e+02	3.43681e-02	2.41079e-02	4.85942	4.35756	2.31180e-05
6.94126e+02	3.43854e-02	2.36278e-02	3.69536	1.57704	2.31180e-05
6.98009e+02	3.43782e-02	3.42724e-02	2.06000	5.88462	2.31180e-05
7.01891e+02	3.43686e-02	2.67617e-02	0.80468	3.78282	2.31180e-05
7.05773e+02	3.43670e-02	2.35335e-02	0.69040	0.85100	2.31180e-05
7.09655e+02	3.43751e-02	3.57051e-02	6.17625	5.18261	2.31180e-05
7.13537e+02	3.43609e-02	2.63596e-02	5.75785	3.15002	2.31180e-05
7.17419e+02	3.43407e-02	2.32436e-02	0.18003	0.22486	2.31180e-05
7.21301e+02	3.43633e-02	3.33908e-02	0.20386	4.57018	2.31180e-05
7.25184e+02	3.43511e-02	2.34754e-02	0.58793	2.54384	2.31180e-05
7.29066e+02	3.43342e-02	2.23924e-02	2.12472	5.94549	2.31180e-05
7.32948e+02	3.43573e-02	2.82253e-02	3.01626	3.97379	2.31180e-05
7.36830e+02	3.43333e-02	2.14403e-02	4.41138	1.81440	2.31180e-05
7.40712e+02	3.43360e-02	2.15694e-02	0.32239	5.44022	2.31180e-05
7.44594e+02	3.43515e-02	2.24553e-02	2.30253	3.31650	2.31180e-05
7.48476e+02	3.43428e-02	2.19849e-02	4.76328	0.97690	2.31180e-05
7.52359e+02	3.43278e-02	2.21531e-02	1.13653	4.94148	2.31180e-05
7.56241e+02	3.43341e-02	2.11265e-02	4.09667	2.59565	2.31180e-05
7.60123e+02	3.43101e-02	2.40273e-02	1.04433	0.35229	2.31180e-05
7.64005e+02	3.42923e-02	2.00061e-02	4.62313	4.37402	2.31180e-05
7.67887e+02	3.42988e-02	2.30617e-02	2.72889	1.74414	2.31180e-05
7.71769e+02	3.42648e-02	2.91481e-02	0.42087	6.11571	2.31180e-05
7.75651e+02	3.42508e-02	1.99311e-02	5.44431	3.54679	2.31180e-05
7.79534e+02	3.42507e-02	2.73554e-02	4.40620	1.02373	2.31180e-05
7.83416e+02	3.42361e-02	3.27452e-02	3.05011	5.42664	2.31180e-05
7.87298e+02	3.42260e-02	2.11287e-02	2.55818	2.93119	2.31180e-05
7.91180e+02	3.42308e-02	3.01051e-02	2.47100	0.35097	2.31180e-05
7.95062e+02	3.42242e-02	3.38851e-02	1.96591	4.76340	2.31180e-05
7.98944e+02	3.42076e-02	2.37992e-02	2.26907	2.37398	2.31180e-05
8.02826e+02	3.42139e-02	2.75211e-02	3.04746	6.05426	2.31180e-05
8.06708e+02	3.42169e-02	3.02788e-02	3.47723	4.09851	2.31180e-05
8.10591e+02	3.42115e-02	2.40835e-02	4.46468	1.79146	2.31180e-05
8.14473e+02	3.42128e-02	2.39306e-02	5.84953	5.64280	2.31180e-05
8.18355e+02	3.42223e-02	2.45139e-02	0.95343	3.50457	2.31180e-05
8.22237e+02	3.42192e-02	2.30002e-02	2.77474	1.22041	2.31180e-05
8.26119e+02	3.42113e-02	2.12678e-02	4.93693	5.13317	2.31180e-05
8.30001e+02	3.42205e-02	2.13924e-02	1.04790	2.83730	2.31180e-05
8.33883e+02	3.41935e-02	2.34922e-02	3.62316	0.66117	2.31180e-05
8.37766e+02	3.41903e-02	2.00142e-02	0.46283	4.50410	2.31180e-05
8.41648e+02	3.41837e-02	2.47093e-02	3.74516	2.19897	2.31180e-05
8.45530e+02	3.41680e-02	2.67104e-02	0.83438	0.16125	2.31180e-05
8.49412e+02	3.41470e-02	2.15547e-02	4.91189	3.98197	2.31180e-05
8.53294e+02	3.41505e-02	2.95236e-02	2.89094	1.64083	2.31180e-05
8.57176e+02	3.41355e-02	3.13093e-02	0.74867	6.04492	2.31180e-05
8.61058e+02	3.41016e-02	2.30002e-02	5.87531	3.51199	2.31180e-05
8.64941e+02	3.41110e-02	3.31474e-02	4.72836	1.19765	2.31180e-05
8.68823e+02	3.41185e-02	3.14982e-02	3.46764	5.63620	2.31180e-05
8.72705e+02	3.40920e-02	2.37291e-02	3.22892	3.09296	2.31180e-05
8.76587e+02	3.41056e-02	3.18385e-02	2.93400	0.81205	2.31180e-05
8.80469e+02	3.41081e-02	2.81034e-02	2.52812	5.19618	2.31180e-05
8.84351e+02	3.41025e-02	2.24647e-02	3.07260	2.73141	2.31180e-05
8.88233e+02	3.41150e-02	2.68126e-02	3.62023	0.43910	2.31180e-05
8.92116e+02	3.41047e-02	2.37209e-02	4.17713	4.66009	2.31180e-05
8.95998e+02	3.41207e-02	2.20707e-02	5.39309	2.32576	2.31180e-05
8.99880e+02	3.41177e-02	2.23889e-02	0.52225	0.04994	2.31180e-05
9.03762e+02	3.40914e-02	2.28441e-02	2.18539	4.01865	2.31180e-05
9.07644e+02	3.40916e-02	2.45550e-02	4.03400	1.90689	2.31180e-05
9.11526e+02	3.40817e-02	2.19579e-02	0.11843	5.89626	2.31180e-05
9.15408e+02	3.40612e-02	2.62371e-02	2.80129	3.49330	2.31180e-05
9.19291e+02	3.40579e-02	2.94910e-02	5.46450	1.49765	2.31180e-05
9.23173e+02	3.40283e-02	2.43574e-02	2.48062	5.52033	2.31180e-05
9.27055e+02	3.40087e-02	3.01912e-02	6.17786	3.11193	2.31180e-05
9.30937e+02	3.40030e-02	3.27670e-02	3.45878	1.12618	2.31180e-05
9.34819e+02	3.40141e-02	2.51104e-02	1.38225	5.17471	2.31180e-05
9.38701e+02	3.40019e-02	3.03984e-02	6.04289	2.73666	2.31180e-05
9.42583e+02	3.39893e-02	3.15616e-02	4.18875	0.76274	2.31180e-05
9.46465e+02	3.40203e-02	2.28406e-02	2.91352	4.81084	2.31180e-05
9.50348e+02	3.40150e-02	2.61421e-02	2.10333	2.43599	2.31180e-05
9.54230e+02	3.40130e-02	2.58084e-02	1.17896	0.34261	2.31180e-05
9.58112e+02	3.40101e-02	2.19534e-02	0.77677	4.30895	2.31180e-05
9.61994e+02	3.40304e-02	2.38404e-02	0.59086	2.12834	2.31180e-05
9.65876e+02	3.40038e-02	2.15085e-02	0.72765	6.16406	2.31180e-05
9.69758e+02	3.40001e-02	2.39015e-02	1.25903	3.76354	2.31180e-05
9.73640e+02	3.39987e-02	2.56521e-02	1.83649	1.71199	2.31180e-05
9.77523e+02	3.39605e-02	2.35340e-02	2.96223	5.72313	2.31180e-05
9.81405e+02	3.39491e-02	2.78465e-02	4.43830	3.36827	2.31180e-05
9.85287e+02	3.39306e-02	2.86084e-02	5.97990	1.27700	2.31180e-05
9.89169e+02	3.39328e-02	2.77111e-02	1.76389	5.33729	2.31180e-05
9.93051e+02	3.39172e-02	3.06465e-02	4.10659	3.10327	2.31180e-05
9.96933e+02	3.39059e-02	2.82954e-02	0.39427	0.91719	2.31180e-05
1.00082e+03	3.39166e-02	2.84248e-02	3.37594	4.91895	2.31180e-05
1.00470e+03	3.39328e-02	3.04082e-02	0.20140	2.83076	2.31180e-05
1.00858e+03	3.39218e-02	2.36234e-02	3.65123	0.60653	2.31180e-05
1.01246e+03	3.39338e-02	2.46344e-02	1.27683	4.47250	2.31180e-05
1.01634e+03	3.39264e-02	2.69187e-02	5.11065	2.44475	2.31180e-05
1.02023e+03	3.39240e-02	2.19610e-02	3.10607	0.25770	2.31180e-05
1.02411e+03	3.39177e-02	2.26124e-02	1.60109	4.07476	2.31180e-05
1.02799e+03	3.39163e-02	2.38710e-02	0.11725	1.93923	2.31180e-05
1.03187e+03	3.38980e-02	2.43440e-02	5.35523	5.99782	2.31180e-05
1.03575e+03	3.38798e-02	2.74853e-02	4.59603	3.76718	2.31180e-05
1.03964e+03	3.38597e-02	2.52118e-02	4.11604	1.56056	2.31180e-05
1.04352e+03	3.38722e-02	2.71973e-02	4.17750	5.50181	2.31180e-05
1.04740e+03	3.38341e-02	3.27073e-02	4.25458	3.44545	2.31180e-05
1.05128e+03	3.38361e-02	2.79105e-02	4.75695	1.24360	2.31180e-05
1.05517e+03	3.38368e-02	2.78530e-02	5.69946	5.18659	2.31180e-05
1.05905e+03	3.38315e-02	2.96552e-02	0.48163	3.06433	2.31180e-05
1.06293e+03	3.38296e-02	2.75386e-02	1.84561	0.87918	2.31180e-05
1.06681e+03	3.38354e-02	2.55370e-02	3.48290	4.93470	2.31180e-05
1.07069e+03	3.38441e-02	2.22213e-02	5.43543	2.69344	2.31180e-05
1.07458e+03	3.38438e-02	2.46564e-02	1.49948	0.38312	2.31180e-05
1.07846e+03	3.38310e-02	2.60028e-02	3.85513	4.54092	2.31180e-05
1.08234e+03	3.38364e-02	2.03245e-02	0.34790	2.32690	2.31180e-05
1.08622e+03	3.38315e-02	2.29272e-02	3.80117	6.09602	2.31180e-05
1.09010e+03	3.38111e-02	3.04633e-02	0.75028	4.09905	2.31180e-05
1.09399e+03	3.37816e-02	2.59650e-02	4.44207	1.92219	2.31180e-05
1.09787e+03	3.37780e-02	2.52255e-02	2.52171	5.77254	2.31180e-05
1.10175e+03	3.37774e-02	3.13579e-02	0.64246	3.65157	2.31180e-05
1.10563e+03	3.37627e-02	3.06505e-02	5.34209	1.50600	2.31180e-05
1.10952e+03	3.37392e-02	2.82089e-02	4.13511	5.53384	2.31180e-05
1.11340e+03	3.37607e-02	2.52698e-02	3.25711	3.28306	2.31180e-05
1.11728e+03	3.37630e-02	2.78234e-02	2.68092	1.03323	2.31180e-05
1.12116e+03	3.37530e-02	2.78450e-02	2.16992	5.19766	2.31180e-05
1.12504e+03	3.37630e-02	2.13593e-02	2.05482	2.92106	2.31180e-05
1.12893e+03	3.37650e-02	2.38816e-02	2.30797	0.54677	2.31180e-05
1.13281e+03	3.37490e-02	2.78854e-02	2.53950	4.76902	2.31180e-05
1.13669e+03	3.37430e-02	2.36451e-02	3.16948	2.56038	2.31180e-05
1.14057e+03	3.37265e-02	2.47290e-02	4.32164	0.20717	2.31180e-05
1.14445e+03	3.37098e-02	2.73777e-02	5.71800	4.32897	2.31180e-05
1.14834e+03	3.37025e-02	2.86704e-02	1.28586	2.09473	2.31180e-05
1.15222e+03	3.36823e-02	2.88232e-02	3.47121	6.09611	2.31180e-05
1.15610e+03	3.36986e-02	2.78951e-02	5.92022	3.88458	2.31180e-05
1.15998e+03	3.36820e-02	2.88552e-02	2.35272	1.62727	2.31180e-05
1.16387e+03	3.36804e-02	3.04437e-02	5.22342	5.76002	2.31180e-05
1.16775e+03	3.36858e-02	2.46038e-02	2.10715	3.54067	2.31180e-05
1.17163e+03	3.36987e-02	2.59318e-02	5.68169	1.21221	2.31180e-05
1.17551e+03	3.36949e-02	2.62116e-02	3.00603	5.42508	2.31180e-05
1.17939e+03	3.36809e-02	2.31113e-02	0.81348	3.12854	2.31180e-05
1.18328e+03	3.36679e-02	2.58480e-02	5.08388	0.89030	2.31180e-05
1.18716e+03	3.36750e-02	2.50573e-02	3.22283	5.10961	2.31180e-05
1.19104e+03	3.36651e-02	2.44194e-02	1.87948	2.81368	2.31180e-05
1.19492e+03	3.36448e-02	2.92301e-02	0.63523	0.66261	2.31180e-05
1.19880e+03	3.36504e-02	2.94423e-02	5.62186	4.94513	2.31180e-05
1.20269e+03	3.36471e-02	2.72046e-02	5.00459	2.67100	2.31180e-05
1.20657e+03	3.36212e-02	3.19916e-02	4.46024	0.63712	2.31180e-05
1.21045e+03	3.36112e-02	3.03928e-02	4.15997	4.92056	2.31180e-05
1.21433e+03	3.36149e-02	2.79050e-02	4.33869	2.71138	2.31180e-05
1.21822e+03	3.36188e-02	2.90782e-02	4.70663	0.63585	2.31180e-05
1.22210e+03	3.36202e-02	2.81266e-02	5.31535	4.88022	2.31180e-05
1.22598e+03	3.36172e-02	2.72260e-02	6.28296	2.74378	2.31180e-05
1.22986e+03	3.36080e-02	2.60583e-02	1.21458	0.60802	2.31180e-05
1.23374e+03	3.36130e-02	2.49716e-02	2.79685	4.75265	2.31180e-05
1.23763e+03	3.35975e-02	2.69828e-02	4.76982	2.60521	2.31180e-05
1.24151e+03	3.35824e-02	2.79854e-02	0.84928	0.47739	2.31180e-05
1.24539e+03	3.35568e-02	2.54854e-02	3.87661	4.44324	2.31180e-05
1.24927e+03	3.35553e-02	2.95178e-02	1.17851	2.16859	2.31180e-05
1.25315e+03	3.35421e-02	2.91819e-02	5.24698	6.27355	2.31180e-05
1.25704e+03	3.35270e-02	2.48540e-02	3.99817	3.66777	2.31180e-05
1.26092e+03	3.35117e-02	2.76753e-02	3.05598	1.23305	2.31180e-05
1.26480e+03	3.35173e-02	2.15216e-02	2.75516	5.03239	2.31180e-05
1.26868e+03	3.35133e-02	2.25024e-02	3.32900	2.20817	2.31180e-05
1.27257e+03	3.35104e-02	1.79197e-02	4.25755	5.76298	2.31180e-05
1.27645e+03	3.35007e-02	1.91677e-02	6.08733	2.71586	2.31180e-05
1.28033e+03	3.35025e-02	1.49132e-02	1.90525	6.27467	2.31180e-05
1.28421e+03	3.34806e-02	2.08887e-02	5.44092	2.65395	2.31180e-05
1.28809e+03	3.34553e-02	1.68547e-02	2.44555	6.14618	2.31180e-05
1.29198e+03	3.34404e-02	2.07436e-02	1.09105	2.42198	2.31180e-05
1.29586e+03	3.34207e-02	2.14194e-02	5.94931	5.55017	2.31180e-05
1.29974e+03	3.34150e-02	2.07531e-02	5.72411	1.86316	2.31180e-05
1.30362e+03	3.33862e-02	2.19882e-02	6.01346	4.53809	2.31180e-05
1.30750e+03	3.33913e-02	1.64334e-02	0.55562	0.91941	2.31180e-05
1.31139e+03	3.34010e-02	2.18650e-02	2.42896	3.10525	2.31180e-05
1.31527e+03	3.33905e-02	5.61678e-03	5.09308	5.10188	2.31180e-05
1.31915e+03	3.33838e-02	1.90236e-02	1.36644	1.32573	2.31180e-05
1.32303e+03	3.33578e-02	1.07724e-02	0.42210	1.96703	2.31180e-05
1.32692e+03	3.33607e-02	1.44230e-02	4.03708	4.57868	2.31180e-05
1.33080e+03	3.33581e-02	1.19875e-02	4.71403	4.88449	2.31180e-05
1.33468e+03	3.33225e-02	8.42847e-03	3.43070	1.14002	2.31180e-05
1.33856e+03	3.33104e-02	2.17628e-02	4.55134	2.02491	2.31180e-05
1.34244e+03	3.32937e-02	2.01603e-02	0.47032	2.65538	2.31180e-05
1.34633e+03	3.32918e-02	8.47262e-03	2.38079	3.90829	2.31180e-05
1.35021e+03	3.32971e-02	1.40443e-02	5.69677	4.33438	2.31180e-05
1.35409e+03	3.32596e-02	1.79696e-02	4.50916	3.79845	2.31180e-05
1.35797e+03	3.32375e-02	1.01073e-02	2.89783	4.19819	2.31180e-05
1.36185e+03	3.32367e-02	1.54855e-02	1.61077	4.93453	2.31180e-05
1.36574e+03	3.32468e-02	9.31477e-03	2.48723	4.09246	2.31180e-05
1.36962e+03	3.32283e-02	1.60923e-02	4.20163	3.19448	2.31180e-05
1.37350e+03	3.32109e-02	1.28890e-02	5.53278	3.21696	2.31180e-05
1.37738e+03	3.32069e-02	1.51877e-02	1.17445	3.20353	2.31180e-05
1.38127e+03	3.31979e-02	1.12946e-02	5.34731	1.62285	2.31180e-05
1.38515e+03	3.31657e-02	1.17461e-02	3.80760	0.35789	2.31180e-05
1.38903e+03	3.31623e-02	1.02837e-02	4.56709	3.48772	2.31180e-05
1.39291e+03	3.31345e-02	1.53194e-02	3.18500	3.19292	2.31180e-05
1.39679e+03	3.31340e-02	8.50958e-03	3.25219	1.98125	2.31180e-05
1.40068e+03	3.31383e-02	1.72375e-02	0.44958	4.46245	2.31180e-05
1.40456e+03	3.31214e-02	5.60603e-03	2.57888	2.73569	2.31180e-05
1.40844e+03	3.30880e-02	6.35044e-03	0.65803	5.58368	2.31180e-05
1.41232e+03	3.30911e-02	1.23451e-02	4.49905	3.24408	2.31180e-05
1.41620e+03	3.30806e-02	5.65297e-03	4.42555	5.73881	2.31180e-05
1.42009e+03	3.30630e-02	9.51557e-03	4.61130	2.38502	2.31180e-05
1.42397e+03	3.30439e-02	1.08211e-02	0.62104	3.73249	2.31180e-05
1.42785e+03	3.30307e-02	8.12255e-04	0.74151	1.57845	2.31180e-05
1.43173e+03	3.30290e-02	1.22542e-02	4.66306	2.73589	2.31180e-05
1.43561e+03	3.30318e-02	1.15234e-02	3.42308	3.51204	2.31180e-05
1.43950e+03	3.30061e-02	5.43017e-03	3.14363	4.05853	2.31180e-05
1.44338e+03	3.29702e-02	2.45944e-03	2.16701	5.77919	2.31180e-05
1.44726e+03	3.29668e-02	5.35976e-03	1.58444	1.52408	2.31180e-05
1.45114e+03	3.29646e-02	4.62837e-03	3.56347	1.85439	2.31180e-05
1.45503e+03	3.29656e-02	5.94444e-04	0.11522	2.07494	2.31180e-05
1.45891e+03	3.29337e-02	2.91274e-03	1.93538	3.92270	2.31180e-05
1.46279e+03	3.29201e-02	1.96554e-03	5.25909	4.81490	2.31180e-05
1.46667e+03	3.29126e-02	5.13165e-03	3.54952	5.16206	2.31180e-05
1.47055e+03	3.29030e-02	9.80024e-03	3.89605	4.30171	2.31180e-05
1.47444e+03	3.28811e-02	7.22155e-03	4.91649	3.37063	2.31180e-05
1.47832e+03	3.28794e-02	7.20101e-03	6.03984	2.75528	2.31180e-05
1.48220e+03	3.28723e-02	3.68638e-03	2.42987	1.34374	2.31180e-05
1.48608e+03	3.28685e-02	8.63683e-03	1.75220	4.15973	2.31180e-05
1.48996e+03	3.28412e-02	6.15176e-03	5.42403	3.16659	2.31180e-05
1.49385e+03	3.28366e-02	1.35179e-03	0.09725	5.33598	2.31180e-05
1.49773e+03	3.28219e-02	1.18972e-02	5.35002	4.05990	2.31180e-05
1.50161e+03	3.28236e-02	2.64274e-03	3.41044	4.50810	2.31180e-05
1.50549e+03	3.27734e-02	9.27585e-03	2.87173	3.97823	2.31180e-05
1.50938e+03	3.27832e-02	1.26200e-03	4.76561	1.61879	2.31180e-05
1.51326e+03	3.27796e-02	7.28150e-03	3.34278	3.50454	2.31180e-05
1.51714e+03	3.27502e-02	5.63548e-03	3.03707	4.90832	2.31180e-05
1.52102e+03	3.27368e-02	2.42081e-03	1.41687	1.73446	2.31180e-05
1.52490e+03	3.27386e-02	6.59416e-03	1.86192	3.68901	2.31180e-05
1.52879e+03	3.27213e-02	6.78298e-03	4.19534	4.51633	2.31180e-05
1.53267e+03	3.27104e-02	4.11001e-03	0.41641	5.49154	2.31180e-05
1.53655e+03	3.27035e-02	1.39428e-03	1.71991	2.21776	2.31180e-05
1.54043e+03	3.26863e-02	1.78635e-03	5.77470	3.44062	2.31180e-05
1.54431e+03	3.26849e-02	6.70027e-03	5.35854	3.17429	2.31180e-05
1.54820e+03	3.26775e-02	9.28693e-03	5.03272	3.40843	2.31180e-05
1.55208e+03	3.26488e-02	5.59431e-03	0.22062	3.05089	2.31180e-05
1.55596e+03	3.26396e-02	5.63978e-03	1.79445	3.00227	2.31180e-05
1.55984e+03	3.26439e-02	3.68960e-03	5.33162	1.55185	2.31180e-05
1.56373e+03	3.26085e-02	2.93786e-03	2.36453	1.22730	2.31180e-05
1.56761e+03	3.26105e-02	4.68743e-03	0.50521	0.30017	2.31180e-05
1.57149e+03	3.26010e-02	5.21447e-03	1.08991	4.21116	2.31180e-05
1.57537e+03	3.25608e-02	5.38198e-03	5.52004	4.27973	2.31180e-05
1.57925e+03	3.25729e-02	7.92869e-03	3.16659	0.55616	2.31180e-05
1.58314e+03	3.25614e-02	1.31400e-02	2.37193	0.89114	2.31180e-05
1.58702e+03	3.25201e-02	8.53883e-03	3.28984	1.49698	2.31180e-05
1.59090e+03	3.25834e-02	1.39997e-02	4.07644	1.77173	2.31180e-05
1.59478e+03	3.25134e-02	1.64322e-02	3.45200	3.05925	2.31180e-05
1.59866e+03	3.24969e-02	1.88366e-02	0.28690	2.92918	2.31180e-05
1.60255e+03	3.24663e-02	2.35827e-02	3.40627	3.46305	2.31180e-05
1.60643e+03	3.24822e-02	1.89690e-02	1.68574	3.73661	2.31180e-05
1.61031e+03	3.24619e-02	1.61405e-02	0.69055	3.80872	2.31180e-05
1.61419e+03	3.24617e-02	1.91993e-02	0.08683	4.08851	2.31180e-05
1.61808e+03	3.24382e-02	1.83658e-02	0.21218	4.57907	2.31180e-05
1.62196e+03	3.24269e-02	2.25117e-02	0.74725	5.05836	2.31180e-05
1.62584e+03	3.24064e-02	2.39077e-02	2.36355	5.30690	2.31180e-05
1.62972e+03	3.23923e-02	2.24768e-02	4.86139	5.47062	2.31180e-05
1.63360e+03	3.23780e-02	2.20078e-02	1.32945	5.73883	2.31180e-05
1.63749e+03	3.23797e-02	1.74302e-02	5.40655	5.81797	2.31180e-05
1.64137e+03	3.23564e-02	1.41354e-02	3.34109	6.12125	2.31180e-05
1.64525e+03	3.23625e-02	1.02039e-02	1.78992	0.41848	2.31180e-05
1.64913e+03	3.23472e-02	1.51271e-02	1.08917	1.00548	2.31180e-05
1.65301e+03	3.23206e-02	1.91050e-02	1.19739	1.19617	2.31180e-05
1.65690e+03	3.23304e-02	1.54339e-02	2.57558	1.12753	2.31180e-05
1.66078e+03	3.23116e-02	1.25263e-02	3.79200	1.60400	2.31180e-05
1.66466e+03	3.22916e-02	1.63439e-02	6.01871	1.81025	2.31180e-05
1.66854e+03	3.22852e-02	9.65828e-03	2.63587	2.12157	2.31180e-05
1.67243e+03	3.22719e-02	1.44466e-02	5.50303	2.80147	2.31180e-05
1.67631e+03	3.22761e-02	1.22975e-02	3.69218	2.88994	2.31180e-05
1.68019e+03	3.22337e-02	1.91940e-02	1.87078	3.30862	2.31180e-05
1.68407e+03	3.22474e-02	1.56084e-02	1.32786	3.27651	2.31180e-05
1.68795e+03	3.22269e-02	2.02324e-02	1.14120	3.53540	2.31180e-05
1.69184e+03	3.22316e-02	1.36915e-02	1.33473	3.85440	2.31180e-05
1.69572e+03	3.22126e-02	1.40851e-02	2.77775	3.90114	2.31180e-05
1.69960e+03	3.21843e-02	1.70843e-02	3.95248	4.50857	2.31180e-05
1.70348e+03	3.22041e-02	1.64179e-02	6.21578	4.98763	2.31180e-05
1.70736e+03	3.21758e-02	1.53175e-02	3.09171	5.08372	2.31180e-05
1.71125e+03	3.21727e-02	2.02455e-02	0.63070	5.17375	2.31180e-05
1.71513e+03	3.21553e-02	2.21633e-02	5.15736	5.38621	2.31180e-05
1.71901e+03	3.21379e-02	2.23370e-02	3.62628	5.70088	2.31180e-05
1.72289e+03	3.21401e-02	1.92745e-02	3.28759	5.86136	2.31180e-05
1.72678e+03	3.21155e-02	1.56674e-02	2.96413	6.26023	2.31180e-05
1.73066e+03	3.21133e-02	1.48508e-02	3.73763	0.26885	2.31180e-05
1.73454e+03	3.20902e-02	1.48764e-02	4.83405	0.67430	2.31180e-05
1.73842e+03	3.20938e-02	1.75407e-02	0.55770	0.95864	2.31180e-05
1.74230e+03	3.20719e-02	1.90299e-02	3.42961	1.08717	2.31180e-05
1.74619e+03	3.20708e-02	2.07285e-02	0.50511	1.20928	2.31180e-05
1.75007e+03	3.20686e-02	1.66474e-02	4.86098	1.21470	2.31180e-05
1.75395e+03	3.20524e-02	1.35862e-02	3.12217	1.32676	2.31180e-05
1.75783e+03	3.20420e-02	1.19080e-02	1.89367	1.91995	2.31180e-05
1.76171e+03	3.20195e-02	1.30591e-02	1.11157	2.31820	2.31180e-05
1.76560e+03	3.20303e-02	1.29164e-02	1.52913	2.43828	2.31180e-05
1.76948e+03	3.20014e-02	1.19110e-02	1.99319	2.79824	2.31180e-05
1.77336e+03	3.19983e-02	1.74674e-02	3.34040	3.23451	2.31180e-05
1.77724e+03	3.19800e-02	1.86341e-02	5.67766	3.18870	2.31180e-05
1.78113e+03	3.19785e-02	1.45206e-02	2.03800	3.47532	2.31180e-05
1.78501e+03	3.19389e-02	1.73011e-02	5.47146	3.60238	2.31180e-05
1.78889e+03	3.19583e-02	1.17594e-02	3.14497	3.68882	2.31180e-05
1.79277e+03	3.19302e-02	1.33243e-02	1.08810	4.32707	2.31180e-05
1.79665e+03	3.19447e-02	9.72568e-03	6.04152	4.56003	2.31180e-05
1.80054e+03	3.19170e-02	1.57079e-02	5.35971	5.03066	2.31180e-05
1.80442e+03	3.19017e-02	1.34197e-02	5.10304	5.31078	2.31180e-05
1.80830e+03	3.18969e-02	1.81170e-02	6.03605	5.33979	2.31180e-05
1.81218e+03	3.18825e-02	1.46751e-02	0.69930	5.59420	2.31180e-05
1.81606e+03	3.18835e-02	1.58524e-02	2.88808	5.50415	2.31180e-05
1.81995e+03	3.18659e-02	1.41237e-02	4.79239	6.01976	2.31180e-05
1.82383e+03	3.18735e-02	8.78410e-03	1.49687	6.18049	2.31180e-05
1.82771e+03	3.18725e-02	1.20596e-02	4.83505	0.15425	2.31180e-05
1.83159e+03	3.18446e-02	1.40638e-02	1.93676	0.85890	2.31180e-05
1.83548e+03	3.18388e-02	1.37278e-02	0.23296	1.05381	2.31180e-05
1.83936e+03	3.18437e-02	1.82185e-02	5.48571	0.98378	2.31180e-05
1.84324e+03	3.18114e-02	1.95757e-02	4.93863	1.26619	2.31180e-05
1.84712e+03	3.18035e-02	1.46156e-02	4.76712	1.46474	2.31180e-05
1.85100e+03	3.17931e-02	1.32051e-02	5.72430	1.51248	2.31180e-05
1.85489e+03	3.17915e-02	1.48697e-02	0.49998	1.64356	2.31180e-05
1.85877e+03	3.17741e-02	1.29048e-02	2.14339	2.12780	2.31180e-05
1.86265e+03	3.17680e-02	1.40235e-02	3.76146	2.77208	2.31180e-05
1.86653e+03	3.17546e-02	1.62411e-02	0.87035	2.99437	2.31180e-05
1.87041e+03	3.17600e-02	1.38994e-02	4.15945	3.18991	2.31180e-05
1.87430e+03	3.17281e-02	1.76249e-02	2.79742	3.34984	2.31180e-05
1.87818e+03	3.17337e-02	1.32830e-02	1.30410	3.41714	2.31180e-05
1.88206e+03	3.17305e-02	1.19047e-02	0.60545	3.44507	2.31180e-05
1.88594e+03	3.17166e-02	1.04929e-02	0.29199	3.88705	2.31180e-05
1.88983e+03	3.17042e-02	7.51909e-03	0.11371	4.02508	2.31180e-05
1.89371e+03	3.17027e-02	8.50196e-03	1.17564	4.45572	2.31180e-05
1.89759e+03	3.16789e-02	6.40205e-03	2.39623	4.87187	2.31180e-05
1.90147e+03	3.16529e-02	1.12047e-02	5.10014	5.04303	2.31180e-05
1.90535e+03	3.16592e-02	1.40030e-02	1.76377	5.06526	2.31180e-05
1.90924e+03	3.16575e-02	1.28769e-02	5.45598	4.93831	2.31180e-05
1.91312e+03	3.16283e-02	1.38009e-02	2.94713	4.98026	2.31180e-05
1.91700e+03	3.16478e-02	8.72791e-03	0.98482	5.12553	2.31180e-05
1.92088e+03	3.16388e-02	6.71343e-03	5.33145	5.18639	2.31180e-05
1.92476e+03	3.16507e-02	5.35821e-03	3.85925	5.51634	2.31180e-05
1.92865e+03	3.16242e-02	6.74603e-03	2.34477	5.92866	2.31180e-05
1.93253e+03	3.16275e-02	8.09267e-03	0.87950	6.26366	2.31180e-05
1.93641e+03	3.16124e-02	1.24079e-02	5.81743	0.31765	2.31180e-05
1.94029e+03	3.16299e-02	1.27696e-02	4.87475	0.66753	2.31180e-05
1.94418e+03	3.16221e-02	9.75028e-03	4.07273	0.94181	2.31180e-05
1.94806e+03	3.16244e-02	1.17946e-02	3.53412	0.72496	2.31180e-05
1.95194e+03	3.15880e-02	1.69116e-02	3.45237	1.07469	2.31180e-05
1.95582e+03	3.15922e-02	1.65447e-02	4.15917	1.31988	2.31180e-05
1.95970e+03	3.15940e-02	1.54212e-02	5.59726	1.27328	2.31180e-05
1.96359e+03	3.15808e-02	1.82089e-02	1.37904	1.27003	2.31180e-05
1.96747e+03	3.15688e-02	1.86252e-02	3.53715	1.50932	2.31180e-05
1.97135e+03	3.15723e-02	1.50370e-02	5.91552	1.75902	2.31180e-05
1.97523e+03	3.15563e-02	1.32890e-02	2.86078	1.57935	2.31180e-05
1.97911e+03	3.15454e-02	1.54843e-02	6.05822	1.78311	2.31180e-05
1.98300e+03	3.15562e-02	1.07778e-02	3.59717	1.96855	2.31180e-05
1.98688e+03	3.15375e-02	1.00220e-02	2.13550	1.62125	2.31180e-05
1.99076e+03	3.15238e-02	1.13598e-02	0.72424	1.79129	2.31180e-05
1.99464e+03	3.15148e-02	6.42055e-03	6.04536	1.95437	2.31180e-05
1.99853e+03	3.15153e-02	6.39685e-03	0.29633	1.12782	2.31180e-05
2.00241e+03	3.15004e-02	8.98413e-03	0.42473	1.25620	2.31180e-05
2.00629e+03	3.14873e-02	4.57381e-03	1.06030	1.23505	2.31180e-05
2.01017e+03	3.14902e-02	7.12927e-03	3.04293	0.51354	2.31180e-05
2.01405e+03	3.14647e-02	9.74774e-03	4.46197	0.73318	2.31180e-05
2.01794e+03	3.14827e-02	7.46945e-03	0.52532	0.62323	2.31180e-05
2.02182e+03	3.14624e-02	1.03180e-02	3.74760	0.10103	2.31180e-05
2.02570e+03	3.14494e-02	1.54062e-02	0.67594	0.23298	2.31180e-05
2.02958e+03	3.14386e-02	1.59146e-02	4.45188	0.40637	2.31180e-05
2.03346e+03	3.14513e-02	1.57908e-02	2.57281	0.40554	2.31180e-05
2.03735e+03	3.14400e-02	1.99406e-02	1.18227	0.40658	2.31180e-05
2.04123e+03	3.14280e-02	2.45601e-02	6.12711	0.64487	2.31180e-05
2.04511e+03	3.14142e-02	2.49674e-02	5.16284	1.01260	2.31180e-05
2.04899e+03	3.14071e-02	2.19974e-02	4.72656	1.27650	2.31180e-05
2.05288e+03	3.14076e-02	2.03381e-02	4.87584	1.40276	2.31180e-05
2.05676e+03	3.13891e-02	2.25224e-02	5.44687	1.62098	2.31180e-05
2.06064e+03	3.13880e-02	2.18859e-02	6.14831	2.05368	2.31180e-05
2.06452e+03	3.13858e-02	1.70658e-02	1.13709	2.46353	2.31180e-05
2.06840e+03	3.13696e-02	1.37178e-02	3.03440	2.61310	2.31180e-05
2.07229e+03	3.13733e-02	1.50744e-02	5.28886	2.93245	2.31180e-05
2.07617e+03	3.13562e-02	1.52721e-02	1.33694	3.57100	2.31180e-05
2.08005e+03	3.13496e-02	1.27114e-02	4.07757	4.26234	2.31180e-05
2.08393e+03	3.13542e-02	1.04506e-02	1.25762	4.76875	2.31180e-05
2.08781e+03	3.13342e-02	1.36468e-02	5.12157	4.95533	2.31180e-05
2.09170e+03	3.13324e-02	1.67310e-02	2.51858	5.63171	2.31180e-05
2.09558e+03	3.13361e-02	1.54676e-02	0.86642	6.24675	2.31180e-05
2.09946e+03	3.13185e-02	1.77161e-02	6.18173	0.10951	2.31180e-05
2.10334e+03	3.13060e-02	2.23798e-02	5.49252	0.52235	2.31180e-05
2.10723e+03	3.13175e-02	2.15788e-02	4.48874	0.99910	2.31180e-05
2.11111e+03	3.13100e-02	2.66989e-02	4.45643	1.12705	2.31180e-05
2.11499e+03	3.13248e-02	2.43844e-02	3.50103	1.41522	2.31180e-05
2.11887e+03	3.13062e-02	3.19089e-02	3.38185	1.71444	2.31180e-05
2.12275e+03	3.13076e-02	3.50804e-02	2.54661	1.93511	2.31180e-05
2.12664e+03	3.12872e-02	3.12338e-02	3.10290	2.13566	2.31180e-05
2.13052e+03	3.13076e-02	3.16855e-02	3.59618	2.37048	2.31180e-05
2.13440e+03	3.12624e-02	3.45586e-02	4.72061	2.55779	2.31180e-05
2.13828e+03	3.12878e-02	3.33470e-02	0.48863	2.55643	2.31180e-05
2.14216e+03	3.12709e-02	3.11326e-02	2.24869	2.66195	2.31180e-05
2.14605e+03	3.12628e-02	2.81010e-02	4.95870	2.95078	2.31180e-05
2.14993e+03	3.12607e-02	2.62205e-02	1.21293	3.18197	2.31180e-05
2.15381e+03	3.12390e-02	2.54530e-02	4.58884	3.25506	2.31180e-05
2.15769e+03	3.12453e-02	1.87486e-02	2.49318	3.27901	2.31180e-05
2.16157e+03	3.12499e-02	1.59446e-02	0.06236	3.34037	2.31180e-05
2.16546e+03	3.12192e-02	9.01070e-03	4.41422	3.77316	2.31180e-05
2.16934e+03	3.12278e-02	7.16037e-03	2.74154	4.36502	2.31180e-05
2.17322e+03	3.12334e-02	4.84052e-03	0.34035	5.68841	2.31180e-05
2.17710e+03	3.12081e-02	6.13787e-03	5.12613	0.34887	2.31180e-05
2.18099e+03	3.11980e-02	7.42722e-03	5.78805	0.28467	2.31180e-05
2.18487e+03	3.11925e-02	1.18461e-02	5.72787	0.95753	2.31180e-05
2.18875e+03	3.11996e-02	2.03086e-02	0.53844	1.07146	2.31180e-05
2.19263e+03	3.11869e-02	2.30272e-02	1.05647	1.37152	2.31180e-05
2.19651e+03	3.11963e-02	2.65956e-02	2.42429	1.53823	2.31180e-05
2.20040e+03	3.11668e-02	3.19147e-02	4.50790	1.64360	2.31180e-05
2.20428e+03	3.11774e-02	3.57500e-02	0.35289	1.80589	2.31180e-05
2.20816e+03	3.11583e-02	3.59960e-02	2.67004	2.02378	2.31180e-05
2.21204e+03	3.11594e-02	3.93160e-02	6.16606	2.10048	2.31180e-05
2.21592e+03	3.11627e-02	3.89125e-02	2.75764	2.38376	2.31180e-05
2.21981e+03	3.11283e-02	4.09665e-02	0.53019	2.53478	2.31180e-05
2.22369e+03	3.11417e-02	4.13924e-02	4.71020	2.78266	2.31180e-05
2.22757e+03	3.11214e-02	3.90206e-02	3.11559	3.03071	2.31180e-05
2.23145e+03	3.11259e-02	4.18043e-02	2.64346	3.26372	2.31180e-05
2.23534e+03	3.11461e-02	3.44428e-02	1.19153	3.57436	2.31180e-05
2.23922e+03	3.11119e-02	3.55488e-02	0.21643	3.84343	2.31180e-05
2.24310e+03	3.11095e-02	3.00163e-02	0.39140	4.08798	2.31180e-05
2.24698e+03	3.11118e-02	2.65461e-02	0.67590	4.53990	2.31180e-05
2.25086e+03	3.10964e-02	2.76272e-02	0.41192	4.98204	2.31180e-05
2.25475e+03	3.11017e-02	2.00190e-02	0.72985	5.33064	2.31180e-05
2.25863e+03	3.10975e-02	1.66839e-02	2.11686	5.89980	2.31180e-05
2.26251e+03	3.10872e-02	1.97250e-02	4.07570	6.22393	2.31180e-05
2.26639e+03	3.10784e-02	2.44091e-02	5.46471	0.26386	2.31180e-05
2.27027e+03	3.10633e-02	2.12377e-02	0.92814	0.71865	2.31180e-05
2.27416e+03	3.10729e-02	2.00810e-02	4.00436	1.14504	2.31180e-05
2.27804e+03	3.10664e-02	2.35006e-02	1.28461	1.35250	2.31180e-05
2.28192e+03	3.10635e-02	3.02689e-02	4.06718	1.74420	2.31180e-05
2.28580e+03	3.10220e-02	2.80039e-02	1.50689	1.84449	2.31180e-05
2.28969e+03	3.10278e-02	2.99139e-02	0.04591	2.05977	2.31180e-05
2.29357e+03	3.10384e-02	3.06134e-02	4.89173	2.36431	2.31180e-05
2.29745e+03	3.10384e-02	2.96261e-02	3.24737	2.47049	2.31180e-05
2.30133e+03	3.10247e-02	2.53871e-02	1.96321	2.92166	2.31180e-05
2.30521e+03	3.10177e-02	2.14667e-02	2.12855	3.00907	2.31180e-05
2.30910e+03	3.10245e-02	2.61789e-02	2.14782	3.20719	2.31180e-05
2.31298e+03	3.10104e-02	2.27084e-02	2.08843	3.24690	2.31180e-05
2.31686e+03	3.09821e-02	1.81222e-02	2.50700	3.67583	2.31180e-05
2.32074e+03	3.09908e-02	1.57906e-02	4.38048	3.53208	2.31180e-05
2.32462e+03	3.09973e-02	1.60448e-02	5.35621	4.04098	2.31180e-05
2.32851e+03	3.09942e-02	1.67802e-02	0.43244	4.14486	2.31180e-05
2.33239e+03	3.09771e-02	1.50821e-02	3.26442	3.90979	2.31180e-05
2.33627e+03	3.09617e-02	1.74141e-02	5.90603	4.47828	2.31180e-05
2.34015e+03	3.09647e-02	1.81148e-02	2.25746	4.63703	2.31180e-05
2.34404e+03	3.09539e-02	1.42624e-02	4.73650	5.10013	2.31180e-05
2.34792e+03	3.09590e-02	1.11437e-02	1.73035	5.98213	2.31180e-05
2.35180e+03	3.09457e-02	1.21219e-02	0.19152	5.96143	2.31180e-05
2.35568e+03	3.09395e-02	1.18463e-02	3.92375	0.05030	2.31180e-05
2.35956e+03	3.09274e-02	1.41122e-02	1.27470	0.83930	2.31180e-05
2.36345e+03	3.09269e-02	1.72836e-02	6.23975	1.59793	2.31180e-05
2.36733e+03	3.09275e-02	1.89451e-02	6.02053	1.67436	2.31180e-05
2.37121e+03	3.09340e-02	2.48369e-02	4.85148	2.06710	2.31180e-05
2.37509e+03	3.08992e-02	2.41992e-02	4.03436	2.58265	2.31180e-05
2.37897e+03	3.08949e-02	1.84201e-02	4.77506	2.79765	2.31180e-05
2.38286e+03	3.09052e-02	2.36469e-02	5.39453	3.33637	2.31180e-05
2.38674e+03	3.09089e-02	1.95716e-02	5.84018	3.57806	2.31180e-05
2.39062e+03	3.08782e-02	2.15171e-02	0.51294	3.84359	2.31180e-05
2.39450e+03	3.09000e-02	1.70851e-02	2.16825	4.44444	2.31180e-05
2.39839e+03	3.08755e-02	1.97813e-02	4.58590	4.69715	2.31180e-05
2.40227e+03	3.08834e-02	1.10865e-02	0.18244	4.92785	2.31180e-05
2.40615e+03	3.08781e-02	1.48985e-02	2.43301	5.20098	2.31180e-05
2.41003e+03	3.08740e-02	1.00328e-02	5.95944	5.25028	2.31180e-05
2.41391e+03	3.08493e-02	7.65707e-03	3.09984	5.65925	2.31180e-05
2.41780e+03	3.08651e-02	9.80612e-03	0.06079	6.26629	2.31180e-05
2.42168e+03	3.08492e-02	7.47832e-03	2.59065	1.48861	2.31180e-05
2.42556e+03	3.08462e-02	2.56168e-03	0.67516	1.31195	2.31180e-05
2.42944e+03	3.08465e-02	1.80072e-03	0.32413	0.73783	2.31180e-05
2.43332e+03	3.08411e-02	8.63610e-03	3.06988	2.83612	2.31180e-05
2.43721e+03	3.08220e-02	1.10603e-02	2.09469	3.47660	2.31180e-05
2.44109e+03	3.08458e-02	3.75479e-03	1.78966	3.24495	2.31180e-05
2.44497e+03	3.07966e-02	9.67735e-03	1.36929	3.75722	2.31180e-05
2.44885e+03	3.08196e-02	5.24633e-03	5.99965	5.66190	2.31180e-05
2.45274e+03	3.07986e-02	2.22503e-03	2.28352	3.76902	2.31180e-05
2.45662e+03	3.08179e-02	8.71241e-03	0.42851	0.29431	2.31180e-05
2.46050e+03	3.07901e-02	3.95597e-03	5.91896	2.37081	2.31180e-05
2.46438e+03	3.08080e-02	1.13194e-02	1.99422	1.60285	2.31180e-05
2.46826e+03	3.07894e-02	4.86757e-03	2.88213	2.69488	2.31180e-05
2.47215e+03	3.07830e-02	1.60581e-02	4.88436	2.89753	2.31180e-05
2.47603e+03	3.07684e-02	1.11212e-02	1.47190	2.68806	2.31180e-05
2.47991e+03	3.07808e-02	1.30230e-02	3.25052	3.88755	2.31180e-05
2.48379e+03	3.07854e-02	1.37648e-02	5.80011	4.15162	2.31180e-05
2.48767e+03	3.07723e-02	1.52421e-02	3.80154	3.87811	2.31180e-05
2.49156e+03	3.07564e-02	1.20893e-02	0.74764	4.77651	2.31180e-05
2.49544e+03	3.07638e-02	1.62038e-02	4.21199	5.32571	2.31180e-05
2.49932e+03	3.07506e-02	1.63713e-02	1.77414	5.81880	2.31180e-05
2.50320e+03	3.07320e-02	1.71032e-02	6.16695	6.22242	2.31180e-05
2.50709e+03	3.07225e-02	1.61721e-02	5.29888	0.02266	2.31180e-05
2.51097e+03	3.07709e-02	1.35402e-02	4.27062	0.46577	2.31180e-05
2.51485e+03	3.07376e-02	2.30420e-02	2.86982	0.93840	2.31180e-05
2.51873e+03	3.07173e-02	1.91072e-02	2.47382	1.28661	2.31180e-05
2.52261e+03	3.07267e-02	1.55423e-02	2.48389	2.01802	2.31180e-05
2.52650e+03	3.07209e-02	2.10460e-02	1.91975	2.44339	2.31180e-05
2.53038e+03	3.06970e-02	1.69956e-02	1.47171	3.33126	2.31180e-05
2.53426e+03	3.07131e-02	1.37998e-02	3.50837	3.35835	2.31180e-05
2.53814e+03	3.07051e-02	1.63755e-02	2.84781	4.70252	2.31180e-05
2.54202e+03	3.07016e-02	1.15451e-02	3.67044	5.01046	2.31180e-05
2.54591e+03	3.07067e-02	8.12492e-03	3.40282	6.27809	2.31180e-05
2.54979e+03	3.06747e-02	6.88963e-03	6.02849	0.34848	2.31180e-05
2.55367e+03	3.06612e-02	1.44669e-02	2.23712	1.39348	2.31180e-05
2.55755e+03	3.06551e-02	9.07334e-03	6.18779	1.78593	2.31180e-05
2.56144e+03	3.06654e-02	1.46385e-02	4.83789	1.45551	2.31180e-05
2.56532e+03	3.06576e-02	1.47464e-02	2.44213	2.21098	2.31180e-05
2.56920e+03	3.06420e-02	1.42764e-02	1.36875	2.20574	2.31180e-05
2.57308e+03	3.06324e-02	1.92192e-02	0.04477	2.79403	2.31180e-05
2.57696e+03	3.06471e-02	1.55441e-02	5.15485	3.20192	2.31180e-05
2.58085e+03	3.06666e-02	4.51946e-03	4.17874	1.59716	2.31180e-05
2.58473e+03	3.06600e-02	8.42456e-03	2.09447	1.65678	2.31180e-05
2.58861e+03	3.06321e-02	1.49347e-02	2.36309	1.83935	2.31180e-05
2.59249e+03	3.06226e-02	1.49794e-02	3.15136	2.03898	2.31180e-05
2.59637e+03	3.06287e-02	1.54628e-02	4.03983	2.49413	2.31180e-05
2.60026e+03	3.06206e-02	1.57229e-02	5.20528	2.87393	2.31180e-05
2.60414e+03	3.06066e-02	1.97806e-02	5.95866	3.44014	2.31180e-05
2.60802e+03	3.06073e-02	8.85716e-03	1.30822	3.44918	2.31180e-05
2.61190e+03	3.05863e-02	5.67488e-03	3.81854	3.25348	2.31180e-05
2.61579e+03	3.06474e-02	1.49864e-02	0.15245	1.78131	2.31180e-05
2.61967e+03	3.05886e-02	1.10076e-02	2.71992	1.19731	2.31180e-05
2.62355e+03	3.06334e-02	4.69664e-03	4.16773	2.32345	2.31180e-05
2.62743e+03	3.05793e-02	1.63337e-02	5.50350	2.83923	2.31180e-05
2.63131e+03	3.05650e-02	1.85290e-02	2.58164	3.39994	2.31180e-05
2.63520e+03	3.05713e-02	1.23931e-02	5.18534	4.06358	2.31180e-05
2.63908e+03	3.05875e-02	6.40475e-03	1.69199	4.62120	2.31180e-05
2.64296e+03	3.05600e-02	9.04568e-03	6.17139	4.43038	2.31180e-05
2.64684e+03	3.05651e-02	9.56684e-03	4.87640	4.07375	2.31180e-05
2.65072e+03	3.05621e-02	1.67625e-02	2.79922	3.56568	2.31180e-05
2.65461e+03	3.05220e-02	1.22677e-02	2.33528	3.54410	2.31180e-05
2.65849e+03	3.05214e-02	1.86893e-02	1.21277	3.49683	2.31180e-05
2.66237e+03	3.05413e-02	1.12272e-02	5.07614	5.02288	2.31180e-05
2.66625e+03	3.05629e-02	1.89860e-03	4.23044	5.70469	2.31180e-05
2.67014e+03	3.05279e-02	1.68824e-02	5.88002	3.48536	2.31180e-05
2.67402e+03	3.05727e-02	2.39125e-02	5.40135	4.29656	2.31180e-05
2.67790e+03	3.05366e-02	1.71883e-03	0.15206	3.06641	2.31180e-05
2.68178e+03	3.05381e-02	8.32388e-03	1.46642	2.38208	2.31180e-05
2.68566e+03	3.04982e-02	2.99613e-02	1.07650	3.28713	2.31180e-05
2.68955e+03	3.05541e-02	5.54533e-03	0.62883	4.67082	2.31180e-05
2.69343e+03	3.05062e-02	2.60125e-02	4.47482	2.81717	2.31180e-05
2.69731e+03	3.05549e-02	5.82378e-03	6.06003	3.07634	2.31180e-05
2.70119e+03	3.05054e-02	2.74361e-02	1.57192	3.53535	2.31180e-05
2.70507e+03	3.05157e-02	1.62391e-02	5.54792	1.95968	2.31180e-05
2.70896e+03	3.04766e-02	2.90414e-02	6.17734	3.98069	2.31180e-05
2.71284e+03	3.04880e-02	1.87460e-02	4.54749	2.97749	2.31180e-05
2.71672e+03	3.04564e-02	1.27735e-02	1.50576	3.56027	2.31180e-05
2.72060e+03	3.04369e-02	2.87762e-03	2.31981	3.84951	2.31180e-05
2.72449e+03	3.04168e-02	1.53821e-02	3.89278	2.26417	2.31180e-05
2.72837e+03	3.04942e-02	1.27550e-02	0.12663	5.23641	2.31180e-05
2.73225e+03	3.04874e-02	1.21325e-02	5.36211	4.27311	2.31180e-05
2.73613e+03	3.04604e-02	2.17658e-02	3.30991	4.80648	2.31180e-05
2.74001e+03	3.04644e-02	3.75364e-02	3.43096	4.53189	2.31180e-05
2.74390e+03	3.04651e-02	1.49315e-02	3.65296	3.07201	2.31180e-05
2.74778e+03	3.04516e-02	1.01759e-02	4.64563	2.65861	2.31180e-05
2.75166e+03	3.04397e-02	1.51384e-02	2.65170	5.27436	2.31180e-05
2.75554e+03	3.04622e-02	6.41384e-03	3.48748	4.61846	2.31180e-05
2.75942e+03	3.04770e-02	1.23564e-02	5.22431	3.59986	2.31180e-05
2.76331e+03	3.04302e-02	1.70754e-02	5.70631	4.16520	2.31180e-05
2.76719e+03	3.04290e-02	7.48214e-03	5.84849	4.90607	2.31180e-05
2.77107e+03	3.04108e-02	1.86981e-02	5.27802	0.15445	2.31180e-05
2.77495e+03	3.04667e-02	2.82921e-02	1.01602	6.00995	2.31180e-05
2.77884e+03	3.03846e-02	1.52530e-02	0.27123	2.04015	2.31180e-05
2.78272e+03	3.03652e-02	4.00635e-02	2.01398	3.18412	2.31180e-05
2.78660e+03	3.03822e-02	2.43560e-02	1.37046	2.46606	2.31180e-05
2.79048e+03	3.03195e-02	1.88070e-02	1.47045	2.69906	2.31180e-05
2.79436e+03	3.03459e-02	1.71440e-02	2.56879	0.30453	2.31180e-05
2.79825e+03	3.03795e-02	5.29270e-03	2.39820	5.91211	2.31180e-05
2.80213e+03	3.03308e-02	1.99331e-02	3.53748	3.89908	2.31180e-05
2.80601e+03	3.03686e-02	2.16578e-02	3.92803	3.68624	2.31180e-05
2.80989e+03	3.03344e-02	1.84097e-02	2.93313	3.48568	2.31180e-05
2.81377e+03	3.03695e-02	1.94953e-02	5.72000	0.35800	2.31180e-05
2.81766e+03	3.03178e-02	3.14687e-02	1.38956	5.10165	2.31180e-05
2.82154e+03	3.03528e-02	4.57860e-02	3.18661	2.88225	2.31180e-05
2.82542e+03	3.03515e-02	1.51815e-02	3.69547	1.39997	2.31180e-05
2.82930e+03	3.03625e-02	1.72965e-02	5.35749	0.64267	2.31180e-05
2.83319e+03	3.03557e-02	2.02770e-02	3.32974	4.06962	2.31180e-05
2.83707e+03	3.03365e-02	1.70330e-02	4.06035	4.55723	2.31180e-05
2.84095e+03	3.03016e-02	1.79529e-02	2.67943	0.94191	2.31180e-05
2.84483e+03	3.03368e-02	3.32935e-02	3.53389	3.06999	2.31180e-05
2.84871e+03	3.02604e-02	1.73639e-02	4.81744	4.50724	2.31180e-05
2.85260e+03	3.03075e-02	3.05095e-02	6.14925	0.02158	2.31180e-05
2.85648e+03	3.02768e-02	2.31441e-02	1.96240	1.91985	2.31180e-05
2.86036e+03	3.02644e-02	2.20983e-02	3.65297	3.60309	2.31180e-05
2.86424e+03	3.02949e-02	2.76965e-02	5.67370	6.07007	2.31180e-05
2.86812e+03	3.02810e-02	4.86735e-03	3.77292	5.09126	2.31180e-05
2.87201e+03	3.03365e-02	2.73790e-02	1.05199	4.29250	2.31180e-05
2.87589e+03	3.03293e-02	1.69957e-02	5.28504	3.54832	2.31180e-05
2.87977e+03	3.02936e-02	6.40774e-02	1.81378	3.31528	2.31180e-05
2.88365e+03	3.02752e-02	5.60389e-02	0.98521	1.71086	2.31180e-05
2.88753e+03	3.03605e-02	5.42601e-02	5.35425	0.53068	2.31180e-05
2.89142e+03	3.03233e-02	1.43327e-02	2.84717	5.70633	2.31180e-05
2.89530e+03	3.02922e-02	4.78535e-02	4.49692	0.67695	2.31180e-05
2.89918e+03	3.02827e-02	4.00357e-02	5.54504	4.11935	2.31180e-05
2.90306e+03	3.02723e-02	1.53930e-02	2.02970	6.22752	2.31180e-05
2.90695e+03	3.02680e-02	3.75537e-02	2.88903	3.95554	2.31180e-05
2.91083e+03	3.02569e-02	2.14438e-02	3.45879	1.96618	2.31180e-05
2.91471e+03	3.02940e-02	3.43199e-02	4.73986	5.59073	2.31180e-05
2.91859e+03	3.03034e-02	2.37152e-02	5.88299	3.31683	2.31180e-05
2.92247e+03	3.02846e-02	2.00681e-02	3.87088	4.66325	2.31180e-05
2.92636e+03	3.02522e-02	7.01389e-02	3.25050	4.00701	2.31180e-05
2.93024e+03	3.03117e-02	7.86039e-02	4.15585	2.61144	2.31180e-05
2.93412e+03	3.02296e-02	4.30607e-02	4.74852	1.75798	2.31180e-05
2.93800e+03	3.02596e-02	3.29258e-02	3.96784	2.43691	2.31180e-05
2.94188e+03	3.02692e-02	4.39113e-02	6.19346	1.05266	2.31180e-05
2.94577e+03	3.02269e-02	2.70595e-02	5.20360	2.09148	2.31180e-05
2.94965e+03	3.03088e-02	5.19849e-02	0.49541	1.03026	2.31180e-05
2.95353e+03	3.02547e-02	3.92077e-02	2.94771	5.58292	2.31180e-05
2.95741e+03	3.02425e-02	1.75802e-02	6.20127	2.94985	2.31180e-05
2.96130e+03	3.02735e-02	1.86221e-02	3.42210	0.61021	2.31180e-05
2.96518e+03	3.02156e-02	3.02984e-02	2.00790	3.42050	2.31180e-05
2.96906e+03	3.02197e-02	5.16054e-02	4.93580	1.73826	2.31180e-05
2.97294e+03	3.02638e-02	4.71328e-02	1.72033	0.28430	2.31180e-05
2.97682e+03	3.02248e-02	2.30010e-02	5.27343	4.88668	2.31180e-05
2.98071e+03	3.02555e-02	2.83909e-02	5.38054	0.22888	2.31180e-05
2.98459e+03	3.02581e-02	7.38520e-02	2.00759	5.81610	2.31180e-05
2.98847e+03	3.02160e-02	8.89176e-02	5.21642	4.75690	2.31180e-05
2.99235e+03	3.01892e-02	8.74250e-02	2.80760	3.59978	2.31180e-05
2.99623e+03	3.02393e-02	1.00864e-01	5.67315	2.73695	2.31180e-05
3.00012e+03	3.02462e-02	8.53151e-02	2.22344	2.10494	2.31180e-05
3.00400e+03	3.02049e-02	3.55957e-02	5.49543	1.46070	2.31180e-05
3.00788e+03	3.02352e-02	5.81013e-02	6.26923	3.35956	2.31180e-05
3.01176e+03	3.02089e-02	5.53654e-02	5.33625	1.88099	2.31180e-05
3.01565e+03	3.01920e-02	1.40782e-02	2.96619	1.95228	2.31180e-05
3.01953e+03	3.02412e-02	3.53469e-02	5.32323	3.12033	2.31180e-05
3.02341e+03	3.01977e-02	7.60091e-02	3.18075	2.50721	2.31180e-05
3.02729e+03	3.01840e-02	8.02647e-02	1.24936	1.70348	2.31180e-05
3.03117e+03	3.02227e-02	6.84706e-02	0.80144	0.54873	2.31180e-05
3.03506e+03	3.01915e-02	1.96021e-02	2.27924	4.02944	2.31180e-05
3.03894e+03	3.01649e-02	5.83653e-02	2.50982	2.15645	2.31180e-05
3.04282e+03	3.01781e-02	9.03529e-02	1.93657	1.32307	2.31180e-05
3.04670e+03	3.02059e-02	9.64784e-02	2.14295	0.39387	2.31180e-05
3.05058e+03	3.01914e-02	7.57613e-02	1.45940	5.72535	2.31180e-05
3.05447e+03	3.01522e-02	2.35907e-02	1.81226	4.13755	2.31180e-05
3.05835e+03	3.02057e-02	5.37711e-02	4.06936	1.25007	2.31180e-05
3.06223e+03	3.01881e-02	8.96611e-02	4.86030	0.44613	2.31180e-05
3.06611e+03	3.01446e-02	1.00594e-01	5.61785	5.96574	2.31180e-05
3.07000e+03	3.01646e-02	8.81323e-02	0.24621	5.02642	2.31180e-05
3.07388e+03	3.01960e-02	4.13205e-02	2.00286	3.77655	2.31180e-05
3.07776e+03	3.01581e-02	3.16099e-02	5.65592	0.85945	2.31180e-05
3.08164e+03	3.01804e-02	8.19240e-02	0.72642	6.16891	2.31180e-05
3.08552e+03	3.01631e-02	1.02070e-01	2.50015	5.37321	2.31180e-05
3.08941e+03	3.01524e-02	8.04096e-02	4.56104	4.54648	2.31180e-05
3.09329e+03	3.01724e-02	4.40721e-02	0.65530	3.45077	2.31180e-05
3.09717e+03	3.01408e-02	3.43877e-02	5.11154	0.64764	2.31180e-05
3.10105e+03	3.01179e-02	7.69338e-02	2.20746	5.59153	2.31180e-05
3.10493e+03	3.01567e-02	8.79779e-02	5.32997	4.70667	2.31180e-05
3.10882e+03	3.01655e-02	7.83428e-02	2.06253	3.81887	2.31180e-05
3.11270e+03	3.01303e-02	6.22489e-02	5.61480	2.59913	2.31180e-05
3.11658e+03	3.01044e-02	4.40868e-02	3.77807	0.92375	2.31180e-05
3.12046e+03	3.01402e-02	6.80900e-02	1.49938	5.88045	2.31180e-05
3.12435e+03	3.01430e-02	7.95277e-02	5.60140	4.77654	2.31180e-05
3.12823e+03	3.00986e-02	8.03998e-02	3.50405	3.84394	2.31180e-05
3.13211e+03	3.01258e-02	7.13929e-02	1.99121	2.79076	2.31180e-05
3.13599e+03	3.01389e-02	4.95549e-02	0.74278	1.47351	2.31180e-05
3.13987e+03	3.01050e-02	4.33452e-02	0.27913	5.95254	2.31180e-05
3.14376e+03	3.00960e-02	6.20006e-02	6.05266	4.52239	2.31180e-05
3.14764e+03	3.01178e-02	7.55227e-02	5.39767	3.41438	2.31180e-05
3.15152e+03	3.01261e-02	7.51651e-02	4.64093	2.33566	2.31180e-05
3.15540e+03	3.00725e-02	7.09468e-02	4.31435	1.26286	2.31180e-05
3.15928e+03	3.01065e-02	7.14730e-02	3.95537	0.27130	2.31180e-05
3.16317e+03	3.01065e-02	7.37247e-02	3.80375	5.50335	2.31180e-05
3.16705e+03	3.00869e-02	6.65813e-02	3.63834	4.41660	2.31180e-05
3.17093e+03	3.00996e-02	6.30075e-02	4.25272	3.24494	2.31180e-05
3.17481e+03	3.00650e-02	8.09787e-02	4.78144	2.25020	2.31180e-05
3.17870e+03	3.00824e-02	9.23863e-02	5.52904	1.36738	2.31180e-05
3.18258e+03	3.00919e-02	8.41751e-02	0.29149	0.45800	2.31180e-05
3.18646e+03	3.00896e-02	6.55170e-02	1.56831	5.75714	2.31180e-05
3.19034e+03	3.00653e-02	5.48415e-02	3.35917	4.53002	2.31180e-05
3.19422e+03	3.00744e-02	6.10691e-02	5.57232	3.12531	2.31180e-05
3.19811e+03	3.00693e-02	7.19554e-02	1.27689	2.07959	2.31180e-05
3.20199e+03	3.00494e-02	8.54947e-02	3.11907	1.26895	2.31180e-05
3.20587e+03	3.00655e-02	9.73653e-02	5.38150	0.50323	2.31180e-05
3.20975e+03	3.00773e-02	8.30058e-02	1.53720	5.94460	2.31180e-05
3.21363e+03	3.00315e-02	7.50794e-02	3.85491	5.02156	2.31180e-05
3.21752e+03	3.00712e-02	6.82945e-02	0.15278	3.98780	2.31180e-05
3.22140e+03	3.00429e-02	6.76993e-02	3.67231	2.87542	2.31180e-05
3.22528e+03	3.00260e-02	7.08443e-02	0.59588	1.85370	2.31180e-05
3.22916e+03	3.00531e-02	7.96233e-02	4.21717	0.91966	2.31180e-05
3.23305e+03	3.00481e-02	7.73913e-02	2.01471	6.25047	2.31180e-05
3.23693e+03	3.00417e-02	5.98043e-02	0.29574	5.19982	2.31180e-05
3.24081e+03	2.99991e-02	4.60355e-02	5.09794	3.82977	2.31180e-05
3.24469e+03	3.00338e-02	6.00593e-02	3.87630	2.42101	2.31180e-05
3.24857e+03	3.00536e-02	8.32983e-02	2.72915	1.41297	2.31180e-05
3.25246e+03	3.00107e-02	9.26450e-02	1.98924	0.50719	2.31180e-05
3.25634e+03	3.00323e-02	8.73553e-02	0.90148	5.98675	2.31180e-05
3.26022e+03	3.00134e-02	8.72475e-02	5.85480	5.13123	2.31180e-05
3.26410e+03	3.00093e-02	7.22899e-02	4.69266	4.23133	2.31180e-05
3.26798e+03	3.00061e-02	4.96649e-02	4.34488	3.04880	2.31180e-05
3.27187e+03	3.00264e-02	6.13369e-02	5.03094	1.57044	2.31180e-05
3.27575e+03	2.99999e-02	6.78409e-02	5.76858	0.53140	2.31180e-05
3.27963e+03	3.00009e-02	7.54866e-02	5.93820	5.92682	2.31180e-05
3.28351e+03	2.99941e-02	7.32151e-02	0.44935	4.88952	2.31180e-05
3.28740e+03	2.99873e-02	5.50092e-02	1.84157	3.57849	2.31180e-05
3.29128e+03	2.99928e-02	4.68586e-02	3.31050	2.13130	2.31180e-05
3.29516e+03	3.00074e-02	7.32696e-02	4.37756	0.91527	2.31180e-05
3.29904e+03	2.99734e-02	8.56837e-02	5.69000	6.10193	2.31180e-05
3.30292e+03	2.99684e-02	8.68173e-02	0.68644	5.22284	2.31180e-05
3.30681e+03	2.99828e-02	9.75472e-02	1.61764	4.46108	2.31180e-05
3.31069e+03	2.99873e-02	9.67743e-02	3.25540	3.72687	2.31180e-05
3.31457e+03	2.99742e-02	8.46613e-02	4.78350	2.96923	2.31180e-05
3.31845e+03	2.99895e-02	7.98477e-02	0.54425	2.01705	2.31180e-05
3.32233e+03	2.99786e-02	7.98212e-02	1.81483	1.06176	2.31180e-05
3.32622e+03	2.99911e-02	8.34387e-02	3.28802	0.15407	2.31180e-05
3.33010e+03	2.99627e-02	8.20864e-02	5.48762	5.57788	2.31180e-05
3.33398e+03	2.99611e-02	8.46969e-02	1.22526	4.76807	2.31180e-05
3.33786e+03	2.99723e-02	9.09168e-02	3.79068	3.89680	2.31180e-05
3.34175e+03	2.99601e-02	7.80275e-02	0.28296	2.96180	2.31180e-05
3.34563e+03	2.99679e-02	6.01382e-02	3.04691	1.97771	2.31180e-05
3.34951e+03	2.99729e-02	5.25871e-02	0.26744	0.55926	2.31180e-05
3.35339e+03	2.99451e-02	6.19989e-02	4.04046	5.39239	2.31180e-05
3.35727e+03	2.99551e-02	8.02208e-02	0.98109	4.43409	2.31180e-05
3.36116e+03	2.99760e-02	9.93301e-02	4.14932	3.70387	2.31180e-05
3.36504e+03	2.99584e-02	1.02748e-01	1.24831	2.98601	2.31180e-05
3.36892e+03	2.99484e-02	9.11784e-02	4.46090	2.23346	2.31180e-05
3.37280e+03	2.99531e-02	8.52221e-02	1.72921	1.36249	2.31180e-05
3.37668e+03	2.99506e-02	7.64078e-02	5.80046	0.35761	2.31180e-05
3.38057e+03	2.99399e-02	7.74574e-02	2.98859	5.76303	2.31180e-05
3.38445e+03	2.99712e-02	8.70895e-02	0.71076	4.92009	2.31180e-05
3.38833e+03	2.99493e-02	9.01922e-02	4.92507	4.20758	2.31180e-05
3.39221e+03	2.99351e-02	9.63974e-02	2.62599	3.52991	2.31180e-05
3.39610e+03	2.99310e-02	9.79146e-02	0.79860	2.78144	2.31180e-05
3.39998e+03	2.99434e-02	7.84877e-02	5.48179	1.96102	2.31180e-05
3.40386e+03	2.99537e-02	5.78202e-02	3.99908	0.99292	2.31180e-05
3.40774e+03	2.99409e-02	5.26832e-02	3.48834	5.89968	2.31180e-05
3.41162e+03	2.99169e-02	6.55138e-02	2.97341	4.63919	2.31180e-05
3.41551e+03	2.99188e-02	8.55628e-02	1.74335	3.76598	2.31180e-05
3.41939e+03	2.99362e-02	1.03913e-01	0.71714	3.04518	2.31180e-05
3.42327e+03	2.99323e-02	1.03281e-01	6.21631	2.32006	2.31180e-05
3.42715e+03	2.99363e-02	9.40804e-02	5.28140	1.56918	2.31180e-05
3.43103e+03	2.99161e-02	8.94133e-02	4.79590	0.73840	2.31180e-05
3.43492e+03	2.99372e-02	8.86774e-02	4.51424	6.15187	2.31180e-05
3.43880e+03	2.99174e-02	8.65867e-02	4.07658	5.35310	2.31180e-05
3.44268e+03	2.99059e-02	9.27704e-02	3.53844	4.62086	2.31180e-05
3.44656e+03	2.99193e-02	9.10388e-02	3.50526	3.89785	2.31180e-05
3.45045e+03	2.99064e-02	8.70316e-02	3.39389	3.22107	2.31180e-05
3.45433e+03	2.98938e-02	8.85983e-02	3.65457	2.49765	2.31180e-05
3.45821e+03	2.99057e-02	8.86218e-02	4.24005	1.69266	2.31180e-05
3.46209e+03	2.98901e-02	8.16681e-02	4.89186	0.83437	2.31180e-05
3.46597e+03	2.98998e-02	7.44316e-02	5.69390	6.24050	2.31180e-05
3.46986e+03	2.99133e-02	6.92258e-02	0.52057	5.24748	2.31180e-05
3.47374e+03	2.99064e-02	6.62174e-02	2.09434	4.13851	2.31180e-05
3.47762e+03	2.98974e-02	7.37024e-02	3.62396	3.11429	2.31180e-05
3.48150e+03	2.98995e-02	8.84428e-02	5.20795	2.26033	2.31180e-05
3.48538e+03	2.98826e-02	1.01289e-01	0.25380	1.52761	2.31180e-05
3.48927e+03	2.98683e-02	1.04866e-01	1.79264	0.81826	2.31180e-05
3.49315e+03	2.98707e-02	1.03302e-01	3.33706	0.13249	2.31180e-05
3.49703e+03	2.98654e-02	1.03652e-01	5.05463	5.71555	2.31180e-05
3.50091e+03	2.98911e-02	1.01812e-01	0.69346	5.01619	2.31180e-05
3.50480e+03	2.98976e-02	9.17659e-02	2.66858	4.33298	2.31180e-05
3.50868e+03	2.98845e-02	8.64077e-02	4.73482	3.60605	2.31180e-05
3.51256e+03	2.98672e-02	8.08099e-02	0.89005	2.84712	2.31180e-05
3.51644e+03	2.98880e-02	7.95071e-02	3.22139	2.09626	2.31180e-05
3.52032e+03	2.98781e-02	8.98178e-02	5.98848	1.35862	2.31180e-05
3.52421e+03	2.98777e-02	9.99076e-02	2.72720	0.63945	2.31180e-05
3.52809e+03	2.98880e-02	1.02658e-01	5.61346	6.23339	2.31180e-05
3.53197e+03	2.98713e-02	9.59964e-02	2.56217	5.52256	2.31180e-05
3.53585e+03	2.98849e-02	8.03761e-02	5.93848	4.73350	2.31180e-05
3.53973e+03	2.98554e-02	5.93960e-02	3.39361	3.70399	2.31180e-05
3.54362e+03	2.98316e-02	5.65899e-02	1.34567	2.39835	2.31180e-05
3.54750e+03	2.98824e-02	7.95005e-02	5.40727	1.33578	2.31180e-05
3.55138e+03	2.98274e-02	1.03394e-01	3.19256	0.57146	2.31180e-05
3.55526e+03	2.98711e-02	1.15288e-01	0.91608	6.23199	2.31180e-05
3.55915e+03	2.98471e-02	1.18622e-01	4.87440	5.64664	2.31180e-05
3.56303e+03	2.98627e-02	1.15509e-01	2.84939	5.04990	2.31180e-05
3.56691e+03	2.98709e-02	1.06069e-01	0.84592	4.39715	2.31180e-05
3.57079e+03	2.98470e-02	9.26108e-02	5.49704	3.65519	2.31180e-05
3.57467e+03	2.98511e-02	8.54994e-02	4.00077	2.87850	2.31180e-05
3.57856e+03	2.98414e-02	8.79497e-02	2.41465	2.11797	2.31180e-05
3.58244e+03	2.98287e-02	9.14710e-02	1.04857	1.41513	2.31180e-05
3.58632e+03	2.98629e-02	9.60934e-02	6.07437	0.80060	2.31180e-05
3.59020e+03	2.98452e-02	1.04348e-01	5.00486	0.21802	2.31180e-05
3.59408e+03	2.98298e-02	1.06863e-01	4.35275	5.85920	2.31180e-05
3.59797e+03	2.98420e-02	1.02909e-01	3.67190	5.19098	2.31180e-05
3.60185e+03	2.98271e-02	9.58694e-02	3.25405	4.49419	2.31180e-05
3.60573e+03	2.98319e-02	8.30839e-02	3.02363	3.71350	2.31180e-05
3.60961e+03	2.98090e-02	6.62643e-02	3.12620	2.75420	2.31180e-05
3.61349e+03	2.98092e-02	6.11115e-02	3.44860	1.62884	2.31180e-05
3.61738e+03	2.98293e-02	7.67157e-02	3.88242	0.59924	2.31180e-05
3.62126e+03	2.98288e-02	9.81918e-02	4.39667	6.06580	2.31180e-05
3.62514e+03	2.98235e-02	1.13031e-01	4.86531	5.37290	2.31180e-05
3.62902e+03	2.98111e-02	1.17503e-01	5.30589	4.76136	2.31180e-05
3.63291e+03	2.98274e-02	1.16989e-01	5.97007	4.18232	2.31180e-05
3.63679e+03	2.98087e-02	1.13192e-01	0.33203	3.56874	2.31180e-05
3.64067e+03	2.98145e-02	1.03856e-01	1.40691	2.90276	2.31180e-05
3.64455e+03	2.98110e-02	9.31007e-02	2.42040	2.18248	2.31180e-05
3.64843e+03	2.97821e-02	9.06332e-02	3.56721	1.46302	2.31180e-05
3.65232e+03	2.98147e-02	9.27330e-02	4.87594	0.76783	2.31180e-05
3.65620e+03	2.98032e-02	9.44331e-02	0.05885	0.11592	2.31180e-05
3.66008e+03	2.98031e-02	9.79590e-02	1.70076	5.79649	2.31180e-05
3.66396e+03	2.97997e-02	1.00572e-01	3.54411	5.23309	2.31180e-05
3.66784e+03	2.97822e-02	9.90505e-02	5.49594	4.60238	2.31180e-05
3.67173e+03	2.97732e-02	9.71859e-02	1.53560	3.92791	2.31180e-05
3.67561e+03	2.97721e-02	9.60881e-02	3.88580	3.21985	2.31180e-05
3.67949e+03	2.97713e-02	9.05249e-02	0.29785	2.45595	2.31180e-05
3.68337e+03	2.97794e-02	7.94465e-02	3.03180	1.61737	2.31180e-05
3.68726e+03	2.97894e-02	7.16920e-02	6.02170	0.69137	2.31180e-05
3.69114e+03	2.97917e-02	7.27475e-02	3.17849	5.98826	2.31180e-05
3.69502e+03	2.97904e-02	8.05564e-02	0.34872	5.05213	2.31180e-05
3.69890e+03	2.97562e-02	9.13349e-02	3.70409	4.22770	2.31180e-05
3.70278e+03	2.97801e-02	1.04100e-01	0.91998	3.48600	2.31180e-05
3.70667e+03	2.97578e-02	1.13293e-01	4.49569	2.77668	2.31180e-05
3.71055e+03	2.97768e-02	1.19149e-01	1.92443	2.15123	2.31180e-05
3.71443e+03	2.97728e-02	1.18170e-01	5.70569	1.57278	2.31180e-05
3.71831e+03	2.97813e-02	1.14458e-01	3.17927	1.01304	2.31180e-05
3.72219e+03	2.97639e-02	1.08800e-01	0.87909	0.40011	2.31180e-05
3.72608e+03	2.97688e-02	9.78106e-02	5.28239	6.00125	2.31180e-05
3.72996e+03	2.97577e-02	8.70910e-02	3.28599	5.30532	2.31180e-05
3.73384e+03	2.97525e-02	8.85360e-02	1.32961	4.61520	2.31180e-05
3.73772e+03	2.97808e-02	9.27484e-02	6.10018	3.95037	2.31180e-05
3.74161e+03	2.97619e-02	9.71350e-02	4.57566	3.35055	2.31180e-05
3.74549e+03	2.97453e-02	1.05092e-01	3.40222	2.79396	2.31180e-05
3.74937e+03	2.97601e-02	1.08046e-01	2.26201	2.19533	2.31180e-05
3.75325e+03	2.97442e-02	1.03873e-01	1.57381	1.54679	2.31180e-05
3.75713e+03	2.97630e-02	9.54682e-02	0.74480	0.88476	2.31180e-05
3.76102e+03	2.97406e-02	8.62366e-02	0.27431	0.14587	2.31180e-05
3.76490e+03	2.97555e-02	7.31797e-02	0.19182	5.55596	2.31180e-05
3.76878e+03	2.97329e-02	6.62411e-02	0.11872	4.55034	2.31180e-05
3.77266e+03	2.97219e-02	7.85216e-02	0.15317	3.60866	2.31180e-05
3.77654e+03	2.97490e-02	9.80798e-02	0.34735	2.84005	2.31180e-05
3.78043e+03	2.97502e-02	1.10168e-01	0.43683	2.15970	2.31180e-05
3.78431e+03	2.97367e-02	1.15893e-01	0.81425	1.52688	2.31180e-05
3.78819e+03	2.97234e-02	1.19773e-01	1.05839	0.91131	2.31180e-05
3.79207e+03	2.97318e-02	1.19204e-01	1.86674	0.30253	2.31180e-05
3.79596e+03	2.97088e-02	1.11449e-01	2.74975	5.99477	2.31180e-05
3.79984e+03	2.97269e-02	1.09442e-01	3.51530	5.38845	2.31180e-05
3.80372e+03	2.97155e-02	1.05591e-01	4.57798	4.72637	2.31180e-05
3.80760e+03	2.97134e-02	1.00711e-01	5.76953	4.04917	2.31180e-05
3.81148e+03	2.97329e-02	1.01818e-01	0.47649	3.46551	2.31180e-05
3.81537e+03	2.97273e-02	1.04895e-01	1.99039	2.89438	2.31180e-05
3.81925e+03	2.97134e-02	1.03403e-01	3.66736	2.33477	2.31180e-05
3.82313e+03	2.96879e-02	1.00848e-01	5.20177	1.79175	2.31180e-05
3.82701e+03	2.97102e-02	9.75666e-02	0.43585	1.25379	2.31180e-05
3.83089e+03	2.97074e-02	9.24489e-02	2.85168	0.59425	2.31180e-05
3.83478e+03	2.96939e-02	8.90839e-02	4.99399	6.18804	2.31180e-05
3.83866e+03	2.96973e-02	9.16067e-02	1.25463	5.50280	2.31180e-05
3.84254e+03	2.97297e-02	9.44236e-02	3.97526	4.76939	2.31180e-05
3.84642e+03	2.97057e-02	8.67741e-02	0.70997	3.98071	2.31180e-05
3.85031e+03	2.97211e-02	7.89329e-02	3.69569	3.21385	2.31180e-05
3.85419e+03	2.97025e-02	8.20484e-02	0.62737	2.37509	2.31180e-05
3.85807e+03	2.96694e-02	8.31591e-02	4.30762	1.48312	2.31180e-05
3.86195e+03	2.96738e-02	8.21944e-02	1.45227	0.63280	2.31180e-05
3.86583e+03	2.96529e-02	9.38197e-02	5.01981	6.15406	2.31180e-05
3.86972e+03	2.96791e-02	1.10198e-01	2.49213	5.47788	2.31180e-05
3.87360e+03	2.96407e-02	1.19079e-01	0.24191	4.85168	2.31180e-05
3.87748e+03	2.97028e-02	1.24587e-01	4.31293	4.34002	2.31180e-05
3.88136e+03	2.96354e-02	1.22107e-01	1.91527	3.80739	2.31180e-05
3.88524e+03	2.96727e-02	1.17527e-01	5.83887	3.30519	2.31180e-05
3.88913e+03	2.96609e-02	1.13048e-01	3.59117	2.71423	2.31180e-05
3.89301e+03	2.96404e-02	9.68130e-02	2.25666	2.07154	2.31180e-05
3.89689e+03	2.96739e-02	8.50902e-02	0.97203	1.39823	2.31180e-05
3.90077e+03	2.96567e-02	8.42310e-02	0.29332	0.69775	2.31180e-05
3.90466e+03	2.96825e-02	8.87708e-02	6.16248	0.04773	2.31180e-05
3.90854e+03	2.96411e-02	1.01624e-01	5.81367	5.75433	2.31180e-05
3.91242e+03	2.96652e-02	1.11403e-01	6.06921	5.16233	2.31180e-05
3.91630e+03	2.96420e-02	1.14551e-01	6.19120	4.57917	2.31180e-05
3.92018e+03	2.96602e-02	1.06059e-01	0.62264	4.02325	2.31180e-05
3.92407e+03	2.96294e-02	9.05582e-02	1.27568	3.43480	2.31180e-05
3.92795e+03	2.95974e-02	7.10191e-02	2.50956	2.68607	2.31180e-05
3.93183e+03	2.96314e-02	5.54829e-02	4.26890	1.62746	2.31180e-05
3.93571e+03	2.96147e-02	6.77361e-02	0.00492	0.47484	2.31180e-05
3.93959e+03	2.96273e-02	9.65215e-02	2.17880	5.96356	2.31180e-05
3.94348e+03	2.96087e-02	1.22404e-01	4.02881	5.36121	2.31180e-05
3.94736e+03	2.96311e-02	1.37051e-01	0.13434	4.85925	2.31180e-05
3.95124e+03	2.95737e-02	1.39445e-01	2.29124	4.38816	2.31180e-05
3.95512e+03	2.96126e-02	1.31363e-01	5.03704	3.90069	2.31180e-05
3.95901e+03	2.95932e-02	1.11900e-01	1.48680	3.32806	2.31180e-05
3.96289e+03	2.95706e-02	8.59276e-02	4.88647	2.67318	2.31180e-05
3.96677e+03	2.96046e-02	6.65444e-02	1.99306	1.87652	2.31180e-05
3.97065e+03	2.95841e-02	6.91457e-02	6.13851	0.89244	2.31180e-05
3.97453e+03	2.96225e-02	8.58287e-02	4.27163	0.06291	2.31180e-05
3.97842e+03	2.95727e-02	1.02697e-01	2.27738	5.77979	2.31180e-05
3.98230e+03	2.95673e-02	1.15268e-01	0.51505	5.27091	2.31180e-05
3.98618e+03	2.95730e-02	1.19038e-01	4.99191	4.80041	2.31180e-05
3.99006e+03	2.95600e-02	1.09031e-01	3.74710	4.28674	2.31180e-05
3.99394e+03	2.96016e-02	8.26847e-02	2.86421	3.70649	2.31180e-05
3.99783e+03	2.95699e-02	5.30951e-02	2.41485	2.85991	2.31180e-05
4.00171e+03	2.95654e-02	4.78448e-02	2.90054	1.47820	2.31180e-05
4.00559e+03	2.95661e-02	8.15728e-02	2.99644	0.48411	2.31180e-05
4.00947e+03	2.95320e-02	1.16478e-01	3.22382	6.09248	2.31180e-05
4.01336e+03	2.95627e-02	1.36178e-01	3.42017	5.54177	2.31180e-05
4.01724e+03	2.95391e-02	1.37570e-01	3.99017	5.04129	2.31180e-05
4.02112e+03	2.95735e-02	1.24101e-01	4.53677	4.55021	2.31180e-05
4.02500e+03	2.95313e-02	1.01316e-01	5.57701	3.96762	2.31180e-05
4.02888e+03	2.95555e-02	7.72016e-02	0.63394	3.26554	2.31180e-05
4.03277e+03	2.95081e-02	6.23372e-02	2.29649	2.31404	2.31180e-05
4.03665e+03	2.95140e-02	7.13870e-02	4.58847	1.23197	2.31180e-05
4.04053e+03	2.95307e-02	9.05222e-02	0.37343	0.41090	2.31180e-05
4.04441e+03	2.95216e-02	1.07956e-01	2.75324	6.11323	2.31180e-05
4.04829e+03	2.95537e-02	1.15512e-01	5.10442	5.61301	2.31180e-05
4.05218e+03	2.95432e-02	1.12099e-01	1.83215	5.08402	2.31180e-05
4.05606e+03	2.95369e-02	9.09502e-02	5.03934	4.49841	2.31180e-05
4.05994e+03	2.94957e-02	6.30958e-02	2.04258	3.76039	2.31180e-05
4.06382e+03	2.94879e-02	5.07978e-02	6.11108	2.54768	2.31180e-05
4.06771e+03	2.95237e-02	7.36568e-02	4.09061	1.40969	2.31180e-05
4.07159e+03	2.94992e-02	1.05173e-01	1.96347	0.64357	2.31180e-05
4.07547e+03	2.95285e-02	1.23632e-01	0.04731	0.00711	2.31180e-05
4.07935e+03	2.94771e-02	1.25491e-01	4.40204	5.74080	2.31180e-05
4.08323e+03	2.94865e-02	1.13792e-01	2.75816	5.21931	2.31180e-05
4.08712e+03	2.94817e-02	9.66139e-02	1.30196	4.60169	2.31180e-05
4.09100e+03	2.95010e-02	7.12267e-02	0.89619	3.79531	2.31180e-05
4.09488e+03	2.95072e-02	5.81468e-02	1.08530	2.73936	2.31180e-05
4.09876e+03	2.94852e-02	7.16347e-02	1.55115	1.66418	2.31180e-05
4.10264e+03	2.94891e-02	9.58105e-02	1.07630	0.94635	2.31180e-05
4.10653e+03	2.94811e-02	1.11974e-01	0.66892	0.31377	2.31180e-05
4.11041e+03	2.94720e-02	1.12998e-01	0.29618	6.05528	2.31180e-05
4.11429e+03	2.94598e-02	1.00907e-01	0.03548	5.48950	2.31180e-05
4.11817e+03	2.94475e-02	7.89177e-02	0.32512	4.80521	2.31180e-05
4.12206e+03	2.94954e-02	6.00895e-02	1.24825	3.84064	2.31180e-05
4.12594e+03	2.94854e-02	6.50019e-02	2.72680	2.70410	2.31180e-05
4.12982e+03	2.94867e-02	8.66411e-02	4.33890	1.81599	2.31180e-05
4.13370e+03	2.94590e-02	1.06861e-01	5.77951	1.10211	2.31180e-05
4.13758e+03	2.94814e-02	1.15523e-01	1.21368	0.45678	2.31180e-05
4.14147e+03	2.94675e-02	1.10534e-01	3.02168	6.13509	2.31180e-05
4.14535e+03	2.94828e-02	9.67163e-02	5.15703	5.54863	2.31180e-05
4.14923e+03	2.94499e-02	8.08933e-02	1.38644	4.81481	2.31180e-05
4.15311e+03	2.94210e-02	6.74310e-02	4.40343	3.86829	2.31180e-05
4.15699e+03	2.94226e-02	6.98436e-02	1.03942	2.86990	2.31180e-05
4.16088e+03	2.94055e-02	8.55213e-02	4.32927	2.00992	2.31180e-05
4.16476e+03	2.94340e-02	9.95541e-02	1.54250	1.28362	2.31180e-05
4.16864e+03	2.94105e-02	1.05726e-01	5.30518	0.63173	2.31180e-05
4.17252e+03	2.94487e-02	9.63707e-02	2.91556	6.25654	2.31180e-05
4.17641e+03	2.94317e-02	8.22416e-02	0.94444	5.54578	2.31180e-05
4.18029e+03	2.94439e-02	6.78403e-02	5.79971	4.66491	2.31180e-05
4.18417e+03	2.94278e-02	6.91409e-02	4.32390	3.66577	2.31180e-05
4.18805e+03	2.93975e-02	8.55414e-02	3.29625	2.76286	2.31180e-05
4.19193e+03	2.94048e-02	1.00733e-01	2.16528	2.00157	2.31180e-05
4.19582e+03	2.93853e-02	1.04418e-01	1.44818	1.28844	2.31180e-05
4.19970e+03	2.94073e-02	9.97061e-02	0.88119	0.60788	2.31180e-05
4.20358e+03	2.93646e-02	9.21715e-02	0.43254	6.21017	2.31180e-05
4.20746e+03	2.93923e-02	8.22357e-02	0.30947	5.46296	2.31180e-05
4.21134e+03	2.93802e-02	7.69000e-02	0.48742	4.55296	2.31180e-05
4.21523e+03	2.93915e-02	7.67597e-02	1.25875	3.61656	2.31180e-05
4.21911e+03	2.93989e-02	8.30213e-02	1.88549	2.78561	2.31180e-05
4.22299e+03	2.93786e-02	9.16712e-02	3.04329	2.03986	2.31180e-05
4.22687e+03	2.94087e-02	9.30952e-02	4.15477	1.29943	2.31180e-05
4.23076e+03	2.93672e-02	8.86050e-02	5.74551	0.52828	2.31180e-05
4.23464e+03	2.93731e-02	7.91984e-02	1.23255	6.04446	2.31180e-05
4.23852e+03	2.93349e-02	7.54061e-02	3.03445	5.14835	2.31180e-05
4.24240e+03	2.93514e-02	8.14714e-02	5.44197	4.24467	2.31180e-05
4.24628e+03	2.93578e-02	9.23533e-02	1.30459	3.40580	2.31180e-05
4.25017e+03	2.93377e-02	9.93225e-02	4.04959	2.66625	2.31180e-05
4.25405e+03	2.93695e-02	9.67080e-02	0.50986	1.93869	2.31180e-05
4.25793e+03	2.93114e-02	9.08606e-02	4.02068	1.18213	2.31180e-05
4.26181e+03	2.93480e-02	8.33979e-02	1.16007	0.42558	2.31180e-05
4.26569e+03	2.93282e-02	8.03674e-02	4.99733	5.86430	2.31180e-05
4.26958e+03	2.93439e-02	7.99592e-02	3.06914	4.96027	2.31180e-05
4.27346e+03	2.93421e-02	8.30679e-02	1.04342	4.10042	2.31180e-05
4.27734e+03	2.93410e-02	8.66099e-02	5.82530	3.33204	2.31180e-05
4.28122e+03	2.93357e-02	8.75539e-02	4.24110	2.57156	2.31180e-05
4.28510e+03	2.93002e-02	8.50303e-02	3.26904	1.73987	2.31180e-05
4.28899e+03	2.93345e-02	8.02038e-02	2.32638	0.90041	2.31180e-05
4.29287e+03	2.92856e-02	7.93449e-02	1.53485	0.02113	2.31180e-05
4.29675e+03	2.93100e-02	8.37158e-02	1.23028	5.42397	2.31180e-05
4.30063e+03	2.92892e-02	9.14331e-02	0.81202	4.57895	2.31180e-05
4.30452e+03	2.92960e-02	9.64308e-02	0.97071	3.82512	2.31180e-05
4.30840e+03	2.92970e-02	9.52610e-02	0.86485	3.08749	2.31180e-05
4.31228e+03	2.92793e-02	8.92907e-02	1.50049	2.31180	2.31180e-05
4.31616e+03	2.93129e-02	8.05522e-02	2.01160	1.48803	2.31180e-05
4.32004e+03	2.92837e-02	7.80521e-02	3.04295	0.62407	2.31180e-05
4.32393e+03	2.93208e-02	8.10331e-02	4.38342	6.02021	2.31180e-05
4.32781e+03	2.92913e-02	8.64931e-02	5.80127	5.14863	2.31180e-05
4.33169e+03	2.93038e-02	8.79529e-02	1.32488	4.37324	2.31180e-05
4.33557e+03	2.92617e-02	8.74240e-02	2.98653	3.62320	2.31180e-05
4.33945e+03	2.92647e-02	8.33488e-02	5.33008	2.80050	2.31180e-05
4.34334e+03	2.92781e-02	7.86933e-02	1.27286	1.92283	2.31180e-05
4.34722e+03	2.92445e-02	7.91585e-02	4.01257	1.00848	2.31180e-05
4.35110e+03	2.92936e-02	8.36373e-02	0.73488	0.10429	2.31180e-05
4.35498e+03	2.92388e-02	8.92692e-02	3.93144	5.51441	2.31180e-05
4.35887e+03	2.92684e-02	9.24812e-02	1.11795	4.73567	2.31180e-05
4.36275e+03	2.92414e-02	9.20071e-02	4.50427	3.98889	2.31180e-05
4.36663e+03	2.92635e-02	8.73492e-02	2.28615	3.19400	2.31180e-05
4.37051e+03	2.92589e-02	8.09933e-02	6.21949	2.33929	2.31180e-05
4.37439e+03	2.92329e-02	7.79896e-02	4.50394	1.45564	2.31180e-05
4.37828e+03	2.92598e-02	7.87952e-02	2.79389	0.53275	2.31180e-05
4.38216e+03	2.92171e-02	8.41129e-02	1.49563	5.91824	2.31180e-05
4.38604e+03	2.92675e-02	8.78745e-02	0.23391	5.12745	2.31180e-05
4.38992e+03	2.92177e-02	8.86087e-02	5.44385	4.33718	2.31180e-05
4.39380e+03	2.92386e-02	8.24498e-02	4.86864	3.50104	2.31180e-05
4.39769e+03	2.92315e-02	7.65549e-02	4.13028	2.61951	2.31180e-05
4.40157e+03	2.92182e-02	7.67605e-02	4.13537	1.68361	2.31180e-05
4.40545e+03	2.92416e-02	8.23524e-02	4.02353	0.74146	2.31180e-05
4.40933e+03	2.91949e-02	8.94640e-02	4.48186	6.13797	2.31180e-05
4.41322e+03	2.92353e-02	9.08194e-02	4.71237	5.35018	2.31180e-05
4.41710e+03	2.91938e-02	8.98956e-02	5.38893	4.56034	2.31180e-05
4.42098e+03	2.92395e-02	8.48570e-02	6.24290	3.74329	2.31180e-05
4.42486e+03	2.92039e-02	8.16050e-02	0.89798	2.90146	2.31180e-05
4.42874e+03	2.92178e-02	7.98682e-02	2.47069	1.99280	2.31180e-05
4.43263e+03	2.92032e-02	8.07790e-02	3.96312	1.04304	2.31180e-05
4.43651e+03	2.91938e-02	8.32901e-02	5.96320	0.17991	2.31180e-05
4.44039e+03	2.92065e-02	8.44778e-02	1.49222	5.65414	2.31180e-05
4.44427e+03	2.91755e-02	8.54096e-02	3.93385	4.81808	2.31180e-05
4.44815e+03	2.92143e-02	8.34540e-02	0.02895	3.98172	2.31180e-05
4.45204e+03	2.91755e-02	8.21489e-02	2.81296	3.11732	2.31180e-05
4.45592e+03	2.92069e-02	8.01351e-02	5.95657	2.19821	2.31180e-05
4.45980e+03	2.91591e-02	8.20368e-02	2.78750	1.27817	2.31180e-05
4.46368e+03	2.91986e-02	8.56572e-02	0.08020	0.43743	2.31180e-05
4.46757e+03	2.91616e-02	9.00497e-02	3.54642	5.88424	2.31180e-05
4.47145e+03	2.91720e-02	9.09026e-02	1.40496	5.06259	2.31180e-05
4.47533e+03	2.91844e-02	8.70425e-02	5.22318	4.29249	2.31180e-05
4.47921e+03	2.91440e-02	8.27348e-02	3.47446	3.44866	2.31180e-05
4.48309e+03	2.91712e-02	7.82167e-02	1.67753	2.55077	2.31180e-05
4.48698e+03	2.91397e-02	7.90573e-02	0.31959	1.65969	2.31180e-05
4.49086e+03	2.91767e-02	8.07209e-02	5.53675	0.74849	2.31180e-05
4.49474e+03	2.91336e-02	8.35685e-02	4.56020	6.14381	2.31180e-05
4.49862e+03	2.91601e-02	8.40721e-02	3.85978	5.34422	2.31180e-05
4.50250e+03	2.91467e-02	8.61108e-02	3.19314	4.50845	2.31180e-05
4.50639e+03	2.91501e-02	8.57288e-02	3.18724	3.63661	2.31180e-05
4.51027e+03	2.91502e-02	8.31571e-02	2.94291	2.77424	2.31180e-05
4.51415e+03	2.91223e-02	8.22194e-02	3.41800	1.85995	2.31180e-05
4.51803e+03	2.91540e-02	8.31396e-02	3.69966	0.95590	2.31180e-05
4.52192e+03	2.91155e-02	8.64372e-02	4.38497	0.13732	2.31180e-05
4.52580e+03	2.91612e-02	8.89676e-02	5.17049	5.60175	2.31180e-05
4.52968e+03	2.91126e-02	8.88962e-02	6.27698	4.76776	2.31180e-05
4.53356e+03	2.91326e-02	8.25506e-02	1.30806	3.96315	2.31180e-05
4.53744e+03	2.90939e-02	7.72441e-02	2.85096	3.06092	2.31180e-05
4.54133e+03	2.91292e-02	7.56353e-02	4.87618	2.13374	2.31180e-05
4.54521e+03	2.91060e-02	7.87237e-02	0.53314	1.22872	2.31180e-05
4.54909e+03	2.91102e-02	8.38501e-02	3.13468	0.31189	2.31180e-05
4.55297e+03	2.91168e-02	8.64431e-02	5.46074	5.74696	2.31180e-05
4.55685e+03	2.90936e-02	8.66005e-02	2.05513	4.91483	2.31180e-05
4.56074e+03	2.91289e-02	8.35737e-02	4.96975	4.03744	2.31180e-05
4.56462e+03	2.90830e-02	8.16289e-02	1.91947	3.15676	2.31180e-05
4.56850e+03	2.91302e-02	8.05917e-02	5.47875	2.23700	2.31180e-05
4.57238e+03	2.90666e-02	8.32477e-02	2.90400	1.29990	2.31180e-05
4.57627e+03	2.91087e-02	8.46681e-02	0.58175	0.46560	2.31180e-05
4.58015e+03	2.90813e-02	8.79976e-02	4.58603	5.89920	2.31180e-05
4.58403e+03	2.90877e-02	8.71423e-02	2.80180	5.06486	2.31180e-05
4.58791e+03	2.90750e-02	8.31584e-02	0.94972	4.22537	2.31180e-05
4.59179e+03	2.90634e-02	7.76028e-02	6.12253	3.29248	2.31180e-05
4.59568e+03	2.90739e-02	7.58098e-02	4.70279	2.39260	2.31180e-05
4.59956e+03	2.90379e-02	8.02454e-02	3.95967	1.45109	2.31180e-05
4.60344e+03	2.90724e-02	8.38448e-02	3.13915	0.54392	2.31180e-05
4.60732e+03	2.90436e-02	8.61017e-02	2.62818	5.97904	2.31180e-05
4.61120e+03	2.90709e-02	8.45474e-02	2.41864	5.09530	2.31180e-05
4.61509e+03	2.90501e-02	8.27075e-02	2.24692	4.22415	2.31180e-05
4.61897e+03	2.90746e-02	8.03884e-02	2.64610	3.31398	2.31180e-05
4.62285e+03	2.90609e-02	8.06349e-02	3.00273	2.37979	2.31180e-05
4.62673e+03	2.90743e-02	8.13843e-02	3.86189	1.50120	2.31180e-05
4.63062e+03	2.90620e-02	8.55227e-02	4.63932	0.61696	2.31180e-05
4.63450e+03	2.90445e-02	8.65231e-02	5.83546	6.06781	2.31180e-05
4.63838e+03	2.90566e-02	8.59240e-02	0.79423	5.19694	2.31180e-05
4.64226e+03	2.90329e-02	8.18837e-02	2.53232	4.31464	2.31180e-05
4.64614e+03	2.90387e-02	7.78253e-02	4.28449	3.41477	2.31180e-05
4.65003e+03	2.90131e-02	7.99021e-02	0.06688	2.50862	2.31180e-05
4.65391e+03	2.90378e-02	8.10587e-02	2.30252	1.63109	2.31180e-05
4.65779e+03	2.90093e-02	8.70461e-02	4.85728	0.72863	2.31180e-05
