# t	a	e	mean_anomaly	varpi	mass/M_star
1.24228e+02	1.66353e-02	5.38607e-03	2.97779	3.22414	4.36970e-05
2.79514e+02	1.66371e-02	2.51500e-03	1.22817	0.45941	4.36970e-05
4.34800e+02	1.66350e-02	4.16319e-03	0.00121	5.53760	4.36970e-05
5.90085e+02	1.66383e-02	5.02132e-03	4.81186	5.26636	4.36970e-05
7.45371e+02	1.66432e-02	5.50544e-03	3.77190	5.06832	4.36970e-05
9.00656e+02	1.66365e-02	3.54595e-03	2.58709	4.85256	4.36970e-05
1.05594e+03	1.66404e-02	4.56665e-03	0.80817	5.24622	4.36970e-05
1.21123e+03	1.66399e-02	4.64526e-03	5.52065	5.21432	4.36970e-05
1.36651e+03	1.66405e-02	2.60134e-03	4.98344	2.51121	4.36970e-05
1.52180e+03	1.66413e-02	5.66129e-03	5.30266	4.89861	4.36970e-05
1.67708e+03	1.66359e-02	6.68228e-03	5.21221	3.44088	4.36970e-05
1.83237e+03	1.66381e-02	7.51149e-03	4.96767	0.88263	4.36970e-05
1.98766e+03	1.66380e-02	5.19512e-03	4.73873	5.39741	4.36970e-05
2.14294e+03	1.66377e-02	4.76393e-03	4.44988	3.41117	4.36970e-05
2.29823e+03	1.66416e-02	2.57593e-03	4.97699	0.10680	4.36970e-05
2.45351e+03	1.66401e-02	3.79603e-03	5.57805	3.89880	4.36970e-05
2.60880e+03	1.66371e-02	7.59113e-03	5.32583	1.14724	4.36970e-05
2.76408e+03	1.66426e-02	5.73818e-03	5.61590	5.16695	4.36970e-05
2.91937e+03	1.66376e-02	4.62346e-03	0.43600	1.21231	4.36970e-05
3.07465e+03	1.66369e-02	4.95952e-03	1.41539	1.98622	4.36970e-05
3.22994e+03	1.66430e-02	6.71189e-03	1.80022	0.59767	4.36970e-05
3.38523e+03	1.66376e-02	5.23770e-03	2.89414	3.78307	4.36970e-05
3.54051e+03	1.66389e-02	4.75018e-03	3.95310	0.38320	4.36970e-05
3.69580e+03	1.66406e-02	6.24428e-03	4.97222	3.82700	4.36970e-05
3.85108e+03	1.66365e-02	6.59316e-03	5.64526	1.47869	4.36970e-05
4.00637e+03	1.66426e-02	7.23417e-03	0.06489	5.23956	4.36970e-05
4.16165e+03	1.66413e-02	6.25008e-03	0.78544	2.70253	4.36970e-05
4.31694e+03	1.66362e-02	4.23033e-03	1.76302	6.17321	4.36970e-05
4.47222e+03	1.66422e-02	2.12013e-03	2.79285	3.30922	4.36970e-05
4.62751e+03	1.66405e-02	3.09166e-03	4.10390	0.12521	4.36970e-05
4.78280e+03	1.66358e-02	4.60361e-03	4.90762	3.76629	4.36970e-05
4.93808e+03	1.66391e-02	5.40436e-03	5.56692	1.47605	4.36970e-05
5.09337e+03	1.66372e-02	4.50576e-03	6.24303	5.66133	4.36970e-05
5.24865e+03	1.66386e-02	3.28763e-03	6.24178	4.23564	4.36970e-05
5.40394e+03	1.66382e-02	5.04962e-03	0.82016	2.97156	4.36970e-05
5.55922e+03	1.66379e-02	5.49593e-03	3.92085	1.96714	4.36970e-05
5.71451e+03	1.66401e-02	4.24843e-03	0.72714	5.74478	4.36970e-05
5.86979e+03	1.66370e-02	4.38239e-03	3.12129	4.87398	4.36970e-05
6.02508e+03	1.66348e-02	6.23573e-03	0.30116	3.04937	4.36970e-05
6.18037e+03	1.66376e-02	7.72133e-03	3.96145	0.81956	4.36970e-05
6.33565e+03	1.66383e-02	5.98209e-03	1.36739	5.10597	4.36970e-05
6.49094e+03	1.66414e-02	4.18898e-03	5.16886	4.40735	4.36970e-05
6.64622e+03	1.66423e-02	5.15760e-03	3.39273	2.71112	4.36970e-05
6.80151e+03	1.66410e-02	6.74054e-03	1.31204	6.26240	4.36970e-05
6.95679e+03	1.66413e-02	7.94518e-03	0.42127	4.95757	4.36970e-05
7.11208e+03	1.66405e-02	2.99930e-03	4.75626	5.75838	4.36970e-05
7.26736e+03	1.66394e-02	3.58001e-03	4.60210	3.14895	4.36970e-05
7.42265e+03	1.66406e-02	3.83948e-03	3.37771	1.29302	4.36970e-05
7.57794e+03	1.66423e-02	4.46996e-03	2.07978	6.18660	4.36970e-05
7.73322e+03	1.66370e-02	7.91662e-03	1.18834	4.07232	4.36970e-05
7.88851e+03	1.66379e-02	8.01267e-03	6.27554	1.67144	4.36970e-05
8.04379e+03	1.66370e-02	5.29899e-03	4.77674	5.04074	4.36970e-05
8.19908e+03	1.66400e-02	1.85619e-03	4.63281	1.95575	4.36970e-05
8.35436e+03	1.66363e-02	8.04190e-03	2.32045	4.66901	4.36970e-05
8.50965e+03	1.66413e-02	2.63701e-03	6.16423	0.64852	4.36970e-05
8.66493e+03	1.66380e-02	5.78040e-03	2.37108	3.58746	4.36970e-05
8.82022e+03	1.66408e-02	7.85386e-03	3.68286	6.11688	4.36970e-05
8.97551e+03	1.66408e-02	7.67562e-03	4.68964	3.58152	4.36970e-05
9.13079e+03	1.66379e-02	4.27200e-03	4.66659	6.22120	4.36970e-05
9.28608e+03	1.66368e-02	1.97978e-03	4.41020	3.17438	4.36970e-05
9.44136e+03	1.66368e-02	5.11856e-03	4.54973	5.99801	4.36970e-05
9.59665e+03	1.66392e-02	2.70350e-03	2.26323	5.59853	4.36970e-05
9.75193e+03	1.66372e-02	4.96894e-03	3.31389	5.25147	4.36970e-05
9.90722e+03	1.66376e-02	6.98989e-03	4.61366	4.11086	4.36970e-05
1.00625e+04	1.66379e-02	8.98173e-03	6.03229	5.24766	4.36970e-05
1.02178e+04	1.66372e-02	7.35999e-03	4.09917	3.89471	4.36970e-05
1.03731e+04	1.66394e-02	5.08869e-03	2.21209	3.19784	4.36970e-05
1.05284e+04	1.66352e-02	5.92692e-03	1.89983	3.14307	4.36970e-05
1.06836e+04	1.66332e-02	1.12704e-02	2.46543	6.21241	4.36970e-05
1.08389e+04	1.66331e-02	1.20634e-02	3.88868	5.81484	4.36970e-05
1.09942e+04	1.66347e-02	1.27227e-02	3.89123	0.13605	4.36970e-05
1.11495e+04	1.66298e-02	1.35652e-02	4.27026	0.58252	4.36970e-05
1.13048e+04	1.66290e-02	1.74367e-02	1.00260	1.44071	4.36970e-05
1.14601e+04	1.66244e-02	1.94148e-02	3.57473	3.38577	4.36970e-05
1.16154e+04	1.66273e-02	1.74193e-02	2.55451	5.62897	4.36970e-05
1.17706e+04	1.66220e-02	1.69367e-02	3.09613	1.07257	4.36970e-05
1.19259e+04	1.66286e-02	1.73138e-02	1.81844	3.32261	4.36970e-05
1.20812e+04	1.66289e-02	1.84795e-02	4.48467	0.38951	4.36970e-05
1.22365e+04	1.66231e-02	1.33862e-02	3.34334	3.56656	4.36970e-05
1.23918e+04	1.66231e-02	1.68433e-02	5.44029	0.12083	4.36970e-05
1.25471e+04	1.66225e-02	1.39050e-02	5.88076	2.96215	4.36970e-05
1.27024e+04	1.66198e-02	4.85533e-03	5.70441	4.95981	4.36970e-05
1.28576e+04	1.66229e-02	8.58914e-03	3.93776	0.90826	4.36970e-05
1.30129e+04	1.66226e-02	7.17401e-03	2.54423	3.52874	4.36970e-05
1.31682e+04	1.66214e-02	1.30855e-02	3.49118	5.72545	4.36970e-05
1.33235e+04	1.66230e-02	1.60970e-02	4.04400	2.30040	4.36970e-05
1.34788e+04	1.66246e-02	1.59892e-02	3.64426	4.61250	4.36970e-05
1.36341e+04	1.66273e-02	1.96912e-02	3.46101	1.27137	4.36970e-05
1.37894e+04	1.66237e-02	1.85619e-02	3.34208	3.95906	4.36970e-05
1.39446e+04	1.66237e-02	1.51854e-02	2.45581	0.21488	4.36970e-05
1.40999e+04	1.66224e-02	1.64145e-02	5.33038	2.75930	4.36970e-05
1.42552e+04	1.66228e-02	1.03596e-02	2.58777	5.42838	4.36970e-05
1.44105e+04	1.66212e-02	9.68009e-03	0.63941	1.38111	4.36970e-05
1.45658e+04	1.66271e-02	9.65793e-03	6.23603	3.65435	4.36970e-05
1.47211e+04	1.66212e-02	8.58639e-03	0.58169	5.54290	4.36970e-05
1.48764e+04	1.66230e-02	1.64734e-02	5.97141	1.71367	4.36970e-05
1.50316e+04	1.66239e-02	1.98720e-02	5.51910	4.29842	4.36970e-05
1.51869e+04	1.66232e-02	1.76016e-02	2.47687	0.81798	4.36970e-05
1.53422e+04	1.66261e-02	1.84534e-02	2.83903	3.57397	4.36970e-05
1.54975e+04	1.66226e-02	2.22108e-02	1.30913	0.44937	4.36970e-05
1.56528e+04	1.66247e-02	1.72685e-02	5.28522	3.51173	4.36970e-05
1.58081e+04	1.66220e-02	1.79394e-02	3.75289	0.03993	4.36970e-05
1.59634e+04	1.66248e-02	1.99506e-02	4.90953	3.04700	4.36970e-05
1.61186e+04	1.66217e-02	1.65465e-02	3.55806	6.09274	4.36970e-05
1.62739e+04	1.66239e-02	1.29387e-02	2.89807	2.19976	4.36970e-05
1.64292e+04	1.66233e-02	1.26105e-02	1.45771	5.07918	4.36970e-05
1.65845e+04	1.66259e-02	1.06561e-02	4.62707	1.63769	4.36970e-05
1.67398e+04	1.66284e-02	6.78791e-03	3.75576	3.69198	4.36970e-05
1.68951e+04	1.66280e-02	1.03389e-02	0.28418	0.30726	4.36970e-05
1.70504e+04	1.66284e-02	1.01244e-02	0.44910	2.73088	4.36970e-05
1.72056e+04	1.66197e-02	1.25646e-02	1.04031	4.57109	4.36970e-05
1.73609e+04	1.66215e-02	1.88056e-02	1.58382	0.90297	4.36970e-05
1.75162e+04	1.66186e-02	1.81760e-02	0.12691	3.83895	4.36970e-05
1.76715e+04	1.66255e-02	1.65354e-02	1.45485	0.13901	4.36970e-05
1.78268e+04	1.66229e-02	2.02203e-02	2.10408	2.82450	4.36970e-05
1.79821e+04	1.66254e-02	1.81552e-02	5.03842	5.87854	4.36970e-05
1.81374e+04	1.66211e-02	1.31459e-02	0.70608	2.41825	4.36970e-05
1.82926e+04	1.66226e-02	1.48335e-02	0.01844	5.13212	4.36970e-05
1.84479e+04	1.66233e-02	1.36692e-02	5.37833	1.80277	4.36970e-05
1.86032e+04	1.66200e-02	6.52540e-03	1.17986	4.09674	4.36970e-05
1.87585e+04	1.66265e-02	9.52720e-03	4.15479	5.94088	4.36970e-05
1.89138e+04	1.66197e-02	1.18553e-02	0.10043	2.31893	4.36970e-05
1.90691e+04	1.66254e-02	1.46284e-02	2.45088	4.89736	4.36970e-05
1.92244e+04	1.66250e-02	1.51976e-02	5.89336	1.13982	4.36970e-05
1.93796e+04	1.66256e-02	2.05381e-02	3.61435	3.64797	4.36970e-05
1.95349e+04	1.66244e-02	1.96319e-02	2.61890	0.29309	4.36970e-05
1.96902e+04	1.66288e-02	1.89839e-02	1.16479	3.11478	4.36970e-05
1.98455e+04	1.66256e-02	1.44803e-02	5.88640	5.98726	4.36970e-05
2.00008e+04	1.66241e-02	1.10956e-02	4.43578	2.36417	4.36970e-05
2.01561e+04	1.66227e-02	9.99933e-03	3.07830	4.92004	4.36970e-05
2.03114e+04	1.66217e-02	8.31164e-03	2.33303	0.83145	4.36970e-05
2.04666e+04	1.66257e-02	1.05701e-02	1.52472	3.41377	4.36970e-05
2.06219e+04	1.66292e-02	1.29227e-02	0.97848	6.11671	4.36970e-05
2.07772e+04	1.66214e-02	1.42772e-02	0.12461	2.59815	4.36970e-05
2.09325e+04	1.66288e-02	1.67242e-02	5.56374	5.37642	4.36970e-05
2.10878e+04	1.66245e-02	1.68038e-02	4.90206	1.75897	4.36970e-05
2.12431e+04	1.66231e-02	1.66014e-02	4.11421	4.56904	4.36970e-05
2.13984e+04	1.66219e-02	1.70623e-02	3.34593	1.02279	4.36970e-05
2.15536e+04	1.66261e-02	1.81151e-02	2.39593	3.88321	4.36970e-05
2.17089e+04	1.66227e-02	1.82488e-02	1.67225	0.29862	4.36970e-05
2.18642e+04	1.66267e-02	1.71913e-02	0.75110	3.16480	4.36970e-05
2.20195e+04	1.66205e-02	1.47529e-02	5.91907	6.05495	4.36970e-05
2.21748e+04	1.66266e-02	1.21616e-02	5.06043	2.46362	4.36970e-05
2.23301e+04	1.66257e-02	9.24064e-03	4.44039	5.03666	4.36970e-05
2.24853e+04	1.66216e-02	7.74743e-03	4.28179	1.12649	4.36970e-05
2.26406e+04	1.66250e-02	8.77313e-03	4.15863	3.44145	4.36970e-05
2.27959e+04	1.66242e-02	1.24828e-02	3.58693	6.18050	4.36970e-05
2.29512e+04	1.66210e-02	1.72395e-02	2.94028	2.71993	4.36970e-05
2.31065e+04	1.66265e-02	1.90360e-02	2.25170	5.60243	4.36970e-05
2.32618e+04	1.66216e-02	1.88766e-02	1.04299	2.13112	4.36970e-05
2.34171e+04	1.66274e-02	1.79605e-02	6.17520	4.99673	4.36970e-05
2.35723e+04	1.66242e-02	1.69504e-02	5.31204	1.51468	4.36970e-05
2.37276e+04	1.66246e-02	1.59868e-02	4.69567	4.20662	4.36970e-05
2.38829e+04	1.66275e-02	1.55025e-02	3.92422	0.69619	4.36970e-05
2.40382e+04	1.66213e-02	1.53658e-02	3.20164	3.43535	4.36970e-05
2.41935e+04	1.66256e-02	1.35291e-02	2.44384	6.21444	4.36970e-05
2.43488e+04	1.66204e-02	1.19435e-02	1.65014	2.71886	4.36970e-05
2.45041e+04	1.66208e-02	9.14536e-03	1.15239	5.30198	4.36970e-05
2.46593e+04	1.66196e-02	8.00943e-03	0.86166	1.36414	4.36970e-05
2.48146e+04	1.66240e-02	1.07741e-02	0.30372	3.96863	4.36970e-05
2.49699e+04	1.66232e-02	1.47604e-02	5.75348	0.43012	4.36970e-05
2.51252e+04	1.66239e-02	1.68801e-02	4.84756	3.19361	4.36970e-05
2.52805e+04	1.66262e-02	1.84092e-02	3.67259	6.20287	4.36970e-05
2.54358e+04	1.66209e-02	1.90178e-02	2.75608	2.71684	4.36970e-05
2.55911e+04	1.66258e-02	1.72247e-02	1.88287	5.51949	4.36970e-05
2.57463e+04	1.66290e-02	1.57663e-02	1.09792	1.93489	4.36970e-05
2.59016e+04	1.66191e-02	1.33145e-02	0.76613	4.53126	4.36970e-05
2.60569e+04	1.66279e-02	1.45085e-02	0.08927	1.01668	4.36970e-05
2.62122e+04	1.66266e-02	1.28639e-02	5.79625	3.65800	4.36970e-05
2.63675e+04	1.66233e-02	1.23558e-02	4.86563	0.05259	4.36970e-05
2.65228e+04	1.66233e-02	9.79177e-03	3.98032	2.62637	4.36970e-05
2.66781e+04	1.66265e-02	9.87565e-03	4.15698	5.00696	4.36970e-05
2.68333e+04	1.66246e-02	1.37034e-02	4.67082	1.25247	4.36970e-05
2.69886e+04	1.66251e-02	1.67881e-02	5.75000	3.98849	4.36970e-05
2.71439e+04	1.66213e-02	1.87798e-02	0.77668	0.41772	4.36970e-05
2.72992e+04	1.66264e-02	1.93879e-02	2.02764	3.20647	4.36970e-05
2.74545e+04	1.66233e-02	1.87179e-02	2.57805	6.16479	4.36970e-05
2.76098e+04	1.66264e-02	1.53706e-02	3.76175	3.08934	4.36970e-05
2.77651e+04	1.66233e-02	1.87768e-02	3.37938	0.58611	4.36970e-05
2.79203e+04	1.66242e-02	1.94209e-02	1.79987	4.15165	4.36970e-05
2.80756e+04	1.66223e-02	5.01199e-03	6.07808	5.54521	4.36970e-05
2.82309e+04	1.66300e-02	1.02450e-02	0.37634	3.10464	4.36970e-05
2.83862e+04	1.66182e-02	2.57688e-02	1.48440	0.87762	4.36970e-05
2.85415e+04	1.66186e-02	1.58719e-02	0.64995	2.15806	4.36970e-05
2.86968e+04	1.66357e-02	3.86908e-02	0.33569	0.16947	4.36970e-05
2.88521e+04	1.66250e-02	2.32778e-02	5.48627	1.44770	4.36970e-05
2.90073e+04	1.66234e-02	1.65344e-02	4.98415	5.89821	4.36970e-05
2.91626e+04	1.66196e-02	1.55185e-02	4.55182	4.93933	4.36970e-05
2.93179e+04	1.66229e-02	1.73793e-02	3.68935	1.74953	4.36970e-05
2.94732e+04	1.66227e-02	2.26258e-02	5.92123	5.21696	4.36970e-05
2.96285e+04	1.66262e-02	2.82307e-02	5.58701	1.91862	4.36970e-05
2.97838e+04	1.66188e-02	2.23171e-02	0.59705	4.69114	4.36970e-05
2.99391e+04	1.66251e-02	2.31076e-02	5.97415	1.86347	4.36970e-05
3.00943e+04	1.66231e-02	1.99830e-02	4.51085	5.52336	4.36970e-05
3.02496e+04	1.66150e-02	2.05847e-02	5.26077	1.36956	4.36970e-05
3.04049e+04	1.66260e-02	6.40942e-03	5.78479	3.48981	4.36970e-05
3.05602e+04	1.66235e-02	1.42473e-02	3.13600	2.15981	4.36970e-05
3.07155e+04	1.66223e-02	2.36246e-02	1.61634	4.92370	4.36970e-05
3.08708e+04	1.66207e-02	8.65416e-03	5.39604	2.04044	4.36970e-05
3.10261e+04	1.66229e-02	8.13784e-03	5.78504	0.45324	4.36970e-05
3.11813e+04	1.66169e-02	4.72236e-03	0.15072	0.82584	4.36970e-05
3.13366e+04	1.66247e-02	5.72049e-03	4.31249	4.67941	4.36970e-05
3.14919e+04	1.66199e-02	6.54696e-03	3.45469	6.01594	4.36970e-05
3.16472e+04	1.66154e-02	6.38502e-03	2.01233	3.46811	4.36970e-05
3.18025e+04	1.66240e-02	6.06919e-03	5.67558	1.42912	4.36970e-05
3.19578e+04	1.66182e-02	2.36113e-02	4.21457	1.11124	4.36970e-05
3.21131e+04	1.66193e-02	1.68873e-02	3.74785	3.80587	4.36970e-05
3.22683e+04	1.66224e-02	2.02318e-02	1.48252	0.81577	4.36970e-05
3.24236e+04	1.66222e-02	2.16518e-02	4.71474	4.92161	4.36970e-05
3.25789e+04	1.66152e-02	2.54218e-02	4.17365	0.77457	4.36970e-05
3.27342e+04	1.66178e-02	4.56296e-03	5.96091	0.43678	4.36970e-05
3.28895e+04	1.66223e-02	8.04436e-03	4.78351	2.56036	4.36970e-05
3.30448e+04	1.66227e-02	1.26891e-02	4.88193	4.86204	4.36970e-05
3.32001e+04	1.66220e-02	2.18336e-02	3.56983	1.09121	4.36970e-05
3.33553e+04	1.66205e-02	5.59649e-03	3.95871	1.50236	4.36970e-05
3.35106e+04	1.66231e-02	1.99279e-02	5.55711	0.19374	4.36970e-05
3.36659e+04	1.66228e-02	2.15980e-02	5.99523	3.19968	4.36970e-05
3.38212e+04	1.66201e-02	2.08917e-02	0.34720	0.53491	4.36970e-05
3.39765e+04	1.66257e-02	2.56232e-02	2.68228	4.52255	4.36970e-05
3.41318e+04	1.66230e-02	2.37587e-02	5.80748	0.95609	4.36970e-05
3.42871e+04	1.66290e-02	1.53831e-02	1.30560	3.37470	4.36970e-05
3.44423e+04	1.66260e-02	5.80829e-03	5.52723	3.30533	4.36970e-05
3.45976e+04	1.66298e-02	2.34276e-02	2.21156	5.35587	4.36970e-05
3.47529e+04	1.66317e-02	2.24687e-02	2.28429	1.13778	4.36970e-05
3.49082e+04	1.66282e-02	1.06128e-02	2.76196	3.12144	4.36970e-05
3.50635e+04	1.66348e-02	1.27072e-02	1.96415	3.43786	4.36970e-05
3.52188e+04	1.66366e-02	2.27453e-02	4.90961	5.69262	4.36970e-05
3.53741e+04	1.66366e-02	2.15418e-02	6.10129	1.65944	4.36970e-05
3.55293e+04	1.66287e-02	6.83670e-03	5.05767	3.48645	4.36970e-05
3.56846e+04	1.66293e-02	1.53464e-02	5.31384	3.85970	4.36970e-05
3.58399e+04	1.66301e-02	2.60780e-02	5.00772	5.83172	4.36970e-05
3.59952e+04	1.66351e-02	1.54784e-02	0.71877	1.38420	4.36970e-05
3.61505e+04	1.66362e-02	1.21790e-02	0.15358	1.55984	4.36970e-05
3.63058e+04	1.66311e-02	2.54005e-02	4.38936	3.36938	4.36970e-05
3.64610e+04	1.66314e-02	2.18303e-02	4.49481	5.55202	4.36970e-05
3.66163e+04	1.66342e-02	9.21823e-03	0.03342	1.23608	4.36970e-05
3.67716e+04	1.66327e-02	1.69544e-02	0.25207	1.72044	4.36970e-05
3.69269e+04	1.66273e-02	2.55951e-02	0.96735	3.79496	4.36970e-05
3.70822e+04	1.66303e-02	1.99680e-02	3.44737	6.10598	4.36970e-05
3.72375e+04	1.66340e-02	9.03329e-03	0.36241	1.02878	4.36970e-05
3.73928e+04	1.66333e-02	1.34213e-02	2.93691	2.37551	4.36970e-05
3.75480e+04	1.66374e-02	2.08804e-02	4.36556	3.77051	4.36970e-05
3.77033e+04	1.66302e-02	1.65908e-02	6.26581	1.28269	4.36970e-05
3.78586e+04	1.66320e-02	3.34476e-03	4.84878	3.50401	4.36970e-05
3.80139e+04	1.66324e-02	5.16958e-03	4.34878	0.36917	4.36970e-05
3.81692e+04	1.66346e-02	3.32634e-03	4.41775	3.31491	4.36970e-05
3.83245e+04	1.66337e-02	1.14170e-02	1.19950	1.21385	4.36970e-05
3.84798e+04	1.66340e-02	1.16000e-02	0.99513	3.93088	4.36970e-05
3.86350e+04	1.66330e-02	1.50831e-02	3.58404	1.62399	4.36970e-05
3.87903e+04	1.66313e-02	1.44618e-02	3.99633	5.43512	4.36970e-05
3.89456e+04	1.66360e-02	1.68378e-02	4.51878	2.35029	4.36970e-05
3.91009e+04	1.66364e-02	1.23318e-02	0.80449	0.19782	4.36970e-05
3.92562e+04	1.66308e-02	8.96014e-03	1.66486	3.01967	4.36970e-05
3.94115e+04	1.66386e-02	1.40968e-02	5.21743	5.46308	4.36970e-05
3.95668e+04	1.66367e-02	8.86937e-03	1.97814	5.42153	4.36970e-05
3.97220e+04	1.66366e-02	1.58736e-02	1.49988	0.54344	4.36970e-05
3.98773e+04	1.66334e-02	1.42506e-02	5.80033	4.45427	4.36970e-05
4.00326e+04	1.66349e-02	8.94717e-03	0.74005	0.84744	4.36970e-05
4.01879e+04	1.66366e-02	6.27854e-03	3.17178	4.66763	4.36970e-05
4.03432e+04	1.66337e-02	1.15245e-02	2.03556	1.50942	4.36970e-05
4.04985e+04	1.66392e-02	1.17364e-02	0.87002	4.06365	4.36970e-05
4.06538e+04	1.66352e-02	1.09247e-02	6.26107	2.16191	4.36970e-05
4.08090e+04	1.66400e-02	2.61764e-03	1.72111	4.84473	4.36970e-05
4.09643e+04	1.66407e-02	1.10468e-02	4.76747	1.57236	4.36970e-05
4.11196e+04	1.66324e-02	2.09886e-02	1.57807	5.63762	4.36970e-05
4.12749e+04	1.66357e-02	6.88679e-03	3.94998	1.54641	4.36970e-05
4.14302e+04	1.66335e-02	3.42249e-03	3.00310	3.43328	4.36970e-05
4.15855e+04	1.66316e-02	2.94118e-03	3.01124	0.11407	4.36970e-05
4.17408e+04	1.66358e-02	1.30456e-02	5.95942	0.35336	4.36970e-05
4.18960e+04	1.66342e-02	1.54646e-02	0.97538	3.16462	4.36970e-05
4.20513e+04	1.66322e-02	1.00306e-02	2.10394	5.92114	4.36970e-05
4.22066e+04	1.66336e-02	9.15356e-03	5.91705	4.29687	4.36970e-05
4.23619e+04	1.66359e-02	1.44940e-02	1.96109	0.92730	4.36970e-05
4.25172e+04	1.66332e-02	8.97950e-03	1.93833	4.70919	4.36970e-05
4.26725e+04	1.66378e-02	1.39998e-02	3.36910	2.49120	4.36970e-05
4.28278e+04	1.66355e-02	6.21591e-03	5.79132	5.63471	4.36970e-05
4.29830e+04	1.66376e-02	9.91783e-03	4.12346	1.63970	4.36970e-05
4.31383e+04	1.66314e-02	9.80149e-03	5.83999	5.43166	4.36970e-05
4.32936e+04	1.66360e-02	7.08780e-03	5.49799	3.11234	4.36970e-05
4.34489e+04	1.66384e-02	1.06930e-02	1.99869	6.28039	4.36970e-05
4.36042e+04	1.66303e-02	7.36003e-03	4.45790	3.16243	4.36970e-05
4.37595e+04	1.66333e-02	1.78935e-02	4.29317	0.35126	4.36970e-05
4.39148e+04	1.66333e-02	7.75322e-03	2.78022	5.70791	4.36970e-05
4.40700e+04	1.66303e-02	1.52486e-02	2.41644	1.34698	4.36970e-05
4.42253e+04	1.66332e-02	3.23350e-03	1.90408	3.83761	4.36970e-05
4.43806e+04	1.66386e-02	1.02597e-02	1.20182	1.21335	4.36970e-05
4.45359e+04	1.66331e-02	1.35646e-02	5.52780	0.39225	4.36970e-05
4.46912e+04	1.66350e-02	1.52626e-02	0.53632	2.79797	4.36970e-05
4.48465e+04	1.66349e-02	7.34031e-03	5.83334	2.47860	4.36970e-05
4.50018e+04	1.66362e-02	1.32693e-02	4.61072	2.89855	4.36970e-05
4.51570e+04	1.66316e-02	1.45172e-02	5.11620	1.70872	4.36970e-05
4.53123e+04	1.66362e-02	4.28308e-03	4.54706	1.11706	4.36970e-05
4.54676e+04	1.66331e-02	6.47766e-03	2.32559	6.28186	4.36970e-05
4.56229e+04	1.66414e-02	6.99209e-03	0.21760	5.62304	4.36970e-05
4.57782e+04	1.66378e-02	1.55085e-02	5.55139	4.37923	4.36970e-05
4.59335e+04	1.66398e-02	1.01642e-02	3.28323	2.02697	4.36970e-05
4.60888e+04	1.66318e-02	1.25406e-02	1.48733	4.42794	4.36970e-05
4.62440e+04	1.66364e-02	8.62025e-03	2.28685	5.41773	4.36970e-05
4.63993e+04	1.66394e-02	1.72367e-02	3.13597	4.00957	4.36970e-05
4.65546e+04	1.66377e-02	1.48188e-02	3.41418	2.25872	4.36970e-05
4.67099e+04	1.66345e-02	1.40834e-02	3.34874	1.21224	4.36970e-05
4.68652e+04	1.66346e-02	4.01741e-03	2.17233	0.81272	4.36970e-05
4.70205e+04	1.66340e-02	1.26641e-02	1.34990	6.04611	4.36970e-05
4.71758e+04	1.66369e-02	1.87580e-02	1.01319	4.46104	4.36970e-05
4.73310e+04	1.66366e-02	1.08300e-02	0.52297	3.09725	4.36970e-05
4.74863e+04	1.66381e-02	7.35684e-03	5.79241	2.31717	4.36970e-05
4.76416e+04	1.66339e-02	1.59708e-02	4.30726	1.66142	4.36970e-05
4.77969e+04	1.66356e-02	1.14550e-02	3.21056	0.38754	4.36970e-05
4.79522e+04	1.66357e-02	1.83424e-02	2.45832	5.28813	4.36970e-05
4.81075e+04	1.66350e-02	7.85021e-03	1.78693	4.29537	4.36970e-05
4.82628e+04	1.66327e-02	9.86757e-03	1.09938	3.23057	4.36970e-05
4.84180e+04	1.66336e-02	1.31703e-02	4.34613	2.92837	4.36970e-05
4.85733e+04	1.66343e-02	1.68901e-02	3.46758	1.81477	4.36970e-05
4.87286e+04	1.66362e-02	1.82547e-02	6.26390	0.67980	4.36970e-05
4.88839e+04	1.66351e-02	2.67911e-03	3.08914	3.34651	4.36970e-05
4.90392e+04	1.66335e-02	7.99336e-03	2.21145	3.99860	4.36970e-05
4.91945e+04	1.66334e-02	4.50482e-03	3.48835	1.27077	4.36970e-05
4.93498e+04	1.66387e-02	3.69026e-03	0.52968	3.07584	4.36970e-05
4.95050e+04	1.66301e-02	7.92689e-03	1.06628	5.27164	4.36970e-05
4.96603e+04	1.66400e-02	7.79846e-03	3.79861	2.18105	4.36970e-05
4.98156e+04	1.66363e-02	9.64548e-03	0.86592	4.12535	4.36970e-05
4.99709e+04	1.66378e-02	6.04148e-03	6.13465	0.07371	4.36970e-05
5.01262e+04	1.66345e-02	1.52338e-02	4.65696	4.21932	4.36970e-05
5.02815e+04	1.66319e-02	7.38807e-03	1.32475	2.15324	4.36970e-05
5.04367e+04	1.66345e-02	1.03920e-02	0.78130	0.46476	4.36970e-05
5.05920e+04	1.66370e-02	1.02665e-02	5.31333	2.53397	4.36970e-05
5.07473e+04	1.66365e-02	9.34767e-03	4.10653	3.76407	4.36970e-05
5.09026e+04	1.66545e-02	1.44452e-02	5.00674	2.82368	4.36970e-05
5.10579e+04	1.66432e-02	4.74764e-03	4.82269	3.61540	4.36970e-05
5.12132e+04	1.66345e-02	1.10216e-02	1.81143	3.69133	4.36970e-05
5.13685e+04	1.66323e-02	1.49593e-02	0.45066	3.93480	4.36970e-05
5.15237e+04	1.66438e-02	1.25195e-02	0.82943	2.59030	4.36970e-05
5.16790e+04	1.66371e-02	1.25456e-02	2.20828	5.51055	4.36970e-05
5.18343e+04	1.66358e-02	1.86458e-02	5.99980	3.66225	4.36970e-05
5.19896e+04	1.66310e-02	1.17334e-02	4.93743	1.82281	4.36970e-05
5.21449e+04	1.66260e-02	1.07055e-02	5.10652	5.46150	4.36970e-05
5.23002e+04	1.66313e-02	2.49255e-02	4.41527	2.38618	4.36970e-05
5.24555e+04	1.66312e-02	1.36245e-02	0.84789	1.54020	4.36970e-05
5.26107e+04	1.66204e-02	1.07131e-02	6.00556	3.27403	4.36970e-05
5.27660e+04	1.66206e-02	1.56180e-02	4.23242	1.86708	4.36970e-05
5.29213e+04	1.66210e-02	1.92372e-02	3.11237	2.24482	4.36970e-05
5.30766e+04	1.66173e-02	5.08178e-03	5.75525	3.58901	4.36970e-05
5.32319e+04	1.66274e-02	1.25960e-02	1.90567	1.61119	4.36970e-05
5.33872e+04	1.66263e-02	8.61990e-03	1.02228	3.39857	4.36970e-05
5.35425e+04	1.66133e-02	5.20135e-03	6.05820	1.71013	4.36970e-05
5.36977e+04	1.66190e-02	9.00556e-03	6.14995	1.36146	4.36970e-05
5.38530e+04	1.66152e-02	1.34286e-02	3.39511	4.44130	4.36970e-05
5.40083e+04	1.66165e-02	5.13266e-03	3.61058	2.80296	4.36970e-05
5.41636e+04	1.66156e-02	6.71507e-03	1.81430	2.26982	4.36970e-05
5.43189e+04	1.66164e-02	1.36075e-02	0.69172	4.66826	4.36970e-05
5.44742e+04	1.66097e-02	5.09718e-03	3.78872	5.00942	4.36970e-05
5.46295e+04	1.66117e-02	1.21667e-02	3.07981	3.93507	4.36970e-05
5.47847e+04	1.66157e-02	9.71055e-03	3.31422	1.69009	4.36970e-05
5.49400e+04	1.66080e-02	9.03717e-03	5.57784	5.84997	4.36970e-05
5.50953e+04	1.66071e-02	4.11147e-03	4.23843	3.80277	4.36970e-05
5.52506e+04	1.66059e-02	2.10551e-02	1.83438	6.03141	4.36970e-05
5.54059e+04	1.65978e-02	1.22000e-02	0.90250	2.83761	4.36970e-05
5.55612e+04	1.66028e-02	7.20824e-03	0.17964	0.42231	4.36970e-05
5.57165e+04	1.66046e-02	3.01382e-02	0.31410	3.62820	4.36970e-05
5.58717e+04	1.65997e-02	6.72180e-03	2.53226	0.78334	4.36970e-05
5.60270e+04	1.66002e-02	8.38528e-03	2.63894	1.36327	4.36970e-05
5.61823e+04	1.65922e-02	2.50973e-02	1.97439	3.67557	4.36970e-05
5.63376e+04	1.65904e-02	1.79159e-02	0.82898	1.26862	4.36970e-05
5.64929e+04	1.65912e-02	1.29166e-02	2.15658	5.81246	4.36970e-05
5.66482e+04	1.65849e-02	8.73381e-03	0.12415	2.86498	4.36970e-05
5.68035e+04	1.65832e-02	2.31824e-02	1.15430	1.77793	4.36970e-05
5.69587e+04	1.65882e-02	1.57268e-02	2.75886	5.32012	4.36970e-05
5.71140e+04	1.65785e-02	1.19760e-02	1.60542	2.33181	4.36970e-05
5.72693e+04	1.65847e-02	2.02183e-02	0.80560	5.64091	4.36970e-05
5.74246e+04	1.65846e-02	1.64272e-02	1.72705	3.16835	4.36970e-05
5.75799e+04	1.65836e-02	1.21402e-02	6.08842	0.04900	4.36970e-05
5.77352e+04	1.65801e-02	3.40678e-03	1.89235	0.29116	4.36970e-05
5.78905e+04	1.65756e-02	4.44273e-03	5.79304	3.98787	4.36970e-05
5.80457e+04	1.65656e-02	1.90124e-02	4.46162	3.34120	4.36970e-05
5.82010e+04	1.65663e-02	1.83427e-02	0.85692	2.56794	4.36970e-05
5.83563e+04	1.65658e-02	3.00196e-02	2.96019	1.44421	4.36970e-05
5.85116e+04	1.65720e-02	4.64302e-03	2.98559	1.74218	4.36970e-05
5.86669e+04	1.65642e-02	2.80684e-02	3.02425	1.96285	4.36970e-05
5.88222e+04	1.65654e-02	3.32685e-02	2.33815	1.32873	4.36970e-05
5.89775e+04	1.65576e-02	1.51995e-02	4.17883	6.27520	4.36970e-05
5.91327e+04	1.65504e-02	3.39771e-03	3.82857	4.54055	4.36970e-05
5.92880e+04	1.65551e-02	2.18982e-02	2.79157	5.77548	4.36970e-05
5.94433e+04	1.65536e-02	1.62998e-02	1.37546	1.26993	4.36970e-05
5.95986e+04	1.65468e-02	3.63137e-02	2.34837	4.48654	4.36970e-05
5.97539e+04	1.65539e-02	2.59007e-02	5.85012	2.54786	4.36970e-05
5.99092e+04	1.65483e-02	1.73618e-02	1.60057	0.17293	4.36970e-05
6.00645e+04	1.65409e-02	1.73321e-02	1.06006	5.44957	4.36970e-05
6.02197e+04	1.65327e-02	2.18530e-02	4.02788	5.44894	4.36970e-05
6.03750e+04	1.65338e-02	2.85839e-02	3.88454	3.54327	4.36970e-05
6.05303e+04	1.65287e-02	1.69507e-02	1.41510	1.87594	4.36970e-05
6.06856e+04	1.65309e-02	3.79742e-02	1.99326	2.70927	4.36970e-05
6.08409e+04	1.65315e-02	3.16755e-02	2.86177	3.27683	4.36970e-05
6.09962e+04	1.65212e-02	3.79789e-02	1.58622	0.10590	4.36970e-05
6.11515e+04	1.65285e-02	5.64343e-02	1.25833	4.75839	4.36970e-05
6.13067e+04	1.65238e-02	4.10725e-02	1.86340	3.70230	4.36970e-05
6.14620e+04	1.65278e-02	1.70616e-02	2.05243	4.73676	4.36970e-05
6.16173e+04	1.65178e-02	1.67720e-02	5.01568	5.50513	4.36970e-05
6.17726e+04	1.65171e-02	3.35379e-02	1.92675	0.58738	4.36970e-05
6.19279e+04	1.65093e-02	4.04775e-02	0.02713	0.85671	4.36970e-05
6.20832e+04	1.65104e-02	2.79222e-02	3.29670	1.42597	4.36970e-05
6.22385e+04	1.65083e-02	9.91685e-03	2.21360	3.94915	4.36970e-05
6.23937e+04	1.65130e-02	2.18132e-02	1.42159	0.68024	4.36970e-05
6.25490e+04	1.65071e-02	2.68382e-02	4.73697	2.52356	4.36970e-05
6.27043e+04	1.65083e-02	1.32754e-02	4.27022	5.50777	4.36970e-05
6.28596e+04	1.65011e-02	1.22429e-02	2.90233	2.11909	4.36970e-05
6.30149e+04	1.65010e-02	1.84867e-02	3.26388	5.21153	4.36970e-05
6.31702e+04	1.64988e-02	2.85670e-02	4.99712	1.69189	4.36970e-05
6.33255e+04	1.64918e-02	2.90797e-02	4.50903	4.79387	4.36970e-05
6.34807e+04	1.64902e-02	2.35343e-02	3.50594	1.28745	4.36970e-05
6.36360e+04	1.64760e-02	2.91729e-02	0.63792	3.42823	4.36970e-05
6.37913e+04	1.64785e-02	2.19923e-02	4.07677	6.06183	4.36970e-05
6.39466e+04	1.64728e-02	2.13041e-02	5.27769	3.24809	4.36970e-05
6.41019e+04	1.64841e-02	1.14217e-02	5.18758	0.40856	4.36970e-05
6.42572e+04	1.64721e-02	1.85582e-02	3.17648	4.26020	4.36970e-05
6.44124e+04	1.64821e-02	2.39110e-02	0.84406	0.98629	4.36970e-05
6.45677e+04	1.64628e-02	3.87917e-02	3.32869	3.16876	4.36970e-05
6.47230e+04	1.64759e-02	1.09749e-01	0.98741	1.05556	4.36970e-05
6.48783e+04	1.64745e-02	5.27410e-02	3.44997	5.12235	4.36970e-05
6.50336e+04	1.64638e-02	5.27808e-02	0.49006	0.37731	4.36970e-05
6.51889e+04	1.64605e-02	4.61632e-02	4.94137	2.47196	4.36970e-05
6.53442e+04	1.64450e-02	8.23368e-02	1.90257	6.04819	4.36970e-05
6.54994e+04	1.64617e-02	5.78790e-02	1.70538	2.21046	4.36970e-05
6.56547e+04	1.64506e-02	3.78177e-02	4.01049	0.93499	4.36970e-05
6.58100e+04	1.64554e-02	4.51455e-02	4.85610	1.92413	4.36970e-05
6.59653e+04	1.64567e-02	3.91831e-02	2.24341	5.22144	4.36970e-05
6.61206e+04	1.64556e-02	6.08058e-02	6.12396	3.91036	4.36970e-05
6.62759e+04	1.64396e-02	1.01956e-01	5.73695	5.67640	4.36970e-05
6.64312e+04	1.64311e-02	8.53559e-02	2.56401	0.66922	4.36970e-05
6.65864e+04	1.64339e-02	1.08993e-01	4.36114	0.07868	4.36970e-05
6.67417e+04	1.64426e-02	1.01327e-01	1.73568	5.70036	4.36970e-05
6.68970e+04	1.64306e-02	8.28750e-02	0.50695	5.24347	4.36970e-05
6.70523e+04	1.64553e-02	9.03912e-02	3.36190	3.65438	4.36970e-05
6.72076e+04	1.64210e-02	9.15030e-02	0.78620	2.37619	4.36970e-05
6.73629e+04	1.64446e-02	1.11682e-01	4.46301	2.16311	4.36970e-05
6.75182e+04	1.64425e-02	8.31531e-02	3.20411	1.89989	4.36970e-05
6.76734e+04	1.64437e-02	9.00584e-02	3.87097	1.37265	4.36970e-05
6.78287e+04	1.64352e-02	1.05450e-01	6.22076	1.15354	4.36970e-05
6.79840e+04	1.64286e-02	1.24507e-01	0.03625	0.15662	4.36970e-05
6.81393e+04	1.64352e-02	1.10148e-01	0.06028	4.80528	4.36970e-05
6.82946e+04	1.64259e-02	1.21347e-01	2.62487	3.60012	4.36970e-05
6.84499e+04	1.64255e-02	9.64435e-02	6.22343	3.69381	4.36970e-05
6.86052e+04	1.64298e-02	8.58693e-02	4.31989	2.97839	4.36970e-05
6.87604e+04	1.64283e-02	1.23657e-01	4.35033	2.31220	4.36970e-05
6.89157e+04	1.64271e-02	1.26909e-01	0.44218	2.27877	4.36970e-05
6.90710e+04	1.64156e-02	8.33802e-02	4.40701	2.41873	4.36970e-05
6.92263e+04	1.64047e-02	1.03163e-01	3.30681	1.78271	4.36970e-05
6.93816e+04	1.64179e-02	1.47842e-01	4.94666	1.84505	4.36970e-05
6.95369e+04	1.64056e-02	8.19670e-02	1.76161	2.54858	4.36970e-05
6.96922e+04	1.64080e-02	1.15264e-01	0.21717	2.29211	4.36970e-05
6.98474e+04	1.63896e-02	1.29693e-01	1.69004	3.10602	4.36970e-05
7.00027e+04	1.64072e-02	9.21122e-02	3.95003	3.98253	4.36970e-05
7.01580e+04	1.64071e-02	1.38001e-01	2.29765	4.07501	4.36970e-05
7.03133e+04	1.63790e-02	1.09604e-01	2.95813	6.02715	4.36970e-05
7.04686e+04	1.64060e-02	1.32662e-01	5.30491	0.75753	4.36970e-05
7.06239e+04	1.63889e-02	9.10473e-02	3.47801	1.47402	4.36970e-05
7.07792e+04	1.63803e-02	1.48850e-01	4.51096	3.63659	4.36970e-05
7.09344e+04	1.63909e-02	8.98644e-02	1.16624	5.20174	4.36970e-05
7.10897e+04	1.63865e-02	1.42621e-01	6.11845	6.22720	4.36970e-05
7.12450e+04	1.63770e-02	1.29315e-01	0.70643	3.00046	4.36970e-05
7.14003e+04	1.63838e-02	9.65911e-02	5.16392	4.46928	4.36970e-05
7.15556e+04	1.63741e-02	1.51043e-01	3.88449	0.32781	4.36970e-05
7.17109e+04	1.63871e-02	1.24508e-01	5.95594	4.05140	4.36970e-05
7.18662e+04	1.63696e-02	9.62693e-02	4.40839	5.89368	4.36970e-05
7.20214e+04	1.63714e-02	1.49145e-01	4.46154	2.37160	4.36970e-05
7.21767e+04	1.63883e-02	1.49668e-01	1.73251	0.29937	4.36970e-05
7.23320e+04	1.63631e-02	1.22015e-01	0.89670	3.75510	4.36970e-05
7.24873e+04	1.63756e-02	9.42416e-02	2.30849	0.36327	4.36970e-05
7.26426e+04	1.63379e-02	1.24055e-01	0.42088	4.39627	4.36970e-05
7.27979e+04	1.63715e-02	1.13734e-01	1.38693	2.83926	4.36970e-05
7.29532e+04	1.63507e-02	1.12559e-01	4.60131	0.20963	4.36970e-05
7.31084e+04	1.63658e-02	1.46703e-01	4.31304	4.33912	4.36970e-05
7.32637e+04	1.63439e-02	1.38877e-01	1.22347	3.08163	4.36970e-05
7.34190e+04	1.63339e-02	1.27397e-01	0.58355	1.58834	4.36970e-05
7.35743e+04	1.63476e-02	1.29208e-01	2.86683	6.04478	4.36970e-05
7.37296e+04	1.63303e-02	1.41055e-01	1.70661	5.30772	4.36970e-05
7.38849e+04	1.63289e-02	1.21109e-01	3.19994	4.61614	4.36970e-05
7.40402e+04	1.63525e-02	1.10926e-01	1.79330	3.32762	4.36970e-05
7.41954e+04	1.63318e-02	1.23020e-01	3.41649	2.53247	4.36970e-05
7.43507e+04	1.63357e-02	1.16114e-01	2.41712	2.51546	4.36970e-05
7.45060e+04	1.63448e-02	1.19421e-01	4.75698	1.64383	4.36970e-05
7.46613e+04	1.63504e-02	1.47569e-01	3.46417	1.06041	4.36970e-05
7.48166e+04	1.63231e-02	1.52142e-01	5.32624	1.16881	4.36970e-05
7.49719e+04	1.63138e-02	1.33333e-01	4.34745	0.71568	4.36970e-05
7.51272e+04	1.63219e-02	1.14682e-01	0.66106	0.30727	4.36970e-05
7.52824e+04	1.63402e-02	1.31621e-01	0.08603	0.63697	4.36970e-05
7.54377e+04	1.63100e-02	1.48686e-01	2.78358	1.28529	4.36970e-05
7.55930e+04	1.63176e-02	1.48601e-01	2.55384	1.34961	4.36970e-05
7.57483e+04	1.63220e-02	1.28690e-01	6.27426	1.21805	4.36970e-05
7.59036e+04	1.63205e-02	1.22496e-01	0.82739	1.65294	4.36970e-05
7.60589e+04	1.63223e-02	1.47711e-01	5.04929	2.37579	4.36970e-05
7.62142e+04	1.63103e-02	1.52095e-01	0.33624	2.78213	4.36970e-05
7.63694e+04	1.63133e-02	1.23661e-01	5.49534	3.12246	4.36970e-05
7.65247e+04	1.62967e-02	1.24202e-01	1.04301	3.92175	4.36970e-05
7.66800e+04	1.62966e-02	1.57816e-01	0.63349	4.91922	4.36970e-05
7.68353e+04	1.62819e-02	1.33759e-01	3.51526	6.24790	4.36970e-05
7.69906e+04	1.62865e-02	1.33150e-01	3.74895	1.46085	4.36970e-05
7.71459e+04	1.62851e-02	1.44503e-01	1.35941	2.31266	4.36970e-05
7.73012e+04	1.62924e-02	1.29117e-01	2.84888	3.88487	4.36970e-05
7.74564e+04	1.62945e-02	1.60037e-01	1.97951	5.85992	4.36970e-05
7.76117e+04	1.62859e-02	1.17715e-01	4.95506	1.26788	4.36970e-05
7.77670e+04	1.62829e-02	1.51594e-01	5.46123	3.07494	4.36970e-05
7.79223e+04	1.62909e-02	1.27977e-01	3.97389	4.71786	4.36970e-05
7.80776e+04	1.62753e-02	1.55627e-01	6.06995	0.73581	4.36970e-05
7.82329e+04	1.62995e-02	1.33824e-01	0.04181	2.77805	4.36970e-05
7.83882e+04	1.62937e-02	1.49191e-01	4.24405	4.93910	4.36970e-05
7.85434e+04	1.62661e-02	1.26568e-01	6.21663	0.28293	4.36970e-05
7.86987e+04	1.62688e-02	1.45768e-01	5.55672	2.54703	4.36970e-05
7.88540e+04	1.62828e-02	1.43589e-01	2.95284	5.14198	4.36970e-05
7.90093e+04	1.62852e-02	1.56381e-01	4.17523	1.65686	4.36970e-05
7.91646e+04	1.62825e-02	1.17376e-01	3.50478	3.95483	4.36970e-05
7.93199e+04	1.62834e-02	1.56654e-01	0.51373	0.06146	4.36970e-05
7.94751e+04	1.62593e-02	1.42922e-01	1.54815	3.13074	4.36970e-05
7.96304e+04	1.62644e-02	1.51502e-01	0.84827	6.10931	4.36970e-05
7.97857e+04	1.62608e-02	1.46931e-01	4.24753	2.91619	4.36970e-05
7.99410e+04	1.62680e-02	1.21353e-01	5.47188	5.57777	4.36970e-05
8.00963e+04	1.62606e-02	1.49720e-01	5.24097	1.88153	4.36970e-05
8.02516e+04	1.62664e-02	1.37740e-01	2.80506	4.88624	4.36970e-05
8.04069e+04	1.62503e-02	1.49562e-01	4.81756	2.02497	4.36970e-05
8.05621e+04	1.62313e-02	1.63626e-01	4.85664	5.56692	4.36970e-05
8.07174e+04	1.62664e-02	1.35913e-01	2.90096	2.72868	4.36970e-05
8.08727e+04	1.62663e-02	1.32654e-01	5.64939	5.87320	4.36970e-05
8.10280e+04	1.62315e-02	1.57973e-01	0.03024	2.97467	4.36970e-05
8.11833e+04	1.62432e-02	1.41903e-01	5.49770	0.23274	4.36970e-05
8.13386e+04	1.62388e-02	1.40183e-01	3.31763	3.89756	4.36970e-05
8.14939e+04	1.62298e-02	1.48968e-01	5.40990	1.55837	4.36970e-05
8.16491e+04	1.62422e-02	1.60726e-01	5.75667	5.51182	4.36970e-05
8.18044e+04	1.62352e-02	1.49198e-01	4.72397	2.64558	4.36970e-05
8.19597e+04	1.62294e-02	1.42932e-01	2.35481	0.30084	4.36970e-05
8.21150e+04	1.62293e-02	1.52333e-01	4.91800	4.20987	4.36970e-05
8.22703e+04	1.62132e-02	1.54998e-01	5.90994	1.85551	4.36970e-05
8.24256e+04	1.62179e-02	1.39331e-01	5.09760	5.86555	4.36970e-05
8.25809e+04	1.62358e-02	1.35912e-01	3.25188	3.68298	4.36970e-05
8.27361e+04	1.62133e-02	1.44602e-01	0.04340	1.46981	4.36970e-05
8.28914e+04	1.62094e-02	1.57829e-01	1.70606	5.47434	4.36970e-05
8.30467e+04	1.62182e-02	1.45319e-01	2.22668	3.04336	4.36970e-05
8.32020e+04	1.61948e-02	1.28626e-01	1.58245	0.53138	4.36970e-05
8.33573e+04	1.62191e-02	1.46241e-01	5.82203	4.33753	4.36970e-05
8.35126e+04	1.61922e-02	1.60814e-01	2.36382	2.18007	4.36970e-05
8.36679e+04	1.62139e-02	1.60682e-01	3.74041	0.28476	4.36970e-05
8.38231e+04	1.61907e-02	1.54118e-01	4.13018	4.81491	4.36970e-05
8.39784e+04	1.62009e-02	1.52921e-01	2.98277	3.02960	4.36970e-05
8.41337e+04	1.61952e-02	1.54124e-01	0.69603	0.99576	4.36970e-05
8.42890e+04	1.61897e-02	1.59578e-01	3.41853	4.98601	4.36970e-05
8.44443e+04	1.61802e-02	1.49788e-01	5.01838	3.07973	4.36970e-05
8.45996e+04	1.62003e-02	1.51385e-01	5.39870	1.44635	4.36970e-05
8.47549e+04	1.62044e-02	1.49140e-01	4.75020	6.26545	4.36970e-05
8.49101e+04	1.61936e-02	1.49671e-01	2.95953	4.92216	4.36970e-05
8.50654e+04	1.61912e-02	1.47566e-01	5.99530	3.57389	4.36970e-05
8.52207e+04	1.61765e-02	1.48846e-01	2.16715	2.09659	4.36970e-05
8.53760e+04	1.61685e-02	1.54661e-01	3.72176	0.48708	4.36970e-05
8.55313e+04	1.61634e-02	1.50961e-01	3.99855	5.14396	4.36970e-05
8.56866e+04	1.61655e-02	1.46875e-01	3.49098	3.64758	4.36970e-05
8.58419e+04	1.61598e-02	1.44646e-01	1.61257	2.18140	4.36970e-05
8.59971e+04	1.61656e-02	1.55857e-01	5.44894	0.92450	4.36970e-05
8.61524e+04	1.61751e-02	1.61660e-01	1.93545	6.28156	4.36970e-05
8.63077e+04	1.61802e-02	1.61535e-01	3.54481	5.31263	4.36970e-05
8.64630e+04	1.61724e-02	1.56250e-01	4.41528	4.23011	4.36970e-05
8.66183e+04	1.61520e-02	1.48213e-01	4.46288	2.81422	4.36970e-05
8.67736e+04	1.61473e-02	1.45736e-01	3.87559	1.48337	4.36970e-05
8.69289e+04	1.61653e-02	1.57539e-01	2.65017	0.54043	4.36970e-05
8.70841e+04	1.61683e-02	1.60773e-01	0.18141	6.09698	4.36970e-05
8.72394e+04	1.61464e-02	1.54984e-01	2.92644	5.29952	4.36970e-05
8.73947e+04	1.61613e-02	1.53612e-01	5.47464	4.13307	4.36970e-05
8.75500e+04	1.61467e-02	1.48609e-01	0.90783	2.95920	4.36970e-05
8.77053e+04	1.61192e-02	1.53194e-01	2.04072	1.96045	4.36970e-05
8.78606e+04	1.61535e-02	1.55054e-01	2.21882	1.26777	4.36970e-05
8.80159e+04	1.61417e-02	1.51740e-01	1.69403	0.58285	4.36970e-05
8.81711e+04	1.61358e-02	1.46943e-01	1.05934	5.87526	4.36970e-05
8.83264e+04	1.61367e-02	1.44606e-01	5.36562	4.74002	4.36970e-05
8.84817e+04	1.61190e-02	1.50596e-01	3.71489	3.85959	4.36970e-05
8.86370e+04	1.61321e-02	1.48712e-01	0.27059	3.27250	4.36970e-05
8.87923e+04	1.61054e-02	1.44787e-01	3.28295	2.55378	4.36970e-05
8.89476e+04	1.61251e-02	1.40838e-01	5.46049	1.54038	4.36970e-05
8.91029e+04	1.61203e-02	1.45291e-01	0.65662	0.51748	4.36970e-05
8.92581e+04	1.61199e-02	1.48401e-01	1.39040	6.09217	4.36970e-05
8.94134e+04	1.61207e-02	1.50036e-01	2.11784	5.59146	4.36970e-05
8.95687e+04	1.61067e-02	1.46997e-01	1.39422	5.02193	4.36970e-05
8.97240e+04	1.61233e-02	1.42854e-01	0.99434	4.22501	4.36970e-05
8.98793e+04	1.61210e-02	1.44455e-01	6.01776	3.24827	4.36970e-05
9.00346e+04	1.60993e-02	1.49946e-01	4.28214	2.64636	4.36970e-05
9.01899e+04	1.61096e-02	1.54179e-01	2.07045	2.19387	4.36970e-05
9.03451e+04	1.61220e-02	1.48594e-01	5.19576	1.55547	4.36970e-05
9.05004e+04	1.60934e-02	1.47989e-01	1.82344	0.68428	4.36970e-05
9.06557e+04	1.61015e-02	1.51398e-01	4.64693	6.23138	4.36970e-05
9.08110e+04	1.61101e-02	1.57573e-01	6.13251	5.83726	4.36970e-05
9.09663e+04	1.60868e-02	1.55430e-01	1.73051	5.44353	4.36970e-05
9.11216e+04	1.60762e-02	1.52018e-01	2.15636	4.83107	4.36970e-05
9.12769e+04	1.61036e-02	1.52204e-01	3.27974	4.17083	4.36970e-05
9.14321e+04	1.60962e-02	1.55111e-01	3.18299	3.77488	4.36970e-05
9.15874e+04	1.60931e-02	1.51401e-01	3.11546	3.51855	4.36970e-05
9.17427e+04	1.60681e-02	1.45661e-01	2.67270	3.00511	4.36970e-05
9.18980e+04	1.60668e-02	1.47259e-01	1.72178	2.49421	4.36970e-05
9.20533e+04	1.60808e-02	1.53744e-01	0.80303	2.31474	4.36970e-05
9.22086e+04	1.60732e-02	1.53874e-01	5.15368	2.04834	4.36970e-05
9.23639e+04	1.60823e-02	1.55710e-01	3.61773	1.55963	4.36970e-05
9.25191e+04	1.60756e-02	1.62189e-01	1.65765	1.20616	4.36970e-05
9.26744e+04	1.60760e-02	1.64804e-01	5.48607	0.95713	4.36970e-05
9.28297e+04	1.60577e-02	1.63327e-01	2.53876	0.73324	4.36970e-05
9.29850e+04	1.60486e-02	1.60813e-01	5.85358	0.41301	4.36970e-05
9.31403e+04	1.60542e-02	1.58141e-01	2.89509	0.03830	4.36970e-05
9.32956e+04	1.60679e-02	1.56422e-01	5.93231	6.05002	4.36970e-05
9.34508e+04	1.60620e-02	1.59825e-01	2.55251	5.96588	4.36970e-05
9.36061e+04	1.60620e-02	1.56786e-01	5.13052	5.98143	4.36970e-05
9.37614e+04	1.60668e-02	1.56459e-01	0.90585	5.92827	4.36970e-05
9.39167e+04	1.60660e-02	1.56823e-01	2.95454	5.82799	4.36970e-05
9.40720e+04	1.60600e-02	1.54410e-01	5.32437	5.59046	4.36970e-05
9.42273e+04	1.60510e-02	1.59484e-01	1.26239	5.50428	4.36970e-05
9.43826e+04	1.60422e-02	1.58996e-01	3.36582	5.53034	4.36970e-05
9.45378e+04	1.60486e-02	1.55802e-01	5.17077	5.54862	4.36970e-05
9.46931e+04	1.60371e-02	1.53154e-01	0.69627	5.52182	4.36970e-05
9.48484e+04	1.60343e-02	1.50425e-01	2.55396	5.37393	4.36970e-05
9.50037e+04	1.60158e-02	1.50753e-01	4.40853	5.18011	4.36970e-05
9.51590e+04	1.60155e-02	1.53805e-01	0.13529	5.07131	4.36970e-05
9.53143e+04	1.60146e-02	1.55884e-01	2.07952	5.03583	4.36970e-05
9.54696e+04	1.60216e-02	1.56208e-01	3.91443	5.05364	4.36970e-05
9.56248e+04	1.60243e-02	1.56169e-01	5.76930	5.00424	4.36970e-05
9.57801e+04	1.60323e-02	1.57246e-01	1.24785	4.99694	4.36970e-05
9.59354e+04	1.60261e-02	1.56991e-01	2.98663	4.97312	4.36970e-05
9.60907e+04	1.60260e-02	1.55404e-01	4.79756	4.97062	4.36970e-05
9.62460e+04	1.60264e-02	1.54761e-01	0.30775	4.96607	4.36970e-05
9.64013e+04	1.60260e-02	1.53317e-01	2.18984	4.96341	4.36970e-05
9.65566e+04	1.60173e-02	1.52922e-01	4.24742	4.89884	4.36970e-05
9.67118e+04	1.60176e-02	1.54618e-01	0.14621	4.87040	4.36970e-05
9.68671e+04	1.60121e-02	1.57057e-01	2.34864	4.91195	4.36970e-05
9.70224e+04	1.60098e-02	1.57537e-01	4.83144	4.99357	4.36970e-05
9.71777e+04	1.60014e-02	1.56237e-01	1.12932	4.94257	4.36970e-05
9.73330e+04	1.59915e-02	1.56934e-01	4.01793	4.81709	4.36970e-05
9.74883e+04	1.59873e-02	1.57254e-01	0.52651	4.86109	4.36970e-05
9.76436e+04	1.59855e-02	1.56814e-01	3.30023	4.99831	4.36970e-05
9.77988e+04	1.59913e-02	1.54785e-01	0.03494	5.03895	4.36970e-05
9.79541e+04	1.59833e-02	1.54860e-01	3.20917	5.00807	4.36970e-05
9.81094e+04	1.59876e-02	1.58533e-01	0.26402	5.01936	4.36970e-05
9.82647e+04	1.59959e-02	1.60704e-01	3.81596	5.12903	4.36970e-05
9.84200e+04	1.59833e-02	1.59838e-01	1.32009	5.17928	4.36970e-05
9.85753e+04	1.59890e-02	1.59340e-01	5.21902	5.18239	4.36970e-05
9.87306e+04	1.59642e-02	1.56013e-01	3.01764	5.16084	4.36970e-05
9.88858e+04	1.59716e-02	1.53763e-01	0.92909	5.18799	4.36970e-05
9.90411e+04	1.59746e-02	1.56103e-01	5.28447	5.29422	4.36970e-05
9.91964e+04	1.59706e-02	1.56827e-01	3.59110	5.40632	4.36970e-05
9.93517e+04	1.59752e-02	1.57117e-01	2.34381	5.48596	4.36970e-05
9.95070e+04	1.59654e-02	1.58622e-01	1.24929	5.52572	4.36970e-05
9.96623e+04	1.59636e-02	1.60366e-01	0.50285	5.38808	4.36970e-05
9.98176e+04	1.59439e-02	1.63746e-01	6.04593	5.34535	4.36970e-05
9.99728e+04	1.59625e-02	1.64377e-01	5.35212	5.39559	4.36970e-05
1.00128e+05	1.59630e-02	1.60781e-01	4.94119	5.45326	4.36970e-05
1.00283e+05	1.59597e-02	1.55903e-01	4.72589	5.38908	4.36970e-05
1.00439e+05	1.59628e-02	1.57586e-01	4.79939	5.35192	4.36970e-05
1.00594e+05	1.59473e-02	1.54364e-01	4.93518	5.54785	4.36970e-05
1.00749e+05	1.59389e-02	1.52816e-01	5.20106	5.57323	4.36970e-05
1.00905e+05	1.59535e-02	1.52611e-01	5.81161	5.51409	4.36970e-05
1.01060e+05	1.59482e-02	1.55174e-01	0.24141	5.45890	4.36970e-05
1.01215e+05	1.59333e-02	1.56931e-01	1.38669	5.54142	4.36970e-05
1.01370e+05	1.59266e-02	1.55851e-01	2.52553	5.64874	4.36970e-05
1.01526e+05	1.59397e-02	1.55110e-01	4.11041	5.54576	4.36970e-05
1.01681e+05	1.59470e-02	1.56977e-01	5.78353	5.48143	4.36970e-05
1.01836e+05	1.59305e-02	1.61127e-01	1.41374	5.59017	4.36970e-05
1.01992e+05	1.59153e-02	1.60822e-01	3.55507	5.69093	4.36970e-05
1.02147e+05	1.59367e-02	1.60137e-01	5.94525	5.60855	4.36970e-05
1.02302e+05	1.59318e-02	1.63180e-01	2.40520	5.47687	4.36970e-05
1.02457e+05	1.59084e-02	1.64023e-01	5.20768	5.55711	4.36970e-05
1.02613e+05	1.59252e-02	1.59261e-01	2.10913	5.61365	4.36970e-05
1.02768e+05	1.59235e-02	1.55493e-01	5.61214	5.45502	4.36970e-05
1.02923e+05	1.59037e-02	1.54988e-01	3.12000	5.40883	4.36970e-05
1.03079e+05	1.59205e-02	1.53175e-01	0.81611	5.57367	4.36970e-05
1.03234e+05	1.59154e-02	1.49550e-01	5.12461	5.48392	4.36970e-05
1.03389e+05	1.58989e-02	1.51129e-01	3.57358	5.36362	4.36970e-05
1.03544e+05	1.59128e-02	1.55461e-01	2.23330	5.53275	4.36970e-05
1.03700e+05	1.59079e-02	1.52841e-01	1.24671	5.50900	4.36970e-05
1.03855e+05	1.58840e-02	1.52364e-01	0.63313	5.32315	4.36970e-05
1.04010e+05	1.59079e-02	1.59237e-01	0.24908	5.42621	4.36970e-05
1.04166e+05	1.58988e-02	1.56289e-01	0.17000	5.52220	4.36970e-05
1.04321e+05	1.58992e-02	1.55023e-01	0.62040	5.35791	4.36970e-05
1.04476e+05	1.58929e-02	1.62060e-01	1.37727	5.36095	4.36970e-05
1.04631e+05	1.58807e-02	1.61347e-01	2.42981	5.51597	4.36970e-05
1.04787e+05	1.58939e-02	1.59282e-01	3.99154	5.39471	4.36970e-05
1.04942e+05	1.58666e-02	1.62018e-01	5.90926	5.32167	4.36970e-05
1.05097e+05	1.58965e-02	1.64153e-01	1.82953	5.48982	4.36970e-05
1.05253e+05	1.58656e-02	1.59436e-01	4.52058	5.45267	4.36970e-05
1.05408e+05	1.58828e-02	1.61022e-01	1.38540	5.30411	4.36970e-05
1.05563e+05	1.58598e-02	1.60348e-01	4.90312	5.43724	4.36970e-05
1.05718e+05	1.58852e-02	1.55600e-01	2.59344	5.49204	4.36970e-05
1.05874e+05	1.58513e-02	1.53613e-01	0.67642	5.33818	4.36970e-05
1.06029e+05	1.58818e-02	1.57365e-01	5.57813	5.39597	4.36970e-05
1.06184e+05	1.58638e-02	1.53724e-01	4.45515	5.51646	4.36970e-05
1.06340e+05	1.58715e-02	1.51791e-01	4.02050	5.37204	4.36970e-05
1.06495e+05	1.58652e-02	1.55585e-01	4.00111	5.31824	4.36970e-05
1.06650e+05	1.58489e-02	1.53457e-01	4.31509	5.44594	4.36970e-05
1.06805e+05	1.58656e-02	1.51552e-01	5.20496	5.34574	4.36970e-05
1.06961e+05	1.58587e-02	1.53438e-01	0.36177	5.25928	4.36970e-05
1.07116e+05	1.58476e-02	1.54705e-01	2.14465	5.37165	4.36970e-05
1.07271e+05	1.58637e-02	1.53781e-01	4.43479	5.36609	4.36970e-05
1.07427e+05	1.58584e-02	1.56199e-01	1.10509	5.22884	4.36970e-05
1.07582e+05	1.58359e-02	1.59560e-01	4.42435	5.29045	4.36970e-05
1.07737e+05	1.58464e-02	1.60436e-01	1.98557	5.29913	4.36970e-05
1.07892e+05	1.58478e-02	1.61692e-01	0.14947	5.14391	4.36970e-05
1.08048e+05	1.58284e-02	1.63913e-01	5.06285	5.16156	4.36970e-05
1.08203e+05	1.58231e-02	1.60928e-01	4.15600	5.18034	4.36970e-05
1.08358e+05	1.58375e-02	1.60656e-01	3.94384	5.03821	4.36970e-05
1.08514e+05	1.58422e-02	1.62781e-01	4.17717	5.02405	4.36970e-05
1.08669e+05	1.58274e-02	1.61250e-01	4.90856	5.07182	4.36970e-05
1.08824e+05	1.58356e-02	1.58950e-01	0.01333	4.95130	4.36970e-05
1.08979e+05	1.58143e-02	1.59819e-01	1.93278	4.86041	4.36970e-05
1.09135e+05	1.58081e-02	1.59822e-01	4.36495	4.91435	4.36970e-05
1.09290e+05	1.58171e-02	1.56639e-01	1.13835	4.79313	4.36970e-05
1.09445e+05	1.58238e-02	1.58122e-01	4.84462	4.67237	4.36970e-05
1.09601e+05	1.58237e-02	1.57157e-01	2.63437	4.71552	4.36970e-05
1.09756e+05	1.58134e-02	1.53547e-01	1.09329	4.62532	4.36970e-05
1.09911e+05	1.58232e-02	1.54829e-01	0.23619	4.50696	4.36970e-05
1.10066e+05	1.58225e-02	1.54754e-01	6.13916	4.57006	4.36970e-05
1.10222e+05	1.58101e-02	1.52028e-01	0.09876	4.49989	4.36970e-05
1.10377e+05	1.58073e-02	1.53100e-01	0.93618	4.36325	4.36970e-05
1.10532e+05	1.58023e-02	1.55176e-01	2.39584	4.37399	4.36970e-05
1.10688e+05	1.58064e-02	1.53704e-01	4.52222	4.27591	4.36970e-05
1.10843e+05	1.57958e-02	1.53817e-01	1.02064	4.08194	4.36970e-05
1.10998e+05	1.57804e-02	1.55895e-01	4.36350	4.02559	4.36970e-05
1.11153e+05	1.57804e-02	1.54832e-01	2.09705	3.95115	4.36970e-05
1.11309e+05	1.57985e-02	1.54547e-01	0.34486	3.72387	4.36970e-05
1.11464e+05	1.57902e-02	1.56733e-01	5.65563	3.62673	4.36970e-05
1.11619e+05	1.57966e-02	1.55836e-01	5.28089	3.57845	4.36970e-05
1.11775e+05	1.57977e-02	1.53628e-01	5.47484	3.35092	4.36970e-05
1.11930e+05	1.57651e-02	1.56745e-01	0.13515	3.22030	4.36970e-05
1.12085e+05	1.57854e-02	1.58738e-01	1.61344	3.15622	4.36970e-05
1.12240e+05	1.57907e-02	1.57489e-01	3.79870	2.95557	4.36970e-05
1.12396e+05	1.57783e-02	1.58585e-01	0.40186	2.73767	4.36970e-05
1.12551e+05	1.57639e-02	1.60185e-01	3.91500	2.63316	4.36970e-05
1.12706e+05	1.57760e-02	1.59719e-01	1.71744	2.47748	4.36970e-05
1.12862e+05	1.57719e-02	1.59846e-01	0.25831	2.21662	4.36970e-05
1.13017e+05	1.57631e-02	1.61405e-01	5.76611	2.08350	4.36970e-05
1.13172e+05	1.57712e-02	1.60468e-01	5.57811	1.93964	4.36970e-05
1.13327e+05	1.57438e-02	1.57320e-01	6.17132	1.66522	4.36970e-05
1.13483e+05	1.57731e-02	1.60882e-01	1.03224	1.49126	4.36970e-05
1.13638e+05	1.57469e-02	1.58908e-01	2.89450	1.35889	4.36970e-05
1.13793e+05	1.57570e-02	1.58313e-01	5.44455	1.07915	4.36970e-05
1.13949e+05	1.57486e-02	1.60686e-01	2.38099	0.87239	4.36970e-05
1.14104e+05	1.57573e-02	1.60585e-01	0.03279	0.72512	4.36970e-05
1.14259e+05	1.57374e-02	1.59426e-01	4.61712	0.40530	4.36970e-05
1.14414e+05	1.57536e-02	1.62166e-01	3.66454	0.18777	4.36970e-05
1.14570e+05	1.57297e-02	1.59654e-01	3.27815	6.26700	4.36970e-05
1.14725e+05	1.57482e-02	1.60464e-01	3.76221	5.93410	4.36970e-05
1.14880e+05	1.57400e-02	1.61022e-01	4.79950	5.71615	4.36970e-05
1.15036e+05	1.57182e-02	1.59195e-01	0.30110	5.46863	4.36970e-05
1.15191e+05	1.57338e-02	1.59062e-01	2.70137	5.11956	4.36970e-05
1.15346e+05	1.57317e-02	1.60345e-01	5.86100	4.91766	4.36970e-05
1.15501e+05	1.57258e-02	1.56445e-01	3.43121	4.64254	4.36970e-05
1.15657e+05	1.57197e-02	1.56050e-01	1.64436	4.31158	4.36970e-05
1.15812e+05	1.57366e-02	1.58211e-01	0.59594	4.08711	4.36970e-05
1.15967e+05	1.57307e-02	1.56565e-01	0.23954	3.75817	4.36970e-05
1.16123e+05	1.57277e-02	1.57117e-01	0.58452	3.41811	4.36970e-05
1.16278e+05	1.57075e-02	1.56717e-01	1.67651	3.15999	4.36970e-05
1.16433e+05	1.57047e-02	1.54744e-01	3.37500	2.77357	4.36970e-05
1.16588e+05	1.57254e-02	1.56799e-01	5.83865	2.43664	4.36970e-05
1.16744e+05	1.57224e-02	1.55950e-01	2.69037	2.15278	4.36970e-05
1.16899e+05	1.57171e-02	1.54765e-01	0.31727	1.71195	4.36970e-05
1.17054e+05	1.57207e-02	1.56073e-01	4.85814	1.38700	4.36970e-05
1.17210e+05	1.57163e-02	1.53727e-01	3.79697	1.04275	4.36970e-05
1.17365e+05	1.57160e-02	1.54408e-01	3.49466	0.59561	4.36970e-05
1.17520e+05	1.57190e-02	1.55274e-01	3.85300	0.28415	4.36970e-05
1.17675e+05	1.57083e-02	1.52916e-01	4.80418	6.18847	4.36970e-05
1.17831e+05	1.56996e-02	1.53530e-01	0.31895	5.76916	4.36970e-05
1.17986e+05	1.56918e-02	1.54308e-01	2.65731	5.45496	4.36970e-05
1.18141e+05	1.57060e-02	1.52966e-01	5.74850	5.01883	4.36970e-05
1.18297e+05	1.56757e-02	1.54075e-01	3.36382	4.56448	4.36970e-05
1.18452e+05	1.56717e-02	1.53915e-01	1.55001	4.18049	4.36970e-05
1.18607e+05	1.56961e-02	1.55143e-01	0.58349	3.66846	4.36970e-05
1.18762e+05	1.56916e-02	1.57167e-01	0.17556	3.22909	4.36970e-05
1.18918e+05	1.56852e-02	1.56443e-01	0.45341	2.77845	4.36970e-05
1.19073e+05	1.56679e-02	1.57527e-01	1.45616	2.24943	4.36970e-05
1.19228e+05	1.56616e-02	1.59876e-01	3.09559	1.80777	4.36970e-05
1.19384e+05	1.56731e-02	1.60262e-01	5.44947	1.30443	4.36970e-05
1.19539e+05	1.56749e-02	1.60219e-01	2.23112	0.75485	4.36970e-05
1.19694e+05	1.56563e-02	1.59888e-01	5.90233	0.27457	4.36970e-05
1.19849e+05	1.56737e-02	1.60383e-01	3.95975	6.01395	4.36970e-05
1.20005e+05	1.56652e-02	1.59964e-01	2.64999	5.48005	4.36970e-05
1.20160e+05	1.56549e-02	1.58434e-01	2.01475	4.97780	4.36970e-05
1.20315e+05	1.56753e-02	1.57067e-01	2.09617	4.40373	4.36970e-05
1.20471e+05	1.56482e-02	1.55386e-01	2.74981	3.84026	4.36970e-05
1.20626e+05	1.56590e-02	1.55706e-01	4.05679	3.26772	4.36970e-05
1.20781e+05	1.56588e-02	1.54095e-01	6.14682	2.63193	4.36970e-05
1.20936e+05	1.56584e-02	1.54192e-01	2.41522	2.06531	4.36970e-05
1.21092e+05	1.56554e-02	1.53903e-01	5.69193	1.43951	4.36970e-05
1.21247e+05	1.56474e-02	1.55316e-01	3.31042	0.81319	4.36970e-05
1.21402e+05	1.56372e-02	1.54882e-01	1.46072	0.21684	4.36970e-05
1.21558e+05	1.56527e-02	1.57167e-01	0.27553	5.84166	4.36970e-05
1.21713e+05	1.56232e-02	1.58450e-01	6.04487	5.19308	4.36970e-05
1.21868e+05	1.56453e-02	1.59874e-01	6.08010	4.53650	4.36970e-05
1.22023e+05	1.56419e-02	1.61774e-01	0.42144	3.84571	4.36970e-05
1.22179e+05	1.56286e-02	1.61298e-01	1.67183	3.17673	4.36970e-05
1.22334e+05	1.56418e-02	1.60814e-01	3.52729	2.47916	4.36970e-05
1.22489e+05	1.56322e-02	1.59407e-01	5.87799	1.75439	4.36970e-05
1.22645e+05	1.56144e-02	1.56448e-01	2.65858	1.04958	4.36970e-05
1.22800e+05	1.56371e-02	1.54990e-01	6.12777	0.29404	4.36970e-05
1.22955e+05	1.56266e-02	1.54691e-01	4.04166	5.82877	4.36970e-05
1.23110e+05	1.56059e-02	1.53138e-01	2.35782	5.06917	4.36970e-05
1.23266e+05	1.56145e-02	1.53847e-01	1.25617	4.26661	4.36970e-05
1.23421e+05	1.56136e-02	1.57194e-01	0.74587	3.49684	4.36970e-05
1.23576e+05	1.56202e-02	1.59207e-01	0.64232	2.72062	4.36970e-05
1.23732e+05	1.56196e-02	1.60192e-01	1.16422	1.90357	4.36970e-05
1.23887e+05	1.55933e-02	1.60385e-01	2.07886	1.10538	4.36970e-05
1.24042e+05	1.55921e-02	1.57829e-01	3.48138	0.27199	4.36970e-05
1.24197e+05	1.56079e-02	1.57334e-01	5.42249	5.72987	4.36970e-05
1.24353e+05	1.56092e-02	1.55589e-01	1.62405	4.86818	4.36970e-05
1.24508e+05	1.56110e-02	1.54763e-01	4.50293	3.97864	4.36970e-05
1.24663e+05	1.56082e-02	1.54702e-01	1.58424	3.08245	4.36970e-05
1.24819e+05	1.55989e-02	1.56082e-01	5.34350	2.16643	4.36970e-05
1.24974e+05	1.56014e-02	1.58218e-01	3.28720	1.24262	4.36970e-05
1.25129e+05	1.55965e-02	1.60380e-01	1.59663	0.32532	4.36970e-05
1.25284e+05	1.55904e-02	1.60695e-01	0.36402	5.66083	4.36970e-05
1.25440e+05	1.55877e-02	1.59075e-01	5.77540	4.71761	4.36970e-05
1.25595e+05	1.55802e-02	1.55680e-01	5.20060	3.77867	4.36970e-05
1.25750e+05	1.55812e-02	1.53412e-01	5.09604	2.77021	4.36970e-05
1.25906e+05	1.55742e-02	1.54289e-01	5.23510	1.79424	4.36970e-05
1.26061e+05	1.55801e-02	1.55911e-01	5.79905	0.79010	4.36970e-05
1.26216e+05	1.55841e-02	1.58558e-01	0.40352	6.04503	4.36970e-05
1.26371e+05	1.55824e-02	1.60458e-01	1.52460	5.02269	4.36970e-05
1.26527e+05	1.55729e-02	1.59626e-01	2.95856	3.96126	4.36970e-05
1.26682e+05	1.55699e-02	1.57094e-01	4.72920	2.90816	4.36970e-05
1.26837e+05	1.55717e-02	1.54469e-01	0.39718	1.81830	4.36970e-05
1.26993e+05	1.55774e-02	1.52648e-01	2.61110	0.68860	4.36970e-05
1.27148e+05	1.55691e-02	1.53942e-01	5.06394	5.85341	4.36970e-05
1.27303e+05	1.55650e-02	1.56546e-01	1.48111	4.69226	4.36970e-05
1.27458e+05	1.55663e-02	1.60042e-01	4.33191	3.53732	4.36970e-05
1.27614e+05	1.55519e-02	1.58070e-01	1.02980	2.38799	4.36970e-05
1.27769e+05	1.55438e-02	1.54829e-01	4.16019	1.17905	4.36970e-05
1.27924e+05	1.55398e-02	1.53053e-01	1.11886	6.25998	4.36970e-05
1.28080e+05	1.55412e-02	1.51752e-01	4.52214	5.02236	4.36970e-05
1.28235e+05	1.55477e-02	1.55966e-01	1.75580	3.76749	4.36970e-05
1.28390e+05	1.55466e-02	1.58237e-01	5.25471	2.53994	4.36970e-05
1.28545e+05	1.55540e-02	1.59479e-01	2.55335	1.26869	4.36970e-05
1.28701e+05	1.55485e-02	1.56637e-01	6.07977	0.00425	4.36970e-05
1.28856e+05	1.55438e-02	1.53081e-01	3.34002	4.96013	4.36970e-05
1.29011e+05	1.55340e-02	1.53180e-01	0.66361	3.61303	4.36970e-05
1.29167e+05	1.55282e-02	1.55216e-01	4.20059	2.27492	4.36970e-05
1.29322e+05	1.55208e-02	1.59095e-01	1.36629	0.90063	4.36970e-05
1.29477e+05	1.55155e-02	1.58475e-01	4.66220	5.83338	4.36970e-05
1.29632e+05	1.55347e-02	1.54108e-01	1.56928	4.43591	4.36970e-05
1.29788e+05	1.55305e-02	1.53093e-01	4.62805	2.99357	4.36970e-05
1.29943e+05	1.55292e-02	1.56179e-01	1.24537	1.56151	4.36970e-05
1.30098e+05	1.55377e-02	1.58400e-01	3.88828	0.09727	4.36970e-05
1.30254e+05	1.55242e-02	1.58184e-01	6.22604	4.93325	4.36970e-05
1.30409e+05	1.55235e-02	1.53523e-01	2.12832	3.44140	4.36970e-05
1.30564e+05	1.55204e-02	1.52828e-01	4.03629	1.89295	4.36970e-05
1.30719e+05	1.55205e-02	1.54976e-01	5.67059	0.35835	4.36970e-05
1.30875e+05	1.55110e-02	1.59355e-01	0.49472	5.08718	4.36970e-05
1.31030e+05	1.55006e-02	1.56770e-01	1.37695	3.52304	4.36970e-05
1.31185e+05	1.54993e-02	1.52268e-01	1.72137	1.93277	4.36970e-05
1.31341e+05	1.54932e-02	1.52575e-01	1.74254	0.28509	4.36970e-05
1.31496e+05	1.54994e-02	1.56072e-01	1.16461	4.93708	4.36970e-05
1.31651e+05	1.55058e-02	1.57924e-01	0.12991	3.27965	4.36970e-05
1.31806e+05	1.55098e-02	1.54367e-01	4.68174	1.60502	4.36970e-05
1.31962e+05	1.54976e-02	1.50840e-01	2.60138	6.18416	4.36970e-05
1.32117e+05	1.54968e-02	1.54642e-01	6.09756	4.43355	4.36970e-05
1.32272e+05	1.55041e-02	1.59050e-01	2.59201	2.70758	4.36970e-05
1.32428e+05	1.54915e-02	1.56688e-01	4.76616	0.93551	4.36970e-05
1.32583e+05	1.54897e-02	1.53370e-01	6.17593	5.41506	4.36970e-05
1.32738e+05	1.54742e-02	1.52895e-01	0.52926	3.58283	4.36970e-05
1.32893e+05	1.54826e-02	1.58132e-01	0.37299	1.75649	4.36970e-05
1.33049e+05	1.54942e-02	1.55773e-01	5.54620	6.18985	4.36970e-05
1.33204e+05	1.54792e-02	1.51623e-01	3.61907	4.27873	4.36970e-05
1.33359e+05	1.54601e-02	1.54120e-01	0.72768	2.36681	4.36970e-05
1.33515e+05	1.54850e-02	1.58576e-01	3.03292	0.47292	4.36970e-05
1.33670e+05	1.54776e-02	1.54500e-01	4.35900	4.80614	4.36970e-05
1.33825e+05	1.54655e-02	1.51259e-01	4.69055	2.80686	4.36970e-05
1.33980e+05	1.54807e-02	1.56132e-01	3.87247	0.79587	4.36970e-05
1.34136e+05	1.54498e-02	1.54347e-01	1.82475	5.04627	4.36970e-05
1.34291e+05	1.54811e-02	1.52133e-01	4.79179	2.99246	4.36970e-05
1.34446e+05	1.54439e-02	1.54550e-01	0.28000	0.90975	4.36970e-05
1.34602e+05	1.54668e-02	1.57733e-01	0.76122	5.10726	4.36970e-05
1.34757e+05	1.54628e-02	1.51615e-01	6.08740	2.96293	4.36970e-05
1.34912e+05	1.54512e-02	1.51764e-01	3.70854	0.76007	4.36970e-05
1.35067e+05	1.54602e-02	1.57357e-01	6.08036	4.83963	4.36970e-05
1.35223e+05	1.54574e-02	1.51886e-01	0.65823	2.60913	4.36970e-05
1.35378e+05	1.54559e-02	1.52988e-01	6.27143	0.30363	4.36970e-05
1.35533e+05	1.54375e-02	1.56980e-01	3.76764	4.29394	4.36970e-05
1.35689e+05	1.54309e-02	1.52085e-01	5.91478	1.96934	4.36970e-05
1.35844e+05	1.54293e-02	1.50178e-01	6.18894	5.84969	4.36970e-05
1.35999e+05	1.54330e-02	1.55950e-01	4.69348	3.45306	4.36970e-05
1.36154e+05	1.54359e-02	1.52392e-01	1.29072	1.02926	4.36970e-05
1.36310e+05	1.54445e-02	1.52565e-01	2.13834	4.82906	4.36970e-05
1.36465e+05	1.54408e-02	1.56990e-01	1.00547	2.33543	4.36970e-05
1.36620e+05	1.54235e-02	1.50661e-01	3.94496	6.08206	4.36970e-05
1.36776e+05	1.54427e-02	1.52678e-01	4.85719	3.49451	4.36970e-05
1.36931e+05	1.54362e-02	1.57052e-01	3.44758	0.90574	4.36970e-05
1.37086e+05	1.54355e-02	1.50414e-01	5.97061	4.55809	4.36970e-05
1.37241e+05	1.54303e-02	1.53996e-01	6.27044	1.86349	4.36970e-05
1.37397e+05	1.54355e-02	1.55426e-01	3.94458	5.44702	4.36970e-05
1.37552e+05	1.54329e-02	1.51110e-01	5.59292	2.69991	4.36970e-05
1.37707e+05	1.54079e-02	1.54882e-01	4.54348	6.20428	4.36970e-05
1.37863e+05	1.54059e-02	1.50635e-01	0.84137	3.40464	4.36970e-05
1.38018e+05	1.54029e-02	1.52147e-01	0.80598	0.51326	4.36970e-05
1.38173e+05	1.54035e-02	1.54767e-01	4.00662	3.92587	4.36970e-05
1.38328e+05	1.54225e-02	1.49767e-01	4.53484	1.00457	4.36970e-05
1.38484e+05	1.54190e-02	1.55301e-01	2.10769	4.29992	4.36970e-05
1.38639e+05	1.53990e-02	1.51664e-01	2.88836	1.32360	4.36970e-05
1.38794e+05	1.54149e-02	1.51926e-01	0.51918	4.51772	4.36970e-05
1.38950e+05	1.53923e-02	1.52493e-01	1.24399	1.44805	4.36970e-05
1.39105e+05	1.54051e-02	1.50254e-01	5.00840	4.57191	4.36970e-05
1.39260e+05	1.54131e-02	1.55801e-01	5.27623	1.41293	4.36970e-05
1.39415e+05	1.54093e-02	1.50025e-01	2.14587	4.52291	4.36970e-05
1.39571e+05	1.53980e-02	1.52726e-01	1.67942	1.24227	4.36970e-05
1.39726e+05	1.54064e-02	1.52422e-01	3.98611	4.24500	4.36970e-05
1.39881e+05	1.53982e-02	1.51697e-01	2.56033	0.89848	4.36970e-05
1.40037e+05	1.53832e-02	1.51499e-01	3.66682	3.80301	4.36970e-05
1.40192e+05	1.53962e-02	1.51096e-01	0.70619	0.36794	4.36970e-05
1.40347e+05	1.53988e-02	1.52043e-01	6.24977	3.22010	4.36970e-05
1.40502e+05	1.53711e-02	1.50763e-01	1.58649	5.99572	4.36970e-05
1.40658e+05	1.53831e-02	1.50525e-01	5.31609	2.45789	4.36970e-05
1.40813e+05	1.53730e-02	1.52277e-01	4.53926	5.12762	4.36970e-05
1.40968e+05	1.53654e-02	1.48822e-01	5.85307	1.48297	4.36970e-05
1.41124e+05	1.53820e-02	1.52294e-01	2.73217	4.02942	4.36970e-05
1.41279e+05	1.53842e-02	1.50492e-01	1.21572	0.28743	4.36970e-05
1.41434e+05	1.53829e-02	1.50274e-01	1.08425	2.76797	4.36970e-05
1.41589e+05	1.53667e-02	1.50081e-01	2.64999	5.16715	4.36970e-05
1.41745e+05	1.53590e-02	1.49508e-01	5.62342	1.28390	4.36970e-05
1.41900e+05	1.53621e-02	1.50236e-01	3.43190	3.51485	4.36970e-05
1.42055e+05	1.53725e-02	1.48818e-01	2.32536	5.75772	4.36970e-05
1.42211e+05	1.53719e-02	1.51272e-01	2.26695	1.64975	4.36970e-05
1.42366e+05	1.53709e-02	1.49846e-01	3.08491	3.73845	4.36970e-05
1.42521e+05	1.53546e-02	1.47779e-01	4.70247	5.84953	4.36970e-05
1.42676e+05	1.53479e-02	1.50907e-01	0.53974	1.52850	4.36970e-05
1.42832e+05	1.53499e-02	1.46612e-01	3.27208	3.48281	4.36970e-05
1.42987e+05	1.53630e-02	1.48507e-01	0.08733	5.36254	4.36970e-05
1.43142e+05	1.53443e-02	1.50148e-01	3.46810	0.87832	4.36970e-05
1.43298e+05	1.53647e-02	1.48404e-01	0.67756	2.65347	4.36970e-05
1.43453e+05	1.53659e-02	1.47990e-01	4.04441	4.31976	4.36970e-05
1.43608e+05	1.53614e-02	1.50963e-01	1.21582	5.92892	4.36970e-05
1.43763e+05	1.53374e-02	1.47263e-01	4.33110	1.20071	4.36970e-05
1.43919e+05	1.53551e-02	1.47002e-01	0.64468	2.71154	4.36970e-05
1.44074e+05	1.53389e-02	1.47920e-01	2.76475	4.11152	4.36970e-05
1.44229e+05	1.53386e-02	1.49161e-01	4.18404	5.44447	4.36970e-05
1.44385e+05	1.53524e-02	1.46166e-01	4.84628	0.46152	4.36970e-05
1.44540e+05	1.53453e-02	1.47450e-01	4.42011	1.66520	4.36970e-05
1.44695e+05	1.53477e-02	1.49408e-01	2.93125	2.79512	4.36970e-05
1.44850e+05	1.53460e-02	1.48541e-01	0.21704	3.87426	4.36970e-05
1.45006e+05	1.53388e-02	1.45765e-01	2.40076	4.85071	4.36970e-05
1.45161e+05	1.53434e-02	1.46412e-01	2.97549	5.82209	4.36970e-05
1.45316e+05	1.53434e-02	1.47797e-01	1.88692	0.35898	4.36970e-05
1.45472e+05	1.53422e-02	1.48735e-01	5.16007	1.16532	4.36970e-05
1.45627e+05	1.53376e-02	1.45416e-01	0.22640	1.83865	4.36970e-05
1.45782e+05	1.53339e-02	1.44882e-01	5.66452	2.47843	4.36970e-05
1.45937e+05	1.53355e-02	1.43906e-01	2.43334	3.01356	4.36970e-05
1.46093e+05	1.53360e-02	1.45544e-01	3.08093	3.48256	4.36970e-05
1.46248e+05	1.53358e-02	1.45459e-01	1.10080	3.84573	4.36970e-05
1.46403e+05	1.53248e-02	1.46760e-01	2.53335	4.12116	4.36970e-05
1.46559e+05	1.53226e-02	1.45944e-01	0.97878	4.30708	4.36970e-05
1.46714e+05	1.53202e-02	1.45271e-01	2.61461	4.40475	4.36970e-05
1.46869e+05	1.53222e-02	1.45190e-01	0.83583	4.41979	4.36970e-05
1.47024e+05	1.53267e-02	1.42840e-01	1.86306	4.32558	4.36970e-05
1.47180e+05	1.53203e-02	1.43574e-01	5.53315	4.13766	4.36970e-05
1.47335e+05	1.53051e-02	1.41461e-01	5.20363	3.84130	4.36970e-05
1.47490e+05	1.53211e-02	1.42522e-01	0.90837	3.46580	4.36970e-05
1.47646e+05	1.53045e-02	1.40980e-01	4.95437	2.99402	4.36970e-05
1.47801e+05	1.53224e-02	1.41790e-01	4.59227	2.41971	4.36970e-05
1.47956e+05	1.53006e-02	1.40152e-01	5.93457	1.72836	4.36970e-05
1.48111e+05	1.53054e-02	1.40459e-01	2.45783	0.95179	4.36970e-05
1.48267e+05	1.53181e-02	1.42517e-01	0.26185	0.07358	4.36970e-05
1.48422e+05	1.53160e-02	1.41681e-01	5.37960	5.36730	4.36970e-05
1.48577e+05	1.53103e-02	1.42595e-01	5.16824	4.28807	4.36970e-05
1.48733e+05	1.53085e-02	1.42247e-01	5.72786	3.08238	4.36970e-05
1.48888e+05	1.53094e-02	1.42577e-01	0.57158	1.77207	4.36970e-05
1.49043e+05	1.53117e-02	1.41802e-01	1.96422	0.34337	4.36970e-05
1.49198e+05	1.53056e-02	1.39810e-01	3.45860	5.11813	4.36970e-05
1.49354e+05	1.53131e-02	1.39083e-01	4.81196	3.49154	4.36970e-05
1.49509e+05	1.52924e-02	1.37251e-01	5.97923	1.75661	4.36970e-05
1.49664e+05	1.52779e-02	1.40368e-01	0.37174	6.20570	4.36970e-05
1.49820e+05	1.52979e-02	1.40221e-01	0.31122	4.22472	4.36970e-05
1.49975e+05	1.53046e-02	1.38891e-01	5.66148	2.15491	4.36970e-05
1.50130e+05	1.52980e-02	1.37899e-01	3.71189	6.18311	4.36970e-05
1.50285e+05	1.52887e-02	1.36717e-01	0.37613	3.81858	4.36970e-05
1.50441e+05	1.52999e-02	1.39013e-01	1.85514	1.35693	4.36970e-05
1.50596e+05	1.52801e-02	1.36366e-01	1.45964	5.04135	4.36970e-05
1.50751e+05	1.52717e-02	1.36199e-01	5.42013	2.33157	4.36970e-05
1.50907e+05	1.52904e-02	1.39284e-01	0.87770	5.75822	4.36970e-05
1.51062e+05	1.52978e-02	1.36866e-01	0.29312	2.80595	4.36970e-05
1.51217e+05	1.52729e-02	1.35069e-01	3.38588	5.95640	4.36970e-05
1.51372e+05	1.52808e-02	1.36414e-01	3.52582	2.73250	4.36970e-05
1.51528e+05	1.52812e-02	1.35110e-01	0.61769	5.62969	4.36970e-05
1.51683e+05	1.52811e-02	1.36666e-01	0.65969	2.11831	4.36970e-05
1.51838e+05	1.52663e-02	1.32905e-01	3.48370	4.74107	4.36970e-05
1.51994e+05	1.52794e-02	1.35031e-01	2.61763	0.93034	4.36970e-05
1.52149e+05	1.52844e-02	1.33226e-01	4.01492	3.27566	4.36970e-05
1.52304e+05	1.52860e-02	1.34564e-01	1.17160	5.46034	4.36970e-05
1.52459e+05	1.52908e-02	1.32944e-01	0.10683	1.23448	4.36970e-05
1.52615e+05	1.52770e-02	1.32993e-01	0.58929	3.13383	4.36970e-05
1.52770e+05	1.52875e-02	1.31815e-01	2.53485	4.88253	4.36970e-05
1.52925e+05	1.52764e-02	1.31480e-01	5.60799	0.20044	4.36970e-05
1.53081e+05	1.52754e-02	1.31059e-01	3.25613	1.64460	4.36970e-05
1.53236e+05	1.52652e-02	1.28431e-01	1.47286	2.91529	4.36970e-05
1.53391e+05	1.52666e-02	1.29394e-01	0.15253	4.06346	4.36970e-05
1.53546e+05	1.52795e-02	1.30693e-01	5.40652	5.00858	4.36970e-05
1.53702e+05	1.52535e-02	1.26860e-01	4.11658	5.81318	4.36970e-05
1.53857e+05	1.52824e-02	1.29668e-01	2.63886	0.17174	4.36970e-05
1.54012e+05	1.52779e-02	1.29287e-01	0.53806	0.62065	4.36970e-05
1.54168e+05	1.52765e-02	1.28630e-01	3.91991	0.90513	4.36970e-05
1.54323e+05	1.52550e-02	1.25602e-01	0.07909	0.98379	4.36970e-05
1.54478e+05	1.52762e-02	1.25477e-01	1.05749	0.92136	4.36970e-05
1.54633e+05	1.52811e-02	1.26019e-01	0.55872	0.65340	4.36970e-05
1.54789e+05	1.52472e-02	1.24199e-01	4.53106	0.21761	4.36970e-05
1.54944e+05	1.52704e-02	1.25111e-01	0.18442	5.87674	4.36970e-05
1.55099e+05	1.52747e-02	1.24293e-01	5.98823	5.04443	4.36970e-05
1.55255e+05	1.52536e-02	1.23124e-01	3.03661	4.04345	4.36970e-05
