# t	a	e	mean_anomaly	varpi	mass/M_star
3.10572e+00	1.20445e-02	4.20173e-02	0.75717	3.32509	4.59020e-05
6.98788e+00	1.20445e-02	3.66931e-02	3.81514	2.36708	4.59020e-05
1.08700e+01	1.20445e-02	3.32207e-02	0.58745	1.33228	4.59020e-05
1.47522e+01	1.20409e-02	3.46656e-02	3.79747	0.21678	4.59020e-05
1.86343e+01	1.20381e-02	4.12706e-02	0.62476	5.43076	4.59020e-05
2.25164e+01	1.20388e-02	4.96595e-02	3.74311	4.45206	4.59020e-05
2.63985e+01	1.20388e-02	5.52805e-02	0.45285	3.52531	4.59020e-05
3.02807e+01	1.20381e-02	5.54280e-02	3.54820	2.60592	4.59020e-05
3.41628e+01	1.20394e-02	5.04859e-02	0.33464	1.65713	4.59020e-05
3.80450e+01	1.20377e-02	4.34099e-02	3.51197	0.65933	4.59020e-05
4.19271e+01	1.20397e-02	3.78995e-02	0.38577	5.89740	4.59020e-05
4.58093e+01	1.20392e-02	3.62141e-02	3.56531	4.85024	4.59020e-05
4.96914e+01	1.20389e-02	3.70349e-02	0.38970	3.83198	4.59020e-05
5.35735e+01	1.20419e-02	3.94710e-02	3.52972	2.83196	4.59020e-05
5.74557e+01	1.20449e-02	4.24733e-02	0.37225	1.81822	4.59020e-05
6.13378e+01	1.20452e-02	4.75338e-02	3.55810	0.80799	4.59020e-05
6.52199e+01	1.20458e-02	5.22162e-02	0.39034	6.10670	4.59020e-05
6.91021e+01	1.20456e-02	5.36692e-02	3.55356	5.16097	4.59020e-05
7.29842e+01	1.20453e-02	5.03265e-02	0.33284	4.24100	4.59020e-05
7.68664e+01	1.20407e-02	4.34770e-02	3.44549	3.29955	4.59020e-05
8.07485e+01	1.20390e-02	3.56779e-02	0.25405	2.28938	4.59020e-05
8.46307e+01	1.20399e-02	3.22934e-02	3.54397	1.17205	4.59020e-05
8.85128e+01	1.20386e-02	3.57009e-02	0.49186	0.07263	4.59020e-05
9.23949e+01	1.20378e-02	4.25033e-02	3.59528	5.36348	4.59020e-05
9.62771e+01	1.20402e-02	4.88181e-02	0.40997	4.42464	4.59020e-05
1.00159e+02	1.20379e-02	5.22123e-02	3.50426	3.47836	4.59020e-05
1.04041e+02	1.20385e-02	5.25554e-02	0.41392	2.49976	4.59020e-05
1.07923e+02	1.20391e-02	5.05728e-02	3.56023	1.50330	4.59020e-05
1.11806e+02	1.20393e-02	4.69026e-02	0.45661	0.51898	4.59020e-05
1.15688e+02	1.20432e-02	4.17727e-02	3.52519	5.84322	4.59020e-05
1.19570e+02	1.20441e-02	3.56789e-02	0.38683	4.87503	4.59020e-05
1.23452e+02	1.20439e-02	3.22711e-02	3.48236	3.83764	4.59020e-05
1.27334e+02	1.20452e-02	3.34892e-02	0.47134	2.73796	4.59020e-05
1.31216e+02	1.20448e-02	4.01485e-02	3.59760	1.68502	4.59020e-05
1.35098e+02	1.20451e-02	4.86784e-02	0.45812	0.71757	4.59020e-05
1.38981e+02	1.20412e-02	5.51546e-02	3.53490	6.07151	4.59020e-05
1.42863e+02	1.20385e-02	5.53403e-02	0.40162	5.14917	4.59020e-05
1.46745e+02	1.20392e-02	5.00454e-02	3.48377	4.20064	4.59020e-05
1.50627e+02	1.20388e-02	4.25381e-02	0.38020	3.20786	4.59020e-05
1.54509e+02	1.20379e-02	3.69208e-02	3.53188	2.17029	4.59020e-05
1.58391e+02	1.20407e-02	3.48514e-02	0.43607	1.12267	4.59020e-05
1.62273e+02	1.20378e-02	3.61912e-02	3.55440	0.10896	4.59020e-05
1.66156e+02	1.20393e-02	3.92039e-02	0.40345	5.39913	4.59020e-05
1.70038e+02	1.20393e-02	4.36860e-02	3.51792	4.39885	4.59020e-05
1.73920e+02	1.20384e-02	4.89056e-02	0.43345	3.39143	4.59020e-05
1.77802e+02	1.20432e-02	5.29712e-02	3.56874	2.40329	4.59020e-05
1.81684e+02	1.20450e-02	5.33362e-02	0.47874	1.44709	4.59020e-05
1.85566e+02	1.20443e-02	4.95668e-02	3.53438	0.52464	4.59020e-05
1.89448e+02	1.20446e-02	4.18867e-02	0.36652	5.87871	4.59020e-05
1.93331e+02	1.20443e-02	3.40683e-02	3.45292	4.88175	4.59020e-05
1.97213e+02	1.20442e-02	3.09476e-02	0.43311	3.77574	4.59020e-05
2.01095e+02	1.20414e-02	3.49385e-02	3.62461	2.67402	4.59020e-05
2.04977e+02	1.20387e-02	4.23097e-02	0.50548	1.67954	4.59020e-05
2.08859e+02	1.20393e-02	4.90746e-02	3.57613	0.73816	4.59020e-05
2.12741e+02	1.20386e-02	5.26186e-02	0.43366	6.07446	4.59020e-05
2.16623e+02	1.20377e-02	5.25923e-02	3.55425	5.09804	4.59020e-05
2.20505e+02	1.20396e-02	5.01289e-02	0.50899	4.10047	4.59020e-05
2.24388e+02	1.20376e-02	4.65021e-02	3.63624	3.11567	4.59020e-05
2.28270e+02	1.20399e-02	4.16970e-02	0.47753	2.15687	4.59020e-05
2.32152e+02	1.20395e-02	3.70924e-02	3.53704	1.19320	4.59020e-05
2.36034e+02	1.20393e-02	3.39135e-02	0.45829	0.16400	4.59020e-05
2.39916e+02	1.20422e-02	3.52208e-02	3.64177	5.35342	4.59020e-05
2.43798e+02	1.20450e-02	4.06013e-02	0.60843	4.28335	4.59020e-05
2.47680e+02	1.20457e-02	4.87120e-02	3.70438	3.30238	4.59020e-05
2.51563e+02	1.20455e-02	5.43141e-02	0.57711	2.37208	4.59020e-05
2.55445e+02	1.20447e-02	5.43153e-02	3.64537	1.45396	4.59020e-05
2.59327e+02	1.20456e-02	4.91809e-02	0.51915	0.51674	4.59020e-05
2.63209e+02	1.20403e-02	4.26719e-02	3.64722	5.80873	4.59020e-05
2.67091e+02	1.20389e-02	3.73178e-02	0.57382	4.77106	4.59020e-05
2.70973e+02	1.20404e-02	3.55579e-02	3.74808	3.71720	4.59020e-05
2.74855e+02	1.20387e-02	3.72814e-02	0.63658	2.69301	4.59020e-05
2.78738e+02	1.20383e-02	4.03997e-02	3.74120	1.69048	4.59020e-05
2.82620e+02	1.20392e-02	4.46490e-02	0.61255	0.68210	4.59020e-05
2.86502e+02	1.20378e-02	4.92311e-02	3.83613	5.95523	4.59020e-05
2.90384e+02	1.20388e-02	5.32719e-02	0.71748	4.96807	4.59020e-05
2.94266e+02	1.20383e-02	5.43752e-02	3.88341	4.02018	4.59020e-05
2.98148e+02	1.20387e-02	5.05639e-02	0.65820	3.09818	4.59020e-05
3.02030e+02	1.20442e-02	4.27675e-02	3.78550	2.16489	4.59020e-05
3.05913e+02	1.20437e-02	3.44912e-02	0.64023	1.15313	4.59020e-05
3.09795e+02	1.20442e-02	3.13786e-02	3.91227	0.02640	4.59020e-05
3.13677e+02	1.20455e-02	3.48600e-02	0.86251	5.19918	4.59020e-05
3.17559e+02	1.20445e-02	4.22170e-02	4.00677	4.20834	4.59020e-05
3.21441e+02	1.20458e-02	4.87724e-02	0.78818	3.27985	4.59020e-05
3.25323e+02	1.20394e-02	5.29054e-02	3.93928	2.34066	4.59020e-05
3.29205e+02	1.20385e-02	5.25990e-02	0.81037	1.37173	4.59020e-05
3.33088e+02	1.20387e-02	5.00875e-02	4.02570	0.37769	4.59020e-05
3.36970e+02	1.20381e-02	4.62379e-02	0.88340	5.67142	4.59020e-05
3.40852e+02	1.20380e-02	4.15627e-02	4.05362	4.70024	4.59020e-05
3.44734e+02	1.20390e-02	3.67423e-02	0.84996	3.71377	4.59020e-05
3.48616e+02	1.20388e-02	3.38309e-02	4.09242	2.66867	4.59020e-05
3.52498e+02	1.20394e-02	3.57520e-02	0.99033	1.57795	4.59020e-05
3.56380e+02	1.20392e-02	4.24085e-02	4.22476	0.53708	4.59020e-05
3.60262e+02	1.20386e-02	5.04538e-02	1.04740	5.85403	4.59020e-05
3.64145e+02	1.20455e-02	5.51011e-02	4.19148	4.92587	4.59020e-05
3.68027e+02	1.20450e-02	5.39806e-02	1.01374	4.00270	4.59020e-05
3.71909e+02	1.20450e-02	4.82501e-02	4.18846	3.05728	4.59020e-05
3.75791e+02	1.20451e-02	4.04945e-02	1.04133	2.05906	4.59020e-05
3.79673e+02	1.20446e-02	3.49522e-02	4.25016	1.00814	4.59020e-05
3.83555e+02	1.20460e-02	3.40014e-02	1.14482	6.24315	4.59020e-05
3.87437e+02	1.20395e-02	3.66592e-02	4.29585	5.23287	4.59020e-05
3.91320e+02	1.20387e-02	4.02814e-02	1.11909	4.25147	4.59020e-05
3.95202e+02	1.20398e-02	4.46664e-02	4.31661	3.25840	4.59020e-05
3.99084e+02	1.20387e-02	4.96153e-02	1.17502	2.25646	4.59020e-05
4.02966e+02	1.20380e-02	5.34367e-02	4.38855	1.27025	4.59020e-05
4.06848e+02	1.20393e-02	5.35655e-02	1.22736	0.31378	4.59020e-05
4.10730e+02	1.20380e-02	4.93054e-02	4.39480	5.67051	4.59020e-05
4.14612e+02	1.20385e-02	4.17435e-02	1.14559	4.73759	4.59020e-05
4.18495e+02	1.20378e-02	3.45760e-02	4.33275	3.74106	4.59020e-05
4.22377e+02	1.20406e-02	3.11817e-02	1.22614	2.65504	4.59020e-05
4.26259e+02	1.20449e-02	3.46697e-02	4.47662	1.57840	4.59020e-05
4.30141e+02	1.20432e-02	4.10704e-02	1.26906	0.59763	4.59020e-05
4.34023e+02	1.20453e-02	4.75026e-02	4.36241	5.94708	4.59020e-05
4.37905e+02	1.20458e-02	5.12410e-02	1.17667	5.01545	4.59020e-05
4.41787e+02	1.20439e-02	5.18188e-02	4.38144	4.04858	4.59020e-05
4.45670e+02	1.20465e-02	4.97799e-02	1.20622	3.06497	4.59020e-05
4.49552e+02	1.20397e-02	4.63105e-02	4.40292	2.09652	4.59020e-05
4.53434e+02	1.20375e-02	4.15811e-02	1.16643	1.15622	4.59020e-05
4.57316e+02	1.20400e-02	3.59413e-02	4.26195	0.21029	4.59020e-05
4.61198e+02	1.20384e-02	3.28271e-02	1.12295	5.47924	4.59020e-05
4.65080e+02	1.20381e-02	3.41521e-02	4.31612	4.40459	4.59020e-05
4.68962e+02	1.20370e-02	4.07480e-02	1.16804	3.36152	4.59020e-05
4.72845e+02	1.20392e-02	4.82874e-02	4.29568	2.39710	4.59020e-05
4.76727e+02	1.20379e-02	5.43564e-02	1.06068	1.47710	4.59020e-05
4.80609e+02	1.20380e-02	5.49547e-02	4.14898	0.55975	4.59020e-05
4.84491e+02	1.20367e-02	5.08572e-02	0.92571	5.90719	4.59020e-05
4.88373e+02	1.20475e-02	4.33033e-02	4.05533	4.94407	4.59020e-05
4.92255e+02	1.20432e-02	3.76157e-02	0.86022	3.94510	4.59020e-05
4.96137e+02	1.20446e-02	3.45516e-02	3.93196	2.92626	4.59020e-05
5.00019e+02	1.20459e-02	3.42650e-02	0.78697	1.92868	4.59020e-05
5.03902e+02	1.20423e-02	3.69960e-02	3.83465	0.93488	4.59020e-05
5.07784e+02	1.20479e-02	3.99846e-02	0.65495	6.24660	4.59020e-05
5.11666e+02	1.20415e-02	4.57981e-02	3.64985	5.28724	4.59020e-05
5.15548e+02	1.20370e-02	5.10701e-02	0.38592	4.34229	4.59020e-05
5.19430e+02	1.20397e-02	5.31851e-02	3.39793	3.42179	4.59020e-05
5.23312e+02	1.20415e-02	5.10133e-02	0.18176	2.53510	4.59020e-05
5.27194e+02	1.20403e-02	4.51823e-02	3.08867	1.65878	4.59020e-05
5.31077e+02	1.20377e-02	3.85680e-02	6.14031	0.73917	4.59020e-05
5.34959e+02	1.20371e-02	3.26377e-02	2.81429	6.03259	4.59020e-05
5.38841e+02	1.20406e-02	3.17782e-02	6.05109	4.96985	4.59020e-05
5.42723e+02	1.20375e-02	3.70789e-02	2.72493	3.97974	4.59020e-05
5.46605e+02	1.20361e-02	4.34645e-02	5.80056	3.05334	4.59020e-05
5.50487e+02	1.20392e-02	4.81586e-02	2.43820	2.14989	4.59020e-05
5.54369e+02	1.20477e-02	4.96446e-02	5.57239	1.21629	4.59020e-05
5.58252e+02	1.20436e-02	5.03302e-02	2.35278	0.25611	4.59020e-05
5.62134e+02	1.20427e-02	4.92536e-02	5.43739	5.57487	4.59020e-05
5.66016e+02	1.20473e-02	4.54436e-02	2.17501	4.64268	4.59020e-05
5.69898e+02	1.20410e-02	4.16988e-02	5.19666	3.74002	4.59020e-05
5.73780e+02	1.20440e-02	3.64924e-02	1.85971	2.83123	4.59020e-05
5.77662e+02	1.20405e-02	3.22849e-02	4.91184	1.84793	4.59020e-05
5.81544e+02	1.20392e-02	3.31619e-02	1.78209	0.78115	4.59020e-05
5.85427e+02	1.20383e-02	3.92759e-02	4.92308	6.03354	4.59020e-05
5.89309e+02	1.20363e-02	4.76613e-02	1.60467	5.09053	4.59020e-05
5.93191e+02	1.20394e-02	5.34031e-02	4.70098	4.19052	4.59020e-05
5.97073e+02	1.20373e-02	5.48721e-02	1.40882	3.29207	4.59020e-05
6.00955e+02	1.20366e-02	5.11070e-02	4.49002	2.37222	4.59020e-05
6.04837e+02	1.20423e-02	4.41768e-02	1.21324	1.41540	4.59020e-05
6.08719e+02	1.20404e-02	3.92103e-02	4.36728	0.42460	4.59020e-05
6.12602e+02	1.20406e-02	3.62988e-02	1.12815	5.72598	4.59020e-05
6.16484e+02	1.20443e-02	3.58016e-02	4.16772	4.76849	4.59020e-05
6.20366e+02	1.20436e-02	3.58067e-02	0.85088	3.81248	4.59020e-05
6.24248e+02	1.20442e-02	3.81338e-02	3.93000	2.83279	4.59020e-05
6.28130e+02	1.20475e-02	4.21934e-02	0.76080	1.83553	4.59020e-05
6.32012e+02	1.20439e-02	4.87289e-02	3.84685	0.85659	4.59020e-05
6.35894e+02	1.20477e-02	5.27710e-02	0.59585	6.20793	4.59020e-05
6.39777e+02	1.20428e-02	5.35900e-02	3.69343	5.31179	4.59020e-05
6.43659e+02	1.20366e-02	4.92911e-02	0.42672	4.42660	4.59020e-05
6.47541e+02	1.20375e-02	4.11923e-02	3.44299	3.51081	4.59020e-05
6.51423e+02	1.20363e-02	3.45412e-02	0.23967	2.50528	4.59020e-05
6.55305e+02	1.20387e-02	3.23768e-02	3.39993	1.43225	4.59020e-05
6.59187e+02	1.20423e-02	3.61456e-02	0.23326	0.40202	4.59020e-05
6.63069e+02	1.20412e-02	4.18114e-02	3.29766	5.74927	4.59020e-05
6.66951e+02	1.20370e-02	4.75932e-02	6.26496	4.84595	4.59020e-05
6.70834e+02	1.20424e-02	4.93330e-02	3.04762	3.91685	4.59020e-05
6.74716e+02	1.20388e-02	5.03451e-02	6.15103	2.95023	4.59020e-05
6.78598e+02	1.20392e-02	5.00579e-02	3.01747	1.97628	4.59020e-05
6.82480e+02	1.20467e-02	4.67054e-02	6.01666	1.02366	4.59020e-05
6.86362e+02	1.20471e-02	4.25492e-02	2.77478	0.11701	4.59020e-05
6.90244e+02	1.20454e-02	3.75103e-02	5.65699	5.48682	4.59020e-05
6.94126e+02	1.20467e-02	3.25053e-02	2.44401	4.51483	4.59020e-05
6.98009e+02	1.20438e-02	3.22402e-02	5.59248	3.45410	4.59020e-05
7.01891e+02	1.20439e-02	3.77095e-02	2.36685	2.40926	4.59020e-05
7.05773e+02	1.20392e-02	4.55854e-02	5.22853	1.46423	4.59020e-05
7.09655e+02	1.20367e-02	5.21834e-02	1.85188	0.56861	4.59020e-05
7.13537e+02	1.20407e-02	5.32009e-02	4.81836	5.95932	4.59020e-05
7.17419e+02	1.20407e-02	5.00396e-02	1.53534	5.03618	4.59020e-05
7.21301e+02	1.20351e-02	4.57800e-02	4.66877	4.06212	4.59020e-05
7.25184e+02	1.20353e-02	4.14791e-02	1.50238	3.05095	4.59020e-05
7.29066e+02	1.20401e-02	3.87193e-02	4.62843	2.06164	4.59020e-05
7.32948e+02	1.20402e-02	3.83538e-02	1.33992	1.11763	4.59020e-05
7.36830e+02	1.20377e-02	3.87645e-02	4.39425	0.19593	4.59020e-05
7.40712e+02	1.20366e-02	3.94846e-02	0.77179	5.55196	4.59020e-05
7.44594e+02	1.20410e-02	3.99874e-02	3.12028	4.60448	4.59020e-05
7.48476e+02	1.20473e-02	4.18033e-02	5.18820	3.58610	4.59020e-05
7.52359e+02	1.20433e-02	4.57164e-02	0.79782	2.58017	4.59020e-05
7.56241e+02	1.20468e-02	4.85627e-02	3.15431	1.58780	4.59020e-05
7.60123e+02	1.20477e-02	4.93443e-02	0.00175	0.64619	4.59020e-05
7.64005e+02	1.20462e-02	4.65588e-02	3.09848	6.03413	4.59020e-05
7.67887e+02	1.20470e-02	4.04155e-02	0.44726	5.11972	4.59020e-05
7.71769e+02	1.20378e-02	3.52353e-02	3.84383	4.07791	4.59020e-05
7.75651e+02	1.20372e-02	3.39489e-02	1.67126	2.88300	4.59020e-05
7.79534e+02	1.20369e-02	4.08309e-02	5.72118	1.76029	4.59020e-05
7.83416e+02	1.20347e-02	4.99074e-02	3.21173	0.81576	4.59020e-05
7.87298e+02	1.20410e-02	5.38774e-02	0.58013	6.21709	4.59020e-05
7.91180e+02	1.20378e-02	5.30265e-02	4.57585	5.31280	4.59020e-05
7.95062e+02	1.20367e-02	5.00781e-02	2.96084	4.36494	4.59020e-05
7.98944e+02	1.20404e-02	4.45958e-02	1.00794	3.42591	4.59020e-05
8.02826e+02	1.20458e-02	3.91670e-02	5.03034	2.45555	4.59020e-05
8.06708e+02	1.20449e-02	3.61585e-02	2.97804	1.43702	4.59020e-05
8.10591e+02	1.20435e-02	3.69174e-02	1.13905	0.42446	4.59020e-05
8.14473e+02	1.20396e-02	3.98115e-02	5.53070	5.75484	4.59020e-05
8.18355e+02	1.20399e-02	4.25090e-02	3.38196	4.82514	4.59020e-05
8.22237e+02	1.20349e-02	4.48770e-02	0.97158	3.87806	4.59020e-05
8.26119e+02	1.20385e-02	4.68939e-02	5.05318	2.88796	4.59020e-05
8.30001e+02	1.20368e-02	4.95036e-02	2.72183	1.91809	4.59020e-05
8.33883e+02	1.20395e-02	5.00556e-02	0.39182	0.98120	4.59020e-05
8.37766e+02	1.20398e-02	4.69813e-02	4.27158	0.07775	4.59020e-05
8.41648e+02	1.20394e-02	4.17806e-02	1.84461	5.44916	4.59020e-05
8.45530e+02	1.20395e-02	3.58996e-02	5.72611	4.48714	4.59020e-05
8.49412e+02	1.20431e-02	3.35288e-02	3.45635	3.45175	4.59020e-05
8.53294e+02	1.20409e-02	3.58773e-02	1.11485	2.42949	4.59020e-05
8.57176e+02	1.20417e-02	4.08221e-02	5.00576	1.48855	4.59020e-05
8.61058e+02	1.20455e-02	4.44213e-02	2.56710	0.58222	4.59020e-05
8.64941e+02	1.20451e-02	4.65843e-02	0.13644	5.95096	4.59020e-05
8.68823e+02	1.20368e-02	4.82028e-02	4.19172	4.98853	4.59020e-05
8.72705e+02	1.20374e-02	4.78234e-02	1.80296	4.00205	4.59020e-05
8.76587e+02	1.20351e-02	4.77870e-02	5.83960	3.03031	4.59020e-05
8.80469e+02	1.20338e-02	4.60792e-02	3.44844	2.10561	4.59020e-05
8.84351e+02	1.20409e-02	4.09940e-02	1.02871	1.21137	4.59020e-05
8.88233e+02	1.20394e-02	3.61555e-02	4.85419	0.28839	4.59020e-05
8.92116e+02	1.20384e-02	3.33925e-02	2.63738	5.55356	4.59020e-05
8.95998e+02	1.20353e-02	3.57965e-02	0.28170	4.48962	4.59020e-05
8.99880e+02	1.20461e-02	4.15631e-02	4.33804	3.48391	4.59020e-05
9.03762e+02	1.20447e-02	4.86741e-02	2.01441	2.57030	4.59020e-05
9.07644e+02	1.20414e-02	5.34950e-02	5.80411	1.69118	4.59020e-05
9.11526e+02	1.20463e-02	5.14296e-02	3.44648	0.80180	4.59020e-05
9.15408e+02	1.20468e-02	4.68857e-02	1.17419	6.15549	4.59020e-05
9.19291e+02	1.20406e-02	4.16345e-02	5.19257	5.16198	4.59020e-05
9.23173e+02	1.20360e-02	3.93629e-02	2.79804	4.16029	4.59020e-05
9.27055e+02	1.20347e-02	3.84837e-02	0.54461	3.19400	4.59020e-05
9.30937e+02	1.20386e-02	3.74659e-02	4.32604	2.27167	4.59020e-05
9.34819e+02	1.20383e-02	3.76889e-02	2.05714	1.32498	4.59020e-05
9.38701e+02	1.20400e-02	3.91123e-02	5.94404	0.34101	4.59020e-05
9.42583e+02	1.20409e-02	4.33487e-02	3.70227	5.61727	4.59020e-05
9.46465e+02	1.20386e-02	4.95326e-02	1.33158	4.64912	4.59020e-05
9.50348e+02	1.20478e-02	5.26762e-02	5.36828	3.73066	4.59020e-05
9.54230e+02	1.20417e-02	5.25430e-02	2.91601	2.85405	4.59020e-05
9.58112e+02	1.20459e-02	4.59815e-02	0.52445	1.97246	4.59020e-05
9.61994e+02	1.20400e-02	3.87221e-02	4.46715	1.03430	4.59020e-05
9.65876e+02	1.20435e-02	3.30366e-02	2.21116	6.27998	4.59020e-05
9.69758e+02	1.20338e-02	3.44612e-02	6.15085	5.22048	4.59020e-05
9.73640e+02	1.20401e-02	3.79172e-02	3.85168	4.24710	4.59020e-05
9.77523e+02	1.20362e-02	4.35649e-02	1.36805	3.34945	4.59020e-05
9.81405e+02	1.20390e-02	4.65304e-02	5.36587	2.45390	4.59020e-05
9.85287e+02	1.20379e-02	4.76167e-02	2.96485	1.51316	4.59020e-05
9.89169e+02	1.20357e-02	4.84813e-02	0.72331	0.52849	4.59020e-05
9.93051e+02	1.20395e-02	4.82737e-02	4.68097	5.82720	4.59020e-05
9.96933e+02	1.20372e-02	4.82421e-02	2.44047	4.88331	4.59020e-05
1.00082e+03	1.20417e-02	4.43749e-02	6.25380	3.98088	4.59020e-05
1.00470e+03	1.20428e-02	3.89960e-02	3.90819	3.09426	4.59020e-05
1.00858e+03	1.20420e-02	3.39861e-02	1.55685	2.14441	4.59020e-05
1.01246e+03	1.20414e-02	3.23850e-02	5.48617	1.10253	4.59020e-05
1.01634e+03	1.20421e-02	3.63826e-02	3.20283	0.09156	4.59020e-05
1.02023e+03	1.20361e-02	4.32039e-02	0.84553	5.47133	4.59020e-05
1.02411e+03	1.20403e-02	4.80089e-02	4.66321	4.59513	4.59020e-05
1.02799e+03	1.20345e-02	5.08313e-02	2.32274	3.72495	4.59020e-05
1.03187e+03	1.20421e-02	4.83594e-02	0.01578	2.81712	4.59020e-05
1.03575e+03	1.20365e-02	4.54551e-02	3.97521	1.86923	4.59020e-05
1.03964e+03	1.20360e-02	4.30562e-02	1.66464	0.89069	4.59020e-05
1.04352e+03	1.20428e-02	4.02434e-02	5.61363	6.25361	4.59020e-05
1.04740e+03	1.20407e-02	3.93034e-02	3.12125	5.39246	4.59020e-05
1.05128e+03	1.20469e-02	3.55630e-02	0.78099	4.56199	4.59020e-05
1.05517e+03	1.20392e-02	3.46544e-02	4.52674	3.69372	4.59020e-05
1.05905e+03	1.20462e-02	3.22951e-02	2.22776	2.75955	4.59020e-05
1.06293e+03	1.20470e-02	3.44705e-02	6.14198	1.79794	4.59020e-05
1.06681e+03	1.20396e-02	4.16186e-02	3.74552	0.87405	4.59020e-05
1.07069e+03	1.20408e-02	4.68614e-02	1.37433	0.00294	4.59020e-05
1.07458e+03	1.20382e-02	5.04528e-02	5.22874	5.43989	4.59020e-05
1.07846e+03	1.20329e-02	5.02200e-02	2.86354	4.57457	4.59020e-05
1.08234e+03	1.20405e-02	4.52265e-02	0.55985	3.66928	4.59020e-05
1.08622e+03	1.20369e-02	4.12463e-02	4.49149	2.72732	4.59020e-05
1.09010e+03	1.20392e-02	3.83143e-02	2.13527	1.78566	4.59020e-05
1.09399e+03	1.20411e-02	3.66282e-02	5.99688	0.87903	4.59020e-05
1.09787e+03	1.20438e-02	3.63373e-02	3.66811	0.01472	4.59020e-05
1.10175e+03	1.20403e-02	3.56832e-02	1.16986	5.43296	4.59020e-05
1.10563e+03	1.20469e-02	3.44801e-02	5.08128	4.54693	4.59020e-05
1.10952e+03	1.20464e-02	3.60368e-02	2.81335	3.62064	4.59020e-05
1.11340e+03	1.20408e-02	4.09281e-02	0.43415	2.68540	4.59020e-05
1.11728e+03	1.20389e-02	4.60152e-02	4.38000	1.78681	4.59020e-05
1.12116e+03	1.20349e-02	4.97522e-02	1.98928	0.92479	4.59020e-05
1.12504e+03	1.20334e-02	4.94696e-02	5.97461	0.07056	4.59020e-05
1.12893e+03	1.20324e-02	4.54523e-02	3.58105	5.48514	4.59020e-05
1.13281e+03	1.20412e-02	3.85938e-02	1.23953	4.57344	4.59020e-05
1.13669e+03	1.20382e-02	3.53750e-02	5.15039	3.61251	4.59020e-05
1.14057e+03	1.20418e-02	3.42192e-02	2.97632	2.65742	4.59020e-05
1.14445e+03	1.20351e-02	3.68125e-02	0.60893	1.75433	4.59020e-05
1.14834e+03	1.20437e-02	3.77078e-02	4.43879	0.89641	4.59020e-05
1.15222e+03	1.20440e-02	3.83233e-02	2.06483	0.03589	4.59020e-05
1.15610e+03	1.20415e-02	3.99940e-02	6.04625	5.43254	4.59020e-05
1.15998e+03	1.20477e-02	4.05252e-02	3.67134	4.51765	4.59020e-05
1.16387e+03	1.20464e-02	4.40195e-02	1.33114	3.60827	4.59020e-05
1.16775e+03	1.20371e-02	4.68674e-02	5.17815	2.72138	4.59020e-05
1.17163e+03	1.20351e-02	4.69828e-02	2.76334	1.86547	4.59020e-05
1.17551e+03	1.20382e-02	4.31639e-02	0.18235	1.01653	4.59020e-05
1.17939e+03	1.20342e-02	3.92097e-02	3.89811	0.12531	4.59020e-05
1.18328e+03	1.20324e-02	3.60786e-02	1.29653	5.45666	4.59020e-05
1.18716e+03	1.20387e-02	3.44460e-02	5.16034	4.49237	4.59020e-05
1.19104e+03	1.20417e-02	3.63204e-02	2.66512	3.57027	4.59020e-05
1.19492e+03	1.20374e-02	3.97957e-02	0.26689	2.71412	4.59020e-05
1.19880e+03	1.20485e-02	4.05258e-02	4.25919	1.87646	4.59020e-05
1.20269e+03	1.20452e-02	4.06706e-02	1.91281	1.01175	4.59020e-05
1.20657e+03	1.20441e-02	4.11550e-02	5.93844	0.11891	4.59020e-05
1.21045e+03	1.20401e-02	4.23891e-02	3.66118	5.48002	4.59020e-05
1.21433e+03	1.20484e-02	4.25741e-02	1.36436	4.58153	4.59020e-05
1.21822e+03	1.20384e-02	4.35244e-02	5.70880	3.71529	4.59020e-05
1.22210e+03	1.20383e-02	4.17768e-02	3.57802	2.86431	4.59020e-05
1.22598e+03	1.20361e-02	3.86566e-02	1.61265	1.98458	4.59020e-05
1.22986e+03	1.20360e-02	3.64212e-02	5.93357	1.04024	4.59020e-05
1.23374e+03	1.20339e-02	3.67910e-02	4.29688	0.04715	4.59020e-05
1.23763e+03	1.20341e-02	4.06517e-02	2.73722	5.37161	4.59020e-05
1.24151e+03	1.20384e-02	4.43461e-02	1.19892	4.47955	4.59020e-05
1.24539e+03	1.20461e-02	4.60865e-02	5.91462	3.62416	4.59020e-05
1.24927e+03	1.20456e-02	4.58255e-02	4.36000	2.77102	4.59020e-05
1.25315e+03	1.20449e-02	4.32739e-02	2.76817	1.88451	4.59020e-05
1.25704e+03	1.20480e-02	4.03436e-02	1.32203	0.96552	4.59020e-05
1.26092e+03	1.20325e-02	4.06457e-02	6.12806	0.01419	4.59020e-05
1.26480e+03	1.20408e-02	3.91517e-02	4.59408	5.37853	4.59020e-05
1.26868e+03	1.20394e-02	3.91399e-02	2.88892	4.48892	4.59020e-05
1.27257e+03	1.20399e-02	3.86404e-02	1.31025	3.59687	4.59020e-05
1.27645e+03	1.20382e-02	3.84343e-02	5.90275	2.67830	4.59020e-05
1.28033e+03	1.20325e-02	4.02489e-02	4.42995	1.72236	4.59020e-05
1.28421e+03	1.20408e-02	4.15277e-02	2.80206	0.76963	4.59020e-05
1.28809e+03	1.20461e-02	4.39118e-02	1.26699	6.13858	4.59020e-05
1.29198e+03	1.20473e-02	4.58219e-02	5.87237	5.27731	4.59020e-05
1.29586e+03	1.20460e-02	4.47699e-02	4.24989	4.44037	4.59020e-05
1.29974e+03	1.20387e-02	4.25347e-02	2.59226	3.57692	4.59020e-05
1.30362e+03	1.20402e-02	3.75416e-02	0.92712	2.67217	4.59020e-05
1.30750e+03	1.20375e-02	3.57381e-02	5.59748	1.70640	4.59020e-05
1.31139e+03	1.20374e-02	3.64934e-02	4.07613	0.73577	4.59020e-05
1.31527e+03	1.20356e-02	3.97952e-02	2.47909	6.09309	4.59020e-05
1.31915e+03	1.20329e-02	4.32907e-02	0.87632	5.20979	4.59020e-05
1.32303e+03	1.20405e-02	4.31775e-02	5.51737	4.32539	4.59020e-05
1.32692e+03	1.20464e-02	4.30170e-02	3.91682	3.40530	4.59020e-05
1.33080e+03	1.20454e-02	4.29997e-02	2.36977	2.45338	4.59020e-05
1.33468e+03	1.20434e-02	4.43798e-02	0.75464	1.51932	4.59020e-05
1.33856e+03	1.20430e-02	4.44830e-02	5.44888	0.63603	4.59020e-05
1.34244e+03	1.20400e-02	4.32942e-02	3.81834	6.07751	4.59020e-05
1.34633e+03	1.20394e-02	3.94823e-02	2.11913	5.23961	4.59020e-05
1.35021e+03	1.20409e-02	3.46627e-02	0.46482	4.35046	4.59020e-05
1.35409e+03	1.20369e-02	3.34395e-02	5.26487	3.36851	4.59020e-05
1.35797e+03	1.20333e-02	3.60730e-02	3.71239	2.36194	4.59020e-05
1.36185e+03	1.20382e-02	4.09136e-02	2.14245	1.42515	4.59020e-05
1.36574e+03	1.20321e-02	4.72642e-02	0.41684	0.55814	4.59020e-05
1.36962e+03	1.20403e-02	4.91392e-02	5.12308	5.98004	4.59020e-05
1.37350e+03	1.20448e-02	4.69360e-02	3.49563	5.10888	4.59020e-05
1.37738e+03	1.20449e-02	4.37546e-02	1.88378	4.18619	4.59020e-05
1.38127e+03	1.20444e-02	4.07936e-02	0.28531	3.24529	4.59020e-05
1.38515e+03	1.20365e-02	4.02573e-02	5.10279	2.31752	4.59020e-05
1.38903e+03	1.20409e-02	3.86023e-02	3.39841	1.43582	4.59020e-05
1.39291e+03	1.20352e-02	3.81072e-02	1.75349	0.58169	4.59020e-05
1.39679e+03	1.20352e-02	3.69687e-02	6.25691	5.99230	4.59020e-05
1.40068e+03	1.20369e-02	3.55326e-02	4.60446	5.05952	4.59020e-05
1.40456e+03	1.20357e-02	3.80917e-02	3.00133	4.08771	4.59020e-05
1.40844e+03	1.20405e-02	4.21907e-02	1.49202	3.12198	4.59020e-05
1.41232e+03	1.20469e-02	4.72179e-02	6.06882	2.20765	4.59020e-05
1.41620e+03	1.20395e-02	5.15552e-02	4.47124	1.35017	4.59020e-05
1.42009e+03	1.20468e-02	4.87939e-02	2.72924	0.50171	4.59020e-05
1.42397e+03	1.20452e-02	4.41457e-02	1.05886	5.92268	4.59020e-05
1.42785e+03	1.20398e-02	3.79985e-02	5.72482	5.01471	4.59020e-05
1.43173e+03	1.20406e-02	3.38042e-02	4.13411	4.05203	4.59020e-05
1.43561e+03	1.20351e-02	3.42890e-02	2.54787	3.08172	4.59020e-05
1.43950e+03	1.20360e-02	3.69003e-02	0.79005	2.18275	4.59020e-05
1.44338e+03	1.20402e-02	3.86984e-02	5.37702	1.32365	4.59020e-05
1.44726e+03	1.20389e-02	4.11306e-02	3.65361	0.46074	4.59020e-05
1.45114e+03	1.20389e-02	4.27708e-02	2.07311	5.82740	4.59020e-05
1.45503e+03	1.20460e-02	4.38628e-02	0.49350	4.86393	4.59020e-05
1.45891e+03	1.20386e-02	4.82088e-02	5.17290	3.91629	4.59020e-05
1.46279e+03	1.20455e-02	4.88420e-02	3.53679	3.00963	4.59020e-05
1.46667e+03	1.20409e-02	4.88428e-02	1.82645	2.16265	4.59020e-05
1.47055e+03	1.20368e-02	4.34828e-02	0.12636	1.33309	4.59020e-05
1.47444e+03	1.20351e-02	3.70186e-02	4.68741	0.46928	4.59020e-05
1.47832e+03	1.20388e-02	3.08838e-02	3.10156	5.79140	4.59020e-05
1.48220e+03	1.20337e-02	3.21200e-02	1.60635	4.75282	4.59020e-05
1.48608e+03	1.20354e-02	3.70658e-02	6.18665	3.80978	4.59020e-05
1.48996e+03	1.20330e-02	4.40416e-02	4.48953	2.95610	4.59020e-05
1.49385e+03	1.20413e-02	4.72221e-02	2.78762	2.12229	4.59020e-05
1.49773e+03	1.20394e-02	4.85425e-02	1.08122	1.25551	4.59020e-05
1.50161e+03	1.20473e-02	4.59805e-02	5.85251	0.33795	4.59020e-05
1.50549e+03	1.20380e-02	4.55226e-02	4.22305	5.65892	4.59020e-05
1.50938e+03	1.20383e-02	4.45711e-02	2.70349	4.71952	4.59020e-05
1.51326e+03	1.20338e-02	4.35751e-02	0.94566	3.82912	4.59020e-05
1.51714e+03	1.20350e-02	4.05770e-02	5.65472	2.95220	4.59020e-05
1.52102e+03	1.20321e-02	3.73090e-02	3.98294	2.08889	4.59020e-05
1.52490e+03	1.20370e-02	3.36277e-02	2.18405	1.16017	4.59020e-05
1.52879e+03	1.20402e-02	3.42058e-02	0.69175	0.16418	4.59020e-05
1.53267e+03	1.20380e-02	3.99899e-02	5.20104	5.48720	4.59020e-05
1.53655e+03	1.20441e-02	4.63243e-02	3.55242	4.59255	4.59020e-05
1.54043e+03	1.20396e-02	5.16530e-02	1.76728	3.74522	4.59020e-05
1.54431e+03	1.20485e-02	5.05533e-02	0.13182	2.90386	4.59020e-05
1.54820e+03	1.20380e-02	4.79715e-02	4.66999	2.02883	4.59020e-05
1.55208e+03	1.20373e-02	4.22888e-02	3.05474	1.09933	4.59020e-05
1.55596e+03	1.20382e-02	3.74738e-02	1.22882	0.14314	4.59020e-05
1.55984e+03	1.20401e-02	3.54721e-02	5.69033	5.48599	4.59020e-05
1.56373e+03	1.20363e-02	3.59951e-02	3.82999	4.59576	4.59020e-05
1.56761e+03	1.20390e-02	3.59751e-02	1.61144	3.73947	4.59020e-05
1.57149e+03	1.20368e-02	3.67303e-02	5.60443	2.87936	4.59020e-05
1.57537e+03	1.20358e-02	3.81530e-02	3.68739	1.97450	4.59020e-05
1.57925e+03	1.20412e-02	3.99621e-02	1.35144	1.04413	4.59020e-05
1.58314e+03	1.20449e-02	4.40851e-02	5.31043	0.13247	4.59020e-05
1.58702e+03	1.20431e-02	4.72240e-02	2.82215	5.55275	4.59020e-05
1.59090e+03	1.20428e-02	4.71226e-02	0.41208	4.72549	4.59020e-05
1.59478e+03	1.20421e-02	4.29154e-02	4.12836	3.90482	4.59020e-05
1.59866e+03	1.20432e-02	3.74804e-02	1.95573	3.05447	4.59020e-05
1.60255e+03	1.20324e-02	3.45365e-02	6.07087	2.12421	4.59020e-05
1.60643e+03	1.20441e-02	3.29848e-02	4.50405	1.17778	4.59020e-05
1.61031e+03	1.20334e-02	3.99289e-02	2.89675	0.28883	4.59020e-05
1.61419e+03	1.20414e-02	4.64592e-02	1.50865	5.76271	4.59020e-05
1.61808e+03	1.20321e-02	5.61359e-02	6.26442	5.11706	4.59020e-05
1.62196e+03	1.20304e-02	5.89854e-02	0.68121	4.65670	4.59020e-05
1.62584e+03	1.20408e-02	4.95100e-02	1.14991	4.26418	4.59020e-05
1.62972e+03	1.20389e-02	3.61027e-02	0.66748	3.70621	4.59020e-05
1.63360e+03	1.20396e-02	2.60167e-02	6.23310	3.14043	4.59020e-05
1.63749e+03	1.20272e-02	2.54337e-02	4.91944	2.98511	4.59020e-05
1.64137e+03	1.20364e-02	2.14967e-02	4.22589	3.08411	4.59020e-05
1.64525e+03	1.20343e-02	2.39794e-02	4.39588	3.34759	4.59020e-05
1.64913e+03	1.20356e-02	3.25719e-02	3.70205	3.84679	4.59020e-05
1.65301e+03	1.20410e-02	4.16936e-02	4.52956	4.36206	4.59020e-05
1.65690e+03	1.20435e-02	4.64398e-02	2.78114	4.72751	4.59020e-05
1.66078e+03	1.20369e-02	5.13168e-02	0.20723	5.01969	4.59020e-05
1.66466e+03	1.20332e-02	5.59780e-02	3.99584	5.37514	4.59020e-05
1.66854e+03	1.20347e-02	5.53604e-02	4.43974	5.75936	4.59020e-05
1.67243e+03	1.20366e-02	5.44671e-02	3.88788	6.09229	4.59020e-05
1.67631e+03	1.20426e-02	4.67939e-02	2.49420	0.11449	4.59020e-05
1.68019e+03	1.20415e-02	4.10082e-02	5.26394	0.44350	4.59020e-05
1.68407e+03	1.20438e-02	2.47012e-02	4.58172	0.95079	4.59020e-05
1.68795e+03	1.20286e-02	1.36789e-02	4.88428	2.02951	4.59020e-05
1.69184e+03	1.20266e-02	1.63569e-02	2.70738	3.51247	4.59020e-05
1.69572e+03	1.20310e-02	2.44025e-02	1.49598	4.28343	4.59020e-05
1.69960e+03	1.20252e-02	3.01519e-02	0.61469	4.80041	4.59020e-05
1.70348e+03	1.20252e-02	3.15093e-02	5.84188	5.35148	4.59020e-05
1.70736e+03	1.20236e-02	3.37066e-02	4.52106	6.07471	4.59020e-05
1.71125e+03	1.20243e-02	3.99422e-02	3.07598	0.48142	4.59020e-05
1.71513e+03	1.20258e-02	4.67455e-02	1.56262	1.05037	4.59020e-05
1.71901e+03	1.20264e-02	5.14529e-02	0.31186	1.49410	4.59020e-05
1.72289e+03	1.20267e-02	5.00565e-02	5.65378	1.82877	4.59020e-05
1.72678e+03	1.20249e-02	4.30962e-02	4.71861	2.16253	4.59020e-05
1.73066e+03	1.20285e-02	2.94406e-02	3.62705	2.49758	4.59020e-05
1.73454e+03	1.20332e-02	5.29433e-03	1.46753	3.18230	4.59020e-05
1.73842e+03	1.20450e-02	1.04869e-02	4.40904	0.00546	4.59020e-05
1.74230e+03	1.20320e-02	2.72143e-02	3.39523	0.07417	4.59020e-05
1.74619e+03	1.20297e-02	4.17712e-02	1.34819	0.42986	4.59020e-05
1.75007e+03	1.20274e-02	5.03257e-02	5.92344	0.76604	4.59020e-05
1.75395e+03	1.20279e-02	5.09895e-02	4.13922	1.11462	4.59020e-05
1.75783e+03	1.20268e-02	4.73789e-02	2.26489	1.57143	4.59020e-05
1.76171e+03	1.20404e-02	3.95822e-02	2.57506	1.87471	4.59020e-05
1.76560e+03	1.20340e-02	3.86695e-02	1.64113	2.19047	4.59020e-05
1.76948e+03	1.20304e-02	3.49230e-02	1.09055	2.94526	4.59020e-05
1.77336e+03	1.20277e-02	3.18487e-02	4.28269	3.74311	4.59020e-05
1.77724e+03	1.20317e-02	3.09023e-02	0.82462	4.41063	4.59020e-05
1.78113e+03	1.20309e-02	2.98851e-02	3.07346	4.90968	4.59020e-05
1.78501e+03	1.20321e-02	2.64601e-02	3.35581	5.48070	4.59020e-05
1.78889e+03	1.20378e-02	2.13300e-02	3.01978	6.06615	4.59020e-05
1.79277e+03	1.20372e-02	1.98057e-02	1.74993	0.39023	4.59020e-05
1.79665e+03	1.20412e-02	1.93336e-02	0.02280	0.97161	4.59020e-05
1.80054e+03	1.20453e-02	2.08206e-02	4.18277	1.64604	4.59020e-05
1.80442e+03	1.20306e-02	2.87784e-02	1.43998	1.97751	4.59020e-05
1.80830e+03	1.20450e-02	3.16494e-02	5.79673	2.45682	4.59020e-05
1.81218e+03	1.20354e-02	4.17668e-02	6.18794	2.78860	4.59020e-05
1.81606e+03	1.20328e-02	4.76302e-02	5.49548	3.09254	4.59020e-05
1.81995e+03	1.20393e-02	4.87073e-02	4.01412	3.45690	4.59020e-05
1.82383e+03	1.20348e-02	4.66440e-02	1.34995	3.83136	4.59020e-05
1.82771e+03	1.20385e-02	3.78782e-02	1.66843	4.12946	4.59020e-05
1.83159e+03	1.20432e-02	2.11900e-02	4.61463	4.47764	4.59020e-05
1.83548e+03	1.20430e-02	6.74898e-03	1.15429	4.05196	4.59020e-05
1.83936e+03	1.20452e-02	1.32837e-02	2.45717	2.54131	4.59020e-05
1.84324e+03	1.20444e-02	2.63565e-02	1.52635	2.60910	4.59020e-05
1.84712e+03	1.20445e-02	3.26653e-02	0.41200	2.84658	4.59020e-05
1.85100e+03	1.20448e-02	3.52493e-02	5.58754	3.09188	4.59020e-05
1.85489e+03	1.20446e-02	3.38419e-02	4.57744	3.36978	4.59020e-05
1.85877e+03	1.20444e-02	2.78073e-02	3.80499	3.77425	4.59020e-05
1.86265e+03	1.20460e-02	1.77042e-02	2.71533	4.30985	4.59020e-05
1.86653e+03	1.20448e-02	1.40151e-02	1.23406	5.19790	4.59020e-05
1.87041e+03	1.20459e-02	1.35442e-02	6.25450	6.10914	4.59020e-05
1.87430e+03	1.20438e-02	1.44613e-02	5.35339	0.39970	4.59020e-05
1.87818e+03	1.20427e-02	1.37179e-02	5.17283	0.93015	4.59020e-05
1.88206e+03	1.20435e-02	9.34679e-03	5.88826	1.92823	4.59020e-05
1.88594e+03	1.20390e-02	1.10755e-02	2.21909	3.15535	4.59020e-05
1.88983e+03	1.20371e-02	2.29937e-02	4.17786	4.09131	4.59020e-05
1.89371e+03	1.20370e-02	3.80264e-02	5.33654	4.61966	4.59020e-05
1.89759e+03	1.20317e-02	4.50362e-02	0.26094	4.90375	4.59020e-05
1.90147e+03	1.20340e-02	4.37542e-02	1.35417	5.16736	4.59020e-05
1.90535e+03	1.20320e-02	3.75762e-02	2.35008	5.43701	4.59020e-05
1.90924e+03	1.20386e-02	2.56924e-02	2.58768	5.55241	4.59020e-05
1.91312e+03	1.20382e-02	1.21337e-02	5.35999	5.66086	4.59020e-05
1.91700e+03	1.20292e-02	1.42284e-03	0.47321	2.81036	4.59020e-05
1.92088e+03	1.20314e-02	1.25133e-02	1.86267	3.30646	4.59020e-05
1.92476e+03	1.20313e-02	1.87191e-02	4.14042	3.54752	4.59020e-05
1.92865e+03	1.20323e-02	2.29885e-02	5.75064	3.90196	4.59020e-05
1.93253e+03	1.20337e-02	2.32033e-02	0.85867	4.31965	4.59020e-05
1.93641e+03	1.20328e-02	2.28556e-02	1.49276	4.85036	4.59020e-05
1.94029e+03	1.20298e-02	2.51368e-02	2.25449	5.33938	4.59020e-05
1.94418e+03	1.20271e-02	2.70108e-02	5.13673	5.85332	4.59020e-05
1.94806e+03	1.20300e-02	2.78891e-02	2.12551	6.25919	4.59020e-05
1.95194e+03	1.20286e-02	3.01145e-02	5.85819	0.36164	4.59020e-05
1.95582e+03	1.20297e-02	3.21791e-02	2.80598	0.79890	4.59020e-05
1.95970e+03	1.20290e-02	3.15509e-02	0.63287	1.16465	4.59020e-05
1.96359e+03	1.20269e-02	2.97697e-02	4.77539	1.52600	4.59020e-05
1.96747e+03	1.20257e-02	2.50724e-02	3.67303	1.96364	4.59020e-05
1.97135e+03	1.20290e-02	1.88154e-02	1.33338	2.37806	4.59020e-05
1.97523e+03	1.20252e-02	1.31815e-02	0.24386	3.12307	4.59020e-05
1.97911e+03	1.20245e-02	6.77941e-03	6.23998	4.22264	4.59020e-05
1.98300e+03	1.20232e-02	8.12991e-03	4.77883	5.12767	4.59020e-05
1.98688e+03	1.20242e-02	1.07907e-02	3.88188	5.82474	4.59020e-05
1.99076e+03	1.20259e-02	1.47068e-02	3.88280	0.23742	4.59020e-05
1.99464e+03	1.20230e-02	1.92962e-02	2.75749	0.77072	4.59020e-05
1.99853e+03	1.20293e-02	1.76377e-02	2.34504	1.22227	4.59020e-05
2.00241e+03	1.20229e-02	2.04736e-02	0.32042	1.86149	4.59020e-05
2.00629e+03	1.20306e-02	1.66075e-02	5.30922	2.35664	4.59020e-05
2.01017e+03	1.20254e-02	2.15667e-02	2.26856	3.61660	4.59020e-05
2.01405e+03	1.20439e-02	3.12124e-02	3.62004	4.87895	4.59020e-05
2.01794e+03	1.20385e-02	4.83935e-02	5.96300	5.67025	4.59020e-05
2.02182e+03	1.20362e-02	6.32370e-02	1.06775	0.25630	4.59020e-05
2.02570e+03	1.20396e-02	7.05144e-02	2.76517	1.14007	4.59020e-05
2.02958e+03	1.20479e-02	6.23247e-02	4.47688	2.08540	4.59020e-05
2.03346e+03	1.20353e-02	5.10670e-02	6.11873	3.11392	4.59020e-05
2.03735e+03	1.20383e-02	3.74243e-02	1.35243	4.33533	4.59020e-05
2.04123e+03	1.20416e-02	3.19163e-02	3.84874	5.15408	4.59020e-05
2.04511e+03	1.20385e-02	2.90790e-02	5.71716	6.07913	4.59020e-05
2.04899e+03	1.20440e-02	2.22321e-02	6.15188	0.36224	4.59020e-05
2.05288e+03	1.20419e-02	1.54563e-02	0.14298	1.08817	4.59020e-05
2.05676e+03	1.20424e-02	5.05000e-03	0.56527	1.08007	4.59020e-05
2.06064e+03	1.20429e-02	1.07834e-02	2.49439	5.96673	4.59020e-05
2.06452e+03	1.20447e-02	2.47851e-02	2.51748	0.07621	4.59020e-05
2.06840e+03	1.20445e-02	4.05683e-02	3.58683	0.63306	4.59020e-05
2.07229e+03	1.20400e-02	5.43807e-02	4.23721	1.32519	4.59020e-05
2.07617e+03	1.20448e-02	5.77420e-02	1.26947	1.90786	4.59020e-05
2.08005e+03	1.20409e-02	5.74300e-02	4.78267	2.70537	4.59020e-05
2.08393e+03	1.20421e-02	4.78836e-02	4.61877	3.61978	4.59020e-05
2.08781e+03	1.20421e-02	3.56802e-02	0.72856	4.83198	4.59020e-05
2.09170e+03	1.20395e-02	3.24169e-02	5.38031	6.10640	4.59020e-05
2.09558e+03	1.20434e-02	3.41034e-02	4.32926	0.74120	4.59020e-05
2.09946e+03	1.20386e-02	3.59002e-02	4.60600	1.62214	4.59020e-05
2.10334e+03	1.20385e-02	3.46672e-02	1.03742	2.10621	4.59020e-05
2.10723e+03	1.20420e-02	2.47109e-02	3.79508	2.55370	4.59020e-05
2.11111e+03	1.20407e-02	1.27707e-02	1.32723	2.51279	4.59020e-05
2.11499e+03	1.20397e-02	1.87757e-02	5.97569	1.82594	4.59020e-05
2.11887e+03	1.20341e-02	2.93745e-02	2.39403	1.97722	4.59020e-05
2.12275e+03	1.20375e-02	3.36940e-02	5.66665	2.27055	4.59020e-05
2.12664e+03	1.20356e-02	4.36204e-02	5.23782	2.81071	4.59020e-05
2.13052e+03	1.20266e-02	4.74597e-02	1.26751	3.08137	4.59020e-05
2.13440e+03	1.20361e-02	4.39493e-02	3.82971	3.74369	4.59020e-05
2.13828e+03	1.20374e-02	3.69764e-02	6.15768	4.63757	4.59020e-05
2.14216e+03	1.20159e-02	3.63172e-02	4.34888	5.83349	4.59020e-05
2.14605e+03	1.20420e-02	3.55971e-02	1.70247	0.66978	4.59020e-05
2.14993e+03	1.20379e-02	4.62808e-02	4.55133	1.41008	4.59020e-05
2.15381e+03	1.20283e-02	5.60695e-02	1.04089	1.86813	4.59020e-05
2.15769e+03	1.20161e-02	6.90585e-02	3.97749	2.36194	4.59020e-05
2.16157e+03	1.20286e-02	7.77959e-02	0.34625	2.91793	4.59020e-05
2.16546e+03	1.20348e-02	8.34746e-02	3.17729	3.40401	4.59020e-05
2.16934e+03	1.20422e-02	8.33449e-02	0.02983	3.90764	4.59020e-05
2.17322e+03	1.20280e-02	8.32726e-02	2.94112	4.36974	4.59020e-05
2.17710e+03	1.20286e-02	7.03927e-02	5.54137	5.00765	4.59020e-05
2.18099e+03	1.20421e-02	4.23919e-02	2.53002	5.82632	4.59020e-05
2.18487e+03	1.20293e-02	2.70998e-02	4.39726	0.33742	4.59020e-05
2.18875e+03	1.20252e-02	2.57195e-02	1.65626	0.70724	4.59020e-05
2.19263e+03	1.20177e-02	2.19562e-02	1.48332	1.77931	4.59020e-05
2.19651e+03	1.20213e-02	2.68411e-02	3.87040	3.03806	4.59020e-05
2.20040e+03	1.20234e-02	3.05551e-02	2.73676	3.45049	4.59020e-05
2.20428e+03	1.20249e-02	3.01065e-02	0.46945	3.41090	4.59020e-05
2.20816e+03	1.20315e-02	3.00983e-02	4.43642	3.53218	4.59020e-05
2.21204e+03	1.20315e-02	3.04614e-02	1.87259	3.80554	4.59020e-05
2.21592e+03	1.20281e-02	3.39754e-02	0.15776	4.16278	4.59020e-05
2.21981e+03	1.20274e-02	3.15726e-02	5.34602	4.52117	4.59020e-05
2.22369e+03	1.20265e-02	2.75473e-02	4.44433	4.71663	4.59020e-05
2.22757e+03	1.20264e-02	2.35298e-02	3.99072	4.72262	4.59020e-05
2.23145e+03	1.20294e-02	2.52399e-02	3.24666	4.70408	4.59020e-05
2.23534e+03	1.20255e-02	2.68895e-02	2.35703	4.67297	4.59020e-05
2.23922e+03	1.20273e-02	3.63539e-02	1.32828	4.74870	4.59020e-05
2.24310e+03	1.20267e-02	3.67662e-02	6.22208	4.89872	4.59020e-05
2.24698e+03	1.20253e-02	3.66464e-02	4.94165	5.05485	4.59020e-05
2.25086e+03	1.20308e-02	4.15110e-02	3.87728	5.36316	4.59020e-05
2.25475e+03	1.20274e-02	4.87588e-02	2.56405	5.73342	4.59020e-05
2.25863e+03	1.20222e-02	5.16060e-02	1.66966	6.04523	4.59020e-05
2.26251e+03	1.20288e-02	4.79079e-02	0.03474	0.05108	4.59020e-05
2.26639e+03	1.20278e-02	4.66531e-02	5.18428	0.20674	4.59020e-05
2.27027e+03	1.20236e-02	4.71247e-02	3.44475	0.27004	4.59020e-05
2.27416e+03	1.20266e-02	4.99418e-02	2.53318	0.13269	4.59020e-05
2.27804e+03	1.20247e-02	5.47544e-02	1.43993	0.04841	4.59020e-05
2.28192e+03	1.20271e-02	5.96908e-02	0.46301	6.19525	4.59020e-05
2.28580e+03	1.20212e-02	6.34442e-02	5.79457	6.22472	4.59020e-05
2.28969e+03	1.20228e-02	6.37446e-02	4.40027	0.08237	4.59020e-05
2.29357e+03	1.20234e-02	6.51424e-02	2.72252	0.28212	4.59020e-05
2.29745e+03	1.20292e-02	6.38661e-02	1.80124	0.45244	4.59020e-05
2.30133e+03	1.20261e-02	6.61518e-02	0.53730	0.66670	4.59020e-05
2.30521e+03	1.20290e-02	6.61375e-02	5.03271	0.85850	4.59020e-05
2.30910e+03	1.20279e-02	6.70793e-02	3.33308	1.04737	4.59020e-05
2.31298e+03	1.20298e-02	6.72765e-02	1.73419	1.24785	4.59020e-05
2.31686e+03	1.20326e-02	6.85427e-02	0.68981	1.44036	4.59020e-05
2.32074e+03	1.20261e-02	6.89291e-02	5.74151	1.58439	4.59020e-05
2.32462e+03	1.20302e-02	6.70484e-02	4.30878	1.73656	4.59020e-05
2.32851e+03	1.20311e-02	6.52278e-02	3.12658	1.82842	4.59020e-05
2.33239e+03	1.20272e-02	5.95140e-02	2.42058	1.85259	4.59020e-05
2.33627e+03	1.20260e-02	5.33267e-02	1.31200	1.87117	4.59020e-05
2.34015e+03	1.20235e-02	5.00038e-02	0.56769	1.89804	4.59020e-05
2.34404e+03	1.20217e-02	5.09669e-02	6.05736	1.99986	4.59020e-05
2.34792e+03	1.20274e-02	5.03978e-02	5.38401	2.15165	4.59020e-05
2.35180e+03	1.20240e-02	5.09466e-02	5.17035	2.27608	4.59020e-05
2.35568e+03	1.20250e-02	5.22797e-02	4.59151	2.49791	4.59020e-05
2.35956e+03	1.20246e-02	5.41559e-02	4.46202	2.66847	4.59020e-05
2.36345e+03	1.20267e-02	5.13855e-02	4.04313	2.85626	4.59020e-05
2.36733e+03	1.20282e-02	5.03722e-02	3.41001	3.01895	4.59020e-05
2.37121e+03	1.20255e-02	4.73350e-02	3.33166	3.16807	4.59020e-05
2.37509e+03	1.20264e-02	4.58230e-02	2.85259	3.27018	4.59020e-05
2.37897e+03	1.20256e-02	4.63262e-02	2.51413	3.36805	4.59020e-05
2.38286e+03	1.20298e-02	4.84660e-02	2.35368	3.50521	4.59020e-05
2.38674e+03	1.20276e-02	4.96439e-02	1.33222	3.69042	4.59020e-05
2.39062e+03	1.20245e-02	5.28343e-02	0.78233	3.89228	4.59020e-05
2.39450e+03	1.20277e-02	5.13412e-02	0.09503	4.12571	4.59020e-05
2.39839e+03	1.20269e-02	4.77049e-02	5.54894	4.35104	4.59020e-05
2.40227e+03	1.20280e-02	4.62272e-02	5.12673	4.49782	4.59020e-05
2.40615e+03	1.20238e-02	4.76282e-02	4.61253	4.53794	4.59020e-05
2.41003e+03	1.20208e-02	4.93884e-02	4.33058	4.52145	4.59020e-05
2.41391e+03	1.20274e-02	5.13837e-02	4.40422	4.44806	4.59020e-05
2.41780e+03	1.20306e-02	5.50078e-02	4.46621	4.36549	4.59020e-05
2.42168e+03	1.20270e-02	5.91424e-02	4.78993	4.34260	4.59020e-05
2.42556e+03	1.20245e-02	6.12394e-02	4.93656	4.36345	4.59020e-05
2.42944e+03	1.20236e-02	6.19579e-02	5.37236	4.42941	4.59020e-05
2.43332e+03	1.20273e-02	6.16121e-02	5.40942	4.56184	4.59020e-05
2.43721e+03	1.20248e-02	6.32965e-02	5.43408	4.69101	4.59020e-05
2.44109e+03	1.20286e-02	6.27026e-02	5.44133	4.82001	4.59020e-05
2.44497e+03	1.20265e-02	6.15809e-02	5.60382	4.95867	4.59020e-05
2.44885e+03	1.20251e-02	6.25749e-02	5.70137	5.11850	4.59020e-05
2.45274e+03	1.20240e-02	6.35953e-02	5.70039	5.27280	4.59020e-05
2.45662e+03	1.20254e-02	6.40976e-02	5.84004	5.39600	4.59020e-05
2.46050e+03	1.20254e-02	6.23962e-02	5.97711	5.53859	4.59020e-05
2.46438e+03	1.20254e-02	6.32410e-02	6.01065	5.70374	4.59020e-05
2.46826e+03	1.20260e-02	6.37207e-02	6.22409	5.85767	4.59020e-05
2.47215e+03	1.20253e-02	6.55080e-02	0.04292	5.99241	4.59020e-05
2.47603e+03	1.20241e-02	6.40100e-02	0.22925	6.15135	4.59020e-05
2.47991e+03	1.20287e-02	6.24715e-02	0.21181	0.03967	4.59020e-05
2.48379e+03	1.20223e-02	6.49822e-02	0.38767	0.18480	4.59020e-05
2.48767e+03	1.20253e-02	6.44668e-02	0.41821	0.31656	4.59020e-05
2.49156e+03	1.20258e-02	6.26092e-02	0.59599	0.43434	4.59020e-05
2.49544e+03	1.20288e-02	6.28218e-02	0.72288	0.54753	4.59020e-05
2.49932e+03	1.20252e-02	6.48057e-02	1.11912	0.64277	4.59020e-05
2.50320e+03	1.20233e-02	6.51549e-02	1.36260	0.69588	4.59020e-05
2.50709e+03	1.20220e-02	6.42769e-02	1.52710	0.76341	4.59020e-05
2.51097e+03	1.20300e-02	6.08122e-02	1.77810	0.82581	4.59020e-05
2.51485e+03	1.20256e-02	6.15428e-02	2.04774	0.85940	4.59020e-05
2.51873e+03	1.20266e-02	5.77746e-02	2.47044	0.83527	4.59020e-05
2.52261e+03	1.20302e-02	5.18353e-02	2.83030	0.80561	4.59020e-05
2.52650e+03	1.20302e-02	4.39181e-02	3.18661	0.80467	4.59020e-05
2.53038e+03	1.20219e-02	3.82319e-02	3.57715	0.75686	4.59020e-05
2.53426e+03	1.20232e-02	3.09316e-02	3.82943	0.75667	4.59020e-05
2.53814e+03	1.20308e-02	2.44467e-02	4.11110	0.75037	4.59020e-05
2.54202e+03	1.20247e-02	1.77555e-02	4.52864	0.52859	4.59020e-05
2.54591e+03	1.20269e-02	1.00288e-02	5.25792	0.18947	4.59020e-05
2.54979e+03	1.20221e-02	6.68459e-03	0.56681	5.29949	4.59020e-05
2.55367e+03	1.20265e-02	7.48965e-03	1.86061	4.35029	4.59020e-05
2.55755e+03	1.20281e-02	1.20483e-02	2.42252	4.10832	4.59020e-05
2.56144e+03	1.20235e-02	1.55945e-02	2.69527	4.00599	4.59020e-05
2.56532e+03	1.20238e-02	2.12685e-02	3.15956	3.89968	4.59020e-05
2.56920e+03	1.20294e-02	2.56709e-02	3.75026	3.72083	4.59020e-05
2.57308e+03	1.20277e-02	3.30512e-02	4.25393	3.55854	4.59020e-05
2.57696e+03	1.20212e-02	4.05056e-02	4.71437	3.36658	4.59020e-05
2.58085e+03	1.20263e-02	4.45359e-02	5.39953	3.14238	4.59020e-05
2.58473e+03	1.20269e-02	4.78178e-02	5.78809	2.95997	4.59020e-05
2.58861e+03	1.20202e-02	5.18278e-02	0.02839	2.82605	4.59020e-05
2.59249e+03	1.20230e-02	5.40984e-02	0.48035	2.69110	4.59020e-05
2.59637e+03	1.20268e-02	5.49161e-02	0.94392	2.55148	4.59020e-05
2.60026e+03	1.20254e-02	5.63130e-02	1.42101	2.40105	4.59020e-05
2.60414e+03	1.20212e-02	5.55618e-02	1.94407	2.22138	4.59020e-05
2.60802e+03	1.20224e-02	4.92428e-02	2.44997	2.02605	4.59020e-05
2.61190e+03	1.20314e-02	4.08915e-02	3.07254	1.90006	4.59020e-05
2.61579e+03	1.20285e-02	3.33307e-02	3.41056	1.85095	4.59020e-05
2.61967e+03	1.20257e-02	2.80818e-02	3.64054	1.81626	4.59020e-05
2.62355e+03	1.20270e-02	2.36902e-02	3.90937	1.86744	4.59020e-05
2.62743e+03	1.20261e-02	2.29432e-02	4.14698	1.85241	4.59020e-05
2.63131e+03	1.20287e-02	2.03997e-02	4.29035	1.97722	4.59020e-05
2.63520e+03	1.20256e-02	2.12820e-02	4.53819	2.05984	4.59020e-05
2.63908e+03	1.20266e-02	2.37840e-02	4.41564	2.31035	4.59020e-05
2.64296e+03	1.20319e-02	2.64026e-02	4.20614	2.61010	4.59020e-05
2.64684e+03	1.20276e-02	2.80126e-02	4.01436	2.94409	4.59020e-05
2.65072e+03	1.20268e-02	3.00217e-02	3.84642	3.23150	4.59020e-05
2.65461e+03	1.20208e-02	3.17268e-02	3.70764	3.44385	4.59020e-05
2.65849e+03	1.20282e-02	2.87969e-02	3.54421	3.70959	4.59020e-05
2.66237e+03	1.20237e-02	3.00201e-02	3.46399	4.01001	4.59020e-05
2.66625e+03	1.20220e-02	3.11509e-02	3.46339	4.20508	4.59020e-05
2.67014e+03	1.20270e-02	2.81186e-02	3.44865	4.33550	4.59020e-05
2.67402e+03	1.20264e-02	2.74581e-02	3.39877	4.45772	4.59020e-05
2.67790e+03	1.20245e-02	2.76708e-02	3.43876	4.57573	4.59020e-05
2.68178e+03	1.20288e-02	2.70629e-02	3.60285	4.67739	4.59020e-05
2.68566e+03	1.20237e-02	2.82159e-02	3.75787	4.78184	4.59020e-05
2.68955e+03	1.20322e-02	2.62011e-02	3.56624	5.04448	4.59020e-05
2.69343e+03	1.20297e-02	2.62572e-02	3.35288	5.35319	4.59020e-05
2.69731e+03	1.20275e-02	2.80782e-02	3.10943	5.72482	4.59020e-05
2.70119e+03	1.20271e-02	2.72010e-02	2.12618	6.27279	4.59020e-05
2.70507e+03	1.20202e-02	2.66818e-02	1.43037	0.68304	4.59020e-05
2.70896e+03	1.20323e-02	1.99248e-02	0.70160	1.32796	4.59020e-05
2.71284e+03	1.20256e-02	2.14771e-02	0.08327	2.08810	4.59020e-05
2.71672e+03	1.20230e-02	2.30590e-02	5.88036	2.41906	4.59020e-05
2.72060e+03	1.20282e-02	2.07767e-02	5.80863	2.69830	4.59020e-05
2.72449e+03	1.20253e-02	2.34296e-02	5.48459	3.03850	4.59020e-05
2.72837e+03	1.20272e-02	2.51792e-02	5.54513	3.37793	4.59020e-05
2.73225e+03	1.20275e-02	2.62778e-02	5.27470	3.55244	4.59020e-05
2.73613e+03	1.20234e-02	1.96145e-02	5.59976	3.31539	4.59020e-05
2.74001e+03	1.20250e-02	1.63865e-02	5.84584	3.26847	4.59020e-05
2.74390e+03	1.20261e-02	1.68719e-02	5.91504	3.44949	4.59020e-05
2.74778e+03	1.20224e-02	1.84718e-02	4.22296	3.45017	4.59020e-05
2.75166e+03	1.20330e-02	1.97675e-02	1.22317	4.29529	4.59020e-05
2.75554e+03	1.20338e-02	2.18268e-02	1.67640	4.97912	4.59020e-05
2.75942e+03	1.20329e-02	2.28775e-02	2.14030	5.53941	4.59020e-05
2.76331e+03	1.20320e-02	2.12212e-02	2.65989	6.18710	4.59020e-05
2.76719e+03	1.20324e-02	1.82803e-02	3.09615	0.75993	4.59020e-05
2.77107e+03	1.20339e-02	1.70158e-02	3.61723	1.72661	4.59020e-05
2.77495e+03	1.20385e-02	2.28314e-02	4.16285	2.75947	4.59020e-05
2.77884e+03	1.20327e-02	3.12395e-02	4.99078	3.41671	4.59020e-05
2.78272e+03	1.20318e-02	3.75334e-02	5.84696	3.99953	4.59020e-05
2.78660e+03	1.20348e-02	3.93179e-02	0.57678	4.49751	4.59020e-05
2.79048e+03	1.20332e-02	3.64107e-02	1.47127	4.98348	4.59020e-05
2.79436e+03	1.20347e-02	3.15643e-02	2.39033	5.41835	4.59020e-05
2.79825e+03	1.20340e-02	2.39169e-02	3.21919	5.91547	4.59020e-05
2.80213e+03	1.20336e-02	1.22361e-02	3.82790	0.25560	4.59020e-05
2.80601e+03	1.20334e-02	4.74530e-03	3.24964	1.80323	4.59020e-05
2.80989e+03	1.20334e-02	1.39230e-02	2.87331	3.47465	4.59020e-05
2.81377e+03	1.20324e-02	2.41504e-02	3.45998	3.97098	4.59020e-05
2.81766e+03	1.20328e-02	3.26226e-02	4.10304	4.46429	4.59020e-05
2.82154e+03	1.20323e-02	4.06567e-02	4.76768	4.94905	4.59020e-05
2.82542e+03	1.20351e-02	4.46282e-02	5.60607	5.38502	4.59020e-05
2.82930e+03	1.20323e-02	4.69447e-02	0.01702	5.85358	4.59020e-05
2.83319e+03	1.20328e-02	4.54366e-02	0.87283	6.26065	4.59020e-05
2.83707e+03	1.20354e-02	3.78565e-02	1.70947	0.39371	4.59020e-05
2.84095e+03	1.20320e-02	3.00403e-02	2.59733	0.84740	4.59020e-05
2.84483e+03	1.20308e-02	1.71539e-02	3.72063	1.38433	4.59020e-05
2.84871e+03	1.20303e-02	3.71292e-03	3.51053	3.33647	4.59020e-05
2.85260e+03	1.20318e-02	1.57359e-02	3.63065	5.01349	4.59020e-05
2.85648e+03	1.20323e-02	2.95748e-02	4.91957	5.51924	4.59020e-05
2.86036e+03	1.20314e-02	3.97543e-02	0.04061	5.92654	4.59020e-05
2.86424e+03	1.20315e-02	4.75358e-02	1.53805	0.05325	4.59020e-05
2.86812e+03	1.20339e-02	4.92607e-02	2.87966	0.45722	4.59020e-05
2.87201e+03	1.20316e-02	4.92333e-02	4.22442	0.83749	4.59020e-05
2.87589e+03	1.20295e-02	4.44106e-02	5.78574	1.27816	4.59020e-05
2.87977e+03	1.20292e-02	4.06041e-02	2.69304	1.56822	4.59020e-05
2.88365e+03	1.20254e-02	4.20914e-02	0.29002	1.71154	4.59020e-05
2.88753e+03	1.20341e-02	4.04424e-02	4.07126	1.77300	4.59020e-05
2.89142e+03	1.20208e-02	3.96447e-02	5.19581	2.13840	4.59020e-05
2.89530e+03	1.20214e-02	3.01211e-02	3.46568	2.74818	4.59020e-05
2.89918e+03	1.20214e-02	2.22090e-02	0.93024	3.16528	4.59020e-05
2.90306e+03	1.20262e-02	2.38724e-02	0.46581	3.08883	4.59020e-05
2.90695e+03	1.20199e-02	2.29521e-02	5.95458	3.48381	4.59020e-05
2.91083e+03	1.20318e-02	1.97937e-02	5.92439	3.64801	4.59020e-05
2.91471e+03	1.20220e-02	2.17777e-02	5.30720	3.84838	4.59020e-05
2.91859e+03	1.20213e-02	2.18852e-02	5.65643	3.95551	4.59020e-05
2.92247e+03	1.20136e-02	2.42749e-02	3.26299	3.77527	4.59020e-05
2.92636e+03	1.20141e-02	2.42529e-02	1.93009	3.79773	4.59020e-05
2.93024e+03	1.20289e-02	1.99489e-02	4.72285	4.06165	4.59020e-05
2.93412e+03	1.20271e-02	2.10645e-02	0.91656	4.40415	4.59020e-05
2.93800e+03	1.20194e-02	2.20203e-02	3.40454	4.39109	4.59020e-05
2.94188e+03	1.20145e-02	2.13772e-02	2.40822	4.09608	4.59020e-05
2.94577e+03	1.20188e-02	2.02584e-02	6.24172	4.16595	4.59020e-05
2.94965e+03	1.20135e-02	2.14673e-02	4.83694	4.14927	4.59020e-05
2.95353e+03	1.20194e-02	3.00288e-02	1.40169	5.10941	4.59020e-05
2.95741e+03	1.20204e-02	3.59918e-02	3.89959	5.68906	4.59020e-05
2.96130e+03	1.20258e-02	4.82535e-02	5.21442	0.11676	4.59020e-05
2.96518e+03	1.20230e-02	5.31226e-02	1.22522	0.49316	4.59020e-05
2.96906e+03	1.20153e-02	5.72332e-02	1.12033	0.96347	4.59020e-05
2.97294e+03	1.20190e-02	5.55934e-02	2.35135	1.23487	4.59020e-05
2.97682e+03	1.20207e-02	5.45452e-02	2.10830	1.51217	4.59020e-05
2.98071e+03	1.20088e-02	5.02526e-02	4.90917	2.02170	4.59020e-05
2.98459e+03	1.20091e-02	4.14147e-02	0.49707	2.59589	4.59020e-05
2.98847e+03	1.20123e-02	3.30874e-02	3.39746	3.09813	4.59020e-05
2.99235e+03	1.20200e-02	2.32208e-02	4.99216	3.76184	4.59020e-05
2.99623e+03	1.20116e-02	2.75802e-02	0.21321	3.83181	4.59020e-05
3.00012e+03	1.20173e-02	3.19565e-02	4.81218	3.65917	4.59020e-05
3.00400e+03	1.20025e-02	3.95358e-02	4.18720	3.34290	4.59020e-05
3.00788e+03	1.20099e-02	4.13326e-02	4.30026	3.02362	4.59020e-05
3.01176e+03	1.20013e-02	4.31884e-02	1.97186	2.96486	4.59020e-05
3.01565e+03	1.20183e-02	3.79817e-02	3.22382	2.73302	4.59020e-05
3.01953e+03	1.20000e-02	3.91942e-02	3.36468	2.69579	4.59020e-05
3.02341e+03	1.20150e-02	3.56692e-02	3.41881	2.95244	4.59020e-05
3.02729e+03	1.20130e-02	3.98478e-02	0.97829	3.41563	4.59020e-05
3.03117e+03	1.20090e-02	4.22030e-02	1.04993	3.93056	4.59020e-05
3.03506e+03	1.20065e-02	4.40546e-02	2.28287	4.02054	4.59020e-05
3.03894e+03	1.20108e-02	4.40021e-02	3.56138	3.82001	4.59020e-05
3.04282e+03	1.20057e-02	4.42652e-02	4.80883	3.69774	4.59020e-05
3.04670e+03	1.20093e-02	3.79020e-02	1.14645	3.48077	4.59020e-05
3.05058e+03	1.20015e-02	2.90935e-02	0.77953	3.11569	4.59020e-05
3.05447e+03	1.19940e-02	1.85924e-02	5.12812	2.77662	4.59020e-05
3.05835e+03	1.20059e-02	9.58839e-03	4.48821	3.21448	4.59020e-05
3.06223e+03	1.19945e-02	1.98765e-02	4.13943	3.05926	4.59020e-05
3.06611e+03	1.19989e-02	2.78923e-02	3.93863	3.59716	4.59020e-05
3.07000e+03	1.19988e-02	3.63831e-02	4.13000	3.96816	4.59020e-05
3.07388e+03	1.19961e-02	4.19461e-02	5.67207	4.37802	4.59020e-05
3.07776e+03	1.19987e-02	4.14243e-02	2.39679	4.49632	4.59020e-05
3.08164e+03	1.19908e-02	3.97583e-02	4.69884	4.45275	4.59020e-05
3.08552e+03	1.19919e-02	3.45207e-02	0.42713	4.50542	4.59020e-05
3.08941e+03	1.19893e-02	3.21977e-02	5.71647	4.63889	4.59020e-05
3.09329e+03	1.19935e-02	4.93605e-02	4.92828	4.93427	4.59020e-05
3.09717e+03	1.19942e-02	5.40381e-02	3.80559	5.13030	4.59020e-05
3.10105e+03	1.19961e-02	5.51862e-02	0.48534	5.35073	4.59020e-05
3.10493e+03	1.19928e-02	5.52231e-02	3.03250	5.64080	4.59020e-05
3.10882e+03	1.19931e-02	5.18456e-02	0.05496	5.89786	4.59020e-05
3.11270e+03	1.19940e-02	4.15881e-02	3.62274	6.10741	4.59020e-05
3.11658e+03	1.19892e-02	3.56059e-02	1.93380	0.00819	4.59020e-05
3.12046e+03	1.19850e-02	2.71878e-02	4.65137	0.16260	4.59020e-05
3.12435e+03	1.19885e-02	2.20894e-02	2.75354	6.20076	4.59020e-05
3.12823e+03	1.19836e-02	2.10507e-02	3.88544	5.84668	4.59020e-05
3.13211e+03	1.19824e-02	1.93771e-02	1.35534	0.08740	4.59020e-05
3.13599e+03	1.19791e-02	2.89580e-02	3.75501	0.58484	4.59020e-05
3.13987e+03	1.19855e-02	4.85691e-02	1.76459	0.60156	4.59020e-05
3.14376e+03	1.19906e-02	6.54224e-02	1.28376	0.42144	4.59020e-05
3.14764e+03	1.19816e-02	7.27548e-02	5.69313	0.26823	4.59020e-05
3.15152e+03	1.19913e-02	6.95104e-02	4.46655	0.22296	4.59020e-05
3.15540e+03	1.19842e-02	7.12302e-02	0.48797	0.41168	4.59020e-05
3.15928e+03	1.19840e-02	7.10709e-02	4.66703	0.53921	4.59020e-05
3.16317e+03	1.19694e-02	7.43617e-02	3.61772	0.70061	4.59020e-05
3.16705e+03	1.19908e-02	6.94360e-02	2.99721	1.00178	4.59020e-05
3.17093e+03	1.19774e-02	5.68375e-02	3.82350	1.74365	4.59020e-05
3.17481e+03	1.19661e-02	4.09936e-02	1.22535	2.44481	4.59020e-05
3.17870e+03	1.19763e-02	2.89966e-02	2.84523	2.92516	4.59020e-05
3.18258e+03	1.19775e-02	2.63817e-02	5.17542	3.50353	4.59020e-05
3.18646e+03	1.19687e-02	3.02186e-02	2.92810	4.43183	4.59020e-05
3.19034e+03	1.19799e-02	3.29883e-02	4.23875	5.13301	4.59020e-05
3.19422e+03	1.19802e-02	4.29167e-02	1.01614	5.70746	4.59020e-05
3.19811e+03	1.19764e-02	5.47409e-02	2.06850	0.23026	4.59020e-05
3.20199e+03	1.19704e-02	6.91472e-02	5.64105	0.83224	4.59020e-05
3.20587e+03	1.19669e-02	7.09701e-02	5.65145	1.30857	4.59020e-05
3.20975e+03	1.19724e-02	6.94854e-02	4.85385	1.79463	4.59020e-05
3.21363e+03	1.19736e-02	6.07801e-02	0.30291	2.42107	4.59020e-05
3.21752e+03	1.19643e-02	5.45197e-02	2.22890	2.86693	4.59020e-05
3.22140e+03	1.19703e-02	4.01628e-02	2.09749	3.36188	4.59020e-05
3.22528e+03	1.19691e-02	5.50655e-02	4.63233	3.20396	4.59020e-05
3.22916e+03	1.19580e-02	7.16338e-02	2.68901	2.86060	4.59020e-05
3.23305e+03	1.19637e-02	7.91793e-02	2.81661	2.44397	4.59020e-05
3.23693e+03	1.19646e-02	7.65247e-02	2.60177	2.00392	4.59020e-05
3.24081e+03	1.19656e-02	6.05841e-02	2.65185	1.48353	4.59020e-05
3.24469e+03	1.19597e-02	3.85218e-02	3.57284	0.98407	4.59020e-05
3.24857e+03	1.19597e-02	1.85404e-02	4.24489	0.49755	4.59020e-05
3.25246e+03	1.19624e-02	7.91810e-03	5.05772	0.12625	4.59020e-05
3.25634e+03	1.19585e-02	6.64123e-03	0.32743	0.05150	4.59020e-05
3.26022e+03	1.19599e-02	1.20316e-02	2.93913	0.69439	4.59020e-05
3.26410e+03	1.19586e-02	1.71923e-02	0.05411	1.31607	4.59020e-05
3.26798e+03	1.19593e-02	1.91503e-02	1.95792	2.01863	4.59020e-05
3.27187e+03	1.19615e-02	2.82622e-02	3.96581	2.68382	4.59020e-05
3.27575e+03	1.19596e-02	3.92265e-02	2.19436	3.09476	4.59020e-05
3.27963e+03	1.19499e-02	4.63370e-02	0.88529	3.30690	4.59020e-05
3.28351e+03	1.19518e-02	4.72876e-02	2.05057	3.56323	4.59020e-05
3.28740e+03	1.19500e-02	4.49196e-02	2.50184	3.90373	4.59020e-05
3.29128e+03	1.19474e-02	3.72765e-02	3.51748	4.25708	4.59020e-05
3.29516e+03	1.19448e-02	2.04802e-02	4.72766	4.85877	4.59020e-05
3.29904e+03	1.19457e-02	7.46504e-03	5.15753	5.58130	4.59020e-05
3.30292e+03	1.19529e-02	7.47381e-03	3.80916	2.08919	4.59020e-05
3.30681e+03	1.19508e-02	1.01969e-02	1.00083	2.21135	4.59020e-05
3.31069e+03	1.19576e-02	1.88346e-02	0.20528	2.54599	4.59020e-05
3.31457e+03	1.19573e-02	2.43416e-02	5.02578	2.92056	4.59020e-05
3.31845e+03	1.19547e-02	2.86963e-02	3.18587	3.45780	4.59020e-05
3.32233e+03	1.19506e-02	3.36336e-02	2.95772	3.87890	4.59020e-05
3.32622e+03	1.19525e-02	4.10077e-02	1.42940	4.30014	4.59020e-05
3.33010e+03	1.19453e-02	4.45382e-02	5.71985	4.47789	4.59020e-05
3.33398e+03	1.19380e-02	5.35158e-02	3.58538	4.71334	4.59020e-05
3.33786e+03	1.19370e-02	5.23967e-02	2.05175	4.97778	4.59020e-05
3.34175e+03	1.19427e-02	4.64147e-02	0.16996	5.16818	4.59020e-05
3.34563e+03	1.19418e-02	3.89963e-02	0.64413	5.35376	4.59020e-05
3.34951e+03	1.19441e-02	1.83324e-02	0.70451	5.64156	4.59020e-05
3.35339e+03	1.19471e-02	7.68171e-03	1.83898	5.71389	4.59020e-05
3.35727e+03	1.19391e-02	7.49068e-03	4.84928	3.12871	4.59020e-05
3.36116e+03	1.19394e-02	2.08381e-02	1.72507	3.49007	4.59020e-05
3.36504e+03	1.19415e-02	2.56768e-02	4.69139	3.78906	4.59020e-05
3.36892e+03	1.19358e-02	3.83486e-02	1.36117	4.06707	4.59020e-05
3.37280e+03	1.19392e-02	4.48642e-02	0.66694	4.56964	4.59020e-05
3.37668e+03	1.19369e-02	4.87995e-02	4.89630	4.87238	4.59020e-05
3.38057e+03	1.19445e-02	5.13082e-02	2.68326	5.55324	4.59020e-05
3.38445e+03	1.19424e-02	5.08728e-02	3.81506	6.00447	4.59020e-05
3.38833e+03	1.19421e-02	4.55742e-02	5.71160	0.07182	4.59020e-05
3.39221e+03	1.19330e-02	4.37560e-02	0.14383	0.40064	4.59020e-05
3.39610e+03	1.19297e-02	5.38326e-02	3.28855	0.44645	4.59020e-05
3.39998e+03	1.19383e-02	7.59445e-02	2.70251	0.15157	4.59020e-05
3.40386e+03	1.19204e-02	9.48642e-02	2.25663	6.03327	4.59020e-05
3.40774e+03	1.19292e-02	9.13829e-02	1.68231	5.56358	4.59020e-05
3.41162e+03	1.19320e-02	7.07324e-02	0.71545	5.05871	4.59020e-05
3.41551e+03	1.19256e-02	3.90717e-02	5.62379	4.31905	4.59020e-05
3.41939e+03	1.19279e-02	2.57666e-02	3.73147	2.44035	4.59020e-05
3.42327e+03	1.19206e-02	5.20940e-02	5.86099	1.42827	4.59020e-05
3.42715e+03	1.19172e-02	7.01094e-02	2.05822	0.91605	4.59020e-05
3.43103e+03	1.19367e-02	7.19757e-02	6.10700	0.53314	4.59020e-05
3.43492e+03	1.19223e-02	6.63181e-02	3.95990	0.11092	4.59020e-05
3.43880e+03	1.19117e-02	4.95416e-02	1.20887	5.82635	4.59020e-05
3.44268e+03	1.19107e-02	2.90161e-02	1.62595	4.52972	4.59020e-05
3.44656e+03	1.19243e-02	5.10140e-02	2.20587	2.99763	4.59020e-05
3.45045e+03	1.19208e-02	8.47987e-02	0.77777	2.28260	4.59020e-05
3.45433e+03	1.19239e-02	1.03200e-01	5.44155	1.75903	4.59020e-05
3.45821e+03	1.19099e-02	1.03014e-01	5.65443	1.27842	4.59020e-05
3.46209e+03	1.19192e-02	8.31495e-02	0.69294	0.83477	4.59020e-05
3.46597e+03	1.19186e-02	5.18792e-02	2.82161	0.42238	4.59020e-05
3.46986e+03	1.19089e-02	2.16577e-02	5.10333	0.11733	4.59020e-05
3.47374e+03	1.19098e-02	7.63024e-03	0.04176	0.77197	4.59020e-05
3.47762e+03	1.19074e-02	2.27728e-02	4.70291	0.38068	4.59020e-05
3.48150e+03	1.19191e-02	3.14777e-02	2.90631	0.74498	4.59020e-05
3.48538e+03	1.19133e-02	4.24583e-02	5.52992	0.91840	4.59020e-05
3.48927e+03	1.19054e-02	4.96085e-02	1.19492	1.18830	4.59020e-05
3.49315e+03	1.19120e-02	5.10964e-02	3.38344	1.54505	4.59020e-05
3.49703e+03	1.19088e-02	4.97991e-02	3.93940	1.95357	4.59020e-05
3.50091e+03	1.19072e-02	5.76113e-02	4.03208	2.05060	4.59020e-05
3.50480e+03	1.19096e-02	6.05665e-02	3.72764	2.03100	4.59020e-05
3.50868e+03	1.19184e-02	5.66351e-02	4.50417	1.89690	4.59020e-05
3.51256e+03	1.19019e-02	4.48432e-02	0.72619	1.60522	4.59020e-05
3.51644e+03	1.19053e-02	2.07967e-02	2.71973	1.18135	4.59020e-05
3.52032e+03	1.19057e-02	1.46719e-02	1.79573	4.75672	4.59020e-05
3.52421e+03	1.19010e-02	5.02521e-02	0.23021	4.10009	4.59020e-05
3.52809e+03	1.19047e-02	8.19973e-02	4.40977	3.65211	4.59020e-05
3.53197e+03	1.18925e-02	1.03248e-01	3.50818	3.21641	4.59020e-05
3.53585e+03	1.19049e-02	1.03674e-01	3.95067	2.76417	4.59020e-05
3.53973e+03	1.18932e-02	8.84828e-02	3.41307	2.25102	4.59020e-05
3.54362e+03	1.19051e-02	6.02812e-02	5.66965	1.55137	4.59020e-05
3.54750e+03	1.18958e-02	4.54119e-02	2.06494	0.33340	4.59020e-05
3.55138e+03	1.19047e-02	6.49647e-02	4.57962	5.47131	4.59020e-05
3.55526e+03	1.18899e-02	9.51455e-02	2.56434	4.83581	4.59020e-05
3.55915e+03	1.19030e-02	1.12390e-01	5.81028	4.33486	4.59020e-05
3.56303e+03	1.18935e-02	1.16133e-01	2.53762	3.88481	4.59020e-05
3.56691e+03	1.19156e-02	1.00046e-01	1.12292	3.40811	4.59020e-05
3.57079e+03	1.18967e-02	7.33347e-02	5.62877	2.79836	4.59020e-05
3.57467e+03	1.18833e-02	4.74098e-02	3.99630	1.75435	4.59020e-05
3.57856e+03	1.18987e-02	5.36906e-02	5.46605	0.38795	4.59020e-05
3.58244e+03	1.18822e-02	8.56877e-02	5.49211	5.88314	4.59020e-05
3.58632e+03	1.18828e-02	1.09705e-01	4.41766	5.36338	4.59020e-05
3.59020e+03	1.18835e-02	1.18554e-01	5.97260	4.95352	4.59020e-05
3.59408e+03	1.19021e-02	1.10017e-01	1.70616	4.53610	4.59020e-05
3.59797e+03	1.19031e-02	8.88578e-02	1.74487	4.05259	4.59020e-05
3.60185e+03	1.18771e-02	5.86855e-02	5.53747	3.36085	4.59020e-05
3.60573e+03	1.18824e-02	3.62275e-02	4.18478	1.99878	4.59020e-05
3.60961e+03	1.18920e-02	6.07470e-02	2.69655	0.67996	4.59020e-05
3.61349e+03	1.18855e-02	9.53062e-02	5.91075	0.01277	4.59020e-05
3.61738e+03	1.18854e-02	1.15703e-01	5.22791	5.80265	4.59020e-05
3.62126e+03	1.18686e-02	1.20429e-01	2.51256	5.38248	4.59020e-05
3.62514e+03	1.18721e-02	1.08751e-01	1.27383	4.93759	4.59020e-05
3.62902e+03	1.18797e-02	8.40107e-02	2.02321	4.43460	4.59020e-05
3.63291e+03	1.18778e-02	5.65481e-02	2.51327	3.62302	4.59020e-05
3.63679e+03	1.18766e-02	5.18395e-02	3.18011	2.35670	4.59020e-05
3.64067e+03	1.18734e-02	7.66022e-02	5.85299	1.40797	4.59020e-05
3.64455e+03	1.18792e-02	1.00709e-01	0.27241	0.81284	4.59020e-05
3.64843e+03	1.18882e-02	1.10395e-01	2.56763	0.32476	4.59020e-05
3.65232e+03	1.18662e-02	1.05666e-01	4.92800	6.13712	4.59020e-05
3.65620e+03	1.18684e-02	8.15534e-02	0.77985	5.59927	4.59020e-05
3.66008e+03	1.18938e-02	4.45257e-02	5.16312	4.80720	4.59020e-05
3.66396e+03	1.18697e-02	3.79483e-02	4.39072	3.18017	4.59020e-05
3.66784e+03	1.18785e-02	6.80363e-02	3.21855	2.12004	4.59020e-05
3.67173e+03	1.18813e-02	9.63782e-02	2.62970	1.52611	4.59020e-05
3.67561e+03	1.18619e-02	1.11308e-01	3.18283	1.03638	4.59020e-05
3.67949e+03	1.18811e-02	1.05123e-01	3.32658	0.56506	4.59020e-05
3.68337e+03	1.18790e-02	8.47633e-02	3.95992	0.03475	4.59020e-05
3.68726e+03	1.18762e-02	5.59307e-02	6.05916	5.62920	4.59020e-05
3.69114e+03	1.18829e-02	3.23775e-02	2.97908	4.43495	4.59020e-05
3.69502e+03	1.18670e-02	4.18168e-02	1.53809	3.17465	4.59020e-05
3.69890e+03	1.18737e-02	4.88216e-02	3.93388	2.59895	4.59020e-05
3.70278e+03	1.18689e-02	4.66398e-02	0.87575	2.46457	4.59020e-05
3.70667e+03	1.18718e-02	4.17858e-02	1.34697	2.67145	4.59020e-05
3.71055e+03	1.18706e-02	3.40123e-02	0.26286	3.13390	4.59020e-05
3.71443e+03	1.18756e-02	2.28799e-02	0.85892	3.46490	4.59020e-05
3.71831e+03	1.18652e-02	2.26685e-02	4.63869	3.82200	4.59020e-05
3.72219e+03	1.18651e-02	3.54548e-02	4.84906	3.67119	4.59020e-05
3.72608e+03	1.18567e-02	5.72879e-02	0.74402	3.21789	4.59020e-05
3.72996e+03	1.18716e-02	7.25090e-02	0.55653	2.70373	4.59020e-05
3.73384e+03	1.18521e-02	8.16001e-02	4.58671	2.20831	4.59020e-05
3.73772e+03	1.18483e-02	7.33273e-02	0.11381	1.69125	4.59020e-05
3.74161e+03	1.18755e-02	4.74153e-02	5.97435	1.11013	4.59020e-05
3.74549e+03	1.18546e-02	2.52085e-02	5.97668	0.03425	4.59020e-05
3.74937e+03	1.18642e-02	3.03391e-02	5.13701	4.54873	4.59020e-05
3.75325e+03	1.18653e-02	6.07914e-02	0.33220	3.71845	4.59020e-05
3.75713e+03	1.18437e-02	8.86861e-02	2.02901	3.13660	4.59020e-05
3.76102e+03	1.18581e-02	9.64683e-02	2.40866	2.55407	4.59020e-05
3.76490e+03	1.18611e-02	9.20529e-02	4.49473	1.96118	4.59020e-05
3.76878e+03	1.18554e-02	7.91643e-02	2.01397	1.29424	4.59020e-05
3.77266e+03	1.18672e-02	6.27287e-02	4.38467	0.43978	4.59020e-05
3.77654e+03	1.18451e-02	6.61558e-02	3.89402	5.74405	4.59020e-05
3.78043e+03	1.18491e-02	8.02742e-02	2.97276	4.91604	4.59020e-05
3.78431e+03	1.18523e-02	9.42598e-02	1.62356	4.26281	4.59020e-05
3.78819e+03	1.18641e-02	9.69033e-02	1.93551	3.66271	4.59020e-05
3.79207e+03	1.18348e-02	9.08265e-02	1.41279	3.03287	4.59020e-05
3.79596e+03	1.18450e-02	7.09401e-02	1.42870	2.28389	4.59020e-05
3.79984e+03	1.18501e-02	5.68326e-02	3.45685	1.27108	4.59020e-05
3.80372e+03	1.18538e-02	6.32049e-02	5.44330	0.14150	4.59020e-05
3.80760e+03	1.18433e-02	8.53398e-02	0.77465	5.62341	4.59020e-05
3.81148e+03	1.18355e-02	1.04602e-01	4.73842	5.07549	4.59020e-05
3.81537e+03	1.18497e-02	1.12110e-01	1.83405	4.63747	4.59020e-05
3.81925e+03	1.18328e-02	1.10977e-01	5.47206	4.22038	4.59020e-05
3.82313e+03	1.18402e-02	9.44028e-02	3.14414	3.72739	4.59020e-05
3.82701e+03	1.18573e-02	6.56426e-02	1.65989	3.06892	4.59020e-05
3.83089e+03	1.18443e-02	4.23124e-02	1.51354	1.93009	4.59020e-05
3.83478e+03	1.18343e-02	4.96565e-02	1.76918	0.51558	4.59020e-05
3.83866e+03	1.18334e-02	7.63288e-02	1.95785	5.94651	4.59020e-05
3.84254e+03	1.18249e-02	9.85404e-02	2.34832	5.34176	4.59020e-05
3.84642e+03	1.18417e-02	1.02590e-01	3.47680	4.76396	4.59020e-05
3.85031e+03	1.18261e-02	9.72605e-02	5.08117	4.18786	4.59020e-05
3.85419e+03	1.18237e-02	8.60048e-02	0.93955	3.57632	4.59020e-05
3.85807e+03	1.18290e-02	7.78340e-02	4.92844	2.88524	4.59020e-05
3.86195e+03	1.18472e-02	7.53201e-02	1.50503	2.17345	4.59020e-05
3.86583e+03	1.18352e-02	8.14393e-02	1.00622	1.49942	4.59020e-05
3.86972e+03	1.18411e-02	8.99607e-02	5.22658	0.85489	4.59020e-05
3.87360e+03	1.18303e-02	9.88895e-02	3.64478	0.24143	4.59020e-05
3.87748e+03	1.18342e-02	9.86420e-02	3.78023	5.92468	4.59020e-05
3.88136e+03	1.18395e-02	8.60850e-02	2.77378	5.29396	4.59020e-05
3.88524e+03	1.18399e-02	6.51821e-02	2.35774	4.54731	4.59020e-05
3.88913e+03	1.18312e-02	5.06124e-02	4.34778	3.47846	4.59020e-05
3.89301e+03	1.18375e-02	6.01097e-02	5.52329	2.26296	4.59020e-05
3.89689e+03	1.18422e-02	8.52088e-02	1.37907	1.46593	4.59020e-05
3.90077e+03	1.18246e-02	1.06560e-01	5.37135	0.92460	4.59020e-05
3.90466e+03	1.18123e-02	1.16257e-01	1.74040	0.47539	4.59020e-05
3.90854e+03	1.18143e-02	1.10501e-01	0.41836	0.02691	4.59020e-05
3.91242e+03	1.18264e-02	9.27521e-02	4.32104	5.76352	4.59020e-05
3.91630e+03	1.18151e-02	6.92944e-02	2.99105	5.01192	4.59020e-05
3.92018e+03	1.18224e-02	5.07845e-02	3.14226	3.92765	4.59020e-05
3.92407e+03	1.18288e-02	5.37955e-02	3.31843	2.76109	4.59020e-05
3.92795e+03	1.18216e-02	6.84899e-02	3.08870	1.87698	4.59020e-05
3.93183e+03	1.18204e-02	7.79980e-02	5.22351	1.15525	4.59020e-05
3.93571e+03	1.18202e-02	7.71690e-02	0.24951	0.44123	4.59020e-05
3.93959e+03	1.18084e-02	7.24790e-02	2.55206	5.93150	4.59020e-05
3.94348e+03	1.18108e-02	6.94191e-02	1.47153	5.03475	4.59020e-05
3.94736e+03	1.18124e-02	7.62735e-02	5.36041	4.15513	4.59020e-05
3.95124e+03	1.18254e-02	8.15565e-02	3.53368	3.35173	4.59020e-05
3.95512e+03	1.18094e-02	8.55887e-02	3.32230	2.61454	4.59020e-05
3.95901e+03	1.18017e-02	8.00151e-02	3.04804	1.84293	4.59020e-05
3.96289e+03	1.18099e-02	6.71208e-02	2.01169	0.99775	4.59020e-05
3.96677e+03	1.18212e-02	6.12536e-02	3.57768	6.26007	4.59020e-05
3.97065e+03	1.18130e-02	7.14738e-02	5.24582	5.29578	4.59020e-05
3.97453e+03	1.18108e-02	8.65940e-02	0.22042	4.54692	4.59020e-05
3.97842e+03	1.18126e-02	9.96028e-02	4.01442	3.99536	4.59020e-05
3.98230e+03	1.18000e-02	1.08037e-01	0.56724	3.54456	4.59020e-05
3.98618e+03	1.18147e-02	1.01742e-01	3.78368	3.05802	4.59020e-05
3.99006e+03	1.18204e-02	8.89569e-02	2.53143	2.49314	4.59020e-05
3.99394e+03	1.18028e-02	7.49770e-02	1.00877	1.73333	4.59020e-05
3.99783e+03	1.18018e-02	6.59050e-02	5.67123	0.77904	4.59020e-05
4.00171e+03	1.18105e-02	7.45947e-02	0.09896	6.12874	4.59020e-05
4.00559e+03	1.18054e-02	9.03615e-02	0.16373	5.40925	4.59020e-05
4.00947e+03	1.18023e-02	1.01345e-01	5.92343	4.83187	4.59020e-05
4.01336e+03	1.18112e-02	1.04624e-01	1.78071	4.34020	4.59020e-05
4.01724e+03	1.18024e-02	1.01029e-01	3.41441	3.90086	4.59020e-05
4.02112e+03	1.18032e-02	8.84995e-02	5.05409	3.35571	4.59020e-05
4.02500e+03	1.18002e-02	7.49835e-02	2.78781	2.64787	4.59020e-05
4.02888e+03	1.18123e-02	6.81890e-02	5.39799	1.75500	4.59020e-05
4.03277e+03	1.17958e-02	7.04931e-02	4.12943	0.84678	4.59020e-05
4.03665e+03	1.17961e-02	7.28315e-02	2.05946	0.04735	4.59020e-05
4.04053e+03	1.17968e-02	7.33226e-02	0.44572	5.58106	4.59020e-05
4.04441e+03	1.18032e-02	6.97866e-02	0.61168	4.80722	4.59020e-05
4.04829e+03	1.17828e-02	6.74876e-02	0.77902	3.92622	4.59020e-05
4.05218e+03	1.17852e-02	7.14454e-02	1.28745	3.04546	4.59020e-05
4.05606e+03	1.17868e-02	8.23161e-02	4.00637	2.25757	4.59020e-05
4.05994e+03	1.18023e-02	9.32993e-02	0.03647	1.57967	4.59020e-05
4.06382e+03	1.17836e-02	9.85128e-02	1.92271	0.96367	4.59020e-05
4.06771e+03	1.18074e-02	8.82824e-02	5.49500	0.31717	4.59020e-05
4.07159e+03	1.17935e-02	7.11714e-02	3.64099	5.85105	4.59020e-05
4.07547e+03	1.17880e-02	5.47069e-02	1.34164	4.88612	4.59020e-05
4.07935e+03	1.17814e-02	5.79367e-02	0.99467	3.68495	4.59020e-05
4.08323e+03	1.17851e-02	7.71850e-02	0.53495	2.80124	4.59020e-05
4.08712e+03	1.17905e-02	9.66921e-02	6.02196	2.17193	4.59020e-05
4.09100e+03	1.17880e-02	1.09127e-01	1.34025	1.71055	4.59020e-05
4.09488e+03	1.17720e-02	1.14244e-01	1.68684	1.31922	4.59020e-05
4.09876e+03	1.18018e-02	1.03388e-01	3.68625	0.90032	4.59020e-05
4.10264e+03	1.17903e-02	8.73109e-02	0.44761	0.36069	4.59020e-05
4.10653e+03	1.17723e-02	7.04173e-02	3.01171	5.86100	4.59020e-05
4.11041e+03	1.17943e-02	6.10956e-02	0.17549	4.80814	4.59020e-05
4.11429e+03	1.17880e-02	7.68926e-02	5.31507	3.87503	4.59020e-05
4.11817e+03	1.17677e-02	9.74466e-02	2.65076	3.22026	4.59020e-05
4.12206e+03	1.17816e-02	1.07760e-01	1.21358	2.69096	4.59020e-05
4.12594e+03	1.17915e-02	1.05441e-01	0.88957	2.23171	4.59020e-05
4.12982e+03	1.17737e-02	9.85011e-02	0.24441	1.78197	4.59020e-05
4.13370e+03	1.17665e-02	8.51213e-02	1.25084	1.24594	4.59020e-05
4.13758e+03	1.17818e-02	7.00218e-02	3.26614	0.53377	4.59020e-05
4.14147e+03	1.17751e-02	6.86405e-02	4.24667	5.90201	4.59020e-05
4.14535e+03	1.17749e-02	7.88038e-02	1.64176	5.04896	4.59020e-05
4.14923e+03	1.17608e-02	9.16345e-02	3.52876	4.35674	4.59020e-05
4.15311e+03	1.17823e-02	9.15691e-02	0.17611	3.71639	4.59020e-05
4.15699e+03	1.17695e-02	8.41985e-02	5.18980	3.08092	4.59020e-05
4.16088e+03	1.17656e-02	6.87016e-02	2.49642	2.31506	4.59020e-05
4.16476e+03	1.17847e-02	5.92759e-02	2.08998	1.30829	4.59020e-05
4.16864e+03	1.17602e-02	7.18774e-02	3.10904	0.35573	4.59020e-05
4.17252e+03	1.17535e-02	9.26340e-02	2.92237	5.92658	4.59020e-05
4.17641e+03	1.17581e-02	1.05751e-01	4.07528	5.34051	4.59020e-05
4.18029e+03	1.17656e-02	1.08166e-01	0.01807	4.79863	4.59020e-05
4.18417e+03	1.17526e-02	9.84481e-02	1.68426	4.21234	4.59020e-05
4.18805e+03	1.17650e-02	7.21838e-02	3.88186	3.50164	4.59020e-05
4.19193e+03	1.17702e-02	5.22884e-02	2.44109	2.45943	4.59020e-05
4.19582e+03	1.17559e-02	6.20403e-02	6.14943	1.27917	4.59020e-05
4.19970e+03	1.17695e-02	8.59034e-02	4.52311	0.48547	4.59020e-05
4.20358e+03	1.17582e-02	1.06057e-01	3.98805	6.26590	4.59020e-05
4.20746e+03	1.17718e-02	1.15698e-01	2.79140	5.87946	4.59020e-05
4.21134e+03	1.17663e-02	1.15318e-01	3.43048	5.51202	4.59020e-05
4.21523e+03	1.17504e-02	1.05132e-01	4.37596	5.08173	4.59020e-05
4.21911e+03	1.17445e-02	8.53371e-02	5.08836	4.50658	4.59020e-05
4.22299e+03	1.17608e-02	6.28504e-02	0.82565	3.64096	4.59020e-05
4.22687e+03	1.17508e-02	6.48808e-02	4.43401	2.55738	4.59020e-05
4.23076e+03	1.17491e-02	8.53857e-02	0.40515	1.72929	4.59020e-05
4.23464e+03	1.17497e-02	1.05294e-01	4.14238	1.15007	4.59020e-05
4.23852e+03	1.17518e-02	1.12426e-01	1.96029	0.70692	4.59020e-05
4.24240e+03	1.17421e-02	1.11908e-01	6.04834	0.30155	4.59020e-05
4.24628e+03	1.17453e-02	1.00728e-01	5.66049	6.16730	4.59020e-05
4.25017e+03	1.17637e-02	8.13855e-02	5.31447	5.63348	4.59020e-05
4.25405e+03	1.17629e-02	6.34807e-02	5.37680	4.82090	4.59020e-05
4.25793e+03	1.17556e-02	6.46322e-02	1.21874	3.78231	4.59020e-05
4.26181e+03	1.17527e-02	8.26326e-02	2.12043	2.91895	4.59020e-05
4.26569e+03	1.17524e-02	9.83087e-02	4.15453	2.25639	4.59020e-05
4.26958e+03	1.17536e-02	1.02889e-01	0.70837	1.69650	4.59020e-05
4.27346e+03	1.17535e-02	9.35301e-02	3.22292	1.12895	4.59020e-05
4.27734e+03	1.17489e-02	7.38713e-02	0.83745	0.43285	4.59020e-05
4.28122e+03	1.17380e-02	5.94551e-02	0.02543	5.76019	4.59020e-05
4.28510e+03	1.17345e-02	6.76180e-02	5.29361	4.71065	4.59020e-05
4.28899e+03	1.17411e-02	8.96501e-02	5.30847	3.93143	4.59020e-05
4.29287e+03	1.17444e-02	1.08319e-01	5.88910	3.35655	4.59020e-05
4.29675e+03	1.17384e-02	1.16634e-01	0.13826	2.83431	4.59020e-05
4.30063e+03	1.17368e-02	1.07603e-01	0.96296	2.29729	4.59020e-05
4.30452e+03	1.17450e-02	8.43442e-02	3.30878	1.67747	4.59020e-05
4.30840e+03	1.17363e-02	6.15264e-02	6.21005	0.80330	4.59020e-05
4.31228e+03	1.17387e-02	5.89416e-02	3.04458	5.92133	4.59020e-05
4.31616e+03	1.17403e-02	8.11702e-02	1.34167	5.08549	4.59020e-05
4.32004e+03	1.17389e-02	1.03862e-01	5.47074	4.56824	4.59020e-05
4.32393e+03	1.17393e-02	1.19616e-01	4.05830	4.17099	4.59020e-05
4.32781e+03	1.17432e-02	1.24885e-01	3.74643	3.81871	4.59020e-05
4.33169e+03	1.17327e-02	1.20793e-01	3.45062	3.42397	4.59020e-05
4.33557e+03	1.17299e-02	1.03496e-01	3.26605	2.95067	4.59020e-05
4.33945e+03	1.17407e-02	7.85120e-02	4.30091	2.30225	4.59020e-05
4.34334e+03	1.17268e-02	6.46470e-02	0.34738	1.35443	4.59020e-05
4.34722e+03	1.17285e-02	7.34960e-02	2.04474	0.36887	4.59020e-05
4.35110e+03	1.17257e-02	9.46370e-02	4.99520	5.96343	4.59020e-05
4.35498e+03	1.17309e-02	1.09977e-01	2.31102	5.48456	4.59020e-05
4.35887e+03	1.17286e-02	1.18030e-01	5.50396	5.10730	4.59020e-05
4.36275e+03	1.17233e-02	1.16884e-01	3.73460	4.73144	4.59020e-05
4.36663e+03	1.17402e-02	1.04366e-01	2.85209	4.31282	4.59020e-05
4.37051e+03	1.17266e-02	8.56873e-02	1.65282	3.73528	4.59020e-05
4.37439e+03	1.17324e-02	6.46721e-02	2.34544	2.89209	4.59020e-05
4.37828e+03	1.17235e-02	6.46247e-02	3.36231	1.80402	4.59020e-05
4.38216e+03	1.17363e-02	8.03798e-02	4.19671	0.88104	4.59020e-05
4.38604e+03	1.17267e-02	9.82757e-02	0.26279	0.20149	4.59020e-05
4.38992e+03	1.17216e-02	1.04814e-01	2.48250	5.91851	4.59020e-05
4.39380e+03	1.17164e-02	1.00255e-01	5.25765	5.35198	4.59020e-05
4.39769e+03	1.17204e-02	8.66037e-02	3.52729	4.74547	4.59020e-05
4.40157e+03	1.17316e-02	7.22574e-02	2.02698	3.98512	4.59020e-05
4.40545e+03	1.17224e-02	6.98896e-02	0.93299	3.05904	4.59020e-05
4.40933e+03	1.17293e-02	8.01228e-02	1.06050	2.19122	4.59020e-05
4.41322e+03	1.17072e-02	9.68537e-02	1.51236	1.50288	4.59020e-05
4.41710e+03	1.17100e-02	1.04529e-01	1.79128	0.90496	4.59020e-05
4.42098e+03	1.17311e-02	9.98871e-02	2.76007	0.33481	4.59020e-05
4.42486e+03	1.17206e-02	8.97948e-02	5.37287	6.02097	4.59020e-05
4.42874e+03	1.17188e-02	7.59535e-02	1.23762	5.33201	4.59020e-05
4.43263e+03	1.17195e-02	6.90617e-02	4.55248	4.51302	4.59020e-05
4.43651e+03	1.17170e-02	7.55885e-02	2.99090	3.74552	4.59020e-05
4.44039e+03	1.16996e-02	9.05993e-02	0.87008	3.12600	4.59020e-05
4.44427e+03	1.17015e-02	1.03375e-01	5.66121	2.61620	4.59020e-05
4.44815e+03	1.17101e-02	1.10715e-01	5.27783	2.16123	4.59020e-05
4.45204e+03	1.17054e-02	1.12551e-01	4.97873	1.70694	4.59020e-05
4.45592e+03	1.17077e-02	1.04988e-01	4.77426	1.21131	4.59020e-05
4.45980e+03	1.16998e-02	9.27016e-02	5.99649	0.64167	4.59020e-05
4.46368e+03	1.17132e-02	7.93932e-02	1.66934	6.25855	4.59020e-05
4.46757e+03	1.17107e-02	7.45217e-02	3.28533	5.50136	4.59020e-05
4.47145e+03	1.17083e-02	7.97299e-02	0.32691	4.78244	4.59020e-05
4.47533e+03	1.16957e-02	9.01178e-02	3.97403	4.21500	4.59020e-05
4.47921e+03	1.16986e-02	9.95358e-02	1.04216	3.73965	4.59020e-05
4.48309e+03	1.17083e-02	1.03941e-01	5.66196	3.28476	4.59020e-05
4.48698e+03	1.17031e-02	1.03651e-01	4.65873	2.80643	4.59020e-05
4.49086e+03	1.16972e-02	9.70752e-02	3.31692	2.25324	4.59020e-05
4.49474e+03	1.16952e-02	8.36193e-02	3.78352	1.58958	4.59020e-05
4.49862e+03	1.16977e-02	7.08971e-02	4.72271	0.78683	4.59020e-05
4.50250e+03	1.16986e-02	6.81028e-02	5.55954	6.14492	4.59020e-05
4.50639e+03	1.16979e-02	7.75615e-02	1.94648	5.29126	4.59020e-05
4.51027e+03	1.16968e-02	8.95969e-02	4.76501	4.62236	4.59020e-05
4.51415e+03	1.16952e-02	9.91087e-02	1.22927	4.05580	4.59020e-05
4.51803e+03	1.16976e-02	1.02005e-01	5.62907	3.52958	4.59020e-05
4.52192e+03	1.16872e-02	9.92325e-02	4.19979	2.98771	4.59020e-05
4.52580e+03	1.16885e-02	8.92240e-02	2.59928	2.34239	4.59020e-05
4.52968e+03	1.16922e-02	7.84383e-02	2.30556	1.56020	4.59020e-05
4.53356e+03	1.16985e-02	7.58497e-02	3.25670	0.67377	4.59020e-05
4.53744e+03	1.16910e-02	8.34622e-02	3.96993	6.13626	4.59020e-05
4.54133e+03	1.16857e-02	9.32866e-02	5.15594	5.42924	4.59020e-05
4.54521e+03	1.16880e-02	9.83747e-02	1.58699	4.84403	4.59020e-05
4.54909e+03	1.16888e-02	9.87857e-02	3.66733	4.32320	4.59020e-05
4.55297e+03	1.16906e-02	9.41088e-02	0.77505	3.80790	4.59020e-05
4.55685e+03	1.16818e-02	8.77382e-02	5.19864	3.26274	4.59020e-05
4.56074e+03	1.16780e-02	8.15177e-02	3.46350	2.62289	4.59020e-05
4.56462e+03	1.16820e-02	8.08588e-02	2.32668	1.89096	4.59020e-05
4.56850e+03	1.16937e-02	8.75197e-02	2.17378	1.18083	4.59020e-05
4.57238e+03	1.16839e-02	9.98118e-02	2.23523	0.56921	4.59020e-05
4.57627e+03	1.16936e-02	1.06728e-01	2.44996	0.03380	4.59020e-05
4.58015e+03	1.16754e-02	1.09939e-01	3.60736	5.82371	4.59020e-05
4.58403e+03	1.16726e-02	1.04772e-01	5.49154	5.35735	4.59020e-05
4.58791e+03	1.16793e-02	9.36030e-02	0.93465	4.85281	4.59020e-05
4.59179e+03	1.16843e-02	8.15074e-02	4.20393	4.28170	4.59020e-05
4.59568e+03	1.16904e-02	7.34169e-02	1.92476	3.61685	4.59020e-05
4.59956e+03	1.16887e-02	7.58562e-02	5.98426	2.89034	4.59020e-05
4.60344e+03	1.16751e-02	8.72220e-02	4.76051	2.21950	4.59020e-05
4.60732e+03	1.16695e-02	1.00275e-01	4.06183	1.65094	4.59020e-05
4.61120e+03	1.16800e-02	1.06977e-01	3.21635	1.12978	4.59020e-05
4.61509e+03	1.16892e-02	1.04333e-01	3.51279	0.60556	4.59020e-05
4.61897e+03	1.16702e-02	9.55578e-02	4.40982	0.06176	4.59020e-05
4.62285e+03	1.16718e-02	7.84856e-02	5.48684	5.69005	4.59020e-05
4.62673e+03	1.16823e-02	6.39128e-02	1.59142	4.84561	4.59020e-05
4.63062e+03	1.16660e-02	6.76720e-02	5.29119	3.91474	4.59020e-05
4.63450e+03	1.16606e-02	8.34162e-02	2.52136	3.16306	4.59020e-05
4.63838e+03	1.16775e-02	9.88065e-02	0.31607	2.57331	4.59020e-05
4.64226e+03	1.16767e-02	1.08766e-01	5.62528	2.08105	4.59020e-05
4.64614e+03	1.16545e-02	1.11349e-01	4.40214	1.58561	4.59020e-05
4.65003e+03	1.16758e-02	9.92517e-02	3.73673	1.03344	4.59020e-05
4.65391e+03	1.16722e-02	8.22661e-02	4.60849	0.36339	4.59020e-05
4.65779e+03	1.16668e-02	6.95084e-02	5.80246	5.79000	4.59020e-05
