# t	a	e	mean_anomaly	varpi	mass/M_star
1.24228e+02	1.64677e-02	6.86243e-02	4.34295	0.47278	4.36970e-05
2.79514e+02	1.64805e-02	7.16472e-02	0.36233	4.76519	4.36970e-05
4.34800e+02	1.64677e-02	7.32430e-02	3.21812	2.71435	4.36970e-05
5.90085e+02	1.64804e-02	7.83932e-02	0.44989	0.55767	4.36970e-05
7.45371e+02	1.64649e-02	7.68191e-02	5.75727	4.71018	4.36970e-05
9.00656e+02	1.64801e-02	7.48483e-02	5.40996	2.55850	4.36970e-05
1.05594e+03	1.64714e-02	7.24131e-02	5.34416	0.56710	4.36970e-05
1.21123e+03	1.64789e-02	7.04881e-02	5.68712	4.91995	4.36970e-05
1.36651e+03	1.64804e-02	7.14838e-02	0.26346	2.99537	4.36970e-05
1.52180e+03	1.64670e-02	7.08520e-02	1.52578	1.15293	4.36970e-05
1.67708e+03	1.64782e-02	7.48168e-02	3.41081	5.48014	4.36970e-05
1.83237e+03	1.64786e-02	7.81436e-02	5.67913	3.54598	4.36970e-05
1.98766e+03	1.64647e-02	7.86460e-02	2.10248	1.58137	4.36970e-05
2.14294e+03	1.64818e-02	7.84101e-02	5.25659	5.89227	4.36970e-05
2.29823e+03	1.64808e-02	7.47057e-02	2.08930	3.99735	4.36970e-05
2.45351e+03	1.64745e-02	7.15520e-02	5.63994	2.07705	4.36970e-05
2.60880e+03	1.64699e-02	6.79787e-02	3.23895	0.29775	4.36970e-05
2.76408e+03	1.64756e-02	6.74074e-02	1.26314	4.76135	4.36970e-05
2.91937e+03	1.64780e-02	7.06964e-02	6.03546	2.99993	4.36970e-05
3.07465e+03	1.64690e-02	7.26279e-02	4.99091	1.17100	4.36970e-05
3.22994e+03	1.64668e-02	7.69950e-02	4.49997	5.53985	4.36970e-05
3.38523e+03	1.64764e-02	8.05384e-02	4.41901	3.66847	4.36970e-05
3.54051e+03	1.64818e-02	8.01425e-02	4.84154	1.70878	4.36970e-05
3.69580e+03	1.64761e-02	7.69693e-02	5.69152	6.11234	4.36970e-05
3.85108e+03	1.64795e-02	7.32558e-02	0.63285	4.23207	4.36970e-05
4.00637e+03	1.64680e-02	7.14008e-02	2.09531	2.55849	4.36970e-05
4.16165e+03	1.64665e-02	7.05289e-02	4.11558	0.78273	4.36970e-05
4.31694e+03	1.64767e-02	7.14423e-02	0.28669	5.36559	4.36970e-05
4.47222e+03	1.64738e-02	6.90719e-02	3.42907	3.59981	4.36970e-05
4.62751e+03	1.64756e-02	6.96870e-02	1.04154	1.84145	4.36970e-05
4.78280e+03	1.64783e-02	6.91130e-02	5.46777	0.10826	4.36970e-05
4.93808e+03	1.64828e-02	7.23871e-02	4.21113	4.59155	4.36970e-05
5.09337e+03	1.64817e-02	7.67333e-02	4.62833	2.81154	4.36970e-05
5.24865e+03	1.64773e-02	7.95356e-02	5.58443	1.01505	4.36970e-05
5.40394e+03	1.64775e-02	7.92953e-02	5.08072	5.82351	4.36970e-05
5.55922e+03	1.64781e-02	7.76259e-02	4.70321	4.37036	4.36970e-05
5.71451e+03	1.64780e-02	7.66828e-02	4.44148	3.20010	4.36970e-05
5.86979e+03	1.64783e-02	7.84114e-02	4.64861	1.95974	4.36970e-05
6.02508e+03	1.64765e-02	7.77744e-02	5.41020	0.66045	4.36970e-05
6.18037e+03	1.64766e-02	6.86382e-02	5.61581	0.28947	4.36970e-05
6.33565e+03	1.64817e-02	6.85652e-02	6.20880	0.16321	4.36970e-05
6.49094e+03	1.64719e-02	7.23981e-02	0.77744	0.18790	4.36970e-05
6.64622e+03	1.64737e-02	7.58782e-02	1.02645	0.97476	4.36970e-05
6.80151e+03	1.64728e-02	6.68587e-02	1.66032	1.93899	4.36970e-05
6.95679e+03	1.64767e-02	6.82310e-02	1.75473	4.06120	4.36970e-05
7.11208e+03	1.64769e-02	6.82234e-02	2.86151	5.45517	4.36970e-05
7.26736e+03	1.64789e-02	7.06651e-02	5.24351	5.81122	4.36970e-05
7.42265e+03	1.64688e-02	7.34467e-02	0.89330	0.67542	4.36970e-05
7.57794e+03	1.64697e-02	7.04350e-02	3.70687	1.70731	4.36970e-05
7.73322e+03	1.64660e-02	6.69969e-02	5.80927	3.68132	4.36970e-05
7.88851e+03	1.64710e-02	6.78161e-02	2.82873	4.77722	4.36970e-05
8.04379e+03	1.64752e-02	6.47693e-02	1.55422	4.18954	4.36970e-05
8.19908e+03	1.64800e-02	6.87004e-02	1.55465	3.21322	4.36970e-05
8.35436e+03	1.64744e-02	7.03983e-02	2.37672	2.17671	4.36970e-05
8.50965e+03	1.64649e-02	6.82882e-02	3.28196	1.45380	4.36970e-05
8.66493e+03	1.64735e-02	8.06733e-02	2.68817	1.78210	4.36970e-05
8.82022e+03	1.64691e-02	7.63920e-02	4.97198	5.54777	4.36970e-05
8.97551e+03	1.64760e-02	6.47836e-02	3.84342	0.21897	4.36970e-05
9.13079e+03	1.64710e-02	2.93141e-02	4.76691	5.59427	4.36970e-05
9.28608e+03	1.64799e-02	3.19418e-02	3.71006	5.96199	4.36970e-05
9.44136e+03	1.64756e-02	4.22713e-02	3.83597	0.16046	4.36970e-05
9.59665e+03	1.64676e-02	4.23423e-03	4.83756	0.90567	4.36970e-05
9.75193e+03	1.64723e-02	2.50475e-02	1.51191	2.31408	4.36970e-05
9.90722e+03	1.64701e-02	4.16443e-02	2.08038	2.75482	4.36970e-05
1.00625e+04	1.64766e-02	4.09141e-02	4.37659	5.00108	4.36970e-05
1.02178e+04	1.64689e-02	2.84121e-02	2.10000	2.84634	4.36970e-05
1.03731e+04	1.64663e-02	1.28310e-02	3.93296	2.82631	4.36970e-05
1.05284e+04	1.64665e-02	6.06506e-02	1.39099	3.91348	4.36970e-05
1.06836e+04	1.64697e-02	4.06822e-02	1.86785	0.02406	4.36970e-05
1.08389e+04	1.64727e-02	3.37368e-02	5.52827	3.75211	4.36970e-05
1.09942e+04	1.64685e-02	3.08677e-02	2.12576	5.14662	4.36970e-05
1.11495e+04	1.64726e-02	2.55280e-02	5.99938	5.46962	4.36970e-05
1.13048e+04	1.64707e-02	1.46932e-02	0.79129	5.06054	4.36970e-05
1.14601e+04	1.64678e-02	1.03899e-02	0.54274	0.08022	4.36970e-05
1.16154e+04	1.64699e-02	2.17319e-02	5.14874	5.50149	4.36970e-05
1.17706e+04	1.64738e-02	2.32053e-02	3.17333	1.63517	4.36970e-05
1.19259e+04	1.64684e-02	1.73540e-02	2.31007	0.67346	4.36970e-05
1.20812e+04	1.64736e-02	3.53649e-02	2.22601	3.39239	4.36970e-05
1.22365e+04	1.64633e-02	4.21829e-02	5.77711	2.83136	4.36970e-05
1.23918e+04	1.64729e-02	2.44783e-02	4.10020	2.60302	4.36970e-05
1.25471e+04	1.64797e-02	1.93630e-02	1.27443	3.39078	4.36970e-05
1.27024e+04	1.64628e-02	3.02698e-02	5.25715	3.81048	4.36970e-05
1.28576e+04	1.64713e-02	1.64544e-02	5.92281	4.70547	4.36970e-05
1.30129e+04	1.64752e-02	2.04184e-02	0.66212	2.38246	4.36970e-05
1.31682e+04	1.64633e-02	1.99998e-02	2.07422	2.83184	4.36970e-05
1.33235e+04	1.64685e-02	1.52792e-02	2.15967	3.44675	4.36970e-05
1.34788e+04	1.64710e-02	2.68134e-02	0.74231	3.46374	4.36970e-05
1.36341e+04	1.64722e-02	3.13900e-02	0.08468	2.65783	4.36970e-05
1.37894e+04	1.64687e-02	1.84660e-02	6.04158	3.25922	4.36970e-05
1.39446e+04	1.64687e-02	4.17569e-02	2.95950	2.00810	4.36970e-05
1.40999e+04	1.64644e-02	6.83891e-02	4.68179	5.35701	4.36970e-05
1.42552e+04	1.64772e-02	3.45219e-02	0.33489	3.21707	4.36970e-05
1.44105e+04	1.64718e-02	1.29893e-02	1.46500	0.33384	4.36970e-05
1.45658e+04	1.64675e-02	2.14884e-02	1.89750	1.62176	4.36970e-05
1.47211e+04	1.64707e-02	3.36181e-02	4.34926	3.07185	4.36970e-05
1.48764e+04	1.64726e-02	2.48013e-02	1.79413	5.53673	4.36970e-05
1.50316e+04	1.64762e-02	4.18476e-02	1.59262	2.97397	4.36970e-05
1.51869e+04	1.64715e-02	2.75615e-02	5.51495	6.15558	4.36970e-05
1.53422e+04	1.64664e-02	2.63699e-02	0.45806	1.37881	4.36970e-05
1.54975e+04	1.64766e-02	2.74913e-02	5.84667	4.30228	4.36970e-05
1.56528e+04	1.64766e-02	3.12505e-02	2.22453	0.61987	4.36970e-05
1.58081e+04	1.64762e-02	4.19110e-02	0.26729	3.72526	4.36970e-05
1.59634e+04	1.64577e-02	3.31150e-02	3.23663	0.17700	4.36970e-05
1.61186e+04	1.64651e-02	4.62751e-02	1.71256	3.38046	4.36970e-05
1.62739e+04	1.64656e-02	9.56178e-03	0.13360	4.54570	4.36970e-05
1.64292e+04	1.64630e-02	3.41160e-02	0.55843	3.54524	4.36970e-05
1.65845e+04	1.64581e-02	3.72333e-02	2.61723	5.12938	4.36970e-05
1.67398e+04	1.64640e-02	5.09226e-02	5.48394	1.32105	4.36970e-05
1.68951e+04	1.64523e-02	5.29078e-02	0.24427	3.33169	4.36970e-05
1.70504e+04	1.64560e-02	1.96854e-02	5.21650	4.88244	4.36970e-05
1.72056e+04	1.64616e-02	2.08772e-02	5.11834	1.65601	4.36970e-05
1.73609e+04	1.64603e-02	4.12162e-02	1.16689	4.53693	4.36970e-05
1.75162e+04	1.64523e-02	3.85217e-02	4.47097	1.16318	4.36970e-05
1.76715e+04	1.64516e-02	4.26702e-02	2.14714	3.23964	4.36970e-05
1.78268e+04	1.64559e-02	4.40054e-02	0.14339	6.09056	4.36970e-05
1.79821e+04	1.64497e-02	2.38483e-02	5.76291	2.95028	4.36970e-05
1.81374e+04	1.64506e-02	2.55932e-02	5.75727	0.63463	4.36970e-05
1.82926e+04	1.64522e-02	5.60343e-02	3.72436	4.83155	4.36970e-05
1.84479e+04	1.64541e-02	1.47580e-02	4.08544	0.89793	4.36970e-05
1.86032e+04	1.64458e-02	7.45400e-02	4.92177	4.66634	4.36970e-05
1.87585e+04	1.64373e-02	1.65550e-02	0.74550	3.85393	4.36970e-05
1.89138e+04	1.64463e-02	6.27169e-02	0.60848	3.33075	4.36970e-05
1.90691e+04	1.64399e-02	5.49087e-03	0.29199	5.40823	4.36970e-05
1.92244e+04	1.64293e-02	2.45766e-02	3.37958	6.04397	4.36970e-05
1.93796e+04	1.64161e-02	4.66936e-02	0.27510	3.26469	4.36970e-05
1.95349e+04	1.64247e-02	7.59542e-02	2.45217	4.93636	4.36970e-05
1.96902e+04	1.64392e-02	8.94378e-02	5.81857	1.99483	4.36970e-05
1.98455e+04	1.64178e-02	6.68339e-03	0.56844	5.88631	4.36970e-05
2.00008e+04	1.64266e-02	4.52757e-02	6.17069	1.41570	4.36970e-05
2.01561e+04	1.64298e-02	6.42196e-02	5.72134	3.25309	4.36970e-05
2.03114e+04	1.64242e-02	3.99716e-02	1.98362	0.79227	4.36970e-05
2.04666e+04	1.64269e-02	5.82921e-02	0.54724	3.38400	4.36970e-05
2.06219e+04	1.64375e-02	5.43558e-02	1.15982	4.67811	4.36970e-05
2.07772e+04	1.64285e-02	2.86115e-02	5.73708	0.03221	4.36970e-05
2.09325e+04	1.64287e-02	3.60459e-02	0.52357	1.58569	4.36970e-05
2.10878e+04	1.64378e-02	7.09306e-02	4.12593	4.73360	4.36970e-05
2.12431e+04	1.64152e-02	3.81232e-02	0.51333	2.58265	4.36970e-05
2.13984e+04	1.64114e-02	7.42190e-02	1.76988	0.20444	4.36970e-05
2.15536e+04	1.64242e-02	7.06252e-02	4.71660	2.23239	4.36970e-05
2.17089e+04	1.64176e-02	2.76604e-02	1.27966	0.31014	4.36970e-05
2.18642e+04	1.64026e-02	2.79673e-02	2.46445	4.15014	4.36970e-05
2.20195e+04	1.63838e-02	9.65828e-02	4.39723	0.02980	4.36970e-05
2.21748e+04	1.63883e-02	4.00380e-02	3.85544	3.45364	4.36970e-05
2.23301e+04	1.63924e-02	2.18471e-02	1.91064	5.56956	4.36970e-05
2.24853e+04	1.63962e-02	5.16033e-02	0.54166	2.95374	4.36970e-05
2.26406e+04	1.63896e-02	2.93868e-02	1.20679	0.16070	4.36970e-05
2.27959e+04	1.63967e-02	2.52342e-02	2.89593	1.52355	4.36970e-05
2.29512e+04	1.63868e-02	2.61355e-02	1.24543	5.67349	4.36970e-05
2.31065e+04	1.63920e-02	2.69098e-03	5.21514	4.07688	4.36970e-05
2.32618e+04	1.63964e-02	5.08316e-02	4.47044	1.81735	4.36970e-05
2.34171e+04	1.63925e-02	4.01659e-02	0.87282	3.23188	4.36970e-05
2.35723e+04	1.63944e-02	5.13008e-02	1.99528	5.63368	4.36970e-05
2.37276e+04	1.63738e-02	3.20937e-02	5.98284	5.14095	4.36970e-05
2.38829e+04	1.63714e-02	3.79293e-02	5.47468	1.85593	4.36970e-05
2.40382e+04	1.63660e-02	4.91154e-02	0.00618	3.44056	4.36970e-05
2.41935e+04	1.63933e-02	3.24271e-02	2.57528	5.29274	4.36970e-05
2.43488e+04	1.63856e-02	2.03895e-02	5.19578	4.31657	4.36970e-05
2.45041e+04	1.63791e-02	2.70881e-02	5.42929	6.28199	4.36970e-05
2.46593e+04	1.63775e-02	2.88518e-02	1.24629	2.90479	4.36970e-05
2.48146e+04	1.63576e-02	5.53592e-02	1.23726	5.79850	4.36970e-05
2.49699e+04	1.63629e-02	5.18078e-02	3.42562	2.72268	4.36970e-05
2.51252e+04	1.63648e-02	4.67337e-02	5.69658	5.14046	4.36970e-05
2.52805e+04	1.63755e-02	6.32008e-02	4.80705	1.91138	4.36970e-05
2.54358e+04	1.63657e-02	7.95966e-02	2.03591	5.10847	4.36970e-05
2.55911e+04	1.63653e-02	6.13967e-02	0.57093	1.52675	4.36970e-05
2.57463e+04	1.63472e-02	1.00249e-01	2.68979	3.62669	4.36970e-05
2.59016e+04	1.63503e-02	2.57697e-02	5.84972	4.03962	4.36970e-05
2.60569e+04	1.63561e-02	5.06886e-02	6.07741	4.34749	4.36970e-05
2.62122e+04	1.63573e-02	3.48441e-02	3.31786	2.53931	4.36970e-05
2.63675e+04	1.63562e-02	3.30059e-02	5.51156	1.45472	4.36970e-05
2.65228e+04	1.63365e-02	5.68082e-02	5.79923	2.87955	4.36970e-05
2.66781e+04	1.63696e-02	6.74840e-02	0.02852	6.24426	4.36970e-05
2.68333e+04	1.63678e-02	3.39019e-02	4.99866	3.41145	4.36970e-05
2.69886e+04	1.63194e-02	5.40987e-02	4.84162	5.58507	4.36970e-05
2.71439e+04	1.63218e-02	5.81713e-02	1.07157	5.86041	4.36970e-05
2.72992e+04	1.63516e-02	5.39492e-02	4.99531	1.46231	4.36970e-05
2.74545e+04	1.63188e-02	4.24247e-02	3.01937	5.00675	4.36970e-05
2.76098e+04	1.63551e-02	6.58110e-02	1.69809	4.39281	4.36970e-05
2.77651e+04	1.63288e-02	2.91511e-02	3.47983	0.78841	4.36970e-05
2.79203e+04	1.63197e-02	9.26410e-02	5.34423	2.98074	4.36970e-05
2.80756e+04	1.63366e-02	7.27129e-02	4.94199	5.43227	4.36970e-05
2.82309e+04	1.63210e-02	3.93964e-02	4.54638	2.37136	4.36970e-05
2.83862e+04	1.63227e-02	6.63218e-02	5.14649	4.84993	4.36970e-05
2.85415e+04	1.63019e-02	6.14413e-02	2.33108	1.92769	4.36970e-05
2.86968e+04	1.63014e-02	5.99370e-02	4.85148	4.08702	4.36970e-05
2.88521e+04	1.63092e-02	2.24955e-02	1.57931	1.38141	4.36970e-05
2.90073e+04	1.62940e-02	8.95512e-02	4.31734	4.21653	4.36970e-05
2.91626e+04	1.62635e-02	5.42236e-02	4.64103	1.76164	4.36970e-05
2.93179e+04	1.62852e-02	8.72217e-02	5.23705	4.06773	4.36970e-05
2.94732e+04	1.62726e-02	3.12792e-02	1.37584	0.26900	4.36970e-05
2.96285e+04	1.62752e-02	9.79360e-02	4.57080	2.05701	4.36970e-05
2.97838e+04	1.62706e-02	8.73967e-02	0.52724	5.45008	4.36970e-05
2.99391e+04	1.62732e-02	9.01939e-02	6.04290	1.46942	4.36970e-05
3.00943e+04	1.62689e-02	8.95504e-02	5.94369	4.44247	4.36970e-05
3.02496e+04	1.62555e-02	8.04424e-02	4.62927	0.80494	4.36970e-05
3.04049e+04	1.62510e-02	6.72445e-02	0.01198	3.65697	4.36970e-05
3.05602e+04	1.62317e-02	2.43429e-02	3.80310	5.81294	4.36970e-05
3.07155e+04	1.62462e-02	9.56560e-02	5.06533	3.22372	4.36970e-05
3.08708e+04	1.62393e-02	5.84437e-02	4.38867	6.18946	4.36970e-05
3.10261e+04	1.62244e-02	4.51708e-02	3.81095	1.35640	4.36970e-05
3.11813e+04	1.62236e-02	8.83770e-02	1.63201	4.20005	4.36970e-05
3.13366e+04	1.62155e-02	7.30450e-02	5.97918	0.48948	4.36970e-05
3.14919e+04	1.61985e-02	5.46485e-02	1.91954	3.36775	4.36970e-05
3.16472e+04	1.62014e-02	7.92297e-02	2.48334	6.22987	4.36970e-05
3.18025e+04	1.61859e-02	4.99779e-02	5.57701	2.76999	4.36970e-05
3.19578e+04	1.61826e-02	2.96790e-02	2.96323	5.99090	4.36970e-05
3.21131e+04	1.61916e-02	4.87880e-02	1.44529	3.02635	4.36970e-05
3.22683e+04	1.61974e-02	7.57172e-02	0.45666	6.10028	4.36970e-05
3.24236e+04	1.61781e-02	9.44172e-02	4.74887	2.82587	4.36970e-05
3.25789e+04	1.61796e-02	8.56470e-02	2.80326	5.25521	4.36970e-05
3.27342e+04	1.61741e-02	1.00859e-01	2.91476	2.14718	4.36970e-05
3.28895e+04	1.61587e-02	2.46502e-02	4.77480	0.01925	4.36970e-05
3.30448e+04	1.61749e-02	6.76111e-02	4.27190	1.85056	4.36970e-05
3.32001e+04	1.61386e-02	5.96698e-02	2.42651	3.94164	4.36970e-05
3.33553e+04	1.61511e-02	4.95104e-02	2.59620	5.77485	4.36970e-05
3.35106e+04	1.60542e-02	5.40341e-02	5.45171	0.94533	4.36970e-05
3.36659e+04	1.61698e-02	5.19469e-02	1.44819	4.48672	4.36970e-05
3.38212e+04	1.61498e-02	2.71338e-02	1.95566	5.35797	4.36970e-05
3.39765e+04	1.61498e-02	4.59640e-02	1.88073	4.79004	4.36970e-05
3.41318e+04	1.61305e-02	4.27425e-02	3.01635	3.86066	4.36970e-05
3.42871e+04	1.61438e-02	8.01753e-02	2.43912	2.30930	4.36970e-05
3.44423e+04	1.61884e-02	5.90193e-02	3.42948	1.66198	4.36970e-05
3.45976e+04	1.61111e-02	5.09408e-02	3.39600	5.06915	4.36970e-05
3.47529e+04	1.61139e-02	3.05570e-02	2.41750	5.12749	4.36970e-05
3.49082e+04	1.61752e-02	7.25980e-02	5.31933	5.34117	4.36970e-05
3.50635e+04	1.61674e-02	3.42882e-02	1.70358	5.68980	4.36970e-05
3.52188e+04	1.61861e-02	1.05733e-01	5.93445	0.62461	4.36970e-05
3.53741e+04	1.61659e-02	3.50012e-02	1.02828	2.36460	4.36970e-05
3.55293e+04	1.62480e-02	1.05891e-01	1.09902	1.72752	4.36970e-05
3.56846e+04	1.62420e-02	1.00787e-01	3.77337	3.73735	4.36970e-05
3.58399e+04	1.62026e-02	1.02749e-01	1.36681	1.86454	4.36970e-05
3.59952e+04	1.62099e-02	8.98100e-02	6.15881	5.19934	4.36970e-05
3.61505e+04	1.61536e-02	2.37075e-02	3.45198	5.10495	4.36970e-05
3.63058e+04	1.61895e-02	5.87651e-02	1.03901	6.11294	4.36970e-05
3.64610e+04	1.61849e-02	2.50841e-02	0.55481	1.15561	4.36970e-05
3.66163e+04	1.61878e-02	5.92910e-02	5.53587	4.70910	4.36970e-05
3.67716e+04	1.61693e-02	7.03251e-02	0.45583	2.23088	4.36970e-05
3.69269e+04	1.61859e-02	3.56613e-02	5.92932	0.06232	4.36970e-05
3.70822e+04	1.61825e-02	1.48195e-02	2.03263	0.06010	4.36970e-05
3.72375e+04	1.61822e-02	4.44459e-02	2.25258	4.67014	4.36970e-05
3.73928e+04	1.61825e-02	4.72667e-02	4.46249	3.57678	4.36970e-05
3.75480e+04	1.61681e-02	8.22361e-02	1.87708	5.22797	4.36970e-05
3.77033e+04	1.61803e-02	3.53453e-02	1.15306	1.32291	4.36970e-05
3.78586e+04	1.61778e-02	6.18681e-02	2.19493	6.06726	4.36970e-05
3.80139e+04	1.61783e-02	2.75706e-02	4.15235	5.31732	4.36970e-05
3.81692e+04	1.61928e-02	7.09036e-02	2.77492	5.25660	4.36970e-05
3.83245e+04	1.61873e-02	7.40120e-02	5.02052	3.41191	4.36970e-05
3.84798e+04	1.61870e-02	4.59476e-02	0.72519	1.53979	4.36970e-05
3.86350e+04	1.61796e-02	2.42403e-02	3.32454	1.25694	4.36970e-05
3.87903e+04	1.61877e-02	4.32273e-02	1.58808	5.68440	4.36970e-05
3.89456e+04	1.61724e-02	3.99898e-02	0.18162	3.63873	4.36970e-05
3.91009e+04	1.61777e-02	4.49005e-02	2.05217	1.69161	4.36970e-05
3.92562e+04	1.61729e-02	1.92787e-02	2.33015	0.69149	4.36970e-05
3.94115e+04	1.61758e-02	5.35438e-02	2.97220	6.22188	4.36970e-05
3.95668e+04	1.61863e-02	6.61017e-02	2.08128	4.48015	4.36970e-05
3.97220e+04	1.61775e-02	4.06296e-02	5.25485	2.60403	4.36970e-05
3.98773e+04	1.61784e-02	1.91669e-02	3.25259	2.91952	4.36970e-05
4.00326e+04	1.61772e-02	4.20837e-02	2.05107	0.92481	4.36970e-05
4.01879e+04	1.61828e-02	6.16483e-02	4.31602	5.06993	4.36970e-05
4.03432e+04	1.61729e-02	5.01048e-02	1.73645	2.96535	4.36970e-05
4.04985e+04	1.61870e-02	2.26297e-02	3.07762	1.99055	4.36970e-05
4.06538e+04	1.61776e-02	3.87156e-02	0.55993	0.67331	4.36970e-05
4.08090e+04	1.61837e-02	5.79342e-02	1.05964	5.15852	4.36970e-05
4.09643e+04	1.61847e-02	4.78859e-02	4.64820	3.08464	4.36970e-05
4.11196e+04	1.61798e-02	1.35607e-02	4.94506	1.13478	4.36970e-05
4.12749e+04	1.61862e-02	5.03068e-02	0.54391	1.21331	4.36970e-05
4.14302e+04	1.61912e-02	6.18227e-02	0.16011	5.52709	4.36970e-05
4.15855e+04	1.61925e-02	4.36721e-02	2.96743	3.73466	4.36970e-05
4.17408e+04	1.61837e-02	2.32978e-02	3.29561	3.07752	4.36970e-05
4.18960e+04	1.61748e-02	5.59685e-02	4.89478	1.76136	4.36970e-05
4.20513e+04	1.61770e-02	6.40939e-02	5.46638	6.22767	4.36970e-05
4.22066e+04	1.61829e-02	3.51633e-02	4.61598	4.58409	4.36970e-05
4.23619e+04	1.61898e-02	3.36589e-02	3.56270	4.42264	4.36970e-05
4.25172e+04	1.61915e-02	6.28464e-02	5.27729	2.67552	4.36970e-05
4.26725e+04	1.61804e-02	5.22775e-02	1.41276	0.81795	4.36970e-05
4.28278e+04	1.61855e-02	2.34827e-02	5.72686	6.21587	4.36970e-05
4.29830e+04	1.61869e-02	5.95240e-02	0.75413	6.15622	4.36970e-05
4.31383e+04	1.61819e-02	4.42510e-02	5.71426	4.82841	4.36970e-05
4.32936e+04	1.61786e-02	3.02782e-02	0.06933	5.07782	4.36970e-05
4.34489e+04	1.61819e-02	6.90174e-02	5.50376	4.14156	4.36970e-05
4.36042e+04	1.61829e-02	3.35456e-02	0.53784	2.66379	4.36970e-05
4.37595e+04	1.61812e-02	2.55527e-02	3.60346	2.80073	4.36970e-05
4.39148e+04	1.61768e-02	6.29429e-02	3.05598	1.93882	4.36970e-05
4.40700e+04	1.61819e-02	1.74042e-02	3.23587	1.49705	4.36970e-05
4.42253e+04	1.61792e-02	4.68160e-02	2.80636	1.33556	4.36970e-05
4.43806e+04	1.61717e-02	5.82901e-02	2.76112	5.82603	4.36970e-05
4.45359e+04	1.61796e-02	2.28627e-02	5.14132	4.89336	4.36970e-05
4.46912e+04	1.61769e-02	5.00513e-02	1.68248	4.91162	4.36970e-05
4.48465e+04	1.61777e-02	5.98761e-02	6.01549	3.60853	4.36970e-05
4.50018e+04	1.61750e-02	2.31152e-02	4.09190	2.23911	4.36970e-05
4.51570e+04	1.61820e-02	3.75954e-02	3.66744	1.97496	4.36970e-05
4.53123e+04	1.61734e-02	6.30775e-02	4.65597	0.42716	4.36970e-05
4.54676e+04	1.61754e-02	4.84419e-02	6.18332	4.70208	4.36970e-05
4.56229e+04	1.61713e-02	2.28793e-02	2.58769	3.02842	4.36970e-05
4.57782e+04	1.61815e-02	2.87759e-02	5.40217	2.82631	4.36970e-05
4.59335e+04	1.61794e-02	6.13196e-02	1.64363	1.00941	4.36970e-05
4.60888e+04	1.61829e-02	6.03552e-02	5.74597	5.54985	4.36970e-05
4.62440e+04	1.61776e-02	3.21425e-02	0.55847	3.71405	4.36970e-05
4.63993e+04	1.61735e-02	1.72026e-02	5.66088	3.84323	4.36970e-05
4.65546e+04	1.61788e-02	4.03427e-02	3.63527	1.70740	4.36970e-05
4.67099e+04	1.61830e-02	6.46230e-02	4.71065	5.88011	4.36970e-05
4.68652e+04	1.61744e-02	5.59041e-02	3.41714	3.67566	4.36970e-05
4.70205e+04	1.61755e-02	2.91298e-02	4.42490	1.60466	4.36970e-05
4.71758e+04	1.61734e-02	1.40827e-02	5.36319	0.09245	4.36970e-05
4.73310e+04	1.61789e-02	4.16774e-02	4.88549	5.73338	4.36970e-05
4.74863e+04	1.61816e-02	5.63311e-02	4.72941	3.55879	4.36970e-05
4.76416e+04	1.61838e-02	5.78875e-02	4.42505	1.32824	4.36970e-05
4.77969e+04	1.61777e-02	4.71391e-02	6.05956	5.57903	4.36970e-05
4.79522e+04	1.61712e-02	2.05919e-02	3.00640	4.52158	4.36970e-05
4.81075e+04	1.61778e-02	4.18310e-02	3.34359	3.93261	4.36970e-05
4.82628e+04	1.61848e-02	6.16941e-02	2.70881	2.39755	4.36970e-05
4.84180e+04	1.61775e-02	3.64459e-02	5.44760	0.85390	4.36970e-05
4.85733e+04	1.61716e-02	2.58480e-02	4.94226	0.37487	4.36970e-05
4.87286e+04	1.61727e-02	4.59830e-02	1.66475	5.33657	4.36970e-05
4.88839e+04	1.61762e-02	5.89436e-02	1.82706	3.50495	4.36970e-05
4.90392e+04	1.61760e-02	3.33281e-02	2.19562	1.73366	4.36970e-05
4.91945e+04	1.61788e-02	1.75933e-02	1.24256	0.33987	4.36970e-05
4.93498e+04	1.61814e-02	3.33296e-02	5.69682	5.79364	4.36970e-05
4.95050e+04	1.61765e-02	4.39910e-02	6.06654	3.67758	4.36970e-05
4.96603e+04	1.61762e-02	5.43935e-02	1.84513	1.52341	4.36970e-05
4.98156e+04	1.61713e-02	4.91933e-02	5.35916	5.49163	4.36970e-05
4.99709e+04	1.61809e-02	3.00553e-02	2.66312	3.37934	4.36970e-05
5.01262e+04	1.61762e-02	1.13639e-02	5.18080	1.66825	4.36970e-05
5.02815e+04	1.61741e-02	1.96030e-02	0.61201	1.27802	4.36970e-05
5.04367e+04	1.61733e-02	3.65093e-02	5.07808	4.92133	4.36970e-05
5.05920e+04	1.61771e-02	5.02606e-02	4.83117	2.78691	4.36970e-05
5.07473e+04	1.61745e-02	5.67063e-02	3.21304	0.53301	4.36970e-05
5.09026e+04	1.61760e-02	3.53979e-02	6.02373	4.62030	4.36970e-05
5.10579e+04	1.61703e-02	1.50580e-02	3.67533	2.86091	4.36970e-05
5.12132e+04	1.61716e-02	5.98760e-03	4.40412	1.70756	4.36970e-05
5.13685e+04	1.61699e-02	2.19317e-02	1.23770	0.18143	4.36970e-05
5.15237e+04	1.61667e-02	3.35401e-02	5.67056	3.80837	4.36970e-05
5.16790e+04	1.61744e-02	4.71074e-02	2.97000	1.70649	4.36970e-05
5.18343e+04	1.61668e-02	4.91237e-02	1.33386	5.43999	4.36970e-05
5.19896e+04	1.61753e-02	4.73696e-02	0.14054	2.88110	4.36970e-05
5.21449e+04	1.61786e-02	5.00736e-02	5.44233	0.46390	4.36970e-05
5.23002e+04	1.61761e-02	4.40123e-02	4.04322	4.32541	4.36970e-05
5.24555e+04	1.61739e-02	2.73363e-02	5.51844	1.91000	4.36970e-05
5.26107e+04	1.61741e-02	2.76297e-02	2.98359	5.81468	4.36970e-05
5.27660e+04	1.61774e-02	2.55264e-02	4.87714	3.75563	4.36970e-05
5.29213e+04	1.61712e-02	1.65943e-02	1.04543	1.54942	4.36970e-05
5.30766e+04	1.61768e-02	1.42328e-02	0.35514	0.13655	4.36970e-05
5.32319e+04	1.61762e-02	1.13542e-02	1.00735	4.31985	4.36970e-05
5.33872e+04	1.61725e-02	3.06462e-02	3.25403	2.66219	4.36970e-05
5.35425e+04	1.61712e-02	3.76958e-02	0.25043	0.26743	4.36970e-05
5.36977e+04	1.61672e-02	3.57007e-02	0.12207	4.13839	4.36970e-05
5.38530e+04	1.61793e-02	3.23979e-02	0.17984	1.49666	4.36970e-05
5.40083e+04	1.61727e-02	2.77141e-02	2.32632	5.92894	4.36970e-05
5.41636e+04	1.61685e-02	2.31230e-02	2.06068	3.92105	4.36970e-05
5.43189e+04	1.61677e-02	1.91045e-02	4.50339	2.82188	4.36970e-05
5.44742e+04	1.61663e-02	4.09363e-02	2.55824	1.32712	4.36970e-05
5.46295e+04	1.61614e-02	3.04756e-02	3.20286	4.88564	4.36970e-05
5.47847e+04	1.61671e-02	1.96684e-02	6.23854	0.35609	4.36970e-05
5.49400e+04	1.61595e-02	1.83985e-02	0.89604	3.53256	4.36970e-05
5.50953e+04	1.61752e-02	2.47486e-02	0.95246	1.70829	4.36970e-05
5.52506e+04	1.61755e-02	3.81966e-02	3.61214	5.30324	4.36970e-05
5.54059e+04	1.61670e-02	3.68642e-02	0.60510	2.73725	4.36970e-05
5.55612e+04	1.61711e-02	3.30897e-02	4.18415	0.41663	4.36970e-05
5.57165e+04	1.61692e-02	3.51076e-02	1.99642	4.01400	4.36970e-05
5.58717e+04	1.61733e-02	1.97504e-02	4.46733	1.47001	4.36970e-05
5.60270e+04	1.61672e-02	1.68449e-02	5.96335	5.51075	4.36970e-05
5.61823e+04	1.61707e-02	1.11184e-02	4.50726	2.37295	4.36970e-05
5.63376e+04	1.61697e-02	6.83035e-03	2.03797	4.56843	4.36970e-05
5.64929e+04	1.61742e-02	3.45911e-02	0.36719	0.90530	4.36970e-05
5.66482e+04	1.61744e-02	4.47554e-02	5.82814	4.35917	4.36970e-05
5.68035e+04	1.61703e-02	3.96277e-02	3.04821	1.22845	4.36970e-05
5.69587e+04	1.61770e-02	1.88822e-02	4.17022	4.80467	4.36970e-05
5.71140e+04	1.61745e-02	1.97789e-02	4.89452	0.45360	4.36970e-05
5.72693e+04	1.61664e-02	1.03632e-02	3.13874	4.74825	4.36970e-05
5.74246e+04	1.61772e-02	6.07113e-03	1.15278	2.87249	4.36970e-05
5.75799e+04	1.61817e-02	1.49175e-02	3.75648	2.70351	4.36970e-05
5.77352e+04	1.61690e-02	2.85697e-02	2.58475	0.45937	4.36970e-05
5.78905e+04	1.61720e-02	5.01002e-02	3.60852	4.63749	4.36970e-05
5.80457e+04	1.61682e-02	3.30843e-02	2.55337	2.86093	4.36970e-05
5.82010e+04	1.61756e-02	3.03437e-02	2.25555	6.13967	4.36970e-05
5.83563e+04	1.61559e-02	2.36697e-02	3.94554	3.26788	4.36970e-05
5.85116e+04	1.61676e-02	5.72939e-03	4.14547	5.78223	4.36970e-05
5.86669e+04	1.61693e-02	4.13302e-03	0.08701	5.42388	4.36970e-05
5.88222e+04	1.61631e-02	9.46096e-03	1.27622	2.39791	4.36970e-05
5.89775e+04	1.61706e-02	6.85062e-03	3.87996	4.95521	4.36970e-05
5.91327e+04	1.61673e-02	7.39326e-03	5.73414	3.78484	4.36970e-05
5.92880e+04	1.61688e-02	5.87554e-03	2.99841	0.23525	4.36970e-05
5.94433e+04	1.61700e-02	6.17120e-03	2.28349	3.60314	4.36970e-05
5.95986e+04	1.61664e-02	5.01185e-03	4.75816	2.78278	4.36970e-05
5.97539e+04	1.61703e-02	1.10673e-02	1.49434	5.01286	4.36970e-05
5.99092e+04	1.61650e-02	3.80010e-03	4.69953	1.90479	4.36970e-05
6.00645e+04	1.61623e-02	3.53246e-04	0.69070	1.65782	4.36970e-05
6.02197e+04	1.61680e-02	1.30273e-02	1.17584	3.69331	4.36970e-05
6.03750e+04	1.61637e-02	8.07952e-03	1.94293	5.71707	4.36970e-05
6.05303e+04	1.61692e-02	2.85194e-03	0.49003	3.42284	4.36970e-05
6.06856e+04	1.61655e-02	5.66243e-03	4.19217	2.48488	4.36970e-05
6.08409e+04	1.61653e-02	1.20603e-02	5.52424	4.38349	4.36970e-05
6.09962e+04	1.61629e-02	2.99360e-03	3.30319	2.29041	4.36970e-05
6.11515e+04	1.61662e-02	5.85782e-03	1.68165	5.60150	4.36970e-05
6.13067e+04	1.61681e-02	1.07723e-02	5.81459	3.15794	4.36970e-05
6.14620e+04	1.61707e-02	4.06635e-03	4.48820	5.93324	4.36970e-05
6.16173e+04	1.61686e-02	1.14993e-02	1.77003	4.06241	4.36970e-05
6.17726e+04	1.61665e-02	6.79505e-03	6.16167	1.31624	4.36970e-05
6.19279e+04	1.61661e-02	7.78258e-03	4.57317	4.69630	4.36970e-05
6.20832e+04	1.61688e-02	1.20668e-02	2.04058	2.84329	4.36970e-05
6.22385e+04	1.61667e-02	1.13973e-02	1.31703	5.57411	4.36970e-05
6.23937e+04	1.61691e-02	9.32629e-03	5.35502	3.57208	4.36970e-05
6.25490e+04	1.61704e-02	1.02804e-02	3.86330	1.23612	4.36970e-05
6.27043e+04	1.61693e-02	1.82678e-02	3.37428	4.33679	4.36970e-05
6.28596e+04	1.61686e-02	6.40182e-03	1.79007	2.14922	4.36970e-05
6.30149e+04	1.61685e-02	1.26021e-02	0.50586	5.83604	4.36970e-05
6.31702e+04	1.61655e-02	1.66563e-02	5.66110	3.20806	4.36970e-05
6.33255e+04	1.61636e-02	9.82134e-03	4.68638	0.28144	4.36970e-05
6.34807e+04	1.61694e-02	1.46500e-02	2.89192	4.46307	4.36970e-05
6.36360e+04	1.61655e-02	1.25957e-02	1.74445	1.74517	4.36970e-05
6.37913e+04	1.61677e-02	1.59116e-02	0.72351	5.24511	4.36970e-05
6.39466e+04	1.61626e-02	1.40947e-02	5.35604	3.18522	4.36970e-05
6.41019e+04	1.61689e-02	1.33508e-02	4.73925	0.07628	4.36970e-05
6.42572e+04	1.61698e-02	1.60804e-02	3.41981	4.12244	4.36970e-05
6.44124e+04	1.61649e-02	1.40816e-02	2.60883	1.52975	4.36970e-05
6.45677e+04	1.61702e-02	1.68150e-02	1.72797	5.14649	4.36970e-05
6.47230e+04	1.61686e-02	1.30230e-02	0.29030	3.03361	4.36970e-05
6.48783e+04	1.61621e-02	1.73009e-02	0.12447	0.02484	4.36970e-05
6.50336e+04	1.61675e-02	1.52968e-02	5.89646	3.86855	4.36970e-05
6.51889e+04	1.61660e-02	1.10537e-02	5.69602	1.26049	4.36970e-05
6.53442e+04	1.61698e-02	2.10326e-02	5.46020	5.19727	4.36970e-05
6.54994e+04	1.61680e-02	1.38240e-02	5.93437	2.37253	4.36970e-05
6.56547e+04	1.61677e-02	1.52650e-02	5.96754	0.03120	4.36970e-05
6.58100e+04	1.61694e-02	1.74603e-02	5.93703	4.07040	4.36970e-05
6.59653e+04	1.61669e-02	1.78233e-02	0.15179	1.00672	4.36970e-05
6.61206e+04	1.61672e-02	1.43450e-02	5.67020	5.17540	4.36970e-05
6.62759e+04	1.61696e-02	1.53556e-02	4.41764	2.51770	4.36970e-05
6.64312e+04	1.61677e-02	1.98859e-02	2.60487	6.26979	4.36970e-05
6.65864e+04	1.61650e-02	1.09691e-02	2.24662	3.73142	4.36970e-05
6.67417e+04	1.61668e-02	1.73986e-02	2.25542	1.32124	4.36970e-05
6.68970e+04	1.61670e-02	1.44861e-02	2.55025	5.20295	4.36970e-05
6.70523e+04	1.61645e-02	1.52005e-02	3.55812	2.38028	4.36970e-05
6.72076e+04	1.61680e-02	1.51071e-02	3.80322	0.28941	4.36970e-05
6.73629e+04	1.61633e-02	1.37582e-02	4.72648	3.75756	4.36970e-05
6.75182e+04	1.61695e-02	1.83378e-02	5.21463	1.44422	4.36970e-05
6.76734e+04	1.61706e-02	1.37385e-02	5.93651	5.12194	4.36970e-05
6.78287e+04	1.61640e-02	1.79687e-02	0.44627	2.59773	4.36970e-05
6.79840e+04	1.61661e-02	1.62144e-02	1.45781	0.18375	4.36970e-05
6.81393e+04	1.61663e-02	1.81578e-02	5.49182	3.69232	4.36970e-05
6.82946e+04	1.61639e-02	1.40261e-02	3.83216	1.63033	4.36970e-05
6.84499e+04	1.61639e-02	1.66949e-02	1.62870	5.12466	4.36970e-05
6.86052e+04	1.61694e-02	1.76705e-02	4.92104	2.61519	4.36970e-05
6.87604e+04	1.61700e-02	1.69146e-02	5.16203	6.15085	4.36970e-05
6.89157e+04	1.61677e-02	1.85419e-02	5.73414	3.59827	4.36970e-05
6.90710e+04	1.61650e-02	1.87028e-02	6.03141	0.88495	4.36970e-05
6.92263e+04	1.61623e-02	1.70929e-02	5.89426	4.36793	4.36970e-05
6.93816e+04	1.61580e-02	1.99470e-02	0.76142	1.83427	4.36970e-05
6.95369e+04	1.61596e-02	2.47466e-02	4.08568	5.28203	4.36970e-05
6.96922e+04	1.61537e-02	2.33020e-02	1.33180	2.47840	4.36970e-05
6.98474e+04	1.61604e-02	2.39024e-02	4.63933	6.26641	4.36970e-05
7.00027e+04	1.61562e-02	2.63372e-02	4.45499	4.00857	4.36970e-05
7.01580e+04	1.61571e-02	2.48011e-02	4.33609	2.01192	4.36970e-05
7.03133e+04	1.61595e-02	2.84657e-02	5.96784	5.61365	4.36970e-05
7.04686e+04	1.61617e-02	2.52348e-02	2.49552	3.25603	4.36970e-05
7.06239e+04	1.61626e-02	2.12489e-02	1.79073	0.71516	4.36970e-05
7.07792e+04	1.61569e-02	2.98000e-02	3.54414	3.65031	4.36970e-05
7.09344e+04	1.61578e-02	2.47001e-02	4.85683	1.22643	4.36970e-05
7.10897e+04	1.61531e-02	2.67666e-02	0.13254	4.90357	4.36970e-05
7.12450e+04	1.61572e-02	2.35525e-02	2.23311	1.89486	4.36970e-05
7.14003e+04	1.61603e-02	1.87882e-02	2.00834	5.78841	4.36970e-05
7.15556e+04	1.61589e-02	2.71904e-02	1.16853	3.54429	4.36970e-05
7.17109e+04	1.61556e-02	2.31690e-02	1.93771	0.98786	4.36970e-05
7.18662e+04	1.61552e-02	1.99977e-02	0.46052	4.53936	4.36970e-05
7.20214e+04	1.61594e-02	2.22115e-02	2.53084	2.59539	4.36970e-05
7.21767e+04	1.61605e-02	2.52304e-02	5.14429	0.06960	4.36970e-05
7.23320e+04	1.61606e-02	2.30602e-02	5.76338	3.66402	4.36970e-05
7.24873e+04	1.61526e-02	1.57719e-02	5.94389	1.16781	4.36970e-05
7.26426e+04	1.61617e-02	2.83746e-02	3.87827	5.51560	4.36970e-05
7.27979e+04	1.61605e-02	2.64546e-02	0.34409	2.98028	4.36970e-05
7.29532e+04	1.61622e-02	2.77131e-02	1.84440	0.67169	4.36970e-05
7.31084e+04	1.61570e-02	2.25242e-02	5.67277	4.67979	4.36970e-05
7.32637e+04	1.61574e-02	2.67747e-02	4.90844	2.52463	4.36970e-05
7.34190e+04	1.61572e-02	2.14329e-02	4.06256	0.47214	4.36970e-05
7.35743e+04	1.61571e-02	2.50438e-02	2.31889	4.02610	4.36970e-05
7.37296e+04	1.61594e-02	2.06407e-02	0.50318	1.75627	4.36970e-05
7.38849e+04	1.61616e-02	2.50482e-02	3.35791	5.58742	4.36970e-05
7.40402e+04	1.61600e-02	2.51427e-02	1.44367	3.06747	4.36970e-05
7.41954e+04	1.61603e-02	2.27284e-02	4.52227	0.68828	4.36970e-05
7.43507e+04	1.61576e-02	2.21782e-02	4.03897	4.92086	4.36970e-05
7.45060e+04	1.61588e-02	2.81910e-02	2.92228	2.06238	4.36970e-05
7.46613e+04	1.61627e-02	2.95282e-02	1.65286	5.84878	4.36970e-05
7.48166e+04	1.61579e-02	2.74266e-02	2.76718	3.13392	4.36970e-05
7.49719e+04	1.61628e-02	2.37918e-02	0.60095	0.72560	4.36970e-05
7.51272e+04	1.61547e-02	2.46219e-02	0.77813	4.67929	4.36970e-05
7.52824e+04	1.61544e-02	2.72326e-02	0.20544	2.76420	4.36970e-05
7.54377e+04	1.61570e-02	2.31996e-02	1.36553	0.47437	4.36970e-05
7.55930e+04	1.61579e-02	2.34013e-02	4.03441	4.70097	4.36970e-05
7.57483e+04	1.61576e-02	2.76236e-02	5.69469	1.89465	4.36970e-05
7.59036e+04	1.61560e-02	2.85436e-02	3.16289	5.93481	4.36970e-05
7.60589e+04	1.61544e-02	2.20547e-02	4.26898	3.92442	4.36970e-05
7.62142e+04	1.61615e-02	2.83791e-02	3.14043	1.24034	4.36970e-05
7.63694e+04	1.61585e-02	3.03579e-02	6.19357	4.84033	4.36970e-05
7.65247e+04	1.61580e-02	2.31245e-02	3.58693	1.94627	4.36970e-05
7.66800e+04	1.61621e-02	1.84934e-02	0.95044	5.49819	4.36970e-05
7.68353e+04	1.61557e-02	1.47167e-02	3.85570	3.03734	4.36970e-05
7.69906e+04	1.61569e-02	2.44225e-03	3.02215	4.69621	4.36970e-05
7.71459e+04	1.61577e-02	5.91023e-03	2.58220	0.74821	4.36970e-05
7.73012e+04	1.61595e-02	5.94902e-03	0.10004	4.63720	4.36970e-05
7.74564e+04	1.61597e-02	2.06220e-02	3.19306	1.84371	4.36970e-05
7.76117e+04	1.61538e-02	2.56473e-02	0.90829	5.33171	4.36970e-05
7.77670e+04	1.61564e-02	2.80400e-02	2.67621	2.56997	4.36970e-05
7.79223e+04	1.61540e-02	2.32322e-02	0.31811	6.21328	4.36970e-05
7.80776e+04	1.61537e-02	1.61049e-02	5.74931	3.52862	4.36970e-05
7.82329e+04	1.61615e-02	5.29647e-03	3.14201	0.40817	4.36970e-05
7.83882e+04	1.61584e-02	3.12805e-03	2.34784	1.69658	4.36970e-05
7.85434e+04	1.61574e-02	2.27072e-03	1.19399	1.25326	4.36970e-05
7.86987e+04	1.61548e-02	6.26821e-03	0.47803	2.81987	4.36970e-05
7.88540e+04	1.61584e-02	2.11225e-02	4.50304	6.02751	4.36970e-05
7.90093e+04	1.61585e-02	2.41954e-02	3.11953	3.01967	4.36970e-05
7.91646e+04	1.61605e-02	1.96882e-02	1.91869	0.64775	4.36970e-05
7.93199e+04	1.61555e-02	2.22851e-02	4.14763	4.96804	4.36970e-05
7.94751e+04	1.61553e-02	2.26186e-02	3.36746	2.29620	4.36970e-05
7.96304e+04	1.61554e-02	2.10336e-02	1.36135	6.19758	4.36970e-05
7.97857e+04	1.61586e-02	2.10418e-02	5.80623	4.40552	4.36970e-05
7.99410e+04	1.61587e-02	2.59310e-02	0.38370	1.85540	4.36970e-05
8.00963e+04	1.61585e-02	1.64617e-02	5.64778	5.12470	4.36970e-05
8.02516e+04	1.61591e-02	6.26624e-04	0.33638	0.90737	4.36970e-05
8.04069e+04	1.61615e-02	2.08209e-03	5.24780	4.29504	4.36970e-05
8.05621e+04	1.61600e-02	5.04978e-03	3.88078	4.35396	4.36970e-05
8.07174e+04	1.61602e-02	7.48298e-03	6.01777	1.91931	4.36970e-05
8.08727e+04	1.61540e-02	1.63714e-03	0.33969	0.10863	4.36970e-05
8.10280e+04	1.61588e-02	2.20514e-03	5.96468	3.26785	4.36970e-05
8.11833e+04	1.61578e-02	6.36464e-03	0.35674	4.13265	4.36970e-05
8.13386e+04	1.61602e-02	5.51857e-03	1.72270	2.92097	4.36970e-05
8.14939e+04	1.61627e-02	1.05514e-02	0.37250	0.08319	4.36970e-05
8.16491e+04	1.61605e-02	1.70745e-02	5.27761	3.48109	4.36970e-05
8.18044e+04	1.61566e-02	1.25619e-02	2.69514	1.65380	4.36970e-05
8.19597e+04	1.61592e-02	1.45076e-02	0.86914	5.67817	4.36970e-05
8.21150e+04	1.61580e-02	1.54197e-02	2.70948	3.27103	4.36970e-05
8.22703e+04	1.61583e-02	1.41983e-02	4.77276	0.93911	4.36970e-05
8.24256e+04	1.61550e-02	1.32586e-02	1.75956	5.44819	4.36970e-05
8.25809e+04	1.61544e-02	2.12165e-02	4.37285	2.58771	4.36970e-05
8.27361e+04	1.61598e-02	2.18746e-02	0.98162	0.43457	4.36970e-05
8.28914e+04	1.61599e-02	2.21296e-02	3.80605	4.23102	4.36970e-05
8.30467e+04	1.61541e-02	1.83840e-02	5.07539	1.99216	4.36970e-05
8.32020e+04	1.61582e-02	2.22823e-02	5.46352	0.08887	4.36970e-05
8.33573e+04	1.61604e-02	2.13332e-02	1.07764	3.76152	4.36970e-05
8.35126e+04	1.61584e-02	1.99162e-02	4.98408	1.53897	4.36970e-05
8.36679e+04	1.61561e-02	1.44115e-02	1.41488	5.53233	4.36970e-05
8.38231e+04	1.61586e-02	1.26753e-02	3.48569	3.28901	4.36970e-05
8.39784e+04	1.61580e-02	1.35654e-02	4.07627	0.84304	4.36970e-05
8.41337e+04	1.61602e-02	1.31320e-02	0.16882	5.09448	4.36970e-05
8.42890e+04	1.61574e-02	1.49823e-02	4.01963	3.16083	4.36970e-05
8.44443e+04	1.61611e-02	1.50862e-02	5.47312	1.09767	4.36970e-05
8.45996e+04	1.61573e-02	1.04339e-02	2.68075	4.97798	4.36970e-05
8.47549e+04	1.61585e-02	2.80886e-03	2.53397	1.03222	4.36970e-05
8.49101e+04	1.61574e-02	1.53997e-02	2.66924	3.15539	4.36970e-05
8.50654e+04	1.61588e-02	2.39591e-02	0.89527	6.28280	4.36970e-05
8.52207e+04	1.61521e-02	1.85444e-02	5.15485	3.82697	4.36970e-05
8.53760e+04	1.61559e-02	1.48848e-02	3.02362	1.53922	4.36970e-05
8.55313e+04	1.61554e-02	1.54552e-02	1.49891	5.95341	4.36970e-05
8.56866e+04	1.61556e-02	1.73083e-02	0.55234	4.25535	4.36970e-05
8.58419e+04	1.61621e-02	1.52137e-02	5.80684	1.53336	4.36970e-05
8.59971e+04	1.61553e-02	5.94072e-03	1.49737	3.06994	4.36970e-05
8.61524e+04	1.61549e-02	1.52599e-02	1.64935	6.25061	4.36970e-05
8.63077e+04	1.61537e-02	1.78071e-02	0.95471	3.77926	4.36970e-05
8.64630e+04	1.61540e-02	1.80419e-02	1.79231	1.79254	4.36970e-05
8.66183e+04	1.61561e-02	1.70283e-02	5.04781	5.86401	4.36970e-05
8.67736e+04	1.61600e-02	1.39488e-02	5.58199	4.02353	4.36970e-05
8.69289e+04	1.61576e-02	1.14629e-02	5.61084	2.46973	4.36970e-05
8.70841e+04	1.61595e-02	1.04124e-02	4.44684	0.90078	4.36970e-05
8.72394e+04	1.61591e-02	1.10798e-02	3.95549	5.60388	4.36970e-05
8.73947e+04	1.61550e-02	1.24656e-02	1.54841	3.54169	4.36970e-05
8.75500e+04	1.61595e-02	8.83312e-03	1.64952	1.71563	4.36970e-05
8.77053e+04	1.61555e-02	8.71493e-03	1.74938	6.08883	4.36970e-05
8.78606e+04	1.61593e-02	9.01216e-03	3.40938	4.81912	4.36970e-05
8.80159e+04	1.61553e-02	7.06709e-03	2.53727	3.44229	4.36970e-05
8.81711e+04	1.61550e-02	6.23954e-03	3.85303	2.87413	4.36970e-05
8.83264e+04	1.61521e-02	7.73679e-03	4.38603	3.99759	4.36970e-05
8.84817e+04	1.61280e-02	2.13415e-02	2.84096	1.38802	4.36970e-05
8.86370e+04	1.61238e-02	2.50709e-02	4.76991	5.96148	4.36970e-05
8.87923e+04	1.61208e-02	2.15138e-02	1.62225	6.21002	4.36970e-05
8.89476e+04	1.61334e-02	1.28081e-02	2.92587	4.94373	4.36970e-05
8.91029e+04	1.61333e-02	9.68961e-03	0.43168	4.59994	4.36970e-05
8.92581e+04	1.61321e-02	1.99648e-02	1.08861	4.44210	4.36970e-05
8.94134e+04	1.61251e-02	1.56496e-02	5.26604	3.14437	4.36970e-05
8.95687e+04	1.61220e-02	2.34029e-02	3.42329	2.59575	4.36970e-05
8.97240e+04	1.61080e-02	2.76914e-02	2.70011	1.00434	4.36970e-05
8.98793e+04	1.61077e-02	2.27009e-02	0.31033	0.83019	4.36970e-05
9.00346e+04	1.61182e-02	2.78444e-02	5.89497	0.07071	4.36970e-05
9.01899e+04	1.61148e-02	4.14389e-02	0.44636	0.40960	4.36970e-05
9.03451e+04	1.61182e-02	2.38915e-02	0.68431	4.90068	4.36970e-05
9.05004e+04	1.61028e-02	2.84369e-02	4.42574	4.80584	4.36970e-05
9.06557e+04	1.61021e-02	3.19541e-02	2.14849	6.24136	4.36970e-05
9.08110e+04	1.60954e-02	3.16797e-02	2.09777	5.29560	4.36970e-05
9.09663e+04	1.60930e-02	3.29221e-02	4.04278	6.10213	4.36970e-05
9.11216e+04	1.60957e-02	5.19547e-02	2.42770	5.01122	4.36970e-05
9.12769e+04	1.60827e-02	2.40906e-02	2.02429	4.80162	4.36970e-05
9.14321e+04	1.60990e-02	3.39232e-03	0.26503	2.70434	4.36970e-05
9.15874e+04	1.60905e-02	2.03648e-02	2.09060	5.39876	4.36970e-05
9.17427e+04	1.61030e-02	4.22346e-02	1.71543	6.12264	4.36970e-05
9.18980e+04	1.60800e-02	3.17890e-02	4.41100	1.29261	4.36970e-05
9.20533e+04	1.60880e-02	1.40872e-02	2.43860	1.36386	4.36970e-05
9.22086e+04	1.60994e-02	4.53338e-02	4.85738	1.82472	4.36970e-05
9.23639e+04	1.60913e-02	5.54777e-02	2.88901	2.95498	4.36970e-05
9.25191e+04	1.60921e-02	2.56031e-02	1.67959	4.26898	4.36970e-05
9.26744e+04	1.60735e-02	4.79754e-02	0.96538	3.15339	4.36970e-05
9.28297e+04	1.60911e-02	4.43029e-02	1.90832	4.32485	4.36970e-05
9.29850e+04	1.60855e-02	2.69259e-02	1.86678	3.45523	4.36970e-05
9.31403e+04	1.60835e-02	4.12282e-02	4.68946	3.92955	4.36970e-05
9.32956e+04	1.60835e-02	3.00870e-02	0.42277	2.11007	4.36970e-05
9.34508e+04	1.60649e-02	1.77121e-02	3.72079	1.46049	4.36970e-05
9.36061e+04	1.60631e-02	2.97028e-02	4.25428	4.98160	4.36970e-05
9.37614e+04	1.60747e-02	2.47438e-02	5.54279	3.13084	4.36970e-05
9.39167e+04	1.60650e-02	3.02121e-02	5.57880	1.97423	4.36970e-05
9.40720e+04	1.60644e-02	3.55616e-02	4.56966	0.83879	4.36970e-05
9.42273e+04	1.60528e-02	3.69861e-02	2.09024	5.30573	4.36970e-05
9.43826e+04	1.60574e-02	3.42220e-02	3.16642	3.51752	4.36970e-05
9.45378e+04	1.60541e-02	2.28641e-02	0.60022	2.24154	4.36970e-05
9.46931e+04	1.60628e-02	1.56648e-02	3.68781	1.74313	4.36970e-05
9.48484e+04	1.60514e-02	2.39741e-02	2.18069	6.11032	4.36970e-05
9.50037e+04	1.60438e-02	1.33544e-02	6.01924	5.09580	4.36970e-05
9.51590e+04	1.60642e-02	2.19614e-02	2.02881	3.98162	4.36970e-05
9.53143e+04	1.60453e-02	3.65589e-02	5.64979	1.95456	4.36970e-05
9.54696e+04	1.60534e-02	1.41410e-02	2.56601	5.12798	4.36970e-05
9.56248e+04	1.60570e-02	3.17131e-02	1.48387	0.72155	4.36970e-05
9.57801e+04	1.60378e-02	3.77225e-02	1.95433	3.98783	4.36970e-05
9.59354e+04	1.60395e-02	1.83753e-02	0.60433	0.12453	4.36970e-05
9.60907e+04	1.60405e-02	1.98812e-02	0.61438	2.62898	4.36970e-05
9.62460e+04	1.60350e-02	2.10953e-02	1.40117	5.56804	4.36970e-05
9.64013e+04	1.60371e-02	2.40140e-02	1.16999	2.36815	4.36970e-05
9.65566e+04	1.60270e-02	3.25401e-02	4.20489	5.96462	4.36970e-05
9.67118e+04	1.60309e-02	2.25905e-02	2.49598	3.77679	4.36970e-05
9.68671e+04	1.60235e-02	1.45079e-02	0.00645	3.25815	4.36970e-05
9.70224e+04	1.60311e-02	1.48364e-02	0.78053	5.98105	4.36970e-05
9.71777e+04	1.60117e-02	4.09079e-02	2.39920	3.62177	4.36970e-05
9.73330e+04	1.60275e-02	4.69277e-02	5.21470	0.71279	4.36970e-05
9.74883e+04	1.60385e-02	7.44962e-03	1.56503	0.61438	4.36970e-05
9.76436e+04	1.60137e-02	5.12163e-02	1.97405	6.00264	4.36970e-05
9.77988e+04	1.60355e-02	1.20780e-02	4.92815	4.62162	4.36970e-05
9.79541e+04	1.60223e-02	2.18577e-02	6.27371	4.53742	4.36970e-05
9.81094e+04	1.60230e-02	5.26617e-02	3.32724	1.88511	4.36970e-05
9.82647e+04	1.60205e-02	2.05607e-02	4.30583	0.07871	4.36970e-05
9.84200e+04	1.60132e-02	4.01745e-02	4.80231	1.09910	4.36970e-05
9.85753e+04	1.60099e-02	2.76199e-02	0.56789	4.96111	4.36970e-05
9.87306e+04	1.60143e-02	8.51949e-03	0.74706	4.20021	4.36970e-05
9.88858e+04	1.59951e-02	4.69591e-02	4.08808	4.38165	4.36970e-05
9.90411e+04	1.60162e-02	4.03723e-02	2.71129	3.25497	4.36970e-05
9.91964e+04	1.60063e-02	4.70169e-02	1.30109	4.09566	4.36970e-05
9.93517e+04	1.60034e-02	5.06103e-02	3.43844	2.95311	4.36970e-05
9.95070e+04	1.59912e-02	2.15005e-02	0.79890	1.84113	4.36970e-05
9.96623e+04	1.59937e-02	6.29283e-03	5.85701	3.10765	4.36970e-05
9.98176e+04	1.59854e-02	3.91976e-02	0.25070	0.32711	4.36970e-05
9.99728e+04	1.59824e-02	5.70307e-02	6.25139	3.31421	4.36970e-05
1.00128e+05	1.59767e-02	6.30591e-02	3.64117	0.53409	4.36970e-05
1.00283e+05	1.59713e-02	3.70909e-02	1.15421	3.21154	4.36970e-05
1.00439e+05	1.59836e-02	2.85280e-02	4.79600	0.65224	4.36970e-05
1.00594e+05	1.59724e-02	3.63511e-02	4.61548	0.27871	4.36970e-05
1.00749e+05	1.59796e-02	2.42090e-02	3.97589	5.10118	4.36970e-05
1.00905e+05	1.59831e-02	1.30237e-02	2.64534	1.82949	4.36970e-05
1.01060e+05	1.59709e-02	3.77261e-02	2.20569	3.33680	4.36970e-05
1.01215e+05	1.59824e-02	4.10378e-02	6.20241	0.38138	4.36970e-05
1.01370e+05	1.59778e-02	4.37158e-02	4.49457	3.43100	4.36970e-05
1.01526e+05	1.59733e-02	3.52750e-02	2.58055	0.22707	4.36970e-05
1.01681e+05	1.59695e-02	3.84017e-02	3.62648	3.37933	4.36970e-05
1.01836e+05	1.59661e-02	3.07691e-02	0.40148	0.51024	4.36970e-05
1.01992e+05	1.59705e-02	4.13441e-02	3.43534	2.19855	4.36970e-05
1.02147e+05	1.59683e-02	3.58457e-02	0.28439	5.20835	4.36970e-05
1.02302e+05	1.59640e-02	1.79861e-02	1.24188	2.94302	4.36970e-05
1.02457e+05	1.59416e-02	2.10410e-02	3.13656	0.29109	4.36970e-05
1.02613e+05	1.59500e-02	1.45241e-02	5.13104	4.45916	4.36970e-05
1.02768e+05	1.59586e-02	6.59341e-03	3.87478	3.41807	4.36970e-05
1.02923e+05	1.59515e-02	1.87634e-02	3.92024	1.62369	4.36970e-05
1.03079e+05	1.59388e-02	9.96423e-03	0.50646	0.93181	4.36970e-05
1.03234e+05	1.59409e-02	1.76415e-02	3.79291	1.85846	4.36970e-05
1.03389e+05	1.59364e-02	2.64350e-02	4.98538	0.71869	4.36970e-05
1.03544e+05	1.59398e-02	2.66998e-02	1.77631	5.10023	4.36970e-05
1.03700e+05	1.59461e-02	1.66447e-02	2.89215	4.95875	4.36970e-05
1.03855e+05	1.59289e-02	2.20278e-02	4.23421	3.65511	4.36970e-05
1.04010e+05	1.59419e-02	2.05950e-02	6.02819	3.23329	4.36970e-05
1.04166e+05	1.59325e-02	4.39209e-02	3.20825	2.96646	4.36970e-05
1.04321e+05	1.59326e-02	2.65376e-02	2.75147	2.81514	4.36970e-05
1.04476e+05	1.59224e-02	4.11408e-02	2.28959	2.73748	4.36970e-05
1.04631e+05	1.59218e-02	2.26833e-02	2.95085	1.13650	4.36970e-05
1.04787e+05	1.59210e-02	1.56625e-02	4.45290	6.06058	4.36970e-05
1.04942e+05	1.59249e-02	2.68219e-02	1.77492	5.73046	4.36970e-05
1.05097e+05	1.59094e-02	1.54000e-02	6.06651	1.16286	4.36970e-05
1.05253e+05	1.59097e-02	2.51261e-02	4.05916	0.51518	4.36970e-05
1.05408e+05	1.59199e-02	1.71703e-02	4.82877	1.53982	4.36970e-05
1.05563e+05	1.59100e-02	1.85790e-02	3.44510	4.96765	4.36970e-05
1.05718e+05	1.59193e-02	4.65823e-02	5.29820	1.67163	4.36970e-05
1.05874e+05	1.59060e-02	2.58570e-02	0.78711	5.73007	4.36970e-05
1.06029e+05	1.59019e-02	1.17254e-02	0.86371	3.02567	4.36970e-05
1.06184e+05	1.59023e-02	1.44472e-02	4.63272	5.36200	4.36970e-05
1.06340e+05	1.59027e-02	2.39829e-02	1.56445	5.83323	4.36970e-05
1.06495e+05	1.59062e-02	7.37792e-03	3.38103	1.25643	4.36970e-05
1.06650e+05	1.58804e-02	2.01757e-02	2.75800	4.34592	4.36970e-05
1.06805e+05	1.58975e-02	1.15185e-02	2.22443	2.87293	4.36970e-05
1.06961e+05	1.58842e-02	4.33417e-02	0.39606	0.53408	4.36970e-05
1.07116e+05	1.58907e-02	3.11523e-02	1.30371	4.04419	4.36970e-05
1.07271e+05	1.58828e-02	3.59083e-02	3.21653	3.06776	4.36970e-05
1.07427e+05	1.58886e-02	3.54484e-02	5.95828	6.25517	4.36970e-05
1.07582e+05	1.58799e-02	2.71090e-02	2.55282	2.63152	4.36970e-05
1.07737e+05	1.58802e-02	1.31683e-02	2.79005	4.68957	4.36970e-05
1.07892e+05	1.58816e-02	2.85109e-02	4.16072	1.31679	4.36970e-05
1.08048e+05	1.58741e-02	5.06324e-02	4.87309	4.87580	4.36970e-05
1.08203e+05	1.58743e-02	4.30440e-02	0.15708	2.88822	4.36970e-05
1.08358e+05	1.58744e-02	1.50485e-02	0.04809	5.97605	4.36970e-05
1.08514e+05	1.58755e-02	3.46769e-02	3.27581	2.90307	4.36970e-05
1.08669e+05	1.58824e-02	2.43512e-02	2.15075	6.08906	4.36970e-05
1.08824e+05	1.58734e-02	2.04371e-02	2.76023	4.56185	4.36970e-05
1.08979e+05	1.58653e-02	3.58542e-02	4.59837	2.97388	4.36970e-05
1.09135e+05	1.58526e-02	2.71769e-02	5.45468	5.94809	4.36970e-05
1.09290e+05	1.58529e-02	5.42246e-02	0.02961	3.19621	4.36970e-05
1.09445e+05	1.58569e-02	4.39582e-02	0.59394	5.91477	4.36970e-05
1.09601e+05	1.58604e-02	5.18115e-02	4.36473	3.56754	4.36970e-05
1.09756e+05	1.58641e-02	4.09306e-02	5.97786	0.50321	4.36970e-05
1.09911e+05	1.58507e-02	1.00805e-02	1.97890	1.02211	4.36970e-05
1.10066e+05	1.58542e-02	3.43861e-02	1.22583	1.83800	4.36970e-05
1.10222e+05	1.58470e-02	4.09100e-02	3.62276	4.69638	4.36970e-05
1.10377e+05	1.58420e-02	3.02207e-02	2.67888	1.57806	4.36970e-05
1.10532e+05	1.58538e-02	5.14521e-03	0.33331	0.23621	4.36970e-05
1.10688e+05	1.58467e-02	2.90604e-02	5.69841	3.80884	4.36970e-05
1.10843e+05	1.58482e-02	2.68037e-02	0.60478	1.99474	4.36970e-05
1.10998e+05	1.58436e-02	1.73873e-02	0.78448	5.54189	4.36970e-05
1.11153e+05	1.58433e-02	2.95803e-02	1.59714	2.45457	4.36970e-05
1.11309e+05	1.58388e-02	1.66020e-02	6.28073	5.38642	4.36970e-05
1.11464e+05	1.58340e-02	1.34436e-02	5.56425	3.65208	4.36970e-05
1.11619e+05	1.58302e-02	2.59356e-02	1.51884	1.36833	4.36970e-05
1.11775e+05	1.58243e-02	1.39245e-02	4.40066	4.86016	4.36970e-05
1.11930e+05	1.58263e-02	1.10819e-02	3.54522	5.18833	4.36970e-05
1.12085e+05	1.58144e-02	6.20130e-03	1.98378	0.01903	4.36970e-05
1.12240e+05	1.58196e-02	9.48260e-03	5.37195	3.72424	4.36970e-05
1.12396e+05	1.58182e-02	1.50850e-02	5.13365	0.85102	4.36970e-05
1.12551e+05	1.58203e-02	1.22877e-02	2.30482	4.88605	4.36970e-05
1.12706e+05	1.58141e-02	2.47208e-02	1.06106	1.04945	4.36970e-05
1.12862e+05	1.58135e-02	1.65529e-02	2.17603	3.93188	4.36970e-05
1.13017e+05	1.58070e-02	3.65163e-02	5.80782	0.26185	4.36970e-05
1.13172e+05	1.58034e-02	1.04462e-02	1.49300	4.59215	4.36970e-05
1.13327e+05	1.57999e-02	1.31452e-02	2.43363	1.26979	4.36970e-05
1.13483e+05	1.58007e-02	9.34388e-03	1.04141	0.32880	4.36970e-05
1.13638e+05	1.58042e-02	1.18471e-02	5.93803	2.59233	4.36970e-05
1.13793e+05	1.57947e-02	1.08113e-02	4.82677	0.84181	4.36970e-05
1.13949e+05	1.57985e-02	7.57858e-03	5.58755	1.46206	4.36970e-05
1.14104e+05	1.58029e-02	2.20775e-02	1.89837	5.47636	4.36970e-05
1.14259e+05	1.57952e-02	1.90341e-02	3.46740	2.30017	4.36970e-05
1.14414e+05	1.57924e-02	1.86119e-02	2.76750	5.75708	4.36970e-05
1.14570e+05	1.57906e-02	1.81013e-02	2.83366	2.74699	4.36970e-05
1.14725e+05	1.57934e-02	1.00345e-02	2.77759	2.15926	4.36970e-05
1.14880e+05	1.57929e-02	6.33017e-03	2.68940	3.78351	4.36970e-05
1.15036e+05	1.57799e-02	1.39726e-02	4.33503	0.52788	4.36970e-05
1.15191e+05	1.57814e-02	1.68063e-02	1.81012	4.03322	4.36970e-05
1.15346e+05	1.57785e-02	3.02173e-02	4.76388	2.17839	4.36970e-05
1.15501e+05	1.57774e-02	3.25594e-02	3.19633	6.23797	4.36970e-05
1.15657e+05	1.57802e-02	2.14721e-02	3.97629	4.46313	4.36970e-05
1.15812e+05	1.57658e-02	2.05719e-02	2.37481	1.01284	4.36970e-05
1.15967e+05	1.57660e-02	3.08791e-03	2.71666	1.03667	4.36970e-05
1.16123e+05	1.57773e-02	2.67626e-02	1.07782	3.95495	4.36970e-05
1.16278e+05	1.57632e-02	1.87776e-02	1.08822	1.04445	4.36970e-05
1.16433e+05	1.57692e-02	2.02198e-02	5.45252	3.68622	4.36970e-05
1.16588e+05	1.57671e-02	3.19277e-02	0.44063	1.25250	4.36970e-05
1.16744e+05	1.57596e-02	1.53691e-02	3.73869	5.45689	4.36970e-05
1.16899e+05	1.57601e-02	1.34396e-02	1.26643	4.36449	4.36970e-05
1.17054e+05	1.57513e-02	4.75119e-03	2.47166	1.70963	4.36970e-05
1.17210e+05	1.57545e-02	1.14366e-02	1.32009	2.85710	4.36970e-05
1.17365e+05	1.57492e-02	1.79553e-02	1.73000	2.03442	4.36970e-05
1.17520e+05	1.57469e-02	1.34959e-02	2.91542	4.26045	4.36970e-05
1.17675e+05	1.57472e-02	9.93378e-03	1.78468	3.72491	4.36970e-05
1.17831e+05	1.57491e-02	2.83178e-02	0.89212	1.20837	4.36970e-05
1.17986e+05	1.57491e-02	1.18272e-02	4.10486	4.24209	4.36970e-05
1.18141e+05	1.57481e-02	9.71452e-03	3.66657	0.10741	4.36970e-05
1.18297e+05	1.57400e-02	1.82390e-02	2.73808	4.49916	4.36970e-05
1.18452e+05	1.57394e-02	2.49534e-02	5.14642	4.66997	4.36970e-05
1.18607e+05	1.57357e-02	3.12317e-02	3.30700	5.65700	4.36970e-05
1.18762e+05	1.57375e-02	9.21726e-03	5.68097	1.40574	4.36970e-05
1.18918e+05	1.57281e-02	1.17864e-02	5.07651	3.59568	4.36970e-05
1.19073e+05	1.57245e-02	3.07650e-02	3.25905	5.62878	4.36970e-05
1.19228e+05	1.57295e-02	2.34042e-02	3.67343	1.44531	4.36970e-05
1.19384e+05	1.57204e-02	1.15274e-02	3.92515	0.16839	4.36970e-05
1.19539e+05	1.57289e-02	2.56929e-02	4.80951	3.66338	4.36970e-05
1.19694e+05	1.57163e-02	1.75239e-02	2.76939	0.84008	4.36970e-05
1.19849e+05	1.57308e-02	1.78871e-02	1.13531	4.24348	4.36970e-05
1.20005e+05	1.57267e-02	1.05498e-02	4.10037	2.06580	4.36970e-05
1.20160e+05	1.57169e-02	1.51321e-03	4.41413	1.49846	4.36970e-05
1.20315e+05	1.57149e-02	3.76703e-03	0.82826	1.80475	4.36970e-05
1.20471e+05	1.57088e-02	1.42934e-02	4.46844	1.53212	4.36970e-05
1.20626e+05	1.57087e-02	6.07301e-03	5.09282	4.17972	4.36970e-05
1.20781e+05	1.57178e-02	2.59913e-02	5.92881	0.17529	4.36970e-05
1.20936e+05	1.57118e-02	5.71234e-03	0.45798	3.29577	4.36970e-05
1.21092e+05	1.57045e-02	8.32241e-03	2.10231	0.43637	4.36970e-05
1.21247e+05	1.57145e-02	6.14960e-03	1.62001	5.62705	4.36970e-05
1.21402e+05	1.57019e-02	2.49851e-03	4.88450	0.80172	4.36970e-05
1.21558e+05	1.57051e-02	3.00756e-03	4.08759	0.58630	4.36970e-05
1.21713e+05	1.57091e-02	9.92488e-03	2.49839	4.43972	4.36970e-05
1.21868e+05	1.57011e-02	2.62085e-03	6.16568	3.07042	4.36970e-05
1.22023e+05	1.57048e-02	8.31565e-03	3.38078	3.82009	4.36970e-05
1.22179e+05	1.56927e-02	1.31924e-02	3.39748	0.82503	4.36970e-05
1.22334e+05	1.56890e-02	1.34822e-02	4.04625	5.48148	4.36970e-05
1.22489e+05	1.56899e-02	5.18209e-03	0.85754	1.95436	4.36970e-05
1.22645e+05	1.56887e-02	1.43473e-02	3.16470	6.28029	4.36970e-05
1.22800e+05	1.56852e-02	1.26961e-02	1.89999	1.84443	4.36970e-05
1.22955e+05	1.56886e-02	1.53525e-02	5.26738	0.40545	4.36970e-05
1.23110e+05	1.56858e-02	4.27118e-03	1.13932	2.78658	4.36970e-05
1.23266e+05	1.56804e-02	1.77755e-02	3.76218	0.39507	4.36970e-05
1.23421e+05	1.56764e-02	1.58066e-02	5.69793	5.54545	4.36970e-05
1.23576e+05	1.56784e-02	5.58461e-03	2.38825	1.34124	4.36970e-05
1.23732e+05	1.56796e-02	1.56410e-02	3.94527	4.97590	4.36970e-05
1.23887e+05	1.56767e-02	5.09463e-03	5.54281	2.17512	4.36970e-05
1.24042e+05	1.56791e-02	2.59984e-02	1.91042	5.77519	4.36970e-05
1.24197e+05	1.56791e-02	3.25356e-02	1.84885	4.04205	4.36970e-05
1.24353e+05	1.56733e-02	5.13453e-03	0.87467	5.87538	4.36970e-05
1.24508e+05	1.56686e-02	4.02177e-02	5.67598	4.56174	4.36970e-05
1.24663e+05	1.56690e-02	1.83471e-02	3.68477	2.14531	4.36970e-05
1.24819e+05	1.56634e-02	3.59190e-02	4.36101	5.14113	4.36970e-05
1.24974e+05	1.56703e-02	2.17368e-02	3.74561	2.38236	4.36970e-05
1.25129e+05	1.56651e-02	3.19965e-02	2.61668	6.09611	4.36970e-05
1.25284e+05	1.56694e-02	1.30911e-02	3.19507	6.00139	4.36970e-05
1.25440e+05	1.56665e-02	3.05362e-02	2.43879	1.03253	4.36970e-05
1.25595e+05	1.56647e-02	3.12639e-02	5.32923	3.25526	4.36970e-05
1.25750e+05	1.56622e-02	1.93679e-02	1.38012	2.35097	4.36970e-05
1.25906e+05	1.56563e-02	2.95186e-02	5.47925	4.56066	4.36970e-05
1.26061e+05	1.56550e-02	9.62027e-03	3.33639	3.84489	4.36970e-05
1.26216e+05	1.56555e-02	4.75574e-03	1.32642	5.44600	4.36970e-05
1.26371e+05	1.56540e-02	1.96100e-02	3.17598	2.59094	4.36970e-05
1.26527e+05	1.56493e-02	8.25289e-03	4.27535	4.25994	4.36970e-05
1.26682e+05	1.56522e-02	2.34967e-02	0.96167	4.12408	4.36970e-05
1.26837e+05	1.56484e-02	1.90723e-02	1.86179	4.86310	4.36970e-05
1.26993e+05	1.56489e-02	1.71773e-02	2.04852	4.08770	4.36970e-05
1.27148e+05	1.56450e-02	1.53488e-02	0.73958	0.15896	4.36970e-05
1.27303e+05	1.56434e-02	3.26622e-02	5.38042	4.53912	4.36970e-05
1.27458e+05	1.56433e-02	2.17067e-02	3.48816	1.77148	4.36970e-05
1.27614e+05	1.56421e-02	1.78205e-02	1.32530	5.51036	4.36970e-05
1.27769e+05	1.56489e-02	2.24066e-02	2.43480	4.00672	4.36970e-05
1.27924e+05	1.56426e-02	4.36851e-03	5.14360	2.61615	4.36970e-05
1.28080e+05	1.56397e-02	5.64672e-03	3.03020	3.29855	4.36970e-05
1.28235e+05	1.56366e-02	9.03999e-03	1.47203	5.93519	4.36970e-05
1.28390e+05	1.56361e-02	4.46160e-03	5.85191	2.88253	4.36970e-05
1.28545e+05	1.56401e-02	1.54097e-02	2.04360	1.96923	4.36970e-05
1.28701e+05	1.56308e-02	2.69731e-02	1.56464	5.79931	4.36970e-05
1.28856e+05	1.56319e-02	4.12722e-03	3.17612	2.35151	4.36970e-05
1.29011e+05	1.56292e-02	1.76575e-02	4.09432	5.37361	4.36970e-05
1.29167e+05	1.56249e-02	1.16445e-02	4.50896	3.39568	4.36970e-05
1.29322e+05	1.56294e-02	6.87552e-03	4.94451	5.99469	4.36970e-05
1.29477e+05	1.56316e-02	1.01820e-02	5.23803	4.39840	4.36970e-05
1.29632e+05	1.56252e-02	2.20001e-02	5.53906	1.19730	4.36970e-05
1.29788e+05	1.56225e-02	1.52166e-02	0.28669	4.22624	4.36970e-05
1.29943e+05	1.56240e-02	2.36242e-02	3.80043	1.52464	4.36970e-05
1.30098e+05	1.56275e-02	3.44181e-02	0.25111	4.90878	4.36970e-05
1.30254e+05	1.56254e-02	3.04063e-02	5.23540	2.41794	4.36970e-05
1.30409e+05	1.56204e-02	1.03215e-02	4.63032	5.24821	4.36970e-05
1.30564e+05	1.56227e-02	2.07265e-02	5.87418	3.05567	4.36970e-05
1.30719e+05	1.56267e-02	2.40255e-02	1.43794	1.00281	4.36970e-05
1.30875e+05	1.56127e-02	1.00115e-02	4.51718	4.60345	4.36970e-05
1.31030e+05	1.56177e-02	7.76562e-03	1.39684	1.28227	4.36970e-05
1.31185e+05	1.56148e-02	1.30432e-02	4.91875	4.28217	4.36970e-05
1.31341e+05	1.56122e-02	8.82250e-03	5.75786	1.67275	4.36970e-05
1.31496e+05	1.56175e-02	1.85554e-02	4.63389	0.20150	4.36970e-05
1.31651e+05	1.56115e-02	1.39027e-02	0.31356	3.59271	4.36970e-05
1.31806e+05	1.56109e-02	8.15578e-03	0.65148	0.45795	4.36970e-05
1.31962e+05	1.56105e-02	1.44687e-02	4.09154	5.69296	4.36970e-05
1.32117e+05	1.56133e-02	1.23260e-02	3.80874	3.06132	4.36970e-05
1.32272e+05	1.56099e-02	2.30875e-02	4.99435	0.06929	4.36970e-05
1.32428e+05	1.56102e-02	3.06939e-03	3.21030	2.65547	4.36970e-05
1.32583e+05	1.56024e-02	4.68140e-03	1.01670	0.54217	4.36970e-05
1.32738e+05	1.56033e-02	3.10467e-02	1.58988	4.36408	4.36970e-05
1.32893e+05	1.56020e-02	3.08395e-02	2.33346	1.83597	4.36970e-05
1.33049e+05	1.56100e-02	2.20318e-02	3.48818	5.25347	4.36970e-05
1.33204e+05	1.56028e-02	1.97615e-02	0.27725	3.42466	4.36970e-05
1.33359e+05	1.55963e-02	1.95770e-02	3.76203	0.80981	4.36970e-05
1.33515e+05	1.55934e-02	2.14436e-02	1.49888	4.28817	4.36970e-05
1.33670e+05	1.56000e-02	1.74076e-02	6.04313	0.96646	4.36970e-05
1.33825e+05	1.56000e-02	1.77815e-02	4.29949	3.52996	4.36970e-05
1.33980e+05	1.55928e-02	1.67519e-02	0.32274	1.36850	4.36970e-05
1.34136e+05	1.55915e-02	1.61019e-02	2.93078	4.15437	4.36970e-05
1.34291e+05	1.56020e-02	1.35399e-02	5.31013	1.85866	4.36970e-05
1.34446e+05	1.55978e-02	1.76212e-02	1.37882	5.71716	4.36970e-05
1.34602e+05	1.55922e-02	2.78155e-02	3.92348	3.07088	4.36970e-05
1.34757e+05	1.55959e-02	1.03918e-02	4.19898	6.10175	4.36970e-05
1.34912e+05	1.55899e-02	9.02216e-03	5.56606	5.49295	4.36970e-05
1.35067e+05	1.55902e-02	1.18933e-02	3.63759	2.48231	4.36970e-05
1.35223e+05	1.55916e-02	1.54758e-02	1.86566	5.02620	4.36970e-05
1.35378e+05	1.55867e-02	5.53846e-03	4.44074	1.78478	4.36970e-05
1.35533e+05	1.55877e-02	3.75530e-03	2.29463	0.65515	4.36970e-05
1.35689e+05	1.55932e-02	8.01379e-03	3.19002	0.79660	4.36970e-05
1.35844e+05	1.55886e-02	4.31273e-03	5.36163	4.18916	4.36970e-05
1.35999e+05	1.55857e-02	7.67296e-03	1.33404	4.12250	4.36970e-05
1.36154e+05	1.55845e-02	6.81816e-03	1.34747	5.56661	4.36970e-05
1.36310e+05	1.55794e-02	8.82658e-03	1.22275	3.20953	4.36970e-05
1.36465e+05	1.55790e-02	1.93726e-02	1.97399	0.87884	4.36970e-05
1.36620e+05	1.55783e-02	2.20671e-02	3.96769	5.57954	4.36970e-05
1.36776e+05	1.55838e-02	3.12756e-02	1.15787	3.72522	4.36970e-05
1.36931e+05	1.55746e-02	3.04605e-02	5.79548	1.28418	4.36970e-05
1.37086e+05	1.55759e-02	2.06907e-02	5.39259	5.29108	4.36970e-05
1.37241e+05	1.55856e-02	1.52276e-02	3.97483	2.67125	4.36970e-05
1.37397e+05	1.55807e-02	1.05610e-02	5.71067	4.92611	4.36970e-05
1.37552e+05	1.55792e-02	1.17799e-02	1.62172	1.40794	4.36970e-05
1.37707e+05	1.55797e-02	9.13598e-03	3.09751	5.89834	4.36970e-05
1.37863e+05	1.55756e-02	5.79010e-03	5.48934	3.04075	4.36970e-05
1.38018e+05	1.55766e-02	4.33985e-04	5.30040	5.48229	4.36970e-05
1.38173e+05	1.55828e-02	7.91895e-03	2.71702	1.06716	4.36970e-05
1.38328e+05	1.55731e-02	1.04899e-02	4.37113	6.15263	4.36970e-05
1.38484e+05	1.55771e-02	1.58848e-03	3.12877	5.44339	4.36970e-05
1.38639e+05	1.55762e-02	1.18026e-02	4.48301	0.75714	4.36970e-05
1.38794e+05	1.55798e-02	8.23263e-03	1.67888	3.96527	4.36970e-05
1.38950e+05	1.55741e-02	4.82711e-03	1.22158	2.97704	4.36970e-05
1.39105e+05	1.55780e-02	1.44382e-02	4.57993	1.40856	4.36970e-05
1.39260e+05	1.55780e-02	1.49194e-02	2.76451	5.58925	4.36970e-05
1.39415e+05	1.55777e-02	1.01112e-02	5.97549	3.65167	4.36970e-05
1.39571e+05	1.55777e-02	2.95357e-03	6.18492	4.00008	4.36970e-05
1.39726e+05	1.55742e-02	4.54770e-03	0.39225	3.33185	4.36970e-05
1.39881e+05	1.55785e-02	1.48115e-02	2.16902	2.38596	4.36970e-05
1.40037e+05	1.55735e-02	4.90772e-03	2.19718	5.30958	4.36970e-05
1.40192e+05	1.55767e-02	1.79424e-02	1.80180	3.20619	4.36970e-05
1.40347e+05	1.55786e-02	1.26067e-02	1.53882	1.50248	4.36970e-05
1.40502e+05	1.55773e-02	2.44565e-02	4.74453	5.88830	4.36970e-05
1.40658e+05	1.55791e-02	2.07373e-02	4.47178	3.24743	4.36970e-05
1.40813e+05	1.55768e-02	2.10595e-02	1.46404	0.96037	4.36970e-05
1.40968e+05	1.55723e-02	1.76710e-02	4.86277	5.05072	4.36970e-05
1.41124e+05	1.55772e-02	2.01941e-02	2.31127	2.95031	4.36970e-05
1.41279e+05	1.55775e-02	1.63288e-02	1.17779	0.85089	4.36970e-05
1.41434e+05	1.55810e-02	1.02106e-02	3.55151	5.43177	4.36970e-05
1.41589e+05	1.55727e-02	1.80219e-02	5.53673	3.80019	4.36970e-05
1.41745e+05	1.55798e-02	1.77275e-02	0.58518	1.89770	4.36970e-05
1.41900e+05	1.55774e-02	1.54436e-02	4.08412	0.69225	4.36970e-05
1.42055e+05	1.55765e-02	1.09883e-02	1.89395	5.40077	4.36970e-05
1.42211e+05	1.55759e-02	1.90216e-02	4.59782	3.85754	4.36970e-05
1.42366e+05	1.55694e-02	1.38327e-02	1.21101	2.34745	4.36970e-05
1.42521e+05	1.55731e-02	5.37178e-03	2.33226	1.23163	4.36970e-05
1.42676e+05	1.55786e-02	1.21438e-02	1.13797	1.37520	4.36970e-05
1.42832e+05	1.55830e-02	1.14310e-02	6.19125	1.31126	4.36970e-05
1.42987e+05	1.55702e-02	6.57373e-03	5.21569	2.32898	4.36970e-05
1.43142e+05	1.55681e-02	1.16746e-02	0.03475	0.03768	4.36970e-05
1.43298e+05	1.55815e-02	7.26931e-03	0.90796	5.97356	4.36970e-05
1.43453e+05	1.55768e-02	1.89476e-02	6.19370	5.42180	4.36970e-05
1.43608e+05	1.55780e-02	4.61744e-03	1.28071	5.39803	4.36970e-05
1.43763e+05	1.55722e-02	2.34424e-02	3.83192	4.40815	4.36970e-05
1.43919e+05	1.55772e-02	8.98032e-03	1.51398	4.61489	4.36970e-05
1.44074e+05	1.55821e-02	1.67671e-02	3.66200	3.85280	4.36970e-05
1.44229e+05	1.55808e-02	6.64926e-03	5.98042	3.19006	4.36970e-05
1.44385e+05	1.55807e-02	1.95849e-02	2.67507	3.35411	4.36970e-05
1.44540e+05	1.55855e-02	1.57941e-02	5.14020	4.20034	4.36970e-05
1.44695e+05	1.55760e-02	1.21585e-02	5.69068	3.35263	4.36970e-05
1.44850e+05	1.55913e-02	1.70037e-02	5.73567	3.34148	4.36970e-05
1.45006e+05	1.55879e-02	1.28710e-02	5.51633	2.87438	4.36970e-05
1.45161e+05	1.55844e-02	1.67548e-02	3.59893	2.75895	4.36970e-05
1.45316e+05	1.55825e-02	9.97744e-03	1.58113	2.61495	4.36970e-05
1.45472e+05	1.55843e-02	1.47286e-02	5.20384	1.92932	4.36970e-05
1.45627e+05	1.55808e-02	8.03248e-03	3.57732	1.87923	4.36970e-05
1.45782e+05	1.55904e-02	1.43020e-02	1.96001	1.26234	4.36970e-05
1.45937e+05	1.55853e-02	6.69330e-03	5.68662	1.30822	4.36970e-05
1.46093e+05	1.55847e-02	5.67063e-03	2.78785	0.78757	4.36970e-05
1.46248e+05	1.55841e-02	8.17880e-03	4.58946	1.20749	4.36970e-05
1.46403e+05	1.55893e-02	1.13384e-02	0.89870	0.13685	4.36970e-05
1.46559e+05	1.55803e-02	1.21414e-02	2.72219	0.31098	4.36970e-05
1.46714e+05	1.55793e-02	4.23618e-03	5.82560	0.98646	4.36970e-05
1.46869e+05	1.55928e-02	3.06455e-03	0.99366	1.18081	4.36970e-05
1.47024e+05	1.55917e-02	3.53711e-03	5.42339	1.50030	4.36970e-05
1.47180e+05	1.55854e-02	3.22837e-03	2.36104	3.49051	4.36970e-05
1.47335e+05	1.55854e-02	2.25879e-03	3.25943	6.26793	4.36970e-05
1.47490e+05	1.55963e-02	1.40877e-03	3.84521	5.65545	4.36970e-05
1.47646e+05	1.55935e-02	7.02507e-03	2.16467	0.17688	4.36970e-05
1.47801e+05	1.55885e-02	6.73764e-03	4.45246	0.26096	4.36970e-05
1.47956e+05	1.55992e-02	8.05456e-03	0.07491	0.35981	4.36970e-05
1.48111e+05	1.55923e-02	1.09660e-02	2.65235	0.62873	4.36970e-05
1.48267e+05	1.55922e-02	6.60370e-03	1.54012	0.49554	4.36970e-05
1.48422e+05	1.55946e-02	2.99603e-03	5.96048	0.54958	4.36970e-05
1.48577e+05	1.55959e-02	6.58917e-03	5.30590	6.03190	4.36970e-05
1.48733e+05	1.55995e-02	1.06680e-02	4.13888	0.78618	4.36970e-05
1.48888e+05	1.55879e-02	1.79291e-03	3.66509	3.05640	4.36970e-05
1.49043e+05	1.55884e-02	7.77064e-03	0.32598	0.37443	4.36970e-05
1.49198e+05	1.55941e-02	8.06540e-03	1.28366	2.02323	4.36970e-05
1.49354e+05	1.55975e-02	9.35106e-03	5.94395	4.66701	4.36970e-05
1.49509e+05	1.56051e-02	5.36543e-03	1.95697	0.43579	4.36970e-05
1.49664e+05	1.55967e-02	1.09426e-02	6.14916	4.43947	4.36970e-05
1.49820e+05	1.56009e-02	1.41939e-02	4.37078	4.64421	4.36970e-05
1.49975e+05	1.56062e-02	3.39446e-03	6.25802	3.90383	4.36970e-05
1.50130e+05	1.55959e-02	1.35314e-02	4.86468	3.75721	4.36970e-05
1.50285e+05	1.56052e-02	1.45737e-02	4.32077	4.80393	4.36970e-05
1.50441e+05	1.56006e-02	1.58188e-03	0.04248	4.59391	4.36970e-05
1.50596e+05	1.56080e-02	1.42090e-02	4.71163	3.83994	4.36970e-05
1.50751e+05	1.56091e-02	6.93272e-03	0.56356	5.43862	4.36970e-05
1.50907e+05	1.56036e-02	4.24669e-03	0.59896	3.59240	4.36970e-05
1.51062e+05	1.56043e-02	1.53627e-02	0.49918	3.95631	4.36970e-05
1.51217e+05	1.56145e-02	4.98232e-04	4.62168	5.39342	4.36970e-05
1.51372e+05	1.56141e-02	3.61618e-03	4.30766	0.44139	4.36970e-05
1.51528e+05	1.56010e-02	2.16320e-03	3.28263	3.89728	4.36970e-05
1.51683e+05	1.56131e-02	7.27821e-03	3.66942	1.53921	4.36970e-05
1.51838e+05	1.56005e-02	8.15848e-03	1.42031	0.62415	4.36970e-05
1.51994e+05	1.56131e-02	9.41339e-03	5.08483	0.25377	4.36970e-05
1.52149e+05	1.56100e-02	9.38329e-03	2.60136	1.15302	4.36970e-05
1.52304e+05	1.56097e-02	9.06393e-03	1.44163	1.97026	4.36970e-05
1.52459e+05	1.56058e-02	1.34068e-02	6.14262	6.06608	4.36970e-05
1.52615e+05	1.56229e-02	8.76377e-03	4.15468	0.47826	4.36970e-05
1.52770e+05	1.56089e-02	1.47492e-02	1.96037	6.11386	4.36970e-05
1.52925e+05	1.56093e-02	1.52626e-02	1.65071	0.54204	4.36970e-05
1.53081e+05	1.56111e-02	5.91809e-03	3.64425	1.92186	4.36970e-05
1.53236e+05	1.56193e-02	7.48794e-03	0.41342	0.16880	4.36970e-05
1.53391e+05	1.56209e-02	1.37258e-02	3.52236	0.52027	4.36970e-05
1.53546e+05	1.56203e-02	2.25487e-03	5.14119	5.43218	4.36970e-05
1.53702e+05	1.56078e-02	7.46891e-03	2.70360	0.24811	4.36970e-05
1.53857e+05	1.56081e-02	1.54102e-02	5.86218	6.01102	4.36970e-05
1.54012e+05	1.56140e-02	4.02582e-03	3.40115	6.11063	4.36970e-05
1.54168e+05	1.56182e-02	7.73799e-03	1.16152	1.21734	4.36970e-05
1.54323e+05	1.56188e-02	1.45989e-02	3.10994	0.63278	4.36970e-05
1.54478e+05	1.56278e-02	1.66676e-02	4.08577	0.83246	4.36970e-05
1.54633e+05	1.56207e-02	3.71198e-03	6.09090	5.26956	4.36970e-05
1.54789e+05	1.56095e-02	4.47645e-03	2.77385	2.67967	4.36970e-05
1.54944e+05	1.56140e-02	5.58719e-03	5.64253	5.79429	4.36970e-05
1.55099e+05	1.56180e-02	1.69010e-02	4.28959	6.13223	4.36970e-05
1.55255e+05	1.56225e-02	1.98224e-02	4.63937	0.31181	4.36970e-05
