# t	a	e	mean_anomaly	varpi	mass/M_star
3.10572e+00	1.66384e-02	4.07454e-03	3.10354	2.79967	4.36970e-05
6.98788e+00	1.66427e-02	1.51519e-03	5.31455	0.80797	4.36970e-05
1.08700e+01	1.66407e-02	4.94839e-03	5.97999	0.28695	4.36970e-05
1.47522e+01	1.66374e-02	6.65328e-03	0.38078	6.19075	4.36970e-05
1.86343e+01	1.66415e-02	6.56041e-03	0.99712	5.83973	4.36970e-05
2.25164e+01	1.66354e-02	4.72161e-03	1.97449	5.16502	4.36970e-05
2.63985e+01	1.66411e-02	3.31502e-03	3.38629	3.98387	4.36970e-05
3.02807e+01	1.66393e-02	5.77880e-03	4.10779	3.50596	4.36970e-05
3.41628e+01	1.66426e-02	6.18714e-03	4.68953	3.14828	4.36970e-05
3.80450e+01	1.66412e-02	5.94770e-03	5.09798	2.93442	4.36970e-05
4.19271e+01	1.66375e-02	2.64747e-03	5.77224	2.54925	4.36970e-05
4.58093e+01	1.66411e-02	2.51387e-03	1.58199	0.77730	4.36970e-05
4.96914e+01	1.66344e-02	5.90848e-03	2.57210	0.11795	4.36970e-05
5.35735e+01	1.66364e-02	7.62978e-03	3.26923	6.08639	4.36970e-05
5.74557e+01	1.66346e-02	8.08682e-03	3.78550	5.95611	4.36970e-05
6.13378e+01	1.66394e-02	5.55197e-03	4.47408	5.66188	4.36970e-05
6.52199e+01	1.66343e-02	4.23886e-03	5.31336	5.22381	4.36970e-05
6.91021e+01	1.66402e-02	3.68533e-03	0.42310	4.21248	4.36970e-05
7.29842e+01	1.66355e-02	5.64605e-03	1.32261	3.72872	4.36970e-05
7.68664e+01	1.66404e-02	5.68724e-03	1.96009	3.48110	4.36970e-05
8.07485e+01	1.66356e-02	5.48517e-03	2.62602	3.22981	4.36970e-05
8.46307e+01	1.66415e-02	2.42220e-03	3.29698	2.91514	4.36970e-05
8.85128e+01	1.66382e-02	1.74364e-03	5.27164	1.33511	4.36970e-05
9.23949e+01	1.66408e-02	4.61749e-03	0.18016	0.40182	4.36970e-05
9.62771e+01	1.66423e-02	7.02241e-03	0.65356	0.25758	4.36970e-05
1.00159e+02	1.66392e-02	6.85331e-03	1.05422	0.00028	4.36970e-05
1.04041e+02	1.66401e-02	6.01665e-03	1.57056	6.01585	4.36970e-05
1.07923e+02	1.66360e-02	3.28088e-03	2.57769	5.24306	4.36970e-05
1.11806e+02	1.66412e-02	4.95523e-03	4.10572	3.96256	4.36970e-05
1.15688e+02	1.66385e-02	6.48779e-03	4.80065	3.52880	4.36970e-05
1.19570e+02	1.66386e-02	4.91007e-03	5.41920	3.12680	4.36970e-05
1.23452e+02	1.66434e-02	3.16714e-03	6.13530	2.60444	4.36970e-05
1.27334e+02	1.66377e-02	1.90238e-03	2.16908	0.49749	4.36970e-05
1.31216e+02	1.66419e-02	4.81773e-03	2.50975	0.32297	4.36970e-05
1.35098e+02	1.66380e-02	7.06367e-03	3.05864	0.07336	4.36970e-05
1.38981e+02	1.66397e-02	7.66821e-03	3.42862	6.23266	4.36970e-05
1.42863e+02	1.66384e-02	6.18720e-03	4.04498	6.00242	4.36970e-05
1.46745e+02	1.66371e-02	3.42981e-03	5.04676	5.31733	4.36970e-05
1.50627e+02	1.66399e-02	3.49227e-03	0.01362	4.45213	4.36970e-05
1.54509e+02	1.66372e-02	5.25739e-03	1.24875	3.56013	4.36970e-05
1.58391e+02	1.66396e-02	6.70890e-03	1.69135	3.55054	4.36970e-05
1.62273e+02	1.66358e-02	5.51661e-03	2.43802	3.14083	4.36970e-05
1.66156e+02	1.66401e-02	4.03949e-03	3.06978	2.94069	4.36970e-05
1.70038e+02	1.66355e-02	2.62790e-03	4.48015	1.84997	4.36970e-05
1.73920e+02	1.66379e-02	5.03151e-03	5.62857	1.11146	4.36970e-05
1.77802e+02	1.66348e-02	6.23902e-03	0.03609	0.74783	4.36970e-05
1.81684e+02	1.66369e-02	7.43093e-03	0.59223	0.60283	4.36970e-05
1.85566e+02	1.66360e-02	5.52286e-03	1.00366	0.45973	4.36970e-05
1.89448e+02	1.66426e-02	3.14420e-03	1.46066	0.35562	4.36970e-05
1.93331e+02	1.66396e-02	5.42467e-04	3.81083	4.48612	4.36970e-05
1.97213e+02	1.66417e-02	3.49866e-03	4.86529	3.70108	4.36970e-05
2.01095e+02	1.66419e-02	5.22258e-03	5.30010	3.43264	4.36970e-05
2.04977e+02	1.66361e-02	5.72105e-03	5.66225	3.26925	4.36970e-05
2.08859e+02	1.66370e-02	4.11210e-03	0.15437	2.74963	4.36970e-05
2.12741e+02	1.66361e-02	3.87155e-03	1.72102	1.43801	4.36970e-05
2.16623e+02	1.66413e-02	5.73559e-03	2.48593	0.93833	4.36970e-05
2.20505e+02	1.66406e-02	5.81705e-03	3.04984	0.61496	4.36970e-05
2.24388e+02	1.66395e-02	5.26462e-03	3.27783	0.56347	4.36970e-05
2.28270e+02	1.66422e-02	1.64996e-03	3.59903	0.56377	4.36970e-05
2.32152e+02	1.66379e-02	7.39142e-04	0.78173	3.62687	4.36970e-05
2.36034e+02	1.66395e-02	3.81416e-03	1.44785	3.38711	4.36970e-05
2.39916e+02	1.66361e-02	5.77111e-03	1.65952	3.46335	4.36970e-05
2.43798e+02	1.66379e-02	5.60564e-03	2.25239	3.34199	4.36970e-05
2.47680e+02	1.66360e-02	6.21829e-03	2.77986	3.11583	4.36970e-05
2.51563e+02	1.66401e-02	3.23127e-03	3.71951	2.62479	4.36970e-05
2.55445e+02	1.66361e-02	4.68380e-03	4.90003	1.74478	4.36970e-05
2.59327e+02	1.66422e-02	6.02467e-03	5.85973	1.18031	4.36970e-05
2.63209e+02	1.66373e-02	7.24783e-03	0.15140	0.92846	4.36970e-05
2.67091e+02	1.66391e-02	6.42625e-03	0.79998	0.66774	4.36970e-05
2.70973e+02	1.66400e-02	3.19082e-03	1.44902	0.31449	4.36970e-05
2.74855e+02	1.66379e-02	1.81460e-03	3.48205	4.90419	4.36970e-05
2.78738e+02	1.66421e-02	3.87558e-03	4.78239	3.80884	4.36970e-05
2.82620e+02	1.66371e-02	6.79547e-03	5.15610	3.70015	4.36970e-05
2.86502e+02	1.66436e-02	6.91695e-03	5.54538	3.46303	4.36970e-05
2.90384e+02	1.66396e-02	5.72327e-03	6.05700	3.06523	4.36970e-05
2.94266e+02	1.66384e-02	3.79137e-03	0.95212	2.11797	4.36970e-05
2.98148e+02	1.66410e-02	5.04197e-03	2.31833	0.91711	4.36970e-05
3.02030e+02	1.66365e-02	6.98527e-03	3.08672	0.38889	4.36970e-05
3.05913e+02	1.66429e-02	4.67451e-03	3.65210	6.25144	4.36970e-05
3.09795e+02	1.66401e-02	2.12072e-03	4.52992	5.48769	4.36970e-05
3.13677e+02	1.66402e-02	3.91260e-03	0.16242	3.67733	4.36970e-05
3.17559e+02	1.66407e-02	7.15963e-03	0.72749	3.28822	4.36970e-05
3.21441e+02	1.66350e-02	8.49105e-03	1.10017	3.03224	4.36970e-05
3.25323e+02	1.66419e-02	6.70720e-03	1.41595	2.92043	4.36970e-05
3.29205e+02	1.66423e-02	2.25756e-03	1.69767	2.74689	4.36970e-05
3.33088e+02	1.66378e-02	1.80919e-03	4.63709	6.20359	4.36970e-05
3.36970e+02	1.66409e-02	6.55523e-03	5.12389	5.81501	4.36970e-05
3.40852e+02	1.66390e-02	7.43404e-03	5.56950	5.55146	4.36970e-05
3.44734e+02	1.66394e-02	5.98269e-03	0.00197	4.97761	4.36970e-05
3.48616e+02	1.66413e-02	4.58697e-03	1.07892	4.14173	4.36970e-05
3.52498e+02	1.66366e-02	4.74545e-03	2.45880	2.91755	4.36970e-05
3.56380e+02	1.66428e-02	5.95811e-03	3.02951	2.52219	4.36970e-05
3.60262e+02	1.66393e-02	5.28664e-03	3.48996	2.23831	4.36970e-05
3.64145e+02	1.66403e-02	2.82447e-03	3.98836	1.95654	4.36970e-05
3.68027e+02	1.66429e-02	2.36036e-03	6.13313	0.01708	4.36970e-05
3.71909e+02	1.66366e-02	5.00373e-03	0.94058	5.48440	4.36970e-05
3.75791e+02	1.66361e-02	8.02766e-03	1.36708	5.27321	4.36970e-05
3.79673e+02	1.66352e-02	7.72938e-03	1.89476	5.03732	4.36970e-05
3.83555e+02	1.66416e-02	4.58670e-03	2.28310	4.83448	4.36970e-05
3.87437e+02	1.66400e-02	2.86712e-03	3.26321	4.14721	4.36970e-05
3.91320e+02	1.66390e-02	2.04528e-03	4.96105	2.66006	4.36970e-05
3.95202e+02	1.66443e-02	3.98224e-03	5.67648	2.21697	4.36970e-05
3.99084e+02	1.66373e-02	3.49098e-03	6.23381	1.94424	4.36970e-05
4.02966e+02	1.66403e-02	3.64012e-03	0.39886	1.80477	4.36970e-05
4.06848e+02	1.66369e-02	1.24029e-03	1.51676	1.05058	4.36970e-05
4.10730e+02	1.66404e-02	2.02905e-03	3.23320	5.94994	4.36970e-05
4.14612e+02	1.66367e-02	4.08393e-03	4.06800	5.53615	4.36970e-05
4.18495e+02	1.66425e-02	6.30481e-03	4.47499	5.50989	4.36970e-05
4.22377e+02	1.66379e-02	5.63642e-03	4.79837	5.61282	4.36970e-05
4.26259e+02	1.66427e-02	5.47171e-03	5.27865	5.57371	4.36970e-05
4.30141e+02	1.66359e-02	2.61705e-03	5.51117	5.79699	4.36970e-05
4.34023e+02	1.66358e-02	2.54101e-03	0.98223	4.60186	4.36970e-05
4.37905e+02	1.66339e-02	3.90588e-03	2.61066	3.37779	4.36970e-05
4.41787e+02	1.66376e-02	3.69458e-03	3.02835	3.44554	4.36970e-05
4.45670e+02	1.66359e-02	6.00293e-03	3.61644	3.25335	4.36970e-05
4.49552e+02	1.66387e-02	4.25880e-03	4.08085	3.27590	4.36970e-05
4.53434e+02	1.66369e-02	3.56638e-03	4.59506	3.14037	4.36970e-05
4.57316e+02	1.66377e-02	6.29942e-04	5.02695	3.13724	4.36970e-05
4.61198e+02	1.66380e-02	2.67122e-03	1.84321	0.38818	4.36970e-05
4.65080e+02	1.66417e-02	4.36320e-03	2.20185	0.35426	4.36970e-05
4.68962e+02	1.66378e-02	6.47600e-03	2.60746	0.21596	4.36970e-05
4.72845e+02	1.66412e-02	5.70237e-03	3.01837	0.13141	4.36970e-05
4.76727e+02	1.66393e-02	4.92155e-03	3.78887	5.89828	4.36970e-05
4.80609e+02	1.66372e-02	2.78104e-03	5.03885	4.99573	4.36970e-05
4.84491e+02	1.66412e-02	4.79550e-03	0.13629	3.86481	4.36970e-05
4.88373e+02	1.66368e-02	5.40716e-03	0.90970	3.39570	4.36970e-05
4.92255e+02	1.66413e-02	4.12926e-03	1.28704	3.18716	4.36970e-05
4.96137e+02	1.66389e-02	3.29901e-03	2.11126	2.50206	4.36970e-05
5.00019e+02	1.66399e-02	2.65376e-03	3.87372	0.99907	4.36970e-05
5.03902e+02	1.66426e-02	6.19668e-03	4.85894	0.20505	4.36970e-05
5.07784e+02	1.66364e-02	7.66357e-03	5.37243	6.23008	4.36970e-05
5.11666e+02	1.66421e-02	6.37777e-03	5.64982	6.02757	4.36970e-05
5.15548e+02	1.66399e-02	2.96530e-03	0.16936	5.33560	4.36970e-05
5.19430e+02	1.66380e-02	3.48407e-03	1.83948	3.83354	4.36970e-05
5.23312e+02	1.66409e-02	6.26742e-03	3.06789	2.88413	4.36970e-05
5.27194e+02	1.66374e-02	6.87394e-03	3.59434	2.49220	4.36970e-05
5.31077e+02	1.66444e-02	3.66817e-03	4.42526	1.74995	4.36970e-05
5.34959e+02	1.66399e-02	2.43128e-03	5.63098	0.61809	4.36970e-05
5.38841e+02	1.66384e-02	8.24564e-03	0.16986	6.18911	4.36970e-05
5.42723e+02	1.66414e-02	1.22142e-02	0.57012	6.01470	4.36970e-05
5.46605e+02	1.66361e-02	8.45560e-03	0.80493	5.98174	4.36970e-05
5.50487e+02	1.66441e-02	4.69580e-03	1.22833	5.63373	4.36970e-05
5.54369e+02	1.66404e-02	1.00139e-03	2.49926	4.52046	4.36970e-05
5.58252e+02	1.66373e-02	2.86606e-03	4.31938	2.86135	4.36970e-05
5.62134e+02	1.66412e-02	5.41005e-03	5.16704	2.31813	4.36970e-05
5.66016e+02	1.66369e-02	3.41154e-03	5.47861	2.13503	4.36970e-05
5.69898e+02	1.66431e-02	3.59823e-03	0.02668	1.46681	4.36970e-05
5.73780e+02	1.66376e-02	4.28511e-03	1.38848	0.34269	4.36970e-05
5.77662e+02	1.66385e-02	7.52333e-03	2.16505	6.11522	4.36970e-05
5.81544e+02	1.66407e-02	8.99132e-03	2.77599	5.77391	4.36970e-05
5.85427e+02	1.66380e-02	6.99024e-03	2.98538	5.76411	4.36970e-05
5.89309e+02	1.66390e-02	3.07349e-03	2.99461	5.91029	4.36970e-05
5.93191e+02	1.66362e-02	2.86540e-03	1.29849	1.57721	4.36970e-05
5.97073e+02	1.66416e-02	7.95117e-03	1.20713	1.85659	4.36970e-05
6.00955e+02	1.66382e-02	8.99322e-03	1.82060	1.57526	4.36970e-05
6.04837e+02	1.66399e-02	6.92760e-03	2.18024	1.38618	4.36970e-05
6.08719e+02	1.66432e-02	3.51679e-03	3.07059	0.73192	4.36970e-05
6.12602e+02	1.66365e-02	4.03281e-03	4.52342	5.70510	4.36970e-05
6.16484e+02	1.66416e-02	7.09936e-03	5.52533	4.91704	4.36970e-05
6.20366e+02	1.66388e-02	5.17345e-03	6.06498	4.58191	4.36970e-05
6.24248e+02	1.66401e-02	1.40329e-03	1.06418	3.41451	4.36970e-05
6.28130e+02	1.66421e-02	5.44439e-03	2.83603	1.79078	4.36970e-05
6.32012e+02	1.66361e-02	9.77118e-03	3.53146	1.32963	4.36970e-05
6.35894e+02	1.66427e-02	9.99688e-03	3.97845	1.03763	4.36970e-05
6.39777e+02	1.66413e-02	6.99183e-03	4.33573	0.85583	4.36970e-05
6.43659e+02	1.66389e-02	1.01698e-03	4.58236	0.70971	4.36970e-05
6.47541e+02	1.66413e-02	4.87753e-03	1.74202	3.76600	4.36970e-05
6.51423e+02	1.66372e-02	7.71172e-03	2.36230	3.31192	4.36970e-05
6.55305e+02	1.66424e-02	6.50374e-03	2.74208	2.99912	4.36970e-05
6.59187e+02	1.66406e-02	4.92266e-03	3.60000	2.25251	4.36970e-05
6.63069e+02	1.66368e-02	4.82688e-03	4.92022	1.13302	4.36970e-05
6.66951e+02	1.66391e-02	6.58756e-03	5.59062	0.49935	4.36970e-05
6.70834e+02	1.66385e-02	6.81664e-03	6.07235	0.13158	4.36970e-05
6.74716e+02	1.66398e-02	3.17984e-03	0.48455	5.86619	4.36970e-05
6.78598e+02	1.66426e-02	2.93473e-03	3.39247	3.05886	4.36970e-05
6.82480e+02	1.66376e-02	9.26512e-03	3.79424	2.73541	4.36970e-05
6.86362e+02	1.66425e-02	1.04046e-02	4.26778	2.41041	4.36970e-05
6.90244e+02	1.66405e-02	7.71274e-03	4.65648	2.11919	4.36970e-05
6.94126e+02	1.66385e-02	2.28958e-03	5.13472	1.80082	4.36970e-05
6.98009e+02	1.66390e-02	2.91288e-03	1.96622	5.10146	4.36970e-05
7.01891e+02	1.66363e-02	6.49929e-03	2.25011	4.90220	4.36970e-05
7.05773e+02	1.66409e-02	6.25803e-03	2.75637	4.59737	4.36970e-05
7.09655e+02	1.66430e-02	3.57217e-03	3.60099	3.84217	4.36970e-05
7.13537e+02	1.66363e-02	5.17002e-03	4.87043	2.66867	4.36970e-05
7.17419e+02	1.66412e-02	8.87614e-03	5.72938	1.98652	4.36970e-05
7.21301e+02	1.66401e-02	7.64584e-03	6.16441	1.70851	4.36970e-05
7.25184e+02	1.66400e-02	3.94660e-03	0.29910	1.32773	4.36970e-05
7.29066e+02	1.66398e-02	1.86734e-03	3.38117	4.74358	4.36970e-05
7.32948e+02	1.66361e-02	7.81592e-03	4.13714	4.15070	4.36970e-05
7.36830e+02	1.66432e-02	1.01421e-02	4.58677	3.89012	4.36970e-05
7.40712e+02	1.66413e-02	8.37596e-03	4.96301	3.66469	4.36970e-05
7.44594e+02	1.66365e-02	4.92958e-03	5.65450	3.17414	4.36970e-05
7.48476e+02	1.66410e-02	3.41084e-03	1.13645	1.68977	4.36970e-05
7.52359e+02	1.66371e-02	5.04243e-03	2.46549	0.57280	4.36970e-05
7.56241e+02	1.66426e-02	5.44843e-03	2.99016	0.18693	4.36970e-05
7.60123e+02	1.66381e-02	3.82539e-03	3.89893	5.80650	4.36970e-05
7.64005e+02	1.66386e-02	4.37326e-03	5.57465	4.32493	4.36970e-05
7.67887e+02	1.66428e-02	7.73196e-03	0.20333	3.69604	4.36970e-05
7.71769e+02	1.66364e-02	8.05559e-03	0.61952	3.39354	4.36970e-05
7.75651e+02	1.66406e-02	7.27377e-03	0.94049	3.25926	4.36970e-05
7.79534e+02	1.66373e-02	2.62434e-03	1.38260	3.04157	4.36970e-05
7.83416e+02	1.66408e-02	2.90700e-03	5.21137	5.68899	4.36970e-05
7.87298e+02	1.66431e-02	7.50384e-03	5.42291	5.61614	4.36970e-05
7.91180e+02	1.66353e-02	8.68068e-03	5.62118	5.53333	4.36970e-05
7.95062e+02	1.66426e-02	7.50427e-03	6.13448	5.16550	4.36970e-05
7.98944e+02	1.66403e-02	3.82575e-03	0.91229	4.28902	4.36970e-05
8.02826e+02	1.66382e-02	4.80653e-03	2.32341	2.92917	4.36970e-05
8.06708e+02	1.66387e-02	7.07895e-03	3.07097	2.34018	4.36970e-05
8.10591e+02	1.66384e-02	4.60416e-03	3.75728	1.82464	4.36970e-05
8.14473e+02	1.66415e-02	2.24937e-03	6.04950	5.90704	4.36970e-05
8.18355e+02	1.66423e-02	7.67510e-03	0.48441	5.27684	4.36970e-05
8.22237e+02	1.66366e-02	1.00603e-02	1.07150	4.89074	4.36970e-05
8.26119e+02	1.66416e-02	8.37688e-03	1.29526	4.75034	4.36970e-05
8.30001e+02	1.66401e-02	4.57760e-03	1.61144	4.53994	4.36970e-05
8.33883e+02	1.66381e-02	8.31551e-04	4.63323	1.65252	4.36970e-05
8.37766e+02	1.66401e-02	5.79927e-03	5.46072	0.95984	4.36970e-05
8.41648e+02	1.66383e-02	8.02200e-03	5.72785	0.76367	4.36970e-05
8.45530e+02	1.66415e-02	7.60546e-03	0.04033	0.30695	4.36970e-05
8.49412e+02	1.66419e-02	4.62418e-03	1.08236	5.64684	4.36970e-05
8.53294e+02	1.66376e-02	6.15026e-03	2.48904	4.38452	4.36970e-05
8.57176e+02	1.66425e-02	6.32435e-03	3.14971	3.80693	4.36970e-05
8.61058e+02	1.66388e-02	4.47232e-03	3.70555	3.39183	4.36970e-05
8.64941e+02	1.66399e-02	1.06841e-03	6.27289	0.97766	4.36970e-05
8.68823e+02	1.66418e-02	6.24648e-03	0.96024	0.17649	4.36970e-05
8.72705e+02	1.66354e-02	9.53914e-03	1.16339	0.05585	4.36970e-05
8.76587e+02	1.66414e-02	9.86159e-03	1.57431	6.19087	4.36970e-05
8.80469e+02	1.66406e-02	5.92112e-03	1.89932	6.04190	4.36970e-05
8.84351e+02	1.66383e-02	1.54741e-03	2.47749	5.59091	4.36970e-05
8.88233e+02	1.66391e-02	3.85184e-03	5.53703	2.73069	4.36970e-05
8.92116e+02	1.66359e-02	6.23779e-03	6.03934	2.45516	4.36970e-05
8.95998e+02	1.66441e-02	5.92931e-03	0.28710	2.11444	4.36970e-05
8.99880e+02	1.66403e-02	3.08033e-03	1.39289	1.21153	4.36970e-05
9.03762e+02	1.66379e-02	5.99465e-03	2.74760	0.04978	4.36970e-05
9.07644e+02	1.66406e-02	8.11321e-03	3.49227	5.86551	4.36970e-05
9.11526e+02	1.66368e-02	7.82298e-03	3.97800	5.63973	4.36970e-05
9.15408e+02	1.66425e-02	4.56339e-03	4.44386	5.38175	4.36970e-05
9.19291e+02	1.66389e-02	1.03859e-03	2.36591	1.36015	4.36970e-05
9.23173e+02	1.66406e-02	7.40391e-03	1.90155	1.99329	4.36970e-05
9.27055e+02	1.66412e-02	9.74052e-03	2.43047	1.74912	4.36970e-05
9.30937e+02	1.66373e-02	8.72061e-03	2.79897	1.48465	4.36970e-05
9.34819e+02	1.66413e-02	5.68995e-03	3.56233	0.91905	4.36970e-05
9.38701e+02	1.66375e-02	3.20341e-03	5.01898	5.92924	4.36970e-05
9.42583e+02	1.66405e-02	5.60737e-03	0.15246	4.73130	4.36970e-05
9.46465e+02	1.66433e-02	5.75211e-03	0.78447	4.26469	4.36970e-05
9.50348e+02	1.66367e-02	3.71061e-03	1.83392	3.34317	4.36970e-05
9.54230e+02	1.66410e-02	4.97727e-03	3.54125	1.83794	4.36970e-05
9.58112e+02	1.66385e-02	8.53622e-03	4.37730	1.22408	4.36970e-05
9.61994e+02	1.66396e-02	9.14518e-03	4.75375	0.95868	4.36970e-05
9.65876e+02	1.66419e-02	7.34567e-03	5.31318	0.67903	4.36970e-05
9.69758e+02	1.66353e-02	1.75942e-03	5.59367	0.65675	4.36970e-05
9.73640e+02	1.66410e-02	3.47391e-03	3.08085	3.41981	4.36970e-05
9.77523e+02	1.66379e-02	7.86097e-03	3.48479	3.26818	4.36970e-05
9.81405e+02	1.66404e-02	9.30749e-03	3.95207	3.11551	4.36970e-05
9.85287e+02	1.66395e-02	6.61826e-03	4.72330	2.68883	4.36970e-05
9.89169e+02	1.66387e-02	3.39446e-03	6.00009	1.67091	4.36970e-05
9.93051e+02	1.66418e-02	4.94254e-03	1.25462	0.41879	4.36970e-05
9.96933e+02	1.66355e-02	6.98996e-03	2.08094	6.15925	4.36970e-05
1.00082e+03	1.66401e-02	3.74450e-03	2.90232	5.70916	4.36970e-05
1.00470e+03	1.66380e-02	2.48154e-03	5.08353	3.73803	4.36970e-05
1.00858e+03	1.66421e-02	7.61667e-03	6.22910	2.92499	4.36970e-05
1.01246e+03	1.66413e-02	1.10621e-02	0.50925	2.66359	4.36970e-05
1.01634e+03	1.66386e-02	1.00115e-02	1.07024	2.47918	4.36970e-05
1.02023e+03	1.66409e-02	5.85116e-03	1.40990	2.37326	4.36970e-05
1.02411e+03	1.66355e-02	9.05045e-04	3.43186	0.71919	4.36970e-05
1.02799e+03	1.66397e-02	5.66643e-03	5.64354	5.13395	4.36970e-05
1.03187e+03	1.66366e-02	7.21806e-03	6.26296	4.89152	4.36970e-05
1.03575e+03	1.66418e-02	6.39298e-03	0.55606	4.56788	4.36970e-05
1.03964e+03	1.66400e-02	4.35485e-03	1.81065	3.70583	4.36970e-05
1.04352e+03	1.66382e-02	5.41884e-03	3.32248	2.56002	4.36970e-05
1.04740e+03	1.66415e-02	7.08641e-03	4.34917	1.94198	4.36970e-05
1.05128e+03	1.66366e-02	5.82102e-03	4.71607	1.81639	4.36970e-05
1.05517e+03	1.66410e-02	2.43240e-03	5.67907	1.28974	4.36970e-05
1.05905e+03	1.66351e-02	3.90318e-03	2.61933	4.72876	4.36970e-05
1.06293e+03	1.66382e-02	8.26479e-03	3.31124	4.49391	4.36970e-05
1.06681e+03	1.66373e-02	1.05030e-02	3.78296	4.26906	4.36970e-05
1.07069e+03	1.66424e-02	9.17513e-03	4.39638	4.04051	4.36970e-05
1.07458e+03	1.66371e-02	5.35605e-03	5.14096	3.66930	4.36970e-05
1.07846e+03	1.66403e-02	2.03976e-03	0.89841	2.06541	4.36970e-05
1.08234e+03	1.66411e-02	4.12519e-03	2.42999	0.85715	4.36970e-05
1.08622e+03	1.66390e-02	5.14903e-03	3.11207	0.50869	4.36970e-05
1.09010e+03	1.66410e-02	4.25343e-03	4.24961	6.01452	4.36970e-05
1.09399e+03	1.66357e-02	4.07402e-03	6.04118	4.61725	4.36970e-05
1.09787e+03	1.66406e-02	7.46702e-03	0.72861	3.98102	4.36970e-05
1.10175e+03	1.66369e-02	8.46698e-03	1.32594	3.68785	4.36970e-05
1.10563e+03	1.66392e-02	7.59396e-03	1.90932	3.49109	4.36970e-05
1.10952e+03	1.66363e-02	2.17040e-03	2.35371	3.45076	4.36970e-05
1.11340e+03	1.66426e-02	4.19438e-03	6.19472	6.17684	4.36970e-05
1.11728e+03	1.66406e-02	8.14015e-03	0.39707	6.02242	4.36970e-05
1.12116e+03	1.66382e-02	1.05413e-02	0.88340	5.89135	4.36970e-05
1.12504e+03	1.66415e-02	7.31150e-03	1.52960	5.64687	4.36970e-05
1.12893e+03	1.66373e-02	4.05643e-03	2.65345	4.79068	4.36970e-05
1.13281e+03	1.66381e-02	3.84092e-03	4.42861	3.35146	4.36970e-05
1.13669e+03	1.66350e-02	6.40996e-03	5.25714	2.86222	4.36970e-05
1.14057e+03	1.66412e-02	4.86274e-03	6.05381	2.47296	4.36970e-05
1.14445e+03	1.66400e-02	1.23683e-03	1.49420	0.97777	4.36970e-05
1.14834e+03	1.66401e-02	5.21568e-03	3.33625	5.77806	4.36970e-05
1.15222e+03	1.66399e-02	9.54017e-03	3.93686	5.50191	4.36970e-05
1.15610e+03	1.66371e-02	9.37344e-03	4.51031	5.34154	4.36970e-05
1.15998e+03	1.66418e-02	6.01576e-03	4.89169	5.14921	4.36970e-05
1.16387e+03	1.66362e-02	7.74791e-04	4.37116	6.05330	4.36970e-05
1.16775e+03	1.66393e-02	4.97564e-03	2.82277	1.61888	4.36970e-05
1.17163e+03	1.66373e-02	7.93333e-03	3.49303	1.36372	4.36970e-05
1.17551e+03	1.66410e-02	7.19862e-03	3.99029	1.02310	4.36970e-05
1.17939e+03	1.66397e-02	5.21857e-03	5.10632	0.30425	4.36970e-05
1.18328e+03	1.66374e-02	5.49553e-03	0.30929	5.38921	4.36970e-05
1.18716e+03	1.66427e-02	7.41578e-03	1.26123	4.83863	4.36970e-05
1.19104e+03	1.66369e-02	6.90997e-03	1.85822	4.39212	4.36970e-05
1.19492e+03	1.66381e-02	3.43000e-03	2.76678	3.90213	4.36970e-05
1.19880e+03	1.66362e-02	2.76887e-03	5.68712	1.27626	4.36970e-05
1.20269e+03	1.66428e-02	8.49966e-03	0.14443	0.92776	4.36970e-05
1.20657e+03	1.66409e-02	1.06854e-02	0.54000	0.71094	4.36970e-05
1.21045e+03	1.66385e-02	1.00544e-02	1.19794	0.48311	4.36970e-05
1.21433e+03	1.66419e-02	4.78367e-03	1.59740	0.40140	4.36970e-05
1.21822e+03	1.66369e-02	1.34635e-03	4.26079	4.40454	4.36970e-05
1.22210e+03	1.66382e-02	5.12526e-03	5.46081	3.41813	4.36970e-05
1.22598e+03	1.66349e-02	6.48884e-03	6.21859	3.08775	4.36970e-05
1.22986e+03	1.66412e-02	4.25661e-03	0.71990	2.64276	4.36970e-05
1.23374e+03	1.66391e-02	3.75013e-03	2.67210	1.07312	4.36970e-05
1.23763e+03	1.66399e-02	6.66642e-03	3.54673	0.43463	4.36970e-05
1.24151e+03	1.66399e-02	9.21251e-03	4.35224	0.06390	4.36970e-05
1.24539e+03	1.66373e-02	6.25855e-03	4.79633	6.25104	4.36970e-05
1.24927e+03	1.66429e-02	1.94477e-03	5.37463	6.08093	4.36970e-05
1.25315e+03	1.66375e-02	4.22661e-03	2.88131	2.52925	4.36970e-05
1.25704e+03	1.66386e-02	8.86362e-03	3.28756	2.59435	4.36970e-05
1.26092e+03	1.66357e-02	9.89486e-03	3.87901	2.31626	4.36970e-05
1.26480e+03	1.66411e-02	7.69854e-03	4.59409	2.05418	4.36970e-05
1.26868e+03	1.66378e-02	3.71290e-03	5.36939	1.49659	4.36970e-05
1.27257e+03	1.66407e-02	3.76839e-03	1.10444	6.25206	4.36970e-05
1.27645e+03	1.66380e-02	5.58679e-03	2.21418	5.49167	4.36970e-05
1.28033e+03	1.66400e-02	4.19012e-03	3.04246	5.10686	4.36970e-05
1.28421e+03	1.66426e-02	1.75831e-03	4.62812	3.72576	4.36970e-05
1.28809e+03	1.66370e-02	5.17232e-03	0.25705	2.27932	4.36970e-05
1.29198e+03	1.66406e-02	1.01253e-02	0.85520	2.04698	4.36970e-05
1.29586e+03	1.66367e-02	9.88767e-03	1.51513	1.84029	4.36970e-05
1.29974e+03	1.66385e-02	7.42089e-03	1.95863	1.63525	4.36970e-05
1.30362e+03	1.66353e-02	2.13277e-03	2.52068	1.46884	4.36970e-05
1.30750e+03	1.66410e-02	4.75120e-03	5.94946	4.68188	4.36970e-05
1.31139e+03	1.66373e-02	6.79121e-03	0.43924	4.31292	4.36970e-05
1.31527e+03	1.66430e-02	7.85729e-03	0.98987	4.06580	4.36970e-05
1.31915e+03	1.66400e-02	5.33176e-03	1.73202	3.65114	4.36970e-05
1.32303e+03	1.66372e-02	4.57206e-03	3.33079	2.44236	4.36970e-05
1.32692e+03	1.66411e-02	5.57589e-03	4.68909	1.44178	4.36970e-05
1.33080e+03	1.66372e-02	6.02337e-03	5.24115	1.22011	4.36970e-05
1.33468e+03	1.66365e-02	3.88414e-03	5.78574	0.98052	4.36970e-05
1.33856e+03	1.66354e-02	1.43713e-03	2.58264	4.55506	4.36970e-05
1.34244e+03	1.66410e-02	6.43357e-03	3.76325	3.73810	4.36970e-05
1.34633e+03	1.66407e-02	9.91799e-03	4.22066	3.62813	4.36970e-05
1.35021e+03	1.66399e-02	9.03721e-03	4.70379	3.42932	4.36970e-05
1.35409e+03	1.66404e-02	7.20576e-03	5.38245	3.08691	4.36970e-05
1.35797e+03	1.66370e-02	1.55571e-03	0.54696	2.01606	4.36970e-05
1.36185e+03	1.66418e-02	4.43221e-03	2.60645	0.28696	4.36970e-05
1.36574e+03	1.66363e-02	6.23458e-03	3.37860	6.08264	4.36970e-05
1.36962e+03	1.66404e-02	6.62863e-03	4.16998	5.59237	4.36970e-05
1.37350e+03	1.66372e-02	4.02621e-03	5.46523	4.68480	4.36970e-05
1.37738e+03	1.66423e-02	6.43337e-03	0.59381	3.56105	4.36970e-05
1.38127e+03	1.66401e-02	8.13047e-03	1.30001	3.15452	4.36970e-05
1.38515e+03	1.66371e-02	8.41851e-03	1.90121	2.82294	4.36970e-05
1.38903e+03	1.66411e-02	4.04365e-03	2.38742	2.74456	4.36970e-05
1.39291e+03	1.66366e-02	1.60398e-03	0.26063	5.13825	4.36970e-05
1.39679e+03	1.66389e-02	6.94307e-03	0.34937	5.37411	4.36970e-05
1.40068e+03	1.66361e-02	9.45761e-03	0.77527	5.21458	4.36970e-05
1.40456e+03	1.66423e-02	8.56663e-03	1.37424	5.01965	4.36970e-05
1.40844e+03	1.66405e-02	3.58266e-03	2.01172	4.65510	4.36970e-05
1.41232e+03	1.66394e-02	2.22934e-03	4.43767	2.55884	4.36970e-05
1.41620e+03	1.66404e-02	5.52138e-03	5.41049	1.86570	4.36970e-05
1.42009e+03	1.66356e-02	5.34118e-03	6.10365	1.53300	4.36970e-05
1.42397e+03	1.66392e-02	1.59788e-03	0.92414	0.72371	4.36970e-05
1.42785e+03	1.66378e-02	4.82594e-03	3.08023	5.13019	4.36970e-05
1.43173e+03	1.66404e-02	8.39772e-03	3.77186	4.77013	4.36970e-05
1.43561e+03	1.66417e-02	1.03323e-02	4.31966	4.51771	4.36970e-05
1.43950e+03	1.66384e-02	6.11529e-03	4.68181	4.49559	4.36970e-05
1.44338e+03	1.66416e-02	1.34125e-03	5.20789	4.18333	4.36970e-05
1.44726e+03	1.66360e-02	4.41878e-03	2.71134	0.79682	4.36970e-05
1.45114e+03	1.66393e-02	8.79547e-03	3.14471	0.65723	4.36970e-05
1.45503e+03	1.66376e-02	8.72999e-03	3.67311	0.49864	4.36970e-05
1.45891e+03	1.66416e-02	4.52511e-03	4.05494	0.21072	4.36970e-05
1.46279e+03	1.66446e-02	2.72478e-03	5.02437	5.59091	4.36970e-05
1.46667e+03	1.66370e-02	4.44179e-03	6.27058	4.45685	4.36970e-05
1.47055e+03	1.66425e-02	6.79855e-03	0.25516	4.21777	4.36970e-05
1.47444e+03	1.66396e-02	6.52080e-03	0.79631	3.79604	4.36970e-05
1.47832e+03	1.66381e-02	9.47964e-04	3.41317	1.85733	4.36970e-05
1.48220e+03	1.66413e-02	8.14493e-03	5.82968	0.29306	4.36970e-05
1.48608e+03	1.66345e-02	1.41741e-02	0.96454	0.00182	4.36970e-05
1.48996e+03	1.66362e-02	1.38148e-02	2.97053	5.88674	4.36970e-05
1.49385e+03	1.66340e-02	1.03394e-02	5.66669	5.15998	4.36970e-05
1.49773e+03	1.66296e-02	6.85632e-03	2.99520	3.65463	4.36970e-05
1.50161e+03	1.66343e-02	1.16012e-02	0.40390	2.46771	4.36970e-05
1.50549e+03	1.66317e-02	1.80000e-02	3.28008	2.01868	4.36970e-05
1.50938e+03	1.66286e-02	1.50830e-02	0.66353	1.44967	4.36970e-05
1.51326e+03	1.66266e-02	1.19635e-02	4.87812	0.59924	4.36970e-05
1.51714e+03	1.66283e-02	1.39696e-02	3.26561	5.89240	4.36970e-05
1.52102e+03	1.66285e-02	1.96207e-02	1.83697	5.30632	4.36970e-05
1.52490e+03	1.66338e-02	2.03459e-02	4.71864	5.10440	4.36970e-05
1.52879e+03	1.66353e-02	1.28381e-02	1.44269	4.67557	4.36970e-05
1.53267e+03	1.66265e-02	7.40746e-03	5.76816	3.23101	4.36970e-05
1.53655e+03	1.66314e-02	1.60047e-02	3.33731	2.35484	4.36970e-05
1.54043e+03	1.66280e-02	2.35240e-02	0.01403	2.08562	4.36970e-05
1.54431e+03	1.66311e-02	2.36563e-02	3.88276	1.90744	4.36970e-05
1.54820e+03	1.66215e-02	2.15973e-02	1.47630	1.59777	4.36970e-05
1.55208e+03	1.66299e-02	1.25685e-02	5.92205	1.17974	4.36970e-05
1.55596e+03	1.66196e-02	1.26026e-02	4.52623	0.33723	4.36970e-05
1.55984e+03	1.66137e-02	1.45331e-02	3.38340	0.53915	4.36970e-05
1.56373e+03	1.66293e-02	1.43212e-02	2.08761	0.93098	4.36970e-05
1.56761e+03	1.66259e-02	1.49286e-02	0.67299	1.03848	4.36970e-05
1.57149e+03	1.66213e-02	1.75273e-02	5.68813	1.77255	4.36970e-05
1.57537e+03	1.66111e-02	2.03572e-02	5.58436	2.43943	4.36970e-05
1.57925e+03	1.66007e-02	2.02672e-02	2.00939	3.13441	4.36970e-05
1.58314e+03	1.66046e-02	2.01772e-02	5.38768	3.86242	4.36970e-05
1.58702e+03	1.66054e-02	1.95731e-02	2.74398	4.59492	4.36970e-05
1.59090e+03	1.65992e-02	1.68624e-02	0.01972	5.31793	4.36970e-05
1.59478e+03	1.66035e-02	1.64776e-02	3.59268	6.05731	4.36970e-05
1.59866e+03	1.66003e-02	1.48518e-02	1.24539	0.64103	4.36970e-05
1.60255e+03	1.66062e-02	1.62142e-02	4.99903	1.52658	4.36970e-05
1.60643e+03	1.66019e-02	1.72994e-02	2.73884	2.39372	4.36970e-05
1.61031e+03	1.66043e-02	1.91081e-02	0.37512	3.16764	4.36970e-05
1.61419e+03	1.66054e-02	1.90382e-02	4.57303	3.84500	4.36970e-05
1.61808e+03	1.66058e-02	1.91113e-02	2.19557	4.55765	4.36970e-05
1.62196e+03	1.66040e-02	1.98969e-02	0.02533	5.22697	4.36970e-05
1.62584e+03	1.66057e-02	1.93073e-02	3.75975	6.02454	4.36970e-05
1.62972e+03	1.66060e-02	1.98643e-02	1.14954	0.53585	4.36970e-05
1.63360e+03	1.66093e-02	1.83310e-02	4.77072	1.29786	4.36970e-05
1.63749e+03	1.66064e-02	1.87587e-02	2.10873	2.16018	4.36970e-05
1.64137e+03	1.66108e-02	2.03830e-02	5.76032	2.97096	4.36970e-05
1.64525e+03	1.66031e-02	2.19304e-02	3.24235	3.65319	4.36970e-05
1.64913e+03	1.66050e-02	2.10038e-02	0.75239	4.36634	4.36970e-05
1.65301e+03	1.66053e-02	2.21486e-02	4.62378	5.09205	4.36970e-05
1.65690e+03	1.66098e-02	1.94132e-02	2.15216	5.81797	4.36970e-05
1.66078e+03	1.66091e-02	1.87474e-02	6.12300	0.27120	4.36970e-05
1.66466e+03	1.66035e-02	1.65518e-02	3.70351	1.08987	4.36970e-05
1.66854e+03	1.65999e-02	1.52701e-02	1.19012	2.00931	4.36970e-05
1.67243e+03	1.66062e-02	1.70286e-02	5.04241	2.89140	4.36970e-05
1.67631e+03	1.66053e-02	1.88552e-02	2.66026	3.66545	4.36970e-05
1.68019e+03	1.66075e-02	2.15200e-02	0.41164	4.36831	4.36970e-05
1.68407e+03	1.66050e-02	2.31066e-02	4.33557	5.07845	4.36970e-05
1.68795e+03	1.66038e-02	2.27817e-02	2.02994	5.81029	4.36970e-05
1.69184e+03	1.66086e-02	2.15468e-02	5.86703	0.21399	4.36970e-05
1.69572e+03	1.66007e-02	2.04292e-02	3.46831	0.95352	4.36970e-05
1.69960e+03	1.66059e-02	1.84736e-02	0.97199	1.73276	4.36970e-05
1.70348e+03	1.66106e-02	1.88429e-02	4.54995	2.57120	4.36970e-05
1.70736e+03	1.66111e-02	2.07869e-02	1.84874	3.41374	4.36970e-05
1.71125e+03	1.66039e-02	2.30501e-02	5.42919	4.15638	4.36970e-05
1.71513e+03	1.66053e-02	2.38340e-02	2.98477	4.82650	4.36970e-05
1.71901e+03	1.66096e-02	2.32105e-02	0.56009	5.49589	4.36970e-05
1.72289e+03	1.66025e-02	2.25324e-02	4.51261	6.15955	4.36970e-05
1.72678e+03	1.66019e-02	1.86575e-02	2.13401	0.60887	4.36970e-05
1.73066e+03	1.66042e-02	1.71736e-02	6.04341	1.36573	4.36970e-05
1.73454e+03	1.66020e-02	1.47466e-02	3.43588	2.33108	4.36970e-05
1.73842e+03	1.66030e-02	1.69971e-02	0.86222	3.30303	4.36970e-05
1.74230e+03	1.66064e-02	1.92894e-02	4.70563	4.11417	4.36970e-05
1.74619e+03	1.66050e-02	2.36545e-02	2.34980	4.86346	4.36970e-05
1.75007e+03	1.66045e-02	2.51463e-02	0.03015	5.53331	4.36970e-05
1.75395e+03	1.66041e-02	2.62873e-02	4.00804	6.17013	4.36970e-05
1.75783e+03	1.66078e-02	2.53017e-02	1.57804	0.57992	4.36970e-05
1.76171e+03	1.66059e-02	2.50141e-02	5.48407	1.23461	4.36970e-05
1.76560e+03	1.66043e-02	2.30934e-02	2.93694	1.94302	4.36970e-05
1.76948e+03	1.66107e-02	2.14120e-02	0.25128	2.73624	4.36970e-05
1.77336e+03	1.66033e-02	2.18461e-02	4.03387	3.50777	4.36970e-05
1.77724e+03	1.66066e-02	2.06177e-02	1.75239	4.24491	4.36970e-05
1.78113e+03	1.65999e-02	2.02969e-02	5.97280	4.91769	4.36970e-05
1.78501e+03	1.66043e-02	2.10928e-02	3.84635	5.60039	4.36970e-05
1.78889e+03	1.66055e-02	1.99651e-02	1.97182	6.27357	4.36970e-05
1.79277e+03	1.66045e-02	1.75281e-02	0.04991	0.64750	4.36970e-05
1.79665e+03	1.66070e-02	1.54849e-02	4.30052	1.43366	4.36970e-05
1.80054e+03	1.66041e-02	1.32763e-02	2.15212	2.37958	4.36970e-05
1.80442e+03	1.66042e-02	1.40988e-02	0.22847	3.23745	4.36970e-05
1.80830e+03	1.65975e-02	1.67831e-02	4.38901	4.19478	4.36970e-05
1.81218e+03	1.66014e-02	1.93820e-02	2.52597	4.83996	4.36970e-05
1.81606e+03	1.66015e-02	2.33412e-02	0.61342	5.53584	4.36970e-05
1.81995e+03	1.66076e-02	2.43286e-02	5.18805	6.10577	4.36970e-05
1.82383e+03	1.66027e-02	2.68343e-02	3.24982	0.48579	4.36970e-05
1.82771e+03	1.66063e-02	2.54708e-02	1.43496	1.07481	4.36970e-05
1.83159e+03	1.66052e-02	2.65162e-02	5.97216	1.67101	4.36970e-05
1.83548e+03	1.66024e-02	2.36346e-02	4.30704	2.22916	4.36970e-05
1.83936e+03	1.66043e-02	2.25880e-02	2.52108	2.85913	4.36970e-05
1.84324e+03	1.65994e-02	1.93900e-02	0.92278	3.46596	4.36970e-05
1.84712e+03	1.65964e-02	1.58897e-02	5.56190	4.18931	4.36970e-05
1.85100e+03	1.66011e-02	1.45442e-02	3.80014	5.00627	4.36970e-05
1.85489e+03	1.65994e-02	1.31155e-02	1.91644	5.80795	4.36970e-05
1.85877e+03	1.66014e-02	1.33063e-02	6.16896	0.49299	4.36970e-05
1.86265e+03	1.66033e-02	1.51262e-02	4.31193	1.27514	4.36970e-05
1.86653e+03	1.66021e-02	1.69372e-02	2.47287	2.08669	4.36970e-05
1.87041e+03	1.66069e-02	2.04892e-02	0.74256	2.71765	4.36970e-05
1.87430e+03	1.65986e-02	2.11157e-02	5.31148	3.34682	4.36970e-05
1.87818e+03	1.66055e-02	2.27785e-02	3.58439	3.95054	4.36970e-05
1.88206e+03	1.66044e-02	2.26727e-02	1.83939	4.60742	4.36970e-05
1.88594e+03	1.66061e-02	2.28125e-02	0.17386	5.21870	4.36970e-05
1.88983e+03	1.66005e-02	2.14093e-02	4.79600	5.84762	4.36970e-05
1.89371e+03	1.66036e-02	2.19126e-02	2.98923	0.25340	4.36970e-05
1.89759e+03	1.65996e-02	2.09691e-02	1.34371	0.86739	4.36970e-05
1.90147e+03	1.66007e-02	1.99693e-02	5.85365	1.55985	4.36970e-05
1.90535e+03	1.66016e-02	1.90674e-02	4.17947	2.17081	4.36970e-05
1.90924e+03	1.66006e-02	1.63231e-02	2.38329	2.90003	4.36970e-05
1.91312e+03	1.66066e-02	1.60643e-02	0.60627	3.64828	4.36970e-05
1.91700e+03	1.66045e-02	1.42006e-02	5.07859	4.37092	4.36970e-05
1.92088e+03	1.66035e-02	1.48749e-02	3.13247	5.25428	4.36970e-05
1.92476e+03	1.66018e-02	1.51547e-02	1.21276	6.07547	4.36970e-05
1.92865e+03	1.66071e-02	1.83025e-02	5.72875	0.53767	4.36970e-05
1.93253e+03	1.66045e-02	2.01587e-02	4.09825	1.16404	4.36970e-05
1.93641e+03	1.66045e-02	2.26792e-02	2.34807	1.84891	4.36970e-05
1.94029e+03	1.66011e-02	2.45569e-02	0.74825	2.40017	4.36970e-05
1.94418e+03	1.65975e-02	2.41093e-02	5.37841	2.99637	4.36970e-05
1.94806e+03	1.65997e-02	2.52163e-02	3.77823	3.57049	4.36970e-05
1.95194e+03	1.65994e-02	2.33901e-02	2.16630	4.09765	4.36970e-05
1.95582e+03	1.66017e-02	2.06055e-02	0.49955	4.75564	4.36970e-05
1.95970e+03	1.66036e-02	1.78850e-02	5.14073	5.36165	4.36970e-05
1.96359e+03	1.66017e-02	1.38375e-02	3.40370	6.09314	4.36970e-05
1.96747e+03	1.66060e-02	1.28711e-02	1.39964	0.74446	4.36970e-05
1.97135e+03	1.66043e-02	1.26013e-02	5.74272	1.63920	4.36970e-05
1.97523e+03	1.66027e-02	1.52541e-02	3.78114	2.52637	4.36970e-05
1.97911e+03	1.66043e-02	1.74258e-02	2.09039	3.21739	4.36970e-05
1.98300e+03	1.66040e-02	2.09485e-02	0.40660	3.92122	4.36970e-05
1.98688e+03	1.66063e-02	2.33767e-02	5.23904	4.50293	4.36970e-05
1.99076e+03	1.66044e-02	2.46161e-02	3.80137	5.06056	4.36970e-05
1.99464e+03	1.66015e-02	2.43009e-02	2.31382	5.65287	4.36970e-05
1.99853e+03	1.66041e-02	2.42784e-02	0.76852	6.27372	4.36970e-05
2.00241e+03	1.66046e-02	2.37430e-02	5.63292	0.57854	4.36970e-05
2.00629e+03	1.66057e-02	2.16635e-02	4.13836	1.17561	4.36970e-05
2.01017e+03	1.66027e-02	1.86459e-02	2.68350	1.80368	4.36970e-05
2.01405e+03	1.66034e-02	1.67287e-02	1.01749	2.57487	4.36970e-05
2.01794e+03	1.66066e-02	1.55305e-02	5.60557	3.35895	4.36970e-05
2.02182e+03	1.66052e-02	1.43697e-02	3.89809	4.13297	4.36970e-05
2.02570e+03	1.66025e-02	1.35601e-02	2.17211	4.98146	4.36970e-05
2.02958e+03	1.66048e-02	1.58579e-02	0.36314	5.82658	4.36970e-05
2.03346e+03	1.66060e-02	1.74979e-02	5.00849	0.23057	4.36970e-05
2.03735e+03	1.66015e-02	1.78634e-02	3.33218	0.93908	4.36970e-05
2.04123e+03	1.66028e-02	1.98377e-02	1.73686	1.67252	4.36970e-05
2.04511e+03	1.66070e-02	2.17061e-02	0.12725	2.30334	4.36970e-05
2.04899e+03	1.66028e-02	2.19049e-02	4.73727	2.93015	4.36970e-05
2.05288e+03	1.66021e-02	2.36794e-02	2.88051	3.61927	4.36970e-05
2.05676e+03	1.66007e-02	2.35047e-02	1.26402	4.21096	4.36970e-05
2.06064e+03	1.65978e-02	2.29332e-02	5.94704	4.85133	4.36970e-05
2.06452e+03	1.65998e-02	2.34774e-02	4.42155	5.46681	4.36970e-05
2.06840e+03	1.65999e-02	2.24520e-02	2.76125	6.03522	4.36970e-05
2.07229e+03	1.66023e-02	1.97542e-02	1.00399	0.42004	4.36970e-05
2.07617e+03	1.66048e-02	1.69240e-02	5.52673	1.07590	4.36970e-05
2.08005e+03	1.66020e-02	1.28208e-02	3.69969	1.89456	4.36970e-05
2.08393e+03	1.66069e-02	1.25810e-02	1.74683	2.85012	4.36970e-05
2.08781e+03	1.66054e-02	1.31641e-02	6.26625	3.74272	4.36970e-05
2.09170e+03	1.66019e-02	1.50071e-02	4.43800	4.61029	4.36970e-05
2.09558e+03	1.66046e-02	1.91807e-02	2.70776	5.34677	4.36970e-05
2.09946e+03	1.66024e-02	2.15032e-02	1.09564	5.93378	4.36970e-05
2.10334e+03	1.66050e-02	2.51376e-02	5.63854	0.29212	4.36970e-05
2.10723e+03	1.66017e-02	2.54203e-02	3.78596	0.85201	4.36970e-05
2.11111e+03	1.66045e-02	2.58796e-02	1.92573	1.45077	4.36970e-05
2.11499e+03	1.66011e-02	2.38247e-02	0.04455	2.02082	4.36970e-05
2.11887e+03	1.66028e-02	2.41396e-02	4.35065	2.68117	4.36970e-05
2.12275e+03	1.66028e-02	2.09938e-02	2.33752	3.29848	4.36970e-05
2.12664e+03	1.66067e-02	1.89769e-02	0.28107	3.95103	4.36970e-05
2.13052e+03	1.66060e-02	1.73928e-02	4.49364	4.68393	4.36970e-05
2.13440e+03	1.66047e-02	1.44741e-02	2.38127	5.49657	4.36970e-05
2.13828e+03	1.66032e-02	1.45731e-02	0.25245	0.00906	4.36970e-05
2.14216e+03	1.66010e-02	1.53071e-02	4.24172	0.88746	4.36970e-05
2.14605e+03	1.66009e-02	1.61492e-02	2.14547	1.60578	4.36970e-05
2.14993e+03	1.66097e-02	1.92002e-02	6.27369	2.34968	4.36970e-05
2.15381e+03	1.66022e-02	2.01984e-02	4.22239	3.06043	4.36970e-05
2.15769e+03	1.66040e-02	2.02047e-02	2.27496	3.66919	4.36970e-05
2.16157e+03	1.66056e-02	2.27532e-02	0.33909	4.33375	4.36970e-05
2.16546e+03	1.65995e-02	2.16010e-02	4.66737	4.94880	4.36970e-05
2.16934e+03	1.66011e-02	2.27416e-02	2.68692	5.58259	4.36970e-05
2.17322e+03	1.66012e-02	2.22818e-02	0.66696	6.24179	4.36970e-05
2.17710e+03	1.66061e-02	2.14480e-02	5.05952	0.56635	4.36970e-05
2.18099e+03	1.66065e-02	2.12324e-02	3.05255	1.26073	4.36970e-05
2.18487e+03	1.66020e-02	1.95497e-02	1.12191	1.87828	4.36970e-05
2.18875e+03	1.66068e-02	1.91155e-02	5.36435	2.53414	4.36970e-05
2.19263e+03	1.66022e-02	1.72833e-02	3.29670	3.25649	4.36970e-05
2.19651e+03	1.65998e-02	1.57173e-02	1.21065	3.95359	4.36970e-05
2.20040e+03	1.66039e-02	1.54131e-02	5.29079	4.80992	4.36970e-05
2.20428e+03	1.66033e-02	1.45622e-02	3.06676	5.64713	4.36970e-05
2.20816e+03	1.66034e-02	1.66499e-02	0.99658	0.07531	4.36970e-05
2.21204e+03	1.66091e-02	1.95766e-02	5.12714	0.81962	4.36970e-05
2.21592e+03	1.66027e-02	2.10068e-02	3.08080	1.51242	4.36970e-05
2.21981e+03	1.66013e-02	2.26919e-02	1.12284	2.11509	4.36970e-05
2.22369e+03	1.65998e-02	2.42378e-02	5.52147	2.74629	4.36970e-05
2.22757e+03	1.66024e-02	2.42300e-02	3.70186	3.29204	4.36970e-05
2.23145e+03	1.66055e-02	2.41434e-02	1.77959	3.93617	4.36970e-05
2.23534e+03	1.66039e-02	2.28002e-02	6.13203	4.47501	4.36970e-05
2.23922e+03	1.66073e-02	2.07071e-02	4.11796	5.11768	4.36970e-05
2.24310e+03	1.66047e-02	1.77745e-02	2.02870	5.81589	4.36970e-05
2.24698e+03	1.65990e-02	1.48103e-02	6.28111	0.22611	4.36970e-05
2.25086e+03	1.66031e-02	1.46941e-02	4.02492	1.11180	4.36970e-05
2.25475e+03	1.66012e-02	1.34518e-02	1.79055	2.03068	4.36970e-05
2.25863e+03	1.66069e-02	1.60313e-02	6.01211	2.76455	4.36970e-05
2.26251e+03	1.66029e-02	1.78664e-02	3.94823	3.57055	4.36970e-05
2.26639e+03	1.66047e-02	1.94149e-02	2.11071	4.18395	4.36970e-05
2.27027e+03	1.66063e-02	2.18635e-02	0.27941	4.85653	4.36970e-05
2.27416e+03	1.66061e-02	2.22736e-02	4.71047	5.44995	4.36970e-05
2.27804e+03	1.66022e-02	2.25451e-02	2.87147	6.12024	4.36970e-05
2.28192e+03	1.66004e-02	2.28158e-02	1.02268	0.43168	4.36970e-05
2.28580e+03	1.66015e-02	2.15638e-02	5.37447	1.14274	4.36970e-05
2.28969e+03	1.66019e-02	2.13003e-02	3.42123	1.78615	4.36970e-05
2.29357e+03	1.65995e-02	2.05986e-02	1.59135	2.47386	4.36970e-05
2.29745e+03	1.66066e-02	2.05067e-02	6.21745	3.16908	4.36970e-05
2.30133e+03	1.66034e-02	1.83087e-02	4.55770	3.78273	4.36970e-05
2.30521e+03	1.66046e-02	1.68722e-02	2.77468	4.56698	4.36970e-05
2.30910e+03	1.66085e-02	1.69684e-02	0.96235	5.28772	4.36970e-05
2.31298e+03	1.65992e-02	1.49942e-02	5.39090	6.04019	4.36970e-05
2.31686e+03	1.66039e-02	1.59029e-02	3.63896	0.55989	4.36970e-05
2.32074e+03	1.66039e-02	1.54027e-02	1.59761	1.32973	4.36970e-05
2.32462e+03	1.66084e-02	1.76801e-02	5.97421	2.08410	4.36970e-05
2.32851e+03	1.66043e-02	1.86793e-02	4.05453	2.74368	4.36970e-05
2.33239e+03	1.66029e-02	2.08525e-02	2.11143	3.47528	4.36970e-05
2.33627e+03	1.66005e-02	2.18734e-02	0.06486	4.11062	4.36970e-05
2.34015e+03	1.66020e-02	2.30217e-02	4.32921	4.78450	4.36970e-05
2.34404e+03	1.66009e-02	2.36972e-02	2.32282	5.36502	4.36970e-05
2.34792e+03	1.66058e-02	2.43433e-02	0.28706	5.98779	4.36970e-05
2.35180e+03	1.66056e-02	2.24398e-02	4.47742	0.28793	4.36970e-05
2.35568e+03	1.66039e-02	2.23524e-02	2.32222	0.90083	4.36970e-05
2.35956e+03	1.66097e-02	2.02531e-02	0.01388	1.56920	4.36970e-05
2.36345e+03	1.66028e-02	1.65835e-02	3.95136	2.26362	4.36970e-05
2.36733e+03	1.66005e-02	1.47142e-02	1.47734	2.95517	4.36970e-05
2.37121e+03	1.66067e-02	1.39591e-02	5.23822	3.86676	4.36970e-05
2.37509e+03	1.66083e-02	1.40846e-02	2.41283	4.78358	4.36970e-05
2.37897e+03	1.66063e-02	1.56123e-02	6.25179	5.59509	4.36970e-05
2.38286e+03	1.66059e-02	1.74600e-02	3.99528	6.25232	4.36970e-05
2.38674e+03	1.66049e-02	2.02951e-02	1.71064	0.67722	4.36970e-05
2.39062e+03	1.65986e-02	2.09511e-02	5.83119	1.33904	4.36970e-05
2.39450e+03	1.66036e-02	2.17869e-02	3.74986	1.90422	4.36970e-05
2.39839e+03	1.66067e-02	2.22241e-02	1.65358	2.54967	4.36970e-05
2.40227e+03	1.66047e-02	2.10834e-02	5.87926	3.14798	4.36970e-05
2.40615e+03	1.66089e-02	1.99071e-02	3.82474	3.78758	4.36970e-05
2.41003e+03	1.66059e-02	1.88303e-02	1.65400	4.49733	4.36970e-05
2.41391e+03	1.66038e-02	1.76917e-02	5.84158	5.13195	4.36970e-05
2.41780e+03	1.66024e-02	1.74207e-02	3.53132	5.92462	4.36970e-05
2.42168e+03	1.65990e-02	1.61402e-02	1.43222	0.27131	4.36970e-05
2.42556e+03	1.66067e-02	1.68241e-02	5.50902	0.99798	4.36970e-05
2.42944e+03	1.66051e-02	1.56145e-02	3.34914	1.73326	4.36970e-05
2.43332e+03	1.66023e-02	1.56825e-02	1.27444	2.37022	4.36970e-05
2.43721e+03	1.66104e-02	1.63235e-02	5.39158	3.09251	4.36970e-05
2.44109e+03	1.66026e-02	1.43189e-02	3.16619	3.83690	4.36970e-05
2.44497e+03	1.66022e-02	1.47147e-02	1.04480	4.53469	4.36970e-05
2.44885e+03	1.66026e-02	1.46970e-02	5.04592	5.32339	4.36970e-05
2.45274e+03	1.66032e-02	1.42971e-02	2.93146	6.02549	4.36970e-05
2.45662e+03	1.66050e-02	1.53670e-02	0.76173	0.53407	4.36970e-05
2.46050e+03	1.66061e-02	1.57048e-02	5.09911	1.16552	4.36970e-05
2.46438e+03	1.66048e-02	1.69047e-02	3.10476	1.80731	4.36970e-05
2.46826e+03	1.66046e-02	1.70217e-02	1.17295	2.41335	4.36970e-05
2.47215e+03	1.66072e-02	1.86613e-02	5.48543	3.00090	4.36970e-05
2.47603e+03	1.66027e-02	1.85442e-02	3.54392	3.58781	4.36970e-05
2.47991e+03	1.66025e-02	1.82578e-02	1.63971	4.10237	4.36970e-05
2.48379e+03	1.66024e-02	1.59524e-02	5.87321	4.79598	4.36970e-05
2.48767e+03	1.66034e-02	1.57698e-02	3.90914	5.35690	4.36970e-05
2.49156e+03	1.66055e-02	1.34330e-02	1.86887	6.04649	4.36970e-05
2.49544e+03	1.66061e-02	1.07439e-02	6.10348	0.40216	4.36970e-05
2.49932e+03	1.66072e-02	8.82739e-03	3.72095	1.33015	4.36970e-05
2.50320e+03	1.66071e-02	9.04374e-03	1.07996	2.41036	4.36970e-05
2.50709e+03	1.66025e-02	1.05528e-02	5.05414	3.17153	4.36970e-05
2.51097e+03	1.66027e-02	1.44471e-02	2.78759	3.85467	4.36970e-05
2.51485e+03	1.66024e-02	1.56670e-02	0.65370	4.45617	4.36970e-05
2.51873e+03	1.66067e-02	1.79572e-02	4.92236	4.89850	4.36970e-05
2.52261e+03	1.66062e-02	1.83209e-02	2.84317	5.44431	4.36970e-05
2.52650e+03	1.66054e-02	1.71440e-02	0.71317	6.01429	4.36970e-05
2.53038e+03	1.66058e-02	1.52309e-02	5.00148	0.23149	4.36970e-05
2.53426e+03	1.66028e-02	1.28981e-02	2.88681	0.85099	4.36970e-05
2.53814e+03	1.66004e-02	1.04119e-02	0.79612	1.48163	4.36970e-05
2.54202e+03	1.66027e-02	9.28094e-03	4.71023	2.34596	4.36970e-05
2.54591e+03	1.66047e-02	7.84464e-03	2.16887	3.41151	4.36970e-05
2.54979e+03	1.66070e-02	1.04791e-02	0.02014	4.07075	4.36970e-05
2.55367e+03	1.66069e-02	1.23490e-02	4.09428	4.74889	4.36970e-05
2.55755e+03	1.66064e-02	1.20393e-02	1.94072	5.39623	4.36970e-05
2.56144e+03	1.66043e-02	1.31132e-02	6.11756	5.95270	4.36970e-05
2.56532e+03	1.66014e-02	1.41126e-02	3.98009	0.30579	4.36970e-05
2.56920e+03	1.66007e-02	1.43226e-02	2.03932	0.80548	4.36970e-05
2.57308e+03	1.66075e-02	1.58959e-02	0.02197	1.43518	4.36970e-05
2.57696e+03	1.66059e-02	1.51246e-02	3.59293	2.15510	4.36970e-05
2.58085e+03	1.66099e-02	1.40910e-02	0.87431	2.81439	4.36970e-05
2.58473e+03	1.66033e-02	1.22151e-02	4.20956	3.54457	4.36970e-05
2.58861e+03	1.66166e-02	7.56161e-03	0.97337	3.91636	4.36970e-05
2.59249e+03	1.66093e-02	5.02891e-03	3.34361	4.73259	4.36970e-05
2.59637e+03	1.66024e-02	5.99473e-03	0.24410	5.66096	4.36970e-05
2.60026e+03	1.66060e-02	9.60570e-03	3.60255	0.19007	4.36970e-05
2.60414e+03	1.66076e-02	1.07815e-02	0.46578	1.03630	4.36970e-05
2.60802e+03	1.66036e-02	1.37972e-02	3.48301	1.40935	4.36970e-05
2.61190e+03	1.66016e-02	1.46698e-02	1.15638	1.84474	4.36970e-05
2.61579e+03	1.66000e-02	1.37439e-02	5.79859	2.41069	4.36970e-05
2.61967e+03	1.66000e-02	1.23408e-02	4.70501	2.92639	4.36970e-05
2.62355e+03	1.66064e-02	8.20254e-03	2.15174	3.91415	4.36970e-05
2.62743e+03	1.66060e-02	8.69639e-03	0.15452	4.40437	4.36970e-05
2.63131e+03	1.66038e-02	1.12580e-02	4.52817	4.69237	4.36970e-05
2.63520e+03	1.66041e-02	8.47475e-03	3.18703	5.33551	4.36970e-05
2.63908e+03	1.66060e-02	7.83566e-03	1.23258	0.10060	4.36970e-05
2.64296e+03	1.66022e-02	6.24612e-03	5.77121	0.85780	4.36970e-05
2.64684e+03	1.66021e-02	6.76419e-03	4.77115	1.52564	4.36970e-05
2.65072e+03	1.66031e-02	1.00826e-02	3.33729	2.12613	4.36970e-05
2.65461e+03	1.66010e-02	1.37802e-02	2.06367	2.83504	4.36970e-05
2.65849e+03	1.66027e-02	1.40303e-02	1.12373	3.44624	4.36970e-05
2.66237e+03	1.66052e-02	1.25364e-02	6.26452	3.89885	4.36970e-05
2.66625e+03	1.66011e-02	1.27491e-02	5.19445	4.43158	4.36970e-05
2.67014e+03	1.66059e-02	8.68257e-03	4.52402	5.00569	4.36970e-05
2.67402e+03	1.66047e-02	4.81029e-03	2.72640	5.97570	4.36970e-05
2.67790e+03	1.66041e-02	6.24690e-03	0.87398	0.43352	4.36970e-05
2.68178e+03	1.66026e-02	9.09140e-03	6.03128	1.16926	4.36970e-05
2.68566e+03	1.65986e-02	7.83489e-03	6.26844	1.68620	4.36970e-05
2.68955e+03	1.66007e-02	8.96864e-03	6.04441	2.36277	4.36970e-05
2.69343e+03	1.66038e-02	8.83502e-03	4.85013	3.02964	4.36970e-05
2.69731e+03	1.66010e-02	8.74412e-03	4.46576	3.50377	4.36970e-05
2.70119e+03	1.65970e-02	1.14866e-02	4.25967	4.17602	4.36970e-05
2.70507e+03	1.65942e-02	1.20717e-02	4.81865	4.52057	4.36970e-05
2.70896e+03	1.66008e-02	9.53814e-03	5.50451	4.78267	4.36970e-05
2.71284e+03	1.66008e-02	9.08600e-03	5.35138	5.32614	4.36970e-05
2.71672e+03	1.65986e-02	5.06499e-03	5.57717	5.87453	4.36970e-05
2.72060e+03	1.65961e-02	3.23917e-03	5.40224	0.58467	4.36970e-05
2.72449e+03	1.65888e-02	3.12462e-03	4.31159	3.10894	4.36970e-05
2.72837e+03	1.65861e-02	7.60318e-03	2.05590	2.50616	4.36970e-05
2.73225e+03	1.65938e-02	6.86234e-03	4.01098	3.09039	4.36970e-05
2.73613e+03	1.65833e-02	1.07674e-02	0.54364	3.34147	4.36970e-05
2.74001e+03	1.65900e-02	1.43824e-02	4.47260	3.62354	4.36970e-05
2.74390e+03	1.65894e-02	1.56762e-02	1.19352	4.08566	4.36970e-05
2.74778e+03	1.65780e-02	1.04820e-02	5.04731	4.40104	4.36970e-05
2.75166e+03	1.65757e-02	9.17254e-03	4.62629	4.86804	4.36970e-05
2.75554e+03	1.65776e-02	7.27880e-03	4.23322	5.51762	4.36970e-05
2.75942e+03	1.65763e-02	6.04929e-03	4.49334	5.34233	4.36970e-05
2.76331e+03	1.65846e-02	2.69742e-03	2.75429	1.32441	4.36970e-05
2.76719e+03	1.65847e-02	6.21141e-03	0.49463	2.48928	4.36970e-05
2.77107e+03	1.65693e-02	4.94573e-03	0.56934	2.77357	4.36970e-05
2.77495e+03	1.65713e-02	7.20253e-03	1.85004	3.38133	4.36970e-05
2.77884e+03	1.65757e-02	1.92900e-02	2.95440	3.85033	4.36970e-05
2.78272e+03	1.65714e-02	2.85879e-02	6.02089	3.72008	4.36970e-05
2.78660e+03	1.65645e-02	2.07293e-02	2.89180	3.49693	4.36970e-05
2.79048e+03	1.65696e-02	6.10961e-03	5.37048	3.30390	4.36970e-05
2.79436e+03	1.65630e-02	4.33321e-03	0.35621	0.22691	4.36970e-05
2.79825e+03	1.65683e-02	6.56309e-03	3.81069	1.22995	4.36970e-05
2.80213e+03	1.65576e-02	1.00216e-02	1.15561	2.10498	4.36970e-05
2.80601e+03	1.65643e-02	2.13609e-02	5.84718	2.41528	4.36970e-05
2.80989e+03	1.65555e-02	3.01730e-02	5.74334	2.31431	4.36970e-05
2.81377e+03	1.65490e-02	2.42801e-02	5.76518	2.09009	4.36970e-05
2.81766e+03	1.65572e-02	8.81186e-03	5.97184	1.89882	4.36970e-05
2.82154e+03	1.65486e-02	6.64323e-03	1.44882	1.59900	4.36970e-05
2.82542e+03	1.65559e-02	6.65500e-03	5.25160	5.93167	4.36970e-05
2.82930e+03	1.65499e-02	9.88602e-03	1.54026	5.19186	4.36970e-05
2.83319e+03	1.65560e-02	3.20737e-03	4.83892	3.56899	4.36970e-05
2.83707e+03	1.65553e-02	1.03263e-02	2.82343	2.10213	4.36970e-05
2.84095e+03	1.65404e-02	1.95217e-02	0.33505	1.72453	4.36970e-05
2.84483e+03	1.65509e-02	1.39563e-02	3.50967	1.80370	4.36970e-05
2.84871e+03	1.65354e-02	1.70024e-02	0.65441	2.08068	4.36970e-05
2.85260e+03	1.65483e-02	8.40654e-03	5.25688	2.36601	4.36970e-05
2.85648e+03	1.65394e-02	9.95573e-03	2.78421	4.37516	4.36970e-05
2.86036e+03	1.65309e-02	2.25218e-02	1.86930	4.29854	4.36970e-05
2.86424e+03	1.65356e-02	2.28058e-02	1.73229	3.96216	4.36970e-05
2.86812e+03	1.65403e-02	1.30633e-02	3.17507	3.45579	4.36970e-05
2.87201e+03	1.65348e-02	9.11661e-03	5.34837	2.36551	4.36970e-05
2.87589e+03	1.65364e-02	1.13967e-02	0.09834	2.52759	4.36970e-05
2.87977e+03	1.65257e-02	1.84491e-02	2.40114	2.44687	4.36970e-05
2.88365e+03	1.65298e-02	1.53998e-02	4.80372	2.30269	4.36970e-05
2.88753e+03	1.65338e-02	7.04310e-03	1.24969	2.89514	4.36970e-05
2.89142e+03	1.65281e-02	1.39614e-02	3.44039	4.11544	4.36970e-05
2.89530e+03	1.65255e-02	2.66515e-02	0.67454	4.05006	4.36970e-05
2.89918e+03	1.65240e-02	2.48084e-02	5.57299	3.73980	4.36970e-05
2.90306e+03	1.65208e-02	1.48358e-02	5.05373	3.60825	4.36970e-05
2.90695e+03	1.65220e-02	1.24917e-02	2.73354	3.53998	4.36970e-05
2.91083e+03	1.65250e-02	1.31596e-02	1.81290	3.06515	4.36970e-05
2.91471e+03	1.65192e-02	1.83953e-02	3.49948	2.31859	4.36970e-05
2.91859e+03	1.65037e-02	1.57701e-02	4.73664	1.80196	4.36970e-05
2.92247e+03	1.65161e-02	4.93409e-03	0.06553	1.16005	4.36970e-05
2.92636e+03	1.65200e-02	1.18495e-02	4.78051	4.62919	4.36970e-05
2.93024e+03	1.65138e-02	2.35185e-02	1.18068	4.37501	4.36970e-05
2.93412e+03	1.65042e-02	2.38509e-02	3.90264	4.06866	4.36970e-05
2.93800e+03	1.65126e-02	1.30630e-02	0.97218	4.15980	4.36970e-05
2.94188e+03	1.65001e-02	9.40060e-03	5.49301	4.36148	4.36970e-05
2.94577e+03	1.65053e-02	8.47133e-03	2.97269	4.96223	4.36970e-05
2.94965e+03	1.64980e-02	3.94285e-03	3.04348	4.17546	4.36970e-05
2.95353e+03	1.64976e-02	8.24983e-03	3.14489	2.28159	4.36970e-05
2.95741e+03	1.64975e-02	1.14672e-02	3.38878	1.72195	4.36970e-05
2.96130e+03	1.65031e-02	5.12111e-03	5.07179	1.01151	4.36970e-05
2.96518e+03	1.64927e-02	1.17806e-02	1.51227	5.22556	4.36970e-05
2.96906e+03	1.64929e-02	1.86537e-02	2.14012	4.99311	4.36970e-05
2.97294e+03	1.64991e-02	1.73353e-02	4.35252	5.07112	4.36970e-05
2.97682e+03	1.64959e-02	1.78719e-02	4.41976	5.42271	4.36970e-05
2.98071e+03	1.64879e-02	1.64903e-02	5.55452	5.89921	4.36970e-05
2.98459e+03	1.64876e-02	1.71711e-02	2.96985	5.95247	4.36970e-05
2.98847e+03	1.64931e-02	1.39207e-02	0.67433	6.13566	4.36970e-05
2.99235e+03	1.64835e-02	9.07113e-03	4.65258	5.96552	4.36970e-05
2.99623e+03	1.64885e-02	1.95496e-03	2.74698	0.72299	4.36970e-05
3.00012e+03	1.64851e-02	1.05603e-03	0.85094	2.17961	4.36970e-05
3.00400e+03	1.64743e-02	7.31032e-03	2.60531	6.20925	4.36970e-05
3.00788e+03	1.64794e-02	1.87312e-02	3.72792	5.68989	4.36970e-05
3.01176e+03	1.64767e-02	2.39880e-02	5.40799	5.50197	4.36970e-05
3.01565e+03	1.64748e-02	1.81674e-02	0.70714	5.58574	4.36970e-05
3.01953e+03	1.64631e-02	1.05655e-02	1.64626	0.04235	4.36970e-05
3.02341e+03	1.64664e-02	1.97938e-02	3.52043	0.82836	4.36970e-05
3.02729e+03	1.64757e-02	2.56037e-02	0.83160	0.72619	4.36970e-05
3.03117e+03	1.64724e-02	2.03944e-02	5.18524	0.35288	4.36970e-05
3.03506e+03	1.64584e-02	1.00600e-02	4.07269	5.73512	4.36970e-05
3.03894e+03	1.64579e-02	9.54047e-03	3.91227	4.47623	4.36970e-05
3.04282e+03	1.64608e-02	4.06318e-03	3.84671	3.80245	4.36970e-05
3.04670e+03	1.64584e-02	9.68636e-03	0.49644	0.59101	4.36970e-05
3.05058e+03	1.64576e-02	2.48556e-02	0.98149	0.31824	4.36970e-05
3.05447e+03	1.64542e-02	2.88918e-02	2.05053	0.13932	4.36970e-05
3.05835e+03	1.64528e-02	1.90671e-02	3.74282	0.02961	4.36970e-05
3.06223e+03	1.64441e-02	6.34420e-03	4.72193	0.99726	4.36970e-05
3.06611e+03	1.64457e-02	1.52676e-02	6.10184	1.90425	4.36970e-05
3.07000e+03	1.64490e-02	2.10603e-02	2.99352	1.70240	4.36970e-05
3.07388e+03	1.64452e-02	1.67812e-02	1.14453	1.13859	4.36970e-05
3.07776e+03	1.64412e-02	1.37992e-02	0.29449	6.26007	4.36970e-05
3.08164e+03	1.64443e-02	1.57470e-02	5.48221	5.51808	4.36970e-05
3.08552e+03	1.64403e-02	6.89442e-03	4.75283	5.18110	4.36970e-05
3.08941e+03	1.64439e-02	8.61325e-03	1.85673	1.56392	4.36970e-05
3.09329e+03	1.64380e-02	2.29875e-02	2.22282	1.41599	4.36970e-05
3.09717e+03	1.64335e-02	2.93511e-02	2.81849	1.27898	4.36970e-05
3.10105e+03	1.64324e-02	2.02707e-02	4.01521	1.05909	4.36970e-05
3.10493e+03	1.64406e-02	5.87811e-03	5.57988	1.40836	4.36970e-05
3.10882e+03	1.64347e-02	1.01795e-02	0.09603	3.38222	4.36970e-05
3.11270e+03	1.64280e-02	1.45526e-02	3.52107	2.97942	4.36970e-05
3.11658e+03	1.64224e-02	1.15039e-02	1.27294	2.18559	4.36970e-05
3.12046e+03	1.64232e-02	1.49208e-02	6.08063	1.30517	4.36970e-05
3.12435e+03	1.64302e-02	1.79848e-02	5.23928	0.70684	4.36970e-05
3.12823e+03	1.64292e-02	1.12600e-02	4.41487	0.56147	4.36970e-05
3.13211e+03	1.64214e-02	5.48487e-03	1.77887	2.55256	4.36970e-05
3.13599e+03	1.64097e-02	1.97412e-02	1.50413	2.80149	4.36970e-05
3.13987e+03	1.64125e-02	2.82338e-02	2.41551	2.62119	4.36970e-05
3.14376e+03	1.64190e-02	2.14974e-02	3.82807	2.36341	4.36970e-05
3.14764e+03	1.64142e-02	8.48224e-03	5.93652	1.88959	4.36970e-05
3.15152e+03	1.64137e-02	6.83571e-03	4.53725	5.49519	4.36970e-05
3.15540e+03	1.64075e-02	1.07077e-02	1.82771	4.92070	4.36970e-05
3.15928e+03	1.64033e-02	1.00308e-02	0.21430	3.73731	4.36970e-05
3.16317e+03	1.64024e-02	1.88287e-02	5.18482	2.70549	4.36970e-05
3.16705e+03	1.64009e-02	2.46077e-02	3.59718	2.33457	4.36970e-05
3.17093e+03	1.64053e-02	2.06201e-02	2.54821	2.13143	4.36970e-05
3.17481e+03	1.64028e-02	7.61150e-03	1.70220	2.53715	4.36970e-05
3.17870e+03	1.63956e-02	1.52319e-02	6.28112	4.22837	4.36970e-05
3.18258e+03	1.63964e-02	2.50893e-02	0.41471	4.18263	4.36970e-05
3.18646e+03	1.63958e-02	2.32638e-02	1.62244	3.83527	4.36970e-05
3.19034e+03	1.63939e-02	1.32878e-02	4.00742	3.13535	4.36970e-05
3.19422e+03	1.63964e-02	1.16882e-02	1.29282	1.87626	4.36970e-05
3.19811e+03	1.63860e-02	1.01905e-02	4.52242	1.34329	4.36970e-05
3.20199e+03	1.63906e-02	8.01131e-04	3.13981	5.78850	4.36970e-05
3.20587e+03	1.63840e-02	1.66831e-02	2.29288	4.11879	4.36970e-05
3.20975e+03	1.63905e-02	2.89465e-02	0.71025	3.88379	4.36970e-05
3.21363e+03	1.63788e-02	2.78392e-02	5.89706	3.66619	4.36970e-05
3.21752e+03	1.63804e-02	1.43016e-02	5.23254	3.58826	4.36970e-05
3.22140e+03	1.63825e-02	2.75382e-03	3.09414	5.37559	4.36970e-05
3.22528e+03	1.63802e-02	1.14193e-02	2.93079	5.83908	4.36970e-05
3.22916e+03	1.63786e-02	1.22536e-02	4.30086	5.39353	4.36970e-05
3.23305e+03	1.63662e-02	1.39621e-02	0.35597	4.41568	4.36970e-05
3.23693e+03	1.63723e-02	2.15010e-02	3.06670	3.69149	4.36970e-05
3.24081e+03	1.63706e-02	2.06947e-02	5.80045	3.50695	4.36970e-05
3.24469e+03	1.63750e-02	1.27349e-02	2.64563	3.60580	4.36970e-05
3.24857e+03	1.63666e-02	9.40855e-03	4.91161	5.09784	4.36970e-05
3.25246e+03	1.63622e-02	2.27735e-02	2.51062	5.50773	4.36970e-05
3.25634e+03	1.63554e-02	2.65196e-02	0.91576	5.28567	4.36970e-05
3.26022e+03	1.63598e-02	1.91621e-02	0.41856	4.91579	4.36970e-05
3.26410e+03	1.63587e-02	1.23786e-02	1.23616	3.93053	4.36970e-05
3.26798e+03	1.63633e-02	1.11472e-02	2.40955	3.07763	4.36970e-05
3.27187e+03	1.63558e-02	8.04777e-03	3.65036	2.51253	4.36970e-05
3.27575e+03	1.63526e-02	6.03472e-03	1.70192	5.71939	4.36970e-05
3.27963e+03	1.63520e-02	2.08743e-02	3.83470	5.38028	4.36970e-05
3.28351e+03	1.63514e-02	3.07117e-02	0.27486	5.20184	4.36970e-05
3.28740e+03	1.63529e-02	2.28813e-02	3.58269	4.99434	4.36970e-05
3.29128e+03	1.63453e-02	6.92077e-03	0.90936	4.81496	4.36970e-05
3.29516e+03	1.63435e-02	6.48834e-03	2.31530	1.35259	4.36970e-05
3.29904e+03	1.63534e-02	1.32858e-02	1.20572	1.09469	4.36970e-05
3.30292e+03	1.63432e-02	1.34605e-02	0.91972	0.35416	4.36970e-05
3.30681e+03	1.63358e-02	1.79412e-02	1.53263	5.62366	4.36970e-05
3.31069e+03	1.63309e-02	2.46440e-02	1.86754	5.07809	4.36970e-05
3.31457e+03	1.63405e-02	2.20119e-02	2.73652	4.93412	4.36970e-05
3.31845e+03	1.63353e-02	9.44775e-03	4.04627	5.14406	4.36970e-05
3.32233e+03	1.63378e-02	1.22520e-02	4.12658	0.71073	4.36970e-05
3.32622e+03	1.63357e-02	2.08895e-02	6.19438	0.86365	4.36970e-05
3.33010e+03	1.63230e-02	2.14939e-02	3.00082	0.56886	4.36970e-05
3.33398e+03	1.63266e-02	1.42971e-02	0.87114	6.20970	4.36970e-05
3.33786e+03	1.63257e-02	1.14157e-02	6.18419	5.15441	4.36970e-05
3.34175e+03	1.63302e-02	1.34165e-02	5.05652	4.58798	4.36970e-05
3.34563e+03	1.63219e-02	3.29095e-03	4.06780	4.44519	4.36970e-05
3.34951e+03	1.63235e-02	1.20084e-02	0.90097	0.88037	4.36970e-05
3.35339e+03	1.63233e-02	2.38547e-02	1.31551	0.67990	4.36970e-05
3.35727e+03	1.63148e-02	2.68668e-02	2.05284	0.63681	4.36970e-05
3.36116e+03	1.63135e-02	1.72260e-02	3.45945	0.41978	4.36970e-05
3.36504e+03	1.63102e-02	4.44371e-03	6.07715	5.62923	4.36970e-05
3.36892e+03	1.63144e-02	1.00206e-02	4.01953	3.74399	4.36970e-05
3.37280e+03	1.63102e-02	9.36846e-03	1.44129	3.09175	4.36970e-05
3.37668e+03	1.63131e-02	9.70964e-03	0.40184	1.43599	4.36970e-05
3.38057e+03	1.63055e-02	1.89988e-02	4.96401	0.90530	4.36970e-05
3.38445e+03	1.63057e-02	2.44538e-02	3.37082	0.64498	4.36970e-05
3.38833e+03	1.62975e-02	1.71501e-02	2.23118	0.66738	4.36970e-05
3.39221e+03	1.62936e-02	4.73694e-03	0.90772	1.52705	4.36970e-05
3.39610e+03	1.62905e-02	1.12174e-02	5.91304	2.93244	4.36970e-05
3.39998e+03	1.62979e-02	1.68969e-02	0.35340	2.75859	4.36970e-05
3.40386e+03	1.62979e-02	1.25537e-02	2.17793	2.10230	4.36970e-05
3.40774e+03	1.62998e-02	1.45950e-02	4.89836	1.13610	4.36970e-05
3.41162e+03	1.62908e-02	2.00361e-02	1.61487	0.60351	4.36970e-05
3.41551e+03	1.62903e-02	1.51942e-02	4.59452	0.60300	4.36970e-05
3.41939e+03	1.62863e-02	4.24036e-03	0.66103	1.66317	4.36970e-05
3.42327e+03	1.62891e-02	1.71216e-02	3.30089	2.87723	4.36970e-05
3.42715e+03	1.62881e-02	2.43543e-02	1.65088	2.91509	4.36970e-05
3.43103e+03	1.62877e-02	2.15369e-02	0.75259	2.64841	4.36970e-05
3.43492e+03	1.62871e-02	1.15716e-02	1.12306	1.95587	4.36970e-05
3.43880e+03	1.62881e-02	1.11208e-02	2.35097	0.65342	4.36970e-05
3.44268e+03	1.62776e-02	1.06926e-02	3.14985	0.37646	4.36970e-05
3.44656e+03	1.62771e-02	2.52435e-03	2.60720	2.17320	4.36970e-05
3.45045e+03	1.62789e-02	1.82423e-02	3.61496	2.92540	4.36970e-05
3.45433e+03	1.62719e-02	2.89106e-02	6.03343	2.90271	4.36970e-05
3.45821e+03	1.62670e-02	2.39240e-02	2.73863	2.66292	4.36970e-05
3.46209e+03	1.62718e-02	9.13005e-03	0.08842	2.34625	4.36970e-05
3.46597e+03	1.62666e-02	7.84163e-03	6.11127	0.40400	4.36970e-05
3.46986e+03	1.62770e-02	8.43290e-03	5.41467	5.77292	4.36970e-05
3.47374e+03	1.62663e-02	5.19317e-03	5.70868	4.41848	4.36970e-05
3.47762e+03	1.62676e-02	1.59521e-02	6.20381	3.23981	4.36970e-05
3.48150e+03	1.62596e-02	2.76212e-02	0.04037	3.07167	4.36970e-05
3.48538e+03	1.62569e-02	2.17985e-02	0.60555	3.02960	4.36970e-05
3.48927e+03	1.62612e-02	1.10507e-02	1.60247	3.23133	4.36970e-05
3.49315e+03	1.62639e-02	7.33221e-03	1.49584	4.98146	4.36970e-05
3.49703e+03	1.62504e-02	1.36527e-02	3.36441	5.39469	4.36970e-05
3.50091e+03	1.62581e-02	1.22390e-02	0.76539	4.67998	4.36970e-05
3.50480e+03	1.62607e-02	1.63189e-02	5.29533	3.57238	4.36970e-05
3.50868e+03	1.62415e-02	2.48064e-02	3.49557	3.29153	4.36970e-05
3.51256e+03	1.62412e-02	2.15187e-02	1.87818	3.07086	4.36970e-05
3.51644e+03	1.62406e-02	9.96358e-03	0.29215	3.48005	4.36970e-05
3.52032e+03	1.62456e-02	9.87315e-03	4.30705	5.11953	4.36970e-05
3.52421e+03	1.62397e-02	1.76494e-02	3.83998	5.51978	4.36970e-05
3.52809e+03	1.62377e-02	1.41493e-02	5.00157	5.08388	4.36970e-05
3.53197e+03	1.62431e-02	1.08610e-02	0.90809	4.08360	4.36970e-05
3.53585e+03	1.62413e-02	1.78540e-02	3.21949	3.44145	4.36970e-05
3.53973e+03	1.62359e-02	1.80896e-02	5.64059	3.40454	4.36970e-05
3.54362e+03	1.62264e-02	6.52449e-03	1.94602	3.80497	4.36970e-05
3.54750e+03	1.62292e-02	1.24705e-02	3.59836	5.59745	4.36970e-05
3.55138e+03	1.62316e-02	2.06764e-02	1.22360	5.65493	4.36970e-05
3.55526e+03	1.62250e-02	2.06212e-02	6.10910	5.35664	4.36970e-05
3.55915e+03	1.62274e-02	1.24471e-02	5.78211	4.46664	4.36970e-05
3.56303e+03	1.62286e-02	1.74034e-02	6.25975	3.70347	4.36970e-05
3.56691e+03	1.62270e-02	1.61547e-02	0.03034	3.59723	4.36970e-05
3.57079e+03	1.62212e-02	4.50490e-03	0.13615	4.25894	4.36970e-05
3.57467e+03	1.62241e-02	1.64619e-02	5.84175	5.90819	4.36970e-05
3.57856e+03	1.62171e-02	2.51196e-02	1.22216	5.98486	4.36970e-05
3.58244e+03	1.62153e-02	1.80336e-02	4.01897	5.66280	4.36970e-05
3.58632e+03	1.62159e-02	9.94973e-03	1.29195	4.94415	4.36970e-05
3.59020e+03	1.62004e-02	1.27246e-02	5.86378	3.84460	4.36970e-05
3.59408e+03	1.62138e-02	7.82849e-03	3.89613	3.53780	4.36970e-05
3.59797e+03	1.62136e-02	5.14116e-03	6.07583	6.05283	4.36970e-05
3.60185e+03	1.62039e-02	2.12227e-02	4.68789	0.16294	4.36970e-05
3.60573e+03	1.62113e-02	2.57463e-02	4.29498	0.05571	4.36970e-05
3.60961e+03	1.62038e-02	1.81349e-02	4.75352	6.00065	4.36970e-05
3.61349e+03	1.61978e-02	8.77158e-03	6.09110	5.16737	4.36970e-05
3.61738e+03	1.62004e-02	1.14183e-02	2.06341	4.19477	4.36970e-05
3.62126e+03	1.61951e-02	3.87381e-03	3.85108	4.13722	4.36970e-05
3.62514e+03	1.61891e-02	1.13295e-02	3.51128	0.60384	4.36970e-05
3.62902e+03	1.62000e-02	2.54249e-02	0.28963	0.37533	4.36970e-05
3.63291e+03	1.61929e-02	2.49154e-02	3.92404	0.26393	4.36970e-05
3.63679e+03	1.61955e-02	1.30589e-02	2.04422	6.28078	4.36970e-05
3.64067e+03	1.61866e-02	9.38700e-03	2.46821	4.39961	4.36970e-05
3.64455e+03	1.61856e-02	9.77193e-03	2.01397	3.79931	4.36970e-05
3.64843e+03	1.61829e-02	4.49360e-03	3.36564	1.93381	4.36970e-05
3.65232e+03	1.61772e-02	1.87239e-02	4.20942	1.14965	4.36970e-05
3.65620e+03	1.61796e-02	2.91777e-02	4.99829	0.88998	4.36970e-05
3.66008e+03	1.61761e-02	2.14183e-02	0.06254	0.73048	4.36970e-05
3.66396e+03	1.61770e-02	8.44640e-03	2.67299	0.01754	4.36970e-05
3.66784e+03	1.61768e-02	8.67477e-03	6.26621	4.86455	4.36970e-05
3.67173e+03	1.61778e-02	6.42027e-03	3.54287	4.35440	4.36970e-05
3.67561e+03	1.61823e-02	9.66496e-03	3.44205	1.59996	4.36970e-05
3.67949e+03	1.61710e-02	2.40399e-02	1.67288	1.39203	4.36970e-05
3.68337e+03	1.61750e-02	2.70742e-02	0.10215	1.34583	4.36970e-05
3.68726e+03	1.61682e-02	1.28965e-02	5.74395	0.94374	4.36970e-05
3.69114e+03	1.61638e-02	9.73506e-03	0.64293	5.48829	4.36970e-05
3.69502e+03	1.61659e-02	1.09099e-02	0.92638	5.06752	4.36970e-05
3.69890e+03	1.61636e-02	6.21446e-03	3.85292	2.65994	4.36970e-05
3.70278e+03	1.61684e-02	2.14820e-02	5.67816	2.05971	4.36970e-05
3.70667e+03	1.61545e-02	2.78320e-02	1.08373	1.99491	4.36970e-05
3.71055e+03	1.61607e-02	2.00253e-02	3.48136	1.84462	4.36970e-05
3.71443e+03	1.61595e-02	4.14037e-03	1.19422	0.61261	4.36970e-05
3.71831e+03	1.61495e-02	8.14834e-03	5.49225	6.00856	4.36970e-05
3.72219e+03	1.61564e-02	1.32359e-03	0.48929	2.54908	4.36970e-05
3.72608e+03	1.61474e-02	1.70601e-02	4.69552	2.79762	4.36970e-05
3.72996e+03	1.61497e-02	2.78639e-02	3.72903	2.61619	4.36970e-05
3.73384e+03	1.61403e-02	1.97566e-02	3.12292	2.48028	4.36970e-05
3.73772e+03	1.61452e-02	9.09556e-03	4.08136	1.38313	4.36970e-05
3.74161e+03	1.61446e-02	1.20872e-02	5.34859	0.72000	4.36970e-05
3.74549e+03	1.61416e-02	7.18553e-03	0.50502	0.33678	4.36970e-05
3.74937e+03	1.61405e-02	1.23275e-02	5.10674	3.60504	4.36970e-05
3.75325e+03	1.61421e-02	2.32789e-02	1.05935	3.53905	4.36970e-05
3.75713e+03	1.61430e-02	2.21390e-02	4.14751	3.31871	4.36970e-05
3.76102e+03	1.61358e-02	1.03123e-02	2.20010	2.35883	4.36970e-05
3.76490e+03	1.61423e-02	1.55547e-02	0.70817	1.54592	4.36970e-05
3.76878e+03	1.61347e-02	1.07523e-02	5.01626	1.69514	4.36970e-05
3.77266e+03	1.61294e-02	1.20828e-02	1.34337	4.06064	4.36970e-05
3.77654e+03	1.61233e-02	2.28260e-02	0.49992	4.19186	4.36970e-05
3.78043e+03	1.61281e-02	1.92481e-02	0.57342	4.03180	4.36970e-05
3.78431e+03	1.61216e-02	1.37589e-02	1.95792	3.17473	4.36970e-05
3.78819e+03	1.61264e-02	2.28494e-02	3.61492	2.54046	4.36970e-05
3.79207e+03	1.61280e-02	1.35778e-02	5.08874	2.59871	4.36970e-05
3.79596e+03	1.61183e-02	5.56081e-03	5.31899	4.67966	4.36970e-05
3.79984e+03	1.61268e-02	1.84761e-02	1.09786	5.31166	4.36970e-05
3.80372e+03	1.61203e-02	1.03938e-02	4.98687	4.78811	4.36970e-05
3.80760e+03	1.61141e-02	1.86603e-02	3.78797	3.65211	4.36970e-05
3.81148e+03	1.61232e-02	2.53346e-02	1.91651	3.62393	4.36970e-05
3.81537e+03	1.61066e-02	1.02741e-02	0.61697	3.80301	4.36970e-05
3.81925e+03	1.61161e-02	6.01547e-03	3.94031	5.98859	4.36970e-05
3.82313e+03	1.61023e-02	1.04933e-02	3.45419	0.10674	4.36970e-05
3.82701e+03	1.61062e-02	9.20778e-03	5.02386	5.20661	4.36970e-05
3.83089e+03	1.61100e-02	2.67073e-02	0.39128	4.61887	4.36970e-05
3.83478e+03	1.60971e-02	2.47709e-02	2.02862	4.56723	4.36970e-05
3.83866e+03	1.61073e-02	1.00635e-02	4.68331	4.03406	4.36970e-05
3.84254e+03	1.61032e-02	8.51643e-03	2.63964	2.64081	4.36970e-05
3.84642e+03	1.61054e-02	6.38413e-03	5.25529	3.40801	4.36970e-05
3.85031e+03	1.60957e-02	1.27215e-02	0.59839	5.54472	4.36970e-05
3.85419e+03	1.60982e-02	2.34131e-02	4.91068	5.80891	4.36970e-05
3.85807e+03	1.60976e-02	1.20750e-02	3.64646	5.64767	4.36970e-05
3.86195e+03	1.60859e-02	1.60179e-02	4.30041	4.50885	4.36970e-05
3.86583e+03	1.60881e-02	1.62902e-02	4.00707	4.56409	4.36970e-05
3.86972e+03	1.60881e-02	5.08216e-03	2.38161	0.44918	4.36970e-05
3.87360e+03	1.60782e-02	1.22112e-02	2.77098	0.94945	4.36970e-05
3.87748e+03	1.60862e-02	5.96465e-03	4.91853	0.37754	4.36970e-05
3.88136e+03	1.60823e-02	2.24215e-02	1.92901	5.60374	4.36970e-05
3.88524e+03	1.60799e-02	2.62995e-02	4.40511	5.83671	4.36970e-05
3.88913e+03	1.60773e-02	9.07251e-03	2.09353	5.16069	4.36970e-05
3.89301e+03	1.60853e-02	1.23191e-02	1.00107	3.93746	4.36970e-05
3.89689e+03	1.60747e-02	6.33777e-03	4.34069	4.94992	4.36970e-05
3.90077e+03	1.60817e-02	1.81494e-02	1.06374	0.84202	4.36970e-05
3.90466e+03	1.60747e-02	1.85962e-02	0.27685	0.77469	4.36970e-05
3.90854e+03	1.60713e-02	1.57897e-02	1.37316	6.08509	4.36970e-05
3.91242e+03	1.60655e-02	2.14513e-02	1.83010	5.93638	4.36970e-05
3.91630e+03	1.60628e-02	9.63656e-03	2.86211	6.02104	4.36970e-05
3.92018e+03	1.60672e-02	1.17322e-02	0.78215	3.33356	4.36970e-05
3.92407e+03	1.60676e-02	2.10410e-03	2.45251	3.77122	4.36970e-05
3.92795e+03	1.60651e-02	2.23978e-02	1.74170	0.99564	4.36970e-05
3.93183e+03	1.60601e-02	1.67005e-02	4.70525	1.31011	4.36970e-05
3.93571e+03	1.60562e-02	1.15796e-02	3.49321	0.09667	4.36970e-05
3.93959e+03	1.60596e-02	1.78470e-02	1.76477	6.23282	4.36970e-05
3.94348e+03	1.60538e-02	6.11894e-03	5.77035	1.05864	4.36970e-05
3.94736e+03	1.60639e-02	6.82012e-03	1.99300	4.14677	4.36970e-05
3.95124e+03	1.60540e-02	7.28356e-03	4.74771	1.21592	4.36970e-05
3.95512e+03	1.60568e-02	2.37337e-02	4.91724	1.61542	4.36970e-05
3.95901e+03	1.60462e-02	9.10782e-03	6.13427	1.38326	4.36970e-05
3.96289e+03	1.60456e-02	1.90283e-02	2.20623	0.67839	4.36970e-05
3.96677e+03	1.60510e-02	6.55627e-03	3.57416	1.50763	4.36970e-05
3.97065e+03	1.60394e-02	1.21407e-02	3.08632	4.64915	4.36970e-05
3.97453e+03	1.60408e-02	9.49235e-03	2.55939	2.11638	4.36970e-05
3.97842e+03	1.60379e-02	2.05032e-02	6.03031	2.40900	4.36970e-05
3.98230e+03	1.60360e-02	1.49948e-02	4.75020	1.94259	4.36970e-05
3.98618e+03	1.60316e-02	1.95600e-02	3.67866	1.62728	4.36970e-05
3.99006e+03	1.60381e-02	8.38286e-03	2.78038	1.88689	4.36970e-05
3.99394e+03	1.60321e-02	1.07245e-02	3.71584	0.76806	4.36970e-05
3.99783e+03	1.60396e-02	1.39952e-02	1.78485	3.13016	4.36970e-05
4.00171e+03	1.60348e-02	6.26524e-03	2.06349	3.84588	4.36970e-05
4.00559e+03	1.60281e-02	2.07689e-02	4.84536	2.66655	4.36970e-05
4.00947e+03	1.60342e-02	1.04802e-02	0.75669	2.74093	4.36970e-05
4.01336e+03	1.60262e-02	2.02705e-02	4.60064	1.50825	4.36970e-05
4.01724e+03	1.60248e-02	3.72011e-03	6.24351	3.13482	4.36970e-05
4.02112e+03	1.60257e-02	7.61099e-03	5.40898	1.44621	4.36970e-05
4.02500e+03	1.60187e-02	1.61198e-02	1.14058	3.84213	4.36970e-05
4.02888e+03	1.60153e-02	1.34275e-02	0.13961	3.49276	4.36970e-05
4.03277e+03	1.60122e-02	1.96578e-02	5.87685	3.17603	4.36970e-05
4.03665e+03	1.60180e-02	1.98044e-02	0.52440	2.17780	4.36970e-05
4.04053e+03	1.60080e-02	7.11427e-03	0.67234	2.24899	4.36970e-05
4.04441e+03	1.60089e-02	6.39058e-03	1.09681	2.86502	4.36970e-05
4.04829e+03	1.60059e-02	5.93467e-03	0.09664	5.25652	4.36970e-05
4.05218e+03	1.60074e-02	1.55342e-02	3.88700	3.66761	4.36970e-05
4.05606e+03	1.60039e-02	1.45186e-02	0.44313	3.39362	4.36970e-05
4.05994e+03	1.60099e-02	1.81241e-02	3.00673	3.99946	4.36970e-05
4.06382e+03	1.60136e-02	2.11977e-02	1.45589	3.08180	4.36970e-05
4.06771e+03	1.59980e-02	6.18000e-03	0.17148	2.47759	4.36970e-05
4.07159e+03	1.60062e-02	1.30716e-02	2.30971	5.17289	4.36970e-05
4.07547e+03	1.60031e-02	5.57472e-03	2.21567	4.29788	4.36970e-05
4.07935e+03	1.59962e-02	9.47802e-03	1.26489	5.01413	4.36970e-05
4.08323e+03	1.60061e-02	9.99930e-03	1.59411	4.98894	4.36970e-05
4.08712e+03	1.59898e-02	1.47461e-02	3.83330	3.83091	4.36970e-05
4.09100e+03	1.59928e-02	6.16196e-03	4.54711	4.65956	4.36970e-05
4.09488e+03	1.59891e-02	1.17193e-02	0.03841	4.74853	4.36970e-05
4.09876e+03	1.59817e-02	1.19930e-02	2.15639	5.01897	4.36970e-05
4.10264e+03	1.59785e-02	6.25018e-03	4.56329	5.69877	4.36970e-05
4.10653e+03	1.59837e-02	2.05318e-02	3.12325	4.61534	4.36970e-05
4.11041e+03	1.59910e-02	2.15137e-02	1.34933	4.56238	4.36970e-05
4.11429e+03	1.59744e-02	2.12557e-02	2.21286	4.94189	4.36970e-05
4.11817e+03	1.59640e-02	9.06317e-03	0.37563	4.62034	4.36970e-05
4.12206e+03	1.59624e-02	2.60306e-02	3.61825	5.46961	4.36970e-05
4.12594e+03	1.59539e-02	2.12658e-02	3.05847	5.18924	4.36970e-05
4.12982e+03	1.59726e-02	2.23470e-02	1.97962	4.66366	4.36970e-05
4.13370e+03	1.59649e-02	2.13742e-02	3.73154	5.01135	4.36970e-05
4.13758e+03	1.59737e-02	6.59052e-03	1.25132	0.75468	4.36970e-05
4.14147e+03	1.59632e-02	6.42931e-03	5.29874	4.45276	4.36970e-05
4.14535e+03	1.59632e-02	2.31806e-02	3.67598	6.10587	4.36970e-05
4.14923e+03	1.59643e-02	2.44347e-03	0.32118	3.30271	4.36970e-05
4.15311e+03	1.59681e-02	1.04435e-02	3.39130	5.23036	4.36970e-05
4.15699e+03	1.59608e-02	1.90912e-02	1.78635	5.84969	4.36970e-05
4.16088e+03	1.59675e-02	1.71561e-02	0.52013	5.62865	4.36970e-05
4.16476e+03	1.59731e-02	1.28352e-02	5.52759	5.12451	4.36970e-05
4.16864e+03	1.59466e-02	1.70962e-02	4.14103	5.66430	4.36970e-05
4.17252e+03	1.59482e-02	2.50277e-02	5.94214	0.63827	4.36970e-05
4.17641e+03	1.59598e-02	1.09219e-02	3.46519	5.03958	4.36970e-05
4.18029e+03	1.59717e-02	2.63104e-02	2.52668	1.44287	4.36970e-05
4.18417e+03	1.59668e-02	1.69924e-02	5.74065	5.68783	4.36970e-05
4.18805e+03	1.59542e-02	2.73865e-02	5.23923	0.57889	4.36970e-05
4.19193e+03	1.59442e-02	1.31430e-02	4.99196	1.69902	4.36970e-05
4.19582e+03	1.59462e-02	1.26120e-02	0.94053	0.23810	4.36970e-05
4.19970e+03	1.59479e-02	2.21325e-02	0.57916	2.30230	4.36970e-05
4.20358e+03	1.59635e-02	9.40698e-03	2.52335	4.21503	4.36970e-05
4.20746e+03	1.59599e-02	3.76181e-02	3.70519	1.21058	4.36970e-05
4.21134e+03	1.59602e-02	1.42764e-02	4.54960	5.50644	4.36970e-05
4.21523e+03	1.59504e-02	2.80511e-02	0.36334	2.68081	4.36970e-05
4.21911e+03	1.59436e-02	3.25876e-02	0.72417	1.75214	4.36970e-05
4.22299e+03	1.59370e-02	2.64657e-02	1.02497	1.16109	4.36970e-05
4.22687e+03	1.59331e-02	1.60037e-02	1.80108	0.18018	4.36970e-05
4.23076e+03	1.59331e-02	2.22487e-02	3.89637	2.89374	4.36970e-05
4.23464e+03	1.59339e-02	1.35122e-02	4.44404	0.86062	4.36970e-05
4.23852e+03	1.59356e-02	2.56710e-02	0.86061	3.08679	4.36970e-05
4.24240e+03	1.59379e-02	2.91436e-02	1.82288	2.02987	4.36970e-05
4.24628e+03	1.59427e-02	1.27596e-02	3.43413	0.34647	4.36970e-05
4.25017e+03	1.59464e-02	2.50956e-02	5.79663	4.02170	4.36970e-05
4.25405e+03	1.59486e-02	3.25616e-02	0.49072	2.69479	4.36970e-05
4.25793e+03	1.59505e-02	1.93202e-02	1.74664	1.14879	4.36970e-05
4.26181e+03	1.59523e-02	2.07967e-02	4.00286	4.86172	4.36970e-05
4.26569e+03	1.59535e-02	3.39868e-02	5.23436	3.33796	4.36970e-05
4.26958e+03	1.59537e-02	2.58035e-02	0.01789	1.99134	4.36970e-05
4.27346e+03	1.59549e-02	1.40346e-02	2.28178	5.87116	4.36970e-05
4.27734e+03	1.59441e-02	3.05327e-02	3.83457	3.42223	4.36970e-05
4.28122e+03	1.59420e-02	1.17479e-02	4.98050	1.23340	4.36970e-05
4.28510e+03	1.59345e-02	2.31393e-02	0.89883	4.26407	4.36970e-05
4.28899e+03	1.59279e-02	2.29099e-02	1.53083	2.77889	4.36970e-05
4.29287e+03	1.59311e-02	9.20421e-03	3.71537	5.98373	4.36970e-05
4.29675e+03	1.59401e-02	2.94298e-02	4.87037	3.93049	4.36970e-05
4.30063e+03	1.59466e-02	1.78921e-02	5.71321	2.18501	4.36970e-05
4.30452e+03	1.59538e-02	2.50572e-02	1.97838	5.08058	4.36970e-05
4.30840e+03	1.59543e-02	3.17263e-02	2.77134	3.38225	4.36970e-05
4.31228e+03	1.59590e-02	1.30800e-02	4.93836	0.42254	4.36970e-05
4.31616e+03	1.59560e-02	3.65287e-02	0.05325	4.46848	4.36970e-05
4.32004e+03	1.59472e-02	1.99376e-02	0.81833	2.87615	4.36970e-05
4.32393e+03	1.59389e-02	2.17952e-02	3.70113	5.42445	4.36970e-05
4.32781e+03	1.59312e-02	3.31217e-02	4.28122	4.01897	4.36970e-05
4.33169e+03	1.59316e-02	9.44896e-03	4.68473	3.00109	4.36970e-05
4.33557e+03	1.59327e-02	2.58884e-02	1.75331	5.06722	4.36970e-05
4.33945e+03	1.59314e-02	3.15336e-02	2.04390	3.98316	4.36970e-05
4.34334e+03	1.59421e-02	3.22349e-03	4.90709	0.36842	4.36970e-05
4.34722e+03	1.59493e-02	3.81083e-02	5.94672	5.01506	4.36970e-05
4.35110e+03	1.59551e-02	3.05873e-02	0.31228	3.76152	4.36970e-05
4.35498e+03	1.59560e-02	1.82204e-02	3.54517	6.28093	4.36970e-05
4.35887e+03	1.59527e-02	4.28641e-02	4.35735	4.89222	4.36970e-05
4.36275e+03	1.59456e-02	1.65216e-02	4.99267	3.69479	4.36970e-05
4.36663e+03	1.59396e-02	2.57993e-02	2.13220	5.91242	4.36970e-05
4.37051e+03	1.59321e-02	3.58889e-02	2.46098	4.94033	4.36970e-05
4.37439e+03	1.59305e-02	8.33383e-03	2.24387	4.45440	4.36970e-05
4.37828e+03	1.59314e-02	2.86286e-02	0.03401	6.00760	4.36970e-05
4.38216e+03	1.59353e-02	3.69930e-02	0.25322	5.10387	4.36970e-05
4.38604e+03	1.59427e-02	3.67225e-03	0.92625	3.83986	4.36970e-05
4.38992e+03	1.59515e-02	3.84505e-02	4.19959	6.26550	4.36970e-05
4.39380e+03	1.59583e-02	3.92538e-02	4.79426	5.15089	4.36970e-05
4.39769e+03	1.59594e-02	7.03619e-03	1.58251	1.52130	4.36970e-05
4.40157e+03	1.59537e-02	4.36827e-02	2.51190	0.04615	4.36970e-05
4.40545e+03	1.59391e-02	2.64263e-02	2.87526	5.33105	4.36970e-05
4.40933e+03	1.59365e-02	2.03409e-02	0.40724	0.87946	4.36970e-05
4.41322e+03	1.59289e-02	3.89635e-02	0.49838	0.06977	4.36970e-05
4.41710e+03	1.59258e-02	1.61996e-02	0.44163	5.72647	4.36970e-05
4.42098e+03	1.59308e-02	2.68292e-02	4.36720	1.10684	4.36970e-05
4.42486e+03	1.59449e-02	4.11254e-02	4.63541	0.22087	4.36970e-05
4.42874e+03	1.59548e-02	8.37877e-03	5.36641	5.16041	4.36970e-05
4.43263e+03	1.59613e-02	3.61179e-02	2.26072	1.45571	4.36970e-05
4.43651e+03	1.59573e-02	3.80728e-02	2.88666	0.27786	4.36970e-05
4.44039e+03	1.59579e-02	8.10339e-03	5.26022	3.66104	4.36970e-05
4.44427e+03	1.59488e-02	3.51666e-02	0.43288	1.60249	4.36970e-05
4.44815e+03	1.59367e-02	2.42323e-02	1.03860	0.38620	4.36970e-05
4.45204e+03	1.59276e-02	9.65327e-03	4.02070	2.99240	4.36970e-05
4.45592e+03	1.59257e-02	2.86602e-02	4.64626	1.68089	4.36970e-05
4.45980e+03	1.59320e-02	1.92537e-02	5.13224	0.46249	4.36970e-05
4.46368e+03	1.59411e-02	1.43931e-02	1.74815	3.18920	4.36970e-05
4.46757e+03	1.59469e-02	3.56959e-02	2.58799	1.69381	4.36970e-05
4.47145e+03	1.59581e-02	1.84975e-02	3.58144	0.14704	4.36970e-05
4.47533e+03	1.59609e-02	2.63602e-02	0.07205	3.08952	4.36970e-05
4.47921e+03	1.59572e-02	3.81804e-02	0.99698	1.64243	4.36970e-05
4.48309e+03	1.59482e-02	1.16753e-02	2.13167	6.20469	4.36970e-05
4.48698e+03	1.59395e-02	2.69773e-02	4.90319	2.84664	4.36970e-05
4.49086e+03	1.59320e-02	2.97997e-02	5.44429	1.62823	4.36970e-05
4.49474e+03	1.59306e-02	2.09743e-03	6.05755	0.35073	4.36970e-05
4.49862e+03	1.59304e-02	2.84728e-02	2.82165	2.85285	4.36970e-05
4.50250e+03	1.59372e-02	2.73358e-02	3.20153	1.78048	4.36970e-05
4.50639e+03	1.59460e-02	1.22005e-02	0.11886	4.16029	4.36970e-05
4.51027e+03	1.59532e-02	4.21665e-02	0.83457	2.80488	4.36970e-05
4.51415e+03	1.59571e-02	1.59030e-02	1.76538	1.27499	4.36970e-05
4.51803e+03	1.59542e-02	3.43148e-02	4.82231	3.85391	4.36970e-05
4.52192e+03	1.59471e-02	3.23471e-02	5.43818	2.57362	4.36970e-05
4.52580e+03	1.59399e-02	1.15961e-02	2.44489	4.78385	4.36970e-05
4.52968e+03	1.59328e-02	3.46250e-02	2.83910	3.60015	4.36970e-05
4.53356e+03	1.59321e-02	1.24273e-02	2.88066	2.70193	4.36970e-05
4.53744e+03	1.59329e-02	2.58030e-02	0.21757	4.55654	4.36970e-05
4.54133e+03	1.59394e-02	3.21596e-02	0.55966	3.39407	4.36970e-05
4.54521e+03	1.59501e-02	1.11720e-02	3.41007	6.08087	4.36970e-05
4.54909e+03	1.59575e-02	3.90222e-02	4.49998	4.16497	4.36970e-05
4.55297e+03	1.59592e-02	1.22706e-02	6.02121	1.87575	4.36970e-05
4.55685e+03	1.59515e-02	3.35560e-02	2.06887	5.17501	4.36970e-05
4.56074e+03	1.59391e-02	2.07867e-02	2.78411	3.77660	4.36970e-05
4.56462e+03	1.59366e-02	2.06465e-02	5.75723	6.07456	4.36970e-05
4.56850e+03	1.59308e-02	2.65503e-02	5.95082	4.80544	4.36970e-05
4.57238e+03	1.59312e-02	9.61331e-03	2.68749	0.68510	4.36970e-05
4.57627e+03	1.59396e-02	3.56857e-02	3.04699	5.59870	4.36970e-05
4.58015e+03	1.59545e-02	7.18195e-03	4.93543	2.64049	4.36970e-05
4.58403e+03	1.59626e-02	4.15789e-02	0.28776	0.05137	4.36970e-05
4.58791e+03	1.59593e-02	1.18912e-02	0.97268	4.60274	4.36970e-05
4.59179e+03	1.59495e-02	3.93111e-02	3.82917	0.74954	4.36970e-05
4.59568e+03	1.59455e-02	2.20191e-02	3.95061	5.82380	4.36970e-05
4.59956e+03	1.59363e-02	2.91035e-02	1.10630	1.31049	4.36970e-05
4.60344e+03	1.59304e-02	3.21800e-02	0.92556	0.34413	4.36970e-05
4.60732e+03	1.59297e-02	1.44770e-02	4.64366	1.81235	4.36970e-05
4.61120e+03	1.59394e-02	4.21557e-02	4.30972	1.02618	4.36970e-05
4.61509e+03	1.59509e-02	2.45677e-03	3.51879	0.76705	4.36970e-05
4.61897e+03	1.59599e-02	4.74358e-02	1.54663	1.72315	4.36970e-05
4.62285e+03	1.59572e-02	2.07246e-02	1.77934	0.56700	4.36970e-05
4.62673e+03	1.59575e-02	3.89460e-02	5.20761	2.45378	4.36970e-05
4.63062e+03	1.59510e-02	3.70048e-02	5.36064	1.35036	4.36970e-05
4.63450e+03	1.59390e-02	1.77792e-02	2.67250	3.00316	4.36970e-05
4.63838e+03	1.59306e-02	4.01876e-02	2.46386	2.18397	4.36970e-05
4.64226e+03	1.59292e-02	1.01537e-02	1.81281	1.73741	4.36970e-05
4.64614e+03	1.59323e-02	3.48904e-02	5.68076	3.09917	4.36970e-05
4.65003e+03	1.59424e-02	3.08446e-02	5.56107	2.17208	4.36970e-05
4.65391e+03	1.59503e-02	1.97736e-02	2.62685	4.13852	4.36970e-05
4.65779e+03	1.59536e-02	4.56175e-02	2.75707	3.04225	4.36970e-05
