# t	a	e	mean_anomaly	varpi	mass/M_star
0.00000e+00	1.21581e-02	1.45354e-03	0.99007	1.67312	4.59020e-05
4.65857e+01	1.21605e-02	2.57981e-03	3.39900	1.52467	4.59020e-05
9.31714e+01	1.21586e-02	1.62679e-03	3.11231	2.39334	4.59020e-05
1.39757e+02	1.21577e-02	1.00247e-03	2.00338	4.15762	4.59020e-05
1.86343e+02	1.21585e-02	2.82077e-03	3.20722	4.86346	4.59020e-05
2.32928e+02	1.21589e-02	1.34549e-03	5.80263	4.65416	4.59020e-05
2.79514e+02	1.21577e-02	2.83276e-03	1.38576	0.50833	4.59020e-05
3.26100e+02	1.21579e-02	1.45574e-03	0.80387	6.27123	4.59020e-05
3.72685e+02	1.21588e-02	2.41691e-03	3.33441	1.14218	4.59020e-05
4.19271e+02	1.21615e-02	1.27626e-03	0.92321	1.65241	4.59020e-05
4.65857e+02	1.21587e-02	2.59752e-03	4.70756	2.47714	4.59020e-05
5.12442e+02	1.21581e-02	5.47191e-04	0.82553	3.58912	4.59020e-05
5.59028e+02	1.21569e-02	2.97889e-03	5.60085	3.65020	4.59020e-05
6.05614e+02	1.21576e-02	1.34577e-03	2.63579	5.15529	4.59020e-05
6.52199e+02	1.21582e-02	3.33746e-03	5.47516	4.86243	4.59020e-05
6.98785e+02	1.21581e-02	1.48847e-03	5.99246	5.29185	4.59020e-05
7.45371e+02	1.21578e-02	2.96213e-03	1.15456	1.01629	4.59020e-05
7.91956e+02	1.21583e-02	1.70275e-03	6.15475	1.19917	4.59020e-05
8.38542e+02	1.21576e-02	2.79927e-03	3.20033	2.07778	4.59020e-05
8.85128e+02	1.21580e-02	2.95187e-03	4.04384	2.60613	4.59020e-05
9.31713e+02	1.21584e-02	1.55713e-03	5.16533	3.20249	4.59020e-05
9.78299e+02	1.21588e-02	2.19265e-03	5.62352	4.65970	4.59020e-05
1.02488e+03	1.21575e-02	2.72088e-03	5.88882	5.42864	4.59020e-05
1.07147e+03	1.21619e-02	2.67471e-03	2.63605	5.81912	4.59020e-05
1.11806e+03	1.21586e-02	3.47443e-03	5.78911	1.03735	4.59020e-05
1.16464e+03	1.21617e-02	1.25986e-03	3.80131	1.69044	4.59020e-05
1.21123e+03	1.21602e-02	2.98591e-03	5.89952	2.50849	4.59020e-05
1.25781e+03	1.21587e-02	2.89347e-03	5.76766	3.23810	4.59020e-05
1.30440e+03	1.21581e-02	2.33027e-03	0.70496	3.91391	4.59020e-05
1.35098e+03	1.21581e-02	2.64451e-03	0.66105	5.08939	4.59020e-05
1.39757e+03	1.21583e-02	3.63049e-03	1.25959	0.16866	4.59020e-05
1.44416e+03	1.21586e-02	4.47676e-03	2.32607	0.88641	4.59020e-05
1.49074e+03	1.21624e-02	3.10418e-03	4.72774	1.12630	4.59020e-05
1.53733e+03	1.21576e-02	3.66824e-03	0.69764	2.95570	4.59020e-05
1.58391e+03	1.21621e-02	3.62074e-03	2.45355	3.18918	4.59020e-05
1.63050e+03	1.21587e-02	3.12253e-03	3.39866	3.70218	4.59020e-05
1.67708e+03	1.21573e-02	3.87974e-03	5.80429	5.36333	4.59020e-05
1.72367e+03	1.21582e-02	2.69016e-03	4.27497	6.19449	4.59020e-05
1.77026e+03	1.21582e-02	4.06585e-03	0.82448	0.69072	4.59020e-05
1.81684e+03	1.21598e-02	2.40595e-03	5.11533	0.99400	4.59020e-05
1.86343e+03	1.21586e-02	5.15838e-03	2.97688	1.72655	4.59020e-05
1.91001e+03	1.21574e-02	3.24497e-03	6.03914	2.45920	4.59020e-05
1.95660e+03	1.21582e-02	4.53075e-03	4.25087	3.33343	4.59020e-05
2.00318e+03	1.21576e-02	4.09036e-03	1.67013	4.52115	4.59020e-05
2.04977e+03	1.21587e-02	5.43880e-03	2.50123	5.19859	4.59020e-05
2.09636e+03	1.21584e-02	3.98730e-03	4.67960	5.55047	4.59020e-05
2.14294e+03	1.21577e-02	2.35765e-03	4.75467	0.49871	4.59020e-05
2.18953e+03	1.21583e-02	4.61548e-03	5.98240	1.76408	4.59020e-05
2.23611e+03	1.21573e-02	4.29671e-03	0.20805	2.48392	4.59020e-05
2.28270e+03	1.21577e-02	3.84835e-03	2.95239	2.78251	4.59020e-05
2.32928e+03	1.21573e-02	3.44319e-03	4.52969	4.13691	4.59020e-05
2.37587e+03	1.21577e-02	4.62630e-03	0.32266	5.00888	4.59020e-05
2.42245e+03	1.21592e-02	4.60893e-03	0.40741	5.85140	4.59020e-05
2.46904e+03	1.21579e-02	4.23981e-03	2.03219	0.16692	4.59020e-05
2.51563e+03	1.21578e-02	3.92817e-03	2.12473	0.89081	4.59020e-05
2.56221e+03	1.21583e-02	2.43369e-03	3.40220	2.06147	4.59020e-05
2.60880e+03	1.21625e-02	2.69247e-03	3.19001	2.94269	4.59020e-05
2.65538e+03	1.21606e-02	5.20528e-03	5.09364	4.00565	4.59020e-05
2.70197e+03	1.21596e-02	2.05921e-03	3.02058	3.54754	4.59020e-05
2.74855e+03	1.21597e-02	3.66962e-03	1.31137	0.73892	4.59020e-05
2.79514e+03	1.21606e-02	1.14748e-03	3.39848	0.88289	4.59020e-05
2.84173e+03	1.21597e-02	2.68944e-03	1.73986	2.46737	4.59020e-05
2.88831e+03	1.21606e-02	3.26362e-03	3.44478	2.34841	4.59020e-05
2.93490e+03	1.21592e-02	3.88323e-03	3.61358	5.82157	4.59020e-05
2.98148e+03	1.21594e-02	2.06094e-03	1.80826	3.83391	4.59020e-05
3.02807e+03	1.21647e-02	4.62955e-03	0.65070	3.23370	4.59020e-05
3.07465e+03	1.21605e-02	5.03285e-03	2.25979	0.21461	4.59020e-05
3.12124e+03	1.21598e-02	6.41063e-03	1.82049	6.14323	4.59020e-05
3.16783e+03	1.21599e-02	9.57738e-03	0.49275	1.46126	4.59020e-05
3.21441e+03	1.21598e-02	5.24642e-03	4.86678	2.31596	4.59020e-05
3.26100e+03	1.21620e-02	6.95415e-03	2.81838	1.69739	4.59020e-05
3.30758e+03	1.21589e-02	1.10818e-02	3.12510	2.18679	4.59020e-05
3.35417e+03	1.21617e-02	7.48423e-03	6.23118	2.14098	4.59020e-05
3.40075e+03	1.21607e-02	6.58472e-03	4.75526	2.95906	4.59020e-05
3.44734e+03	1.21599e-02	1.04218e-02	5.62839	4.85654	4.59020e-05
3.49393e+03	1.21605e-02	8.61446e-03	1.69037	4.10841	4.59020e-05
3.54051e+03	1.21615e-02	8.28256e-03	6.10580	4.98256	4.59020e-05
3.58710e+03	1.21600e-02	7.90696e-03	3.58161	5.22488	4.59020e-05
3.63368e+03	1.21602e-02	6.70399e-03	1.50895	5.61157	4.59020e-05
3.68027e+03	1.21622e-02	5.89390e-03	4.84282	6.11127	4.59020e-05
3.72685e+03	1.21607e-02	7.02831e-03	4.29558	0.39011	4.59020e-05
3.77344e+03	1.21595e-02	1.12773e-02	2.87668	0.14454	4.59020e-05
3.82002e+03	1.21604e-02	1.12288e-02	5.70847	1.31401	4.59020e-05
3.86661e+03	1.21591e-02	1.04169e-02	3.47243	1.92246	4.59020e-05
3.91320e+03	1.21595e-02	9.73426e-03	0.32872	3.39142	4.59020e-05
3.95978e+03	1.21593e-02	9.97246e-03	3.35748	4.40096	4.59020e-05
4.00637e+03	1.21589e-02	8.68623e-03	0.08418	5.57785	4.59020e-05
4.05295e+03	1.21635e-02	9.56188e-03	5.12849	5.94217	4.59020e-05
4.09954e+03	1.21578e-02	8.68034e-03	3.85132	5.96386	4.59020e-05
4.14612e+03	1.21576e-02	8.59306e-03	0.05988	0.82122	4.59020e-05
4.19271e+03	1.21597e-02	6.58097e-03	5.21567	1.88108	4.59020e-05
4.23930e+03	1.21613e-02	9.57002e-03	2.39850	2.04862	4.59020e-05
4.28588e+03	1.21606e-02	7.08295e-03	1.95217	2.49293	4.59020e-05
4.33247e+03	1.21606e-02	7.69919e-03	3.60963	1.68577	4.59020e-05
4.37905e+03	1.21596e-02	1.29564e-02	4.95942	2.18101	4.59020e-05
4.42564e+03	1.21601e-02	1.06245e-02	1.14470	1.94707	4.59020e-05
4.47222e+03	1.21646e-02	9.76951e-03	0.41968	2.48964	4.59020e-05
4.51881e+03	1.21614e-02	9.22224e-03	5.20339	3.52834	4.59020e-05
4.56540e+03	1.21592e-02	1.05272e-02	1.26865	4.01762	4.59020e-05
4.61198e+03	1.21590e-02	1.21152e-02	1.25904	4.56140	4.59020e-05
4.65857e+03	1.21596e-02	1.01179e-02	3.11949	4.76820	4.59020e-05
4.70515e+03	1.21605e-02	6.51677e-03	2.94749	5.71072	4.59020e-05
4.75174e+03	1.21616e-02	6.02239e-03	5.01934	5.96999	4.59020e-05
4.79832e+03	1.21593e-02	1.04930e-02	1.31156	1.14217	4.59020e-05
4.84491e+03	1.21618e-02	3.02796e-03	0.85761	0.86003	4.59020e-05
4.89150e+03	1.21608e-02	8.50225e-03	4.38468	5.13900	4.59020e-05
4.93808e+03	1.21615e-02	4.93971e-03	0.33643	4.23569	4.59020e-05
4.98467e+03	1.21609e-02	7.79953e-03	4.53554	0.72695	4.59020e-05
5.03125e+03	1.21606e-02	6.13947e-03	2.04142	6.18366	4.59020e-05
5.07784e+03	1.21609e-02	8.99763e-03	1.74224	2.93102	4.59020e-05
5.12442e+03	1.21601e-02	1.03068e-02	4.15144	3.79453	4.59020e-05
5.17101e+03	1.21627e-02	6.73797e-03	0.98048	4.71453	4.59020e-05
5.21759e+03	1.21587e-02	1.13137e-02	2.12636	5.43382	4.59020e-05
5.26418e+03	1.21587e-02	4.70268e-03	4.64529	0.37352	4.59020e-05
5.31077e+03	1.21579e-02	1.25371e-02	0.13402	1.31909	4.59020e-05
5.35735e+03	1.21590e-02	8.40252e-03	0.49032	2.54993	4.59020e-05
5.40394e+03	1.21587e-02	4.00607e-03	5.47591	2.15548	4.59020e-05
5.45052e+03	1.21602e-02	2.55517e-03	2.68928	1.22176	4.59020e-05
5.49711e+03	1.21581e-02	5.55766e-03	3.54643	2.17633	4.59020e-05
5.54369e+03	1.21574e-02	8.06318e-03	0.50975	3.54909	4.59020e-05
5.59028e+03	1.21568e-02	1.62466e-02	1.68513	4.43656	4.59020e-05
5.63687e+03	1.21584e-02	1.86827e-02	5.71987	5.01864	4.59020e-05
5.68345e+03	1.21579e-02	2.01679e-02	2.00015	6.09875	4.59020e-05
5.73004e+03	1.21555e-02	1.82824e-02	5.10004	0.13674	4.59020e-05
5.77662e+03	1.21566e-02	1.11640e-02	0.40013	0.05452	4.59020e-05
5.82321e+03	1.21544e-02	8.28403e-03	3.26390	0.62006	4.59020e-05
5.86979e+03	1.21532e-02	1.34726e-02	3.18685	4.15708	4.59020e-05
5.91638e+03	1.21547e-02	1.70569e-02	5.32708	3.19276	4.59020e-05
5.96297e+03	1.21541e-02	1.72667e-02	0.57232	3.80274	4.59020e-05
6.00955e+03	1.21556e-02	1.21221e-02	0.59102	2.54396	4.59020e-05
6.05614e+03	1.21534e-02	1.88588e-02	4.20412	5.65703	4.59020e-05
6.10272e+03	1.21548e-02	1.05443e-02	4.07462	3.86183	4.59020e-05
6.14931e+03	1.21544e-02	4.47591e-03	1.54886	1.65585	4.59020e-05
6.19589e+03	1.21527e-02	6.80868e-03	5.58169	2.43337	4.59020e-05
6.24248e+03	1.21537e-02	4.39129e-03	3.52371	2.91571	4.59020e-05
6.28907e+03	1.21535e-02	1.22326e-02	5.26060	3.25582	4.59020e-05
6.33565e+03	1.21522e-02	1.30513e-02	2.29668	1.66030	4.59020e-05
6.38224e+03	1.21577e-02	1.72591e-02	4.31134	3.44937	4.59020e-05
6.42882e+03	1.21571e-02	1.34158e-02	4.04035	4.78823	4.59020e-05
6.47541e+03	1.21574e-02	1.82430e-02	4.61248	5.93389	4.59020e-05
6.52199e+03	1.21572e-02	1.35676e-02	5.30543	0.47326	4.59020e-05
6.56858e+03	1.21578e-02	1.65125e-02	0.25893	1.76880	4.59020e-05
6.61516e+03	1.21576e-02	1.17348e-02	0.17224	2.64651	4.59020e-05
6.66175e+03	1.21520e-02	1.11239e-02	0.27329	4.72699	4.59020e-05
6.70834e+03	1.21555e-02	1.34557e-02	1.91429	4.66374	4.59020e-05
6.75492e+03	1.21544e-02	1.39232e-02	3.03991	3.53365	4.59020e-05
6.80151e+03	1.21536e-02	2.01786e-02	1.28765	4.28935	4.59020e-05
6.84809e+03	1.21540e-02	3.87284e-03	5.22879	4.57842	4.59020e-05
6.89468e+03	1.21511e-02	1.47748e-02	1.23760	2.94467	4.59020e-05
6.94126e+03	1.21557e-02	1.53187e-02	5.69615	3.25979	4.59020e-05
6.98785e+03	1.21514e-02	2.38434e-02	2.85068	2.15312	4.59020e-05
7.03444e+03	1.21539e-02	1.83161e-02	5.08473	1.13920	4.59020e-05
7.08102e+03	1.21505e-02	1.45512e-02	1.87387	5.94868	4.59020e-05
7.12761e+03	1.21501e-02	1.78248e-02	4.02709	0.40227	4.59020e-05
7.17419e+03	1.21549e-02	1.50995e-02	2.49392	1.44838	4.59020e-05
7.22078e+03	1.21508e-02	1.39656e-02	1.00921	2.29826	4.59020e-05
7.26736e+03	1.21529e-02	1.69002e-02	2.54920	2.53511	4.59020e-05
7.31395e+03	1.21536e-02	2.47218e-02	3.11372	2.88450	4.59020e-05
7.36054e+03	1.21553e-02	2.33212e-02	3.89458	1.52465	4.59020e-05
7.40712e+03	1.21544e-02	2.53163e-02	4.47037	5.42607	4.59020e-05
7.45371e+03	1.21529e-02	2.34992e-02	4.00466	3.37233	4.59020e-05
7.50029e+03	1.21532e-02	2.88659e-02	5.23943	0.57401	4.59020e-05
7.54688e+03	1.21552e-02	2.31830e-02	5.79616	4.40909	4.59020e-05
7.59346e+03	1.21547e-02	2.61885e-02	0.40987	2.76220	4.59020e-05
7.64005e+03	1.21556e-02	2.77783e-02	0.14721	1.63496	4.59020e-05
7.68664e+03	1.21583e-02	2.58341e-02	0.88084	5.24364	4.59020e-05
7.73322e+03	1.21521e-02	2.93258e-02	3.13912	1.72770	4.59020e-05
7.77981e+03	1.21540e-02	2.69557e-02	4.83247	4.99588	4.59020e-05
7.82639e+03	1.21525e-02	2.91987e-02	1.68545	1.61397	4.59020e-05
7.87298e+03	1.21566e-02	2.18824e-02	5.55838	1.37781	4.59020e-05
7.91956e+03	1.21583e-02	2.49284e-02	0.98338	3.21630	4.59020e-05
7.96615e+03	1.21538e-02	2.29182e-02	2.67019	4.07778	4.59020e-05
8.01273e+03	1.21551e-02	2.15268e-02	1.20636	4.12806	4.59020e-05
8.05932e+03	1.21504e-02	1.47085e-02	2.63651	4.11468	4.59020e-05
8.10591e+03	1.21578e-02	1.21412e-02	1.66550	5.75956	4.59020e-05
8.15249e+03	1.21545e-02	1.94076e-02	0.61584	0.11270	4.59020e-05
8.19908e+03	1.21555e-02	2.05257e-02	5.91917	0.47009	4.59020e-05
8.24566e+03	1.21537e-02	1.64819e-02	4.82815	0.61066	4.59020e-05
8.29225e+03	1.21591e-02	1.87052e-02	6.22964	5.72739	4.59020e-05
8.33883e+03	1.21567e-02	2.37798e-02	4.85677	4.02759	4.59020e-05
8.38542e+03	1.21583e-02	2.34460e-02	5.04510	3.77803	4.59020e-05
8.43201e+03	1.21556e-02	1.41444e-02	1.09379	1.77011	4.59020e-05
8.47859e+03	1.21546e-02	2.60861e-02	2.79980	5.35171	4.59020e-05
8.52518e+03	1.21544e-02	1.05579e-02	0.50861	5.72741	4.59020e-05
8.57176e+03	1.21543e-02	5.36798e-03	2.97793	4.42179	4.59020e-05
8.61835e+03	1.21534e-02	1.92004e-02	4.14471	1.99078	4.59020e-05
8.66493e+03	1.21537e-02	1.35973e-02	2.04397	2.75013	4.59020e-05
8.71152e+03	1.21551e-02	1.35323e-02	0.29397	3.44519	4.59020e-05
8.75811e+03	1.21515e-02	1.41418e-02	0.63211	4.43581	4.59020e-05
8.80469e+03	1.21523e-02	1.80129e-02	1.20516	5.01064	4.59020e-05
8.85128e+03	1.21529e-02	1.38144e-02	0.89014	6.09635	4.59020e-05
8.89786e+03	1.21517e-02	9.48784e-03	2.49881	0.45020	4.59020e-05
8.94445e+03	1.21540e-02	1.84200e-02	4.27302	1.69808	4.59020e-05
8.99103e+03	1.21533e-02	1.78134e-02	3.49412	2.44054	4.59020e-05
9.03762e+03	1.21546e-02	1.45788e-02	4.59106	3.15374	4.59020e-05
9.08421e+03	1.21543e-02	2.30700e-02	4.40029	4.51384	4.59020e-05
9.13079e+03	1.21560e-02	2.82788e-02	1.04327	5.98889	4.59020e-05
9.17738e+03	1.21527e-02	3.35421e-02	1.38390	0.83567	4.59020e-05
9.22396e+03	1.21577e-02	2.51436e-02	3.54332	2.17780	4.59020e-05
9.27055e+03	1.21533e-02	1.90031e-02	1.47935	3.94430	4.59020e-05
9.31713e+03	1.21501e-02	1.28075e-02	6.02530	4.98649	4.59020e-05
9.36372e+03	1.21551e-02	3.66742e-03	6.07193	0.83661	4.59020e-05
9.41030e+03	1.21564e-02	1.76986e-02	5.44571	4.29311	4.59020e-05
9.45689e+03	1.21525e-02	1.20197e-02	6.16787	3.45547	4.59020e-05
9.50348e+03	1.21611e-02	1.63433e-02	0.93213	5.82975	4.59020e-05
9.55006e+03	1.21576e-02	2.42505e-02	6.15176	1.79652	4.59020e-05
9.59665e+03	1.21574e-02	1.46576e-02	1.03044	3.74979	4.59020e-05
9.64323e+03	1.21563e-02	2.32554e-02	2.51906	3.21192	4.59020e-05
9.68982e+03	1.21542e-02	1.06345e-02	5.51097	2.83589	4.59020e-05
9.73640e+03	1.21582e-02	2.44602e-02	4.58042	5.38476	4.59020e-05
9.78299e+03	1.21556e-02	1.56473e-02	4.06867	1.75519	4.59020e-05
9.82958e+03	1.21550e-02	1.89581e-02	4.06413	4.03144	4.59020e-05
9.87616e+03	1.21544e-02	3.02491e-02	3.16988	0.29518	4.59020e-05
9.92275e+03	1.21554e-02	2.26101e-02	2.68007	2.67189	4.59020e-05
9.96933e+03	1.21547e-02	2.29312e-02	3.18814	4.39983	4.59020e-05
1.00159e+04	1.21551e-02	1.29330e-02	1.99903	1.33568	4.59020e-05
1.00625e+04	1.21533e-02	1.50554e-02	3.67557	6.15019	4.59020e-05
1.01091e+04	1.21581e-02	2.05511e-02	2.62247	0.99557	4.59020e-05
1.01557e+04	1.21566e-02	7.78512e-03	1.16048	4.55610	4.59020e-05
1.02023e+04	1.21559e-02	2.78588e-02	5.65051	4.03798	4.59020e-05
1.02488e+04	1.21566e-02	6.60152e-03	1.35183	4.41923	4.59020e-05
1.02954e+04	1.21561e-02	1.33767e-02	5.29784	3.29355	4.59020e-05
1.03420e+04	1.21581e-02	1.37834e-02	2.85884	2.14715	4.59020e-05
1.03886e+04	1.21560e-02	6.89565e-03	0.94115	2.70325	4.59020e-05
1.04352e+04	1.21589e-02	2.50972e-02	0.52826	3.06130	4.59020e-05
1.04818e+04	1.21568e-02	1.36322e-02	2.03440	2.87511	4.59020e-05
1.05284e+04	1.21564e-02	1.51546e-02	0.57659	3.87455	4.59020e-05
1.05749e+04	1.21579e-02	1.67237e-02	1.09048	3.09594	4.59020e-05
1.06215e+04	1.21574e-02	9.71003e-03	2.04464	0.70644	4.59020e-05
1.06681e+04	1.21596e-02	1.84326e-02	0.78766	2.05924	4.59020e-05
1.07147e+04	1.21558e-02	2.31405e-02	0.36028	1.48456	4.59020e-05
1.07613e+04	1.21566e-02	4.92268e-03	0.34591	3.11445	4.59020e-05
1.08079e+04	1.21560e-02	1.81360e-03	1.36283	3.62665	4.59020e-05
1.08545e+04	1.21585e-02	8.85817e-03	3.20542	4.50738	4.59020e-05
1.09010e+04	1.21590e-02	7.45190e-03	1.75501	0.24544	4.59020e-05
1.09476e+04	1.21582e-02	2.40656e-02	0.60794	5.97792	4.59020e-05
1.09942e+04	1.21553e-02	3.01978e-03	0.92860	3.90933	4.59020e-05
1.10408e+04	1.21555e-02	8.88816e-03	0.93396	0.72361	4.59020e-05
1.10874e+04	1.21574e-02	2.12905e-02	5.38398	4.18509	4.59020e-05
1.11340e+04	1.21571e-02	1.34243e-02	4.32749	6.00460	4.59020e-05
1.11806e+04	1.21547e-02	1.05814e-02	5.22239	2.14877	4.59020e-05
1.12271e+04	1.21550e-02	1.82303e-02	3.59133	0.48045	4.59020e-05
1.12737e+04	1.21546e-02	1.56391e-02	0.31475	1.36902	4.59020e-05
1.13203e+04	1.21533e-02	9.77549e-03	4.96488	4.80886	4.59020e-05
1.13669e+04	1.21575e-02	1.54307e-02	5.83446	0.87808	4.59020e-05
1.14135e+04	1.21568e-02	1.98923e-02	2.64528	2.68914	4.59020e-05
1.14601e+04	1.21593e-02	2.19465e-02	0.62017	4.28578	4.59020e-05
1.15067e+04	1.21575e-02	9.62880e-03	3.00824	1.15909	4.59020e-05
1.15532e+04	1.21591e-02	8.68237e-03	0.11107	5.57179	4.59020e-05
1.15998e+04	1.21578e-02	1.89469e-02	5.33393	1.91238	4.59020e-05
1.16464e+04	1.21571e-02	1.14295e-02	5.58059	4.49209	4.59020e-05
1.16930e+04	1.21570e-02	1.21819e-02	0.20442	2.66699	4.59020e-05
1.17396e+04	1.21571e-02	2.21458e-02	1.70963	4.06499	4.59020e-05
1.17862e+04	1.21571e-02	1.72369e-02	3.94201	3.61292	4.59020e-05
1.18328e+04	1.21581e-02	9.22932e-03	4.88965	5.24716	4.59020e-05
1.18793e+04	1.21571e-02	2.16400e-02	3.64316	0.86795	4.59020e-05
1.19259e+04	1.21554e-02	1.15667e-02	1.10309	0.00197	4.59020e-05
1.19725e+04	1.21546e-02	1.86569e-02	2.95006	0.80860	4.59020e-05
1.20191e+04	1.21544e-02	1.88116e-02	4.84640	4.76164	4.59020e-05
1.20657e+04	1.21587e-02	6.00370e-03	2.42626	0.48316	4.59020e-05
1.21123e+04	1.21536e-02	1.76573e-02	2.63093	2.73469	4.59020e-05
1.21589e+04	1.21569e-02	7.25179e-03	4.04411	3.27264	4.59020e-05
1.22054e+04	1.21582e-02	2.20217e-02	3.65174	0.08720	4.59020e-05
1.22520e+04	1.21584e-02	7.65274e-03	2.06943	2.88524	4.59020e-05
1.22986e+04	1.21569e-02	1.77795e-02	5.23553	6.04904	4.59020e-05
1.23452e+04	1.21564e-02	1.93817e-02	2.26859	2.69443	4.59020e-05
1.23918e+04	1.21570e-02	2.25922e-02	0.50929	4.63226	4.59020e-05
1.24384e+04	1.21567e-02	1.30606e-02	3.84005	1.45808	4.59020e-05
1.24850e+04	1.21570e-02	1.30123e-02	1.48814	4.03247	4.59020e-05
1.25315e+04	1.21572e-02	2.74568e-02	5.66654	0.06161	4.59020e-05
1.25781e+04	1.21562e-02	1.69626e-02	3.40394	2.32706	4.59020e-05
1.26247e+04	1.21585e-02	1.21714e-02	1.90032	4.66362	4.59020e-05
1.26713e+04	1.21566e-02	1.06122e-02	5.52739	1.08477	4.59020e-05
1.27179e+04	1.21575e-02	1.95157e-02	4.32582	4.42051	4.59020e-05
1.27645e+04	1.21551e-02	2.20787e-02	4.68444	5.85625	4.59020e-05
1.28111e+04	1.21558e-02	2.02449e-02	4.40373	1.07012	4.59020e-05
1.28576e+04	1.21522e-02	2.99338e-02	5.72538	1.00425	4.59020e-05
1.29042e+04	1.21504e-02	1.22182e-02	0.05770	6.21285	4.59020e-05
1.29508e+04	1.21501e-02	2.17169e-02	0.36131	4.80648	4.59020e-05
1.29974e+04	1.21519e-02	2.92891e-02	1.24326	5.15943	4.59020e-05
1.30440e+04	1.21537e-02	2.61882e-02	3.13212	0.50196	4.59020e-05
1.30906e+04	1.21539e-02	2.68858e-02	2.47150	1.82381	4.59020e-05
1.31372e+04	1.21540e-02	1.03776e-02	3.36225	4.88875	4.59020e-05
1.31837e+04	1.21530e-02	2.70736e-02	3.10945	4.49537	4.59020e-05
1.32303e+04	1.21534e-02	2.67378e-02	2.29513	5.62501	4.59020e-05
1.32769e+04	1.21483e-02	3.06056e-02	4.59887	0.14500	4.59020e-05
1.33235e+04	1.21567e-02	2.46304e-02	3.72176	0.57143	4.59020e-05
1.33701e+04	1.21518e-02	1.99764e-02	2.62314	1.48731	4.59020e-05
1.34167e+04	1.21537e-02	1.65178e-02	2.90564	1.81886	4.59020e-05
1.34633e+04	1.21573e-02	9.12240e-03	3.32071	2.20868	4.59020e-05
1.35098e+04	1.21522e-02	1.93956e-02	1.64132	6.13624	4.59020e-05
1.35564e+04	1.21523e-02	1.82887e-02	3.74316	3.77664	4.59020e-05
1.36030e+04	1.21576e-02	1.26854e-02	3.22609	3.64909	4.59020e-05
1.36496e+04	1.21564e-02	2.88405e-02	0.84320	5.79150	4.59020e-05
1.36962e+04	1.21527e-02	2.21011e-02	1.51956	2.49103	4.59020e-05
1.37428e+04	1.21534e-02	2.36957e-02	4.84025	6.23308	4.59020e-05
1.37894e+04	1.21551e-02	2.20743e-02	1.40492	3.69734	4.59020e-05
1.38359e+04	1.21493e-02	3.00154e-02	3.48946	2.30331	4.59020e-05
1.38825e+04	1.21528e-02	1.59927e-02	5.44086	6.26709	4.59020e-05
1.39291e+04	1.21515e-02	2.48325e-02	3.87603	2.07507	4.59020e-05
1.39757e+04	1.21500e-02	3.15952e-02	0.93377	5.40713	4.59020e-05
1.40223e+04	1.21508e-02	2.30768e-02	5.02256	2.24608	4.59020e-05
1.40689e+04	1.21507e-02	2.99199e-02	2.70275	5.42308	4.59020e-05
1.41155e+04	1.21538e-02	2.69387e-02	1.09881	2.14645	4.59020e-05
1.41620e+04	1.21527e-02	2.77001e-02	1.66089	2.56754	4.59020e-05
1.42086e+04	1.21530e-02	2.09522e-02	0.65787	2.86613	4.59020e-05
1.42552e+04	1.21561e-02	2.25563e-02	1.22296	4.03304	4.59020e-05
1.43018e+04	1.21511e-02	1.35017e-02	3.37347	2.07379	4.59020e-05
1.43484e+04	1.21518e-02	2.63888e-02	6.19503	0.04952	4.59020e-05
1.43950e+04	1.21546e-02	2.42959e-02	1.94885	0.49881	4.59020e-05
1.44416e+04	1.21481e-02	2.62965e-02	4.51825	1.46422	4.59020e-05
1.44881e+04	1.21475e-02	2.21667e-02	4.26131	2.88914	4.59020e-05
1.45347e+04	1.21526e-02	2.28679e-02	0.19444	3.52383	4.59020e-05
1.45813e+04	1.21544e-02	1.96757e-02	6.12192	6.25587	4.59020e-05
1.46279e+04	1.21496e-02	3.11503e-02	6.05057	2.20269	4.59020e-05
1.46745e+04	1.21521e-02	2.22075e-02	4.70657	4.72936	4.59020e-05
1.47211e+04	1.21538e-02	2.39137e-02	1.62427	2.06109	4.59020e-05
1.47677e+04	1.21528e-02	2.19063e-02	4.80591	0.20090	4.59020e-05
1.48142e+04	1.21519e-02	1.85876e-02	0.91004	5.11909	4.59020e-05
1.48608e+04	1.21521e-02	1.91261e-02	2.10290	4.21521	4.59020e-05
1.49074e+04	1.21543e-02	2.61775e-02	4.74570	3.10250	4.59020e-05
1.49540e+04	1.21506e-02	1.99063e-02	1.88259	0.43300	4.59020e-05
1.50006e+04	1.21525e-02	2.24861e-02	5.94314	3.96901	4.59020e-05
1.50472e+04	1.21545e-02	2.28001e-02	3.78037	0.81091	4.59020e-05
1.50938e+04	1.21496e-02	2.49909e-02	4.82362	3.06366	4.59020e-05
1.51403e+04	1.21512e-02	2.50981e-02	1.25477	5.55980	4.59020e-05
1.51869e+04	1.21524e-02	2.28988e-02	4.62015	1.53676	4.59020e-05
1.52335e+04	1.21533e-02	2.32978e-02	0.88494	4.22253	4.59020e-05
1.52801e+04	1.21521e-02	2.15222e-02	4.14205	0.24703	4.59020e-05
1.53267e+04	1.21505e-02	2.12924e-02	0.19086	3.06877	4.59020e-05
1.53733e+04	1.21508e-02	1.97632e-02	1.41200	0.11144	4.59020e-05
1.54199e+04	1.21515e-02	1.93117e-02	3.90978	3.05697	4.59020e-05
1.54664e+04	1.21500e-02	2.56036e-02	5.94731	5.99365	4.59020e-05
1.55130e+04	1.21521e-02	2.13608e-02	2.32119	2.29819	4.59020e-05
1.55596e+04	1.21536e-02	2.41456e-02	5.62218	4.55151	4.59020e-05
1.56062e+04	1.21529e-02	2.51156e-02	1.13366	1.08544	4.59020e-05
1.56528e+04	1.21533e-02	2.00859e-02	0.91581	4.20200	4.59020e-05
1.56994e+04	1.21496e-02	3.02205e-02	5.68850	1.29089	4.59020e-05
1.57460e+04	1.21529e-02	2.60671e-02	4.25341	4.51465	4.59020e-05
1.57925e+04	1.21521e-02	2.64087e-02	2.90486	1.48030	4.59020e-05
1.58391e+04	1.21539e-02	2.80655e-02	1.24876	4.71976	4.59020e-05
1.58857e+04	1.21557e-02	1.83576e-02	5.19998	2.02101	4.59020e-05
1.59323e+04	1.21539e-02	2.66327e-02	3.19004	5.50455	4.59020e-05
1.59789e+04	1.21526e-02	2.37145e-02	1.85731	1.74878	4.59020e-05
1.60255e+04	1.21519e-02	2.41659e-02	1.25073	4.30802	4.59020e-05
1.60721e+04	1.21528e-02	2.49878e-02	3.72330	0.69997	4.59020e-05
1.61186e+04	1.21540e-02	2.99606e-02	4.02905	2.92049	4.59020e-05
1.61652e+04	1.21518e-02	1.72691e-02	2.53913	0.12919	4.59020e-05
1.62118e+04	1.21513e-02	1.99022e-02	1.73290	3.06681	4.59020e-05
1.62584e+04	1.21534e-02	1.23335e-02	4.17686	1.97680	4.59020e-05
1.63050e+04	1.21522e-02	2.93932e-02	1.61583	0.20044	4.59020e-05
1.63516e+04	1.21534e-02	1.72133e-02	5.91994	4.69177	4.59020e-05
1.63982e+04	1.21538e-02	1.94710e-02	3.07262	2.35070	4.59020e-05
1.64447e+04	1.21531e-02	2.51703e-02	0.65214	3.15133	4.59020e-05
1.64913e+04	1.21528e-02	2.86343e-02	3.07569	3.54193	4.59020e-05
1.65379e+04	1.21548e-02	2.07354e-02	4.50403	3.75519	4.59020e-05
1.65845e+04	1.21526e-02	1.36572e-02	5.23731	3.79445	4.59020e-05
1.66311e+04	1.21541e-02	1.08604e-02	6.00369	4.91609	4.59020e-05
1.66777e+04	1.21533e-02	1.26356e-02	1.01943	5.82813	4.59020e-05
1.67243e+04	1.21510e-02	1.38821e-02	2.09000	0.44796	4.59020e-05
1.67708e+04	1.21520e-02	2.45683e-02	0.80568	2.13139	4.59020e-05
1.68174e+04	1.21512e-02	2.28829e-02	4.68529	2.91926	4.59020e-05
1.68640e+04	1.21573e-02	2.38323e-02	3.72149	4.38034	4.59020e-05
1.69106e+04	1.21499e-02	1.61011e-02	4.53840	4.72617	4.59020e-05
1.69572e+04	1.21545e-02	1.22108e-02	1.72624	0.38375	4.59020e-05
1.70038e+04	1.21531e-02	2.04695e-02	4.36346	1.31008	4.59020e-05
1.70504e+04	1.21510e-02	2.23510e-02	3.27431	2.51285	4.59020e-05
1.70969e+04	1.21564e-02	1.85899e-02	4.84603	3.66530	4.59020e-05
1.71435e+04	1.21515e-02	1.77913e-02	4.06843	4.67682	4.59020e-05
1.71901e+04	1.21493e-02	2.13781e-02	0.30198	5.61282	4.59020e-05
1.72367e+04	1.21540e-02	1.90074e-02	5.32530	0.44721	4.59020e-05
1.72833e+04	1.21496e-02	1.78497e-02	4.23120	1.38752	4.59020e-05
1.73299e+04	1.21500e-02	1.63533e-02	1.94967	2.60945	4.59020e-05
1.73765e+04	1.21503e-02	1.77185e-02	2.70521	3.83672	4.59020e-05
1.74230e+04	1.21519e-02	1.53689e-02	3.91087	4.92752	4.59020e-05
1.74696e+04	1.21521e-02	1.87372e-02	5.02692	5.81476	4.59020e-05
1.75162e+04	1.21519e-02	2.35337e-02	1.00248	0.41169	4.59020e-05
1.75628e+04	1.21503e-02	2.22507e-02	0.35268	1.68185	4.59020e-05
1.76094e+04	1.21515e-02	1.39272e-02	1.69752	2.91527	4.59020e-05
1.76560e+04	1.21539e-02	1.33613e-02	0.76092	3.46942	4.59020e-05
1.77026e+04	1.21542e-02	8.70690e-03	2.44042	4.33543	4.59020e-05
1.77491e+04	1.21539e-02	9.53198e-03	2.23858	5.80917	4.59020e-05
1.77957e+04	1.21538e-02	7.99195e-03	1.64908	5.27767	4.59020e-05
1.78423e+04	1.21536e-02	1.12674e-02	5.61216	5.68528	4.59020e-05
1.78889e+04	1.21543e-02	6.62014e-03	5.70777	1.20988	4.59020e-05
1.79355e+04	1.21534e-02	9.37092e-03	5.96159	1.74430	4.59020e-05
1.79821e+04	1.21533e-02	1.28952e-02	0.97112	3.12008	4.59020e-05
1.80287e+04	1.21536e-02	8.38103e-03	3.20925	4.76964	4.59020e-05
1.80752e+04	1.21545e-02	1.08287e-02	1.63198	5.18503	4.59020e-05
1.81218e+04	1.21540e-02	9.64798e-03	2.93469	5.87164	4.59020e-05
1.81684e+04	1.21549e-02	1.95054e-02	2.52929	1.24156	4.59020e-05
1.82150e+04	1.21542e-02	1.80023e-02	1.65144	2.29873	4.59020e-05
1.82616e+04	1.21504e-02	2.18833e-02	0.28809	3.59293	4.59020e-05
1.83082e+04	1.21563e-02	1.77920e-02	1.89002	4.58717	4.59020e-05
1.83548e+04	1.21511e-02	1.77988e-02	2.43418	5.37173	4.59020e-05
1.84013e+04	1.21512e-02	1.36436e-02	1.48157	6.06763	4.59020e-05
1.84479e+04	1.21511e-02	1.44044e-03	0.32594	1.17791	4.59020e-05
1.84945e+04	1.21512e-02	7.89593e-03	3.89722	1.29650	4.59020e-05
1.85411e+04	1.21515e-02	1.52043e-02	5.75538	2.36224	4.59020e-05
1.85877e+04	1.21508e-02	1.66268e-02	5.12697	3.89134	4.59020e-05
1.86343e+04	1.21504e-02	1.49556e-02	0.42137	4.46704	4.59020e-05
1.86809e+04	1.21542e-02	1.10062e-02	4.40573	5.48304	4.59020e-05
1.87274e+04	1.21522e-02	1.76284e-02	3.63239	0.42782	4.59020e-05
1.87740e+04	1.21524e-02	4.64707e-03	4.10188	2.54256	4.59020e-05
1.88206e+04	1.21524e-02	5.55092e-03	0.44819	2.53669	4.59020e-05
1.88672e+04	1.21520e-02	1.68647e-02	4.68711	3.89431	4.59020e-05
1.89138e+04	1.21504e-02	1.82210e-02	1.84883	4.48122	4.59020e-05
1.89604e+04	1.21524e-02	1.71647e-02	4.69975	5.13874	4.59020e-05
1.90070e+04	1.21515e-02	1.28980e-02	1.88343	5.59190	4.59020e-05
1.90535e+04	1.21504e-02	1.27977e-02	4.03253	0.76782	4.59020e-05
1.91001e+04	1.21515e-02	3.79775e-03	3.45822	0.01730	4.59020e-05
1.91467e+04	1.21519e-02	1.62045e-02	5.10328	3.63156	4.59020e-05
1.91933e+04	1.21515e-02	1.30922e-02	0.77565	4.60254	4.59020e-05
1.92399e+04	1.21518e-02	1.04458e-02	1.37195	5.81567	4.59020e-05
1.92865e+04	1.21494e-02	8.40942e-03	3.80084	1.28120	4.59020e-05
1.93331e+04	1.21505e-02	6.63829e-03	0.50599	2.30523	4.59020e-05
1.93796e+04	1.21502e-02	1.01122e-02	4.84033	3.32433	4.59020e-05
1.94262e+04	1.21491e-02	9.76079e-03	2.59489	4.59965	4.59020e-05
1.94728e+04	1.21529e-02	1.10881e-02	1.03614	5.54712	4.59020e-05
1.95194e+04	1.21490e-02	1.22451e-02	5.40757	0.48400	4.59020e-05
1.95660e+04	1.21503e-02	1.05329e-02	3.68347	1.24953	4.59020e-05
1.96126e+04	1.21505e-02	1.29876e-02	2.00908	2.38432	4.59020e-05
1.96592e+04	1.21498e-02	1.09581e-02	0.36541	3.45448	4.59020e-05
1.97057e+04	1.21492e-02	1.21778e-02	5.80526	4.22043	4.59020e-05
1.97523e+04	1.21501e-02	1.27272e-02	4.76395	5.21697	4.59020e-05
1.97989e+04	1.21490e-02	1.06382e-02	3.41057	6.11221	4.59020e-05
1.98455e+04	1.21509e-02	1.34092e-02	1.89724	0.70396	4.59020e-05
1.98921e+04	1.21503e-02	1.28380e-02	0.83368	1.78903	4.59020e-05
1.99387e+04	1.21493e-02	1.17565e-02	6.04183	2.72657	4.59020e-05
1.99853e+04	1.21492e-02	1.45783e-02	5.14711	3.73498	4.59020e-05
2.00318e+04	1.21502e-02	1.52197e-02	4.11822	4.87423	4.59020e-05
2.00784e+04	1.21493e-02	1.19333e-02	2.51473	5.84859	4.59020e-05
2.01250e+04	1.21505e-02	1.28940e-02	0.31575	0.59821	4.59020e-05
2.01716e+04	1.21523e-02	1.13165e-02	4.46283	1.51228	4.59020e-05
2.02182e+04	1.21551e-02	1.06760e-02	1.87376	2.78657	4.59020e-05
2.02648e+04	1.21541e-02	8.58921e-03	5.95105	3.33788	4.59020e-05
2.03114e+04	1.21526e-02	5.58732e-03	3.34972	0.40640	4.59020e-05
2.03579e+04	1.21523e-02	1.53977e-02	4.95983	0.50690	4.59020e-05
2.04045e+04	1.21521e-02	2.89232e-03	3.27164	0.52804	4.59020e-05
2.04511e+04	1.21523e-02	1.59653e-02	2.68605	3.47879	4.59020e-05
2.04977e+04	1.21522e-02	7.68655e-03	5.41855	3.69277	4.59020e-05
2.05443e+04	1.21520e-02	3.25398e-03	5.65955	4.29025	4.59020e-05
2.05909e+04	1.21510e-02	1.33883e-02	0.28018	6.12890	4.59020e-05
2.06375e+04	1.21516e-02	8.80969e-03	2.95963	0.32419	4.59020e-05
2.06840e+04	1.21501e-02	5.87796e-03	2.27499	1.29856	4.59020e-05
2.07306e+04	1.21503e-02	1.23496e-03	1.90581	2.34345	4.59020e-05
2.07772e+04	1.21502e-02	2.99698e-03	3.04985	3.64440	4.59020e-05
2.08238e+04	1.21507e-02	1.82271e-03	0.20235	4.14788	4.59020e-05
2.08704e+04	1.21549e-02	2.30456e-03	5.40800	4.80613	4.59020e-05
2.09170e+04	1.21504e-02	3.25768e-03	2.27339	4.80136	4.59020e-05
2.09636e+04	1.21512e-02	1.87929e-03	2.60548	4.61267	4.59020e-05
2.10101e+04	1.21533e-02	1.19058e-03	2.23560	5.36706	4.59020e-05
2.10567e+04	1.21510e-02	9.91088e-03	1.04926	3.67896	4.59020e-05
2.11033e+04	1.21526e-02	1.07287e-02	3.10679	5.16987	4.59020e-05
2.11499e+04	1.21504e-02	1.10005e-02	5.68093	1.09202	4.59020e-05
2.11965e+04	1.21512e-02	1.55545e-02	1.45484	1.26266	4.59020e-05
2.12431e+04	1.21503e-02	1.53335e-02	5.25989	2.20225	4.59020e-05
2.12897e+04	1.21509e-02	1.92069e-02	4.58641	3.40976	4.59020e-05
2.13362e+04	1.21493e-02	1.35646e-02	3.99134	4.58168	4.59020e-05
2.13828e+04	1.21502e-02	1.15171e-02	5.39877	4.97431	4.59020e-05
2.14294e+04	1.21510e-02	1.02309e-02	6.14038	0.68734	4.59020e-05
2.14760e+04	1.21543e-02	9.33265e-03	3.10291	0.65148	4.59020e-05
2.15226e+04	1.21512e-02	7.48695e-03	2.43733	0.76643	4.59020e-05
2.15692e+04	1.21501e-02	6.16634e-03	3.37292	2.21690	4.59020e-05
2.16157e+04	1.21506e-02	4.07089e-03	5.48298	2.39702	4.59020e-05
2.16623e+04	1.21501e-02	3.49321e-03	0.51556	4.14192	4.59020e-05
2.17089e+04	1.21503e-02	4.25988e-03	5.69339	5.26531	4.59020e-05
2.17555e+04	1.21510e-02	3.76128e-03	5.87294	1.57984	4.59020e-05
2.18021e+04	1.21508e-02	1.63368e-02	1.52857	2.29044	4.59020e-05
2.18487e+04	1.21528e-02	1.30443e-02	0.13021	3.06357	4.59020e-05
2.18953e+04	1.21499e-02	1.83020e-02	0.48277	4.63033	4.59020e-05
2.19418e+04	1.21497e-02	1.81449e-02	3.96211	6.00552	4.59020e-05
2.19884e+04	1.21547e-02	1.96250e-02	5.16555	0.73532	4.59020e-05
2.20350e+04	1.21502e-02	1.29329e-02	0.11762	2.02859	4.59020e-05
2.20816e+04	1.21517e-02	1.79858e-02	3.48000	3.00293	4.59020e-05
2.21282e+04	1.21523e-02	1.77740e-02	2.24033	3.88526	4.59020e-05
2.21748e+04	1.21517e-02	1.57064e-02	2.88003	5.20477	4.59020e-05
2.22214e+04	1.21509e-02	3.86102e-03	2.97722	5.71095	4.59020e-05
2.22679e+04	1.21501e-02	6.06118e-04	3.43410	0.08960	4.59020e-05
2.23145e+04	1.21489e-02	2.20740e-03	6.13958	2.71622	4.59020e-05
2.23611e+04	1.21509e-02	7.14642e-03	3.40673	3.09062	4.59020e-05
2.24077e+04	1.21507e-02	1.78717e-02	1.22577	3.85084	4.59020e-05
2.24543e+04	1.21500e-02	1.58107e-02	2.56984	5.11488	4.59020e-05
2.25009e+04	1.21500e-02	1.20262e-02	4.91821	5.82936	4.59020e-05
2.25475e+04	1.21506e-02	8.95040e-03	0.58303	1.38760	4.59020e-05
2.25940e+04	1.21520e-02	8.14359e-03	2.05670	2.65707	4.59020e-05
2.26406e+04	1.21504e-02	9.61310e-03	2.03323	3.40996	4.59020e-05
2.26872e+04	1.21504e-02	1.10201e-02	0.39166	3.73844	4.59020e-05
2.27338e+04	1.21495e-02	1.09180e-02	2.14856	4.91451	4.59020e-05
2.27804e+04	1.21512e-02	1.23040e-02	4.48695	6.09911	4.59020e-05
2.28270e+04	1.21500e-02	9.54066e-03	6.03026	0.79366	4.59020e-05
2.28736e+04	1.21501e-02	8.18323e-03	0.52563	2.04302	4.59020e-05
2.29201e+04	1.21509e-02	7.51734e-03	3.29024	2.99812	4.59020e-05
2.29667e+04	1.21499e-02	3.89489e-03	3.81999	4.81124	4.59020e-05
2.30133e+04	1.21509e-02	1.44506e-02	0.58673	5.70931	4.59020e-05
2.30599e+04	1.21494e-02	1.16897e-02	2.50419	0.11035	4.59020e-05
2.31065e+04	1.21525e-02	1.39503e-02	4.36205	1.35409	4.59020e-05
2.31531e+04	1.21506e-02	4.80785e-03	3.39153	2.45584	4.59020e-05
2.31997e+04	1.21508e-02	6.34041e-03	1.16471	5.12247	4.59020e-05
2.32462e+04	1.21503e-02	1.08042e-02	1.96688	6.08735	4.59020e-05
2.32928e+04	1.21514e-02	1.80902e-02	3.12242	0.63812	4.59020e-05
2.33394e+04	1.21541e-02	1.45207e-02	2.72030	1.29470	4.59020e-05
2.33860e+04	1.21503e-02	3.73173e-03	1.85878	1.80719	4.59020e-05
2.34326e+04	1.21499e-02	1.30457e-03	1.44410	3.52664	4.59020e-05
2.34792e+04	1.21507e-02	3.46211e-03	2.44579	3.41549	4.59020e-05
2.35258e+04	1.21521e-02	6.22282e-03	0.41073	5.32228	4.59020e-05
2.35723e+04	1.21510e-02	5.05339e-03	1.21922	0.10804	4.59020e-05
2.36189e+04	1.21527e-02	4.14088e-03	1.57941	1.42708	4.59020e-05
2.36655e+04	1.21537e-02	3.42830e-03	4.23202	3.09412	4.59020e-05
2.37121e+04	1.21510e-02	4.99181e-03	2.41079	3.72530	4.59020e-05
2.37587e+04	1.21511e-02	1.00575e-02	0.71265	4.51585	4.59020e-05
2.38053e+04	1.21514e-02	1.22983e-02	2.56477	5.71153	4.59020e-05
2.38519e+04	1.21543e-02	1.10501e-02	1.92138	0.74677	4.59020e-05
2.38984e+04	1.21511e-02	8.88597e-03	5.02865	2.02884	4.59020e-05
2.39450e+04	1.21514e-02	9.47853e-03	2.84118	2.69110	4.59020e-05
2.39916e+04	1.21530e-02	1.01225e-02	0.41564	4.68294	4.59020e-05
2.40382e+04	1.21512e-02	1.57151e-02	5.83907	6.05728	4.59020e-05
2.40848e+04	1.21523e-02	1.24753e-02	5.09980	0.98357	4.59020e-05
2.41314e+04	1.21553e-02	1.55773e-02	0.88973	2.60291	4.59020e-05
2.41780e+04	1.21512e-02	1.09870e-02	5.59340	3.13758	4.59020e-05
2.42245e+04	1.21520e-02	8.61546e-03	1.13406	3.68036	4.59020e-05
2.42711e+04	1.21503e-02	9.30730e-03	4.97623	4.71827	4.59020e-05
2.43177e+04	1.21508e-02	6.88874e-03	0.30065	5.69075	4.59020e-05
2.43643e+04	1.21500e-02	8.39399e-03	1.39240	0.56151	4.59020e-05
2.44109e+04	1.21497e-02	4.34404e-03	6.09793	1.88222	4.59020e-05
2.44575e+04	1.21507e-02	1.18537e-02	6.15690	3.31222	4.59020e-05
2.45041e+04	1.21513e-02	8.87282e-03	1.25252	4.50637	4.59020e-05
2.45506e+04	1.21512e-02	1.26984e-02	2.86474	5.73091	4.59020e-05
2.45972e+04	1.21498e-02	1.41986e-02	0.39990	1.05356	4.59020e-05
2.46438e+04	1.21499e-02	1.39560e-02	3.31709	2.21507	4.59020e-05
2.46904e+04	1.21502e-02	1.37433e-02	1.41117	3.00670	4.59020e-05
2.47370e+04	1.21499e-02	1.29508e-02	5.89345	4.15853	4.59020e-05
2.47836e+04	1.21505e-02	1.26120e-02	1.79376	5.98782	4.59020e-05
2.48302e+04	1.21500e-02	1.24771e-02	5.20525	1.30527	4.59020e-05
2.48767e+04	1.21532e-02	1.25286e-02	1.77670	2.48757	4.59020e-05
2.49233e+04	1.21506e-02	1.07770e-02	4.93533	4.19946	4.59020e-05
2.49699e+04	1.21507e-02	9.11634e-03	1.51855	5.05791	4.59020e-05
2.50165e+04	1.21504e-02	1.17480e-02	5.30383	0.12819	4.59020e-05
2.50631e+04	1.21521e-02	1.50814e-02	2.73203	1.07296	4.59020e-05
2.51097e+04	1.21498e-02	1.15826e-02	0.44083	1.76765	4.59020e-05
2.51563e+04	1.21505e-02	9.34690e-03	5.94625	3.47895	4.59020e-05
2.52028e+04	1.21499e-02	8.09972e-03	3.35381	4.06821	4.59020e-05
2.52494e+04	1.21512e-02	8.40028e-03	6.26575	5.53671	4.59020e-05
2.52960e+04	1.21511e-02	9.56611e-03	4.93756	0.83223	4.59020e-05
2.53426e+04	1.21518e-02	3.16459e-03	1.84393	2.48539	4.59020e-05
2.53892e+04	1.21518e-02	7.67515e-03	4.37931	4.69368	4.59020e-05
2.54358e+04	1.21508e-02	7.79849e-03	2.39174	5.98699	4.59020e-05
2.54824e+04	1.21514e-02	6.74614e-03	4.51186	0.16920	4.59020e-05
2.55289e+04	1.21502e-02	4.96234e-03	3.95228	0.57333	4.59020e-05
2.55755e+04	1.21499e-02	7.58211e-03	0.84079	1.28624	4.59020e-05
2.56221e+04	1.21509e-02	1.44558e-02	5.67572	1.60999	4.59020e-05
2.56687e+04	1.21506e-02	1.05325e-02	0.42947	2.83816	4.59020e-05
2.57153e+04	1.21498e-02	1.30861e-02	0.55135	4.47881	4.59020e-05
2.57619e+04	1.21504e-02	7.63963e-03	3.26986	5.78623	4.59020e-05
2.58085e+04	1.21509e-02	6.11219e-03	5.31139	2.09162	4.59020e-05
2.58550e+04	1.21507e-02	5.11261e-03	1.87054	3.29963	4.59020e-05
2.59016e+04	1.21520e-02	1.07933e-02	5.20563	3.95473	4.59020e-05
2.59482e+04	1.21501e-02	1.40229e-02	3.12642	5.33113	4.59020e-05
2.59948e+04	1.21505e-02	1.32896e-02	1.42359	5.89165	4.59020e-05
2.60414e+04	1.21526e-02	7.73067e-03	3.62414	0.52421	4.59020e-05
2.60880e+04	1.21529e-02	8.64308e-03	4.72320	1.64707	4.59020e-05
2.61346e+04	1.21521e-02	5.84647e-03	2.96572	3.01890	4.59020e-05
2.61811e+04	1.21513e-02	1.91484e-03	1.85542	2.82543	4.59020e-05
2.62277e+04	1.21522e-02	6.69618e-03	3.88877	2.33909	4.59020e-05
2.62743e+04	1.21510e-02	6.95680e-03	5.41151	3.42552	4.59020e-05
2.63209e+04	1.21525e-02	4.33096e-03	1.84059	3.66816	4.59020e-05
2.63675e+04	1.21530e-02	3.22334e-03	1.38072	3.61619	4.59020e-05
2.64141e+04	1.21551e-02	6.43782e-03	0.29412	4.13791	4.59020e-05
2.64607e+04	1.21509e-02	1.16520e-02	1.18652	4.83611	4.59020e-05
2.65072e+04	1.21488e-02	1.40787e-02	4.34582	5.78203	4.59020e-05
2.65538e+04	1.21526e-02	1.48232e-02	1.03913	0.54024	4.59020e-05
2.66004e+04	1.21511e-02	1.79867e-02	0.52616	2.16777	4.59020e-05
2.66470e+04	1.21527e-02	1.42255e-02	0.99287	3.29551	4.59020e-05
2.66936e+04	1.21555e-02	1.58345e-02	1.87090	4.22260	4.59020e-05
2.67402e+04	1.21539e-02	1.81761e-02	3.92232	4.80253	4.59020e-05
2.67868e+04	1.21565e-02	1.50705e-02	2.42515	6.13638	4.59020e-05
2.68333e+04	1.21560e-02	1.96912e-02	4.92397	1.03538	4.59020e-05
2.68799e+04	1.21555e-02	2.06166e-02	5.05913	2.49786	4.59020e-05
2.69265e+04	1.21554e-02	1.87427e-02	3.25559	3.39705	4.59020e-05
2.69731e+04	1.21559e-02	1.87404e-02	3.40480	4.42290	4.59020e-05
2.70197e+04	1.21576e-02	1.73826e-02	6.01303	4.88967	4.59020e-05
2.70663e+04	1.21592e-02	1.56516e-02	1.67131	6.10296	4.59020e-05
2.71129e+04	1.21566e-02	1.78763e-02	4.73409	0.58951	4.59020e-05
2.71594e+04	1.21567e-02	1.33446e-02	2.81860	1.36346	4.59020e-05
2.72060e+04	1.21565e-02	9.80023e-03	0.01133	2.10767	4.59020e-05
2.72526e+04	1.21571e-02	6.47335e-03	1.50714	2.73647	4.59020e-05
2.72992e+04	1.21547e-02	1.23619e-02	3.85064	3.73215	4.59020e-05
2.73458e+04	1.21542e-02	1.41024e-02	2.94297	4.46690	4.59020e-05
2.73924e+04	1.21541e-02	2.21137e-02	2.59657	5.11318	4.59020e-05
2.74390e+04	1.21553e-02	2.67227e-02	2.79301	6.20609	4.59020e-05
2.74855e+04	1.21550e-02	2.97285e-02	1.29387	1.00971	4.59020e-05
2.75321e+04	1.21507e-02	2.91093e-02	2.83564	2.08351	4.59020e-05
2.75787e+04	1.21511e-02	2.24460e-02	3.45415	3.06348	4.59020e-05
2.76253e+04	1.21435e-02	3.76172e-02	6.12550	2.98471	4.59020e-05
2.76719e+04	1.21462e-02	3.83566e-02	4.73018	4.00670	4.59020e-05
2.77185e+04	1.21462e-02	3.41525e-02	2.96550	4.89830	4.59020e-05
2.77651e+04	1.21514e-02	1.64757e-02	2.67501	5.36090	4.59020e-05
2.78116e+04	1.21461e-02	2.23812e-02	4.02850	0.26698	4.59020e-05
2.78582e+04	1.21464e-02	2.26740e-02	4.41153	1.07882	4.59020e-05
2.79048e+04	1.21487e-02	3.34501e-02	5.57535	2.20798	4.59020e-05
2.79514e+04	1.21455e-02	3.28419e-02	2.04961	3.15386	4.59020e-05
2.79980e+04	1.21383e-02	1.43458e-02	2.77678	2.56104	4.59020e-05
2.80446e+04	1.21447e-02	1.82012e-02	4.17327	0.39337	4.59020e-05
2.80912e+04	1.21407e-02	2.60392e-02	2.45799	0.90642	4.59020e-05
2.81377e+04	1.21407e-02	3.22588e-02	2.80206	1.25165	4.59020e-05
2.81843e+04	1.21375e-02	2.71087e-02	3.41208	1.25098	4.59020e-05
2.82309e+04	1.21374e-02	3.53120e-02	2.24303	2.18572	4.59020e-05
2.82775e+04	1.21337e-02	2.00084e-02	6.09590	0.61361	4.59020e-05
2.83241e+04	1.21356e-02	1.08492e-02	4.89688	0.35788	4.59020e-05
2.83707e+04	1.21335e-02	1.82480e-02	1.23885	2.71737	4.59020e-05
2.84173e+04	1.21390e-02	1.70169e-02	4.70555	3.57885	4.59020e-05
2.84638e+04	1.21369e-02	9.85839e-03	5.09240	3.60131	4.59020e-05
2.85104e+04	1.21317e-02	3.55522e-02	2.64329	1.32078	4.59020e-05
2.85570e+04	1.21377e-02	2.26122e-02	4.67683	5.87993	4.59020e-05
2.86036e+04	1.21350e-02	3.36099e-02	2.66828	2.76327	4.59020e-05
2.86502e+04	1.21323e-02	2.94912e-02	0.69730	3.57782	4.59020e-05
2.86968e+04	1.21253e-02	3.39237e-02	4.07143	1.43895	4.59020e-05
2.87434e+04	1.21270e-02	2.69518e-02	2.99004	1.38555	4.59020e-05
2.87899e+04	1.21288e-02	4.23395e-02	1.86603	3.53400	4.59020e-05
2.88365e+04	1.21236e-02	3.00111e-02	5.64482	5.01553	4.59020e-05
2.88831e+04	1.21259e-02	1.70182e-02	5.22932	1.29723	4.59020e-05
2.89297e+04	1.21217e-02	2.57029e-02	4.34093	2.87315	4.59020e-05
2.89763e+04	1.21286e-02	2.46799e-02	4.03486	4.07900	4.59020e-05
2.90229e+04	1.21249e-02	3.21540e-02	5.21685	0.43738	4.59020e-05
2.90695e+04	1.21225e-02	2.23930e-02	5.32274	2.52078	4.59020e-05
2.91160e+04	1.21239e-02	3.06329e-02	3.01705	2.33866	4.59020e-05
2.91626e+04	1.21229e-02	2.28267e-02	1.56265	0.36911	4.59020e-05
2.92092e+04	1.21214e-02	2.21289e-02	5.59841	5.25980	4.59020e-05
2.92558e+04	1.21209e-02	2.91230e-02	5.92347	0.95106	4.59020e-05
2.93024e+04	1.21233e-02	3.43522e-02	3.14224	3.15705	4.59020e-05
2.93490e+04	1.21183e-02	2.86346e-02	1.48547	4.37033	4.59020e-05
2.93956e+04	1.21205e-02	3.29954e-02	4.88024	5.61774	4.59020e-05
2.94421e+04	1.21187e-02	3.28956e-02	2.60911	1.04276	4.59020e-05
2.94887e+04	1.21192e-02	5.06257e-02	0.83882	0.52823	4.59020e-05
2.95353e+04	1.21164e-02	3.95027e-02	1.28292	2.68844	4.59020e-05
2.95819e+04	1.21168e-02	3.75603e-02	0.30100	4.60043	4.59020e-05
2.96285e+04	1.21102e-02	5.63242e-02	4.75489	4.77871	4.59020e-05
2.96751e+04	1.21156e-02	3.45004e-02	5.56605	0.66020	4.59020e-05
2.97217e+04	1.21119e-02	4.89606e-02	5.35279	2.97237	4.59020e-05
2.97682e+04	1.21076e-02	2.65905e-02	5.68140	1.22313	4.59020e-05
2.98148e+04	1.21088e-02	2.72998e-02	4.16810	3.78756	4.59020e-05
2.98614e+04	1.21075e-02	3.00605e-02	5.50309	4.42721	4.59020e-05
2.99080e+04	1.21064e-02	3.42111e-02	5.57163	5.07974	4.59020e-05
2.99546e+04	1.21069e-02	3.80667e-02	4.96114	5.77343	4.59020e-05
3.00012e+04	1.21003e-02	6.91829e-03	6.07975	5.01641	4.59020e-05
3.00478e+04	1.21081e-02	4.11164e-02	4.63207	2.19593	4.59020e-05
3.00943e+04	1.21052e-02	2.23335e-02	1.42657	2.63851	4.59020e-05
3.01409e+04	1.21055e-02	2.10249e-02	5.56456	5.01315	4.59020e-05
3.01875e+04	1.21043e-02	3.56317e-02	1.95438	5.69776	4.59020e-05
3.02341e+04	1.21049e-02	3.72541e-02	0.45248	0.24670	4.59020e-05
3.02807e+04	1.21012e-02	3.84525e-02	2.68595	1.44944	4.59020e-05
3.03273e+04	1.20991e-02	4.79459e-02	0.14663	3.84501	4.59020e-05
3.03739e+04	1.20953e-02	1.47611e-02	5.58021	2.36488	4.59020e-05
3.04204e+04	1.20959e-02	8.69898e-03	0.41879	0.30431	4.59020e-05
3.04670e+04	1.20952e-02	4.18693e-02	4.83258	5.85717	4.59020e-05
3.05136e+04	1.20996e-02	1.86738e-02	0.93573	6.16901	4.59020e-05
3.05602e+04	1.20930e-02	2.59885e-02	3.10774	1.06102	4.59020e-05
3.06068e+04	1.20925e-02	2.21006e-02	4.66178	1.74541	4.59020e-05
3.06534e+04	1.20940e-02	2.31925e-02	3.87718	2.79239	4.59020e-05
3.07000e+04	1.20939e-02	1.79265e-02	0.63624	3.97550	4.59020e-05
3.07465e+04	1.20894e-02	1.92466e-02	5.13408	4.84925	4.59020e-05
3.07931e+04	1.20975e-02	3.83839e-02	2.97589	0.00444	4.59020e-05
3.08397e+04	1.20881e-02	2.85344e-02	2.30339	0.91043	4.59020e-05
3.08863e+04	1.20873e-02	3.67432e-02	3.58050	2.07981	4.59020e-05
3.09329e+04	1.20877e-02	2.95330e-02	4.10947	2.95967	4.59020e-05
3.09795e+04	1.20881e-02	3.93087e-02	3.26466	3.90293	4.59020e-05
3.10261e+04	1.20892e-02	2.50401e-02	3.84885	4.61171	4.59020e-05
3.10726e+04	1.20843e-02	2.40466e-02	1.49510	0.15829	4.59020e-05
3.11192e+04	1.20840e-02	3.46724e-02	2.51735	0.48899	4.59020e-05
3.11658e+04	1.20850e-02	3.44608e-02	1.56738	1.33090	4.59020e-05
3.12124e+04	1.20812e-02	2.48952e-02	0.37604	3.94056	4.59020e-05
3.12590e+04	1.20797e-02	1.91861e-02	1.64279	2.96626	4.59020e-05
3.13056e+04	1.20789e-02	2.94436e-02	0.22382	5.66350	4.59020e-05
3.13522e+04	1.20815e-02	3.03665e-02	3.86532	5.36132	4.59020e-05
3.13987e+04	1.20854e-02	3.73673e-02	0.87488	0.12243	4.59020e-05
3.14453e+04	1.20825e-02	3.27351e-02	2.54367	1.58933	4.59020e-05
3.14919e+04	1.20753e-02	3.77279e-02	2.44456	2.53939	4.59020e-05
3.15385e+04	1.20819e-02	4.14773e-02	3.66305	3.28290	4.59020e-05
3.15851e+04	1.20729e-02	6.21548e-03	5.78352	4.09590	4.59020e-05
3.16317e+04	1.20721e-02	3.67710e-02	5.41108	5.28917	4.59020e-05
3.16783e+04	1.20773e-02	2.08537e-02	2.44362	6.14929	4.59020e-05
3.17248e+04	1.20788e-02	2.54585e-02	5.60843	1.04884	4.59020e-05
3.17714e+04	1.20731e-02	2.97807e-02	4.22902	1.65270	4.59020e-05
3.18180e+04	1.20749e-02	3.14439e-02	4.29051	2.82307	4.59020e-05
3.18646e+04	1.20758e-02	3.07357e-02	3.65029	3.60622	4.59020e-05
3.19112e+04	1.20653e-02	3.74623e-02	4.54646	4.62924	4.59020e-05
3.19578e+04	1.20746e-02	1.10939e-02	1.73447	4.78121	4.59020e-05
3.20044e+04	1.20584e-02	6.53873e-02	3.17416	5.35661	4.59020e-05
3.20509e+04	1.20679e-02	6.44215e-02	2.24785	0.00859	4.59020e-05
3.20975e+04	1.20650e-02	2.19160e-02	5.18753	1.10482	4.59020e-05
3.21441e+04	1.20600e-02	8.76309e-02	0.14118	2.45401	4.59020e-05
3.21907e+04	1.20588e-02	8.25232e-02	3.45752	3.27490	4.59020e-05
3.22373e+04	1.20609e-02	4.81081e-02	0.78198	5.16539	4.59020e-05
3.22839e+04	1.20681e-02	3.71464e-02	3.37521	0.41986	4.59020e-05
3.23305e+04	1.20702e-02	5.76542e-02	1.77202	2.00648	4.59020e-05
3.23770e+04	1.20542e-02	8.09108e-02	1.06976	3.19012	4.59020e-05
3.24236e+04	1.20611e-02	1.18230e-02	4.05030	2.32390	4.59020e-05
3.24702e+04	1.20581e-02	1.67223e-02	5.31733	0.03285	4.59020e-05
3.25168e+04	1.20550e-02	6.95516e-02	5.86849	1.67551	4.59020e-05
3.25634e+04	1.20590e-02	5.39391e-02	4.20365	2.48880	4.59020e-05
3.26100e+04	1.20572e-02	1.62891e-02	2.65094	4.35398	4.59020e-05
3.26566e+04	1.20556e-02	6.19656e-02	3.48398	2.57302	4.59020e-05
3.27031e+04	1.20571e-02	6.99130e-02	2.12501	3.47689	4.59020e-05
3.27497e+04	1.20496e-02	6.44133e-02	4.54313	4.22178	4.59020e-05
3.27963e+04	1.20470e-02	4.82071e-02	5.29134	4.82156	4.59020e-05
3.28429e+04	1.20468e-02	3.39844e-02	0.43975	5.09619	4.59020e-05
3.28895e+04	1.20549e-02	4.56698e-02	5.46259	5.72546	4.59020e-05
3.29361e+04	1.20521e-02	3.56639e-02	2.86344	5.92102	4.59020e-05
3.29827e+04	1.20462e-02	7.72377e-02	1.07939	6.21791	4.59020e-05
3.30292e+04	1.20448e-02	7.32668e-02	1.93574	1.05499	4.59020e-05
3.30758e+04	1.20529e-02	6.42142e-02	0.39990	1.41906	4.59020e-05
3.31224e+04	1.20521e-02	1.00482e-01	1.99541	2.35401	4.59020e-05
3.31690e+04	1.20480e-02	7.37281e-02	3.92361	3.29573	4.59020e-05
3.32156e+04	1.20503e-02	7.59263e-02	5.35294	3.66776	4.59020e-05
3.32622e+04	1.20403e-02	6.66135e-02	4.16778	4.83523	4.59020e-05
3.33088e+04	1.20461e-02	4.54468e-02	0.81464	4.87323	4.59020e-05
3.33553e+04	1.20405e-02	4.31023e-02	0.57040	5.54614	4.59020e-05
3.34019e+04	1.20369e-02	4.74189e-02	0.29334	6.01781	4.59020e-05
3.34485e+04	1.20462e-02	6.17095e-02	0.23384	0.02930	4.59020e-05
3.34951e+04	1.20447e-02	7.88001e-02	2.29314	1.06059	4.59020e-05
3.35417e+04	1.20364e-02	7.67725e-02	3.08811	1.80707	4.59020e-05
3.35883e+04	1.20369e-02	9.75811e-02	5.79064	2.65055	4.59020e-05
3.36349e+04	1.20412e-02	8.70202e-02	3.36337	3.83893	4.59020e-05
3.36814e+04	1.20322e-02	9.15336e-02	6.14767	4.43959	4.59020e-05
3.37280e+04	1.20330e-02	9.31786e-02	5.82727	5.93722	4.59020e-05
3.37746e+04	1.20304e-02	6.66657e-02	4.13105	0.20955	4.59020e-05
3.38212e+04	1.20318e-02	8.78994e-02	4.18208	1.55477	4.59020e-05
3.38678e+04	1.20322e-02	6.13665e-02	5.29038	2.57832	4.59020e-05
3.39144e+04	1.20272e-02	6.89751e-02	0.15496	3.45238	4.59020e-05
3.39610e+04	1.20371e-02	6.02173e-02	2.86955	4.96489	4.59020e-05
3.40075e+04	1.20262e-02	5.95011e-02	5.80874	5.50005	4.59020e-05
3.40541e+04	1.20257e-02	5.76283e-02	3.44769	0.80702	4.59020e-05
3.41007e+04	1.20349e-02	5.43719e-02	1.92986	1.65280	4.59020e-05
3.41473e+04	1.20327e-02	4.80719e-02	1.33352	2.83101	4.59020e-05
3.41939e+04	1.20235e-02	5.48195e-02	0.82367	4.40392	4.59020e-05
3.42405e+04	1.20218e-02	4.51953e-02	2.34707	5.30754	4.59020e-05
3.42871e+04	1.20279e-02	5.59654e-02	3.53965	0.64067	4.59020e-05
3.43336e+04	1.20234e-02	4.89820e-02	5.97456	2.06674	4.59020e-05
3.43802e+04	1.20197e-02	5.75404e-02	3.41021	3.11830	4.59020e-05
3.44268e+04	1.20268e-02	5.72563e-02	0.74812	5.13601	4.59020e-05
3.44734e+04	1.20281e-02	5.18119e-02	6.18261	5.97474	4.59020e-05
3.45200e+04	1.20251e-02	6.88237e-02	5.45267	1.89899	4.59020e-05
3.45666e+04	1.20196e-02	5.32349e-02	5.80982	3.10970	4.59020e-05
3.46132e+04	1.20124e-02	7.72333e-02	0.98345	4.84683	4.59020e-05
3.46597e+04	1.20151e-02	7.52083e-02	2.79535	0.31978	4.59020e-05
3.47063e+04	1.20234e-02	8.52087e-02	0.13497	1.58482	4.59020e-05
3.47529e+04	1.20194e-02	9.16614e-02	3.82392	3.59551	4.59020e-05
3.47995e+04	1.20166e-02	9.17982e-02	2.58686	4.85450	4.59020e-05
3.48461e+04	1.20156e-02	9.83902e-02	2.13966	0.55295	4.59020e-05
3.48927e+04	1.20188e-02	9.16431e-02	2.35096	2.13693	4.59020e-05
3.49393e+04	1.20086e-02	1.01710e-01	4.19082	3.84544	4.59020e-05
3.49858e+04	1.20165e-02	8.46540e-02	5.99054	5.80639	4.59020e-05
3.50324e+04	1.20114e-02	8.87234e-02	3.26603	1.06065	4.59020e-05
3.50790e+04	1.20070e-02	6.51603e-02	0.85768	3.31919	4.59020e-05
3.51256e+04	1.20081e-02	5.82676e-02	5.78054	5.15970	4.59020e-05
3.51722e+04	1.20030e-02	5.53589e-02	5.18833	1.28194	4.59020e-05
3.52188e+04	1.20159e-02	6.34548e-02	5.16931	3.65641	4.59020e-05
3.52654e+04	1.20002e-02	8.08056e-02	0.95544	5.52373	4.59020e-05
3.53119e+04	1.20126e-02	9.52933e-02	3.26107	1.42985	4.59020e-05
3.53585e+04	1.20039e-02	1.02891e-01	0.85595	3.21750	4.59020e-05
3.54051e+04	1.19969e-02	9.74016e-02	5.60393	5.24582	4.59020e-05
3.54517e+04	1.20008e-02	8.28732e-02	4.81408	1.15447	4.59020e-05
3.54983e+04	1.19963e-02	7.35160e-02	5.21593	3.16380	4.59020e-05
3.55449e+04	1.20088e-02	5.68670e-02	5.67438	5.97373	4.59020e-05
3.55915e+04	1.19972e-02	6.41566e-02	1.88448	1.89709	4.59020e-05
3.56380e+04	1.20045e-02	8.12993e-02	4.52472	4.47309	4.59020e-05
3.56846e+04	1.19955e-02	9.84252e-02	2.96180	0.42627	4.59020e-05
3.57312e+04	1.19925e-02	1.00679e-01	2.17559	2.45957	4.59020e-05
3.57778e+04	1.19946e-02	8.70124e-02	2.49764	4.93931	4.59020e-05
3.58244e+04	1.19900e-02	7.44764e-02	3.73088	0.78626	4.59020e-05
3.58710e+04	1.20027e-02	5.64791e-02	5.16244	3.79991	4.59020e-05
3.59175e+04	1.19929e-02	7.44026e-02	2.22162	0.23930	4.59020e-05
3.59641e+04	1.19966e-02	9.69181e-02	6.23832	2.60776	4.59020e-05
3.60107e+04	1.19904e-02	1.03503e-01	6.05440	5.03349	4.59020e-05
3.60573e+04	1.19857e-02	9.42564e-02	6.24490	0.88252	4.59020e-05
3.61039e+04	1.19886e-02	6.16177e-02	1.18473	3.77428	4.59020e-05
3.61505e+04	1.19864e-02	6.04434e-02	3.26696	0.46602	4.59020e-05
3.61971e+04	1.19958e-02	8.99334e-02	6.23890	3.19469	4.59020e-05
3.62436e+04	1.19839e-02	1.06635e-01	5.17710	5.73016	4.59020e-05
3.62902e+04	1.19910e-02	9.91689e-02	4.61687	1.67755	4.59020e-05
3.63368e+04	1.19934e-02	6.14143e-02	5.18342	4.62631	4.59020e-05
3.63834e+04	1.19819e-02	6.21886e-02	6.27467	1.56297	4.59020e-05
3.64300e+04	1.19837e-02	9.77774e-02	2.42873	4.29814	4.59020e-05
3.64766e+04	1.19895e-02	1.05501e-01	0.77821	0.65847	4.59020e-05
3.65232e+04	1.19793e-02	8.85711e-02	5.62447	3.05039	4.59020e-05
3.65697e+04	1.19895e-02	5.77829e-02	5.49286	0.09005	4.59020e-05
3.66163e+04	1.19777e-02	8.02288e-02	5.99880	3.38604	4.59020e-05
3.66629e+04	1.19774e-02	1.09425e-01	2.03941	5.93433	4.59020e-05
3.67095e+04	1.19754e-02	9.59355e-02	5.99788	2.40173	4.59020e-05
3.67561e+04	1.19755e-02	5.98923e-02	3.80648	5.33238	4.59020e-05
3.68027e+04	1.19724e-02	7.76825e-02	2.93668	2.66667	4.59020e-05
3.68493e+04	1.19799e-02	1.06643e-01	3.70424	5.51745	4.59020e-05
3.68958e+04	1.19747e-02	9.81195e-02	5.78120	1.85529	4.59020e-05
3.69424e+04	1.19770e-02	6.00287e-02	2.70610	5.20926	4.59020e-05
3.69890e+04	1.19784e-02	7.94869e-02	5.95902	2.38594	4.59020e-05
3.70356e+04	1.19814e-02	1.07676e-01	5.77981	5.37890	4.59020e-05
3.70822e+04	1.19772e-02	8.82232e-02	0.07801	1.82081	4.59020e-05
3.71288e+04	1.19693e-02	6.27979e-02	1.24410	5.37276	4.59020e-05
3.71754e+04	1.19762e-02	9.44225e-02	4.30969	2.73480	4.59020e-05
3.72219e+04	1.19652e-02	1.07583e-01	2.12147	5.30963	4.59020e-05
3.72685e+04	1.19739e-02	7.26367e-02	1.66496	2.39710	4.59020e-05
3.73151e+04	1.19727e-02	7.12611e-02	1.59196	6.16945	4.59020e-05
3.73617e+04	1.19724e-02	1.05866e-01	3.21505	2.83281	4.59020e-05
3.74083e+04	1.19602e-02	8.80082e-02	0.62020	6.07037	4.59020e-05
3.74549e+04	1.19608e-02	6.26031e-02	4.32014	3.25485	4.59020e-05
3.75015e+04	1.19680e-02	9.93156e-02	3.77801	0.64856	4.59020e-05
3.75480e+04	1.19565e-02	1.01358e-01	4.73185	3.53401	4.59020e-05
3.75946e+04	1.19576e-02	6.63636e-02	6.22038	0.83920	4.59020e-05
3.76412e+04	1.19570e-02	9.22173e-02	3.32613	4.77803	4.59020e-05
3.76878e+04	1.19557e-02	1.05113e-01	1.65136	1.24478	4.59020e-05
3.77344e+04	1.19591e-02	7.18425e-02	1.35897	5.08149	4.59020e-05
3.77810e+04	1.19638e-02	8.30503e-02	2.25147	2.56719	4.59020e-05
3.78276e+04	1.19551e-02	1.05608e-01	4.37514	5.56080	4.59020e-05
3.78741e+04	1.19561e-02	7.12376e-02	2.20613	3.12850	4.59020e-05
3.79207e+04	1.19480e-02	8.42362e-02	0.59932	0.54696	4.59020e-05
3.79673e+04	1.19521e-02	1.03482e-01	0.85244	3.88350	4.59020e-05
3.80139e+04	1.19511e-02	7.09477e-02	2.72377	1.12172	4.59020e-05
3.80605e+04	1.19485e-02	8.89846e-02	4.83039	5.06532	4.59020e-05
3.81071e+04	1.19547e-02	1.00195e-01	3.51747	2.29224	4.59020e-05
3.81537e+04	1.19492e-02	6.95409e-02	2.85588	5.55573	4.59020e-05
3.82002e+04	1.19476e-02	9.67969e-02	2.84357	3.54621	4.59020e-05
3.82468e+04	1.19451e-02	9.99740e-02	5.85818	0.60260	4.59020e-05
3.82934e+04	1.19444e-02	6.48216e-02	2.75928	4.17881	4.59020e-05
3.83400e+04	1.19461e-02	1.01945e-01	1.03087	2.13497	4.59020e-05
3.83866e+04	1.19521e-02	1.00235e-01	1.99326	5.28503	4.59020e-05
3.84332e+04	1.19430e-02	6.45430e-02	2.65879	3.21099	4.59020e-05
3.84798e+04	1.19446e-02	1.03796e-01	5.74925	0.68663	4.59020e-05
3.85263e+04	1.19409e-02	9.70181e-02	4.55660	3.96988	4.59020e-05
3.85729e+04	1.19424e-02	7.00686e-02	2.90080	2.19263	4.59020e-05
3.86195e+04	1.19405e-02	1.08014e-01	4.39442	5.63179	4.59020e-05
3.86661e+04	1.19354e-02	8.31532e-02	0.77359	2.95604	4.59020e-05
3.87127e+04	1.19474e-02	7.95274e-02	3.66766	1.04259	4.59020e-05
3.87593e+04	1.19392e-02	1.08185e-01	3.45682	4.56333	4.59020e-05
3.88059e+04	1.19333e-02	6.77242e-02	3.61852	2.12915	4.59020e-05
3.88524e+04	1.19318e-02	9.65764e-02	4.78334	6.24505	4.59020e-05
3.88990e+04	1.19360e-02	9.70988e-02	2.72007	3.67728	4.59020e-05
3.89456e+04	1.19336e-02	6.49862e-02	0.54536	1.52082	4.59020e-05
3.89922e+04	1.19382e-02	1.07234e-01	0.44317	5.38540	4.59020e-05
3.90388e+04	1.19328e-02	7.80516e-02	2.35738	2.95866	4.59020e-05
3.90854e+04	1.19249e-02	8.55422e-02	4.31218	0.96952	4.59020e-05
3.91320e+04	1.19358e-02	1.00977e-01	3.19894	4.76363	4.59020e-05
3.91785e+04	1.19401e-02	6.49277e-02	2.46545	2.50222	4.59020e-05
3.92251e+04	1.19296e-02	1.08025e-01	3.05424	0.34900	4.59020e-05
3.92717e+04	1.19274e-02	7.84317e-02	0.26894	4.26018	4.59020e-05
3.93183e+04	1.19323e-02	8.15188e-02	3.49829	2.34850	4.59020e-05
3.93649e+04	1.19210e-02	1.07174e-01	3.22014	6.08661	4.59020e-05
3.94115e+04	1.19250e-02	6.60656e-02	3.97409	4.02371	4.59020e-05
3.94581e+04	1.19229e-02	1.07607e-01	5.87007	1.93670	4.59020e-05
3.95046e+04	1.19262e-02	7.94788e-02	4.08614	5.72990	4.59020e-05
3.95512e+04	1.19157e-02	8.51613e-02	2.73547	3.94211	4.59020e-05
3.95978e+04	1.19268e-02	1.06885e-01	3.32465	1.48241	4.59020e-05
3.96444e+04	1.19178e-02	6.50822e-02	5.47150	5.81487	4.59020e-05
3.96910e+04	1.19242e-02	1.08061e-01	2.90890	3.68256	4.59020e-05
3.97376e+04	1.19279e-02	7.75897e-02	1.63173	1.25552	4.59020e-05
3.97842e+04	1.19215e-02	9.13018e-02	1.92980	5.83227	4.59020e-05
3.98307e+04	1.19179e-02	9.87502e-02	4.21988	3.45929	4.59020e-05
3.98773e+04	1.19171e-02	6.91639e-02	0.75230	1.66632	4.59020e-05
3.99239e+04	1.19191e-02	1.09551e-01	0.12371	5.63292	4.59020e-05
3.99705e+04	1.19150e-02	7.07750e-02	0.03453	3.62987	4.59020e-05
4.00171e+04	1.19071e-02	1.01710e-01	1.55422	1.73193	4.59020e-05
4.00637e+04	1.19119e-02	8.54144e-02	5.81542	5.71011	4.59020e-05
4.01103e+04	1.19088e-02	8.36828e-02	3.65328	4.07619	4.59020e-05
4.01568e+04	1.19062e-02	1.08184e-01	4.47636	1.58264	4.59020e-05
4.02034e+04	1.19138e-02	6.97202e-02	6.06257	0.08080	4.59020e-05
4.02500e+04	1.19068e-02	1.09325e-01	2.93950	4.06881	4.59020e-05
4.02966e+04	1.19074e-02	7.00752e-02	1.92216	2.06853	4.59020e-05
4.03432e+04	1.19045e-02	1.02385e-01	1.85583	0.30719	4.59020e-05
4.03898e+04	1.19003e-02	9.14365e-02	3.72050	4.18988	4.59020e-05
4.04364e+04	1.19064e-02	8.68066e-02	0.31047	2.93099	4.59020e-05
4.04829e+04	1.19081e-02	1.04820e-01	5.97402	0.31490	4.59020e-05
4.05295e+04	1.19015e-02	7.35342e-02	5.31371	5.18701	4.59020e-05
4.05761e+04	1.19144e-02	1.09727e-01	1.19895	2.90693	4.59020e-05
4.06227e+04	1.19030e-02	6.92560e-02	4.87845	1.03557	4.59020e-05
4.06693e+04	1.19051e-02	1.05605e-01	2.94158	5.66691	4.59020e-05
4.07159e+04	1.19088e-02	7.95652e-02	3.90535	3.21808	4.59020e-05
4.07625e+04	1.18965e-02	1.00428e-01	5.16383	1.97463	4.59020e-05
4.08090e+04	1.18912e-02	9.44200e-02	2.42967	5.83244	4.59020e-05
4.08556e+04	1.18960e-02	8.39842e-02	0.82911	4.55662	4.59020e-05
4.09022e+04	1.19064e-02	1.02834e-01	1.75685	2.28230	4.59020e-05
4.09488e+04	1.19027e-02	6.93064e-02	2.98682	0.61833	4.59020e-05
4.09954e+04	1.19038e-02	1.12149e-01	0.36419	4.98066	4.59020e-05
4.10420e+04	1.18899e-02	6.68978e-02	5.85869	3.09958	4.59020e-05
4.10886e+04	1.18916e-02	1.09158e-01	5.83064	1.45172	4.59020e-05
4.11351e+04	1.18971e-02	7.39996e-02	1.72983	5.61861	4.59020e-05
4.11817e+04	1.18995e-02	1.01648e-01	5.18684	4.13379	4.59020e-05
4.12283e+04	1.18833e-02	8.75636e-02	4.21418	2.01998	4.59020e-05
4.12749e+04	1.18838e-02	9.17322e-02	3.99570	0.69934	4.59020e-05
4.13215e+04	1.18905e-02	9.60510e-02	0.77080	4.71693	4.59020e-05
4.13681e+04	1.18878e-02	8.32827e-02	3.72867	3.47649	4.59020e-05
4.14147e+04	1.18856e-02	1.07441e-01	2.99359	1.15151	4.59020e-05
4.14612e+04	1.18800e-02	7.58527e-02	3.50908	6.20408	4.59020e-05
4.15078e+04	1.18868e-02	1.09075e-01	6.20987	4.09649	4.59020e-05
4.15544e+04	1.18917e-02	6.65093e-02	3.38230	2.47791	4.59020e-05
4.16010e+04	1.18862e-02	1.11617e-01	2.59020	0.72278	4.59020e-05
4.16476e+04	1.18760e-02	7.17829e-02	3.89538	5.02423	4.59020e-05
4.16942e+04	1.18837e-02	1.09387e-01	5.82183	3.67413	4.59020e-05
4.17408e+04	1.18745e-02	7.56361e-02	3.70829	1.57608	4.59020e-05
4.17873e+04	1.18853e-02	1.02783e-01	2.93407	0.30379	4.59020e-05
4.18339e+04	1.18857e-02	8.40834e-02	4.08430	4.42621	4.59020e-05
4.18805e+04	1.18864e-02	9.63916e-02	5.76541	3.17417	4.59020e-05
4.19271e+04	1.18776e-02	9.11141e-02	4.34805	1.10950	4.59020e-05
4.19737e+04	1.18727e-02	8.87412e-02	3.47647	6.18267	4.59020e-05
4.20203e+04	1.18696e-02	1.00553e-01	4.90088	3.96921	4.59020e-05
4.20669e+04	1.18774e-02	8.27575e-02	0.67752	2.83927	4.59020e-05
4.21134e+04	1.18668e-02	1.07787e-01	5.65483	0.61224	4.59020e-05
4.21600e+04	1.18654e-02	7.80514e-02	4.79469	5.78568	4.59020e-05
4.22066e+04	1.18736e-02	1.07385e-01	6.18231	3.70941	4.59020e-05
4.22532e+04	1.18775e-02	7.08551e-02	2.63737	2.34898	4.59020e-05
4.22998e+04	1.18686e-02	1.10824e-01	0.99846	0.50944	4.59020e-05
4.23464e+04	1.18599e-02	7.06194e-02	0.29175	5.19975	4.59020e-05
4.23930e+04	1.18703e-02	1.11557e-01	1.54565	3.62857	4.59020e-05
4.24395e+04	1.18745e-02	6.64838e-02	4.96896	1.95712	4.59020e-05
4.24861e+04	1.18664e-02	1.11219e-01	3.14862	0.39953	4.59020e-05
4.25327e+04	1.18653e-02	7.07099e-02	2.82436	4.92779	4.59020e-05
4.25793e+04	1.18568e-02	1.10791e-01	4.15101	3.44980	4.59020e-05
4.26259e+04	1.18583e-02	7.43930e-02	1.45570	1.68815	4.59020e-05
4.26725e+04	1.18641e-02	1.05992e-01	5.66616	0.35727	4.59020e-05
4.27191e+04	1.18723e-02	7.63091e-02	5.71432	4.67018	4.59020e-05
4.27656e+04	1.18630e-02	1.05268e-01	0.70350	3.52474	4.59020e-05
4.28122e+04	1.18595e-02	8.27469e-02	4.42689	1.41374	4.59020e-05
4.28588e+04	1.18479e-02	1.04995e-01	2.09206	0.39411	4.59020e-05
4.29054e+04	1.18661e-02	8.28366e-02	2.62159	4.60768	4.59020e-05
4.29520e+04	1.18488e-02	9.99878e-02	3.92960	3.54822	4.59020e-05
4.29986e+04	1.18545e-02	8.87921e-02	1.35230	1.46543	4.59020e-05
4.30452e+04	1.18502e-02	9.66112e-02	5.41172	0.35540	4.59020e-05
4.30917e+04	1.18510e-02	9.28991e-02	5.87068	4.64689	4.59020e-05
4.31383e+04	1.18519e-02	9.27975e-02	0.98008	3.59672	4.59020e-05
4.31849e+04	1.18467e-02	9.51139e-02	4.82969	1.53151	4.59020e-05
4.32315e+04	1.18482e-02	9.16895e-02	2.54761	0.55229	4.59020e-05
4.32781e+04	1.18489e-02	9.90021e-02	3.14152	4.65652	4.59020e-05
4.33247e+04	1.18420e-02	9.10741e-02	4.34081	3.74053	4.59020e-05
4.33713e+04	1.18459e-02	9.98721e-02	1.91524	1.64638	4.59020e-05
4.34178e+04	1.18455e-02	8.57721e-02	5.88397	0.64964	4.59020e-05
4.34644e+04	1.18496e-02	1.00358e-01	0.06645	4.92992	4.59020e-05
4.35110e+04	1.18479e-02	8.31116e-02	1.49131	3.81353	4.59020e-05
4.35576e+04	1.18377e-02	1.04847e-01	4.97040	1.87451	4.59020e-05
4.36042e+04	1.18414e-02	8.25142e-02	2.63519	0.80495	4.59020e-05
4.36508e+04	1.18470e-02	1.04189e-01	3.07011	5.13057	4.59020e-05
4.36974e+04	1.18392e-02	8.04302e-02	4.18325	4.12062	4.59020e-05
4.37439e+04	1.18414e-02	1.06901e-01	1.44382	2.06766	4.59020e-05
4.37905e+04	1.18413e-02	8.02406e-02	5.37028	1.04586	4.59020e-05
4.38371e+04	1.18395e-02	1.07068e-01	5.39037	5.36732	4.59020e-05
4.38837e+04	1.18305e-02	7.94256e-02	0.13950	4.31924	4.59020e-05
4.39303e+04	1.18313e-02	1.05778e-01	3.50204	2.45447	4.59020e-05
4.39769e+04	1.18289e-02	7.70239e-02	0.89710	1.27604	4.59020e-05
4.40235e+04	1.18349e-02	1.08721e-01	0.77269	5.72279	4.59020e-05
4.40700e+04	1.18370e-02	7.63298e-02	1.53067	4.56298	4.59020e-05
4.41166e+04	1.18281e-02	1.09762e-01	4.60970	2.73591	4.59020e-05
4.41632e+04	1.18302e-02	7.55129e-02	1.82797	1.65257	4.59020e-05
4.42098e+04	1.18273e-02	1.08753e-01	1.36625	6.04185	4.59020e-05
4.42564e+04	1.18257e-02	7.66163e-02	1.67863	4.95530	4.59020e-05
4.43030e+04	1.18273e-02	1.10174e-01	4.36909	3.06062	4.59020e-05
4.43496e+04	1.18243e-02	7.63752e-02	1.44949	1.94698	4.59020e-05
4.43961e+04	1.18258e-02	1.09307e-01	0.39730	0.16174	4.59020e-05
4.44427e+04	1.18286e-02	7.34518e-02	0.28225	5.26198	4.59020e-05
4.44893e+04	1.18244e-02	1.08744e-01	2.56987	3.51497	4.59020e-05
4.45359e+04	1.18227e-02	7.47142e-02	5.48329	2.28856	4.59020e-05
4.45825e+04	1.18159e-02	1.11585e-01	3.99705	0.52757	4.59020e-05
4.46291e+04	1.18267e-02	7.44023e-02	3.24701	5.69828	4.59020e-05
4.46757e+04	1.18159e-02	1.10363e-01	4.90159	3.88846	4.59020e-05
4.47222e+04	1.18250e-02	7.34164e-02	1.08097	2.78227	4.59020e-05
4.47688e+04	1.18140e-02	1.10904e-01	5.46266	0.93063	4.59020e-05
4.48154e+04	1.18120e-02	7.56443e-02	4.22187	6.05167	4.59020e-05
4.48620e+04	1.18112e-02	1.10585e-01	4.93683	4.30586	4.59020e-05
4.49086e+04	1.18116e-02	7.42518e-02	0.43665	3.12582	4.59020e-05
4.49552e+04	1.18270e-02	1.08513e-01	4.25124	1.42141	4.59020e-05
4.50018e+04	1.18113e-02	7.29584e-02	2.39049	0.17791	4.59020e-05
4.50483e+04	1.18210e-02	1.10764e-01	2.28558	4.72650	4.59020e-05
4.50949e+04	1.18155e-02	7.43503e-02	2.95484	3.55321	4.59020e-05
4.51415e+04	1.18106e-02	1.10543e-01	5.96135	1.79626	4.59020e-05
4.51881e+04	1.18148e-02	7.39734e-02	3.36600	0.69972	4.59020e-05
4.52347e+04	1.18150e-02	1.09431e-01	2.50927	5.17361	4.59020e-05
4.52813e+04	1.18099e-02	7.36418e-02	2.33193	4.01191	4.59020e-05
4.53279e+04	1.18160e-02	1.10816e-01	4.02300	2.24211	4.59020e-05
4.53744e+04	1.18047e-02	7.43720e-02	0.53816	1.03965	4.59020e-05
4.54210e+04	1.18040e-02	1.10050e-01	5.00607	5.64908	4.59020e-05
4.54676e+04	1.17988e-02	7.32160e-02	3.84116	4.42100	4.59020e-05
4.55142e+04	1.18036e-02	1.10477e-01	4.45536	2.71174	4.59020e-05
4.55608e+04	1.18123e-02	7.26547e-02	5.78616	1.48338	4.59020e-05
4.56074e+04	1.18024e-02	1.12140e-01	2.95094	6.02186	4.59020e-05
4.56540e+04	1.18085e-02	7.33437e-02	0.60566	4.86922	4.59020e-05
4.57005e+04	1.18035e-02	1.10256e-01	0.11673	3.11851	4.59020e-05
4.57471e+04	1.17951e-02	7.34008e-02	6.21042	1.94505	4.59020e-05
4.57937e+04	1.17981e-02	1.10959e-01	1.71862	0.19419	4.59020e-05
4.58403e+04	1.17960e-02	7.32468e-02	4.37805	5.22892	4.59020e-05
4.58869e+04	1.18028e-02	1.11487e-01	2.30910	3.55275	4.59020e-05
4.59335e+04	1.17982e-02	7.19623e-02	1.06471	2.28803	4.59020e-05
4.59801e+04	1.18049e-02	1.10154e-01	1.11120	0.64946	4.59020e-05
4.60266e+04	1.17985e-02	7.13595e-02	1.92327	5.64183	4.59020e-05
4.60732e+04	1.17975e-02	1.11762e-01	4.46039	3.95789	4.59020e-05
4.61198e+04	1.18041e-02	7.15695e-02	1.53991	2.69587	4.59020e-05
4.61664e+04	1.18038e-02	1.11259e-01	6.24723	1.00398	4.59020e-05
4.62130e+04	1.17905e-02	7.14844e-02	5.47769	6.03780	4.59020e-05
4.62596e+04	1.18033e-02	1.09910e-01	5.90152	4.37180	4.59020e-05
4.63062e+04	1.17866e-02	7.16203e-02	0.98626	3.02063	4.59020e-05
4.63527e+04	1.17869e-02	1.12216e-01	3.78670	1.42161	4.59020e-05
4.63993e+04	1.17899e-02	7.10078e-02	1.23343	0.01903	4.59020e-05
4.64459e+04	1.17825e-02	1.12655e-01	6.00169	4.76427	4.59020e-05
4.64925e+04	1.17877e-02	6.96519e-02	5.26071	3.32490	4.59020e-05
4.65391e+04	1.17899e-02	1.11531e-01	5.64134	1.78679	4.59020e-05
4.65857e+04	1.17865e-02	7.07598e-02	0.77710	0.30955	4.59020e-05
