# t	a	e	mean_anomaly	varpi	mass/M_star
0.00000e+00	1.66440e-02	5.84014e-03	4.99424	3.24492	4.36970e-05
4.65857e+01	1.66380e-02	1.88701e-03	4.05863	1.16746	4.36970e-05
9.31714e+01	1.66386e-02	4.37701e-03	2.81502	0.40103	4.36970e-05
1.39757e+02	1.66425e-02	6.70940e-03	0.74750	0.53034	4.36970e-05
1.86343e+02	1.66362e-02	5.62847e-03	4.68609	6.18669	4.36970e-05
2.32928e+02	1.66372e-02	3.24378e-03	4.58743	3.22191	4.36970e-05
2.79514e+02	1.66403e-02	6.04497e-03	1.49527	1.98264	4.36970e-05
3.26100e+02	1.66391e-02	7.86068e-03	0.95124	3.83724	4.36970e-05
3.72685e+02	1.66381e-02	2.41525e-03	4.29498	2.70080	4.36970e-05
4.19271e+02	1.66376e-02	8.76567e-03	3.67014	5.20931	4.36970e-05
4.65857e+02	1.66377e-02	2.06894e-03	2.68378	1.57614	4.36970e-05
5.12442e+02	1.66391e-02	7.31459e-03	0.24782	0.06950	4.36970e-05
5.59028e+02	1.66415e-02	5.32113e-03	5.77205	2.35248	4.36970e-05
6.05614e+02	1.66394e-02	4.61644e-03	2.79010	0.50129	4.36970e-05
6.52199e+02	1.66384e-02	4.19465e-03	2.80432	3.59339	4.36970e-05
6.98785e+02	1.66420e-02	7.39371e-03	0.35984	3.88354	4.36970e-05
7.45371e+02	1.66392e-02	3.15413e-03	4.01968	2.63227	4.36970e-05
7.91956e+02	1.66419e-02	8.51671e-03	2.87052	5.02522	4.36970e-05
8.38542e+02	1.66391e-02	3.21483e-03	1.28184	2.40941	4.36970e-05
8.85128e+02	1.66399e-02	6.46829e-03	6.23562	1.29953	4.36970e-05
9.31713e+02	1.66371e-02	8.07782e-03	3.68836	1.15840	4.36970e-05
9.78299e+02	1.66388e-02	3.49246e-03	0.82176	1.16999	4.36970e-05
1.02488e+03	1.66416e-02	2.96201e-03	6.01403	0.03295	4.36970e-05
1.07147e+03	1.66368e-02	7.75202e-03	4.31494	4.18912	4.36970e-05
1.11806e+03	1.66377e-02	1.62499e-03	2.22024	1.63021	4.36970e-05
1.16464e+03	1.66367e-02	7.45255e-03	0.36276	4.96209	4.36970e-05
1.21123e+03	1.66407e-02	1.32416e-03	5.10296	2.97002	4.36970e-05
1.25781e+03	1.66349e-02	4.37038e-03	3.58740	2.72540	4.36970e-05
1.30440e+03	1.66401e-02	6.93196e-03	1.24591	2.42194	4.36970e-05
1.35098e+03	1.66397e-02	6.82196e-03	4.95170	2.62162	4.36970e-05
1.39757e+03	1.66354e-02	5.35794e-03	2.82694	2.29301	4.36970e-05
1.44416e+03	1.66413e-02	2.15813e-03	1.81383	0.79597	4.36970e-05
1.49074e+03	1.66380e-02	6.01773e-03	0.18951	5.73063	4.36970e-05
1.53733e+03	1.66394e-02	2.15895e-03	4.10957	4.13852	4.36970e-05
1.58391e+03	1.66359e-02	6.16162e-03	3.50483	2.23508	4.36970e-05
1.63050e+03	1.66346e-02	7.73949e-03	1.56525	2.00100	4.36970e-05
1.67708e+03	1.66421e-02	2.40664e-03	5.79395	0.21969	4.36970e-05
1.72367e+03	1.66356e-02	8.54865e-03	4.17975	3.15030	4.36970e-05
1.77026e+03	1.66371e-02	2.47105e-03	3.14824	0.51408	4.36970e-05
1.81684e+03	1.66408e-02	6.82103e-03	0.92709	4.79356	4.36970e-05
1.86343e+03	1.66359e-02	3.45925e-03	6.18061	1.30571	4.36970e-05
1.91001e+03	1.66399e-02	7.54649e-03	4.14427	5.94071	4.36970e-05
1.95660e+03	1.66381e-02	4.57648e-03	3.16442	2.14943	4.36970e-05
2.00318e+03	1.66419e-02	4.53888e-03	0.67642	0.26674	4.36970e-05
2.04977e+03	1.66354e-02	2.40004e-03	0.05408	4.97141	4.36970e-05
2.09636e+03	1.66397e-02	4.59690e-03	4.51426	3.93910	4.36970e-05
2.14294e+03	1.66414e-02	5.99468e-03	2.18510	4.21558	4.36970e-05
2.18953e+03	1.66388e-02	2.71952e-03	6.17348	3.51018	4.36970e-05
2.23611e+03	1.66435e-02	2.47119e-03	5.27720	2.44781	4.36970e-05
2.28270e+03	1.66396e-02	6.72693e-03	3.27053	1.17661	4.36970e-05
2.32928e+03	1.66437e-02	5.12190e-03	0.50950	0.74965	4.36970e-05
2.37587e+03	1.66407e-02	3.94013e-03	5.47858	5.19922	4.36970e-05
2.42245e+03	1.66368e-02	1.80734e-03	3.81114	4.99685	4.36970e-05
2.46904e+03	1.66388e-02	5.99480e-03	1.35013	4.79173	4.36970e-05
2.51563e+03	1.66390e-02	6.83571e-03	5.26573	5.43811	4.36970e-05
2.56221e+03	1.66386e-02	5.01173e-03	2.59409	5.24380	4.36970e-05
2.60880e+03	1.66355e-02	6.19123e-03	0.56157	5.60953	4.36970e-05
2.65538e+03	1.66408e-02	2.35776e-03	4.54770	4.79625	4.36970e-05
2.70197e+03	1.66370e-02	1.16514e-03	6.18767	3.05391	4.36970e-05
2.74855e+03	1.66375e-02	5.59294e-03	1.51925	4.89833	4.36970e-05
2.79514e+03	1.66369e-02	2.77190e-03	2.52621	0.77821	4.36970e-05
2.84173e+03	1.66381e-02	2.40397e-03	2.32964	6.22315	4.36970e-05
2.88831e+03	1.66355e-02	3.61431e-03	0.59231	1.34458	4.36970e-05
2.93490e+03	1.66410e-02	5.80392e-03	1.33038	2.61250	4.36970e-05
2.98148e+03	1.66418e-02	3.39115e-03	1.93753	4.39046	4.36970e-05
3.02807e+03	1.66332e-02	2.54904e-03	3.93082	0.01895	4.36970e-05
3.07465e+03	1.66351e-02	2.44670e-03	3.84567	3.28880	4.36970e-05
3.12124e+03	1.66367e-02	3.31812e-03	4.84332	4.66166	4.36970e-05
3.16783e+03	1.66362e-02	3.50602e-03	5.19860	4.72936	4.36970e-05
3.21441e+03	1.66391e-02	1.71042e-03	6.25803	5.74796	4.36970e-05
3.26100e+03	1.66350e-02	1.61227e-03	4.02294	0.87253	4.36970e-05
3.30758e+03	1.66396e-02	8.03630e-03	5.66269	4.87739	4.36970e-05
3.35417e+03	1.66316e-02	6.54202e-03	5.89937	5.58974	4.36970e-05
3.40075e+03	1.66349e-02	5.69864e-03	3.93176	0.03171	4.36970e-05
3.44734e+03	1.66357e-02	4.31708e-03	5.83607	1.59434	4.36970e-05
3.49393e+03	1.66359e-02	2.34423e-03	0.17125	1.26714	4.36970e-05
3.54051e+03	1.66320e-02	1.32944e-03	5.22133	1.94886	4.36970e-05
3.58710e+03	1.66405e-02	2.84074e-03	5.37619	2.53592	4.36970e-05
3.63368e+03	1.66403e-02	5.52935e-03	0.49666	1.26576	4.36970e-05
3.68027e+03	1.66311e-02	5.07122e-03	5.48515	2.94113	4.36970e-05
3.72685e+03	1.66362e-02	5.05233e-03	1.70275	3.81076	4.36970e-05
3.77344e+03	1.66376e-02	1.08796e-02	4.97861	2.90447	4.36970e-05
3.82002e+03	1.66394e-02	7.84919e-03	2.60102	3.95532	4.36970e-05
3.86661e+03	1.66374e-02	8.03516e-03	6.20205	3.98387	4.36970e-05
3.91320e+03	1.66365e-02	7.69398e-03	2.55796	4.90837	4.36970e-05
3.95978e+03	1.66374e-02	8.97693e-03	3.91838	6.21040	4.36970e-05
4.00637e+03	1.66399e-02	7.00062e-03	0.67715	0.64213	4.36970e-05
4.05295e+03	1.66366e-02	8.74803e-03	2.91500	1.80450	4.36970e-05
4.09954e+03	1.66415e-02	9.18973e-03	6.06968	2.38122	4.36970e-05
4.14612e+03	1.66417e-02	9.60781e-03	4.99698	3.79604	4.36970e-05
4.19271e+03	1.66373e-02	9.99875e-03	1.23703	4.14919	4.36970e-05
4.23930e+03	1.66389e-02	1.33498e-02	5.52634	4.98555	4.36970e-05
4.28588e+03	1.66341e-02	1.28989e-02	2.10244	5.77268	4.36970e-05
4.33247e+03	1.66357e-02	1.05246e-02	2.34874	5.84488	4.36970e-05
4.37905e+03	1.66393e-02	5.38645e-03	1.99547	6.04176	4.36970e-05
4.42564e+03	1.66357e-02	3.74315e-03	1.31234	0.51622	4.36970e-05
4.47222e+03	1.66333e-02	5.55156e-03	4.76229	4.59469	4.36970e-05
4.51881e+03	1.66359e-02	5.42734e-03	4.06090	5.33777	4.36970e-05
4.56540e+03	1.66399e-02	6.17371e-03	6.13958	0.63160	4.36970e-05
4.61198e+03	1.66405e-02	8.08949e-03	0.11917	0.66513	4.36970e-05
4.65857e+03	1.66368e-02	8.83482e-03	5.01411	1.20295	4.36970e-05
4.70515e+03	1.66352e-02	1.10861e-02	3.98075	1.90119	4.36970e-05
4.75174e+03	1.66384e-02	1.33522e-02	2.05685	2.31460	4.36970e-05
4.79832e+03	1.66350e-02	9.21628e-03	2.31121	3.56364	4.36970e-05
4.84491e+03	1.66369e-02	7.96376e-03	3.62684	3.99497	4.36970e-05
4.89150e+03	1.66378e-02	5.78952e-03	4.40509	4.52978	4.36970e-05
4.93808e+03	1.66363e-02	3.13723e-03	6.03738	5.25690	4.36970e-05
4.98467e+03	1.66315e-02	3.92886e-03	1.71986	0.25081	4.36970e-05
5.03125e+03	1.66323e-02	7.55634e-04	4.84908	0.74180	4.36970e-05
5.07784e+03	1.66321e-02	1.21641e-03	1.24263	0.67460	4.36970e-05
5.12442e+03	1.66391e-02	7.58929e-03	5.79399	1.74470	4.36970e-05
5.17101e+03	1.66350e-02	5.16863e-03	4.64956	1.17709	4.36970e-05
5.21759e+03	1.66426e-02	3.76709e-03	3.26687	3.81040	4.36970e-05
5.26418e+03	1.66358e-02	1.06958e-02	4.84294	3.43628	4.36970e-05
5.31077e+03	1.66386e-02	7.35873e-04	3.81000	1.94927	4.36970e-05
5.35735e+03	1.66364e-02	4.18996e-03	1.85810	5.30814	4.36970e-05
5.40394e+03	1.66381e-02	8.72541e-03	2.98957	6.05413	4.36970e-05
5.45052e+03	1.66382e-02	1.88289e-03	3.48689	6.13368	4.36970e-05
5.49711e+03	1.66350e-02	6.10277e-03	2.54562	1.53043	4.36970e-05
5.54369e+03	1.66404e-02	1.01343e-02	3.31373	1.89145	4.36970e-05
5.59028e+03	1.66338e-02	1.39193e-02	0.97170	1.22126	4.36970e-05
5.63687e+03	1.66337e-02	1.37756e-02	1.91295	2.80827	4.36970e-05
5.68345e+03	1.66262e-02	1.04298e-02	3.18184	1.23944	4.36970e-05
5.73004e+03	1.66315e-02	8.80447e-03	3.19007	0.79231	4.36970e-05
5.77662e+03	1.66280e-02	1.08378e-02	0.81486	3.40262	4.36970e-05
5.82321e+03	1.66337e-02	2.29030e-02	1.01580	2.11473	4.36970e-05
5.86979e+03	1.66338e-02	2.25158e-02	1.83507	0.16041	4.36970e-05
5.91638e+03	1.66278e-02	1.67320e-02	2.44233	1.90488	4.36970e-05
5.96297e+03	1.66344e-02	1.39268e-02	2.77544	0.78858	4.36970e-05
6.00955e+03	1.66261e-02	3.03588e-02	3.06277	4.07440	4.36970e-05
6.05614e+03	1.66373e-02	1.40028e-02	1.86299	2.49534	4.36970e-05
6.10272e+03	1.66323e-02	2.62652e-02	4.15436	5.72243	4.36970e-05
6.14931e+03	1.66292e-02	2.10554e-02	3.46819	4.79222	4.36970e-05
6.19589e+03	1.66364e-02	2.99742e-03	6.00949	0.50140	4.36970e-05
6.24248e+03	1.66304e-02	2.43243e-02	1.92795	1.43610	4.36970e-05
6.28907e+03	1.66308e-02	2.59497e-02	1.93565	0.93391	4.36970e-05
6.33565e+03	1.66368e-02	1.68427e-02	4.35399	4.76946	4.36970e-05
6.38224e+03	1.66231e-02	8.55992e-03	0.86510	3.71380	4.36970e-05
6.42882e+03	1.66323e-02	1.51323e-02	1.17812	1.69934	4.36970e-05
6.47541e+03	1.66205e-02	9.79559e-03	1.93811	5.55180	4.36970e-05
6.52199e+03	1.66301e-02	1.67239e-02	1.77603	4.50421	4.36970e-05
6.56858e+03	1.66196e-02	4.56893e-03	2.12245	2.76088	4.36970e-05
6.61516e+03	1.66226e-02	2.35822e-02	4.42422	0.98334	4.36970e-05
6.66175e+03	1.66306e-02	4.82964e-03	5.02085	1.58183	4.36970e-05
6.70834e+03	1.66275e-02	3.66409e-03	2.12128	4.78205	4.36970e-05
6.75492e+03	1.66196e-02	1.13448e-02	2.50704	0.87617	4.36970e-05
6.80151e+03	1.66268e-02	1.25960e-02	2.36845	4.90137	4.36970e-05
6.84809e+03	1.66226e-02	2.05916e-02	5.32295	0.60892	4.36970e-05
6.89468e+03	1.66289e-02	1.49205e-02	2.77346	5.77580	4.36970e-05
6.94126e+03	1.66300e-02	1.76451e-02	2.06937	6.08692	4.36970e-05
6.98785e+03	1.66295e-02	1.69940e-02	3.57226	6.08240	4.36970e-05
7.03444e+03	1.66274e-02	1.44435e-02	2.58606	2.83470	4.36970e-05
7.08102e+03	1.66408e-02	2.88355e-02	4.21044	2.94190	4.36970e-05
7.12761e+03	1.66368e-02	1.79470e-02	0.34204	3.14062	4.36970e-05
7.17419e+03	1.66289e-02	1.56041e-02	2.74029	5.62797	4.36970e-05
7.22078e+03	1.66341e-02	2.64622e-02	0.56448	0.05032	4.36970e-05
7.26736e+03	1.66274e-02	2.39329e-02	3.04686	0.68663	4.36970e-05
7.31395e+03	1.66294e-02	1.87557e-02	3.22927	0.89201	4.36970e-05
7.36054e+03	1.66227e-02	7.09145e-03	3.50130	3.98012	4.36970e-05
7.40712e+03	1.66271e-02	1.62524e-02	3.74978	1.75293	4.36970e-05
7.45371e+03	1.66303e-02	2.81338e-02	4.21655	6.22854	4.36970e-05
7.50029e+03	1.66308e-02	1.65831e-02	4.08201	4.38846	4.36970e-05
7.54688e+03	1.66233e-02	8.02543e-03	5.29803	1.53529	4.36970e-05
7.59346e+03	1.66277e-02	5.10461e-03	5.09401	5.27706	4.36970e-05
7.64005e+03	1.66312e-02	1.09449e-02	4.36797	3.86909	4.36970e-05
7.68664e+03	1.66257e-02	8.02392e-03	4.21772	2.27919	4.36970e-05
7.73322e+03	1.66349e-02	2.55235e-02	0.33472	4.08160	4.36970e-05
7.77981e+03	1.66330e-02	2.55709e-02	0.54147	1.90085	4.36970e-05
7.82639e+03	1.66310e-02	1.76801e-02	0.26502	5.72613	4.36970e-05
7.87298e+03	1.66273e-02	2.35622e-02	2.52103	4.34983	4.36970e-05
7.91956e+03	1.66248e-02	8.85652e-04	0.02286	4.52128	4.36970e-05
7.96615e+03	1.66346e-02	1.81245e-02	5.81040	1.84890	4.36970e-05
8.01273e+03	1.66284e-02	1.75076e-02	4.08681	1.59949	4.36970e-05
8.05932e+03	1.66348e-02	2.55326e-02	2.30335	1.05985	4.36970e-05
8.10591e+03	1.66195e-02	2.30972e-02	1.67507	1.54722	4.36970e-05
8.15249e+03	1.66305e-02	1.59148e-02	6.21447	2.26713	4.36970e-05
8.19908e+03	1.66242e-02	1.60534e-02	0.51845	3.97208	4.36970e-05
8.24566e+03	1.66255e-02	2.93489e-02	4.74804	3.83769	4.36970e-05
8.29225e+03	1.66255e-02	2.93521e-02	2.88747	2.88202	4.36970e-05
8.33883e+03	1.66213e-02	1.86015e-02	4.30058	1.02448	4.36970e-05
8.38542e+03	1.66273e-02	2.00160e-02	3.06633	5.77891	4.36970e-05
8.43201e+03	1.66267e-02	2.99268e-02	0.68934	5.11675	4.36970e-05
8.47859e+03	1.66262e-02	1.01431e-02	3.40977	0.19396	4.36970e-05
8.52518e+03	1.66306e-02	2.26165e-02	0.87207	0.94991	4.36970e-05
8.57176e+03	1.66269e-02	2.82922e-02	2.56763	1.71633	4.36970e-05
8.61835e+03	1.66244e-02	1.92504e-02	4.61073	3.70046	4.36970e-05
8.66493e+03	1.66247e-02	1.36789e-02	2.25735	5.18751	4.36970e-05
8.71152e+03	1.66273e-02	1.15033e-02	3.76122	6.18785	4.36970e-05
8.75811e+03	1.66389e-02	7.70575e-03	3.40055	0.74868	4.36970e-05
8.80469e+03	1.66294e-02	2.48036e-03	3.24253	0.06319	4.36970e-05
8.85128e+03	1.66325e-02	2.11832e-02	1.68231	0.91589	4.36970e-05
8.89786e+03	1.66311e-02	1.14179e-02	3.93346	2.66229	4.36970e-05
8.94445e+03	1.66287e-02	1.43635e-02	6.14763	2.57819	4.36970e-05
8.99103e+03	1.66286e-02	1.50757e-02	0.66125	3.41112	4.36970e-05
9.03762e+03	1.66335e-02	2.39437e-02	4.58148	4.67048	4.36970e-05
9.08421e+03	1.66309e-02	5.79873e-03	5.13369	0.37331	4.36970e-05
9.13079e+03	1.66264e-02	6.78510e-03	2.76433	1.45786	4.36970e-05
9.17738e+03	1.66313e-02	1.09154e-02	3.33026	4.82854	4.36970e-05
9.22396e+03	1.66200e-02	1.27736e-02	2.93943	0.17359	4.36970e-05
9.27055e+03	1.66344e-02	2.82084e-02	4.10513	1.97750	4.36970e-05
9.31713e+03	1.66377e-02	3.06405e-02	0.16917	3.18679	4.36970e-05
9.36372e+03	1.66256e-02	2.85749e-02	4.18537	4.11126	4.36970e-05
9.41030e+03	1.66277e-02	2.06748e-02	2.01290	0.01301	4.36970e-05
9.45689e+03	1.66351e-02	2.43070e-02	4.74795	0.22175	4.36970e-05
9.50348e+03	1.66248e-02	1.76801e-02	5.01177	1.93860	4.36970e-05
9.55006e+03	1.66205e-02	1.04331e-02	1.19891	4.08194	4.36970e-05
9.59665e+03	1.66150e-02	2.48820e-02	5.22207	2.32785	4.36970e-05
9.64323e+03	1.66267e-02	1.73807e-02	5.34959	5.13202	4.36970e-05
9.68982e+03	1.66334e-02	2.20948e-02	4.74098	5.10629	4.36970e-05
9.73640e+03	1.66301e-02	6.99684e-03	3.01405	0.50026	4.36970e-05
9.78299e+03	1.66278e-02	2.60139e-02	2.93524	5.38721	4.36970e-05
9.82958e+03	1.66306e-02	1.68291e-02	0.24344	6.08871	4.36970e-05
9.87616e+03	1.66327e-02	1.93076e-03	5.07567	5.80961	4.36970e-05
9.92275e+03	1.66288e-02	1.73356e-02	2.70088	0.05027	4.36970e-05
9.96933e+03	1.66348e-02	1.93065e-02	0.06569	0.74338	4.36970e-05
1.00159e+04	1.66287e-02	2.14683e-02	6.14900	6.26661	4.36970e-05
1.00625e+04	1.66329e-02	2.48812e-02	0.10742	1.65839	4.36970e-05
1.01091e+04	1.66293e-02	1.98897e-02	0.42533	3.00629	4.36970e-05
1.01557e+04	1.66258e-02	1.94669e-02	5.79923	2.90189	4.36970e-05
1.02023e+04	1.66211e-02	8.26601e-03	1.43416	0.54259	4.36970e-05
1.02488e+04	1.66296e-02	1.43987e-02	0.19080	4.71052	4.36970e-05
1.02954e+04	1.66300e-02	1.95053e-02	1.28962	0.08104	4.36970e-05
1.03420e+04	1.66224e-02	1.48264e-02	5.54759	5.40843	4.36970e-05
1.03886e+04	1.66233e-02	1.90627e-02	0.79688	1.81658	4.36970e-05
1.04352e+04	1.66258e-02	1.08001e-02	3.34561	0.55914	4.36970e-05
1.04818e+04	1.66163e-02	1.93214e-02	4.89386	4.24317	4.36970e-05
1.05284e+04	1.66193e-02	7.81360e-03	5.62774	1.18475	4.36970e-05
1.05749e+04	1.66159e-02	1.88661e-02	0.98504	5.69764	4.36970e-05
1.06215e+04	1.66167e-02	5.47938e-03	3.55934	3.02612	4.36970e-05
1.06681e+04	1.66207e-02	1.87868e-02	2.71583	6.27803	4.36970e-05
1.07147e+04	1.66188e-02	1.57819e-02	0.28366	3.76127	4.36970e-05
1.07613e+04	1.66233e-02	1.12283e-02	2.79913	1.76119	4.36970e-05
1.08079e+04	1.66305e-02	1.35522e-02	0.13847	3.48343	4.36970e-05
1.08545e+04	1.66251e-02	1.72792e-02	2.78353	5.26524	4.36970e-05
1.09010e+04	1.66218e-02	1.60434e-02	1.29605	0.17886	4.36970e-05
1.09476e+04	1.66195e-02	1.29281e-02	4.75996	2.39665	4.36970e-05
1.09942e+04	1.66229e-02	2.06243e-02	1.66927	0.88251	4.36970e-05
1.10408e+04	1.66217e-02	1.86549e-02	0.32598	3.56930	4.36970e-05
1.10874e+04	1.66200e-02	1.15876e-02	3.49511	1.27514	4.36970e-05
1.11340e+04	1.66200e-02	1.98220e-02	3.84363	3.11604	4.36970e-05
1.11806e+04	1.66283e-02	2.02989e-02	4.23581	5.52278	4.36970e-05
1.12271e+04	1.66279e-02	1.28558e-02	4.32619	3.45425	4.36970e-05
1.12737e+04	1.66343e-02	1.39208e-02	1.39195	5.89652	4.36970e-05
1.13203e+04	1.66342e-02	2.25350e-02	0.94172	1.44674	4.36970e-05
1.13669e+04	1.66215e-02	2.03495e-02	0.59305	3.36322	4.36970e-05
1.14135e+04	1.66246e-02	1.63163e-02	5.57858	5.23397	4.36970e-05
1.14601e+04	1.66164e-02	9.19686e-03	6.14168	1.76244	4.36970e-05
1.15067e+04	1.66237e-02	1.91906e-02	3.72409	4.72826	4.36970e-05
1.15532e+04	1.66253e-02	1.19901e-02	4.75515	1.22162	4.36970e-05
1.15998e+04	1.66169e-02	2.01345e-02	4.58501	5.68904	4.36970e-05
1.16464e+04	1.66224e-02	2.58860e-02	1.32396	1.63631	4.36970e-05
1.16930e+04	1.66237e-02	7.92436e-03	0.66727	4.30098	4.36970e-05
1.17396e+04	1.66176e-02	1.53172e-02	0.86303	1.98407	4.36970e-05
1.17862e+04	1.66268e-02	1.29322e-02	3.32116	5.53192	4.36970e-05
1.18328e+04	1.66150e-02	8.85839e-03	4.74452	1.93247	4.36970e-05
1.18793e+04	1.66242e-02	1.33130e-02	3.05471	4.80027	4.36970e-05
1.19259e+04	1.66290e-02	1.88791e-02	3.40266	2.06538	4.36970e-05
1.19725e+04	1.66301e-02	1.92506e-02	1.72918	3.66148	4.36970e-05
1.20191e+04	1.66303e-02	2.00347e-02	3.30287	1.91938	4.36970e-05
1.20657e+04	1.66257e-02	2.23146e-02	5.74204	3.77330	4.36970e-05
1.21123e+04	1.66371e-02	2.25060e-02	0.68243	5.22347	4.36970e-05
1.21589e+04	1.66274e-02	2.23763e-02	0.74223	5.86515	4.36970e-05
1.22054e+04	1.66221e-02	1.23299e-02	2.92679	3.31837	4.36970e-05
1.22520e+04	1.66124e-02	2.43965e-02	1.27866	0.30836	4.36970e-05
1.22986e+04	1.66180e-02	2.17636e-02	4.76265	2.61706	4.36970e-05
1.23452e+04	1.66239e-02	1.47021e-02	0.59654	5.57622	4.36970e-05
1.23918e+04	1.66202e-02	1.86467e-02	4.18144	2.19425	4.36970e-05
1.24384e+04	1.66208e-02	2.54913e-02	2.00006	4.50335	4.36970e-05
1.24850e+04	1.66218e-02	2.32680e-02	6.17984	0.33910	4.36970e-05
1.25315e+04	1.66185e-02	1.25108e-02	4.41940	2.97970	4.36970e-05
1.25781e+04	1.66257e-02	1.90231e-02	0.57655	5.97781	4.36970e-05
1.26247e+04	1.66175e-02	2.46072e-02	3.22084	2.06037	4.36970e-05
1.26713e+04	1.66223e-02	9.24244e-03	1.24308	3.76082	4.36970e-05
1.27179e+04	1.66199e-02	5.99370e-03	0.73871	4.25221	4.36970e-05
1.27645e+04	1.66272e-02	7.13939e-03	2.31240	2.99660	4.36970e-05
1.28111e+04	1.66177e-02	2.16932e-02	2.93837	5.11791	4.36970e-05
1.28576e+04	1.66262e-02	1.79049e-02	1.96996	3.42920	4.36970e-05
1.29042e+04	1.66316e-02	2.27452e-02	3.97709	2.95278	4.36970e-05
1.29508e+04	1.66335e-02	2.60824e-02	0.88120	3.00489	4.36970e-05
1.29974e+04	1.66224e-02	1.10847e-02	0.68592	2.68646	4.36970e-05
1.30440e+04	1.66253e-02	1.72282e-02	4.16409	3.87125	4.36970e-05
1.30906e+04	1.66294e-02	1.72184e-02	0.19595	3.67911	4.36970e-05
1.31372e+04	1.66175e-02	2.40121e-02	1.31620	2.89962	4.36970e-05
1.31837e+04	1.66267e-02	6.86857e-03	5.24224	5.85459	4.36970e-05
1.32303e+04	1.66254e-02	4.04301e-03	4.35481	2.44496	4.36970e-05
1.32769e+04	1.66334e-02	1.25770e-02	6.10879	3.99809	4.36970e-05
1.33235e+04	1.66226e-02	1.75542e-02	2.43746	1.97895	4.36970e-05
1.33701e+04	1.66312e-02	2.44621e-02	0.32121	3.28232	4.36970e-05
1.34167e+04	1.66236e-02	1.47543e-02	6.06107	3.70508	4.36970e-05
1.34633e+04	1.66254e-02	2.34620e-02	1.20201	4.17334	4.36970e-05
1.35098e+04	1.66209e-02	3.14791e-02	6.24200	4.53188	4.36970e-05
1.35564e+04	1.66255e-02	2.47926e-02	5.24842	0.22519	4.36970e-05
1.36030e+04	1.66239e-02	2.53142e-02	0.56788	0.27945	4.36970e-05
1.36496e+04	1.66256e-02	1.97031e-02	5.75533	0.93423	4.36970e-05
1.36962e+04	1.66231e-02	2.75776e-02	1.99035	0.15330	4.36970e-05
1.37428e+04	1.66209e-02	1.93979e-02	0.74686	1.92339	4.36970e-05
1.37894e+04	1.66215e-02	1.57179e-02	2.48734	1.48010	4.36970e-05
1.38359e+04	1.66342e-02	1.97292e-02	0.63482	4.33763	4.36970e-05
1.38825e+04	1.66283e-02	2.78835e-02	2.83962	3.70379	4.36970e-05
1.39291e+04	1.66284e-02	2.33961e-02	2.47030	4.34931	4.36970e-05
1.39757e+04	1.66319e-02	1.47141e-02	4.60383	3.23489	4.36970e-05
1.40223e+04	1.66301e-02	2.35894e-02	3.21915	5.20546	4.36970e-05
1.40689e+04	1.66291e-02	5.27874e-03	0.69853	2.35841	4.36970e-05
1.41155e+04	1.66274e-02	1.03909e-02	3.23228	0.01716	4.36970e-05
1.41620e+04	1.66278e-02	5.86572e-03	5.20005	0.68866	4.36970e-05
1.42086e+04	1.66239e-02	1.89755e-02	3.37098	4.53833	4.36970e-05
1.42552e+04	1.66229e-02	1.31843e-02	5.97709	5.43704	4.36970e-05
1.43018e+04	1.66268e-02	1.30222e-02	1.53415	4.88339	4.36970e-05
1.43484e+04	1.66249e-02	1.44059e-02	2.48520	4.82872	4.36970e-05
1.43950e+04	1.66193e-02	4.76789e-03	5.03473	1.90045	4.36970e-05
1.44416e+04	1.66357e-02	1.03362e-02	5.50491	5.43118	4.36970e-05
1.44881e+04	1.66320e-02	2.32311e-02	5.48305	0.26133	4.36970e-05
1.45347e+04	1.66228e-02	1.88765e-02	5.60252	0.36178	4.36970e-05
1.45813e+04	1.66266e-02	2.69202e-02	3.14210	2.91523	4.36970e-05
1.46279e+04	1.66307e-02	9.77564e-03	1.38720	4.67230	4.36970e-05
1.46745e+04	1.66225e-02	2.57402e-02	4.36148	1.88314	4.36970e-05
1.47211e+04	1.66216e-02	1.01383e-02	2.90384	5.04580	4.36970e-05
1.47677e+04	1.66244e-02	2.14127e-02	0.11557	2.86151	4.36970e-05
1.48142e+04	1.66272e-02	2.53437e-02	2.85791	1.86263	4.36970e-05
1.48608e+04	1.66276e-02	2.17670e-02	6.03471	1.22679	4.36970e-05
1.49074e+04	1.66255e-02	1.43927e-02	1.91433	0.23364	4.36970e-05
1.49540e+04	1.66314e-02	2.45916e-02	5.84064	3.95621	4.36970e-05
1.50006e+04	1.66278e-02	1.44275e-02	4.02681	0.56141	4.36970e-05
1.50472e+04	1.66274e-02	1.58623e-02	0.28013	4.57466	4.36970e-05
1.50938e+04	1.66307e-02	1.16236e-02	0.56934	6.25737	4.36970e-05
1.51403e+04	1.66239e-02	1.05268e-02	1.40053	2.62937	4.36970e-05
1.51869e+04	1.66247e-02	9.35536e-03	3.06364	4.52237	4.36970e-05
1.52335e+04	1.66272e-02	1.02984e-02	3.41113	1.47446	4.36970e-05
1.52801e+04	1.66232e-02	1.24938e-02	4.99020	3.44323	4.36970e-05
1.53267e+04	1.66263e-02	1.34472e-02	5.72923	6.10485	4.36970e-05
1.53733e+04	1.66287e-02	1.21364e-02	5.64686	3.42749	4.36970e-05
1.54199e+04	1.66280e-02	1.40153e-02	0.30036	5.90643	4.36970e-05
1.54664e+04	1.66273e-02	9.97880e-03	0.40596	3.05061	4.36970e-05
1.55130e+04	1.66233e-02	1.49966e-02	1.28074	5.57112	4.36970e-05
1.55596e+04	1.66268e-02	1.43327e-02	3.33005	0.66610	4.36970e-05
1.56062e+04	1.66242e-02	5.98669e-03	2.96680	4.43716	4.36970e-05
1.56528e+04	1.66226e-02	2.12352e-02	1.97069	1.31964	4.36970e-05
1.56994e+04	1.66303e-02	1.66035e-02	0.87953	3.94399	4.36970e-05
1.57460e+04	1.66236e-02	1.56898e-02	4.92263	1.69252	4.36970e-05
1.57925e+04	1.66247e-02	1.68310e-02	3.87487	4.22275	4.36970e-05
1.58391e+04	1.66202e-02	1.29066e-02	0.99672	2.16767	4.36970e-05
1.58857e+04	1.66164e-02	2.17828e-02	5.79864	4.93191	4.36970e-05
1.59323e+04	1.66217e-02	1.09627e-02	3.26624	2.75275	4.36970e-05
1.59789e+04	1.66211e-02	1.56286e-02	2.06476	4.64001	4.36970e-05
1.60255e+04	1.66224e-02	2.05233e-02	1.27418	0.55805	4.36970e-05
1.60721e+04	1.66235e-02	1.29002e-02	5.01583	3.54649	4.36970e-05
1.61186e+04	1.66204e-02	9.77937e-03	4.77019	5.33213	4.36970e-05
1.61652e+04	1.66240e-02	2.18989e-02	2.22936	3.68826	4.36970e-05
1.62118e+04	1.66274e-02	2.56406e-02	1.76562	5.01938	4.36970e-05
1.62584e+04	1.66224e-02	2.29944e-02	3.20679	5.21342	4.36970e-05
1.63050e+04	1.66223e-02	9.82879e-03	0.71988	3.86459	4.36970e-05
1.63516e+04	1.66206e-02	1.96938e-02	5.73536	1.07020	4.36970e-05
1.63982e+04	1.66205e-02	2.01809e-02	2.77747	0.46049	4.36970e-05
1.64447e+04	1.66208e-02	9.64864e-03	5.74994	1.50211	4.36970e-05
1.64913e+04	1.66213e-02	5.55664e-03	0.09982	2.14563	4.36970e-05
1.65379e+04	1.66199e-02	1.87993e-02	5.38651	5.57176	4.36970e-05
1.65845e+04	1.66261e-02	2.00760e-02	1.16781	5.82561	4.36970e-05
1.66311e+04	1.66227e-02	2.57055e-02	2.91350	0.46426	4.36970e-05
1.66777e+04	1.66238e-02	2.24497e-02	3.70225	1.29279	4.36970e-05
1.67243e+04	1.66271e-02	1.93774e-02	4.28530	2.42642	4.36970e-05
1.67708e+04	1.66287e-02	9.75020e-03	4.31967	4.14572	4.36970e-05
1.68174e+04	1.66296e-02	1.06322e-02	1.11499	5.16025	4.36970e-05
1.68640e+04	1.66226e-02	5.88000e-03	1.49661	0.16738	4.36970e-05
1.69106e+04	1.66322e-02	9.31073e-03	3.72804	0.82458	4.36970e-05
1.69572e+04	1.66242e-02	7.41312e-03	1.89165	2.44645	4.36970e-05
1.70038e+04	1.66223e-02	3.89116e-03	0.50857	1.38364	4.36970e-05
1.70504e+04	1.66218e-02	1.28968e-02	5.16490	3.53927	4.36970e-05
1.70969e+04	1.66263e-02	9.57524e-03	3.46459	4.97020	4.36970e-05
1.71435e+04	1.66297e-02	3.23671e-03	5.80016	1.07045	4.36970e-05
1.71901e+04	1.66343e-02	8.17318e-03	3.94178	3.53940	4.36970e-05
1.72367e+04	1.66296e-02	1.00469e-02	0.96457	4.68365	4.36970e-05
1.72833e+04	1.66286e-02	1.29596e-02	4.63626	5.59541	4.36970e-05
1.73299e+04	1.66308e-02	1.34345e-02	1.83919	0.33994	4.36970e-05
1.73765e+04	1.66310e-02	2.92377e-03	3.02289	1.64464	4.36970e-05
1.74230e+04	1.66244e-02	4.64449e-03	2.94646	1.89526	4.36970e-05
1.74696e+04	1.66266e-02	3.79781e-03	4.63390	2.76505	4.36970e-05
1.75162e+04	1.66275e-02	6.36505e-03	5.34921	4.11796	4.36970e-05
1.75628e+04	1.66284e-02	1.18626e-02	0.63360	5.48699	4.36970e-05
1.76094e+04	1.66320e-02	2.00990e-02	3.24147	1.09726	4.36970e-05
1.76560e+04	1.66278e-02	1.52873e-02	2.99262	2.28000	4.36970e-05
1.77026e+04	1.66232e-02	1.38191e-02	5.24770	3.36523	4.36970e-05
1.77491e+04	1.66242e-02	1.58328e-02	1.10769	4.48411	4.36970e-05
1.77957e+04	1.66216e-02	1.60876e-02	5.76475	5.66591	4.36970e-05
1.78423e+04	1.66236e-02	1.09523e-02	2.29359	1.07816	4.36970e-05
1.78889e+04	1.66269e-02	6.73731e-03	5.94323	2.03220	4.36970e-05
1.79355e+04	1.66280e-02	1.28955e-02	3.68708	3.15315	4.36970e-05
1.79821e+04	1.66247e-02	6.88143e-03	2.59424	4.93150	4.36970e-05
1.80287e+04	1.66215e-02	4.02404e-03	4.22891	5.56472	4.36970e-05
1.80752e+04	1.66208e-02	9.94622e-03	5.23048	5.68909	4.36970e-05
1.81218e+04	1.66234e-02	8.85221e-03	0.39108	0.49077	4.36970e-05
1.81684e+04	1.66189e-02	9.09594e-03	4.60646	1.56554	4.36970e-05
1.82150e+04	1.66239e-02	5.39178e-03	3.84627	1.97458	4.36970e-05
1.82616e+04	1.66288e-02	9.22328e-03	0.86385	1.32314	4.36970e-05
1.83082e+04	1.66246e-02	8.24496e-03	4.08635	2.30411	4.36970e-05
1.83548e+04	1.66294e-02	6.56882e-03	3.51146	2.79215	4.36970e-05
1.84013e+04	1.66322e-02	5.94415e-03	3.32980	5.18760	4.36970e-05
1.84479e+04	1.66329e-02	9.42946e-03	0.83622	1.16000	4.36970e-05
1.84945e+04	1.66269e-02	1.31963e-02	4.39535	2.95818	4.36970e-05
1.85411e+04	1.66316e-02	1.10783e-02	4.10838	3.63884	4.36970e-05
1.85877e+04	1.66311e-02	1.06350e-02	4.35336	5.20543	4.36970e-05
1.86343e+04	1.66301e-02	1.00771e-02	3.36232	5.80950	4.36970e-05
1.86809e+04	1.66299e-02	1.01998e-02	3.43128	0.31429	4.36970e-05
1.87274e+04	1.66273e-02	4.84165e-03	6.04255	1.79888	4.36970e-05
1.87740e+04	1.66218e-02	1.49046e-02	2.57489	0.79305	4.36970e-05
1.88206e+04	1.66260e-02	1.73753e-02	5.67447	2.86215	4.36970e-05
1.88672e+04	1.66292e-02	5.38827e-03	0.53820	1.00439	4.36970e-05
1.89138e+04	1.66307e-02	6.22577e-03	4.84672	0.26608	4.36970e-05
1.89604e+04	1.66259e-02	8.54203e-03	4.12510	0.76473	4.36970e-05
1.90070e+04	1.66252e-02	1.73149e-02	3.21267	1.13847	4.36970e-05
1.90535e+04	1.66312e-02	1.46842e-02	0.66123	2.47490	4.36970e-05
1.91001e+04	1.66265e-02	1.60462e-02	5.10300	2.98060	4.36970e-05
1.91467e+04	1.66287e-02	3.72526e-03	3.06046	4.66687	4.36970e-05
1.91933e+04	1.66299e-02	1.70448e-03	3.84451	2.33174	4.36970e-05
1.92399e+04	1.66245e-02	1.41833e-02	4.92223	4.77278	4.36970e-05
1.92865e+04	1.66341e-02	1.66691e-02	0.57110	5.77273	4.36970e-05
1.93331e+04	1.66271e-02	1.14299e-02	5.27287	0.16997	4.36970e-05
1.93796e+04	1.66285e-02	1.37981e-02	1.72300	1.96402	4.36970e-05
1.94262e+04	1.66338e-02	8.86937e-03	6.27088	2.08506	4.36970e-05
1.94728e+04	1.66311e-02	1.28564e-02	2.74573	3.74016	4.36970e-05
1.95194e+04	1.66326e-02	2.99724e-03	5.96470	4.90418	4.36970e-05
1.95660e+04	1.66285e-02	1.07638e-02	3.35912	5.66784	4.36970e-05
1.96126e+04	1.66273e-02	6.05964e-03	5.19295	1.68048	4.36970e-05
1.96592e+04	1.66326e-02	5.35677e-03	4.49085	0.33005	4.36970e-05
1.97057e+04	1.66334e-02	7.66358e-03	6.27659	2.40395	4.36970e-05
1.97523e+04	1.66285e-02	3.48666e-03	0.82056	5.37981	4.36970e-05
1.97989e+04	1.66344e-02	7.42016e-03	1.66325	2.41682	4.36970e-05
1.98455e+04	1.66323e-02	7.58162e-04	0.59577	1.61539	4.36970e-05
1.98921e+04	1.66279e-02	9.16130e-03	2.73592	3.35169	4.36970e-05
1.99387e+04	1.66327e-02	9.50873e-03	5.06970	5.04968	4.36970e-05
1.99853e+04	1.66333e-02	1.75296e-03	1.81358	5.97325	4.36970e-05
2.00318e+04	1.66282e-02	9.84006e-03	5.53366	6.14953	4.36970e-05
2.00784e+04	1.66333e-02	7.86458e-03	1.54529	1.82434	4.36970e-05
2.01250e+04	1.66316e-02	1.21425e-02	6.02763	1.80939	4.36970e-05
2.01716e+04	1.66320e-02	6.81362e-03	2.33447	3.86277	4.36970e-05
2.02182e+04	1.66257e-02	1.28621e-02	0.34851	4.28695	4.36970e-05
2.02648e+04	1.66255e-02	7.68361e-03	4.09243	4.90164	4.36970e-05
2.03114e+04	1.66232e-02	4.71816e-03	6.03132	0.04599	4.36970e-05
2.03579e+04	1.66250e-02	2.28371e-03	2.30598	0.35306	4.36970e-05
2.04045e+04	1.66230e-02	8.24126e-03	0.24019	1.39452	4.36970e-05
2.04511e+04	1.66229e-02	7.33893e-03	1.75714	2.08998	4.36970e-05
2.04977e+04	1.66239e-02	5.49272e-03	2.16197	3.42724	4.36970e-05
2.05443e+04	1.66305e-02	1.18461e-02	5.30984	5.61174	4.36970e-05
2.05909e+04	1.66282e-02	1.06859e-02	3.28953	0.84289	4.36970e-05
2.06375e+04	1.66256e-02	1.03329e-02	6.06169	1.52467	4.36970e-05
2.06840e+04	1.66335e-02	1.88192e-02	1.59566	2.62507	4.36970e-05
2.07306e+04	1.66276e-02	1.53816e-02	3.14588	3.74016	4.36970e-05
2.07772e+04	1.66321e-02	2.03614e-02	2.75755	4.57557	4.36970e-05
2.08238e+04	1.66276e-02	1.10757e-02	1.44284	5.45999	4.36970e-05
2.08704e+04	1.66260e-02	1.71934e-02	3.79019	0.06527	4.36970e-05
2.09170e+04	1.66295e-02	1.66675e-02	0.91181	1.27959	4.36970e-05
2.09636e+04	1.66288e-02	1.78180e-02	3.27344	2.13569	4.36970e-05
2.10101e+04	1.66285e-02	1.74575e-02	4.70866	3.29906	4.36970e-05
2.10567e+04	1.66268e-02	1.52311e-02	1.29477	4.76805	4.36970e-05
2.11033e+04	1.66252e-02	8.46245e-04	4.85026	6.27333	4.36970e-05
2.11499e+04	1.66320e-02	9.22622e-03	1.57583	6.12696	4.36970e-05
2.11965e+04	1.66274e-02	7.97562e-03	0.12265	0.83410	4.36970e-05
2.12431e+04	1.66297e-02	8.37340e-03	1.72647	2.11962	4.36970e-05
2.12897e+04	1.66276e-02	1.11596e-03	2.04618	2.72229	4.36970e-05
2.13362e+04	1.66355e-02	4.69327e-03	6.14895	3.49684	4.36970e-05
2.13828e+04	1.66337e-02	6.29685e-03	5.67636	5.74804	4.36970e-05
2.14294e+04	1.66309e-02	1.42224e-02	2.80999	5.73584	4.36970e-05
2.14760e+04	1.66250e-02	1.63146e-02	2.72004	1.27120	4.36970e-05
2.15226e+04	1.66278e-02	1.44904e-02	1.87310	2.65103	4.36970e-05
2.15692e+04	1.66326e-02	1.59786e-02	2.84257	3.69050	4.36970e-05
2.16157e+04	1.66294e-02	1.45078e-02	4.54173	4.54816	4.36970e-05
2.16623e+04	1.66324e-02	1.76909e-02	4.28134	5.89453	4.36970e-05
2.17089e+04	1.66307e-02	1.45671e-02	2.75104	0.63115	4.36970e-05
2.17555e+04	1.66278e-02	1.09072e-02	3.92650	1.71250	4.36970e-05
2.18021e+04	1.66298e-02	1.08084e-02	2.21170	3.29943	4.36970e-05
2.18487e+04	1.66225e-02	9.16699e-03	1.18619	4.46979	4.36970e-05
2.18953e+04	1.66328e-02	5.29759e-03	2.05107	4.59130	4.36970e-05
2.19418e+04	1.66317e-02	7.94101e-03	3.44330	5.72484	4.36970e-05
2.19884e+04	1.66250e-02	6.15237e-03	5.62768	6.22138	4.36970e-05
2.20350e+04	1.66283e-02	1.14698e-02	5.95983	0.63949	4.36970e-05
2.20816e+04	1.66259e-02	8.05710e-03	6.21838	1.82531	4.36970e-05
2.21282e+04	1.66225e-02	7.08913e-03	6.11919	2.63233	4.36970e-05
2.21748e+04	1.66272e-02	1.36202e-02	3.07689	3.96109	4.36970e-05
2.22214e+04	1.66272e-02	1.97415e-02	5.37426	5.72254	4.36970e-05
2.22679e+04	1.66299e-02	1.99087e-02	0.64686	0.55688	4.36970e-05
2.23145e+04	1.66339e-02	1.34957e-02	0.14784	1.44130	4.36970e-05
2.23611e+04	1.66322e-02	1.56273e-02	4.41123	2.83141	4.36970e-05
2.24077e+04	1.66297e-02	3.05345e-03	4.89575	4.37076	4.36970e-05
2.24543e+04	1.66338e-02	1.04434e-02	2.95243	4.24588	4.36970e-05
2.25009e+04	1.66294e-02	8.13524e-03	2.72657	5.85394	4.36970e-05
2.25475e+04	1.66317e-02	1.09276e-02	2.13763	0.47316	4.36970e-05
2.25940e+04	1.66284e-02	1.58777e-02	2.47933	1.69907	4.36970e-05
2.26406e+04	1.66327e-02	1.22182e-02	3.47089	3.31195	4.36970e-05
2.26872e+04	1.66282e-02	1.04806e-02	1.66725	4.75295	4.36970e-05
2.27338e+04	1.66337e-02	1.59417e-02	1.89286	6.00884	4.36970e-05
2.27804e+04	1.66305e-02	1.64384e-02	2.89015	0.89866	4.36970e-05
2.28270e+04	1.66322e-02	1.34256e-02	3.97802	1.70774	4.36970e-05
2.28736e+04	1.66302e-02	1.17180e-02	4.57695	2.92815	4.36970e-05
2.29201e+04	1.66274e-02	1.63393e-02	4.31305	3.62295	4.36970e-05
2.29667e+04	1.66322e-02	1.18268e-02	4.63371	4.95091	4.36970e-05
2.30133e+04	1.66276e-02	9.06704e-03	2.21431	0.07680	4.36970e-05
2.30599e+04	1.66353e-02	5.52912e-03	2.10143	1.40139	4.36970e-05
2.31065e+04	1.66284e-02	5.87986e-03	3.10677	2.95224	4.36970e-05
2.31531e+04	1.66332e-02	1.18011e-02	3.17776	3.44555	4.36970e-05
2.31997e+04	1.66302e-02	1.21936e-02	6.04260	4.20077	4.36970e-05
2.32462e+04	1.66296e-02	7.29200e-03	4.99395	4.97918	4.36970e-05
2.32928e+04	1.66237e-02	6.21326e-03	0.32083	0.28834	4.36970e-05
2.33394e+04	1.66286e-02	9.36802e-03	2.84224	1.30000	4.36970e-05
2.33860e+04	1.66298e-02	1.36977e-02	5.66611	2.52865	4.36970e-05
2.34326e+04	1.66320e-02	1.69244e-02	2.05807	3.79300	4.36970e-05
2.34792e+04	1.66302e-02	1.60938e-02	0.06606	5.03682	4.36970e-05
2.35258e+04	1.66278e-02	1.48586e-02	5.08858	0.04217	4.36970e-05
2.35723e+04	1.66287e-02	1.56796e-02	1.09273	1.32854	4.36970e-05
2.36189e+04	1.66217e-02	1.55194e-02	4.12440	2.27882	4.36970e-05
2.36655e+04	1.66263e-02	1.65184e-02	3.74167	3.23354	4.36970e-05
2.37121e+04	1.66300e-02	1.79078e-02	2.68961	4.53528	4.36970e-05
2.37587e+04	1.66265e-02	1.49587e-02	1.78749	5.83718	4.36970e-05
2.38053e+04	1.66257e-02	1.10624e-02	2.95097	0.89872	4.36970e-05
2.38519e+04	1.66265e-02	1.29654e-02	0.97435	1.61768	4.36970e-05
2.38984e+04	1.66264e-02	9.09473e-03	5.16132	3.39908	4.36970e-05
2.39450e+04	1.66285e-02	8.29687e-03	0.38342	4.37535	4.36970e-05
2.39916e+04	1.66325e-02	5.82821e-03	5.88830	5.80975	4.36970e-05
2.40382e+04	1.66273e-02	1.80697e-03	0.23230	1.91402	4.36970e-05
2.40848e+04	1.66289e-02	7.39498e-04	6.06071	0.42786	4.36970e-05
2.41314e+04	1.66248e-02	5.70718e-03	1.89392	1.63185	4.36970e-05
2.41780e+04	1.66290e-02	1.17876e-02	6.27397	3.10467	4.36970e-05
2.42245e+04	1.66320e-02	1.43971e-02	0.47269	4.70346	4.36970e-05
2.42711e+04	1.66313e-02	1.66433e-02	4.85192	5.75174	4.36970e-05
2.43177e+04	1.66263e-02	1.47959e-02	2.18571	0.66821	4.36970e-05
2.43643e+04	1.66296e-02	1.12249e-02	4.96759	1.75584	4.36970e-05
2.44109e+04	1.66290e-02	9.35509e-03	2.61586	3.01194	4.36970e-05
2.44575e+04	1.66267e-02	9.59163e-03	1.03184	4.52611	4.36970e-05
2.45041e+04	1.66295e-02	8.82458e-03	5.56261	5.94807	4.36970e-05
2.45506e+04	1.66245e-02	6.32312e-03	4.68156	0.86047	4.36970e-05
2.45972e+04	1.66315e-02	6.56274e-03	0.41056	1.95112	4.36970e-05
2.46438e+04	1.66303e-02	2.60997e-03	3.37214	3.19338	4.36970e-05
2.46904e+04	1.66286e-02	6.98736e-03	4.06359	3.85646	4.36970e-05
2.47370e+04	1.66294e-02	6.51104e-03	2.44768	5.86358	4.36970e-05
2.47836e+04	1.66273e-02	4.51567e-04	4.70995	6.13788	4.36970e-05
2.48302e+04	1.66314e-02	4.76025e-03	0.06902	5.70057	4.36970e-05
2.48767e+04	1.66278e-02	6.51370e-03	3.41370	0.71492	4.36970e-05
2.49233e+04	1.66266e-02	5.93827e-03	2.94915	3.13179	4.36970e-05
2.49699e+04	1.66277e-02	6.42181e-03	4.73303	4.18525	4.36970e-05
2.50165e+04	1.66280e-02	1.04571e-02	3.42611	5.87988	4.36970e-05
2.50631e+04	1.66294e-02	8.62458e-03	3.34300	0.19061	4.36970e-05
2.51097e+04	1.66334e-02	7.96848e-03	2.16723	1.09297	4.36970e-05
2.51563e+04	1.66290e-02	9.26061e-03	6.13852	2.26486	4.36970e-05
2.52028e+04	1.66290e-02	8.64107e-03	0.39035	2.97674	4.36970e-05
2.52494e+04	1.66320e-02	9.42419e-03	1.56215	3.48468	4.36970e-05
2.52960e+04	1.66276e-02	1.05058e-02	5.23083	4.87136	4.36970e-05
2.53426e+04	1.66243e-02	1.06499e-02	2.44865	0.14983	4.36970e-05
2.53892e+04	1.66274e-02	9.26964e-03	0.03708	1.78931	4.36970e-05
2.54358e+04	1.66288e-02	1.05212e-02	3.00485	3.28410	4.36970e-05
2.54824e+04	1.66246e-02	1.23002e-02	2.89343	4.61730	4.36970e-05
2.55289e+04	1.66281e-02	1.26903e-02	0.92924	0.19430	4.36970e-05
2.55755e+04	1.66313e-02	8.26789e-03	5.91761	1.32433	4.36970e-05
2.56221e+04	1.66260e-02	9.14308e-03	0.15719	2.91171	4.36970e-05
2.56687e+04	1.66281e-02	7.51271e-03	3.46996	4.11396	4.36970e-05
2.57153e+04	1.66345e-02	2.38513e-03	0.13306	3.77855	4.36970e-05
2.57619e+04	1.66308e-02	5.36440e-03	5.88847	4.12853	4.36970e-05
2.58085e+04	1.66284e-02	9.73223e-03	3.02123	6.11079	4.36970e-05
2.58550e+04	1.66278e-02	9.93351e-03	2.63051	0.82876	4.36970e-05
2.59016e+04	1.66260e-02	6.07410e-03	3.39371	0.68434	4.36970e-05
2.59482e+04	1.66312e-02	6.71050e-03	1.63271	1.69188	4.36970e-05
2.59948e+04	1.66314e-02	9.86867e-03	0.20362	1.67565	4.36970e-05
2.60414e+04	1.66247e-02	1.11924e-02	6.11220	2.30353	4.36970e-05
2.60880e+04	1.66228e-02	8.60129e-03	5.95022	3.61954	4.36970e-05
2.61346e+04	1.66280e-02	1.16248e-02	1.51639	5.04400	4.36970e-05
2.61811e+04	1.66273e-02	1.21153e-02	0.21726	5.97739	4.36970e-05
2.62277e+04	1.66230e-02	1.13417e-02	2.37315	0.58309	4.36970e-05
2.62743e+04	1.66275e-02	1.08833e-02	2.74486	1.96462	4.36970e-05
2.63209e+04	1.66216e-02	1.25062e-02	4.63615	3.66763	4.36970e-05
2.63675e+04	1.66201e-02	1.29010e-02	2.66562	5.29171	4.36970e-05
2.64141e+04	1.66403e-02	6.94437e-03	4.04613	0.41065	4.36970e-05
2.64607e+04	1.66275e-02	4.02984e-03	0.35296	2.34686	4.36970e-05
2.65072e+04	1.66419e-02	6.64697e-03	5.55144	5.29870	4.36970e-05
2.65538e+04	1.66320e-02	8.05930e-03	0.67785	0.65898	4.36970e-05
2.66004e+04	1.66332e-02	5.22462e-03	5.84704	0.85813	4.36970e-05
2.66470e+04	1.66278e-02	1.60033e-02	0.62694	2.30731	4.36970e-05
2.66936e+04	1.66189e-02	1.66977e-02	4.46752	3.94040	4.36970e-05
2.67402e+04	1.66359e-02	1.29104e-02	1.40954	5.77506	4.36970e-05
2.67868e+04	1.66307e-02	9.91097e-03	4.99878	0.36914	4.36970e-05
2.68333e+04	1.66237e-02	7.56583e-03	1.96187	2.20284	4.36970e-05
2.68799e+04	1.66210e-02	9.05250e-03	1.55485	4.40568	4.36970e-05
2.69265e+04	1.66265e-02	5.79650e-03	6.20547	5.90588	4.36970e-05
2.69731e+04	1.66202e-02	7.47586e-03	0.94604	3.59370	4.36970e-05
2.70197e+04	1.66251e-02	1.26013e-02	4.04674	4.44299	4.36970e-05
2.70663e+04	1.66200e-02	1.75961e-02	2.09077	5.34266	4.36970e-05
2.71129e+04	1.66196e-02	1.80996e-02	0.06176	0.06288	4.36970e-05
2.71594e+04	1.66202e-02	1.11033e-02	2.42663	1.09001	4.36970e-05
2.72060e+04	1.66183e-02	1.18728e-02	3.66265	2.09040	4.36970e-05
2.72526e+04	1.66237e-02	1.19281e-02	0.53532	3.20174	4.36970e-05
2.72992e+04	1.66165e-02	1.64135e-02	1.02594	4.21541	4.36970e-05
2.73458e+04	1.66239e-02	9.65345e-03	3.51663	5.27981	4.36970e-05
2.73924e+04	1.66181e-02	1.35520e-02	0.12254	5.89046	4.36970e-05
2.74390e+04	1.66163e-02	1.29869e-02	3.02695	0.16764	4.36970e-05
2.74855e+04	1.66116e-02	1.27272e-02	2.86661	1.85850	4.36970e-05
2.75321e+04	1.66189e-02	6.09502e-03	5.44820	0.56269	4.36970e-05
2.75787e+04	1.66189e-02	1.68976e-02	4.55593	1.34975	4.36970e-05
2.76253e+04	1.66170e-02	1.36787e-02	0.24648	4.37101	4.36970e-05
2.76719e+04	1.66225e-02	1.42758e-02	4.41076	5.57597	4.36970e-05
2.77185e+04	1.66119e-02	2.68567e-02	4.28906	5.91909	4.36970e-05
2.77651e+04	1.66086e-02	2.98615e-02	1.16398	0.30363	4.36970e-05
2.78116e+04	1.66156e-02	3.31960e-02	5.20525	1.23090	4.36970e-05
2.78582e+04	1.66122e-02	3.43295e-02	1.65579	2.03822	4.36970e-05
2.79048e+04	1.66054e-02	2.29995e-02	0.71831	3.52585	4.36970e-05
2.79514e+04	1.66066e-02	7.57500e-03	3.09840	5.87886	4.36970e-05
2.79980e+04	1.66094e-02	2.79787e-02	1.76625	4.11230	4.36970e-05
2.80446e+04	1.66100e-02	2.17078e-02	3.42860	5.05702	4.36970e-05
2.80912e+04	1.66062e-02	2.65776e-02	0.45235	5.11457	4.36970e-05
2.81377e+04	1.66090e-02	2.86494e-03	2.00777	6.17836	4.36970e-05
2.81843e+04	1.66102e-02	1.18657e-02	3.29967	3.91737	4.36970e-05
2.82309e+04	1.66072e-02	8.51144e-03	5.04376	6.08758	4.36970e-05
2.82775e+04	1.66037e-02	2.37306e-02	1.86790	2.98643	4.36970e-05
2.83241e+04	1.66070e-02	3.41244e-02	1.85803	3.36796	4.36970e-05
2.83707e+04	1.66128e-02	2.47418e-02	1.07094	4.68905	4.36970e-05
2.84173e+04	1.65990e-02	1.96685e-02	0.62168	5.58163	4.36970e-05
2.84638e+04	1.65984e-02	2.89147e-02	1.88204	6.11224	4.36970e-05
2.85104e+04	1.66045e-02	1.36343e-02	3.48598	5.17932	4.36970e-05
2.85570e+04	1.65976e-02	2.82036e-02	1.68210	2.28654	4.36970e-05
2.86036e+04	1.65969e-02	2.65324e-02	4.62357	0.85951	4.36970e-05
2.86502e+04	1.66010e-02	1.30653e-02	3.10259	0.19617	4.36970e-05
2.86968e+04	1.66052e-02	1.03511e-02	5.12223	5.04794	4.36970e-05
2.87434e+04	1.66005e-02	2.39385e-02	0.18615	4.82528	4.36970e-05
2.87899e+04	1.65935e-02	1.80298e-02	3.82307	4.15228	4.36970e-05
2.88365e+04	1.66009e-02	4.94348e-02	0.11227	2.14806	4.36970e-05
2.88831e+04	1.65968e-02	4.40533e-02	3.41495	5.56178	4.36970e-05
2.89297e+04	1.65980e-02	3.52994e-02	1.23630	4.44381	4.36970e-05
2.89763e+04	1.65862e-02	1.40350e-02	3.59269	1.84657	4.36970e-05
2.90229e+04	1.65847e-02	1.25729e-02	3.09973	0.12755	4.36970e-05
2.90695e+04	1.65968e-02	3.24371e-02	1.85700	0.37174	4.36970e-05
2.91160e+04	1.65947e-02	1.99733e-02	4.79000	5.48829	4.36970e-05
2.91626e+04	1.65830e-02	2.32878e-02	2.36128	3.87296	4.36970e-05
2.92092e+04	1.65846e-02	4.17981e-02	1.15432	2.12288	4.36970e-05
2.92558e+04	1.65867e-02	1.28159e-02	1.28207	3.15161	4.36970e-05
2.93024e+04	1.65724e-02	4.55700e-02	2.91363	5.24446	4.36970e-05
2.93490e+04	1.65809e-02	4.09952e-02	2.52768	5.02148	4.36970e-05
2.93956e+04	1.65788e-02	2.43271e-02	3.49735	0.27516	4.36970e-05
2.94421e+04	1.65789e-02	4.33170e-02	2.29952	0.20914	4.36970e-05
2.94887e+04	1.65774e-02	7.80073e-02	5.04849	2.92283	4.36970e-05
2.95353e+04	1.65798e-02	7.85946e-03	2.73222	0.63344	4.36970e-05
2.95819e+04	1.65718e-02	2.90326e-02	5.27503	2.73929	4.36970e-05
2.96285e+04	1.65814e-02	5.84075e-02	3.95129	1.44961	4.36970e-05
2.96751e+04	1.65772e-02	2.68998e-02	1.95146	4.72969	4.36970e-05
2.97217e+04	1.65710e-02	8.11440e-02	0.09149	0.01092	4.36970e-05
2.97682e+04	1.65711e-02	3.20000e-02	1.31382	3.44535	4.36970e-05
2.98148e+04	1.65639e-02	3.90540e-02	2.69643	2.86972	4.36970e-05
2.98614e+04	1.65717e-02	4.67971e-02	1.88778	3.46200	4.36970e-05
2.99080e+04	1.65700e-02	2.16255e-02	3.16056	3.22337	4.36970e-05
2.99546e+04	1.65613e-02	4.40021e-02	5.39587	1.75488	4.36970e-05
3.00012e+04	1.65751e-02	5.60914e-02	0.98991	1.60245	4.36970e-05
3.00478e+04	1.65674e-02	1.54337e-02	3.80902	4.17888	4.36970e-05
3.00943e+04	1.65651e-02	1.15774e-02	1.97263	3.88223	4.36970e-05
3.01409e+04	1.65618e-02	4.55070e-02	5.54497	4.40510	4.36970e-05
3.01875e+04	1.65550e-02	2.88257e-02	5.92367	4.99669	4.36970e-05
3.02341e+04	1.65642e-02	2.50848e-02	4.08884	3.67443	4.36970e-05
3.02807e+04	1.65665e-02	3.07527e-02	4.51968	4.84042	4.36970e-05
3.03273e+04	1.65710e-02	6.21134e-02	2.86896	1.21451	4.36970e-05
3.03739e+04	1.65624e-02	5.95865e-02	3.71999	4.02117	4.36970e-05
3.04204e+04	1.65563e-02	4.42809e-02	4.51977	5.04128	4.36970e-05
3.04670e+04	1.65560e-02	3.12094e-02	0.75101	2.58136	4.36970e-05
3.05136e+04	1.65561e-02	3.16711e-02	2.44438	0.27496	4.36970e-05
3.05602e+04	1.65573e-02	4.90168e-02	1.29917	1.67908	4.36970e-05
3.06068e+04	1.65446e-02	2.45166e-02	2.46167	1.86808	4.36970e-05
3.06534e+04	1.65511e-02	4.52256e-02	3.55280	2.96901	4.36970e-05
3.07000e+04	1.65428e-02	6.84554e-03	0.53874	4.28812	4.36970e-05
3.07465e+04	1.65595e-02	3.21459e-02	0.01152	4.87975	4.36970e-05
3.07931e+04	1.65449e-02	3.16191e-02	1.73177	1.33256	4.36970e-05
3.08397e+04	1.65397e-02	8.64615e-03	4.20678	2.12248	4.36970e-05
3.08863e+04	1.65472e-02	3.55585e-02	3.73911	2.56873	4.36970e-05
3.09329e+04	1.65430e-02	3.27880e-03	6.07115	5.10344	4.36970e-05
3.09795e+04	1.65327e-02	3.07542e-02	5.08936	3.70516	4.36970e-05
3.10261e+04	1.65393e-02	2.18413e-02	1.59578	5.93066	4.36970e-05
3.10726e+04	1.65393e-02	5.12415e-02	4.48591	5.00396	4.36970e-05
3.11192e+04	1.65406e-02	3.85968e-02	2.00081	1.92079	4.36970e-05
3.11658e+04	1.65403e-02	1.95768e-02	0.47613	1.95105	4.36970e-05
3.12124e+04	1.65275e-02	3.99125e-02	3.92489	3.31738	4.36970e-05
3.12590e+04	1.65388e-02	1.43445e-02	0.34930	5.17814	4.36970e-05
3.13056e+04	1.65341e-02	4.23715e-02	3.75819	4.53008	4.36970e-05
3.13522e+04	1.65329e-02	1.15731e-02	1.63215	1.83813	4.36970e-05
3.13987e+04	1.65197e-02	2.13196e-02	3.73868	0.08345	4.36970e-05
3.14453e+04	1.65239e-02	6.80981e-03	0.85736	4.21415	4.36970e-05
3.14919e+04	1.65186e-02	3.82560e-02	0.93546	1.65711	4.36970e-05
3.15385e+04	1.65163e-02	1.74271e-02	1.34842	5.70786	4.36970e-05
3.15851e+04	1.65257e-02	5.91709e-02	4.06867	4.27263	4.36970e-05
3.16317e+04	1.65194e-02	4.31432e-02	6.13778	0.58448	4.36970e-05
3.16783e+04	1.65202e-02	2.52225e-02	3.82065	6.21766	4.36970e-05
3.17248e+04	1.65158e-02	5.37488e-02	5.26148	1.32314	4.36970e-05
3.17714e+04	1.65171e-02	1.62402e-02	4.76957	1.42354	4.36970e-05
3.18180e+04	1.65178e-02	5.03428e-02	3.20364	3.34106	4.36970e-05
3.18646e+04	1.65158e-02	2.59391e-02	3.41352	4.41606	4.36970e-05
3.19112e+04	1.65222e-02	4.35455e-02	5.92856	5.45892	4.36970e-05
3.19578e+04	1.65074e-02	6.24636e-02	0.01394	6.04148	4.36970e-05
3.20044e+04	1.65213e-02	9.35214e-02	5.53251	1.70636	4.36970e-05
3.20509e+04	1.65053e-02	9.45116e-02	5.80391	2.48354	4.36970e-05
3.20975e+04	1.65065e-02	3.84659e-02	2.80265	2.59219	4.36970e-05
3.21441e+04	1.65110e-02	6.31771e-02	1.01727	5.41444	4.36970e-05
3.21907e+04	1.65079e-02	8.94705e-02	3.44338	5.78775	4.36970e-05
3.22373e+04	1.65072e-02	2.45410e-02	5.77924	1.28717	4.36970e-05
3.22839e+04	1.64955e-02	3.06174e-02	4.47403	3.48757	4.36970e-05
3.23305e+04	1.64882e-02	8.37360e-02	3.29793	5.29852	4.36970e-05
3.23770e+04	1.65214e-02	9.26907e-02	3.73491	0.19976	4.36970e-05
3.24236e+04	1.64995e-02	3.39156e-02	3.83239	3.85491	4.36970e-05
3.24702e+04	1.65022e-02	6.83983e-02	5.61993	4.39719	4.36970e-05
3.25168e+04	1.65028e-02	1.18452e-01	0.19188	5.26853	4.36970e-05
3.25634e+04	1.64931e-02	7.68725e-02	0.74502	6.04096	4.36970e-05
3.26100e+04	1.64879e-02	6.13100e-02	1.44395	1.50033	4.36970e-05
3.26566e+04	1.64962e-02	6.61274e-02	3.94894	5.46591	4.36970e-05
3.27031e+04	1.64789e-02	9.71224e-02	4.09878	6.05001	4.36970e-05
3.27497e+04	1.64964e-02	9.87185e-02	3.93332	0.65928	4.36970e-05
3.27963e+04	1.64936e-02	9.76751e-02	0.51308	1.19770	4.36970e-05
3.28429e+04	1.64890e-02	1.14021e-01	1.14805	1.81355	4.36970e-05
3.28895e+04	1.64791e-02	1.17633e-01	1.79410	2.65469	4.36970e-05
3.29361e+04	1.64874e-02	9.40423e-02	5.45713	3.16677	4.36970e-05
3.29827e+04	1.64898e-02	1.07589e-01	0.99796	3.67743	4.36970e-05
3.30292e+04	1.64862e-02	9.59099e-02	2.43485	4.64620	4.36970e-05
3.30758e+04	1.64743e-02	6.85903e-02	6.22998	4.95326	4.36970e-05
3.31224e+04	1.64705e-02	1.02325e-01	3.60967	5.46960	4.36970e-05
3.31690e+04	1.64702e-02	7.19778e-02	5.04496	6.13107	4.36970e-05
3.32156e+04	1.64738e-02	9.93923e-02	3.66785	0.09689	4.36970e-05
3.32622e+04	1.64863e-02	1.07924e-01	2.23813	1.11369	4.36970e-05
3.33088e+04	1.64680e-02	1.10779e-01	2.99201	1.54019	4.36970e-05
3.33553e+04	1.64873e-02	1.22433e-01	3.55374	2.31026	4.36970e-05
3.34019e+04	1.64813e-02	1.12505e-01	1.54238	3.18396	4.36970e-05
3.34485e+04	1.64706e-02	1.09193e-01	3.76345	3.60410	4.36970e-05
3.34951e+04	1.64673e-02	1.10272e-01	5.00108	4.69196	4.36970e-05
3.35417e+04	1.64721e-02	8.94014e-02	3.29595	5.22152	4.36970e-05
3.35883e+04	1.64756e-02	1.02013e-01	0.30515	6.00948	4.36970e-05
3.36349e+04	1.64565e-02	8.46680e-02	2.09489	0.71551	4.36970e-05
3.36814e+04	1.64707e-02	9.68838e-02	0.77176	1.18939	4.36970e-05
3.37280e+04	1.64696e-02	9.82619e-02	5.42328	2.52679	4.36970e-05
3.37746e+04	1.64709e-02	9.90550e-02	0.51668	2.98751	4.36970e-05
3.38212e+04	1.64716e-02	1.21257e-01	0.58458	4.26759	4.36970e-05
3.38678e+04	1.64660e-02	1.01449e-01	5.23336	5.23503	4.36970e-05
3.39144e+04	1.64605e-02	1.28608e-01	1.21338	6.14392	4.36970e-05
3.39610e+04	1.64542e-02	1.10886e-01	2.17559	1.29574	4.36970e-05
3.40075e+04	1.64643e-02	1.25841e-01	0.70423	2.06112	4.36970e-05
3.40541e+04	1.64625e-02	1.25103e-01	3.99152	3.57675	4.36970e-05
3.41007e+04	1.64581e-02	1.22384e-01	5.27630	4.61990	4.36970e-05
3.41473e+04	1.64501e-02	1.28449e-01	4.88541	5.81097	4.36970e-05
3.41939e+04	1.64606e-02	1.26423e-01	2.23938	1.04780	4.36970e-05
3.42405e+04	1.64613e-02	1.29005e-01	4.68674	2.04278	4.36970e-05
3.42871e+04	1.64394e-02	1.33668e-01	4.68661	3.62189	4.36970e-05
3.43336e+04	1.64601e-02	1.23454e-01	3.17738	4.87287	4.36970e-05
3.43802e+04	1.64525e-02	1.34775e-01	6.10815	6.20078	4.36970e-05
3.44268e+04	1.64369e-02	1.22073e-01	0.74498	1.61704	4.36970e-05
3.44734e+04	1.64380e-02	1.25736e-01	6.28264	2.75706	4.36970e-05
3.45200e+04	1.64375e-02	1.32122e-01	3.71374	4.64303	4.36970e-05
3.45666e+04	1.64510e-02	1.19700e-01	5.47257	5.88741	4.36970e-05
3.46132e+04	1.64494e-02	1.35461e-01	5.61270	1.28617	4.36970e-05
3.46597e+04	1.64497e-02	1.11136e-01	3.70034	2.96405	4.36970e-05
3.47063e+04	1.64243e-02	1.20977e-01	0.35978	4.35499	4.36970e-05
3.47529e+04	1.64348e-02	1.09081e-01	1.04211	0.16032	4.36970e-05
3.47995e+04	1.64465e-02	1.07851e-01	0.18124	1.53821	4.36970e-05
3.48461e+04	1.64239e-02	1.15087e-01	3.76917	3.60514	4.36970e-05
3.48927e+04	1.64376e-02	9.84983e-02	5.32837	5.36333	4.36970e-05
3.49393e+04	1.64394e-02	1.17256e-01	5.68007	0.81603	4.36970e-05
3.49858e+04	1.64296e-02	1.10140e-01	3.43444	3.08935	4.36970e-05
3.50324e+04	1.64336e-02	1.23143e-01	0.16403	4.60630	4.36970e-05
3.50790e+04	1.64319e-02	1.33303e-01	1.02287	0.57084	4.36970e-05
3.51256e+04	1.64387e-02	1.32471e-01	0.22615	2.33422	4.36970e-05
3.51722e+04	1.64311e-02	1.43083e-01	4.09156	4.30665	4.36970e-05
3.52188e+04	1.64165e-02	1.27065e-01	5.85667	0.15038	4.36970e-05
3.52654e+04	1.64338e-02	1.30726e-01	0.13014	1.94845	4.36970e-05
3.53119e+04	1.64129e-02	1.13016e-01	4.59031	4.31089	4.36970e-05
3.53585e+04	1.64299e-02	1.08518e-01	1.33541	0.05730	4.36970e-05
3.54051e+04	1.64297e-02	1.19737e-01	2.55051	2.31092	4.36970e-05
3.54517e+04	1.64341e-02	1.20354e-01	1.90440	4.71791	4.36970e-05
3.54983e+04	1.64245e-02	1.36298e-01	6.15140	0.35270	4.36970e-05
3.55449e+04	1.64102e-02	1.36890e-01	1.94195	2.87647	4.36970e-05
3.55915e+04	1.64242e-02	1.38246e-01	2.91127	4.83291	4.36970e-05
3.56380e+04	1.64062e-02	1.29907e-01	1.51810	0.96080	4.36970e-05
3.56846e+04	1.64283e-02	1.11980e-01	5.09813	3.41979	4.36970e-05
3.57312e+04	1.64202e-02	1.19431e-01	0.55464	5.64014	4.36970e-05
3.57778e+04	1.64222e-02	1.23187e-01	0.48917	2.18571	4.36970e-05
3.58244e+04	1.64206e-02	1.37180e-01	5.19420	4.29730	4.36970e-05
3.58710e+04	1.64010e-02	1.43946e-01	1.68081	0.61238	4.36970e-05
3.59175e+04	1.64160e-02	1.31399e-01	3.22765	3.00989	4.36970e-05
3.59641e+04	1.63980e-02	1.25012e-01	2.57330	5.42779	4.36970e-05
3.60107e+04	1.64130e-02	1.12315e-01	0.49257	2.07148	4.36970e-05
3.60573e+04	1.64133e-02	1.29270e-01	2.80720	4.42904	4.36970e-05
3.61039e+04	1.64156e-02	1.45159e-01	3.68878	0.90426	4.36970e-05
3.61505e+04	1.64046e-02	1.40438e-01	2.98506	3.36946	4.36970e-05
3.61971e+04	1.63868e-02	1.32869e-01	0.27826	5.93038	4.36970e-05
3.62436e+04	1.64144e-02	1.12541e-01	2.43576	2.61370	4.36970e-05
3.62902e+04	1.63890e-02	1.25262e-01	2.57671	5.22347	4.36970e-05
3.63368e+04	1.63900e-02	1.47783e-01	1.43257	1.79926	4.36970e-05
3.63834e+04	1.64036e-02	1.40781e-01	4.91287	4.39413	4.36970e-05
3.64300e+04	1.63988e-02	1.30692e-01	0.19012	0.81736	4.36970e-05
3.64766e+04	1.63800e-02	1.16965e-01	0.39018	3.93686	4.36970e-05
3.65232e+04	1.63996e-02	1.30529e-01	4.73161	0.39352	4.36970e-05
3.65697e+04	1.63860e-02	1.52554e-01	1.81722	3.28742	4.36970e-05
3.66163e+04	1.63997e-02	1.34104e-01	3.28472	6.07503	4.36970e-05
3.66629e+04	1.63985e-02	1.19665e-01	2.92322	2.70301	4.36970e-05
3.67095e+04	1.63984e-02	1.31988e-01	1.09594	5.94697	4.36970e-05
3.67561e+04	1.63925e-02	1.46832e-01	3.75778	2.45957	4.36970e-05
3.68027e+04	1.63965e-02	1.42400e-01	5.25034	5.43938	4.36970e-05
3.68493e+04	1.63720e-02	1.21698e-01	4.78108	2.23731	4.36970e-05
3.68958e+04	1.63947e-02	1.28435e-01	2.53823	5.37928	4.36970e-05
3.69424e+04	1.63863e-02	1.48150e-01	5.49911	2.26014	4.36970e-05
3.69890e+04	1.63697e-02	1.41478e-01	0.10589	5.11623	4.36970e-05
3.70356e+04	1.63666e-02	1.20528e-01	5.97746	2.24603	4.36970e-05
3.70822e+04	1.63675e-02	1.31390e-01	3.65763	5.41161	4.36970e-05
3.71288e+04	1.63875e-02	1.55152e-01	0.02541	2.19357	4.36970e-05
3.71754e+04	1.63723e-02	1.26826e-01	1.36020	5.55613	4.36970e-05
3.72219e+04	1.63823e-02	1.21180e-01	0.40881	2.35143	4.36970e-05
3.72685e+04	1.63677e-02	1.53142e-01	4.75293	5.84539	4.36970e-05
3.73151e+04	1.63597e-02	1.39513e-01	1.26544	2.67303	4.36970e-05
3.73617e+04	1.63599e-02	1.25390e-01	2.07506	5.90911	4.36970e-05
3.74083e+04	1.63775e-02	1.40437e-01	1.72194	3.27896	4.36970e-05
3.74549e+04	1.63789e-02	1.50368e-01	5.88555	0.04178	4.36970e-05
3.75015e+04	1.63605e-02	1.27831e-01	2.50467	3.59843	4.36970e-05
3.75480e+04	1.63721e-02	1.30571e-01	3.50924	0.67863	4.36970e-05
3.75946e+04	1.63774e-02	1.56557e-01	3.04190	4.06878	4.36970e-05
3.76412e+04	1.63783e-02	1.28605e-01	1.49786	1.37416	4.36970e-05
3.76878e+04	1.63671e-02	1.27938e-01	4.03177	4.57514	4.36970e-05
3.77344e+04	1.63671e-02	1.57281e-01	5.45442	2.06198	4.36970e-05
3.77810e+04	1.63563e-02	1.32205e-01	5.55875	5.42330	4.36970e-05
3.78276e+04	1.63588e-02	1.29096e-01	3.39595	2.56492	4.36970e-05
3.78741e+04	1.63669e-02	1.51614e-01	0.49687	0.13684	4.36970e-05
3.79207e+04	1.63623e-02	1.42297e-01	2.16489	3.38022	4.36970e-05
3.79673e+04	1.63635e-02	1.29515e-01	1.95645	0.93725	4.36970e-05
3.80139e+04	1.63646e-02	1.46613e-01	0.75429	4.47399	4.36970e-05
3.80605e+04	1.63594e-02	1.47190e-01	3.99614	1.62935	4.36970e-05
3.81071e+04	1.63550e-02	1.29798e-01	5.95933	5.66406	4.36970e-05
3.81537e+04	1.63521e-02	1.46774e-01	0.02876	2.68162	4.36970e-05
3.82002e+04	1.63584e-02	1.45210e-01	5.11277	0.11768	4.36970e-05
3.82468e+04	1.63609e-02	1.32367e-01	2.69330	4.00912	4.36970e-05
3.82934e+04	1.63524e-02	1.52224e-01	4.73970	1.20126	4.36970e-05
3.83400e+04	1.63527e-02	1.33839e-01	5.53029	5.03643	4.36970e-05
3.83866e+04	1.63394e-02	1.37520e-01	4.96013	2.44194	4.36970e-05
3.84332e+04	1.63479e-02	1.55339e-01	2.48982	6.28208	4.36970e-05
3.84798e+04	1.63503e-02	1.27302e-01	5.33194	3.63050	4.36970e-05
3.85263e+04	1.63475e-02	1.45259e-01	0.20781	1.21115	4.36970e-05
3.85729e+04	1.63394e-02	1.52741e-01	5.96045	5.05704	4.36970e-05
3.86195e+04	1.63465e-02	1.27375e-01	4.37961	2.42481	4.36970e-05
3.86661e+04	1.63397e-02	1.50530e-01	0.99517	0.18702	4.36970e-05
3.87127e+04	1.63255e-02	1.48490e-01	2.53379	3.84722	4.36970e-05
3.87593e+04	1.63399e-02	1.32378e-01	2.85292	1.55643	4.36970e-05
3.88059e+04	1.63416e-02	1.49564e-01	1.32935	5.49781	4.36970e-05
3.88524e+04	1.63364e-02	1.44074e-01	4.76921	2.81890	4.36970e-05
3.88990e+04	1.63358e-02	1.44642e-01	0.67825	0.84329	4.36970e-05
3.89456e+04	1.63273e-02	1.49588e-01	1.17590	4.54888	4.36970e-05
3.89922e+04	1.63227e-02	1.32757e-01	0.32687	2.19154	4.36970e-05
3.90388e+04	1.63285e-02	1.50565e-01	4.40176	0.11244	4.36970e-05
3.90854e+04	1.63383e-02	1.50099e-01	0.56613	3.81121	4.36970e-05
3.91320e+04	1.63225e-02	1.36476e-01	1.80132	1.89176	4.36970e-05
3.91785e+04	1.63025e-02	1.48535e-01	1.51465	5.66792	4.36970e-05
3.92251e+04	1.63318e-02	1.39709e-01	5.96813	3.36254	4.36970e-05
3.92717e+04	1.63261e-02	1.52996e-01	3.04093	1.44272	4.36970e-05
3.93183e+04	1.63024e-02	1.44821e-01	4.72312	5.18785	4.36970e-05
3.93649e+04	1.63372e-02	1.35250e-01	4.95518	3.19339	4.36970e-05
3.94115e+04	1.63189e-02	1.57601e-01	4.09978	0.87723	4.36970e-05
3.94581e+04	1.63174e-02	1.38448e-01	1.43880	4.94413	4.36970e-05
3.95046e+04	1.63141e-02	1.48127e-01	3.83666	2.97026	4.36970e-05
3.95512e+04	1.63274e-02	1.47924e-01	5.08512	0.49666	4.36970e-05
3.95978e+04	1.62983e-02	1.40127e-01	4.20970	4.86999	4.36970e-05
3.96444e+04	1.63264e-02	1.57754e-01	2.64448	2.62023	4.36970e-05
3.96910e+04	1.63004e-02	1.33705e-01	5.80413	0.47449	4.36970e-05
3.97376e+04	1.62911e-02	1.47543e-01	0.80566	4.75399	4.36970e-05
3.97842e+04	1.63015e-02	1.48994e-01	1.44544	2.38248	4.36970e-05
3.98307e+04	1.63042e-02	1.46643e-01	0.01972	0.63322	4.36970e-05
3.98773e+04	1.63101e-02	1.50395e-01	3.77011	4.62251	4.36970e-05
3.99239e+04	1.62949e-02	1.34326e-01	0.00767	2.56059	4.36970e-05
3.99705e+04	1.62966e-02	1.56190e-01	0.69396	0.63626	4.36970e-05
4.00171e+04	1.63183e-02	1.44066e-01	0.36115	4.65476	4.36970e-05
4.00637e+04	1.62958e-02	1.52191e-01	4.96736	2.93828	4.36970e-05
4.01103e+04	1.63017e-02	1.44990e-01	1.68181	0.63881	4.36970e-05
4.01568e+04	1.63090e-02	1.41116e-01	3.39545	4.98301	4.36970e-05
4.02034e+04	1.62886e-02	1.58357e-01	3.88163	3.04280	4.36970e-05
4.02500e+04	1.62982e-02	1.36777e-01	2.64589	0.93887	4.36970e-05
4.02966e+04	1.63014e-02	1.56293e-01	0.30001	5.42457	4.36970e-05
4.03432e+04	1.62939e-02	1.38949e-01	2.94101	3.22397	4.36970e-05
4.03898e+04	1.63015e-02	1.55267e-01	3.65162	1.41241	4.36970e-05
4.04364e+04	1.62929e-02	1.48449e-01	3.58650	5.73974	4.36970e-05
4.04829e+04	1.62851e-02	1.37761e-01	1.95400	3.74647	4.36970e-05
4.05295e+04	1.62892e-02	1.55536e-01	5.06335	1.86312	4.36970e-05
4.05761e+04	1.62651e-02	1.35325e-01	0.72544	6.10047	4.36970e-05
4.06227e+04	1.62812e-02	1.65411e-01	1.39701	4.28946	4.36970e-05
4.06693e+04	1.62758e-02	1.34732e-01	0.32102	2.42717	4.36970e-05
4.07159e+04	1.62690e-02	1.50810e-01	4.49599	0.43083	4.36970e-05
4.07625e+04	1.62855e-02	1.44431e-01	1.09432	4.87616	4.36970e-05
4.08090e+04	1.62885e-02	1.50332e-01	2.02985	3.02909	4.36970e-05
4.08556e+04	1.62839e-02	1.55631e-01	2.26918	1.11694	4.36970e-05
4.09022e+04	1.62542e-02	1.37341e-01	0.89527	5.71591	4.36970e-05
4.09488e+04	1.62592e-02	1.56487e-01	4.34983	3.63239	4.36970e-05
4.09954e+04	1.62547e-02	1.37232e-01	0.19366	1.93537	4.36970e-05
4.10420e+04	1.62816e-02	1.62949e-01	1.21215	0.04343	4.36970e-05
4.10886e+04	1.62679e-02	1.39163e-01	0.52358	4.53132	4.36970e-05
4.11351e+04	1.62714e-02	1.52950e-01	4.83473	2.77218	4.36970e-05
4.11817e+04	1.62598e-02	1.42651e-01	1.86968	0.77004	4.36970e-05
4.12283e+04	1.62773e-02	1.56810e-01	3.18585	5.49471	4.36970e-05
4.12749e+04	1.62767e-02	1.50559e-01	3.45580	3.55019	4.36970e-05
4.13215e+04	1.62629e-02	1.47783e-01	2.59652	1.92205	4.36970e-05
4.13681e+04	1.62645e-02	1.49007e-01	0.21452	0.07294	4.36970e-05
4.14147e+04	1.62635e-02	1.41331e-01	2.50489	4.53806	4.36970e-05
4.14612e+04	1.62729e-02	1.62525e-01	3.90835	2.84663	4.36970e-05
4.15078e+04	1.62542e-02	1.39313e-01	3.80789	1.10306	4.36970e-05
4.15544e+04	1.62429e-02	1.60230e-01	2.09040	5.61261	4.36970e-05
4.16010e+04	1.62617e-02	1.33115e-01	5.57407	3.89225	4.36970e-05
4.16476e+04	1.62654e-02	1.62001e-01	1.55528	2.07245	4.36970e-05
4.16942e+04	1.62447e-02	1.43042e-01	2.10547	0.42701	4.36970e-05
4.17408e+04	1.62666e-02	1.59339e-01	1.28600	5.01180	4.36970e-05
4.17873e+04	1.62477e-02	1.41380e-01	5.89790	3.25324	4.36970e-05
4.18339e+04	1.62321e-02	1.50870e-01	2.32637	1.64545	4.36970e-05
4.18805e+04	1.62331e-02	1.48748e-01	3.83453	6.04674	4.36970e-05
4.19271e+04	1.62489e-02	1.55202e-01	4.07343	4.59238	4.36970e-05
4.19737e+04	1.62488e-02	1.51522e-01	3.20079	2.75367	4.36970e-05
4.20203e+04	1.62547e-02	1.46872e-01	0.42050	1.17695	4.36970e-05
4.20669e+04	1.62391e-02	1.50916e-01	3.01667	5.70232	4.36970e-05
4.21134e+04	1.62565e-02	1.44231e-01	4.13614	4.00981	4.36970e-05
4.21600e+04	1.62489e-02	1.62878e-01	3.90830	2.40047	4.36970e-05
4.22066e+04	1.62373e-02	1.41429e-01	2.15398	0.77954	4.36970e-05
4.22532e+04	1.62348e-02	1.58693e-01	5.66059	5.35916	4.36970e-05
4.22998e+04	1.62387e-02	1.36993e-01	1.33946	3.78816	4.36970e-05
4.23464e+04	1.62513e-02	1.63709e-01	1.78944	2.04562	4.36970e-05
4.23930e+04	1.62293e-02	1.42327e-01	0.94897	0.53954	4.36970e-05
4.24395e+04	1.62187e-02	1.61921e-01	5.37048	5.16688	4.36970e-05
4.24861e+04	1.62275e-02	1.38575e-01	1.94776	3.54672	4.36970e-05
4.25327e+04	1.62298e-02	1.58065e-01	3.23988	1.95647	4.36970e-05
4.25793e+04	1.62427e-02	1.42792e-01	3.42231	0.20797	4.36970e-05
4.26259e+04	1.62360e-02	1.64701e-01	2.28948	5.05050	4.36970e-05
4.26725e+04	1.62187e-02	1.42854e-01	5.97491	3.35954	4.36970e-05
4.27191e+04	1.62115e-02	1.58465e-01	1.78768	1.83713	4.36970e-05
4.27656e+04	1.62254e-02	1.39349e-01	2.90782	0.21742	4.36970e-05
4.28122e+04	1.62199e-02	1.56940e-01	2.51887	4.89095	4.36970e-05
4.28588e+04	1.62389e-02	1.49320e-01	0.69114	3.32474	4.36970e-05
4.29054e+04	1.62035e-02	1.57201e-01	3.71069	1.82002	4.36970e-05
4.29520e+04	1.62373e-02	1.48289e-01	5.77414	0.16393	4.36970e-05
4.29986e+04	1.62177e-02	1.51621e-01	6.06515	4.99182	4.36970e-05
4.30452e+04	1.62224e-02	1.49893e-01	5.19887	3.22733	4.36970e-05
4.30917e+04	1.62282e-02	1.55183e-01	2.67166	1.84648	4.36970e-05
4.31383e+04	1.62224e-02	1.53007e-01	5.48800	0.17147	4.36970e-05
4.31849e+04	1.62226e-02	1.53946e-01	0.37581	5.02946	4.36970e-05
4.32315e+04	1.62192e-02	1.49347e-01	0.16841	3.42606	4.36970e-05
4.32781e+04	1.62170e-02	1.47534e-01	4.82045	1.86104	4.36970e-05
4.33247e+04	1.62254e-02	1.55859e-01	2.17865	0.30783	4.36970e-05
4.33713e+04	1.62115e-02	1.50889e-01	4.11284	5.11514	4.36970e-05
4.34178e+04	1.62103e-02	1.57819e-01	4.69466	3.51201	4.36970e-05
4.34644e+04	1.62007e-02	1.46078e-01	3.76392	2.12037	4.36970e-05
4.35110e+04	1.62032e-02	1.54493e-01	1.89754	0.40994	4.36970e-05
4.35576e+04	1.62133e-02	1.47829e-01	4.49594	5.31008	4.36970e-05
4.36042e+04	1.62092e-02	1.59691e-01	5.79258	3.67835	4.36970e-05
4.36508e+04	1.61982e-02	1.48909e-01	5.61210	2.27845	4.36970e-05
4.36974e+04	1.62037e-02	1.56893e-01	4.41651	0.71957	4.36970e-05
4.37439e+04	1.61964e-02	1.42942e-01	1.50109	5.48707	4.36970e-05
4.37905e+04	1.61903e-02	1.57834e-01	3.49190	3.95512	4.36970e-05
4.38371e+04	1.61989e-02	1.45153e-01	3.94068	2.46511	4.36970e-05
4.38837e+04	1.62152e-02	1.63868e-01	3.40395	0.93865	4.36970e-05
4.39303e+04	1.62064e-02	1.46299e-01	1.24802	5.85773	4.36970e-05
4.39769e+04	1.62062e-02	1.59317e-01	3.88618	4.21450	4.36970e-05
4.40235e+04	1.61949e-02	1.42459e-01	5.03618	2.82933	4.36970e-05
4.40700e+04	1.61942e-02	1.60102e-01	5.05318	1.21171	4.36970e-05
4.41166e+04	1.61993e-02	1.47467e-01	3.52068	6.09273	4.36970e-05
4.41632e+04	1.61887e-02	1.62463e-01	0.52430	4.58348	4.36970e-05
4.42098e+04	1.61954e-02	1.44043e-01	2.22649	3.12858	4.36970e-05
4.42564e+04	1.61984e-02	1.58886e-01	2.79617	1.61985	4.36970e-05
4.43030e+04	1.61913e-02	1.42038e-01	1.76351	0.12285	4.36970e-05
4.43496e+04	1.61941e-02	1.64445e-01	5.70005	4.90210	4.36970e-05
4.43961e+04	1.61840e-02	1.45531e-01	1.64228	3.50554	4.36970e-05
4.44427e+04	1.61780e-02	1.62830e-01	2.67183	1.94777	4.36970e-05
4.44893e+04	1.61845e-02	1.42960e-01	2.18296	0.59094	4.36970e-05
4.45359e+04	1.61829e-02	1.59332e-01	0.43069	5.27466	4.36970e-05
4.45825e+04	1.61848e-02	1.45477e-01	3.14433	3.86326	4.36970e-05
4.46291e+04	1.61716e-02	1.62965e-01	4.53610	2.36944	4.36970e-05
4.46757e+04	1.61852e-02	1.46404e-01	4.48100	0.93878	4.36970e-05
4.47222e+04	1.61695e-02	1.60929e-01	3.13345	5.74792	4.36970e-05
4.47688e+04	1.61858e-02	1.41547e-01	0.13130	4.26959	4.36970e-05
4.48154e+04	1.61853e-02	1.62311e-01	1.98676	2.76185	4.36970e-05
4.48620e+04	1.61885e-02	1.44866e-01	2.15348	1.33976	4.36970e-05
4.49086e+04	1.61800e-02	1.65950e-01	1.17118	6.10810	4.36970e-05
4.49552e+04	1.61502e-02	1.43497e-01	4.88965	4.76179	4.36970e-05
4.50018e+04	1.61757e-02	1.61156e-01	0.77052	3.18114	4.36970e-05
4.50483e+04	1.61487e-02	1.41605e-01	1.32645	1.77629	4.36970e-05
4.50949e+04	1.61671e-02	1.61397e-01	0.41884	0.25581	4.36970e-05
4.51415e+04	1.61718e-02	1.45988e-01	4.33617	5.10551	4.36970e-05
4.51881e+04	1.61595e-02	1.64081e-01	0.68341	3.66952	4.36970e-05
4.52347e+04	1.61494e-02	1.43118e-01	1.39214	2.22877	4.36970e-05
4.52813e+04	1.61624e-02	1.61007e-01	0.75612	0.72630	4.36970e-05
4.53279e+04	1.61486e-02	1.40539e-01	4.76754	5.56236	4.36970e-05
4.53744e+04	1.61674e-02	1.64523e-01	1.23265	4.03819	4.36970e-05
4.54210e+04	1.61689e-02	1.45999e-01	2.25120	2.67749	4.36970e-05
4.54676e+04	1.61674e-02	1.64604e-01	1.74358	1.14306	4.36970e-05
4.55142e+04	1.61552e-02	1.43388e-01	5.80465	6.04790	4.36970e-05
4.55608e+04	1.61401e-02	1.59534e-01	2.16789	4.49447	4.36970e-05
4.56074e+04	1.61557e-02	1.43416e-01	3.26764	3.03863	4.36970e-05
4.56540e+04	1.61417e-02	1.63698e-01	2.87557	1.57908	4.36970e-05
4.57005e+04	1.61457e-02	1.45225e-01	0.72964	0.13997	4.36970e-05
4.57471e+04	1.61648e-02	1.63755e-01	3.19445	4.95591	4.36970e-05
4.57937e+04	1.61541e-02	1.41296e-01	4.12169	3.50920	4.36970e-05
4.58403e+04	1.61571e-02	1.62558e-01	3.60172	1.97536	4.36970e-05
4.58869e+04	1.61386e-02	1.42766e-01	1.33591	0.55895	4.36970e-05
4.59335e+04	1.61470e-02	1.65294e-01	3.86280	5.32006	4.36970e-05
4.59801e+04	1.61288e-02	1.44085e-01	4.55031	3.94765	4.36970e-05
4.60266e+04	1.61359e-02	1.61456e-01	3.61579	2.40823	4.36970e-05
4.60732e+04	1.61407e-02	1.41688e-01	1.10460	0.95900	4.36970e-05
4.61198e+04	1.61195e-02	1.61598e-01	3.38115	5.74293	4.36970e-05
4.61664e+04	1.61203e-02	1.43138e-01	3.82043	4.26257	4.36970e-05
4.62130e+04	1.61429e-02	1.65954e-01	2.65987	2.81521	4.36970e-05
4.62596e+04	1.61117e-02	1.41172e-01	5.94669	1.35520	4.36970e-05
4.63062e+04	1.61442e-02	1.62847e-01	1.43625	6.12107	4.36970e-05
4.63527e+04	1.61478e-02	1.40943e-01	1.47286	4.66365	4.36970e-05
4.63993e+04	1.61320e-02	1.64719e-01	0.02519	3.13037	4.36970e-05
4.64459e+04	1.61469e-02	1.44723e-01	2.88063	1.70637	4.36970e-05
4.64925e+04	1.61237e-02	1.64944e-01	4.06399	0.18745	4.36970e-05
4.65391e+04	1.61254e-02	1.40987e-01	3.48588	5.00232	4.36970e-05
4.65857e+04	1.61246e-02	1.61733e-01	1.21712	3.48621	4.36970e-05
