# t	a	e	mean_anomaly	varpi	mass/M_star
0.00000e+00	2.33885e-02	1.77500e-02	2.25986	5.73132	1.29620e-05
4.65857e+01	2.33984e-02	2.51274e-02	4.82362	4.53614	1.29620e-05
9.31714e+01	2.33854e-02	1.86361e-02	1.26545	4.32120	1.29620e-05
1.39757e+02	2.33877e-02	1.74887e-02	3.84487	3.87763	1.29620e-05
1.86343e+02	2.33979e-02	2.26813e-02	0.95020	2.36298	1.29620e-05
2.32928e+02	2.33883e-02	2.13234e-02	3.41419	0.81160	1.29620e-05
2.79514e+02	2.33904e-02	2.11223e-02	0.27042	4.34502	1.29620e-05
3.26100e+02	2.33879e-02	1.90664e-02	2.78710	1.04664	1.29620e-05
3.72685e+02	2.33881e-02	2.00826e-02	5.77059	4.85134	1.29620e-05
4.19271e+02	2.33990e-02	2.22963e-02	2.16303	2.13460	1.29620e-05
4.65857e+02	2.33845e-02	2.12338e-02	4.85885	5.43335	1.29620e-05
5.12442e+02	2.33912e-02	1.89989e-02	1.54614	3.06218	1.29620e-05
5.59028e+02	2.34013e-02	2.63429e-02	4.17067	6.25587	1.29620e-05
6.05614e+02	2.33965e-02	2.43434e-02	0.98826	2.93830	1.29620e-05
6.52199e+02	2.33916e-02	1.98204e-02	3.41489	1.41874	1.29620e-05
6.98785e+02	2.33892e-02	2.03027e-02	6.18725	0.85716	1.29620e-05
7.45371e+02	2.34002e-02	2.32957e-02	2.76640	5.03756	1.29620e-05
7.91956e+02	2.34056e-02	2.28385e-02	5.63541	1.81301	1.29620e-05
8.38542e+02	2.33998e-02	2.68494e-02	1.92682	5.60188	1.29620e-05
8.85128e+02	2.33988e-02	2.39525e-02	4.47651	5.05388	1.29620e-05
9.31713e+02	2.33949e-02	2.24586e-02	0.88206	4.19651	1.29620e-05
9.78299e+02	2.33796e-02	1.56815e-02	3.56425	3.31612	1.29620e-05
1.02488e+03	2.33899e-02	2.44086e-02	6.01425	3.13980	1.29620e-05
1.07147e+03	2.34030e-02	2.29132e-02	2.33699	1.26608	1.29620e-05
1.11806e+03	2.33871e-02	2.21184e-02	5.15446	4.67683	1.29620e-05
1.16464e+03	2.33976e-02	2.31443e-02	1.66733	1.51203	1.29620e-05
1.21123e+03	2.33818e-02	2.04012e-02	4.50931	6.19264	1.29620e-05
1.25781e+03	2.34057e-02	2.59060e-02	0.49881	0.17143	1.29620e-05
1.30440e+03	2.33978e-02	2.13653e-02	2.94944	5.72237	1.29620e-05
1.35098e+03	2.33904e-02	1.88420e-02	5.83204	5.60759	1.29620e-05
1.39757e+03	2.34053e-02	2.52480e-02	2.05706	4.85173	1.29620e-05
1.44416e+03	2.34048e-02	2.55697e-02	4.73709	4.26119	1.29620e-05
1.49074e+03	2.33858e-02	1.72955e-02	1.14190	2.97487	1.29620e-05
1.53733e+03	2.33969e-02	2.57985e-02	4.12668	0.53357	1.29620e-05
1.58391e+03	2.34107e-02	2.48331e-02	0.52131	5.92126	1.29620e-05
1.63050e+03	2.34058e-02	2.32476e-02	3.33646	5.25705	1.29620e-05
1.67708e+03	2.33872e-02	2.39248e-02	6.08532	3.04090	1.29620e-05
1.72367e+03	2.34019e-02	2.35737e-02	2.69012	5.99366	1.29620e-05
1.77026e+03	2.34029e-02	2.60424e-02	5.46588	4.09183	1.29620e-05
1.81684e+03	2.33843e-02	1.94807e-02	1.87797	1.40473	1.29620e-05
1.86343e+03	2.33977e-02	2.36762e-02	4.81021	4.91305	1.29620e-05
1.91001e+03	2.34030e-02	2.48566e-02	1.31430	2.70124	1.29620e-05
1.95660e+03	2.33879e-02	2.07951e-02	4.11640	5.83013	1.29620e-05
2.00318e+03	2.33857e-02	2.19210e-02	0.58684	2.82512	1.29620e-05
2.04977e+03	2.33987e-02	2.35364e-02	3.36613	2.27429	1.29620e-05
2.09636e+03	2.33827e-02	1.63595e-02	6.27771	1.10974	1.29620e-05
2.14294e+03	2.33896e-02	2.14929e-02	2.52271	0.84863	1.29620e-05
2.18953e+03	2.33851e-02	1.96210e-02	5.62872	5.97029	1.29620e-05
2.23611e+03	2.33871e-02	2.06378e-02	1.58845	5.93116	1.29620e-05
2.28270e+03	2.33983e-02	2.41821e-02	4.34012	4.56813	1.29620e-05
2.32928e+03	2.33793e-02	1.84968e-02	0.60733	3.42500	1.29620e-05
2.37587e+03	2.34081e-02	2.49158e-02	3.11670	2.18684	1.29620e-05
2.42245e+03	2.33852e-02	1.60454e-02	5.43868	2.68150	1.29620e-05
2.46904e+03	2.33858e-02	2.02530e-02	1.91709	2.03007	1.29620e-05
2.51563e+03	2.33982e-02	2.43684e-02	4.13428	2.53574	1.29620e-05
2.56221e+03	2.33839e-02	1.94366e-02	0.41492	1.86373	1.29620e-05
2.60880e+03	2.34101e-02	2.49349e-02	2.96663	2.37893	1.29620e-05
2.65538e+03	2.33783e-02	1.77067e-02	5.43928	1.43560	1.29620e-05
2.70197e+03	2.33791e-02	1.43132e-02	0.71376	5.37107	1.29620e-05
2.74855e+03	2.33794e-02	3.10643e-03	0.40872	2.91461	1.29620e-05
2.79514e+03	2.33944e-02	1.04358e-02	6.10403	4.83229	1.29620e-05
2.84173e+03	2.33737e-02	6.33966e-03	5.26826	0.74071	1.29620e-05
2.88831e+03	2.33839e-02	8.61435e-03	3.02214	5.02527	1.29620e-05
2.93490e+03	2.33847e-02	5.81234e-03	1.65856	3.20103	1.29620e-05
2.98148e+03	2.33725e-02	9.88882e-03	1.93625	1.61845	1.29620e-05
3.02807e+03	2.33979e-02	1.07958e-02	4.66128	5.03222	1.29620e-05
3.07465e+03	2.33855e-02	1.18964e-02	0.11847	4.39609	1.29620e-05
3.12124e+03	2.33863e-02	1.62539e-02	4.02071	2.24294	1.29620e-05
3.16783e+03	2.33908e-02	1.20410e-02	5.90856	4.86677	1.29620e-05
3.21441e+03	2.33775e-02	1.04993e-02	2.03237	5.66822	1.29620e-05
3.26100e+03	2.34049e-02	2.21289e-02	0.81941	4.53458	1.29620e-05
3.30758e+03	2.33929e-02	1.09137e-02	3.88745	5.89665	1.29620e-05
3.35417e+03	2.33885e-02	1.38353e-02	1.49857	3.92067	1.29620e-05
3.40075e+03	2.33800e-02	9.12465e-03	4.31891	4.29657	1.29620e-05
3.44734e+03	2.33870e-02	1.95763e-02	5.38793	2.08042	1.29620e-05
3.49393e+03	2.33803e-02	1.28523e-02	1.34493	0.92456	1.29620e-05
3.54051e+03	2.33889e-02	1.73903e-02	2.29735	2.01689	1.29620e-05
3.58710e+03	2.33702e-02	1.10840e-02	4.60659	1.33040	1.29620e-05
3.63368e+03	2.33830e-02	1.05232e-02	4.54447	3.19793	1.29620e-05
3.68027e+03	2.33868e-02	1.22681e-02	3.76092	1.08563	1.29620e-05
3.72685e+03	2.34038e-02	2.07388e-02	2.75766	1.97313	1.29620e-05
3.77344e+03	2.33961e-02	3.47005e-03	5.53687	2.78645	1.29620e-05
3.82002e+03	2.33901e-02	1.15310e-02	4.46608	3.52412	1.29620e-05
3.86661e+03	2.33986e-02	1.96555e-02	4.91178	4.87476	1.29620e-05
3.91320e+03	2.33808e-02	1.34071e-02	5.31707	0.34956	1.29620e-05
3.95978e+03	2.33783e-02	1.00597e-02	2.90241	2.58327	1.29620e-05
4.00637e+03	2.33780e-02	1.57170e-02	4.98223	3.02577	1.29620e-05
4.05295e+03	2.33760e-02	8.84045e-03	5.83572	2.88554	1.29620e-05
4.09954e+03	2.33941e-02	2.07557e-02	0.33643	2.62183	1.29620e-05
4.14612e+03	2.33898e-02	1.99981e-02	4.03894	2.83109	1.29620e-05
4.19271e+03	2.33904e-02	1.36950e-02	0.91537	5.80275	1.29620e-05
4.23930e+03	2.33834e-02	1.19636e-02	1.60679	5.28782	1.29620e-05
4.28588e+03	2.33856e-02	5.31457e-03	0.49906	4.16574	1.29620e-05
4.33247e+03	2.33788e-02	1.00671e-02	5.35927	2.85549	1.29620e-05
4.37905e+03	2.33813e-02	1.33365e-02	4.41071	6.07849	1.29620e-05
4.42564e+03	2.33951e-02	2.11193e-02	0.35111	4.29998	1.29620e-05
4.47222e+03	2.33888e-02	1.13337e-02	0.72133	0.86693	1.29620e-05
4.51881e+03	2.33879e-02	1.66306e-02	5.07368	1.85008	1.29620e-05
4.56540e+03	2.33862e-02	1.45623e-02	0.38444	4.91411	1.29620e-05
4.61198e+03	2.33792e-02	6.57827e-03	0.54406	2.02046	1.29620e-05
4.65857e+03	2.33881e-02	1.56431e-02	3.97815	0.73275	1.29620e-05
4.70515e+03	2.33792e-02	6.64860e-03	3.32461	5.18726	1.29620e-05
4.75174e+03	2.33956e-02	9.90959e-03	0.11577	4.82499	1.29620e-05
4.79832e+03	2.33972e-02	2.08895e-02	5.67043	3.98402	1.29620e-05
4.84491e+03	2.33817e-02	1.91411e-02	1.31440	3.59535	1.29620e-05
4.89150e+03	2.33881e-02	1.64398e-02	2.72387	2.30925	1.29620e-05
4.93808e+03	2.33928e-02	2.48716e-02	0.86636	0.07317	1.29620e-05
4.98467e+03	2.33971e-02	1.99501e-02	4.53901	4.67720	1.29620e-05
5.03125e+03	2.33946e-02	2.23746e-02	1.18623	1.91409	1.29620e-05
5.07784e+03	2.33940e-02	2.05351e-02	4.92626	0.48527	1.29620e-05
5.12442e+03	2.33912e-02	1.83277e-02	5.43248	5.92654	1.29620e-05
5.17101e+03	2.34074e-02	2.39108e-02	3.43412	3.53055	1.29620e-05
5.21759e+03	2.34004e-02	1.95351e-02	4.51858	2.28490	1.29620e-05
5.26418e+03	2.33956e-02	2.04128e-02	0.12684	0.41847	1.29620e-05
5.31077e+03	2.33905e-02	2.16023e-02	2.97501	5.70163	1.29620e-05
5.35735e+03	2.33866e-02	1.11675e-02	0.85723	0.56530	1.29620e-05
5.40394e+03	2.33818e-02	1.58012e-02	1.06050	2.08701	1.29620e-05
5.45052e+03	2.33946e-02	1.80155e-02	3.48894	1.02140	1.29620e-05
5.49711e+03	2.34059e-02	3.67745e-02	5.29720	0.35450	1.29620e-05
5.54369e+03	2.33859e-02	2.72648e-02	1.42936	5.54831	1.29620e-05
5.59028e+03	2.33885e-02	2.90581e-02	3.36546	3.81946	1.29620e-05
5.63687e+03	2.33810e-02	2.38053e-02	5.48329	0.67180	1.29620e-05
5.68345e+03	2.33769e-02	2.39893e-02	1.00343	4.21345	1.29620e-05
5.73004e+03	2.33905e-02	3.51561e-02	5.12897	2.80612	1.29620e-05
5.77662e+03	2.33839e-02	4.58164e-02	0.30625	0.75821	1.29620e-05
5.82321e+03	2.33965e-02	4.51776e-02	4.77412	4.82924	1.29620e-05
5.86979e+03	2.33629e-02	4.68799e-02	3.35046	2.04222	1.29620e-05
5.91638e+03	2.33959e-02	5.27378e-02	3.28256	6.17998	1.29620e-05
5.96297e+03	2.33829e-02	5.60247e-02	2.08984	3.14498	1.29620e-05
6.00955e+03	2.33862e-02	4.14574e-02	6.16328	0.33823	1.29620e-05
6.05614e+03	2.33608e-02	5.47212e-02	3.13007	4.49626	1.29620e-05
6.10272e+03	2.33627e-02	4.46768e-02	1.63719	2.16509	1.29620e-05
6.14931e+03	2.33771e-02	5.99594e-02	5.12791	0.61730	1.29620e-05
6.19589e+03	2.33635e-02	6.61896e-02	2.20346	6.09436	1.29620e-05
6.24248e+03	2.33778e-02	5.50983e-02	4.33784	5.15115	1.29620e-05
6.28907e+03	2.33969e-02	5.32364e-02	2.64547	3.92465	1.29620e-05
6.33565e+03	2.33769e-02	5.96364e-02	1.00072	2.29729	1.29620e-05
6.38224e+03	2.33651e-02	5.62991e-02	1.96421	0.37609	1.29620e-05
6.42882e+03	2.33601e-02	5.69627e-02	4.69143	4.63716	1.29620e-05
6.47541e+03	2.33850e-02	5.95484e-02	0.76857	2.87623	1.29620e-05
6.52199e+03	2.33566e-02	5.44082e-02	3.76255	1.05177	1.29620e-05
6.56858e+03	2.33814e-02	6.21712e-02	0.12984	5.96348	1.29620e-05
6.61516e+03	2.33641e-02	5.00407e-02	3.94361	3.95308	1.29620e-05
6.66175e+03	2.34011e-02	7.27953e-02	4.36276	2.44079	1.29620e-05
6.70834e+03	2.33960e-02	7.15559e-02	2.16845	2.59591	1.29620e-05
6.75492e+03	2.34205e-02	7.06453e-02	0.06742	4.38680	1.29620e-05
6.80151e+03	2.33985e-02	6.08146e-02	4.74789	0.95378	1.29620e-05
6.84809e+03	2.34035e-02	6.14615e-02	2.45695	4.54806	1.29620e-05
6.89468e+03	2.34091e-02	6.42539e-02	0.31866	0.84192	1.29620e-05
6.94126e+03	2.33551e-02	5.26823e-02	3.43574	1.93576	1.29620e-05
6.98785e+03	2.34114e-02	5.33730e-02	0.44244	3.77043	1.29620e-05
7.03444e+03	2.33985e-02	5.91865e-02	5.08331	4.55857	1.29620e-05
7.08102e+03	2.33635e-02	3.99422e-02	3.11490	5.49298	1.29620e-05
7.12761e+03	2.33956e-02	5.80783e-02	4.86032	4.67511	1.29620e-05
7.17419e+03	2.33581e-02	5.31913e-02	1.58886	4.22546	1.29620e-05
7.22078e+03	2.33747e-02	4.59121e-02	4.81864	3.97203	1.29620e-05
7.26736e+03	2.34114e-02	5.34028e-02	6.11519	4.62856	1.29620e-05
7.31395e+03	2.33758e-02	4.37127e-02	1.53054	5.00045	1.29620e-05
7.36054e+03	2.33985e-02	5.62624e-02	1.22584	4.52595	1.29620e-05
7.40712e+03	2.33830e-02	4.71432e-02	1.97931	3.68053	1.29620e-05
7.45371e+03	2.33691e-02	2.83056e-02	2.95406	2.85669	1.29620e-05
7.50029e+03	2.33657e-02	3.96452e-02	2.96172	2.43118	1.29620e-05
7.54688e+03	2.33862e-02	5.42119e-02	3.80937	1.22024	1.29620e-05
7.59346e+03	2.33965e-02	5.33209e-02	4.38579	0.00478	1.29620e-05
7.64005e+03	2.33758e-02	4.78027e-02	5.57147	4.37506	1.29620e-05
7.68664e+03	2.33651e-02	4.77165e-02	0.72782	2.50458	1.29620e-05
7.73322e+03	2.33830e-02	3.11307e-02	1.96167	0.18497	1.29620e-05
7.77981e+03	2.33595e-02	1.83774e-02	3.18864	4.59431	1.29620e-05
7.82639e+03	2.33702e-02	3.85537e-02	3.31359	3.57833	1.29620e-05
7.87298e+03	2.33826e-02	4.53281e-02	2.33518	1.65736	1.29620e-05
7.91956e+03	2.33702e-02	5.09085e-02	0.37467	0.41701	1.29620e-05
7.96615e+03	2.33533e-02	4.15528e-02	2.92908	5.73938	1.29620e-05
8.01273e+03	2.33931e-02	5.45444e-02	3.31668	5.61770	1.29620e-05
8.05932e+03	2.33715e-02	5.03137e-02	5.81055	5.17001	1.29620e-05
8.10591e+03	2.33817e-02	4.51871e-02	6.13416	4.30057	1.29620e-05
8.15249e+03	2.33665e-02	4.88121e-02	3.52026	3.58652	1.29620e-05
8.19908e+03	2.33808e-02	5.09553e-02	0.49132	2.36620	1.29620e-05
8.24566e+03	2.33920e-02	4.16418e-02	0.85018	1.66652	1.29620e-05
8.29225e+03	2.33638e-02	2.36129e-02	1.85643	5.73889	1.29620e-05
8.33883e+03	2.33795e-02	4.23805e-02	4.04532	3.79717	1.29620e-05
8.38542e+03	2.33664e-02	3.94640e-02	4.90722	2.12829	1.29620e-05
8.43201e+03	2.33580e-02	3.20820e-02	3.67936	2.41169	1.29620e-05
8.47859e+03	2.33794e-02	4.85519e-02	3.58639	2.49743	1.29620e-05
8.52518e+03	2.33586e-02	4.56509e-02	3.49280	3.72138	1.29620e-05
8.57176e+03	2.33749e-02	4.62985e-02	0.88707	5.40572	1.29620e-05
8.61835e+03	2.34108e-02	5.63455e-02	0.03926	0.59476	1.29620e-05
8.66493e+03	2.33997e-02	6.24079e-02	2.36268	2.78144	1.29620e-05
8.71152e+03	2.34175e-02	6.45688e-02	5.27474	3.96343	1.29620e-05
8.75811e+03	2.33527e-02	5.46362e-02	1.40965	5.03499	1.29620e-05
8.80469e+03	2.33811e-02	5.36218e-02	0.06946	0.53691	1.29620e-05
8.85128e+03	2.33681e-02	3.58814e-02	3.40009	3.83102	1.29620e-05
8.89786e+03	2.33820e-02	5.36280e-02	0.48880	0.99862	1.29620e-05
8.94445e+03	2.33633e-02	3.98445e-02	5.25057	4.82061	1.29620e-05
8.99103e+03	2.33926e-02	4.34188e-02	0.47864	5.20789	1.29620e-05
9.03762e+03	2.33491e-02	1.48690e-02	2.04619	0.98596	1.29620e-05
9.08421e+03	2.33519e-02	3.50826e-02	2.62153	5.84066	1.29620e-05
9.13079e+03	2.33530e-02	1.92529e-02	2.97772	4.90858	1.29620e-05
9.17738e+03	2.34028e-02	2.66010e-02	1.74640	2.07663	1.29620e-05
9.22396e+03	2.33807e-02	2.54127e-02	1.49890	2.18265	1.29620e-05
9.27055e+03	2.33691e-02	3.24921e-03	0.86350	1.20143	1.29620e-05
9.31713e+03	2.33776e-02	1.91803e-02	4.39660	1.09850	1.29620e-05
9.36372e+03	2.33987e-02	2.52698e-02	0.86353	5.95424	1.29620e-05
9.41030e+03	2.33644e-02	1.21145e-02	4.78703	4.63272	1.29620e-05
9.45689e+03	2.33599e-02	2.08504e-02	4.57945	5.55141	1.29620e-05
9.50348e+03	2.33556e-02	1.60804e-02	6.26904	0.97283	1.29620e-05
9.55006e+03	2.33642e-02	2.25277e-02	6.20772	1.04856	1.29620e-05
9.59665e+03	2.34049e-02	2.81259e-02	0.66041	5.48879	1.29620e-05
9.64323e+03	2.33541e-02	1.53175e-02	0.49855	3.23280	1.29620e-05
9.68982e+03	2.33432e-02	3.18333e-02	5.98327	3.98971	1.29620e-05
9.73640e+03	2.33459e-02	3.07452e-02	5.08773	4.02117	1.29620e-05
9.78299e+03	2.33402e-02	7.92025e-03	1.71718	3.11641	1.29620e-05
9.82958e+03	2.33406e-02	2.63369e-02	1.72355	0.23592	1.29620e-05
9.87616e+03	2.33412e-02	1.26385e-02	1.57166	4.14111	1.29620e-05
9.92275e+03	2.33402e-02	1.84899e-02	2.45219	0.52376	1.29620e-05
9.96933e+03	2.33428e-02	1.15170e-02	0.18435	5.77103	1.29620e-05
1.00159e+04	2.33377e-02	2.48209e-02	2.76388	3.96204	1.29620e-05
1.00625e+04	2.33465e-02	1.61466e-02	6.01745	4.29608	1.29620e-05
1.01091e+04	2.33512e-02	1.50982e-02	0.47227	1.99044	1.29620e-05
1.01557e+04	2.33385e-02	2.85447e-02	2.23691	1.17048	1.29620e-05
1.02023e+04	2.34011e-02	2.80713e-02	0.66344	1.85873	1.29620e-05
1.02488e+04	2.33394e-02	3.25775e-02	2.71103	1.04528	1.29620e-05
1.02954e+04	2.33487e-02	1.81704e-02	1.70768	5.60183	1.29620e-05
1.03420e+04	2.33916e-02	3.94122e-02	3.41472	0.93434	1.29620e-05
1.03886e+04	2.33854e-02	3.97480e-02	2.17666	5.51439	1.29620e-05
1.04352e+04	2.33527e-02	5.90705e-03	5.43385	5.81900	1.29620e-05
1.04818e+04	2.34037e-02	3.72742e-02	5.55333	0.87502	1.29620e-05
1.05284e+04	2.33845e-02	4.32629e-02	3.35558	5.00211	1.29620e-05
1.05749e+04	2.33893e-02	3.03183e-02	3.03375	5.99518	1.29620e-05
1.06215e+04	2.33955e-02	4.97939e-02	1.02025	5.65074	1.29620e-05
1.06681e+04	2.33931e-02	2.98078e-02	4.83331	4.24528	1.29620e-05
1.07147e+04	2.33970e-02	3.18016e-02	0.80743	5.68283	1.29620e-05
1.07613e+04	2.33691e-02	4.44482e-02	2.36165	4.53165	1.29620e-05
1.08079e+04	2.33273e-02	3.82791e-02	0.70560	5.76863	1.29620e-05
1.08545e+04	2.33542e-02	3.64935e-02	4.07500	1.64696	1.29620e-05
1.09010e+04	2.33686e-02	3.74562e-02	2.56877	3.83005	1.29620e-05
1.09476e+04	2.34040e-02	2.94633e-02	4.94683	1.71587	1.29620e-05
1.09942e+04	2.33776e-02	3.80465e-02	4.89144	3.07987	1.29620e-05
1.10408e+04	2.33858e-02	3.92768e-02	1.44703	1.52886	1.29620e-05
1.10874e+04	2.33803e-02	2.71117e-02	3.17083	2.43524	1.29620e-05
1.11340e+04	2.33712e-02	2.29888e-02	0.06721	4.88444	1.29620e-05
1.11806e+04	2.33529e-02	2.45757e-02	4.80697	3.79337	1.29620e-05
1.12271e+04	2.33480e-02	2.77318e-02	4.22151	5.61373	1.29620e-05
1.12737e+04	2.33385e-02	2.90160e-02	3.26145	3.09618	1.29620e-05
1.13203e+04	2.33531e-02	2.23474e-02	5.69934	3.61164	1.29620e-05
1.13669e+04	2.33510e-02	7.04061e-03	5.96753	2.48854	1.29620e-05
1.14135e+04	2.33732e-02	1.90925e-02	3.19806	2.68228	1.29620e-05
1.14601e+04	2.33684e-02	2.14018e-02	6.25238	5.55512	1.29620e-05
1.15067e+04	2.33499e-02	1.87051e-02	3.75191	5.73306	1.29620e-05
1.15532e+04	2.33543e-02	3.48434e-02	5.65955	5.15140	1.29620e-05
1.15998e+04	2.33795e-02	1.66730e-02	2.25633	1.30926	1.29620e-05
1.16464e+04	2.33844e-02	8.95100e-03	2.48379	5.93875	1.29620e-05
1.16930e+04	2.33557e-02	3.60180e-02	1.09625	1.35421	1.29620e-05
1.17396e+04	2.33858e-02	2.49407e-02	0.79554	5.87033	1.29620e-05
1.17862e+04	2.33423e-02	1.80452e-02	5.75548	0.91863	1.29620e-05
1.18328e+04	2.33964e-02	4.62936e-02	1.38852	5.33920	1.29620e-05
1.18793e+04	2.33436e-02	1.01464e-02	0.50739	3.22642	1.29620e-05
1.19259e+04	2.33463e-02	2.22255e-02	1.84170	5.10825	1.29620e-05
1.19725e+04	2.33517e-02	1.07349e-02	2.48574	2.16004	1.29620e-05
1.20191e+04	2.33470e-02	9.91351e-03	5.48491	3.44284	1.29620e-05
1.20657e+04	2.33616e-02	2.34383e-02	1.21889	0.97560	1.29620e-05
1.21123e+04	2.33436e-02	6.50230e-03	3.28147	2.78228	1.29620e-05
1.21589e+04	2.33564e-02	2.12085e-02	4.34842	3.26720	1.29620e-05
1.22054e+04	2.33485e-02	1.21177e-02	0.39966	6.15080	1.29620e-05
1.22520e+04	2.34006e-02	2.81566e-02	6.01640	3.15593	1.29620e-05
1.22986e+04	2.33883e-02	1.85324e-02	0.67043	1.67459	1.29620e-05
1.23452e+04	2.33730e-02	2.63831e-02	2.29701	2.27344	1.29620e-05
1.23918e+04	2.33898e-02	1.16095e-02	4.44702	0.20979	1.29620e-05
1.24384e+04	2.33910e-02	1.40395e-02	5.17690	6.25439	1.29620e-05
1.24850e+04	2.33873e-02	2.19171e-02	1.57182	4.10093	1.29620e-05
1.25315e+04	2.33866e-02	9.77491e-03	1.91691	2.63224	1.29620e-05
1.25781e+04	2.33595e-02	2.44086e-02	1.57032	2.00549	1.29620e-05
1.26247e+04	2.33774e-02	1.38439e-02	3.72095	0.24271	1.29620e-05
1.26713e+04	2.33603e-02	4.22597e-02	4.60743	3.42765	1.29620e-05
1.27179e+04	2.33511e-02	2.96334e-02	2.55684	1.25744	1.29620e-05
1.27645e+04	2.33477e-02	3.08298e-02	5.54376	3.81394	1.29620e-05
1.28111e+04	2.33673e-02	2.99391e-02	0.94031	3.00207	1.29620e-05
1.28576e+04	2.33914e-02	1.14743e-02	6.19389	0.76332	1.29620e-05
1.29042e+04	2.33835e-02	4.31643e-02	2.84825	2.62620	1.29620e-05
1.29508e+04	2.33592e-02	1.16103e-02	2.19475	0.57102	1.29620e-05
1.29974e+04	2.33891e-02	3.54978e-02	4.13711	4.14902	1.29620e-05
1.30440e+04	2.33560e-02	1.92109e-02	2.59865	3.86547	1.29620e-05
1.30906e+04	2.33546e-02	2.24406e-02	2.24278	3.56075	1.29620e-05
1.31372e+04	2.34008e-02	4.68470e-02	3.11451	4.51734	1.29620e-05
1.31837e+04	2.33501e-02	2.46593e-02	5.50649	2.83293	1.29620e-05
1.32303e+04	2.33696e-02	3.38324e-02	1.03912	4.49443	1.29620e-05
1.32769e+04	2.33851e-02	3.73458e-02	6.09169	0.75893	1.29620e-05
1.33235e+04	2.33711e-02	2.43300e-02	3.86082	3.93711	1.29620e-05
1.33701e+04	2.33800e-02	2.41319e-02	3.31275	0.51260	1.29620e-05
1.34167e+04	2.33845e-02	4.28768e-02	0.66303	3.73412	1.29620e-05
1.34633e+04	2.33566e-02	3.81942e-02	2.72058	4.64224	1.29620e-05
1.35098e+04	2.33958e-02	1.95701e-02	4.88411	1.76978	1.29620e-05
1.35564e+04	2.33737e-02	3.00510e-02	2.36138	4.68171	1.29620e-05
1.36030e+04	2.33621e-02	2.99138e-02	1.35787	5.29368	1.29620e-05
1.36496e+04	2.33653e-02	1.80975e-02	3.40221	1.74740	1.29620e-05
1.36962e+04	2.33896e-02	2.00646e-02	2.41065	1.58407	1.29620e-05
1.37428e+04	2.33918e-02	3.39083e-02	0.80434	2.83719	1.29620e-05
1.37894e+04	2.33716e-02	3.43839e-02	0.72626	1.63478	1.29620e-05
1.38359e+04	2.33714e-02	1.61973e-02	1.51454	5.78478	1.29620e-05
1.38825e+04	2.33615e-02	6.39192e-03	6.07852	1.09383	1.29620e-05
1.39291e+04	2.33775e-02	1.73763e-02	3.33002	5.17548	1.29620e-05
1.39757e+04	2.33704e-02	1.63206e-02	5.90033	2.26358	1.29620e-05
1.40223e+04	2.33808e-02	1.48351e-02	2.08439	5.84764	1.29620e-05
1.40689e+04	2.33827e-02	2.84055e-02	5.52944	1.75410	1.29620e-05
1.41155e+04	2.33829e-02	3.57425e-02	1.76837	5.40148	1.29620e-05
1.41620e+04	2.33574e-02	2.57796e-02	5.08801	4.98505	1.29620e-05
1.42086e+04	2.33711e-02	3.16011e-02	3.79259	1.06779	1.29620e-05
1.42552e+04	2.33840e-02	3.80605e-02	1.69610	1.82462	1.29620e-05
1.43018e+04	2.33926e-02	5.21323e-02	5.34121	5.22644	1.29620e-05
1.43484e+04	2.33909e-02	3.64253e-02	1.81029	2.74154	1.29620e-05
1.43950e+04	2.33843e-02	3.90391e-02	6.06119	4.17341	1.29620e-05
1.44416e+04	2.33752e-02	3.99363e-02	1.05280	3.87620	1.29620e-05
1.44881e+04	2.33981e-02	3.59701e-02	0.61526	3.77793	1.29620e-05
1.45347e+04	2.33808e-02	3.15568e-02	5.84102	3.13752	1.29620e-05
1.45813e+04	2.33713e-02	1.58692e-02	2.36508	0.23941	1.29620e-05
1.46279e+04	2.33668e-02	2.24576e-02	2.14895	1.21385	1.29620e-05
1.46745e+04	2.33853e-02	1.31202e-02	1.14646	5.12548	1.29620e-05
1.47211e+04	2.33736e-02	2.94147e-02	0.61556	6.00423	1.29620e-05
1.47677e+04	2.33679e-02	1.32349e-02	0.79648	5.48780	1.29620e-05
1.48142e+04	2.33787e-02	1.33535e-02	1.43979	4.10138	1.29620e-05
1.48608e+04	2.33735e-02	2.38991e-02	1.86508	2.92472	1.29620e-05
1.49074e+04	2.33612e-02	1.67302e-02	0.83272	3.69082	1.29620e-05
1.49540e+04	2.33587e-02	1.79915e-02	4.46672	1.27654	1.29620e-05
1.50006e+04	2.33639e-02	2.40650e-02	0.27895	5.99798	1.29620e-05
1.50472e+04	2.33694e-02	1.05726e-02	2.03037	1.70061	1.29620e-05
1.50938e+04	2.33852e-02	2.48246e-02	3.50332	5.81412	1.29620e-05
1.51403e+04	2.33882e-02	1.69027e-02	2.97068	2.43628	1.29620e-05
1.51869e+04	2.33883e-02	1.71010e-02	1.51673	5.06539	1.29620e-05
1.52335e+04	2.33801e-02	1.48578e-02	1.57666	1.15345	1.29620e-05
1.52801e+04	2.33867e-02	1.16069e-02	6.07987	4.37857	1.29620e-05
1.53267e+04	2.33829e-02	1.91429e-02	0.13612	0.73132	1.29620e-05
1.53733e+04	2.33747e-02	1.93533e-02	1.76968	3.33206	1.29620e-05
1.54199e+04	2.33916e-02	2.13326e-02	1.69285	5.76020	1.29620e-05
1.54664e+04	2.33881e-02	1.48998e-02	2.48698	1.88468	1.29620e-05
1.55130e+04	2.33843e-02	1.61898e-02	2.22477	5.08373	1.29620e-05
1.55596e+04	2.33911e-02	1.83586e-02	1.71106	1.44463	1.29620e-05
1.56062e+04	2.33912e-02	2.36688e-02	3.09474	5.07535	1.29620e-05
1.56528e+04	2.33753e-02	1.14866e-02	1.99909	6.26146	1.29620e-05
1.56994e+04	2.33743e-02	4.97996e-03	3.42386	3.16868	1.29620e-05
1.57460e+04	2.33693e-02	1.88036e-02	2.05887	2.36293	1.29620e-05
1.57925e+04	2.33761e-02	1.46693e-02	4.95373	4.15777	1.29620e-05
1.58391e+04	2.33754e-02	1.26864e-02	6.26227	2.44891	1.29620e-05
1.58857e+04	2.33754e-02	9.27199e-03	4.96459	4.94902	1.29620e-05
1.59323e+04	2.33632e-02	4.35952e-03	3.02216	1.08990	1.29620e-05
1.59789e+04	2.33861e-02	2.67531e-02	2.28375	5.98759	1.29620e-05
1.60255e+04	2.33947e-02	2.54296e-02	5.11460	2.99839	1.29620e-05
1.60721e+04	2.33787e-02	2.82386e-02	5.33571	3.58336	1.29620e-05
1.61186e+04	2.33748e-02	1.06273e-02	5.12246	2.04094	1.29620e-05
1.61652e+04	2.33752e-02	2.99229e-02	1.48896	3.78073	1.29620e-05
1.62118e+04	2.33729e-02	8.38962e-03	4.77389	1.77798	1.29620e-05
1.62584e+04	2.33712e-02	2.72022e-02	2.92896	4.89597	1.29620e-05
1.63050e+04	2.33847e-02	2.13122e-02	0.54964	4.84726	1.29620e-05
1.63516e+04	2.33765e-02	2.53791e-02	1.68040	0.57833	1.29620e-05
1.63982e+04	2.33765e-02	1.76576e-02	3.78123	4.04254	1.29620e-05
1.64447e+04	2.33811e-02	2.83599e-02	2.99116	0.64297	1.29620e-05
1.64913e+04	2.33893e-02	2.41731e-02	3.47551	5.77319	1.29620e-05
1.65379e+04	2.33654e-02	8.24454e-03	0.01163	1.63905	1.29620e-05
1.65845e+04	2.33620e-02	2.44688e-02	2.69049	0.27258	1.29620e-05
1.66311e+04	2.33706e-02	1.31621e-02	2.01798	4.56275	1.29620e-05
1.66777e+04	2.33721e-02	2.52104e-02	3.47859	1.38323	1.29620e-05
1.67243e+04	2.33707e-02	2.86392e-02	1.86640	2.14169	1.29620e-05
1.67708e+04	2.33708e-02	1.07805e-02	3.60893	3.77291	1.29620e-05
1.68174e+04	2.33617e-02	1.86147e-02	4.40631	4.68222	1.29620e-05
1.68640e+04	2.33656e-02	1.72974e-02	3.49139	0.29875	1.29620e-05
1.69106e+04	2.33668e-02	3.57845e-02	1.82977	0.50605	1.29620e-05
1.69572e+04	2.33460e-02	2.97452e-02	0.74064	0.08723	1.29620e-05
1.70038e+04	2.33719e-02	3.19299e-02	6.20210	3.65759	1.29620e-05
1.70504e+04	2.34044e-02	3.63343e-02	0.72438	0.12077	1.29620e-05
1.70969e+04	2.33487e-02	3.08261e-02	1.92633	2.20891	1.29620e-05
1.71435e+04	2.33541e-02	3.59377e-02	4.72434	4.25976	1.29620e-05
1.71901e+04	2.33664e-02	3.16016e-02	1.67068	6.11661	1.29620e-05
1.72367e+04	2.33706e-02	3.34499e-02	3.43473	0.67652	1.29620e-05
1.72833e+04	2.33901e-02	3.71809e-02	5.65055	1.98436	1.29620e-05
1.73299e+04	2.33704e-02	3.09403e-02	1.83120	2.68840	1.29620e-05
1.73765e+04	2.33717e-02	3.36982e-02	3.30113	2.07168	1.29620e-05
1.74230e+04	2.33902e-02	3.82216e-02	6.03870	3.73968	1.29620e-05
1.74696e+04	2.33649e-02	2.52526e-02	4.75002	4.24678	1.29620e-05
1.75162e+04	2.33711e-02	9.29317e-03	1.40951	5.25801	1.29620e-05
1.75628e+04	2.33862e-02	2.63793e-02	5.02199	1.03117	1.29620e-05
1.76094e+04	2.33864e-02	2.42584e-02	2.28532	3.44324	1.29620e-05
1.76560e+04	2.33689e-02	1.03066e-02	0.94894	4.09965	1.29620e-05
1.77026e+04	2.33714e-02	2.63057e-02	1.89070	4.20920	1.29620e-05
1.77491e+04	2.33589e-02	1.40270e-02	0.30937	4.18912	1.29620e-05
1.77957e+04	2.33868e-02	1.60081e-02	1.42870	2.00789	1.29620e-05
1.78423e+04	2.33800e-02	2.15016e-02	2.28600	0.47921	1.29620e-05
1.78889e+04	2.33632e-02	2.20870e-02	0.61407	1.29270	1.29620e-05
1.79355e+04	2.33636e-02	8.23506e-03	3.16342	5.93897	1.29620e-05
1.79821e+04	2.33642e-02	1.99161e-02	0.19416	3.20082	1.29620e-05
1.80287e+04	2.33913e-02	3.61649e-02	6.18308	4.40891	1.29620e-05
1.80752e+04	2.33871e-02	1.92228e-02	4.28330	1.10854	1.29620e-05
1.81218e+04	2.33730e-02	2.60638e-02	3.42294	0.74347	1.29620e-05
1.81684e+04	2.33866e-02	1.52421e-02	0.08664	4.96365	1.29620e-05
1.82150e+04	2.33733e-02	8.43632e-03	6.02572	5.24497	1.29620e-05
1.82616e+04	2.33835e-02	1.64135e-02	4.64071	2.35885	1.29620e-05
1.83082e+04	2.33919e-02	2.29105e-02	2.05293	4.21742	1.29620e-05
1.83548e+04	2.33699e-02	5.43811e-03	5.60216	5.34878	1.29620e-05
1.84013e+04	2.33685e-02	1.61619e-02	5.05464	1.83002	1.29620e-05
1.84479e+04	2.33799e-02	2.65665e-02	1.50697	0.87060	1.29620e-05
1.84945e+04	2.33805e-02	9.47723e-03	2.61899	0.75915	1.29620e-05
1.85411e+04	2.33872e-02	1.29221e-02	3.52374	5.37628	1.29620e-05
1.85877e+04	2.33858e-02	2.01372e-02	1.93722	2.92190	1.29620e-05
1.86343e+04	2.33747e-02	8.76275e-03	4.32800	6.23009	1.29620e-05
1.86809e+04	2.33737e-02	2.43791e-02	4.07462	5.58289	1.29620e-05
1.87274e+04	2.33644e-02	1.35867e-02	3.78386	0.73794	1.29620e-05
1.87740e+04	2.33937e-02	2.98801e-02	2.64614	2.30132	1.29620e-05
1.88206e+04	2.33936e-02	2.29455e-02	0.42960	0.59366	1.29620e-05
1.88672e+04	2.33798e-02	1.62157e-02	0.24646	3.35272	1.29620e-05
1.89138e+04	2.33761e-02	1.70493e-02	4.39922	3.46170	1.29620e-05
1.89604e+04	2.33815e-02	1.12539e-02	6.20673	0.09492	1.29620e-05
1.90070e+04	2.33844e-02	8.73324e-03	2.15411	2.63260	1.29620e-05
1.90535e+04	2.33659e-02	1.24927e-02	0.30297	1.25388	1.29620e-05
1.91001e+04	2.33816e-02	2.32259e-02	4.16731	2.13919	1.29620e-05
1.91467e+04	2.33710e-02	1.93482e-02	1.78630	2.59771	1.29620e-05
1.91933e+04	2.33727e-02	2.28362e-02	3.63846	4.70642	1.29620e-05
1.92399e+04	2.33872e-02	1.67688e-02	0.46610	1.09522	1.29620e-05
1.92865e+04	2.33694e-02	1.34104e-02	1.03474	1.95438	1.29620e-05
1.93331e+04	2.33846e-02	2.95767e-02	4.46501	1.45992	1.29620e-05
1.93796e+04	2.33887e-02	2.12871e-02	1.59728	6.25690	1.29620e-05
1.94262e+04	2.33765e-02	2.56735e-02	6.14756	3.43732	1.29620e-05
1.94728e+04	2.33778e-02	1.52119e-02	4.01352	1.02222	1.29620e-05
1.95194e+04	2.33861e-02	2.80405e-02	1.77401	4.66510	1.29620e-05
1.95660e+04	2.33813e-02	2.01817e-02	6.02845	2.08722	1.29620e-05
1.96126e+04	2.33821e-02	2.37536e-02	3.79712	5.87605	1.29620e-05
1.96592e+04	2.33894e-02	2.48529e-02	1.88021	2.76816	1.29620e-05
1.97057e+04	2.33719e-02	1.73105e-02	6.17264	5.71829	1.29620e-05
1.97523e+04	2.33797e-02	2.06944e-02	4.29106	2.40986	1.29620e-05
1.97989e+04	2.33789e-02	2.21717e-02	2.06879	5.88434	1.29620e-05
1.98455e+04	2.33883e-02	2.40985e-02	0.04150	3.06866	1.29620e-05
1.98921e+04	2.33779e-02	1.77056e-02	4.46159	5.94581	1.29620e-05
1.99387e+04	2.33755e-02	2.33819e-02	2.36081	2.87187	1.29620e-05
1.99853e+04	2.33771e-02	2.67695e-02	0.64917	5.47722	1.29620e-05
2.00318e+04	2.33786e-02	1.74824e-02	5.19400	2.00354	1.29620e-05
2.00784e+04	2.33800e-02	2.39334e-02	2.72734	0.00208	1.29620e-05
2.01250e+04	2.33788e-02	2.01283e-02	0.41611	4.20788	1.29620e-05
2.01716e+04	2.33817e-02	2.62986e-02	3.86889	2.60566	1.29620e-05
2.02182e+04	2.33842e-02	1.85973e-02	1.51567	0.93758	1.29620e-05
2.02648e+04	2.33887e-02	2.53792e-02	4.83848	5.99970	1.29620e-05
2.03114e+04	2.33882e-02	2.85854e-02	5.86904	4.89773	1.29620e-05
2.03579e+04	2.33765e-02	1.79755e-02	6.14005	3.08527	1.29620e-05
2.04045e+04	2.33907e-02	3.12812e-02	2.62087	2.51916	1.29620e-05
2.04511e+04	2.33935e-02	1.70617e-02	5.00036	0.71900	1.29620e-05
2.04977e+04	2.33774e-02	2.41489e-02	1.78488	5.08122	1.29620e-05
2.05443e+04	2.33662e-02	8.09418e-03	4.39748	4.85028	1.29620e-05
2.05909e+04	2.33749e-02	1.26702e-02	1.78319	3.69882	1.29620e-05
2.06375e+04	2.33898e-02	2.71214e-02	1.52355	2.09965	1.29620e-05
2.06840e+04	2.33669e-02	5.26536e-03	1.57956	5.11519	1.29620e-05
2.07306e+04	2.33809e-02	2.38786e-02	0.39631	2.47682	1.29620e-05
2.07772e+04	2.33937e-02	1.25933e-02	5.09604	1.85828	1.29620e-05
2.08238e+04	2.33780e-02	2.92937e-02	4.10050	5.45693	1.29620e-05
2.08704e+04	2.33739e-02	1.53958e-02	5.51880	1.26252	1.29620e-05
2.09170e+04	2.33873e-02	2.09267e-02	5.81212	1.12428	1.29620e-05
2.09636e+04	2.33759e-02	8.43541e-03	5.45937	1.69797	1.29620e-05
2.10101e+04	2.33840e-02	1.07334e-02	0.69786	1.87522	1.29620e-05
2.10567e+04	2.33932e-02	1.81994e-02	5.97668	1.39490	1.29620e-05
2.11033e+04	2.33693e-02	2.23086e-02	3.13542	5.69470	1.29620e-05
2.11499e+04	2.33788e-02	2.24072e-02	2.89801	5.24086	1.29620e-05
2.11965e+04	2.33888e-02	2.26816e-02	3.78434	3.59897	1.29620e-05
2.12431e+04	2.33690e-02	1.69853e-02	3.94934	4.62368	1.29620e-05
2.12897e+04	2.33692e-02	1.12609e-02	1.31997	2.50608	1.29620e-05
2.13362e+04	2.33603e-02	2.60121e-02	1.42272	4.17894	1.29620e-05
2.13828e+04	2.33574e-02	2.55943e-02	2.74862	5.39989	1.29620e-05
2.14294e+04	2.33696e-02	8.59406e-03	6.28095	0.47270	1.29620e-05
2.14760e+04	2.33981e-02	1.48731e-02	4.43011	4.46247	1.29620e-05
2.15226e+04	2.33790e-02	1.85860e-02	5.21445	1.95053	1.29620e-05
2.15692e+04	2.33752e-02	6.79981e-03	5.09235	2.11544	1.29620e-05
2.16157e+04	2.33856e-02	1.90754e-02	1.38225	4.71074	1.29620e-05
2.16623e+04	2.33707e-02	1.31202e-02	2.77455	4.65793	1.29620e-05
2.17089e+04	2.33900e-02	2.22688e-02	2.72209	0.54515	1.29620e-05
2.17555e+04	2.33753e-02	2.77206e-02	1.39230	1.22989	1.29620e-05
2.18021e+04	2.33684e-02	9.22533e-03	0.73798	0.00576	1.29620e-05
2.18487e+04	2.33820e-02	1.99544e-02	3.38980	3.72991	1.29620e-05
2.18953e+04	2.33607e-02	1.02093e-02	2.04517	0.58095	1.29620e-05
2.19418e+04	2.33881e-02	2.07584e-02	1.31003	3.49913	1.29620e-05
2.19884e+04	2.33795e-02	6.36602e-03	4.82238	3.69535	1.29620e-05
2.20350e+04	2.33885e-02	2.55578e-02	1.07241	2.21086	1.29620e-05
2.20816e+04	2.33835e-02	1.60936e-02	1.42025	1.88485	1.29620e-05
2.21282e+04	2.33921e-02	1.62729e-02	3.06216	4.09900	1.29620e-05
2.21748e+04	2.33833e-02	4.58604e-03	2.75864	0.85451	1.29620e-05
2.22214e+04	2.33772e-02	7.85211e-03	4.47881	2.07071	1.29620e-05
2.22679e+04	2.33770e-02	7.22422e-03	0.58049	1.00710	1.29620e-05
2.23145e+04	2.33806e-02	2.92343e-02	1.86310	1.86163	1.29620e-05
2.23611e+04	2.33722e-02	1.14594e-02	0.48315	1.34511	1.29620e-05
2.24077e+04	2.33690e-02	1.28255e-02	1.97757	3.85829	1.29620e-05
2.24543e+04	2.33727e-02	1.92558e-02	5.08999	6.25253	1.29620e-05
2.25009e+04	2.33747e-02	2.64237e-02	5.21386	0.63991	1.29620e-05
2.25475e+04	2.33925e-02	2.49560e-02	0.72366	1.13987	1.29620e-05
2.25940e+04	2.33867e-02	9.74741e-03	0.00367	2.96916	1.29620e-05
2.26406e+04	2.33710e-02	8.65147e-03	4.52709	1.72888	1.29620e-05
2.26872e+04	2.33825e-02	1.99675e-02	0.20995	5.15042	1.29620e-05
2.27338e+04	2.33806e-02	1.69636e-03	4.87683	1.39066	1.29620e-05
2.27804e+04	2.33826e-02	4.36887e-03	4.52295	3.68636	1.29620e-05
2.28270e+04	2.33718e-02	1.98382e-02	0.58593	2.18411	1.29620e-05
2.28736e+04	2.33855e-02	2.58307e-02	2.53135	2.57710	1.29620e-05
2.29201e+04	2.33916e-02	1.81602e-02	2.58458	4.80865	1.29620e-05
2.29667e+04	2.33910e-02	2.80597e-02	5.13993	4.27104	1.29620e-05
2.30133e+04	2.33840e-02	1.39576e-02	2.99096	3.84071	1.29620e-05
2.30599e+04	2.33749e-02	2.00663e-02	1.97506	1.30514	1.29620e-05
2.31065e+04	2.33949e-02	1.85274e-02	2.46970	2.81511	1.29620e-05
2.31531e+04	2.33593e-02	1.30319e-02	6.24892	3.53935	1.29620e-05
2.31997e+04	2.33659e-02	1.39443e-02	6.15526	3.97043	1.29620e-05
2.32462e+04	2.33719e-02	2.44057e-02	1.37377	5.20016	1.29620e-05
2.32928e+04	2.33919e-02	1.87549e-02	0.62850	4.86009	1.29620e-05
2.33394e+04	2.33684e-02	1.60759e-02	4.19524	3.40135	1.29620e-05
2.33860e+04	2.33844e-02	2.06378e-02	0.46349	3.01113	1.29620e-05
2.34326e+04	2.33746e-02	9.81284e-03	4.83953	3.18931	1.29620e-05
2.34792e+04	2.33843e-02	1.02520e-02	1.91996	5.39132	1.29620e-05
2.35258e+04	2.33888e-02	5.06660e-03	4.78255	2.22579	1.29620e-05
2.35723e+04	2.33937e-02	4.76163e-03	3.08775	0.01720	1.29620e-05
2.36189e+04	2.33859e-02	9.49467e-03	2.37754	2.46269	1.29620e-05
2.36655e+04	2.33847e-02	8.45228e-03	6.00642	3.55953	1.29620e-05
2.37121e+04	2.33876e-02	5.35773e-03	3.73827	3.54369	1.29620e-05
2.37587e+04	2.33793e-02	1.01974e-02	3.99308	5.86489	1.29620e-05
2.38053e+04	2.33832e-02	1.53722e-02	5.17297	0.93313	1.29620e-05
2.38519e+04	2.33902e-02	1.78638e-02	3.53683	4.01704	1.29620e-05
2.38984e+04	2.33869e-02	1.86472e-02	2.38485	1.51400	1.29620e-05
2.39450e+04	2.33890e-02	1.53521e-02	2.03047	4.57923	1.29620e-05
2.39916e+04	2.33701e-02	7.84688e-03	1.81792	3.52587	1.29620e-05
2.40382e+04	2.33700e-02	2.33313e-03	1.73035	0.54582	1.29620e-05
2.40848e+04	2.33792e-02	1.88000e-02	0.53646	1.61817	1.29620e-05
2.41314e+04	2.33815e-02	1.03698e-02	5.34084	0.27179	1.29620e-05
2.41780e+04	2.33859e-02	1.60173e-02	5.84610	5.48087	1.29620e-05
2.42245e+04	2.33702e-02	2.69118e-03	2.45521	4.29126	1.29620e-05
2.42711e+04	2.33924e-02	5.62157e-03	1.83501	2.32934	1.29620e-05
2.43177e+04	2.33826e-02	1.56947e-02	2.74045	5.73077	1.29620e-05
2.43643e+04	2.33832e-02	1.61322e-02	3.74536	1.81052	1.29620e-05
2.44109e+04	2.33842e-02	2.09308e-02	4.81966	2.30735	1.29620e-05
2.44575e+04	2.33855e-02	1.06821e-02	5.19060	0.93513	1.29620e-05
2.45041e+04	2.33823e-02	1.52629e-02	4.70791	4.40708	1.29620e-05
2.45506e+04	2.33870e-02	1.32496e-02	0.34715	1.15679	1.29620e-05
2.45972e+04	2.33880e-02	8.85999e-03	4.38956	5.42431	1.29620e-05
2.46438e+04	2.33882e-02	1.90710e-02	5.24353	2.44721	1.29620e-05
2.46904e+04	2.33843e-02	1.63559e-02	6.12129	4.78061	1.29620e-05
2.47370e+04	2.33907e-02	1.43264e-02	4.67836	4.71844	1.29620e-05
2.47836e+04	2.33802e-02	1.27748e-02	0.89725	5.04440	1.29620e-05
2.48302e+04	2.33858e-02	9.97982e-03	3.52993	0.51736	1.29620e-05
2.48767e+04	2.33827e-02	1.41529e-02	3.53668	3.69782	1.29620e-05
2.49233e+04	2.33858e-02	1.53957e-02	1.32210	2.07807	1.29620e-05
2.49699e+04	2.33778e-02	1.89351e-02	0.60497	5.59697	1.29620e-05
2.50165e+04	2.33754e-02	1.21639e-02	2.40419	3.56004	1.29620e-05
2.50631e+04	2.33831e-02	1.25857e-02	2.79779	3.80951	1.29620e-05
2.51097e+04	2.33815e-02	1.33445e-02	6.10004	3.36154	1.29620e-05
2.51563e+04	2.33833e-02	2.04376e-02	4.61924	1.93820	1.29620e-05
2.52028e+04	2.33746e-02	1.78141e-02	1.40274	4.78825	1.29620e-05
2.52494e+04	2.33806e-02	1.43529e-02	5.21070	5.72937	1.29620e-05
2.52960e+04	2.33820e-02	1.09417e-02	0.26130	3.56117	1.29620e-05
2.53426e+04	2.33914e-02	1.80409e-02	3.67378	3.63058	1.29620e-05
2.53892e+04	2.33873e-02	1.32637e-02	2.44601	0.99697	1.29620e-05
2.54358e+04	2.33763e-02	6.10460e-03	4.33218	2.39945	1.29620e-05
2.54824e+04	2.33931e-02	1.64200e-02	2.12255	2.46153	1.29620e-05
2.55289e+04	2.33786e-02	1.76579e-02	3.78208	4.09869	1.29620e-05
2.55755e+04	2.33826e-02	1.58679e-02	0.73388	5.64993	1.29620e-05
2.56221e+04	2.33862e-02	9.61512e-03	1.15246	4.68923	1.29620e-05
2.56687e+04	2.33844e-02	1.98543e-02	5.02277	2.77173	1.29620e-05
2.57153e+04	2.33722e-02	6.89684e-03	5.66277	4.53505	1.29620e-05
2.57619e+04	2.33899e-02	1.65288e-02	2.50924	6.27408	1.29620e-05
2.58085e+04	2.33773e-02	1.24619e-02	5.68118	0.22985	1.29620e-05
2.58550e+04	2.33840e-02	1.65544e-02	2.54830	4.00294	1.29620e-05
2.59016e+04	2.33865e-02	8.14809e-03	3.25030	2.20074	1.29620e-05
2.59482e+04	2.33766e-02	8.75353e-03	0.28940	3.93350	1.29620e-05
2.59948e+04	2.33751e-02	3.83375e-03	4.80239	1.24489	1.29620e-05
2.60414e+04	2.33763e-02	3.32893e-03	1.99763	0.02687	1.29620e-05
2.60880e+04	2.33754e-02	1.60968e-02	0.40151	3.54468	1.29620e-05
2.61346e+04	2.33821e-02	1.19298e-02	4.10962	3.91260	1.29620e-05
2.61811e+04	2.33881e-02	5.25415e-03	5.78275	1.11791	1.29620e-05
2.62277e+04	2.33830e-02	9.92747e-03	5.64678	5.04039	1.29620e-05
2.62743e+04	2.33832e-02	5.23012e-03	2.90123	0.93831	1.29620e-05
2.63209e+04	2.34108e-02	7.27364e-03	1.10714	0.50573	1.29620e-05
2.63675e+04	2.34120e-02	1.67274e-02	5.00915	0.73323	1.29620e-05
2.64141e+04	2.34076e-02	3.69153e-02	5.65671	0.52740	1.29620e-05
2.64607e+04	2.34505e-02	1.91253e-02	5.71150	0.20209	1.29620e-05
2.65072e+04	2.33682e-02	1.74844e-03	5.03707	3.87364	1.29620e-05
2.65538e+04	2.33769e-02	3.90106e-02	1.27117	2.63974	1.29620e-05
2.66004e+04	2.33936e-02	4.62063e-02	4.35857	2.45034	1.29620e-05
2.66470e+04	2.34063e-02	4.25910e-02	0.12800	5.13113	1.29620e-05
2.66936e+04	2.34351e-02	3.65005e-02	5.78518	1.42208	1.29620e-05
2.67402e+04	2.33855e-02	1.79452e-02	1.48188	6.05093	1.29620e-05
2.67868e+04	2.33757e-02	1.76986e-02	3.73034	3.59683	1.29620e-05
2.68333e+04	2.33548e-02	3.38163e-02	2.93010	4.32758	1.29620e-05
2.68799e+04	2.34066e-02	2.23489e-02	2.34132	1.11329	1.29620e-05
2.69265e+04	2.33841e-02	2.80926e-02	4.31314	1.52482	1.29620e-05
2.69731e+04	2.33664e-02	3.14221e-02	5.12661	4.80088	1.29620e-05
2.70197e+04	2.33681e-02	1.81427e-02	3.95342	5.37222	1.29620e-05
2.70663e+04	2.33805e-02	2.99090e-02	6.20355	3.65495	1.29620e-05
2.71129e+04	2.33825e-02	1.68745e-02	5.17609	3.16571	1.29620e-05
2.71594e+04	2.33963e-02	1.83600e-02	2.98437	3.11170	1.29620e-05
2.72060e+04	2.34038e-02	2.33210e-02	4.13574	3.47318	1.29620e-05
2.72526e+04	2.33478e-02	3.67797e-02	1.18924	0.49792	1.29620e-05
2.72992e+04	2.33416e-02	6.24148e-02	2.35786	2.02793	1.29620e-05
2.73458e+04	2.33789e-02	4.79213e-02	4.74839	4.28456	1.29620e-05
2.73924e+04	2.34012e-02	2.98866e-02	0.15028	1.21302	1.29620e-05
2.74390e+04	2.33688e-02	2.59320e-02	3.81338	3.31614	1.29620e-05
2.74855e+04	2.33617e-02	4.86439e-02	0.91119	5.99263	1.29620e-05
2.75321e+04	2.33555e-02	5.65929e-02	5.89532	1.58145	1.29620e-05
2.75787e+04	2.33581e-02	5.66146e-02	4.61065	3.56713	1.29620e-05
2.76253e+04	2.33641e-02	2.01420e-02	5.36374	0.48416	1.29620e-05
2.76719e+04	2.33823e-02	1.93827e-02	4.13279	3.35248	1.29620e-05
2.77185e+04	2.33940e-02	5.79421e-02	2.56379	2.68233	1.29620e-05
2.77651e+04	2.33635e-02	5.09725e-02	3.55571	5.25069	1.29620e-05
2.78116e+04	2.33669e-02	5.10374e-02	2.31242	5.39280	1.29620e-05
2.78582e+04	2.33549e-02	9.05361e-03	1.87601	2.17546	1.29620e-05
2.79048e+04	2.33468e-02	5.19262e-02	1.29632	1.34095	1.29620e-05
2.79514e+04	2.33548e-02	8.67125e-02	2.51193	3.73115	1.29620e-05
2.79980e+04	2.33762e-02	1.06096e-01	0.65496	5.95716	1.29620e-05
2.80446e+04	2.33270e-02	6.94779e-02	4.67685	3.30288	1.29620e-05
2.80912e+04	2.33274e-02	5.47824e-02	3.76158	2.04226	1.29620e-05
2.81377e+04	2.33462e-02	1.88207e-02	1.65944	2.61739	1.29620e-05
2.81843e+04	2.33444e-02	6.07676e-02	3.05832	1.24848	1.29620e-05
2.82309e+04	2.33410e-02	6.22417e-02	2.92068	3.11723	1.29620e-05
2.82775e+04	2.33691e-02	5.01622e-02	2.81799	3.16485	1.29620e-05
2.83241e+04	2.33625e-02	3.36597e-02	1.71782	1.30233	1.29620e-05
2.83707e+04	2.33696e-02	2.25737e-02	3.35561	4.18943	1.29620e-05
2.84173e+04	2.33232e-02	2.34367e-02	2.08272	0.95121	1.29620e-05
2.84638e+04	2.33461e-02	1.08058e-02	1.28213	4.17739	1.29620e-05
2.85104e+04	2.33302e-02	1.63119e-02	0.70155	1.86917	1.29620e-05
2.85570e+04	2.33708e-02	3.79811e-02	4.29670	0.09085	1.29620e-05
2.86036e+04	2.33281e-02	3.42572e-02	1.21514	3.08994	1.29620e-05
2.86502e+04	2.33488e-02	7.81639e-02	6.27992	0.25198	1.29620e-05
2.86968e+04	2.33493e-02	7.21931e-02	1.78773	4.41830	1.29620e-05
2.87434e+04	2.33175e-02	8.69359e-02	5.46176	2.95473	1.29620e-05
2.87899e+04	2.33291e-02	8.41233e-02	2.10153	1.07733	1.29620e-05
2.88365e+04	2.33428e-02	1.04222e-01	5.38893	4.97901	1.29620e-05
2.88831e+04	2.33398e-02	1.15365e-01	5.59093	2.85734	1.29620e-05
2.89297e+04	2.33077e-02	1.19967e-01	6.20083	0.62737	1.29620e-05
2.89763e+04	2.33155e-02	1.23328e-01	5.65365	5.63974	1.29620e-05
2.90229e+04	2.33168e-02	1.19806e-01	2.61768	4.31419	1.29620e-05
2.90695e+04	2.32816e-02	7.31102e-02	3.36121	3.77753	1.29620e-05
2.91160e+04	2.33080e-02	4.28283e-02	1.91181	3.58452	1.29620e-05
2.91626e+04	2.33361e-02	2.27679e-02	5.30030	2.17039	1.29620e-05
2.92092e+04	2.33108e-02	7.93657e-02	5.67423	3.31366	1.29620e-05
2.92558e+04	2.32881e-02	1.16949e-01	2.98871	2.73832	1.29620e-05
2.93024e+04	2.32923e-02	1.09686e-01	2.99065	2.07655	1.29620e-05
2.93490e+04	2.33210e-02	9.33178e-02	4.99197	0.54216	1.29620e-05
2.93956e+04	2.32994e-02	6.05663e-02	0.30279	0.23150	1.29620e-05
2.94421e+04	2.33114e-02	3.04291e-02	6.26091	1.87752	1.29620e-05
2.94887e+04	2.33148e-02	6.05782e-02	2.84900	0.00645	1.29620e-05
2.95353e+04	2.33168e-02	1.17160e-01	5.24719	3.87136	1.29620e-05
2.95819e+04	2.32990e-02	1.80339e-02	2.55485	3.51615	1.29620e-05
2.96285e+04	2.33207e-02	1.10885e-01	6.11683	4.61092	1.29620e-05
2.96751e+04	2.32914e-02	9.35799e-02	1.23182	3.25286	1.29620e-05
2.97217e+04	2.32920e-02	6.77372e-02	5.55973	2.58172	1.29620e-05
2.97682e+04	2.33063e-02	7.49386e-02	3.10327	2.37521	1.29620e-05
2.98148e+04	2.32929e-02	9.52910e-02	3.13220	5.79918	1.29620e-05
2.98614e+04	2.32832e-02	1.22274e-01	4.70526	0.46623	1.29620e-05
2.99080e+04	2.32756e-02	5.36688e-02	1.39642	0.77512	1.29620e-05
2.99546e+04	2.33058e-02	6.74375e-02	2.23518	4.51268	1.29620e-05
3.00012e+04	2.32965e-02	8.44352e-02	2.67410	5.28393	1.29620e-05
3.00478e+04	2.32666e-02	9.42570e-02	4.06015	2.29515	1.29620e-05
3.00943e+04	2.32948e-02	1.34951e-01	3.09072	3.81671	1.29620e-05
3.01409e+04	2.32855e-02	8.34596e-02	0.38911	1.79736	1.29620e-05
3.01875e+04	2.32709e-02	7.56248e-02	5.02242	3.12760	1.29620e-05
3.02341e+04	2.32627e-02	1.14141e-01	4.32639	5.75164	1.29620e-05
3.02807e+04	2.32610e-02	6.59936e-02	5.88126	2.55334	1.29620e-05
3.03273e+04	2.32727e-02	9.61957e-02	5.82692	3.85352	1.29620e-05
3.03739e+04	2.32729e-02	1.09471e-01	0.53630	6.14242	1.29620e-05
3.04204e+04	2.32725e-02	6.51326e-02	0.56476	3.01310	1.29620e-05
3.04670e+04	2.32753e-02	1.39050e-01	0.43071	5.82623	1.29620e-05
3.05136e+04	2.32584e-02	7.01688e-02	3.55089	2.13340	1.29620e-05
3.05602e+04	2.32979e-02	1.20871e-01	4.38334	5.16123	1.29620e-05
3.06068e+04	2.32842e-02	1.07170e-01	1.25067	3.42720	1.29620e-05
3.06534e+04	2.33060e-02	1.20284e-01	6.20656	5.60923	1.29620e-05
3.07000e+04	2.32498e-02	1.35517e-01	2.14009	4.38584	1.29620e-05
3.07465e+04	2.32684e-02	1.04308e-01	4.66337	0.30312	1.29620e-05
3.07931e+04	2.32592e-02	1.02812e-01	2.11385	4.87678	1.29620e-05
3.08397e+04	2.32711e-02	1.14053e-01	3.60881	1.48828	1.29620e-05
3.08863e+04	2.32718e-02	8.60258e-02	2.03104	5.90129	1.29620e-05
3.09329e+04	2.32656e-02	1.32676e-01	1.61142	3.22074	1.29620e-05
3.09795e+04	2.32438e-02	1.05711e-01	4.44693	0.22328	1.29620e-05
3.10261e+04	2.32513e-02	1.07552e-01	4.98550	4.52013	1.29620e-05
3.10726e+04	2.32300e-02	1.08910e-01	5.46535	1.44190	1.29620e-05
3.11192e+04	2.32505e-02	1.29379e-01	5.00714	4.91923	1.29620e-05
3.11658e+04	2.32612e-02	1.18156e-01	3.63884	3.76303	1.29620e-05
3.12124e+04	2.32545e-02	1.03259e-01	2.85658	1.28763	1.29620e-05
3.12590e+04	2.32569e-02	1.52317e-01	0.16230	4.14831	1.29620e-05
3.13056e+04	2.32481e-02	7.70878e-02	5.58805	1.98889	1.29620e-05
3.13522e+04	2.32222e-02	1.28755e-01	1.61179	5.89325	1.29620e-05
3.13987e+04	2.32346e-02	1.07684e-01	2.43467	2.84101	1.29620e-05
3.14453e+04	2.32321e-02	1.01249e-01	2.94514	1.07609	1.29620e-05
3.14919e+04	2.32396e-02	1.25947e-01	3.05437	4.86617	1.29620e-05
3.15385e+04	2.32284e-02	9.80102e-02	1.75771	3.12766	1.29620e-05
3.15851e+04	2.32469e-02	1.11384e-01	0.20924	0.58575	1.29620e-05
3.16317e+04	2.32322e-02	1.56888e-01	0.94939	3.93491	1.29620e-05
3.16783e+04	2.32148e-02	5.06477e-02	6.11796	1.04301	1.29620e-05
3.17248e+04	2.32239e-02	1.44251e-01	0.12176	5.03404	1.29620e-05
3.17714e+04	2.32212e-02	9.14157e-02	2.87130	2.24541	1.29620e-05
3.18180e+04	2.32075e-02	1.39964e-01	2.93054	0.71186	1.29620e-05
3.18646e+04	2.32241e-02	8.26560e-02	3.24859	3.17816	1.29620e-05
3.19112e+04	2.32076e-02	1.38015e-01	5.99364	2.52043	1.29620e-05
3.19578e+04	2.32017e-02	1.12493e-01	3.02991	4.06865	1.29620e-05
3.20044e+04	2.32557e-02	1.23343e-01	3.86646	5.81580	1.29620e-05
3.20509e+04	2.32299e-02	3.42198e-02	3.88917	5.37562	1.29620e-05
3.20975e+04	2.32262e-02	9.71973e-02	2.69755	1.87173	1.29620e-05
3.21441e+04	2.31973e-02	7.30602e-02	4.71615	3.55102	1.29620e-05
3.21907e+04	2.32054e-02	1.27264e-01	0.78398	2.74419	1.29620e-05
3.22373e+04	2.32152e-02	1.54946e-01	2.33117	4.17887	1.29620e-05
3.22839e+04	2.31811e-02	9.69928e-02	5.63486	6.14553	1.29620e-05
3.23305e+04	2.31903e-02	1.19329e-01	5.48799	2.60114	1.29620e-05
3.23770e+04	2.31734e-02	6.26199e-02	4.51354	3.65695	1.29620e-05
3.24236e+04	2.31972e-02	9.42796e-02	4.45165	5.42203	1.29620e-05
3.24702e+04	2.31891e-02	1.16137e-01	0.65081	1.48200	1.29620e-05
3.25168e+04	2.32010e-02	7.77819e-02	0.55211	3.15620	1.29620e-05
3.25634e+04	2.32108e-02	9.16335e-02	0.33349	1.43872	1.29620e-05
3.26100e+04	2.31859e-02	1.29214e-01	4.00384	3.66960	1.29620e-05
3.26566e+04	2.31656e-02	7.56951e-02	1.51399	3.52674	1.29620e-05
3.27031e+04	2.32118e-02	7.92241e-02	1.15329	2.93270	1.29620e-05
3.27497e+04	2.31802e-02	1.05539e-01	3.07549	4.42791	1.29620e-05
3.27963e+04	2.32047e-02	3.55683e-02	1.61252	4.27348	1.29620e-05
3.28429e+04	2.31905e-02	1.25592e-01	1.86598	5.19136	1.29620e-05
3.28895e+04	2.32136e-02	4.58276e-02	6.07743	5.82789	1.29620e-05
3.29361e+04	2.31809e-02	1.02419e-01	0.07739	5.46817	1.29620e-05
3.29827e+04	2.31598e-02	9.51209e-02	1.11352	1.47662	1.29620e-05
3.30292e+04	2.31553e-02	8.11906e-02	2.37269	0.26675	1.29620e-05
3.30758e+04	2.31657e-02	1.37522e-01	2.34768	1.87010	1.29620e-05
3.31224e+04	2.31862e-02	6.10265e-02	1.08537	2.00184	1.29620e-05
3.31690e+04	2.31863e-02	1.29481e-01	1.80270	2.94721	1.29620e-05
3.32156e+04	2.31588e-02	7.09512e-02	3.62811	4.53272	1.29620e-05
3.32622e+04	2.31816e-02	1.23964e-01	5.10686	4.12543	1.29620e-05
3.33088e+04	2.31927e-02	7.88900e-02	6.09665	5.60417	1.29620e-05
3.33553e+04	2.31580e-02	1.19273e-01	6.14924	5.01192	1.29620e-05
3.34019e+04	2.31396e-02	7.72030e-02	0.55060	0.44467	1.29620e-05
3.34485e+04	2.31536e-02	9.57272e-02	5.15221	0.04630	1.29620e-05
3.34951e+04	2.31285e-02	9.28652e-02	5.13851	1.92436	1.29620e-05
3.35417e+04	2.31441e-02	1.19692e-01	2.39840	1.46362	1.29620e-05
3.35883e+04	2.31615e-02	9.46847e-02	1.12606	3.30000	1.29620e-05
3.36349e+04	2.31591e-02	9.72676e-02	4.31231	3.03599	1.29620e-05
3.36814e+04	2.31595e-02	1.17820e-01	1.08902	5.12803	1.29620e-05
3.37280e+04	2.31591e-02	8.51796e-02	3.81892	4.97800	1.29620e-05
3.37746e+04	2.31473e-02	1.25797e-01	6.20805	0.41066	1.29620e-05
3.38212e+04	2.31216e-02	6.72361e-02	0.89705	0.58258	1.29620e-05
3.38678e+04	2.31462e-02	1.13419e-01	2.58701	2.63209	1.29620e-05
3.39144e+04	2.31626e-02	6.58093e-02	1.82480	3.18779	1.29620e-05
3.39610e+04	2.31449e-02	1.25591e-01	3.78801	4.50619	1.29620e-05
3.40075e+04	2.31328e-02	4.86243e-02	1.14047	5.76039	1.29620e-05
3.40541e+04	2.31422e-02	1.23385e-01	2.38705	0.42917	1.29620e-05
3.41007e+04	2.31201e-02	5.77394e-02	5.06896	2.14404	1.29620e-05
3.41473e+04	2.31180e-02	1.25695e-01	5.62027	2.48619	1.29620e-05
3.41939e+04	2.31386e-02	6.74320e-02	1.09770	4.62043	1.29620e-05
3.42405e+04	2.31488e-02	1.02918e-01	0.50304	5.01372	1.29620e-05
3.42871e+04	2.31164e-02	9.83054e-02	1.13310	1.04011	1.29620e-05
3.43336e+04	2.31289e-02	9.22529e-02	6.11109	1.20005	1.29620e-05
3.43802e+04	2.31194e-02	1.10683e-01	5.64854	3.79214	1.29620e-05
3.44268e+04	2.31086e-02	8.84877e-02	3.35023	4.26443	1.29620e-05
3.44734e+04	2.31050e-02	1.10630e-01	2.09470	0.16301	1.29620e-05
3.45200e+04	2.31065e-02	6.70921e-02	5.16778	1.03647	1.29620e-05
3.45666e+04	2.31231e-02	1.09198e-01	3.09854	3.12206	1.29620e-05
3.46132e+04	2.31223e-02	7.39819e-02	4.40215	4.59604	1.29620e-05
3.46597e+04	2.30997e-02	1.13322e-01	2.30043	6.11692	1.29620e-05
3.47063e+04	2.31193e-02	8.65001e-02	2.16555	1.93051	1.29620e-05
3.47529e+04	2.31311e-02	1.20927e-01	5.90442	2.91229	1.29620e-05
3.47995e+04	2.30997e-02	8.64861e-02	4.60877	5.35434	1.29620e-05
3.48461e+04	2.31197e-02	1.03677e-01	1.41252	0.03634	1.29620e-05
3.48927e+04	2.30850e-02	1.13461e-01	5.42795	2.60762	1.29620e-05
3.49393e+04	2.31018e-02	8.50522e-02	1.23785	3.60713	1.29620e-05
3.49858e+04	2.31185e-02	1.23027e-01	4.70496	6.14341	1.29620e-05
3.50324e+04	2.31144e-02	6.48917e-02	5.05764	1.42272	1.29620e-05
3.50790e+04	2.30885e-02	1.11328e-01	2.05383	3.40164	1.29620e-05
3.51256e+04	2.30760e-02	8.52001e-02	0.91100	6.00814	1.29620e-05
3.51722e+04	2.31230e-02	9.99786e-02	3.99242	0.78064	1.29620e-05
3.52188e+04	2.30718e-02	1.09647e-01	2.02926	3.69013	1.29620e-05
3.52654e+04	2.31143e-02	7.84643e-02	3.65488	5.20323	1.29620e-05
3.53119e+04	2.30765e-02	1.22134e-01	1.47519	1.14312	1.29620e-05
3.53585e+04	2.30835e-02	8.20185e-02	1.66504	3.64463	1.29620e-05
3.54051e+04	2.31130e-02	1.19222e-01	5.62691	4.96572	1.29620e-05
3.54517e+04	2.30869e-02	1.02079e-01	4.68084	1.94094	1.29620e-05
3.54983e+04	2.30957e-02	9.38955e-02	1.49115	3.17687	1.29620e-05
3.55449e+04	2.30952e-02	1.17524e-01	6.12857	6.06014	1.29620e-05
3.55915e+04	2.30904e-02	6.67884e-02	1.40515	2.08535	1.29620e-05
3.56380e+04	2.31023e-02	1.24699e-01	6.12808	3.93538	1.29620e-05
3.56846e+04	2.30873e-02	9.92307e-02	0.05646	0.84638	1.29620e-05
3.57312e+04	2.30703e-02	1.10827e-01	4.46940	2.10176	1.29620e-05
3.57778e+04	2.30697e-02	1.13153e-01	3.93020	5.43201	1.29620e-05
3.58244e+04	2.30769e-02	7.72751e-02	0.52759	1.16224	1.29620e-05
3.58710e+04	2.30820e-02	1.13131e-01	0.02115	3.57244	1.29620e-05
3.59175e+04	2.30652e-02	9.52125e-02	1.38438	0.47766	1.29620e-05
3.59641e+04	2.30919e-02	1.06062e-01	0.49547	2.06067	1.29620e-05
3.60107e+04	2.30720e-02	1.16731e-01	1.50141	5.28202	1.29620e-05
3.60573e+04	2.30768e-02	8.13228e-02	5.50529	1.25367	1.29620e-05
3.61039e+04	2.30742e-02	1.03746e-01	6.12052	3.85241	1.29620e-05
3.61505e+04	2.30682e-02	1.04896e-01	2.80396	0.57689	1.29620e-05
3.61971e+04	2.30628e-02	8.75120e-02	2.70142	2.77227	1.29620e-05
3.62436e+04	2.30697e-02	1.18044e-01	5.32011	5.70384	1.29620e-05
3.62902e+04	2.30576e-02	8.58698e-02	3.91284	2.19676	1.29620e-05
3.63368e+04	2.30741e-02	9.54940e-02	6.13274	4.69506	1.29620e-05
3.63834e+04	2.30338e-02	1.10113e-01	3.98029	1.51969	1.29620e-05
3.64300e+04	2.30721e-02	9.30030e-02	5.00512	4.16308	1.29620e-05
3.64766e+04	2.30664e-02	1.01180e-01	3.07203	0.47870	1.29620e-05
3.65232e+04	2.30393e-02	1.07069e-01	2.80331	3.70459	1.29620e-05
3.65697e+04	2.30394e-02	7.90335e-02	6.11183	0.18654	1.29620e-05
3.66163e+04	2.30449e-02	1.10456e-01	5.66254	2.93591	1.29620e-05
3.66629e+04	2.30280e-02	1.06353e-01	1.50016	6.08602	1.29620e-05
3.67095e+04	2.30170e-02	8.39690e-02	0.77897	2.67127	1.29620e-05
3.67561e+04	2.30228e-02	1.05179e-01	2.27251	5.49076	1.29620e-05
3.68027e+04	2.30512e-02	1.08660e-01	0.48909	2.63868	1.29620e-05
3.68493e+04	2.30594e-02	8.75298e-02	1.69900	5.31541	1.29620e-05
3.68958e+04	2.30198e-02	1.12709e-01	5.42706	2.06160	1.29620e-05
3.69424e+04	2.29977e-02	9.81044e-02	5.48381	5.68968	1.29620e-05
3.69890e+04	2.30092e-02	9.31364e-02	2.62251	2.03752	1.29620e-05
3.70356e+04	2.30151e-02	1.11793e-01	2.58613	5.20922	1.29620e-05
3.70822e+04	2.30218e-02	1.01984e-01	4.66409	2.50167	1.29620e-05
3.71288e+04	2.29932e-02	8.09291e-02	3.72872	5.38076	1.29620e-05
3.71754e+04	2.30160e-02	1.13046e-01	6.11144	2.22721	1.29620e-05
3.72219e+04	2.30196e-02	1.10496e-01	3.90763	5.80894	1.29620e-05
3.72685e+04	2.30414e-02	7.84391e-02	5.44979	2.69290	1.29620e-05
3.73151e+04	2.29984e-02	1.09854e-01	3.48647	5.67974	1.29620e-05
3.73617e+04	2.30355e-02	1.16296e-01	3.69547	3.02844	1.29620e-05
3.74083e+04	2.30426e-02	8.35922e-02	0.87552	0.32215	1.29620e-05
3.74549e+04	2.29807e-02	1.04765e-01	1.22211	2.90606	1.29620e-05
3.75015e+04	2.30404e-02	1.27459e-01	3.82216	0.59523	1.29620e-05
3.75480e+04	2.30109e-02	8.91905e-02	2.91805	4.21516	1.29620e-05
3.75946e+04	2.30433e-02	9.16110e-02	5.79546	0.59580	1.29620e-05
3.76412e+04	2.29828e-02	1.27422e-01	4.72392	4.47227	1.29620e-05
3.76878e+04	2.30038e-02	1.02563e-01	5.99582	1.87038	1.29620e-05
3.77344e+04	2.30207e-02	8.01191e-02	4.72698	5.08978	1.29620e-05
3.77810e+04	2.29667e-02	1.13984e-01	6.06975	2.06565	1.29620e-05
3.78276e+04	2.30308e-02	1.22298e-01	3.13204	6.03852	1.29620e-05
3.78741e+04	2.29691e-02	7.85432e-02	3.78816	3.56025	1.29620e-05
3.79207e+04	2.30214e-02	1.12334e-01	1.49147	6.24181	1.29620e-05
3.79673e+04	2.30026e-02	1.27113e-01	1.32647	4.07948	1.29620e-05
3.80139e+04	2.29658e-02	9.73342e-02	3.73092	1.85461	1.29620e-05
3.80605e+04	2.29684e-02	9.21520e-02	3.69584	4.62612	1.29620e-05
3.81071e+04	2.29784e-02	1.14658e-01	6.18897	2.21064	1.29620e-05
3.81537e+04	2.29938e-02	1.14249e-01	4.93197	6.15455	1.29620e-05
3.82002e+04	2.29801e-02	8.93959e-02	0.23164	3.53332	1.29620e-05
3.82468e+04	2.30138e-02	9.54757e-02	5.78960	0.47724	1.29620e-05
3.82934e+04	2.29680e-02	1.22638e-01	0.15667	4.43846	1.29620e-05
3.83400e+04	2.29932e-02	1.05256e-01	4.18673	2.24205	1.29620e-05
3.83866e+04	2.29688e-02	8.52446e-02	5.74091	5.44015	1.29620e-05
3.84332e+04	2.29572e-02	1.15093e-01	2.96969	3.01210	1.29620e-05
3.84798e+04	2.29414e-02	1.09156e-01	2.98146	0.77788	1.29620e-05
3.85263e+04	2.29506e-02	8.94945e-02	6.18228	4.44581	1.29620e-05
3.85729e+04	2.29905e-02	1.04399e-01	6.25399	1.79295	1.29620e-05
3.86195e+04	2.29521e-02	1.15616e-01	2.71710	5.62240	1.29620e-05
3.86661e+04	2.29875e-02	1.05394e-01	1.73369	3.61448	1.29620e-05
3.87127e+04	2.29395e-02	8.77112e-02	3.94523	0.71655	1.29620e-05
3.87593e+04	2.29412e-02	1.12180e-01	3.09630	4.44023	1.29620e-05
3.88059e+04	2.29368e-02	1.20492e-01	4.34856	2.55780	1.29620e-05
3.88524e+04	2.29900e-02	9.72901e-02	2.57396	0.07019	1.29620e-05
3.88990e+04	2.29548e-02	8.88054e-02	4.52591	3.67574	1.29620e-05
3.89456e+04	2.29566e-02	1.19953e-01	2.13595	1.31576	1.29620e-05
3.89922e+04	2.29701e-02	1.18086e-01	2.46898	5.60584	1.29620e-05
3.90388e+04	2.29485e-02	9.39347e-02	6.11562	3.53876	1.29620e-05
3.90854e+04	2.29555e-02	1.03350e-01	0.47299	0.52927	1.29620e-05
3.91320e+04	2.29351e-02	1.16319e-01	3.75316	4.79830	1.29620e-05
3.91785e+04	2.29359e-02	1.16877e-01	3.19706	2.85051	1.29620e-05
3.92251e+04	2.29249e-02	9.34799e-02	5.91060	0.50319	1.29620e-05
3.92717e+04	2.29667e-02	9.23809e-02	5.82692	4.34351	1.29620e-05
3.93183e+04	2.29534e-02	1.26850e-01	1.69979	2.00767	1.29620e-05
3.93649e+04	2.29316e-02	1.12658e-01	0.26491	0.26383	1.29620e-05
3.94115e+04	2.29232e-02	9.29219e-02	2.29935	4.29044	1.29620e-05
3.94581e+04	2.29537e-02	1.05545e-01	1.04908	1.61899	1.29620e-05
3.95046e+04	2.29465e-02	1.11668e-01	2.43796	6.02612	1.29620e-05
3.95512e+04	2.29280e-02	1.16381e-01	0.18309	3.95688	1.29620e-05
3.95978e+04	2.29506e-02	9.23741e-02	1.12388	1.83436	1.29620e-05
3.96444e+04	2.29208e-02	9.92073e-02	5.51577	5.64374	1.29620e-05
3.96910e+04	2.29299e-02	1.21641e-01	5.96775	3.54399	1.29620e-05
3.97376e+04	2.29267e-02	1.15014e-01	2.86442	1.86421	1.29620e-05
3.97842e+04	2.29285e-02	9.55324e-02	3.18658	5.82920	1.29620e-05
3.98307e+04	2.29143e-02	9.54823e-02	0.20062	3.49060	1.29620e-05
3.98773e+04	2.29261e-02	1.20074e-01	6.04804	1.40771	1.29620e-05
3.99239e+04	2.29263e-02	1.18526e-01	2.42265	5.91157	1.29620e-05
3.99705e+04	2.29100e-02	1.05170e-01	1.38736	4.10973	1.29620e-05
4.00171e+04	2.29113e-02	9.39331e-02	4.02358	1.43880	1.29620e-05
4.00637e+04	2.29241e-02	1.13071e-01	3.16697	5.86684	1.29620e-05
4.01103e+04	2.29255e-02	1.22256e-01	4.62319	3.93924	1.29620e-05
4.01568e+04	2.29117e-02	1.02918e-01	3.15341	2.08496	1.29620e-05
4.02034e+04	2.29109e-02	9.88387e-02	4.66689	0.02767	1.29620e-05
4.02500e+04	2.28937e-02	1.08633e-01	2.99888	3.87996	1.29620e-05
4.02966e+04	2.28981e-02	1.19007e-01	3.82880	2.32304	1.29620e-05
4.03432e+04	2.29201e-02	1.09824e-01	1.53193	0.37926	1.29620e-05
4.03898e+04	2.28904e-02	9.33443e-02	2.16777	4.64879	1.29620e-05
4.04364e+04	2.29252e-02	1.05823e-01	5.99300	2.45479	1.29620e-05
4.04829e+04	2.28956e-02	1.17829e-01	6.27594	0.54423	1.29620e-05
4.05295e+04	2.28944e-02	1.22258e-01	2.75968	5.28410	1.29620e-05
4.05761e+04	2.28911e-02	9.20532e-02	2.82864	3.19015	1.29620e-05
4.06227e+04	2.29009e-02	9.98309e-02	5.84552	1.07296	1.29620e-05
4.06693e+04	2.28972e-02	1.16233e-01	5.44470	5.35708	1.29620e-05
4.07159e+04	2.28846e-02	1.18046e-01	1.32211	3.69698	1.29620e-05
4.07625e+04	2.28902e-02	1.15202e-01	0.36645	2.02338	1.29620e-05
4.08090e+04	2.28883e-02	9.11264e-02	2.42482	0.02109	1.29620e-05
4.08556e+04	2.28927e-02	1.06342e-01	1.43460	4.12464	1.29620e-05
4.09022e+04	2.28935e-02	1.14578e-01	3.14736	2.45981	1.29620e-05
4.09488e+04	2.28739e-02	1.19499e-01	1.14718	0.74062	1.29620e-05
4.09954e+04	2.28898e-02	1.00650e-01	2.46391	5.27847	1.29620e-05
4.10420e+04	2.28616e-02	9.70924e-02	0.67996	3.20565	1.29620e-05
4.10886e+04	2.28858e-02	1.15788e-01	1.75558	1.18961	1.29620e-05
4.11351e+04	2.28654e-02	1.18714e-01	5.37284	6.00993	1.29620e-05
4.11817e+04	2.28711e-02	1.11259e-01	5.86344	4.21381	1.29620e-05
4.12283e+04	2.28579e-02	9.57642e-02	3.02688	2.51587	1.29620e-05
4.12749e+04	2.28764e-02	1.03066e-01	3.52024	0.27965	1.29620e-05
4.13215e+04	2.28871e-02	1.14308e-01	0.45495	4.91332	1.29620e-05
4.13681e+04	2.28447e-02	1.25526e-01	0.04986	3.36046	1.29620e-05
4.14147e+04	2.28508e-02	1.05496e-01	2.53111	1.68787	1.29620e-05
4.14612e+04	2.28617e-02	9.91448e-02	2.17337	6.14756	1.29620e-05
4.15078e+04	2.28645e-02	1.01562e-01	4.95544	4.06357	1.29620e-05
4.15544e+04	2.28493e-02	1.19172e-01	3.86871	2.41635	1.29620e-05
4.16010e+04	2.28347e-02	1.15986e-01	5.75587	0.86323	1.29620e-05
4.16476e+04	2.28628e-02	1.08904e-01	4.38036	5.54371	1.29620e-05
4.16942e+04	2.28749e-02	9.96841e-02	0.02341	3.56271	1.29620e-05
4.17408e+04	2.28631e-02	1.05608e-01	4.69819	1.74051	1.29620e-05
4.17873e+04	2.28437e-02	1.21181e-01	6.10400	0.08200	1.29620e-05
4.18339e+04	2.28533e-02	1.16975e-01	3.73932	5.00537	1.29620e-05
4.18805e+04	2.28375e-02	1.05800e-01	4.65950	3.16506	1.29620e-05
4.19271e+04	2.28350e-02	9.24628e-02	2.44918	1.46526	1.29620e-05
4.19737e+04	2.28493e-02	1.12658e-01	3.24531	5.74968	1.29620e-05
4.20203e+04	2.28366e-02	1.19032e-01	0.27681	4.28040	1.29620e-05
4.20669e+04	2.28553e-02	1.20818e-01	0.40132	2.77407	1.29620e-05
4.21134e+04	2.28314e-02	1.01231e-01	3.58569	1.11898	1.29620e-05
4.21600e+04	2.28241e-02	1.04220e-01	3.55763	5.62989	1.29620e-05
4.22066e+04	2.28348e-02	1.03826e-01	0.15283	3.72603	1.29620e-05
4.22532e+04	2.28128e-02	1.21085e-01	5.86859	2.22451	1.29620e-05
4.22998e+04	2.28201e-02	1.13927e-01	1.93964	0.79534	1.29620e-05
4.23464e+04	2.28148e-02	1.08914e-01	0.85598	5.46907	1.29620e-05
4.23930e+04	2.28176e-02	9.67272e-02	3.10146	3.66942	1.29620e-05
4.24395e+04	2.28181e-02	1.07787e-01	2.02230	1.93787	1.29620e-05
4.24861e+04	2.28187e-02	1.19863e-01	3.70472	0.32958	1.29620e-05
4.25327e+04	2.28170e-02	1.20667e-01	1.72247	5.32391	1.29620e-05
4.25793e+04	2.28276e-02	1.05429e-01	3.13430	3.58993	1.29620e-05
4.26259e+04	2.28149e-02	1.00327e-01	1.21695	2.03887	1.29620e-05
4.26725e+04	2.28192e-02	1.06536e-01	2.43515	0.06633	1.29620e-05
4.27191e+04	2.28207e-02	1.15168e-01	6.11334	4.92148	1.29620e-05
4.27656e+04	2.28099e-02	1.20019e-01	0.43138	3.44761	1.29620e-05
4.28122e+04	2.28106e-02	1.11399e-01	3.85538	2.03115	1.29620e-05
4.28588e+04	2.28125e-02	1.03739e-01	4.13806	0.30212	1.29620e-05
4.29054e+04	2.28265e-02	1.00157e-01	0.97141	4.92249	1.29620e-05
4.29520e+04	2.28066e-02	1.16619e-01	0.97109	3.20908	1.29620e-05
4.29986e+04	2.27922e-02	1.17657e-01	3.62754	1.93824	1.29620e-05
4.30452e+04	2.28006e-02	1.16476e-01	2.97771	0.32693	1.29620e-05
4.30917e+04	2.28040e-02	9.85256e-02	5.16791	5.18857	1.29620e-05
4.31383e+04	2.27826e-02	1.02492e-01	4.58129	3.27079	1.29620e-05
4.31849e+04	2.27947e-02	1.11555e-01	0.35139	1.76178	1.29620e-05
4.32315e+04	2.28002e-02	1.23092e-01	5.08783	0.29601	1.29620e-05
4.32781e+04	2.27925e-02	1.13322e-01	0.28954	5.21409	1.29620e-05
4.33247e+04	2.28112e-02	1.10351e-01	4.91394	3.68728	1.29620e-05
4.33713e+04	2.27964e-02	9.55419e-02	6.09724	2.03938	1.29620e-05
4.34178e+04	2.27689e-02	1.12616e-01	4.13951	0.27506	1.29620e-05
4.34644e+04	2.27998e-02	1.13477e-01	4.81007	5.19146	1.29620e-05
4.35110e+04	2.27752e-02	1.20161e-01	2.23523	3.70906	1.29620e-05
4.35576e+04	2.27887e-02	1.08298e-01	2.48649	2.39243	1.29620e-05
4.36042e+04	2.27586e-02	1.05364e-01	5.82578	0.67923	1.29620e-05
4.36508e+04	2.27694e-02	9.99563e-02	6.03178	5.33357	1.29620e-05
4.36974e+04	2.27897e-02	1.17805e-01	2.65908	3.79820	1.29620e-05
4.37439e+04	2.27621e-02	1.16015e-01	2.13255	2.40067	1.29620e-05
4.37905e+04	2.27843e-02	1.21493e-01	4.42820	1.05153	1.29620e-05
4.38371e+04	2.27584e-02	9.81586e-02	3.48110	5.79680	1.29620e-05
4.38837e+04	2.27893e-02	1.04383e-01	5.84678	4.12135	1.29620e-05
4.39303e+04	2.27580e-02	1.04804e-01	4.57672	2.57535	1.29620e-05
4.39769e+04	2.27804e-02	1.23080e-01	6.14422	1.07759	1.29620e-05
4.40235e+04	2.27504e-02	1.14852e-01	4.13513	6.10536	1.29620e-05
4.40700e+04	2.27488e-02	1.11471e-01	5.40381	4.60775	1.29620e-05
4.41166e+04	2.27640e-02	9.75751e-02	3.22006	3.03350	1.29620e-05
4.41632e+04	2.27600e-02	1.09874e-01	4.19476	1.41154	1.29620e-05
4.42098e+04	2.27391e-02	1.11792e-01	1.40069	6.16674	1.29620e-05
4.42564e+04	2.27690e-02	1.21963e-01	1.54883	4.86549	1.29620e-05
4.43030e+04	2.27583e-02	1.09850e-01	4.74833	3.47535	1.29620e-05
4.43496e+04	2.27502e-02	1.08614e-01	4.45232	1.98052	1.29620e-05
4.43961e+04	2.27482e-02	9.83225e-02	1.08180	0.34868	1.29620e-05
4.44427e+04	2.27661e-02	1.14504e-01	0.36360	5.03043	1.29620e-05
4.44893e+04	2.27532e-02	1.13313e-01	2.67573	3.66996	1.29620e-05
4.45359e+04	2.27422e-02	1.21344e-01	1.31989	2.30985	1.29620e-05
4.45825e+04	2.27565e-02	1.09254e-01	2.97210	0.92714	1.29620e-05
4.46291e+04	2.27286e-02	1.04113e-01	1.36854	5.65234	1.29620e-05
4.46757e+04	2.27495e-02	1.02431e-01	2.72916	4.00069	1.29620e-05
4.47222e+04	2.27475e-02	1.16889e-01	0.72348	2.57702	1.29620e-05
4.47688e+04	2.27184e-02	1.14679e-01	1.33014	1.16776	1.29620e-05
4.48154e+04	2.27291e-02	1.20047e-01	4.70911	6.13788	1.29620e-05
4.48620e+04	2.27444e-02	1.00150e-01	4.88322	4.64621	1.29620e-05
4.49086e+04	2.27424e-02	1.05687e-01	2.00058	3.01390	1.29620e-05
4.49552e+04	2.27248e-02	1.04761e-01	1.80670	1.49919	1.29620e-05
4.50018e+04	2.27253e-02	1.20545e-01	4.18343	0.05834	1.29620e-05
4.50483e+04	2.27401e-02	1.15348e-01	3.19554	5.01721	1.29620e-05
4.50949e+04	2.27253e-02	1.13725e-01	5.15796	3.63814	1.29620e-05
4.51415e+04	2.27116e-02	9.90721e-02	3.79038	2.06175	1.29620e-05
4.51881e+04	2.27404e-02	1.08426e-01	5.36857	0.52576	1.29620e-05
4.52347e+04	2.27300e-02	1.10258e-01	3.51284	5.27373	1.29620e-05
4.52813e+04	2.27046e-02	1.21873e-01	4.18851	3.95147	1.29620e-05
4.53279e+04	2.27023e-02	1.09571e-01	1.45512	2.58472	1.29620e-05
4.53744e+04	2.27064e-02	1.09604e-01	1.72707	1.12222	1.29620e-05
4.54210e+04	2.27186e-02	9.72917e-02	5.04216	5.82539	1.29620e-05
4.54676e+04	2.27317e-02	1.13562e-01	4.82380	4.23838	1.29620e-05
4.55142e+04	2.27246e-02	1.14611e-01	0.96141	2.84823	1.29620e-05
4.55608e+04	2.27372e-02	1.21808e-01	6.24485	1.50343	1.29620e-05
4.56074e+04	2.27210e-02	1.07553e-01	1.83759	0.09033	1.29620e-05
4.56540e+04	2.27224e-02	1.07631e-01	0.39423	4.89633	1.29620e-05
4.57005e+04	2.26969e-02	1.00903e-01	1.80655	3.22858	1.29620e-05
4.57471e+04	2.27020e-02	1.15991e-01	5.79817	1.78304	1.29620e-05
4.57937e+04	2.26990e-02	1.14075e-01	0.01221	0.38244	1.29620e-05
4.58403e+04	2.26839e-02	1.17345e-01	3.30336	5.31895	1.29620e-05
4.58869e+04	2.26824e-02	1.02746e-01	3.20215	3.85674	1.29620e-05
4.59335e+04	2.26975e-02	1.05556e-01	5.95284	2.27513	1.29620e-05
4.59801e+04	2.26886e-02	1.07139e-01	5.25701	0.69955	1.29620e-05
4.60266e+04	2.27116e-02	1.18883e-01	0.87257	5.56249	1.29620e-05
4.60732e+04	2.27095e-02	1.14952e-01	5.59449	4.18284	1.29620e-05
4.61198e+04	2.27141e-02	1.15516e-01	0.56024	2.83626	1.29620e-05
4.61664e+04	2.26961e-02	1.00626e-01	4.77968	1.22583	1.29620e-05
4.62130e+04	2.26893e-02	1.08968e-01	5.39129	5.98841	1.29620e-05
4.62596e+04	2.26693e-02	1.09146e-01	2.42546	4.39473	1.29620e-05
4.63062e+04	2.26704e-02	1.20643e-01	2.02003	3.05745	1.29620e-05
4.63527e+04	2.26737e-02	1.09565e-01	4.53749	1.65984	1.29620e-05
4.63993e+04	2.26737e-02	1.09913e-01	3.54185	0.20703	1.29620e-05
4.64459e+04	2.26868e-02	1.00791e-01	5.43693	4.85560	1.29620e-05
4.64925e+04	2.26897e-02	1.13427e-01	3.70618	3.31432	1.29620e-05
4.65391e+04	2.26796e-02	1.13663e-01	4.69893	1.80843	1.29620e-05
4.65857e+04	2.26854e-02	1.19861e-01	1.93258	0.50497	1.29620e-05
