# t	a	e	mean_anomaly	varpi	mass/M_star
0.00000e+00	3.48058e-02	7.25274e-04	3.74340	1.19152	2.31180e-05
4.65857e+01	3.48304e-02	2.02777e-03	5.86012	4.66882	2.31180e-05
9.31714e+01	3.48176e-02	3.19207e-03	4.47964	5.32690	2.31180e-05
1.39757e+02	3.48142e-02	1.83350e-03	2.47828	0.30674	2.31180e-05
1.86343e+02	3.48190e-02	2.87677e-03	6.10633	1.99480	2.31180e-05
2.32928e+02	3.48117e-02	2.34182e-03	4.07657	3.07433	2.31180e-05
2.79514e+02	3.48170e-02	4.14932e-03	0.67366	5.51798	2.31180e-05
3.26100e+02	3.48195e-02	2.63898e-03	4.41372	0.82569	2.31180e-05
3.72685e+02	3.48229e-02	2.07465e-03	1.61837	2.65005	2.31180e-05
4.19271e+02	3.48352e-02	4.02046e-03	5.41766	4.18919	2.31180e-05
4.65857e+02	3.48167e-02	2.26365e-03	2.61766	6.02546	2.31180e-05
5.12442e+02	3.48085e-02	2.63925e-03	5.81458	1.88512	2.31180e-05
5.59028e+02	3.48156e-02	1.59831e-03	4.63275	2.18397	2.31180e-05
6.05614e+02	3.48203e-02	1.84458e-03	1.35749	4.59104	2.31180e-05
6.52199e+02	3.48328e-02	4.13674e-03	4.91815	0.16308	2.31180e-05
6.98785e+02	3.48260e-02	2.42084e-03	1.99313	2.16106	2.31180e-05
7.45371e+02	3.48150e-02	2.00075e-03	0.07195	3.13036	2.31180e-05
7.91956e+02	3.48243e-02	1.00944e-03	2.67379	5.87306	2.31180e-05
8.38542e+02	3.48055e-02	2.98696e-03	0.92526	0.41999	2.31180e-05
8.85128e+02	3.48223e-02	2.44031e-03	3.28144	3.41621	2.31180e-05
9.31713e+02	3.48229e-02	2.79927e-03	1.32380	4.41280	2.31180e-05
9.78299e+02	3.48150e-02	5.60678e-04	2.71819	2.05402	2.31180e-05
1.02488e+03	3.48168e-02	1.47554e-03	1.29988	2.49660	2.31180e-05
1.07147e+03	3.48315e-02	2.65060e-03	5.58795	3.34088	2.31180e-05
1.11806e+03	3.48163e-02	3.11364e-03	3.14315	4.65840	2.31180e-05
1.16464e+03	3.48194e-02	2.23102e-03	5.40844	1.27315	2.31180e-05
1.21123e+03	3.48114e-02	2.04131e-03	2.98881	2.55450	2.31180e-05
1.25781e+03	3.48129e-02	1.99027e-03	0.53681	3.81063	2.31180e-05
1.30440e+03	3.48237e-02	3.63468e-03	3.22758	6.04044	2.31180e-05
1.35098e+03	3.48184e-02	2.71685e-03	6.21831	1.77936	2.31180e-05
1.39757e+03	3.48224e-02	1.45549e-03	1.58847	4.62038	2.31180e-05
1.44416e+03	3.48192e-02	3.12324e-03	4.26255	0.25892	2.31180e-05
1.49074e+03	3.48044e-02	3.26111e-03	1.41658	1.28765	2.31180e-05
1.53733e+03	3.48215e-02	2.92957e-03	4.01112	3.16739	2.31180e-05
1.58391e+03	3.48307e-02	2.13909e-03	5.55851	6.08806	2.31180e-05
1.63050e+03	3.48239e-02	1.35403e-03	4.66465	5.20881	2.31180e-05
1.67708e+03	3.48139e-02	1.16678e-03	5.77875	2.33193	2.31180e-05
1.72367e+03	3.48217e-02	1.96169e-03	1.54570	4.82919	2.31180e-05
1.77026e+03	3.48244e-02	1.89298e-03	4.38471	0.29706	2.31180e-05
1.81684e+03	3.48087e-02	1.96896e-03	0.31075	2.65572	2.31180e-05
1.86343e+03	3.48145e-02	2.74767e-03	3.63766	3.87775	2.31180e-05
1.91001e+03	3.48162e-02	3.20619e-03	5.64673	0.12847	2.31180e-05
1.95660e+03	3.48116e-02	3.55200e-03	1.51592	2.51939	2.31180e-05
2.00318e+03	3.48147e-02	3.94391e-03	4.25720	4.32233	2.31180e-05
2.04977e+03	3.48223e-02	3.40500e-03	0.90634	5.93773	2.31180e-05
2.09636e+03	3.48170e-02	1.33351e-03	3.21860	1.94109	2.31180e-05
2.14294e+03	3.48151e-02	2.00673e-03	5.52779	4.24407	2.31180e-05
2.18953e+03	3.48253e-02	2.52535e-03	2.09337	6.01419	2.31180e-05
2.23611e+03	3.48147e-02	4.29314e-03	4.73690	1.73098	2.31180e-05
2.28270e+03	3.48368e-02	5.60130e-03	0.62591	4.14618	2.31180e-05
2.32928e+03	3.48207e-02	3.18161e-03	3.32927	6.05805	2.31180e-05
2.37587e+03	3.48138e-02	2.94824e-03	5.07970	2.62420	2.31180e-05
2.42245e+03	3.48155e-02	1.33352e-03	3.36798	2.67810	2.31180e-05
2.46904e+03	3.48105e-02	5.07838e-03	3.38532	1.02955	2.31180e-05
2.51563e+03	3.48252e-02	2.64528e-03	6.27690	2.76141	2.31180e-05
2.56221e+03	3.48227e-02	3.97880e-03	2.52253	4.86565	2.31180e-05
2.60880e+03	3.48378e-02	1.82109e-03	3.59007	2.14425	2.31180e-05
2.65538e+03	3.48318e-02	5.57157e-03	5.56296	4.67057	2.31180e-05
2.70197e+03	3.48080e-02	4.69751e-03	3.39784	6.26049	2.31180e-05
2.74855e+03	3.48088e-02	1.02286e-03	2.40422	0.64867	2.31180e-05
2.79514e+03	3.48187e-02	2.94940e-03	3.90349	5.12370	2.31180e-05
2.84173e+03	3.48199e-02	8.72665e-04	5.18969	3.51123	2.31180e-05
2.88831e+03	3.48247e-02	1.64100e-03	4.60218	3.54551	2.31180e-05
2.93490e+03	3.48217e-02	3.14201e-03	1.14804	0.14874	2.31180e-05
2.98148e+03	3.48269e-02	4.17445e-03	2.06520	2.39266	2.31180e-05
3.02807e+03	3.48301e-02	9.34679e-04	2.08808	3.85187	2.31180e-05
3.07465e+03	3.48759e-02	1.29852e-02	1.73405	4.69642	2.31180e-05
3.12124e+03	3.48294e-02	1.12759e-02	2.56381	4.20221	2.31180e-05
3.16783e+03	3.48469e-02	1.37175e-02	4.62446	5.70836	2.31180e-05
3.21441e+03	3.48388e-02	6.92927e-03	2.53620	6.13303	2.31180e-05
3.26100e+03	3.48487e-02	1.47604e-02	1.95097	4.64618	2.31180e-05
3.30758e+03	3.48215e-02	1.12168e-02	5.87046	0.99204	2.31180e-05
3.35417e+03	3.48638e-02	3.83923e-03	0.30911	1.36717	2.31180e-05
3.40075e+03	3.48265e-02	1.08275e-02	0.71778	2.33546	2.31180e-05
3.44734e+03	3.48347e-02	1.32816e-02	3.35412	4.78330	2.31180e-05
3.49393e+03	3.48149e-02	1.12036e-02	1.56436	5.92051	2.31180e-05
3.54051e+03	3.48311e-02	8.32596e-03	2.58554	5.69043	2.31180e-05
3.58710e+03	3.48310e-02	4.64761e-03	4.90744	0.64209	2.31180e-05
3.63368e+03	3.48250e-02	1.58333e-03	1.41083	2.46409	2.31180e-05
3.68027e+03	3.48286e-02	1.12793e-02	3.65123	0.87994	2.31180e-05
3.72685e+03	3.48175e-02	5.79943e-03	5.03781	0.48724	2.31180e-05
3.77344e+03	3.48290e-02	1.08472e-02	0.47798	3.10190	2.31180e-05
3.82002e+03	3.48202e-02	7.17203e-03	1.40552	1.61642	2.31180e-05
3.86661e+03	3.48083e-02	6.35603e-03	5.04945	6.14533	2.31180e-05
3.91320e+03	3.48106e-02	8.69241e-03	5.75834	3.54647	2.31180e-05
3.95978e+03	3.47780e-02	7.50975e-03	2.30211	1.11756	2.31180e-05
4.00637e+03	3.47843e-02	2.14537e-02	0.62473	4.95192	2.31180e-05
4.05295e+03	3.47874e-02	1.57333e-02	3.73244	5.98302	2.31180e-05
4.09954e+03	3.47782e-02	2.00922e-02	5.89594	4.19937	2.31180e-05
4.14612e+03	3.47815e-02	7.12882e-03	1.85110	4.85496	2.31180e-05
4.19271e+03	3.47858e-02	1.31834e-02	4.14934	1.69780	2.31180e-05
4.23930e+03	3.47702e-02	1.28437e-02	0.49072	1.20837	2.31180e-05
4.28588e+03	3.47554e-02	1.84943e-02	4.59091	2.07591	2.31180e-05
4.33247e+03	3.47542e-02	1.70460e-02	3.15386	5.01994	2.31180e-05
4.37905e+03	3.47531e-02	1.39502e-02	2.59065	4.20155	2.31180e-05
4.42564e+03	3.47344e-02	2.24311e-02	4.26911	4.12295	2.31180e-05
4.47222e+03	3.47601e-02	1.96763e-02	5.20677	3.06552	2.31180e-05
4.51881e+03	3.47412e-02	9.57541e-03	1.16207	3.81507	2.31180e-05
4.56540e+03	3.47130e-02	1.11094e-02	3.88213	1.41681	2.31180e-05
4.61198e+03	3.47269e-02	2.25191e-02	4.98995	4.02267	2.31180e-05
4.65857e+03	3.47008e-02	2.79112e-02	4.10487	0.39192	2.31180e-05
4.70515e+03	3.46957e-02	6.22376e-03	5.23454	4.40200	2.31180e-05
4.75174e+03	3.47339e-02	2.44437e-02	1.07116	4.57099	2.31180e-05
4.79832e+03	3.46932e-02	1.35173e-02	3.15764	2.49788	2.31180e-05
4.84491e+03	3.47212e-02	2.17408e-02	3.89253	4.97623	2.31180e-05
4.89150e+03	3.46787e-02	9.95908e-03	5.08910	4.69488	2.31180e-05
4.93808e+03	3.46782e-02	2.81196e-02	0.45664	1.61556	2.31180e-05
4.98467e+03	3.46658e-02	2.41879e-02	5.22560	4.87111	2.31180e-05
5.03125e+03	3.46547e-02	1.61214e-02	4.91308	3.62793	2.31180e-05
5.07784e+03	3.46610e-02	2.06804e-03	4.53344	0.13921	2.31180e-05
5.12442e+03	3.46407e-02	1.02663e-02	5.41242	5.48459	2.31180e-05
5.17101e+03	3.46267e-02	9.15552e-03	1.84210	6.10018	2.31180e-05
5.21759e+03	3.46260e-02	3.33232e-03	4.87508	5.49268	2.31180e-05
5.26418e+03	3.46189e-02	6.35510e-03	3.78100	5.78061	2.31180e-05
5.31077e+03	3.46129e-02	2.77191e-02	2.53460	2.28037	2.31180e-05
5.35735e+03	3.46383e-02	3.03682e-02	2.76615	5.14538	2.31180e-05
5.40394e+03	3.46450e-02	3.44432e-02	5.38260	0.01990	2.31180e-05
5.45052e+03	3.46088e-02	1.27072e-02	2.54085	6.15004	2.31180e-05
5.49711e+03	3.46135e-02	2.68117e-02	0.13048	4.10220	2.31180e-05
5.54369e+03	3.45876e-02	3.70600e-02	3.28240	5.10120	2.31180e-05
5.59028e+03	3.46213e-02	3.97274e-02	1.83007	1.63974	2.31180e-05
5.63687e+03	3.46040e-02	2.02855e-02	6.15106	2.56240	2.31180e-05
5.68345e+03	3.46164e-02	2.92603e-02	0.72229	2.32593	2.31180e-05
5.73004e+03	3.46004e-02	3.42630e-02	1.94028	5.91457	2.31180e-05
5.77662e+03	3.46179e-02	4.64210e-02	3.32400	2.53988	2.31180e-05
5.82321e+03	3.46101e-02	4.81102e-02	1.89622	0.49152	2.31180e-05
5.86979e+03	3.46109e-02	3.67269e-02	2.39092	4.64383	2.31180e-05
5.91638e+03	3.45821e-02	2.16374e-02	1.90702	4.14855	2.31180e-05
5.96297e+03	3.45912e-02	2.56384e-02	1.23379	2.24073	2.31180e-05
6.00955e+03	3.45648e-02	3.12388e-02	5.06618	6.08764	2.31180e-05
6.05614e+03	3.45953e-02	3.07911e-02	0.33544	3.57776	2.31180e-05
6.10272e+03	3.45525e-02	3.72179e-02	5.45531	1.47474	2.31180e-05
6.14931e+03	3.45891e-02	3.00989e-02	1.75693	5.31751	2.31180e-05
6.19589e+03	3.45256e-02	3.72253e-02	0.56251	3.66034	2.31180e-05
6.24248e+03	3.45416e-02	2.64165e-02	4.81642	1.28416	2.31180e-05
6.28907e+03	3.45544e-02	3.64124e-02	0.89849	5.28260	2.31180e-05
6.33565e+03	3.45226e-02	3.32116e-02	1.14036	2.89917	2.31180e-05
6.38224e+03	3.45199e-02	4.06706e-02	4.40341	0.65744	2.31180e-05
6.42882e+03	3.45423e-02	3.16678e-02	5.43083	4.89486	2.31180e-05
6.47541e+03	3.44987e-02	4.07860e-02	4.44087	2.59734	2.31180e-05
6.52199e+03	3.44813e-02	3.97469e-02	0.86937	0.41824	2.31180e-05
6.56858e+03	3.45173e-02	3.41850e-02	1.91402	4.23379	2.31180e-05
6.61516e+03	3.44985e-02	3.76975e-02	0.76540	2.04948	2.31180e-05
6.66175e+03	3.44424e-02	3.88303e-02	3.72940	5.72984	2.31180e-05
6.70834e+03	3.44926e-02	3.50690e-02	4.70509	3.10894	2.31180e-05
6.75492e+03	3.44983e-02	2.55933e-02	3.30039	0.81769	2.31180e-05
6.80151e+03	3.44309e-02	3.24063e-02	5.90969	4.37683	2.31180e-05
6.84809e+03	3.44445e-02	2.59160e-02	5.67672	2.06549	2.31180e-05
6.89468e+03	3.44867e-02	2.07603e-02	4.80182	5.49079	2.31180e-05
6.94126e+03	3.44193e-02	1.97402e-02	2.14637	2.64134	2.31180e-05
6.98785e+03	3.44082e-02	2.79822e-02	3.85258	5.37942	2.31180e-05
7.03444e+03	3.44633e-02	1.97429e-02	4.09439	2.05879	2.31180e-05
7.08102e+03	3.44314e-02	3.95602e-02	2.05086	5.64816	2.31180e-05
7.12761e+03	3.43614e-02	4.43416e-02	4.47249	2.29534	2.31180e-05
7.17419e+03	3.44368e-02	2.93027e-02	5.04018	5.49328	2.31180e-05
7.22078e+03	3.43935e-02	2.40128e-02	4.91451	1.78226	2.31180e-05
7.26736e+03	3.43583e-02	2.68446e-02	3.15982	3.22792	2.31180e-05
7.31395e+03	3.44232e-02	3.23001e-02	5.13945	5.72288	2.31180e-05
7.36054e+03	3.43701e-02	3.95284e-02	5.01279	2.21053	2.31180e-05
7.40712e+03	3.43390e-02	2.54564e-02	3.13803	4.25580	2.31180e-05
7.45371e+03	3.43843e-02	2.09799e-02	0.58950	5.48818	2.31180e-05
7.50029e+03	3.43462e-02	3.83140e-02	0.99698	1.73511	2.31180e-05
7.54688e+03	3.43279e-02	3.46031e-02	5.74320	3.95788	2.31180e-05
7.59346e+03	3.43492e-02	1.99480e-02	3.77194	4.98891	2.31180e-05
7.64005e+03	3.43357e-02	3.67572e-02	5.49873	0.56991	2.31180e-05
7.68664e+03	3.42995e-02	3.44216e-02	4.70739	2.50865	2.31180e-05
7.73322e+03	3.43308e-02	1.65667e-02	3.40297	3.19684	2.31180e-05
7.77981e+03	3.43265e-02	3.38589e-02	5.46353	5.17067	2.31180e-05
7.82639e+03	3.42754e-02	3.00562e-02	5.13347	0.63015	2.31180e-05
7.87298e+03	3.43201e-02	2.52599e-02	4.12202	1.27231	2.31180e-05
7.91956e+03	3.43047e-02	3.70878e-02	0.46319	2.90889	2.31180e-05
7.96615e+03	3.42591e-02	2.40267e-02	1.40048	3.95263	2.31180e-05
8.01273e+03	3.42877e-02	3.52690e-02	0.55870	4.73688	2.31180e-05
8.05932e+03	3.42843e-02	2.16016e-02	3.52314	0.02519	2.31180e-05
8.10591e+03	3.42486e-02	2.49789e-02	6.04498	0.25143	2.31180e-05
8.15249e+03	3.42332e-02	3.19230e-02	4.73050	1.69883	2.31180e-05
8.19908e+03	3.42820e-02	1.36732e-02	3.18840	2.05804	2.31180e-05
8.24566e+03	3.42253e-02	3.32810e-02	5.18311	3.13782	2.31180e-05
8.29225e+03	3.42016e-02	1.84024e-02	5.21954	3.77901	2.31180e-05
8.33883e+03	3.42384e-02	3.01946e-02	3.82946	4.24705	2.31180e-05
8.38542e+03	3.42157e-02	1.50587e-02	1.07963	4.87500	2.31180e-05
8.43201e+03	3.41805e-02	3.29149e-02	4.32942	4.66688	2.31180e-05
8.47859e+03	3.41951e-02	2.30478e-02	1.54969	3.74700	2.31180e-05
8.52518e+03	3.42131e-02	3.01943e-02	5.50188	3.52427	2.31180e-05
8.57176e+03	3.41543e-02	2.87149e-02	6.09279	0.78372	2.31180e-05
8.61835e+03	3.41811e-02	2.49888e-02	2.33988	3.87547	2.31180e-05
8.66493e+03	3.41280e-02	2.73645e-02	2.20272	5.67570	2.31180e-05
8.71152e+03	3.41304e-02	1.50962e-02	5.66608	4.67293	2.31180e-05
8.75811e+03	3.41160e-02	3.39972e-02	4.54085	4.32793	2.31180e-05
8.80469e+03	3.41055e-02	4.45728e-03	4.91914	2.96968	2.31180e-05
8.85128e+03	3.41006e-02	3.73749e-02	3.68155	5.65655	2.31180e-05
8.89786e+03	3.40818e-02	2.95773e-02	5.94912	5.87276	2.31180e-05
8.94445e+03	3.40923e-02	2.15927e-02	5.48780	5.33757	2.31180e-05
8.99103e+03	3.40323e-02	1.73304e-02	3.08635	2.21557	2.31180e-05
9.03762e+03	3.40758e-02	2.85894e-02	5.76335	1.20666	2.31180e-05
9.08421e+03	3.40575e-02	2.71165e-02	4.85735	1.07982	2.31180e-05
9.13079e+03	3.40445e-02	3.03266e-02	4.40484	0.97335	2.31180e-05
9.17738e+03	3.39824e-02	1.87783e-02	3.03723	4.63503	2.31180e-05
9.22396e+03	3.39848e-02	1.93724e-02	4.50540	6.00849	2.31180e-05
9.27055e+03	3.39746e-02	2.33077e-02	5.44492	3.15074	2.31180e-05
9.31713e+03	3.40016e-02	1.53615e-02	1.98557	2.00850	2.31180e-05
9.36372e+03	3.39937e-02	1.69475e-02	4.82673	3.31914	2.31180e-05
9.41030e+03	3.39085e-02	1.28781e-02	3.75456	3.55930	2.31180e-05
9.45689e+03	3.39109e-02	3.10279e-02	6.20494	2.52759	2.31180e-05
9.50348e+03	3.39186e-02	1.20761e-02	1.87455	3.96966	2.31180e-05
9.55006e+03	3.39116e-02	6.28697e-03	4.19021	5.00814	2.31180e-05
9.59665e+03	3.38599e-02	3.42134e-02	2.97178	4.19189	2.31180e-05
9.64323e+03	3.38845e-02	6.32679e-03	3.82799	4.91308	2.31180e-05
9.68982e+03	3.38658e-02	1.94133e-02	3.32958	1.84631	2.31180e-05
9.73640e+03	3.38547e-02	2.00868e-02	2.85279	1.34325	2.31180e-05
9.78299e+03	3.38476e-02	1.19843e-02	0.47102	5.18894	2.31180e-05
9.82958e+03	3.38105e-02	1.30592e-02	3.60086	0.29396	2.31180e-05
9.87616e+03	3.38020e-02	1.05759e-02	2.72256	0.77409	2.31180e-05
9.92275e+03	3.38056e-02	7.47752e-03	3.44453	3.46279	2.31180e-05
9.96933e+03	3.37982e-02	8.17874e-03	3.72333	3.69059	2.31180e-05
1.00159e+04	3.37243e-02	2.54287e-02	2.96047	1.33290	2.31180e-05
1.00625e+04	3.37407e-02	1.50072e-02	3.52614	1.84431	2.31180e-05
1.01091e+04	3.37190e-02	2.23741e-02	2.06214	0.47275	2.31180e-05
1.01557e+04	3.36932e-02	1.27647e-02	3.53141	0.01423	2.31180e-05
1.02023e+04	3.36949e-02	2.04829e-02	6.02892	1.80559	2.31180e-05
1.02488e+04	3.36443e-02	8.24456e-03	0.55047	1.14748	2.31180e-05
1.02954e+04	3.37100e-02	7.24557e-03	5.46983	3.53671	2.31180e-05
1.03420e+04	3.36143e-02	8.36325e-03	4.99593	3.30558	2.31180e-05
1.03886e+04	3.36553e-02	1.67579e-02	1.74976	2.31407	2.31180e-05
1.04352e+04	3.36220e-02	9.50897e-03	5.95517	0.51523	2.31180e-05
1.04818e+04	3.35994e-02	2.13231e-02	1.12700	4.79517	2.31180e-05
1.05284e+04	3.35956e-02	6.77571e-03	2.90123	1.08603	2.31180e-05
1.05749e+04	3.35601e-02	6.47347e-03	5.78373	1.22570	2.31180e-05
1.06215e+04	3.35436e-02	6.20823e-03	5.65556	0.16173	2.31180e-05
1.06681e+04	3.35466e-02	1.49442e-02	1.93161	4.87018	2.31180e-05
1.07147e+04	3.35266e-02	6.35987e-04	1.61333	5.36799	2.31180e-05
1.07613e+04	3.34815e-02	1.43944e-02	2.20031	5.15938	2.31180e-05
1.08079e+04	3.34969e-02	4.98049e-03	0.83437	3.90924	2.31180e-05
1.08545e+04	3.34696e-02	1.95253e-02	5.49310	5.80555	2.31180e-05
1.09010e+04	3.34709e-02	8.70094e-03	5.63177	5.26252	2.31180e-05
1.09476e+04	3.34538e-02	1.90727e-02	4.71660	1.34789	2.31180e-05
1.09942e+04	3.34536e-02	1.05741e-02	1.99690	0.93785	2.31180e-05
1.10408e+04	3.34082e-02	1.40162e-02	1.84520	2.28554	2.31180e-05
1.10874e+04	3.33895e-02	8.17678e-03	3.89403	2.08675	2.31180e-05
1.11340e+04	3.34059e-02	7.54386e-03	1.67286	3.19812	2.31180e-05
1.11806e+04	3.33826e-02	1.27875e-02	4.98917	4.74659	2.31180e-05
1.12271e+04	3.33928e-02	9.27557e-03	0.88094	4.01412	2.31180e-05
1.12737e+04	3.33786e-02	7.78310e-03	0.84889	2.34007	2.31180e-05
1.13203e+04	3.33529e-02	1.06703e-02	4.57204	2.89560	2.31180e-05
1.13669e+04	3.33128e-02	1.38691e-02	6.23963	5.70562	2.31180e-05
1.14135e+04	3.33185e-02	1.39003e-02	1.91173	4.88575	2.31180e-05
1.14601e+04	3.33001e-02	3.26590e-03	6.06843	5.71409	2.31180e-05
1.15067e+04	3.32784e-02	8.67684e-03	2.69466	3.01171	2.31180e-05
1.15532e+04	3.32362e-02	1.21562e-02	2.92775	0.89327	2.31180e-05
1.15998e+04	3.32302e-02	2.33196e-03	5.22844	3.25949	2.31180e-05
1.16464e+04	3.31973e-02	8.11431e-03	4.87697	1.30614	2.31180e-05
1.16930e+04	3.31964e-02	5.35381e-03	4.34914	4.38476	2.31180e-05
1.17396e+04	3.31831e-02	3.98510e-03	2.40139	1.19233	2.31180e-05
1.17862e+04	3.31616e-02	4.47515e-03	0.13625	3.08791	2.31180e-05
1.18328e+04	3.31479e-02	2.74675e-04	3.68417	3.24639	2.31180e-05
1.18793e+04	3.31354e-02	1.93669e-03	5.34008	2.92765	2.31180e-05
1.19259e+04	3.31281e-02	4.78649e-03	4.16884	2.71160	2.31180e-05
1.19725e+04	3.30981e-02	6.30453e-03	4.14001	5.17510	2.31180e-05
1.20191e+04	3.30852e-02	1.62929e-03	3.46662	5.72920	2.31180e-05
1.20657e+04	3.30605e-02	2.40205e-03	2.50541	4.13573	2.31180e-05
1.21123e+04	3.30697e-02	1.70990e-03	4.92013	1.48002	2.31180e-05
1.21589e+04	3.30486e-02	2.02489e-03	5.58870	2.80593	2.31180e-05
1.22054e+04	3.30385e-02	4.79274e-03	0.49431	6.01443	2.31180e-05
1.22520e+04	3.30151e-02	2.63663e-03	0.59937	1.54045	2.31180e-05
1.22986e+04	3.29970e-02	6.28246e-03	3.78546	4.99452	2.31180e-05
1.23452e+04	3.29988e-02	3.95756e-03	5.62647	0.33471	2.31180e-05
1.23918e+04	3.29836e-02	6.88881e-03	0.92370	4.47154	2.31180e-05
1.24384e+04	3.29465e-02	3.70032e-03	1.39561	0.98216	2.31180e-05
1.24850e+04	3.29421e-02	1.89788e-03	1.24399	1.97318	2.31180e-05
1.25315e+04	3.29270e-02	6.75607e-03	0.91618	0.13626	2.31180e-05
1.25781e+04	3.29114e-02	2.89078e-03	5.52837	2.67849	2.31180e-05
1.26247e+04	3.29076e-02	6.07932e-04	4.44930	0.96389	2.31180e-05
1.26713e+04	3.28867e-02	7.67701e-03	1.72704	1.84129	2.31180e-05
1.27179e+04	3.28826e-02	1.43274e-02	3.46821	2.79978	2.31180e-05
1.27645e+04	3.28926e-02	1.15424e-02	6.19970	5.74867	2.31180e-05
1.28111e+04	3.28729e-02	1.60015e-02	4.46770	1.82849	2.31180e-05
1.28576e+04	3.28430e-02	1.85089e-02	5.70981	4.43025	2.31180e-05
1.29042e+04	3.28530e-02	1.37827e-02	5.33294	0.84336	2.31180e-05
1.29508e+04	3.28237e-02	1.83668e-02	2.53189	3.54353	2.31180e-05
1.29974e+04	3.28328e-02	1.64335e-02	3.43601	5.63794	2.31180e-05
1.30440e+04	3.27969e-02	1.63549e-02	3.84500	2.58935	2.31180e-05
1.30906e+04	3.27920e-02	1.58514e-02	1.79452	5.00726	2.31180e-05
1.31372e+04	3.27770e-02	1.11840e-02	2.57351	1.65655	2.31180e-05
1.31837e+04	3.27608e-02	2.21806e-02	1.48815	3.86606	2.31180e-05
1.32303e+04	3.27542e-02	1.19311e-02	1.99962	0.26467	2.31180e-05
1.32769e+04	3.27316e-02	1.60826e-02	4.67738	3.05544	2.31180e-05
1.33235e+04	3.27393e-02	1.49580e-02	4.59312	5.32645	2.31180e-05
1.33701e+04	3.27157e-02	7.44792e-03	0.22054	1.76098	2.31180e-05
1.34167e+04	3.27049e-02	1.38508e-02	4.43344	4.52750	2.31180e-05
1.34633e+04	3.27057e-02	1.10531e-02	5.74741	6.23395	2.31180e-05
1.35098e+04	3.26740e-02	9.08973e-03	1.85696	2.95040	2.31180e-05
1.35564e+04	3.26731e-02	1.10037e-02	1.02369	5.25988	2.31180e-05
1.36030e+04	3.26390e-02	8.52238e-03	2.18587	1.25978	2.31180e-05
1.36496e+04	3.26392e-02	1.11778e-02	3.93970	4.50579	2.31180e-05
1.36962e+04	3.26353e-02	7.46001e-03	2.00666	0.40913	2.31180e-05
1.37428e+04	3.26242e-02	1.96147e-03	2.14135	2.02806	2.31180e-05
1.37894e+04	3.25947e-02	7.15369e-03	1.88450	5.54691	2.31180e-05
1.38359e+04	3.26073e-02	1.18022e-02	4.48239	1.38952	2.31180e-05
1.38825e+04	3.25965e-02	5.06860e-04	6.05370	5.95762	2.31180e-05
1.39291e+04	3.25828e-02	8.73859e-03	6.05194	0.99436	2.31180e-05
1.39757e+04	3.25540e-02	6.97325e-03	1.45503	2.02775	2.31180e-05
1.40223e+04	3.25624e-02	7.35690e-03	3.98415	3.58063	2.31180e-05
1.40689e+04	3.25355e-02	3.03268e-03	0.35018	0.08174	2.31180e-05
1.41155e+04	3.25220e-02	1.34038e-02	4.19685	2.95858	2.31180e-05
1.41620e+04	3.25163e-02	1.24177e-02	4.32958	4.53785	2.31180e-05
1.42086e+04	3.24975e-02	8.98743e-03	3.95382	1.67766	2.31180e-05
1.42552e+04	3.25018e-02	1.33402e-02	6.13970	3.80211	2.31180e-05
1.43018e+04	3.24776e-02	1.24748e-02	3.26377	5.71879	2.31180e-05
1.43484e+04	3.24689e-02	5.95300e-03	0.54376	2.17700	2.31180e-05
1.43950e+04	3.24613e-02	1.13065e-02	5.50086	4.95559	2.31180e-05
1.44416e+04	3.24532e-02	1.29975e-02	0.33451	0.40109	2.31180e-05
1.44881e+04	3.24385e-02	6.56177e-03	1.77246	2.59692	2.31180e-05
1.45347e+04	3.24313e-02	8.67514e-03	2.39049	6.07072	2.31180e-05
1.45813e+04	3.24351e-02	1.39924e-02	5.59695	1.17059	2.31180e-05
1.46279e+04	3.24116e-02	4.85150e-03	3.29714	2.18756	2.31180e-05
1.46745e+04	3.24034e-02	1.09210e-02	3.80221	0.74372	2.31180e-05
1.47211e+04	3.23973e-02	1.23040e-02	1.49261	2.43048	2.31180e-05
1.47677e+04	3.23884e-02	1.01786e-03	4.00842	5.86913	2.31180e-05
1.48142e+04	3.23756e-02	9.76231e-03	1.57014	1.96205	2.31180e-05
1.48608e+04	3.23569e-02	9.92547e-03	0.08280	3.61330	2.31180e-05
1.49074e+04	3.23483e-02	1.72687e-03	0.19082	3.87116	2.31180e-05
1.49540e+04	3.23502e-02	9.28512e-03	2.11805	2.50698	2.31180e-05
1.50006e+04	3.23402e-02	1.57631e-02	0.85571	4.52312	2.31180e-05
1.50472e+04	3.23337e-02	1.05583e-02	6.06348	0.22649	2.31180e-05
1.50938e+04	3.23220e-02	2.11982e-02	3.77274	3.50722	2.31180e-05
1.51403e+04	3.23095e-02	2.46464e-02	2.75724	5.75767	2.31180e-05
1.51869e+04	3.22921e-02	1.69487e-02	1.42261	2.10964	2.31180e-05
1.52335e+04	3.23038e-02	2.56136e-02	6.21165	4.95879	2.31180e-05
1.52801e+04	3.22830e-02	2.71289e-02	5.42789	0.81671	2.31180e-05
1.53267e+04	3.22622e-02	2.06201e-02	3.89115	3.66500	2.31180e-05
1.53733e+04	3.22817e-02	2.37423e-02	2.39784	0.14840	2.31180e-05
1.54199e+04	3.22424e-02	2.49800e-02	1.39017	2.35403	2.31180e-05
1.54664e+04	3.22573e-02	1.96298e-02	5.69323	5.43832	2.31180e-05
1.55130e+04	3.22480e-02	2.39630e-02	4.11362	1.61771	2.31180e-05
1.55596e+04	3.22244e-02	2.14721e-02	2.02511	4.03356	2.31180e-05
1.56062e+04	3.22183e-02	1.44199e-02	5.16849	0.49456	2.31180e-05
1.56528e+04	3.22249e-02	1.45471e-02	1.37412	3.14689	2.31180e-05
1.56994e+04	3.22047e-02	7.07889e-03	3.77097	5.13978	2.31180e-05
1.57460e+04	3.22040e-02	3.40276e-03	4.88717	1.37346	2.31180e-05
1.57925e+04	3.21964e-02	1.06966e-02	5.68455	3.46304	2.31180e-05
1.58391e+04	3.21836e-02	1.33398e-02	5.29875	5.96006	2.31180e-05
1.58857e+04	3.21806e-02	1.47485e-02	3.62297	2.22093	2.31180e-05
1.59323e+04	3.21716e-02	1.68226e-02	0.25725	5.02214	2.31180e-05
1.59789e+04	3.21634e-02	1.23139e-02	2.58416	1.21131	2.31180e-05
1.60255e+04	3.21593e-02	9.39921e-03	3.85373	3.87542	2.31180e-05
1.60721e+04	3.21486e-02	1.26250e-02	3.82977	0.62766	2.31180e-05
1.61186e+04	3.21486e-02	7.26512e-03	3.39548	3.09900	2.31180e-05
1.61652e+04	3.21368e-02	6.83118e-03	0.76430	0.50869	2.31180e-05
1.62118e+04	3.21235e-02	8.65342e-03	5.09283	2.58702	2.31180e-05
1.62584e+04	3.21310e-02	3.38148e-03	2.13925	4.56788	2.31180e-05
1.63050e+04	3.21129e-02	2.94534e-03	0.65180	4.02979	2.31180e-05
1.63516e+04	3.21046e-02	6.50013e-03	3.70172	4.16681	2.31180e-05
1.63982e+04	3.21014e-02	4.48263e-03	0.62971	3.17138	2.31180e-05
1.64447e+04	3.20916e-02	7.13823e-03	0.30111	4.72826	2.31180e-05
1.64913e+04	3.20747e-02	5.51095e-03	4.49342	0.19966	2.31180e-05
1.65379e+04	3.20822e-02	3.26710e-03	0.01496	3.47425	2.31180e-05
1.65845e+04	3.20733e-02	9.93178e-03	1.85058	5.54990	2.31180e-05
1.66311e+04	3.20716e-02	5.53131e-03	2.49930	1.45052	2.31180e-05
1.66777e+04	3.20678e-02	6.76373e-03	1.05435	5.29026	2.31180e-05
1.67243e+04	3.20454e-02	1.85187e-02	6.24446	1.03254	2.31180e-05
1.67708e+04	3.20417e-02	9.92573e-03	4.05929	2.92433	2.31180e-05
1.68174e+04	3.20337e-02	8.53470e-03	5.10959	0.14509	2.31180e-05
1.68640e+04	3.20386e-02	1.41782e-02	6.14761	2.38603	2.31180e-05
1.69106e+04	3.20212e-02	3.70995e-03	5.39677	5.18059	2.31180e-05
1.69572e+04	3.20089e-02	5.42915e-03	5.11978	1.57982	2.31180e-05
1.70038e+04	3.20084e-02	1.01733e-02	2.64095	3.37115	2.31180e-05
1.70504e+04	3.19966e-02	3.63649e-03	3.91290	5.72126	2.31180e-05
1.70969e+04	3.20072e-02	5.89502e-03	0.49692	2.68586	2.31180e-05
1.71435e+04	3.20002e-02	8.45957e-03	2.78914	5.08168	2.31180e-05
1.71901e+04	3.19665e-02	4.03275e-03	3.38808	0.02409	2.31180e-05
1.72367e+04	3.19779e-02	4.49912e-03	6.09882	4.79557	2.31180e-05
1.72833e+04	3.19642e-02	6.58979e-03	3.02657	0.31410	2.31180e-05
1.73299e+04	3.19499e-02	3.62338e-03	4.81323	3.00951	2.31180e-05
1.73765e+04	3.19462e-02	8.84311e-03	3.92094	0.30679	2.31180e-05
1.74230e+04	3.19476e-02	1.89909e-03	3.41865	1.77014	2.31180e-05
1.74696e+04	3.19332e-02	4.68041e-03	5.56233	5.31995	2.31180e-05
1.75162e+04	3.19356e-02	1.05888e-02	0.53344	1.72895	2.31180e-05
1.75628e+04	3.19238e-02	3.94746e-03	0.64677	3.61930	2.31180e-05
1.76094e+04	3.19388e-02	6.80588e-03	2.18385	2.20394	2.31180e-05
1.76560e+04	3.19031e-02	1.60660e-02	5.14774	3.76624	2.31180e-05
1.77026e+04	3.18970e-02	7.64585e-03	4.09508	0.92303	2.31180e-05
1.77491e+04	3.18937e-02	1.76751e-02	1.76557	3.51522	2.31180e-05
1.77957e+04	3.18846e-02	1.52572e-02	4.10321	5.69690	2.31180e-05
1.78423e+04	3.18811e-02	1.28501e-02	2.64790	3.38698	2.31180e-05
1.78889e+04	3.18908e-02	1.83292e-02	0.67352	5.77435	2.31180e-05
1.79355e+04	3.18628e-02	8.08833e-03	2.06039	2.58577	2.31180e-05
1.79821e+04	3.18669e-02	1.35836e-02	1.33006	5.64811	2.31180e-05
1.80287e+04	3.18630e-02	9.16922e-03	5.37475	1.80271	2.31180e-05
1.80752e+04	3.18701e-02	1.81054e-02	6.07164	5.37770	2.31180e-05
1.81218e+04	3.18572e-02	1.51056e-02	5.62186	1.68365	2.31180e-05
1.81684e+04	3.18449e-02	7.26269e-03	2.46003	4.86273	2.31180e-05
1.82150e+04	3.18532e-02	1.61760e-02	3.71026	1.46364	2.31180e-05
1.82616e+04	3.18266e-02	1.41887e-02	2.74874	4.29351	2.31180e-05
1.83082e+04	3.18388e-02	1.61538e-02	5.04491	1.65901	2.31180e-05
1.83548e+04	3.18225e-02	1.37360e-02	6.12197	4.20721	2.31180e-05
1.84013e+04	3.18087e-02	1.51215e-02	3.94038	1.40718	2.31180e-05
1.84479e+04	3.18082e-02	2.04136e-02	6.09229	4.51215	2.31180e-05
1.84945e+04	3.18134e-02	1.60397e-02	5.92391	1.36559	2.31180e-05
1.85411e+04	3.18181e-02	2.00498e-02	3.08153	4.58934	2.31180e-05
1.85877e+04	3.17895e-02	1.63079e-02	4.20308	1.28814	2.31180e-05
1.86343e+04	3.17959e-02	1.83179e-02	2.04225	4.76030	2.31180e-05
1.86809e+04	3.18077e-02	1.36405e-02	3.84433	1.54968	2.31180e-05
1.87274e+04	3.17829e-02	1.90993e-02	1.94291	5.59332	2.31180e-05
1.87740e+04	3.17759e-02	1.39185e-02	5.04768	1.87063	2.31180e-05
1.88206e+04	3.17761e-02	1.41741e-02	4.22966	5.58262	2.31180e-05
1.88672e+04	3.17817e-02	1.16457e-02	1.38203	2.00415	2.31180e-05
1.89138e+04	3.17849e-02	1.21261e-02	5.53186	0.31389	2.31180e-05
1.89604e+04	3.17741e-02	1.17281e-02	1.26514	3.81399	2.31180e-05
1.90070e+04	3.17597e-02	1.17329e-02	0.30180	1.44629	2.31180e-05
1.90535e+04	3.17667e-02	1.20351e-02	3.26951	4.98398	2.31180e-05
1.91001e+04	3.17370e-02	1.74849e-02	2.87428	2.76155	2.31180e-05
1.91467e+04	3.17404e-02	1.69695e-02	0.70009	5.74931	2.31180e-05
1.91933e+04	3.17497e-02	1.74740e-02	0.46779	3.84690	2.31180e-05
1.92399e+04	3.17329e-02	1.40649e-02	3.95653	1.59193	2.31180e-05
1.92865e+04	3.17437e-02	1.51180e-02	4.27609	5.11582	2.31180e-05
1.93331e+04	3.17313e-02	1.36181e-02	1.11599	3.52642	2.31180e-05
1.93796e+04	3.17957e-02	1.67238e-02	2.81806	0.15149	2.31180e-05
1.94262e+04	3.17192e-02	1.56400e-02	1.84465	0.47118	2.31180e-05
1.94728e+04	3.17852e-02	1.07237e-02	0.19051	0.10784	2.31180e-05
1.95194e+04	3.17787e-02	9.47984e-03	2.22441	1.48484	2.31180e-05
1.95660e+04	3.17462e-02	2.54378e-02	5.09296	4.15337	2.31180e-05
1.96126e+04	3.17084e-02	1.92649e-02	0.71399	3.90334	2.31180e-05
1.96592e+04	3.17291e-02	1.85668e-02	1.92560	1.68130	2.31180e-05
1.97057e+04	3.17093e-02	1.49194e-02	4.62243	0.47661	2.31180e-05
1.97523e+04	3.17168e-02	1.94924e-02	3.52920	1.93338	2.31180e-05
1.97989e+04	3.16631e-02	2.85028e-02	2.79974	3.50767	2.31180e-05
1.98455e+04	3.16748e-02	1.12866e-02	4.28722	6.09533	2.31180e-05
1.98921e+04	3.17002e-02	1.66259e-02	4.06608	3.84252	2.31180e-05
1.99387e+04	3.16583e-02	6.76236e-03	0.00829	6.10600	2.31180e-05
1.99853e+04	3.16600e-02	1.55450e-02	2.88669	2.65518	2.31180e-05
2.00318e+04	3.16966e-02	1.26769e-02	1.80278	3.16614	2.31180e-05
2.00784e+04	3.16643e-02	2.55540e-02	6.11962	2.21407	2.31180e-05
2.01250e+04	3.16692e-02	1.29379e-02	3.40462	0.10723	2.31180e-05
2.01716e+04	3.16536e-02	1.79556e-02	2.53758	0.34932	2.31180e-05
2.02182e+04	3.16348e-02	9.88259e-03	4.46896	2.30290	2.31180e-05
2.02648e+04	3.16233e-02	1.39895e-02	2.58532	0.53433	2.31180e-05
2.03114e+04	3.16257e-02	1.35919e-02	1.09552	1.07106	2.31180e-05
2.03579e+04	3.16606e-02	8.53665e-03	2.18733	1.67855	2.31180e-05
2.04045e+04	3.16396e-02	8.31003e-03	2.09917	0.52506	2.31180e-05
2.04511e+04	3.16080e-02	1.87548e-02	1.96247	0.25040	2.31180e-05
2.04977e+04	3.16311e-02	7.26314e-03	3.98856	0.03485	2.31180e-05
2.05443e+04	3.16260e-02	2.06113e-02	3.81492	2.16447	2.31180e-05
2.05909e+04	3.16247e-02	5.80154e-03	4.01806	0.80224	2.31180e-05
2.06375e+04	3.15911e-02	1.05032e-02	0.57324	0.47599	2.31180e-05
2.06840e+04	3.15818e-02	1.64108e-02	6.03038	1.94739	2.31180e-05
2.07306e+04	3.15648e-02	1.15881e-02	4.35128	1.75557	2.31180e-05
2.07772e+04	3.15818e-02	4.28368e-03	1.25229	0.96231	2.31180e-05
2.08238e+04	3.15772e-02	8.04014e-03	0.70396	2.09372	2.31180e-05
2.08704e+04	3.15913e-02	8.49799e-03	0.76345	1.60796	2.31180e-05
2.09170e+04	3.15576e-02	2.29264e-02	0.94337	4.78302	2.31180e-05
2.09636e+04	3.15530e-02	1.82412e-02	6.01252	1.87333	2.31180e-05
2.10101e+04	3.15335e-02	1.52883e-02	1.10456	0.49860	2.31180e-05
2.10567e+04	3.15460e-02	1.57385e-02	5.49768	0.96565	2.31180e-05
2.11033e+04	3.15667e-02	4.08118e-03	0.34686	1.47368	2.31180e-05
2.11499e+04	3.15315e-02	9.68763e-03	2.40328	0.21538	2.31180e-05
2.11965e+04	3.15071e-02	1.79900e-02	3.42093	5.19270	2.31180e-05
2.12431e+04	3.15213e-02	1.34355e-02	0.77119	5.68459	2.31180e-05
2.12897e+04	3.15219e-02	1.14300e-02	5.88681	3.41831	2.31180e-05
2.13362e+04	3.15231e-02	6.16398e-03	2.70158	0.89668	2.31180e-05
2.13828e+04	3.14821e-02	8.45669e-03	6.16086	3.00337	2.31180e-05
2.14294e+04	3.14956e-02	1.73435e-02	1.40483	5.13968	2.31180e-05
2.14760e+04	3.14910e-02	1.47891e-02	0.25328	2.28080	2.31180e-05
2.15226e+04	3.14792e-02	1.82013e-02	3.35118	5.97720	2.31180e-05
2.15692e+04	3.14568e-02	1.65188e-02	1.31251	0.87040	2.31180e-05
2.16157e+04	3.14607e-02	3.02689e-02	5.35522	1.06496	2.31180e-05
2.16623e+04	3.14586e-02	7.74522e-03	4.89375	3.76298	2.31180e-05
2.17089e+04	3.14673e-02	1.04521e-02	3.46209	0.06058	2.31180e-05
2.17555e+04	3.14438e-02	2.10382e-02	4.87708	4.92917	2.31180e-05
2.18021e+04	3.14418e-02	2.31789e-02	3.47229	4.58875	2.31180e-05
2.18487e+04	3.14536e-02	1.60634e-02	1.01450	4.18939	2.31180e-05
2.18953e+04	3.14483e-02	8.83777e-03	2.26471	5.39761	2.31180e-05
2.19418e+04	3.14261e-02	2.38998e-02	1.69474	0.72665	2.31180e-05
2.19884e+04	3.14028e-02	2.59112e-02	4.71687	3.24502	2.31180e-05
2.20350e+04	3.14152e-02	1.02090e-02	4.32223	1.94087	2.31180e-05
2.20816e+04	3.14066e-02	2.22199e-02	2.95020	6.21287	2.31180e-05
2.21282e+04	3.14045e-02	1.29712e-02	5.22857	5.68068	2.31180e-05
2.21748e+04	3.13784e-02	1.84377e-02	5.62406	6.07578	2.31180e-05
2.22214e+04	3.13786e-02	2.06143e-02	3.74159	1.32467	2.31180e-05
2.22679e+04	3.13938e-02	1.23726e-02	0.86274	2.52493	2.31180e-05
2.23145e+04	3.13816e-02	2.23741e-02	1.92454	4.82173	2.31180e-05
2.23611e+04	3.13516e-02	2.10001e-02	0.64769	1.95599	2.31180e-05
2.24077e+04	3.13421e-02	2.51975e-02	4.27967	5.69988	2.31180e-05
2.24543e+04	3.13486e-02	1.74294e-02	5.75651	3.81364	2.31180e-05
2.25009e+04	3.13383e-02	2.37581e-02	4.24339	3.58590	2.31180e-05
2.25475e+04	3.13365e-02	1.97595e-02	0.67222	4.01825	2.31180e-05
2.25940e+04	3.13245e-02	2.04165e-02	1.95196	5.20183	2.31180e-05
2.26406e+04	3.13100e-02	2.61619e-02	2.52601	5.93189	2.31180e-05
2.26872e+04	3.13032e-02	2.26250e-02	1.09019	1.24670	2.31180e-05
2.27338e+04	3.13292e-02	2.26504e-02	4.62204	3.10999	2.31180e-05
2.27804e+04	3.13003e-02	1.09897e-02	6.00211	6.01760	2.31180e-05
2.28270e+04	3.12903e-02	1.88810e-02	0.61145	2.48147	2.31180e-05
2.28736e+04	3.12804e-02	2.14711e-02	5.68446	5.91358	2.31180e-05
2.29201e+04	3.12834e-02	1.28285e-02	3.47140	3.20689	2.31180e-05
2.29667e+04	3.12771e-02	1.79388e-02	6.04751	0.95299	2.31180e-05
2.30133e+04	3.12600e-02	2.32526e-02	1.64278	4.82146	2.31180e-05
2.30599e+04	3.12680e-02	2.11424e-02	1.40866	3.58043	2.31180e-05
2.31065e+04	3.12317e-02	1.44745e-02	1.89620	0.69634	2.31180e-05
2.31531e+04	3.12693e-02	2.29194e-02	5.73720	6.04442	2.31180e-05
2.31997e+04	3.12415e-02	2.02508e-02	1.65120	5.45004	2.31180e-05
2.32462e+04	3.12397e-02	1.76536e-02	3.46173	4.61572	2.31180e-05
2.32928e+04	3.12297e-02	2.10080e-02	3.44983	4.22337	2.31180e-05
2.33394e+04	3.11984e-02	2.63026e-02	1.83281	4.58850	2.31180e-05
2.33860e+04	3.12196e-02	2.03507e-02	5.35059	5.06650	2.31180e-05
2.34326e+04	3.12062e-02	1.80813e-02	1.09675	5.82804	2.31180e-05
2.34792e+04	3.11872e-02	1.70879e-02	1.70411	0.85031	2.31180e-05
2.35258e+04	3.11795e-02	2.03034e-02	1.22864	2.09610	2.31180e-05
2.35723e+04	3.11817e-02	2.71105e-02	6.24497	3.36880	2.31180e-05
2.36189e+04	3.11864e-02	2.78375e-02	3.80271	4.67174	2.31180e-05
2.36655e+04	3.11687e-02	2.63672e-02	0.13394	6.27946	2.31180e-05
2.37121e+04	3.11647e-02	1.40689e-02	1.18622	2.18778	2.31180e-05
2.37587e+04	3.11534e-02	2.06724e-02	0.44144	4.91177	2.31180e-05
2.38053e+04	3.11503e-02	1.95753e-02	5.77759	0.96825	2.31180e-05
2.38519e+04	3.11362e-02	1.73758e-02	2.94010	3.84311	2.31180e-05
2.38984e+04	3.11334e-02	2.37271e-02	5.35272	0.69588	2.31180e-05
2.39450e+04	3.11384e-02	1.90992e-02	0.81052	3.49257	2.31180e-05
2.39916e+04	3.11170e-02	2.06624e-02	0.27536	1.18575	2.31180e-05
2.40382e+04	3.11197e-02	2.47523e-02	6.09554	4.37853	2.31180e-05
2.40848e+04	3.11145e-02	1.53343e-02	3.75961	1.92686	2.31180e-05
2.41314e+04	3.10917e-02	2.42995e-02	0.57282	5.90639	2.31180e-05
2.41780e+04	3.10815e-02	1.85676e-02	2.38288	3.58235	2.31180e-05
2.42245e+04	3.10985e-02	2.53943e-02	2.87138	1.81704	2.31180e-05
2.42711e+04	3.10832e-02	1.37315e-02	2.31186	0.02280	2.31180e-05
2.43177e+04	3.10594e-02	2.92785e-02	0.98697	4.38779	2.31180e-05
2.43643e+04	3.10798e-02	1.56657e-02	3.89710	3.39958	2.31180e-05
2.44109e+04	3.10571e-02	2.57507e-02	1.07962	1.17828	2.31180e-05
2.44575e+04	3.10533e-02	2.84989e-02	1.51279	0.80715	2.31180e-05
2.45041e+04	3.10259e-02	1.58681e-02	1.40843	0.03722	2.31180e-05
2.45506e+04	3.10456e-02	2.38386e-02	1.44443	4.57811	2.31180e-05
2.45972e+04	3.10342e-02	2.73048e-02	5.30056	4.26646	2.31180e-05
2.46438e+04	3.10470e-02	1.51344e-02	2.23774	3.75613	2.31180e-05
2.46904e+04	3.10103e-02	2.49631e-02	5.00054	2.83608	2.31180e-05
2.47370e+04	3.10352e-02	2.76756e-02	5.91743	2.73779	2.31180e-05
2.47836e+04	3.09904e-02	2.24808e-02	6.05051	2.54673	2.31180e-05
2.48302e+04	3.09991e-02	1.55347e-02	5.60985	2.01651	2.31180e-05
2.48767e+04	3.09766e-02	2.07589e-02	4.16820	1.62068	2.31180e-05
2.49233e+04	3.09897e-02	1.82288e-02	1.51479	1.36207	2.31180e-05
2.49699e+04	3.09726e-02	2.63037e-02	4.38920	1.32487	2.31180e-05
2.50165e+04	3.09664e-02	2.83024e-02	6.27690	1.15538	2.31180e-05
2.50631e+04	3.09645e-02	2.27947e-02	0.91633	1.30721	2.31180e-05
2.51097e+04	3.09527e-02	2.17556e-02	1.28129	0.89345	2.31180e-05
2.51563e+04	3.09619e-02	2.42363e-02	0.63832	0.76432	2.31180e-05
2.52028e+04	3.09318e-02	2.97998e-02	4.60441	1.23026	2.31180e-05
2.52494e+04	3.09336e-02	1.73965e-02	1.50458	1.56880	2.31180e-05
2.52960e+04	3.09241e-02	1.76714e-02	4.71052	1.25058	2.31180e-05
2.53426e+04	3.09137e-02	2.14841e-02	0.10561	1.28133	2.31180e-05
2.53892e+04	3.09239e-02	1.78382e-02	0.60864	1.84517	2.31180e-05
2.54358e+04	3.09016e-02	2.05152e-02	0.69751	1.78395	2.31180e-05
2.54824e+04	3.08984e-02	1.96468e-02	6.00227	1.92928	2.31180e-05
2.55289e+04	3.08926e-02	2.71294e-02	3.81724	2.48866	2.31180e-05
2.55755e+04	3.08829e-02	2.78310e-02	0.50114	3.01027	2.31180e-05
2.56221e+04	3.08920e-02	1.93024e-02	2.55821	3.69396	2.31180e-05
2.56687e+04	3.08778e-02	1.78339e-02	3.56555	4.43133	2.31180e-05
2.57153e+04	3.08590e-02	1.86179e-02	4.11848	4.69365	2.31180e-05
2.57619e+04	3.08616e-02	2.36562e-02	3.64605	5.34192	2.31180e-05
2.58085e+04	3.08450e-02	2.41419e-02	1.90734	6.17165	2.31180e-05
2.58550e+04	3.08559e-02	2.46291e-02	5.41256	0.84844	2.31180e-05
2.59016e+04	3.08535e-02	1.72011e-02	1.89737	1.70289	2.31180e-05
2.59482e+04	3.08169e-02	2.14956e-02	4.04919	2.23919	2.31180e-05
2.59948e+04	3.08336e-02	2.57303e-02	5.33274	2.92289	2.31180e-05
2.60414e+04	3.08333e-02	2.77083e-02	5.72912	3.66305	2.31180e-05
2.60880e+04	3.08189e-02	2.47237e-02	4.90263	4.58757	2.31180e-05
2.61346e+04	3.08032e-02	1.74687e-02	3.12626	5.54929	2.31180e-05
2.61811e+04	3.07925e-02	1.30780e-02	0.84581	6.23033	2.31180e-05
2.62277e+04	3.07921e-02	1.46860e-02	3.70690	1.07901	2.31180e-05
2.62743e+04	3.07742e-02	1.82176e-02	6.05508	1.62206	2.31180e-05
2.63209e+04	3.07373e-02	2.38515e-02	2.21967	2.26079	2.31180e-05
2.63675e+04	3.07746e-02	8.16012e-03	3.48117	5.78782	2.31180e-05
2.64141e+04	3.06838e-02	5.77860e-03	3.36583	3.39353	2.31180e-05
2.64607e+04	3.06737e-02	3.50152e-02	4.81505	5.85240	2.31180e-05
2.65072e+04	3.07309e-02	3.58060e-02	1.06488	2.60823	2.31180e-05
2.65538e+04	3.06905e-02	2.96610e-02	2.21626	5.37906	2.31180e-05
2.66004e+04	3.06908e-02	2.12785e-02	2.81540	0.16420	2.31180e-05
2.66470e+04	3.06693e-02	2.31763e-02	1.21586	4.47849	2.31180e-05
2.66936e+04	3.06701e-02	1.14014e-02	0.03524	3.10328	2.31180e-05
2.67402e+04	3.06381e-02	2.70312e-02	2.75912	2.25514	2.31180e-05
2.67868e+04	3.06388e-02	1.71314e-02	0.53995	1.06545	2.31180e-05
2.68333e+04	3.06966e-02	1.03297e-02	5.00826	3.28865	2.31180e-05
2.68799e+04	3.06701e-02	1.50993e-02	0.17408	0.86105	2.31180e-05
2.69265e+04	3.06688e-02	2.35051e-02	3.43772	5.27654	2.31180e-05
2.69731e+04	3.06560e-02	2.50769e-02	2.00720	1.97619	2.31180e-05
2.70197e+04	3.06305e-02	2.39839e-02	3.24592	3.32237	2.31180e-05
2.70663e+04	3.06523e-02	2.61159e-02	0.80145	0.64346	2.31180e-05
2.71129e+04	3.06607e-02	1.65688e-02	2.27764	2.36376	2.31180e-05
2.71594e+04	3.06439e-02	3.74883e-02	5.56802	2.71244	2.31180e-05
2.72060e+04	3.06227e-02	4.34422e-02	4.68912	1.48107	2.31180e-05
2.72526e+04	3.06477e-02	3.43739e-02	4.53793	2.72431	2.31180e-05
2.72992e+04	3.06636e-02	2.79284e-02	4.48253	3.07122	2.31180e-05
2.73458e+04	3.06436e-02	2.48627e-02	3.32201	0.07873	2.31180e-05
2.73924e+04	3.06130e-02	2.18523e-02	3.13495	2.38779	2.31180e-05
2.74390e+04	3.06303e-02	4.38639e-02	0.31163	1.87558	2.31180e-05
2.74855e+04	3.06374e-02	3.76038e-02	6.25008	2.45836	2.31180e-05
2.75321e+04	3.05969e-02	3.76815e-02	3.06130	4.08139	2.31180e-05
2.75787e+04	3.06187e-02	5.60994e-02	4.92968	2.22538	2.31180e-05
2.76253e+04	3.06327e-02	6.00323e-02	3.95398	4.54557	2.31180e-05
2.76719e+04	3.06023e-02	4.34108e-02	1.17857	4.99982	2.31180e-05
2.77185e+04	3.06649e-02	3.85073e-02	2.57094	6.08156	2.31180e-05
2.77651e+04	3.06299e-02	2.50822e-02	3.72922	5.98774	2.31180e-05
2.78116e+04	3.06464e-02	2.14631e-02	6.15082	0.37421	2.31180e-05
2.78582e+04	3.06249e-02	6.44088e-02	2.80977	4.21067	2.31180e-05
2.79048e+04	3.06144e-02	4.64429e-02	5.27058	5.51033	2.31180e-05
2.79514e+04	3.06314e-02	2.90236e-02	5.99306	1.25336	2.31180e-05
2.79980e+04	3.06310e-02	5.62409e-02	5.33100	3.53951	2.31180e-05
2.80446e+04	3.05863e-02	3.54984e-02	4.43662	0.09767	2.31180e-05
2.80912e+04	3.06216e-02	6.69102e-02	3.24091	5.70766	2.31180e-05
2.81377e+04	3.06048e-02	8.84271e-02	0.23720	5.01709	2.31180e-05
2.81843e+04	3.06295e-02	5.46299e-02	4.93827	4.64409	2.31180e-05
2.82309e+04	3.05928e-02	7.03755e-02	3.88161	5.19531	2.31180e-05
2.82775e+04	3.05935e-02	4.47965e-02	2.01925	1.10901	2.31180e-05
2.83241e+04	3.06406e-02	6.18378e-02	0.59923	3.66137	2.31180e-05
2.83707e+04	3.05767e-02	6.49983e-02	1.40047	0.94597	2.31180e-05
2.84173e+04	3.05908e-02	6.70581e-02	2.05254	4.83307	2.31180e-05
2.84638e+04	3.06150e-02	5.47057e-02	1.44251	1.07285	2.31180e-05
2.85104e+04	3.05755e-02	6.89084e-02	3.58879	4.79217	2.31180e-05
2.85570e+04	3.05935e-02	8.30674e-02	3.07830	1.74545	2.31180e-05
2.86036e+04	3.05871e-02	8.11763e-02	4.43281	5.83447	2.31180e-05
2.86502e+04	3.05852e-02	4.96072e-02	1.80161	2.44388	2.31180e-05
2.86968e+04	3.05889e-02	6.46108e-02	0.11344	1.22261	2.31180e-05
2.87434e+04	3.06074e-02	4.11442e-02	0.51580	6.05105	2.31180e-05
2.87899e+04	3.06012e-02	3.63181e-02	0.21663	4.57570	2.31180e-05
2.88365e+04	3.05344e-02	5.19450e-02	4.22445	2.34545	2.31180e-05
2.88831e+04	3.05662e-02	3.34306e-02	5.57645	5.05375	2.31180e-05
2.89297e+04	3.05829e-02	7.23823e-02	5.33434	3.43069	2.31180e-05
2.89763e+04	3.05379e-02	6.96862e-02	0.47489	2.93320	2.31180e-05
2.90229e+04	3.05785e-02	5.99434e-02	1.74426	2.31928	2.31180e-05
2.90695e+04	3.05936e-02	5.84670e-02	0.89136	1.36250	2.31180e-05
2.91160e+04	3.05503e-02	5.43717e-02	1.42101	1.87721	2.31180e-05
2.91626e+04	3.05452e-02	6.88760e-02	5.20638	1.24205	2.31180e-05
2.92092e+04	3.05765e-02	6.59351e-02	3.26173	5.95106	2.31180e-05
2.92558e+04	3.05723e-02	7.13020e-02	0.72175	5.97866	2.31180e-05
2.93024e+04	3.05910e-02	7.76168e-02	0.72471	5.62196	2.31180e-05
2.93490e+04	3.05632e-02	8.22155e-02	0.60598	5.59731	2.31180e-05
2.93956e+04	3.05390e-02	9.69196e-02	2.03388	5.05273	2.31180e-05
2.94421e+04	3.05361e-02	8.69019e-02	1.75469	4.18571	2.31180e-05
2.94887e+04	3.05485e-02	5.55361e-02	0.09718	3.98546	2.31180e-05
2.95353e+04	3.05459e-02	6.80619e-02	3.16985	2.40392	2.31180e-05
2.95819e+04	3.05368e-02	8.13356e-02	1.53677	1.97667	2.31180e-05
2.96285e+04	3.05359e-02	5.59571e-02	1.52615	0.57244	2.31180e-05
2.96751e+04	3.05394e-02	7.70536e-02	0.67301	1.34675	2.31180e-05
2.97217e+04	3.05412e-02	4.72408e-02	5.79017	4.53755	2.31180e-05
2.97682e+04	3.05661e-02	8.45026e-02	0.41317	0.00246	2.31180e-05
2.98148e+04	3.05603e-02	9.09040e-02	6.01456	1.33687	2.31180e-05
2.98614e+04	3.04987e-02	7.26320e-02	4.63015	3.11882	2.31180e-05
2.99080e+04	3.05069e-02	1.10325e-01	1.20344	5.22609	2.31180e-05
2.99546e+04	3.05033e-02	8.70893e-02	5.82898	6.22430	2.31180e-05
3.00012e+04	3.05294e-02	8.82431e-02	4.31630	3.11239	2.31180e-05
3.00478e+04	3.05073e-02	8.28135e-02	0.10788	4.96814	2.31180e-05
3.00943e+04	3.05265e-02	7.33244e-02	2.17550	1.58095	2.31180e-05
3.01409e+04	3.05431e-02	8.75500e-02	0.40889	3.56878	2.31180e-05
3.01875e+04	3.05087e-02	9.21750e-02	5.76713	0.76743	2.31180e-05
3.02341e+04	3.04824e-02	8.64118e-02	1.70697	2.75995	2.31180e-05
3.02807e+04	3.05249e-02	7.35634e-02	4.60214	5.94201	2.31180e-05
3.03273e+04	3.04918e-02	7.45156e-02	3.98076	1.61115	2.31180e-05
3.03739e+04	3.05057e-02	8.42937e-02	6.27655	2.42733	2.31180e-05
3.04204e+04	3.04900e-02	9.38198e-02	3.85858	5.76663	2.31180e-05
3.04670e+04	3.05132e-02	7.17164e-02	2.10652	2.17431	2.31180e-05
3.05136e+04	3.04694e-02	9.52387e-02	1.84849	5.05955	2.31180e-05
3.05602e+04	3.04913e-02	7.59560e-02	3.39958	2.57669	2.31180e-05
3.06068e+04	3.05038e-02	9.55185e-02	4.91681	5.63003	2.31180e-05
3.06534e+04	3.04949e-02	7.83037e-02	4.37902	3.50962	2.31180e-05
3.07000e+04	3.05159e-02	9.53173e-02	3.27134	0.50035	2.31180e-05
3.07465e+04	3.04540e-02	7.79377e-02	3.06402	4.57080	2.31180e-05
3.07931e+04	3.05006e-02	8.76657e-02	0.73081	1.36917	2.31180e-05
3.08397e+04	3.04803e-02	9.50677e-02	4.87803	5.54706	2.31180e-05
3.08863e+04	3.04899e-02	8.57783e-02	2.23213	2.85238	2.31180e-05
3.09329e+04	3.04820e-02	8.65454e-02	3.62536	0.37979	2.31180e-05
3.09795e+04	3.04991e-02	9.38532e-02	1.04817	4.32417	2.31180e-05
3.10261e+04	3.04880e-02	8.51400e-02	2.08530	1.57810	2.31180e-05
3.10726e+04	3.04748e-02	9.25168e-02	6.09306	5.17439	2.31180e-05
3.11192e+04	3.04628e-02	8.19668e-02	3.77640	2.58029	2.31180e-05
3.11658e+04	3.04319e-02	9.76289e-02	0.12529	5.87869	2.31180e-05
3.12124e+04	3.04815e-02	8.39888e-02	1.01634	3.93598	2.31180e-05
3.12590e+04	3.04676e-02	8.68407e-02	5.06765	1.40004	2.31180e-05
3.13056e+04	3.04590e-02	1.01029e-01	4.29761	5.59348	2.31180e-05
3.13522e+04	3.04384e-02	8.42503e-02	5.97019	2.96503	2.31180e-05
3.13987e+04	3.04490e-02	9.25891e-02	1.83854	0.63272	2.31180e-05
3.14453e+04	3.04463e-02	1.01950e-01	4.76871	4.49676	2.31180e-05
3.14919e+04	3.04636e-02	8.12163e-02	4.70137	2.00944	2.31180e-05
3.15385e+04	3.04692e-02	9.71284e-02	0.22914	6.18350	2.31180e-05
3.15851e+04	3.04620e-02	9.46003e-02	4.99043	3.94235	2.31180e-05
3.16317e+04	3.04572e-02	7.34202e-02	5.98642	0.84657	2.31180e-05
3.16783e+04	3.04117e-02	1.00300e-01	0.50981	4.42177	2.31180e-05
3.17248e+04	3.04271e-02	8.69454e-02	2.83627	2.20741	2.31180e-05
3.17714e+04	3.04316e-02	8.44171e-02	2.70556	5.66262	2.31180e-05
3.18180e+04	3.04362e-02	8.75945e-02	5.49396	3.38539	2.31180e-05
3.18646e+04	3.03864e-02	9.38072e-02	2.24771	1.15578	2.31180e-05
3.19112e+04	3.04155e-02	9.84455e-02	6.18160	4.01111	2.31180e-05
3.19578e+04	3.04093e-02	8.89054e-02	5.74935	2.53887	2.31180e-05
3.20044e+04	3.04276e-02	6.25141e-02	5.41176	3.17990	2.31180e-05
3.20509e+04	3.04445e-02	8.55457e-02	1.94968	1.30807	2.31180e-05
3.20975e+04	3.04388e-02	1.03106e-01	3.82037	3.95786	2.31180e-05
3.21441e+04	3.04335e-02	7.77829e-02	5.51411	1.51401	2.31180e-05
3.21907e+04	3.04498e-02	5.10489e-02	2.33200	4.70356	2.31180e-05
3.22373e+04	3.04018e-02	8.31641e-02	3.56021	6.01921	2.31180e-05
3.22839e+04	3.04207e-02	8.94967e-02	3.21167	4.73184	2.31180e-05
3.23305e+04	3.04000e-02	8.75566e-02	1.32557	1.03227	2.31180e-05
3.23770e+04	3.04000e-02	6.87580e-02	5.40910	5.08215	2.31180e-05
3.24236e+04	3.04182e-02	9.64001e-02	0.75679	0.97831	2.31180e-05
3.24702e+04	3.03655e-02	1.01366e-01	2.30306	5.92582	2.31180e-05
3.25168e+04	3.03600e-02	4.51379e-02	4.08165	5.65323	2.31180e-05
3.25634e+04	3.04031e-02	1.03686e-01	1.71263	4.09184	2.31180e-05
3.26100e+04	3.03969e-02	9.86504e-02	2.57887	1.81664	2.31180e-05
3.26566e+04	3.03709e-02	8.47912e-02	0.62885	5.72493	2.31180e-05
3.27031e+04	3.04291e-02	7.98137e-02	0.55890	1.57095	2.31180e-05
3.27497e+04	3.03976e-02	5.75916e-02	0.45216	6.00636	2.31180e-05
3.27963e+04	3.03883e-02	9.91351e-02	4.30104	1.08172	2.31180e-05
3.28429e+04	3.04178e-02	5.80716e-02	3.42893	3.08308	2.31180e-05
3.28895e+04	3.03790e-02	6.33003e-02	2.07567	1.34730	2.31180e-05
3.29361e+04	3.03689e-02	9.46951e-02	4.61609	3.37267	2.31180e-05
3.29827e+04	3.03729e-02	6.96940e-02	3.63770	4.57946	2.31180e-05
3.30292e+04	3.03866e-02	1.02074e-01	0.77196	2.90643	2.31180e-05
3.30758e+04	3.03686e-02	6.95315e-02	2.26245	5.48222	2.31180e-05
3.31224e+04	3.03301e-02	4.88113e-02	1.33056	5.73386	2.31180e-05
3.31690e+04	3.03376e-02	9.78730e-02	2.81082	5.51027	2.31180e-05
3.32156e+04	3.03381e-02	7.22744e-02	3.77954	1.19265	2.31180e-05
3.32622e+04	3.03401e-02	7.90346e-02	2.92060	6.26812	2.31180e-05
3.33088e+04	3.03493e-02	5.75811e-02	1.42505	2.00201	2.31180e-05
3.33553e+04	3.03448e-02	5.05651e-02	1.99193	2.74419	2.31180e-05
3.34019e+04	3.03364e-02	7.92264e-02	6.19766	2.65010	2.31180e-05
3.34485e+04	3.03314e-02	6.90209e-02	3.51460	4.23333	2.31180e-05
3.34951e+04	3.03620e-02	6.69572e-02	5.42804	3.50278	2.31180e-05
3.35417e+04	3.03305e-02	6.49390e-02	6.10571	5.48134	2.31180e-05
3.35883e+04	3.03192e-02	6.09423e-02	3.69448	0.16184	2.31180e-05
3.36349e+04	3.03464e-02	9.20650e-02	3.42572	0.10751	2.31180e-05
3.36814e+04	3.03201e-02	8.23853e-02	3.92378	1.91489	2.31180e-05
3.37280e+04	3.03557e-02	6.83378e-02	1.56440	1.38096	2.31180e-05
3.37746e+04	3.03168e-02	9.10993e-02	4.50945	4.02864	2.31180e-05
3.38212e+04	3.03133e-02	7.93742e-02	5.53049	4.19585	2.31180e-05
3.38678e+04	3.03123e-02	9.79226e-02	0.99335	5.11497	2.31180e-05
3.39144e+04	3.03076e-02	6.58725e-02	4.13660	0.42827	2.31180e-05
3.39610e+04	3.03065e-02	6.59915e-02	3.97533	0.55961	2.31180e-05
3.40075e+04	3.03011e-02	8.21815e-02	3.58058	2.98555	2.31180e-05
3.40541e+04	3.03072e-02	7.45146e-02	0.99122	2.91781	2.31180e-05
3.41007e+04	3.02947e-02	6.07275e-02	4.88578	4.73624	2.31180e-05
3.41473e+04	3.02967e-02	7.49495e-02	4.05979	0.18658	2.31180e-05
3.41939e+04	3.02850e-02	8.24201e-02	0.61456	0.56765	2.31180e-05
3.42405e+04	3.03108e-02	7.94273e-02	2.97193	2.53225	2.31180e-05
3.42871e+04	3.03272e-02	6.97633e-02	2.97611	3.11950	2.31180e-05
3.43336e+04	3.03499e-02	7.83735e-02	2.79915	4.88678	2.31180e-05
3.43802e+04	3.03376e-02	7.10293e-02	5.01037	0.17946	2.31180e-05
3.44268e+04	3.03386e-02	6.82839e-02	3.53381	0.89017	2.31180e-05
3.44734e+04	3.02811e-02	8.26700e-02	1.86972	3.72662	2.31180e-05
3.45200e+04	3.02935e-02	8.36137e-02	4.48281	4.12194	2.31180e-05
3.45666e+04	3.02643e-02	8.86134e-02	1.18783	6.15621	2.31180e-05
3.46132e+04	3.03126e-02	7.60040e-02	0.06098	1.31217	2.31180e-05
3.46597e+04	3.03230e-02	8.72780e-02	1.09021	2.56152	2.31180e-05
3.47063e+04	3.02871e-02	6.59717e-02	2.15680	5.06974	2.31180e-05
3.47529e+04	3.02981e-02	7.05429e-02	0.95434	5.94698	2.31180e-05
3.47995e+04	3.02940e-02	9.77477e-02	0.19235	2.09057	2.31180e-05
3.48461e+04	3.03091e-02	9.10284e-02	2.22348	3.07120	2.31180e-05
3.48927e+04	3.03229e-02	8.01529e-02	5.08509	5.17539	2.31180e-05
3.49393e+04	3.02598e-02	7.27528e-02	3.25806	1.06169	2.31180e-05
3.49858e+04	3.02423e-02	7.77646e-02	4.84889	2.28917	2.31180e-05
3.50324e+04	3.03245e-02	8.38683e-02	6.15395	5.06852	2.31180e-05
3.50790e+04	3.03048e-02	9.29046e-02	5.10051	6.11801	2.31180e-05
3.51256e+04	3.02639e-02	6.75510e-02	4.06104	2.25333	2.31180e-05
3.51722e+04	3.02541e-02	7.74612e-02	5.30261	4.53126	2.31180e-05
3.52188e+04	3.02521e-02	8.74390e-02	3.31143	6.01138	2.31180e-05
3.52654e+04	3.02854e-02	7.84247e-02	0.85502	2.39912	2.31180e-05
3.53119e+04	3.02521e-02	8.39936e-02	2.53523	3.85007	2.31180e-05
3.53585e+04	3.02463e-02	7.63648e-02	4.68179	0.16692	2.31180e-05
3.54051e+04	3.02993e-02	8.80246e-02	2.32637	2.28871	2.31180e-05
3.54517e+04	3.02777e-02	9.05880e-02	2.76911	4.01687	2.31180e-05
3.54983e+04	3.02618e-02	6.67930e-02	3.62344	0.76046	2.31180e-05
3.55449e+04	3.02724e-02	7.88226e-02	1.52038	2.37197	2.31180e-05
3.55915e+04	3.02384e-02	8.37856e-02	6.03611	5.11934	2.31180e-05
3.56380e+04	3.02903e-02	8.13449e-02	1.19515	0.88929	2.31180e-05
3.56846e+04	3.02205e-02	8.01673e-02	3.83690	3.13989	2.31180e-05
3.57312e+04	3.02426e-02	8.45323e-02	1.41865	6.03625	2.31180e-05
3.57778e+04	3.02761e-02	8.94384e-02	2.20714	1.41143	2.31180e-05
3.58244e+04	3.02409e-02	7.29777e-02	3.30497	4.55438	2.31180e-05
3.58710e+04	3.02644e-02	8.23077e-02	1.28349	0.44494	2.31180e-05
3.59175e+04	3.01984e-02	8.81771e-02	0.40555	2.85939	2.31180e-05
3.59641e+04	3.02407e-02	7.85719e-02	1.20206	5.69217	2.31180e-05
3.60107e+04	3.02367e-02	8.33712e-02	4.35805	1.49401	2.31180e-05
3.60573e+04	3.02771e-02	9.04158e-02	2.53433	4.51528	2.31180e-05
3.61039e+04	3.02329e-02	7.40779e-02	3.29935	0.36851	2.31180e-05
3.61505e+04	3.02530e-02	8.48605e-02	5.25624	3.42003	2.31180e-05
3.61971e+04	3.01875e-02	9.02396e-02	3.01942	6.00294	2.31180e-05
3.62436e+04	3.02236e-02	8.15589e-02	2.77106	2.11378	2.31180e-05
3.62902e+04	3.01873e-02	9.32568e-02	3.91024	5.22144	2.31180e-05
3.63368e+04	3.02477e-02	7.72540e-02	0.96299	1.37099	2.31180e-05
3.63834e+04	3.02330e-02	8.86091e-02	6.13847	4.24850	2.31180e-05
3.64300e+04	3.02355e-02	8.29754e-02	0.31744	0.98458	2.31180e-05
3.64766e+04	3.02095e-02	9.61757e-02	3.40084	3.36165	2.31180e-05
3.65232e+04	3.01846e-02	8.14217e-02	1.07721	0.29135	2.31180e-05
3.65697e+04	3.02059e-02	8.44166e-02	1.05146	3.08188	2.31180e-05
3.66163e+04	3.01914e-02	9.02984e-02	2.91817	5.87993	2.31180e-05
3.66629e+04	3.02275e-02	8.54721e-02	0.09744	2.76768	2.31180e-05
3.67095e+04	3.02108e-02	8.97700e-02	6.10124	5.39969	2.31180e-05
3.67561e+04	3.02071e-02	8.43265e-02	0.50737	2.35702	2.31180e-05
3.68027e+04	3.02045e-02	8.08371e-02	3.82069	5.37692	2.31180e-05
3.68493e+04	3.01617e-02	9.89821e-02	2.44871	1.98197	2.31180e-05
3.68958e+04	3.02083e-02	7.66534e-02	2.65521	5.24682	2.31180e-05
3.69424e+04	3.01773e-02	9.47561e-02	5.19133	1.84892	2.31180e-05
3.69890e+04	3.01781e-02	8.35542e-02	2.64546	5.30265	2.31180e-05
3.70356e+04	3.01973e-02	8.90041e-02	2.94115	1.85807	2.31180e-05
3.70822e+04	3.01759e-02	9.53488e-02	4.47717	5.15749	2.31180e-05
3.71288e+04	3.01885e-02	7.74082e-02	1.51884	2.24677	2.31180e-05
3.71754e+04	3.01723e-02	9.52921e-02	1.03152	5.10898	2.31180e-05
3.72219e+04	3.01534e-02	9.25270e-02	1.67497	2.44089	2.31180e-05
3.72685e+04	3.02007e-02	8.14287e-02	4.93831	5.46877	2.31180e-05
3.73151e+04	3.01724e-02	9.05462e-02	3.38716	2.48311	2.31180e-05
3.73617e+04	3.01559e-02	9.39813e-02	3.70158	6.03638	2.31180e-05
3.74083e+04	3.01514e-02	8.62505e-02	0.16063	2.65850	2.31180e-05
3.74549e+04	3.01354e-02	8.95793e-02	3.81471	0.24453	2.31180e-05
3.75015e+04	3.01470e-02	8.92673e-02	3.90625	3.21749	2.31180e-05
3.75480e+04	3.01749e-02	9.46930e-02	5.53345	0.57659	2.31180e-05
3.75946e+04	3.01412e-02	8.20344e-02	2.73194	4.06968	2.31180e-05
3.76412e+04	3.01760e-02	8.94080e-02	2.32478	0.82127	2.31180e-05
3.76878e+04	3.01759e-02	1.03657e-01	3.19381	4.83134	2.31180e-05
3.77344e+04	3.01265e-02	7.22339e-02	0.25604	1.58192	2.31180e-05
3.77810e+04	3.01508e-02	1.03404e-01	4.89666	5.19782	2.31180e-05
3.78276e+04	3.01319e-02	8.91353e-02	5.52941	2.77596	2.31180e-05
3.78741e+04	3.01327e-02	8.50584e-02	1.98003	5.85620	2.31180e-05
3.79207e+04	3.01467e-02	9.07153e-02	5.78732	3.52240	2.31180e-05
3.79673e+04	3.01406e-02	8.84563e-02	0.21549	0.59851	2.31180e-05
3.80139e+04	3.01315e-02	9.45996e-02	2.00009	4.23410	2.31180e-05
3.80605e+04	3.01353e-02	8.91624e-02	5.49342	1.87362	2.31180e-05
3.81071e+04	3.01298e-02	9.35635e-02	5.70552	4.87441	2.31180e-05
3.81537e+04	3.01349e-02	1.02555e-01	0.28170	2.84805	2.31180e-05
3.82002e+04	3.00940e-02	8.39528e-02	3.88085	6.27761	2.31180e-05
3.82468e+04	3.01113e-02	9.36581e-02	2.68291	3.53536	2.31180e-05
3.82934e+04	3.01258e-02	9.23435e-02	3.51595	1.23728	2.31180e-05
3.83400e+04	3.01119e-02	9.15396e-02	0.41648	4.71558	2.31180e-05
3.83866e+04	3.01079e-02	9.10315e-02	4.67664	2.34722	2.31180e-05
3.84332e+04	3.00994e-02	8.95152e-02	5.25453	5.96630	2.31180e-05
3.84798e+04	3.01000e-02	9.74688e-02	1.20572	3.47872	2.31180e-05
3.85263e+04	3.01179e-02	9.26460e-02	5.24988	1.12064	2.31180e-05
3.85729e+04	3.01205e-02	8.94686e-02	5.65336	4.64757	2.31180e-05
3.86195e+04	3.00962e-02	9.63446e-02	0.83253	2.40725	2.31180e-05
3.86661e+04	3.00819e-02	9.31252e-02	4.70742	6.09422	2.31180e-05
3.87127e+04	3.00753e-02	9.37053e-02	3.90573	3.80075	2.31180e-05
3.87593e+04	3.00937e-02	8.97917e-02	5.14340	1.26221	2.31180e-05
3.88059e+04	3.01119e-02	9.93639e-02	2.32287	5.12939	2.31180e-05
3.88524e+04	3.00986e-02	9.46189e-02	1.02705	3.01919	2.31180e-05
3.88990e+04	3.00772e-02	8.87494e-02	2.05780	0.27209	2.31180e-05
3.89456e+04	3.00661e-02	9.93885e-02	4.62201	4.42212	2.31180e-05
3.89922e+04	3.00676e-02	9.38788e-02	2.95732	2.15990	2.31180e-05
3.90388e+04	3.00896e-02	9.32048e-02	3.41511	5.96686	2.31180e-05
3.90854e+04	3.00931e-02	9.21718e-02	5.49777	3.98714	2.31180e-05
3.91320e+04	3.00551e-02	9.36474e-02	3.82405	1.28394	2.31180e-05
3.91785e+04	3.00549e-02	1.05544e-01	3.43315	5.61415	2.31180e-05
3.92251e+04	3.00584e-02	9.00488e-02	5.22810	3.41953	2.31180e-05
3.92717e+04	3.00791e-02	9.25869e-02	2.90261	0.86461	2.31180e-05
3.93183e+04	3.00768e-02	9.77833e-02	2.18302	5.22274	2.31180e-05
3.93649e+04	3.00476e-02	9.54491e-02	3.92408	2.80498	2.31180e-05
3.94115e+04	3.00503e-02	9.72864e-02	0.71709	0.78792	2.31180e-05
3.94581e+04	3.00347e-02	9.30779e-02	6.17761	4.77845	2.31180e-05
3.95046e+04	3.00446e-02	9.46186e-02	0.74794	2.47858	2.31180e-05
3.95512e+04	3.00500e-02	9.93610e-02	3.41637	0.56373	2.31180e-05
3.95978e+04	3.00532e-02	9.84296e-02	2.32429	4.47872	2.31180e-05
3.96444e+04	3.00744e-02	8.67762e-02	2.56709	2.47639	2.31180e-05
3.96910e+04	3.00727e-02	1.03507e-01	5.19610	0.19473	2.31180e-05
3.97376e+04	3.00605e-02	9.69444e-02	3.48635	4.42231	2.31180e-05
3.97842e+04	3.00485e-02	9.25596e-02	3.21458	2.51466	2.31180e-05
3.98307e+04	3.00492e-02	9.89785e-02	5.68420	0.09947	2.31180e-05
3.98773e+04	3.00324e-02	9.27238e-02	3.28330	4.47289	2.31180e-05
3.99239e+04	3.00231e-02	1.02469e-01	2.94229	2.43870	2.31180e-05
3.99705e+04	3.00341e-02	9.59006e-02	4.82471	0.28510	2.31180e-05
4.00171e+04	3.00267e-02	9.43696e-02	1.83648	4.72101	2.31180e-05
4.00637e+04	3.00406e-02	9.25937e-02	1.26432	2.41390	2.31180e-05
4.01103e+04	3.00437e-02	1.05858e-01	2.41840	0.50748	2.31180e-05
4.01568e+04	3.00272e-02	9.57701e-02	5.41942	4.88542	2.31180e-05
4.02034e+04	3.00173e-02	9.33482e-02	4.35069	2.71059	2.31180e-05
4.02500e+04	3.00001e-02	1.01145e-01	5.21506	0.81334	2.31180e-05
4.02966e+04	3.00124e-02	9.08380e-02	1.78296	5.01111	2.31180e-05
4.03432e+04	3.00116e-02	1.05241e-01	0.09579	3.18752	2.31180e-05
4.03898e+04	3.00096e-02	9.45167e-02	0.63324	1.18726	2.31180e-05
4.04364e+04	3.00064e-02	9.37208e-02	3.04728	5.40702	2.31180e-05
4.04829e+04	2.99974e-02	1.00920e-01	1.07737	3.59870	2.31180e-05
4.05295e+04	2.99989e-02	9.78161e-02	1.47934	1.52994	2.31180e-05
4.05761e+04	3.00121e-02	9.83706e-02	3.21268	6.04763	2.31180e-05
4.06227e+04	3.00327e-02	9.27671e-02	0.75994	4.08197	2.31180e-05
4.06693e+04	3.00181e-02	1.02039e-01	0.67204	1.96956	2.31180e-05
4.07159e+04	2.99934e-02	9.72959e-02	1.97495	0.34921	2.31180e-05
4.07625e+04	2.99856e-02	1.00819e-01	5.76760	4.64157	2.31180e-05
4.08090e+04	2.99900e-02	9.96602e-02	5.03353	2.79805	2.31180e-05
4.08556e+04	2.99735e-02	9.20081e-02	6.16365	0.98852	2.31180e-05
4.09022e+04	2.99584e-02	1.01856e-01	3.36240	5.21812	2.31180e-05
4.09488e+04	2.99814e-02	1.04493e-01	2.26225	3.59352	2.31180e-05
4.09954e+04	2.99926e-02	9.63117e-02	3.24264	1.62465	2.31180e-05
4.10420e+04	2.99885e-02	9.56745e-02	5.67723	6.16165	2.31180e-05
4.10886e+04	2.99618e-02	1.01955e-01	4.44540	4.22166	2.31180e-05
4.11351e+04	2.99692e-02	9.67430e-02	4.94032	2.42161	2.31180e-05
4.11817e+04	2.99720e-02	1.03265e-01	1.00217	0.77184	2.31180e-05
4.12283e+04	2.99605e-02	9.90666e-02	5.67187	5.11599	2.31180e-05
4.12749e+04	2.99504e-02	9.55432e-02	5.73827	3.42736	2.31180e-05
4.13215e+04	2.99588e-02	9.62033e-02	1.52991	1.56253	2.31180e-05
4.13681e+04	2.99768e-02	1.06097e-01	5.65752	6.07162	2.31180e-05
4.14147e+04	2.99618e-02	1.02674e-01	5.33810	4.44586	2.31180e-05
4.14612e+04	2.99663e-02	9.36945e-02	0.80966	2.61613	2.31180e-05
4.15078e+04	2.99781e-02	9.83900e-02	4.35962	0.78294	2.31180e-05
4.15544e+04	2.99416e-02	9.97970e-02	3.82651	5.36651	2.31180e-05
4.16010e+04	2.99463e-02	1.03230e-01	5.40034	3.57522	2.31180e-05
4.16476e+04	2.99774e-02	9.81030e-02	2.22287	1.98858	2.31180e-05
4.16942e+04	2.99628e-02	1.04168e-01	1.23460	0.12439	2.31180e-05
4.17408e+04	2.99557e-02	9.24005e-02	2.15764	4.76789	2.31180e-05
4.17873e+04	2.99298e-02	1.00264e-01	5.15035	2.98130	2.31180e-05
4.18339e+04	2.99171e-02	1.06058e-01	3.89569	1.33336	2.31180e-05
4.18805e+04	2.99445e-02	1.01868e-01	4.62516	6.04489	2.31180e-05
4.19271e+04	2.99341e-02	9.41642e-02	0.98334	4.16896	2.31180e-05
4.19737e+04	2.99314e-02	1.00091e-01	5.37286	2.59044	2.31180e-05
4.20203e+04	2.99497e-02	1.00859e-01	5.79848	0.81888	2.31180e-05
4.20669e+04	2.99219e-02	1.05491e-01	1.69614	5.43815	2.31180e-05
4.21134e+04	2.99100e-02	9.97381e-02	5.84510	3.92840	2.31180e-05
4.21600e+04	2.99540e-02	9.75167e-02	5.81472	2.12459	2.31180e-05
4.22066e+04	2.99302e-02	1.02568e-01	1.29838	0.44563	2.31180e-05
4.22532e+04	2.99142e-02	9.51535e-02	5.03237	5.15649	2.31180e-05
4.22998e+04	2.99070e-02	1.07283e-01	4.77875	3.44490	2.31180e-05
4.23464e+04	2.99128e-02	1.02852e-01	0.00289	1.98337	2.31180e-05
4.23930e+04	2.99189e-02	9.81558e-02	3.59766	0.18713	2.31180e-05
4.24395e+04	2.99094e-02	9.68644e-02	2.52277	4.94793	2.31180e-05
4.24861e+04	2.99149e-02	1.04994e-01	3.68626	3.23784	2.31180e-05
4.25327e+04	2.98918e-02	1.03053e-01	0.58067	1.64875	2.31180e-05
4.25793e+04	2.99083e-02	1.03508e-01	5.69717	0.14526	2.31180e-05
4.26259e+04	2.99226e-02	9.56989e-02	6.27579	4.73501	2.31180e-05
4.26725e+04	2.98782e-02	1.03103e-01	2.77918	3.12154	2.31180e-05
4.27191e+04	2.98875e-02	9.79080e-02	1.30410	1.54842	2.31180e-05
4.27656e+04	2.98936e-02	1.03210e-01	1.79722	6.18864	2.31180e-05
4.28122e+04	2.99044e-02	1.02664e-01	3.85616	4.76528	2.31180e-05
4.28588e+04	2.98926e-02	1.05371e-01	2.00191	3.10095	2.31180e-05
4.29054e+04	2.98788e-02	9.53857e-02	1.96983	1.51959	2.31180e-05
4.29520e+04	2.98655e-02	1.00608e-01	4.03784	6.19926	2.31180e-05
4.29986e+04	2.99040e-02	1.05710e-01	1.68421	4.62661	2.31180e-05
4.30452e+04	2.98600e-02	1.06158e-01	1.19332	3.15925	2.31180e-05
4.30917e+04	2.98745e-02	9.86137e-02	3.08937	1.49347	2.31180e-05
4.31383e+04	2.99039e-02	9.86175e-02	0.05693	0.04122	2.31180e-05
4.31849e+04	2.98792e-02	9.87842e-02	5.51113	4.68961	2.31180e-05
4.32315e+04	2.98772e-02	1.08715e-01	0.65358	3.09139	2.31180e-05
4.32781e+04	2.98588e-02	1.02235e-01	3.68816	1.69671	2.31180e-05
4.33247e+04	2.98707e-02	1.00302e-01	2.61764	0.10201	2.31180e-05
4.33713e+04	2.98730e-02	1.02423e-01	3.21394	4.83818	2.31180e-05
4.34178e+04	2.98530e-02	1.00673e-01	6.20842	3.32070	2.31180e-05
4.34644e+04	2.98854e-02	1.00479e-01	4.74814	1.67426	2.31180e-05
4.35110e+04	2.98571e-02	1.03178e-01	4.71157	0.28868	2.31180e-05
4.35576e+04	2.98394e-02	1.04912e-01	1.04788	5.00492	2.31180e-05
4.36042e+04	2.98784e-02	1.03397e-01	5.32721	3.55129	2.31180e-05
4.36508e+04	2.98600e-02	9.87001e-02	5.33323	1.93595	2.31180e-05
4.36974e+04	2.98512e-02	1.00693e-01	0.90042	0.42590	2.31180e-05
4.37439e+04	2.98430e-02	1.05048e-01	4.86708	5.23578	2.31180e-05
4.37905e+04	2.98619e-02	1.06387e-01	4.37315	3.70056	2.31180e-05
4.38371e+04	2.98131e-02	1.03323e-01	5.89922	2.26250	2.31180e-05
4.38837e+04	2.98484e-02	9.52252e-02	3.13134	0.78157	2.31180e-05
4.39303e+04	2.98562e-02	1.02647e-01	2.12316	5.42480	2.31180e-05
4.39769e+04	2.98294e-02	1.04003e-01	3.23253	4.04750	2.31180e-05
4.40235e+04	2.98410e-02	1.04937e-01	0.14543	2.46190	2.31180e-05
4.40700e+04	2.98386e-02	1.03541e-01	4.97110	1.08226	2.31180e-05
4.41166e+04	2.98202e-02	1.00276e-01	5.55614	5.83281	2.31180e-05
4.41632e+04	2.98353e-02	1.01679e-01	1.99329	4.32964	2.31180e-05
4.42098e+04	2.98351e-02	1.04098e-01	0.07990	2.80777	2.31180e-05
4.42564e+04	2.97907e-02	1.01567e-01	0.36208	1.34254	2.31180e-05
4.43030e+04	2.98446e-02	1.04515e-01	2.43852	6.19380	2.31180e-05
4.43496e+04	2.98155e-02	1.03360e-01	0.12983	4.73890	2.31180e-05
4.43961e+04	2.98174e-02	1.03274e-01	6.27921	3.16431	2.31180e-05
4.44427e+04	2.98208e-02	9.83335e-02	1.55086	1.76063	2.31180e-05
4.44893e+04	2.98053e-02	1.02781e-01	5.11276	0.16984	2.31180e-05
4.45359e+04	2.97969e-02	1.04669e-01	4.39290	5.11733	2.31180e-05
4.45825e+04	2.98321e-02	1.06809e-01	5.44400	3.60693	2.31180e-05
4.46291e+04	2.97783e-02	1.02920e-01	2.34594	2.17162	2.31180e-05
4.46757e+04	2.98191e-02	9.87036e-02	1.07974	0.64922	2.31180e-05
4.47222e+04	2.97831e-02	1.00357e-01	1.65671	5.44403	2.31180e-05
4.47688e+04	2.97970e-02	1.07208e-01	4.28935	3.99712	2.31180e-05
4.48154e+04	2.98168e-02	1.04447e-01	2.50436	2.56034	2.31180e-05
4.48620e+04	2.97786e-02	1.05097e-01	2.70227	1.06443	2.31180e-05
4.49086e+04	2.98003e-02	9.76832e-02	4.75411	5.97146	2.31180e-05
4.49552e+04	2.97727e-02	1.01016e-01	2.30922	4.33872	2.31180e-05
4.50018e+04	2.97966e-02	1.04112e-01	2.05950	2.97504	2.31180e-05
4.50483e+04	2.97746e-02	1.08113e-01	3.51471	1.47046	2.31180e-05
4.50949e+04	2.97848e-02	1.03595e-01	0.77089	0.05923	2.31180e-05
4.51415e+04	2.97844e-02	1.00668e-01	6.03813	4.88180	2.31180e-05
4.51881e+04	2.97898e-02	9.98667e-02	0.51934	3.41703	2.31180e-05
4.52347e+04	2.97701e-02	1.04487e-01	3.69653	1.89805	2.31180e-05
4.52813e+04	2.97820e-02	1.04566e-01	1.95709	0.46611	2.31180e-05
4.53279e+04	2.97641e-02	1.06766e-01	2.62487	5.29290	2.31180e-05
4.53744e+04	2.97759e-02	9.91904e-02	4.57213	3.90091	2.31180e-05
4.54210e+04	2.97645e-02	1.01615e-01	2.68115	2.33136	2.31180e-05
4.54676e+04	2.97747e-02	1.01603e-01	2.33654	0.96628	2.31180e-05
4.55142e+04	2.97584e-02	1.05174e-01	4.10381	5.64914	2.31180e-05
4.55608e+04	2.97620e-02	1.05022e-01	1.51279	4.27363	2.31180e-05
4.56074e+04	2.97461e-02	1.04132e-01	0.41739	2.82635	2.31180e-05
4.56540e+04	2.97610e-02	9.97388e-02	1.68091	1.36000	2.31180e-05
4.57005e+04	2.97484e-02	1.03520e-01	4.37423	6.14649	2.31180e-05
4.57471e+04	2.97554e-02	1.01487e-01	3.11164	4.68758	2.31180e-05
4.57937e+04	2.97556e-02	1.05439e-01	3.51142	3.17117	2.31180e-05
4.58403e+04	2.97366e-02	1.03029e-01	5.62938	1.78641	2.31180e-05
4.58869e+04	2.97590e-02	1.04102e-01	3.58276	0.28246	2.31180e-05
4.59335e+04	2.97211e-02	1.00540e-01	3.11706	5.16743	2.31180e-05
4.59801e+04	2.97774e-02	1.04676e-01	4.87221	3.55641	2.31180e-05
4.60266e+04	2.97200e-02	1.02903e-01	1.88451	2.17670	2.31180e-05
4.60732e+04	2.97498e-02	1.04139e-01	1.05747	0.67044	2.31180e-05
4.61198e+04	2.97356e-02	1.02906e-01	1.75799	5.51985	2.31180e-05
4.61664e+04	2.97255e-02	1.03611e-01	4.55823	4.05633	2.31180e-05
4.62130e+04	2.97473e-02	9.99635e-02	2.60077	2.55550	2.31180e-05
4.62596e+04	2.97284e-02	1.05780e-01	3.09928	1.01289	2.31180e-05
4.63062e+04	2.97426e-02	1.00826e-01	4.78530	5.89130	2.31180e-05
4.63527e+04	2.97150e-02	1.04394e-01	2.45325	4.36946	2.31180e-05
4.63993e+04	2.97226e-02	1.01627e-01	1.64017	2.98201	2.31180e-05
4.64459e+04	2.97139e-02	1.03897e-01	2.86758	1.39086	2.31180e-05
4.64925e+04	2.97405e-02	1.00914e-01	5.84726	6.23692	2.31180e-05
4.65391e+04	2.96885e-02	1.05487e-01	4.55565	4.66082	2.31180e-05
4.65857e+04	2.97273e-02	1.01780e-01	4.81786	3.23491	2.31180e-05
