# t	a	e	mean_anomaly	varpi	mass/M_star
0.00000e+00	4.68167e-02	3.15478e-02	3.20093	4.19452	3.47100e-05
4.65857e+01	4.67747e-02	3.10200e-02	0.73616	6.14020	3.47100e-05
9.31714e+01	4.67882e-02	3.02136e-02	2.70985	1.25250	3.47100e-05
1.39757e+02	4.67631e-02	2.83959e-02	2.98186	1.90205	3.47100e-05
1.86343e+02	4.67645e-02	2.74249e-02	1.54570	1.89845	3.47100e-05
2.32928e+02	4.67378e-02	2.84610e-02	4.70458	1.15583	3.47100e-05
2.79514e+02	4.67426e-02	2.73713e-02	6.00580	6.12534	3.47100e-05
3.26100e+02	4.67076e-02	2.70502e-02	5.66220	4.00565	3.47100e-05
3.72685e+02	4.66980e-02	2.62694e-02	3.57068	1.18751	3.47100e-05
4.19271e+02	4.67214e-02	2.48475e-02	6.00113	3.96342	3.47100e-05
4.65857e+02	4.66971e-02	2.49293e-02	0.39491	6.02702	3.47100e-05
5.12442e+02	4.66577e-02	2.47850e-02	5.66197	1.03633	3.47100e-05
5.59028e+02	4.66395e-02	2.40191e-02	2.86090	1.64234	3.47100e-05
6.05614e+02	4.66146e-02	2.32887e-02	4.68097	1.45560	3.47100e-05
6.52199e+02	4.66331e-02	2.16789e-02	4.76189	0.55580	3.47100e-05
6.98785e+02	4.65796e-02	2.28559e-02	3.16795	5.13587	3.47100e-05
7.45371e+02	4.66340e-02	2.26967e-02	6.22246	2.59023	3.47100e-05
7.91956e+02	4.65960e-02	2.07407e-02	1.26986	5.61702	3.47100e-05
8.38542e+02	4.65569e-02	2.11595e-02	0.89149	1.62134	3.47100e-05
8.85128e+02	4.65612e-02	2.08534e-02	5.24290	2.95727	3.47100e-05
9.31713e+02	4.65371e-02	1.92193e-02	1.61156	3.58499	3.47100e-05
9.78299e+02	4.65105e-02	2.05126e-02	2.55502	3.44781	3.47100e-05
1.02488e+03	4.65272e-02	1.89709e-02	1.88637	2.46222	3.47100e-05
1.07147e+03	4.65171e-02	2.00639e-02	6.09526	0.51931	3.47100e-05
1.11806e+03	4.64845e-02	1.78733e-02	2.24177	4.13961	3.47100e-05
1.16464e+03	4.64637e-02	1.87351e-02	3.09855	0.63493	3.47100e-05
1.21123e+03	4.64402e-02	1.69423e-02	2.30083	2.57321	3.47100e-05
1.25781e+03	4.64419e-02	1.80251e-02	6.03964	3.86300	3.47100e-05
1.30440e+03	4.64132e-02	1.77288e-02	1.91684	4.23606	3.47100e-05
1.35098e+03	4.64195e-02	1.70726e-02	2.31660	3.94472	3.47100e-05
1.39757e+03	4.64100e-02	1.70120e-02	1.28208	2.64102	3.47100e-05
1.44416e+03	4.63729e-02	1.62745e-02	4.61379	0.84035	3.47100e-05
1.49074e+03	4.64209e-02	1.72886e-02	0.24154	4.31123	3.47100e-05
1.53733e+03	4.63456e-02	1.69984e-02	0.51189	0.67125	3.47100e-05
1.58391e+03	4.63322e-02	1.65002e-02	5.15220	2.81280	3.47100e-05
1.63050e+03	4.63182e-02	1.59964e-02	2.05234	3.92319	3.47100e-05
1.67708e+03	4.63071e-02	1.62092e-02	3.41817	4.45595	3.47100e-05
1.72367e+03	4.63021e-02	1.46221e-02	3.07338	4.19480	3.47100e-05
1.77026e+03	4.62839e-02	1.53861e-02	0.96899	3.28554	3.47100e-05
1.81684e+03	4.62865e-02	1.42859e-02	3.50746	1.52850	3.47100e-05
1.86343e+03	4.62583e-02	1.54440e-02	4.26591	5.43747	3.47100e-05
1.91001e+03	4.62384e-02	1.56743e-02	3.14163	2.46508	3.47100e-05
1.95660e+03	4.62424e-02	1.63218e-02	0.40362	4.99248	3.47100e-05
2.00318e+03	4.62152e-02	1.61363e-02	2.23186	0.47113	3.47100e-05
2.04977e+03	4.62079e-02	1.46441e-02	2.36085	1.52207	3.47100e-05
2.09636e+03	4.62028e-02	1.45923e-02	0.60176	2.00452	3.47100e-05
2.14294e+03	4.61897e-02	1.26691e-02	3.37223	1.78848	3.47100e-05
2.18953e+03	4.61578e-02	1.39205e-02	3.94363	1.35370	3.47100e-05
2.23611e+03	4.61609e-02	1.49716e-02	3.20059	6.03000	3.47100e-05
2.28270e+03	4.61880e-02	1.15779e-02	0.44101	4.05133	3.47100e-05
2.32928e+03	4.61338e-02	1.49459e-02	2.13775	1.44930	3.47100e-05
2.37587e+03	4.61062e-02	1.25492e-02	1.89247	4.61220	3.47100e-05
2.42245e+03	4.61245e-02	1.37652e-02	0.02268	0.68757	3.47100e-05
2.46904e+03	4.60967e-02	1.42371e-02	2.28630	2.77088	3.47100e-05
2.51563e+03	4.60588e-02	1.34313e-02	2.78717	4.16285	3.47100e-05
2.56221e+03	4.60697e-02	1.21403e-02	1.38357	4.98971	3.47100e-05
2.60880e+03	4.60257e-02	1.19374e-02	4.24341	5.41072	3.47100e-05
2.65538e+03	4.60439e-02	1.04051e-02	5.29801	5.21461	3.47100e-05
2.70197e+03	4.60310e-02	1.29983e-02	4.12554	4.61956	3.47100e-05
2.74855e+03	4.60367e-02	1.40883e-02	0.51743	4.00775	3.47100e-05
2.79514e+03	4.60208e-02	1.33335e-02	1.45928	2.69216	3.47100e-05
2.84173e+03	4.59752e-02	1.23666e-02	0.61867	0.72414	3.47100e-05
2.88831e+03	4.59607e-02	1.25888e-02	3.87142	4.82822	3.47100e-05
2.93490e+03	4.59231e-02	1.14293e-02	5.61355	1.77763	3.47100e-05
2.98148e+03	4.59091e-02	1.43689e-02	2.61478	3.06529	3.47100e-05
3.02807e+03	4.59060e-02	1.31340e-02	4.99377	4.38983	3.47100e-05
3.07465e+03	4.57838e-02	5.57829e-03	2.70869	4.87947	3.47100e-05
3.12124e+03	4.58674e-02	1.02890e-02	5.17764	6.12530	3.47100e-05
3.16783e+03	4.58464e-02	5.62009e-03	1.72481	1.15413	3.47100e-05
3.21441e+03	4.57831e-02	1.43350e-02	4.06946	0.66438	3.47100e-05
3.26100e+03	4.57626e-02	1.58600e-02	2.28132	1.27960	3.47100e-05
3.30758e+03	4.58111e-02	1.73645e-02	1.34637	3.58834	3.47100e-05
3.35417e+03	4.57477e-02	3.06141e-03	6.07585	2.71933	3.47100e-05
3.40075e+03	4.57888e-02	8.55477e-03	1.67400	2.63519	3.47100e-05
3.44734e+03	4.57942e-02	4.06301e-03	3.54431	4.22541	3.47100e-05
3.49393e+03	4.57889e-02	1.76377e-02	3.09009	3.69972	3.47100e-05
3.54051e+03	4.57441e-02	1.12898e-02	2.15942	0.12709	3.47100e-05
3.58710e+03	4.57022e-02	1.59780e-02	0.68503	6.01553	3.47100e-05
3.63368e+03	4.57056e-02	1.39492e-02	2.04280	5.40046	3.47100e-05
3.68027e+03	4.57407e-02	4.04895e-03	4.39359	5.49402	3.47100e-05
3.72685e+03	4.57351e-02	1.97437e-02	0.84254	3.18483	3.47100e-05
3.77344e+03	4.56613e-02	1.40981e-02	3.74895	2.28290	3.47100e-05
3.82002e+03	4.56841e-02	9.49698e-03	5.70287	5.10866	3.47100e-05
3.86661e+03	4.57223e-02	9.42738e-03	4.12434	1.11595	3.47100e-05
3.91320e+03	4.57199e-02	1.41630e-02	5.26404	3.65311	3.47100e-05
3.95978e+03	4.57390e-02	1.69678e-02	5.46059	3.44134	3.47100e-05
4.00637e+03	4.56947e-02	1.38481e-02	3.93140	1.22365	3.47100e-05
4.05295e+03	4.56935e-02	1.25765e-02	1.94713	2.24480	3.47100e-05
4.09954e+03	4.56665e-02	1.51287e-02	5.26824	0.50724	3.47100e-05
4.14612e+03	4.56626e-02	1.55152e-02	2.70240	1.05181	3.47100e-05
4.19271e+03	4.56520e-02	1.31671e-02	0.17145	4.27398	3.47100e-05
4.23930e+03	4.56371e-02	1.66661e-02	4.33851	3.33090	3.47100e-05
4.28588e+03	4.56168e-02	2.07468e-02	2.68129	4.51935	3.47100e-05
4.33247e+03	4.56089e-02	2.11744e-02	1.44874	1.60954	3.47100e-05
4.37905e+03	4.56455e-02	1.79217e-02	1.19406	0.34099	3.47100e-05
4.42564e+03	4.56402e-02	2.06377e-02	2.15820	0.48140	3.47100e-05
4.47222e+03	4.55368e-02	2.21926e-02	0.41870	6.12928	3.47100e-05
4.51881e+03	4.55358e-02	2.09797e-02	5.47487	1.33579	3.47100e-05
4.56540e+03	4.55891e-02	2.44711e-02	0.49213	3.12647	3.47100e-05
4.61198e+03	4.55522e-02	1.38059e-02	3.49862	5.85310	3.47100e-05
4.65857e+03	4.55324e-02	2.61829e-02	1.77570	3.23264	3.47100e-05
4.70515e+03	4.55310e-02	2.57883e-02	2.54449	1.01854	3.47100e-05
4.75174e+03	4.55342e-02	1.79762e-02	4.85603	0.10551	3.47100e-05
4.79832e+03	4.55039e-02	2.59142e-02	2.89735	5.97745	3.47100e-05
4.84491e+03	4.54928e-02	1.74043e-02	2.53913	0.55033	3.47100e-05
4.89150e+03	4.54792e-02	2.94588e-02	4.08871	1.98922	3.47100e-05
4.93808e+03	4.54781e-02	2.62053e-02	1.71322	4.08892	3.47100e-05
4.98467e+03	4.54912e-02	2.01347e-02	1.73482	0.23863	3.47100e-05
5.03125e+03	4.54869e-02	2.77753e-02	1.53906	4.88915	3.47100e-05
5.07784e+03	4.54619e-02	2.70931e-02	3.82172	3.62033	3.47100e-05
5.12442e+03	4.54443e-02	2.71169e-02	2.41376	2.49707	3.47100e-05
5.17101e+03	4.54559e-02	2.76216e-02	2.59308	2.41312	3.47100e-05
5.21759e+03	4.54710e-02	2.74579e-02	0.51163	1.71523	3.47100e-05
5.26418e+03	4.54693e-02	2.99253e-02	0.00758	1.87357	3.47100e-05
5.31077e+03	4.54539e-02	2.43584e-02	6.11238	3.85715	3.47100e-05
5.35735e+03	4.54200e-02	3.27814e-02	4.93749	1.92315	3.47100e-05
5.40394e+03	4.53784e-02	2.85607e-02	3.11894	2.35413	3.47100e-05
5.45052e+03	4.54181e-02	2.80880e-02	6.07799	1.50947	3.47100e-05
5.49711e+03	4.53872e-02	3.41538e-02	5.47212	0.78957	3.47100e-05
5.54369e+03	4.53701e-02	2.81161e-02	5.96680	1.05545	3.47100e-05
5.59028e+03	4.53869e-02	3.64633e-02	2.48622	4.37165	3.47100e-05
5.63687e+03	4.53985e-02	3.59156e-02	2.39345	3.90068	3.47100e-05
5.68345e+03	4.53905e-02	4.51218e-02	1.59543	5.32008	3.47100e-05
5.73004e+03	4.53729e-02	4.40745e-02	4.29244	2.79048	3.47100e-05
5.77662e+03	4.53669e-02	4.06369e-02	5.55904	5.40414	3.47100e-05
5.82321e+03	4.53668e-02	4.25444e-02	4.71683	3.12508	3.47100e-05
5.86979e+03	4.53738e-02	5.16126e-02	4.87827	1.28569	3.47100e-05
5.91638e+03	4.53554e-02	4.30446e-02	4.78791	0.57273	3.47100e-05
5.96297e+03	4.53474e-02	4.35667e-02	0.14432	4.72697	3.47100e-05
6.00955e+03	4.53304e-02	4.45607e-02	4.96098	2.27570	3.47100e-05
6.05614e+03	4.53145e-02	4.07457e-02	5.67338	0.04050	3.47100e-05
6.10272e+03	4.53110e-02	4.53137e-02	3.22218	3.82434	3.47100e-05
6.14931e+03	4.52988e-02	4.18763e-02	2.55472	1.77529	3.47100e-05
6.19589e+03	4.53013e-02	4.21385e-02	3.86157	6.16295	3.47100e-05
6.24248e+03	4.52740e-02	4.66045e-02	2.66919	3.88440	3.47100e-05
6.28907e+03	4.52747e-02	3.64172e-02	4.06372	1.57353	3.47100e-05
6.33565e+03	4.52470e-02	4.79540e-02	2.21568	5.41133	3.47100e-05
6.38224e+03	4.52693e-02	3.76925e-02	2.44089	3.12957	3.47100e-05
6.42882e+03	4.52345e-02	4.21532e-02	5.25789	0.98546	3.47100e-05
6.47541e+03	4.52086e-02	4.11979e-02	4.37925	5.07784	3.47100e-05
6.52199e+03	4.52462e-02	4.23191e-02	0.26647	2.65006	3.47100e-05
6.56858e+03	4.52352e-02	3.73766e-02	5.09047	0.38020	3.47100e-05
6.61516e+03	4.51847e-02	4.09720e-02	0.06005	4.15971	3.47100e-05
6.66175e+03	4.52385e-02	4.14491e-02	4.21615	1.65203	3.47100e-05
6.70834e+03	4.51930e-02	3.42226e-02	5.21700	5.25436	3.47100e-05
6.75492e+03	4.51570e-02	3.90337e-02	2.02206	2.68761	3.47100e-05
6.80151e+03	4.51941e-02	3.78363e-02	1.38485	0.18785	3.47100e-05
6.84809e+03	4.52058e-02	4.24082e-02	4.06515	3.78467	3.47100e-05
6.89468e+03	4.51396e-02	3.13522e-02	3.15383	1.13192	3.47100e-05
6.94126e+03	4.51614e-02	4.47848e-02	5.17127	4.59602	3.47100e-05
6.98785e+03	4.51823e-02	3.92260e-02	4.16045	1.69843	3.47100e-05
7.03444e+03	4.51309e-02	4.26728e-02	6.13080	5.02214	3.47100e-05
7.08102e+03	4.51118e-02	4.16827e-02	4.80480	1.74648	3.47100e-05
7.12761e+03	4.51648e-02	3.89794e-02	0.42325	4.76088	3.47100e-05
7.17419e+03	4.50575e-02	3.62141e-02	5.59650	1.06708	3.47100e-05
7.22078e+03	4.51123e-02	3.63311e-02	0.94827	3.47521	3.47100e-05
7.26736e+03	4.51281e-02	4.16939e-02	5.73692	5.96840	3.47100e-05
7.31395e+03	4.50479e-02	3.99914e-02	0.66669	2.05532	3.47100e-05
7.36054e+03	4.50880e-02	3.47071e-02	5.03223	4.28851	3.47100e-05
7.40712e+03	4.50478e-02	3.88777e-02	6.26881	6.26279	3.47100e-05
7.45371e+03	4.50559e-02	3.90549e-02	3.63706	2.08186	3.47100e-05
7.50029e+03	4.50582e-02	3.92202e-02	4.32674	4.12101	3.47100e-05
7.54688e+03	4.50064e-02	3.81691e-02	1.71992	5.79301	3.47100e-05
7.59346e+03	4.50701e-02	3.47283e-02	2.00705	1.24968	3.47100e-05
7.64005e+03	4.49880e-02	3.90437e-02	5.07773	3.06583	3.47100e-05
7.68664e+03	4.50172e-02	3.55943e-02	4.96359	4.60066	3.47100e-05
7.73322e+03	4.49691e-02	3.79313e-02	1.68063	6.00663	3.47100e-05
7.77981e+03	4.49912e-02	3.96777e-02	0.79178	1.27855	3.47100e-05
7.82639e+03	4.50095e-02	3.99487e-02	3.44085	2.49193	3.47100e-05
7.87298e+03	4.49358e-02	3.74253e-02	2.23971	3.78564	3.47100e-05
7.91956e+03	4.49906e-02	3.12251e-02	3.95343	5.19474	3.47100e-05
7.96615e+03	4.49217e-02	3.83934e-02	2.65033	6.22491	3.47100e-05
8.01273e+03	4.49608e-02	3.70959e-02	3.87853	1.11497	3.47100e-05
8.05932e+03	4.49263e-02	3.30261e-02	2.13149	2.16406	3.47100e-05
8.10591e+03	4.48950e-02	4.43558e-02	2.99700	3.05483	3.47100e-05
8.15249e+03	4.49431e-02	3.77282e-02	0.95087	3.86960	3.47100e-05
8.19908e+03	4.48649e-02	3.81515e-02	1.48991	4.63096	3.47100e-05
8.24566e+03	4.49203e-02	3.89515e-02	4.87348	5.49386	3.47100e-05
8.29225e+03	4.48705e-02	4.34958e-02	5.37077	5.97819	3.47100e-05
8.33883e+03	4.48756e-02	3.65569e-02	1.99904	0.42027	3.47100e-05
8.38542e+03	4.48757e-02	3.59522e-02	2.42825	0.78340	3.47100e-05
8.43201e+03	4.48353e-02	4.14214e-02	0.03810	0.92486	3.47100e-05
8.47859e+03	4.48570e-02	3.19098e-02	2.64762	0.24344	3.47100e-05
8.52518e+03	4.48068e-02	2.73890e-02	3.49525	5.22696	3.47100e-05
8.57176e+03	4.47883e-02	4.09178e-02	3.55322	3.29304	3.47100e-05
8.61835e+03	4.47906e-02	2.95545e-02	3.75565	5.88947	3.47100e-05
8.66493e+03	4.48099e-02	2.79518e-02	3.20690	1.35898	3.47100e-05
8.71152e+03	4.48078e-02	3.22036e-02	3.12234	1.33576	3.47100e-05
8.75811e+03	4.47600e-02	2.97890e-02	2.31828	0.56774	3.47100e-05
8.80469e+03	4.47083e-02	3.09052e-02	1.69884	4.32092	3.47100e-05
8.85128e+03	4.47305e-02	2.55747e-02	6.05949	1.55393	3.47100e-05
8.89786e+03	4.47209e-02	2.65005e-02	5.20120	2.75460	3.47100e-05
8.94445e+03	4.46458e-02	2.45544e-02	4.16193	2.53759	3.47100e-05
8.99103e+03	4.47126e-02	3.05184e-02	4.52582	6.02799	3.47100e-05
9.03762e+03	4.46439e-02	5.00300e-03	1.01722	6.16515	3.47100e-05
9.08421e+03	4.46271e-02	1.06366e-02	5.36053	2.94920	3.47100e-05
9.13079e+03	4.45938e-02	7.84599e-03	2.40086	5.77288	3.47100e-05
9.17738e+03	4.45880e-02	2.35380e-02	0.52214	5.59416	3.47100e-05
9.22396e+03	4.46124e-02	2.77262e-02	0.48096	2.45191	3.47100e-05
9.27055e+03	4.45648e-02	1.04567e-02	1.51499	3.06253	3.47100e-05
9.31713e+03	4.45403e-02	1.57630e-02	1.79355	3.14362	3.47100e-05
9.36372e+03	4.44843e-02	7.09589e-03	0.02887	4.10209	3.47100e-05
9.41030e+03	4.45958e-02	1.41276e-02	1.59436	0.15940	3.47100e-05
9.45689e+03	4.45382e-02	1.77216e-02	0.48624	3.66572	3.47100e-05
9.50348e+03	4.45105e-02	2.39596e-02	6.24181	4.68174	3.47100e-05
9.55006e+03	4.44871e-02	1.96746e-02	4.05497	4.93106	3.47100e-05
9.59665e+03	4.44981e-02	1.35378e-02	5.13677	1.35424	3.47100e-05
9.64323e+03	4.44120e-02	1.88375e-02	3.83769	4.42935	3.47100e-05
9.68982e+03	4.44310e-02	7.07676e-03	2.26726	0.28610	3.47100e-05
9.73640e+03	4.43600e-02	1.72890e-02	1.26356	6.20578	3.47100e-05
9.78299e+03	4.44090e-02	1.40926e-02	3.04992	2.27035	3.47100e-05
9.82958e+03	4.43717e-02	1.84663e-02	2.65177	4.31473	3.47100e-05
9.87616e+03	4.43777e-02	1.08792e-02	0.39171	2.02378	3.47100e-05
9.92275e+03	4.43533e-02	1.07482e-02	3.86315	5.24325	3.47100e-05
9.96933e+03	4.43744e-02	4.42283e-03	2.20861	5.33545	3.47100e-05
1.00159e+04	4.43724e-02	7.11885e-03	4.62239	0.74394	3.47100e-05
1.00625e+04	4.43223e-02	6.21838e-03	2.32669	4.38634	3.47100e-05
1.01091e+04	4.42959e-02	2.19843e-02	5.97538	2.02350	3.47100e-05
1.01557e+04	4.43313e-02	1.17664e-02	0.50378	1.55486	3.47100e-05
1.02023e+04	4.42678e-02	1.62327e-02	5.19707	2.33874	3.47100e-05
1.02488e+04	4.42609e-02	2.26486e-02	4.45436	3.05955	3.47100e-05
1.02954e+04	4.41875e-02	9.25177e-03	6.13957	1.22188	3.47100e-05
1.03420e+04	4.42527e-02	2.45820e-02	0.06918	3.19292	3.47100e-05
1.03886e+04	4.41929e-02	7.54235e-03	4.43461	4.95161	3.47100e-05
1.04352e+04	4.41926e-02	6.71532e-03	1.06665	4.32648	3.47100e-05
1.04818e+04	4.42045e-02	6.16800e-03	3.06466	2.27266	3.47100e-05
1.05284e+04	4.41153e-02	1.95462e-02	3.00039	4.62307	3.47100e-05
1.05749e+04	4.42074e-02	1.11136e-02	3.37486	3.36689	3.47100e-05
1.06215e+04	4.41636e-02	1.50161e-02	6.28121	4.76038	3.47100e-05
1.06681e+04	4.41518e-02	3.55241e-03	4.41958	5.71719	3.47100e-05
1.07147e+04	4.41015e-02	1.94824e-02	5.67088	5.80233	3.47100e-05
1.07613e+04	4.41385e-02	1.52307e-02	0.87481	1.35015	3.47100e-05
1.08079e+04	4.41077e-02	1.40181e-02	1.80705	0.96476	3.47100e-05
1.08545e+04	4.40618e-02	4.79755e-03	4.45887	5.09712	3.47100e-05
1.09010e+04	4.40187e-02	2.09261e-03	5.86389	5.00585	3.47100e-05
1.09476e+04	4.40615e-02	4.51321e-03	4.13271	2.67081	3.47100e-05
1.09942e+04	4.39931e-02	1.12701e-02	0.76120	1.50703	3.47100e-05
1.10408e+04	4.40232e-02	1.42943e-02	0.70755	1.32672	3.47100e-05
1.10874e+04	4.39933e-02	1.27708e-02	3.89132	4.50832	3.47100e-05
1.11340e+04	4.39502e-02	1.44598e-02	4.31832	1.63112	3.47100e-05
1.11806e+04	4.39504e-02	8.46172e-03	4.46517	3.26444	3.47100e-05
1.12271e+04	4.38840e-02	3.85282e-03	2.71272	1.13466	3.47100e-05
1.12737e+04	4.38271e-02	1.42133e-02	0.72331	4.15361	3.47100e-05
1.13203e+04	4.38738e-02	1.10862e-03	2.82827	4.83090	3.47100e-05
1.13669e+04	4.39184e-02	8.03431e-03	4.20598	1.10379	3.47100e-05
1.14135e+04	4.38352e-02	5.73184e-03	0.41638	1.83939	3.47100e-05
1.14601e+04	4.38584e-02	8.72563e-03	0.03179	5.09940	3.47100e-05
1.15067e+04	4.38094e-02	1.34638e-02	6.14442	0.04672	3.47100e-05
1.15532e+04	4.39138e-02	6.19379e-03	5.04841	0.40032	3.47100e-05
1.15998e+04	4.38340e-02	1.41192e-02	0.31911	5.81305	3.47100e-05
1.16464e+04	4.38542e-02	1.16468e-02	3.30212	6.05956	3.47100e-05
1.16930e+04	4.38519e-02	3.97366e-03	0.93390	3.01862	3.47100e-05
1.17396e+04	4.38094e-02	4.63484e-03	2.75246	5.75947	3.47100e-05
1.17862e+04	4.37813e-02	9.69342e-03	0.07582	4.35863	3.47100e-05
1.18328e+04	4.37686e-02	1.11816e-02	0.21219	4.06638	3.47100e-05
1.18793e+04	4.37720e-02	1.31058e-02	3.66121	4.43650	3.47100e-05
1.19259e+04	4.37375e-02	1.17398e-02	6.03847	4.00427	3.47100e-05
1.19725e+04	4.37868e-02	3.90364e-03	1.11254	2.57796	3.47100e-05
1.20191e+04	4.37554e-02	3.74399e-03	1.01975	0.19617	3.47100e-05
1.20657e+04	4.37555e-02	4.75752e-03	6.20703	2.61013	3.47100e-05
1.21123e+04	4.37281e-02	6.83274e-03	5.56449	1.62683	3.47100e-05
1.21589e+04	4.37037e-02	7.21866e-03	5.34603	5.29825	3.47100e-05
1.22054e+04	4.36998e-02	6.22836e-03	1.63321	4.66986	3.47100e-05
1.22520e+04	4.36920e-02	1.46542e-03	5.68288	0.82338	3.47100e-05
1.22986e+04	4.36454e-02	9.09502e-03	1.27208	3.92113	3.47100e-05
1.23452e+04	4.36204e-02	1.00202e-02	5.55887	2.74366	3.47100e-05
1.23918e+04	4.36341e-02	2.15057e-03	2.70172	0.03347	3.47100e-05
1.24384e+04	4.36264e-02	1.02124e-02	4.93787	2.17069	3.47100e-05
1.24850e+04	4.35725e-02	1.16777e-02	1.06339	1.81915	3.47100e-05
1.25315e+04	4.35809e-02	1.30421e-02	0.73116	2.01353	3.47100e-05
1.25781e+04	4.35927e-02	1.02310e-02	4.32731	2.27137	3.47100e-05
1.26247e+04	4.35513e-02	1.19758e-02	4.94071	3.25661	3.47100e-05
1.26713e+04	4.35660e-02	1.05061e-02	2.39276	5.10774	3.47100e-05
1.27179e+04	4.35722e-02	6.85284e-03	2.95207	1.63224	3.47100e-05
1.27645e+04	4.35359e-02	2.41613e-03	5.22130	0.55361	3.47100e-05
1.28111e+04	4.35277e-02	1.23962e-02	1.65243	3.08109	3.47100e-05
1.28576e+04	4.35358e-02	3.27536e-03	1.23084	0.19328	3.47100e-05
1.29042e+04	4.34946e-02	1.73400e-02	3.88314	4.70202	3.47100e-05
1.29508e+04	4.35018e-02	9.24328e-03	1.57104	5.31969	3.47100e-05
1.29974e+04	4.34645e-02	1.06897e-02	4.45390	4.80269	3.47100e-05
1.30440e+04	4.34703e-02	1.17870e-02	3.04991	0.08105	3.47100e-05
1.30906e+04	4.34333e-02	9.83882e-03	4.70720	2.60577	3.47100e-05
1.31372e+04	4.34681e-02	8.41215e-03	4.36958	4.87110	3.47100e-05
1.31837e+04	4.34384e-02	9.94398e-03	0.39155	2.27569	3.47100e-05
1.32303e+04	4.34333e-02	5.35322e-03	1.88185	4.60812	3.47100e-05
1.32769e+04	4.34163e-02	1.18490e-02	3.92118	4.15177	3.47100e-05
1.33235e+04	4.33799e-02	1.83805e-03	5.63292	2.00510	3.47100e-05
1.33701e+04	4.33795e-02	1.60293e-02	5.63297	5.59813	3.47100e-05
1.34167e+04	4.33489e-02	1.46012e-02	1.09462	5.13945	3.47100e-05
1.34633e+04	4.34061e-02	9.50018e-03	0.59093	4.68430	3.47100e-05
1.35098e+04	4.33581e-02	9.00769e-03	2.51639	5.91144	3.47100e-05
1.35564e+04	4.33133e-02	1.06370e-02	2.79096	0.28209	3.47100e-05
1.36030e+04	4.33775e-02	6.28094e-03	0.71038	1.03672	3.47100e-05
1.36496e+04	4.33000e-02	8.79863e-03	0.64974	3.92887	3.47100e-05
1.36962e+04	4.32971e-02	1.05085e-02	5.65995	5.72884	3.47100e-05
1.37428e+04	4.32922e-02	7.24067e-03	5.63522	4.15753	3.47100e-05
1.37894e+04	4.33070e-02	1.18380e-02	5.43888	0.51281	3.47100e-05
1.38359e+04	4.32711e-02	1.08823e-02	0.60490	5.58623	3.47100e-05
1.38825e+04	4.32388e-02	4.35081e-03	1.25789	3.06378	3.47100e-05
1.39291e+04	4.32648e-02	1.28551e-02	4.17694	2.30590	3.47100e-05
1.39757e+04	4.32404e-02	1.47718e-02	4.44465	1.99971	3.47100e-05
1.40223e+04	4.32067e-02	1.68726e-02	1.94249	2.22948	3.47100e-05
1.40689e+04	4.31923e-02	1.86705e-02	3.25040	2.80410	3.47100e-05
1.41155e+04	4.31706e-02	1.65429e-02	2.00752	3.75679	3.47100e-05
1.41620e+04	4.31775e-02	1.01523e-02	4.23726	5.09708	3.47100e-05
1.42086e+04	4.31794e-02	7.46435e-03	1.02802	3.33404	3.47100e-05
1.42552e+04	4.31665e-02	1.13021e-02	4.28720	5.52620	3.47100e-05
1.43018e+04	4.31599e-02	4.55107e-03	3.81463	3.22990	3.47100e-05
1.43484e+04	4.31411e-02	1.35293e-02	3.24353	5.28677	3.47100e-05
1.43950e+04	4.31320e-02	5.53140e-03	4.22897	3.53307	3.47100e-05
1.44416e+04	4.31103e-02	8.54872e-03	3.49793	1.05273	3.47100e-05
1.44881e+04	4.31141e-02	1.37166e-02	5.04663	0.30645	3.47100e-05
1.45347e+04	4.30891e-02	1.34257e-02	2.75514	1.13947	3.47100e-05
1.45813e+04	4.30880e-02	1.35607e-02	5.00309	1.45710	3.47100e-05
1.46279e+04	4.30706e-02	7.53728e-03	4.96333	1.98121	3.47100e-05
1.46745e+04	4.30843e-02	3.03835e-03	1.14501	4.04842	3.47100e-05
1.47211e+04	4.30461e-02	1.33116e-02	0.55322	0.85028	3.47100e-05
1.47677e+04	4.30136e-02	1.98178e-02	5.95744	1.99987	3.47100e-05
1.48142e+04	4.30215e-02	1.10627e-02	2.68367	3.52613	3.47100e-05
1.48608e+04	4.30015e-02	4.64106e-03	1.22692	1.07614	3.47100e-05
1.49074e+04	4.29982e-02	1.91193e-02	5.98625	2.95073	3.47100e-05
1.49540e+04	4.29724e-02	9.69869e-03	2.58568	4.55388	3.47100e-05
1.50006e+04	4.29782e-02	1.16181e-02	0.94644	2.36066	3.47100e-05
1.50472e+04	4.29575e-02	1.70005e-02	5.46592	4.48249	3.47100e-05
1.50938e+04	4.29571e-02	7.43531e-03	1.29889	0.63384	3.47100e-05
1.51403e+04	4.29300e-02	1.51421e-02	6.01309	4.72481	3.47100e-05
1.51869e+04	4.29142e-02	9.33064e-03	4.78433	0.05923	3.47100e-05
1.52335e+04	4.29048e-02	1.13779e-02	4.02368	5.49149	3.47100e-05
1.52801e+04	4.28922e-02	5.33716e-03	4.49504	1.26995	3.47100e-05
1.53267e+04	4.29089e-02	1.86107e-02	0.10853	6.14846	3.47100e-05
1.53733e+04	4.28476e-02	8.33618e-03	2.07280	2.62988	3.47100e-05
1.54199e+04	4.28636e-02	1.60780e-02	0.42927	0.58297	3.47100e-05
1.54664e+04	4.28191e-02	3.16280e-03	3.75061	4.13700	3.47100e-05
1.55130e+04	4.28427e-02	1.02162e-02	3.78330	2.57936	3.47100e-05
1.55596e+04	4.28212e-02	1.19893e-02	1.90524	0.87633	3.47100e-05
1.56062e+04	4.27970e-02	1.16559e-02	5.63891	4.12533	3.47100e-05
1.56528e+04	4.28048e-02	9.20906e-03	4.96329	3.37367	3.47100e-05
1.56994e+04	4.27749e-02	8.96308e-03	3.23737	1.65107	3.47100e-05
1.57460e+04	4.28072e-02	1.01133e-02	6.12470	5.83874	3.47100e-05
1.57925e+04	4.27583e-02	1.11685e-02	5.95180	4.70604	3.47100e-05
1.58391e+04	4.27403e-02	1.24862e-02	4.02736	3.32263	3.47100e-05
1.58857e+04	4.27282e-02	6.35905e-03	0.40568	1.66213	3.47100e-05
1.59323e+04	4.27386e-02	8.99416e-03	0.75223	0.38413	3.47100e-05
1.59789e+04	4.27478e-02	1.32292e-02	6.08843	4.72316	3.47100e-05
1.60255e+04	4.27001e-02	6.47685e-03	2.46498	3.34907	3.47100e-05
1.60721e+04	4.26823e-02	9.62734e-03	3.10102	1.98856	3.47100e-05
1.61186e+04	4.26631e-02	1.16347e-02	1.58725	0.76453	3.47100e-05
1.61652e+04	4.26593e-02	7.48289e-03	4.34256	5.76467	3.47100e-05
1.62118e+04	4.26311e-02	9.50954e-03	5.39311	4.20077	3.47100e-05
1.62584e+04	4.26436e-02	1.31009e-02	3.85337	3.18379	3.47100e-05
1.63050e+04	4.26140e-02	1.47181e-02	6.02171	2.71390	3.47100e-05
1.63516e+04	4.26144e-02	5.48074e-03	6.21198	2.25096	3.47100e-05
1.63982e+04	4.26205e-02	8.22448e-03	0.12153	6.01936	3.47100e-05
1.64447e+04	4.25809e-02	1.65083e-02	2.34381	5.75394	3.47100e-05
1.64913e+04	4.25867e-02	1.55506e-02	2.72683	5.35408	3.47100e-05
1.65379e+04	4.25477e-02	8.95599e-03	1.00844	4.99841	3.47100e-05
1.65845e+04	4.25633e-02	4.03886e-03	4.58482	3.66889	3.47100e-05
1.66311e+04	4.25342e-02	5.57645e-03	5.64918	2.78723	3.47100e-05
1.66777e+04	4.25216e-02	1.04045e-02	4.37033	2.21045	3.47100e-05
1.67243e+04	4.25196e-02	9.26211e-03	0.57526	2.14548	3.47100e-05
1.67708e+04	4.25077e-02	1.53936e-02	1.63654	1.49385	3.47100e-05
1.68174e+04	4.24959e-02	1.94564e-02	5.96055	1.91216	3.47100e-05
1.68640e+04	4.24680e-02	1.44484e-02	2.46072	1.81206	3.47100e-05
1.69106e+04	4.24652e-02	1.68940e-02	2.95664	2.01849	3.47100e-05
1.69572e+04	4.24544e-02	8.11414e-03	1.54439	2.12763	3.47100e-05
1.70038e+04	4.24694e-02	3.51329e-03	5.66063	0.96076	3.47100e-05
1.70504e+04	4.24252e-02	6.36592e-03	0.75408	0.58942	3.47100e-05
1.70969e+04	4.24049e-02	7.75045e-03	0.21616	0.09588	3.47100e-05
1.71435e+04	4.23898e-02	9.56449e-03	3.27894	0.34887	3.47100e-05
1.71901e+04	4.23890e-02	1.00153e-02	5.22589	6.05131	3.47100e-05
1.72367e+04	4.23853e-02	1.36505e-02	4.48773	6.15387	3.47100e-05
1.72833e+04	4.23581e-02	1.32740e-02	2.06979	6.01096	3.47100e-05
1.73299e+04	4.23576e-02	1.69479e-02	4.04359	5.76385	3.47100e-05
1.73765e+04	4.23374e-02	1.36808e-02	3.83644	5.81704	3.47100e-05
1.74230e+04	4.23220e-02	6.66983e-03	1.87171	5.60852	3.47100e-05
1.74696e+04	4.23191e-02	4.46981e-03	5.73961	3.94877	3.47100e-05
1.75162e+04	4.23101e-02	1.38218e-02	0.23568	3.36216	3.47100e-05
1.75628e+04	4.22947e-02	1.38002e-02	4.77371	3.40846	3.47100e-05
1.76094e+04	4.22901e-02	1.39953e-02	1.26448	3.20351	3.47100e-05
1.76560e+04	4.22779e-02	1.26810e-02	2.40184	2.72494	3.47100e-05
1.77026e+04	4.22619e-02	1.07518e-02	1.13290	2.65316	3.47100e-05
1.77491e+04	4.22608e-02	9.37665e-03	5.00586	1.84089	3.47100e-05
1.77957e+04	4.22658e-02	5.58296e-03	6.07420	1.81547	3.47100e-05
1.78423e+04	4.22172e-02	7.85849e-03	0.88350	6.15652	3.47100e-05
1.78889e+04	4.21911e-02	1.06490e-02	4.39766	6.07514	3.47100e-05
1.79355e+04	4.22052e-02	1.90874e-02	6.10224	5.92626	3.47100e-05
1.79821e+04	4.22120e-02	1.67302e-02	5.63921	5.97120	3.47100e-05
1.80287e+04	4.21904e-02	1.20090e-02	3.51940	5.74093	3.47100e-05
1.80752e+04	4.22026e-02	4.17270e-03	6.02033	5.24533	3.47100e-05
1.81218e+04	4.21413e-02	1.06868e-02	0.23593	4.75628	3.47100e-05
1.81684e+04	4.21327e-02	7.29741e-03	4.64151	4.71240	3.47100e-05
1.82150e+04	4.21298e-02	1.07720e-02	0.88722	4.55931	3.47100e-05
1.82616e+04	4.21206e-02	2.31606e-03	1.45390	4.50334	3.47100e-05
1.83082e+04	4.20953e-02	1.04725e-02	0.41485	4.07341	3.47100e-05
1.83548e+04	4.20938e-02	9.34928e-03	3.96232	3.44978	3.47100e-05
1.84013e+04	4.20918e-02	1.80907e-02	4.30589	4.13033	3.47100e-05
1.84479e+04	4.20728e-02	1.36127e-02	3.42113	4.05718	3.47100e-05
1.84945e+04	4.20818e-02	2.00759e-02	0.30813	4.33603	3.47100e-05
1.85411e+04	4.20301e-02	9.53197e-03	1.69700	4.50090	3.47100e-05
1.85877e+04	4.20226e-02	1.41531e-02	1.43506	4.35792	3.47100e-05
1.86343e+04	4.20196e-02	7.32112e-03	4.81647	4.88007	3.47100e-05
1.86809e+04	4.19820e-02	1.37601e-02	0.05532	5.17068	3.47100e-05
1.87274e+04	4.19893e-02	8.62448e-03	5.44433	6.01149	3.47100e-05
1.87740e+04	4.19857e-02	1.62519e-02	3.24348	6.27797	3.47100e-05
1.88206e+04	4.19570e-02	1.62391e-02	4.85870	0.80286	3.47100e-05
1.88672e+04	4.19436e-02	1.23006e-02	6.24162	0.23527	3.47100e-05
1.89138e+04	4.19387e-02	1.56693e-02	4.48561	1.99190	3.47100e-05
1.89604e+04	4.19627e-02	1.16181e-02	3.59886	1.40205	3.47100e-05
1.90070e+04	4.19099e-02	1.13610e-02	5.40702	2.12898	3.47100e-05
1.90535e+04	4.18721e-02	1.67573e-02	5.11634	3.05554	3.47100e-05
1.91001e+04	4.18872e-02	1.56103e-02	1.96721	4.96166	3.47100e-05
1.91467e+04	4.18868e-02	4.25168e-03	4.43397	5.61317	3.47100e-05
1.91933e+04	4.18770e-02	8.33049e-03	4.66902	0.32141	3.47100e-05
1.92399e+04	4.18414e-02	5.56470e-03	3.76404	0.75150	3.47100e-05
1.92865e+04	4.18247e-02	1.15051e-02	0.01734	3.12967	3.47100e-05
1.93331e+04	4.18343e-02	9.61669e-03	1.43830	4.02222	3.47100e-05
1.93796e+04	4.16882e-02	2.51921e-03	0.65116	5.97469	3.47100e-05
1.94262e+04	4.18251e-02	1.20505e-02	1.30652	1.77720	3.47100e-05
1.94728e+04	4.16696e-02	3.17148e-03	1.13939	1.11221	3.47100e-05
1.95194e+04	4.16654e-02	1.31240e-02	1.48461	2.85623	3.47100e-05
1.95660e+04	4.16631e-02	1.27515e-02	3.72316	2.16390	3.47100e-05
1.96126e+04	4.17716e-02	1.34168e-02	3.68281	0.91786	3.47100e-05
1.96592e+04	4.16803e-02	9.75236e-03	2.14743	0.95659	3.47100e-05
1.97057e+04	4.16673e-02	9.09720e-03	5.65281	0.15079	3.47100e-05
1.97523e+04	4.16724e-02	8.38811e-03	1.08007	6.00283	3.47100e-05
1.97989e+04	4.16934e-02	1.63051e-02	5.12403	0.00981	3.47100e-05
1.98455e+04	4.17086e-02	1.51148e-02	3.39102	3.91641	3.47100e-05
1.98921e+04	4.16660e-02	5.04583e-03	1.54191	6.10431	3.47100e-05
1.99387e+04	4.17217e-02	4.12048e-03	2.67729	0.41963	3.47100e-05
1.99853e+04	4.16245e-02	1.87289e-02	4.38756	6.05338	3.47100e-05
2.00318e+04	4.15586e-02	1.07893e-02	0.79971	2.09211	3.47100e-05
2.00784e+04	4.16145e-02	1.41564e-02	5.24688	5.44926	3.47100e-05
2.01250e+04	4.15769e-02	1.56212e-02	4.60200	4.51302	3.47100e-05
2.01716e+04	4.15890e-02	5.34357e-03	6.07208	4.92831	3.47100e-05
2.02182e+04	4.15673e-02	2.21521e-02	3.70842	6.13042	3.47100e-05
2.02648e+04	4.16360e-02	1.55672e-02	2.33497	1.60687	3.47100e-05
2.03114e+04	4.15528e-02	1.62337e-02	1.73368	4.04618	3.47100e-05
2.03579e+04	4.14987e-02	1.25510e-02	0.80642	4.67433	3.47100e-05
2.04045e+04	4.15333e-02	1.85051e-03	2.21671	1.72828	3.47100e-05
2.04511e+04	4.15508e-02	1.39625e-02	3.79808	4.71937	3.47100e-05
2.04977e+04	4.14983e-02	5.74525e-03	0.20252	0.05524	3.47100e-05
2.05443e+04	4.14596e-02	8.09045e-03	0.66103	6.23042	3.47100e-05
2.05909e+04	4.15327e-02	8.50173e-03	2.50748	3.06580	3.47100e-05
2.06375e+04	4.15220e-02	1.77074e-02	4.07544	3.51752	3.47100e-05
2.06840e+04	4.14792e-02	1.62880e-02	1.93270	4.08358	3.47100e-05
2.07306e+04	4.14920e-02	1.85297e-02	3.57346	5.32548	3.47100e-05
2.07772e+04	4.14622e-02	1.19498e-02	5.52931	4.13884	3.47100e-05
2.08238e+04	4.14424e-02	1.41934e-02	0.09548	1.39913	3.47100e-05
2.08704e+04	4.14562e-02	1.55354e-02	5.33556	3.26459	3.47100e-05
2.09170e+04	4.14572e-02	3.03794e-03	4.00654	3.44601	3.47100e-05
2.09636e+04	4.14171e-02	1.40693e-02	5.35125	4.17036	3.47100e-05
2.10101e+04	4.14535e-02	1.91130e-02	0.20366	2.80899	3.47100e-05
2.10567e+04	4.14177e-02	1.63629e-02	2.36456	3.99890	3.47100e-05
2.11033e+04	4.13948e-02	1.26362e-02	4.61729	3.42321	3.47100e-05
2.11499e+04	4.13877e-02	1.57984e-02	1.58572	4.25620	3.47100e-05
2.11965e+04	4.14103e-02	2.06769e-02	4.07162	3.59402	3.47100e-05
2.12431e+04	4.13808e-02	1.69444e-02	2.41581	4.45134	3.47100e-05
2.12897e+04	4.13829e-02	1.09923e-02	1.22464	1.99101	3.47100e-05
2.13362e+04	4.13613e-02	1.39203e-02	3.65490	6.07897	3.47100e-05
2.13828e+04	4.13603e-02	1.91495e-02	0.74254	0.19434	3.47100e-05
2.14294e+04	4.13261e-02	2.05655e-02	0.01438	2.05868	3.47100e-05
2.14760e+04	4.12884e-02	2.22103e-02	0.47546	6.05310	3.47100e-05
2.15226e+04	4.13322e-02	1.62969e-02	3.74314	4.80219	3.47100e-05
2.15692e+04	4.13209e-02	1.76228e-02	3.50001	4.54886	3.47100e-05
2.16157e+04	4.12627e-02	1.60162e-02	5.78412	5.19733	3.47100e-05
2.16623e+04	4.12892e-02	2.43672e-02	4.02332	1.25730	3.47100e-05
2.17089e+04	4.12842e-02	1.50202e-02	4.60479	4.51178	3.47100e-05
2.17555e+04	4.12572e-02	2.01095e-02	0.89943	3.10502	3.47100e-05
2.18021e+04	4.12368e-02	2.02506e-02	0.93596	1.83962	3.47100e-05
2.18487e+04	4.12526e-02	2.05116e-02	3.59074	1.50046	3.47100e-05
2.18953e+04	4.12295e-02	1.96598e-02	2.39743	2.45758	3.47100e-05
2.19418e+04	4.12247e-02	2.07511e-02	3.98649	4.21326	3.47100e-05
2.19884e+04	4.12277e-02	1.86145e-02	1.16885	1.30050	3.47100e-05
2.20350e+04	4.12254e-02	2.20352e-02	1.38243	5.40752	3.47100e-05
2.20816e+04	4.12049e-02	2.03287e-02	4.59615	3.77937	3.47100e-05
2.21282e+04	4.11791e-02	1.59470e-02	3.51302	3.86652	3.47100e-05
2.21748e+04	4.11718e-02	2.51934e-02	0.41552	3.42178	3.47100e-05
2.22214e+04	4.11764e-02	2.51318e-02	5.80960	4.37732	3.47100e-05
2.22679e+04	4.11427e-02	1.67846e-02	1.15979	0.04783	3.47100e-05
2.23145e+04	4.11658e-02	1.73237e-02	5.78052	2.71659	3.47100e-05
2.23611e+04	4.11496e-02	2.84346e-02	0.69954	6.01772	3.47100e-05
2.24077e+04	4.11240e-02	2.51668e-02	5.70129	2.99308	3.47100e-05
2.24543e+04	4.11258e-02	2.87700e-02	0.12265	1.49047	3.47100e-05
2.25009e+04	4.11412e-02	2.04753e-02	3.04415	1.47937	3.47100e-05
2.25475e+04	4.10707e-02	1.99975e-02	2.89839	1.94147	3.47100e-05
2.25940e+04	4.10998e-02	2.03441e-02	6.18565	2.43825	3.47100e-05
2.26406e+04	4.11246e-02	1.77809e-02	0.08798	3.46697	3.47100e-05
2.26872e+04	4.10861e-02	2.16990e-02	3.29248	5.25805	3.47100e-05
2.27338e+04	4.10380e-02	2.49551e-02	3.10808	1.37170	3.47100e-05
2.27804e+04	4.10449e-02	3.21554e-02	0.41044	3.63183	3.47100e-05
2.28270e+04	4.10290e-02	2.36535e-02	0.71266	0.14552	3.47100e-05
2.28736e+04	4.10355e-02	2.47652e-02	4.33033	3.39281	3.47100e-05
2.29201e+04	4.10367e-02	2.86678e-02	4.63315	1.00033	3.47100e-05
2.29667e+04	4.10213e-02	2.27590e-02	2.48472	4.68481	3.47100e-05
2.30133e+04	4.10269e-02	2.98506e-02	3.27087	2.81850	3.47100e-05
2.30599e+04	4.10062e-02	1.95201e-02	1.89469	0.49150	3.47100e-05
2.31065e+04	4.09730e-02	3.49992e-02	3.35314	5.20526	3.47100e-05
2.31531e+04	4.09796e-02	2.14882e-02	1.61782	4.18383	3.47100e-05
2.31997e+04	4.09442e-02	2.38434e-02	3.90549	2.85318	3.47100e-05
2.32462e+04	4.09290e-02	2.84375e-02	2.57212	2.45813	3.47100e-05
2.32928e+04	4.09543e-02	2.41367e-02	4.58695	2.33660	3.47100e-05
2.33394e+04	4.09692e-02	2.35160e-02	3.70445	2.32319	3.47100e-05
2.33860e+04	4.09532e-02	2.17662e-02	6.01156	2.68261	3.47100e-05
2.34326e+04	4.09030e-02	2.48001e-02	5.49992	3.31733	3.47100e-05
2.34792e+04	4.09222e-02	2.46707e-02	2.01418	4.29076	3.47100e-05
2.35258e+04	4.09253e-02	2.29747e-02	1.75599	5.48820	3.47100e-05
2.35723e+04	4.08699e-02	2.58436e-02	4.75192	0.73223	3.47100e-05
2.36189e+04	4.08773e-02	2.35068e-02	5.06053	2.43471	3.47100e-05
2.36655e+04	4.09148e-02	2.61153e-02	2.34799	4.25494	3.47100e-05
2.37121e+04	4.08301e-02	2.87676e-02	3.04766	0.15648	3.47100e-05
2.37587e+04	4.08774e-02	2.95751e-02	0.94948	2.46111	3.47100e-05
2.38053e+04	4.08343e-02	3.23749e-02	2.01078	5.00471	3.47100e-05
2.38519e+04	4.09011e-02	2.44228e-02	0.51147	1.39833	3.47100e-05
2.38984e+04	4.08256e-02	3.05922e-02	1.82591	4.66712	3.47100e-05
2.39450e+04	4.08253e-02	2.99068e-02	0.83647	1.39310	3.47100e-05
2.39916e+04	4.07753e-02	2.66816e-02	2.92257	4.90701	3.47100e-05
2.40382e+04	4.08272e-02	3.07475e-02	2.21336	2.20682	3.47100e-05
2.40848e+04	4.07817e-02	2.76558e-02	5.26330	5.78042	3.47100e-05
2.41314e+04	4.07883e-02	3.20391e-02	4.85158	3.59102	3.47100e-05
2.41780e+04	4.08028e-02	2.59062e-02	2.01525	1.39812	3.47100e-05
2.42245e+04	4.07264e-02	3.13303e-02	2.37305	5.73652	3.47100e-05
2.42711e+04	4.08032e-02	3.00399e-02	6.19243	3.86882	3.47100e-05
2.43177e+04	4.07700e-02	2.82687e-02	0.91249	2.27283	3.47100e-05
2.43643e+04	4.07341e-02	3.01200e-02	5.65407	0.56960	3.47100e-05
2.44109e+04	4.07138e-02	3.29959e-02	0.56618	5.78563	3.47100e-05
2.44575e+04	4.07500e-02	2.46327e-02	5.78865	4.46105	3.47100e-05
2.45041e+04	4.07519e-02	3.18064e-02	1.86854	3.37146	3.47100e-05
2.45506e+04	4.07043e-02	3.05455e-02	1.05999	2.74510	3.47100e-05
2.45972e+04	4.06713e-02	3.19282e-02	4.02048	1.97944	3.47100e-05
2.46438e+04	4.06694e-02	2.73072e-02	4.21681	1.20536	3.47100e-05
2.46904e+04	4.06764e-02	3.13348e-02	1.41070	0.72896	3.47100e-05
2.47370e+04	4.06758e-02	2.61226e-02	2.35631	0.20960	3.47100e-05
2.47836e+04	4.06726e-02	2.87698e-02	0.54546	6.05565	3.47100e-05
2.48302e+04	4.06717e-02	3.00494e-02	2.30563	5.67234	3.47100e-05
2.48767e+04	4.06755e-02	3.61621e-02	1.07244	5.61451	3.47100e-05
2.49233e+04	4.06564e-02	3.34245e-02	3.38282	5.65573	3.47100e-05
2.49699e+04	4.06435e-02	2.79472e-02	3.12264	5.53310	3.47100e-05
2.50165e+04	4.06282e-02	2.81714e-02	0.65377	5.01910	3.47100e-05
2.50631e+04	4.06001e-02	2.93977e-02	1.31034	4.96224	3.47100e-05
2.51097e+04	4.06116e-02	2.88444e-02	5.61131	4.84299	3.47100e-05
2.51563e+04	4.05723e-02	2.70334e-02	0.79251	4.86641	3.47100e-05
2.52028e+04	4.05828e-02	2.93183e-02	5.96726	4.82788	3.47100e-05
2.52494e+04	4.05693e-02	3.05599e-02	1.96486	5.01525	3.47100e-05
2.52960e+04	4.05814e-02	3.25248e-02	1.51150	5.18295	3.47100e-05
2.53426e+04	4.05791e-02	3.20927e-02	4.75439	5.31913	3.47100e-05
2.53892e+04	4.05611e-02	3.34098e-02	5.16235	5.59541	3.47100e-05
2.54358e+04	4.05594e-02	3.46789e-02	2.83194	5.92992	3.47100e-05
2.54824e+04	4.05378e-02	3.12421e-02	4.05424	0.03653	3.47100e-05
2.55289e+04	4.05083e-02	2.88069e-02	2.69951	0.32184	3.47100e-05
2.55755e+04	4.04859e-02	3.04825e-02	4.83560	0.80357	3.47100e-05
2.56221e+04	4.04665e-02	3.18387e-02	4.23840	1.35731	3.47100e-05
2.56687e+04	4.04868e-02	3.40969e-02	0.84262	2.01971	3.47100e-05
2.57153e+04	4.05032e-02	3.26611e-02	0.95360	2.72809	3.47100e-05
2.57619e+04	4.04988e-02	3.09680e-02	4.55783	3.47356	3.47100e-05
2.58085e+04	4.04888e-02	3.42299e-02	5.59288	4.12610	3.47100e-05
2.58550e+04	4.04272e-02	3.34465e-02	3.97408	4.82652	3.47100e-05
2.59016e+04	4.04432e-02	3.47973e-02	5.88577	5.67626	3.47100e-05
2.59482e+04	4.04291e-02	3.21146e-02	5.11822	0.19715	3.47100e-05
2.59948e+04	4.04582e-02	2.71480e-02	1.74696	0.81912	3.47100e-05
2.60414e+04	4.04342e-02	2.74932e-02	1.94391	1.45497	3.47100e-05
2.60880e+04	4.03802e-02	3.30894e-02	5.85610	2.13362	3.47100e-05
2.61346e+04	4.03881e-02	3.52491e-02	0.85855	2.84489	3.47100e-05
2.61811e+04	4.04054e-02	3.48060e-02	5.30036	3.83898	3.47100e-05
2.62277e+04	4.04082e-02	3.48407e-02	0.84254	4.75325	3.47100e-05
2.62743e+04	4.03386e-02	3.53988e-02	0.28254	5.70298	3.47100e-05
2.63209e+04	4.03908e-02	3.50495e-02	4.29086	6.16634	3.47100e-05
2.63675e+04	4.03458e-02	2.44047e-02	3.93581	4.89936	3.47100e-05
2.64141e+04	4.02663e-02	6.59911e-03	5.28642	5.60548	3.47100e-05
2.64607e+04	4.03637e-02	2.26390e-02	2.30434	2.53233	3.47100e-05
2.65072e+04	4.02922e-02	3.24429e-02	2.69882	0.47653	3.47100e-05
2.65538e+04	4.03320e-02	3.63223e-02	3.11959	1.23907	3.47100e-05
2.66004e+04	4.02654e-02	2.04856e-02	6.01574	2.22228	3.47100e-05
2.66470e+04	4.02939e-02	2.46800e-02	5.97489	1.23012	3.47100e-05
2.66936e+04	4.02609e-02	1.82072e-02	6.02780	5.43706	3.47100e-05
2.67402e+04	4.02224e-02	1.32380e-02	2.53336	3.00286	3.47100e-05
2.67868e+04	4.02478e-02	1.44510e-02	2.72467	2.98070	3.47100e-05
2.68333e+04	4.02508e-02	3.01896e-02	5.35455	1.51443	3.47100e-05
2.68799e+04	4.02420e-02	3.17059e-02	1.81732	2.94093	3.47100e-05
2.69265e+04	4.02094e-02	3.36936e-02	0.66666	2.72351	3.47100e-05
2.69731e+04	4.02341e-02	3.31183e-02	4.41934	2.47482	3.47100e-05
2.70197e+04	4.01849e-02	2.24986e-02	0.65428	0.48951	3.47100e-05
2.70663e+04	4.02214e-02	2.31052e-02	2.26400	3.14288	3.47100e-05
2.71129e+04	4.01938e-02	2.70558e-02	5.48010	4.51978	3.47100e-05
2.71594e+04	4.01441e-02	2.59549e-02	5.48636	1.08320	3.47100e-05
2.72060e+04	4.01756e-02	2.20071e-02	0.21689	4.65496	3.47100e-05
2.72526e+04	4.01763e-02	1.48142e-02	5.03814	0.79491	3.47100e-05
2.72992e+04	4.02176e-02	3.06170e-02	3.74614	0.47220	3.47100e-05
2.73458e+04	4.01460e-02	8.09575e-03	5.81304	5.14799	3.47100e-05
2.73924e+04	4.01577e-02	3.17759e-02	2.72911	0.18781	3.47100e-05
2.74390e+04	4.01820e-02	2.99865e-02	3.03321	5.74440	3.47100e-05
2.74855e+04	4.01907e-02	2.56544e-02	5.09706	5.49564	3.47100e-05
2.75321e+04	4.02035e-02	4.22467e-02	5.82449	2.75155	3.47100e-05
2.75787e+04	4.02070e-02	2.89277e-02	2.37485	5.27811	3.47100e-05
2.76253e+04	4.01509e-02	5.18212e-02	2.84727	2.46624	3.47100e-05
2.76719e+04	4.01618e-02	4.18642e-02	4.77352	3.53542	3.47100e-05
2.77185e+04	4.01181e-02	4.08757e-02	3.92529	3.92389	3.47100e-05
2.77651e+04	4.01466e-02	5.44556e-02	0.76147	3.65047	3.47100e-05
2.78116e+04	4.01077e-02	4.74634e-02	4.74592	4.14562	3.47100e-05
2.78582e+04	4.01742e-02	3.22926e-02	4.13296	2.01678	3.47100e-05
2.79048e+04	4.01274e-02	4.62017e-02	5.96934	3.14195	3.47100e-05
2.79514e+04	4.01272e-02	4.78566e-02	1.01589	4.37075	3.47100e-05
2.79980e+04	4.01507e-02	3.68153e-02	0.21788	0.57890	3.47100e-05
2.80446e+04	4.01499e-02	6.37258e-02	4.90666	4.91916	3.47100e-05
2.80912e+04	4.01451e-02	5.10826e-02	4.26637	4.04395	3.47100e-05
2.81377e+04	4.01365e-02	2.21932e-02	0.33928	2.81411	3.47100e-05
2.81843e+04	4.01444e-02	2.74903e-02	2.76723	3.08562	3.47100e-05
2.82309e+04	4.01513e-02	4.03941e-02	1.21915	2.35603	3.47100e-05
2.82775e+04	4.01709e-02	8.01206e-02	5.46890	5.65226	3.47100e-05
2.83241e+04	4.00939e-02	5.29488e-02	3.20533	1.04490	3.47100e-05
2.83707e+04	4.00855e-02	6.41709e-02	2.81870	5.52454	3.47100e-05
2.84173e+04	4.01026e-02	5.77489e-02	2.27481	1.76506	3.47100e-05
2.84638e+04	4.00965e-02	6.92728e-02	2.77002	5.88125	3.47100e-05
2.85104e+04	4.01016e-02	5.04692e-02	2.74062	2.46975	3.47100e-05
2.85570e+04	4.00699e-02	5.60169e-02	4.11956	6.27788	3.47100e-05
2.86036e+04	4.01316e-02	6.18279e-02	2.08523	2.73147	3.47100e-05
2.86502e+04	4.00803e-02	5.72626e-02	5.67213	0.33174	3.47100e-05
2.86968e+04	4.00552e-02	4.70701e-02	4.89382	4.87833	3.47100e-05
2.87434e+04	4.00727e-02	7.08685e-02	5.14257	3.23068	3.47100e-05
2.87899e+04	4.00497e-02	7.22159e-02	4.69034	2.42205	3.47100e-05
2.88365e+04	4.01136e-02	3.70620e-02	1.22180	6.18060	3.47100e-05
2.88831e+04	4.00376e-02	6.08668e-02	5.73760	3.26741	3.47100e-05
2.89297e+04	4.00960e-02	4.36052e-02	3.63644	1.42496	3.47100e-05
2.89763e+04	4.00694e-02	4.01554e-02	4.59571	0.95075	3.47100e-05
2.90229e+04	4.00891e-02	4.80437e-02	3.77100	0.13023	3.47100e-05
2.90695e+04	4.00535e-02	6.96173e-02	5.07028	5.53125	3.47100e-05
2.91160e+04	4.00398e-02	7.60040e-02	1.57685	5.72004	3.47100e-05
2.91626e+04	4.00282e-02	8.61910e-02	6.21795	5.00222	3.47100e-05
2.92092e+04	4.00766e-02	6.44669e-02	4.66049	3.54371	3.47100e-05
2.92558e+04	4.00308e-02	5.99655e-02	2.92829	3.83094	3.47100e-05
2.93024e+04	4.00594e-02	5.01930e-02	3.04776	3.27689	3.47100e-05
2.93490e+04	4.00708e-02	5.90737e-02	2.70109	3.40387	3.47100e-05
2.93956e+04	4.00453e-02	6.47932e-02	3.94403	2.73155	3.47100e-05
2.94421e+04	4.00414e-02	6.93505e-02	1.90050	1.66631	3.47100e-05
2.94887e+04	4.00298e-02	5.13713e-02	4.48420	1.90584	3.47100e-05
2.95353e+04	4.00314e-02	6.45284e-02	4.15911	0.65112	3.47100e-05
2.95819e+04	4.00384e-02	7.79873e-02	5.34140	6.18143	3.47100e-05
2.96285e+04	4.00211e-02	4.43734e-02	1.73406	4.26547	3.47100e-05
2.96751e+04	3.99942e-02	6.32058e-02	2.74747	5.72246	3.47100e-05
2.97217e+04	4.00339e-02	6.26132e-02	2.38833	2.13077	3.47100e-05
2.97682e+04	4.00161e-02	7.56544e-02	5.03854	3.97683	3.47100e-05
2.98148e+04	4.00280e-02	6.59684e-02	4.93664	4.89619	3.47100e-05
2.98614e+04	4.00349e-02	6.36320e-02	3.53911	0.70664	3.47100e-05
2.99080e+04	4.00459e-02	7.11504e-02	4.98612	3.36952	3.47100e-05
2.99546e+04	4.00580e-02	7.01733e-02	1.96742	4.19846	3.47100e-05
3.00012e+04	3.99997e-02	7.17689e-02	5.31059	0.81654	3.47100e-05
3.00478e+04	3.99800e-02	6.73666e-02	4.68317	2.69966	3.47100e-05
3.00943e+04	4.00109e-02	6.48795e-02	3.91004	5.73783	3.47100e-05
3.01409e+04	4.00045e-02	7.47502e-02	4.71204	1.31207	3.47100e-05
3.01875e+04	3.99978e-02	7.34225e-02	0.22206	4.83655	3.47100e-05
3.02341e+04	3.99907e-02	6.40797e-02	3.25293	0.76977	3.47100e-05
3.02807e+04	3.99803e-02	8.25528e-02	1.28006	3.66803	3.47100e-05
3.03273e+04	3.99692e-02	5.81346e-02	0.81620	5.74822	3.47100e-05
3.03739e+04	4.00270e-02	6.81310e-02	2.46036	0.19124	3.47100e-05
3.04204e+04	4.00019e-02	8.68120e-02	5.16539	3.56384	3.47100e-05
3.04670e+04	3.99447e-02	6.67100e-02	2.09276	5.96921	3.47100e-05
3.05136e+04	3.99767e-02	7.68993e-02	5.75660	2.92704	3.47100e-05
3.05602e+04	3.99408e-02	6.95931e-02	5.11237	0.18232	3.47100e-05
3.06068e+04	4.00015e-02	7.67200e-02	3.40976	3.40267	3.47100e-05
3.06534e+04	3.99492e-02	6.87003e-02	1.41667	1.30704	3.47100e-05
3.07000e+04	3.99743e-02	7.53478e-02	2.43115	4.48536	3.47100e-05
3.07465e+04	3.99557e-02	7.86462e-02	4.42611	2.49191	3.47100e-05
3.07931e+04	3.99019e-02	6.87574e-02	2.95744	5.47659	3.47100e-05
3.08397e+04	3.99920e-02	8.28874e-02	1.50425	3.35499	3.47100e-05
3.08863e+04	3.99957e-02	7.60119e-02	6.03900	0.77432	3.47100e-05
3.09329e+04	3.99498e-02	7.50672e-02	0.82004	4.40310	3.47100e-05
3.09795e+04	3.99194e-02	7.96054e-02	3.07573	2.24526	3.47100e-05
3.10261e+04	3.99339e-02	7.34100e-02	1.66434	5.67296	3.47100e-05
3.10726e+04	3.99685e-02	7.73906e-02	2.12776	3.09270	3.47100e-05
3.11192e+04	3.99504e-02	6.67354e-02	2.85156	0.32621	3.47100e-05
3.11658e+04	3.99184e-02	7.28659e-02	0.29596	3.70328	3.47100e-05
3.12124e+04	3.99162e-02	8.75202e-02	3.21849	1.52379	3.47100e-05
3.12590e+04	3.99036e-02	6.60696e-02	1.17519	5.79407	3.47100e-05
3.13056e+04	3.99359e-02	8.32863e-02	1.21122	3.23029	3.47100e-05
3.13522e+04	3.99333e-02	7.83181e-02	2.17459	0.86742	3.47100e-05
3.13987e+04	3.99038e-02	7.01785e-02	1.64470	4.76330	3.47100e-05
3.14453e+04	3.99092e-02	8.44649e-02	1.31382	2.30386	3.47100e-05
3.14919e+04	3.99086e-02	7.79952e-02	3.58403	5.91927	3.47100e-05
3.15385e+04	3.99523e-02	8.02222e-02	2.64011	4.10252	3.47100e-05
3.15851e+04	3.98736e-02	7.87543e-02	3.94807	1.53650	3.47100e-05
3.16317e+04	3.99302e-02	6.65276e-02	0.13788	5.08910	3.47100e-05
3.16783e+04	3.98751e-02	9.47545e-02	0.69461	2.25675	3.47100e-05
3.17248e+04	3.98596e-02	6.47228e-02	2.36649	6.16155	3.47100e-05
3.17714e+04	3.98855e-02	9.50166e-02	1.97773	3.80938	3.47100e-05
3.18180e+04	3.98572e-02	6.38058e-02	3.81288	1.19325	3.47100e-05
3.18646e+04	3.98672e-02	8.64676e-02	3.82855	5.29863	3.47100e-05
3.19112e+04	3.98640e-02	6.49156e-02	4.60090	1.66118	3.47100e-05
3.19578e+04	3.98635e-02	8.07806e-02	2.02728	0.44990	3.47100e-05
3.20044e+04	3.98499e-02	5.80990e-02	3.86639	1.07053	3.47100e-05
3.20509e+04	3.98780e-02	6.50486e-02	1.50504	5.47390	3.47100e-05
3.20975e+04	3.98874e-02	8.35618e-02	5.09928	1.70691	3.47100e-05
3.21441e+04	3.98773e-02	7.79519e-02	1.77537	5.64249	3.47100e-05
3.21907e+04	3.98632e-02	4.84322e-02	4.43299	1.98619	3.47100e-05
3.22373e+04	3.98830e-02	7.21962e-02	5.20838	3.50961	3.47100e-05
3.22839e+04	3.98484e-02	8.69929e-02	4.69671	2.49320	3.47100e-05
3.23305e+04	3.98164e-02	4.83179e-02	0.73820	5.76875	3.47100e-05
3.23770e+04	3.98572e-02	7.06855e-02	2.41497	2.37744	3.47100e-05
3.24236e+04	3.98237e-02	7.78078e-02	0.70943	5.24432	3.47100e-05
3.24702e+04	3.98407e-02	6.15707e-02	5.66665	4.11720	3.47100e-05
3.25168e+04	3.98252e-02	4.32873e-02	3.10662	3.43337	3.47100e-05
3.25634e+04	3.98034e-02	6.56211e-02	0.90456	2.32302	3.47100e-05
3.26100e+04	3.98647e-02	8.20750e-02	4.30606	5.73049	3.47100e-05
3.26566e+04	3.98410e-02	7.65843e-02	3.15627	3.34121	3.47100e-05
3.27031e+04	3.97944e-02	6.49420e-02	2.27621	6.20283	3.47100e-05
3.27497e+04	3.97846e-02	6.89547e-02	1.28955	2.88905	3.47100e-05
3.27963e+04	3.98652e-02	6.33663e-02	2.88158	5.42522	3.47100e-05
3.28429e+04	3.98038e-02	6.65367e-02	0.10180	1.51058	3.47100e-05
3.28895e+04	3.97695e-02	6.09295e-02	1.95888	5.16471	3.47100e-05
3.29361e+04	3.98698e-02	7.23885e-02	0.87554	1.46495	3.47100e-05
3.29827e+04	3.97920e-02	6.04762e-02	2.67945	2.66871	3.47100e-05
3.30292e+04	3.98540e-02	5.34572e-02	0.77239	0.98319	3.47100e-05
3.30758e+04	3.97583e-02	8.04966e-02	3.99493	3.45894	3.47100e-05
3.31224e+04	3.98279e-02	6.63766e-02	3.19729	3.68452	3.47100e-05
3.31690e+04	3.98120e-02	6.97804e-02	4.25346	3.16715	3.47100e-05
3.32156e+04	3.98045e-02	7.02048e-02	4.97299	5.44627	3.47100e-05
3.32622e+04	3.98022e-02	5.54899e-02	2.19343	4.20085	3.47100e-05
3.33088e+04	3.97873e-02	8.36995e-02	5.65991	6.03984	3.47100e-05
3.33553e+04	3.97818e-02	6.69218e-02	3.97420	0.47373	3.47100e-05
3.34019e+04	3.98041e-02	8.67405e-02	4.76274	0.04998	3.47100e-05
3.34485e+04	3.97752e-02	5.87642e-02	4.72891	2.33295	3.47100e-05
3.34951e+04	3.98293e-02	6.70649e-02	1.90236	1.26256	3.47100e-05
3.35417e+04	3.97830e-02	7.60460e-02	4.48381	3.43626	3.47100e-05
3.35883e+04	3.97516e-02	5.92428e-02	3.35646	3.67054	3.47100e-05
3.36349e+04	3.97738e-02	7.44236e-02	2.74315	4.10001	3.47100e-05
3.36814e+04	3.97719e-02	5.27504e-02	3.00397	6.14527	3.47100e-05
3.37280e+04	3.97621e-02	5.79460e-02	5.46705	5.57286	3.47100e-05
3.37746e+04	3.98061e-02	7.01282e-02	1.52668	1.63009	3.47100e-05
3.38212e+04	3.97474e-02	5.86549e-02	6.23213	1.95823	3.47100e-05
3.38678e+04	3.97365e-02	6.36987e-02	5.22247	2.91871	3.47100e-05
3.39144e+04	3.97636e-02	6.85459e-02	4.93092	4.80213	3.47100e-05
3.39610e+04	3.97237e-02	6.25289e-02	1.16174	4.48767	3.47100e-05
3.40075e+04	3.97347e-02	8.09518e-02	2.68589	0.72426	3.47100e-05
3.40541e+04	3.97431e-02	6.47356e-02	1.24280	0.71160	3.47100e-05
3.41007e+04	3.97169e-02	7.88199e-02	5.79760	2.41518	3.47100e-05
3.41473e+04	3.97483e-02	6.47763e-02	5.21616	4.07185	3.47100e-05
3.41939e+04	3.97287e-02	7.79123e-02	1.28042	4.14922	3.47100e-05
3.42405e+04	3.97160e-02	5.68779e-02	1.72369	0.72818	3.47100e-05
3.42871e+04	3.97662e-02	5.92156e-02	0.40165	0.70071	3.47100e-05
3.43336e+04	3.97151e-02	7.49423e-02	4.04118	2.92063	3.47100e-05
3.43802e+04	3.97690e-02	6.84085e-02	3.64056	4.25944	3.47100e-05
3.44268e+04	3.97204e-02	7.85582e-02	4.80347	5.19528	3.47100e-05
3.44734e+04	3.97274e-02	6.61808e-02	6.06842	1.07327	3.47100e-05
3.45200e+04	3.96985e-02	6.85581e-02	3.79899	1.58935	3.47100e-05
3.45666e+04	3.96867e-02	5.98354e-02	0.84613	4.14347	3.47100e-05
3.46132e+04	3.97458e-02	6.68019e-02	0.21749	5.53693	3.47100e-05
3.46597e+04	3.96957e-02	7.37897e-02	0.86547	0.52375	3.47100e-05
3.47063e+04	3.97259e-02	7.23947e-02	1.90760	2.68078	3.47100e-05
3.47529e+04	3.96909e-02	7.08662e-02	5.63475	3.43426	3.47100e-05
3.47995e+04	3.96911e-02	6.10370e-02	2.42811	6.07588	3.47100e-05
3.48461e+04	3.97359e-02	5.36679e-02	1.50447	1.23303	3.47100e-05
3.48927e+04	3.96794e-02	7.50705e-02	1.63935	3.06371	3.47100e-05
3.49393e+04	3.97035e-02	7.58392e-02	2.32816	5.25925	3.47100e-05
3.49858e+04	3.96954e-02	6.95442e-02	5.94723	6.18725	3.47100e-05
3.50324e+04	3.96874e-02	6.90195e-02	2.28516	2.87112	3.47100e-05
3.50790e+04	3.97134e-02	6.15123e-02	1.45908	4.10680	3.47100e-05
3.51256e+04	3.96681e-02	8.02765e-02	1.15521	0.02297	3.47100e-05
3.51722e+04	3.96640e-02	7.28879e-02	1.87173	2.18090	3.47100e-05
3.52188e+04	3.96896e-02	6.35688e-02	4.85641	3.52887	3.47100e-05
3.52654e+04	3.96825e-02	7.29776e-02	0.88254	0.34421	3.47100e-05
3.53119e+04	3.96771e-02	7.05389e-02	6.26127	1.67019	3.47100e-05
3.53585e+04	3.96822e-02	7.27061e-02	5.54118	4.07533	3.47100e-05
3.54051e+04	3.96846e-02	6.24112e-02	6.10765	0.23637	3.47100e-05
3.54517e+04	3.95999e-02	6.81177e-02	2.12755	1.89622	3.47100e-05
3.54983e+04	3.96578e-02	8.17442e-02	4.57834	4.88413	3.47100e-05
3.55449e+04	3.96692e-02	6.98263e-02	3.94771	6.08097	3.47100e-05
3.55915e+04	3.96373e-02	7.11450e-02	2.28084	2.96439	3.47100e-05
3.56380e+04	3.96374e-02	6.88212e-02	3.05052	5.14937	3.47100e-05
3.56846e+04	3.96217e-02	7.51042e-02	5.03525	0.73839	3.47100e-05
3.57312e+04	3.97020e-02	6.88640e-02	1.08781	3.99802	3.47100e-05
3.57778e+04	3.96020e-02	6.49064e-02	6.07777	5.48995	3.47100e-05
3.58244e+04	3.96044e-02	8.36112e-02	4.65920	2.33329	3.47100e-05
3.58710e+04	3.96482e-02	6.41623e-02	5.38613	4.39257	3.47100e-05
3.59175e+04	3.96448e-02	7.01580e-02	0.50583	0.61461	3.47100e-05
3.59641e+04	3.96692e-02	7.51837e-02	3.23484	3.59252	3.47100e-05
3.60107e+04	3.95873e-02	6.73670e-02	1.39438	5.42534	3.47100e-05
3.60573e+04	3.96106e-02	7.65701e-02	6.18031	2.43255	3.47100e-05
3.61039e+04	3.95932e-02	7.14885e-02	0.27228	4.67918	3.47100e-05
3.61505e+04	3.96188e-02	7.59694e-02	1.78119	0.89703	3.47100e-05
3.61971e+04	3.96312e-02	6.66808e-02	4.27004	3.95621	3.47100e-05
3.62436e+04	3.96249e-02	7.12506e-02	2.05589	6.27447	3.47100e-05
3.62902e+04	3.96472e-02	7.50940e-02	0.95283	2.93723	3.47100e-05
3.63368e+04	3.95592e-02	6.66423e-02	0.99605	5.60020	3.47100e-05
3.63834e+04	3.95627e-02	7.99920e-02	2.34730	2.01327	3.47100e-05
3.64300e+04	3.95498e-02	6.71452e-02	4.88467	4.93622	3.47100e-05
3.64766e+04	3.95930e-02	6.95564e-02	2.18948	1.32383	3.47100e-05
3.65232e+04	3.96234e-02	7.84059e-02	1.04862	4.39783	3.47100e-05
3.65697e+04	3.95991e-02	6.94899e-02	1.22261	0.70559	3.47100e-05
3.66163e+04	3.95757e-02	7.59954e-02	2.30328	3.81835	3.47100e-05
3.66629e+04	3.95532e-02	7.05905e-02	4.85116	0.47861	3.47100e-05
3.67095e+04	3.95407e-02	7.10966e-02	2.17734	3.25901	3.47100e-05
3.67561e+04	3.95603e-02	7.98678e-02	0.74412	0.26534	3.47100e-05
3.68027e+04	3.95757e-02	6.82880e-02	0.79502	2.92113	3.47100e-05
3.68493e+04	3.95846e-02	7.65705e-02	1.70702	6.20059	3.47100e-05
3.68958e+04	3.95937e-02	7.20770e-02	4.20504	3.10855	3.47100e-05
3.69424e+04	3.95836e-02	7.45111e-02	1.79560	5.79080	3.47100e-05
3.69890e+04	3.95954e-02	8.01267e-02	0.20336	3.12748	3.47100e-05
3.70356e+04	3.95609e-02	6.55690e-02	0.15841	5.90928	3.47100e-05
3.70822e+04	3.95571e-02	8.16588e-02	1.10920	3.01800	3.47100e-05
3.71288e+04	3.95459e-02	7.29367e-02	3.60987	6.22624	3.47100e-05
3.71754e+04	3.95378e-02	7.13751e-02	0.91402	2.92044	3.47100e-05
3.72219e+04	3.95509e-02	7.77800e-02	5.77541	0.31108	3.47100e-05
3.72685e+04	3.95234e-02	7.14049e-02	5.80654	3.15941	3.47100e-05
3.73151e+04	3.95416e-02	8.06031e-02	0.28007	0.44888	3.47100e-05
3.73617e+04	3.95150e-02	6.80906e-02	2.87166	3.77516	3.47100e-05
3.74083e+04	3.95635e-02	7.84874e-02	0.26628	0.48163	3.47100e-05
3.74549e+04	3.95472e-02	7.67579e-02	4.94628	4.36602	3.47100e-05
3.75015e+04	3.95303e-02	6.64880e-02	5.15525	0.97560	3.47100e-05
3.75480e+04	3.95350e-02	8.20274e-02	6.19542	4.58353	3.47100e-05
3.75946e+04	3.94826e-02	7.44401e-02	2.20480	1.98441	3.47100e-05
3.76412e+04	3.95073e-02	7.48098e-02	5.98206	4.88741	3.47100e-05
3.76878e+04	3.95245e-02	7.67338e-02	4.47305	2.65629	3.47100e-05
3.77344e+04	3.95044e-02	7.54902e-02	4.70055	5.69808	3.47100e-05
3.77810e+04	3.95327e-02	7.46322e-02	5.59281	3.10612	3.47100e-05
3.78276e+04	3.95264e-02	7.52265e-02	2.00888	0.62437	3.47100e-05
3.78741e+04	3.94763e-02	7.73318e-02	6.06617	3.48567	3.47100e-05
3.79207e+04	3.95115e-02	8.13046e-02	4.21328	1.48844	3.47100e-05
3.79673e+04	3.94773e-02	6.65262e-02	4.68044	4.66446	3.47100e-05
3.80139e+04	3.94632e-02	8.31858e-02	5.82390	1.96384	3.47100e-05
3.80605e+04	3.94874e-02	7.58916e-02	2.00476	5.92590	3.47100e-05
3.81071e+04	3.94762e-02	7.20128e-02	5.93480	2.85014	3.47100e-05
3.81537e+04	3.94948e-02	7.91794e-02	4.66799	0.54376	3.47100e-05
3.82002e+04	3.94808e-02	7.43494e-02	5.07939	4.07228	3.47100e-05
3.82468e+04	3.95000e-02	7.79698e-02	6.23947	1.38857	3.47100e-05
3.82934e+04	3.94977e-02	7.85456e-02	2.69688	5.41917	3.47100e-05
3.83400e+04	3.94759e-02	7.30444e-02	0.84606	2.32166	3.47100e-05
3.83866e+04	3.94697e-02	8.35124e-02	5.41007	0.27853	3.47100e-05
3.84332e+04	3.94759e-02	7.46355e-02	6.14664	3.73066	3.47100e-05
3.84798e+04	3.94551e-02	7.58373e-02	1.21183	1.32180	3.47100e-05
3.85263e+04	3.94939e-02	7.78214e-02	3.92180	5.17026	3.47100e-05
3.85729e+04	3.94749e-02	7.79925e-02	2.09606	2.47925	3.47100e-05
3.86195e+04	3.94323e-02	7.32779e-02	0.80549	0.31501	3.47100e-05
3.86661e+04	3.94586e-02	8.09831e-02	1.45296	3.80673	3.47100e-05
3.87127e+04	3.94577e-02	7.92768e-02	3.08380	1.58222	3.47100e-05
3.87593e+04	3.94365e-02	7.35894e-02	5.73615	5.49793	3.47100e-05
3.88059e+04	3.94864e-02	7.97655e-02	4.11138	2.83336	3.47100e-05
3.88524e+04	3.94552e-02	7.58883e-02	3.26074	0.79382	3.47100e-05
3.88990e+04	3.94459e-02	7.73781e-02	3.79050	4.36471	3.47100e-05
3.89456e+04	3.94539e-02	8.17941e-02	5.46964	2.31800	3.47100e-05
3.89922e+04	3.94075e-02	7.20518e-02	2.41475	6.24684	3.47100e-05
3.90388e+04	3.94645e-02	8.31601e-02	0.57983	3.65582	3.47100e-05
3.90854e+04	3.94369e-02	7.73772e-02	6.14093	1.85942	3.47100e-05
3.91320e+04	3.94202e-02	7.44350e-02	0.70667	5.46839	3.47100e-05
3.91785e+04	3.94332e-02	8.19555e-02	2.70684	3.32763	3.47100e-05
3.92251e+04	3.94102e-02	7.71516e-02	6.07091	1.22116	3.47100e-05
3.92717e+04	3.94236e-02	7.93553e-02	4.30509	4.96813	3.47100e-05
3.93183e+04	3.94409e-02	7.88222e-02	3.89165	3.07224	3.47100e-05
3.93649e+04	3.94010e-02	7.35837e-02	5.00904	0.65017	3.47100e-05
3.94115e+04	3.94177e-02	8.30406e-02	0.85239	4.72197	3.47100e-05
3.94581e+04	3.94258e-02	7.90894e-02	4.33978	2.71366	3.47100e-05
3.95046e+04	3.93751e-02	7.68146e-02	2.91731	0.29432	3.47100e-05
3.95512e+04	3.93810e-02	8.12563e-02	2.58582	4.62098	3.47100e-05
3.95978e+04	3.93747e-02	7.71793e-02	4.09055	2.27458	3.47100e-05
3.96444e+04	3.93591e-02	8.23612e-02	6.26663	0.26593	3.47100e-05
3.96910e+04	3.93680e-02	7.48032e-02	3.68692	4.45577	3.47100e-05
3.97376e+04	3.93554e-02	8.13310e-02	2.90285	2.08416	3.47100e-05
3.97842e+04	3.93746e-02	7.89838e-02	2.49267	0.34747	3.47100e-05
3.98307e+04	3.93965e-02	7.81528e-02	4.21233	4.16658	3.47100e-05
3.98773e+04	3.93999e-02	8.31177e-02	0.42274	2.36648	3.47100e-05
3.99239e+04	3.93823e-02	7.17685e-02	4.19116	0.30400	3.47100e-05
3.99705e+04	3.93778e-02	8.70461e-02	3.61370	4.20436	3.47100e-05
4.00171e+04	3.93379e-02	7.86759e-02	3.51204	2.64745	3.47100e-05
4.00637e+04	3.93446e-02	7.91075e-02	5.25122	0.22273	3.47100e-05
4.01103e+04	3.93336e-02	8.15001e-02	1.97470	4.67680	3.47100e-05
4.01568e+04	3.93212e-02	7.59625e-02	6.18766	2.65296	3.47100e-05
4.02034e+04	3.93798e-02	8.53362e-02	5.45378	0.45116	3.47100e-05
4.02500e+04	3.93662e-02	7.84806e-02	5.86721	5.06209	3.47100e-05
4.02966e+04	3.93337e-02	7.92007e-02	1.54112	2.77349	3.47100e-05
4.03432e+04	3.93184e-02	8.08351e-02	4.53851	1.01471	3.47100e-05
4.03898e+04	3.93387e-02	8.08233e-02	3.06927	5.24516	3.47100e-05
4.04364e+04	3.93133e-02	8.10208e-02	2.50249	3.23029	3.47100e-05
4.04829e+04	3.93647e-02	7.84640e-02	2.94644	1.55820	3.47100e-05
4.05295e+04	3.93497e-02	7.98655e-02	5.62904	5.46039	3.47100e-05
4.05761e+04	3.92879e-02	8.21247e-02	2.40124	3.89470	3.47100e-05
4.06227e+04	3.92954e-02	7.98498e-02	0.89706	1.85293	3.47100e-05
4.06693e+04	3.93149e-02	8.14220e-02	0.91029	6.15288	3.47100e-05
4.07159e+04	3.93129e-02	7.77458e-02	1.62040	4.52495	3.47100e-05
4.07625e+04	3.93237e-02	8.02988e-02	4.26143	2.28556	3.47100e-05
4.08090e+04	3.93150e-02	8.59394e-02	1.69777	0.65131	3.47100e-05
4.08556e+04	3.93023e-02	7.67172e-02	0.41228	5.06802	3.47100e-05
4.09022e+04	3.93444e-02	8.29522e-02	0.33748	3.12162	3.47100e-05
4.09488e+04	3.93067e-02	7.94534e-02	1.79013	1.37824	3.47100e-05
4.09954e+04	3.92649e-02	7.98917e-02	4.61763	5.65830	3.47100e-05
4.10420e+04	3.92843e-02	8.38212e-02	2.08806	3.98107	3.47100e-05
4.10886e+04	3.93213e-02	7.77840e-02	1.25515	2.09057	3.47100e-05
4.11351e+04	3.93041e-02	8.23737e-02	1.55205	0.24897	3.47100e-05
4.11817e+04	3.92711e-02	7.80232e-02	2.99339	4.86711	3.47100e-05
4.12283e+04	3.92770e-02	8.53126e-02	0.03545	2.81512	3.47100e-05
4.12749e+04	3.92794e-02	8.24843e-02	4.14251	1.29398	3.47100e-05
4.13215e+04	3.92449e-02	7.76592e-02	3.25006	5.77597	3.47100e-05
4.13681e+04	3.92844e-02	8.24353e-02	4.17347	3.80737	3.47100e-05
4.14147e+04	3.92940e-02	8.17887e-02	5.99947	2.30612	3.47100e-05
4.14612e+04	3.92604e-02	7.92467e-02	2.98430	0.26709	3.47100e-05
4.15078e+04	3.92503e-02	8.45445e-02	1.07066	4.99583	3.47100e-05
4.15544e+04	3.92748e-02	7.90002e-02	0.91307	3.22453	3.47100e-05
4.16010e+04	3.92882e-02	7.93512e-02	1.78885	1.36849	3.47100e-05
4.16476e+04	3.92566e-02	8.27298e-02	3.82128	6.03650	3.47100e-05
4.16942e+04	3.92489e-02	8.04572e-02	1.32205	4.18065	3.47100e-05
4.17408e+04	3.92359e-02	8.34483e-02	6.08940	2.60860	3.47100e-05
4.17873e+04	3.92215e-02	7.69777e-02	5.77344	0.88138	3.47100e-05
4.18339e+04	3.92606e-02	8.41603e-02	0.85325	5.36828	3.47100e-05
4.18805e+04	3.92141e-02	8.24199e-02	3.47505	3.81168	3.47100e-05
4.19271e+04	3.92234e-02	8.15136e-02	1.04465	1.98747	3.47100e-05
4.19737e+04	3.92548e-02	8.10778e-02	5.89100	0.41846	3.47100e-05
4.20203e+04	3.92042e-02	8.09453e-02	6.17182	5.04023	3.47100e-05
4.20669e+04	3.92079e-02	7.98360e-02	1.68350	3.18156	3.47100e-05
4.21134e+04	3.92439e-02	8.24929e-02	4.14058	1.70830	3.47100e-05
4.21600e+04	3.92133e-02	8.23449e-02	2.11508	6.17531	3.47100e-05
4.22066e+04	3.92099e-02	8.17354e-02	1.32257	4.62404	3.47100e-05
4.22532e+04	3.92271e-02	8.02224e-02	1.63044	2.96708	3.47100e-05
4.22998e+04	3.91952e-02	8.19226e-02	3.37972	1.29994	3.47100e-05
4.23464e+04	3.92029e-02	8.35874e-02	0.40496	5.98111	3.47100e-05
4.23930e+04	3.92080e-02	8.14428e-02	4.90230	4.29916	3.47100e-05
4.24395e+04	3.92224e-02	8.22434e-02	3.99038	2.78484	3.47100e-05
4.24861e+04	3.91874e-02	7.93279e-02	4.82405	1.12963	3.47100e-05
4.25327e+04	3.92121e-02	8.40092e-02	0.90367	5.70522	3.47100e-05
4.25793e+04	3.91911e-02	7.92024e-02	4.01485	4.25914	3.47100e-05
4.26259e+04	3.91734e-02	8.35002e-02	2.54734	2.44522	3.47100e-05
4.26725e+04	3.92088e-02	8.41887e-02	2.10593	1.01325	3.47100e-05
4.27191e+04	3.91754e-02	8.03597e-02	3.27498	5.70308	3.47100e-05
4.27656e+04	3.91931e-02	8.00772e-02	5.70277	3.98539	3.47100e-05
4.28122e+04	3.92020e-02	8.42161e-02	2.89835	2.55355	3.47100e-05
4.28588e+04	3.91952e-02	8.04179e-02	1.72803	0.85978	3.47100e-05
4.29054e+04	3.91470e-02	8.56788e-02	1.77727	5.63107	3.47100e-05
4.29520e+04	3.91887e-02	7.82255e-02	2.89403	4.09856	3.47100e-05
4.29986e+04	3.91546e-02	8.28826e-02	5.56523	2.43860	3.47100e-05
4.30452e+04	3.91835e-02	8.26535e-02	3.34893	0.93410	3.47100e-05
4.30917e+04	3.91309e-02	8.30400e-02	2.37442	5.55754	3.47100e-05
4.31383e+04	3.91508e-02	8.09614e-02	2.45862	4.12019	3.47100e-05
4.31849e+04	3.91900e-02	8.26867e-02	3.96695	2.57794	3.47100e-05
4.32315e+04	3.91389e-02	8.16498e-02	0.77601	0.91606	3.47100e-05
4.32781e+04	3.91268e-02	8.25387e-02	4.98689	5.81114	3.47100e-05
4.33247e+04	3.91658e-02	8.07661e-02	4.15183	4.08835	3.47100e-05
4.33713e+04	3.91212e-02	8.57525e-02	4.62185	2.66609	3.47100e-05
4.34178e+04	3.91682e-02	8.20168e-02	0.23051	1.13440	3.47100e-05
4.34644e+04	3.91066e-02	8.22196e-02	3.42588	5.84943	3.47100e-05
4.35110e+04	3.91361e-02	7.97386e-02	1.44578	4.38421	3.47100e-05
4.35576e+04	3.91256e-02	8.42022e-02	0.95530	2.78018	3.47100e-05
4.36042e+04	3.91426e-02	8.41866e-02	1.90723	1.31205	3.47100e-05
4.36508e+04	3.91310e-02	8.13289e-02	3.85417	6.10200	3.47100e-05
4.36974e+04	3.90842e-02	8.20607e-02	0.96289	4.52535	3.47100e-05
4.37439e+04	3.91463e-02	8.26557e-02	5.51233	3.13344	3.47100e-05
4.37905e+04	3.91249e-02	8.21637e-02	5.48422	1.43015	3.47100e-05
4.38371e+04	3.91162e-02	8.52360e-02	0.19192	0.05378	3.47100e-05
4.38837e+04	3.90756e-02	8.18069e-02	2.33289	4.84344	3.47100e-05
4.39303e+04	3.91103e-02	8.24379e-02	5.92287	3.30409	3.47100e-05
4.39769e+04	3.91076e-02	8.30636e-02	4.53891	1.86392	3.47100e-05
4.40235e+04	3.90837e-02	8.17768e-02	4.69582	0.32339	3.47100e-05
4.40700e+04	3.91021e-02	8.19681e-02	5.75319	5.10671	3.47100e-05
4.41166e+04	3.90802e-02	8.36366e-02	1.99303	3.64198	3.47100e-05
4.41632e+04	3.91044e-02	8.41273e-02	5.76249	2.13193	3.47100e-05
4.42098e+04	3.90802e-02	8.18188e-02	4.63647	0.72809	3.47100e-05
4.42564e+04	3.90814e-02	8.17312e-02	4.82847	5.38610	3.47100e-05
4.43030e+04	3.90578e-02	8.28563e-02	6.08808	4.04874	3.47100e-05
4.43496e+04	3.91120e-02	8.22677e-02	2.55458	2.45118	3.47100e-05
4.43961e+04	3.90639e-02	8.57994e-02	0.37655	1.00097	3.47100e-05
4.44427e+04	3.91132e-02	8.18969e-02	5.55291	5.88888	3.47100e-05
4.44893e+04	3.90368e-02	8.09457e-02	5.84787	4.32992	3.47100e-05
4.45359e+04	3.90776e-02	8.34317e-02	1.07863	2.88346	3.47100e-05
4.45825e+04	3.90672e-02	8.27823e-02	3.99944	1.44632	3.47100e-05
4.46291e+04	3.90785e-02	8.39090e-02	1.99440	6.17266	3.47100e-05
4.46757e+04	3.90370e-02	8.28693e-02	1.06818	4.81905	3.47100e-05
4.47222e+04	3.90551e-02	8.21423e-02	1.36888	3.26671	3.47100e-05
4.47688e+04	3.90517e-02	8.19202e-02	3.14394	1.88098	3.47100e-05
4.48154e+04	3.90614e-02	8.30492e-02	6.26887	0.28704	3.47100e-05
4.48620e+04	3.90551e-02	8.47188e-02	4.35691	5.16466	3.47100e-05
4.49086e+04	3.90333e-02	8.16604e-02	3.44017	3.73232	3.47100e-05
4.49552e+04	3.90458e-02	8.28652e-02	4.00263	2.21665	3.47100e-05
4.50018e+04	3.90132e-02	8.29835e-02	5.75450	0.82005	3.47100e-05
4.50483e+04	3.90655e-02	8.13211e-02	2.72379	5.58873	3.47100e-05
4.50949e+04	3.90020e-02	8.47008e-02	0.97423	4.07088	3.47100e-05
4.51415e+04	3.90436e-02	8.23129e-02	0.13378	2.72409	3.47100e-05
4.51881e+04	3.89889e-02	8.33219e-02	0.76179	1.17155	3.47100e-05
4.52347e+04	3.90443e-02	8.36220e-02	2.59246	6.09163	3.47100e-05
4.52813e+04	3.90092e-02	8.18163e-02	5.99513	4.55218	3.47100e-05
4.53279e+04	3.90039e-02	8.28171e-02	4.09505	3.12259	3.47100e-05
4.53744e+04	3.90168e-02	8.20244e-02	3.53511	1.63801	3.47100e-05
4.54210e+04	3.89985e-02	8.37939e-02	4.13449	0.16043	3.47100e-05
4.54676e+04	3.90339e-02	8.31606e-02	6.08117	5.04679	3.47100e-05
4.55142e+04	3.89911e-02	8.23705e-02	3.08693	3.55383	3.47100e-05
4.55608e+04	3.89947e-02	8.23792e-02	1.29270	2.05196	3.47100e-05
4.56074e+04	3.89984e-02	8.20523e-02	0.73556	0.65429	3.47100e-05
4.56540e+04	3.89731e-02	8.40647e-02	1.40139	5.37204	3.47100e-05
4.57005e+04	3.90109e-02	8.34717e-02	3.21178	4.02011	3.47100e-05
4.57471e+04	3.89904e-02	8.40185e-02	0.33123	2.48449	3.47100e-05
4.57937e+04	3.90015e-02	8.23124e-02	4.71501	1.06231	3.47100e-05
4.58403e+04	3.89749e-02	8.18533e-02	4.23385	5.83487	3.47100e-05
4.58869e+04	3.89723e-02	8.27592e-02	4.74004	4.37023	3.47100e-05
4.59335e+04	3.90138e-02	8.52840e-02	0.33298	2.93521	3.47100e-05
4.59801e+04	3.89639e-02	8.26826e-02	3.55681	1.43876	3.47100e-05
4.60266e+04	3.89809e-02	8.35538e-02	1.66309	6.26851	3.47100e-05
4.60732e+04	3.89516e-02	8.07965e-02	1.04934	4.82739	3.47100e-05
4.61198e+04	3.89462e-02	8.32764e-02	1.53241	3.24917	3.47100e-05
4.61664e+04	3.89763e-02	8.35388e-02	3.29150	1.88185	3.47100e-05
4.62130e+04	3.89695e-02	8.43055e-02	0.12231	0.33049	3.47100e-05
4.62596e+04	3.89599e-02	8.31452e-02	4.34052	5.19372	3.47100e-05
4.63062e+04	3.89608e-02	8.12288e-02	3.64824	3.68925	3.47100e-05
4.63527e+04	3.89361e-02	8.21597e-02	4.02423	2.20811	3.47100e-05
4.63993e+04	3.89676e-02	8.28028e-02	5.60741	0.71509	3.47100e-05
4.64459e+04	3.89306e-02	8.39437e-02	2.28454	5.50824	3.47100e-05
4.64925e+04	3.89365e-02	8.44503e-02	0.03782	4.05054	3.47100e-05
4.65391e+04	3.89703e-02	8.17348e-02	5.38196	2.54533	3.47100e-05
4.65857e+04	3.89456e-02	8.26069e-02	5.74797	1.00123	3.47100e-05
