# t	a	e	mean_anomaly	varpi	mass/M_star
0.00000e+00	5.67589e-02	2.64996e-02	0.83789	1.04627	4.41310e-05
4.65857e+01	5.67528e-02	2.57126e-02	2.11501	3.01974	4.41310e-05
9.31714e+01	5.67311e-02	2.58759e-02	0.45784	4.36881	4.41310e-05
1.39757e+02	5.66952e-02	2.46063e-02	2.23306	5.04099	4.41310e-05
1.86343e+02	5.66539e-02	2.46926e-02	1.17630	5.03280	4.41310e-05
2.32928e+02	5.66597e-02	2.34115e-02	3.48528	4.36546	4.41310e-05
2.79514e+02	5.66178e-02	2.34618e-02	2.97005	2.94524	4.41310e-05
3.26100e+02	5.66297e-02	2.30579e-02	5.83581	0.84812	4.41310e-05
3.72685e+02	5.66315e-02	2.22416e-02	5.78570	4.36938	4.41310e-05
4.19271e+02	5.65975e-02	2.23331e-02	2.87024	0.88758	4.41310e-05
4.65857e+02	5.65650e-02	2.16967e-02	3.46399	2.86776	4.41310e-05
5.12442e+02	5.65849e-02	2.12191e-02	1.10589	4.19695	4.41310e-05
5.59028e+02	5.65393e-02	2.01440e-02	2.15293	4.79090	4.41310e-05
6.05614e+02	5.65302e-02	1.89844e-02	0.40880	4.56284	4.41310e-05
6.52199e+02	5.65295e-02	1.94241e-02	1.98495	3.68284	4.41310e-05
6.98785e+02	5.65106e-02	1.88184e-02	0.78822	1.98261	4.41310e-05
7.45371e+02	5.64782e-02	1.84644e-02	3.09449	5.74689	4.41310e-05
7.91956e+02	5.64418e-02	1.86061e-02	2.55516	2.44288	4.41310e-05
8.38542e+02	5.64729e-02	1.86867e-02	5.43083	4.67695	4.41310e-05
8.85128e+02	5.64329e-02	1.82030e-02	5.53167	6.09276	4.41310e-05
9.31713e+02	5.64196e-02	1.65562e-02	2.78071	0.43983	4.41310e-05
9.78299e+02	5.64226e-02	1.66572e-02	3.53776	0.24474	4.41310e-05
1.02488e+03	5.63771e-02	1.68331e-02	1.44930	5.57211	4.41310e-05
1.07147e+03	5.63489e-02	1.58321e-02	2.97578	3.67707	4.41310e-05
1.11806e+03	5.63573e-02	1.59576e-02	1.66952	1.02216	4.41310e-05
1.16464e+03	5.63355e-02	1.61534e-02	3.85191	3.80472	4.41310e-05
1.21123e+03	5.63399e-02	1.52731e-02	3.30399	5.73760	4.41310e-05
1.25781e+03	5.63142e-02	1.60004e-02	6.10540	0.69208	4.41310e-05
1.30440e+03	5.62876e-02	1.43633e-02	6.11730	1.14019	4.41310e-05
1.35098e+03	5.62762e-02	1.51835e-02	3.39396	0.68984	4.41310e-05
1.39757e+03	5.62509e-02	1.40373e-02	4.03468	5.88248	4.41310e-05
1.44416e+03	5.62426e-02	1.47654e-02	1.95719	3.89489	4.41310e-05
1.49074e+03	5.62206e-02	1.29561e-02	3.33945	1.14076	4.41310e-05
1.53733e+03	5.62233e-02	1.36054e-02	1.93921	3.86160	4.41310e-05
1.58391e+03	5.61932e-02	1.32700e-02	3.84838	5.94092	4.41310e-05
1.63050e+03	5.61987e-02	1.32011e-02	3.11341	0.80980	4.41310e-05
1.67708e+03	5.61901e-02	1.32519e-02	5.73009	1.28051	4.41310e-05
1.72367e+03	5.61755e-02	1.34044e-02	5.46772	1.06076	4.41310e-05
1.77026e+03	5.61624e-02	1.17368e-02	2.28661	0.13796	4.41310e-05
1.81684e+03	5.61305e-02	1.28822e-02	2.58002	4.75711	4.41310e-05
1.86343e+03	5.61302e-02	1.27164e-02	0.04276	2.31413	4.41310e-05
1.91001e+03	5.61006e-02	1.22473e-02	0.87185	5.52203	4.41310e-05
1.95660e+03	5.60970e-02	1.15801e-02	5.07124	1.75589	4.41310e-05
2.00318e+03	5.60702e-02	1.17582e-02	0.15073	3.56679	4.41310e-05
2.04977e+03	5.60502e-02	1.14835e-02	4.95878	4.62398	4.41310e-05
2.09636e+03	5.60304e-02	1.25502e-02	0.42341	5.19427	4.41310e-05
2.14294e+03	5.60429e-02	1.11602e-02	5.62092	5.02735	4.41310e-05
2.18953e+03	5.60076e-02	1.18035e-02	1.43529	4.38248	4.41310e-05
2.23611e+03	5.60006e-02	1.14450e-02	0.75577	2.98611	4.41310e-05
2.28270e+03	5.59734e-02	1.12556e-02	3.52973	0.84476	4.41310e-05
2.32928e+03	5.59819e-02	1.13435e-02	3.24970	4.49138	4.41310e-05
2.37587e+03	5.59468e-02	1.12991e-02	6.25306	1.32878	4.41310e-05
2.42245e+03	5.59105e-02	1.05708e-02	0.07165	3.79010	4.41310e-05
2.46904e+03	5.59161e-02	1.04483e-02	3.39406	5.76740	4.41310e-05
2.51563e+03	5.59120e-02	1.11240e-02	3.70932	0.93732	4.41310e-05
2.56221e+03	5.58793e-02	1.17849e-02	1.05172	1.83574	4.41310e-05
2.60880e+03	5.58637e-02	9.71025e-03	1.62941	2.23978	4.41310e-05
2.65538e+03	5.58429e-02	1.10170e-02	5.62953	1.97919	4.41310e-05
2.70197e+03	5.58532e-02	1.04759e-02	6.04228	1.70813	4.41310e-05
2.74855e+03	5.58022e-02	1.00046e-02	3.56629	0.78791	4.41310e-05
2.79514e+03	5.58418e-02	1.00452e-02	4.41156	5.59247	4.41310e-05
2.84173e+03	5.57915e-02	1.13907e-02	1.98512	3.86905	4.41310e-05
2.88831e+03	5.57753e-02	1.07415e-02	3.01267	1.48890	4.41310e-05
2.93490e+03	5.57671e-02	1.13354e-02	1.11214	4.79022	4.41310e-05
2.98148e+03	5.57827e-02	1.48105e-02	3.61326	6.07766	4.41310e-05
3.02807e+03	5.57819e-02	1.24725e-02	2.12587	1.18194	4.41310e-05
3.07465e+03	5.58210e-02	1.09583e-02	0.72629	1.51315	4.41310e-05
3.12124e+03	5.57117e-02	6.78193e-03	3.03403	2.39891	4.41310e-05
3.16783e+03	5.57281e-02	5.01013e-03	5.01983	3.16116	4.41310e-05
3.21441e+03	5.57523e-02	1.23973e-02	3.18005	3.76181	4.41310e-05
3.26100e+03	5.57277e-02	6.26508e-03	4.85062	4.30144	4.41310e-05
3.30758e+03	5.56654e-02	7.26546e-03	1.50668	0.15582	4.41310e-05
3.35417e+03	5.56656e-02	4.31222e-03	5.61577	4.58902	4.41310e-05
3.40075e+03	5.56543e-02	1.27236e-02	3.55383	5.12162	4.41310e-05
3.44734e+03	5.55931e-02	3.73969e-03	2.05306	1.70248	4.41310e-05
3.49393e+03	5.56003e-02	8.79064e-03	2.49956	0.39870	4.41310e-05
3.54051e+03	5.55837e-02	8.80486e-03	1.48703	3.57467	4.41310e-05
3.58710e+03	5.55915e-02	7.81418e-03	0.37755	3.14246	4.41310e-05
3.63368e+03	5.55662e-02	1.19408e-02	3.91427	1.36833	4.41310e-05
3.68027e+03	5.55410e-02	8.47922e-03	1.29763	2.89393	4.41310e-05
3.72685e+03	5.55521e-02	6.89170e-03	5.72494	6.05730	4.41310e-05
3.77344e+03	5.55319e-02	1.14214e-02	4.59357	5.28773	4.41310e-05
3.82002e+03	5.54629e-02	6.57533e-03	1.35583	3.37859	4.41310e-05
3.86661e+03	5.54475e-02	1.57950e-02	5.00416	3.85943	4.41310e-05
3.91320e+03	5.54373e-02	7.37206e-03	2.56393	0.29122	4.41310e-05
3.95978e+03	5.53867e-02	7.87780e-03	6.17595	6.05012	4.41310e-05
4.00637e+03	5.54309e-02	6.40751e-03	1.93755	3.87129	4.41310e-05
4.05295e+03	5.53761e-02	8.45117e-03	4.08522	4.39208	4.41310e-05
4.09954e+03	5.53661e-02	3.80118e-03	4.55635	3.00021	4.41310e-05
4.14612e+03	5.53442e-02	5.89912e-03	5.08678	4.19619	4.41310e-05
4.19271e+03	5.53379e-02	7.89971e-03	0.22625	0.82966	4.41310e-05
4.23930e+03	5.53127e-02	9.72281e-03	1.69062	6.22399	4.41310e-05
4.28588e+03	5.53413e-02	9.89813e-03	3.47525	1.27463	4.41310e-05
4.33247e+03	5.53243e-02	7.69713e-03	5.81568	4.55574	4.41310e-05
4.37905e+03	5.52764e-02	9.81531e-03	2.58488	3.17907	4.41310e-05
4.42564e+03	5.52960e-02	7.82867e-03	0.24628	3.43210	4.41310e-05
4.47222e+03	5.53174e-02	9.45173e-03	0.07537	3.31446	4.41310e-05
4.51881e+03	5.52733e-02	1.46866e-02	0.66361	4.83170	4.41310e-05
4.56540e+03	5.52456e-02	1.81566e-02	3.59966	6.05973	4.41310e-05
4.61198e+03	5.52187e-02	1.22303e-02	1.71884	1.95186	4.41310e-05
4.65857e+03	5.52733e-02	5.59615e-03	6.14175	0.00666	4.41310e-05
4.70515e+03	5.52526e-02	2.14832e-02	0.20362	4.32732	4.41310e-05
4.75174e+03	5.52343e-02	1.29402e-02	2.46511	2.70356	4.41310e-05
4.79832e+03	5.52224e-02	1.76616e-02	4.84770	3.34560	4.41310e-05
4.84491e+03	5.51849e-02	1.46468e-02	4.15840	2.84531	4.41310e-05
4.89150e+03	5.52020e-02	1.90209e-02	2.86775	5.33221	4.41310e-05
4.93808e+03	5.51910e-02	4.96113e-03	5.08415	0.21043	4.41310e-05
4.98467e+03	5.51459e-02	1.99560e-02	1.70319	2.93942	4.41310e-05
5.03125e+03	5.51471e-02	2.07232e-02	4.43477	1.57821	4.41310e-05
5.07784e+03	5.51252e-02	2.07361e-02	2.85335	0.48394	4.41310e-05
5.12442e+03	5.51225e-02	2.26659e-02	3.17054	5.86855	4.41310e-05
5.17101e+03	5.51189e-02	2.30284e-02	4.90669	5.71940	4.41310e-05
5.21759e+03	5.50778e-02	1.99828e-02	3.24495	5.15626	4.41310e-05
5.26418e+03	5.50703e-02	2.30686e-02	2.97454	5.22098	4.41310e-05
5.31077e+03	5.50492e-02	2.20537e-02	3.55013	0.09367	4.41310e-05
5.35735e+03	5.50768e-02	1.26960e-02	1.45893	5.74963	4.41310e-05
5.40394e+03	5.50396e-02	1.07346e-02	1.54089	4.58800	4.41310e-05
5.45052e+03	5.50016e-02	2.38567e-02	3.21159	4.44590	4.41310e-05
5.49711e+03	5.50746e-02	1.86958e-02	0.62039	4.29901	4.41310e-05
5.54369e+03	5.50306e-02	1.46246e-02	0.36402	3.48400	4.41310e-05
5.59028e+03	5.50081e-02	7.55444e-03	1.70068	1.33634	4.41310e-05
5.63687e+03	5.50073e-02	3.32236e-02	2.00891	0.51755	4.41310e-05
5.68345e+03	5.50233e-02	2.55779e-02	0.72594	2.67658	4.41310e-05
5.73004e+03	5.50131e-02	2.22687e-02	4.33949	0.10555	4.41310e-05
5.77662e+03	5.49801e-02	9.86494e-03	5.65977	2.31125	4.41310e-05
5.82321e+03	5.49812e-02	1.11567e-02	4.65405	0.41164	4.41310e-05
5.86979e+03	5.49860e-02	1.62202e-02	5.05765	4.59395	4.41310e-05
5.91638e+03	5.49674e-02	2.68151e-02	5.10369	3.79152	4.41310e-05
5.96297e+03	5.49540e-02	2.39063e-02	4.68942	1.68309	4.41310e-05
6.00955e+03	5.49672e-02	2.09511e-02	0.41645	5.57794	4.41310e-05
6.05614e+03	5.49046e-02	2.06460e-02	4.23280	3.18295	4.41310e-05
6.10272e+03	5.49355e-02	1.74327e-02	3.83155	0.81620	4.41310e-05
6.14931e+03	5.49040e-02	1.83843e-02	5.38020	4.61929	4.41310e-05
6.19589e+03	5.49153e-02	2.28805e-02	1.15077	3.11157	4.41310e-05
6.24248e+03	5.49197e-02	1.89989e-02	0.57995	0.61372	4.41310e-05
6.28907e+03	5.48466e-02	2.00169e-02	1.35317	4.77959	4.41310e-05
6.33565e+03	5.48958e-02	1.75313e-02	4.98109	2.01434	4.41310e-05
6.38224e+03	5.48563e-02	1.98392e-02	3.63621	6.12955	4.41310e-05
6.42882e+03	5.48346e-02	1.37758e-02	4.01129	3.91203	4.41310e-05
6.47541e+03	5.49002e-02	2.16238e-02	0.38811	1.61118	4.41310e-05
6.52199e+03	5.48275e-02	1.56368e-02	5.25877	5.51348	4.41310e-05
6.56858e+03	5.47782e-02	1.81416e-02	5.72955	3.01564	4.41310e-05
6.61516e+03	5.48539e-02	2.01666e-02	1.89450	0.64678	4.41310e-05
6.66175e+03	5.48338e-02	2.20852e-02	0.62911	4.22632	4.41310e-05
6.70834e+03	5.47506e-02	2.20123e-02	1.11330	1.66061	4.41310e-05
6.75492e+03	5.47825e-02	2.41109e-02	3.43072	5.37306	4.41310e-05
6.80151e+03	5.47818e-02	3.04530e-02	1.45028	2.94127	4.41310e-05
6.84809e+03	5.47414e-02	2.51665e-02	1.76047	0.31527	4.41310e-05
6.89468e+03	5.47308e-02	3.22182e-02	4.04404	4.04250	4.41310e-05
6.94126e+03	5.47658e-02	2.59971e-02	2.40730	1.40309	4.41310e-05
6.98785e+03	5.46950e-02	2.82644e-02	3.02805	4.98692	4.41310e-05
7.03444e+03	5.46735e-02	1.87878e-02	6.03230	1.91743	4.41310e-05
7.08102e+03	5.46985e-02	1.63969e-02	4.98014	5.09438	4.41310e-05
7.12761e+03	5.46725e-02	1.88855e-02	0.96427	0.91466	4.41310e-05
7.17419e+03	5.46815e-02	2.30823e-02	4.72316	3.55820	4.41310e-05
7.22078e+03	5.46488e-02	2.87354e-02	3.99398	0.24688	4.41310e-05
7.26736e+03	5.46392e-02	2.46349e-02	5.68705	2.94498	4.41310e-05
7.31395e+03	5.46204e-02	1.36022e-02	3.83851	5.02870	4.41310e-05
7.36054e+03	5.46068e-02	1.96608e-02	4.28899	0.51662	4.41310e-05
7.40712e+03	5.46570e-02	3.02251e-02	0.09842	2.92395	4.41310e-05
7.45371e+03	5.45691e-02	2.01699e-02	4.34562	5.30434	4.41310e-05
7.50029e+03	5.45791e-02	1.31021e-02	5.05316	0.52546	4.41310e-05
7.54688e+03	5.46360e-02	2.63958e-02	1.69041	2.29364	4.41310e-05
7.59346e+03	5.45515e-02	2.35875e-02	6.10229	4.51244	4.41310e-05
7.64005e+03	5.46006e-02	1.64740e-02	0.72614	5.99958	4.41310e-05
7.68664e+03	5.45630e-02	2.55167e-02	4.33021	0.87036	4.41310e-05
7.73322e+03	5.45395e-02	2.30542e-02	2.76852	2.84954	4.41310e-05
7.77981e+03	5.45345e-02	1.39157e-02	4.28045	3.87090	4.41310e-05
7.82639e+03	5.45373e-02	2.39025e-02	1.16234	5.35070	4.41310e-05
7.87298e+03	5.45504e-02	2.19005e-02	6.20865	0.91236	4.41310e-05
7.91956e+03	5.44724e-02	1.73250e-02	1.79577	1.56118	4.41310e-05
7.96615e+03	5.45528e-02	2.92969e-02	5.19319	2.90594	4.41310e-05
8.01273e+03	5.44386e-02	1.61472e-02	4.94924	3.89918	4.41310e-05
8.05932e+03	5.44514e-02	2.42762e-02	0.38459	4.73444	4.41310e-05
8.10591e+03	5.44849e-02	2.02204e-02	3.94784	6.09819	4.41310e-05
8.15249e+03	5.44088e-02	2.01168e-02	4.48763	0.00425	4.41310e-05
8.19908e+03	5.44380e-02	2.14958e-02	5.87763	1.43680	4.41310e-05
8.24566e+03	5.43969e-02	1.47409e-02	4.21809	1.71586	4.41310e-05
8.29225e+03	5.44662e-02	2.46348e-02	4.06193	2.71224	4.41310e-05
8.33883e+03	5.43846e-02	1.39200e-02	0.54521	3.03450	4.41310e-05
8.38542e+03	5.43846e-02	2.32452e-02	5.08263	3.60998	4.41310e-05
8.43201e+03	5.44146e-02	1.94245e-02	0.60677	3.50043	4.41310e-05
8.47859e+03	5.43436e-02	2.32498e-02	5.13875	3.33558	4.41310e-05
8.52518e+03	5.43203e-02	1.98178e-02	1.24643	1.91849	4.41310e-05
8.57176e+03	5.43951e-02	1.84869e-02	1.46133	5.90162	4.41310e-05
8.61835e+03	5.42688e-02	1.30769e-02	6.16549	2.47762	4.41310e-05
8.66493e+03	5.42674e-02	1.98530e-02	2.58033	4.18843	4.41310e-05
8.71152e+03	5.42500e-02	2.07233e-02	3.63809	4.81484	4.41310e-05
8.75811e+03	5.42186e-02	6.99694e-03	3.60631	3.16593	4.41310e-05
8.80469e+03	5.42608e-02	2.74473e-02	1.20418	1.25819	4.41310e-05
8.85128e+03	5.42351e-02	1.57674e-02	3.87033	3.69625	4.41310e-05
8.89786e+03	5.41682e-02	1.17756e-02	3.34533	0.24146	4.41310e-05
8.94445e+03	5.41888e-02	1.86324e-02	2.57000	6.17357	4.41310e-05
8.99103e+03	5.41884e-02	1.97680e-02	1.22858	3.44540	4.41310e-05
9.03762e+03	5.41075e-02	1.78297e-02	6.23960	4.14306	4.41310e-05
9.08421e+03	5.40975e-02	1.08622e-02	2.05468	4.66251	4.41310e-05
9.13079e+03	5.41125e-02	1.46943e-02	2.28435	3.95948	4.41310e-05
9.17738e+03	5.41549e-02	2.49909e-02	0.58927	2.22485	4.41310e-05
9.22396e+03	5.40799e-02	9.00439e-03	2.86883	6.07831	4.41310e-05
9.27055e+03	5.40802e-02	1.68307e-02	5.65856	0.27831	4.41310e-05
9.31713e+03	5.40448e-02	1.05221e-02	5.59471	0.29377	4.41310e-05
9.36372e+03	5.40349e-02	1.36891e-02	1.11240	1.46829	4.41310e-05
9.41030e+03	5.40034e-02	1.91661e-02	6.00041	3.06387	4.41310e-05
9.45689e+03	5.40029e-02	8.83606e-03	0.37766	5.08560	4.41310e-05
9.50348e+03	5.39635e-02	1.46794e-02	1.89969	2.69220	4.41310e-05
9.55006e+03	5.39552e-02	1.50436e-02	3.09479	3.41056	4.41310e-05
9.59665e+03	5.39751e-02	1.10784e-02	0.89008	4.48749	4.41310e-05
9.64323e+03	5.39454e-02	1.21781e-02	0.52875	0.65875	4.41310e-05
9.68982e+03	5.39103e-02	1.22796e-02	2.14576	4.70577	4.41310e-05
9.73640e+03	5.39788e-02	1.70853e-02	5.31922	3.55572	4.41310e-05
9.78299e+03	5.38804e-02	8.31514e-03	2.43801	4.92637	4.41310e-05
9.82958e+03	5.38967e-02	1.52772e-02	0.96256	2.40227	4.41310e-05
9.87616e+03	5.38688e-02	1.82070e-02	3.57150	4.74186	4.41310e-05
9.92275e+03	5.38337e-02	3.43784e-03	2.71289	0.64204	4.41310e-05
9.96933e+03	5.38323e-02	1.32519e-02	1.42741	0.29157	4.41310e-05
1.00159e+04	5.38080e-02	1.48711e-02	4.44590	4.59558	4.41310e-05
1.00625e+04	5.37747e-02	3.60861e-03	0.30976	0.77696	4.41310e-05
1.01091e+04	5.38264e-02	8.17174e-03	3.07851	5.05206	4.41310e-05
1.01557e+04	5.37314e-02	8.00310e-03	2.52693	2.55569	4.41310e-05
1.02023e+04	5.37507e-02	8.74051e-03	5.56879	5.63078	4.41310e-05
1.02488e+04	5.37658e-02	1.05945e-02	5.79835	0.89982	4.41310e-05
1.02954e+04	5.37673e-02	1.15162e-02	3.95575	3.08552	4.41310e-05
1.03420e+04	5.37304e-02	1.09592e-02	3.25755	0.01633	4.41310e-05
1.03886e+04	5.36898e-02	6.42790e-03	1.66190	3.99740	4.41310e-05
1.04352e+04	5.36540e-02	5.64816e-03	3.44972	3.28515	4.41310e-05
1.04818e+04	5.36674e-02	2.55550e-03	2.36281	2.57349	4.41310e-05
1.05284e+04	5.36969e-02	1.11347e-02	3.36059	1.81201	4.41310e-05
1.05749e+04	5.35898e-02	6.96397e-03	5.53508	5.07681	4.41310e-05
1.06215e+04	5.36088e-02	5.20928e-03	3.80292	2.78409	4.41310e-05
1.06681e+04	5.35841e-02	1.08803e-03	0.55232	3.48886	4.41310e-05
1.07147e+04	5.36001e-02	7.09887e-03	1.72684	3.61119	4.41310e-05
1.07613e+04	5.35670e-02	1.08391e-02	3.08794	5.25326	4.41310e-05
1.08079e+04	5.35436e-02	7.86793e-03	3.80874	5.02258	4.41310e-05
1.08545e+04	5.35393e-02	7.11844e-03	2.97050	2.14809	4.41310e-05
1.09010e+04	5.35365e-02	1.11543e-02	4.94482	1.25538	4.41310e-05
1.09476e+04	5.35503e-02	8.86908e-03	1.70114	5.61650	4.41310e-05
1.09942e+04	5.35125e-02	6.95198e-03	2.28287	4.72578	4.41310e-05
1.10408e+04	5.35095e-02	8.01426e-03	4.75077	4.87034	4.41310e-05
1.10874e+04	5.34920e-02	1.32266e-02	2.82540	1.55600	4.41310e-05
1.11340e+04	5.34912e-02	7.15179e-03	0.38583	4.40057	4.41310e-05
1.11806e+04	5.34562e-02	1.16450e-02	1.95148	1.82095	4.41310e-05
1.12271e+04	5.34795e-02	1.06126e-02	1.12218	3.34201	4.41310e-05
1.12737e+04	5.34730e-02	2.27961e-04	4.71208	1.59704	4.41310e-05
1.13203e+04	5.34032e-02	1.09440e-02	1.10710	4.89033	4.41310e-05
1.13669e+04	5.33972e-02	1.23605e-02	1.35386	4.33283	4.41310e-05
1.14135e+04	5.33732e-02	3.86747e-03	2.38339	5.67141	4.41310e-05
1.14601e+04	5.33637e-02	6.93012e-03	5.41363	1.46066	4.41310e-05
1.15067e+04	5.33731e-02	5.19383e-03	1.36459	3.41041	4.41310e-05
1.15532e+04	5.33152e-02	7.38346e-03	1.66245	4.02124	4.41310e-05
1.15998e+04	5.33093e-02	8.41704e-03	2.04889	2.46403	4.41310e-05
1.16464e+04	5.32666e-02	7.46649e-03	4.02761	3.13369	4.41310e-05
1.16930e+04	5.32283e-02	7.22337e-03	0.03989	0.35602	4.41310e-05
1.17396e+04	5.32518e-02	6.72705e-03	0.97323	2.26414	4.41310e-05
1.17862e+04	5.32589e-02	1.20872e-02	1.51075	1.45648	4.41310e-05
1.18328e+04	5.32432e-02	1.05481e-02	4.35198	1.52348	4.41310e-05
1.18793e+04	5.32018e-02	9.97930e-03	3.82807	1.82796	4.41310e-05
1.19259e+04	5.31931e-02	5.14292e-03	1.31072	0.81007	4.41310e-05
1.19725e+04	5.31325e-02	4.34856e-03	3.19008	4.69842	4.41310e-05
1.20191e+04	5.31394e-02	5.73561e-03	0.13463	4.20971	4.41310e-05
1.20657e+04	5.31323e-02	5.67876e-03	4.81500	5.54576	4.41310e-05
1.21123e+04	5.31173e-02	7.95253e-03	2.58899	4.96469	4.41310e-05
1.21589e+04	5.31052e-02	4.50608e-03	5.80302	1.77093	4.41310e-05
1.22054e+04	5.30786e-02	4.33370e-03	2.39653	1.88086	4.41310e-05
1.22520e+04	5.30525e-02	5.36410e-03	5.07706	5.11609	4.41310e-05
1.22986e+04	5.30853e-02	1.04537e-02	5.76174	0.52061	4.41310e-05
1.23452e+04	5.30802e-02	1.26024e-02	5.80923	5.90225	4.41310e-05
1.23918e+04	5.30014e-02	5.05692e-03	0.74031	0.96603	4.41310e-05
1.24384e+04	5.30226e-02	7.52095e-03	1.86918	5.77325	4.41310e-05
1.24850e+04	5.30220e-02	8.15293e-03	5.35716	5.13219	4.41310e-05
1.25315e+04	5.29898e-02	8.17399e-03	5.40905	4.88967	4.41310e-05
1.25781e+04	5.29945e-02	9.03601e-03	1.47456	5.56088	4.41310e-05
1.26247e+04	5.29796e-02	9.42638e-03	0.52471	0.15036	4.41310e-05
1.26713e+04	5.29271e-02	8.46580e-03	1.96959	1.88994	4.41310e-05
1.27179e+04	5.29132e-02	1.78278e-03	4.15640	6.14343	4.41310e-05
1.27645e+04	5.28959e-02	1.30436e-02	4.41611	2.84843	4.41310e-05
1.28111e+04	5.28980e-02	9.96286e-03	2.15838	5.23281	4.41310e-05
1.28576e+04	5.28460e-02	4.98269e-03	0.99271	3.36165	4.41310e-05
1.29042e+04	5.28518e-02	5.67931e-03	1.65664	2.80154	4.41310e-05
1.29508e+04	5.28186e-02	4.28234e-03	1.31965	0.32450	4.41310e-05
1.29974e+04	5.28470e-02	8.64182e-03	6.16000	2.14564	4.41310e-05
1.30440e+04	5.28074e-02	9.86002e-03	1.57432	3.97906	4.41310e-05
1.30906e+04	5.28010e-02	4.53128e-03	0.11454	5.91003	4.41310e-05
1.31372e+04	5.27841e-02	6.05061e-03	0.53515	2.88607	4.41310e-05
1.31837e+04	5.27563e-02	2.21302e-03	4.65783	5.64757	4.41310e-05
1.32303e+04	5.27649e-02	1.21247e-02	4.62608	3.16119	4.41310e-05
1.32769e+04	5.27205e-02	3.57656e-03	2.25270	6.17998	4.41310e-05
1.33235e+04	5.27070e-02	1.17557e-02	1.65248	4.30341	4.41310e-05
1.33701e+04	5.26848e-02	8.04974e-03	2.70723	3.96905	4.41310e-05
1.34167e+04	5.27164e-02	7.76956e-03	3.14863	1.18179	4.41310e-05
1.34633e+04	5.26715e-02	6.86995e-03	4.33202	0.83237	4.41310e-05
1.35098e+04	5.26476e-02	4.57185e-03	1.38465	1.49187	4.41310e-05
1.35564e+04	5.26398e-02	1.01291e-02	0.86386	2.94447	4.41310e-05
1.36030e+04	5.26050e-02	8.66480e-03	3.76651	4.20408	4.41310e-05
1.36496e+04	5.25965e-02	7.32562e-03	2.32015	0.37784	4.41310e-05
1.36962e+04	5.25741e-02	5.86280e-03	3.46738	3.52810	4.41310e-05
1.37428e+04	5.25803e-02	1.33131e-02	1.88560	6.25584	4.41310e-05
1.37894e+04	5.25425e-02	3.50130e-03	0.79064	5.44150	4.41310e-05
1.38359e+04	5.25484e-02	1.05977e-02	0.03190	1.21594	4.41310e-05
1.38825e+04	5.25667e-02	1.62813e-02	4.84810	0.84386	4.41310e-05
1.39291e+04	5.25327e-02	8.41815e-03	6.24292	0.82766	4.41310e-05
1.39757e+04	5.24924e-02	1.52276e-03	2.76324	2.60715	4.41310e-05
1.40223e+04	5.24861e-02	3.39052e-03	3.59473	3.27947	4.41310e-05
1.40689e+04	5.24639e-02	5.97743e-03	0.98938	4.28233	4.41310e-05
1.41155e+04	5.24545e-02	3.00302e-03	0.81207	6.01613	4.41310e-05
1.41620e+04	5.24462e-02	1.08588e-02	2.23450	3.10860	4.41310e-05
1.42086e+04	5.24093e-02	1.23455e-02	2.07644	4.98902	4.41310e-05
1.42552e+04	5.24094e-02	2.97309e-03	2.54289	3.12422	4.41310e-05
1.43018e+04	5.23826e-02	8.15602e-03	2.20183	5.23985	4.41310e-05
1.43484e+04	5.23733e-02	1.25768e-03	2.91497	3.23231	4.41310e-05
1.43950e+04	5.23686e-02	1.07843e-02	1.97872	6.07830	4.41310e-05
1.44416e+04	5.23543e-02	1.26488e-02	2.02683	4.90272	4.41310e-05
1.44881e+04	5.23035e-02	5.24070e-03	3.92537	5.05670	4.41310e-05
1.45347e+04	5.23080e-02	4.66696e-03	2.80719	5.10328	4.41310e-05
1.45813e+04	5.22807e-02	7.94125e-03	4.53850	5.53914	4.41310e-05
1.46279e+04	5.22747e-02	1.32790e-02	2.21480	0.60360	4.41310e-05
1.46745e+04	5.22597e-02	1.52794e-02	3.66311	1.42147	4.41310e-05
1.47211e+04	5.22451e-02	9.54769e-03	1.72214	2.46580	4.41310e-05
1.47677e+04	5.22374e-02	1.90425e-03	2.89803	3.62522	4.41310e-05
1.48142e+04	5.22451e-02	9.43521e-03	3.90527	1.78810	4.41310e-05
1.48608e+04	5.22133e-02	1.35214e-02	5.15486	2.95679	4.41310e-05
1.49074e+04	5.22095e-02	2.60695e-03	2.32761	5.04006	4.41310e-05
1.49540e+04	5.21824e-02	8.85212e-03	0.78502	2.78155	4.41310e-05
1.50006e+04	5.21721e-02	1.14391e-02	4.79648	4.41760	4.41310e-05
1.50472e+04	5.21602e-02	4.59384e-03	2.03314	3.45719	4.41310e-05
1.50938e+04	5.21158e-02	1.45285e-02	0.14228	4.82060	4.41310e-05
1.51403e+04	5.21111e-02	2.81801e-03	6.06573	1.52694	4.41310e-05
1.51869e+04	5.21110e-02	1.52339e-02	2.06841	5.09967	4.41310e-05
1.52335e+04	5.21004e-02	9.80475e-03	2.34195	1.26752	4.41310e-05
1.52801e+04	5.20713e-02	1.15876e-02	4.27769	5.27414	4.41310e-05
1.53267e+04	5.20513e-02	1.01214e-02	4.75116	1.35835	4.41310e-05
1.53733e+04	5.20295e-02	9.28156e-03	5.29815	0.53603	4.41310e-05
1.54199e+04	5.20266e-02	2.17975e-03	5.17011	3.62408	4.41310e-05
1.54664e+04	5.20196e-02	1.67795e-02	0.57234	1.77366	4.41310e-05
1.55130e+04	5.20111e-02	5.18065e-03	0.09986	5.30325	4.41310e-05
1.55596e+04	5.19891e-02	9.92909e-03	2.30942	3.05954	4.41310e-05
1.56062e+04	5.19896e-02	1.07550e-02	6.10318	2.40705	4.41310e-05
1.56528e+04	5.19372e-02	6.64696e-03	2.81213	5.79132	4.41310e-05
1.56994e+04	5.19588e-02	1.08610e-02	1.15750	4.42831	4.41310e-05
1.57460e+04	5.18981e-02	8.53014e-03	2.21897	3.54508	4.41310e-05
1.57925e+04	5.19261e-02	8.06822e-03	1.82926	1.06328	4.41310e-05
1.58391e+04	5.18978e-02	7.65824e-03	2.99953	0.19123	4.41310e-05
1.58857e+04	5.18837e-02	9.25070e-03	1.53591	5.17816	4.41310e-05
1.59323e+04	5.18577e-02	9.29891e-03	4.29209	2.90969	4.41310e-05
1.59789e+04	5.18288e-02	6.11996e-03	2.51144	2.07146	4.41310e-05
1.60255e+04	5.18317e-02	9.07538e-03	5.19731	0.00884	4.41310e-05
1.60721e+04	5.18325e-02	1.00437e-02	4.02927	4.98925	4.41310e-05
1.61186e+04	5.18012e-02	4.84016e-03	5.79406	3.95412	4.41310e-05
1.61652e+04	5.17862e-02	1.11143e-02	5.16103	2.27920	4.41310e-05
1.62118e+04	5.17817e-02	1.08121e-02	0.51267	1.51016	4.41310e-05
1.62584e+04	5.17721e-02	4.45847e-03	5.32963	0.80358	4.41310e-05
1.63050e+04	5.17487e-02	8.49655e-03	2.39695	4.78104	4.41310e-05
1.63516e+04	5.17218e-02	1.39245e-02	0.67658	4.45053	4.41310e-05
1.63982e+04	5.16945e-02	1.25030e-02	2.13965	4.18824	4.41310e-05
1.64447e+04	5.17057e-02	5.76637e-03	0.91226	3.51657	4.41310e-05
1.64913e+04	5.16751e-02	3.38855e-03	4.57733	1.18886	4.41310e-05
1.65379e+04	5.16783e-02	1.23167e-02	3.37570	0.67418	4.41310e-05
1.65845e+04	5.16372e-02	1.27857e-02	4.91578	0.60540	4.41310e-05
1.66311e+04	5.16545e-02	1.08692e-02	3.98880	6.26483	4.41310e-05
1.66777e+04	5.16587e-02	1.11778e-02	5.72218	6.16714	4.41310e-05
1.67243e+04	5.16057e-02	9.40999e-03	4.53726	5.93490	4.41310e-05
1.67708e+04	5.15756e-02	8.28235e-03	6.12706	6.18383	4.41310e-05
1.68174e+04	5.15687e-02	9.21398e-04	5.20864	5.85000	4.41310e-05
1.68640e+04	5.15596e-02	3.13243e-03	2.86636	3.89575	4.41310e-05
1.69106e+04	5.15576e-02	7.88105e-03	1.92138	3.75407	4.41310e-05
1.69572e+04	5.15373e-02	1.30112e-02	3.74764	4.02720	4.41310e-05
1.70038e+04	5.15174e-02	1.28374e-02	2.67201	4.13988	4.41310e-05
1.70504e+04	5.15187e-02	1.35461e-02	4.90492	4.13569	4.41310e-05
1.70969e+04	5.15126e-02	9.72617e-03	4.04007	4.22419	4.41310e-05
1.71435e+04	5.14754e-02	9.83777e-03	0.50958	3.92739	4.41310e-05
1.71901e+04	5.14563e-02	8.53852e-03	6.27330	3.83018	4.41310e-05
1.72367e+04	5.14612e-02	7.37429e-03	2.71610	3.74408	4.41310e-05
1.72833e+04	5.14331e-02	6.22565e-03	2.23726	3.78157	4.41310e-05
1.73299e+04	5.14361e-02	3.75327e-03	0.81781	1.74215	4.41310e-05
1.73765e+04	5.14001e-02	8.39305e-03	0.64160	1.65275	4.41310e-05
1.74230e+04	5.13863e-02	1.24572e-02	3.95424	1.35480	4.41310e-05
1.74696e+04	5.13852e-02	1.57142e-02	3.59126	1.64921	4.41310e-05
1.75162e+04	5.13813e-02	9.26912e-03	0.64177	1.53218	4.41310e-05
1.75628e+04	5.13512e-02	6.55862e-03	0.98989	1.30928	4.41310e-05
1.76094e+04	5.13487e-02	5.15720e-03	0.11016	5.59937	4.41310e-05
1.76560e+04	5.13308e-02	6.35138e-03	0.21943	5.82271	4.41310e-05
1.77026e+04	5.12954e-02	1.03040e-02	5.13218	4.54302	4.41310e-05
1.77491e+04	5.12769e-02	9.69722e-03	5.58755	4.64580	4.41310e-05
1.77957e+04	5.12504e-02	1.51451e-02	3.83300	3.97856	4.41310e-05
1.78423e+04	5.12534e-02	1.39687e-02	4.20861	4.39076	4.41310e-05
1.78889e+04	5.12573e-02	1.08546e-02	2.36248	4.02978	4.41310e-05
1.79355e+04	5.12405e-02	4.83413e-03	2.74252	4.68493	4.41310e-05
1.79821e+04	5.11972e-02	5.94847e-03	3.44649	1.99932	4.41310e-05
1.80287e+04	5.11818e-02	8.20523e-03	5.25216	1.46356	4.41310e-05
1.80752e+04	5.11768e-02	1.40771e-02	3.15308	1.81268	4.41310e-05
1.81218e+04	5.11701e-02	7.16547e-03	5.08492	1.42825	4.41310e-05
1.81684e+04	5.11625e-02	1.17944e-02	3.47228	1.54882	4.41310e-05
1.82150e+04	5.11433e-02	7.83632e-03	5.56621	1.26025	4.41310e-05
1.82616e+04	5.11170e-02	1.32176e-02	4.20216	1.37914	4.41310e-05
1.83082e+04	5.11199e-02	1.03472e-02	6.20993	1.42890	4.41310e-05
1.83548e+04	5.11089e-02	1.29989e-02	5.00435	1.65486	4.41310e-05
1.84013e+04	5.10950e-02	6.88746e-03	0.34925	2.31769	4.41310e-05
1.84479e+04	5.10926e-02	7.32163e-03	0.27973	1.69794	4.41310e-05
1.84945e+04	5.10294e-02	3.64508e-03	5.31418	5.50704	4.41310e-05
1.85411e+04	5.10223e-02	1.06757e-02	3.50047	0.59606	4.41310e-05
1.85877e+04	5.10148e-02	7.85845e-03	0.66651	6.25790	4.41310e-05
1.86343e+04	5.09937e-02	1.23876e-02	5.69293	1.06260	4.41310e-05
1.86809e+04	5.10268e-02	4.60105e-03	1.82500	1.82792	4.41310e-05
1.87274e+04	5.09858e-02	7.55499e-03	1.13199	2.66234	4.41310e-05
1.87740e+04	5.09652e-02	6.10389e-03	3.00729	4.19813	4.41310e-05
1.88206e+04	5.09569e-02	4.70472e-03	4.08670	3.55793	4.41310e-05
1.88672e+04	5.09135e-02	4.03941e-03	2.91266	2.07504	4.41310e-05
1.89138e+04	5.09496e-02	2.82814e-03	0.25003	4.98757	4.41310e-05
1.89604e+04	5.08702e-02	6.19705e-03	5.82660	2.85734	4.41310e-05
1.90070e+04	5.09028e-02	1.18320e-02	5.12127	4.16177	4.41310e-05
1.90535e+04	5.08936e-02	6.20630e-03	0.61828	6.25139	4.41310e-05
1.91001e+04	5.08853e-02	5.84671e-03	0.22278	1.27173	4.41310e-05
1.91467e+04	5.08300e-02	9.66381e-03	2.92895	2.79369	4.41310e-05
1.91933e+04	5.08281e-02	4.41869e-03	4.16268	2.86124	4.41310e-05
1.92399e+04	5.08346e-02	1.53609e-02	0.95914	4.29252	4.41310e-05
1.92865e+04	5.08025e-02	5.89150e-03	6.26690	0.15125	4.41310e-05
1.93331e+04	5.08107e-02	1.33826e-02	4.83666	0.07224	4.41310e-05
1.93796e+04	5.08252e-02	2.97988e-03	6.20699	4.52783	4.41310e-05
1.94262e+04	5.07349e-02	6.50621e-03	5.75344	5.14323	4.41310e-05
1.94728e+04	5.07868e-02	1.08543e-02	2.05720	2.27616	4.41310e-05
1.95194e+04	5.08030e-02	3.65912e-03	5.14105	5.04845	4.41310e-05
1.95660e+04	5.07803e-02	4.34679e-03	5.75853	0.70287	4.41310e-05
1.96126e+04	5.06945e-02	2.75221e-03	2.27133	4.22880	4.41310e-05
1.96592e+04	5.07709e-02	1.43292e-02	6.06556	4.41863	4.41310e-05
1.97057e+04	5.07094e-02	1.55656e-02	4.51998	3.10733	4.41310e-05
1.97523e+04	5.06908e-02	7.88455e-03	1.73945	3.38678	4.41310e-05
1.97989e+04	5.06836e-02	6.35133e-03	2.65394	2.82806	4.41310e-05
1.98455e+04	5.06381e-02	6.47263e-03	0.93539	2.20192	4.41310e-05
1.98921e+04	5.06057e-02	9.43529e-04	0.77934	4.78936	4.41310e-05
1.99387e+04	5.05523e-02	9.59137e-03	1.35456	4.30987	4.41310e-05
1.99853e+04	5.06157e-02	4.38335e-03	1.11624	3.53492	4.41310e-05
2.00318e+04	5.06374e-02	1.09034e-02	4.66882	5.79821	4.41310e-05
2.00784e+04	5.05948e-02	2.63443e-03	3.34998	4.63795	4.41310e-05
2.01250e+04	5.05806e-02	6.84599e-03	1.11250	2.02655	4.41310e-05
2.01716e+04	5.05243e-02	2.03169e-03	1.67209	0.19077	4.41310e-05
2.02182e+04	5.05831e-02	1.04550e-02	1.93564	2.31776	4.41310e-05
2.02648e+04	5.04887e-02	9.05021e-03	0.95615	4.01275	4.41310e-05
2.03114e+04	5.05141e-02	1.06785e-02	5.87540	1.31061	4.41310e-05
2.03579e+04	5.05028e-02	7.39778e-03	4.76867	2.21104	4.41310e-05
2.04045e+04	5.04922e-02	1.43284e-02	5.30995	4.30523	4.41310e-05
2.04511e+04	5.04445e-02	7.75239e-03	2.72739	1.59521	4.41310e-05
2.04977e+04	5.04444e-02	1.44631e-02	0.02933	1.47305	4.41310e-05
2.05443e+04	5.04370e-02	7.14049e-03	5.89288	2.21557	4.41310e-05
2.05909e+04	5.03982e-02	7.43185e-03	2.93191	2.42405	4.41310e-05
2.06375e+04	5.03821e-02	5.26206e-03	5.90967	0.71415	4.41310e-05
2.06840e+04	5.03909e-02	1.15473e-02	5.28770	0.39057	4.41310e-05
2.07306e+04	5.03676e-02	1.18168e-02	5.57451	2.28342	4.41310e-05
2.07772e+04	5.03539e-02	1.19680e-02	6.01166	0.82091	4.41310e-05
2.08238e+04	5.03477e-02	1.21563e-02	4.96776	4.19635	4.41310e-05
2.08704e+04	5.03135e-02	7.89222e-03	2.38348	0.12562	4.41310e-05
2.09170e+04	5.02912e-02	1.02318e-02	3.73249	1.48817	4.41310e-05
2.09636e+04	5.02944e-02	1.07459e-02	4.95844	6.26195	4.41310e-05
2.10101e+04	5.03059e-02	1.40833e-02	1.53882	6.24707	4.41310e-05
2.10567e+04	5.02772e-02	1.40730e-02	6.04311	1.37989	4.41310e-05
2.11033e+04	5.02312e-02	8.35806e-03	3.14215	0.72695	4.41310e-05
2.11499e+04	5.02212e-02	1.40614e-02	1.86802	2.12464	4.41310e-05
2.11965e+04	5.02414e-02	1.09043e-02	5.77088	0.97489	4.41310e-05
2.12431e+04	5.02097e-02	1.10054e-02	4.30840	2.11116	4.41310e-05
2.12897e+04	5.01941e-02	1.66777e-02	4.09861	5.11112	4.41310e-05
2.13362e+04	5.01980e-02	1.36340e-02	5.73133	3.19398	4.41310e-05
2.13828e+04	5.01667e-02	1.47688e-02	1.98587	3.42595	4.41310e-05
2.14294e+04	5.01593e-02	1.12824e-02	0.07408	5.03889	4.41310e-05
2.14760e+04	5.01566e-02	8.31757e-03	4.34864	3.70862	4.41310e-05
2.15226e+04	5.01187e-02	1.26351e-02	6.10495	1.62851	4.41310e-05
2.15692e+04	5.01006e-02	1.70261e-02	3.26213	0.76092	4.41310e-05
2.16157e+04	5.01321e-02	1.03022e-02	1.03960	2.31858	4.41310e-05
2.16623e+04	5.01013e-02	1.30535e-02	2.04173	3.65705	4.41310e-05
2.17089e+04	5.00793e-02	1.60233e-02	2.53062	2.37205	4.41310e-05
2.17555e+04	5.00749e-02	1.20754e-02	0.45300	0.25618	4.41310e-05
2.18021e+04	5.00654e-02	8.05510e-03	0.18393	5.54823	4.41310e-05
2.18487e+04	5.00131e-02	4.95893e-03	1.78379	5.69943	4.41310e-05
2.18953e+04	5.00264e-02	5.40662e-03	6.13075	6.05685	4.41310e-05
2.19418e+04	5.00174e-02	1.08328e-02	5.21639	2.01977	4.41310e-05
2.19884e+04	4.99996e-02	1.02172e-02	0.54008	4.90147	4.41310e-05
2.20350e+04	4.99879e-02	1.21953e-02	3.97297	2.44762	4.41310e-05
2.20816e+04	4.99601e-02	7.18582e-03	3.36526	0.86617	4.41310e-05
2.21282e+04	4.99609e-02	1.78350e-02	3.81475	1.17002	4.41310e-05
2.21748e+04	4.99667e-02	1.10130e-02	1.42327	0.90339	4.41310e-05
2.22214e+04	4.99452e-02	6.97522e-03	1.10813	1.43498	4.41310e-05
2.22679e+04	4.99192e-02	1.85812e-02	2.10994	3.65078	4.41310e-05
2.23145e+04	4.98760e-02	9.92981e-03	5.75965	5.98099	4.41310e-05
2.23611e+04	4.99338e-02	9.06145e-03	4.36951	3.75419	4.41310e-05
2.24077e+04	4.99090e-02	1.47370e-02	0.71044	0.31319	4.41310e-05
2.24543e+04	4.98816e-02	8.09149e-03	4.65014	4.93281	4.41310e-05
2.25009e+04	4.98415e-02	1.05707e-02	3.65901	4.83150	4.41310e-05
2.25475e+04	4.98724e-02	1.84007e-02	5.24625	5.11608	4.41310e-05
2.25940e+04	4.98335e-02	1.86163e-02	3.16529	5.57357	4.41310e-05
2.26406e+04	4.97817e-02	1.41245e-02	3.03387	0.63955	4.41310e-05
2.26872e+04	4.98107e-02	1.67362e-02	5.68552	1.97831	4.41310e-05
2.27338e+04	4.98166e-02	1.05839e-02	3.93448	4.37417	4.41310e-05
2.27804e+04	4.98294e-02	1.31773e-02	4.78042	0.75280	4.41310e-05
2.28270e+04	4.98107e-02	1.77257e-02	1.86732	3.63163	4.41310e-05
2.28736e+04	4.97887e-02	1.25014e-02	1.66219	0.40982	4.41310e-05
2.29201e+04	4.97734e-02	1.40208e-02	3.57617	4.13921	4.41310e-05
2.29667e+04	4.97387e-02	1.65291e-02	1.41071	2.19782	4.41310e-05
2.30133e+04	4.97338e-02	9.09678e-03	2.64001	5.86715	4.41310e-05
2.30599e+04	4.97338e-02	1.74754e-02	5.99098	3.89417	4.41310e-05
2.31065e+04	4.97328e-02	1.23294e-02	5.72752	2.09462	4.41310e-05
2.31531e+04	4.96835e-02	1.91351e-02	1.47928	0.81518	4.41310e-05
2.31997e+04	4.97278e-02	2.09271e-02	5.63594	0.29570	4.41310e-05
2.32462e+04	4.96950e-02	1.66985e-02	5.97758	6.24679	4.41310e-05
2.32928e+04	4.96571e-02	1.43483e-02	3.00878	5.87457	4.41310e-05
2.33394e+04	4.96303e-02	1.62253e-02	2.35991	5.92555	4.41310e-05
2.33860e+04	4.96338e-02	1.73230e-02	4.17886	0.02112	4.41310e-05
2.34326e+04	4.96373e-02	2.24356e-02	2.16453	0.68916	4.41310e-05
2.34792e+04	4.96234e-02	2.15467e-02	2.63852	1.54389	4.41310e-05
2.35258e+04	4.95731e-02	1.79520e-02	5.88638	2.55606	4.41310e-05
2.35723e+04	4.96256e-02	1.82552e-02	5.27775	3.82009	4.41310e-05
2.36189e+04	4.95860e-02	1.39302e-02	0.50215	5.67131	4.41310e-05
2.36655e+04	4.95779e-02	1.48749e-02	4.78298	1.34625	4.41310e-05
2.37121e+04	4.95833e-02	1.85879e-02	5.41442	3.30943	4.41310e-05
2.37587e+04	4.95274e-02	1.15991e-02	2.37196	5.50088	4.41310e-05
2.38053e+04	4.95544e-02	1.39263e-02	1.05385	2.41560	4.41310e-05
2.38519e+04	4.95089e-02	1.89668e-02	3.08951	4.98562	4.41310e-05
2.38984e+04	4.95278e-02	1.70976e-02	1.84084	1.09551	4.41310e-05
2.39450e+04	4.94794e-02	1.23362e-02	1.27856	5.48519	4.41310e-05
2.39916e+04	4.95260e-02	2.34137e-02	5.38643	1.77290	4.41310e-05
2.40382e+04	4.94643e-02	7.08202e-03	4.59799	5.60262	4.41310e-05
2.40848e+04	4.94725e-02	2.22617e-02	0.41804	3.04111	4.41310e-05
2.41314e+04	4.94495e-02	1.07420e-02	5.31082	0.44258	4.41310e-05
2.41780e+04	4.94369e-02	1.93404e-02	5.90639	4.85489	4.41310e-05
2.42245e+04	4.94742e-02	1.42538e-02	3.18748	2.74447	4.41310e-05
2.42711e+04	4.94239e-02	1.66128e-02	2.98958	0.94027	4.41310e-05
2.43177e+04	4.94105e-02	1.34732e-02	5.17829	5.63028	4.41310e-05
2.43643e+04	4.94227e-02	1.76327e-02	3.84018	4.08133	4.41310e-05
2.44109e+04	4.94341e-02	1.62150e-02	5.01124	2.82150	4.41310e-05
2.44575e+04	4.93648e-02	1.53604e-02	2.81802	1.39147	4.41310e-05
2.45041e+04	4.93448e-02	1.95116e-02	2.56843	0.70433	4.41310e-05
2.45506e+04	4.93483e-02	1.23342e-02	4.93961	0.12863	4.41310e-05
2.45972e+04	4.93672e-02	1.56266e-02	4.73644	4.89664	4.41310e-05
2.46438e+04	4.93541e-02	2.21690e-02	6.13236	4.55519	4.41310e-05
2.46904e+04	4.93444e-02	1.73425e-02	3.96260	4.22612	4.41310e-05
2.47370e+04	4.93239e-02	1.64903e-02	5.05758	3.33206	4.41310e-05
2.47836e+04	4.92984e-02	2.09181e-02	1.81071	3.21209	4.41310e-05
2.48302e+04	4.92513e-02	1.77052e-02	1.04155	3.36090	4.41310e-05
2.48767e+04	4.92537e-02	1.00101e-02	3.39089	3.07357	4.41310e-05
2.49233e+04	4.92351e-02	1.13011e-02	2.76014	2.26906	4.41310e-05
2.49699e+04	4.92445e-02	1.77278e-02	3.96681	2.26864	4.41310e-05
2.50165e+04	4.92382e-02	1.53380e-02	1.71352	2.23423	4.41310e-05
2.50631e+04	4.92329e-02	1.57757e-02	2.44774	1.84527	4.41310e-05
2.51097e+04	4.92171e-02	2.04395e-02	5.45518	2.00387	4.41310e-05
2.51563e+04	4.92059e-02	1.71082e-02	4.84042	2.14987	4.41310e-05
2.52028e+04	4.92056e-02	1.75332e-02	0.92364	2.07878	4.41310e-05
2.52494e+04	4.91638e-02	1.70257e-02	5.76982	2.27331	4.41310e-05
2.52960e+04	4.91564e-02	1.79570e-02	0.53712	2.62235	4.41310e-05
2.53426e+04	4.91393e-02	1.41070e-02	4.57238	2.78697	4.41310e-05
2.53892e+04	4.91397e-02	1.18603e-02	5.10663	2.80712	4.41310e-05
2.54358e+04	4.91162e-02	1.36080e-02	2.10377	2.85854	4.41310e-05
2.54824e+04	4.91191e-02	1.41412e-02	1.67368	3.04440	4.41310e-05
2.55289e+04	4.91281e-02	1.69144e-02	3.62014	3.54523	4.41310e-05
2.55755e+04	4.91250e-02	1.58433e-02	2.20003	3.89672	4.41310e-05
2.56221e+04	4.91232e-02	1.71200e-02	3.17535	4.51296	4.41310e-05
2.56687e+04	4.90875e-02	1.87312e-02	0.38812	5.35220	4.41310e-05
2.57153e+04	4.90517e-02	1.63987e-02	0.30954	6.24479	4.41310e-05
2.57619e+04	4.90597e-02	1.42075e-02	3.01083	0.76177	4.41310e-05
2.58085e+04	4.90412e-02	1.14409e-02	2.38356	1.33179	4.41310e-05
2.58550e+04	4.90519e-02	1.32820e-02	4.74428	1.59318	4.41310e-05
2.59016e+04	4.90350e-02	1.66266e-02	2.94666	2.38519	4.41310e-05
2.59482e+04	4.90259e-02	1.86007e-02	3.74565	3.34527	4.41310e-05
2.59948e+04	4.89677e-02	1.80682e-02	1.19077	4.10378	4.41310e-05
2.60414e+04	4.89690e-02	1.68587e-02	1.28545	4.89786	4.41310e-05
2.60880e+04	4.90212e-02	1.63861e-02	4.21271	5.53506	4.41310e-05
2.61346e+04	4.89701e-02	1.52057e-02	3.40406	0.05975	4.41310e-05
2.61811e+04	4.89495e-02	1.36497e-02	5.15958	1.10095	4.41310e-05
2.62277e+04	4.89492e-02	1.63595e-02	3.47559	2.03813	4.41310e-05
2.62743e+04	4.89776e-02	1.90068e-02	4.37867	3.11788	4.41310e-05
2.63209e+04	4.89291e-02	1.32507e-02	2.87335	3.49029	4.41310e-05
2.63675e+04	4.89062e-02	2.03512e-02	5.77023	2.10254	4.41310e-05
2.64141e+04	4.89444e-02	9.59620e-03	4.50567	4.06743	4.41310e-05
2.64607e+04	4.88995e-02	9.37077e-03	4.95504	5.82098	4.41310e-05
2.65072e+04	4.89339e-02	2.76678e-03	0.76450	4.98180	4.41310e-05
2.65538e+04	4.89108e-02	1.23125e-02	5.19400	4.57574	4.41310e-05
2.66004e+04	4.89100e-02	1.72934e-02	5.88028	5.27001	4.41310e-05
2.66470e+04	4.88782e-02	1.32980e-02	5.52449	3.14715	4.41310e-05
2.66936e+04	4.88780e-02	1.95597e-02	4.77100	1.73684	4.41310e-05
2.67402e+04	4.88915e-02	1.43277e-02	5.40716	1.27361	4.41310e-05
2.67868e+04	4.88314e-02	1.10001e-02	0.41373	1.60735	4.41310e-05
2.68333e+04	4.88108e-02	9.17748e-03	5.12497	3.58270	4.41310e-05
2.68799e+04	4.88170e-02	1.05232e-02	5.68212	0.28340	4.41310e-05
2.69265e+04	4.88232e-02	4.56916e-03	3.97139	2.23312	4.41310e-05
2.69731e+04	4.88133e-02	1.77225e-02	2.69324	0.07302	4.41310e-05
2.70197e+04	4.88049e-02	1.14046e-02	0.05275	2.27856	4.41310e-05
2.70663e+04	4.87411e-02	1.68583e-02	3.70819	1.13514	4.41310e-05
2.71129e+04	4.87660e-02	2.19432e-02	2.21529	1.87098	4.41310e-05
2.71594e+04	4.87839e-02	1.87684e-02	0.13132	5.12861	4.41310e-05
2.72060e+04	4.87309e-02	7.78418e-03	2.39968	0.84771	4.41310e-05
2.72526e+04	4.87255e-02	2.17534e-02	0.51574	3.81821	4.41310e-05
2.72992e+04	4.87002e-02	1.69226e-02	3.81897	4.10975	4.41310e-05
2.73458e+04	4.87040e-02	2.64332e-02	5.47271	2.44089	4.41310e-05
2.73924e+04	4.87190e-02	2.60816e-02	3.78308	3.13287	4.41310e-05
2.74390e+04	4.87381e-02	2.60138e-02	5.48201	2.42811	4.41310e-05
2.74855e+04	4.86712e-02	2.05115e-02	1.98713	2.55832	4.41310e-05
2.75321e+04	4.86964e-02	2.37041e-02	2.86186	5.71608	4.41310e-05
2.75787e+04	4.86876e-02	1.45121e-02	4.07883	3.20326	4.41310e-05
2.76253e+04	4.87594e-02	2.37489e-02	1.23669	4.89391	4.41310e-05
2.76719e+04	4.86436e-02	1.74326e-02	4.70354	0.80995	4.41310e-05
2.77185e+04	4.86616e-02	8.28448e-03	0.13341	0.49910	4.41310e-05
2.77651e+04	4.86615e-02	2.42558e-02	3.56062	0.65071	4.41310e-05
2.78116e+04	4.86276e-02	1.67007e-02	1.67435	1.48927	4.41310e-05
2.78582e+04	4.85921e-02	2.26894e-02	2.80212	5.53399	4.41310e-05
2.79048e+04	4.86714e-02	2.45838e-02	5.08291	5.57684	4.41310e-05
2.79514e+04	4.86413e-02	2.10219e-02	6.16958	0.46701	4.41310e-05
2.79980e+04	4.86700e-02	3.30389e-02	4.45989	4.24556	4.41310e-05
2.80446e+04	4.86351e-02	8.80907e-03	3.80130	1.63581	4.41310e-05
2.80912e+04	4.86570e-02	2.82291e-02	4.07441	6.18752	4.41310e-05
2.81377e+04	4.86226e-02	3.23260e-02	5.06052	5.85391	4.41310e-05
2.81843e+04	4.85750e-02	4.80584e-02	0.62587	6.04835	4.41310e-05
2.82309e+04	4.86832e-02	4.70147e-02	4.09142	5.62026	4.41310e-05
2.82775e+04	4.86373e-02	1.94911e-02	2.52159	2.64502	4.41310e-05
2.83241e+04	4.86426e-02	4.40090e-02	4.65998	5.33426	4.41310e-05
2.83707e+04	4.85791e-02	1.46693e-02	5.72890	1.84699	4.41310e-05
2.84173e+04	4.85977e-02	3.61925e-02	2.72198	5.69248	4.41310e-05
2.84638e+04	4.85870e-02	3.56109e-02	2.51761	2.27376	4.41310e-05
2.85104e+04	4.86197e-02	5.13268e-02	5.91808	0.25877	4.41310e-05
2.85570e+04	4.86174e-02	1.69653e-02	0.02624	3.01631	4.41310e-05
2.86036e+04	4.85834e-02	2.81985e-02	0.91970	0.30515	4.41310e-05
2.86502e+04	4.85429e-02	3.56795e-02	3.40727	2.83198	4.41310e-05
2.86968e+04	4.85871e-02	4.84266e-02	5.14882	1.88008	4.41310e-05
2.87434e+04	4.85730e-02	3.43954e-02	1.69132	0.64465	4.41310e-05
2.87899e+04	4.85733e-02	2.37352e-02	5.38998	5.35083	4.41310e-05
2.88365e+04	4.85602e-02	4.19836e-02	4.06224	3.08038	4.41310e-05
2.88831e+04	4.85712e-02	2.17829e-02	3.99842	0.51280	4.41310e-05
2.89297e+04	4.85587e-02	3.34351e-02	4.48382	4.44807	4.41310e-05
2.89763e+04	4.85840e-02	3.78054e-02	1.72129	4.23806	4.41310e-05
2.90229e+04	4.85453e-02	4.21828e-02	2.33348	3.79504	4.41310e-05
2.90695e+04	4.85632e-02	4.01687e-02	4.77591	2.98169	4.41310e-05
2.91160e+04	4.85291e-02	3.67984e-02	2.41515	2.96632	4.41310e-05
2.91626e+04	4.85723e-02	3.12267e-02	1.57298	1.79227	4.41310e-05
2.92092e+04	4.84964e-02	3.77497e-02	0.81308	6.20954	4.41310e-05
2.92558e+04	4.85629e-02	2.71913e-02	5.89072	0.23539	4.41310e-05
2.93024e+04	4.85457e-02	2.62558e-02	5.79790	6.10936	4.41310e-05
2.93490e+04	4.85294e-02	2.71393e-02	5.19013	0.29428	4.41310e-05
2.93956e+04	4.85266e-02	2.95693e-02	5.94098	6.17541	4.41310e-05
2.94421e+04	4.85142e-02	2.92829e-02	2.57050	5.26887	4.41310e-05
2.94887e+04	4.84967e-02	2.82863e-02	4.27734	5.79849	4.41310e-05
2.95353e+04	4.84682e-02	2.73268e-02	2.80740	4.16928	4.41310e-05
2.95819e+04	4.85047e-02	3.58897e-02	2.36690	3.13374	4.41310e-05
2.96285e+04	4.84923e-02	3.16240e-02	2.83393	1.23670	4.41310e-05
2.96751e+04	4.84777e-02	3.77579e-02	2.01616	2.65369	4.41310e-05
2.97217e+04	4.84862e-02	2.84818e-02	4.80292	5.55854	4.41310e-05
2.97682e+04	4.85061e-02	4.23235e-02	5.04283	1.21765	4.41310e-05
2.98148e+04	4.85008e-02	4.08257e-02	1.81578	2.18877	4.41310e-05
2.98614e+04	4.85137e-02	3.84851e-02	4.21954	3.89749	4.41310e-05
2.99080e+04	4.84882e-02	3.41503e-02	1.74662	0.66514	4.41310e-05
2.99546e+04	4.84741e-02	4.53681e-02	1.22207	1.41397	4.41310e-05
3.00012e+04	4.84686e-02	3.00078e-02	0.72098	4.17465	4.41310e-05
3.00478e+04	4.85106e-02	4.40742e-02	1.40128	0.12684	4.41310e-05
3.00943e+04	4.84142e-02	3.37398e-02	3.00623	2.48468	4.41310e-05
3.01409e+04	4.84389e-02	3.13435e-02	4.87276	4.87523	4.41310e-05
3.01875e+04	4.84822e-02	4.63180e-02	1.73421	1.79126	4.41310e-05
3.02341e+04	4.84231e-02	3.24624e-02	5.30624	4.19779	4.41310e-05
3.02807e+04	4.84318e-02	3.95957e-02	4.07711	0.69757	4.41310e-05
3.03273e+04	4.84246e-02	3.53987e-02	3.21095	3.11249	4.41310e-05
3.03739e+04	4.84972e-02	4.43447e-02	4.67063	3.71268	4.41310e-05
3.04204e+04	4.84687e-02	3.67820e-02	0.67129	0.67168	4.41310e-05
3.04670e+04	4.84694e-02	4.25676e-02	2.75806	3.27972	4.41310e-05
3.05136e+04	4.83960e-02	3.89740e-02	5.82890	6.12583	4.41310e-05
3.05602e+04	4.84206e-02	3.87139e-02	3.49890	3.79408	4.41310e-05
3.06068e+04	4.84272e-02	4.59388e-02	0.93190	0.36261	4.41310e-05
3.06534e+04	4.83927e-02	4.14497e-02	3.77847	4.92255	4.41310e-05
3.07000e+04	4.84591e-02	3.92020e-02	3.29536	1.52890	4.41310e-05
3.07465e+04	4.83717e-02	4.28979e-02	3.14459	5.84392	4.41310e-05
3.07931e+04	4.84224e-02	4.11226e-02	5.01011	2.74671	4.41310e-05
3.08397e+04	4.83894e-02	3.61492e-02	1.20664	0.32817	4.41310e-05
3.08863e+04	4.83636e-02	4.79241e-02	2.70458	4.16598	4.41310e-05
3.09329e+04	4.83572e-02	3.47744e-02	0.21341	1.68138	4.41310e-05
3.09795e+04	4.84303e-02	3.98656e-02	5.51383	5.38446	4.41310e-05
3.10261e+04	4.83666e-02	4.76621e-02	5.66907	2.97162	4.41310e-05
3.10726e+04	4.83592e-02	3.13884e-02	1.63802	0.00909	4.41310e-05
3.11192e+04	4.83465e-02	4.48495e-02	3.29708	3.81338	4.41310e-05
3.11658e+04	4.83793e-02	3.36905e-02	1.67834	0.80737	4.41310e-05
3.12124e+04	4.84337e-02	4.65164e-02	5.41174	4.87725	4.41310e-05
3.12590e+04	4.83777e-02	4.32490e-02	3.82662	2.94079	4.41310e-05
3.13056e+04	4.83271e-02	3.34274e-02	3.71862	0.55079	4.41310e-05
3.13522e+04	4.84178e-02	4.80204e-02	4.90868	3.91776	4.41310e-05
3.13987e+04	4.83214e-02	4.63850e-02	2.37298	2.22414	4.41310e-05
3.14453e+04	4.83423e-02	3.28844e-02	0.99467	5.42098	4.41310e-05
3.14919e+04	4.84029e-02	5.12768e-02	0.96227	3.02718	4.41310e-05
3.15385e+04	4.83428e-02	4.57736e-02	4.69344	1.43140	4.41310e-05
3.15851e+04	4.83568e-02	3.18238e-02	4.56160	4.69882	4.41310e-05
3.16317e+04	4.83501e-02	4.64003e-02	4.60282	2.29625	4.41310e-05
3.16783e+04	4.83525e-02	4.16948e-02	1.84524	5.67311	4.41310e-05
3.17248e+04	4.83366e-02	3.71204e-02	6.27463	3.15904	4.41310e-05
3.17714e+04	4.83538e-02	5.19010e-02	2.79462	0.92175	4.41310e-05
3.18180e+04	4.83041e-02	3.33846e-02	0.89468	4.82566	4.41310e-05
3.18646e+04	4.82887e-02	4.34174e-02	2.75071	2.26478	4.41310e-05
3.19112e+04	4.83509e-02	4.10791e-02	4.59098	5.25230	4.41310e-05
3.19578e+04	4.83302e-02	3.45736e-02	4.46345	3.85515	4.41310e-05
3.20044e+04	4.83280e-02	2.39459e-02	0.75261	4.81391	4.41310e-05
3.20509e+04	4.83331e-02	3.47653e-02	5.77360	2.47196	4.41310e-05
3.20975e+04	4.82697e-02	4.73796e-02	3.54274	5.24333	4.41310e-05
3.21441e+04	4.83189e-02	3.44553e-02	1.25699	2.52099	4.41310e-05
3.21907e+04	4.83132e-02	3.54657e-02	2.88733	5.66161	4.41310e-05
3.22373e+04	4.82758e-02	4.70123e-02	3.92274	0.49444	4.41310e-05
3.22839e+04	4.82712e-02	4.93359e-02	3.35952	5.84879	4.41310e-05
3.23305e+04	4.83275e-02	3.66471e-02	4.93098	2.96973	4.41310e-05
3.23770e+04	4.83238e-02	2.60786e-02	4.49116	6.00661	4.41310e-05
3.24236e+04	4.82607e-02	6.48316e-02	2.05379	2.29972	4.41310e-05
3.24702e+04	4.82942e-02	5.38312e-02	5.35765	1.56491	4.41310e-05
3.25168e+04	4.83222e-02	4.10076e-02	0.16733	1.03799	4.41310e-05
3.25634e+04	4.83122e-02	4.22777e-02	1.50418	6.22656	4.41310e-05
3.26100e+04	4.82470e-02	3.61114e-02	3.47601	2.51756	4.41310e-05
3.26566e+04	4.82803e-02	5.28407e-02	5.21252	0.46744	4.41310e-05
3.27031e+04	4.82721e-02	3.18187e-02	1.69062	3.08060	4.41310e-05
3.27497e+04	4.83003e-02	3.88786e-02	2.15554	0.17160	4.41310e-05
3.27963e+04	4.82242e-02	4.84127e-02	0.43910	2.49699	4.41310e-05
3.28429e+04	4.82631e-02	2.88707e-02	0.16132	4.50490	4.41310e-05
3.28895e+04	4.83112e-02	5.36200e-02	2.70446	2.36967	4.41310e-05
3.29361e+04	4.82313e-02	3.05220e-02	3.93196	4.51262	4.41310e-05
3.29827e+04	4.82776e-02	2.44705e-02	0.02561	6.21136	4.41310e-05
3.30292e+04	4.82417e-02	3.78383e-02	5.04038	4.44756	4.41310e-05
3.30758e+04	4.82574e-02	3.32438e-02	3.07071	0.29844	4.41310e-05
3.31224e+04	4.82268e-02	2.64104e-02	2.57251	0.31432	4.41310e-05
3.31690e+04	4.82550e-02	3.08398e-02	3.44171	6.17903	4.41310e-05
3.32156e+04	4.82143e-02	3.86218e-02	3.12549	2.86065	4.41310e-05
3.32622e+04	4.82297e-02	2.72112e-02	5.82525	1.62870	4.41310e-05
3.33088e+04	4.82767e-02	4.46877e-02	2.64994	3.02914	4.41310e-05
3.33553e+04	4.82067e-02	2.29779e-02	6.09171	3.66011	4.41310e-05
3.34019e+04	4.82433e-02	3.08049e-02	5.49646	2.97421	4.41310e-05
3.34485e+04	4.82042e-02	4.63127e-02	2.82503	0.02891	4.41310e-05
3.34951e+04	4.82177e-02	3.25378e-02	4.09441	5.01331	4.41310e-05
3.35417e+04	4.82476e-02	4.92183e-02	4.87949	0.45962	4.41310e-05
3.35883e+04	4.82084e-02	3.05522e-02	1.19412	0.40592	4.41310e-05
3.36349e+04	4.81971e-02	3.30369e-02	3.48275	1.27878	4.41310e-05
3.36814e+04	4.82301e-02	3.95172e-02	0.37393	3.50136	4.41310e-05
3.37280e+04	4.81434e-02	4.73806e-02	5.23905	3.03095	4.41310e-05
3.37746e+04	4.82201e-02	3.59898e-02	4.52031	4.63434	4.41310e-05
3.38212e+04	4.82217e-02	2.83633e-02	4.66422	5.27239	4.41310e-05
3.38678e+04	4.81816e-02	3.61366e-02	5.04514	0.30577	4.41310e-05
3.39144e+04	4.82491e-02	4.64166e-02	0.61003	1.72610	4.41310e-05
3.39610e+04	4.81593e-02	4.08759e-02	4.06788	1.36961	4.41310e-05
3.40075e+04	4.82367e-02	3.19308e-02	0.16738	4.22365	4.41310e-05
3.40541e+04	4.81981e-02	2.42757e-02	5.13853	4.49705	4.41310e-05
3.41007e+04	4.81982e-02	4.71771e-02	3.97320	5.94780	4.41310e-05
3.41473e+04	4.82323e-02	3.23786e-02	3.65243	1.23919	4.41310e-05
3.41939e+04	4.81931e-02	3.50127e-02	5.34674	1.35849	4.41310e-05
3.42405e+04	4.81426e-02	4.58886e-02	5.69431	4.14225	4.41310e-05
3.42871e+04	4.81542e-02	4.59333e-02	3.23562	3.98899	4.41310e-05
3.43336e+04	4.80999e-02	3.18291e-02	6.16043	6.11779	4.41310e-05
3.43802e+04	4.81301e-02	2.56997e-02	3.83408	1.65555	4.41310e-05
3.44268e+04	4.81134e-02	4.26958e-02	3.22022	2.54681	4.41310e-05
3.44734e+04	4.81346e-02	3.25123e-02	2.79974	4.58718	4.41310e-05
3.45200e+04	4.81829e-02	3.68914e-02	3.91638	5.33910	4.41310e-05
3.45666e+04	4.81270e-02	4.56726e-02	5.20199	1.17190	4.41310e-05
3.46132e+04	4.81297e-02	3.72777e-02	1.80384	2.20791	4.41310e-05
3.46597e+04	4.80999e-02	2.75507e-02	5.17920	3.92925	4.41310e-05
3.47063e+04	4.81073e-02	4.09723e-02	2.70810	6.27818	4.41310e-05
3.47529e+04	4.81408e-02	4.01562e-02	2.34869	0.75857	4.41310e-05
3.47995e+04	4.80710e-02	3.78483e-02	1.58779	3.16891	4.41310e-05
3.48461e+04	4.81144e-02	4.18252e-02	2.45713	4.59085	4.41310e-05
3.48927e+04	4.80859e-02	3.51916e-02	4.62220	6.03275	4.41310e-05
3.49393e+04	4.81450e-02	3.52098e-02	6.06224	2.64362	4.41310e-05
3.49858e+04	4.81113e-02	4.03120e-02	3.96047	3.59654	4.41310e-05
3.50324e+04	4.80370e-02	3.83019e-02	1.71884	5.95559	4.41310e-05
3.50790e+04	4.80569e-02	2.96147e-02	0.83434	1.28412	4.41310e-05
3.51256e+04	4.80652e-02	3.96220e-02	0.70990	3.37624	4.41310e-05
3.51722e+04	4.81370e-02	3.54321e-02	1.05691	5.78197	4.41310e-05
3.52188e+04	4.80480e-02	3.98138e-02	3.10441	0.96422	4.41310e-05
3.52654e+04	4.80699e-02	3.99089e-02	5.46225	3.38566	4.41310e-05
3.53119e+04	4.80826e-02	2.70450e-02	2.96517	5.18698	4.41310e-05
3.53585e+04	4.80298e-02	4.56513e-02	0.67067	1.28995	4.41310e-05
3.54051e+04	4.80606e-02	3.52293e-02	6.00664	3.51380	4.41310e-05
3.54517e+04	4.80712e-02	3.69893e-02	6.27321	5.22223	4.41310e-05
3.54983e+04	4.80855e-02	3.88802e-02	0.13788	1.92419	4.41310e-05
3.55449e+04	4.80102e-02	2.74850e-02	2.42379	3.50162	4.41310e-05
3.55915e+04	4.80726e-02	4.92073e-02	4.66380	6.20666	4.41310e-05
3.56380e+04	4.80549e-02	2.89838e-02	2.15894	2.22653	4.41310e-05
3.56846e+04	4.80193e-02	4.04341e-02	0.38774	4.33617	4.41310e-05
3.57312e+04	4.80475e-02	3.97110e-02	5.50168	0.87225	4.41310e-05
3.57778e+04	4.80034e-02	3.18368e-02	5.93222	2.54590	4.41310e-05
3.58244e+04	4.80691e-02	4.31417e-02	0.09863	5.66056	4.41310e-05
3.58710e+04	4.80032e-02	3.26049e-02	2.06320	1.81250	4.41310e-05
3.59175e+04	4.80324e-02	4.54448e-02	5.00919	3.95661	4.41310e-05
3.59641e+04	4.80048e-02	3.25777e-02	2.11281	0.74078	4.41310e-05
3.60107e+04	4.80078e-02	4.08308e-02	0.61311	2.76934	4.41310e-05
3.60573e+04	4.80319e-02	3.82848e-02	6.17388	5.55992	4.41310e-05
3.61039e+04	4.79877e-02	3.58816e-02	6.24335	1.97902	4.41310e-05
3.61505e+04	4.79858e-02	4.02015e-02	1.17022	4.32658	4.41310e-05
3.61971e+04	4.80137e-02	4.08300e-02	3.09570	1.10751	4.41310e-05
3.62436e+04	4.79455e-02	3.72790e-02	6.14571	3.27690	4.41310e-05
3.62902e+04	4.79948e-02	3.79829e-02	3.42761	0.20624	4.41310e-05
3.63368e+04	4.79688e-02	4.17995e-02	2.15910	2.58060	4.41310e-05
3.63834e+04	4.80208e-02	3.45898e-02	1.30443	5.59514	4.41310e-05
3.64300e+04	4.79837e-02	4.49714e-02	2.04103	2.02538	4.41310e-05
3.64766e+04	4.79662e-02	3.64884e-02	3.09643	4.65031	4.41310e-05
3.65232e+04	4.79645e-02	3.87165e-02	5.38227	1.54302	4.41310e-05
3.65697e+04	4.79330e-02	3.63693e-02	2.13608	4.19805	4.41310e-05
3.66163e+04	4.80000e-02	4.33981e-02	6.16048	0.91653	4.41310e-05
3.66629e+04	4.79388e-02	3.45699e-02	4.88886	3.99911	4.41310e-05
3.67095e+04	4.79856e-02	4.62162e-02	4.58000	0.27475	4.41310e-05
3.67561e+04	4.79836e-02	3.55673e-02	5.05096	3.80645	4.41310e-05
3.68027e+04	4.79128e-02	4.15979e-02	0.35718	0.11127	4.41310e-05
3.68493e+04	4.79814e-02	4.00395e-02	2.77439	3.23847	4.41310e-05
3.68958e+04	4.79086e-02	3.87818e-02	6.10908	0.26803	4.41310e-05
3.69424e+04	4.79854e-02	3.82128e-02	4.16870	2.93923	4.41310e-05
3.69890e+04	4.79468e-02	4.15719e-02	3.19735	0.17618	4.41310e-05
3.70356e+04	4.78949e-02	3.88140e-02	2.83666	3.20087	4.41310e-05
3.70822e+04	4.79745e-02	3.90673e-02	3.98195	6.24665	4.41310e-05
3.71288e+04	4.79073e-02	4.08292e-02	5.58981	3.49856	4.41310e-05
3.71754e+04	4.79242e-02	4.20527e-02	2.00540	6.27496	4.41310e-05
3.72219e+04	4.79442e-02	3.95091e-02	5.60791	3.80721	4.41310e-05
3.72685e+04	4.79098e-02	3.92001e-02	4.22535	0.16026	4.41310e-05
3.73151e+04	4.79439e-02	4.52423e-02	3.05392	3.93489	4.41310e-05
3.73617e+04	4.79102e-02	3.48683e-02	3.59982	0.95265	4.41310e-05
3.74083e+04	4.78772e-02	4.48305e-02	4.83822	3.74621	4.41310e-05
3.74549e+04	4.79220e-02	4.28813e-02	0.23791	1.64529	4.41310e-05
3.75015e+04	4.78589e-02	3.79232e-02	3.73427	4.30732	4.41310e-05
3.75480e+04	4.79005e-02	4.12035e-02	1.14660	1.76506	4.41310e-05
3.75946e+04	4.79145e-02	4.10777e-02	0.00130	5.28155	4.41310e-05
3.76412e+04	4.78708e-02	4.12351e-02	5.74440	2.18347	4.41310e-05
3.76878e+04	4.78900e-02	3.63740e-02	0.12727	5.98190	4.41310e-05
3.77344e+04	4.78474e-02	4.20667e-02	1.85188	2.75518	4.41310e-05
3.77810e+04	4.78700e-02	4.35807e-02	3.87323	0.36823	4.41310e-05
3.78276e+04	4.78496e-02	3.33730e-02	1.28942	3.98370	4.41310e-05
3.78741e+04	4.78788e-02	4.59962e-02	5.83656	0.63233	4.41310e-05
3.79207e+04	4.78713e-02	4.12960e-02	4.52578	4.89377	4.41310e-05
3.79673e+04	4.78232e-02	3.92719e-02	4.76533	1.85311	4.41310e-05
3.80139e+04	4.78910e-02	3.96162e-02	5.72562	5.32602	4.41310e-05
3.80605e+04	4.78795e-02	4.40707e-02	1.46094	2.97822	4.41310e-05
3.81071e+04	4.78222e-02	4.08869e-02	4.22166	0.01198	4.41310e-05
3.81537e+04	4.78423e-02	3.77798e-02	1.62962	4.03674	4.41310e-05
3.82002e+04	4.78362e-02	4.14807e-02	0.64528	1.05821	4.41310e-05
3.82468e+04	4.77985e-02	4.48076e-02	6.00482	4.89357	4.41310e-05
3.82934e+04	4.78227e-02	3.62309e-02	0.18551	2.55673	4.41310e-05
3.83400e+04	4.77910e-02	4.27286e-02	1.87361	5.78542	4.41310e-05
3.83866e+04	4.78616e-02	3.97139e-02	3.83339	3.60711	4.41310e-05
3.84332e+04	4.78360e-02	4.31740e-02	1.22574	0.92399	4.41310e-05
3.84798e+04	4.77933e-02	3.94102e-02	5.39095	4.78527	4.41310e-05
3.85263e+04	4.78047e-02	3.93005e-02	4.37360	2.18295	4.41310e-05
3.85729e+04	4.78247e-02	4.52396e-02	4.39897	5.93444	4.41310e-05
3.86195e+04	4.78065e-02	3.94898e-02	4.95191	3.78003	4.41310e-05
3.86661e+04	4.78426e-02	4.03920e-02	0.94017	0.84657	4.41310e-05
3.87127e+04	4.78025e-02	4.62898e-02	3.71698	5.00863	4.41310e-05
3.87593e+04	4.77735e-02	3.92539e-02	1.00145	2.63513	4.41310e-05
3.88059e+04	4.78132e-02	4.14060e-02	5.94018	0.00295	4.41310e-05
3.88524e+04	4.77714e-02	4.03605e-02	5.38040	4.19069	4.41310e-05
3.88990e+04	4.77999e-02	4.29816e-02	5.74893	1.41173	4.41310e-05
3.89456e+04	4.78237e-02	4.56024e-02	0.67930	5.80234	4.41310e-05
3.89922e+04	4.77674e-02	3.67458e-02	3.16376	3.44684	4.41310e-05
3.90388e+04	4.77332e-02	4.26861e-02	0.36951	0.65129	4.41310e-05
3.90854e+04	4.77633e-02	4.63201e-02	4.40797	5.24723	4.41310e-05
3.91320e+04	4.77460e-02	3.87430e-02	3.31765	2.65326	4.41310e-05
3.91785e+04	4.77887e-02	4.08691e-02	3.35087	0.46636	4.41310e-05
3.92251e+04	4.77758e-02	4.11725e-02	4.45727	4.56573	4.41310e-05
3.92717e+04	4.77203e-02	4.37754e-02	6.21035	2.08732	4.41310e-05
3.93183e+04	4.77389e-02	4.21631e-02	2.66049	0.27163	4.41310e-05
3.93649e+04	4.77118e-02	3.89403e-02	0.37299	4.03427	4.41310e-05
3.94115e+04	4.77607e-02	4.19980e-02	5.07470	1.86511	4.41310e-05
3.94581e+04	4.77420e-02	4.34374e-02	4.71567	6.03649	4.41310e-05
3.95046e+04	4.77466e-02	4.40159e-02	5.10514	3.78829	4.41310e-05
3.95512e+04	4.77611e-02	3.87788e-02	0.14321	1.80133	4.41310e-05
3.95978e+04	4.77497e-02	4.37055e-02	3.05236	5.55791	4.41310e-05
3.96444e+04	4.77153e-02	4.59754e-02	6.00963	3.74264	4.41310e-05
3.96910e+04	4.77592e-02	4.07016e-02	4.10965	1.57514	4.41310e-05
3.97376e+04	4.77158e-02	4.08797e-02	3.47308	5.52451	4.41310e-05
3.97842e+04	4.76882e-02	4.12848e-02	3.22245	3.66702	4.41310e-05
3.98307e+04	4.77243e-02	4.48386e-02	4.43339	1.29654	4.41310e-05
3.98773e+04	4.76552e-02	4.27545e-02	0.00608	5.84082	4.41310e-05
3.99239e+04	4.76927e-02	3.97683e-02	2.86320	3.73563	4.41310e-05
3.99705e+04	4.77292e-02	4.11968e-02	0.94003	1.34346	4.41310e-05
4.00171e+04	4.77160e-02	4.47587e-02	5.76304	5.89593	4.41310e-05
4.00637e+04	4.77098e-02	4.45739e-02	5.23597	3.72120	4.41310e-05
4.01103e+04	4.77454e-02	4.19020e-02	5.91523	1.86046	4.41310e-05
4.01568e+04	4.76835e-02	3.98084e-02	1.30491	6.00393	4.41310e-05
4.02034e+04	4.77013e-02	4.45997e-02	3.86421	3.85354	4.41310e-05
4.02500e+04	4.76934e-02	4.47828e-02	1.12389	2.16450	4.41310e-05
4.02966e+04	4.76728e-02	4.03794e-02	5.67319	6.25635	4.41310e-05
4.03432e+04	4.77019e-02	4.24319e-02	4.82457	4.36685	4.41310e-05
4.03898e+04	4.77084e-02	4.29761e-02	5.28083	2.33293	4.41310e-05
4.04364e+04	4.76282e-02	4.49858e-02	0.05363	0.37607	4.41310e-05
4.04829e+04	4.76605e-02	4.23594e-02	2.00017	4.98400	4.41310e-05
4.05295e+04	4.76400e-02	3.99545e-02	5.60646	2.67621	4.41310e-05
4.05761e+04	4.76508e-02	4.19510e-02	3.34568	0.90430	4.41310e-05
4.06227e+04	4.76728e-02	4.45127e-02	2.09267	5.23490	4.41310e-05
4.06693e+04	4.76360e-02	4.62156e-02	2.00440	3.32708	4.41310e-05
4.07159e+04	4.76069e-02	4.03740e-02	2.57803	1.70508	4.41310e-05
4.07625e+04	4.76413e-02	4.05869e-02	4.61784	5.70961	4.41310e-05
4.08090e+04	4.76521e-02	4.48201e-02	1.21335	3.95252	4.41310e-05
4.08556e+04	4.76197e-02	4.53123e-02	4.75778	2.22442	4.41310e-05
4.09022e+04	4.76195e-02	4.24193e-02	3.15464	0.27982	4.41310e-05
4.09488e+04	4.76408e-02	4.11374e-02	2.76798	4.81340	4.41310e-05
4.09954e+04	4.76182e-02	4.23151e-02	3.31260	2.75230	4.41310e-05
4.10420e+04	4.76098e-02	4.39560e-02	4.48556	1.06087	4.41310e-05
4.10886e+04	4.76135e-02	4.48050e-02	0.71124	5.52380	4.41310e-05
4.11351e+04	4.76026e-02	4.17150e-02	4.12796	3.71570	4.41310e-05
4.11817e+04	4.76229e-02	4.11673e-02	2.03724	1.99364	4.41310e-05
4.12283e+04	4.76486e-02	4.36096e-02	1.42722	6.17966	4.41310e-05
4.12749e+04	4.76019e-02	4.63510e-02	1.37036	4.66171	4.41310e-05
4.13215e+04	4.76131e-02	4.45576e-02	2.12438	2.94293	4.41310e-05
4.13681e+04	4.76026e-02	4.19787e-02	4.28546	1.05629	4.41310e-05
4.14147e+04	4.75592e-02	3.92629e-02	1.21682	5.64048	4.41310e-05
4.14612e+04	4.75790e-02	4.43476e-02	5.28877	3.64761	4.41310e-05
4.15078e+04	4.75997e-02	4.59195e-02	3.75809	2.08779	4.41310e-05
4.15544e+04	4.75677e-02	4.30188e-02	3.50722	0.40570	4.41310e-05
4.16010e+04	4.75601e-02	4.15731e-02	4.28098	4.80103	4.41310e-05
4.16476e+04	4.75898e-02	4.15103e-02	5.83234	3.13518	4.41310e-05
4.16942e+04	4.75874e-02	4.48147e-02	2.38980	1.27671	4.41310e-05
4.17408e+04	4.75443e-02	4.51189e-02	5.97845	6.02786	4.41310e-05
4.17873e+04	4.75687e-02	4.36281e-02	4.15595	4.30626	4.41310e-05
4.18339e+04	4.75712e-02	4.26602e-02	3.56903	2.56171	4.41310e-05
4.18805e+04	4.75665e-02	4.13641e-02	3.97725	0.91817	4.41310e-05
4.19271e+04	4.75405e-02	4.46938e-02	5.27745	5.29265	4.41310e-05
4.19737e+04	4.75229e-02	4.68638e-02	1.06816	3.85588	4.41310e-05
4.20203e+04	4.75561e-02	4.30121e-02	4.44619	2.22099	4.41310e-05
4.20669e+04	4.75423e-02	4.12831e-02	2.50826	0.36416	4.41310e-05
4.21134e+04	4.75162e-02	4.10780e-02	1.37284	5.07607	4.41310e-05
4.21600e+04	4.75371e-02	4.48328e-02	1.43417	3.26623	4.41310e-05
4.22066e+04	4.75296e-02	4.62379e-02	2.36267	1.74575	4.41310e-05
4.22532e+04	4.75187e-02	4.25177e-02	4.16521	0.16342	4.41310e-05
4.22998e+04	4.75413e-02	4.26920e-02	0.76900	4.70113	4.41310e-05
4.23464e+04	4.75379e-02	4.29122e-02	4.76127	3.12043	4.41310e-05
4.23930e+04	4.74828e-02	4.38974e-02	3.46121	1.37276	4.41310e-05
4.24395e+04	4.74633e-02	4.49195e-02	2.82805	6.19383	4.41310e-05
4.24861e+04	4.75203e-02	4.47520e-02	3.40399	4.58156	4.41310e-05
4.25327e+04	4.75087e-02	4.20163e-02	5.07332	2.89420	4.41310e-05
4.25793e+04	4.74772e-02	4.14288e-02	1.33766	1.34845	4.41310e-05
4.26259e+04	4.74942e-02	4.36849e-02	4.86836	5.80468	4.41310e-05
4.26725e+04	4.74961e-02	4.66446e-02	3.01150	4.38019	4.41310e-05
4.27191e+04	4.74947e-02	4.51010e-02	2.24956	2.88668	4.41310e-05
4.27656e+04	4.74716e-02	4.23447e-02	2.33185	1.20110	4.41310e-05
4.28122e+04	4.74433e-02	4.04364e-02	3.49320	5.94967	4.41310e-05
4.28588e+04	4.75002e-02	4.46158e-02	5.95961	4.21400	4.41310e-05
4.29054e+04	4.74848e-02	4.59541e-02	2.70294	2.73342	4.41310e-05
4.29520e+04	4.74419e-02	4.45781e-02	0.35083	1.24765	4.41310e-05
4.29986e+04	4.74679e-02	4.35196e-02	5.52553	5.89459	4.41310e-05
4.30452e+04	4.74763e-02	4.17106e-02	5.41245	4.36652	4.41310e-05
4.30917e+04	4.74585e-02	4.36117e-02	0.08773	2.62025	4.41310e-05
4.31383e+04	4.73976e-02	4.58632e-02	1.62136	1.21853	4.41310e-05
4.31849e+04	4.74238e-02	4.44312e-02	4.34410	5.99420	4.41310e-05
4.32315e+04	4.74534e-02	4.52334e-02	1.98674	4.38431	4.41310e-05
4.32781e+04	4.74275e-02	4.18247e-02	0.28994	2.96524	4.41310e-05
4.33247e+04	4.74266e-02	4.17168e-02	6.11961	1.20786	4.41310e-05
4.33713e+04	4.74421e-02	4.52568e-02	0.18118	5.98745	4.41310e-05
4.34178e+04	4.74357e-02	4.55817e-02	1.53056	4.55962	4.41310e-05
4.34644e+04	4.74048e-02	4.46650e-02	3.90800	3.00261	4.41310e-05
4.35110e+04	4.73840e-02	4.25112e-02	0.85118	1.56809	4.41310e-05
4.35576e+04	4.74500e-02	4.24863e-02	5.27506	6.16881	4.41310e-05
4.36042e+04	4.74429e-02	4.39421e-02	4.34297	4.67058	4.41310e-05
4.36508e+04	4.73924e-02	4.49925e-02	4.39692	3.16018	4.41310e-05
4.36974e+04	4.74282e-02	4.66026e-02	5.15654	1.70629	4.41310e-05
4.37439e+04	4.73869e-02	4.24091e-02	0.72333	0.29679	4.41310e-05
4.37905e+04	4.74095e-02	4.20698e-02	3.91304	4.88639	4.41310e-05
4.38371e+04	4.74060e-02	4.35261e-02	1.56000	3.41595	4.41310e-05
4.38837e+04	4.73665e-02	4.42736e-02	6.26433	1.93862	4.41310e-05
4.39303e+04	4.73780e-02	4.67476e-02	5.79381	0.40607	4.41310e-05
4.39769e+04	4.73910e-02	4.47642e-02	0.08566	5.35182	4.41310e-05
4.40235e+04	4.73787e-02	4.22643e-02	1.64339	3.75307	4.41310e-05
4.40700e+04	4.73699e-02	4.18022e-02	4.20582	2.23423	4.41310e-05
4.41166e+04	4.73798e-02	4.43487e-02	1.26887	0.70535	4.41310e-05
4.41632e+04	4.73708e-02	4.61231e-02	5.69565	5.53013	4.41310e-05
4.42098e+04	4.73665e-02	4.57239e-02	4.87326	4.13892	4.41310e-05
4.42564e+04	4.73504e-02	4.33994e-02	4.92739	2.59982	4.41310e-05
4.43030e+04	4.73545e-02	4.23841e-02	5.89182	1.15293	4.41310e-05
4.43496e+04	4.73260e-02	4.26149e-02	1.79441	5.83871	4.41310e-05
4.43961e+04	4.73727e-02	4.64115e-02	4.77324	4.35437	4.41310e-05
4.44427e+04	4.73308e-02	4.47139e-02	2.43024	3.04176	4.41310e-05
4.44893e+04	4.73508e-02	4.52303e-02	1.01807	1.48403	4.41310e-05
4.45359e+04	4.73319e-02	4.28614e-02	0.47648	0.08926	4.41310e-05
4.45825e+04	4.73464e-02	4.21807e-02	1.27304	4.82318	4.41310e-05
4.46291e+04	4.73345e-02	4.43614e-02	2.93149	3.27864	4.41310e-05
4.46757e+04	4.73268e-02	4.56925e-02	5.29527	1.89321	4.41310e-05
4.47222e+04	4.73285e-02	4.48729e-02	2.44674	0.43030	4.41310e-05
4.47688e+04	4.73431e-02	4.45414e-02	0.43526	5.32570	4.41310e-05
4.48154e+04	4.73217e-02	4.21187e-02	6.09568	3.75545	4.41310e-05
4.48620e+04	4.73516e-02	4.43117e-02	6.22840	2.23248	4.41310e-05
4.49086e+04	4.72927e-02	4.45921e-02	0.85928	0.83910	4.41310e-05
4.49552e+04	4.72918e-02	4.61468e-02	2.79270	5.60941	4.41310e-05
4.50018e+04	4.73314e-02	4.56914e-02	5.63634	4.27620	4.41310e-05
4.50483e+04	4.72870e-02	4.24778e-02	3.42195	2.74814	4.41310e-05
4.50949e+04	4.73016e-02	4.29626e-02	2.07050	1.20694	4.41310e-05
4.51415e+04	4.72610e-02	4.31311e-02	1.55577	6.05956	4.41310e-05
4.51881e+04	4.72966e-02	4.63855e-02	1.96085	4.57651	4.41310e-05
4.52347e+04	4.72774e-02	4.54393e-02	3.30459	3.21406	4.41310e-05
4.52813e+04	4.72976e-02	4.41196e-02	5.78183	1.74033	4.41310e-05
4.53279e+04	4.72809e-02	4.31522e-02	2.89187	0.25325	4.41310e-05
4.53744e+04	4.72441e-02	4.20136e-02	0.88078	5.04903	4.41310e-05
4.54210e+04	4.73045e-02	4.62471e-02	6.07537	3.50465	4.41310e-05
4.54676e+04	4.72576e-02	4.59180e-02	5.87623	2.19360	4.41310e-05
4.55142e+04	4.73001e-02	4.54795e-02	0.53387	0.69935	4.41310e-05
4.55608e+04	4.72586e-02	4.27742e-02	2.30349	5.53566	4.41310e-05
4.56074e+04	4.72629e-02	4.24387e-02	5.06595	4.03790	4.41310e-05
4.56540e+04	4.72696e-02	4.32843e-02	2.40370	2.48038	4.41310e-05
4.57005e+04	4.72525e-02	4.56731e-02	0.72496	1.09342	4.41310e-05
4.57471e+04	4.72619e-02	4.61833e-02	6.27342	5.93905	4.41310e-05
4.57937e+04	4.72096e-02	4.36523e-02	0.23262	4.49905	4.41310e-05
4.58403e+04	4.72525e-02	4.25696e-02	1.28194	3.01436	4.41310e-05
4.58869e+04	4.72174e-02	4.32481e-02	3.43914	1.45489	4.41310e-05
4.59335e+04	4.72161e-02	4.42558e-02	0.06076	0.03602	4.41310e-05
4.59801e+04	4.72434e-02	4.58658e-02	4.02387	4.81344	4.41310e-05
4.60266e+04	4.72375e-02	4.49260e-02	2.64585	3.45951	4.41310e-05
4.60732e+04	4.72003e-02	4.26961e-02	2.04304	1.97403	4.41310e-05
4.61198e+04	4.72341e-02	4.23838e-02	2.58869	0.38839	4.41310e-05
4.61664e+04	4.71975e-02	4.34566e-02	3.85159	5.23254	4.41310e-05
4.62130e+04	4.72153e-02	4.54095e-02	6.16767	3.73887	4.41310e-05
4.62596e+04	4.72248e-02	4.61744e-02	3.05513	2.31980	4.41310e-05
4.63062e+04	4.71761e-02	4.33428e-02	0.90180	0.89351	4.41310e-05
4.63527e+04	4.72392e-02	4.38719e-02	5.93584	5.61162	4.41310e-05
4.63993e+04	4.71721e-02	4.25370e-02	5.61258	4.11983	4.41310e-05
4.64459e+04	4.72133e-02	4.54249e-02	6.18469	2.59026	4.41310e-05
4.64925e+04	4.72107e-02	4.55026e-02	1.40522	1.19207	4.41310e-05
4.65391e+04	4.71928e-02	4.48913e-02	3.84960	5.98315	4.41310e-05
4.65857e+04	4.71602e-02	4.27456e-02	0.84855	4.47850	4.41310e-05
