# t	a	e	mean_anomaly	varpi	mass/M_star
3.10572e+00	5.67498e-02	2.62907e-02	1.18658	1.11684	4.41310e-05
6.98788e+00	5.66972e-02	2.56547e-02	3.29768	5.95836	4.41310e-05
1.08700e+01	5.67269e-02	2.50640e-02	5.65527	4.45720	4.41310e-05
1.47522e+01	5.67054e-02	2.41958e-02	1.95723	2.91035	4.41310e-05
1.86343e+01	5.66980e-02	2.39371e-02	4.86626	1.24467	4.41310e-05
2.25164e+01	5.66874e-02	2.41125e-02	1.60287	5.92123	4.41310e-05
2.63985e+01	5.66591e-02	2.29976e-02	4.91598	4.22468	4.41310e-05
3.02807e+01	5.66441e-02	2.19989e-02	2.14587	2.50518	4.41310e-05
3.41628e+01	5.66536e-02	2.25037e-02	5.93379	0.69980	4.41310e-05
3.80450e+01	5.66471e-02	2.22270e-02	3.65594	5.15334	4.41310e-05
4.19271e+01	5.66172e-02	2.12358e-02	1.56258	3.29615	4.41310e-05
4.58093e+01	5.65906e-02	2.09320e-02	6.11089	1.29567	4.41310e-05
4.96914e+01	5.65959e-02	2.12823e-02	4.51946	5.58657	4.41310e-05
5.35735e+01	5.65904e-02	1.96422e-02	3.15325	3.57361	4.41310e-05
5.74557e+01	5.65552e-02	2.02736e-02	2.06184	1.46172	4.41310e-05
6.13378e+01	5.65441e-02	1.94589e-02	1.16254	5.62407	4.41310e-05
6.52199e+01	5.65535e-02	1.90384e-02	0.54883	3.41608	4.41310e-05
6.91021e+01	5.65448e-02	1.95527e-02	0.15546	1.15743	4.41310e-05
7.29842e+01	5.65175e-02	1.84290e-02	6.27329	5.14822	4.41310e-05
7.68664e+01	5.65026e-02	1.82589e-02	0.11765	2.75398	4.41310e-05
8.07485e+01	5.65114e-02	1.87110e-02	0.37621	0.39319	4.41310e-05
8.46307e+01	5.64719e-02	1.72308e-02	0.98199	4.18124	4.41310e-05
8.85128e+01	5.64685e-02	1.75144e-02	1.79194	1.64781	4.41310e-05
9.23949e+01	5.64581e-02	1.66277e-02	2.77487	5.41220	4.41310e-05
9.62771e+01	5.64194e-02	1.70309e-02	4.12814	2.72083	4.41310e-05
1.00159e+02	5.64161e-02	1.70852e-02	5.61325	0.05618	4.41310e-05
1.04041e+02	5.64101e-02	1.60140e-02	1.08659	3.61835	4.41310e-05
1.07923e+02	5.64005e-02	1.64520e-02	3.09728	0.80761	4.41310e-05
1.11806e+02	5.63843e-02	1.57171e-02	5.31173	4.26562	4.41310e-05
1.15688e+02	5.63693e-02	1.57114e-02	1.53240	1.34613	4.41310e-05
1.19570e+02	5.63899e-02	1.51383e-02	4.35326	4.56729	4.41310e-05
1.23452e+02	5.63620e-02	1.47790e-02	0.97876	1.60650	4.41310e-05
1.27334e+02	5.63197e-02	1.51941e-02	4.24838	4.76179	4.41310e-05
1.31216e+02	5.63105e-02	1.50940e-02	1.32702	1.70569	4.41310e-05
1.35098e+02	5.63112e-02	1.41835e-02	5.08805	4.74376	4.41310e-05
1.38981e+02	5.62735e-02	1.47451e-02	2.69478	1.53967	4.41310e-05
1.42863e+02	5.62703e-02	1.37885e-02	0.67181	4.43612	4.41310e-05
1.46745e+02	5.62430e-02	1.39159e-02	5.03956	1.13720	4.41310e-05
1.50627e+02	5.62516e-02	1.38766e-02	3.39015	4.02969	4.41310e-05
1.54509e+02	5.62446e-02	1.33800e-02	1.93674	0.63032	4.41310e-05
1.58391e+02	5.62569e-02	1.39842e-02	0.91595	3.28417	4.41310e-05
1.62273e+02	5.62304e-02	1.40511e-02	6.24319	6.03260	4.41310e-05
1.66156e+02	5.62220e-02	1.31954e-02	5.57961	2.41580	4.41310e-05
1.70038e+02	5.62068e-02	1.35824e-02	5.22271	4.95304	4.41310e-05
1.73920e+02	5.61779e-02	1.26801e-02	4.96235	1.29089	4.41310e-05
1.77802e+02	5.61810e-02	1.26209e-02	4.99995	3.81353	4.41310e-05
1.81684e+02	5.61625e-02	1.28608e-02	5.38282	6.16967	4.41310e-05
1.85566e+02	5.61077e-02	1.20467e-02	5.74841	2.44433	4.41310e-05
1.89448e+02	5.61450e-02	1.28670e-02	0.25818	4.77702	4.41310e-05
1.93331e+02	5.61291e-02	1.22196e-02	1.26731	0.77592	4.41310e-05
1.97213e+02	5.61032e-02	1.17982e-02	2.44392	3.09942	4.41310e-05
2.01095e+02	5.60896e-02	1.21501e-02	3.99984	5.22090	4.41310e-05
2.04977e+02	5.60524e-02	1.17914e-02	5.60643	1.19359	4.41310e-05
2.08859e+02	5.60942e-02	1.19726e-02	1.20452	3.37175	4.41310e-05
2.12741e+02	5.60351e-02	1.21410e-02	3.45799	5.35996	4.41310e-05
2.16623e+02	5.60552e-02	1.13735e-02	5.79772	1.16619	4.41310e-05
2.20505e+02	5.60386e-02	1.11508e-02	2.19776	3.11405	4.41310e-05
2.24388e+02	5.60053e-02	1.13749e-02	4.92316	5.18490	4.41310e-05
2.28270e+02	5.60292e-02	1.10868e-02	1.86386	0.68967	4.41310e-05
2.32152e+02	5.59862e-02	1.12068e-02	5.12721	2.60701	4.41310e-05
2.36034e+02	5.59820e-02	1.10378e-02	2.36060	4.46764	4.41310e-05
2.39916e+02	5.59696e-02	1.18543e-02	6.13111	6.26922	4.41310e-05
2.43798e+02	5.59520e-02	1.07634e-02	3.95196	1.63274	4.41310e-05
2.47680e+02	5.59469e-02	1.03167e-02	1.71942	3.53117	4.41310e-05
2.51563e+02	5.58991e-02	1.10160e-02	6.27340	5.11831	4.41310e-05
2.55445e+02	5.59129e-02	1.09670e-02	4.74818	0.39650	4.41310e-05
2.59327e+02	5.58966e-02	1.04746e-02	3.34809	2.04300	4.41310e-05
2.63209e+02	5.58751e-02	1.06699e-02	2.17415	3.62929	4.41310e-05
2.67091e+02	5.58613e-02	1.05082e-02	1.18292	5.24392	4.41310e-05
2.70973e+02	5.58546e-02	1.13752e-02	0.55510	0.39389	4.41310e-05
2.74855e+02	5.58665e-02	1.11139e-02	0.14702	1.79972	4.41310e-05
2.78738e+02	5.58537e-02	1.09322e-02	6.15573	3.26709	4.41310e-05
2.82620e+02	5.58126e-02	1.05197e-02	6.11250	4.68582	4.41310e-05
2.86502e+02	5.58001e-02	1.01451e-02	0.07792	6.02266	4.41310e-05
2.90384e+02	5.57916e-02	1.09913e-02	0.37423	1.19988	4.41310e-05
2.94266e+02	5.57700e-02	1.00798e-02	1.06299	2.46678	4.41310e-05
2.98148e+02	5.57902e-02	9.90488e-03	2.06953	3.61823	4.41310e-05
3.02030e+02	5.57337e-02	9.90708e-03	3.08005	4.94637	4.41310e-05
3.05913e+02	5.57534e-02	1.01949e-02	4.32150	6.23090	4.41310e-05
3.09795e+02	5.57298e-02	1.09429e-02	6.06443	0.95282	4.41310e-05
3.13677e+02	5.57451e-02	9.34590e-03	1.33889	2.27438	4.41310e-05
3.17559e+02	5.56709e-02	8.77092e-03	3.91805	2.86664	4.41310e-05
3.21441e+02	5.57170e-02	1.20799e-02	6.06374	3.93937	4.41310e-05
3.25323e+02	5.56503e-02	6.09971e-03	2.78699	4.45792	4.41310e-05
3.29205e+02	5.56923e-02	1.15757e-02	5.62221	5.29590	4.41310e-05
3.33088e+02	5.56422e-02	6.64998e-03	2.28480	6.21585	4.41310e-05
3.36970e+02	5.56687e-02	1.10696e-02	6.18232	0.12070	4.41310e-05
3.40852e+02	5.56026e-02	5.77654e-03	4.15031	0.13176	4.41310e-05
3.44734e+02	5.56311e-02	1.10326e-02	1.44263	0.94152	4.41310e-05
3.48616e+02	5.56433e-02	1.05345e-02	3.05150	3.70568	4.41310e-05
3.52498e+02	5.56281e-02	1.10112e-02	4.40637	0.71643	4.41310e-05
3.56380e+02	5.56002e-02	1.16700e-02	1.72455	1.66998	4.41310e-05
3.60262e+02	5.56408e-02	9.13402e-03	3.38340	4.98459	4.41310e-05
3.64145e+02	5.55200e-02	2.51491e-03	5.00605	2.26474	4.41310e-05
3.68027e+02	5.55135e-02	4.48479e-03	5.44727	0.75708	4.41310e-05
3.71909e+02	5.55746e-02	9.35434e-03	1.03625	4.53341	4.41310e-05
3.75791e+02	5.55313e-02	8.61557e-03	3.49618	1.59532	4.41310e-05
3.79673e+02	5.55345e-02	4.77716e-03	3.20897	1.49005	4.41310e-05
3.83555e+02	5.55125e-02	1.40406e-02	5.42791	5.55044	4.41310e-05
3.87437e+02	5.54984e-02	1.88194e-03	1.61509	3.16680	4.41310e-05
3.91320e+02	5.55142e-02	1.05252e-02	0.76303	4.34008	4.41310e-05
3.95202e+02	5.54244e-02	1.05834e-02	2.08838	3.54420	4.41310e-05
3.99084e+02	5.54221e-02	9.49673e-03	4.20113	1.98940	4.41310e-05
4.02966e+02	5.54316e-02	1.37800e-02	3.77012	3.44849	4.41310e-05
4.06848e+02	5.54285e-02	1.21945e-02	0.02845	1.91915	4.41310e-05
4.10730e+02	5.54110e-02	7.28927e-03	5.88142	3.67869	4.41310e-05
4.14612e+02	5.53955e-02	1.59516e-02	1.97497	2.70040	4.41310e-05
4.18495e+02	5.53996e-02	5.54391e-03	2.80057	3.55986	4.41310e-05
4.22377e+02	5.53584e-02	1.39950e-02	3.94782	4.17229	4.41310e-05
4.26259e+02	5.54013e-02	6.46841e-03	4.80688	5.28461	4.41310e-05
4.30141e+02	5.53363e-02	1.30353e-02	5.25916	0.73376	4.41310e-05
4.34023e+02	5.53491e-02	1.15141e-02	0.30917	1.66095	4.41310e-05
4.37905e+02	5.53169e-02	1.29242e-02	0.97075	3.56222	4.41310e-05
4.41787e+02	5.53198e-02	1.00888e-02	2.60327	4.60498	4.41310e-05
4.45670e+02	5.52970e-02	8.59110e-03	3.05281	0.77196	4.41310e-05
4.49552e+02	5.52684e-02	1.14366e-02	4.75399	2.13335	4.41310e-05
4.53434e+02	5.52582e-02	9.87933e-03	5.84744	4.27418	4.41310e-05
4.57316e+02	5.52638e-02	1.11201e-02	1.14682	6.08758	4.41310e-05
4.61198e+02	5.52465e-02	9.52625e-03	2.15634	2.36462	4.41310e-05
4.65080e+02	5.52651e-02	1.44078e-02	4.02959	4.19862	4.41310e-05
4.68962e+02	5.52225e-02	9.55680e-03	5.64576	0.20642	4.41310e-05
4.72845e+02	5.52720e-02	1.60154e-02	0.72948	2.84835	4.41310e-05
4.76727e+02	5.52413e-02	1.27414e-02	2.84629	4.95876	4.41310e-05
4.80609e+02	5.52207e-02	1.47159e-02	4.15960	1.67775	4.41310e-05
4.84491e+02	5.52326e-02	1.58425e-02	0.08315	4.01745	4.41310e-05
4.88373e+02	5.51976e-02	1.41500e-02	1.76751	0.67524	4.41310e-05
4.92255e+02	5.52221e-02	1.61291e-02	3.95683	3.35401	4.41310e-05
4.96137e+02	5.51983e-02	1.40202e-02	6.03122	6.21990	4.41310e-05
5.00019e+02	5.52012e-02	1.64418e-02	1.96130	2.88793	4.41310e-05
5.03902e+02	5.51565e-02	1.39653e-02	4.41775	5.69909	4.41310e-05
5.07784e+02	5.51971e-02	1.68636e-02	0.48590	2.51425	4.41310e-05
5.11666e+02	5.51138e-02	1.48962e-02	3.10147	5.50143	4.41310e-05
5.15548e+02	5.51227e-02	1.56182e-02	5.69758	2.34960	4.41310e-05
5.19430e+02	5.51167e-02	1.55159e-02	2.16813	5.52626	4.41310e-05
5.23312e+02	5.51015e-02	1.41295e-02	5.01195	2.43024	4.41310e-05
5.27194e+02	5.51187e-02	1.62266e-02	1.71276	5.67149	4.41310e-05
5.31077e+02	5.50675e-02	1.32687e-02	4.89139	2.57396	4.41310e-05
5.34959e+02	5.50507e-02	1.60436e-02	1.87443	5.81001	4.41310e-05
5.38841e+02	5.50163e-02	1.38133e-02	5.04885	3.04412	4.41310e-05
5.42723e+02	5.50242e-02	1.43430e-02	2.40580	6.19217	4.41310e-05
5.46605e+02	5.50260e-02	1.62659e-02	5.73992	3.57122	4.41310e-05
5.50487e+02	5.49563e-02	1.20804e-02	3.43066	0.41948	4.41310e-05
5.54369e+02	5.49839e-02	1.71096e-02	0.86082	3.97003	4.41310e-05
5.58252e+02	5.49503e-02	1.28104e-02	4.67250	1.31187	4.41310e-05
5.62134e+02	5.49579e-02	1.49570e-02	2.66387	4.58034	4.41310e-05
5.66016e+02	5.49822e-02	1.64989e-02	0.31478	2.09127	4.41310e-05
5.69898e+02	5.49567e-02	1.28396e-02	4.91194	5.35924	4.41310e-05
5.73780e+02	5.49719e-02	1.66592e-02	2.96171	2.73031	4.41310e-05
5.77662e+02	5.49527e-02	1.57409e-02	1.06763	0.24472	4.41310e-05
5.81544e+02	5.49308e-02	1.42205e-02	5.96563	3.61890	4.41310e-05
5.85427e+02	5.49325e-02	1.87010e-02	4.41199	1.06335	4.41310e-05
5.89309e+02	5.49358e-02	1.49086e-02	2.95450	4.84699	4.41310e-05
5.93191e+02	5.49181e-02	1.63782e-02	1.94997	1.98865	4.41310e-05
5.97073e+02	5.49206e-02	2.01007e-02	0.62492	5.93098	4.41310e-05
6.00955e+02	5.49008e-02	1.47254e-02	5.97645	3.33540	4.41310e-05
6.04837e+02	5.49049e-02	1.92744e-02	5.33092	0.55003	4.41310e-05
6.08719e+02	5.49188e-02	2.03972e-02	4.30071	4.64470	4.41310e-05
6.12602e+02	5.48897e-02	1.46862e-02	3.92842	1.89646	4.41310e-05
6.16484e+02	5.49103e-02	2.12346e-02	3.54574	5.58760	4.41310e-05
6.20366e+02	5.48688e-02	2.03098e-02	2.86532	3.48001	4.41310e-05
6.24248e+02	5.48801e-02	1.48954e-02	2.97636	0.67478	4.41310e-05
6.28130e+02	5.48809e-02	2.25911e-02	2.94087	4.46720	4.41310e-05
6.32012e+02	5.48560e-02	1.93413e-02	2.65715	2.40319	4.41310e-05
6.35894e+02	5.48197e-02	1.57513e-02	3.23414	5.84384	4.41310e-05
6.39777e+02	5.48584e-02	2.24506e-02	3.58570	3.42604	4.41310e-05
6.43659e+02	5.47923e-02	1.87187e-02	3.70041	1.39191	4.41310e-05
6.47541e+02	5.48193e-02	1.54752e-02	4.79600	4.76549	4.41310e-05
6.51423e+02	5.47774e-02	2.23927e-02	5.47436	2.47099	4.41310e-05
6.55305e+02	5.47768e-02	1.79627e-02	6.01667	0.46127	4.41310e-05
6.59187e+02	5.47686e-02	1.44464e-02	1.24302	3.86713	4.41310e-05
6.63069e+02	5.47457e-02	2.17572e-02	2.42798	1.52515	4.41310e-05
6.66951e+02	5.46958e-02	1.75431e-02	3.35862	5.85407	4.41310e-05
6.70834e+02	5.47108e-02	1.33021e-02	5.33799	2.96481	4.41310e-05
6.74716e+02	5.47076e-02	2.16434e-02	0.66451	0.63798	4.41310e-05
6.78598e+02	5.46857e-02	1.70854e-02	2.00656	5.01066	4.41310e-05
6.82480e+02	5.46577e-02	1.22874e-02	4.43591	2.12596	4.41310e-05
6.86362e+02	5.46867e-02	2.26005e-02	0.28630	6.02121	4.41310e-05
6.90244e+02	5.46638e-02	1.72504e-02	1.94854	4.24260	4.41310e-05
6.94126e+02	5.46653e-02	1.30036e-02	4.96149	1.20281	4.41310e-05
6.98009e+02	5.46498e-02	2.28781e-02	1.16842	5.21917	4.41310e-05
7.01891e+02	5.46235e-02	1.85159e-02	3.33956	3.37203	4.41310e-05
7.05773e+02	5.46553e-02	1.43714e-02	0.40521	0.51101	4.41310e-05
7.09655e+02	5.46391e-02	2.16970e-02	3.75655	4.21561	4.41310e-05
7.13537e+02	5.46249e-02	1.98931e-02	0.26109	2.22856	4.41310e-05
7.17419e+02	5.46479e-02	1.69306e-02	3.93044	5.82524	4.41310e-05
7.21301e+02	5.46475e-02	2.19477e-02	1.23096	3.33829	4.41310e-05
7.25184e+02	5.46267e-02	2.14299e-02	4.52284	1.26108	4.41310e-05
7.29066e+02	5.46395e-02	1.65203e-02	2.35742	4.92342	4.41310e-05
7.32948e+02	5.46267e-02	2.21467e-02	0.92116	1.80032	4.41310e-05
7.36830e+02	5.46039e-02	2.54405e-02	4.44177	6.27976	4.41310e-05
7.40712e+02	5.46357e-02	1.30947e-02	2.36028	3.93498	4.41310e-05
7.44594e+02	5.46159e-02	2.37217e-02	0.90497	0.92752	4.41310e-05
7.48476e+02	5.45481e-02	3.17246e-02	4.24268	5.78712	4.41310e-05
7.52359e+02	5.45664e-02	1.95692e-02	1.30471	4.45584	4.41310e-05
7.56241e+02	5.45630e-02	1.75547e-02	0.78399	0.93633	4.41310e-05
7.60123e+02	5.45147e-02	3.20285e-02	4.85429	5.57277	4.41310e-05
7.64005e+02	5.45386e-02	1.89503e-02	2.65911	4.20108	4.41310e-05
7.67887e+02	5.45421e-02	2.09117e-02	3.54460	6.02956	4.41310e-05
7.71769e+02	5.45049e-02	3.63498e-02	1.45862	4.71541	4.41310e-05
7.75651e+02	5.44806e-02	2.84937e-02	5.48839	3.64029	4.41310e-05
7.79534e+02	5.44671e-02	5.28470e-03	5.99924	0.22462	4.41310e-05
7.83416e+02	5.44428e-02	2.95779e-02	5.23416	4.35868	4.41310e-05
7.87298e+02	5.44447e-02	3.39418e-02	3.07334	3.19065	4.41310e-05
7.91180e+02	5.44653e-02	2.76731e-02	1.08028	2.16172	4.41310e-05
7.95062e+02	5.44307e-02	1.30287e-02	0.23472	0.32415	4.41310e-05
7.98944e+02	5.44084e-02	2.18030e-02	0.66214	3.81821	4.41310e-05
8.02826e+02	5.44068e-02	3.09962e-02	5.90953	2.47106	4.41310e-05
8.06708e+02	5.44095e-02	2.99098e-02	4.93776	1.30285	4.41310e-05
8.10591e+02	5.44210e-02	1.48656e-02	4.54693	5.94548	4.41310e-05
8.14473e+02	5.43546e-02	1.70604e-02	5.53387	2.94514	4.41310e-05
8.18355e+02	5.43378e-02	3.13395e-02	5.14769	1.52328	4.41310e-05
8.22237e+02	5.43727e-02	3.31867e-02	4.57229	0.45768	4.41310e-05
8.26119e+02	5.43619e-02	2.03319e-02	4.19377	5.56109	4.41310e-05
8.30001e+02	5.43998e-02	1.45065e-02	5.55080	2.59583	4.41310e-05
8.33883e+02	5.44098e-02	3.21751e-02	5.40123	1.02308	4.41310e-05
8.37766e+02	5.44514e-02	4.12353e-02	4.76027	0.07230	4.41310e-05
8.41648e+02	5.44636e-02	3.84890e-02	4.26541	5.42339	4.41310e-05
8.45530e+02	5.44498e-02	2.36197e-02	4.26053	4.24689	4.41310e-05
8.49412e+02	5.44583e-02	1.72854e-02	5.02652	1.98139	4.41310e-05
8.53294e+02	5.42930e-02	2.91158e-02	5.13940	0.27704	4.41310e-05
8.57176e+02	5.42793e-02	3.83029e-02	5.09398	5.55428	4.41310e-05
8.61058e+02	5.43053e-02	3.78516e-02	4.89154	4.78322	4.41310e-05
8.64941e+02	5.42668e-02	2.53046e-02	5.13658	3.88035	4.41310e-05
8.68823e+02	5.43017e-02	9.46662e-03	0.79892	1.50010	4.41310e-05
8.72705e+02	5.43319e-02	2.80635e-02	2.39949	5.75244	4.41310e-05
8.76587e+02	5.42962e-02	3.76776e-02	3.20967	4.66079	4.41310e-05
8.80469e+02	5.42822e-02	3.67121e-02	3.97200	3.73124	4.41310e-05
8.84351e+02	5.43629e-02	2.40838e-02	5.07797	2.63841	4.41310e-05
8.88233e+02	5.44163e-02	1.59215e-02	1.32430	0.17174	4.41310e-05
8.92116e+02	5.43483e-02	3.40077e-02	3.49932	4.58376	4.41310e-05
8.95998e+02	5.42178e-02	3.69579e-02	5.01378	3.51313	4.41310e-05
8.99880e+02	5.42440e-02	3.20469e-02	0.23351	2.51959	4.41310e-05
9.03762e+02	5.42192e-02	1.87969e-02	2.36798	1.17831	4.41310e-05
9.07644e+02	5.42302e-02	1.67783e-02	5.91227	4.93579	4.41310e-05
9.11526e+02	5.41620e-02	2.85484e-02	2.57824	3.27574	4.41310e-05
9.15408e+02	5.40671e-02	3.02775e-02	4.97330	2.14579	4.41310e-05
9.19291e+02	5.41029e-02	2.23870e-02	1.13116	1.08325	4.41310e-05
9.23173e+02	5.41681e-02	1.34642e-02	4.69907	5.37494	4.41310e-05
9.27055e+02	5.42514e-02	2.46080e-02	2.22480	3.23904	4.41310e-05
9.30937e+02	5.42239e-02	3.38207e-02	5.55895	1.78428	4.41310e-05
9.34819e+02	5.41587e-02	3.32607e-02	2.29738	0.65732	4.41310e-05
9.38701e+02	5.41799e-02	2.41984e-02	5.49569	5.76154	4.41310e-05
9.42583e+02	5.42254e-02	1.53035e-02	3.78870	3.30164	4.41310e-05
9.46465e+02	5.42199e-02	3.22149e-02	2.06229	1.16187	4.41310e-05
9.50348e+02	5.41071e-02	3.54429e-02	5.79916	0.00778	4.41310e-05
9.54230e+02	5.41005e-02	2.88502e-02	3.14216	5.25445	4.41310e-05
9.58112e+02	5.40781e-02	1.37092e-02	1.25255	3.73131	4.41310e-05
9.61994e+02	5.40901e-02	2.01414e-02	1.07059	0.77951	4.41310e-05
9.65876e+02	5.40155e-02	3.20734e-02	5.83435	5.65350	4.41310e-05
9.69758e+02	5.39716e-02	2.76018e-02	3.84504	4.64652	4.41310e-05
9.73640e+02	5.39850e-02	1.26979e-02	2.24107	3.46730	4.41310e-05
9.77523e+02	5.40639e-02	1.79972e-02	3.00585	0.11106	4.41310e-05
9.81405e+02	5.41267e-02	3.38110e-02	2.07571	4.93279	4.41310e-05
9.85287e+02	5.39798e-02	3.06373e-02	0.98499	3.69941	4.41310e-05
9.89169e+02	5.39991e-02	2.14597e-02	0.05622	2.39327	4.41310e-05
9.93051e+02	5.40952e-02	1.74219e-02	0.24567	0.10314	4.41310e-05
9.96933e+02	5.41088e-02	3.01054e-02	0.40941	4.28165	4.41310e-05
1.00082e+03	5.40136e-02	3.16564e-02	0.12935	2.86730	4.41310e-05
1.00470e+03	5.39899e-02	2.52437e-02	5.91338	1.61268	4.41310e-05
1.00858e+03	5.40048e-02	1.37614e-02	0.01096	5.95610	4.41310e-05
1.01246e+03	5.39844e-02	2.37485e-02	1.31167	3.36742	4.41310e-05
1.01634e+03	5.39437e-02	3.03590e-02	1.83069	1.87241	4.41310e-05
1.02023e+03	5.38739e-02	2.64808e-02	1.90304	0.71904	4.41310e-05
1.02411e+03	5.38657e-02	1.45594e-02	2.52156	5.55383	4.41310e-05
1.02799e+03	5.38948e-02	1.67173e-02	5.08320	2.45293	4.41310e-05
1.03187e+03	5.38936e-02	3.01433e-02	0.04984	0.84963	4.41310e-05
1.03575e+03	5.38138e-02	2.53099e-02	0.87123	5.96255	4.41310e-05
1.03964e+03	5.38406e-02	1.03974e-02	2.23736	4.33895	4.41310e-05
1.04352e+03	5.39259e-02	2.17792e-02	5.08936	1.34437	4.41310e-05
1.04740e+03	5.39944e-02	3.48168e-02	0.42224	6.15515	4.41310e-05
1.05128e+03	5.38775e-02	2.92637e-02	2.02500	4.84624	4.41310e-05
1.05517e+03	5.38809e-02	1.65603e-02	3.88535	3.24640	4.41310e-05
1.05905e+03	5.39308e-02	2.06641e-02	0.61974	0.58567	4.41310e-05
1.06293e+03	5.39714e-02	3.27311e-02	3.12904	5.09743	4.41310e-05
1.06681e+03	5.38635e-02	2.64629e-02	5.30545	3.74035	4.41310e-05
1.07069e+03	5.37950e-02	1.19736e-02	1.68122	1.97754	4.41310e-05
1.07458e+03	5.37377e-02	1.57828e-02	5.55316	5.46854	4.41310e-05
1.07846e+03	5.37972e-02	2.78212e-02	2.31876	3.79839	4.41310e-05
1.08234e+03	5.37504e-02	2.44961e-02	5.21562	2.42944	4.41310e-05
1.08622e+03	5.36850e-02	1.24565e-02	2.06512	0.90076	4.41310e-05
1.09010e+03	5.37063e-02	1.28992e-02	0.44520	4.28645	4.41310e-05
1.09399e+03	5.38101e-02	2.84770e-02	4.17561	2.49675	4.41310e-05
1.09787e+03	5.38234e-02	2.88615e-02	1.41229	1.14037	4.41310e-05
1.10175e+03	5.37463e-02	1.40945e-02	5.50315	5.51429	4.41310e-05
1.10563e+03	5.37753e-02	2.00695e-02	4.02905	2.85721	4.41310e-05
1.10952e+03	5.38133e-02	3.18952e-02	1.65176	1.34060	4.41310e-05
1.11340e+03	5.38442e-02	2.97480e-02	5.92273	6.13707	4.41310e-05
1.11728e+03	5.37445e-02	1.66069e-02	4.25096	4.25217	4.41310e-05
1.12116e+03	5.37055e-02	1.86697e-02	3.26788	1.71657	4.41310e-05
1.12504e+03	5.37261e-02	2.94463e-02	1.67591	0.07056	4.41310e-05
1.12893e+03	5.37494e-02	2.39415e-02	0.23523	4.83867	4.41310e-05
1.13281e+03	5.36307e-02	1.26369e-02	6.15072	2.41804	4.41310e-05
1.13669e+03	5.35835e-02	1.77251e-02	5.79334	0.07114	4.41310e-05
1.14057e+03	5.36040e-02	2.32557e-02	4.69951	4.80978	4.41310e-05
1.14445e+03	5.36266e-02	2.06148e-02	3.98750	3.18571	4.41310e-05
1.14834e+03	5.36452e-02	1.55637e-02	4.19591	0.81154	4.41310e-05
1.15222e+03	5.35761e-02	2.14652e-02	4.29207	4.82908	4.41310e-05
1.15610e+03	5.36190e-02	2.70770e-02	3.65500	3.31829	4.41310e-05
1.15998e+03	5.37234e-02	2.20610e-02	3.41950	1.67099	4.41310e-05
1.16387e+03	5.37246e-02	2.07305e-02	4.37502	5.29576	4.41310e-05
1.16775e+03	5.36117e-02	2.66240e-02	4.71225	3.34372	4.41310e-05
1.17163e+03	5.35749e-02	2.39889e-02	4.59163	1.90158	4.41310e-05
1.17551e+03	5.36028e-02	1.63660e-02	5.33439	6.15190	4.41310e-05
1.17939e+03	5.35971e-02	2.16050e-02	0.53150	3.66199	4.41310e-05
1.18328e+03	5.35279e-02	2.35586e-02	1.50333	1.89134	4.41310e-05
1.18716e+03	5.34551e-02	1.61886e-02	2.27784	0.31659	4.41310e-05
1.19104e+03	5.35115e-02	1.18168e-02	4.19014	4.10642	4.41310e-05
1.19492e+03	5.35656e-02	2.44630e-02	6.23785	1.74582	4.41310e-05
1.19880e+03	5.35120e-02	2.31215e-02	1.42664	0.08007	4.41310e-05
1.20269e+03	5.34534e-02	1.28711e-02	3.39802	4.27743	4.41310e-05
1.20657e+03	5.35160e-02	2.02226e-02	5.56183	1.95811	4.41310e-05
1.21045e+03	5.36388e-02	2.76454e-02	1.06299	0.16883	4.41310e-05
1.21433e+03	5.35892e-02	2.54629e-02	3.09503	4.65063	4.41310e-05
1.21822e+03	5.35190e-02	1.86648e-02	5.26966	2.70058	4.41310e-05
1.22210e+03	5.34604e-02	1.83536e-02	1.51612	0.47323	4.41310e-05
1.22598e+03	5.35121e-02	2.55025e-02	3.83129	4.97620	4.41310e-05
1.22986e+03	5.35011e-02	2.34211e-02	0.02588	3.31346	4.41310e-05
1.23374e+03	5.34466e-02	1.58600e-02	3.16176	1.18363	4.41310e-05
1.23763e+03	5.33975e-02	2.01670e-02	6.27336	5.27421	4.41310e-05
1.24151e+03	5.34028e-02	2.39627e-02	2.39438	3.79660	4.41310e-05
1.24539e+03	5.34796e-02	2.26964e-02	5.03233	2.20836	4.41310e-05
1.24927e+03	5.35295e-02	2.03165e-02	2.01732	0.13534	4.41310e-05
1.25315e+03	5.35062e-02	2.78276e-02	5.41954	4.39517	4.41310e-05
1.25704e+03	5.34150e-02	2.56673e-02	2.17020	2.91939	4.41310e-05
1.26092e+03	5.33712e-02	1.49162e-02	5.68236	1.10234	4.41310e-05
1.26480e+03	5.33893e-02	1.82320e-02	3.93432	4.85601	4.41310e-05
1.26868e+03	5.33675e-02	2.61316e-02	1.76794	3.08369	4.41310e-05
1.27257e+03	5.32946e-02	1.76671e-02	5.99987	1.40503	4.41310e-05
1.27645e+03	5.32546e-02	1.10515e-02	5.23813	4.85994	4.41310e-05
1.28033e+03	5.33155e-02	2.13679e-02	3.81056	2.84917	4.41310e-05
1.28421e+03	5.33714e-02	2.41545e-02	2.32788	1.16653	4.41310e-05
1.28809e+03	5.33664e-02	1.65780e-02	1.96824	4.91217	4.41310e-05
1.29198e+03	5.32849e-02	2.03900e-02	1.56289	2.44587	4.41310e-05
1.29586e+03	5.32979e-02	2.13622e-02	0.62159	0.63755	4.41310e-05
1.29974e+03	5.34006e-02	1.96176e-02	0.97449	4.29275	4.41310e-05
1.30362e+03	5.33019e-02	2.17612e-02	1.62871	1.63346	4.41310e-05
1.30750e+03	5.32141e-02	1.51906e-02	1.79483	5.73025	4.41310e-05
1.31139e+03	5.32815e-02	1.87941e-02	3.05823	2.85122	4.41310e-05
1.31527e+03	5.32165e-02	1.84522e-02	4.69423	6.24629	4.41310e-05
1.31915e+03	5.31547e-02	1.28013e-02	5.89351	3.76589	4.41310e-05
1.32303e+03	5.31893e-02	1.55597e-02	2.19279	0.33267	4.41310e-05
1.32692e+03	5.31063e-02	1.36659e-02	4.77170	3.43389	4.41310e-05
1.33080e+03	5.31160e-02	2.51547e-03	1.57651	6.05985	4.41310e-05
1.33468e+03	5.31483e-02	2.12283e-02	5.16842	2.25111	4.41310e-05
1.33856e+03	5.31378e-02	1.13990e-02	4.73107	2.17161	4.41310e-05
1.34244e+03	5.31947e-02	2.53238e-02	5.33668	1.39898	4.41310e-05
1.34633e+03	5.30514e-02	1.62939e-02	1.43104	5.67042	4.41310e-05
1.35021e+03	5.31202e-02	1.04965e-02	6.27256	1.37996	4.41310e-05
1.35409e+03	5.30531e-02	1.05682e-02	5.28687	3.31976	4.41310e-05
1.35797e+03	5.30229e-02	1.33460e-02	4.80685	4.49933	4.41310e-05
1.36185e+03	5.31357e-02	6.85032e-03	4.74529	5.87231	4.41310e-05
1.36574e+03	5.30437e-02	1.82099e-02	2.53464	2.91652	4.41310e-05
1.36962e+03	5.29797e-02	6.83564e-03	5.72757	1.41313	4.41310e-05
1.37350e+03	5.30613e-02	2.16953e-02	2.42104	0.18403	4.41310e-05
1.37738e+03	5.29778e-02	1.33684e-02	5.15387	5.96215	4.41310e-05
1.38127e+03	5.29550e-02	1.24349e-03	6.04345	0.84483	4.41310e-05
1.38515e+03	5.30192e-02	2.02422e-02	1.37968	1.93702	4.41310e-05
1.38903e+03	5.29499e-02	3.05487e-03	2.23649	3.91414	4.41310e-05
1.39291e+03	5.29898e-02	1.21911e-02	5.11359	3.75478	4.41310e-05
1.39679e+03	5.29251e-02	1.27084e-02	1.41751	3.83705	4.41310e-05
1.40068e+03	5.29299e-02	1.20449e-02	5.89554	2.50254	4.41310e-05
1.40456e+03	5.29340e-02	1.35107e-02	3.08259	2.86960	4.41310e-05
1.40844e+03	5.29055e-02	6.44855e-03	4.25228	5.19364	4.41310e-05
1.41232e+03	5.28779e-02	9.68801e-04	2.49757	4.36350	4.41310e-05
1.41620e+03	5.28798e-02	9.92106e-03	0.01725	4.42963	4.41310e-05
1.42009e+03	5.29018e-02	9.38276e-03	2.38407	6.14985	4.41310e-05
1.42397e+03	5.28401e-02	6.23742e-03	2.68447	4.12071	4.41310e-05
1.42785e+03	5.28298e-02	8.04457e-03	6.24911	5.16228	4.41310e-05
1.43173e+03	5.28482e-02	1.58473e-02	3.45877	0.43037	4.41310e-05
1.43561e+03	5.27887e-02	1.09782e-02	2.96233	0.14161	4.41310e-05
1.43950e+03	5.28090e-02	4.60969e-03	0.49389	1.84660	4.41310e-05
1.44338e+03	5.28416e-02	1.26013e-02	3.33750	4.13492	4.41310e-05
1.44726e+03	5.27889e-02	7.00342e-03	4.90117	2.16458	4.41310e-05
1.45114e+03	5.28101e-02	1.21446e-02	3.72434	3.24714	4.41310e-05
1.45503e+03	5.28322e-02	1.41452e-02	1.16227	5.72983	4.41310e-05
1.45891e+03	5.27372e-02	3.91579e-03	1.11516	5.52889	4.41310e-05
1.46279e+03	5.27693e-02	7.07534e-03	1.40505	5.42420	4.41310e-05
1.46667e+03	5.27688e-02	7.17506e-03	0.56810	0.08633	4.41310e-05
1.47055e+03	5.26871e-02	7.23110e-03	2.01151	5.38725	4.41310e-05
1.47444e+03	5.26938e-02	1.40024e-02	3.92162	4.69120	4.41310e-05
1.47832e+03	5.26879e-02	1.29853e-02	5.78801	4.33996	4.41310e-05
1.48220e+03	5.26514e-02	1.03130e-02	1.14668	4.31904	4.41310e-05
1.48608e+03	5.26843e-02	8.96288e-03	3.88846	3.46343	4.41310e-05
1.48996e+03	5.26359e-02	3.10518e-03	1.27230	1.95142	4.41310e-05
1.49385e+03	5.25900e-02	3.34946e-03	4.34735	1.15342	4.41310e-05
1.49773e+03	5.26456e-02	1.14441e-02	0.89062	0.90598	4.41310e-05
1.50161e+03	5.26100e-02	1.07123e-02	4.26143	0.31566	4.41310e-05
1.50549e+03	5.25965e-02	1.06805e-02	0.62746	0.60367	4.41310e-05
1.50938e+03	5.25761e-02	1.51993e-02	4.65053	6.10047	4.41310e-05
1.51326e+03	5.25450e-02	7.42766e-03	1.90774	5.94416	4.41310e-05
1.51714e+03	5.25637e-02	1.14926e-02	6.13386	5.29740	4.41310e-05
1.52102e+03	5.25555e-02	7.16679e-03	5.05496	3.99835	4.41310e-05
1.52490e+03	5.25280e-02	3.95309e-03	2.73797	4.01449	4.41310e-05
1.52879e+03	5.25489e-02	1.02830e-02	1.96968	2.78395	4.41310e-05
1.53267e+03	5.25200e-02	6.29121e-03	1.13168	1.84614	4.41310e-05
1.53655e+03	5.24804e-02	7.02784e-03	5.97115	1.63483	4.41310e-05
1.54043e+03	5.25321e-02	1.25540e-02	6.05418	0.21086	4.41310e-05
1.54431e+03	5.24536e-02	8.39058e-03	6.23776	5.14548	4.41310e-05
1.54820e+03	5.24118e-02	7.91499e-03	5.46980	4.86342	4.41310e-05
1.55208e+03	5.24756e-02	1.11694e-02	6.00885	3.60175	4.41310e-05
1.55596e+03	5.24403e-02	4.53549e-03	0.69086	2.15281	4.41310e-05
1.55984e+03	5.23869e-02	4.06337e-03	1.51471	0.96862	4.41310e-05
1.56373e+03	5.24222e-02	1.33387e-02	2.36605	0.04354	4.41310e-05
1.56761e+03	5.23763e-02	1.12910e-02	3.71942	5.17234	4.41310e-05
1.57149e+03	5.23788e-02	6.34159e-03	4.27631	4.91723	4.41310e-05
1.57537e+03	5.23765e-02	7.07948e-03	0.07061	3.40170	4.41310e-05
1.57925e+03	5.23697e-02	9.26757e-03	3.10135	1.21668	4.41310e-05
1.58314e+03	5.23194e-02	8.32955e-03	4.99083	0.30321	4.41310e-05
1.58702e+03	5.23517e-02	1.37220e-02	0.23612	6.24593	4.41310e-05
1.59090e+03	5.23239e-02	9.05679e-03	3.12013	4.86314	4.41310e-05
1.59478e+03	5.22958e-02	1.47828e-03	0.69467	2.64561	4.41310e-05
1.59866e+03	5.22865e-02	7.38892e-03	3.26564	1.89918	4.41310e-05
1.60255e+03	5.23312e-02	1.59765e-02	0.26580	0.74999	4.41310e-05
1.60643e+03	5.22378e-02	8.11141e-03	3.49572	6.12173	4.41310e-05
1.61031e+03	5.22639e-02	6.86236e-03	0.04788	5.74250	4.41310e-05
1.61419e+03	5.22934e-02	7.79735e-03	5.41782	3.14403	4.41310e-05
1.61808e+03	5.22216e-02	1.13809e-02	3.73909	1.54205	4.41310e-05
1.62196e+03	5.21734e-02	9.40035e-03	1.02341	1.10903	4.41310e-05
1.62584e+03	5.22158e-02	1.08049e-02	5.41666	0.10006	4.41310e-05
1.62972e+03	5.22233e-02	6.50751e-03	5.25613	3.94504	4.41310e-05
1.63360e+03	5.21633e-02	6.63766e-03	4.28089	2.44994	4.41310e-05
1.63749e+03	5.21719e-02	1.18479e-02	2.38106	2.09336	4.41310e-05
1.64137e+03	5.21895e-02	1.21346e-02	1.58067	0.94248	4.41310e-05
1.64525e+03	5.21299e-02	3.10059e-03	1.07673	5.95900	4.41310e-05
1.64913e+03	5.21442e-02	4.36929e-03	0.62982	4.78937	4.41310e-05
1.65301e+03	5.21408e-02	1.16934e-02	0.88098	3.23667	4.41310e-05
1.65690e+03	5.21256e-02	1.01648e-02	0.91554	2.10508	4.41310e-05
1.66078e+03	5.20788e-02	7.62763e-03	0.46370	1.60836	4.41310e-05
1.66466e+03	5.21248e-02	9.20380e-03	1.20978	0.18929	4.41310e-05
1.66854e+03	5.20718e-02	7.54648e-03	2.68120	4.59043	4.41310e-05
1.67243e+03	5.20241e-02	5.98001e-03	3.29245	3.69431	4.41310e-05
1.67631e+03	5.20517e-02	1.01895e-02	4.16637	2.78752	4.41310e-05
1.68019e+03	5.20492e-02	1.03677e-02	5.91488	1.28804	4.41310e-05
1.68407e+03	5.19936e-02	5.05048e-03	1.17002	0.15744	4.41310e-05
1.68795e+03	5.20005e-02	8.77431e-03	2.60748	5.60354	4.41310e-05
1.69184e+03	5.20214e-02	9.99942e-03	5.02502	4.09428	4.41310e-05
1.69572e+03	5.19711e-02	5.86170e-03	1.22571	2.70204	4.41310e-05
1.69960e+03	5.19637e-02	6.55671e-03	3.33442	1.85607	4.41310e-05
1.70348e+03	5.19869e-02	1.15266e-02	6.16493	0.57047	4.41310e-05
1.70736e+03	5.19591e-02	7.26792e-03	3.01192	5.50557	4.41310e-05
1.71125e+03	5.19147e-02	4.78019e-03	5.71034	4.72948	4.41310e-05
1.71513e+03	5.19446e-02	8.79449e-03	2.99331	3.35188	4.41310e-05
1.71901e+03	5.19271e-02	1.07511e-02	0.64316	1.87095	4.41310e-05
1.72289e+03	5.18615e-02	7.28173e-03	4.15546	0.97180	4.41310e-05
1.72678e+03	5.18896e-02	8.85139e-03	1.46529	0.20884	4.41310e-05
1.73066e+03	5.18860e-02	7.93504e-03	6.22376	4.85385	4.41310e-05
1.73454e+03	5.18517e-02	5.69508e-03	4.90040	3.19555	4.41310e-05
1.73842e+03	5.18100e-02	9.37152e-03	2.57169	2.71848	4.41310e-05
1.74230e+03	5.18378e-02	1.29611e-02	1.10952	1.67714	4.41310e-05
1.74619e+03	5.18167e-02	7.99533e-03	6.02468	0.73893	4.41310e-05
1.75007e+03	5.18143e-02	5.37950e-03	4.50875	0.12157	4.41310e-05
1.75395e+03	5.18142e-02	7.87486e-03	4.26215	4.79335	4.41310e-05
1.75783e+03	5.18027e-02	8.95403e-03	3.99780	3.44328	4.41310e-05
1.76171e+03	5.17551e-02	8.58679e-03	2.89105	3.08128	4.41310e-05
1.76560e+03	5.17722e-02	1.17967e-02	2.49007	2.28281	4.41310e-05
1.76948e+03	5.17450e-02	7.63410e-03	2.79306	1.03681	4.41310e-05
1.77336e+03	5.17182e-02	3.97609e-03	2.80139	0.24351	4.41310e-05
1.77724e+03	5.17091e-02	8.06386e-03	3.56246	5.21138	4.41310e-05
1.78113e+03	5.16938e-02	1.17584e-02	4.43699	4.06815	4.41310e-05
1.78501e+03	5.17091e-02	8.97309e-03	5.00705	3.39082	4.41310e-05
1.78889e+03	5.17128e-02	9.97565e-03	5.77390	2.73102	4.41310e-05
1.79277e+03	5.16628e-02	8.27859e-03	1.13152	1.47399	4.41310e-05
1.79665e+03	5.16314e-02	4.91466e-03	3.04861	0.13978	4.41310e-05
1.80054e+03	5.16473e-02	7.41746e-03	4.63309	5.59800	4.41310e-05
1.80442e+03	5.16620e-02	1.16855e-02	0.30560	4.68933	4.41310e-05
1.80830e+03	5.16368e-02	8.31775e-03	2.62869	3.62612	4.41310e-05
1.81218e+03	5.16046e-02	7.14231e-03	4.58807	3.10069	4.41310e-05
1.81606e+03	5.16388e-02	8.99082e-03	1.28812	1.81259	4.41310e-05
1.81995e+03	5.15941e-02	8.44023e-03	4.57815	0.47042	4.41310e-05
1.82383e+03	5.15890e-02	7.86647e-03	1.13020	6.02197	4.41310e-05
1.82771e+03	5.15916e-02	1.04839e-02	4.26199	5.24018	4.41310e-05
1.83159e+03	5.15655e-02	8.90832e-03	1.81004	4.02288	4.41310e-05
1.83548e+03	5.15342e-02	5.28380e-03	5.58475	3.04287	4.41310e-05
1.83936e+03	5.15213e-02	7.94002e-03	3.33090	2.01568	4.41310e-05
1.84324e+03	5.15220e-02	1.05382e-02	1.37874	0.96958	4.41310e-05
1.84712e+03	5.14873e-02	8.40717e-03	5.83054	6.27680	4.41310e-05
1.85100e+03	5.14850e-02	7.52749e-03	3.86669	5.62954	4.41310e-05
1.85489e+03	5.14844e-02	8.96722e-03	2.64722	4.50216	4.41310e-05
1.85877e+03	5.14888e-02	7.58131e-03	1.92215	3.11511	4.41310e-05
1.86265e+03	5.14562e-02	7.78875e-03	0.63078	2.45512	4.41310e-05
1.86653e+03	5.14567e-02	1.11918e-02	6.15941	1.52466	4.41310e-05
1.87041e+03	5.14457e-02	9.08172e-03	5.92486	0.31747	4.41310e-05
1.87430e+03	5.14233e-02	5.50954e-03	5.45914	5.80889	4.41310e-05
1.87818e+03	5.14049e-02	7.76953e-03	5.59298	4.63670	4.41310e-05
1.88206e+03	5.14127e-02	1.09884e-02	6.11089	3.36173	4.41310e-05
1.88594e+03	5.13645e-02	8.98759e-03	6.25501	2.64197	4.41310e-05
1.88983e+03	5.13500e-02	9.68001e-03	0.28786	1.95777	4.41310e-05
1.89371e+03	5.13889e-02	8.72374e-03	1.28243	0.85871	4.41310e-05
1.89759e+03	5.13279e-02	5.69593e-03	2.72567	5.82359	4.41310e-05
1.90147e+03	5.13055e-02	6.48029e-03	4.01655	4.83322	4.41310e-05
1.90535e+03	5.13290e-02	1.09108e-02	5.56498	3.84343	4.41310e-05
1.90924e+03	5.13405e-02	1.06713e-02	1.09409	2.83338	4.41310e-05
1.91312e+03	5.12484e-02	6.95081e-03	2.84495	2.07662	4.41310e-05
1.91700e+03	5.12834e-02	7.75628e-03	5.02578	1.10421	4.41310e-05
1.92088e+03	5.12556e-02	9.02204e-03	1.66920	5.94605	4.41310e-05
1.92476e+03	5.12450e-02	8.74442e-03	4.41235	4.88461	4.41310e-05
1.92865e+03	5.12470e-02	9.28182e-03	0.68643	4.20952	4.41310e-05
1.93253e+03	5.12411e-02	9.14054e-03	3.84589	3.19595	4.41310e-05
1.93641e+03	5.12427e-02	6.70099e-03	0.98463	2.14529	4.41310e-05
1.94029e+03	5.12133e-02	5.74589e-03	4.78913	0.90720	4.41310e-05
1.94418e+03	5.11919e-02	9.43242e-03	2.21763	6.27499	4.41310e-05
1.94806e+03	5.11844e-02	1.08681e-02	0.06133	5.20983	4.41310e-05
1.95194e+03	5.11533e-02	8.10920e-03	4.24920	4.27338	4.41310e-05
1.95582e+03	5.11647e-02	7.52539e-03	2.33356	3.37675	4.41310e-05
1.95970e+03	5.11746e-02	9.62137e-03	0.98906	2.16548	4.41310e-05
1.96359e+03	5.11458e-02	8.99480e-03	6.08166	1.02945	4.41310e-05
1.96747e+03	5.11300e-02	7.25822e-03	4.64877	0.32030	4.41310e-05
1.97135e+03	5.11245e-02	7.20102e-03	3.75465	5.60387	4.41310e-05
1.97523e+03	5.10748e-02	7.19339e-03	3.58984	4.12305	4.41310e-05
1.97911e+03	5.10465e-02	8.12677e-03	3.26133	3.01026	4.41310e-05
1.98300e+03	5.10478e-02	1.15123e-02	2.67937	2.35835	4.41310e-05
1.98688e+03	5.10560e-02	1.28776e-02	2.51863	1.55325	4.41310e-05
1.99076e+03	5.10474e-02	7.96271e-03	2.51722	0.80079	4.41310e-05
1.99464e+03	5.10256e-02	3.65467e-03	2.92196	6.13100	4.41310e-05
1.99853e+03	5.10248e-02	6.22357e-03	4.64578	4.09901	4.41310e-05
2.00241e+03	5.10345e-02	1.15527e-02	5.71992	2.97174	4.41310e-05
2.00629e+03	5.10137e-02	1.21310e-02	0.25034	2.29236	4.41310e-05
2.01017e+03	5.10001e-02	1.21301e-02	1.13112	1.77365	4.41310e-05
2.01405e+03	5.09819e-02	9.55220e-03	2.61194	0.90651	4.41310e-05
2.01794e+03	5.09378e-02	3.86088e-03	4.59845	6.04686	4.41310e-05
2.02182e+03	5.09357e-02	4.15085e-03	1.17909	4.21851	4.41310e-05
2.02570e+03	5.09432e-02	9.82501e-03	3.45068	3.23280	4.41310e-05
2.02958e+03	5.09386e-02	1.34018e-02	5.85793	2.35356	4.41310e-05
2.03346e+03	5.09090e-02	1.20688e-02	1.93860	1.72863	4.41310e-05
2.03735e+03	5.09019e-02	1.08296e-02	4.59118	1.02405	4.41310e-05
2.04123e+03	5.09044e-02	6.87051e-03	1.40595	0.13475	4.41310e-05
2.04511e+03	5.08755e-02	2.83605e-03	6.07070	4.18313	4.41310e-05
2.04899e+03	5.08661e-02	6.68590e-03	3.77388	2.83240	4.41310e-05
2.05288e+03	5.08460e-02	1.33245e-02	0.93161	2.26154	4.41310e-05
2.05676e+03	5.08495e-02	1.65624e-02	4.83666	1.48906	4.41310e-05
2.06064e+03	5.08182e-02	1.30983e-02	2.38746	0.98020	4.41310e-05
2.06452e+03	5.08095e-02	9.04059e-03	0.02965	0.60294	4.41310e-05
2.06840e+03	5.08387e-02	6.37961e-04	5.34470	5.36170	4.41310e-05
2.07229e+03	5.08069e-02	1.11177e-02	6.05482	2.40768	4.41310e-05
2.07617e+03	5.07651e-02	1.61300e-02	4.49199	1.92196	4.41310e-05
2.08005e+03	5.07526e-02	1.92951e-02	3.06836	1.53045	4.41310e-05
2.08393e+03	5.07281e-02	1.63577e-02	2.02871	0.99769	4.41310e-05
2.08781e+03	5.07607e-02	7.10037e-03	0.90866	0.77901	4.41310e-05
2.09170e+03	5.07436e-02	3.88056e-03	4.82278	2.00627	4.41310e-05
2.09558e+03	5.07068e-02	1.27433e-02	3.55444	2.38199	4.41310e-05
2.09946e+03	5.07108e-02	1.92916e-02	3.41923	1.86115	4.41310e-05
2.10334e+03	5.06898e-02	1.70630e-02	3.37269	1.47028	4.41310e-05
2.10723e+03	5.06733e-02	1.10880e-02	3.55074	1.06554	4.41310e-05
2.11111e+03	5.06683e-02	1.26950e-03	3.37200	1.27116	4.41310e-05
2.11499e+03	5.06547e-02	1.03960e-02	2.09046	2.81380	4.41310e-05
2.11887e+03	5.06465e-02	1.65321e-02	3.04632	2.33354	4.41310e-05
2.12275e+03	5.06312e-02	1.83758e-02	4.08075	1.98844	4.41310e-05
2.12664e+03	5.06544e-02	1.32985e-02	5.64265	1.37279	4.41310e-05
2.13052e+03	5.06156e-02	3.17639e-03	0.43408	1.47028	4.41310e-05
2.13440e+03	5.05876e-02	8.44263e-03	0.27106	3.02414	4.41310e-05
2.13828e+03	5.05815e-02	1.53128e-02	2.10221	2.81239	4.41310e-05
2.14216e+03	5.05734e-02	1.84760e-02	4.58931	2.18624	4.41310e-05
2.14605e+03	5.05801e-02	1.40922e-02	0.88195	1.70344	4.41310e-05
2.14993e+03	5.05643e-02	5.18810e-03	3.72472	1.16366	4.41310e-05
2.15381e+03	5.05428e-02	3.02009e-03	3.66992	3.76007	4.41310e-05
2.15769e+03	5.05397e-02	1.26135e-02	0.89416	3.03725	4.41310e-05
2.16157e+03	5.05105e-02	1.51766e-02	4.50120	2.43995	4.41310e-05
2.16546e+03	5.04913e-02	1.38040e-02	2.07881	1.80145	4.41310e-05
2.16934e+03	5.05155e-02	9.60764e-03	6.19091	1.15574	4.41310e-05
2.17322e+03	5.04851e-02	1.96941e-03	0.21283	4.55807	4.41310e-05
2.17710e+03	5.04795e-02	1.07017e-02	5.61099	3.09896	4.41310e-05
2.18099e+03	5.04637e-02	1.52294e-02	3.92404	2.64962	4.41310e-05
2.18487e+03	5.04512e-02	1.63704e-02	2.67550	2.01203	4.41310e-05
2.18875e+03	5.04279e-02	9.50274e-03	1.55099	1.48201	4.41310e-05
2.19263e+03	5.04334e-02	2.57900e-03	4.77960	3.11411	4.41310e-05
2.19651e+03	5.03855e-02	1.26187e-02	3.52311	3.16265	4.41310e-05
2.20040e+03	5.03815e-02	1.82804e-02	3.02850	2.69450	4.41310e-05
2.20428e+03	5.03830e-02	1.59245e-02	2.89014	2.10045	4.41310e-05
2.20816e+03	5.03779e-02	5.75334e-03	2.73323	1.75932	4.41310e-05
2.21204e+03	5.03637e-02	6.75778e-03	0.66032	3.54628	4.41310e-05
2.21592e+03	5.03637e-02	1.47425e-02	0.78499	3.37600	4.41310e-05
2.21981e+03	5.03310e-02	1.96959e-02	1.53120	2.81937	4.41310e-05
2.22369e+03	5.03181e-02	1.46438e-02	2.48697	2.28251	4.41310e-05
2.22757e+03	5.03185e-02	5.36208e-03	3.23885	2.16594	4.41310e-05
2.23145e+03	5.03154e-02	6.54425e-03	2.41626	3.86302	4.41310e-05
2.23534e+03	5.02885e-02	1.68373e-02	3.88494	3.50498	4.41310e-05
2.23922e+03	5.02659e-02	1.92273e-02	5.78336	2.95124	4.41310e-05
2.24310e+03	5.02573e-02	1.29683e-02	1.46825	2.53979	4.41310e-05
2.24698e+03	5.02664e-02	2.52861e-03	2.92922	2.87793	4.41310e-05
2.25086e+03	5.02363e-02	1.03538e-02	3.71908	4.12045	4.41310e-05
2.25475e+03	5.02374e-02	1.79726e-02	0.17097	3.65633	4.41310e-05
2.25863e+03	5.02160e-02	1.64565e-02	3.16031	3.15183	4.41310e-05
2.26251e+03	5.01787e-02	9.67900e-03	0.14264	2.61195	4.41310e-05
2.26639e+03	5.01853e-02	2.21473e-03	0.92152	4.79458	4.41310e-05
2.27027e+03	5.01864e-02	1.22801e-02	4.63082	4.28757	4.41310e-05
2.27416e+03	5.01681e-02	1.61485e-02	2.37665	3.67583	4.41310e-05
2.27804e+03	5.01591e-02	1.51544e-02	0.31496	3.10687	4.41310e-05
2.28192e+03	5.01459e-02	8.36398e-03	4.84452	2.45724	4.41310e-05
2.28580e+03	5.01307e-02	3.44736e-03	0.50640	4.64053	4.41310e-05
2.28969e+03	5.01117e-02	1.34729e-02	5.30101	4.19601	4.41310e-05
2.29357e+03	5.01183e-02	1.79722e-02	4.25361	3.56927	4.41310e-05
2.29745e+03	5.00932e-02	1.27621e-02	3.32023	3.03203	4.41310e-05
2.30133e+03	5.01022e-02	2.73797e-03	1.12486	4.01858	4.41310e-05
2.30521e+03	5.00783e-02	1.31593e-02	5.86100	4.57491	4.41310e-05
2.30910e+03	5.00469e-02	1.87385e-02	5.49979	4.17532	4.41310e-05
2.31298e+03	5.00701e-02	1.71456e-02	5.47791	3.66242	4.41310e-05
2.31686e+03	5.00505e-02	6.40103e-03	5.53497	3.31421	4.41310e-05
2.32074e+03	5.00259e-02	9.02483e-03	3.56987	5.22109	4.41310e-05
2.32462e+03	5.00082e-02	1.64262e-02	4.28591	4.67694	4.41310e-05
2.32851e+03	4.99974e-02	1.59430e-02	5.25886	4.09317	4.41310e-05
2.33239e+03	4.99838e-02	6.48398e-03	0.35133	3.35683	4.41310e-05
2.33627e+03	4.99773e-02	8.12737e-03	5.33043	5.52198	4.41310e-05
2.34015e+03	4.99858e-02	1.54820e-02	1.09130	4.57406	4.41310e-05
2.34404e+03	4.99425e-02	9.42819e-03	3.35381	3.63804	4.41310e-05
2.34792e+03	4.99586e-02	4.51722e-03	3.06096	5.47835	4.41310e-05
2.35180e+03	4.99240e-02	1.72150e-02	5.53389	4.81832	4.41310e-05
2.35568e+03	4.98960e-02	1.46825e-02	2.03910	4.06002	4.41310e-05
2.35956e+03	4.99267e-02	3.92957e-03	3.35208	5.02212	4.41310e-05
2.36345e+03	4.99097e-02	1.82780e-02	5.63361	5.25124	4.41310e-05
2.36733e+03	4.98935e-02	1.68100e-02	2.64911	4.67909	4.41310e-05
2.37121e+03	4.98616e-02	3.22018e-03	5.17903	5.13313	4.41310e-05
2.37509e+03	4.98601e-02	1.49580e-02	1.25216	5.96382	4.41310e-05
2.37897e+03	4.98629e-02	1.55810e-02	5.48821	5.17620	4.41310e-05
2.38286e+03	4.98277e-02	7.58329e-04	2.31140	5.68440	4.41310e-05
2.38674e+03	4.98278e-02	1.23192e-02	5.60040	6.26953	4.41310e-05
2.39062e+03	4.98219e-02	1.47761e-02	4.50925	5.24658	4.41310e-05
2.39450e+03	4.97944e-02	7.88961e-03	3.47377	4.37425	4.41310e-05
2.39839e+03	4.97903e-02	7.17951e-03	5.90436	0.25504	4.41310e-05
2.40227e+03	4.97833e-02	1.69223e-02	5.28948	5.70325	4.41310e-05
2.40615e+03	4.97480e-02	1.32623e-02	4.66236	5.14747	4.41310e-05
2.41003e+03	4.97524e-02	3.12276e-03	4.22094	4.69720	4.41310e-05
2.41391e+03	4.97532e-02	9.78080e-03	1.09721	0.83693	4.41310e-05
2.41780e+03	4.97246e-02	1.52577e-02	1.36906	0.07773	4.41310e-05
2.42168e+03	4.96977e-02	1.23652e-02	2.00599	5.48957	4.41310e-05
2.42556e+03	4.96990e-02	4.22392e-03	3.13917	4.34444	4.41310e-05
2.42944e+03	4.97204e-02	6.23054e-03	0.37067	1.06055	4.41310e-05
2.43332e+03	4.96993e-02	1.50015e-02	1.69219	0.20781	4.41310e-05
2.43721e+03	4.96668e-02	1.58952e-02	3.12976	5.76645	4.41310e-05
2.44109e+03	4.96600e-02	6.35102e-03	4.69931	5.14856	4.41310e-05
2.44497e+03	4.96387e-02	5.65784e-03	3.57751	1.18159	4.41310e-05
2.44885e+03	4.96594e-02	1.59117e-02	5.60027	0.60226	4.41310e-05
2.45274e+03	4.96156e-02	1.62733e-02	1.55478	0.06616	4.41310e-05
2.45662e+03	4.96074e-02	6.38293e-03	4.33812	5.52788	4.41310e-05
2.46050e+03	4.95785e-02	5.22716e-03	3.75538	2.02328	4.41310e-05
2.46438e+03	4.95832e-02	1.31638e-02	0.64805	1.26946	4.41310e-05
2.46826e+03	4.95619e-02	1.43826e-02	3.96519	0.61310	4.41310e-05
2.47215e+03	4.95680e-02	8.59132e-03	1.59638	5.88941	4.41310e-05
2.47603e+03	4.95453e-02	3.18866e-03	0.68311	3.66882	4.41310e-05
2.47991e+03	4.95098e-02	9.64777e-03	5.93492	1.79896	4.41310e-05
2.48379e+03	4.95216e-02	1.32906e-02	4.19239	0.87826	4.41310e-05
2.48767e+03	4.95111e-02	1.16812e-02	2.45340	0.18405	4.41310e-05
2.49156e+03	4.95105e-02	3.11438e-03	1.42860	5.31273	4.41310e-05
2.49544e+03	4.94850e-02	8.07259e-03	2.54696	2.24910	4.41310e-05
2.49932e+03	4.94511e-02	1.50989e-02	1.62917	1.46291	4.41310e-05
2.50320e+03	4.94639e-02	1.27024e-02	0.78297	0.82921	4.41310e-05
2.50709e+03	4.94631e-02	4.07234e-03	0.22364	0.15804	4.41310e-05
2.51097e+03	4.94302e-02	9.29816e-03	2.78190	2.89538	4.41310e-05
2.51485e+03	4.94391e-02	1.56357e-02	2.81809	2.11224	4.41310e-05
2.51873e+03	4.93903e-02	1.12979e-02	3.01138	1.39875	4.41310e-05
2.52261e+03	4.94054e-02	2.27621e-03	4.06147	0.07758	4.41310e-05
2.52650e+03	4.93905e-02	9.38923e-03	0.44816	3.64831	4.41310e-05
2.53038e+03	4.94121e-02	1.36462e-02	1.45327	2.84534	4.41310e-05
2.53426e+03	4.93373e-02	1.02293e-02	2.81141	1.92507	4.41310e-05
2.53814e+03	4.93779e-02	4.48741e-03	5.23655	0.18157	4.41310e-05
2.54202e+03	4.93402e-02	8.12320e-03	1.71095	4.61172	4.41310e-05
2.54591e+03	4.93380e-02	1.08348e-02	3.92710	3.55858	4.41310e-05
2.54979e+03	4.93535e-02	1.12309e-02	0.00714	2.61237	4.41310e-05
2.55367e+03	4.92889e-02	9.54267e-03	2.45700	1.80554	4.41310e-05
2.55755e+03	4.93026e-02	7.67131e-03	5.14906	0.99731	4.41310e-05
2.56144e+03	4.93050e-02	7.33903e-03	1.61953	0.36390	4.41310e-05
2.56532e+03	4.92765e-02	6.74200e-03	5.21995	5.42560	4.41310e-05
2.56920e+03	4.92649e-02	8.66517e-03	2.50600	4.45960	4.41310e-05
2.57308e+03	4.92594e-02	1.13681e-02	6.12203	3.69880	4.41310e-05
2.57696e+03	4.92224e-02	1.21204e-02	3.56279	3.08253	4.41310e-05
2.58085e+03	4.92125e-02	1.02043e-02	1.19645	2.50116	4.41310e-05
2.58473e+03	4.92180e-02	5.36831e-03	5.89629	1.39628	4.41310e-05
2.58861e+03	4.91967e-02	6.66763e-03	5.27927	5.84823	4.41310e-05
2.59249e+03	4.91964e-02	1.07857e-02	3.93131	4.96829	4.41310e-05
2.59637e+03	4.91859e-02	1.22363e-02	2.49117	4.41600	4.41310e-05
2.60026e+03	4.91847e-02	1.06879e-02	1.46213	3.69876	4.41310e-05
2.60414e+03	4.91598e-02	6.32335e-03	1.17758	2.49010	4.41310e-05
2.60802e+03	4.91278e-02	6.76764e-03	1.55787	0.84073	4.41310e-05
2.61190e+03	4.91271e-02	9.76488e-03	1.39791	6.24672	4.41310e-05
2.61579e+03	4.91202e-02	1.12602e-02	1.44247	5.40002	4.41310e-05
2.61967e+03	4.90866e-02	1.01204e-02	1.94098	4.36826	4.41310e-05
2.62355e+03	4.91011e-02	8.22888e-03	2.73517	3.27449	4.41310e-05
2.62743e+03	4.90899e-02	7.14715e-03	3.73382	2.20295	4.41310e-05
2.63131e+03	4.90949e-02	6.76515e-03	5.12105	0.97112	4.41310e-05
2.63520e+03	4.90603e-02	8.36630e-03	0.60835	5.90435	4.41310e-05
2.63908e+03	4.90702e-02	1.12631e-02	2.29320	4.87937	4.41310e-05
2.64296e+03	4.90242e-02	1.14560e-02	4.08985	3.98780	4.41310e-05
2.64684e+03	4.90342e-02	6.15038e-03	5.98541	3.21704	4.41310e-05
2.65072e+03	4.90197e-02	4.28064e-03	3.57263	0.74292	4.41310e-05
2.65461e+03	4.89864e-02	1.22133e-02	6.22868	6.01417	4.41310e-05
2.65849e+03	4.89814e-02	1.50659e-02	2.53373	5.30732	4.41310e-05
2.66237e+03	4.90017e-02	1.03361e-02	5.29337	4.65644	4.41310e-05
2.66625e+03	4.89469e-02	2.04434e-03	4.83529	1.19749	4.41310e-05
2.67014e+03	4.89682e-02	1.25326e-02	1.93475	0.42361	4.41310e-05
2.67402e+03	4.89499e-02	1.55493e-02	5.57112	5.90459	4.41310e-05
2.67790e+03	4.89287e-02	6.45308e-03	3.56816	4.60608	4.41310e-05
2.68178e+03	4.88984e-02	8.10827e-03	3.50520	1.64407	4.41310e-05
2.68566e+03	4.89246e-02	1.06652e-02	1.96676	0.39200	4.41310e-05
2.68955e+03	4.88967e-02	6.62849e-03	0.83310	5.11729	4.41310e-05
2.69343e+03	4.89157e-02	5.23410e-03	1.28797	2.01708	4.41310e-05
2.69731e+03	4.89083e-02	8.59922e-03	1.63288	5.41785	4.41310e-05
2.70119e+03	4.88964e-02	5.16630e-03	1.80304	2.95439	4.41310e-05
2.70507e+03	4.88539e-02	1.00464e-02	3.26758	5.85913	4.41310e-05
2.70896e+03	4.88754e-02	6.24481e-03	3.45784	3.86282	4.41310e-05
2.71284e+03	4.88882e-02	1.25733e-02	5.87308	5.96698	4.41310e-05
2.71672e+03	4.88713e-02	6.29811e-03	3.00389	0.82097	4.41310e-05
2.72060e+03	4.88449e-02	1.02054e-02	3.34575	5.35462	4.41310e-05
2.72449e+03	4.88319e-02	1.35943e-02	0.89182	0.55822	4.41310e-05
2.72837e+03	4.88332e-02	9.15703e-03	1.30961	5.72748	4.41310e-05
2.73225e+03	4.88193e-02	1.57931e-02	5.74406	0.78297	4.41310e-05
2.73613e+03	4.88004e-02	2.67325e-03	6.13298	0.03741	4.41310e-05
2.74001e+03	4.87880e-02	1.45444e-02	5.27933	0.77503	4.41310e-05
2.74390e+03	4.87677e-02	6.53197e-03	4.02870	2.18179	4.41310e-05
2.74778e+03	4.87662e-02	1.11586e-02	5.79488	0.78966	4.41310e-05
2.75166e+03	4.87680e-02	1.03655e-02	4.85294	2.41926	4.41310e-05
2.75554e+03	4.87194e-02	4.49279e-03	1.20551	0.68941	4.41310e-05
2.75942e+03	4.87291e-02	1.18040e-02	0.57160	2.50607	4.41310e-05
2.76331e+03	4.87146e-02	3.48796e-03	5.77081	5.03830	4.41310e-05
2.76719e+03	4.86967e-02	9.63171e-03	3.89314	2.30286	4.41310e-05
2.77107e+03	4.86757e-02	6.55597e-03	3.40648	4.72884	4.41310e-05
2.77495e+03	4.86653e-02	7.07905e-03	2.04094	1.98479	4.41310e-05
2.77884e+03	4.86664e-02	8.16313e-03	1.60324	4.87233	4.41310e-05
2.78272e+03	4.86336e-02	6.30629e-03	1.13356	1.77084	4.41310e-05
2.78660e+03	4.86574e-02	7.82419e-03	0.76974	5.11017	4.41310e-05
2.79048e+03	4.86321e-02	7.16454e-03	0.84935	1.97237	4.41310e-05
2.79436e+03	4.86078e-02	7.43794e-03	0.68420	5.61556	4.41310e-05
2.79825e+03	4.86144e-02	8.49299e-03	1.46717	2.27449	4.41310e-05
2.80213e+03	4.85876e-02	7.09202e-03	1.22371	0.20774	4.41310e-05
2.80601e+03	4.85711e-02	9.19340e-03	2.55367	3.10080	4.41310e-05
2.80989e+03	4.85736e-02	7.08555e-03	2.87059	0.98117	4.41310e-05
2.81377e+03	4.85728e-02	9.74352e-03	4.80048	3.79378	4.41310e-05
2.81766e+03	4.85595e-02	7.75746e-03	5.31619	1.96523	4.41310e-05
2.82154e+03	4.85349e-02	8.96319e-03	1.23387	4.97419	4.41310e-05
2.82542e+03	4.85098e-02	8.67956e-03	2.30766	3.05610	4.41310e-05
2.82930e+03	4.85317e-02	7.74413e-03	5.05593	5.99219	4.41310e-05
2.83319e+03	4.84897e-02	1.03758e-02	0.02150	4.37799	4.41310e-05
2.83707e+03	4.84806e-02	3.40787e-03	2.77472	1.57285	4.41310e-05
2.84095e+03	4.84697e-02	1.08357e-02	4.96315	5.89516	4.41310e-05
2.84483e+03	4.84678e-02	8.92130e-03	0.25563	4.78563	4.41310e-05
2.84871e+03	4.84426e-02	5.64130e-03	4.06704	1.70529	4.41310e-05
2.85260e+03	4.84695e-02	1.36243e-02	0.21949	0.23068	4.41310e-05
2.85648e+03	4.84428e-02	5.15662e-03	3.42335	4.56815	4.41310e-05
2.86036e+03	4.84070e-02	1.11408e-02	1.58876	1.62660	4.41310e-05
2.86424e+03	4.83934e-02	7.79265e-03	5.05009	6.20659	4.41310e-05
2.86812e+03	4.83913e-02	7.14945e-03	3.60557	3.36466	4.41310e-05
2.87201e+03	4.83706e-02	8.44938e-03	1.03648	1.88683	4.41310e-05
2.87589e+03	4.83775e-02	5.11515e-03	0.31902	5.06964	4.41310e-05
2.87977e+03	4.83386e-02	1.15835e-02	4.56869	3.56110	4.41310e-05
2.88365e+03	4.83547e-02	1.97169e-03	2.99893	1.80495	4.41310e-05
2.88753e+03	4.83007e-02	1.34031e-02	3.27509	4.77526	4.41310e-05
2.89142e+03	4.83042e-02	9.38447e-03	1.76838	3.45412	4.41310e-05
2.89530e+03	4.83313e-02	1.08521e-02	3.21887	5.71930	4.41310e-05
2.89918e+03	4.82921e-02	1.39957e-02	2.12546	4.48047	4.41310e-05
2.90306e+03	4.82606e-02	3.91020e-03	3.87280	0.70152	4.41310e-05
2.90695e+03	4.82386e-02	1.48340e-02	3.50189	5.55423	4.41310e-05
2.91083e+03	4.82667e-02	5.15404e-03	3.42342	4.08991	4.41310e-05
2.91471e+03	4.82491e-02	8.10426e-03	5.65368	0.53903	4.41310e-05
2.91859e+03	4.82243e-02	1.07031e-02	6.00295	5.40839	4.41310e-05
2.92247e+03	4.82339e-02	7.90806e-03	0.25481	4.02232	4.41310e-05
2.92636e+03	4.82289e-02	3.10560e-03	1.66649	2.04520	4.41310e-05
2.93024e+03	4.82018e-02	1.19559e-02	3.78037	5.84838	4.41310e-05
2.93412e+03	4.81979e-02	1.78863e-02	4.62790	4.93701	4.41310e-05
2.93800e+03	4.81556e-02	8.97081e-03	5.42480	4.30609	4.41310e-05
2.94188e+03	4.81423e-02	3.59732e-03	3.90025	0.04604	4.41310e-05
2.94577e+03	4.81389e-02	1.75071e-02	4.60837	0.11979	4.41310e-05
2.94965e+03	4.81635e-02	8.75398e-03	4.91035	0.52007	4.41310e-05
2.95353e+03	4.81650e-02	2.72898e-02	1.01344	5.46747	4.41310e-05
2.95741e+03	4.81924e-02	1.34121e-02	5.10972	2.79839	4.41310e-05
2.96130e+03	4.81356e-02	2.27013e-02	3.64114	5.98630	4.41310e-05
2.96518e+03	4.80971e-02	8.98137e-03	4.15769	1.05736	4.41310e-05
2.96906e+03	4.80930e-02	4.28276e-03	2.47236	4.93835	4.41310e-05
2.97294e+03	4.80927e-02	7.52795e-03	3.57435	5.88965	4.41310e-05
2.97682e+03	4.80839e-02	1.64009e-02	5.72744	6.09087	4.41310e-05
2.98071e+03	4.80759e-02	1.24431e-02	2.79983	5.20370	4.41310e-05
2.98459e+03	4.80761e-02	7.99044e-03	5.59078	5.28149	4.41310e-05
2.98847e+03	4.80003e-02	1.14449e-02	0.43675	1.02728	4.41310e-05
2.99235e+03	4.80811e-02	1.62012e-02	3.67939	0.86681	4.41310e-05
2.99623e+03	4.80411e-02	1.71898e-02	1.07677	0.63906	4.41310e-05
3.00012e+03	4.80135e-02	1.50198e-02	5.78194	5.87046	4.41310e-05
3.00400e+03	4.80310e-02	1.48648e-04	0.63215	2.29081	4.41310e-05
3.00788e+03	4.79630e-02	1.05284e-02	3.50107	4.06734	4.41310e-05
3.01176e+03	4.79332e-02	1.48816e-02	5.03639	1.86459	4.41310e-05
3.01565e+03	4.79227e-02	2.25060e-02	1.49305	4.66828	4.41310e-05
3.01953e+03	4.79108e-02	1.98724e-02	3.50935	2.23636	4.41310e-05
3.02341e+03	4.78781e-02	1.67989e-02	0.63095	4.92585	4.41310e-05
3.02729e+03	4.79303e-02	3.08327e-04	1.56611	3.70981	4.41310e-05
3.03117e+03	4.79003e-02	2.85646e-02	1.58289	3.77181	4.41310e-05
3.03506e+03	4.79484e-02	9.59834e-03	3.30193	2.33321	4.41310e-05
3.03894e+03	4.79420e-02	2.96603e-02	1.79172	4.43749	4.41310e-05
3.04282e+03	4.78230e-02	8.03706e-03	0.13984	1.16619	4.41310e-05
3.04670e+03	4.78802e-02	1.54327e-02	4.99028	3.52664	4.41310e-05
3.05058e+03	4.79182e-02	1.10264e-02	4.44804	5.08885	4.41310e-05
3.05447e+03	4.77601e-02	1.83373e-02	1.88018	3.55971	4.41310e-05
3.05835e+03	4.77753e-02	2.11752e-02	4.68422	2.62854	4.41310e-05
3.06223e+03	4.78342e-02	2.11317e-02	0.64374	3.07394	4.41310e-05
3.06611e+03	4.77421e-02	7.69527e-03	4.82930	1.07949	4.41310e-05
3.07000e+03	4.76741e-02	7.48961e-03	3.39656	5.65541	4.41310e-05
3.07388e+03	4.77200e-02	6.94200e-03	0.48462	5.38488	4.41310e-05
3.07776e+03	4.77036e-02	1.63125e-02	4.13178	5.55580	4.41310e-05
3.08164e+03	4.77273e-02	3.60987e-02	2.68970	4.41394	4.41310e-05
3.08552e+03	4.77991e-02	2.79549e-02	0.97122	3.73506	4.41310e-05
3.08941e+03	4.78232e-02	1.99236e-02	4.55810	3.81403	4.41310e-05
3.09329e+03	4.77112e-02	3.75825e-02	1.60943	3.88900	4.41310e-05
3.09717e+03	4.77307e-02	1.88249e-02	4.63925	4.43647	4.41310e-05
3.10105e+03	4.76762e-02	2.12081e-02	2.34401	4.15156	4.41310e-05
3.10493e+03	4.76750e-02	2.37081e-02	0.66358	3.89026	4.41310e-05
3.10882e+03	4.77490e-02	1.65887e-02	5.25863	3.48505	4.41310e-05
3.11270e+03	4.77276e-02	1.72457e-03	1.70120	5.39885	4.41310e-05
3.11658e+03	4.76903e-02	4.10119e-02	1.65799	4.16525	4.41310e-05
3.12046e+03	4.76923e-02	3.68708e-02	0.60792	3.88518	4.41310e-05
3.12435e+03	4.76909e-02	2.47436e-02	6.03567	3.77672	4.41310e-05
3.12823e+03	4.76039e-02	2.10010e-02	4.54652	4.45185	4.41310e-05
3.13211e+03	4.76650e-02	2.73409e-02	4.09633	4.45722	4.41310e-05
3.13599e+03	4.76063e-02	2.58446e-02	4.55016	3.85890	4.41310e-05
3.13987e+03	4.76361e-02	9.84105e-03	5.09316	3.39023	4.41310e-05
3.14376e+03	4.75613e-02	6.64420e-03	5.00351	3.64700	4.41310e-05
3.14764e+03	4.75259e-02	2.93639e-02	4.70695	4.47779	4.41310e-05
3.15152e+03	4.75364e-02	1.84388e-02	5.18078	4.53056	4.41310e-05
3.15540e+03	4.75473e-02	2.61033e-02	0.60550	3.48063	4.41310e-05
3.15928e+03	4.75357e-02	2.78788e-02	1.05771	3.85347	4.41310e-05
3.16317e+03	4.75110e-02	6.70507e-03	0.10979	6.14421	4.41310e-05
3.16705e+03	4.75343e-02	1.88789e-02	3.31634	4.32897	4.41310e-05
3.17093e+03	4.75417e-02	3.80346e-02	4.77404	4.55570	4.41310e-05
3.17481e+03	4.75364e-02	2.62248e-02	0.48385	4.53037	4.41310e-05
3.17870e+03	4.75214e-02	2.42384e-02	3.38622	3.53632	4.41310e-05
3.18258e+03	4.74760e-02	1.52193e-02	3.32747	5.98708	4.41310e-05
3.18646e+03	4.74670e-02	3.48919e-02	1.52793	4.42608	4.41310e-05
3.19034e+03	4.74628e-02	2.60621e-02	4.35554	4.36017	4.41310e-05
3.19422e+03	4.74786e-02	1.03495e-02	0.46688	4.94282	4.41310e-05
3.19811e+03	4.74529e-02	1.29918e-02	1.09058	1.29061	4.41310e-05
3.20199e+03	4.74287e-02	3.66241e-02	0.53301	5.38356	4.41310e-05
3.20587e+03	4.74339e-02	1.69924e-02	4.82059	4.76837	4.41310e-05
3.20975e+03	4.74279e-02	2.05265e-02	3.47638	3.84650	4.41310e-05
3.21363e+03	4.74124e-02	2.69524e-02	1.06048	3.87690	4.41310e-05
3.21752e+03	4.73998e-02	2.07837e-02	0.67800	2.06369	4.41310e-05
3.22140e+03	4.73938e-02	2.00590e-02	1.01784	6.21170	4.41310e-05
3.22528e+03	4.74069e-02	1.48816e-02	3.74736	1.49740	4.41310e-05
3.22916e+03	4.73914e-02	3.05052e-02	4.02586	5.86589	4.41310e-05
3.23305e+03	4.72998e-02	5.12936e-03	3.57675	5.10229	4.41310e-05
3.23693e+03	4.73775e-02	3.31430e-02	2.00765	5.57269	4.41310e-05
3.24081e+03	4.73273e-02	2.15330e-02	2.16314	4.28521	4.41310e-05
3.24469e+03	4.73151e-02	2.50186e-02	0.85815	5.19611	4.41310e-05
3.24857e+03	4.73682e-02	2.76392e-02	1.58213	3.82338	4.41310e-05
3.25246e+03	4.73320e-02	2.64891e-02	0.44646	4.55856	4.41310e-05
3.25634e+03	4.73371e-02	2.07778e-02	2.13905	2.68650	4.41310e-05
3.26022e+03	4.73182e-02	1.47364e-02	5.86559	5.08697	4.41310e-05
3.26410e+03	4.73355e-02	2.03823e-02	2.55529	2.15475	4.41310e-05
3.26798e+03	4.72953e-02	2.17771e-02	5.11097	6.24679	4.41310e-05
3.27187e+03	4.73145e-02	1.34426e-02	4.04694	1.55895	4.41310e-05
3.27575e+03	4.73458e-02	3.55128e-02	0.22293	6.01804	4.41310e-05
3.27963e+03	4.72936e-02	7.04260e-03	6.22995	0.91465	4.41310e-05
3.28351e+03	4.72798e-02	3.35849e-02	2.98704	5.48162	4.41310e-05
3.28740e+03	4.72811e-02	6.67602e-03	3.46062	0.24384	4.41310e-05
3.29128e+03	4.72496e-02	3.01006e-02	0.70292	4.72178	4.41310e-05
3.29516e+03	4.72262e-02	5.60363e-03	4.70819	2.65478	4.41310e-05
3.29904e+03	4.72092e-02	2.56435e-02	4.94886	4.19875	4.41310e-05
3.30292e+03	4.71897e-02	2.57141e-02	2.34672	2.58367	4.41310e-05
3.30681e+03	4.72166e-02	6.23259e-03	2.29641	4.84194	4.41310e-05
3.31069e+03	4.72261e-02	2.57003e-02	1.30756	2.07826	4.41310e-05
3.31457e+03	4.71713e-02	1.11919e-02	6.17543	0.03823	4.41310e-05
3.31845e+03	4.71669e-02	1.92853e-02	1.96228	1.05522	4.41310e-05
3.32233e+03	4.71878e-02	3.70121e-02	0.80586	5.65142	4.41310e-05
3.32622e+03	4.72174e-02	1.59198e-02	5.64867	4.26049	4.41310e-05
3.33010e+03	4.71462e-02	3.25485e-02	1.89090	5.44410	4.41310e-05
3.33398e+03	4.71850e-02	2.55445e-02	1.09922	3.98383	4.41310e-05
3.33786e+03	4.72010e-02	2.41477e-02	3.50841	5.58360	4.41310e-05
3.34175e+03	4.71761e-02	2.80467e-02	3.63600	3.49119	4.41310e-05
3.34563e+03	4.71216e-02	8.06661e-03	4.99437	0.40741	4.41310e-05
3.34951e+03	4.71588e-02	2.33659e-02	1.09794	2.79316	4.41310e-05
3.35339e+03	4.71150e-02	2.44149e-02	1.58069	0.91482	4.41310e-05
3.35727e+03	4.70944e-02	1.46975e-02	5.47355	2.11423	4.41310e-05
3.36116e+03	4.70740e-02	3.21820e-02	0.14612	0.25898	4.41310e-05
3.36504e+03	4.70584e-02	3.63190e-03	5.07700	0.87602	4.41310e-05
3.36892e+03	4.70404e-02	3.14280e-02	5.96639	5.79751	4.41310e-05
3.37280e+03	4.70382e-02	1.32473e-02	0.84201	4.45162	4.41310e-05
3.37668e+03	4.70286e-02	2.96444e-02	6.24188	5.12641	4.41310e-05
3.38057e+03	4.69929e-02	2.06902e-02	1.57038	3.62886	4.41310e-05
3.38445e+03	4.70103e-02	2.10850e-02	0.72115	4.84692	4.41310e-05
3.38833e+03	4.70478e-02	2.29413e-02	3.10061	2.91162	4.41310e-05
3.39221e+03	4.70534e-02	1.27722e-02	0.91846	5.71211	4.41310e-05
3.39610e+03	4.70118e-02	2.12619e-02	5.33329	2.34860	4.41310e-05
3.39998e+03	4.70471e-02	2.68039e-02	2.17986	0.32758	4.41310e-05
3.40386e+03	4.70175e-02	1.39303e-02	1.13534	2.54993	4.41310e-05
3.40774e+03	4.69724e-02	3.16144e-02	4.98327	0.40846	4.41310e-05
3.41162e+03	4.69537e-02	3.09182e-03	4.81687	2.63358	4.41310e-05
3.41551e+03	4.69784e-02	3.34175e-02	2.92256	0.25275	4.41310e-05
3.41939e+03	4.69365e-02	7.35801e-03	0.68100	4.76434	4.41310e-05
3.42327e+03	4.69033e-02	2.43581e-02	1.72973	0.14012	4.41310e-05
3.42715e+03	4.69527e-02	1.46898e-02	0.48476	4.14648	4.41310e-05
3.43103e+03	4.68943e-02	1.96276e-02	1.15006	0.02743	4.41310e-05
3.43492e+03	4.68821e-02	1.84680e-02	0.63320	3.79858	4.41310e-05
3.43880e+03	4.69333e-02	1.34368e-02	1.46605	0.11192	4.41310e-05
3.44268e+03	4.69148e-02	2.31053e-02	1.82523	3.20708	4.41310e-05
3.44656e+03	4.69015e-02	1.54991e-02	1.80468	0.65226	4.41310e-05
3.45045e+03	4.69046e-02	2.07716e-02	3.89187	2.60678	4.41310e-05
3.45433e+03	4.69059e-02	2.59896e-02	3.71398	0.57688	4.41310e-05
3.45821e+03	4.68576e-02	1.63692e-02	0.31120	2.02874	4.41310e-05
3.46209e+03	4.68296e-02	3.26434e-02	1.06343	0.04570	4.41310e-05
3.46597e+03	4.68798e-02	2.89489e-02	6.01201	6.02746	4.41310e-05
3.46986e+03	4.68415e-02	3.29927e-02	5.08214	5.59410	4.41310e-05
3.47374e+03	4.68791e-02	2.45986e-02	6.01457	3.77154	4.41310e-05
3.47762e+03	4.68335e-02	1.32444e-02	2.14705	0.29785	4.41310e-05
3.48150e+03	4.68108e-02	2.58708e-02	6.20772	2.17025	4.41310e-05
3.48538e+03	4.68252e-02	1.32683e-02	2.16588	6.19386	4.41310e-05
3.48927e+03	4.67497e-02	2.83531e-02	0.41532	1.41051	4.41310e-05
3.49315e+03	4.67756e-02	7.43772e-03	2.35601	5.81177	4.41310e-05
3.49703e+03	4.67676e-02	2.86023e-02	0.88293	0.90471	4.41310e-05
3.50091e+03	4.67300e-02	2.60821e-03	2.24276	0.13397	4.41310e-05
3.50480e+03	4.67081e-02	1.57270e-02	3.74520	5.43763	4.41310e-05
3.50868e+03	4.67084e-02	1.54006e-02	0.98590	2.75151	4.41310e-05
3.51256e+03	4.66780e-02	1.22738e-02	1.23226	3.35658	4.41310e-05
3.51644e+03	4.66931e-02	3.55805e-02	4.21258	1.57561	4.41310e-05
3.52032e+03	4.67346e-02	8.76061e-03	0.26455	0.51559	4.41310e-05
3.52421e+03	4.67229e-02	3.29474e-02	1.50478	0.74634	4.41310e-05
3.52809e+03	4.66965e-02	7.19620e-03	5.01059	5.24092	4.41310e-05
3.53197e+03	4.67085e-02	2.18816e-02	5.69943	0.05520	4.41310e-05
3.53585e+03	4.67034e-02	1.74633e-02	4.93853	2.84468	4.41310e-05
3.53973e+03	4.67292e-02	1.13105e-02	3.95958	5.93125	4.41310e-05
3.54362e+03	4.67244e-02	3.49150e-02	3.82356	2.07908	4.41310e-05
3.54750e+03	4.66558e-02	2.11723e-02	1.53944	0.69453	4.41310e-05
3.55138e+03	4.66909e-02	3.71519e-02	3.35641	1.62560	4.41310e-05
3.55526e+03	4.66543e-02	2.14277e-02	1.25632	0.36297	4.41310e-05
3.55915e+03	4.66182e-02	3.33145e-02	3.86566	0.92100	4.41310e-05
3.56303e+03	4.66360e-02	2.12740e-02	2.49921	5.62394	4.41310e-05
3.56691e+03	4.66075e-02	2.05472e-02	4.79065	0.65970	4.41310e-05
3.57079e+03	4.66134e-02	1.93665e-02	4.85902	4.29906	4.41310e-05
3.57467e+03	4.66494e-02	1.78826e-02	4.94996	1.73571	4.41310e-05
3.57856e+03	4.65623e-02	1.85090e-02	1.12399	3.21090	4.41310e-05
3.58244e+03	4.65504e-02	2.94708e-02	1.02776	1.51018	4.41310e-05
3.58632e+03	4.65671e-02	9.79266e-03	4.49593	2.45898	4.41310e-05
3.59020e+03	4.65701e-02	3.52547e-02	4.22668	1.06063	4.41310e-05
3.59408e+03	4.66424e-02	1.56941e-02	4.51398	5.59235	4.41310e-05
3.59797e+03	4.65575e-02	2.74631e-02	1.27912	1.18237	4.41310e-05
3.60185e+03	4.65528e-02	2.80063e-02	2.34822	5.69885	4.41310e-05
3.60573e+03	4.65754e-02	9.31570e-03	5.59587	1.77002	4.41310e-05
3.60961e+03	4.65643e-02	3.00565e-02	1.22525	5.33892	4.41310e-05
3.61349e+03	4.65677e-02	2.64964e-02	2.10723	3.70265	4.41310e-05
3.61738e+03	4.65511e-02	1.34883e-02	6.20356	5.28641	4.41310e-05
3.62126e+03	4.65110e-02	2.61602e-02	2.42853	2.50254	4.41310e-05
3.62514e+03	4.65405e-02	1.49801e-02	4.70267	0.20273	4.41310e-05
3.62902e+03	4.64902e-02	3.09773e-02	3.69133	1.40162	4.41310e-05
3.63291e+03	4.64664e-02	3.76836e-02	5.45354	0.04658	4.41310e-05
3.63679e+03	4.65051e-02	2.65791e-02	1.12410	5.03263	4.41310e-05
3.64067e+03	4.65378e-02	2.91120e-02	0.39447	6.12569	4.41310e-05
3.64455e+03	4.65198e-02	3.36820e-02	2.80470	4.43735	4.41310e-05
3.64843e+03	4.64820e-02	1.42178e-02	5.76265	2.55354	4.41310e-05
3.65232e+03	4.64564e-02	2.32266e-02	4.72005	4.77998	4.41310e-05
3.65620e+03	4.64361e-02	2.94861e-02	1.55537	2.91247	4.41310e-05
3.66008e+03	4.64008e-02	1.83572e-02	4.90440	1.14065	4.41310e-05
3.66396e+03	4.64919e-02	1.96463e-02	3.68677	3.89690	4.41310e-05
3.66784e+03	4.64909e-02	3.38294e-02	1.18254	1.87897	4.41310e-05
3.67173e+03	4.63885e-02	2.19154e-02	4.64102	0.33460	4.41310e-05
3.67561e+03	4.63811e-02	1.44654e-02	4.42808	2.81566	4.41310e-05
3.67949e+03	4.64259e-02	3.56472e-02	2.16892	1.09377	4.41310e-05
3.68337e+03	4.63777e-02	2.46064e-02	6.03575	6.03402	4.41310e-05
3.68726e+03	4.63833e-02	1.78955e-02	0.78516	1.51852	4.41310e-05
3.69114e+03	4.64016e-02	3.51848e-02	5.36453	6.15078	4.41310e-05
3.69502e+03	4.63985e-02	1.64256e-02	3.81724	4.52500	4.41310e-05
3.69890e+03	4.63826e-02	2.38689e-02	5.00989	0.09412	4.41310e-05
3.70278e+03	4.63497e-02	3.31912e-02	3.94560	4.57864	4.41310e-05
3.70667e+03	4.63546e-02	2.48816e-02	2.52373	3.25482	4.41310e-05
3.71055e+03	4.63849e-02	1.88141e-02	4.63995	4.83054	4.41310e-05
3.71443e+03	4.63764e-02	3.79753e-02	4.19790	2.95341	4.41310e-05
3.71831e+03	4.63520e-02	2.25837e-02	3.43009	1.54177	4.41310e-05
3.72219e+03	4.63550e-02	2.12216e-02	5.75687	3.41222	4.41310e-05
3.72608e+03	4.63146e-02	2.55871e-02	5.90208	1.38846	4.41310e-05
3.72996e+03	4.63152e-02	1.55092e-02	0.58739	5.12179	4.41310e-05
3.73384e+03	4.63199e-02	1.88716e-02	2.02421	2.10728	4.41310e-05
3.73772e+03	4.62535e-02	2.32675e-02	3.74828	5.48807	4.41310e-05
3.74161e+03	4.63024e-02	2.44684e-02	4.37011	3.72521	4.41310e-05
3.74549e+03	4.62990e-02	1.53588e-02	1.19335	5.79253	4.41310e-05
3.74937e+03	4.62981e-02	3.99938e-02	2.08777	4.22869	4.41310e-05
3.75325e+03	4.62594e-02	1.85470e-02	2.86430	3.00199	4.41310e-05
3.75713e+03	4.62541e-02	3.32311e-02	0.92116	4.41117	4.41310e-05
3.76102e+03	4.62356e-02	4.16952e-02	1.72333	3.33178	4.41310e-05
3.76490e+03	4.62403e-02	8.13738e-03	2.76554	2.27301	4.41310e-05
3.76878e+03	4.62540e-02	3.53787e-02	1.28522	3.79226	4.41310e-05
3.77266e+03	4.62489e-02	2.92279e-02	2.93422	2.33514	4.41310e-05
3.77654e+03	4.62263e-02	1.24715e-02	0.38576	5.24736	4.41310e-05
3.78043e+03	4.61853e-02	3.04666e-02	2.91950	3.30298	4.41310e-05
3.78431e+03	4.61719e-02	1.41504e-02	5.91444	1.16116	4.41310e-05
3.78819e+03	4.62006e-02	2.56456e-02	3.49925	4.72201	4.41310e-05
3.79207e+03	4.62350e-02	2.66583e-02	0.12212	2.92441	4.41310e-05
3.79596e+03	4.61335e-02	1.53028e-02	4.38335	0.01849	4.41310e-05
3.79984e+03	4.62067e-02	3.19449e-02	1.51104	4.51816	4.41310e-05
3.80372e+03	4.62096e-02	2.10779e-02	4.90347	2.71316	4.41310e-05
3.80760e+03	4.61825e-02	2.36052e-02	3.87817	5.53566	4.41310e-05
3.81148e+03	4.61520e-02	3.76886e-02	1.02855	4.13361	4.41310e-05
3.81537e+03	4.61297e-02	1.84808e-02	4.68720	2.76732	4.41310e-05
3.81925e+03	4.61297e-02	2.42956e-02	5.04255	4.79531	4.41310e-05
3.82313e+03	4.61562e-02	4.09079e-02	2.55298	3.56415	4.41310e-05
3.82701e+03	4.61397e-02	2.60846e-02	0.19527	2.34340	4.41310e-05
3.83089e+03	4.61379e-02	1.60003e-02	0.27827	5.00168	4.41310e-05
3.83478e+03	4.60781e-02	3.65521e-02	4.99128	3.35610	4.41310e-05
3.83866e+03	4.61026e-02	2.72394e-02	3.56679	2.04457	4.41310e-05
3.84254e+03	4.61060e-02	1.42877e-02	4.49622	4.72829	4.41310e-05
3.84642e+03	4.60844e-02	3.67487e-02	3.63310	2.94859	4.41310e-05
3.85031e+03	4.60679e-02	3.01581e-02	2.50058	1.67162	4.41310e-05
3.85419e+03	4.60687e-02	1.13153e-02	2.53444	5.66785	4.41310e-05
3.85807e+03	4.61208e-02	3.13567e-02	2.88584	3.17556	4.41310e-05
3.86195e+03	4.60901e-02	3.24221e-02	2.25696	1.76200	4.41310e-05
3.86583e+03	4.60164e-02	1.18505e-02	2.52071	6.01745	4.41310e-05
3.86972e+03	4.60512e-02	2.78280e-02	3.83340	3.12451	4.41310e-05
3.87360e+03	4.60554e-02	3.15172e-02	3.86132	1.58337	4.41310e-05
3.87748e+03	4.60507e-02	1.68767e-02	4.73769	5.86721	4.41310e-05
3.88136e+03	4.59436e-02	2.07094e-02	0.30703	3.06623	4.41310e-05
3.88524e+03	4.60512e-02	2.66447e-02	1.74434	1.18161	4.41310e-05
3.88913e+03	4.60247e-02	1.95588e-02	3.37464	5.19865	4.41310e-05
3.89301e+03	4.60023e-02	2.28388e-02	5.40539	2.75473	4.41310e-05
3.89689e+03	4.59817e-02	2.30705e-02	0.97598	0.60986	4.41310e-05
3.90077e+03	4.60189e-02	2.64846e-02	2.66972	4.97257	4.41310e-05
3.90466e+03	4.60500e-02	2.50377e-02	4.11412	3.02150	4.41310e-05
3.90854e+03	4.60033e-02	2.11751e-02	0.43649	0.44054	4.41310e-05
3.91242e+03	4.58888e-02	2.85681e-02	3.08695	4.71503	4.41310e-05
3.91630e+03	4.60021e-02	2.88705e-02	5.34668	3.17084	4.41310e-05
3.92018e+03	4.59307e-02	1.37791e-02	2.55112	0.35044	4.41310e-05
3.92407e+03	4.59008e-02	3.07905e-02	0.04973	4.28332	4.41310e-05
3.92795e+03	4.59144e-02	2.36633e-02	3.23687	2.66753	4.41310e-05
3.93183e+03	4.58980e-02	1.78414e-02	2.13369	5.38145	4.41310e-05
3.93571e+03	4.59221e-02	3.41311e-02	5.94224	3.60657	4.41310e-05
3.93959e+03	4.59268e-02	1.47248e-02	3.53386	1.74529	4.41310e-05
3.94348e+03	4.58472e-02	2.41175e-02	3.18755	4.44797	4.41310e-05
3.94736e+03	4.59405e-02	2.87927e-02	1.19199	2.77153	4.41310e-05
3.95124e+03	4.59366e-02	2.10059e-02	5.10784	0.65230	4.41310e-05
3.95512e+03	4.58006e-02	2.39918e-02	3.54578	4.77134	4.41310e-05
3.95901e+03	4.58661e-02	2.52927e-02	1.77926	3.08661	4.41310e-05
3.96289e+03	4.59366e-02	2.07166e-02	0.66030	0.64232	4.41310e-05
3.96677e+03	4.58478e-02	2.82240e-02	5.56839	4.90854	4.41310e-05
3.97065e+03	4.57837e-02	2.23320e-02	4.28553	3.21172	4.41310e-05
3.97453e+03	4.58103e-02	1.68702e-02	4.97361	0.06876	4.41310e-05
3.97842e+03	4.58678e-02	3.08972e-02	4.59605	4.30294	4.41310e-05
3.98230e+03	4.57771e-02	2.19911e-02	3.70134	2.50001	4.41310e-05
3.98618e+03	4.57736e-02	1.96706e-02	4.20837	6.23083	4.41310e-05
3.99006e+03	4.58630e-02	2.98646e-02	3.84286	4.32038	4.41310e-05
3.99394e+03	4.57737e-02	2.13624e-02	4.01509	2.38206	4.41310e-05
3.99783e+03	4.57823e-02	2.26045e-02	4.60206	0.13397	4.41310e-05
4.00171e+03	4.58225e-02	2.95070e-02	4.64505	4.65792	4.41310e-05
4.00559e+03	4.57850e-02	2.16526e-02	5.22506	2.67528	4.41310e-05
4.00947e+03	4.57242e-02	1.81331e-02	0.46976	0.02151	4.41310e-05
4.01336e+03	4.58025e-02	2.83906e-02	1.37395	4.36144	4.41310e-05
4.01724e+03	4.57698e-02	2.77164e-02	2.08284	2.68119	4.41310e-05
4.02112e+03	4.57252e-02	2.09794e-02	3.33255	0.76117	4.41310e-05
4.02500e+03	4.57394e-02	1.99641e-02	5.62383	4.45669	4.41310e-05
4.02888e+03	4.57567e-02	2.76506e-02	0.95014	2.49930	4.41310e-05
4.03277e+03	4.57764e-02	2.53303e-02	2.56146	0.68336	4.41310e-05
4.03665e+03	4.56771e-02	2.14120e-02	4.54354	4.84657	4.41310e-05
4.04053e+03	4.57344e-02	2.59790e-02	0.57217	2.82325	4.41310e-05
4.04441e+03	4.56890e-02	2.32587e-02	3.29934	0.76602	4.41310e-05
4.04829e+03	4.57196e-02	2.07340e-02	6.26945	4.60914	4.41310e-05
4.05218e+03	4.56503e-02	2.32541e-02	2.97897	2.45830	4.41310e-05
4.05606e+03	4.57028e-02	2.55589e-02	5.93814	0.49777	4.41310e-05
4.05994e+03	4.56912e-02	2.24980e-02	2.58933	4.69671	4.41310e-05
4.06382e+03	4.57039e-02	2.81176e-02	5.94702	2.71050	4.41310e-05
4.06771e+03	4.56476e-02	2.30071e-02	2.70956	0.87559	4.41310e-05
4.07159e+03	4.57108e-02	2.35162e-02	0.71824	4.76620	4.41310e-05
4.07547e+03	4.56249e-02	2.65252e-02	4.46212	2.80667	4.41310e-05
4.07935e+03	4.55721e-02	1.67137e-02	2.43828	0.72531	4.41310e-05
4.08323e+03	4.56203e-02	2.16878e-02	1.41255	4.03952	4.41310e-05
4.08712e+03	4.56505e-02	3.08832e-02	5.68307	2.20164	4.41310e-05
4.09100e+03	4.55890e-02	1.72930e-02	3.95080	0.22437	4.41310e-05
4.09488e+03	4.56269e-02	2.32269e-02	3.72272	3.60674	4.41310e-05
4.09876e+03	4.56382e-02	2.94314e-02	1.73244	1.90684	4.41310e-05
4.10264e+03	4.55841e-02	2.03063e-02	0.49406	6.27360	4.41310e-05
4.10653e+03	4.56563e-02	2.40395e-02	5.92312	3.86862	4.41310e-05
4.11041e+03	4.55609e-02	2.43476e-02	5.36533	1.72759	4.41310e-05
4.11429e+03	4.55626e-02	1.67700e-02	5.56400	5.51637	4.41310e-05
4.11817e+03	4.55602e-02	2.57586e-02	5.60146	2.94767	4.41310e-05
4.12206e+03	4.56029e-02	3.23715e-02	4.50616	1.38257	4.41310e-05
4.12594e+03	4.56125e-02	1.66826e-02	4.25866	5.54429	4.41310e-05
4.12982e+03	4.55536e-02	2.52350e-02	5.22430	2.47798	4.41310e-05
4.13370e+03	4.55396e-02	3.31669e-02	4.95749	0.93497	4.41310e-05
4.13758e+03	4.55678e-02	1.81204e-02	5.07300	5.41449	4.41310e-05
4.14147e+03	4.55033e-02	2.23733e-02	0.35277	2.09838	4.41310e-05
4.14535e+03	4.55410e-02	3.47945e-02	0.91950	0.47434	4.41310e-05
4.14923e+03	4.55707e-02	2.43759e-02	1.16932	5.20107	4.41310e-05
4.15311e+03	4.55001e-02	1.62923e-02	3.24157	2.07326	4.41310e-05
4.15699e+03	4.54367e-02	2.69628e-02	4.78483	6.16547	4.41310e-05
4.16088e+03	4.54795e-02	2.19808e-02	6.20888	4.23909	4.41310e-05
4.16476e+03	4.55107e-02	2.18301e-02	1.70337	1.84226	4.41310e-05
4.16864e+03	4.54908e-02	2.52382e-02	3.75513	5.80900	4.41310e-05
4.17252e+03	4.54783e-02	2.60092e-02	5.57283	3.86981	4.41310e-05
4.17641e+03	4.54995e-02	2.02379e-02	1.40927	1.80585	4.41310e-05
4.18029e+03	4.54678e-02	2.00276e-02	4.83873	4.82260	4.41310e-05
4.18417e+03	4.54859e-02	3.35504e-02	0.77315	2.99201	4.41310e-05
4.18805e+03	4.54247e-02	2.46837e-02	2.99422	1.46892	4.41310e-05
4.19193e+03	4.54494e-02	1.58512e-02	0.81393	4.42290	4.41310e-05
4.19582e+03	4.54622e-02	3.41885e-02	3.63972	2.48160	4.41310e-05
4.19970e+03	4.54196e-02	2.46215e-02	6.26368	0.95089	4.41310e-05
4.20358e+03	4.53665e-02	1.44251e-02	4.74951	3.91121	4.41310e-05
4.20746e+03	4.54214e-02	3.25744e-02	1.78469	1.99890	4.41310e-05
4.21134e+03	4.54176e-02	2.47328e-02	4.89603	0.36363	4.41310e-05
4.21523e+03	4.54019e-02	1.54854e-02	3.40738	3.74463	4.41310e-05
4.21911e+03	4.54002e-02	2.81792e-02	1.41619	1.50831	4.41310e-05
4.22299e+03	4.53736e-02	2.35050e-02	5.56027	5.87136	4.41310e-05
4.22687e+03	4.53270e-02	1.79317e-02	4.48191	3.28138	4.41310e-05
4.23076e+03	4.53804e-02	2.33719e-02	3.39875	0.68618	4.41310e-05
4.23464e+03	4.53845e-02	2.39625e-02	2.01255	4.73433	4.41310e-05
4.23852e+03	4.53299e-02	2.15861e-02	0.75044	2.51702	4.41310e-05
4.24240e+03	4.53132e-02	1.85974e-02	0.13490	0.06756	4.41310e-05
4.24628e+03	4.53657e-02	2.22646e-02	6.27521	3.51686	4.41310e-05
4.25017e+03	4.53589e-02	2.90846e-02	5.42543	1.49727	4.41310e-05
4.25405e+03	4.53064e-02	1.42789e-02	4.89290	5.61104	4.41310e-05
4.25793e+03	4.52998e-02	2.49052e-02	6.02052	2.09990	4.41310e-05
4.26181e+03	4.53524e-02	3.83939e-02	5.06896	0.70770	4.41310e-05
4.26569e+03	4.52624e-02	1.67605e-02	4.32680	5.56317	4.41310e-05
4.26958e+03	4.52585e-02	2.38797e-02	0.48729	1.46474	4.41310e-05
4.27346e+03	4.53304e-02	3.79523e-02	0.10785	0.05309	4.41310e-05
4.27734e+03	4.52993e-02	1.52979e-02	6.20547	4.65790	4.41310e-05
4.28122e+03	4.52362e-02	2.45665e-02	2.05855	1.17891	4.41310e-05
4.28510e+03	4.52537e-02	3.15877e-02	2.50801	5.92125	4.41310e-05
4.28899e+03	4.53116e-02	1.50561e-02	3.48822	3.70819	4.41310e-05
4.29287e+03	4.52147e-02	2.78865e-02	5.46421	1.04092	4.41310e-05
4.29675e+03	4.52157e-02	2.74320e-02	0.21580	5.77435	4.41310e-05
4.30063e+03	4.52862e-02	1.61673e-02	2.16765	3.12892	4.41310e-05
4.30452e+03	4.52203e-02	3.28669e-02	3.73549	1.10949	4.41310e-05
4.30840e+03	4.52482e-02	3.39024e-02	4.76968	6.08234	4.41310e-05
4.31228e+03	4.52039e-02	1.31357e-02	0.44925	3.98975	4.41310e-05
4.31616e+03	4.52047e-02	2.87469e-02	3.69693	1.27486	4.41310e-05
4.32004e+03	4.52614e-02	2.87605e-02	5.73298	5.86350	4.41310e-05
4.32393e+03	4.52043e-02	1.57969e-02	2.84499	2.94830	4.41310e-05
4.32781e+03	4.51646e-02	3.26905e-02	5.76812	0.92376	4.41310e-05
4.33169e+03	4.51589e-02	2.47108e-02	1.99266	5.76263	4.41310e-05
4.33557e+03	4.51832e-02	1.62296e-02	0.10536	2.58300	4.41310e-05
4.33945e+03	4.51764e-02	3.50270e-02	3.17923	0.77959	4.41310e-05
4.34334e+03	4.51623e-02	2.71135e-02	6.19784	5.62895	4.41310e-05
4.34722e+03	4.51508e-02	1.37241e-02	4.67760	2.50867	4.41310e-05
4.35110e+03	4.51559e-02	3.54204e-02	2.30734	0.55784	4.41310e-05
4.35498e+03	4.51480e-02	2.29957e-02	5.86143	5.32257	4.41310e-05
4.35887e+03	4.51008e-02	1.97298e-02	5.55982	1.64105	4.41310e-05
4.36275e+03	4.51347e-02	3.92424e-02	3.17559	0.22842	4.41310e-05
4.36663e+03	4.51184e-02	2.16355e-02	0.86086	5.06246	4.41310e-05
4.37051e+03	4.50821e-02	2.11467e-02	1.14603	1.36303	4.41310e-05
4.37439e+03	4.50933e-02	3.30742e-02	5.73254	6.10037	4.41310e-05
4.37828e+03	4.50785e-02	1.02077e-02	5.13060	3.54317	4.41310e-05
4.38216e+03	4.50698e-02	3.24898e-02	5.23773	0.84182	4.41310e-05
4.38604e+03	4.50889e-02	3.00339e-02	3.92057	5.72082	4.41310e-05
4.38992e+03	4.50733e-02	1.19211e-02	4.53040	2.65331	4.41310e-05
4.39380e+03	4.50348e-02	3.28913e-02	4.21318	0.66212	4.41310e-05
4.39769e+03	4.50562e-02	2.65397e-02	3.66485	5.43614	4.41310e-05
4.40157e+03	4.50523e-02	1.63204e-02	4.81110	2.35158	4.41310e-05
4.40545e+03	4.50549e-02	3.33032e-02	4.98628	0.42907	4.41310e-05
4.40933e+03	4.50505e-02	2.21950e-02	5.06680	4.99493	4.41310e-05
4.41322e+03	4.50151e-02	1.93198e-02	0.39201	2.00726	4.41310e-05
4.41710e+03	4.50234e-02	3.02608e-02	1.24086	0.04567	4.41310e-05
4.42098e+03	4.50261e-02	1.81905e-02	2.17794	4.31764	4.41310e-05
4.42486e+03	4.49912e-02	2.08984e-02	4.29848	1.34677	4.41310e-05
4.42874e+03	4.49869e-02	2.36430e-02	5.93759	5.30645	4.41310e-05
4.43263e+03	4.49888e-02	2.39986e-02	1.33632	3.14359	4.41310e-05
4.43651e+03	4.49741e-02	2.11456e-02	3.14805	0.99117	4.41310e-05
4.44039e+03	4.50001e-02	1.92640e-02	6.02302	4.16147	4.41310e-05
4.44427e+03	4.49882e-02	3.17983e-02	1.70468	2.18538	4.41310e-05
4.44815e+03	4.49464e-02	2.18105e-02	3.67890	0.42977	4.41310e-05
4.45204e+03	4.49558e-02	1.77190e-02	1.22874	3.26837	4.41310e-05
4.45592e+03	4.49610e-02	3.03062e-02	3.78662	1.23902	4.41310e-05
4.45980e+03	4.49599e-02	2.17135e-02	0.02186	5.68797	4.41310e-05
4.46368e+03	4.48952e-02	1.94148e-02	3.80081	2.88842	4.41310e-05
4.46757e+03	4.49143e-02	2.48267e-02	0.96354	0.62370	4.41310e-05
4.47145e+03	4.49307e-02	2.23027e-02	4.55304	4.59286	4.41310e-05
4.47533e+03	4.49079e-02	2.54886e-02	1.68211	2.53898	4.41310e-05
4.47921e+03	4.49153e-02	2.13955e-02	5.47513	0.43159	4.41310e-05
4.48309e+03	4.48915e-02	2.04997e-02	3.84286	3.91451	4.41310e-05
4.48698e+03	4.49218e-02	3.03131e-02	1.47603	2.06418	4.41310e-05
4.49086e+03	4.49169e-02	2.12207e-02	5.58937	0.13186	4.41310e-05
4.49474e+03	4.48806e-02	2.14404e-02	4.77946	3.29048	4.41310e-05
4.49862e+03	4.48825e-02	3.34926e-02	2.83559	1.52554	4.41310e-05
4.50250e+03	4.48459e-02	2.06452e-02	0.90910	6.14176	4.41310e-05
4.50639e+03	4.48334e-02	1.90908e-02	0.87326	2.81409	4.41310e-05
4.51027e+03	4.48583e-02	3.27076e-02	5.78008	0.98858	4.41310e-05
4.51415e+03	4.48365e-02	1.89250e-02	4.66365	5.36732	4.41310e-05
4.51803e+03	4.48069e-02	2.34483e-02	4.69713	2.52107	4.41310e-05
4.52192e+03	4.48278e-02	3.36079e-02	3.72884	0.92504	4.41310e-05
4.52580e+03	4.48368e-02	1.80930e-02	3.18339	5.30014	4.41310e-05
4.52968e+03	4.48195e-02	2.41071e-02	3.89321	2.28495	4.41310e-05
4.53356e+03	4.47831e-02	3.07634e-02	3.54911	0.61726	4.41310e-05
4.53744e+03	4.48114e-02	2.12218e-02	3.53488	5.01279	4.41310e-05
4.54133e+03	4.47572e-02	2.25031e-02	4.44084	2.46549	4.41310e-05
4.54521e+03	4.47959e-02	2.91739e-02	4.77473	0.63086	4.41310e-05
4.54909e+03	4.47727e-02	2.24026e-02	5.28376	4.93447	4.41310e-05
4.55297e+03	4.47427e-02	2.42554e-02	6.15256	2.79590	4.41310e-05
4.55685e+03	4.47550e-02	2.44018e-02	0.80335	0.83597	4.41310e-05
4.56074e+03	4.47946e-02	1.91343e-02	2.40928	4.48701	4.41310e-05
4.56462e+03	4.47844e-02	3.02182e-02	3.49470	2.42501	4.41310e-05
4.56850e+03	4.47334e-02	2.76270e-02	4.54002	0.78070	4.41310e-05
4.57238e+03	4.47690e-02	1.82949e-02	0.06251	4.77636	4.41310e-05
4.57627e+03	4.47589e-02	2.74427e-02	1.94715	2.41500	4.41310e-05
4.58015e+03	4.46979e-02	3.12013e-02	3.37178	0.75659	4.41310e-05
4.58403e+03	4.47504e-02	2.45389e-02	4.83859	5.37462	4.41310e-05
4.58791e+03	4.47655e-02	2.11939e-02	0.56938	3.04182	4.41310e-05
4.59179e+03	4.47501e-02	3.03368e-02	2.66284	0.97521	4.41310e-05
4.59568e+03	4.47087e-02	3.35985e-02	4.28299	5.82757	4.41310e-05
4.59956e+03	4.47003e-02	2.25573e-02	0.04612	4.25788	4.41310e-05
4.60344e+03	4.47068e-02	1.82831e-02	3.67753	1.26071	4.41310e-05
4.60732e+03	4.47101e-02	3.42429e-02	0.01033	5.70652	4.41310e-05
4.61120e+03	4.46983e-02	3.26272e-02	2.24433	4.36697	4.41310e-05
4.61509e+03	4.46718e-02	1.67596e-02	5.47679	2.35891	4.41310e-05
4.61897e+03	4.47430e-02	2.81181e-02	2.79036	6.11664	4.41310e-05
4.62285e+03	4.46939e-02	3.38885e-02	5.17906	4.57404	4.41310e-05
4.62673e+03	4.46819e-02	2.77530e-02	1.46500	3.07753	4.41310e-05
4.63062e+03	4.46781e-02	2.28173e-02	4.92794	1.14662	4.41310e-05
4.63450e+03	4.46501e-02	2.62697e-02	1.94715	5.57041	4.41310e-05
4.63838e+03	4.47089e-02	2.88222e-02	4.77194	3.82007	4.41310e-05
4.64226e+03	4.46871e-02	3.04056e-02	1.12372	2.24868	4.41310e-05
4.64614e+03	4.46431e-02	3.51130e-02	4.02992	0.95830	4.41310e-05
4.65003e+03	4.47136e-02	3.19952e-02	0.65036	5.97348	4.41310e-05
4.65391e+03	4.46361e-02	1.65422e-02	4.56237	3.88278	4.41310e-05
4.65779e+03	4.46112e-02	2.89290e-02	2.91941	1.52392	4.41310e-05
