# t	a	e	mean_anomaly	varpi	mass/M_star
0.00000e+00	1.17210e-02	1.16905e-01	0.14559	1.70913	4.59020e-05
1.24228e+02	1.17290e-02	1.49404e-01	2.19841	5.15357	4.59020e-05
2.48457e+02	1.16980e-02	1.74238e-01	4.50769	3.36387	4.59020e-05
3.72685e+02	1.17138e-02	1.51347e-01	4.39752	0.23087	4.59020e-05
4.96914e+02	1.17079e-02	1.57896e-01	6.08795	4.91473	4.59020e-05
6.21142e+02	1.17372e-02	1.21445e-01	1.98403	2.60464	4.59020e-05
7.45371e+02	1.17238e-02	4.65891e-02	6.20606	5.52056	4.59020e-05
8.69599e+02	1.17153e-02	1.12116e-01	2.10486	2.45565	4.59020e-05
9.93828e+02	1.17128e-02	9.06876e-02	1.67547	5.11736	4.59020e-05
1.11806e+03	1.16970e-02	7.18787e-02	3.80140	2.45201	4.59020e-05
1.24228e+03	1.16949e-02	4.35297e-02	5.57908	5.38950	4.59020e-05
1.36651e+03	1.17078e-02	7.02250e-02	6.19056	2.05527	4.59020e-05
1.49074e+03	1.16895e-02	2.79716e-02	5.91516	1.31157	4.59020e-05
1.61497e+03	1.16881e-02	1.13762e-01	1.55156	1.91287	4.59020e-05
1.73920e+03	1.16972e-02	5.21038e-02	1.24071	3.79037	4.59020e-05
1.86343e+03	1.16880e-02	9.38334e-03	6.11473	2.08355	4.59020e-05
1.98766e+03	1.16857e-02	6.19739e-02	3.10603	5.52480	4.59020e-05
2.11188e+03	1.17053e-02	8.77032e-02	5.34325	2.63651	4.59020e-05
2.23611e+03	1.16899e-02	5.67682e-02	5.53364	3.52980	4.59020e-05
2.36034e+03	1.16782e-02	1.17654e-01	5.80290	4.88114	4.59020e-05
2.48457e+03	1.16909e-02	9.16606e-02	5.11713	4.45512	4.59020e-05
2.60880e+03	1.16800e-02	3.11613e-02	2.61581	2.06617	4.59020e-05
2.73303e+03	1.16811e-02	6.47924e-02	0.32290	3.87958	4.59020e-05
2.85725e+03	1.16893e-02	1.18555e-02	5.21287	0.97262	4.59020e-05
2.98148e+03	1.16676e-02	5.63952e-02	3.69166	0.67805	4.59020e-05
3.10571e+03	1.16796e-02	1.66611e-02	4.44300	4.37021	4.59020e-05
3.22994e+03	1.16745e-02	6.55378e-02	0.45614	0.15536	4.59020e-05
3.35417e+03	1.16851e-02	4.10539e-02	5.93007	2.40436	4.59020e-05
3.47840e+03	1.16873e-02	2.73443e-02	2.82749	4.32540	4.59020e-05
3.60262e+03	1.16794e-02	1.97640e-02	6.21131	3.02179	4.59020e-05
3.72685e+03	1.16612e-02	4.48713e-02	4.79716	1.04516	4.59020e-05
3.85108e+03	1.16665e-02	6.85522e-02	1.20979	2.56201	4.59020e-05
3.97531e+03	1.16688e-02	5.71460e-02	4.73060	5.20005	4.59020e-05
4.09954e+03	1.16646e-02	5.78173e-02	1.86926	3.15612	4.59020e-05
4.22377e+03	1.16603e-02	5.68626e-02	0.78302	0.66123	4.59020e-05
4.34800e+03	1.16607e-02	3.76554e-02	1.73950	1.97711	4.59020e-05
4.47222e+03	1.16545e-02	6.41701e-02	2.36291	0.02829	4.59020e-05
4.59645e+03	1.16581e-02	6.13685e-02	3.68934	2.31921	4.59020e-05
4.72068e+03	1.16683e-02	5.82300e-02	4.95778	5.52619	4.59020e-05
4.84491e+03	1.16517e-02	5.57593e-02	0.61545	1.85637	4.59020e-05
4.96914e+03	1.16575e-02	3.08346e-02	1.99334	4.88640	4.59020e-05
5.09337e+03	1.16512e-02	3.88741e-02	5.35008	1.15313	4.59020e-05
5.21759e+03	1.16555e-02	7.55520e-02	3.76629	3.40813	4.59020e-05
5.34182e+03	1.16617e-02	7.97420e-02	5.24940	0.88125	4.59020e-05
5.46605e+03	1.16457e-02	8.51238e-02	3.20024	4.61300	4.59020e-05
5.59028e+03	1.16597e-02	2.74591e-02	2.56998	2.20287	4.59020e-05
5.71451e+03	1.16492e-02	1.03082e-01	4.16359	3.81328	4.59020e-05
5.83874e+03	1.16500e-02	7.79175e-02	4.51908	0.38196	4.59020e-05
5.96297e+03	1.16494e-02	2.82782e-02	5.35022	3.44267	4.59020e-05
6.08719e+03	1.16405e-02	4.52309e-02	2.18423	0.84785	4.59020e-05
6.21142e+03	1.16482e-02	6.41937e-02	2.80949	2.21170	4.59020e-05
6.33565e+03	1.16516e-02	1.65982e-02	2.66537	5.29759	4.59020e-05
6.45988e+03	1.16501e-02	3.04943e-02	4.99218	1.46734	4.59020e-05
6.58411e+03	1.16348e-02	8.28299e-02	5.03037	5.31687	4.59020e-05
6.70834e+03	1.16505e-02	3.12205e-02	1.60478	1.18250	4.59020e-05
6.83256e+03	1.16483e-02	1.40794e-02	1.81527	4.99892	4.59020e-05
6.95679e+03	1.16425e-02	6.84811e-02	1.52540	3.70630	4.59020e-05
7.08102e+03	1.16332e-02	3.13116e-02	1.92272	0.23713	4.59020e-05
7.20525e+03	1.16408e-02	4.59284e-02	0.53770	6.02131	4.59020e-05
7.32948e+03	1.16386e-02	1.98765e-02	1.40202	5.22755	4.59020e-05
7.45371e+03	1.16331e-02	2.02620e-02	4.49451	0.40558	4.59020e-05
7.57794e+03	1.16300e-02	3.10776e-02	4.27346	4.62277	4.59020e-05
7.70216e+03	1.16352e-02	1.45179e-02	0.47225	6.26184	4.59020e-05
7.82639e+03	1.16365e-02	1.34199e-02	5.87867	2.73522	4.59020e-05
7.95062e+03	1.16354e-02	1.09139e-02	4.44841	5.15996	4.59020e-05
8.07485e+03	1.16328e-02	1.44082e-02	5.74167	1.33418	4.59020e-05
8.19908e+03	1.16323e-02	3.49540e-02	2.22371	3.92185	4.59020e-05
8.32331e+03	1.16233e-02	2.98937e-02	1.65542	0.62008	4.59020e-05
8.44753e+03	1.16201e-02	1.62083e-02	1.26938	2.83872	4.59020e-05
8.57176e+03	1.16172e-02	3.79240e-03	3.30711	5.80431	4.59020e-05
8.69599e+03	1.16167e-02	2.78781e-02	2.37342	3.53677	4.59020e-05
8.82022e+03	1.16200e-02	2.74651e-02	1.39342	6.24121	4.59020e-05
8.94445e+03	1.16232e-02	2.71690e-02	2.99477	2.80434	4.59020e-05
9.06868e+03	1.16143e-02	2.18900e-02	5.57909	3.86675	4.59020e-05
9.19291e+03	1.16182e-02	2.30356e-02	3.11103	0.62376	4.59020e-05
9.31713e+03	1.16144e-02	2.88583e-02	1.27428	3.71691	4.59020e-05
9.44136e+03	1.16087e-02	1.19712e-02	1.75207	3.94496	4.59020e-05
9.56559e+03	1.16091e-02	3.72383e-02	1.30708	1.44496	4.59020e-05
9.68982e+03	1.16100e-02	3.86374e-02	4.34536	4.63458	4.59020e-05
9.81405e+03	1.16079e-02	2.54415e-02	5.55465	0.77586	4.59020e-05
9.93828e+03	1.16082e-02	3.18557e-02	0.14271	3.67490	4.59020e-05
1.00625e+04	1.16072e-02	2.74640e-02	4.96234	5.62914	4.59020e-05
1.01867e+04	1.16110e-02	2.22986e-02	3.20174	2.31332	4.59020e-05
1.03110e+04	1.16074e-02	2.57215e-02	1.95945	4.79394	4.59020e-05
1.04352e+04	1.16071e-02	1.98282e-02	5.27037	1.14698	4.59020e-05
1.05594e+04	1.16052e-02	1.76397e-02	3.03380	3.61366	4.59020e-05
1.06836e+04	1.16039e-02	2.20117e-02	0.10491	6.04115	4.59020e-05
1.08079e+04	1.16044e-02	3.04405e-02	2.87311	2.65057	4.59020e-05
1.09321e+04	1.16082e-02	2.59400e-02	4.91867	5.04384	4.59020e-05
1.10563e+04	1.16071e-02	1.64383e-02	2.83718	0.50414	4.59020e-05
1.11806e+04	1.16008e-02	1.52480e-02	3.17965	3.46148	4.59020e-05
1.13048e+04	1.16045e-02	1.93543e-02	0.33352	0.21104	4.59020e-05
1.14290e+04	1.16000e-02	5.78175e-03	6.17252	3.26477	4.59020e-05
1.15532e+04	1.16004e-02	1.45132e-02	2.68395	5.03768	4.59020e-05
1.16775e+04	1.15986e-02	1.71207e-02	5.86797	1.42691	4.59020e-05
1.18017e+04	1.15999e-02	2.24840e-02	2.58790	3.66030	4.59020e-05
1.19259e+04	1.15963e-02	1.45502e-02	1.15607	5.79076	4.59020e-05
1.20502e+04	1.15975e-02	1.38414e-02	2.98443	2.64954	4.59020e-05
1.21744e+04	1.16003e-02	2.16056e-02	4.20053	5.42919	4.59020e-05
1.22986e+04	1.15972e-02	1.93976e-02	1.38946	1.41014	4.59020e-05
1.24228e+04	1.15962e-02	7.47071e-03	3.05447	3.86408	4.59020e-05
1.25471e+04	1.15942e-02	8.05363e-03	1.61387	0.38889	4.59020e-05
1.26713e+04	1.15973e-02	1.21722e-02	0.01921	2.98679	4.59020e-05
1.27955e+04	1.15946e-02	9.65789e-03	1.53351	5.88135	4.59020e-05
1.29198e+04	1.15957e-02	1.14187e-02	5.29150	1.69235	4.59020e-05
1.30440e+04	1.15958e-02	1.33809e-02	3.93446	4.53080	4.59020e-05
1.31682e+04	1.15983e-02	1.58338e-02	2.36817	0.46556	4.59020e-05
1.32924e+04	1.16012e-02	1.39889e-02	1.20416	3.08780	4.59020e-05
1.34167e+04	1.15980e-02	1.95077e-02	4.34350	5.47983	4.59020e-05
1.35409e+04	1.15915e-02	2.62384e-02	3.53187	1.51849	4.59020e-05
1.36651e+04	1.15937e-02	6.73473e-03	0.84180	3.98758	4.59020e-05
1.37894e+04	1.15941e-02	7.82881e-03	3.61897	0.72619	4.59020e-05
1.39136e+04	1.15916e-02	1.44511e-02	5.36291	3.46025	4.59020e-05
1.40378e+04	1.15951e-02	1.84951e-02	3.50072	5.88562	4.59020e-05
1.41620e+04	1.15904e-02	2.59498e-02	5.56580	1.74467	4.59020e-05
1.42863e+04	1.15936e-02	1.36055e-02	4.85645	4.92466	4.59020e-05
1.44105e+04	1.15926e-02	1.47420e-02	4.97272	5.54082	4.59020e-05
1.45347e+04	1.15934e-02	1.02237e-02	3.68333	2.88443	4.59020e-05
1.46590e+04	1.15909e-02	2.19080e-02	4.22289	5.00202	4.59020e-05
1.47832e+04	1.15929e-02	1.90792e-02	3.11873	1.01411	4.59020e-05
1.49074e+04	1.15920e-02	1.54954e-02	1.52077	3.36994	4.59020e-05
1.50316e+04	1.15912e-02	1.52076e-02	1.51624	6.20461	4.59020e-05
1.51559e+04	1.15913e-02	1.87525e-02	3.86304	2.22869	4.59020e-05
1.52801e+04	1.15962e-02	1.21247e-02	5.29013	4.54997	4.59020e-05
1.54043e+04	1.15923e-02	1.12485e-02	5.62611	1.33585	4.59020e-05
1.55286e+04	1.15905e-02	2.09902e-02	5.94437	3.74291	4.59020e-05
1.56528e+04	1.15941e-02	2.36018e-02	5.76410	6.03293	4.59020e-05
1.57770e+04	1.15932e-02	1.85654e-02	3.46592	1.75179	4.59020e-05
1.59012e+04	1.15892e-02	1.33864e-02	2.67706	3.99552	4.59020e-05
1.60255e+04	1.15929e-02	6.45886e-03	3.84911	1.40607	4.59020e-05
1.61497e+04	1.15917e-02	1.84645e-02	3.84868	2.84953	4.59020e-05
1.62739e+04	1.15915e-02	4.12703e-03	6.24908	0.62418	4.59020e-05
1.63982e+04	1.15922e-02	1.21094e-02	1.16718	6.14286	4.59020e-05
1.65224e+04	1.15917e-02	3.54273e-03	1.12393	5.20450	4.59020e-05
1.66466e+04	1.15897e-02	1.75398e-02	3.09036	6.19720	4.59020e-05
1.67708e+04	1.15925e-02	1.90932e-02	1.55560	1.56010	4.59020e-05
1.68951e+04	1.15905e-02	1.58172e-02	3.97814	3.80488	4.59020e-05
1.70193e+04	1.15918e-02	6.68027e-03	5.63936	1.05664	4.59020e-05
1.71435e+04	1.15926e-02	1.62580e-02	1.35603	3.10403	4.59020e-05
1.72678e+04	1.15902e-02	1.53537e-02	5.30246	5.08588	4.59020e-05
1.73920e+04	1.15910e-02	1.21157e-02	2.05196	1.07410	4.59020e-05
1.75162e+04	1.15914e-02	7.02727e-03	5.36870	3.68044	4.59020e-05
1.76404e+04	1.15923e-02	1.10713e-02	1.46977	0.20507	4.59020e-05
1.77647e+04	1.15943e-02	9.93622e-03	6.17323	2.49739	4.59020e-05
1.78889e+04	1.15927e-02	1.02115e-02	3.83646	5.16788	4.59020e-05
1.80131e+04	1.15931e-02	1.50530e-02	3.03050	0.80821	4.59020e-05
1.81374e+04	1.15887e-02	1.42428e-02	1.36241	3.12280	4.59020e-05
1.82616e+04	1.15895e-02	1.07806e-02	5.56060	5.11105	4.59020e-05
1.83858e+04	1.15899e-02	8.28372e-03	3.33549	0.76153	4.59020e-05
1.85100e+04	1.15896e-02	1.87324e-03	0.97050	2.57992	4.59020e-05
1.86343e+04	1.15919e-02	3.82454e-03	2.41774	1.77490	4.59020e-05
1.87585e+04	1.15916e-02	7.34881e-03	0.87871	3.11482	4.59020e-05
1.88827e+04	1.15963e-02	9.08988e-03	5.44591	5.60717	4.59020e-05
1.90070e+04	1.15926e-02	1.44278e-02	2.32460	1.51887	4.59020e-05
1.91312e+04	1.15925e-02	1.55202e-02	0.29727	3.72912	4.59020e-05
1.92554e+04	1.15926e-02	1.10136e-02	3.37478	6.15296	4.59020e-05
1.93796e+04	1.15923e-02	1.18999e-02	1.99975	2.20383	4.59020e-05
1.95039e+04	1.15943e-02	7.07308e-03	1.61222	4.35348	4.59020e-05
1.96281e+04	1.15966e-02	5.65164e-03	6.13056	0.44968	4.59020e-05
1.97523e+04	1.15941e-02	5.22376e-03	0.92888	3.86616	4.59020e-05
1.98766e+04	1.15956e-02	6.13956e-03	5.91632	5.88132	4.59020e-05
2.00008e+04	1.15925e-02	6.95282e-03	2.00431	1.71226	4.59020e-05
2.01250e+04	1.15921e-02	3.66239e-03	2.05539	3.88517	4.59020e-05
2.02492e+04	1.15934e-02	4.42267e-03	0.95747	1.21500	4.59020e-05
2.03735e+04	1.15943e-02	6.14523e-03	1.70007	3.09437	4.59020e-05
2.04977e+04	1.15953e-02	6.89063e-03	2.33377	4.95503	4.59020e-05
2.06219e+04	1.15925e-02	5.43059e-03	3.54085	0.73230	4.59020e-05
2.07462e+04	1.15929e-02	5.00314e-03	0.26623	2.45066	4.59020e-05
2.08704e+04	1.15942e-02	3.77344e-03	0.65547	5.05753	4.59020e-05
2.09946e+04	1.15936e-02	2.40370e-03	4.63663	5.26661	4.59020e-05
2.11188e+04	1.15940e-02	2.24116e-03	1.28812	5.98726	4.59020e-05
2.12431e+04	1.15952e-02	5.93484e-04	3.20861	0.01613	4.59020e-05
2.13673e+04	1.15949e-02	1.28718e-03	2.47632	2.44072	4.59020e-05
2.14915e+04	1.15958e-02	2.23250e-03	2.66020	4.62177	4.59020e-05
2.16157e+04	1.15951e-02	2.64832e-03	5.87437	0.52879	4.59020e-05
2.17400e+04	1.15950e-02	1.34932e-03	3.74527	2.37461	4.59020e-05
2.18642e+04	1.15954e-02	3.34237e-03	2.73369	1.93324	4.59020e-05
2.19884e+04	1.15952e-02	2.57548e-03	1.74843	3.55833	4.59020e-05
2.21127e+04	1.15944e-02	3.26086e-03	2.55648	4.36277	4.59020e-05
2.22369e+04	1.15968e-02	3.59209e-03	5.25772	0.05857	4.59020e-05
2.23611e+04	1.16004e-02	5.41273e-03	1.51538	1.76748	4.59020e-05
2.24853e+04	1.15956e-02	7.17658e-03	3.76921	3.34404	4.59020e-05
2.26096e+04	1.15966e-02	5.19882e-03	1.67980	5.04218	4.59020e-05
2.27338e+04	1.15956e-02	1.71371e-03	3.53442	5.74760	4.59020e-05
2.28580e+04	1.15970e-02	1.50914e-03	0.81057	1.70994	4.59020e-05
2.29823e+04	1.15980e-02	2.59773e-03	0.89663	2.84284	4.59020e-05
2.31065e+04	1.15956e-02	4.02956e-03	1.43027	4.27499	4.59020e-05
2.32307e+04	1.15957e-02	3.05985e-03	5.76407	5.62930	4.59020e-05
2.33549e+04	1.16004e-02	1.23812e-03	3.55219	1.39183	4.59020e-05
2.34792e+04	1.15976e-02	2.83751e-03	3.22781	3.30381	4.59020e-05
2.36034e+04	1.15975e-02	2.19773e-03	5.04039	5.11259	4.59020e-05
2.37276e+04	1.15971e-02	1.86447e-03	5.11303	1.85209	4.59020e-05
2.38519e+04	1.15990e-02	2.80543e-03	5.38205	3.93264	4.59020e-05
2.39761e+04	1.15974e-02	7.42481e-04	5.29328	4.23280	4.59020e-05
2.41003e+04	1.15985e-02	1.83048e-03	0.83514	3.46999	4.59020e-05
2.42245e+04	1.15972e-02	2.91958e-03	2.94945	5.19630	4.59020e-05
2.43488e+04	1.15971e-02	2.18358e-03	1.22091	0.32144	4.59020e-05
2.44730e+04	1.15983e-02	1.51877e-03	1.99135	1.46905	4.59020e-05
2.45972e+04	1.15995e-02	5.64015e-04	1.91100	1.82111	4.59020e-05
2.47215e+04	1.15998e-02	3.12934e-03	3.88984	4.17656	4.59020e-05
2.48457e+04	1.15993e-02	3.58034e-03	5.51360	5.91933	4.59020e-05
2.49699e+04	1.16000e-02	2.97325e-03	2.11662	1.66221	4.59020e-05
2.50941e+04	1.16027e-02	3.85127e-03	0.94440	3.71629	4.59020e-05
2.52184e+04	1.16012e-02	4.10972e-03	3.39466	5.41644	4.59020e-05
2.53426e+04	1.16003e-02	1.25643e-03	5.68651	1.25605	4.59020e-05
2.54668e+04	1.16022e-02	4.66912e-04	0.04654	2.46765	4.59020e-05
2.55911e+04	1.16007e-02	1.42095e-03	5.67497	1.19774	4.59020e-05
2.57153e+04	1.16038e-02	1.46222e-03	4.13198	3.36538	4.59020e-05
2.58395e+04	1.16001e-02	1.90759e-03	4.72700	6.16963	4.59020e-05
2.59637e+04	1.16002e-02	2.24599e-03	3.87862	0.50419	4.59020e-05
2.60880e+04	1.16046e-02	9.12619e-04	3.81948	2.88596	4.59020e-05
2.62122e+04	1.16012e-02	6.37579e-04	4.23286	0.84281	4.59020e-05
2.63364e+04	1.16001e-02	1.69025e-03	3.15582	2.97359	4.59020e-05
2.64607e+04	1.16013e-02	1.95438e-03	4.42671	5.05398	4.59020e-05
2.65849e+04	1.16002e-02	2.37885e-03	2.46557	0.75968	4.59020e-05
2.67091e+04	1.16013e-02	2.04245e-03	2.92320	2.76707	4.59020e-05
2.68333e+04	1.16013e-02	5.64314e-04	6.09350	4.70333	4.59020e-05
2.69576e+04	1.16028e-02	6.17943e-04	3.18873	2.73831	4.59020e-05
2.70818e+04	1.16053e-02	1.08255e-03	5.83651	4.22135	4.59020e-05
2.72060e+04	1.16020e-02	3.71778e-04	3.51834	1.14387	4.59020e-05
2.73303e+04	1.16023e-02	2.37148e-03	5.99087	2.37434	4.59020e-05
2.74545e+04	1.16019e-02	1.59494e-03	4.23855	4.35644	4.59020e-05
2.75787e+04	1.16023e-02	2.37604e-03	5.55834	6.01580	4.59020e-05
2.77029e+04	1.16014e-02	1.27358e-03	3.12515	1.50167	4.59020e-05
2.78272e+04	1.16029e-02	1.07166e-03	5.08728	2.10635	4.59020e-05
2.79514e+04	1.16029e-02	2.57350e-03	3.82492	2.68859	4.59020e-05
2.80756e+04	1.16036e-02	2.31948e-03	4.24121	4.36029	4.59020e-05
2.81999e+04	1.16040e-02	4.08647e-03	1.47169	5.88328	4.59020e-05
2.83241e+04	1.16034e-02	3.29438e-03	1.60761	1.27737	4.59020e-05
2.84483e+04	1.16038e-02	1.33431e-03	5.29116	2.67530	4.59020e-05
2.85725e+04	1.16036e-02	1.37006e-03	6.05026	3.84292	4.59020e-05
2.86968e+04	1.16053e-02	2.08635e-03	4.43637	4.18014	4.59020e-05
2.88210e+04	1.16040e-02	2.44927e-03	4.38689	6.08320	4.59020e-05
2.89452e+04	1.16074e-02	3.20380e-03	1.47364	1.52160	4.59020e-05
2.90695e+04	1.16044e-02	3.35268e-03	1.43104	3.29896	4.59020e-05
2.91937e+04	1.16037e-02	2.66605e-03	5.18152	4.70550	4.59020e-05
2.93179e+04	1.16043e-02	1.29603e-03	6.03583	6.21739	4.59020e-05
2.94421e+04	1.16036e-02	9.65038e-04	5.19561	0.24703	4.59020e-05
2.95664e+04	1.16044e-02	2.15336e-03	0.83788	1.21839	4.59020e-05
2.96906e+04	1.16051e-02	2.96806e-03	5.25665	2.96560	4.59020e-05
2.98148e+04	1.16050e-02	3.17284e-03	0.33206	5.01645	4.59020e-05
2.99391e+04	1.16047e-02	2.58112e-03	5.57217	0.29219	4.59020e-05
3.00633e+04	1.16087e-02	1.75943e-03	1.49046	2.23440	4.59020e-05
3.01875e+04	1.16040e-02	9.40763e-04	2.66295	2.54399	4.59020e-05
3.03117e+04	1.16046e-02	9.00457e-04	1.00961	3.08171	4.59020e-05
3.04360e+04	1.16060e-02	1.68681e-03	1.88033	4.76394	4.59020e-05
3.05602e+04	1.16056e-02	2.10005e-03	6.08017	0.51460	4.59020e-05
3.06844e+04	1.16088e-02	2.41141e-03	1.72098	2.17237	4.59020e-05
3.08087e+04	1.16057e-02	1.88241e-03	0.95824	3.92786	4.59020e-05
3.09329e+04	1.16063e-02	4.59906e-04	4.47678	5.23427	4.59020e-05
3.10571e+04	1.16061e-02	1.25816e-03	0.55453	5.31081	4.59020e-05
3.11813e+04	1.16052e-02	2.10724e-03	5.21535	0.78005	4.59020e-05
3.13056e+04	1.16066e-02	2.11546e-03	1.64669	2.20241	4.59020e-05
3.14298e+04	1.16064e-02	2.62666e-03	1.82309	3.92116	4.59020e-05
3.15540e+04	1.16060e-02	1.45058e-03	5.49680	6.06190	4.59020e-05
3.16783e+04	1.16058e-02	9.29945e-04	2.48113	0.09407	4.59020e-05
3.18025e+04	1.16061e-02	4.94819e-04	2.04230	1.88576	4.59020e-05
3.19267e+04	1.16058e-02	1.20671e-03	0.30422	2.76397	4.59020e-05
3.20509e+04	1.16080e-02	2.66691e-03	2.11543	4.24511	4.59020e-05
3.21752e+04	1.16063e-02	2.46181e-03	1.52183	6.09798	4.59020e-05
3.22994e+04	1.16066e-02	2.71457e-03	5.53373	1.23073	4.59020e-05
3.24236e+04	1.16068e-02	1.51211e-03	0.80976	3.12232	4.59020e-05
3.25479e+04	1.16109e-02	1.10650e-03	1.27200	4.13008	4.59020e-05
3.26721e+04	1.16067e-02	7.50593e-04	0.31249	4.66114	4.59020e-05
3.27963e+04	1.16069e-02	1.48393e-03	2.76649	6.16771	4.59020e-05
3.29205e+04	1.16069e-02	2.78337e-03	3.43586	1.37118	4.59020e-05
3.30448e+04	1.16112e-02	1.81790e-03	1.52085	3.56497	4.59020e-05
3.31690e+04	1.16075e-02	1.93049e-03	5.03879	4.82816	4.59020e-05
3.32932e+04	1.16072e-02	1.22177e-03	6.25115	0.36215	4.59020e-05
3.34175e+04	1.16071e-02	1.21028e-03	1.20110	0.44791	4.59020e-05
3.35417e+04	1.16080e-02	8.87692e-04	5.46439	2.16324	4.59020e-05
3.36659e+04	1.16077e-02	2.60552e-03	1.78103	3.94720	4.59020e-05
3.37901e+04	1.16081e-02	3.03040e-03	3.14578	5.34545	4.59020e-05
3.39144e+04	1.16079e-02	2.14540e-03	2.79827	0.44963	4.59020e-05
3.40386e+04	1.16080e-02	9.61848e-04	1.15570	1.62214	4.59020e-05
3.41628e+04	1.16071e-02	6.43835e-04	5.05022	1.99713	4.59020e-05
3.42871e+04	1.16114e-02	1.18058e-03	6.12686	3.80910	4.59020e-05
3.44113e+04	1.16080e-02	1.99085e-03	5.72859	5.72780	4.59020e-05
3.45355e+04	1.16077e-02	2.38212e-03	4.18402	1.18974	4.59020e-05
3.46597e+04	1.16081e-02	2.41451e-03	1.00683	3.19835	4.59020e-05
3.47840e+04	1.16081e-02	1.81990e-03	3.11737	4.85015	4.59020e-05
3.49082e+04	1.16086e-02	6.81539e-04	3.06172	1.06263	4.59020e-05
3.50324e+04	1.16081e-02	9.91552e-04	4.96826	0.21244	4.59020e-05
3.51567e+04	1.16079e-02	9.00219e-04	3.64388	1.29644	4.59020e-05
3.52809e+04	1.16080e-02	2.74974e-03	0.39540	3.20160	4.59020e-05
3.54051e+04	1.16084e-02	2.25075e-03	2.27674	5.25116	4.59020e-05
3.55293e+04	1.16088e-02	2.13269e-03	3.73907	0.34038	4.59020e-05
3.56536e+04	1.16089e-02	2.07494e-03	3.11887	2.58297	4.59020e-05
3.57778e+04	1.16075e-02	6.07974e-04	2.95159	3.06191	4.59020e-05
3.59020e+04	1.16078e-02	1.47915e-03	1.74317	3.58262	4.59020e-05
3.60262e+04	1.16093e-02	1.39406e-03	4.36956	5.70931	4.59020e-05
3.61505e+04	1.16127e-02	2.52094e-03	0.26084	1.21769	4.59020e-05
3.62747e+04	1.16090e-02	2.02168e-03	1.74418	2.56528	4.59020e-05
3.63989e+04	1.16079e-02	2.15389e-03	1.68298	4.24213	4.59020e-05
3.65232e+04	1.16083e-02	1.04489e-03	0.44890	0.02518	4.59020e-05
3.66474e+04	1.16099e-02	2.84749e-04	2.72853	4.28750	4.59020e-05
3.67716e+04	1.16085e-02	1.15741e-03	5.14807	1.17124	4.59020e-05
3.68958e+04	1.16081e-02	1.57861e-03	1.35542	3.24367	4.59020e-05
3.70201e+04	1.16106e-02	2.26760e-03	3.64017	4.75970	4.59020e-05
3.71443e+04	1.16109e-02	1.98293e-03	4.72800	0.68058	4.59020e-05
3.72685e+04	1.16098e-02	9.16362e-04	5.44490	2.37244	4.59020e-05
3.73928e+04	1.16118e-02	1.55288e-03	5.42071	3.86042	4.59020e-05
3.75170e+04	1.16091e-02	1.63358e-04	3.80331	0.17086	4.59020e-05
3.76412e+04	1.16086e-02	8.05505e-04	4.75405	5.99928	4.59020e-05
3.77654e+04	1.16092e-02	1.77354e-03	3.48129	0.63263	4.59020e-05
3.78897e+04	1.16090e-02	2.87565e-03	6.23767	3.01573	4.59020e-05
3.80139e+04	1.16094e-02	2.28486e-03	3.17099	4.71610	4.59020e-05
3.81381e+04	1.16083e-02	1.26720e-03	5.40589	0.44453	4.59020e-05
3.82624e+04	1.16093e-02	1.67952e-03	1.52170	1.45296	4.59020e-05
3.83866e+04	1.16113e-02	3.16574e-04	3.07238	3.11456	4.59020e-05
3.85108e+04	1.16091e-02	1.72968e-03	5.25632	3.69589	4.59020e-05
3.86350e+04	1.16086e-02	1.89760e-03	5.43863	5.39654	4.59020e-05
3.87593e+04	1.16094e-02	2.18825e-03	5.53107	0.75837	4.59020e-05
3.88835e+04	1.16086e-02	2.51478e-03	4.72861	2.86976	4.59020e-05
3.90077e+04	1.16095e-02	2.15036e-03	4.04570	4.11242	4.59020e-05
3.91320e+04	1.16130e-02	2.19794e-04	1.84446	0.57567	4.59020e-05
3.92562e+04	1.16094e-02	9.58988e-04	2.10488	0.47270	4.59020e-05
3.93804e+04	1.16088e-02	2.09766e-03	0.49600	1.51690	4.59020e-05
3.95046e+04	1.16093e-02	2.20876e-03	4.56840	3.24812	4.59020e-05
3.96289e+04	1.16092e-02	2.40529e-03	1.82836	4.92463	4.59020e-05
3.97531e+04	1.16094e-02	1.78118e-03	4.87892	0.44229	4.59020e-05
3.98773e+04	1.16134e-02	1.58728e-03	1.29928	2.66018	4.59020e-05
4.00016e+04	1.16086e-02	1.50596e-03	4.51976	3.65882	4.59020e-05
4.01258e+04	1.16102e-02	1.78523e-03	2.06768	4.12939	4.59020e-05
4.02500e+04	1.16093e-02	2.10969e-03	4.97144	5.26916	4.59020e-05
4.03742e+04	1.16089e-02	1.96192e-03	0.46718	0.73413	4.59020e-05
4.04985e+04	1.16128e-02	1.97200e-03	1.77769	3.16999	4.59020e-05
4.06227e+04	1.16088e-02	2.28301e-03	3.14314	4.96815	4.59020e-05
4.07469e+04	1.16093e-02	1.79905e-03	4.88707	0.15172	4.59020e-05
4.08712e+04	1.16096e-02	1.13974e-03	0.85770	1.05731	4.59020e-05
4.09954e+04	1.16099e-02	1.74571e-03	2.50336	2.07318	4.59020e-05
4.11196e+04	1.16096e-02	2.00535e-03	4.15974	3.36551	4.59020e-05
4.12438e+04	1.16092e-02	2.45647e-03	4.77535	5.15510	4.59020e-05
4.13681e+04	1.16090e-02	1.82338e-03	5.55066	0.74633	4.59020e-05
4.14923e+04	1.16088e-02	1.36094e-03	6.03984	2.66061	4.59020e-05
4.16165e+04	1.16099e-02	7.07439e-04	0.39197	4.30246	4.59020e-05
4.17408e+04	1.16131e-02	5.61890e-04	1.30451	5.90979	4.59020e-05
4.18650e+04	1.16133e-02	7.34335e-04	3.02717	6.25059	4.59020e-05
4.19892e+04	1.16097e-02	1.75640e-03	3.64258	1.77925	4.59020e-05
4.21134e+04	1.16097e-02	1.98521e-03	3.82454	3.57401	4.59020e-05
4.22377e+04	1.16092e-02	2.20730e-03	4.26217	5.44129	4.59020e-05
4.23619e+04	1.16086e-02	1.86810e-03	4.34871	1.10927	4.59020e-05
4.24861e+04	1.16091e-02	1.44534e-03	4.70560	3.01414	4.59020e-05
4.26104e+04	1.16085e-02	8.42493e-04	5.01854	4.89279	4.59020e-05
4.27346e+04	1.16091e-02	3.04487e-04	5.90676	6.13954	4.59020e-05
4.28588e+04	1.16089e-02	6.33309e-04	1.24041	0.61061	4.59020e-05
4.29830e+04	1.16091e-02	9.61112e-04	1.88393	2.10350	4.59020e-05
4.31073e+04	1.16092e-02	1.39736e-03	2.23534	4.28834	4.59020e-05
4.32315e+04	1.16093e-02	1.20837e-03	2.78350	5.97121	4.59020e-05
4.33557e+04	1.16094e-02	1.03600e-03	3.04090	2.12946	4.59020e-05
4.34800e+04	1.16094e-02	4.90536e-04	3.24361	4.27626	4.59020e-05
4.36042e+04	1.16097e-02	7.04736e-04	2.77477	1.35982	4.59020e-05
4.37284e+04	1.16095e-02	9.24402e-04	2.70270	3.95852	4.59020e-05
4.38526e+04	1.16099e-02	1.52439e-03	3.64379	6.09390	4.59020e-05
4.39769e+04	1.16097e-02	1.34794e-03	4.24115	1.93723	4.59020e-05
4.41011e+04	1.16099e-02	1.65262e-03	5.47541	4.11179	4.59020e-05
4.42253e+04	1.16098e-02	9.32956e-04	0.09515	6.23024	4.59020e-05
4.43496e+04	1.16095e-02	7.96611e-04	1.04504	2.56978	4.59020e-05
4.44738e+04	1.16092e-02	4.29539e-04	1.09192	5.78848	4.59020e-05
4.45980e+04	1.16088e-02	1.01686e-03	2.41656	2.01342	4.59020e-05
4.47222e+04	1.16086e-02	1.24151e-03	3.80638	4.24347	4.59020e-05
4.48465e+04	1.16112e-02	1.66137e-03	5.99767	0.00817	4.59020e-05
4.49707e+04	1.16125e-02	1.43763e-03	1.46503	2.16143	4.59020e-05
4.50949e+04	1.16092e-02	1.62453e-03	3.70863	4.38071	4.59020e-05
4.52192e+04	1.16088e-02	9.27670e-04	5.02896	1.04720	4.59020e-05
4.53434e+04	1.16095e-02	1.16408e-03	0.79485	3.82459	4.59020e-05
4.54676e+04	1.16097e-02	1.56409e-03	2.56889	0.41873	4.59020e-05
4.55918e+04	1.16097e-02	1.73396e-03	5.47272	2.66064	4.59020e-05
4.57161e+04	1.16090e-02	1.06095e-03	1.93657	4.99607	4.59020e-05
4.58403e+04	1.16098e-02	6.93869e-04	5.42001	0.79916	4.59020e-05
4.59645e+04	1.16125e-02	1.75515e-04	2.17975	3.17689	4.59020e-05
4.60888e+04	1.16088e-02	3.84552e-04	5.04055	6.26462	4.59020e-05
4.62130e+04	1.16095e-02	6.57774e-04	1.18254	3.35653	4.59020e-05
4.63372e+04	1.16096e-02	7.29990e-04	5.80828	5.10395	4.59020e-05
4.64614e+04	1.16085e-02	6.33482e-04	4.75837	6.19853	4.59020e-05
4.65857e+04	1.16110e-02	1.50597e-03	2.93761	2.23106	4.59020e-05
4.67099e+04	1.16086e-02	1.12064e-03	1.02823	4.49473	4.59020e-05
4.68341e+04	1.16098e-02	6.17653e-04	5.69895	0.76968	4.59020e-05
4.69584e+04	1.16087e-02	1.83264e-04	4.33490	2.96685	4.59020e-05
4.70826e+04	1.16114e-02	1.12398e-03	1.98476	0.40115	4.59020e-05
4.72068e+04	1.16089e-02	1.34110e-03	0.56001	3.13852	4.59020e-05
4.73310e+04	1.16096e-02	9.03233e-04	0.10324	5.40649	4.59020e-05
4.74553e+04	1.16090e-02	5.25961e-04	1.41759	5.83780	4.59020e-05
4.75795e+04	1.16086e-02	4.90348e-04	0.77410	2.45910	4.59020e-05
4.77037e+04	1.16096e-02	7.99141e-04	2.09483	3.28858	4.59020e-05
4.78280e+04	1.16092e-02	3.56445e-04	2.43460	5.67480	4.59020e-05
4.79522e+04	1.16085e-02	7.15988e-04	5.91317	4.86097	4.59020e-05
4.80764e+04	1.16093e-02	1.09393e-03	0.57249	0.87832	4.59020e-05
4.82006e+04	1.16120e-02	1.21444e-03	1.62058	2.92853	4.59020e-05
4.83249e+04	1.16095e-02	1.15446e-03	2.66226	5.51618	4.59020e-05
4.84491e+04	1.16087e-02	2.20569e-04	0.76239	4.74902	4.59020e-05
4.85733e+04	1.16085e-02	1.86334e-04	4.89034	4.72524	4.59020e-05
4.86976e+04	1.16093e-02	6.89141e-04	4.89294	2.47371	4.59020e-05
4.88218e+04	1.16088e-02	8.08168e-04	3.10923	2.61463	4.59020e-05
4.89460e+04	1.16096e-02	1.17433e-03	5.11468	5.16896	4.59020e-05
4.90702e+04	1.16105e-02	1.80041e-03	2.02319	0.72696	4.59020e-05
4.91945e+04	1.16097e-02	1.48540e-03	4.27613	3.47044	4.59020e-05
4.93187e+04	1.16113e-02	8.59808e-04	1.41423	5.53637	4.59020e-05
4.94429e+04	1.16095e-02	6.44248e-04	3.30629	2.87344	4.59020e-05
4.95672e+04	1.16090e-02	1.86484e-05	2.61711	3.31452	4.59020e-05
4.96914e+04	1.16093e-02	8.63814e-04	4.60048	0.98071	4.59020e-05
4.98156e+04	1.16085e-02	9.86111e-04	3.44362	2.27647	4.59020e-05
4.99398e+04	1.16087e-02	1.82990e-03	0.88553	4.99751	4.59020e-05
5.00641e+04	1.16090e-02	1.31598e-03	5.87004	0.61169	4.59020e-05
5.01883e+04	1.16098e-02	8.93102e-04	3.64294	3.43547	4.59020e-05
5.03125e+04	1.16094e-02	2.79166e-04	4.83989	3.27541	4.59020e-05
5.04367e+04	1.16085e-02	9.94477e-04	4.64007	4.63643	4.59020e-05
5.05610e+04	1.16084e-02	4.10585e-04	3.80385	0.69972	4.59020e-05
5.06852e+04	1.16095e-02	3.15792e-04	3.96583	2.04396	4.59020e-05
5.08094e+04	1.16084e-02	1.23490e-03	4.61376	3.33918	4.59020e-05
5.09337e+04	1.16084e-02	6.68987e-04	4.35512	5.59020	4.59020e-05
5.10579e+04	1.16096e-02	1.01563e-03	3.85057	2.20504	4.59020e-05
5.11821e+04	1.16083e-02	6.81695e-04	3.59531	4.94600	4.59020e-05
5.13063e+04	1.16102e-02	9.79566e-04	3.37741	1.68531	4.59020e-05
5.14306e+04	1.16090e-02	7.60177e-04	4.41226	3.52519	4.59020e-05
5.15548e+04	1.16094e-02	2.69978e-04	0.56963	4.35204	4.59020e-05
5.16790e+04	1.16084e-02	5.34605e-04	1.41490	0.50158	4.59020e-05
5.18033e+04	1.16104e-02	7.56994e-04	2.76528	2.81840	4.59020e-05
5.19275e+04	1.16086e-02	5.19902e-05	1.21316	1.80815	4.59020e-05
5.20517e+04	1.16094e-02	1.13908e-03	3.55417	3.63887	4.59020e-05
5.21759e+04	1.16088e-02	1.19211e-03	5.45404	5.87581	4.59020e-05
5.23002e+04	1.16083e-02	5.93341e-04	1.34296	1.89802	4.59020e-05
5.24244e+04	1.16115e-02	5.98585e-04	4.18186	3.60402	4.59020e-05
5.25486e+04	1.16084e-02	9.00603e-04	1.76930	4.65616	4.59020e-05
5.26729e+04	1.16089e-02	8.18575e-04	4.80876	0.27240	4.59020e-05
5.27971e+04	1.16092e-02	2.87125e-04	4.85771	5.57763	4.59020e-05
5.29213e+04	1.16094e-02	1.06413e-03	1.74945	1.44768	4.59020e-05
5.30455e+04	1.16088e-02	9.44528e-04	5.23607	3.65217	4.59020e-05
5.31698e+04	1.16082e-02	6.30845e-04	1.80650	0.24829	4.59020e-05
5.32940e+04	1.16084e-02	7.03309e-04	4.99823	3.09830	4.59020e-05
5.34182e+04	1.16101e-02	1.39263e-04	2.75109	5.14409	4.59020e-05
5.35425e+04	1.16117e-02	3.45899e-04	2.61280	5.50762	4.59020e-05
5.36667e+04	1.16108e-02	1.50638e-04	0.26643	1.75708	4.59020e-05
5.37909e+04	1.16101e-02	4.72501e-04	3.68605	5.12185	4.59020e-05
5.39151e+04	1.16086e-02	7.09761e-04	1.43670	1.61028	4.59020e-05
5.40394e+04	1.16087e-02	9.35185e-04	5.58383	4.59221	4.59020e-05
5.41636e+04	1.16085e-02	1.12856e-03	3.95572	0.84242	4.59020e-05
5.42878e+04	1.16086e-02	7.75642e-04	3.33228	2.65501	4.59020e-05
5.44121e+04	1.16086e-02	3.55477e-04	4.21604	3.05878	4.59020e-05
5.45363e+04	1.16095e-02	8.38779e-04	4.46401	4.32009	4.59020e-05
5.46605e+04	1.16100e-02	6.58591e-04	4.69836	5.65489	4.59020e-05
5.47847e+04	1.16125e-02	8.69903e-04	6.09488	6.10482	4.59020e-05
5.49090e+04	1.16106e-02	1.00156e-03	5.96771	1.83602	4.59020e-05
5.50332e+04	1.16085e-02	8.22012e-04	5.24337	4.68203	4.59020e-05
5.51574e+04	1.16081e-02	1.03914e-03	4.93550	0.98975	4.59020e-05
5.52817e+04	1.16085e-02	5.87955e-04	5.28039	3.08511	4.59020e-05
5.54059e+04	1.16087e-02	4.29832e-04	2.58118	2.03125	4.59020e-05
5.55301e+04	1.16094e-02	1.16310e-03	3.44260	3.87695	4.59020e-05
5.56543e+04	1.16088e-02	1.16185e-03	4.61726	5.51600	4.59020e-05
5.57786e+04	1.16085e-02	1.06516e-03	0.25469	0.30533	4.59020e-05
5.59028e+04	1.16081e-02	1.31193e-03	1.93499	1.75869	4.59020e-05
5.60270e+04	1.16112e-02	6.17726e-04	3.22091	3.79042	4.59020e-05
5.61513e+04	1.16085e-02	8.39461e-04	3.29483	0.83119	4.59020e-05
5.62755e+04	1.16082e-02	4.18047e-04	4.24321	3.37407	4.59020e-05
5.63997e+04	1.16089e-02	8.34195e-04	3.68188	1.34337	4.59020e-05
5.65239e+04	1.16090e-02	1.57048e-03	5.37939	3.40382	4.59020e-05
5.66482e+04	1.16078e-02	1.36619e-03	1.34562	5.09709	4.59020e-05
5.67724e+04	1.16108e-02	4.29702e-04	4.14440	0.05624	4.59020e-05
5.68966e+04	1.16080e-02	2.13256e-04	3.27900	5.11745	4.59020e-05
5.70209e+04	1.16087e-02	2.72714e-04	1.69303	4.64271	4.59020e-05
5.71451e+04	1.16090e-02	5.48563e-04	4.75123	6.03667	4.59020e-05
5.72693e+04	1.16079e-02	2.27678e-04	2.60096	0.05431	4.59020e-05
5.73935e+04	1.16122e-02	1.28292e-03	0.51767	0.51062	4.59020e-05
5.75178e+04	1.16080e-02	1.13626e-03	3.48129	2.27965	4.59020e-05
5.76420e+04	1.16091e-02	4.64242e-04	5.30700	5.33719	4.59020e-05
5.77662e+04	1.16083e-02	8.02036e-04	0.95276	2.01914	4.59020e-05
5.78905e+04	1.16116e-02	2.21309e-04	3.68945	4.35174	4.59020e-05
5.80147e+04	1.16079e-02	1.35409e-03	5.16842	1.68132	4.59020e-05
5.81389e+04	1.16091e-02	1.44332e-03	2.44134	3.38084	4.59020e-05
5.82631e+04	1.16079e-02	7.54006e-04	6.12738	5.01508	4.59020e-05
5.83874e+04	1.16110e-02	4.17672e-04	2.47808	1.60307	4.59020e-05
5.85116e+04	1.16084e-02	9.17739e-04	0.72033	2.59871	4.59020e-05
5.86358e+04	1.16089e-02	1.14747e-03	4.83804	4.05913	4.59020e-05
5.87601e+04	1.16085e-02	5.64650e-04	3.14039	5.19060	4.59020e-05
5.88843e+04	1.16081e-02	5.65716e-04	3.84742	3.94917	4.59020e-05
5.90085e+04	1.16090e-02	2.79519e-04	0.69233	0.44973	4.59020e-05
5.91327e+04	1.16079e-02	1.05867e-03	3.66376	3.44967	4.59020e-05
5.92570e+04	1.16082e-02	1.23517e-03	2.01028	4.88089	4.59020e-05
5.93812e+04	1.16088e-02	2.33504e-04	5.56656	1.09057	4.59020e-05
5.95054e+04	1.16081e-02	7.29295e-04	1.72951	4.87255	4.59020e-05
5.96297e+04	1.16087e-02	4.21049e-04	4.23397	2.30070	4.59020e-05
5.97539e+04	1.16091e-02	1.48847e-03	2.50551	4.11438	4.59020e-05
5.98781e+04	1.16078e-02	1.41659e-03	0.87313	5.82140	4.59020e-05
6.00023e+04	1.16085e-02	6.68338e-04	4.53221	2.42233	4.59020e-05
6.01266e+04	1.16090e-02	7.71417e-04	3.00862	4.18437	4.59020e-05
6.02508e+04	1.16079e-02	6.57619e-04	2.61350	4.89418	4.59020e-05
6.03750e+04	1.16078e-02	5.17951e-04	3.10504	4.79843	4.59020e-05
6.04993e+04	1.16090e-02	2.63857e-04	3.22805	5.08402	4.59020e-05
6.06235e+04	1.16086e-02	2.02550e-04	3.19859	5.63345	4.59020e-05
6.07477e+04	1.16081e-02	1.07043e-03	5.86972	3.54028	4.59020e-05
6.08719e+04	1.16087e-02	1.44764e-03	5.07232	4.99105	4.59020e-05
6.09962e+04	1.16120e-02	6.84733e-04	3.28792	1.12050	4.59020e-05
6.11204e+04	1.16089e-02	1.33421e-03	1.77874	3.38921	4.59020e-05
6.12446e+04	1.16078e-02	6.68609e-04	0.84697	5.04549	4.59020e-05
6.13689e+04	1.16081e-02	9.46952e-04	3.66270	3.06749	4.59020e-05
6.14931e+04	1.16088e-02	8.50061e-04	2.50051	5.14081	4.59020e-05
6.16173e+04	1.16101e-02	1.06977e-03	0.34381	1.93853	4.59020e-05
6.17415e+04	1.16085e-02	1.41880e-03	6.01349	3.51691	4.59020e-05
6.18658e+04	1.16080e-02	4.24026e-04	4.97823	5.53458	4.59020e-05
6.19900e+04	1.16080e-02	7.11462e-04	3.25134	2.03683	4.59020e-05
6.21142e+04	1.16089e-02	3.47533e-04	4.66877	1.66098	4.59020e-05
6.22385e+04	1.16105e-02	1.12861e-03	4.98360	2.50284	4.59020e-05
6.23627e+04	1.16086e-02	3.93382e-04	4.36520	4.31436	4.59020e-05
6.24869e+04	1.16080e-02	8.00342e-04	2.76732	0.86197	4.59020e-05
6.26111e+04	1.16077e-02	7.49233e-04	3.46598	1.35811	4.59020e-05
6.27354e+04	1.16088e-02	5.38299e-04	4.42533	1.67816	4.59020e-05
6.28596e+04	1.16115e-02	2.14948e-04	2.07067	5.30509	4.59020e-05
6.29838e+04	1.16091e-02	9.79032e-04	2.53203	6.17149	4.59020e-05
6.31081e+04	1.16081e-02	8.70663e-04	2.95376	0.90138	4.59020e-05
6.32323e+04	1.16083e-02	1.50070e-04	0.26848	4.95370	4.59020e-05
6.33565e+04	1.16081e-02	4.70380e-04	1.76491	4.89168	4.59020e-05
6.34807e+04	1.16081e-02	1.06166e-03	2.96828	5.08204	4.59020e-05
6.36050e+04	1.16087e-02	5.39349e-04	2.98597	0.27134	4.59020e-05
6.37292e+04	1.16122e-02	7.76855e-04	1.16424	3.53992	4.59020e-05
6.38534e+04	1.16090e-02	6.62557e-04	2.07682	4.23359	4.59020e-05
6.39777e+04	1.16083e-02	6.46375e-04	3.55526	4.26432	4.59020e-05
6.41019e+04	1.16084e-02	1.87407e-04	3.37561	5.99867	4.59020e-05
6.42261e+04	1.16078e-02	1.10002e-03	2.45671	2.19521	4.59020e-05
6.43503e+04	1.16078e-02	1.00098e-03	2.83610	3.38024	4.59020e-05
6.44746e+04	1.16085e-02	4.76855e-04	1.32588	0.22518	4.59020e-05
6.45988e+04	1.16091e-02	6.92823e-04	1.63746	1.50424	4.59020e-05
6.47230e+04	1.16089e-02	5.75356e-04	4.26983	0.60640	4.59020e-05
6.48472e+04	1.16115e-02	9.94638e-04	4.68773	1.80194	4.59020e-05
6.49715e+04	1.16087e-02	1.04946e-03	3.37640	4.79458	4.59020e-05
6.50957e+04	1.16081e-02	1.67246e-03	3.26255	0.26670	4.59020e-05
6.52199e+04	1.16084e-02	5.73405e-04	2.67614	2.54308	4.59020e-05
6.53442e+04	1.16080e-02	9.68703e-04	1.89685	5.01146	4.59020e-05
6.54684e+04	1.16078e-02	2.28657e-04	5.11103	3.56101	4.59020e-05
6.55926e+04	1.16085e-02	1.15375e-03	5.91172	4.49052	4.59020e-05
6.57168e+04	1.16083e-02	7.61917e-04	4.89209	0.91385	4.59020e-05
6.58411e+04	1.16088e-02	1.69948e-03	4.71945	2.83492	4.59020e-05
6.59653e+04	1.16118e-02	9.43677e-04	4.82037	4.42867	4.59020e-05
6.60895e+04	1.16092e-02	1.04650e-03	3.57436	1.15201	4.59020e-05
6.62138e+04	1.16091e-02	7.11325e-04	3.78102	2.67069	4.59020e-05
6.63380e+04	1.16088e-02	9.01578e-04	1.32773	0.66402	4.59020e-05
6.64622e+04	1.16078e-02	8.12517e-04	1.37621	2.36511	4.59020e-05
6.65864e+04	1.16081e-02	1.47276e-03	0.13885	5.33539	4.59020e-05
6.67107e+04	1.16079e-02	1.45140e-03	0.34844	0.60827	4.59020e-05
6.68349e+04	1.16079e-02	9.65274e-04	5.49089	3.47347	4.59020e-05
6.69591e+04	1.16086e-02	1.06829e-03	5.69747	5.04860	4.59020e-05
6.70834e+04	1.16084e-02	4.84135e-04	3.13496	3.12892	4.59020e-05
6.72076e+04	1.16088e-02	6.74295e-04	3.52761	4.51116	4.59020e-05
6.73318e+04	1.16116e-02	9.05718e-04	1.79265	1.69925	4.59020e-05
6.74560e+04	1.16089e-02	1.37686e-03	2.21107	3.02946	4.59020e-05
6.75803e+04	1.16095e-02	6.12707e-04	1.97248	5.01853	4.59020e-05
6.77045e+04	1.16087e-02	1.16719e-03	1.34563	1.08955	4.59020e-05
6.78287e+04	1.16079e-02	5.72990e-04	2.27067	2.00054	4.59020e-05
6.79530e+04	1.16082e-02	4.07048e-04	5.79442	0.19186	4.59020e-05
6.80772e+04	1.16078e-02	2.88138e-04	2.65100	5.09461	4.59020e-05
6.82014e+04	1.16078e-02	1.06656e-03	3.97355	5.47566	4.59020e-05
6.83256e+04	1.16084e-02	4.94656e-04	4.15090	0.74735	4.59020e-05
6.84499e+04	1.16082e-02	1.09749e-03	3.20190	3.40632	4.59020e-05
6.85741e+04	1.16088e-02	8.30218e-04	3.85854	4.45708	4.59020e-05
6.86983e+04	1.16109e-02	1.55912e-04	1.74820	2.07523	4.59020e-05
6.88226e+04	1.16089e-02	5.30857e-04	3.55249	1.95255	4.59020e-05
6.89468e+04	1.16101e-02	8.74349e-04	4.80956	2.40977	4.59020e-05
6.90710e+04	1.16086e-02	1.93826e-04	5.78756	3.08870	4.59020e-05
6.91952e+04	1.16080e-02	5.74938e-04	3.93636	0.34652	4.59020e-05
6.93195e+04	1.16082e-02	7.84077e-04	5.41035	0.52550	4.59020e-05
6.94437e+04	1.16080e-02	3.34594e-04	0.33365	1.05260	4.59020e-05
6.95679e+04	1.16078e-02	7.17270e-04	4.93475	4.39240	4.59020e-05
6.96922e+04	1.16085e-02	9.77601e-04	5.78013	5.17764	4.59020e-05
6.98164e+04	1.16082e-02	1.16112e-04	5.15949	1.16239	4.59020e-05
6.99406e+04	1.16089e-02	7.43920e-04	4.93617	2.98311	4.59020e-05
7.00648e+04	1.16119e-02	8.18013e-04	6.13779	3.40959	4.59020e-05
7.01891e+04	1.16091e-02	1.48653e-04	1.96808	2.87912	4.59020e-05
7.03133e+04	1.16089e-02	3.67531e-04	4.85928	1.66143	4.59020e-05
7.04375e+04	1.16086e-02	8.56213e-04	0.60076	1.21686	4.59020e-05
7.05618e+04	1.16078e-02	5.77606e-04	1.18212	2.20106	4.59020e-05
7.06860e+04	1.16080e-02	9.06614e-04	5.98888	5.24620	4.59020e-05
7.08102e+04	1.16083e-02	1.05616e-03	0.12726	0.06607	4.59020e-05
7.09344e+04	1.16081e-02	2.38457e-04	5.01887	3.00987	4.59020e-05
7.10587e+04	1.16087e-02	6.70619e-04	5.36611	4.23597	4.59020e-05
7.11829e+04	1.16105e-02	5.84920e-04	0.83277	4.01438	4.59020e-05
7.13071e+04	1.16089e-02	3.18333e-04	2.11528	4.22741	4.59020e-05
7.14314e+04	1.16095e-02	3.13538e-04	5.81482	2.01768	4.59020e-05
7.15556e+04	1.16086e-02	9.45745e-04	0.70603	2.32382	4.59020e-05
7.16798e+04	1.16078e-02	5.31161e-04	1.07623	3.39937	4.59020e-05
7.18040e+04	1.16080e-02	8.64781e-04	5.92953	0.08001	4.59020e-05
7.19283e+04	1.16082e-02	9.24116e-04	0.10586	1.04058	4.59020e-05
7.20525e+04	1.16081e-02	1.12754e-04	4.62774	4.24515	4.59020e-05
7.21767e+04	1.16088e-02	6.31550e-04	5.24787	5.02972	4.59020e-05
7.23010e+04	1.16118e-02	7.27397e-04	0.16962	5.23012	4.59020e-05
7.24252e+04	1.16088e-02	2.30808e-04	1.59830	5.18910	4.59020e-05
7.25494e+04	1.16085e-02	2.93094e-04	4.63812	3.51142	4.59020e-05
7.26736e+04	1.16084e-02	8.74405e-04	0.03949	3.26751	4.59020e-05
7.27979e+04	1.16080e-02	5.63809e-04	0.45125	4.18736	4.59020e-05
7.29221e+04	1.16078e-02	8.22729e-04	5.01899	0.97336	4.59020e-05
7.30463e+04	1.16087e-02	1.04527e-03	5.35269	1.95001	4.59020e-05
7.31706e+04	1.16091e-02	1.24943e-04	4.24672	4.37373	4.59020e-05
7.32948e+04	1.16091e-02	6.96885e-04	3.91330	5.99822	4.59020e-05
7.34190e+04	1.16098e-02	7.92163e-04	4.63941	0.33347	4.59020e-05
7.35432e+04	1.16087e-02	1.81662e-04	0.43180	5.81737	4.59020e-05
7.36675e+04	1.16078e-02	3.40942e-04	2.90262	4.58784	4.59020e-05
7.37917e+04	1.16080e-02	8.38898e-04	4.61761	4.13389	4.59020e-05
7.39159e+04	1.16086e-02	5.70734e-04	4.89012	5.07809	4.59020e-05
7.40402e+04	1.16088e-02	8.20987e-04	3.06593	1.84691	4.59020e-05
7.41644e+04	1.16089e-02	1.01343e-03	3.27680	2.83115	4.59020e-05
7.42886e+04	1.16101e-02	4.98956e-04	3.54202	3.82228	4.59020e-05
7.44128e+04	1.16086e-02	7.22935e-04	1.71158	0.55017	4.59020e-05
7.45371e+04	1.16078e-02	8.63621e-04	2.02288	1.39161	4.59020e-05
7.46613e+04	1.16079e-02	1.42643e-04	3.71640	0.86483	4.59020e-05
7.47855e+04	1.16086e-02	4.04199e-04	0.23912	5.46777	4.59020e-05
7.49098e+04	1.16095e-02	7.25074e-04	1.55196	5.29223	4.59020e-05
7.50340e+04	1.16089e-02	4.45485e-04	2.17543	5.84009	4.59020e-05
7.51582e+04	1.16090e-02	1.12239e-04	5.40861	3.70643	4.59020e-05
7.52824e+04	1.16084e-02	9.36961e-04	0.27100	3.64755	4.59020e-05
7.54067e+04	1.16080e-02	7.27037e-04	0.41299	4.57210	4.59020e-05
7.55309e+04	1.16078e-02	6.87234e-04	4.72001	1.33953	4.59020e-05
7.56551e+04	1.16088e-02	1.03753e-03	4.77535	2.32161	4.59020e-05
7.57794e+04	1.16118e-02	3.67464e-04	5.41012	2.80555	4.59020e-05
7.59036e+04	1.16090e-02	5.51816e-04	2.83939	0.10495	4.59020e-05
7.60278e+04	1.16079e-02	8.30729e-04	3.10462	0.85471	4.59020e-05
7.61520e+04	1.16081e-02	3.27977e-04	4.60252	0.35301	4.59020e-05
7.62763e+04	1.16086e-02	1.79167e-04	0.25622	5.68257	4.59020e-05
7.64005e+04	1.16088e-02	8.41288e-04	2.39431	4.53058	4.59020e-05
7.65247e+04	1.16089e-02	7.40553e-04	2.45837	5.42007	4.59020e-05
7.66490e+04	1.16092e-02	1.40811e-04	1.51391	1.11611	4.59020e-05
7.67732e+04	1.16084e-02	9.85701e-04	0.39247	3.16304	4.59020e-05
7.68974e+04	1.16079e-02	7.98582e-04	0.39179	4.09799	4.59020e-05
7.70216e+04	1.16080e-02	4.87662e-04	4.50711	0.89332	4.59020e-05
7.71459e+04	1.16089e-02	8.72280e-04	4.53348	1.77151	4.59020e-05
7.72701e+04	1.16115e-02	7.15622e-04	4.83317	2.37505	4.59020e-05
7.73943e+04	1.16086e-02	2.81561e-04	2.26458	5.88700	4.59020e-05
7.75186e+04	1.16079e-02	7.12659e-04	2.40145	0.35120	4.59020e-05
7.76428e+04	1.16078e-02	5.73070e-04	3.50275	0.09655	4.59020e-05
7.77670e+04	1.16088e-02	1.91211e-04	4.35262	0.10416	4.59020e-05
7.78912e+04	1.16121e-02	6.67940e-04	0.79584	4.49307	4.59020e-05
7.80155e+04	1.16089e-02	8.59676e-04	1.30514	4.81434	4.59020e-05
7.81397e+04	1.16078e-02	4.27168e-04	1.23508	5.77776	4.59020e-05
7.82639e+04	1.16080e-02	9.33506e-04	5.23649	2.57792	4.59020e-05
7.83882e+04	1.16086e-02	1.01068e-03	5.06357	3.55938	4.59020e-05
7.85124e+04	1.16113e-02	1.36261e-04	3.67301	5.72430	4.59020e-05
7.86366e+04	1.16089e-02	7.90963e-04	2.57178	1.32814	4.59020e-05
7.87608e+04	1.16079e-02	8.34669e-04	2.54595	2.11384	4.59020e-05
7.88851e+04	1.16079e-02	1.06204e-04	4.19109	1.23055	4.59020e-05
7.90093e+04	1.16086e-02	4.69759e-04	0.08409	6.15806	4.59020e-05
7.91335e+04	1.16109e-02	7.29708e-04	0.75296	6.22450	4.59020e-05
7.92577e+04	1.16088e-02	3.53396e-04	1.22579	0.20748	4.59020e-05
7.93820e+04	1.16080e-02	1.83112e-04	3.38955	5.03599	4.59020e-05
7.95062e+04	1.16079e-02	8.67771e-04	4.72471	4.42001	4.59020e-05
7.96304e+04	1.16087e-02	7.37861e-04	4.60297	5.23483	4.59020e-05
7.97547e+04	1.16111e-02	4.39515e-04	2.19605	2.12784	4.59020e-05
7.98789e+04	1.16090e-02	1.04242e-03	2.01459	2.99503	4.59020e-05
8.00031e+04	1.16078e-02	8.25142e-04	1.74936	3.93642	4.59020e-05
8.01273e+04	1.16080e-02	5.78962e-04	5.62697	0.73246	4.59020e-05
8.02516e+04	1.16087e-02	8.92279e-04	5.27659	1.73289	4.59020e-05
8.03758e+04	1.16123e-02	5.30180e-04	5.70206	1.96729	4.59020e-05
8.05000e+04	1.16088e-02	2.14593e-04	2.17361	6.12945	4.59020e-05
8.06243e+04	1.16078e-02	6.41044e-04	2.59923	0.13439	4.59020e-05
8.07485e+04	1.16078e-02	6.12948e-04	3.32606	0.03282	4.59020e-05
8.08727e+04	1.16089e-02	1.45444e-04	3.83477	0.14696	4.59020e-05
8.09969e+04	1.16115e-02	5.14976e-04	6.22620	4.65546	4.59020e-05
8.11212e+04	1.16085e-02	8.14683e-04	0.45530	4.74060	4.59020e-05
8.12454e+04	1.16080e-02	5.05778e-04	0.18535	5.61622	4.59020e-05
8.13696e+04	1.16080e-02	8.27280e-04	3.96948	2.48261	4.59020e-05
8.14939e+04	1.16090e-02	1.07236e-03	3.59310	3.45302	4.59020e-05
8.16181e+04	1.16092e-02	5.62177e-04	3.12873	4.49159	4.59020e-05
8.17423e+04	1.16084e-02	7.68397e-04	0.70442	1.20723	4.59020e-05
8.18665e+04	1.16083e-02	9.02452e-04	0.37462	2.10215	4.59020e-05
8.19908e+04	1.16089e-02	1.25997e-04	1.47988	1.54850	4.59020e-05
8.21150e+04	1.16090e-02	3.87114e-04	3.68779	6.25052	4.59020e-05
8.22392e+04	1.16082e-02	7.60616e-04	3.66959	0.52337	4.59020e-05
8.23635e+04	1.16080e-02	4.20929e-04	4.22250	0.51830	4.59020e-05
8.24877e+04	1.16086e-02	1.79929e-04	0.09431	5.17484	4.59020e-05
8.26119e+04	1.16113e-02	6.77332e-04	0.99980	4.80212	4.59020e-05
8.27361e+04	1.16087e-02	6.87387e-04	1.24731	5.07542	4.59020e-05
8.28604e+04	1.16080e-02	3.84081e-04	0.92007	5.91594	4.59020e-05
8.29846e+04	1.16078e-02	9.36835e-04	4.52735	2.89164	4.59020e-05
8.31088e+04	1.16089e-02	1.08909e-03	3.97523	3.94272	4.59020e-05
8.32331e+04	1.16106e-02	3.18673e-04	3.12227	5.30554	4.59020e-05
8.33573e+04	1.16085e-02	9.19763e-04	0.90110	1.73236	4.59020e-05
8.34815e+04	1.16082e-02	8.42229e-04	0.53216	2.59818	4.59020e-05
8.36057e+04	1.16085e-02	1.31064e-04	3.01865	0.59272	4.59020e-05
8.37300e+04	1.16090e-02	4.79179e-04	3.84682	0.31384	4.59020e-05
8.38542e+04	1.16083e-02	8.52691e-04	3.69665	0.94240	4.59020e-05
8.39784e+04	1.16080e-02	3.05571e-04	3.83914	1.26541	4.59020e-05
8.41027e+04	1.16086e-02	4.16997e-04	0.34879	5.23082	4.59020e-05
8.42269e+04	1.16116e-02	6.78874e-04	0.52217	5.51393	4.59020e-05
8.43511e+04	1.16088e-02	5.22721e-04	1.15306	5.34919	4.59020e-05
8.44753e+04	1.16080e-02	3.19260e-04	0.90663	6.04460	4.59020e-05
8.45996e+04	1.16079e-02	9.50941e-04	4.16693	3.30447	4.59020e-05
8.47238e+04	1.16089e-02	1.10005e-03	3.51707	4.40098	4.59020e-05
8.48480e+04	1.16095e-02	3.78981e-04	2.28512	6.07334	4.59020e-05
8.49723e+04	1.16083e-02	1.03992e-03	0.26061	2.25927	4.59020e-05
8.50965e+04	1.16085e-02	7.98903e-04	6.01269	3.22065	4.59020e-05
8.52207e+04	1.16093e-02	2.09384e-04	2.60966	0.77907	4.59020e-05
8.53449e+04	1.16090e-02	4.90605e-04	3.11457	0.76571	4.59020e-05
8.54692e+04	1.16079e-02	9.43950e-04	2.92359	1.38570	4.59020e-05
8.55934e+04	1.16078e-02	2.84475e-04	2.52998	2.19831	4.59020e-05
8.57176e+04	1.16088e-02	6.39895e-04	5.83390	5.59629	4.59020e-05
8.58419e+04	1.16115e-02	8.12102e-04	5.32226	0.24552	4.59020e-05
8.59661e+04	1.16085e-02	3.43549e-04	0.50974	5.46641	4.59020e-05
8.60903e+04	1.16081e-02	3.68043e-04	0.38750	6.07466	4.59020e-05
8.62145e+04	1.16083e-02	8.77125e-04	3.14471	3.71748	4.59020e-05
8.63388e+04	1.16092e-02	1.10331e-03	2.42353	4.84831	4.59020e-05
8.64630e+04	1.16081e-02	4.50365e-04	1.08495	0.30287	4.59020e-05
8.65872e+04	1.16080e-02	1.16852e-03	5.24576	2.82567	4.59020e-05
8.67115e+04	1.16087e-02	7.88232e-04	4.57004	3.90151	4.59020e-05
8.68357e+04	1.16123e-02	2.11369e-04	0.28374	2.29706	4.59020e-05
8.69599e+04	1.16087e-02	4.60236e-04	1.71554	1.33219	4.59020e-05
8.70841e+04	1.16079e-02	9.55873e-04	1.59969	1.83290	4.59020e-05
8.72084e+04	1.16082e-02	3.56897e-04	0.82759	2.99762	4.59020e-05
8.73326e+04	1.16090e-02	8.30752e-04	4.48523	6.00574	4.59020e-05
8.74568e+04	1.16084e-02	1.09160e-03	3.48658	1.10952	4.59020e-05
8.75811e+04	1.16081e-02	2.18786e-04	6.06429	5.19777	4.59020e-05
8.77053e+04	1.16087e-02	5.45519e-04	5.42233	0.00587	4.59020e-05
8.78295e+04	1.16116e-02	5.88719e-04	1.39189	4.41899	4.59020e-05
8.79537e+04	1.16088e-02	1.11066e-03	0.90337	5.28039	4.59020e-05
8.80780e+04	1.16079e-02	5.15230e-04	5.71183	0.85319	4.59020e-05
8.82022e+04	1.16081e-02	1.30959e-03	3.55680	3.37707	4.59020e-05
8.83264e+04	1.16089e-02	8.21901e-04	2.68655	4.62545	4.59020e-05
8.84507e+04	1.16088e-02	1.33358e-04	3.93179	3.82079	4.59020e-05
8.85749e+04	1.16081e-02	3.80664e-04	5.96713	2.15587	4.59020e-05
8.86991e+04	1.16085e-02	9.30624e-04	6.19622	2.29865	4.59020e-05
8.88233e+04	1.16114e-02	7.00651e-04	5.42962	3.42882	4.59020e-05
8.89476e+04	1.16087e-02	9.71007e-04	2.81341	0.13379	4.59020e-05
8.90718e+04	1.16079e-02	1.32369e-03	1.64800	1.66047	4.59020e-05
8.91960e+04	1.16080e-02	2.46369e-04	5.26852	4.69267	4.59020e-05
8.93203e+04	1.16091e-02	7.22762e-04	3.81848	0.29071	4.59020e-05
8.94445e+04	1.16088e-02	1.18720e-04	4.32187	0.15342	4.59020e-05
8.95687e+04	1.16082e-02	1.07463e-03	5.39287	5.72792	4.59020e-05
8.96929e+04	1.16086e-02	6.20759e-04	3.93548	1.26150	4.59020e-05
8.98172e+04	1.16110e-02	1.27748e-03	1.52454	4.03610	4.59020e-05
8.99414e+04	1.16088e-02	9.12306e-04	0.58027	5.33660	4.59020e-05
9.00656e+04	1.16078e-02	1.35745e-04	2.98749	3.36407	4.59020e-05
9.01899e+04	1.16079e-02	4.05423e-04	3.49409	3.21227	4.59020e-05
9.03141e+04	1.16089e-02	8.42321e-04	4.31669	2.75241	4.59020e-05
9.04383e+04	1.16089e-02	1.21014e-03	3.37150	4.05523	4.59020e-05
9.05625e+04	1.16083e-02	1.00537e-03	0.95220	0.54756	4.59020e-05
9.06868e+04	1.16086e-02	1.52477e-03	5.94761	2.19457	4.59020e-05
9.08110e+04	1.16109e-02	4.02242e-04	4.38241	4.11292	4.59020e-05
9.09352e+04	1.16090e-02	8.89301e-04	2.03070	0.61266	4.59020e-05
9.10595e+04	1.16078e-02	3.19542e-04	1.28544	1.71114	4.59020e-05
9.11837e+04	1.16081e-02	1.04114e-03	3.46083	6.17890	4.59020e-05
9.13079e+04	1.16089e-02	6.72359e-04	2.02485	1.68563	4.59020e-05
9.14321e+04	1.16089e-02	9.17494e-04	5.57463	4.77636	4.59020e-05
9.15564e+04	1.16081e-02	1.02389e-03	4.70719	5.99911	4.59020e-05
9.16806e+04	1.16085e-02	1.66959e-04	1.80540	3.04088	4.59020e-05
9.18048e+04	1.16109e-02	5.15614e-04	0.76136	4.44395	4.59020e-05
9.19291e+04	1.16087e-02	6.91121e-04	2.32280	3.23587	4.59020e-05
9.20533e+04	1.16080e-02	1.27821e-03	1.39396	4.52536	4.59020e-05
9.21775e+04	1.16079e-02	9.41193e-04	5.29100	0.98014	4.59020e-05
9.23017e+04	1.16091e-02	1.64116e-03	3.92276	2.70639	4.59020e-05
9.24260e+04	1.16088e-02	1.01326e-03	2.78114	4.27288	4.59020e-05
9.25502e+04	1.16083e-02	9.95614e-04	0.11184	1.01413	4.59020e-05
9.26744e+04	1.16086e-02	5.83097e-04	5.34286	2.42562	4.59020e-05
9.27987e+04	1.16110e-02	8.65515e-04	1.27603	0.56336	4.59020e-05
9.29229e+04	1.16089e-02	6.86705e-04	0.08166	2.11924	4.59020e-05
9.30471e+04	1.16078e-02	8.48719e-04	3.50221	5.33571	4.59020e-05
9.31713e+04	1.16080e-02	1.16522e-03	2.59394	0.31978	4.59020e-05
9.32956e+04	1.16089e-02	2.55711e-04	0.19157	3.14756	4.59020e-05
9.34198e+04	1.16090e-02	7.38593e-04	4.25748	5.72440	4.59020e-05
9.35440e+04	1.16082e-02	4.72669e-04	0.25603	3.80232	4.59020e-05
9.36682e+04	1.16086e-02	1.25242e-03	5.67299	5.02639	4.59020e-05
9.37925e+04	1.16109e-02	7.16096e-04	3.58222	1.19612	4.59020e-05
9.39167e+04	1.16089e-02	1.65364e-03	1.92847	3.20638	4.59020e-05
9.40409e+04	1.16078e-02	1.23390e-03	0.80006	4.76712	4.59020e-05
9.41652e+04	1.16081e-02	1.04031e-03	4.45706	1.46723	4.59020e-05
9.42894e+04	1.16089e-02	7.83165e-04	3.33814	2.94968	4.59020e-05
9.44136e+04	1.16089e-02	4.25721e-04	4.87334	1.77768	4.59020e-05
9.45378e+04	1.16082e-02	6.76981e-04	4.43191	2.58028	4.59020e-05
9.46621e+04	1.16085e-02	7.19285e-04	1.49298	5.88438	4.59020e-05
9.47863e+04	1.16111e-02	1.31617e-03	0.39820	1.05516	4.59020e-05
9.49105e+04	1.16087e-02	3.35928e-04	4.75723	3.41556	4.59020e-05
9.50348e+04	1.16080e-02	8.16414e-04	2.31367	6.22069	4.59020e-05
9.51590e+04	1.16079e-02	2.56635e-04	4.15176	4.74980	4.59020e-05
9.52832e+04	1.16090e-02	1.13584e-03	3.73954	5.52779	4.59020e-05
9.54074e+04	1.16089e-02	8.33308e-04	2.35204	0.99983	4.59020e-05
9.55317e+04	1.16082e-02	1.55411e-03	6.27481	3.72722	4.59020e-05
9.56559e+04	1.16086e-02	1.38739e-03	5.13807	5.29800	4.59020e-05
9.57801e+04	1.16108e-02	8.26069e-04	2.62589	1.89683	4.59020e-05
9.59044e+04	1.16089e-02	9.13610e-04	1.44964	3.43934	4.59020e-05
9.60286e+04	1.16078e-02	3.13660e-04	2.31785	2.94473	4.59020e-05
9.61528e+04	1.16080e-02	6.37297e-04	2.60115	3.02942	4.59020e-05
9.62770e+04	1.16089e-02	5.70720e-04	5.77083	0.23275	4.59020e-05
9.64013e+04	1.16091e-02	1.34972e-03	4.48276	1.96153	4.59020e-05
9.65255e+04	1.16083e-02	3.93452e-04	3.14547	3.66862	4.59020e-05
9.66497e+04	1.16086e-02	7.90637e-04	0.46414	0.44119	4.59020e-05
9.67740e+04	1.16104e-02	2.39931e-04	0.59112	0.68496	4.59020e-05
9.68982e+04	1.16089e-02	9.49388e-04	1.88562	6.05239	4.59020e-05
9.70224e+04	1.16078e-02	8.12950e-04	0.66854	1.35984	4.59020e-05
9.71466e+04	1.16080e-02	1.39553e-03	4.37981	4.30884	4.59020e-05
9.72709e+04	1.16089e-02	1.39713e-03	3.31327	5.81967	4.59020e-05
9.73951e+04	1.16092e-02	4.93155e-04	1.58235	1.64472	4.59020e-05
9.75193e+04	1.16083e-02	9.57821e-04	5.97129	3.91666	4.59020e-05
9.76436e+04	1.16084e-02	3.74430e-04	6.01937	4.24619	4.59020e-05
9.77678e+04	1.16103e-02	5.63253e-04	0.59459	3.76991	4.59020e-05
9.78920e+04	1.16088e-02	4.27686e-04	3.74155	1.00185	4.59020e-05
9.80162e+04	1.16079e-02	1.26222e-03	2.57879	2.61705	4.59020e-05
9.81405e+04	1.16079e-02	4.33076e-04	1.66663	3.90764	4.59020e-05
9.82647e+04	1.16090e-02	7.09829e-04	5.00022	0.95690	4.59020e-05
9.83889e+04	1.16094e-02	6.30954e-04	4.22062	2.12023	4.59020e-05
9.85132e+04	1.16083e-02	7.21626e-04	0.03202	0.40868	4.59020e-05
9.86374e+04	1.16085e-02	7.41160e-04	5.29503	1.81611	4.59020e-05
9.87616e+04	1.16099e-02	1.06627e-03	2.53261	4.96142	4.59020e-05
9.88858e+04	1.16089e-02	1.29204e-03	1.59721	0.07131	4.59020e-05
9.90101e+04	1.16078e-02	4.83730e-04	0.33582	1.71708	4.59020e-05
9.91343e+04	1.16078e-02	9.38680e-04	4.29648	4.42704	4.59020e-05
9.92585e+04	1.16089e-02	5.63524e-04	4.08593	5.02589	4.59020e-05
9.93828e+04	1.16100e-02	6.70132e-04	4.34865	5.15347	4.59020e-05
9.95070e+04	1.16084e-02	3.62038e-04	1.62028	1.98950	4.59020e-05
9.96312e+04	1.16083e-02	1.11010e-03	0.74428	3.32352	4.59020e-05
9.97554e+04	1.16092e-02	4.73668e-04	0.11692	4.34291	4.59020e-05
9.98797e+04	1.16091e-02	5.93749e-04	3.35896	1.49042	4.59020e-05
1.00004e+05	1.16078e-02	7.44537e-04	2.57805	2.66574	4.59020e-05
1.00128e+05	1.16080e-02	5.58218e-04	4.36096	1.27462	4.59020e-05
1.00252e+05	1.16088e-02	5.93672e-04	3.70375	2.32761	4.59020e-05
1.00377e+05	1.16108e-02	4.62421e-04	0.62555	5.87102	4.59020e-05
1.00501e+05	1.16085e-02	1.11299e-03	6.24607	0.64408	4.59020e-05
1.00625e+05	1.16082e-02	4.99398e-04	5.31894	1.96847	4.59020e-05
1.00749e+05	1.16090e-02	7.83273e-04	2.76722	4.91330	4.59020e-05
1.00873e+05	1.16089e-02	7.36168e-04	2.46084	5.61994	4.59020e-05
1.00998e+05	1.16080e-02	7.44734e-04	2.32128	6.15703	4.59020e-05
1.01122e+05	1.16079e-02	3.86262e-04	5.84325	3.03512	4.59020e-05
1.01246e+05	1.16088e-02	1.02378e-03	5.23024	4.11681	4.59020e-05
1.01370e+05	1.16115e-02	7.71341e-04	4.76568	4.98132	4.59020e-05
1.01495e+05	1.16086e-02	4.68538e-04	1.71546	2.14897	4.59020e-05
1.01619e+05	1.16082e-02	6.91741e-04	1.07215	3.19165	4.59020e-05
1.01743e+05	1.16086e-02	5.13302e-04	2.37915	2.28830	4.59020e-05
1.01867e+05	1.16090e-02	3.98026e-04	2.08950	2.98010	4.59020e-05
1.01992e+05	1.16082e-02	2.62144e-04	4.50113	1.04390	4.59020e-05
1.02116e+05	1.16079e-02	9.11798e-04	4.62290	1.32411	4.59020e-05
1.02240e+05	1.16088e-02	4.82914e-04	4.14813	2.20383	4.59020e-05
1.02364e+05	1.16123e-02	3.61436e-04	0.82252	5.93416	4.59020e-05
1.02488e+05	1.16086e-02	8.57712e-04	1.01963	6.14161	4.59020e-05
1.02613e+05	1.16080e-02	8.33122e-04	0.56606	0.72059	4.59020e-05
1.02737e+05	1.16082e-02	5.20095e-04	4.26032	3.78397	4.59020e-05
1.02861e+05	1.16091e-02	1.01140e-03	3.54003	4.91458	4.59020e-05
1.02985e+05	1.16083e-02	8.22079e-04	3.00590	5.85592	4.59020e-05
1.03110e+05	1.16081e-02	3.53315e-04	6.21745	3.05271	4.59020e-05
1.03234e+05	1.16086e-02	5.94908e-04	5.90716	3.77149	4.59020e-05
1.03358e+05	1.16120e-02	7.02392e-04	0.19461	3.61042	4.59020e-05
1.03482e+05	1.16088e-02	2.39252e-04	0.19457	4.02249	4.59020e-05
1.03607e+05	1.16079e-02	4.29895e-04	2.65830	2.03853	4.59020e-05
1.03731e+05	1.16080e-02	7.36679e-04	2.99128	2.11803	4.59020e-05
1.03855e+05	1.16090e-02	4.16797e-04	3.07159	2.44854	4.59020e-05
1.03979e+05	1.16088e-02	2.01766e-04	3.28522	2.64862	4.59020e-05
1.04103e+05	1.16082e-02	9.04999e-04	5.98406	0.36099	4.59020e-05
1.04228e+05	1.16086e-02	1.02108e-03	5.31884	1.44054	4.59020e-05
1.04352e+05	1.16105e-02	4.95214e-04	2.97778	4.26523	4.59020e-05
1.04476e+05	1.16090e-02	1.10726e-03	1.98585	5.67192	4.59020e-05
1.04600e+05	1.16078e-02	7.43636e-04	1.43042	0.36083	4.59020e-05
1.04725e+05	1.16080e-02	3.87181e-04	4.37161	4.11581	4.59020e-05
1.04849e+05	1.16088e-02	4.67934e-04	4.50043	4.40419	4.59020e-05
1.04973e+05	1.16094e-02	7.96089e-04	4.65991	4.66074	4.59020e-05
1.05097e+05	1.16083e-02	2.82199e-04	4.33026	5.40768	4.59020e-05
1.05221e+05	1.16083e-02	5.93268e-04	1.26045	2.68145	4.59020e-05
1.05346e+05	1.16096e-02	6.53913e-04	1.15612	3.20275	4.59020e-05
1.05470e+05	1.16089e-02	3.34962e-04	2.14596	2.63272	4.59020e-05
1.05594e+05	1.16080e-02	4.35567e-04	1.92982	3.26611	4.59020e-05
1.05718e+05	1.16078e-02	8.80053e-04	4.75043	0.86498	4.59020e-05
1.05843e+05	1.16089e-02	1.18872e-03	3.97794	2.05618	4.59020e-05
1.05967e+05	1.16107e-02	4.57395e-04	2.38392	4.14125	4.59020e-05
1.06091e+05	1.16085e-02	1.24118e-03	0.59056	0.07109	4.59020e-05
1.06215e+05	1.16082e-02	7.66785e-04	6.10026	1.26570	4.59020e-05
1.06340e+05	1.16088e-02	4.80146e-04	2.88190	4.90467	4.59020e-05
1.06464e+05	1.16090e-02	3.47156e-04	2.96428	5.24294	4.59020e-05
1.06588e+05	1.16080e-02	8.66733e-04	3.36853	5.26233	4.59020e-05
1.06712e+05	1.16079e-02	4.60662e-04	2.93892	6.18134	4.59020e-05
1.06836e+05	1.16088e-02	7.27729e-04	0.05372	3.20795	4.59020e-05
1.06961e+05	1.16121e-02	9.80870e-04	5.57843	4.38876	4.59020e-05
1.07085e+05	1.16086e-02	2.44340e-04	1.42898	2.67879	4.59020e-05
1.07209e+05	1.16081e-02	5.92483e-04	0.78018	3.75093	4.59020e-05
1.07333e+05	1.16082e-02	7.76678e-04	3.62253	1.33107	4.59020e-05
1.07458e+05	1.16092e-02	1.27506e-03	2.77300	2.60635	4.59020e-05
1.07582e+05	1.16083e-02	6.78018e-04	1.46952	4.40329	4.59020e-05
1.07706e+05	1.16081e-02	1.36086e-03	5.59583	0.70267	4.59020e-05
1.07830e+05	1.16086e-02	9.01131e-04	4.65315	2.06974	4.59020e-05
1.07955e+05	1.16120e-02	4.38147e-04	1.25796	5.89099	4.59020e-05
1.08079e+05	1.16088e-02	3.25202e-04	1.28417	0.00664	4.59020e-05
1.08203e+05	1.16079e-02	8.26951e-04	2.21666	5.78382	4.59020e-05
1.08327e+05	1.16080e-02	5.98855e-04	1.74098	0.47141	4.59020e-05
1.08451e+05	1.16090e-02	8.01277e-04	5.24128	3.68094	4.59020e-05
1.08576e+05	1.16089e-02	1.21707e-03	4.06035	5.29055	4.59020e-05
1.08700e+05	1.16083e-02	1.83351e-04	1.06050	2.43265	4.59020e-05
1.08824e+05	1.16086e-02	7.36240e-04	5.99691	4.20765	4.59020e-05
1.08948e+05	1.16102e-02	4.80338e-04	2.49005	1.85739	4.59020e-05
1.09073e+05	1.16090e-02	1.30646e-03	1.65950	3.11694	4.59020e-05
1.09197e+05	1.16078e-02	8.01606e-04	0.38424	4.88982	4.59020e-05
1.09321e+05	1.16080e-02	1.45934e-03	4.41157	1.28988	4.59020e-05
1.09445e+05	1.16088e-02	1.05476e-03	3.38381	2.74731	4.59020e-05
1.09569e+05	1.16100e-02	1.80981e-04	0.25480	0.02165	4.59020e-05
1.09694e+05	1.16084e-02	4.17709e-04	6.06894	0.91965	4.59020e-05
1.09818e+05	1.16082e-02	7.16579e-04	1.05933	0.07456	4.59020e-05
1.09942e+05	1.16091e-02	7.21621e-04	0.57363	1.05871	4.59020e-05
1.10066e+05	1.16089e-02	8.07105e-04	4.18504	4.16056	4.59020e-05
1.10191e+05	1.16080e-02	1.38039e-03	2.88733	5.88845	4.59020e-05
1.10315e+05	1.16079e-02	2.06952e-04	0.87234	2.04993	4.59020e-05
1.10439e+05	1.16088e-02	8.23798e-04	4.98403	4.65089	4.59020e-05
1.10563e+05	1.16115e-02	2.46950e-05	3.70180	0.08137	4.59020e-05
1.10688e+05	1.16086e-02	1.26199e-03	0.65855	3.62309	4.59020e-05
1.10812e+05	1.16081e-02	9.07578e-04	5.62512	5.37127	4.59020e-05
1.10936e+05	1.16084e-02	1.47775e-03	3.29978	1.84294	4.59020e-05
1.11060e+05	1.16089e-02	1.18545e-03	2.21825	3.35619	4.59020e-05
1.11184e+05	1.16082e-02	1.43174e-04	0.09791	5.90834	4.59020e-05
1.11309e+05	1.16080e-02	5.68221e-04	4.80706	1.62882	4.59020e-05
1.11433e+05	1.16087e-02	5.85995e-04	6.14718	0.72118	4.59020e-05
1.11557e+05	1.16122e-02	1.00000e-03	5.70766	1.66029	4.59020e-05
1.11681e+05	1.16087e-02	7.55335e-04	3.14665	4.65404	4.59020e-05
1.11806e+05	1.16080e-02	1.42316e-03	1.79559	0.15301	4.59020e-05
1.11930e+05	1.16080e-02	3.07586e-04	0.28846	2.09173	4.59020e-05
1.12054e+05	1.16091e-02	8.44919e-04	4.03296	5.06250	4.59020e-05
1.12178e+05	1.16087e-02	4.06807e-04	3.02780	0.21701	4.59020e-05
1.12303e+05	1.16082e-02	1.13586e-03	5.87928	4.14994	4.59020e-05
1.12427e+05	1.16086e-02	9.56719e-04	4.63768	5.82331	4.59020e-05
1.12551e+05	1.16105e-02	1.29400e-03	2.16734	2.44307	4.59020e-05
1.12675e+05	1.16089e-02	1.26596e-03	1.12087	3.92150	4.59020e-05
1.12799e+05	1.16078e-02	2.29016e-04	5.75995	5.99925	4.59020e-05
1.12924e+05	1.16078e-02	7.03018e-04	3.72846	2.17860	4.59020e-05
1.13048e+05	1.16089e-02	4.61059e-04	4.84457	1.49612	4.59020e-05
1.13172e+05	1.16100e-02	1.09039e-03	4.38430	2.45919	4.59020e-05
1.13296e+05	1.16084e-02	6.54524e-04	2.09995	5.17534	4.59020e-05
1.13421e+05	1.16083e-02	1.39988e-03	0.70566	0.71997	4.59020e-05
1.13545e+05	1.16090e-02	4.56166e-04	5.82685	2.31341	4.59020e-05
1.13669e+05	1.16091e-02	8.27340e-04	3.10090	5.47366	4.59020e-05
1.13793e+05	1.16079e-02	5.90265e-04	2.14370	0.58053	4.59020e-05
1.13917e+05	1.16080e-02	9.77764e-04	4.79742	4.71238	4.59020e-05
1.14042e+05	1.16088e-02	9.20744e-04	3.66349	6.27973	4.59020e-05
1.14166e+05	1.16116e-02	8.78741e-04	1.01053	3.08303	4.59020e-05
1.14290e+05	1.16086e-02	1.27829e-03	0.06655	4.46001	4.59020e-05
1.14414e+05	1.16080e-02	3.36374e-04	5.00017	6.24247	4.59020e-05
1.14539e+05	1.16085e-02	7.50551e-04	2.72452	2.66799	4.59020e-05
1.14663e+05	1.16089e-02	4.15825e-04	3.42349	2.47186	4.59020e-05
1.14787e+05	1.16083e-02	1.04316e-03	3.18813	3.14209	4.59020e-05
1.14911e+05	1.16080e-02	5.07275e-04	1.00216	5.76055	4.59020e-05
1.15036e+05	1.16087e-02	1.32838e-03	5.88027	1.31607	4.59020e-05
1.15160e+05	1.16120e-02	7.55824e-04	5.09652	2.53314	4.59020e-05
1.15284e+05	1.16088e-02	7.71921e-04	2.14645	5.91643	4.59020e-05
1.15408e+05	1.16079e-02	6.86965e-04	1.20373	1.01026	4.59020e-05
1.15532e+05	1.16081e-02	8.01258e-04	3.67634	5.32273	4.59020e-05
1.15657e+05	1.16089e-02	8.13693e-04	2.68026	0.47053	4.59020e-05
1.15781e+05	1.16088e-02	5.02775e-04	0.03246	3.55218	4.59020e-05
1.15905e+05	1.16082e-02	1.22706e-03	5.28937	5.01131	4.59020e-05
1.16029e+05	1.16085e-02	4.12078e-04	4.21025	0.24089	4.59020e-05
1.16154e+05	1.16106e-02	6.79962e-04	1.56086	3.32288	4.59020e-05
1.16278e+05	1.16088e-02	4.89385e-04	2.00371	3.38414	4.59020e-05
1.16402e+05	1.16079e-02	9.12083e-04	2.00604	3.81572	4.59020e-05
1.16526e+05	1.16078e-02	3.66530e-04	6.02260	0.23287	4.59020e-05
1.16651e+05	1.16089e-02	1.21491e-03	4.75182	1.93698	4.59020e-05
1.16775e+05	1.16099e-02	1.00396e-03	3.91650	3.20674	4.59020e-05
1.16899e+05	1.16084e-02	6.57756e-04	1.16349	0.10912	4.59020e-05
1.17023e+05	1.16084e-02	7.43428e-04	0.30305	1.47244	4.59020e-05
1.17147e+05	1.16090e-02	5.79429e-04	2.40610	6.08626	4.59020e-05
1.17272e+05	1.16090e-02	6.59301e-04	1.66446	0.97888	4.59020e-05
1.17396e+05	1.16079e-02	2.87065e-04	4.95339	4.40796	4.59020e-05
1.17520e+05	1.16078e-02	1.12052e-03	4.20572	5.58752	4.59020e-05
1.17644e+05	1.16088e-02	4.43268e-04	3.39610	0.54821	4.59020e-05
1.17769e+05	1.16117e-02	4.59827e-04	0.09609	4.28143	4.59020e-05
1.17893e+05	1.16085e-02	6.06857e-04	0.79113	4.08924	4.59020e-05
1.18017e+05	1.16081e-02	8.18984e-04	0.72290	4.59172	4.59020e-05
1.18141e+05	1.16083e-02	3.23506e-04	4.56508	1.18240	4.59020e-05
1.18265e+05	1.16092e-02	1.10018e-03	3.58318	2.59869	4.59020e-05
1.18390e+05	1.16082e-02	1.04601e-03	2.80860	3.80654	4.59020e-05
