# t	a	e	mean_anomaly	varpi	mass/M_star
0.00000e+00	1.60472e-02	1.19685e-01	5.65887	1.95192	4.36970e-05
1.24228e+02	1.60469e-02	8.05651e-02	2.19039	4.02311	4.36970e-05
2.48457e+02	1.60646e-02	4.16878e-02	3.60056	0.10907	4.36970e-05
3.72685e+02	1.60498e-02	8.90716e-02	2.02783	1.66563	4.36970e-05
4.96914e+02	1.60342e-02	1.22285e-01	1.16572	3.10324	4.36970e-05
6.21142e+02	1.60029e-02	8.71084e-02	3.68688	1.37264	4.36970e-05
7.45371e+02	1.60187e-02	1.07216e-01	5.11750	5.42939	4.36970e-05
8.69599e+02	1.59951e-02	6.59880e-02	4.40135	3.90920	4.36970e-05
9.93828e+02	1.59972e-02	8.99632e-02	4.56470	0.50089	4.36970e-05
1.11806e+03	1.60253e-02	4.16846e-02	0.28204	3.60282	4.36970e-05
1.24228e+03	1.60571e-02	4.34865e-02	0.46000	0.34787	4.36970e-05
1.36651e+03	1.60151e-02	5.38334e-02	0.68958	5.48161	4.36970e-05
1.49074e+03	1.60159e-02	9.78187e-02	3.90774	4.78534	4.36970e-05
1.61497e+03	1.60337e-02	1.93450e-02	1.85832	1.13563	4.36970e-05
1.73920e+03	1.60247e-02	8.45988e-02	5.84375	5.00708	4.36970e-05
1.86343e+03	1.59949e-02	8.67825e-02	2.53130	1.31765	4.36970e-05
1.98766e+03	1.60011e-02	3.21744e-02	6.22430	3.79589	4.36970e-05
2.11188e+03	1.59834e-02	6.32365e-02	3.83691	4.36501	4.36970e-05
2.23611e+03	1.59925e-02	9.52052e-02	6.11711	1.57815	4.36970e-05
2.36034e+03	1.60048e-02	2.01648e-02	0.79438	1.98184	4.36970e-05
2.48457e+03	1.59797e-02	4.19097e-02	2.01284	1.79159	4.36970e-05
2.60880e+03	1.60148e-02	1.01366e-01	1.42965	0.51506	4.36970e-05
2.73303e+03	1.59742e-02	5.63164e-02	2.56174	3.24546	4.36970e-05
2.85725e+03	1.59604e-02	4.61095e-03	3.83189	0.42901	4.36970e-05
2.98148e+03	1.59775e-02	3.86863e-02	2.83628	4.87488	4.36970e-05
3.10571e+03	1.59729e-02	6.42341e-02	1.27360	3.73295	4.36970e-05
3.22994e+03	1.59913e-02	1.82814e-02	6.03704	0.16657	4.36970e-05
3.35417e+03	1.59514e-02	6.12545e-02	3.80811	3.02728	4.36970e-05
3.47840e+03	1.59564e-02	1.63001e-02	4.34947	5.65931	4.36970e-05
3.60262e+03	1.59439e-02	7.24694e-02	3.14559	2.61401	4.36970e-05
3.72685e+03	1.59760e-02	8.94578e-02	3.59730	4.48486	4.36970e-05
3.85108e+03	1.59775e-02	2.86231e-02	2.86358	5.21167	4.36970e-05
3.97531e+03	1.59670e-02	7.37650e-02	2.87544	1.02663	4.36970e-05
4.09954e+03	1.59630e-02	2.05350e-02	6.21950	4.17100	4.36970e-05
4.22377e+03	1.59697e-02	4.31602e-02	3.44806	0.10872	4.36970e-05
4.34800e+03	1.59590e-02	5.60261e-02	2.50891	2.57990	4.36970e-05
4.47222e+03	1.59685e-02	7.88148e-02	3.39497	4.65749	4.36970e-05
4.59645e+03	1.59416e-02	6.23341e-02	0.16748	3.38891	4.36970e-05
4.72068e+03	1.59387e-02	7.39780e-02	3.15020	5.71055	4.36970e-05
4.84491e+03	1.59613e-02	6.20325e-02	5.48101	2.19787	4.36970e-05
4.96914e+03	1.59550e-02	4.72671e-02	1.19091	4.45793	4.36970e-05
5.09337e+03	1.59530e-02	5.94257e-02	3.10203	0.84301	4.36970e-05
5.21759e+03	1.59492e-02	4.06638e-02	3.77525	4.22589	4.36970e-05
5.34182e+03	1.59291e-02	1.26082e-02	4.47237	2.60191	4.36970e-05
5.46605e+03	1.59600e-02	4.96792e-02	4.78734	1.89882	4.36970e-05
5.59028e+03	1.59278e-02	6.86042e-02	2.70628	1.06295	4.36970e-05
5.71451e+03	1.59397e-02	4.57483e-02	5.34880	1.01844	4.36970e-05
5.83874e+03	1.59355e-02	5.80507e-02	5.89585	0.99059	4.36970e-05
5.96297e+03	1.59237e-02	5.13414e-02	2.17285	3.18719	4.36970e-05
6.08719e+03	1.59496e-02	2.25840e-02	0.63748	5.19042	4.36970e-05
6.21142e+03	1.59352e-02	3.23139e-02	5.42721	3.04477	4.36970e-05
6.33565e+03	1.59216e-02	5.90732e-02	2.16577	5.30018	4.36970e-05
6.45988e+03	1.59235e-02	3.57025e-02	5.54437	2.44435	4.36970e-05
6.58411e+03	1.59337e-02	4.90725e-02	2.96024	3.38328	4.36970e-05
6.70834e+03	1.59244e-02	6.84044e-02	0.89206	1.90051	4.36970e-05
6.83256e+03	1.59235e-02	6.49733e-02	4.18974	3.39927	4.36970e-05
6.95679e+03	1.59227e-02	6.29173e-02	4.41103	1.20398	4.36970e-05
7.08102e+03	1.59268e-02	4.87104e-02	3.90414	4.17092	4.36970e-05
7.20525e+03	1.59186e-02	2.34379e-02	5.27793	3.22549	4.36970e-05
7.32948e+03	1.58972e-02	3.68812e-02	3.62126	1.24698	4.36970e-05
7.45371e+03	1.59192e-02	3.86620e-02	2.66639	3.76289	4.36970e-05
7.57794e+03	1.59069e-02	1.27096e-02	5.07310	4.91714	4.36970e-05
7.70216e+03	1.59068e-02	3.09077e-02	2.68730	1.60456	4.36970e-05
7.82639e+03	1.58983e-02	1.40482e-02	0.42572	4.25739	4.36970e-05
7.95062e+03	1.59062e-02	2.31288e-03	1.42531	5.16310	4.36970e-05
8.07485e+03	1.59025e-02	1.31833e-02	0.52865	3.27182	4.36970e-05
8.19908e+03	1.58953e-02	1.90136e-02	3.22712	6.22531	4.36970e-05
8.32331e+03	1.59034e-02	3.69951e-02	0.06632	2.34421	4.36970e-05
8.44753e+03	1.59080e-02	2.42158e-02	6.14368	4.52235	4.36970e-05
8.57176e+03	1.58988e-02	4.09068e-02	5.43208	0.43390	4.36970e-05
8.69599e+03	1.59058e-02	1.92869e-02	0.79530	2.38911	4.36970e-05
8.82022e+03	1.58879e-02	3.52706e-02	4.63195	6.23386	4.36970e-05
8.94445e+03	1.58806e-02	6.10355e-03	0.47294	5.25966	4.36970e-05
9.06868e+03	1.58929e-02	1.64469e-02	3.25715	5.17066	4.36970e-05
9.19291e+03	1.58861e-02	3.90561e-02	4.45064	0.96660	4.36970e-05
9.31713e+03	1.58953e-02	2.07845e-02	1.17189	1.73862	4.36970e-05
9.44136e+03	1.58988e-02	3.71086e-02	0.51318	5.82272	4.36970e-05
9.56559e+03	1.58944e-02	2.70776e-02	6.01623	2.29551	4.36970e-05
9.68982e+03	1.58919e-02	3.39513e-02	1.97321	4.98688	4.36970e-05
9.81405e+03	1.58864e-02	3.48697e-02	0.94953	1.31931	4.36970e-05
9.93828e+03	1.58887e-02	4.16149e-02	5.82159	3.52257	4.36970e-05
1.00625e+04	1.58829e-02	2.70915e-02	0.25286	5.78830	4.36970e-05
1.01867e+04	1.58784e-02	2.41069e-02	3.99085	1.73370	4.36970e-05
1.03110e+04	1.58844e-02	2.66775e-02	4.11201	4.77537	4.36970e-05
1.04352e+04	1.58791e-02	1.86655e-02	2.73533	1.15768	4.36970e-05
1.05594e+04	1.58789e-02	2.36545e-02	0.96938	3.81099	4.36970e-05
1.06836e+04	1.58896e-02	3.30358e-02	5.24271	5.63772	4.36970e-05
1.08079e+04	1.58790e-02	2.37475e-02	0.70463	1.92221	4.36970e-05
1.09321e+04	1.58712e-02	4.28338e-03	3.93243	0.50817	4.36970e-05
1.10563e+04	1.58831e-02	2.10788e-02	2.16143	0.60553	4.36970e-05
1.11806e+04	1.58826e-02	2.53687e-02	2.72210	3.11285	4.36970e-05
1.13048e+04	1.58755e-02	1.27593e-02	0.44745	0.21579	4.36970e-05
1.14290e+04	1.58736e-02	1.04727e-02	3.94270	2.78164	4.36970e-05
1.15532e+04	1.58704e-02	2.23894e-02	0.95107	4.31486	4.36970e-05
1.16775e+04	1.58770e-02	1.07688e-02	6.26373	1.62325	4.36970e-05
1.18017e+04	1.58731e-02	1.30119e-02	2.78487	4.51255	4.36970e-05
1.19259e+04	1.58782e-02	2.71146e-02	5.11467	0.17658	4.36970e-05
1.20502e+04	1.58754e-02	2.35461e-02	1.51396	2.57375	4.36970e-05
1.21744e+04	1.58647e-02	2.10710e-02	1.25504	4.60484	4.36970e-05
1.22986e+04	1.58715e-02	8.23279e-03	3.52705	0.17674	4.36970e-05
1.24228e+04	1.58732e-02	1.47770e-02	4.12971	4.49034	4.36970e-05
1.25471e+04	1.58673e-02	2.40211e-02	0.09234	0.03572	4.36970e-05
1.26713e+04	1.58647e-02	1.17537e-02	4.25151	2.75773	4.36970e-05
1.27955e+04	1.58655e-02	2.27364e-02	0.38985	4.52818	4.36970e-05
1.29198e+04	1.58691e-02	2.13206e-02	0.72731	1.45654	4.36970e-05
1.30440e+04	1.58597e-02	1.54824e-02	1.02651	4.45374	4.36970e-05
1.31682e+04	1.58671e-02	9.24046e-03	1.82830	0.14761	4.36970e-05
1.32924e+04	1.58631e-02	5.93601e-03	0.86270	3.49042	4.36970e-05
1.34167e+04	1.58568e-02	1.10763e-02	1.67801	5.35616	4.36970e-05
1.35409e+04	1.58671e-02	8.35232e-03	2.57884	1.25471	4.36970e-05
1.36651e+04	1.58707e-02	1.98390e-02	5.95629	4.38748	4.36970e-05
1.37894e+04	1.58665e-02	5.56618e-03	3.55616	1.22446	4.36970e-05
1.39136e+04	1.58661e-02	1.76537e-02	0.58152	2.52948	4.36970e-05
1.40378e+04	1.58665e-02	8.46088e-03	5.68094	5.58429	4.36970e-05
1.41620e+04	1.58688e-02	4.66112e-03	4.73744	4.50896	4.36970e-05
1.42863e+04	1.58626e-02	1.75164e-02	3.83169	3.87125	4.36970e-05
1.44105e+04	1.58610e-02	1.29414e-02	6.20084	0.63197	4.36970e-05
1.45347e+04	1.58588e-02	1.60691e-02	1.91621	2.63796	4.36970e-05
1.46590e+04	1.58652e-02	9.59379e-03	5.81238	5.05921	4.36970e-05
1.47832e+04	1.58584e-02	1.51132e-02	4.39458	1.17215	4.36970e-05
1.49074e+04	1.58631e-02	2.02494e-02	6.06481	3.76573	4.36970e-05
1.50316e+04	1.58601e-02	2.22286e-02	4.15247	5.82168	4.36970e-05
1.51559e+04	1.58654e-02	1.66932e-02	4.18864	2.63093	4.36970e-05
1.52801e+04	1.58562e-02	1.01018e-02	5.14488	4.71553	4.36970e-05
1.54043e+04	1.58598e-02	2.42632e-02	2.95441	0.51075	4.36970e-05
1.55286e+04	1.58608e-02	1.98163e-02	3.13510	2.96758	4.36970e-05
1.56528e+04	1.58532e-02	1.63192e-02	2.40579	5.95611	4.36970e-05
1.57770e+04	1.58571e-02	1.16408e-02	4.60978	2.50454	4.36970e-05
1.59012e+04	1.58629e-02	1.37955e-02	3.38579	4.88859	4.36970e-05
1.60255e+04	1.58563e-02	1.62175e-02	0.78491	0.68050	4.36970e-05
1.61497e+04	1.58625e-02	5.86967e-03	4.99862	2.95049	4.36970e-05
1.62739e+04	1.58623e-02	2.05400e-02	3.11593	4.80369	4.36970e-05
1.63982e+04	1.58601e-02	1.76327e-02	4.87855	1.55601	4.36970e-05
1.65224e+04	1.58607e-02	1.64646e-02	1.21712	3.58605	4.36970e-05
1.66466e+04	1.58620e-02	9.16742e-03	5.55608	5.03965	4.36970e-05
1.67708e+04	1.58607e-02	1.11049e-02	1.22374	2.32597	4.36970e-05
1.68951e+04	1.58626e-02	1.76080e-02	5.08163	5.20077	4.36970e-05
1.70193e+04	1.58630e-02	1.46512e-02	1.95253	0.27126	4.36970e-05
1.71435e+04	1.58522e-02	5.52561e-03	5.58838	2.35355	4.36970e-05
1.72678e+04	1.58657e-02	5.97000e-03	5.06568	6.05863	4.36970e-05
1.73920e+04	1.58608e-02	1.14083e-02	3.91203	1.51765	4.36970e-05
1.75162e+04	1.58640e-02	1.55708e-02	5.76916	3.89409	4.36970e-05
1.76404e+04	1.58629e-02	1.56855e-02	2.68442	6.08378	4.36970e-05
1.77647e+04	1.58616e-02	1.33985e-02	0.58872	2.16088	4.36970e-05
1.78889e+04	1.58568e-02	1.14021e-02	2.71517	4.27104	4.36970e-05
1.80131e+04	1.58574e-02	3.72191e-03	5.74484	0.34896	4.36970e-05
1.81374e+04	1.58691e-02	9.21358e-03	5.59888	4.49758	4.36970e-05
1.82616e+04	1.58662e-02	5.93235e-03	2.97786	0.32812	4.36970e-05
1.83858e+04	1.58590e-02	1.00372e-02	4.33544	2.60265	4.36970e-05
1.85100e+04	1.58623e-02	1.37950e-02	1.93077	4.54071	4.36970e-05
1.86343e+04	1.58641e-02	1.49677e-02	3.54038	0.46930	4.36970e-05
1.87585e+04	1.58610e-02	9.81270e-03	4.92419	2.72220	4.36970e-05
1.88827e+04	1.58596e-02	3.12366e-03	0.45489	4.55501	4.36970e-05
1.90070e+04	1.58627e-02	4.13444e-03	5.51358	1.17629	4.36970e-05
1.91312e+04	1.58608e-02	6.74268e-03	3.32606	3.76638	4.36970e-05
1.92554e+04	1.58621e-02	4.67215e-03	4.83625	0.29571	4.36970e-05
1.93796e+04	1.58607e-02	4.02460e-03	4.85991	3.45062	4.36970e-05
1.95039e+04	1.58637e-02	1.33890e-02	1.00969	5.12814	4.36970e-05
1.96281e+04	1.58614e-02	7.74920e-03	5.63946	0.83559	4.36970e-05
1.97523e+04	1.58576e-02	1.17006e-02	5.57113	3.04772	4.36970e-05
1.98766e+04	1.58657e-02	1.07125e-02	0.22920	5.52942	4.36970e-05
2.00008e+04	1.58674e-02	8.31104e-03	0.28155	2.22141	4.36970e-05
2.01250e+04	1.58657e-02	8.03980e-03	4.67430	4.23827	4.36970e-05
2.02492e+04	1.58669e-02	1.19476e-02	0.58583	5.65921	4.36970e-05
2.03735e+04	1.58616e-02	3.43533e-03	0.37781	1.43391	4.36970e-05
2.04977e+04	1.58649e-02	2.57992e-03	4.46399	3.40241	4.36970e-05
2.06219e+04	1.58660e-02	2.68091e-03	3.85850	5.19688	4.36970e-05
2.07462e+04	1.58675e-02	2.10235e-03	4.24653	0.74027	4.36970e-05
2.08704e+04	1.58638e-02	5.46006e-03	1.56365	2.31977	4.36970e-05
2.09946e+04	1.58685e-02	3.51315e-03	5.81789	2.63388	4.36970e-05
2.11188e+04	1.58683e-02	4.21110e-03	5.95418	3.80766	4.36970e-05
2.12431e+04	1.58698e-02	3.46800e-03	5.34825	4.58959	4.36970e-05
2.13673e+04	1.58645e-02	1.25034e-03	5.66832	1.78997	4.36970e-05
2.14915e+04	1.58653e-02	1.65483e-03	2.03586	3.17928	4.36970e-05
2.16157e+04	1.58632e-02	3.54936e-03	5.52959	3.50770	4.36970e-05
2.17400e+04	1.58645e-02	4.37267e-03	0.39557	2.76802	4.36970e-05
2.18642e+04	1.58704e-02	5.98480e-03	1.01705	4.72359	4.36970e-05
2.19884e+04	1.58691e-02	5.63069e-03	5.24216	1.23731	4.36970e-05
2.21127e+04	1.58687e-02	5.37263e-03	5.10220	3.29185	4.36970e-05
2.22369e+04	1.58650e-02	5.45185e-03	3.44775	4.80034	4.36970e-05
2.23611e+04	1.58659e-02	2.85166e-03	2.85152	0.45434	4.36970e-05
2.24853e+04	1.58676e-02	3.65120e-03	2.53012	1.38454	4.36970e-05
2.26096e+04	1.58700e-02	2.89179e-03	4.56526	3.41132	4.36970e-05
2.27338e+04	1.58686e-02	3.14277e-03	2.48252	3.18600	4.36970e-05
2.28580e+04	1.58709e-02	2.93189e-03	5.50830	4.28483	4.36970e-05
2.29823e+04	1.58706e-02	3.44073e-03	3.17164	6.14981	4.36970e-05
2.31065e+04	1.58740e-02	6.32558e-04	2.22065	4.44625	4.36970e-05
2.32307e+04	1.58722e-02	2.78212e-03	5.35905	4.62765	4.36970e-05
2.33549e+04	1.58680e-02	2.46531e-03	6.15873	5.00074	4.36970e-05
2.34792e+04	1.58658e-02	3.89004e-03	3.97181	5.79464	4.36970e-05
2.36034e+04	1.58692e-02	1.62330e-03	0.89457	5.64501	4.36970e-05
2.37276e+04	1.58706e-02	3.26791e-03	0.39803	4.94058	4.36970e-05
2.38519e+04	1.58727e-02	3.64947e-03	4.73633	4.95709	4.36970e-05
2.39761e+04	1.58738e-02	2.13164e-03	0.30927	3.83453	4.36970e-05
2.41003e+04	1.58721e-02	1.64023e-03	5.43995	4.22183	4.36970e-05
2.42245e+04	1.58743e-02	3.72689e-03	5.85907	0.49277	4.36970e-05
2.43488e+04	1.58740e-02	2.02510e-03	0.83378	5.69201	4.36970e-05
2.44730e+04	1.58744e-02	4.00245e-03	0.02139	4.51603	4.36970e-05
2.45972e+04	1.58747e-02	2.16118e-03	2.95535	1.44386	4.36970e-05
2.47215e+04	1.58694e-02	3.35857e-03	3.30146	1.03057	4.36970e-05
2.48457e+04	1.58766e-02	1.75726e-03	1.19802	5.36488	4.36970e-05
2.49699e+04	1.58703e-02	6.92934e-04	2.28171	4.30977	4.36970e-05
2.50941e+04	1.58711e-02	2.62148e-03	3.83176	0.63825	4.36970e-05
2.52184e+04	1.58700e-02	3.64773e-03	5.05185	0.89148	4.36970e-05
2.53426e+04	1.58771e-02	3.52051e-03	3.01963	3.12683	4.36970e-05
2.54668e+04	1.58740e-02	2.29948e-03	2.28838	0.52219	4.36970e-05
2.55911e+04	1.58727e-02	4.13227e-03	3.33156	6.18571	4.36970e-05
2.57153e+04	1.58725e-02	3.42984e-03	4.34353	3.30729	4.36970e-05
2.58395e+04	1.58781e-02	2.33744e-03	2.67950	0.94618	4.36970e-05
2.59637e+04	1.58786e-02	7.03060e-04	0.15168	2.95002	4.36970e-05
2.60880e+04	1.58730e-02	4.54680e-03	3.15146	3.59020	4.36970e-05
2.62122e+04	1.58726e-02	3.94307e-03	1.58754	0.26191	4.36970e-05
2.63364e+04	1.58792e-02	2.64674e-03	1.09089	5.83668	4.36970e-05
2.64607e+04	1.58787e-02	3.72862e-03	0.64776	3.02151	4.36970e-05
2.65849e+04	1.58791e-02	1.94618e-03	2.50648	1.81344	4.36970e-05
2.67091e+04	1.58739e-02	3.43203e-03	3.67989	5.29901	4.36970e-05
2.68333e+04	1.58789e-02	3.00452e-03	0.34521	4.88080	4.36970e-05
2.69576e+04	1.58783e-02	4.16727e-03	3.77260	1.76266	4.36970e-05
2.70818e+04	1.58767e-02	1.75165e-03	3.05746	0.77015	4.36970e-05
2.72060e+04	1.58780e-02	3.54145e-03	1.39995	4.74460	4.36970e-05
2.73303e+04	1.58755e-02	4.00990e-03	3.14606	2.90164	4.36970e-05
2.74545e+04	1.58780e-02	2.20211e-03	3.04740	0.97990	4.36970e-05
2.75787e+04	1.58812e-02	3.63945e-03	5.69985	0.25604	4.36970e-05
2.77029e+04	1.58807e-02	3.66601e-03	1.70161	4.23325	4.36970e-05
2.78272e+04	1.58763e-02	3.39310e-03	5.65011	4.44769	4.36970e-05
2.79514e+04	1.58801e-02	1.89525e-03	4.43345	1.47905	4.36970e-05
2.80756e+04	1.58759e-02	2.77006e-03	4.42735	1.62463	4.36970e-05
2.81999e+04	1.58747e-02	2.53327e-03	3.74864	0.72278	4.36970e-05
2.83241e+04	1.58775e-02	1.73236e-03	1.87061	5.14672	4.36970e-05
2.84483e+04	1.58812e-02	4.83293e-03	2.33434	5.10246	4.36970e-05
2.85725e+04	1.58770e-02	3.26475e-03	0.06390	5.93717	4.36970e-05
2.86968e+04	1.58805e-02	2.06182e-03	6.20793	2.72158	4.36970e-05
2.88210e+04	1.58823e-02	4.64153e-03	5.90646	3.96699	4.36970e-05
2.89452e+04	1.58779e-02	3.42879e-03	4.55093	4.59979	4.36970e-05
2.90695e+04	1.58784e-02	1.75034e-03	2.15615	4.50277	4.36970e-05
2.91937e+04	1.58814e-02	8.18450e-04	4.51211	3.92921	4.36970e-05
2.93179e+04	1.58781e-02	2.93541e-03	4.61258	3.72729	4.36970e-05
2.94421e+04	1.58828e-02	5.19981e-03	1.72128	4.71320	4.36970e-05
2.95664e+04	1.58831e-02	4.19751e-03	3.18070	5.99598	4.36970e-05
2.96906e+04	1.58796e-02	2.54004e-03	3.34732	0.62877	4.36970e-05
2.98148e+04	1.58811e-02	1.71193e-03	2.03819	1.47399	4.36970e-05
2.99391e+04	1.58814e-02	3.91407e-03	5.43810	2.18551	4.36970e-05
3.00633e+04	1.58791e-02	4.25337e-03	6.10895	3.80777	4.36970e-05
3.01875e+04	1.58846e-02	5.49242e-03	5.14643	5.40402	4.36970e-05
3.03117e+04	1.58850e-02	3.13501e-03	2.42683	0.90906	4.36970e-05
3.04360e+04	1.58826e-02	3.57155e-03	4.26888	2.80755	4.36970e-05
3.05602e+04	1.58782e-02	3.49025e-03	4.70283	4.60162	4.36970e-05
3.06844e+04	1.58806e-02	2.10246e-03	3.57558	0.18888	4.36970e-05
3.08087e+04	1.58815e-02	1.15751e-03	0.03827	3.07003	4.36970e-05
3.09329e+04	1.58782e-02	2.34375e-03	1.08848	6.10975	4.36970e-05
3.10571e+04	1.58796e-02	3.79255e-03	1.25166	2.22343	4.36970e-05
3.11813e+04	1.58847e-02	4.60798e-03	6.22902	4.74757	4.36970e-05
3.13056e+04	1.58839e-02	3.10094e-03	3.00645	1.34506	4.36970e-05
3.14298e+04	1.58795e-02	2.97339e-03	3.88749	5.07065	4.36970e-05
3.15540e+04	1.58854e-02	3.18860e-03	4.22947	1.75908	4.36970e-05
3.16783e+04	1.58847e-02	1.86541e-03	3.41622	4.47751	4.36970e-05
3.18025e+04	1.58830e-02	1.88500e-03	4.97472	3.48808	4.36970e-05
3.19267e+04	1.58859e-02	4.04978e-03	0.96345	0.66499	4.36970e-05
3.20509e+04	1.58837e-02	9.93388e-04	1.76865	4.22977	4.36970e-05
3.21752e+04	1.58840e-02	2.88765e-03	0.03570	2.88602	4.36970e-05
3.22994e+04	1.58834e-02	1.24379e-03	2.98922	1.94458	4.36970e-05
3.24236e+04	1.58834e-02	4.19156e-03	0.16003	5.50339	4.36970e-05
3.25479e+04	1.58820e-02	8.27098e-04	5.56845	6.06974	4.36970e-05
3.26721e+04	1.58856e-02	4.56162e-03	0.89548	2.90831	4.36970e-05
3.27963e+04	1.58842e-02	2.27538e-03	5.48073	1.90793	4.36970e-05
3.29205e+04	1.58858e-02	1.74203e-03	3.41849	0.33071	4.36970e-05
3.30448e+04	1.58813e-02	2.53294e-03	5.25574	6.19658	4.36970e-05
3.31690e+04	1.58828e-02	3.37031e-03	5.46420	0.09636	4.36970e-05
3.32932e+04	1.58842e-02	1.14840e-03	0.15142	4.82038	4.36970e-05
3.34175e+04	1.58854e-02	4.62940e-03	4.84271	4.77145	4.36970e-05
3.35417e+04	1.58859e-02	2.62585e-03	1.41124	5.61490	4.36970e-05
3.36659e+04	1.58826e-02	1.80751e-03	4.11621	5.58999	4.36970e-05
3.37901e+04	1.58817e-02	1.91047e-03	5.86541	5.68129	4.36970e-05
3.39144e+04	1.58817e-02	1.02429e-03	0.83238	5.37016	4.36970e-05
3.40386e+04	1.58825e-02	2.23052e-03	0.51301	5.65964	4.36970e-05
3.41628e+04	1.58859e-02	4.46981e-03	4.89019	0.47455	4.36970e-05
3.42871e+04	1.58830e-02	4.65928e-03	1.95103	1.67492	4.36970e-05
3.44113e+04	1.58851e-02	3.69677e-03	4.29947	3.04021	4.36970e-05
3.45355e+04	1.58861e-02	3.54050e-03	6.16106	4.06005	4.36970e-05
3.46597e+04	1.58850e-02	3.15239e-03	0.33461	5.62403	4.36970e-05
3.47840e+04	1.58875e-02	4.27658e-03	0.08836	0.83554	4.36970e-05
3.49082e+04	1.58834e-02	3.42411e-03	5.29358	2.46737	4.36970e-05
3.50324e+04	1.58836e-02	5.55459e-03	3.49482	4.14409	4.36970e-05
3.51567e+04	1.58855e-02	4.17474e-03	0.61821	6.22672	4.36970e-05
3.52809e+04	1.58855e-02	3.09370e-03	3.57888	1.77811	4.36970e-05
3.54051e+04	1.58866e-02	2.20244e-03	5.05630	4.25661	4.36970e-05
3.55293e+04	1.58834e-02	2.75186e-03	5.17332	1.14559	4.36970e-05
3.56536e+04	1.58829e-02	3.24838e-03	5.13132	3.87773	4.36970e-05
3.57778e+04	1.58883e-02	5.48042e-03	5.22689	5.99671	4.36970e-05
3.59020e+04	1.58882e-02	3.83427e-03	4.43900	2.10611	4.36970e-05
3.60262e+04	1.58820e-02	2.94857e-03	2.39539	5.06057	4.36970e-05
3.61505e+04	1.58837e-02	1.91708e-03	4.89702	2.86921	4.36970e-05
3.62747e+04	1.58822e-02	3.89296e-03	1.81345	5.73196	4.36970e-05
3.63989e+04	1.58884e-02	1.47185e-03	4.48305	2.49229	4.36970e-05
3.65232e+04	1.58880e-02	3.69572e-03	5.12282	0.69481	4.36970e-05
3.66474e+04	1.58824e-02	3.87203e-03	6.27756	4.00207	4.36970e-05
3.67716e+04	1.58859e-02	2.73905e-03	0.50689	1.23377	4.36970e-05
3.68958e+04	1.58897e-02	2.96377e-03	6.08332	5.70928	4.36970e-05
3.70201e+04	1.58867e-02	2.81396e-03	5.59418	3.13707	4.36970e-05
3.71443e+04	1.58863e-02	3.00927e-03	3.61614	1.47523	4.36970e-05
3.72685e+04	1.58878e-02	2.91189e-03	2.15745	5.21704	4.36970e-05
3.73928e+04	1.58855e-02	1.85813e-03	4.97567	4.44913	4.36970e-05
3.75170e+04	1.58882e-02	4.75364e-03	2.54039	2.12624	4.36970e-05
3.76412e+04	1.58887e-02	1.24136e-03	5.26821	0.46048	4.36970e-05
3.77654e+04	1.58842e-02	3.39923e-03	1.18751	5.44703	4.36970e-05
3.78897e+04	1.58852e-02	2.52652e-03	2.97835	4.25116	4.36970e-05
3.80139e+04	1.58883e-02	3.00072e-03	4.69155	2.56268	4.36970e-05
3.81381e+04	1.58896e-02	4.55762e-03	5.24330	1.78741	4.36970e-05
3.82624e+04	1.58843e-02	1.10387e-03	0.57831	6.11989	4.36970e-05
3.83866e+04	1.58866e-02	4.50681e-03	5.92927	6.21408	4.36970e-05
3.85108e+04	1.58848e-02	2.68256e-03	5.16759	5.94436	4.36970e-05
3.86350e+04	1.58890e-02	4.19771e-03	5.57701	4.36466	4.36970e-05
3.87593e+04	1.58861e-02	3.27073e-03	4.37789	3.96873	4.36970e-05
3.88835e+04	1.58891e-02	2.75143e-03	2.68677	3.80845	4.36970e-05
3.90077e+04	1.58842e-02	1.32988e-03	1.94196	2.67081	4.36970e-05
3.91320e+04	1.58846e-02	3.89372e-03	5.93762	2.64762	4.36970e-05
3.92562e+04	1.58839e-02	4.97803e-03	2.99244	3.17569	4.36970e-05
3.93804e+04	1.58870e-02	2.07587e-03	0.68934	3.00565	4.36970e-05
3.95046e+04	1.58886e-02	3.61875e-03	4.68128	2.38838	4.36970e-05
3.96289e+04	1.58844e-02	3.84894e-03	1.55944	2.60665	4.36970e-05
3.97531e+04	1.58868e-02	4.12128e-03	4.59971	2.79463	4.36970e-05
3.98773e+04	1.58846e-02	3.62971e-03	0.42785	3.56763	4.36970e-05
4.00016e+04	1.58892e-02	1.04974e-03	2.91942	4.09330	4.36970e-05
4.01258e+04	1.58838e-02	1.83439e-03	0.43764	3.08372	4.36970e-05
4.02500e+04	1.58857e-02	3.56768e-03	1.84309	4.28003	4.36970e-05
4.03742e+04	1.58883e-02	3.02006e-03	3.68988	5.10101	4.36970e-05
4.04985e+04	1.58854e-02	3.30510e-03	5.13583	5.97065	4.36970e-05
4.06227e+04	1.58904e-02	4.34569e-03	0.50971	0.50465	4.36970e-05
4.07469e+04	1.58873e-02	4.15050e-03	1.62765	1.64126	4.36970e-05
4.08712e+04	1.58840e-02	3.41099e-03	2.79079	2.70019	4.36970e-05
4.09954e+04	1.58833e-02	1.55397e-03	4.28700	3.47528	4.36970e-05
4.11196e+04	1.58849e-02	2.52245e-03	5.83252	3.89226	4.36970e-05
4.12438e+04	1.58859e-02	3.33344e-03	0.55869	5.07901	4.36970e-05
4.13681e+04	1.58881e-02	3.13993e-03	1.11743	0.17436	4.36970e-05
4.14923e+04	1.58894e-02	2.73376e-03	1.90818	1.40604	4.36970e-05
4.16165e+04	1.58886e-02	2.18198e-03	3.02714	2.28985	4.36970e-05
4.17408e+04	1.58853e-02	3.55250e-03	3.63230	3.59794	4.36970e-05
4.18650e+04	1.58848e-02	4.19902e-03	4.12697	5.14100	4.36970e-05
4.19892e+04	1.58888e-02	4.41396e-03	4.34995	0.47759	4.36970e-05
4.21134e+04	1.58890e-02	4.34105e-03	4.65920	2.21586	4.36970e-05
4.22377e+04	1.58887e-02	3.70911e-03	4.88694	3.87743	4.36970e-05
4.23619e+04	1.58898e-02	3.44024e-03	5.27509	5.53256	4.36970e-05
4.24861e+04	1.58882e-02	2.97448e-03	5.70433	0.82941	4.36970e-05
4.26104e+04	1.58887e-02	3.16466e-03	6.02707	2.57663	4.36970e-05
4.27346e+04	1.58881e-02	2.91554e-03	0.07459	4.33579	4.36970e-05
4.28588e+04	1.58873e-02	3.38488e-03	0.06770	0.11008	4.36970e-05
4.29830e+04	1.58879e-02	3.43340e-03	0.26794	2.17218	4.36970e-05
4.31073e+04	1.58861e-02	3.82088e-03	0.23044	4.29387	4.36970e-05
4.32315e+04	1.58869e-02	4.25856e-03	0.53892	0.20104	4.36970e-05
4.33557e+04	1.58856e-02	4.13726e-03	0.62000	2.32588	4.36970e-05
4.34800e+04	1.58853e-02	4.62140e-03	0.90238	4.55851	4.36970e-05
4.36042e+04	1.58840e-02	4.54605e-03	1.08106	0.48164	4.36970e-05
4.37284e+04	1.58843e-02	4.70145e-03	1.53082	2.69221	4.36970e-05
4.38526e+04	1.58829e-02	4.51958e-03	1.83529	4.93332	4.36970e-05
4.39769e+04	1.58835e-02	4.20215e-03	2.37617	1.00220	4.36970e-05
4.41011e+04	1.58835e-02	3.58184e-03	2.64947	3.41904	4.36970e-05
4.42253e+04	1.58833e-02	4.17264e-03	3.14619	5.99146	4.36970e-05
4.43496e+04	1.58858e-02	3.99242e-03	3.57577	2.17217	4.36970e-05
4.44738e+04	1.58867e-02	4.78021e-03	4.39929	4.56847	4.36970e-05
4.45980e+04	1.58890e-02	4.48728e-03	5.16857	0.66666	4.36970e-05
4.47222e+04	1.58894e-02	4.32439e-03	6.08107	3.16471	4.36970e-05
4.48465e+04	1.58871e-02	3.68004e-03	0.51625	5.81835	4.36970e-05
4.49707e+04	1.58857e-02	3.90024e-03	1.53921	2.21119	4.36970e-05
4.50949e+04	1.58891e-02	3.34490e-03	2.36369	4.92083	4.36970e-05
4.52192e+04	1.58886e-02	3.97745e-03	3.84782	1.07060	4.36970e-05
4.53434e+04	1.58856e-02	3.21643e-03	4.97145	3.76206	4.36970e-05
4.54676e+04	1.58841e-02	2.87245e-03	0.16487	0.10308	4.36970e-05
4.55918e+04	1.58839e-02	2.40127e-03	1.31556	3.06021	4.36970e-05
4.57161e+04	1.58868e-02	2.59093e-03	2.95989	5.83504	4.36970e-05
4.58403e+04	1.58882e-02	2.46662e-03	4.39717	2.42818	4.36970e-05
4.59645e+04	1.58855e-02	2.22150e-03	6.19296	5.30971	4.36970e-05
4.60888e+04	1.58887e-02	2.23080e-03	1.25371	2.25471	4.36970e-05
4.62130e+04	1.58842e-02	2.71257e-03	3.09423	5.35061	4.36970e-05
4.63372e+04	1.58839e-02	3.56093e-03	5.05460	1.99298	4.36970e-05
4.64614e+04	1.58884e-02	3.90004e-03	1.15405	4.81773	4.36970e-05
4.65857e+04	1.58869e-02	3.94161e-03	3.61946	1.23609	4.36970e-05
4.67099e+04	1.58880e-02	4.40083e-03	6.08992	4.26498	4.36970e-05
4.68341e+04	1.58826e-02	4.56864e-03	2.35703	0.83869	4.36970e-05
4.69584e+04	1.58880e-02	4.71054e-03	5.28380	3.69278	4.36970e-05
4.70826e+04	1.58865e-02	3.10010e-03	1.88029	0.24482	4.36970e-05
4.72068e+04	1.58869e-02	2.48472e-03	4.95805	3.25942	4.36970e-05
4.73310e+04	1.58839e-02	2.06156e-03	1.28892	0.41285	4.36970e-05
4.74553e+04	1.58889e-02	2.13449e-03	4.60448	3.40362	4.36970e-05
4.75795e+04	1.58885e-02	2.90705e-03	1.15255	0.60448	4.36970e-05
4.77037e+04	1.58828e-02	3.09324e-03	4.52792	3.90724	4.36970e-05
4.78280e+04	1.58889e-02	4.34420e-03	1.80286	0.64702	4.36970e-05
4.79522e+04	1.58878e-02	4.94428e-03	5.95621	3.43536	4.36970e-05
4.80764e+04	1.58847e-02	4.06146e-03	3.67608	0.11122	4.36970e-05
4.82006e+04	1.58855e-02	3.57735e-03	1.47165	3.25072	4.36970e-05
4.83249e+04	1.58841e-02	2.82109e-03	5.48240	0.21056	4.36970e-05
4.84491e+04	1.58879e-02	2.31572e-03	3.72978	3.17250	4.36970e-05
4.85733e+04	1.58883e-02	2.60603e-03	1.25806	0.59538	4.36970e-05
4.86976e+04	1.58839e-02	3.06424e-03	5.68616	4.03501	4.36970e-05
4.88218e+04	1.58887e-02	4.09587e-03	4.37574	0.61444	4.36970e-05
4.89460e+04	1.58830e-02	4.30937e-03	3.12794	3.70629	4.36970e-05
4.90702e+04	1.58870e-02	2.93168e-03	1.73362	0.66868	4.36970e-05
4.91945e+04	1.58830e-02	3.15710e-03	0.70652	3.81486	4.36970e-05
4.93187e+04	1.58861e-02	3.56708e-03	5.88774	0.80893	4.36970e-05
4.94429e+04	1.58828e-02	2.72219e-03	5.08497	4.01414	4.36970e-05
4.95672e+04	1.58881e-02	3.03978e-03	4.30791	0.98775	4.36970e-05
4.96914e+04	1.58841e-02	3.74112e-03	3.64437	4.41206	4.36970e-05
4.98156e+04	1.58882e-02	2.73440e-03	3.23527	1.24572	4.36970e-05
4.99398e+04	1.58866e-02	2.57779e-03	2.94221	4.55761	4.36970e-05
5.00641e+04	1.58849e-02	4.00331e-03	2.54138	1.72134	4.36970e-05
5.01883e+04	1.58877e-02	4.35734e-03	2.75688	4.78296	4.36970e-05
5.03125e+04	1.58828e-02	4.02430e-03	3.22541	1.38685	4.36970e-05
5.04367e+04	1.58885e-02	1.85836e-03	3.60336	4.62027	4.36970e-05
5.05610e+04	1.58883e-02	2.29393e-03	3.35019	2.18730	4.36970e-05
5.06852e+04	1.58826e-02	3.54460e-03	4.00608	5.43243	4.36970e-05
5.08094e+04	1.58886e-02	3.63469e-03	4.88553	2.14162	4.36970e-05
5.09337e+04	1.58883e-02	3.82322e-03	5.67392	5.50131	4.36970e-05
5.10579e+04	1.58831e-02	3.35222e-03	0.34055	2.45655	4.36970e-05
5.11821e+04	1.58889e-02	3.57718e-03	1.57193	5.65840	4.36970e-05
5.13063e+04	1.58870e-02	3.22647e-03	2.74396	2.68565	4.36970e-05
5.14306e+04	1.58854e-02	3.21894e-03	4.19691	5.91171	4.36970e-05
5.15548e+04	1.58833e-02	2.53175e-03	5.57851	2.94539	4.36970e-05
5.16790e+04	1.58892e-02	2.92427e-03	0.77556	0.16563	4.36970e-05
5.18033e+04	1.58869e-02	3.70425e-03	2.47755	3.43528	4.36970e-05
5.19275e+04	1.58868e-02	4.32983e-03	4.72826	0.11899	4.36970e-05
5.20517e+04	1.58829e-02	3.11448e-03	0.68080	3.18089	4.36970e-05
5.21759e+04	1.58851e-02	3.16662e-03	2.69693	0.32298	4.36970e-05
5.23002e+04	1.58880e-02	3.83522e-03	5.06258	3.49685	4.36970e-05
5.24244e+04	1.58857e-02	3.30198e-03	1.33416	0.37253	4.36970e-05
5.25486e+04	1.58881e-02	2.05815e-03	3.70539	3.72598	4.36970e-05
5.26729e+04	1.58845e-02	3.22776e-03	6.08968	1.05399	4.36970e-05
5.27971e+04	1.58828e-02	4.17217e-03	2.87162	4.01757	4.36970e-05
5.29213e+04	1.58831e-02	3.36055e-03	6.03761	0.77894	4.36970e-05
5.30455e+04	1.58849e-02	3.43087e-03	2.64913	4.13033	4.36970e-05
5.31698e+04	1.58872e-02	3.84494e-03	5.92649	0.98114	4.36970e-05
5.32940e+04	1.58878e-02	2.91413e-03	2.99843	4.12528	4.36970e-05
5.34182e+04	1.58873e-02	2.78857e-03	0.07207	1.15575	4.36970e-05
5.35425e+04	1.58851e-02	3.03675e-03	3.59760	4.35006	4.36970e-05
5.36667e+04	1.58859e-02	3.26259e-03	0.89384	1.40180	4.36970e-05
5.37909e+04	1.58869e-02	3.14150e-03	4.58617	4.61095	4.36970e-05
5.39151e+04	1.58882e-02	3.92610e-03	2.27574	1.47210	4.36970e-05
5.40394e+04	1.58884e-02	3.55711e-03	0.22021	4.39972	4.36970e-05
5.41636e+04	1.58880e-02	2.81151e-03	4.21452	1.41168	4.36970e-05
5.42878e+04	1.58881e-02	4.04321e-03	2.08283	4.62353	4.36970e-05
5.44121e+04	1.58887e-02	3.39460e-03	0.57215	1.13585	4.36970e-05
5.45363e+04	1.58872e-02	1.91603e-03	4.61143	4.64731	4.36970e-05
5.46605e+04	1.58868e-02	3.58651e-03	2.65930	1.76847	4.36970e-05
5.47847e+04	1.58839e-02	3.12986e-03	1.33261	4.54365	4.36970e-05
5.49090e+04	1.58860e-02	3.20100e-03	5.89324	1.61692	4.36970e-05
5.50332e+04	1.58878e-02	3.94612e-03	4.60937	4.58999	4.36970e-05
5.51574e+04	1.58878e-02	3.27823e-03	3.42320	1.32455	4.36970e-05
5.52817e+04	1.58862e-02	3.81400e-03	2.12946	4.48781	4.36970e-05
5.54059e+04	1.58837e-02	3.61233e-03	1.27143	1.03944	4.36970e-05
5.55301e+04	1.58824e-02	1.99737e-03	0.04166	4.31335	4.36970e-05
5.56543e+04	1.58825e-02	3.39882e-03	5.10069	1.42666	4.36970e-05
5.57786e+04	1.58861e-02	3.44818e-03	4.60495	4.13347	4.36970e-05
5.59028e+04	1.58878e-02	2.04789e-03	3.65538	1.11187	4.36970e-05
5.60270e+04	1.58854e-02	3.60870e-03	2.78877	4.43378	4.36970e-05
5.61513e+04	1.58881e-02	3.27633e-03	2.41169	0.98556	4.36970e-05
5.62755e+04	1.58868e-02	3.94673e-03	1.96324	4.02193	4.36970e-05
5.63997e+04	1.58824e-02	3.94592e-03	1.86203	0.45738	4.36970e-05
5.65239e+04	1.58829e-02	2.46918e-03	1.45410	3.58128	4.36970e-05
5.66482e+04	1.58872e-02	3.90877e-03	0.94181	0.58964	4.36970e-05
5.67724e+04	1.58859e-02	3.59984e-03	1.24357	3.21689	4.36970e-05
5.68966e+04	1.58887e-02	2.76173e-03	0.82740	0.26221	4.36970e-05
5.70209e+04	1.58839e-02	2.94468e-03	0.94276	3.18533	4.36970e-05
5.71451e+04	1.58828e-02	2.47725e-03	0.73467	0.13203	4.36970e-05
5.72693e+04	1.58869e-02	4.10026e-03	0.94961	3.11075	4.36970e-05
5.73935e+04	1.58839e-02	3.12335e-03	1.52554	5.71677	4.36970e-05
5.75178e+04	1.58877e-02	3.21937e-03	1.51731	2.78361	4.36970e-05
5.76420e+04	1.58819e-02	4.05169e-03	2.11843	5.50092	4.36970e-05
5.77662e+04	1.58856e-02	3.35380e-03	2.62010	2.13100	4.36970e-05
5.78905e+04	1.58847e-02	4.16054e-03	3.18344	5.01642	4.36970e-05
5.80147e+04	1.58873e-02	2.60173e-03	4.11020	1.35568	4.36970e-05
5.81389e+04	1.58817e-02	3.13937e-03	4.20754	4.81711	4.36970e-05
5.82631e+04	1.58876e-02	3.52546e-03	5.22429	1.17477	4.36970e-05
5.83874e+04	1.58853e-02	2.92463e-03	5.83789	4.28720	4.36970e-05
5.85116e+04	1.58850e-02	3.33923e-03	0.60952	0.69134	4.36970e-05
5.86358e+04	1.58830e-02	1.93710e-03	1.34570	3.78429	4.36970e-05
5.87601e+04	1.58880e-02	3.67957e-03	1.97729	0.69956	4.36970e-05
5.88843e+04	1.58873e-02	2.99870e-03	3.36098	3.24658	4.36970e-05
5.90085e+04	1.58820e-02	3.88588e-03	4.29651	6.23691	4.36970e-05
5.91327e+04	1.58880e-02	3.62223e-03	5.78564	2.53157	4.36970e-05
5.92570e+04	1.58885e-02	3.58827e-03	0.27576	5.79746	4.36970e-05
5.93812e+04	1.58822e-02	4.35085e-03	1.86314	2.04211	4.36970e-05
5.95054e+04	1.58866e-02	3.22096e-03	3.20114	4.82115	4.36970e-05
5.96297e+04	1.58876e-02	4.11001e-03	4.71759	1.23294	4.36970e-05
5.97539e+04	1.58826e-02	2.24463e-03	6.09659	4.04773	4.36970e-05
5.98781e+04	1.58868e-02	3.45051e-03	0.88684	0.98261	4.36970e-05
6.00023e+04	1.58876e-02	2.64223e-03	2.70710	3.50767	4.36970e-05
6.01266e+04	1.58819e-02	3.47832e-03	4.07597	0.20416	4.36970e-05
6.02508e+04	1.58881e-02	3.13899e-03	6.01596	2.65428	4.36970e-05
6.03750e+04	1.58886e-02	2.58314e-03	0.73804	6.04617	4.36970e-05
6.04993e+04	1.58818e-02	3.39857e-03	2.66216	2.31876	4.36970e-05
6.06235e+04	1.58877e-02	2.66703e-03	4.27577	5.18194	4.36970e-05
6.07477e+04	1.58861e-02	4.02114e-03	6.27324	1.48746	4.36970e-05
6.08719e+04	1.58838e-02	2.48831e-03	1.78268	4.23153	4.36970e-05
6.09962e+04	1.58841e-02	3.51025e-03	3.46367	0.87321	4.36970e-05
6.11204e+04	1.58830e-02	2.80187e-03	5.22943	3.70090	4.36970e-05
6.12446e+04	1.58868e-02	4.38724e-03	0.87235	0.16560	4.36970e-05
6.13689e+04	1.58876e-02	3.30351e-03	3.15221	2.54165	4.36970e-05
6.14931e+04	1.58819e-02	3.73927e-03	5.02353	5.43931	4.36970e-05
6.16173e+04	1.58862e-02	3.37328e-03	0.96437	1.64994	4.36970e-05
6.17415e+04	1.58842e-02	3.60598e-03	2.64776	4.71269	4.36970e-05
6.18658e+04	1.58872e-02	4.07931e-03	5.02682	0.84448	4.36970e-05
6.19900e+04	1.58887e-02	3.81398e-03	0.66571	3.71330	4.36970e-05
6.21142e+04	1.58820e-02	4.04979e-03	3.15482	6.07493	4.36970e-05
6.22385e+04	1.58856e-02	2.25410e-03	5.23350	2.53984	4.36970e-05
6.23627e+04	1.58835e-02	3.32801e-03	1.09009	5.32621	4.36970e-05
6.24869e+04	1.58868e-02	2.35483e-03	3.13423	1.87465	4.36970e-05
6.26111e+04	1.58875e-02	4.01677e-03	5.53270	4.39742	4.36970e-05
6.27354e+04	1.58829e-02	2.52471e-03	1.66675	0.61576	4.36970e-05
6.28596e+04	1.58844e-02	3.16887e-03	3.80268	3.44060	4.36970e-05
6.29838e+04	1.58825e-02	1.74857e-03	6.04347	6.15541	4.36970e-05
6.31081e+04	1.58881e-02	3.29722e-03	1.74341	2.90751	4.36970e-05
6.32323e+04	1.58855e-02	2.61427e-03	4.39788	5.25213	4.36970e-05
6.33565e+04	1.58854e-02	3.70247e-03	0.37014	1.71023	4.36970e-05
6.34807e+04	1.58877e-02	2.34520e-03	3.11935	4.01157	4.36970e-05
6.36050e+04	1.58823e-02	2.96980e-03	5.07996	0.77955	4.36970e-05
6.37292e+04	1.58836e-02	2.64437e-03	1.42078	3.22627	4.36970e-05
6.38534e+04	1.58820e-02	3.77008e-03	3.62226	6.11188	4.36970e-05
6.39777e+04	1.58881e-02	3.97016e-03	0.15378	2.09437	4.36970e-05
6.41019e+04	1.58845e-02	3.71519e-03	2.47986	4.84961	4.36970e-05
6.42261e+04	1.58876e-02	3.55780e-03	5.26566	0.87162	4.36970e-05
6.43503e+04	1.58883e-02	3.19066e-03	1.06107	3.90743	4.36970e-05
6.44746e+04	1.58843e-02	3.72651e-03	3.80964	6.26167	4.36970e-05
6.45988e+04	1.58875e-02	3.81985e-03	6.13108	2.78431	4.36970e-05
6.47230e+04	1.58820e-02	4.48307e-03	2.76236	5.02611	4.36970e-05
6.48472e+04	1.58844e-02	3.18819e-03	5.30923	1.34614	4.36970e-05
6.49715e+04	1.58821e-02	3.91800e-03	1.72113	3.77670	4.36970e-05
6.50957e+04	1.58877e-02	2.50931e-03	4.17548	0.20189	4.36970e-05
6.52199e+04	1.58847e-02	4.01053e-03	0.44208	2.79320	4.36970e-05
6.53442e+04	1.58864e-02	3.14536e-03	2.99912	5.39998	4.36970e-05
6.54684e+04	1.58871e-02	4.58317e-03	5.79975	1.52211	4.36970e-05
6.55926e+04	1.58845e-02	3.10572e-03	2.20638	3.98129	4.36970e-05
6.57168e+04	1.58877e-02	4.00801e-03	4.86323	0.23104	4.36970e-05
6.58411e+04	1.58826e-02	2.47631e-03	1.14389	2.81934	4.36970e-05
6.59653e+04	1.58839e-02	3.93257e-03	3.61659	5.54212	4.36970e-05
6.60895e+04	1.58822e-02	2.89533e-03	0.05512	1.69688	4.36970e-05
6.62138e+04	1.58871e-02	4.10683e-03	2.60373	4.33168	4.36970e-05
6.63380e+04	1.58834e-02	2.95507e-03	5.61908	0.25485	4.36970e-05
6.64622e+04	1.58879e-02	3.50347e-03	1.70908	3.05275	4.36970e-05
6.65864e+04	1.58857e-02	2.45503e-03	4.64099	5.31011	4.36970e-05
6.67107e+04	1.58861e-02	3.51210e-03	0.61157	1.94585	4.36970e-05
6.68349e+04	1.58873e-02	2.79777e-03	3.58342	4.16613	4.36970e-05
6.69591e+04	1.58836e-02	3.79879e-03	6.04003	0.59162	4.36970e-05
6.70834e+04	1.58876e-02	2.86068e-03	2.85471	2.72246	4.36970e-05
6.72076e+04	1.58819e-02	3.18669e-03	5.21023	5.53004	4.36970e-05
6.73318e+04	1.58841e-02	2.56759e-03	1.88834	1.47049	4.36970e-05
6.74560e+04	1.58818e-02	3.06976e-03	4.07920	4.44598	4.36970e-05
6.75803e+04	1.58869e-02	3.43904e-03	0.75074	0.37707	4.36970e-05
6.77045e+04	1.58830e-02	3.53017e-03	3.23028	3.07367	4.36970e-05
6.78287e+04	1.58884e-02	3.76415e-03	0.01255	5.19915	4.36970e-05
6.79530e+04	1.58855e-02	2.96900e-03	2.46743	1.63526	4.36970e-05
6.80772e+04	1.58876e-02	3.06754e-03	5.39687	3.84311	4.36970e-05
6.82014e+04	1.58881e-02	2.64730e-03	1.27010	0.57188	4.36970e-05
6.83256e+04	1.58849e-02	3.26829e-03	4.21499	2.77037	4.36970e-05
6.84499e+04	1.58884e-02	3.23173e-03	0.32713	5.51987	4.36970e-05
6.85741e+04	1.58824e-02	3.83463e-03	3.35294	1.35372	4.36970e-05
6.86983e+04	1.58852e-02	2.82657e-03	5.91992	3.95374	4.36970e-05
6.88226e+04	1.58817e-02	3.32130e-03	2.53539	6.19477	4.36970e-05
6.89468e+04	1.58861e-02	1.91234e-03	4.99342	2.56175	4.36970e-05
6.90710e+04	1.58828e-02	3.18764e-03	1.35620	5.04770	4.36970e-05
6.91952e+04	1.58877e-02	2.22706e-03	3.88516	1.34166	4.36970e-05
6.93195e+04	1.58852e-02	3.81017e-03	0.36997	3.68684	4.36970e-05
6.94437e+04	1.58863e-02	2.43077e-03	3.14363	6.05358	4.36970e-05
6.95679e+04	1.58870e-02	3.53725e-03	5.81860	2.18456	4.36970e-05
6.96922e+04	1.58841e-02	1.96345e-03	2.17363	4.63958	4.36970e-05
6.98164e+04	1.58877e-02	3.11483e-03	4.66844	0.93593	4.36970e-05
6.99406e+04	1.58825e-02	2.10628e-03	0.90859	3.49593	4.36970e-05
7.00648e+04	1.58841e-02	3.67061e-03	3.47606	5.98766	4.36970e-05
7.01891e+04	1.58824e-02	2.51812e-03	6.27772	1.97565	4.36970e-05
7.03133e+04	1.58873e-02	3.33265e-03	2.47090	4.58526	4.36970e-05
7.04375e+04	1.58839e-02	2.15156e-03	5.37114	0.44996	4.36970e-05
7.05618e+04	1.58873e-02	2.89769e-03	1.26742	3.30967	4.36970e-05
7.06860e+04	1.58862e-02	2.00602e-03	4.04479	5.55761	4.36970e-05
7.08102e+04	1.58849e-02	3.30992e-03	0.08363	1.99031	4.36970e-05
7.09344e+04	1.58878e-02	2.47336e-03	2.93883	4.13804	4.36970e-05
7.10587e+04	1.58825e-02	3.40604e-03	5.41172	0.44579	4.36970e-05
7.11829e+04	1.58855e-02	2.52618e-03	2.04867	2.51848	4.36970e-05
7.13071e+04	1.58817e-02	2.85858e-03	4.23636	5.32413	4.36970e-05
7.14314e+04	1.58868e-02	2.71937e-03	0.75417	1.22343	4.36970e-05
7.15556e+04	1.58832e-02	3.00747e-03	2.87387	4.07621	4.36970e-05
7.16798e+04	1.58880e-02	3.31881e-03	5.74762	6.18201	4.36970e-05
7.18040e+04	1.58869e-02	3.30716e-03	1.76446	2.59362	4.36970e-05
7.19283e+04	1.58862e-02	3.52882e-03	4.68519	4.63469	4.36970e-05
7.20525e+04	1.58886e-02	2.83549e-03	0.60500	1.08369	4.36970e-05
7.21767e+04	1.58826e-02	3.11679e-03	3.40390	3.22409	4.36970e-05
7.23010e+04	1.58841e-02	2.24475e-03	5.47865	6.07468	4.36970e-05
7.24252e+04	1.58818e-02	3.25691e-03	1.94587	1.95743	4.36970e-05
7.25494e+04	1.58875e-02	2.34377e-03	4.32582	4.49309	4.36970e-05
7.26736e+04	1.58844e-02	3.76994e-03	0.70805	0.48762	4.36970e-05
7.27979e+04	1.58867e-02	2.33719e-03	3.25526	2.84100	4.36970e-05
7.29221e+04	1.58870e-02	3.47932e-03	5.73954	5.23130	4.36970e-05
7.30463e+04	1.58837e-02	1.90064e-03	1.89314	1.39601	4.36970e-05
7.31706e+04	1.58869e-02	3.06404e-03	4.19564	3.95557	4.36970e-05
7.32948e+04	1.58822e-02	2.10175e-03	0.24378	0.20337	4.36970e-05
7.34190e+04	1.58866e-02	3.53128e-03	2.58952	2.75488	4.36970e-05
7.35432e+04	1.58838e-02	2.62116e-03	5.29546	4.88802	4.36970e-05
7.36675e+04	1.58872e-02	3.42600e-03	1.27637	1.18541	4.36970e-05
7.37917e+04	1.58867e-02	2.18861e-03	4.04746	3.22957	4.36970e-05
7.39159e+04	1.58837e-02	2.74648e-03	6.01230	6.08921	4.36970e-05
7.40402e+04	1.58872e-02	1.95834e-03	2.24095	2.09682	4.36970e-05
7.41644e+04	1.58820e-02	3.23877e-03	4.34204	4.80174	4.36970e-05
7.42886e+04	1.58864e-02	3.32649e-03	0.82304	0.59159	4.36970e-05
7.44128e+04	1.58833e-02	3.47044e-03	3.02363	3.17160	4.36970e-05
7.45371e+04	1.58878e-02	3.40851e-03	5.74877	5.23196	4.36970e-05
7.46613e+04	1.58878e-02	2.67691e-03	1.43117	1.74221	4.36970e-05
7.47855e+04	1.58843e-02	2.91422e-03	4.02857	3.91056	4.36970e-05
7.49098e+04	1.58871e-02	2.68617e-03	5.91721	0.48441	4.36970e-05
7.50340e+04	1.58818e-02	3.45798e-03	2.32628	2.58279	4.36970e-05
7.51582e+04	1.58871e-02	2.52060e-03	4.58420	5.06121	4.36970e-05
7.52824e+04	1.58843e-02	3.74660e-03	0.76936	1.03822	4.36970e-05
7.54067e+04	1.58864e-02	2.24441e-03	3.12329	3.40658	4.36970e-05
7.55309e+04	1.58875e-02	3.35401e-03	5.42050	5.81560	4.36970e-05
7.56551e+04	1.58829e-02	1.82424e-03	1.34683	2.03338	4.36970e-05
7.57794e+04	1.58841e-02	3.20208e-03	3.45997	4.65110	4.36970e-05
7.59036e+04	1.58826e-02	2.28229e-03	5.74436	0.77776	4.36970e-05
7.60278e+04	1.58879e-02	3.68118e-03	1.60729	3.31121	4.36970e-05
7.61520e+04	1.58864e-02	2.62788e-03	4.26768	5.32779	4.36970e-05
7.62763e+04	1.58841e-02	3.16005e-03	6.28244	1.69656	4.36970e-05
7.64005e+04	1.58873e-02	2.04117e-03	2.51128	3.83760	4.36970e-05
7.65247e+04	1.58817e-02	2.76903e-03	4.26701	0.45518	4.36970e-05
7.66490e+04	1.58874e-02	2.95060e-03	0.51975	2.59667	4.36970e-05
7.67732e+04	1.58847e-02	3.22946e-03	2.44841	5.31344	4.36970e-05
7.68974e+04	1.58873e-02	3.53408e-03	5.02380	1.07951	4.36970e-05
7.70216e+04	1.58886e-02	3.17413e-03	0.69593	3.75079	4.36970e-05
7.71459e+04	1.58823e-02	3.45013e-03	3.23217	5.83229	4.36970e-05
7.72701e+04	1.58847e-02	2.00601e-03	5.24653	2.13535	4.36970e-05
7.73943e+04	1.58830e-02	3.00266e-03	1.22585	4.52213	4.36970e-05
7.75186e+04	1.58870e-02	2.01713e-03	3.14740	0.90492	4.36970e-05
7.76428e+04	1.58872e-02	3.73304e-03	5.47415	3.17387	4.36970e-05
7.77670e+04	1.58831e-02	2.60008e-03	1.41532	5.52594	4.36970e-05
7.78912e+04	1.58840e-02	3.66321e-03	3.56626	1.67083	4.36970e-05
7.80155e+04	1.58829e-02	2.17193e-03	5.89122	3.91390	4.36970e-05
7.81397e+04	1.58875e-02	2.97057e-03	1.41280	0.42672	4.36970e-05
7.82639e+04	1.58869e-02	1.91525e-03	3.77838	2.61977	4.36970e-05
7.83882e+04	1.58833e-02	3.14960e-03	5.54190	5.39823	4.36970e-05
7.85124e+04	1.58846e-02	2.74278e-03	1.68137	1.24238	4.36970e-05
7.86366e+04	1.58821e-02	3.55893e-03	3.62086	3.83656	4.36970e-05
7.87608e+04	1.58883e-02	3.48546e-03	6.11834	5.87390	4.36970e-05
7.88851e+04	1.58877e-02	2.74150e-03	1.58580	2.36216	4.36970e-05
7.90093e+04	1.58841e-02	2.97291e-03	3.98174	4.52872	4.36970e-05
7.91335e+04	1.58853e-02	2.43037e-03	5.63383	1.10760	4.36970e-05
7.92577e+04	1.58820e-02	3.37730e-03	1.72112	3.23800	4.36970e-05
7.93820e+04	1.58876e-02	2.37753e-03	3.72101	5.74707	4.36970e-05
7.95062e+04	1.58868e-02	3.89040e-03	5.93133	1.74636	4.36970e-05
7.96304e+04	1.58835e-02	2.43010e-03	1.84873	4.04280	4.36970e-05
7.97547e+04	1.58848e-02	3.23074e-03	3.84150	0.29219	4.36970e-05
7.98789e+04	1.58829e-02	1.82671e-03	5.88107	2.73170	4.36970e-05
8.00031e+04	1.58876e-02	3.12791e-03	1.26058	5.54437	4.36970e-05
8.01273e+04	1.58869e-02	2.32485e-03	3.56260	1.42650	4.36970e-05
8.02516e+04	1.58828e-02	3.45308e-03	5.42684	4.03247	4.36970e-05
8.03758e+04	1.58837e-02	3.04603e-03	1.54857	6.08320	4.36970e-05
8.05000e+04	1.58828e-02	3.18405e-03	3.35521	2.45617	4.36970e-05
8.06243e+04	1.58879e-02	3.00421e-03	5.72215	4.57808	4.36970e-05
8.07485e+04	1.58886e-02	2.61330e-03	0.91314	1.26679	4.36970e-05
8.08727e+04	1.58828e-02	3.18679e-03	3.20640	3.41433	4.36970e-05
8.09969e+04	1.58845e-02	2.54465e-03	4.99941	6.05554	4.36970e-05
8.11212e+04	1.58835e-02	3.74827e-03	0.98004	1.94600	4.36970e-05
8.12454e+04	1.58864e-02	2.46532e-03	2.99252	4.35849	4.36970e-05
8.13696e+04	1.58878e-02	3.58378e-03	5.13758	0.40293	4.36970e-05
8.14939e+04	1.58823e-02	1.89497e-03	0.84418	2.82760	4.36970e-05
8.16181e+04	1.58871e-02	2.95366e-03	2.40421	5.68501	4.36970e-05
8.17423e+04	1.58852e-02	2.17532e-03	4.53950	1.67460	4.36970e-05
8.18665e+04	1.58850e-02	3.55113e-03	0.06707	4.27122	4.36970e-05
8.19908e+04	1.58872e-02	2.66141e-03	2.34554	0.11870	4.36970e-05
8.21150e+04	1.58818e-02	3.37578e-03	4.17058	2.73316	4.36970e-05
8.22392e+04	1.58883e-02	3.24108e-03	0.20085	4.82005	4.36970e-05
8.23635e+04	1.58869e-02	2.59554e-03	1.70945	1.41631	4.36970e-05
8.24877e+04	1.58841e-02	3.00984e-03	3.88595	3.63180	4.36970e-05
8.26119e+04	1.58848e-02	2.76966e-03	5.49541	0.12120	4.36970e-05
8.27361e+04	1.58825e-02	3.68500e-03	1.48472	2.23192	4.36970e-05
8.28604e+04	1.58871e-02	2.49974e-03	3.42277	4.67458	4.36970e-05
8.29846e+04	1.58873e-02	3.75417e-03	5.52398	0.70859	4.36970e-05
8.31088e+04	1.58827e-02	2.09471e-03	1.24107	3.08502	4.36970e-05
8.32331e+04	1.58857e-02	2.97358e-03	2.81126	5.87685	4.36970e-05
8.33573e+04	1.58844e-02	2.11124e-03	4.80416	1.97089	4.36970e-05
8.34815e+04	1.58855e-02	3.50237e-03	0.26218	4.59011	4.36970e-05
8.36057e+04	1.58877e-02	2.60620e-03	2.44500	0.48677	4.36970e-05
8.37300e+04	1.58817e-02	3.54853e-03	4.26473	3.06879	4.36970e-05
8.38542e+04	1.58882e-02	3.36743e-03	0.25743	5.14704	4.36970e-05
8.39784e+04	1.58869e-02	2.70964e-03	1.78172	1.69496	4.36970e-05
8.41027e+04	1.58842e-02	3.00151e-03	3.91019	3.91179	4.36970e-05
8.42269e+04	1.58844e-02	2.64575e-03	5.42559	0.46294	4.36970e-05
8.43511e+04	1.58825e-02	3.62740e-03	1.35624	2.58937	4.36970e-05
8.44753e+04	1.58870e-02	2.56215e-03	3.21049	5.08173	4.36970e-05
8.45996e+04	1.58876e-02	3.88335e-03	5.31244	1.08014	4.36970e-05
8.47238e+04	1.58824e-02	2.23050e-03	1.00422	3.44180	4.36970e-05
8.48480e+04	1.58869e-02	3.01523e-03	2.53513	6.24773	4.36970e-05
8.49723e+04	1.58852e-02	2.09399e-03	4.54148	2.28852	4.36970e-05
8.50965e+04	1.58846e-02	3.38475e-03	6.18660	4.97643	4.36970e-05
8.52207e+04	1.58868e-02	2.71392e-03	2.00632	0.91661	4.36970e-05
8.53449e+04	1.58821e-02	3.66715e-03	3.82684	3.47074	4.36970e-05
8.54692e+04	1.58882e-02	3.52849e-03	6.06725	5.55355	4.36970e-05
8.55934e+04	1.58881e-02	2.87880e-03	1.29311	2.08717	4.36970e-05
8.57176e+04	1.58831e-02	3.13314e-03	3.40731	4.29389	4.36970e-05
8.58419e+04	1.58844e-02	2.35737e-03	4.94969	0.78464	4.36970e-05
8.59661e+04	1.58838e-02	3.62982e-03	0.74127	3.03229	4.36970e-05
8.60903e+04	1.58860e-02	2.69455e-03	2.57953	5.54947	4.36970e-05
8.62145e+04	1.58878e-02	3.98936e-03	4.65358	1.51238	4.36970e-05
8.63388e+04	1.58822e-02	2.35542e-03	0.28543	3.90900	4.36970e-05
8.64630e+04	1.58880e-02	3.20733e-03	1.82900	0.39510	4.36970e-05
8.65872e+04	1.58867e-02	2.11582e-03	3.89127	2.64305	4.36970e-05
8.67115e+04	1.58830e-02	3.33989e-03	5.41414	5.42755	4.36970e-05
8.68357e+04	1.58835e-02	3.11726e-03	1.28229	1.30265	4.36970e-05
8.69599e+04	1.58832e-02	3.74658e-03	3.00815	3.92514	4.36970e-05
8.70841e+04	1.58876e-02	3.65684e-03	5.21240	6.03018	4.36970e-05
8.72084e+04	1.58885e-02	3.05520e-03	0.44834	2.52958	4.36970e-05
8.73326e+04	1.58818e-02	3.36123e-03	2.56012	4.72357	4.36970e-05
8.74568e+04	1.58878e-02	2.14056e-03	4.16522	1.13492	4.36970e-05
8.75811e+04	1.58860e-02	3.77834e-03	6.07446	3.52662	4.36970e-05
8.77053e+04	1.58838e-02	2.85355e-03	1.66511	5.99707	4.36970e-05
8.78295e+04	1.58846e-02	4.04455e-03	3.59128	2.08652	4.36970e-05
8.79537e+04	1.58832e-02	2.63722e-03	5.55240	4.42633	4.36970e-05
8.80780e+04	1.58866e-02	3.43006e-03	0.88042	0.82624	4.36970e-05
8.82022e+04	1.58879e-02	2.16589e-03	2.88161	3.12498	4.36970e-05
8.83264e+04	1.58818e-02	3.45043e-03	4.38110	5.91783	4.36970e-05
8.84507e+04	1.58878e-02	3.65928e-03	0.27972	1.79244	4.36970e-05
8.85749e+04	1.58863e-02	3.71579e-03	1.91140	4.45558	4.36970e-05
8.86991e+04	1.58847e-02	3.91081e-03	4.07502	0.30156	4.36970e-05
8.88233e+04	1.58847e-02	2.97904e-03	5.71150	2.96212	4.36970e-05
8.89476e+04	1.58826e-02	3.45836e-03	1.46521	5.21419	4.36970e-05
8.90718e+04	1.58870e-02	2.23325e-03	3.04633	1.64377	4.36970e-05
8.91960e+04	1.58876e-02	3.89958e-03	4.96962	4.01049	4.36970e-05
8.93203e+04	1.58822e-02	2.84150e-03	0.53883	0.21014	4.36970e-05
8.94445e+04	1.58877e-02	4.04868e-03	2.27891	2.75998	4.36970e-05
8.95687e+04	1.58858e-02	2.91637e-03	4.42011	4.90967	4.36970e-05
8.96929e+04	1.58837e-02	3.41692e-03	6.01433	1.32247	4.36970e-05
8.98172e+04	1.58850e-02	2.61404e-03	1.72354	3.61876	4.36970e-05
8.99414e+04	1.58826e-02	3.50188e-03	3.22951	0.12064	4.36970e-05
9.00656e+04	1.58878e-02	3.73814e-03	5.37465	2.30373	4.36970e-05
9.01899e+04	1.58887e-02	3.84857e-03	0.66456	5.02308	4.36970e-05
9.03141e+04	1.58822e-02	4.20852e-03	2.84233	0.84894	4.36970e-05
9.04383e+04	1.58873e-02	2.72737e-03	4.66355	3.31554	4.36970e-05
9.05625e+04	1.58856e-02	3.71894e-03	0.20028	5.78481	4.36970e-05
9.06868e+04	1.58844e-02	2.45260e-03	1.87354	2.11457	4.36970e-05
9.08110e+04	1.58851e-02	3.90531e-03	3.67794	4.60031	4.36970e-05
9.09352e+04	1.58829e-02	2.96941e-03	5.54773	0.77569	4.36970e-05
9.10595e+04	1.58872e-02	4.25209e-03	1.02729	3.30218	4.36970e-05
9.11837e+04	1.58876e-02	2.98384e-03	3.17159	5.44382	4.36970e-05
9.13079e+04	1.58818e-02	3.54566e-03	4.73157	1.88977	4.36970e-05
9.14321e+04	1.58878e-02	3.43502e-03	0.50465	4.11931	4.36970e-05
9.15564e+04	1.58861e-02	3.36425e-03	1.95266	0.67559	4.36970e-05
9.16806e+04	1.58848e-02	3.90608e-03	4.06192	2.89890	4.36970e-05
9.18048e+04	1.58854e-02	3.65708e-03	5.71598	5.53066	4.36970e-05
9.19291e+04	1.58826e-02	4.30290e-03	1.55197	1.41785	4.36970e-05
9.20533e+04	1.58870e-02	2.79300e-03	3.37141	3.88321	4.36970e-05
9.21775e+04	1.58876e-02	3.92157e-03	5.21784	0.04359	4.36970e-05
9.23017e+04	1.58824e-02	2.47599e-03	0.66437	2.60095	4.36970e-05
9.24260e+04	1.58875e-02	3.81307e-03	2.27159	5.32476	4.36970e-05
9.25502e+04	1.58857e-02	3.11900e-03	4.31767	1.28421	4.36970e-05
9.26744e+04	1.58839e-02	4.17083e-03	6.04021	3.84942	4.36970e-05
9.27987e+04	1.58851e-02	3.34356e-03	1.87735	6.01972	4.36970e-05
9.29229e+04	1.58824e-02	3.68136e-03	3.47423	2.42529	4.36970e-05
9.30471e+04	1.58879e-02	3.54869e-03	5.54182	4.64885	4.36970e-05
9.31713e+04	1.58888e-02	3.35324e-03	0.63502	1.27767	4.36970e-05
9.32956e+04	1.58820e-02	4.10635e-03	2.78552	3.46088	4.36970e-05
9.34198e+04	1.58873e-02	3.10200e-03	4.57398	5.96145	4.36970e-05
9.35440e+04	1.58858e-02	4.44020e-03	0.22326	2.03552	4.36970e-05
9.36682e+04	1.58842e-02	2.99360e-03	2.13290	4.41712	4.36970e-05
9.37925e+04	1.58851e-02	3.83868e-03	3.88630	0.67034	4.36970e-05
9.39167e+04	1.58832e-02	2.52648e-03	5.68704	3.16148	4.36970e-05
9.40409e+04	1.58870e-02	3.84163e-03	0.99430	5.90347	4.36970e-05
9.41652e+04	1.58876e-02	3.02091e-03	3.06580	1.84319	4.36970e-05
9.42894e+04	1.58820e-02	4.07351e-03	4.73302	4.46628	4.36970e-05
9.44136e+04	1.58878e-02	4.10092e-03	0.59429	0.33058	4.36970e-05
9.45378e+04	1.58859e-02	3.45453e-03	2.20969	3.00868	4.36970e-05
9.46621e+04	1.58848e-02	3.60334e-03	4.22758	5.28238	4.36970e-05
9.47863e+04	1.58851e-02	3.04077e-03	5.72776	1.79522	4.36970e-05
9.49105e+04	1.58824e-02	3.97611e-03	1.52808	4.04613	4.36970e-05
9.50348e+04	1.58870e-02	3.00491e-03	3.30112	0.28514	4.36970e-05
9.51590e+04	1.58877e-02	4.50140e-03	5.26293	2.61838	4.36970e-05
9.52832e+04	1.58823e-02	2.90978e-03	0.92682	4.96592	4.36970e-05
9.54074e+04	1.58875e-02	3.56299e-03	2.47446	1.42940	4.36970e-05
9.55317e+04	1.58859e-02	2.56410e-03	4.51813	3.68195	4.36970e-05
9.56559e+04	1.58840e-02	3.56309e-03	6.05273	0.20415	4.36970e-05
9.57801e+04	1.58852e-02	3.16755e-03	1.83253	2.43736	4.36970e-05
9.59044e+04	1.58826e-02	3.98816e-03	3.50256	5.06583	4.36970e-05
9.60286e+04	1.58880e-02	4.07371e-03	5.66782	0.91257	4.36970e-05
9.61528e+04	1.58886e-02	3.29861e-03	0.94002	3.65760	4.36970e-05
9.62770e+04	1.58820e-02	3.68879e-03	3.00122	5.89358	4.36970e-05
9.64013e+04	1.58873e-02	2.42184e-03	4.74502	2.20730	4.36970e-05
9.65255e+04	1.58854e-02	3.92582e-03	0.26001	4.71025	4.36970e-05
9.66497e+04	1.58844e-02	3.00213e-03	2.11135	0.87446	4.36970e-05
9.67740e+04	1.58859e-02	4.22742e-03	4.00952	3.27880	4.36970e-05
9.68982e+04	1.58828e-02	2.84522e-03	5.98393	5.60303	4.36970e-05
9.70224e+04	1.58870e-02	3.50208e-03	1.26998	2.05224	4.36970e-05
9.71466e+04	1.58877e-02	2.36550e-03	3.35700	4.26636	4.36970e-05
9.72709e+04	1.58820e-02	3.36982e-03	4.82149	0.86425	4.36970e-05
9.73951e+04	1.58873e-02	3.69025e-03	0.65550	3.04870	4.36970e-05
9.75193e+04	1.58856e-02	3.68086e-03	2.30121	5.70668	4.36970e-05
9.76436e+04	1.58853e-02	3.95411e-03	4.45085	1.57927	4.36970e-05
9.77678e+04	1.58860e-02	3.02386e-03	6.09716	4.23537	4.36970e-05
9.78920e+04	1.58822e-02	3.52742e-03	1.84604	0.22504	4.36970e-05
9.80162e+04	1.58874e-02	2.13080e-03	3.56603	2.85115	4.36970e-05
9.81405e+04	1.58874e-02	3.85964e-03	5.38174	5.34244	4.36970e-05
9.82647e+04	1.58824e-02	2.76990e-03	0.99104	1.47246	4.36970e-05
9.83889e+04	1.58870e-02	3.81235e-03	2.68004	4.08958	4.36970e-05
9.85132e+04	1.58853e-02	2.83537e-03	4.86830	6.20907	4.36970e-05
9.86374e+04	1.58843e-02	3.20859e-03	0.13866	2.67854	4.36970e-05
9.87616e+04	1.58863e-02	2.34905e-03	2.18257	4.94335	4.36970e-05
9.88858e+04	1.58823e-02	3.23524e-03	3.67240	1.51910	4.36970e-05
9.90101e+04	1.58881e-02	3.59758e-03	5.81451	3.68723	4.36970e-05
9.91343e+04	1.58886e-02	3.44592e-03	1.10267	0.14237	4.36970e-05
9.92585e+04	1.58826e-02	3.93994e-03	3.29452	2.26077	4.36970e-05
9.93828e+04	1.58862e-02	2.47716e-03	5.16803	4.69657	4.36970e-05
9.95070e+04	1.58847e-02	3.35729e-03	0.68084	0.92694	4.36970e-05
9.96312e+04	1.58852e-02	2.10509e-03	2.43096	3.53144	4.36970e-05
9.97554e+04	1.58870e-02	3.58119e-03	4.25638	6.01692	4.36970e-05
9.98797e+04	1.58824e-02	2.57025e-03	6.12329	2.17931	4.36970e-05
1.00004e+05	1.58877e-02	3.75789e-03	1.53388	4.79766	4.36970e-05
1.00128e+05	1.58873e-02	2.62375e-03	3.80638	0.55652	4.36970e-05
1.00252e+05	1.58822e-02	2.97673e-03	5.28021	3.39416	4.36970e-05
1.00377e+05	1.58855e-02	2.83248e-03	1.13374	5.61313	4.36970e-05
1.00501e+05	1.58845e-02	2.95294e-03	2.56508	2.21310	4.36970e-05
1.00625e+05	1.58865e-02	3.44165e-03	4.69449	4.39757	4.36970e-05
1.00749e+05	1.58877e-02	3.28916e-03	0.02688	0.81675	4.36970e-05
1.00873e+05	1.58820e-02	3.81285e-03	2.22072	2.93673	4.36970e-05
1.00998e+05	1.58877e-02	2.21543e-03	4.12235	5.35116	4.36970e-05
1.01122e+05	1.58869e-02	3.33686e-03	5.86984	1.63655	4.36970e-05
1.01246e+05	1.58831e-02	2.00915e-03	1.39587	4.18569	4.36970e-05
1.01370e+05	1.58847e-02	3.39599e-03	3.01590	0.59927	4.36970e-05
1.01495e+05	1.58841e-02	2.59632e-03	5.03922	2.89411	4.36970e-05
1.01619e+05	1.58856e-02	3.64592e-03	0.50239	5.46688	4.36970e-05
1.01743e+05	1.58877e-02	2.48731e-03	2.69867	1.30573	4.36970e-05
1.01867e+05	1.58818e-02	2.99447e-03	4.21192	4.11086	4.36970e-05
1.01992e+05	1.58882e-02	2.97241e-03	0.09449	0.02166	4.36970e-05
1.02116e+05	1.58876e-02	2.85376e-03	1.45512	2.98175	4.36970e-05
1.02240e+05	1.58835e-02	3.50451e-03	3.62253	5.13382	4.36970e-05
1.02364e+05	1.58834e-02	2.80976e-03	5.33543	1.45821	4.36970e-05
1.02488e+05	1.58834e-02	3.72493e-03	1.17483	3.65807	4.36970e-05
1.02613e+05	1.58863e-02	2.18890e-03	3.04062	6.11153	4.36970e-05
1.02737e+05	1.58877e-02	3.29708e-03	4.91264	2.32175	4.36970e-05
1.02861e+05	1.58822e-02	1.90447e-03	0.35637	4.91427	4.36970e-05
1.02985e+05	1.58881e-02	3.36294e-03	1.90208	1.40723	4.36970e-05
1.03110e+05	1.58862e-02	2.61600e-03	4.06757	3.56518	4.36970e-05
1.03234e+05	1.58833e-02	3.51561e-03	5.77427	6.18199	4.36970e-05
1.03358e+05	1.58839e-02	2.86757e-03	1.69869	2.01451	4.36970e-05
1.03482e+05	1.58829e-02	3.01677e-03	3.24264	4.79301	4.36970e-05
1.03607e+05	1.58876e-02	2.94132e-03	5.38799	0.73120	4.36970e-05
1.03731e+05	1.58887e-02	2.96415e-03	0.45647	3.70252	4.36970e-05
1.03855e+05	1.58820e-02	3.63234e-03	2.65908	5.82526	4.36970e-05
1.03979e+05	1.58874e-02	2.61018e-03	4.47404	2.05124	4.36970e-05
1.04103e+05	1.58857e-02	3.85457e-03	0.18210	4.38678	4.36970e-05
1.04228e+05	1.58844e-02	2.34699e-03	2.08078	0.52977	4.36970e-05
1.04352e+05	1.58855e-02	3.26607e-03	3.90494	3.07391	4.36970e-05
1.04476e+05	1.58828e-02	2.02689e-03	5.64062	5.66340	4.36970e-05
1.04600e+05	1.58873e-02	3.55173e-03	0.98698	2.07590	4.36970e-05
1.04725e+05	1.58875e-02	2.60238e-03	3.12495	4.26615	4.36970e-05
1.04849e+05	1.58819e-02	3.63949e-03	4.82010	0.61416	4.36970e-05
1.04973e+05	1.58872e-02	3.47332e-03	0.74651	2.73239	4.36970e-05
1.05097e+05	1.58854e-02	2.97071e-03	2.31137	5.49425	4.36970e-05
1.05221e+05	1.58857e-02	3.09352e-03	4.42716	1.46565	4.36970e-05
1.05346e+05	1.58870e-02	2.95867e-03	5.87968	4.34143	4.36970e-05
1.05470e+05	1.58821e-02	3.71359e-03	1.75737	0.22432	4.36970e-05
1.05594e+05	1.58875e-02	2.67255e-03	3.55662	2.75472	4.36970e-05
1.05718e+05	1.58872e-02	4.04558e-03	5.57237	5.06814	4.36970e-05
1.05843e+05	1.58828e-02	2.47286e-03	1.21696	1.18602	4.36970e-05
1.05967e+05	1.58855e-02	3.28587e-03	2.86764	3.90667	4.36970e-05
1.06091e+05	1.58845e-02	2.26936e-03	4.78746	0.03302	4.36970e-05
1.06215e+05	1.58853e-02	3.61079e-03	0.15757	2.70855	4.36970e-05
1.06340e+05	1.58875e-02	2.79571e-03	2.22311	4.97414	4.36970e-05
1.06464e+05	1.58818e-02	3.86067e-03	3.97459	1.26989	4.36970e-05
1.06588e+05	1.58883e-02	3.71953e-03	6.19208	3.38186	4.36970e-05
1.06712e+05	1.58878e-02	3.09277e-03	1.47215	6.19366	4.36970e-05
1.06836e+05	1.58833e-02	3.37003e-03	3.56658	2.14522	4.36970e-05
1.06961e+05	1.58836e-02	2.63547e-03	5.11009	4.93275	4.36970e-05
1.07085e+05	1.58835e-02	3.85061e-03	0.90912	0.89843	4.36970e-05
1.07209e+05	1.58862e-02	2.87500e-03	2.72125	3.41751	4.36970e-05
1.07333e+05	1.58877e-02	4.17870e-03	4.75998	5.71229	4.36970e-05
1.07458e+05	1.58822e-02	2.56794e-03	0.39561	1.84092	4.36970e-05
1.07582e+05	1.58880e-02	3.41313e-03	1.99367	4.61745	4.36970e-05
1.07706e+05	1.58863e-02	2.42873e-03	4.04320	0.61667	4.36970e-05
1.07830e+05	1.58833e-02	3.59960e-03	5.63528	3.35680	4.36970e-05
1.07955e+05	1.58840e-02	3.26937e-03	1.47694	5.56437	4.36970e-05
1.08079e+05	1.58829e-02	3.96365e-03	3.20431	1.88727	4.36970e-05
1.08203e+05	1.58877e-02	3.83802e-03	5.39428	4.02979	4.36970e-05
1.08327e+05	1.58887e-02	3.27381e-03	0.68939	0.54497	4.36970e-05
1.08451e+05	1.58821e-02	3.59311e-03	2.80051	2.76703	4.36970e-05
1.08576e+05	1.58872e-02	2.50270e-03	4.45941	5.43930	4.36970e-05
1.08700e+05	1.58855e-02	4.06203e-03	0.12143	1.54568	4.36970e-05
1.08824e+05	1.58846e-02	3.07080e-03	1.98169	4.01874	4.36970e-05
1.08948e+05	1.58859e-02	4.24019e-03	3.95697	0.09529	4.36970e-05
1.09073e+05	1.58827e-02	2.74503e-03	5.90201	2.48346	4.36970e-05
1.09197e+05	1.58875e-02	3.60638e-03	1.26183	5.21706	4.36970e-05
1.09321e+05	1.58875e-02	2.46286e-03	3.32589	1.20440	4.36970e-05
1.09445e+05	1.58821e-02	3.67433e-03	4.87455	3.98910	4.36970e-05
1.09569e+05	1.58865e-02	3.84553e-03	0.74936	6.16539	4.36970e-05
1.09694e+05	1.58849e-02	3.90720e-03	2.45677	2.50952	4.36970e-05
1.09818e+05	1.58861e-02	3.99500e-03	4.62339	4.67878	4.36970e-05
1.09942e+05	1.58875e-02	3.28555e-03	6.28116	1.11579	4.36970e-05
1.10066e+05	1.58819e-02	3.68963e-03	2.07547	3.37238	4.36970e-05
1.10191e+05	1.58877e-02	2.47547e-03	3.75268	6.02944	4.36970e-05
1.10315e+05	1.58869e-02	4.18661e-03	5.67471	2.15952	4.36970e-05
1.10439e+05	1.58830e-02	3.12988e-03	1.29647	4.59009	4.36970e-05
1.10563e+05	1.58847e-02	4.20708e-03	3.12035	0.81808	4.36970e-05
1.10688e+05	1.58840e-02	2.93683e-03	5.23699	3.08056	4.36970e-05
1.10812e+05	1.58857e-02	3.62200e-03	0.58283	5.78640	4.36970e-05
1.10936e+05	1.58878e-02	2.51307e-03	2.60271	1.81977	4.36970e-05
1.11060e+05	1.58818e-02	3.72920e-03	4.16918	4.58738	4.36970e-05
1.11184e+05	1.58882e-02	4.01756e-03	0.05582	0.46976	4.36970e-05
1.11309e+05	1.58873e-02	3.84396e-03	1.71744	3.14538	4.36970e-05
1.11433e+05	1.58839e-02	4.14658e-03	3.89082	5.30758	4.36970e-05
1.11557e+05	1.58836e-02	2.98414e-03	5.64250	1.65261	4.36970e-05
1.11681e+05	1.58829e-02	3.68826e-03	1.36864	3.97827	4.36970e-05
1.11806e+05	1.58868e-02	2.48616e-03	3.05854	0.34090	4.36970e-05
1.11930e+05	1.58877e-02	4.17085e-03	4.98777	2.74847	4.36970e-05
1.12054e+05	1.58822e-02	3.03575e-03	0.61382	5.17484	4.36970e-05
1.12178e+05	1.58878e-02	4.07648e-03	2.34697	1.49477	4.36970e-05
1.12303e+05	1.58858e-02	3.01980e-03	4.58479	3.63737	4.36970e-05
1.12427e+05	1.58839e-02	3.45474e-03	6.17829	0.09675	4.36970e-05
1.12551e+05	1.58856e-02	2.72072e-03	1.93264	2.39549	4.36970e-05
1.12675e+05	1.58824e-02	3.63241e-03	3.49205	5.17224	4.36970e-05
1.12799e+05	1.58880e-02	3.94777e-03	5.64978	1.06693	4.36970e-05
1.12924e+05	1.58887e-02	3.78830e-03	0.99846	3.77342	4.36970e-05
1.13048e+05	1.58825e-02	4.20483e-03	3.19261	5.91577	4.36970e-05
1.13172e+05	1.58862e-02	2.74689e-03	5.10010	2.10395	4.36970e-05
1.13296e+05	1.58846e-02	3.67911e-03	0.65769	4.60091	4.36970e-05
1.13421e+05	1.58853e-02	2.49283e-03	2.39518	0.91580	4.36970e-05
1.13545e+05	1.58871e-02	4.00250e-03	4.28888	3.35964	4.36970e-05
1.13669e+05	1.58823e-02	2.94103e-03	6.19182	5.79297	4.36970e-05
1.13793e+05	1.58878e-02	4.06275e-03	1.64224	2.11332	4.36970e-05
1.13917e+05	1.58871e-02	2.92880e-03	3.93398	4.20226	4.36970e-05
1.14042e+05	1.58824e-02	3.31069e-03	5.47138	0.71824	4.36970e-05
1.14166e+05	1.58845e-02	3.09870e-03	1.28707	2.95548	4.36970e-05
1.14290e+05	1.58839e-02	3.39258e-03	2.80078	5.77854	4.36970e-05
1.14414e+05	1.58871e-02	3.82586e-03	4.94487	1.68871	4.36970e-05
1.14539e+05	1.58882e-02	3.63556e-03	0.31031	4.37762	4.36970e-05
1.14663e+05	1.58818e-02	4.15207e-03	2.54565	0.23970	4.36970e-05
1.14787e+05	1.58878e-02	2.54524e-03	4.46986	2.65160	4.36970e-05
1.14911e+05	1.58863e-02	3.64657e-03	6.23198	5.22701	4.36970e-05
1.15036e+05	1.58836e-02	2.40938e-03	1.75645	1.47252	4.36970e-05
1.15160e+05	1.58841e-02	3.81165e-03	3.49910	4.06690	4.36970e-05
1.15284e+05	1.58833e-02	2.89495e-03	5.48624	0.13386	4.36970e-05
1.15408e+05	1.58865e-02	3.95018e-03	0.95807	2.71611	4.36970e-05
1.15532e+05	1.58878e-02	2.76152e-03	3.23212	4.82338	4.36970e-05
1.15657e+05	1.58818e-02	3.22929e-03	4.75879	1.34940	4.36970e-05
1.15781e+05	1.58877e-02	3.25511e-03	0.58297	3.57876	4.36970e-05
1.15905e+05	1.58861e-02	3.13701e-03	2.07053	0.14497	4.36970e-05
1.16029e+05	1.58850e-02	3.73487e-03	4.21414	2.33866	4.36970e-05
1.16154e+05	1.58856e-02	3.32408e-03	5.91405	4.97726	4.36970e-05
1.16278e+05	1.58822e-02	3.98736e-03	1.84513	0.85954	4.36970e-05
1.16402e+05	1.58874e-02	2.37581e-03	3.75402	3.28751	4.36970e-05
1.16526e+05	1.58874e-02	3.57633e-03	5.54179	5.83711	4.36970e-05
1.16651e+05	1.58825e-02	2.19736e-03	1.09011	2.05864	4.36970e-05
1.16775e+05	1.58866e-02	3.49902e-03	2.66440	4.82081	4.36970e-05
1.16899e+05	1.58850e-02	2.81722e-03	4.79834	0.74187	4.36970e-05
1.17023e+05	1.58849e-02	3.71314e-03	0.28961	3.34777	4.36970e-05
1.17147e+05	1.58871e-02	2.71970e-03	2.48897	5.48645	4.36970e-05
1.17272e+05	1.58821e-02	3.12519e-03	4.04681	1.98165	4.36970e-05
1.17396e+05	1.58882e-02	3.17309e-03	6.16950	4.19466	4.36970e-05
1.17520e+05	1.58881e-02	2.97362e-03	1.30130	0.83454	4.36970e-05
1.17644e+05	1.58832e-02	3.68106e-03	3.47291	2.99958	4.36970e-05
1.17769e+05	1.58842e-02	2.84765e-03	5.27035	5.53960	4.36970e-05
1.17893e+05	1.58836e-02	3.83395e-03	1.10079	1.52377	4.36970e-05
1.18017e+05	1.58861e-02	2.33558e-03	3.00112	3.95962	4.36970e-05
1.18141e+05	1.58878e-02	3.42554e-03	4.83883	0.17636	4.36970e-05
1.18265e+05	1.58822e-02	2.01543e-03	0.33908	2.72872	4.36970e-05
1.18390e+05	1.58880e-02	3.42501e-03	1.88648	5.51765	4.36970e-05
