# t	a	e	mean_anomaly	varpi	mass/M_star
0.00000e+00	2.25596e-02	1.10139e-01	1.03041	3.59236	1.29620e-05
1.24228e+02	2.24430e-02	1.37235e-01	4.48759	3.16964	1.29620e-05
2.48457e+02	2.26367e-02	1.08197e-01	3.69565	0.62352	1.29620e-05
3.72685e+02	2.25191e-02	3.71262e-02	0.60934	2.09570	1.29620e-05
4.96914e+02	2.25766e-02	6.42437e-02	1.06243	4.50472	1.29620e-05
6.21142e+02	2.25674e-02	1.03822e-01	5.18443	5.81530	1.29620e-05
7.45371e+02	2.24176e-02	2.10604e-01	0.22257	4.84920	1.29620e-05
8.69599e+02	2.26178e-02	4.45241e-02	3.75142	2.09652	1.29620e-05
9.93828e+02	2.25830e-02	2.60350e-02	3.62014	1.39722	1.29620e-05
1.11806e+03	2.25513e-02	1.16192e-01	2.01290	3.06006	1.29620e-05
1.24228e+03	2.25623e-02	1.85525e-02	0.07274	3.51488	1.29620e-05
1.36651e+03	2.24579e-02	9.15533e-02	5.93441	1.81351	1.29620e-05
1.49074e+03	2.25705e-02	9.14170e-02	5.81080	4.28212	1.29620e-05
1.61497e+03	2.24533e-02	6.04835e-02	0.06710	0.12472	1.29620e-05
1.73920e+03	2.24730e-02	4.59751e-02	2.64958	0.93133	1.29620e-05
1.86343e+03	2.25408e-02	1.03648e-01	1.43594	2.61269	1.29620e-05
1.98766e+03	2.25312e-02	2.04145e-01	4.57689	3.15321	1.29620e-05
2.11188e+03	2.24816e-02	1.16649e-01	4.50732	6.04031	1.29620e-05
2.23611e+03	2.24819e-02	9.08746e-02	1.96867	3.49572	1.29620e-05
2.36034e+03	2.25687e-02	1.40697e-01	1.27460	3.68247	1.29620e-05
2.48457e+03	2.25478e-02	1.09574e-01	4.95145	5.23412	1.29620e-05
2.60880e+03	2.23848e-02	1.37824e-01	5.15673	3.20802	1.29620e-05
2.73303e+03	2.24401e-02	1.53796e-01	2.31627	2.34265	1.29620e-05
2.85725e+03	2.24524e-02	1.13046e-01	0.99087	4.96637	1.29620e-05
2.98148e+03	2.24440e-02	1.87618e-01	4.45072	1.65138	1.29620e-05
3.10571e+03	2.24878e-02	3.96295e-02	3.31990	3.20013	1.29620e-05
3.22994e+03	2.24279e-02	3.01481e-02	5.68179	0.67631	1.29620e-05
3.35417e+03	2.24109e-02	1.03191e-01	5.36756	5.60893	1.29620e-05
3.47840e+03	2.24584e-02	6.90050e-02	1.47648	0.23685	1.29620e-05
3.60262e+03	2.24431e-02	1.13843e-01	2.16059	1.06499	1.29620e-05
3.72685e+03	2.24462e-02	1.75040e-01	2.13029	3.59236	1.29620e-05
3.85108e+03	2.24788e-02	1.48876e-01	4.42393	5.73400	1.29620e-05
3.97531e+03	2.24133e-02	2.45845e-02	0.54733	3.16204	1.29620e-05
4.09954e+03	2.24676e-02	1.18474e-01	4.45800	0.04852	1.29620e-05
4.22377e+03	2.24554e-02	1.24915e-01	0.94189	4.95563	1.29620e-05
4.34800e+03	2.24585e-02	1.21912e-01	1.20644	4.34787	1.29620e-05
4.47222e+03	2.24440e-02	5.86968e-02	0.25778	2.23161	1.29620e-05
4.59645e+03	2.24642e-02	8.24311e-02	1.27611	3.67764	1.29620e-05
4.72068e+03	2.23766e-02	7.10432e-02	1.90610	4.93668	1.29620e-05
4.84491e+03	2.24490e-02	7.48376e-02	4.41590	3.74688	1.29620e-05
4.96914e+03	2.24213e-02	8.82502e-02	0.46448	6.13991	1.29620e-05
5.09337e+03	2.24052e-02	8.97790e-02	0.30419	1.01352	1.29620e-05
5.21759e+03	2.24074e-02	4.33852e-02	1.32452	3.69170	1.29620e-05
5.34182e+03	2.24317e-02	1.29804e-01	3.39134	0.10731	1.29620e-05
5.46605e+03	2.23673e-02	1.07521e-01	2.62748	3.43283	1.29620e-05
5.59028e+03	2.24055e-02	1.72684e-01	6.10389	5.08459	1.29620e-05
5.71451e+03	2.23653e-02	7.61673e-02	6.22485	3.44387	1.29620e-05
5.83874e+03	2.24614e-02	1.12521e-01	6.14180	3.86843	1.29620e-05
5.96297e+03	2.24276e-02	1.70035e-01	2.75240	3.57766	1.29620e-05
6.08719e+03	2.24271e-02	1.63676e-01	3.30124	5.85275	1.29620e-05
6.21142e+03	2.23858e-02	5.04139e-02	0.86409	5.83211	1.29620e-05
6.33565e+03	2.24159e-02	5.41241e-02	1.68039	5.53797	1.29620e-05
6.45988e+03	2.23768e-02	6.04692e-02	3.13373	1.97958	1.29620e-05
6.58411e+03	2.24140e-02	3.45472e-02	4.49303	0.19154	1.29620e-05
6.70834e+03	2.24143e-02	3.28489e-02	0.43627	3.63917	1.29620e-05
6.83256e+03	2.23896e-02	2.86372e-02	5.50052	4.17319	1.29620e-05
6.95679e+03	2.23440e-02	7.84075e-02	2.28660	4.83882	1.29620e-05
7.08102e+03	2.23849e-02	3.83644e-02	6.11971	1.10488	1.29620e-05
7.20525e+03	2.23579e-02	4.55363e-02	6.06809	6.16122	1.29620e-05
7.32948e+03	2.24072e-02	1.33296e-01	3.90426	3.58900	1.29620e-05
7.45371e+03	2.23968e-02	4.12184e-02	3.06402	3.41438	1.29620e-05
7.57794e+03	2.23621e-02	1.18453e-01	2.84533	1.97253	1.29620e-05
7.70216e+03	2.23550e-02	6.42327e-02	1.73596	4.93189	1.29620e-05
7.82639e+03	2.23397e-02	7.31255e-02	2.94042	2.90171	1.29620e-05
7.95062e+03	2.23772e-02	2.75940e-02	5.18952	1.46236	1.29620e-05
8.07485e+03	2.23757e-02	2.56805e-02	4.94156	2.71725	1.29620e-05
8.19908e+03	2.23369e-02	7.40476e-02	5.19577	6.01177	1.29620e-05
8.32331e+03	2.23820e-02	2.87782e-02	4.92107	5.58958	1.29620e-05
8.44753e+03	2.23649e-02	9.25604e-02	2.79968	5.09436	1.29620e-05
8.57176e+03	2.23987e-02	6.75354e-02	3.34555	3.28051	1.29620e-05
8.69599e+03	2.23206e-02	2.48099e-02	0.64024	0.30043	1.29620e-05
8.82022e+03	2.23422e-02	1.24443e-01	1.31012	3.48526	1.29620e-05
8.94445e+03	2.23478e-02	1.42972e-01	5.63577	1.71572	1.29620e-05
9.06868e+03	2.23564e-02	5.46361e-02	4.57351	4.02282	1.29620e-05
9.19291e+03	2.23298e-02	1.07887e-01	3.58892	4.42555	1.29620e-05
9.31713e+03	2.23044e-02	1.19687e-01	5.91803	4.88713	1.29620e-05
9.44136e+03	2.23326e-02	8.07687e-02	2.71804	0.58664	1.29620e-05
9.56559e+03	2.23350e-02	1.21770e-01	3.46768	3.87511	1.29620e-05
9.68982e+03	2.23472e-02	5.10393e-02	2.00009	2.22172	1.29620e-05
9.81405e+03	2.23272e-02	5.44823e-02	4.50748	0.90166	1.29620e-05
9.93828e+03	2.23493e-02	7.22577e-02	4.16011	5.83087	1.29620e-05
1.00625e+04	2.23491e-02	1.06541e-01	2.15954	1.29128	1.29620e-05
1.01867e+04	2.23445e-02	3.74990e-02	0.06577	4.67286	1.29620e-05
1.03110e+04	2.23322e-02	5.32230e-02	5.61312	6.15589	1.29620e-05
1.04352e+04	2.23133e-02	6.88638e-02	5.57371	2.06889	1.29620e-05
1.05594e+04	2.23271e-02	3.02118e-02	2.64694	1.80428	1.29620e-05
1.06836e+04	2.23147e-02	7.03234e-02	4.31750	1.04864	1.29620e-05
1.08079e+04	2.23297e-02	3.73058e-02	2.48027	3.23795	1.29620e-05
1.09321e+04	2.23177e-02	1.26752e-01	2.79393	4.95795	1.29620e-05
1.10563e+04	2.23139e-02	1.10296e-01	3.54062	2.17738	1.29620e-05
1.11806e+04	2.23122e-02	9.15150e-02	2.10252	5.56060	1.29620e-05
1.13048e+04	2.23009e-02	3.80349e-02	4.55100	4.22084	1.29620e-05
1.14290e+04	2.23374e-02	7.36813e-02	2.25265	2.29973	1.29620e-05
1.15532e+04	2.23520e-02	8.32440e-02	6.11060	0.55642	1.29620e-05
1.16775e+04	2.23242e-02	7.16508e-02	2.24508	0.68834	1.29620e-05
1.18017e+04	2.23021e-02	5.44575e-02	4.35952	2.71893	1.29620e-05
1.19259e+04	2.23117e-02	6.98618e-02	4.17148	3.56748	1.29620e-05
1.20502e+04	2.22928e-02	6.70365e-02	3.17239	5.85479	1.29620e-05
1.21744e+04	2.22939e-02	7.88758e-02	3.43634	0.95265	1.29620e-05
1.22986e+04	2.23322e-02	8.34145e-02	0.30630	2.30563	1.29620e-05
1.24228e+04	2.23178e-02	4.47603e-02	5.32169	2.59691	1.29620e-05
1.25471e+04	2.23313e-02	7.31239e-02	4.56036	2.14510	1.29620e-05
1.26713e+04	2.22995e-02	1.94418e-02	3.22400	4.72541	1.29620e-05
1.27955e+04	2.23050e-02	5.91820e-02	2.86545	1.14966	1.29620e-05
1.29198e+04	2.23103e-02	5.99632e-02	5.19637	4.86999	1.29620e-05
1.30440e+04	2.22948e-02	5.73833e-02	1.44565	1.90838	1.29620e-05
1.31682e+04	2.23114e-02	2.35620e-02	2.29638	1.50968	1.29620e-05
1.32924e+04	2.23201e-02	6.83508e-02	1.94362	2.15978	1.29620e-05
1.34167e+04	2.22949e-02	4.33379e-02	2.45434	2.07160	1.29620e-05
1.35409e+04	2.23033e-02	6.08958e-02	2.87813	3.98802	1.29620e-05
1.36651e+04	2.23127e-02	2.57292e-02	5.17579	5.86509	1.29620e-05
1.37894e+04	2.23098e-02	9.32049e-02	4.64774	0.29755	1.29620e-05
1.39136e+04	2.23312e-02	3.03684e-02	4.48768	5.17200	1.29620e-05
1.40378e+04	2.22819e-02	5.23748e-02	3.47268	4.25869	1.29620e-05
1.41620e+04	2.23009e-02	5.29282e-02	1.34607	1.80076	1.29620e-05
1.42863e+04	2.22948e-02	4.50379e-02	1.93665	3.66357	1.29620e-05
1.44105e+04	2.23101e-02	4.24223e-02	6.18495	5.90104	1.29620e-05
1.45347e+04	2.23018e-02	6.52641e-02	2.44208	1.36376	1.29620e-05
1.46590e+04	2.22829e-02	3.64394e-02	3.99770	2.99836	1.29620e-05
1.47832e+04	2.22933e-02	3.58459e-02	4.30092	3.71818	1.29620e-05
1.49074e+04	2.22868e-02	3.14510e-02	6.25619	2.06549	1.29620e-05
1.50316e+04	2.23037e-02	4.37450e-02	0.45915	1.97520	1.29620e-05
1.51559e+04	2.22826e-02	4.71397e-02	2.87791	0.90659	1.29620e-05
1.52801e+04	2.23144e-02	6.90780e-02	5.96795	5.04236	1.29620e-05
1.54043e+04	2.22918e-02	4.01928e-02	1.22881	2.78971	1.29620e-05
1.55286e+04	2.23056e-02	4.22532e-02	4.10219	0.19770	1.29620e-05
1.56528e+04	2.22982e-02	4.57983e-02	1.43186	2.79284	1.29620e-05
1.57770e+04	2.23117e-02	3.51180e-02	5.91155	2.68450	1.29620e-05
1.59012e+04	2.23206e-02	4.45603e-02	3.04150	4.35369	1.29620e-05
1.60255e+04	2.23198e-02	4.09780e-02	2.73537	5.92664	1.29620e-05
1.61497e+04	2.23027e-02	4.19071e-02	1.66774	4.28407	1.29620e-05
1.62739e+04	2.23042e-02	6.92128e-03	0.08064	1.01380	1.29620e-05
1.63982e+04	2.22962e-02	3.93511e-02	0.90223	4.02416	1.29620e-05
1.65224e+04	2.23065e-02	4.92584e-02	3.69146	1.67769	1.29620e-05
1.66466e+04	2.23036e-02	2.61668e-02	3.06027	4.29621	1.29620e-05
1.67708e+04	2.22968e-02	4.32575e-02	1.97243	5.45189	1.29620e-05
1.68951e+04	2.22919e-02	5.00357e-02	1.88420	2.08695	1.29620e-05
1.70193e+04	2.23058e-02	1.31703e-02	3.70281	3.35180	1.29620e-05
1.71435e+04	2.23168e-02	3.96539e-02	6.20473	2.78519	1.29620e-05
1.72678e+04	2.23094e-02	4.18327e-02	2.26429	4.02312	1.29620e-05
1.73920e+04	2.23120e-02	3.11247e-02	5.44930	1.96876	1.29620e-05
1.75162e+04	2.22908e-02	3.17707e-02	2.85292	1.37379	1.29620e-05
1.76404e+04	2.22893e-02	2.60674e-02	0.97848	3.82264	1.29620e-05
1.77647e+04	2.22955e-02	2.55415e-02	5.51328	0.38502	1.29620e-05
1.78889e+04	2.23004e-02	2.21332e-02	4.28589	0.96856	1.29620e-05
1.80131e+04	2.23050e-02	3.41508e-02	5.30181	2.46399	1.29620e-05
1.81374e+04	2.23147e-02	3.35338e-02	2.39912	2.75517	1.29620e-05
1.82616e+04	2.23122e-02	3.72369e-02	3.87318	6.14297	1.29620e-05
1.83858e+04	2.23068e-02	4.85657e-02	1.13015	1.86508	1.29620e-05
1.85100e+04	2.23132e-02	4.23246e-02	4.60209	3.84631	1.29620e-05
1.86343e+04	2.23080e-02	4.28745e-02	0.99339	5.29398	1.29620e-05
1.87585e+04	2.23173e-02	2.22832e-02	5.86652	3.17524	1.29620e-05
1.88827e+04	2.22895e-02	5.02488e-02	3.03926	5.07389	1.29620e-05
1.90070e+04	2.23109e-02	2.21488e-02	6.13518	5.68015	1.29620e-05
1.91312e+04	2.22989e-02	3.01100e-02	0.70002	0.73906	1.29620e-05
1.92554e+04	2.22988e-02	3.10873e-02	0.81647	0.74285	1.29620e-05
1.93796e+04	2.23155e-02	3.73890e-02	1.75185	2.12334	1.29620e-05
1.95039e+04	2.22975e-02	3.36322e-02	5.39424	2.35963	1.29620e-05
1.96281e+04	2.23039e-02	4.13880e-02	4.99770	1.34494	1.29620e-05
1.97523e+04	2.23109e-02	1.98899e-02	4.93890	5.91233	1.29620e-05
1.98766e+04	2.22877e-02	1.86338e-02	5.61104	3.23987	1.29620e-05
2.00008e+04	2.23151e-02	3.35573e-02	0.52537	0.57390	1.29620e-05
2.01250e+04	2.23129e-02	3.02186e-02	5.96192	3.95454	1.29620e-05
2.02492e+04	2.23013e-02	2.75660e-02	5.03718	1.15673	1.29620e-05
2.03735e+04	2.23106e-02	4.85430e-02	0.58590	2.07485	1.29620e-05
2.04977e+04	2.23069e-02	2.71544e-02	3.34775	5.65935	1.29620e-05
2.06219e+04	2.23217e-02	3.03678e-02	2.34571	1.78096	1.29620e-05
2.07462e+04	2.23145e-02	2.96035e-02	1.84592	4.61705	1.29620e-05
2.08704e+04	2.22991e-02	4.53232e-02	2.30790	5.37380	1.29620e-05
2.09946e+04	2.23114e-02	2.74444e-02	2.72745	0.74439	1.29620e-05
2.11188e+04	2.23089e-02	2.48624e-02	0.65063	1.22703	1.29620e-05
2.12431e+04	2.22956e-02	3.70131e-02	5.55660	1.61293	1.29620e-05
2.13673e+04	2.23158e-02	1.41267e-02	1.22122	2.57254	1.29620e-05
2.14915e+04	2.23224e-02	1.74743e-02	2.20865	1.95531	1.29620e-05
2.16157e+04	2.23120e-02	2.70774e-02	4.06816	1.26689	1.29620e-05
2.17400e+04	2.23102e-02	2.32789e-02	3.30870	5.07916	1.29620e-05
2.18642e+04	2.23236e-02	3.09023e-02	2.47434	2.60846	1.29620e-05
2.19884e+04	2.23168e-02	2.66367e-02	5.08377	5.17385	1.29620e-05
2.21127e+04	2.23203e-02	3.95565e-02	4.91102	1.39919	1.29620e-05
2.22369e+04	2.23065e-02	3.53302e-02	1.46177	2.61325	1.29620e-05
2.23611e+04	2.23089e-02	3.40173e-02	3.76289	4.51868	1.29620e-05
2.24853e+04	2.23129e-02	2.73365e-02	5.76112	5.82564	1.29620e-05
2.26096e+04	2.23264e-02	2.96320e-02	6.01446	1.06807	1.29620e-05
2.27338e+04	2.23163e-02	2.47071e-02	0.14819	2.21001	1.29620e-05
2.28580e+04	2.23115e-02	1.60564e-02	3.46691	3.27682	1.29620e-05
2.29823e+04	2.23203e-02	2.18472e-02	2.09511	2.77859	1.29620e-05
2.31065e+04	2.23210e-02	2.98448e-02	5.69489	2.39948	1.29620e-05
2.32307e+04	2.23185e-02	2.81113e-02	4.97818	2.52856	1.29620e-05
2.33549e+04	2.23238e-02	2.63601e-02	3.18517	2.72754	1.29620e-05
2.34792e+04	2.23265e-02	2.60197e-02	6.01108	2.95412	1.29620e-05
2.36034e+04	2.23199e-02	2.67945e-02	1.83481	2.57913	1.29620e-05
2.37276e+04	2.23101e-02	2.99661e-02	1.29917	2.28168	1.29620e-05
2.38519e+04	2.23275e-02	2.77101e-02	0.60452	1.31878	1.29620e-05
2.39761e+04	2.23186e-02	3.08838e-02	4.18510	0.46059	1.29620e-05
2.41003e+04	2.23178e-02	2.13357e-02	0.74319	5.49018	1.29620e-05
2.42245e+04	2.23205e-02	2.63060e-02	2.30282	3.64158	1.29620e-05
2.43488e+04	2.23173e-02	3.30893e-02	1.97084	2.33063	1.29620e-05
2.44730e+04	2.23105e-02	2.54210e-02	0.40946	0.56410	1.29620e-05
2.45972e+04	2.23078e-02	2.73233e-02	2.63271	5.28926	1.29620e-05
2.47215e+04	2.23276e-02	2.48535e-02	5.09683	3.48060	1.29620e-05
2.48457e+04	2.23195e-02	2.27741e-02	4.39626	2.20449	1.29620e-05
2.49699e+04	2.23188e-02	2.00598e-02	3.36519	0.17764	1.29620e-05
2.50941e+04	2.23260e-02	2.35487e-02	0.64857	4.48076	1.29620e-05
2.52184e+04	2.23166e-02	2.11432e-02	2.64011	2.61335	1.29620e-05
2.53426e+04	2.23116e-02	2.72089e-02	4.03758	0.31297	1.29620e-05
2.54668e+04	2.23259e-02	3.42676e-02	3.47624	4.34546	1.29620e-05
2.55911e+04	2.23254e-02	2.39970e-02	1.37319	2.27774	1.29620e-05
2.57153e+04	2.23207e-02	3.02436e-02	3.74253	0.38361	1.29620e-05
2.58395e+04	2.23293e-02	3.15779e-02	5.32278	4.24009	1.29620e-05
2.59637e+04	2.23205e-02	2.27387e-02	5.04184	2.09935	1.29620e-05
2.60880e+04	2.23180e-02	2.76252e-02	3.56664	6.19951	1.29620e-05
2.62122e+04	2.23284e-02	2.88851e-02	0.50464	4.10305	1.29620e-05
2.63364e+04	2.23273e-02	3.38888e-02	2.34821	2.07889	1.29620e-05
2.64607e+04	2.23323e-02	2.87141e-02	2.86730	6.21582	1.29620e-05
2.65849e+04	2.23216e-02	2.61305e-02	1.87302	4.41497	1.29620e-05
2.67091e+04	2.23320e-02	3.15742e-02	5.69078	2.53217	1.29620e-05
2.68333e+04	2.23284e-02	2.41642e-02	2.14089	0.66720	1.29620e-05
2.69576e+04	2.23197e-02	2.44137e-02	3.29712	5.21399	1.29620e-05
2.70818e+04	2.23180e-02	2.99897e-02	3.53244	3.26376	1.29620e-05
2.72060e+04	2.23249e-02	2.83416e-02	2.31064	1.19139	1.29620e-05
2.73303e+04	2.23316e-02	3.52980e-02	5.72593	5.96583	1.29620e-05
2.74545e+04	2.23248e-02	3.16691e-02	1.58171	4.47245	1.29620e-05
2.75787e+04	2.23318e-02	3.23302e-02	2.35764	3.05887	1.29620e-05
2.77029e+04	2.23278e-02	2.92236e-02	1.90729	1.73642	1.29620e-05
2.78272e+04	2.23284e-02	2.64841e-02	0.21696	0.37038	1.29620e-05
2.79514e+04	2.23244e-02	2.99890e-02	3.20841	5.80445	1.29620e-05
2.80756e+04	2.23282e-02	2.47581e-02	5.28215	4.61969	1.29620e-05
2.81999e+04	2.23318e-02	2.79469e-02	6.25646	3.54386	1.29620e-05
2.83241e+04	2.23332e-02	2.75432e-02	5.68589	2.75389	1.29620e-05
2.84483e+04	2.23313e-02	2.67977e-02	3.81239	2.18400	1.29620e-05
2.85725e+04	2.23254e-02	3.05766e-02	0.88572	1.48184	1.29620e-05
2.86968e+04	2.23310e-02	2.78540e-02	2.71648	1.20468	1.29620e-05
2.88210e+04	2.23356e-02	2.74386e-02	3.44016	0.95421	1.29620e-05
2.89452e+04	2.23333e-02	2.79798e-02	3.01313	0.94819	1.29620e-05
2.90695e+04	2.23254e-02	2.64920e-02	1.58529	0.79474	1.29620e-05
2.91937e+04	2.23286e-02	3.09256e-02	5.12509	0.93515	1.29620e-05
2.93179e+04	2.23329e-02	3.42127e-02	0.96391	1.44841	1.29620e-05
2.94421e+04	2.23353e-02	3.03891e-02	2.01626	2.02187	1.29620e-05
2.95664e+04	2.23276e-02	2.84924e-02	1.95607	2.78275	1.29620e-05
2.96906e+04	2.23325e-02	2.35441e-02	0.95725	3.53010	1.29620e-05
2.98148e+04	2.23332e-02	2.13847e-02	5.14645	4.38034	1.29620e-05
2.99391e+04	2.23338e-02	2.48873e-02	1.89044	5.44944	1.29620e-05
3.00633e+04	2.23364e-02	2.70977e-02	3.77488	0.44209	1.29620e-05
3.01875e+04	2.23321e-02	2.78104e-02	4.55294	1.95631	1.29620e-05
3.03117e+04	2.23297e-02	2.54679e-02	4.23466	3.69064	1.29620e-05
3.04360e+04	2.23355e-02	2.91149e-02	2.73615	5.67650	1.29620e-05
3.05602e+04	2.23428e-02	2.93611e-02	0.33821	1.39916	1.29620e-05
3.06844e+04	2.23262e-02	2.75967e-02	3.25081	3.58641	1.29620e-05
3.08087e+04	2.23374e-02	2.83026e-02	5.22962	5.92387	1.29620e-05
3.09329e+04	2.23379e-02	2.90983e-02	6.22188	2.10422	1.29620e-05
3.10571e+04	2.23416e-02	2.87142e-02	6.24779	4.71076	1.29620e-05
3.11813e+04	2.23372e-02	2.82634e-02	5.15515	1.35195	1.29620e-05
3.13056e+04	2.23290e-02	3.16627e-02	3.11830	4.44144	1.29620e-05
3.14298e+04	2.23393e-02	3.04321e-02	0.16992	1.38848	1.29620e-05
3.15540e+04	2.23351e-02	2.79337e-02	2.51356	4.91795	1.29620e-05
3.16783e+04	2.23311e-02	3.16357e-02	4.02279	2.21548	1.29620e-05
3.18025e+04	2.23382e-02	2.89481e-02	4.75353	5.88313	1.29620e-05
3.19267e+04	2.23363e-02	2.62956e-02	4.41977	3.65376	1.29620e-05
3.20509e+04	2.23383e-02	2.76715e-02	3.30957	1.48344	1.29620e-05
3.21752e+04	2.23418e-02	2.58061e-02	1.40755	5.85310	1.29620e-05
3.22994e+04	2.23307e-02	2.74566e-02	4.94603	4.05811	1.29620e-05
3.24236e+04	2.23395e-02	2.62714e-02	1.31228	2.41987	1.29620e-05
3.25479e+04	2.23413e-02	2.62586e-02	3.23042	0.96318	1.29620e-05
3.26721e+04	2.23401e-02	2.91851e-02	4.33301	5.97263	1.29620e-05
3.27963e+04	2.23392e-02	2.94676e-02	4.74541	4.77995	1.29620e-05
3.29205e+04	2.23316e-02	2.82274e-02	4.30208	3.87255	1.29620e-05
3.30448e+04	2.23386e-02	2.73005e-02	3.10273	3.13684	1.29620e-05
3.31690e+04	2.23409e-02	2.62501e-02	1.22295	2.54537	1.29620e-05
3.32932e+04	2.23394e-02	2.90664e-02	4.79072	2.22306	1.29620e-05
3.34175e+04	2.23352e-02	2.93760e-02	1.45070	1.96835	1.29620e-05
3.35417e+04	2.23390e-02	2.77714e-02	3.77210	1.83570	1.29620e-05
3.36659e+04	2.23359e-02	3.10294e-02	5.27710	1.95924	1.29620e-05
3.37901e+04	2.23389e-02	3.07015e-02	6.21177	2.20683	1.29620e-05
3.39144e+04	2.23356e-02	3.15225e-02	0.23611	2.59851	1.29620e-05
3.40386e+04	2.23342e-02	3.07942e-02	6.16694	3.22382	1.29620e-05
3.41628e+04	2.23334e-02	3.15502e-02	5.27180	3.93813	1.29620e-05
3.42871e+04	2.23419e-02	3.01221e-02	3.77059	4.71839	1.29620e-05
3.44113e+04	2.23330e-02	2.89225e-02	1.56588	5.81127	1.29620e-05
3.45355e+04	2.23408e-02	2.93030e-02	5.07910	0.74906	1.29620e-05
3.46597e+04	2.23393e-02	2.62498e-02	1.55458	2.29103	1.29620e-05
3.47840e+04	2.23422e-02	2.90723e-02	3.88579	3.87940	1.29620e-05
3.49082e+04	2.23347e-02	2.78596e-02	5.68187	5.58455	1.29620e-05
3.50324e+04	2.23397e-02	3.25515e-02	0.82286	1.07227	1.29620e-05
3.51567e+04	2.23415e-02	2.91689e-02	1.65569	3.03106	1.29620e-05
3.52809e+04	2.23341e-02	2.99126e-02	2.01372	5.18676	1.29620e-05
3.54051e+04	2.23373e-02	2.70771e-02	1.71914	1.24731	1.29620e-05
3.55293e+04	2.23428e-02	2.96819e-02	0.94809	3.70955	1.29620e-05
3.56536e+04	2.23393e-02	2.95361e-02	5.98565	0.08737	1.29620e-05
3.57778e+04	2.23382e-02	3.13266e-02	4.50162	2.75331	1.29620e-05
3.59020e+04	2.23327e-02	3.02060e-02	2.42970	5.65284	1.29620e-05
3.60262e+04	2.23431e-02	2.99071e-02	6.19176	2.38462	1.29620e-05
3.61505e+04	2.23423e-02	2.99840e-02	3.16805	5.62385	1.29620e-05
3.62747e+04	2.23431e-02	3.29784e-02	6.06483	2.68499	1.29620e-05
3.63989e+04	2.23355e-02	3.27185e-02	2.45507	6.06648	1.29620e-05
3.65232e+04	2.23393e-02	3.21504e-02	4.74013	3.25505	1.29620e-05
3.66474e+04	2.23375e-02	2.83300e-02	0.03404	0.82269	1.29620e-05
3.67716e+04	2.23437e-02	3.17009e-02	1.35168	4.71736	1.29620e-05
3.68958e+04	2.23444e-02	3.24647e-02	2.58725	2.29957	1.29620e-05
3.70201e+04	2.23405e-02	3.05781e-02	3.32785	0.08263	1.29620e-05
3.71443e+04	2.23318e-02	2.87388e-02	3.57270	4.38614	1.29620e-05
3.72685e+04	2.23405e-02	3.11530e-02	3.56187	2.47951	1.29620e-05
3.73928e+04	2.23453e-02	3.30718e-02	3.46067	0.55944	1.29620e-05
3.75170e+04	2.23331e-02	3.05103e-02	2.85958	5.17212	1.29620e-05
3.76412e+04	2.23405e-02	3.13235e-02	1.84872	3.71599	1.29620e-05
3.77654e+04	2.23384e-02	3.17687e-02	0.78525	2.22049	1.29620e-05
3.78897e+04	2.23429e-02	3.18983e-02	5.78414	0.78456	1.29620e-05
3.80139e+04	2.23346e-02	3.06370e-02	3.93591	5.93356	1.29620e-05
3.81381e+04	2.23410e-02	3.28536e-02	1.98036	4.82362	1.29620e-05
3.82624e+04	2.23386e-02	3.26495e-02	6.18696	3.75482	1.29620e-05
3.83866e+04	2.23435e-02	2.87636e-02	3.67337	2.91246	1.29620e-05
3.85108e+04	2.23472e-02	3.36626e-02	0.98467	2.14448	1.29620e-05
3.86350e+04	2.23406e-02	3.21680e-02	4.51223	1.37873	1.29620e-05
3.87593e+04	2.23362e-02	3.04822e-02	1.37090	0.82895	1.29620e-05
3.88835e+04	2.23355e-02	3.15683e-02	4.29480	0.37933	1.29620e-05
3.90077e+04	2.23389e-02	3.32522e-02	0.94942	6.21934	1.29620e-05
3.91320e+04	2.23449e-02	3.02634e-02	3.42362	6.01955	1.29620e-05
3.92562e+04	2.23429e-02	3.38259e-02	5.88466	5.80291	1.29620e-05
3.93804e+04	2.23412e-02	3.37168e-02	1.98215	5.67625	1.29620e-05
3.95046e+04	2.23365e-02	3.16002e-02	3.93949	5.75472	1.29620e-05
3.96289e+04	2.23446e-02	3.39641e-02	5.90930	5.82413	1.29620e-05
3.97531e+04	2.23375e-02	3.06469e-02	1.51536	5.96437	1.29620e-05
3.98773e+04	2.23465e-02	3.12204e-02	3.05140	6.28055	1.29620e-05
4.00016e+04	2.23338e-02	3.39563e-02	4.69259	0.30484	1.29620e-05
4.01258e+04	2.23391e-02	3.15055e-02	6.03321	0.79445	1.29620e-05
4.02500e+04	2.23356e-02	3.26442e-02	0.97954	1.35443	1.29620e-05
4.03742e+04	2.23346e-02	3.15795e-02	2.27431	1.86421	1.29620e-05
4.04985e+04	2.23429e-02	3.12225e-02	3.19979	2.62517	1.29620e-05
4.06227e+04	2.23432e-02	3.28834e-02	4.29235	3.31582	1.29620e-05
4.07469e+04	2.23406e-02	3.18453e-02	5.16438	4.13810	1.29620e-05
4.08712e+04	2.23445e-02	3.48595e-02	5.92556	5.07128	1.29620e-05
4.09954e+04	2.23443e-02	3.35609e-02	0.43535	6.01865	1.29620e-05
4.11196e+04	2.23457e-02	3.36202e-02	0.91644	0.85988	1.29620e-05
4.12438e+04	2.23437e-02	3.44414e-02	1.61352	1.90925	1.29620e-05
4.13681e+04	2.23420e-02	3.22561e-02	2.03762	3.12905	1.29620e-05
4.14923e+04	2.23372e-02	3.48872e-02	2.50633	4.39253	1.29620e-05
4.16165e+04	2.23342e-02	3.21246e-02	2.93209	5.69736	1.29620e-05
4.17408e+04	2.23331e-02	3.33191e-02	3.16318	0.89349	1.29620e-05
4.18650e+04	2.23314e-02	3.27012e-02	3.59036	2.27114	1.29620e-05
4.19892e+04	2.23346e-02	3.25064e-02	3.70770	3.87580	1.29620e-05
4.21134e+04	2.23350e-02	3.30941e-02	4.05533	5.38010	1.29620e-05
4.22377e+04	2.23365e-02	3.31395e-02	4.17963	0.77091	1.29620e-05
4.23619e+04	2.23395e-02	3.45117e-02	4.41833	2.43352	1.29620e-05
4.24861e+04	2.23400e-02	3.32929e-02	4.57211	4.19501	1.29620e-05
4.26104e+04	2.23421e-02	3.52555e-02	4.68576	6.03786	1.29620e-05
4.27346e+04	2.23429e-02	3.15925e-02	4.86028	1.58352	1.29620e-05
4.28588e+04	2.23440e-02	3.47848e-02	4.86838	3.57396	1.29620e-05
4.29830e+04	2.23442e-02	3.23224e-02	5.09473	5.48788	1.29620e-05
4.31073e+04	2.23441e-02	3.46855e-02	5.10075	1.26825	1.29620e-05
4.32315e+04	2.23440e-02	3.36237e-02	5.41305	3.27302	1.29620e-05
4.33557e+04	2.23462e-02	3.28881e-02	5.42859	5.44173	1.29620e-05
4.34800e+04	2.23467e-02	3.30041e-02	5.71265	1.24310	1.29620e-05
4.36042e+04	2.23444e-02	3.31606e-02	5.69264	3.57481	1.29620e-05
4.37284e+04	2.23462e-02	3.31365e-02	6.03884	5.73530	1.29620e-05
4.38526e+04	2.23434e-02	3.42427e-02	6.12191	1.81750	1.29620e-05
4.39769e+04	2.23443e-02	3.31586e-02	0.20750	4.08260	1.29620e-05
4.41011e+04	2.23405e-02	3.29959e-02	0.39143	0.22304	1.29620e-05
4.42253e+04	2.23404e-02	3.38385e-02	0.81211	2.59311	1.29620e-05
4.43496e+04	2.23404e-02	3.25503e-02	1.00439	5.12190	1.29620e-05
4.44738e+04	2.23372e-02	3.39900e-02	1.54167	1.23478	1.29620e-05
4.45980e+04	2.23414e-02	3.26032e-02	1.82536	3.83770	1.29620e-05
4.47222e+04	2.23446e-02	3.23045e-02	2.39318	0.05904	1.29620e-05
4.48465e+04	2.23449e-02	3.27693e-02	2.80701	2.71803	1.29620e-05
4.49707e+04	2.23436e-02	3.29170e-02	3.48895	5.28178	1.29620e-05
4.50949e+04	2.23371e-02	3.22922e-02	4.00529	1.69633	1.29620e-05
4.52192e+04	2.23333e-02	3.36291e-02	4.75974	4.33527	1.29620e-05
4.53434e+04	2.23369e-02	3.16630e-02	5.34903	0.85848	1.29620e-05
4.54676e+04	2.23378e-02	3.36606e-02	6.20942	3.54657	1.29620e-05
4.55918e+04	2.23364e-02	3.36245e-02	0.69574	0.07829	1.29620e-05
4.57161e+04	2.23338e-02	3.31046e-02	1.71615	2.81069	1.29620e-05
4.58403e+04	2.23372e-02	3.32311e-02	2.56011	5.70701	1.29620e-05
4.59645e+04	2.23435e-02	3.35195e-02	3.68263	2.23004	1.29620e-05
4.60888e+04	2.23399e-02	3.35885e-02	4.68668	5.12756	1.29620e-05
4.62130e+04	2.23422e-02	3.55839e-02	5.98114	1.66612	1.29620e-05
4.63372e+04	2.23455e-02	3.33671e-02	0.82270	4.63440	1.29620e-05
4.64614e+04	2.23410e-02	3.33655e-02	2.24151	1.24469	1.29620e-05
4.65857e+04	2.23310e-02	3.43861e-02	3.50826	4.25077	1.29620e-05
4.67099e+04	2.23443e-02	3.38797e-02	5.08379	0.87082	1.29620e-05
4.68341e+04	2.23413e-02	3.29597e-02	0.20710	3.93315	1.29620e-05
4.69584e+04	2.23385e-02	3.32964e-02	1.86648	0.64072	1.29620e-05
4.70826e+04	2.23432e-02	3.27096e-02	3.44060	3.72176	1.29620e-05
4.72068e+04	2.23337e-02	3.42849e-02	5.32255	0.42880	1.29620e-05
4.73310e+04	2.23356e-02	3.35364e-02	0.77309	3.54354	1.29620e-05
4.74553e+04	2.23386e-02	3.26693e-02	2.75808	0.30270	1.29620e-05
4.75795e+04	2.23380e-02	3.48135e-02	4.66115	3.43295	1.29620e-05
4.77037e+04	2.23436e-02	3.44030e-02	0.56002	0.19181	1.29620e-05
4.78280e+04	2.23362e-02	3.31955e-02	2.62507	3.34479	1.29620e-05
4.79522e+04	2.23418e-02	3.37785e-02	4.92860	0.17594	1.29620e-05
4.80764e+04	2.23386e-02	3.33674e-02	0.87280	3.37810	1.29620e-05
4.82006e+04	2.23434e-02	3.36291e-02	3.36290	0.19375	1.29620e-05
4.83249e+04	2.23375e-02	3.35886e-02	5.77153	3.41217	1.29620e-05
4.84491e+04	2.23332e-02	3.24807e-02	2.10062	0.28379	1.29620e-05
4.85733e+04	2.23382e-02	3.51281e-02	4.66564	3.50334	1.29620e-05
4.86976e+04	2.23447e-02	3.44723e-02	1.23687	0.35572	1.29620e-05
4.88218e+04	2.23351e-02	3.33031e-02	4.00741	3.58439	1.29620e-05
4.89460e+04	2.23390e-02	3.40127e-02	0.68302	0.48891	1.29620e-05
4.90702e+04	2.23414e-02	3.31462e-02	3.58935	3.75192	1.29620e-05
4.91945e+04	2.23385e-02	3.35287e-02	0.45426	0.65706	1.29620e-05
4.93187e+04	2.23431e-02	3.31374e-02	3.54727	3.93283	1.29620e-05
4.94429e+04	2.23439e-02	3.33136e-02	0.55515	0.85763	1.29620e-05
4.95672e+04	2.23338e-02	3.55087e-02	3.85223	4.11513	1.29620e-05
4.96914e+04	2.23388e-02	3.41157e-02	1.09413	1.02629	1.29620e-05
4.98156e+04	2.23336e-02	3.31496e-02	4.52616	4.30662	1.29620e-05
4.99398e+04	2.23313e-02	3.35908e-02	1.88234	1.25164	1.29620e-05
5.00641e+04	2.23404e-02	3.35491e-02	5.47404	4.55713	1.29620e-05
5.01883e+04	2.23320e-02	3.39369e-02	3.02957	1.48114	1.29620e-05
5.03125e+04	2.23397e-02	3.44523e-02	0.53411	4.78002	1.29620e-05
5.04367e+04	2.23329e-02	3.30815e-02	4.53023	1.73762	1.29620e-05
5.05610e+04	2.23330e-02	3.43596e-02	2.20735	5.01525	1.29620e-05
5.06852e+04	2.23435e-02	3.40673e-02	0.09030	1.97227	1.29620e-05
5.08094e+04	2.23366e-02	3.40592e-02	4.23779	5.23866	1.29620e-05
5.09337e+04	2.23422e-02	3.32490e-02	2.27010	2.19834	1.29620e-05
5.10579e+04	2.23373e-02	3.30589e-02	0.23980	5.52515	1.29620e-05
5.11821e+04	2.23408e-02	3.35246e-02	4.76024	2.46163	1.29620e-05
5.13063e+04	2.23327e-02	3.50368e-02	2.95867	5.75043	1.29620e-05
5.14306e+04	2.23367e-02	3.34354e-02	1.33106	2.68907	1.29620e-05
5.15548e+04	2.23363e-02	3.37149e-02	5.93131	5.98204	1.29620e-05
5.16790e+04	2.23405e-02	3.41382e-02	4.46102	2.93972	1.29620e-05
5.18033e+04	2.23324e-02	3.41899e-02	3.00584	6.18173	1.29620e-05
5.19275e+04	2.23372e-02	3.34588e-02	1.67198	3.14719	1.29620e-05
5.20517e+04	2.23360e-02	3.29780e-02	0.32920	0.16750	1.29620e-05
5.21759e+04	2.23405e-02	3.39115e-02	5.44539	3.38560	1.29620e-05
5.23002e+04	2.23373e-02	3.50250e-02	4.30519	0.35245	1.29620e-05
5.24244e+04	2.23438e-02	3.23841e-02	3.30899	3.56101	1.29620e-05
5.25486e+04	2.23329e-02	3.39771e-02	2.24546	0.55856	1.29620e-05
5.26729e+04	2.23429e-02	3.43914e-02	1.40951	3.76141	1.29620e-05
5.27971e+04	2.23404e-02	3.38635e-02	0.58571	0.71114	1.29620e-05
5.29213e+04	2.23360e-02	3.34414e-02	6.16285	3.91501	1.29620e-05
5.30455e+04	2.23393e-02	3.33295e-02	5.40383	0.90679	1.29620e-05
5.31698e+04	2.23415e-02	3.40808e-02	4.85916	4.07479	1.29620e-05
5.32940e+04	2.23351e-02	3.40178e-02	4.29345	1.03105	1.29620e-05
5.34182e+04	2.23421e-02	3.30131e-02	3.87250	4.21682	1.29620e-05
5.35425e+04	2.23308e-02	3.44535e-02	3.47428	1.13134	1.29620e-05
5.36667e+04	2.23436e-02	3.35028e-02	3.20126	4.31362	1.29620e-05
5.37909e+04	2.23385e-02	3.28331e-02	2.90738	1.23951	1.29620e-05
5.39151e+04	2.23333e-02	3.43023e-02	2.77072	4.39439	1.29620e-05
5.40394e+04	2.23437e-02	3.30575e-02	2.62018	1.30569	1.29620e-05
5.41636e+04	2.23363e-02	3.28387e-02	2.59657	4.46924	1.29620e-05
5.42878e+04	2.23327e-02	3.41762e-02	2.58353	1.37000	1.29620e-05
5.44121e+04	2.23444e-02	3.33497e-02	2.73144	4.49916	1.29620e-05
5.45363e+04	2.23380e-02	3.39728e-02	2.84912	1.37849	1.29620e-05
5.46605e+04	2.23312e-02	3.41192e-02	3.12851	4.48877	1.29620e-05
5.47847e+04	2.23410e-02	3.25986e-02	3.35393	1.36173	1.29620e-05
5.49090e+04	2.23432e-02	3.39029e-02	3.71079	4.48214	1.29620e-05
5.50332e+04	2.23350e-02	3.36177e-02	4.10670	1.32748	1.29620e-05
5.51574e+04	2.23325e-02	3.32408e-02	4.61986	4.41710	1.29620e-05
5.52817e+04	2.23389e-02	3.32170e-02	5.08259	1.28387	1.29620e-05
5.54059e+04	2.23456e-02	3.45971e-02	5.69060	4.36506	1.29620e-05
5.55301e+04	2.23354e-02	3.36098e-02	0.04206	1.16980	1.29620e-05
5.56543e+04	2.23444e-02	3.47071e-02	0.74523	4.24605	1.29620e-05
5.57786e+04	2.23374e-02	3.32399e-02	1.50342	1.02766	1.29620e-05
5.59028e+04	2.23325e-02	3.41470e-02	2.28785	4.11707	1.29620e-05
5.60270e+04	2.23307e-02	3.37643e-02	3.19561	0.87141	1.29620e-05
5.61513e+04	2.23357e-02	3.36407e-02	4.10347	3.92572	1.29620e-05
5.62755e+04	2.23392e-02	3.33896e-02	5.07681	0.69014	1.29620e-05
5.63997e+04	2.23431e-02	3.38306e-02	6.05371	3.74796	1.29620e-05
5.65239e+04	2.23352e-02	3.31803e-02	0.86564	0.48211	1.29620e-05
5.66482e+04	2.23401e-02	3.39010e-02	1.95390	3.52055	1.29620e-05
5.67724e+04	2.23427e-02	3.31899e-02	3.18705	0.21720	1.29620e-05
5.68966e+04	2.23406e-02	3.38270e-02	4.36978	3.24970	1.29620e-05
5.70209e+04	2.23445e-02	3.41914e-02	5.67332	6.21474	1.29620e-05
5.71451e+04	2.23361e-02	3.32969e-02	0.65411	2.94442	1.29620e-05
5.72693e+04	2.23383e-02	3.41299e-02	2.05115	5.91131	1.29620e-05
5.73935e+04	2.23421e-02	3.28933e-02	3.41985	2.60447	1.29620e-05
5.75178e+04	2.23389e-02	3.39898e-02	4.91894	5.56247	1.29620e-05
5.76420e+04	2.23405e-02	3.33888e-02	0.09698	2.24596	1.29620e-05
5.77662e+04	2.23330e-02	3.30427e-02	1.62286	5.20487	1.29620e-05
5.78905e+04	2.23303e-02	3.38659e-02	3.18061	1.87156	1.29620e-05
5.80147e+04	2.23322e-02	3.36513e-02	4.79379	4.80372	1.29620e-05
5.81389e+04	2.23432e-02	3.38964e-02	0.17714	1.43071	1.29620e-05
5.82631e+04	2.23386e-02	3.37167e-02	1.86194	4.35687	1.29620e-05
5.83874e+04	2.23431e-02	3.26010e-02	3.60433	0.98896	1.29620e-05
5.85116e+04	2.23427e-02	3.47472e-02	5.37730	3.88325	1.29620e-05
5.86358e+04	2.23347e-02	3.36566e-02	0.91041	0.48451	1.29620e-05
5.87601e+04	2.23337e-02	3.40077e-02	2.75590	3.36233	1.29620e-05
5.88843e+04	2.23323e-02	3.30949e-02	4.63556	6.23648	1.29620e-05
5.90085e+04	2.23437e-02	3.34888e-02	0.22027	2.85527	1.29620e-05
5.91327e+04	2.23409e-02	3.34382e-02	2.21709	5.69572	1.29620e-05
5.92570e+04	2.23425e-02	3.31314e-02	4.16728	2.28480	1.29620e-05
5.93812e+04	2.23429e-02	3.37864e-02	6.21669	5.10219	1.29620e-05
5.95054e+04	2.23321e-02	3.27735e-02	1.91414	1.69599	1.29620e-05
5.96297e+04	2.23329e-02	3.37182e-02	4.00631	4.52431	1.29620e-05
5.97539e+04	2.23362e-02	3.31083e-02	6.07491	1.07287	1.29620e-05
5.98781e+04	2.23393e-02	3.43886e-02	1.95421	3.87675	1.29620e-05
6.00023e+04	2.23355e-02	3.30531e-02	4.12581	0.39818	1.29620e-05
6.01266e+04	2.23428e-02	3.43219e-02	0.02796	3.20897	1.29620e-05
6.02508e+04	2.23422e-02	3.29287e-02	2.23246	6.00419	1.29620e-05
6.03750e+04	2.23396e-02	3.39454e-02	4.46493	2.51275	1.29620e-05
6.04993e+04	2.23389e-02	3.41467e-02	0.46996	5.26996	1.29620e-05
6.06235e+04	2.23363e-02	3.34631e-02	2.73095	1.78521	1.29620e-05
6.07477e+04	2.23416e-02	3.35993e-02	5.10929	4.51415	1.29620e-05
6.08719e+04	2.23352e-02	3.33603e-02	1.11437	1.03255	1.29620e-05
6.09962e+04	2.23304e-02	3.37453e-02	3.50603	3.75629	1.29620e-05
6.11204e+04	2.23360e-02	3.32607e-02	5.86025	0.23858	1.29620e-05
6.12446e+04	2.23387e-02	3.33246e-02	2.00371	2.96112	1.29620e-05
6.13689e+04	2.23331e-02	3.30113e-02	4.40202	5.71289	1.29620e-05
6.14931e+04	2.23433e-02	3.38918e-02	0.59539	2.15030	1.29620e-05
6.16173e+04	2.23435e-02	3.24672e-02	3.05788	4.87243	1.29620e-05
6.17415e+04	2.23397e-02	3.36653e-02	5.52999	1.30407	1.29620e-05
6.18658e+04	2.23380e-02	3.31369e-02	1.75786	4.01448	1.29620e-05
6.19900e+04	2.23416e-02	3.31560e-02	4.25606	0.43523	1.29620e-05
6.21142e+04	2.23394e-02	3.38342e-02	0.52962	3.12660	1.29620e-05
6.22385e+04	2.23394e-02	3.30574e-02	3.05162	5.82685	1.29620e-05
6.23627e+04	2.23434e-02	3.40547e-02	5.68986	2.20092	1.29620e-05
6.24869e+04	2.23314e-02	3.32373e-02	1.96087	4.89308	1.29620e-05
6.26111e+04	2.23383e-02	3.36382e-02	4.58242	1.27091	1.29620e-05
6.27354e+04	2.23347e-02	3.35066e-02	0.89212	3.94528	1.29620e-05
6.28596e+04	2.23304e-02	3.43305e-02	3.53472	0.31514	1.29620e-05
6.29838e+04	2.23364e-02	3.34855e-02	6.19355	2.95033	1.29620e-05
6.31081e+04	2.23344e-02	3.38759e-02	2.58447	5.60279	1.29620e-05
6.32323e+04	2.23338e-02	3.30745e-02	5.26950	1.95275	1.29620e-05
6.33565e+04	2.23419e-02	3.37935e-02	1.62746	4.61179	1.29620e-05
6.34807e+04	2.23335e-02	3.36043e-02	4.36008	0.93864	1.29620e-05
6.36050e+04	2.23443e-02	3.39207e-02	0.75067	3.57428	1.29620e-05
6.37292e+04	2.23399e-02	3.34665e-02	3.51873	6.16073	1.29620e-05
6.38534e+04	2.23424e-02	3.33253e-02	6.22943	2.51905	1.29620e-05
6.39777e+04	2.23427e-02	3.29865e-02	2.69688	5.11667	1.29620e-05
6.41019e+04	2.23396e-02	3.32435e-02	5.41706	1.46208	1.29620e-05
6.42261e+04	2.23382e-02	3.36755e-02	1.89466	4.04559	1.29620e-05
6.43503e+04	2.23385e-02	3.32991e-02	4.66985	0.35835	1.29620e-05
6.44746e+04	2.23373e-02	3.37429e-02	1.15379	2.93730	1.29620e-05
6.45988e+04	2.23423e-02	3.22634e-02	3.93927	5.52643	1.29620e-05
6.47230e+04	2.23399e-02	3.35729e-02	0.44393	1.83397	1.29620e-05
6.48472e+04	2.23407e-02	3.23770e-02	3.22822	4.42356	1.29620e-05
6.49715e+04	2.23437e-02	3.40195e-02	6.03526	0.70089	1.29620e-05
6.50957e+04	2.23353e-02	3.30022e-02	2.55512	3.27138	1.29620e-05
6.52199e+04	2.23432e-02	3.37417e-02	5.38940	5.81213	1.29620e-05
6.53442e+04	2.23323e-02	3.27717e-02	1.90099	2.10635	1.29620e-05
6.54684e+04	2.23395e-02	3.30436e-02	4.75461	4.65324	1.29620e-05
6.55926e+04	2.23330e-02	3.27471e-02	1.27003	0.94510	1.29620e-05
6.57168e+04	2.23341e-02	3.37544e-02	4.11584	3.47787	1.29620e-05
6.58411e+04	2.23352e-02	3.30425e-02	0.65660	6.02886	1.29620e-05
6.59653e+04	2.23304e-02	3.40331e-02	3.52138	2.26428	1.29620e-05
6.60895e+04	2.23354e-02	3.25442e-02	0.05948	4.80906	1.29620e-05
6.62138e+04	2.23309e-02	3.37492e-02	2.91685	1.05279	1.29620e-05
6.63380e+04	2.23354e-02	3.26238e-02	5.76682	3.59480	1.29620e-05
6.64622e+04	2.23351e-02	3.38223e-02	2.33961	6.11566	1.29620e-05
6.65864e+04	2.23336e-02	3.31124e-02	5.20258	2.34656	1.29620e-05
6.67107e+04	2.23402e-02	3.38815e-02	1.76265	4.86583	1.29620e-05
6.68349e+04	2.23327e-02	3.28999e-02	4.64372	1.08459	1.29620e-05
6.69591e+04	2.23435e-02	3.35823e-02	1.18428	3.61518	1.29620e-05
6.70834e+04	2.23355e-02	3.28430e-02	4.08795	6.10985	1.29620e-05
6.72076e+04	2.23443e-02	3.40397e-02	0.64416	2.34902	1.29620e-05
6.73318e+04	2.23413e-02	3.32341e-02	3.52425	4.82888	1.29620e-05
6.74560e+04	2.23426e-02	3.40233e-02	0.10109	1.04882	1.29620e-05
6.75803e+04	2.23446e-02	3.30039e-02	2.97303	3.53153	1.29620e-05
6.77045e+04	2.23404e-02	3.35903e-02	5.82216	6.03608	1.29620e-05
6.78287e+04	2.23433e-02	3.28063e-02	2.41935	2.24721	1.29620e-05
6.79530e+04	2.23395e-02	3.37692e-02	5.27650	4.74095	1.29620e-05
6.80772e+04	2.23383e-02	3.34513e-02	1.85050	0.93460	1.29620e-05
6.82014e+04	2.23382e-02	3.40686e-02	4.72342	3.41633	1.29620e-05
6.83256e+04	2.23371e-02	3.36192e-02	1.30261	5.88024	1.29620e-05
6.84499e+04	2.23408e-02	3.32693e-02	4.15493	2.08275	1.29620e-05
6.85741e+04	2.23384e-02	3.34202e-02	0.73759	4.55042	1.29620e-05
6.86983e+04	2.23420e-02	3.30186e-02	3.57983	0.76536	1.29620e-05
6.88226e+04	2.23403e-02	3.38576e-02	0.17989	3.21526	1.29620e-05
6.89468e+04	2.23389e-02	3.33896e-02	3.00066	5.70536	1.29620e-05
6.90710e+04	2.23433e-02	3.42255e-02	5.88722	1.85166	1.29620e-05
6.91952e+04	2.23332e-02	3.33936e-02	2.42950	4.33817	1.29620e-05
6.93195e+04	2.23432e-02	3.37429e-02	5.29818	0.49169	1.29620e-05
6.94437e+04	2.23315e-02	3.31150e-02	1.85163	2.97733	1.29620e-05
6.95679e+04	2.23400e-02	3.36625e-02	4.70603	5.42274	1.29620e-05
6.96922e+04	2.23345e-02	3.34537e-02	1.24223	1.61081	1.29620e-05
6.98164e+04	2.23345e-02	3.39479e-02	4.08279	4.05211	1.29620e-05
6.99406e+04	2.23369e-02	3.34648e-02	0.63774	0.22491	1.29620e-05
7.00648e+04	2.23308e-02	3.38874e-02	3.46442	2.66503	1.29620e-05
7.01891e+04	2.23359e-02	3.32707e-02	0.00064	5.12438	1.29620e-05
7.03133e+04	2.23317e-02	3.36035e-02	2.85348	1.28183	1.29620e-05
7.04375e+04	2.23352e-02	3.34471e-02	5.65016	3.74252	1.29620e-05
7.05618e+04	2.23368e-02	3.36846e-02	2.19864	6.17214	1.29620e-05
7.06860e+04	2.23326e-02	3.36325e-02	4.99632	2.34416	1.29620e-05
7.08102e+04	2.23417e-02	3.36857e-02	1.53657	4.76997	1.29620e-05
7.09344e+04	2.23328e-02	3.32739e-02	4.32414	0.93782	1.29620e-05
7.10587e+04	2.23438e-02	3.37853e-02	0.87930	3.37163	1.29620e-05
7.11829e+04	2.23387e-02	3.31113e-02	3.65437	5.81782	1.29620e-05
7.13071e+04	2.23425e-02	3.39711e-02	0.16880	1.96918	1.29620e-05
7.14314e+04	2.23438e-02	3.31323e-02	2.95755	4.40427	1.29620e-05
7.15556e+04	2.23405e-02	3.40058e-02	5.73558	0.55293	1.29620e-05
7.16798e+04	2.23421e-02	3.32477e-02	2.23857	2.98666	1.29620e-05
7.18040e+04	2.23397e-02	3.35421e-02	5.03467	5.41994	1.29620e-05
7.19283e+04	2.23371e-02	3.35647e-02	1.51749	1.56879	1.29620e-05
7.20525e+04	2.23413e-02	3.31468e-02	4.27716	4.00457	1.29620e-05
7.21767e+04	2.23390e-02	3.40136e-02	0.75516	0.15241	1.29620e-05
7.23010e+04	2.23422e-02	3.30595e-02	3.50597	2.58137	1.29620e-05
7.24252e+04	2.23415e-02	3.41192e-02	6.26599	5.00443	1.29620e-05
7.25494e+04	2.23360e-02	3.32034e-02	2.73461	1.14810	1.29620e-05
7.26736e+04	2.23433e-02	3.39128e-02	5.49380	3.57483	1.29620e-05
7.27979e+04	2.23309e-02	3.31452e-02	1.95581	6.00169	1.29620e-05
7.29221e+04	2.23397e-02	3.36844e-02	4.67496	2.15134	1.29620e-05
7.30463e+04	2.23335e-02	3.34390e-02	1.12143	4.57460	1.29620e-05
7.31706e+04	2.23320e-02	3.38951e-02	3.84266	0.71875	1.29620e-05
7.32948e+04	2.23360e-02	3.35581e-02	0.29070	3.13312	1.29620e-05
7.34190e+04	2.23314e-02	3.37457e-02	3.02732	5.55581	1.29620e-05
7.35432e+04	2.23352e-02	3.33408e-02	5.73841	1.69453	1.29620e-05
7.36675e+04	2.23393e-02	3.34325e-02	2.15420	4.12693	1.29620e-05
7.37917e+04	2.23327e-02	3.33753e-02	4.84153	0.26669	1.29620e-05
7.39159e+04	2.23432e-02	3.38115e-02	1.25734	2.69264	1.29620e-05
7.40402e+04	2.23363e-02	3.35495e-02	3.96136	5.09762	1.29620e-05
7.41644e+04	2.23434e-02	3.39014e-02	0.35238	1.24446	1.29620e-05
7.42886e+04	2.23424e-02	3.29957e-02	3.07793	3.65055	1.29620e-05
7.44128e+04	2.23403e-02	3.35732e-02	5.72973	6.09320	1.29620e-05
7.45371e+04	2.23408e-02	3.33635e-02	2.12315	2.22148	1.29620e-05
7.46613e+04	2.23380e-02	3.34234e-02	4.77258	4.65726	1.29620e-05
7.47855e+04	2.23373e-02	3.40775e-02	1.17394	0.77388	1.29620e-05
7.49098e+04	2.23429e-02	3.28750e-02	3.80977	3.20723	1.29620e-05
7.50340e+04	2.23408e-02	3.41851e-02	0.22646	5.61033	1.29620e-05
7.51582e+04	2.23380e-02	3.28387e-02	2.85485	1.76655	1.29620e-05
7.52824e+04	2.23443e-02	3.41096e-02	5.50675	4.16964	1.29620e-05
7.54067e+04	2.23316e-02	3.29831e-02	1.85147	0.31975	1.29620e-05
7.55309e+04	2.23380e-02	3.40044e-02	4.48482	2.73542	1.29620e-05
7.56551e+04	2.23353e-02	3.31756e-02	0.82380	5.16010	1.29620e-05
7.57794e+04	2.23296e-02	3.41948e-02	3.47898	1.28971	1.29620e-05
7.59036e+04	2.23362e-02	3.32068e-02	6.10805	3.70395	1.29620e-05
7.60278e+04	2.23348e-02	3.38192e-02	2.43159	6.12412	1.29620e-05
7.61520e+04	2.23326e-02	3.30473e-02	5.03543	2.26872	1.29620e-05
7.62763e+04	2.23427e-02	3.38450e-02	1.35306	4.69396	1.29620e-05
7.64005e+04	2.23373e-02	3.33002e-02	3.95363	0.82224	1.29620e-05
7.65247e+04	2.23431e-02	3.41623e-02	0.26944	3.24578	1.29620e-05
7.66490e+04	2.23445e-02	3.29655e-02	2.89586	5.65513	1.29620e-05
7.67732e+04	2.23397e-02	3.39464e-02	5.47256	1.80232	1.29620e-05
7.68974e+04	2.23374e-02	3.32726e-02	1.77885	4.21418	1.29620e-05
7.70216e+04	2.23403e-02	3.34302e-02	4.34633	0.36473	1.29620e-05
7.71459e+04	2.23387e-02	3.36887e-02	0.63980	2.77678	1.29620e-05
7.72701e+04	2.23397e-02	3.32220e-02	3.18809	5.21842	1.29620e-05
7.73943e+04	2.23437e-02	3.40461e-02	5.81291	1.32843	1.29620e-05
7.75186e+04	2.23321e-02	3.34892e-02	2.06516	3.76772	1.29620e-05
7.76428e+04	2.23393e-02	3.36041e-02	4.64996	6.16745	1.29620e-05
7.77670e+04	2.23362e-02	3.31994e-02	0.89101	2.33376	1.29620e-05
7.78912e+04	2.23308e-02	3.38741e-02	3.44961	4.74144	1.29620e-05
7.80155e+04	2.23358e-02	3.33479e-02	5.98286	0.89274	1.29620e-05
7.81397e+04	2.23366e-02	3.37578e-02	2.27823	3.30445	1.29620e-05
7.82639e+04	2.23322e-02	3.33870e-02	4.80430	5.73553	1.29620e-05
7.83882e+04	2.23433e-02	3.38494e-02	1.05978	1.86957	1.29620e-05
7.85124e+04	2.23396e-02	3.32080e-02	3.59952	4.28771	1.29620e-05
7.86366e+04	2.23419e-02	3.36819e-02	6.10904	0.43653	1.29620e-05
7.87608e+04	2.23430e-02	3.31304e-02	2.34069	2.86906	1.29620e-05
7.88851e+04	2.23394e-02	3.36125e-02	4.86334	5.28943	1.29620e-05
7.90093e+04	2.23380e-02	3.39733e-02	1.11187	1.43272	1.29620e-05
7.91335e+04	2.23423e-02	3.29721e-02	3.63117	3.85359	1.29620e-05
7.92577e+04	2.23425e-02	3.40250e-02	6.13645	6.27972	1.29620e-05
7.93820e+04	2.23330e-02	3.32595e-02	2.35586	2.42200	1.29620e-05
7.95062e+04	2.23403e-02	3.36338e-02	4.85083	4.85002	1.29620e-05
7.96304e+04	2.23339e-02	3.32834e-02	1.06236	0.99909	1.29620e-05
7.97547e+04	2.23311e-02	3.38889e-02	3.56712	3.43198	1.29620e-05
7.98789e+04	2.23360e-02	3.35666e-02	6.07174	5.84692	1.29620e-05
8.00031e+04	2.23381e-02	3.36146e-02	2.27381	1.99559	1.29620e-05
8.01273e+04	2.23327e-02	3.34226e-02	4.75423	4.41993	1.29620e-05
8.02516e+04	2.23439e-02	3.36243e-02	0.94547	0.57486	1.29620e-05
8.03758e+04	2.23408e-02	3.32001e-02	3.43111	2.99208	1.29620e-05
8.05000e+04	2.23408e-02	3.36851e-02	5.88315	5.44045	1.29620e-05
8.06243e+04	2.23404e-02	3.34649e-02	2.10188	1.57990	1.29620e-05
8.07485e+04	2.23392e-02	3.33865e-02	4.56765	4.01464	1.29620e-05
8.08727e+04	2.23384e-02	3.40216e-02	0.75721	0.14834	1.29620e-05
8.09969e+04	2.23407e-02	3.27856e-02	3.20094	2.59894	1.29620e-05
8.11212e+04	2.23447e-02	3.41130e-02	5.67934	5.01229	1.29620e-05
8.12454e+04	2.23320e-02	3.30210e-02	1.82434	1.18054	1.29620e-05
8.13696e+04	2.23358e-02	3.39275e-02	4.31421	3.60512	1.29620e-05
8.14939e+04	2.23360e-02	3.32198e-02	0.46830	6.04909	1.29620e-05
8.16181e+04	2.23308e-02	3.42152e-02	2.92705	2.18535	1.29620e-05
8.17423e+04	2.23337e-02	3.30402e-02	5.37220	4.62042	1.29620e-05
8.18665e+04	2.23420e-02	3.38802e-02	1.52344	0.77874	1.29620e-05
8.19908e+04	2.23372e-02	3.30493e-02	3.96725	3.20527	1.29620e-05
8.21150e+04	2.23429e-02	3.40112e-02	0.13042	5.65648	1.29620e-05
8.22392e+04	2.23442e-02	3.29951e-02	2.57474	1.79998	1.29620e-05
8.23635e+04	2.23384e-02	3.39367e-02	4.98956	4.24735	1.29620e-05
8.24877e+04	2.23371e-02	3.37938e-02	1.15868	0.38229	1.29620e-05
8.26119e+04	2.23421e-02	3.30145e-02	3.56697	2.83619	1.29620e-05
8.27361e+04	2.23430e-02	3.38693e-02	6.00371	5.25775	1.29620e-05
8.28604e+04	2.23319e-02	3.32879e-02	2.12569	1.43247	1.29620e-05
8.29846e+04	2.23394e-02	3.36369e-02	4.58045	3.85813	1.29620e-05
8.31088e+04	2.23367e-02	3.34000e-02	0.69412	0.03371	1.29620e-05
8.32331e+04	2.23305e-02	3.39726e-02	3.13043	2.45380	1.29620e-05
8.33573e+04	2.23346e-02	3.33814e-02	5.53849	4.89984	1.29620e-05
8.34815e+04	2.23409e-02	3.35316e-02	1.66701	1.05300	1.29620e-05
8.36057e+04	2.23350e-02	3.32824e-02	4.07463	3.49880	1.29620e-05
8.37300e+04	2.23432e-02	3.37146e-02	0.22113	5.94061	1.29620e-05
8.38542e+04	2.23437e-02	3.30976e-02	2.61328	2.10829	1.29620e-05
8.39784e+04	2.23395e-02	3.37281e-02	5.02996	4.54360	1.29620e-05
8.41027e+04	2.23381e-02	3.38904e-02	1.14164	0.70389	1.29620e-05
8.42269e+04	2.23421e-02	3.29491e-02	3.54758	3.14306	1.29620e-05
8.43511e+04	2.23432e-02	3.39101e-02	5.94529	5.58742	1.29620e-05
8.44753e+04	2.23317e-02	3.32290e-02	2.05429	1.75029	1.29620e-05
8.45996e+04	2.23375e-02	3.35328e-02	4.46660	4.19978	1.29620e-05
8.47238e+04	2.23357e-02	3.33929e-02	0.57702	0.36390	1.29620e-05
8.48480e+04	2.23319e-02	3.39338e-02	2.96983	2.80512	1.29620e-05
8.49723e+04	2.23339e-02	3.34080e-02	5.36719	5.24301	1.29620e-05
8.50965e+04	2.23429e-02	3.35282e-02	1.46883	1.41425	1.29620e-05
8.52207e+04	2.23371e-02	3.32799e-02	3.86229	3.84772	1.29620e-05
8.53449e+04	2.23420e-02	3.35502e-02	6.25836	0.02895	1.29620e-05
8.54692e+04	2.23426e-02	3.31942e-02	2.36208	2.47265	1.29620e-05
8.55934e+04	2.23385e-02	3.34298e-02	4.73376	4.92878	1.29620e-05
8.57176e+04	2.23378e-02	3.40111e-02	0.84988	1.07694	1.29620e-05
8.58419e+04	2.23412e-02	3.28440e-02	3.21563	3.54126	1.29620e-05
8.59661e+04	2.23445e-02	3.40914e-02	5.61362	5.96875	1.29620e-05
8.60903e+04	2.23317e-02	3.28420e-02	1.71651	2.15208	1.29620e-05
8.62145e+04	2.23341e-02	3.38019e-02	4.09548	4.59988	1.29620e-05
8.63388e+04	2.23358e-02	3.30623e-02	0.17472	0.77450	1.29620e-05
8.64630e+04	2.23334e-02	3.40167e-02	2.56283	3.21512	1.29620e-05
8.65872e+04	2.23330e-02	3.31190e-02	4.93494	5.66689	1.29620e-05
8.67115e+04	2.23440e-02	3.40087e-02	1.01855	1.83714	1.29620e-05
8.68357e+04	2.23423e-02	3.27764e-02	3.41022	4.27227	1.29620e-05
8.69599e+04	2.23408e-02	3.37327e-02	5.77974	0.46405	1.29620e-05
8.70841e+04	2.23386e-02	3.31628e-02	1.87252	2.90715	1.29620e-05
8.72084e+04	2.23408e-02	3.32664e-02	4.23118	5.37108	1.29620e-05
8.73326e+04	2.23402e-02	3.38570e-02	0.32939	1.52598	1.29620e-05
8.74568e+04	2.23354e-02	3.32848e-02	2.67929	3.99467	1.29620e-05
8.75811e+04	2.23419e-02	3.36041e-02	5.07446	0.13879	1.29620e-05
8.77053e+04	2.23350e-02	3.30396e-02	1.15447	2.61714	1.29620e-05
8.78295e+04	2.23307e-02	3.36106e-02	3.52455	5.06318	1.29620e-05
8.79537e+04	2.23358e-02	3.31609e-02	5.88127	1.24453	1.29620e-05
8.80780e+04	2.23394e-02	3.35296e-02	1.96376	3.69205	1.29620e-05
8.82022e+04	2.23332e-02	3.33928e-02	4.32580	6.14998	1.29620e-05
8.83264e+04	2.23434e-02	3.37470e-02	0.41429	2.31355	1.29620e-05
8.84507e+04	2.23440e-02	3.28295e-02	2.79413	4.77263	1.29620e-05
8.85749e+04	2.23395e-02	3.33200e-02	5.15399	0.94763	1.29620e-05
8.86991e+04	2.23378e-02	3.35236e-02	1.22071	3.41115	1.29620e-05
8.88233e+04	2.23425e-02	3.27908e-02	3.57667	5.86957	1.29620e-05
8.89476e+04	2.23430e-02	3.39447e-02	5.93942	2.03992	1.29620e-05
8.90718e+04	2.23316e-02	3.32766e-02	2.02359	4.49051	1.29620e-05
8.91960e+04	2.23368e-02	3.34728e-02	4.37510	0.66598	1.29620e-05
8.93203e+04	2.23356e-02	3.30471e-02	0.47825	3.12423	1.29620e-05
8.94445e+04	2.23330e-02	3.34117e-02	2.82709	5.58733	1.29620e-05
8.95687e+04	2.23333e-02	3.30581e-02	5.18095	1.76196	1.29620e-05
8.96929e+04	2.23434e-02	3.35060e-02	1.24699	4.23104	1.29620e-05
8.98172e+04	2.23393e-02	3.32909e-02	3.62172	0.38528	1.29620e-05
8.99414e+04	2.23409e-02	3.34839e-02	5.96583	2.85650	1.29620e-05
9.00656e+04	2.23401e-02	3.31675e-02	2.07285	5.30653	1.29620e-05
9.01899e+04	2.23404e-02	3.27371e-02	4.41529	1.49330	1.29620e-05
9.03141e+04	2.23393e-02	3.36118e-02	0.48759	3.94897	1.29620e-05
9.04383e+04	2.23377e-02	3.26985e-02	2.82438	0.14600	1.29620e-05
9.05625e+04	2.23427e-02	3.39104e-02	5.19837	2.58292	1.29620e-05
9.06868e+04	2.23331e-02	3.29132e-02	1.25918	5.05414	1.29620e-05
9.08110e+04	2.23305e-02	3.38598e-02	3.62312	1.22331	1.29620e-05
9.09352e+04	2.23360e-02	3.27399e-02	5.99639	3.68493	1.29620e-05
9.10595e+04	2.23381e-02	3.33437e-02	2.06397	6.15076	1.29620e-05
9.11837e+04	2.23339e-02	3.28043e-02	4.41087	2.33340	1.29620e-05
9.13079e+04	2.23439e-02	3.38721e-02	0.47326	4.79981	1.29620e-05
9.14321e+04	2.23442e-02	3.27163e-02	2.84280	0.96416	1.29620e-05
9.15564e+04	2.23392e-02	3.37170e-02	5.18550	3.43580	1.29620e-05
9.16806e+04	2.23370e-02	3.33039e-02	1.29363	5.88172	1.29620e-05
9.18048e+04	2.23419e-02	3.25908e-02	3.62692	2.08140	1.29620e-05
9.19291e+04	2.23432e-02	3.34440e-02	5.99087	4.53074	1.29620e-05
9.20533e+04	2.23318e-02	3.30464e-02	2.03642	0.73047	1.29620e-05
9.21775e+04	2.23377e-02	3.34297e-02	4.40999	3.17540	1.29620e-05
9.23017e+04	2.23371e-02	3.32012e-02	0.46078	5.65391	1.29620e-05
9.24260e+04	2.23316e-02	3.35545e-02	2.86226	1.81065	1.29620e-05
9.25502e+04	2.23330e-02	3.28138e-02	5.20143	4.28861	1.29620e-05
9.26744e+04	2.23429e-02	3.32410e-02	1.26689	0.46846	1.29620e-05
9.27987e+04	2.23389e-02	3.27752e-02	3.61830	2.93372	1.29620e-05
9.29229e+04	2.23414e-02	3.34651e-02	5.96683	5.40163	1.29620e-05
9.30471e+04	2.23410e-02	3.31733e-02	2.03081	1.58430	1.29620e-05
9.31713e+04	2.23409e-02	3.30615e-02	4.39704	4.03657	1.29620e-05
9.32956e+04	2.23398e-02	3.35207e-02	0.48893	0.22041	1.29620e-05
9.34198e+04	2.23369e-02	3.26456e-02	2.83224	2.69140	1.29620e-05
9.35440e+04	2.23419e-02	3.33412e-02	5.18946	5.15192	1.29620e-05
9.36682e+04	2.23329e-02	3.28712e-02	1.25149	1.34026	1.29620e-05
9.37925e+04	2.23310e-02	3.36450e-02	3.59520	3.81006	1.29620e-05
9.39167e+04	2.23361e-02	3.32073e-02	5.96806	6.25897	1.29620e-05
9.40409e+04	2.23401e-02	3.32444e-02	2.05481	2.44723	1.29620e-05
9.41652e+04	2.23331e-02	3.30420e-02	4.41661	4.90354	1.29620e-05
9.42894e+04	2.23436e-02	3.32158e-02	0.47415	1.09959	1.29620e-05
9.44136e+04	2.23433e-02	3.27101e-02	2.83186	3.55694	1.29620e-05
9.45378e+04	2.23389e-02	3.32416e-02	5.16952	6.03863	1.29620e-05
9.46621e+04	2.23370e-02	3.37507e-02	1.25527	2.20489	1.29620e-05
9.47863e+04	2.23430e-02	3.25406e-02	3.59797	4.68077	1.29620e-05
9.49105e+04	2.23438e-02	3.38631e-02	5.99464	0.84671	1.29620e-05
9.50348e+04	2.23323e-02	3.26424e-02	2.05429	3.32574	1.29620e-05
9.51590e+04	2.23371e-02	3.33993e-02	4.40759	5.78802	1.29620e-05
9.52832e+04	2.23357e-02	3.27554e-02	0.46681	1.98455	1.29620e-05
9.54074e+04	2.23315e-02	3.38513e-02	2.83082	4.44020	1.29620e-05
9.55317e+04	2.23333e-02	3.29326e-02	5.18268	0.62378	1.29620e-05
9.56559e+04	2.23428e-02	3.37287e-02	1.28375	3.09044	1.29620e-05
9.57801e+04	2.23404e-02	3.27024e-02	3.65218	5.54212	1.29620e-05
9.59044e+04	2.23413e-02	3.35105e-02	5.98948	1.74290	1.29620e-05
9.60286e+04	2.23408e-02	3.28074e-02	2.06463	4.20660	1.29620e-05
9.61528e+04	2.23398e-02	3.32350e-02	4.40898	0.39943	1.29620e-05
9.62770e+04	2.23390e-02	3.36055e-02	0.49402	2.85225	1.29620e-05
9.64013e+04	2.23372e-02	3.31306e-02	2.86358	5.33443	1.29620e-05
9.65255e+04	2.23427e-02	3.35415e-02	5.24718	1.48928	1.29620e-05
9.66497e+04	2.23337e-02	3.29374e-02	1.29742	3.97958	1.29620e-05
9.67740e+04	2.23316e-02	3.34187e-02	3.66437	0.15446	1.29620e-05
9.68982e+04	2.23362e-02	3.30687e-02	6.00367	2.63436	1.29620e-05
9.70224e+04	2.23380e-02	3.34448e-02	2.09115	5.09035	1.29620e-05
9.71466e+04	2.23329e-02	3.33050e-02	4.44096	1.28190	1.29620e-05
9.72709e+04	2.23436e-02	3.37209e-02	0.55279	3.73692	1.29620e-05
9.73951e+04	2.23436e-02	3.27396e-02	2.91234	6.20503	1.29620e-05
9.75193e+04	2.23400e-02	3.33796e-02	5.26684	2.39243	1.29620e-05
9.76436e+04	2.23373e-02	3.34335e-02	1.33267	4.86520	1.29620e-05
9.77678e+04	2.23427e-02	3.27903e-02	3.69087	1.05172	1.29620e-05
9.78920e+04	2.23429e-02	3.39450e-02	6.05194	3.51541	1.29620e-05
9.80162e+04	2.23318e-02	3.32795e-02	2.15825	5.97868	1.29620e-05
9.81405e+04	2.23382e-02	3.35274e-02	4.52489	2.15858	1.29620e-05
9.82647e+04	2.23357e-02	3.30685e-02	0.59621	4.62938	1.29620e-05
9.83889e+04	2.23317e-02	3.35663e-02	2.95225	0.81675	1.29620e-05
9.85132e+04	2.23340e-02	3.31371e-02	5.31558	3.28202	1.29620e-05
9.86374e+04	2.23431e-02	3.35728e-02	1.37779	5.76150	1.29620e-05
9.87616e+04	2.23376e-02	3.33842e-02	3.76383	1.92345	1.29620e-05
9.88858e+04	2.23419e-02	3.36330e-02	6.13999	4.40312	1.29620e-05
9.90101e+04	2.23417e-02	3.32142e-02	2.22645	0.57729	1.29620e-05
9.91343e+04	2.23388e-02	3.30110e-02	4.57823	3.05651	1.29620e-05
9.92585e+04	2.23388e-02	3.38105e-02	0.66221	5.51617	1.29620e-05
9.93828e+04	2.23395e-02	3.27787e-02	3.00191	1.72125	1.29620e-05
9.95070e+04	2.23436e-02	3.41854e-02	5.39026	4.16502	1.29620e-05
9.96312e+04	2.23325e-02	3.30733e-02	1.48752	0.35811	1.29620e-05
9.97554e+04	2.23319e-02	3.39676e-02	3.85582	2.81925	1.29620e-05
9.98797e+04	2.23360e-02	3.29919e-02	6.22164	5.28707	1.29620e-05
1.00004e+05	2.23361e-02	3.36929e-02	2.29694	1.47315	1.29620e-05
1.00128e+05	2.23327e-02	3.30516e-02	4.65419	3.94681	1.29620e-05
1.00252e+05	2.23442e-02	3.40946e-02	0.73286	0.13469	1.29620e-05
1.00377e+05	2.23439e-02	3.29923e-02	3.13976	2.58430	1.29620e-05
1.00501e+05	2.23395e-02	3.39612e-02	5.49565	5.06354	1.29620e-05
1.00625e+05	2.23369e-02	3.34828e-02	1.59106	1.23358	1.29620e-05
1.00749e+05	2.23419e-02	3.30165e-02	3.93971	3.71573	1.29620e-05
1.00873e+05	2.23414e-02	3.37275e-02	0.02977	6.17523	1.29620e-05
1.00998e+05	2.23335e-02	3.34111e-02	2.37703	2.37781	1.29620e-05
1.01122e+05	2.23405e-02	3.37197e-02	4.76473	4.82179	1.29620e-05
1.01246e+05	2.23362e-02	3.34399e-02	0.85882	1.02436	1.29620e-05
1.01370e+05	2.23306e-02	3.39085e-02	3.24547	3.47129	1.29620e-05
1.01495e+05	2.23346e-02	3.32090e-02	5.59918	5.94998	1.29620e-05
1.01619e+05	2.23409e-02	3.34686e-02	1.68754	2.13184	1.29620e-05
1.01743e+05	2.23352e-02	3.33255e-02	4.04413	4.60644	1.29620e-05
1.01867e+05	2.23427e-02	3.38757e-02	0.13421	0.78576	1.29620e-05
1.01992e+05	2.23438e-02	3.32246e-02	2.52562	3.25682	1.29620e-05
1.02116e+05	2.23394e-02	3.37027e-02	4.90338	5.71459	1.29620e-05
1.02240e+05	2.23381e-02	3.37650e-02	0.98623	1.89985	1.29620e-05
1.02364e+05	2.23414e-02	3.28717e-02	3.35008	4.37304	1.29620e-05
1.02488e+05	2.23436e-02	3.39061e-02	5.71762	0.55499	1.29620e-05
1.02613e+05	2.23311e-02	3.33065e-02	1.80220	3.02462	1.29620e-05
1.02737e+05	2.23354e-02	3.38059e-02	4.19584	5.49366	1.29620e-05
1.02861e+05	2.23358e-02	3.34936e-02	0.28849	1.67033	1.29620e-05
1.02985e+05	2.23342e-02	3.37637e-02	2.66347	4.13486	1.29620e-05
1.03110e+05	2.23331e-02	3.32647e-02	5.03433	0.31662	1.29620e-05
1.03234e+05	2.23439e-02	3.35737e-02	1.10533	2.79790	1.29620e-05
1.03358e+05	2.23401e-02	3.32130e-02	3.49336	5.24893	1.29620e-05
1.03482e+05	2.23407e-02	3.36948e-02	5.84413	1.45150	1.29620e-05
1.03607e+05	2.23391e-02	3.36330e-02	1.97209	3.90385	1.29620e-05
1.03731e+05	2.23409e-02	3.31375e-02	4.34112	0.09220	1.29620e-05
1.03855e+05	2.23400e-02	3.39998e-02	0.43746	2.54835	1.29620e-05
1.03979e+05	2.23372e-02	3.28122e-02	2.78869	5.03578	1.29620e-05
1.04103e+05	2.23425e-02	3.39286e-02	5.17768	1.20258	1.29620e-05
1.04228e+05	2.23333e-02	3.29783e-02	1.24754	3.68607	1.29620e-05
1.04352e+05	2.23305e-02	3.41604e-02	3.65334	6.14631	1.29620e-05
1.04476e+05	2.23361e-02	3.32238e-02	6.03263	2.32432	1.29620e-05
1.04600e+05	2.23378e-02	3.38136e-02	2.12188	4.78941	1.29620e-05
1.04725e+05	2.23333e-02	3.30379e-02	4.49603	0.97343	1.29620e-05
1.04849e+05	2.23441e-02	3.39043e-02	0.57517	3.44914	1.29620e-05
1.04973e+05	2.23442e-02	3.27592e-02	2.95624	5.90663	1.29620e-05
1.05097e+05	2.23392e-02	3.38878e-02	5.31659	2.10538	1.29620e-05
1.05221e+05	2.23369e-02	3.36708e-02	1.44797	4.55478	1.29620e-05
1.05346e+05	2.23420e-02	3.31071e-02	3.81181	0.74848	1.29620e-05
1.05470e+05	2.23422e-02	3.37758e-02	6.20134	3.20064	1.29620e-05
1.05594e+05	2.23328e-02	3.31960e-02	2.27152	5.68592	1.29620e-05
1.05718e+05	2.23396e-02	3.34013e-02	4.65998	1.85410	1.29620e-05
1.05843e+05	2.23367e-02	3.32492e-02	0.72848	4.34476	1.29620e-05
1.05967e+05	2.23306e-02	3.38814e-02	3.14670	0.50827	1.29620e-05
1.06091e+05	2.23342e-02	3.32807e-02	5.51578	2.98177	1.29620e-05
1.06215e+05	2.23414e-02	3.35215e-02	1.61642	5.44036	1.29620e-05
1.06340e+05	2.23358e-02	3.31434e-02	3.98570	1.62681	1.29620e-05
1.06464e+05	2.23425e-02	3.35220e-02	0.07845	4.09418	1.29620e-05
1.06588e+05	2.23437e-02	3.29188e-02	2.44040	0.28885	1.29620e-05
1.06712e+05	2.23393e-02	3.34866e-02	4.84808	2.74885	1.29620e-05
1.06836e+05	2.23383e-02	3.37824e-02	0.94072	5.21493	1.29620e-05
1.06961e+05	2.23412e-02	3.29091e-02	3.31752	1.39768	1.29620e-05
1.07085e+05	2.23436e-02	3.37753e-02	5.69866	3.85715	1.29620e-05
1.07209e+05	2.23311e-02	3.29870e-02	1.79034	0.04318	1.29620e-05
1.07333e+05	2.23349e-02	3.34032e-02	4.15421	2.51889	1.29620e-05
1.07458e+05	2.23357e-02	3.31803e-02	0.24898	4.98322	1.29620e-05
1.07582e+05	2.23343e-02	3.36296e-02	2.65375	1.16531	1.29620e-05
1.07706e+05	2.23331e-02	3.32680e-02	5.03535	3.62467	1.29620e-05
1.07830e+05	2.23438e-02	3.35063e-02	1.12237	6.09866	1.29620e-05
1.07955e+05	2.23401e-02	3.29692e-02	3.51760	2.26355	1.29620e-05
1.08079e+05	2.23406e-02	3.32592e-02	5.87016	4.75231	1.29620e-05
1.08203e+05	2.23391e-02	3.32153e-02	1.97059	0.92816	1.29620e-05
1.08327e+05	2.23407e-02	3.29263e-02	4.36487	3.40323	1.29620e-05
1.08451e+05	2.23397e-02	3.39138e-02	0.46982	5.85623	1.29620e-05
1.08576e+05	2.23377e-02	3.27707e-02	2.83513	2.05341	1.29620e-05
1.08700e+05	2.23428e-02	3.37810e-02	5.23394	4.49744	1.29620e-05
1.08824e+05	2.23329e-02	3.26069e-02	1.30943	0.69777	1.29620e-05
1.08948e+05	2.23308e-02	3.36881e-02	3.68785	3.16378	1.29620e-05
1.09073e+05	2.23361e-02	3.28632e-02	6.06211	5.63116	1.29620e-05
1.09197e+05	2.23371e-02	3.36734e-02	2.18440	1.81191	1.29620e-05
1.09321e+05	2.23332e-02	3.30118e-02	4.56675	4.27528	1.29620e-05
1.09445e+05	2.23442e-02	3.38282e-02	0.65794	0.46003	1.29620e-05
1.09569e+05	2.23440e-02	3.24788e-02	3.04997	2.91284	1.29620e-05
1.09694e+05	2.23395e-02	3.34740e-02	5.40809	5.39939	1.29620e-05
1.09818e+05	2.23367e-02	3.32081e-02	1.50986	1.57172	1.29620e-05
1.09942e+05	2.23419e-02	3.28987e-02	3.90070	4.05171	1.29620e-05
1.10066e+05	2.23417e-02	3.37006e-02	0.01202	0.21847	1.29620e-05
1.10191e+05	2.23333e-02	3.31797e-02	2.37618	2.69742	1.29620e-05
1.10315e+05	2.23404e-02	3.32887e-02	4.77865	5.14073	1.29620e-05
1.10439e+05	2.23364e-02	3.28805e-02	0.84775	1.34927	1.29620e-05
1.10563e+05	2.23304e-02	3.34469e-02	3.23724	3.80201	1.29620e-05
1.10688e+05	2.23348e-02	3.29748e-02	5.63007	6.28039	1.29620e-05
1.10812e+05	2.23408e-02	3.33892e-02	1.73153	2.45607	1.29620e-05
1.10936e+05	2.23346e-02	3.31921e-02	4.10983	4.92208	1.29620e-05
1.11060e+05	2.23429e-02	3.35281e-02	0.21512	1.09728	1.29620e-05
1.11184e+05	2.23439e-02	3.26680e-02	2.58481	3.57015	1.29620e-05
1.11309e+05	2.23393e-02	3.31576e-02	4.96536	6.03516	1.29620e-05
1.11433e+05	2.23381e-02	3.34094e-02	1.05277	2.22416	1.29620e-05
1.11557e+05	2.23420e-02	3.26915e-02	3.45383	4.69276	1.29620e-05
1.11681e+05	2.23434e-02	3.38198e-02	5.83986	0.86836	1.29620e-05
1.11806e+05	2.23313e-02	3.31012e-02	1.94204	3.32968	1.29620e-05
1.11930e+05	2.23364e-02	3.33197e-02	4.31726	5.79711	1.29620e-05
1.12054e+05	2.23357e-02	3.29106e-02	0.41380	1.98063	1.29620e-05
1.12178e+05	2.23331e-02	3.33507e-02	2.78773	4.45036	1.29620e-05
1.12303e+05	2.23334e-02	3.30133e-02	5.19206	0.63152	1.29620e-05
1.12427e+05	2.23434e-02	3.34407e-02	1.27989	3.10702	1.29620e-05
1.12551e+05	2.23386e-02	3.31853e-02	3.68114	5.55040	1.29620e-05
1.12675e+05	2.23413e-02	3.33858e-02	6.04754	1.74633	1.29620e-05
1.12799e+05	2.23410e-02	3.30151e-02	2.15267	4.20353	1.29620e-05
1.12924e+05	2.23394e-02	3.27764e-02	4.51905	0.39798	1.29620e-05
1.13048e+05	2.23388e-02	3.36210e-02	0.62030	2.85608	1.29620e-05
1.13172e+05	2.23395e-02	3.26364e-02	3.00705	5.34154	1.29620e-05
1.13296e+05	2.23439e-02	3.39983e-02	5.40986	1.49926	1.29620e-05
1.13421e+05	2.23322e-02	3.28391e-02	1.49779	3.97448	1.29620e-05
1.13545e+05	2.23322e-02	3.37131e-02	3.88410	0.15104	1.29620e-05
1.13669e+05	2.23360e-02	3.27458e-02	6.25872	2.61956	1.29620e-05
1.13793e+05	2.23353e-02	3.34969e-02	2.35512	5.08545	1.29620e-05
1.13917e+05	2.23328e-02	3.28513e-02	4.75284	1.27467	1.29620e-05
1.14042e+05	2.23442e-02	3.39194e-02	0.84517	3.74277	1.29620e-05
1.14166e+05	2.23433e-02	3.27910e-02	3.24645	6.18897	1.29620e-05
1.14290e+05	2.23401e-02	3.37432e-02	5.61332	2.38476	1.29620e-05
1.14414e+05	2.23373e-02	3.31315e-02	1.72116	4.83710	1.29620e-05
1.14539e+05	2.23415e-02	3.28643e-02	4.08713	1.03401	1.29620e-05
1.14663e+05	2.23406e-02	3.35097e-02	0.21475	3.49202	1.29620e-05
1.14787e+05	2.23347e-02	3.31786e-02	2.57361	5.97723	1.29620e-05
1.14911e+05	2.23416e-02	3.36082e-02	4.98242	2.13209	1.29620e-05
1.15036e+05	2.23353e-02	3.32081e-02	1.05976	4.61626	1.29620e-05
1.15160e+05	2.23306e-02	3.36559e-02	3.45748	0.78114	1.29620e-05
1.15284e+05	2.23356e-02	3.30149e-02	5.82746	3.25685	1.29620e-05
1.15408e+05	2.23395e-02	3.32592e-02	1.92511	5.71905	1.29620e-05
1.15532e+05	2.23332e-02	3.31769e-02	4.31955	1.91217	1.29620e-05
1.15657e+05	2.23435e-02	3.37648e-02	0.42433	4.36987	1.29620e-05
1.15781e+05	2.23438e-02	3.29965e-02	2.80372	0.55157	1.29620e-05
1.15905e+05	2.23397e-02	3.35798e-02	5.19183	3.01153	1.29620e-05
1.16029e+05	2.23376e-02	3.35429e-02	1.28513	5.47821	1.29620e-05
1.16154e+05	2.23426e-02	3.26651e-02	3.66104	1.66359	1.29620e-05
1.16278e+05	2.23427e-02	3.37556e-02	6.06283	4.13233	1.29620e-05
1.16402e+05	2.23320e-02	3.32288e-02	2.15808	0.31537	1.29620e-05
1.16526e+05	2.23384e-02	3.36523e-02	4.54060	2.77676	1.29620e-05
1.16651e+05	2.23355e-02	3.33168e-02	0.64238	5.23990	1.29620e-05
1.16775e+05	2.23315e-02	3.37518e-02	3.02388	1.41909	1.29620e-05
1.16899e+05	2.23342e-02	3.31064e-02	5.40858	3.87928	1.29620e-05
1.17023e+05	2.23426e-02	3.33338e-02	1.51555	0.07726	1.29620e-05
1.17147e+05	2.23365e-02	3.32975e-02	3.90633	2.52940	1.29620e-05
1.17272e+05	2.23423e-02	3.36722e-02	6.27400	5.00761	1.29620e-05
1.17396e+05	2.23427e-02	3.33180e-02	2.38334	1.17763	1.29620e-05
1.17520e+05	2.23384e-02	3.33636e-02	4.75817	3.64818	1.29620e-05
1.17644e+05	2.23379e-02	3.38357e-02	0.86767	6.09976	1.29620e-05
1.17769e+05	2.23413e-02	3.25845e-02	3.22650	2.30310	1.29620e-05
1.17893e+05	2.23445e-02	3.40405e-02	5.64604	4.75202	1.29620e-05
1.18017e+05	2.23318e-02	3.30147e-02	1.72966	0.94802	1.29620e-05
1.18141e+05	2.23343e-02	3.39947e-02	4.11698	3.40533	1.29620e-05
1.18265e+05	2.23358e-02	3.31872e-02	0.21343	5.87078	1.29620e-05
1.18390e+05	2.23331e-02	3.39400e-02	2.60538	2.04237	1.29620e-05
