# t	a	e	mean_anomaly	varpi	mass/M_star
0.00000e+00	2.95299e-02	1.00648e-01	1.87723	1.88647	2.31180e-05
1.24228e+02	2.95044e-02	5.85758e-02	2.88972	0.69859	2.31180e-05
2.48457e+02	2.94392e-02	8.73762e-02	4.27133	0.47654	2.31180e-05
3.72685e+02	2.94639e-02	6.45150e-02	2.28806	2.22078	2.31180e-05
4.96914e+02	2.94847e-02	2.42393e-02	3.03956	5.93968	2.31180e-05
6.21142e+02	2.95816e-02	9.93513e-02	3.29138	1.82899	2.31180e-05
7.45371e+02	2.95959e-02	3.79591e-02	2.20640	5.39664	2.31180e-05
8.69599e+02	2.96538e-02	7.45568e-02	1.98523	0.68012	2.31180e-05
9.93828e+02	2.95859e-02	1.48712e-01	5.76050	1.03478	2.31180e-05
1.11806e+03	2.95097e-02	6.55070e-02	4.82333	3.28328	2.31180e-05
1.24228e+03	2.94741e-02	1.58970e-01	0.06372	4.00915	2.31180e-05
1.36651e+03	2.94720e-02	1.51901e-01	2.31685	3.33829	2.31180e-05
1.49074e+03	2.94875e-02	1.59401e-01	5.23804	1.15528	2.31180e-05
1.61497e+03	2.94650e-02	1.01417e-01	4.75227	1.51928	2.31180e-05
1.73920e+03	2.96028e-02	1.11069e-01	5.67249	3.00821	2.31180e-05
1.86343e+03	2.94549e-02	2.78714e-02	4.71598	1.63448	2.31180e-05
1.98766e+03	2.94533e-02	1.12849e-01	4.92138	1.89506	2.31180e-05
2.11188e+03	2.94309e-02	1.76222e-02	4.45656	2.47271	2.31180e-05
2.23611e+03	2.94939e-02	8.65442e-02	5.55989	1.98330	2.31180e-05
2.36034e+03	2.94436e-02	5.33846e-02	0.10532	0.16934	2.31180e-05
2.48457e+03	2.94705e-02	1.41416e-01	3.38355	6.02502	2.31180e-05
2.60880e+03	2.94525e-02	6.15175e-02	6.20138	0.72726	2.31180e-05
2.73303e+03	2.95579e-02	7.26997e-02	5.04730	4.62621	2.31180e-05
2.85725e+03	2.94544e-02	9.32076e-02	0.04316	3.29474	2.31180e-05
2.98148e+03	2.94456e-02	7.32697e-02	0.40181	5.77529	2.31180e-05
3.10571e+03	2.93571e-02	1.02165e-01	4.44048	1.43112	2.31180e-05
3.22994e+03	2.94159e-02	8.52537e-02	4.25353	2.51232	2.31180e-05
3.35417e+03	2.94205e-02	8.28633e-02	2.26784	4.78352	2.31180e-05
3.47840e+03	2.93984e-02	1.23284e-01	6.18385	5.66390	2.31180e-05
3.60262e+03	2.94232e-02	1.18452e-01	5.21730	6.09195	2.31180e-05
3.72685e+03	2.94842e-02	7.23952e-02	0.19012	6.22080	2.31180e-05
3.85108e+03	2.93744e-02	6.96978e-02	5.21365	3.06304	2.31180e-05
3.97531e+03	2.93758e-02	8.04588e-02	1.35060	6.05650	2.31180e-05
4.09954e+03	2.94009e-02	6.57231e-02	4.60412	1.97567	2.31180e-05
4.22377e+03	2.93980e-02	6.20731e-02	1.76920	0.99467	2.31180e-05
4.34800e+03	2.93822e-02	2.68115e-02	5.94984	1.46409	2.31180e-05
4.47222e+03	2.93965e-02	9.55391e-02	2.14375	3.95334	2.31180e-05
4.59645e+03	2.94452e-02	5.24348e-02	0.13910	6.25033	2.31180e-05
4.72068e+03	2.94382e-02	1.23715e-01	0.36994	1.43876	2.31180e-05
4.84491e+03	2.94343e-02	1.20990e-01	3.84052	0.33369	2.31180e-05
4.96914e+03	2.93882e-02	1.21300e-01	0.30604	4.03907	2.31180e-05
5.09337e+03	2.93967e-02	6.58688e-02	2.64942	4.73048	2.31180e-05
5.21759e+03	2.93633e-02	9.91524e-02	2.05077	3.80928	2.31180e-05
5.34182e+03	2.93855e-02	2.91440e-02	1.08846	5.47190	2.31180e-05
5.46605e+03	2.94151e-02	2.13508e-02	6.19757	1.01895	2.31180e-05
5.59028e+03	2.93453e-02	2.02557e-02	5.80674	2.98835	2.31180e-05
5.71451e+03	2.94322e-02	8.82251e-02	5.40241	0.27176	2.31180e-05
5.83874e+03	2.93633e-02	4.37691e-02	5.64872	0.05527	2.31180e-05
5.96297e+03	2.93446e-02	7.18293e-02	2.46610	0.85027	2.31180e-05
6.08719e+03	2.93322e-02	3.17021e-02	4.93776	2.81236	2.31180e-05
6.21142e+03	2.93364e-02	6.62986e-02	4.60058	4.28762	2.31180e-05
6.33565e+03	2.93688e-02	1.14483e-01	5.03420	1.42436	2.31180e-05
6.45988e+03	2.93242e-02	7.96228e-02	0.60550	3.12412	2.31180e-05
6.58411e+03	2.93823e-02	7.83410e-02	0.47625	2.45843	2.31180e-05
6.70834e+03	2.93005e-02	5.00885e-02	1.63114	6.14505	2.31180e-05
6.83256e+03	2.93055e-02	9.77013e-02	3.92231	5.99275	2.31180e-05
6.95679e+03	2.93459e-02	5.50252e-02	1.00333	1.03807	2.31180e-05
7.08102e+03	2.94191e-02	1.04951e-01	1.05168	0.57464	2.31180e-05
7.20525e+03	2.93245e-02	9.20583e-02	1.98572	1.50225	2.31180e-05
7.32948e+03	2.93252e-02	9.53735e-02	1.17580	0.97809	2.31180e-05
7.45371e+03	2.92724e-02	3.95801e-02	3.28359	0.17474	2.31180e-05
7.57794e+03	2.93509e-02	6.37969e-02	1.31456	4.70088	2.31180e-05
7.70216e+03	2.92955e-02	1.21108e-01	5.78385	6.24470	2.31180e-05
7.82639e+03	2.93358e-02	5.16466e-02	5.02712	0.00268	2.31180e-05
7.95062e+03	2.92458e-02	1.24025e-01	3.27373	0.23088	2.31180e-05
8.07485e+03	2.92947e-02	3.21137e-02	6.24444	5.98654	2.31180e-05
8.19908e+03	2.93099e-02	9.64060e-02	4.96903	2.16222	2.31180e-05
8.32331e+03	2.93277e-02	8.57656e-02	3.16599	4.31493	2.31180e-05
8.44753e+03	2.92930e-02	6.92603e-02	4.73964	2.07284	2.31180e-05
8.57176e+03	2.93537e-02	7.84924e-02	1.85323	5.88857	2.31180e-05
8.69599e+03	2.93312e-02	8.36071e-02	5.33125	3.97377	2.31180e-05
8.82022e+03	2.93042e-02	6.33644e-02	0.51597	0.06615	2.31180e-05
8.94445e+03	2.92996e-02	3.47961e-02	3.71250	4.00890	2.31180e-05
9.06868e+03	2.93166e-02	6.10984e-02	3.20255	5.66047	2.31180e-05
9.19291e+03	2.92647e-02	4.23503e-02	1.10462	1.28346	2.31180e-05
9.31713e+03	2.92805e-02	6.57128e-02	0.04050	2.33279	2.31180e-05
9.44136e+03	2.92835e-02	6.67263e-02	3.01706	3.73842	2.31180e-05
9.56559e+03	2.92821e-02	2.05106e-02	2.88327	1.07603	2.31180e-05
9.68982e+03	2.92920e-02	9.08469e-02	1.36540	0.75948	2.31180e-05
9.81405e+03	2.92902e-02	9.86423e-02	6.10298	4.01510	2.31180e-05
9.93828e+03	2.92668e-02	8.18062e-02	4.51850	1.99950	2.31180e-05
1.00625e+04	2.92823e-02	8.08636e-02	3.89817	5.26120	2.31180e-05
1.01867e+04	2.92970e-02	8.77639e-02	4.24585	2.83893	2.31180e-05
1.03110e+04	2.92735e-02	8.30518e-02	3.39996	1.82696	2.31180e-05
1.04352e+04	2.92628e-02	9.39656e-02	6.17459	6.00622	2.31180e-05
1.05594e+04	2.92633e-02	1.01579e-01	3.24142	4.23001	2.31180e-05
1.06836e+04	2.92746e-02	7.04249e-02	0.49680	3.05337	2.31180e-05
1.08079e+04	2.92561e-02	7.83752e-02	0.87062	6.04830	2.31180e-05
1.09321e+04	2.92687e-02	5.40643e-02	6.23643	2.89103	2.31180e-05
1.10563e+04	2.92329e-02	2.87446e-02	1.54405	5.18470	2.31180e-05
1.11806e+04	2.92509e-02	4.71410e-02	0.96122	3.77213	2.31180e-05
1.13048e+04	2.92749e-02	6.48769e-02	3.42229	1.72961	2.31180e-05
1.14290e+04	2.92294e-02	5.44176e-02	6.01866	5.98471	2.31180e-05
1.15532e+04	2.92806e-02	5.62122e-02	2.95751	3.85948	2.31180e-05
1.16775e+04	2.92458e-02	8.23382e-02	1.99275	4.56244	2.31180e-05
1.18017e+04	2.92661e-02	5.78147e-02	1.55166	0.07011	2.31180e-05
1.19259e+04	2.92553e-02	6.88410e-02	3.10855	1.38790	2.31180e-05
1.20502e+04	2.92592e-02	6.96353e-02	0.67503	3.16449	2.31180e-05
1.21744e+04	2.92550e-02	7.59357e-02	5.55160	4.09773	2.31180e-05
1.22986e+04	2.92395e-02	6.05171e-02	0.91653	5.39513	2.31180e-05
1.24228e+04	2.92521e-02	6.07645e-02	0.93634	5.20326	2.31180e-05
1.25471e+04	2.92746e-02	5.61515e-02	2.40165	4.90661	2.31180e-05
1.26713e+04	2.92315e-02	6.79859e-02	2.45282	2.31652	2.31180e-05
1.27955e+04	2.92480e-02	7.39007e-02	4.05295	5.49686	2.31180e-05
1.29198e+04	2.92305e-02	7.14950e-02	2.46930	1.71631	2.31180e-05
1.30440e+04	2.92450e-02	7.82824e-02	0.57605	4.21791	2.31180e-05
1.31682e+04	2.92208e-02	6.11279e-02	0.08373	5.30535	2.31180e-05
1.32924e+04	2.92194e-02	5.57767e-02	2.45641	5.14852	2.31180e-05
1.34167e+04	2.92496e-02	5.41796e-02	4.76990	5.27568	2.31180e-05
1.35409e+04	2.92421e-02	6.59926e-02	0.82927	1.06115	2.31180e-05
1.36651e+04	2.92062e-02	6.47945e-02	4.13469	2.97421	2.31180e-05
1.37894e+04	2.92084e-02	4.98391e-02	3.95478	3.56713	2.31180e-05
1.39136e+04	2.92284e-02	6.38893e-02	3.79973	2.34363	2.31180e-05
1.40378e+04	2.92300e-02	3.34797e-02	1.33633	0.91678	2.31180e-05
1.41620e+04	2.92478e-02	5.15897e-02	3.36617	5.68466	2.31180e-05
1.42863e+04	2.92351e-02	5.67537e-02	5.77289	1.46677	2.31180e-05
1.44105e+04	2.92420e-02	3.98454e-02	5.52708	2.48429	2.31180e-05
1.45347e+04	2.92095e-02	4.39075e-02	3.34346	3.68434	2.31180e-05
1.46590e+04	2.92513e-02	4.36038e-02	6.06779	5.69679	2.31180e-05
1.47832e+04	2.92581e-02	5.24887e-02	6.25765	0.17815	2.31180e-05
1.49074e+04	2.92545e-02	5.42092e-02	5.29924	5.04798	2.31180e-05
1.50316e+04	2.92342e-02	5.29985e-02	5.20168	5.26823	2.31180e-05
1.51559e+04	2.92298e-02	6.19600e-02	0.85036	3.95059	2.31180e-05
1.52801e+04	2.92302e-02	3.97219e-02	2.85706	1.94689	2.31180e-05
1.54043e+04	2.92327e-02	5.38225e-02	3.51418	0.20813	2.31180e-05
1.55286e+04	2.92373e-02	5.61208e-02	5.75929	3.39231	2.31180e-05
1.56528e+04	2.92257e-02	5.62621e-02	2.34653	5.50811	2.31180e-05
1.57770e+04	2.92354e-02	4.68815e-02	2.49395	0.13130	2.31180e-05
1.59012e+04	2.92248e-02	4.86225e-02	3.50523	0.65419	2.31180e-05
1.60255e+04	2.92138e-02	4.45729e-02	1.32455	2.05279	2.31180e-05
1.61497e+04	2.92555e-02	4.08144e-02	5.91910	1.51495	2.31180e-05
1.62739e+04	2.92192e-02	4.72055e-02	4.34144	5.57184	2.31180e-05
1.63982e+04	2.92457e-02	5.32856e-02	6.01864	0.52731	2.31180e-05
1.65224e+04	2.92209e-02	4.47973e-02	5.78154	4.63143	2.31180e-05
1.66466e+04	2.92480e-02	5.06610e-02	0.45468	1.75712	2.31180e-05
1.67708e+04	2.92479e-02	4.66917e-02	6.00909	3.06919	2.31180e-05
1.68951e+04	2.92449e-02	4.42897e-02	4.30224	5.30024	2.31180e-05
1.70193e+04	2.92121e-02	5.46575e-02	3.42021	0.38088	2.31180e-05
1.71435e+04	2.92491e-02	4.35195e-02	0.58218	0.12324	2.31180e-05
1.72678e+04	2.92124e-02	5.25366e-02	0.99936	0.07920	2.31180e-05
1.73920e+04	2.92258e-02	4.63127e-02	0.39080	5.44638	2.31180e-05
1.75162e+04	2.92370e-02	5.12254e-02	1.03522	4.16358	2.31180e-05
1.76404e+04	2.92431e-02	4.24286e-02	5.93185	0.86386	2.31180e-05
1.77647e+04	2.92409e-02	5.17397e-02	0.21150	3.69738	2.31180e-05
1.78889e+04	2.92414e-02	5.05004e-02	5.53652	4.85980	2.31180e-05
1.80131e+04	2.92321e-02	3.66325e-02	2.25267	5.80487	2.31180e-05
1.81374e+04	2.92281e-02	3.65149e-02	2.26671	6.22114	2.31180e-05
1.82616e+04	2.92559e-02	3.23177e-02	5.46085	3.36558	2.31180e-05
1.83858e+04	2.92501e-02	3.70846e-02	4.00083	4.92832	2.31180e-05
1.85100e+04	2.92299e-02	3.65489e-02	4.11804	0.68608	2.31180e-05
1.86343e+04	2.92494e-02	4.00762e-02	3.77699	2.07443	2.31180e-05
1.87585e+04	2.92407e-02	4.36904e-02	0.49080	0.38615	2.31180e-05
1.88827e+04	2.92449e-02	2.82971e-02	5.41970	1.77807	2.31180e-05
1.90070e+04	2.92320e-02	4.22100e-02	3.13201	2.21878	2.31180e-05
1.91312e+04	2.92435e-02	3.72708e-02	1.36712	3.98525	2.31180e-05
1.92554e+04	2.92497e-02	4.89669e-02	5.27208	4.59576	2.31180e-05
1.93796e+04	2.92348e-02	4.18947e-02	6.10691	5.60319	2.31180e-05
1.95039e+04	2.92363e-02	4.72274e-02	2.65960	5.38200	2.31180e-05
1.96281e+04	2.92502e-02	3.93888e-02	6.19435	4.75919	2.31180e-05
1.97523e+04	2.92362e-02	4.21718e-02	3.99547	3.07122	2.31180e-05
1.98766e+04	2.92253e-02	3.90862e-02	2.50823	0.30972	2.31180e-05
2.00008e+04	2.92305e-02	4.21475e-02	3.54184	3.79094	2.31180e-05
2.01250e+04	2.92424e-02	4.11471e-02	2.71113	1.10448	2.31180e-05
2.02492e+04	2.92419e-02	4.00074e-02	2.59164	3.87513	2.31180e-05
2.03735e+04	2.92399e-02	3.59526e-02	3.56811	5.09314	2.31180e-05
2.04977e+04	2.92482e-02	3.88467e-02	3.23418	2.65523	2.31180e-05
2.06219e+04	2.92695e-02	3.75271e-02	4.60564	5.16991	2.31180e-05
2.07462e+04	2.92463e-02	3.99027e-02	2.19178	1.59717	2.31180e-05
2.08704e+04	2.92559e-02	3.40178e-02	5.04243	1.94297	2.31180e-05
2.09946e+04	2.92340e-02	3.65321e-02	3.43688	3.21592	2.31180e-05
2.11188e+04	2.92350e-02	3.96818e-02	5.39079	4.81066	2.31180e-05
2.12431e+04	2.92399e-02	3.51021e-02	2.27255	5.24408	2.31180e-05
2.13673e+04	2.92387e-02	4.26139e-02	4.23600	5.48158	2.31180e-05
2.14915e+04	2.92398e-02	3.26806e-02	4.21894	5.62125	2.31180e-05
2.16157e+04	2.92495e-02	4.18885e-02	5.73921	4.66613	2.31180e-05
2.17400e+04	2.92553e-02	3.99497e-02	3.71633	1.29351	2.31180e-05
2.18642e+04	2.92305e-02	3.64804e-02	2.72748	5.63220	2.31180e-05
2.19884e+04	2.92550e-02	2.89095e-02	4.48923	2.05887	2.31180e-05
2.21127e+04	2.92558e-02	3.17151e-02	3.92208	4.98240	2.31180e-05
2.22369e+04	2.92575e-02	3.12540e-02	6.15839	5.80025	2.31180e-05
2.23611e+04	2.92543e-02	3.26952e-02	3.48687	1.52069	2.31180e-05
2.24853e+04	2.92510e-02	3.41590e-02	0.62254	2.83011	2.31180e-05
2.26096e+04	2.92605e-02	2.64684e-02	3.01419	4.19709	2.31180e-05
2.27338e+04	2.92636e-02	3.07900e-02	5.41903	5.20017	2.31180e-05
2.28580e+04	2.92551e-02	3.37460e-02	5.79095	5.95966	2.31180e-05
2.29823e+04	2.92443e-02	3.59632e-02	0.30554	5.98580	2.31180e-05
2.31065e+04	2.92562e-02	3.74153e-02	0.56056	5.71421	2.31180e-05
2.32307e+04	2.92594e-02	3.58874e-02	4.11762	5.95213	2.31180e-05
2.33549e+04	2.92611e-02	3.63764e-02	0.72400	6.21394	2.31180e-05
2.34792e+04	2.92546e-02	3.61173e-02	3.03341	6.01325	2.31180e-05
2.36034e+04	2.92644e-02	3.61509e-02	4.23935	5.81170	2.31180e-05
2.37276e+04	2.92606e-02	3.51129e-02	4.16016	5.29186	2.31180e-05
2.38519e+04	2.92630e-02	3.33981e-02	3.75954	4.31343	2.31180e-05
2.39761e+04	2.92600e-02	3.54275e-02	1.91964	3.40483	2.31180e-05
2.41003e+04	2.92528e-02	3.90951e-02	5.98103	2.05847	2.31180e-05
2.42245e+04	2.92614e-02	3.25088e-02	2.47533	0.64679	2.31180e-05
2.43488e+04	2.92565e-02	3.80779e-02	4.81210	5.14180	2.31180e-05
2.44730e+04	2.92603e-02	3.79643e-02	5.50068	3.69187	2.31180e-05
2.45972e+04	2.92604e-02	3.66644e-02	4.95388	2.17087	2.31180e-05
2.47215e+04	2.92584e-02	3.35393e-02	4.47059	0.39187	2.31180e-05
2.48457e+04	2.92548e-02	3.26133e-02	2.14425	5.05057	2.31180e-05
2.49699e+04	2.92683e-02	3.44662e-02	5.42608	3.20456	2.31180e-05
2.50941e+04	2.92707e-02	3.42363e-02	1.47166	1.39051	2.31180e-05
2.52184e+04	2.92668e-02	3.42399e-02	3.03529	5.49320	2.31180e-05
2.53426e+04	2.92673e-02	3.60772e-02	3.96574	3.14343	2.31180e-05
2.54668e+04	2.92645e-02	3.16164e-02	3.21133	1.27955	2.31180e-05
2.55911e+04	2.92620e-02	3.42709e-02	1.98770	5.32447	2.31180e-05
2.57153e+04	2.92645e-02	3.59976e-02	5.81799	3.28018	2.31180e-05
2.58395e+04	2.92744e-02	2.87810e-02	2.45588	1.13385	2.31180e-05
2.59637e+04	2.92698e-02	3.13329e-02	4.37456	5.33797	2.31180e-05
2.60880e+04	2.92723e-02	3.45013e-02	5.60406	2.98943	2.31180e-05
2.62122e+04	2.92705e-02	3.71796e-02	5.54118	1.04238	2.31180e-05
2.63364e+04	2.92649e-02	3.48117e-02	4.80151	5.12711	2.31180e-05
2.64607e+04	2.92668e-02	3.42525e-02	2.88107	3.23392	2.31180e-05
2.65849e+04	2.92742e-02	3.78818e-02	0.20148	1.20001	2.31180e-05
2.67091e+04	2.92716e-02	3.19968e-02	2.78307	5.63592	2.31180e-05
2.68333e+04	2.92622e-02	3.64855e-02	4.63330	3.65304	2.31180e-05
2.69576e+04	2.92716e-02	3.09878e-02	5.48322	1.83246	2.31180e-05
2.70818e+04	2.92689e-02	3.80248e-02	5.76424	6.08696	2.31180e-05
2.72060e+04	2.92663e-02	3.44388e-02	4.49169	4.55912	2.31180e-05
2.73303e+04	2.92684e-02	3.41810e-02	2.82051	2.79296	2.31180e-05
2.74545e+04	2.92733e-02	3.58226e-02	6.25145	1.38065	2.31180e-05
2.75787e+04	2.92633e-02	3.46431e-02	2.57398	6.22138	2.31180e-05
2.77029e+04	2.92658e-02	3.78862e-02	4.34921	4.95818	2.31180e-05
2.78272e+04	2.92716e-02	3.37532e-02	5.26195	3.72135	2.31180e-05
2.79514e+04	2.92802e-02	3.64288e-02	5.39456	2.50196	2.31180e-05
2.80756e+04	2.92699e-02	3.50713e-02	4.49314	1.62375	2.31180e-05
2.81999e+04	2.92732e-02	3.30524e-02	2.95383	0.59329	2.31180e-05
2.83241e+04	2.92685e-02	3.57072e-02	0.58367	5.99909	2.31180e-05
2.84483e+04	2.92738e-02	3.36623e-02	3.62859	5.26919	2.31180e-05
2.85725e+04	2.92815e-02	3.68671e-02	5.78702	4.69083	2.31180e-05
2.86968e+04	2.92654e-02	3.75323e-02	0.72272	4.42019	2.31180e-05
2.88210e+04	2.92728e-02	3.53177e-02	1.16835	4.20705	2.31180e-05
2.89452e+04	2.92727e-02	3.46350e-02	1.07370	3.93283	2.31180e-05
2.90695e+04	2.92785e-02	3.67093e-02	6.21830	4.01486	2.31180e-05
2.91937e+04	2.92793e-02	3.54234e-02	4.32133	4.27918	2.31180e-05
2.93179e+04	2.92743e-02	3.63772e-02	1.67004	4.63309	2.31180e-05
2.94421e+04	2.92677e-02	3.52045e-02	4.50370	5.15988	2.31180e-05
2.95664e+04	2.92661e-02	3.44623e-02	0.39478	5.76417	2.31180e-05
2.96906e+04	2.92775e-02	3.52581e-02	1.76801	0.28603	2.31180e-05
2.98148e+04	2.92815e-02	3.61115e-02	2.32018	1.30201	2.31180e-05
2.99391e+04	2.92717e-02	3.46808e-02	2.15591	2.47472	2.31180e-05
3.00633e+04	2.92826e-02	3.61124e-02	1.36024	3.73875	2.31180e-05
3.01875e+04	2.92867e-02	3.57048e-02	6.15128	5.18345	2.31180e-05
3.03117e+04	2.92844e-02	3.55333e-02	3.83916	0.59311	2.31180e-05
3.04360e+04	2.92735e-02	3.50315e-02	0.80461	2.46145	2.31180e-05
3.05602e+04	2.92786e-02	3.44158e-02	3.42770	4.47742	2.31180e-05
3.06844e+04	2.92795e-02	3.30954e-02	5.45489	0.30742	2.31180e-05
3.08087e+04	2.92899e-02	3.33135e-02	0.42795	2.67548	2.31180e-05
3.09329e+04	2.92799e-02	3.47435e-02	1.08922	5.12833	2.31180e-05
3.10571e+04	2.92791e-02	3.46506e-02	1.06546	1.56072	2.31180e-05
3.11813e+04	2.92947e-02	3.62075e-02	0.30633	4.47842	2.31180e-05
3.13056e+04	2.92732e-02	3.80094e-02	5.24590	1.27294	2.31180e-05
3.14298e+04	2.92799e-02	3.80423e-02	3.28870	4.52228	2.31180e-05
3.15540e+04	2.92692e-02	3.80023e-02	0.71999	1.65673	2.31180e-05
3.16783e+04	2.92883e-02	3.73372e-02	3.81368	5.23429	2.31180e-05
3.18025e+04	2.92888e-02	3.59289e-02	0.06590	2.74749	2.31180e-05
3.19267e+04	2.92868e-02	3.56296e-02	1.89995	0.48336	2.31180e-05
3.20509e+04	2.92777e-02	3.70300e-02	3.29434	4.59003	2.31180e-05
3.21752e+04	2.92837e-02	3.62516e-02	4.22741	2.53950	2.31180e-05
3.22994e+04	2.92799e-02	3.56080e-02	4.45099	0.75506	2.31180e-05
3.24236e+04	2.92796e-02	3.67760e-02	4.14632	5.40233	2.31180e-05
3.25479e+04	2.92767e-02	3.51039e-02	3.30700	3.94719	2.31180e-05
3.26721e+04	2.92913e-02	3.65735e-02	1.92303	2.69536	2.31180e-05
3.27963e+04	2.92913e-02	3.53523e-02	0.07062	1.57758	2.31180e-05
3.29205e+04	2.92868e-02	3.54212e-02	3.91851	0.71238	2.31180e-05
3.30448e+04	2.92785e-02	3.70311e-02	1.07560	6.21244	2.31180e-05
3.31690e+04	2.92835e-02	3.62217e-02	4.00271	5.62233	2.31180e-05
3.32932e+04	2.92900e-02	3.69351e-02	0.17672	5.19749	2.31180e-05
3.34175e+04	2.92808e-02	3.58944e-02	2.13251	4.96452	2.31180e-05
3.35417e+04	2.92855e-02	3.66166e-02	3.58204	4.92653	2.31180e-05
3.36659e+04	2.92815e-02	3.70233e-02	4.65175	4.98838	2.31180e-05
3.37901e+04	2.92811e-02	3.70688e-02	5.28093	5.23740	2.31180e-05
3.39144e+04	2.92856e-02	3.77635e-02	5.42482	5.70473	2.31180e-05
3.40386e+04	2.92823e-02	3.83109e-02	5.29699	6.21078	2.31180e-05
3.41628e+04	2.92841e-02	3.81319e-02	4.62282	0.69005	2.31180e-05
3.42871e+04	2.92833e-02	3.77143e-02	3.54046	1.59800	2.31180e-05
3.44113e+04	2.92792e-02	3.71625e-02	2.11072	2.64629	2.31180e-05
3.45355e+04	2.92973e-02	3.68836e-02	0.22000	3.92438	2.31180e-05
3.46597e+04	2.92805e-02	3.67809e-02	4.28278	5.29985	2.31180e-05
3.47840e+04	2.92908e-02	3.71128e-02	1.64324	0.60760	2.31180e-05
3.49082e+04	2.92831e-02	3.84143e-02	4.93506	2.31220	2.31180e-05
3.50324e+04	2.92844e-02	3.80500e-02	1.61277	4.17328	2.31180e-05
3.51567e+04	2.92818e-02	3.83415e-02	4.29531	6.12385	2.31180e-05
3.52809e+04	2.92871e-02	3.73007e-02	0.33541	1.98868	2.31180e-05
3.54051e+04	2.92779e-02	3.72128e-02	2.28494	4.29902	2.31180e-05
3.55293e+04	2.92847e-02	3.74104e-02	3.80399	0.53395	2.31180e-05
3.56536e+04	2.92816e-02	3.80135e-02	5.13512	3.13109	2.31180e-05
3.57778e+04	2.92948e-02	3.95852e-02	6.16916	5.87122	2.31180e-05
3.59020e+04	2.92762e-02	3.79117e-02	0.65439	2.42683	2.31180e-05
3.60262e+04	2.92806e-02	3.79197e-02	1.05602	5.46635	2.31180e-05
3.61505e+04	2.92809e-02	3.67859e-02	1.12924	2.41295	2.31180e-05
3.62747e+04	2.92836e-02	3.80588e-02	1.01778	5.70347	2.31180e-05
3.63989e+04	2.92771e-02	3.85964e-02	0.65771	2.84214	2.31180e-05
3.65232e+04	2.92944e-02	3.80101e-02	0.01682	0.11815	2.31180e-05
3.66474e+04	2.92812e-02	3.75083e-02	5.34998	3.84681	2.31180e-05
3.67716e+04	2.92823e-02	3.87163e-02	4.14843	1.43689	2.31180e-05
3.68958e+04	2.92720e-02	3.82428e-02	2.80331	5.39351	2.31180e-05
3.70201e+04	2.92839e-02	3.77129e-02	1.22218	3.17350	2.31180e-05
3.71443e+04	2.92905e-02	3.75631e-02	5.61386	1.15093	2.31180e-05
3.72685e+04	2.92822e-02	3.82356e-02	3.51626	5.53582	2.31180e-05
3.73928e+04	2.92819e-02	3.84756e-02	1.28088	3.69550	2.31180e-05
3.75170e+04	2.92801e-02	3.83037e-02	5.11193	1.97676	2.31180e-05
3.76412e+04	2.92785e-02	3.84985e-02	2.37528	0.44145	2.31180e-05
3.77654e+04	2.92873e-02	4.01000e-02	5.82619	5.26166	2.31180e-05
3.78897e+04	2.92815e-02	3.89898e-02	2.83490	3.88595	2.31180e-05
3.80139e+04	2.92955e-02	3.73133e-02	5.83781	2.70866	2.31180e-05
3.81381e+04	2.92761e-02	3.87042e-02	2.42286	1.60640	2.31180e-05
3.82624e+04	2.92833e-02	3.86300e-02	5.22984	0.53712	2.31180e-05
3.83866e+04	2.92870e-02	3.91300e-02	1.48940	5.95021	2.31180e-05
3.85108e+04	2.92861e-02	3.91732e-02	3.88793	5.17671	2.31180e-05
3.86350e+04	2.92987e-02	3.99187e-02	6.20659	4.46049	2.31180e-05
3.87593e+04	2.92829e-02	3.79434e-02	1.99778	3.93144	2.31180e-05
3.88835e+04	2.92933e-02	3.88975e-02	3.96423	3.45892	2.31180e-05
3.90077e+04	2.92864e-02	3.89741e-02	5.92161	3.01763	2.31180e-05
3.91320e+04	2.92866e-02	3.80952e-02	1.32307	2.77479	2.31180e-05
3.92562e+04	2.92810e-02	3.95159e-02	2.93551	2.61163	2.31180e-05
3.93804e+04	2.92852e-02	3.91333e-02	4.53124	2.44953	2.31180e-05
3.95046e+04	2.92927e-02	3.88121e-02	5.85798	2.49467	2.31180e-05
3.96289e+04	2.92888e-02	3.95101e-02	0.87985	2.59171	2.31180e-05
3.97531e+04	2.92816e-02	3.83891e-02	2.13020	2.73144	2.31180e-05
3.98773e+04	2.92777e-02	3.90574e-02	3.15362	3.06474	2.31180e-05
4.00016e+04	2.92901e-02	3.97012e-02	4.25335	3.35657	2.31180e-05
4.01258e+04	2.92816e-02	3.84969e-02	5.18035	3.80708	2.31180e-05
4.02500e+04	2.92904e-02	4.01377e-02	5.97770	4.36908	2.31180e-05
4.03742e+04	2.92777e-02	3.93604e-02	0.56434	4.90919	2.31180e-05
4.04985e+04	2.92853e-02	3.88663e-02	1.20086	5.63138	2.31180e-05
4.06227e+04	2.92931e-02	4.00932e-02	1.88222	0.09025	2.31180e-05
4.07469e+04	2.92894e-02	3.85943e-02	2.46397	0.92021	2.31180e-05
4.08712e+04	2.92806e-02	3.94261e-02	2.96227	1.85456	2.31180e-05
4.09954e+04	2.92823e-02	3.84977e-02	3.49928	2.79066	2.31180e-05
4.11196e+04	2.92893e-02	3.86769e-02	3.85505	3.89508	2.31180e-05
4.12438e+04	2.92839e-02	4.01253e-02	4.29466	4.97806	2.31180e-05
4.13681e+04	2.92788e-02	3.85739e-02	4.55488	6.22371	2.31180e-05
4.14923e+04	2.92788e-02	4.00822e-02	4.85356	1.19568	2.31180e-05
4.16165e+04	2.92769e-02	3.88511e-02	5.15066	2.49084	2.31180e-05
4.17408e+04	2.92842e-02	3.99706e-02	5.34630	3.91522	2.31180e-05
4.18650e+04	2.92900e-02	4.01586e-02	5.62485	5.31134	2.31180e-05
4.19892e+04	2.92920e-02	4.02657e-02	5.71455	0.59946	2.31180e-05
4.21134e+04	2.92970e-02	4.02044e-02	5.92939	2.13846	2.31180e-05
4.22377e+04	2.92971e-02	3.93527e-02	6.00383	3.81706	2.31180e-05
4.23619e+04	2.92954e-02	4.00641e-02	6.14808	5.50205	2.31180e-05
4.24861e+04	2.92990e-02	3.91047e-02	6.25336	0.98407	2.31180e-05
4.26104e+04	2.92956e-02	4.05744e-02	0.03354	2.82047	2.31180e-05
4.27346e+04	2.92917e-02	3.92811e-02	0.16766	4.64659	2.31180e-05
4.28588e+04	2.92963e-02	4.10078e-02	0.20829	0.31571	2.31180e-05
4.29830e+04	2.92900e-02	3.93036e-02	0.34174	2.25203	2.31180e-05
4.31073e+04	2.92879e-02	4.04340e-02	0.36553	4.30704	2.31180e-05
4.32315e+04	2.92936e-02	3.98881e-02	0.50568	0.07704	2.31180e-05
4.33557e+04	2.92842e-02	3.95363e-02	0.51705	2.24716	2.31180e-05
4.34800e+04	2.92830e-02	4.04773e-02	0.71940	4.34320	2.31180e-05
4.36042e+04	2.92886e-02	4.02107e-02	0.73293	0.33840	2.31180e-05
4.37284e+04	2.92821e-02	3.96098e-02	0.95200	2.52374	2.31180e-05
4.38526e+04	2.92820e-02	4.01286e-02	0.99674	4.88677	2.31180e-05
4.39769e+04	2.92845e-02	3.96963e-02	1.23787	0.88951	2.31180e-05
4.41011e+04	2.92847e-02	3.98367e-02	1.36053	3.31467	2.31180e-05
4.42253e+04	2.92844e-02	4.07879e-02	1.63960	5.67447	2.31180e-05
4.43496e+04	2.92859e-02	3.92202e-02	1.79310	1.89248	2.31180e-05
4.44738e+04	2.92819e-02	4.00228e-02	2.11929	4.33539	2.31180e-05
4.45980e+04	2.92782e-02	3.97372e-02	2.31428	0.63960	2.31180e-05
4.47222e+04	2.92736e-02	4.06252e-02	2.72173	3.12399	2.31180e-05
4.48465e+04	2.92713e-02	4.02778e-02	2.99262	5.77308	2.31180e-05
4.49707e+04	2.92817e-02	4.01919e-02	3.43252	2.07212	2.31180e-05
4.50949e+04	2.92860e-02	3.92031e-02	3.78710	4.76071	2.31180e-05
4.52192e+04	2.92894e-02	4.07528e-02	4.29410	1.12566	2.31180e-05
4.53434e+04	2.92843e-02	3.97891e-02	4.69303	3.89167	2.31180e-05
4.54676e+04	2.92813e-02	4.05908e-02	5.30579	0.28530	2.31180e-05
4.55918e+04	2.92888e-02	3.97655e-02	5.77108	3.12383	2.31180e-05
4.57161e+04	2.92850e-02	4.02667e-02	0.17135	5.88144	2.31180e-05
4.58403e+04	2.92743e-02	4.00315e-02	0.75644	2.45206	2.31180e-05
4.59645e+04	2.92888e-02	4.05621e-02	1.49469	5.26282	2.31180e-05
4.60888e+04	2.92897e-02	3.88048e-02	2.15455	1.90231	2.31180e-05
4.62130e+04	2.92827e-02	4.04960e-02	2.99656	4.74704	2.31180e-05
4.63372e+04	2.92848e-02	3.95917e-02	3.74909	1.42631	2.31180e-05
4.64614e+04	2.92776e-02	4.03185e-02	4.69928	4.31506	2.31180e-05
4.65857e+04	2.92901e-02	3.99550e-02	5.55332	1.03037	2.31180e-05
4.67099e+04	2.92896e-02	4.05933e-02	0.29535	3.96867	2.31180e-05
4.68341e+04	2.92862e-02	4.02427e-02	1.24068	0.72447	2.31180e-05
4.69584e+04	2.92775e-02	4.05992e-02	2.37826	3.68878	2.31180e-05
4.70826e+04	2.92817e-02	3.95112e-02	3.42706	0.48055	2.31180e-05
4.72068e+04	2.92837e-02	4.05356e-02	4.68801	3.47168	2.31180e-05
4.73310e+04	2.92894e-02	4.00889e-02	5.81705	0.32298	2.31180e-05
4.74553e+04	2.92746e-02	3.98085e-02	0.88139	3.34261	2.31180e-05
4.75795e+04	2.92925e-02	3.99443e-02	2.12834	0.20905	2.31180e-05
4.77037e+04	2.92821e-02	4.00586e-02	3.57326	3.27339	2.31180e-05
4.78280e+04	2.92755e-02	3.98928e-02	4.93672	0.16159	2.31180e-05
4.79522e+04	2.92924e-02	4.09390e-02	0.20221	3.24587	2.31180e-05
4.80764e+04	2.92856e-02	3.99402e-02	1.70711	0.14865	2.31180e-05
4.82006e+04	2.92753e-02	4.04174e-02	3.37519	3.25566	2.31180e-05
4.83249e+04	2.92807e-02	4.02196e-02	4.94504	0.19999	2.31180e-05
4.84491e+04	2.92794e-02	3.98224e-02	0.44540	3.32105	2.31180e-05
4.85733e+04	2.92921e-02	4.01820e-02	2.15067	0.27106	2.31180e-05
4.86976e+04	2.92833e-02	3.99487e-02	4.02693	3.42517	2.31180e-05
4.88218e+04	2.92951e-02	4.01562e-02	5.86658	0.38327	2.31180e-05
4.89460e+04	2.92828e-02	4.05010e-02	1.56927	3.56179	2.31180e-05
4.90702e+04	2.92840e-02	3.98914e-02	3.51045	0.53275	2.31180e-05
4.91945e+04	2.92827e-02	4.03959e-02	5.62422	3.70752	2.31180e-05
4.93187e+04	2.92872e-02	4.07131e-02	1.37739	0.70722	2.31180e-05
4.94429e+04	2.92827e-02	3.97365e-02	3.61159	3.89234	2.31180e-05
4.95672e+04	2.92934e-02	4.06287e-02	5.80328	0.87820	2.31180e-05
4.96914e+04	2.92834e-02	3.97965e-02	1.82244	4.11059	2.31180e-05
4.98156e+04	2.92875e-02	3.98638e-02	4.13100	1.09257	2.31180e-05
4.99398e+04	2.92869e-02	4.06053e-02	0.27531	4.32172	2.31180e-05
5.00641e+04	2.92811e-02	4.00571e-02	2.67245	1.33116	2.31180e-05
5.01883e+04	2.92794e-02	4.01048e-02	5.24034	4.54370	2.31180e-05
5.03125e+04	2.92839e-02	4.05878e-02	1.46516	1.55935	2.31180e-05
5.04367e+04	2.92880e-02	3.97221e-02	4.16569	4.76915	2.31180e-05
5.05610e+04	2.92822e-02	4.03186e-02	0.50608	1.79121	2.31180e-05
5.06852e+04	2.92783e-02	3.97430e-02	3.26441	5.03787	2.31180e-05
5.08094e+04	2.92947e-02	4.04253e-02	6.02273	2.03655	2.31180e-05
5.09337e+04	2.92747e-02	4.06700e-02	2.62508	5.27062	2.31180e-05
5.10579e+04	2.92831e-02	4.04130e-02	5.48294	2.27943	2.31180e-05
5.11821e+04	2.92900e-02	3.99519e-02	2.21510	5.51421	2.31180e-05
5.13063e+04	2.92783e-02	4.03905e-02	5.17698	2.52916	2.31180e-05
5.14306e+04	2.92814e-02	3.95770e-02	1.99238	5.76168	2.31180e-05
5.15548e+04	2.92824e-02	4.04266e-02	5.08448	2.75672	2.31180e-05
5.16790e+04	2.92923e-02	3.99503e-02	1.99249	6.00647	2.31180e-05
5.18033e+04	2.92770e-02	4.01294e-02	5.19439	2.98904	2.31180e-05
5.19275e+04	2.92791e-02	4.04529e-02	2.22685	6.21366	2.31180e-05
5.20517e+04	2.92855e-02	4.02576e-02	5.53659	3.21307	2.31180e-05
5.21759e+04	2.92817e-02	3.98970e-02	2.68138	0.14441	2.31180e-05
5.23002e+04	2.92944e-02	4.07560e-02	6.07322	3.41763	2.31180e-05
5.24244e+04	2.92771e-02	3.98750e-02	3.30787	0.35420	2.31180e-05
5.25486e+04	2.92754e-02	4.03143e-02	0.54328	3.60346	2.31180e-05
5.26729e+04	2.92820e-02	4.02482e-02	4.16215	0.53060	2.31180e-05
5.27971e+04	2.92847e-02	3.99504e-02	1.49158	3.79155	2.31180e-05
5.29213e+04	2.92809e-02	4.03601e-02	5.21303	0.71019	2.31180e-05
5.30455e+04	2.92816e-02	4.00806e-02	2.63116	3.95734	2.31180e-05
5.31698e+04	2.92912e-02	4.04972e-02	0.18435	0.84905	2.31180e-05
5.32940e+04	2.92899e-02	3.99588e-02	3.97811	4.08579	2.31180e-05
5.34182e+04	2.92882e-02	4.00968e-02	1.60178	0.99350	2.31180e-05
5.35425e+04	2.92846e-02	4.04076e-02	5.54230	4.19351	2.31180e-05
5.36667e+04	2.92727e-02	4.03839e-02	3.24749	1.09460	2.31180e-05
5.37909e+04	2.92798e-02	3.98742e-02	0.95803	4.29969	2.31180e-05
5.39151e+04	2.92762e-02	4.03914e-02	5.05636	1.18307	2.31180e-05
5.40394e+04	2.92693e-02	4.00947e-02	2.85456	4.38179	2.31180e-05
5.41636e+04	2.92736e-02	4.02675e-02	0.76617	1.23444	2.31180e-05
5.42878e+04	2.92768e-02	4.02591e-02	4.93595	4.42114	2.31180e-05
5.44121e+04	2.92723e-02	4.02682e-02	2.95366	1.26865	2.31180e-05
5.45363e+04	2.92740e-02	4.00130e-02	0.93411	4.43313	2.31180e-05
5.46605e+04	2.92777e-02	4.04311e-02	5.28085	1.27930	2.31180e-05
5.47847e+04	2.92758e-02	3.97800e-02	3.35805	4.42438	2.31180e-05
5.49090e+04	2.92872e-02	4.07375e-02	1.50176	1.26250	2.31180e-05
5.50332e+04	2.92947e-02	4.00590e-02	5.93830	4.39401	2.31180e-05
5.51574e+04	2.92878e-02	4.01295e-02	4.19448	1.20730	2.31180e-05
5.52817e+04	2.92851e-02	3.99232e-02	2.42275	4.33329	2.31180e-05
5.54059e+04	2.92803e-02	4.02175e-02	0.73051	1.13128	2.31180e-05
5.55301e+04	2.92829e-02	3.98479e-02	5.33942	4.22549	2.31180e-05
5.56543e+04	2.92856e-02	4.02277e-02	3.71180	1.02607	2.31180e-05
5.57786e+04	2.92804e-02	3.96211e-02	2.11409	4.10063	2.31180e-05
5.59028e+04	2.92750e-02	4.05211e-02	0.55478	0.88505	2.31180e-05
5.60270e+04	2.92791e-02	3.98029e-02	5.34212	3.93950	2.31180e-05
5.61513e+04	2.92850e-02	4.00438e-02	3.85042	0.71147	2.31180e-05
5.62755e+04	2.92865e-02	4.00922e-02	2.39784	3.76017	2.31180e-05
5.63997e+04	2.92842e-02	4.03536e-02	0.97587	0.51798	2.31180e-05
5.65239e+04	2.92874e-02	4.01513e-02	5.89371	3.53092	2.31180e-05
5.66482e+04	2.92776e-02	4.03061e-02	4.52112	0.28746	2.31180e-05
5.67724e+04	2.92722e-02	3.97458e-02	3.24377	3.28698	2.31180e-05
5.68966e+04	2.92902e-02	4.00568e-02	1.92033	0.03808	2.31180e-05
5.70209e+04	2.92811e-02	3.97522e-02	0.70284	3.00731	2.31180e-05
5.71451e+04	2.92862e-02	4.01852e-02	5.74526	6.00797	2.31180e-05
5.72693e+04	2.92796e-02	4.03656e-02	4.57141	2.69396	2.31180e-05
5.73935e+04	2.92792e-02	3.97462e-02	3.38519	5.68810	2.31180e-05
5.75178e+04	2.92896e-02	4.02107e-02	2.28891	2.35580	2.31180e-05
5.76420e+04	2.92805e-02	4.01663e-02	1.17048	5.32217	2.31180e-05
5.77662e+04	2.92812e-02	4.05534e-02	0.12118	1.96952	2.31180e-05
5.78905e+04	2.92793e-02	4.01449e-02	5.34305	4.91642	2.31180e-05
5.80147e+04	2.92855e-02	4.01061e-02	4.34255	1.55484	2.31180e-05
5.81389e+04	2.92784e-02	3.99698e-02	3.33236	4.49154	2.31180e-05
5.82631e+04	2.92757e-02	4.03576e-02	2.37022	1.12212	2.31180e-05
5.83874e+04	2.92856e-02	3.98827e-02	1.43634	4.03878	2.31180e-05
5.85116e+04	2.92895e-02	4.03038e-02	0.51636	0.65858	2.31180e-05
5.86358e+04	2.92874e-02	3.97849e-02	5.91079	3.55358	2.31180e-05
5.87601e+04	2.92752e-02	3.99612e-02	5.02521	0.16785	2.31180e-05
5.88843e+04	2.92872e-02	3.96831e-02	4.20317	3.02858	2.31180e-05
5.90085e+04	2.92792e-02	3.99691e-02	3.35573	5.91585	2.31180e-05
5.91327e+04	2.92713e-02	4.00573e-02	2.60031	2.47508	2.31180e-05
5.92570e+04	2.92891e-02	3.99610e-02	1.78037	5.36572	2.31180e-05
5.93812e+04	2.92792e-02	3.99525e-02	1.06025	1.89997	2.31180e-05
5.95054e+04	2.92786e-02	4.01692e-02	0.30164	4.75745	2.31180e-05
5.96297e+04	2.92929e-02	4.05814e-02	5.89698	1.28032	2.31180e-05
5.97539e+04	2.92814e-02	3.99024e-02	5.18652	4.11972	2.31180e-05
5.98781e+04	2.92801e-02	4.03848e-02	4.51814	0.64692	2.31180e-05
6.00023e+04	2.92884e-02	3.94392e-02	3.87289	3.46181	2.31180e-05
6.01266e+04	2.92805e-02	4.03258e-02	3.23193	6.26490	2.31180e-05
6.02508e+04	2.92730e-02	3.98944e-02	2.61838	2.77292	2.31180e-05
6.03750e+04	2.92916e-02	4.00165e-02	1.99542	5.57612	2.31180e-05
6.04993e+04	2.92820e-02	3.99198e-02	1.42702	2.05970	2.31180e-05
6.06235e+04	2.92731e-02	3.99205e-02	0.84109	4.84360	2.31180e-05
6.07477e+04	2.92868e-02	4.02007e-02	0.32658	1.31513	2.31180e-05
6.08719e+04	2.92841e-02	4.02954e-02	6.04892	4.09040	2.31180e-05
6.09962e+04	2.92840e-02	4.02328e-02	5.55532	0.53641	2.31180e-05
6.11204e+04	2.92779e-02	4.01065e-02	5.02048	3.30223	2.31180e-05
6.12446e+04	2.92765e-02	4.03586e-02	4.54654	6.03079	2.31180e-05
6.13689e+04	2.92861e-02	3.97205e-02	4.06067	2.48282	2.31180e-05
6.14931e+04	2.92817e-02	4.03364e-02	3.61601	5.20860	2.31180e-05
6.16173e+04	2.92707e-02	4.00308e-02	3.15565	1.64801	2.31180e-05
6.17415e+04	2.92803e-02	4.03642e-02	2.72058	4.35986	2.31180e-05
6.18658e+04	2.92763e-02	3.99367e-02	2.29948	0.77664	2.31180e-05
6.19900e+04	2.92913e-02	4.01698e-02	1.86376	3.49748	2.31180e-05
6.21142e+04	2.92837e-02	4.00081e-02	1.47808	6.17450	2.31180e-05
6.22385e+04	2.92801e-02	4.00453e-02	1.07403	2.58977	2.31180e-05
6.23627e+04	2.92864e-02	4.01192e-02	0.72398	5.25963	2.31180e-05
6.24869e+04	2.92833e-02	3.99173e-02	0.33371	1.66932	2.31180e-05
6.26111e+04	2.92966e-02	4.03192e-02	6.27576	4.32174	2.31180e-05
6.27354e+04	2.92874e-02	3.98786e-02	5.91281	0.71345	2.31180e-05
6.28596e+04	2.92870e-02	3.99791e-02	5.57843	3.36457	2.31180e-05
6.29838e+04	2.92798e-02	3.96077e-02	5.23906	6.02409	2.31180e-05
6.31081e+04	2.92747e-02	3.99742e-02	4.92659	2.39413	2.31180e-05
6.32323e+04	2.92818e-02	3.96247e-02	4.62472	5.02235	2.31180e-05
6.33565e+04	2.92803e-02	3.99806e-02	4.30748	1.38294	2.31180e-05
6.34807e+04	2.92868e-02	3.93532e-02	4.01723	4.00426	2.31180e-05
6.36050e+04	2.92824e-02	3.95380e-02	3.71394	0.35819	2.31180e-05
6.37292e+04	2.92771e-02	3.97687e-02	3.43487	2.97430	2.31180e-05
6.38534e+04	2.92774e-02	3.97077e-02	3.16404	5.59609	2.31180e-05
6.39777e+04	2.92692e-02	4.01613e-02	2.90433	1.91172	2.31180e-05
6.41019e+04	2.92807e-02	3.96086e-02	2.62941	4.52356	2.31180e-05
6.42261e+04	2.92744e-02	3.98463e-02	2.37954	0.83402	2.31180e-05
6.43503e+04	2.92893e-02	3.96334e-02	2.11306	3.44043	2.31180e-05
6.44746e+04	2.92810e-02	3.97520e-02	1.86563	6.03027	2.31180e-05
6.45988e+04	2.92873e-02	4.00323e-02	1.62887	2.32720	2.31180e-05
6.47230e+04	2.92807e-02	3.99645e-02	1.40128	4.91043	2.31180e-05
6.48472e+04	2.92776e-02	4.00953e-02	1.18549	1.18971	2.31180e-05
6.49715e+04	2.92786e-02	3.97808e-02	0.94435	3.76932	2.31180e-05
6.50957e+04	2.92734e-02	3.98920e-02	0.73206	0.04742	2.31180e-05
6.52199e+04	2.92836e-02	3.98966e-02	0.50259	2.61470	2.31180e-05
6.53442e+04	2.92792e-02	4.01844e-02	0.28262	5.17610	2.31180e-05
6.54684e+04	2.92920e-02	4.02489e-02	0.09713	1.43678	2.31180e-05
6.55926e+04	2.92852e-02	4.03210e-02	6.15981	3.99418	2.31180e-05
6.57168e+04	2.92933e-02	4.03112e-02	5.97392	0.24109	2.31180e-05
6.58411e+04	2.92864e-02	4.00850e-02	5.74899	2.79797	2.31180e-05
6.59653e+04	2.92862e-02	4.01446e-02	5.56293	5.32458	2.31180e-05
6.60895e+04	2.92827e-02	3.99509e-02	5.34752	1.58875	2.31180e-05
6.62138e+04	2.92780e-02	4.02379e-02	5.15590	4.11317	2.31180e-05
6.63380e+04	2.92810e-02	3.99784e-02	4.97569	0.35984	2.31180e-05
6.64622e+04	2.92768e-02	4.01806e-02	4.78034	2.88392	2.31180e-05
6.65864e+04	2.92845e-02	3.98778e-02	4.59698	5.39663	2.31180e-05
6.67107e+04	2.92817e-02	4.01204e-02	4.39571	1.63883	2.31180e-05
6.68349e+04	2.92895e-02	3.97834e-02	4.21662	4.14088	2.31180e-05
6.69591e+04	2.92851e-02	3.99843e-02	4.01614	0.37811	2.31180e-05
6.70834e+04	2.92882e-02	3.97621e-02	3.85643	2.87660	2.31180e-05
6.72076e+04	2.92848e-02	3.98521e-02	3.65872	5.38676	2.31180e-05
6.73318e+04	2.92805e-02	3.98502e-02	3.47252	1.60637	2.31180e-05
6.74560e+04	2.92813e-02	3.97973e-02	3.28484	4.10314	2.31180e-05
6.75803e+04	2.92726e-02	4.01564e-02	3.09193	0.32024	2.31180e-05
6.77045e+04	2.92805e-02	3.99423e-02	2.91392	2.80698	2.31180e-05
6.78287e+04	2.92716e-02	4.01829e-02	2.73643	5.29917	2.31180e-05
6.79530e+04	2.92846e-02	3.98619e-02	2.55662	1.50030	2.31180e-05
6.80772e+04	2.92769e-02	3.98015e-02	2.36618	3.98469	2.31180e-05
6.82014e+04	2.92909e-02	3.98570e-02	2.16952	0.19099	2.31180e-05
6.83256e+04	2.92818e-02	3.96169e-02	1.98346	2.66754	2.31180e-05
6.84499e+04	2.92908e-02	4.00882e-02	1.78566	5.15231	2.31180e-05
6.85741e+04	2.92826e-02	3.98463e-02	1.60460	1.33408	2.31180e-05
6.86983e+04	2.92837e-02	4.01938e-02	1.42558	3.81100	2.31180e-05
6.88226e+04	2.92804e-02	3.99049e-02	1.24442	6.26924	2.31180e-05
6.89468e+04	2.92751e-02	3.98628e-02	1.04193	2.45926	2.31180e-05
6.90710e+04	2.92794e-02	3.98861e-02	0.85686	4.91889	2.31180e-05
6.91952e+04	2.92736e-02	3.97428e-02	0.64684	1.10725	2.31180e-05
6.93195e+04	2.92834e-02	4.00818e-02	0.45451	3.56564	2.31180e-05
6.94437e+04	2.92788e-02	3.99043e-02	0.27044	6.02768	2.31180e-05
6.95679e+04	2.92909e-02	4.03603e-02	0.06962	2.19792	2.31180e-05
6.96922e+04	2.92837e-02	4.00478e-02	6.15324	4.65187	2.31180e-05
6.98164e+04	2.92916e-02	4.02226e-02	5.94610	0.82116	2.31180e-05
6.99406e+04	2.92836e-02	3.99912e-02	5.74083	3.27258	2.31180e-05
7.00648e+04	2.92830e-02	3.99632e-02	5.52711	5.72689	2.31180e-05
7.01891e+04	2.92795e-02	4.00221e-02	5.31637	1.89377	2.31180e-05
7.03133e+04	2.92745e-02	3.98583e-02	5.11366	4.34438	2.31180e-05
7.04375e+04	2.92785e-02	4.00252e-02	4.90173	0.50499	2.31180e-05
7.05618e+04	2.92748e-02	3.99462e-02	4.68385	2.94800	2.31180e-05
7.06860e+04	2.92833e-02	3.98499e-02	4.45917	5.39086	2.31180e-05
7.08102e+04	2.92804e-02	3.99082e-02	4.24396	1.54567	2.31180e-05
7.09344e+04	2.92864e-02	3.95585e-02	4.00944	3.99169	2.31180e-05
7.10587e+04	2.92823e-02	3.99089e-02	3.80378	0.14375	2.31180e-05
7.11829e+04	2.92796e-02	3.96134e-02	3.56308	2.59023	2.31180e-05
7.13071e+04	2.92789e-02	3.99679e-02	3.33314	5.02235	2.31180e-05
7.14314e+04	2.92699e-02	3.98865e-02	3.09360	1.17601	2.31180e-05
7.15556e+04	2.92785e-02	3.99063e-02	2.85238	3.61343	2.31180e-05
7.16798e+04	2.92710e-02	3.99073e-02	2.61685	6.04041	2.31180e-05
7.18040e+04	2.92860e-02	3.96967e-02	2.37064	2.20592	2.31180e-05
7.19283e+04	2.92793e-02	3.97686e-02	2.13978	4.62517	2.31180e-05
7.20525e+04	2.92914e-02	3.98313e-02	1.86713	0.78971	2.31180e-05
7.21767e+04	2.92839e-02	3.98483e-02	1.62547	3.20737	2.31180e-05
7.23010e+04	2.92846e-02	3.99087e-02	1.36492	5.64032	2.31180e-05
7.24252e+04	2.92838e-02	3.98275e-02	1.10531	1.78385	2.31180e-05
7.25494e+04	2.92788e-02	3.97528e-02	0.84561	4.20943	2.31180e-05
7.26736e+04	2.92880e-02	3.98815e-02	0.58798	0.36213	2.31180e-05
7.27979e+04	2.92843e-02	3.98114e-02	0.32288	2.78516	2.31180e-05
7.29221e+04	2.92959e-02	4.01054e-02	0.04751	5.21084	2.31180e-05
7.30463e+04	2.92880e-02	3.99617e-02	6.05956	1.35095	2.31180e-05
7.31706e+04	2.92920e-02	3.98654e-02	5.78258	3.76988	2.31180e-05
7.32948e+04	2.92830e-02	3.97698e-02	5.49381	6.20142	2.31180e-05
7.34190e+04	2.92779e-02	3.95903e-02	5.22934	2.34143	2.31180e-05
7.35432e+04	2.92798e-02	3.97696e-02	4.93368	4.76946	2.31180e-05
7.36675e+04	2.92757e-02	3.98056e-02	4.64669	0.90539	2.31180e-05
7.37917e+04	2.92855e-02	3.95073e-02	4.35336	3.32519	2.31180e-05
7.39159e+04	2.92829e-02	3.97076e-02	4.05975	5.74271	2.31180e-05
7.40402e+04	2.92837e-02	3.92691e-02	3.74843	1.88843	2.31180e-05
7.41644e+04	2.92800e-02	3.96821e-02	3.44730	4.30928	2.31180e-05
7.42886e+04	2.92713e-02	3.96785e-02	3.15298	0.44990	2.31180e-05
7.44128e+04	2.92784e-02	3.97207e-02	2.84061	2.87195	2.31180e-05
7.45371e+04	2.92718e-02	3.97019e-02	2.53677	5.28466	2.31180e-05
7.46613e+04	2.92887e-02	3.95255e-02	2.19875	1.43814	2.31180e-05
7.47855e+04	2.92809e-02	3.95635e-02	1.89123	3.84641	2.31180e-05
7.49098e+04	2.92858e-02	3.97649e-02	1.55709	6.27663	2.31180e-05
7.50340e+04	2.92800e-02	3.97245e-02	1.25783	2.40333	2.31180e-05
7.51582e+04	2.92737e-02	3.96410e-02	0.92720	4.82305	2.31180e-05
7.52824e+04	2.92819e-02	3.97642e-02	0.59288	0.96256	2.31180e-05
7.54067e+04	2.92803e-02	3.97600e-02	0.25729	3.38110	2.31180e-05
7.55309e+04	2.92936e-02	4.01716e-02	6.20123	5.79718	2.31180e-05
7.56551e+04	2.92864e-02	3.99475e-02	5.86390	1.93121	2.31180e-05
7.57794e+04	2.92862e-02	3.98420e-02	5.53337	4.35008	2.31180e-05
7.59036e+04	2.92812e-02	3.98527e-02	5.18280	0.49002	2.31180e-05
7.60278e+04	2.92764e-02	3.98702e-02	4.82835	2.91368	2.31180e-05
7.61520e+04	2.92867e-02	3.98262e-02	4.47824	5.32724	2.31180e-05
7.62763e+04	2.92848e-02	3.98070e-02	4.12311	1.46082	2.31180e-05
7.64005e+04	2.92867e-02	3.95531e-02	3.75599	3.88643	2.31180e-05
7.65247e+04	2.92824e-02	3.98169e-02	3.39521	0.02013	2.31180e-05
7.66490e+04	2.92721e-02	3.99564e-02	3.03827	2.44506	2.31180e-05
7.67732e+04	2.92829e-02	3.98267e-02	2.67367	4.86392	2.31180e-05
7.68974e+04	2.92781e-02	3.97173e-02	2.30078	0.99987	2.31180e-05
7.70216e+04	2.92916e-02	3.99124e-02	1.91169	3.43279	2.31180e-05
7.71459e+04	2.92827e-02	3.97903e-02	1.54396	5.84384	2.31180e-05
7.72701e+04	2.92778e-02	3.99961e-02	1.16198	1.98001	2.31180e-05
7.73943e+04	2.92794e-02	3.98169e-02	0.79916	4.39745	2.31180e-05
7.75186e+04	2.92763e-02	3.98193e-02	0.40647	0.54157	2.31180e-05
7.76428e+04	2.92917e-02	4.02889e-02	0.02523	2.95523	2.31180e-05
7.77670e+04	2.92845e-02	4.00225e-02	5.90935	5.38207	2.31180e-05
7.78912e+04	2.92831e-02	4.00194e-02	5.52284	1.51422	2.31180e-05
7.80155e+04	2.92786e-02	3.98850e-02	5.11675	3.94307	2.31180e-05
7.81397e+04	2.92739e-02	4.00338e-02	4.72912	0.08503	2.31180e-05
7.82639e+04	2.92851e-02	3.97051e-02	4.33820	2.49798	2.31180e-05
7.83882e+04	2.92829e-02	3.98409e-02	3.92548	4.92643	2.31180e-05
7.85124e+04	2.92784e-02	3.97193e-02	3.51387	1.07008	2.31180e-05
7.86366e+04	2.92774e-02	3.98893e-02	3.10029	3.49694	2.31180e-05
7.87608e+04	2.92703e-02	4.00042e-02	2.69241	5.91535	2.31180e-05
7.88851e+04	2.92884e-02	3.96713e-02	2.26161	2.06942	2.31180e-05
7.90093e+04	2.92827e-02	3.97712e-02	1.86528	4.49029	2.31180e-05
7.91335e+04	2.92862e-02	3.99693e-02	1.44084	0.63532	2.31180e-05
7.92577e+04	2.92837e-02	3.98099e-02	1.01723	3.06024	2.31180e-05
7.93820e+04	2.92806e-02	3.97537e-02	0.59456	5.48653	2.31180e-05
7.95062e+04	2.92953e-02	4.00802e-02	0.16049	1.63336	2.31180e-05
7.96304e+04	2.92879e-02	3.99421e-02	6.01379	4.05959	2.31180e-05
7.97547e+04	2.92874e-02	3.97610e-02	5.60352	0.19871	2.31180e-05
7.98789e+04	2.92801e-02	3.97367e-02	5.16086	2.63355	2.31180e-05
8.00031e+04	2.92749e-02	3.97583e-02	4.72139	5.06332	2.31180e-05
8.01273e+04	2.92862e-02	3.95110e-02	4.28752	1.20373	2.31180e-05
8.02516e+04	2.92834e-02	3.95965e-02	3.84645	3.63254	2.31180e-05
8.03758e+04	2.92762e-02	3.95729e-02	3.39019	6.07167	2.31180e-05
8.05000e+04	2.92778e-02	3.97360e-02	2.95037	2.21425	2.31180e-05
8.06243e+04	2.92721e-02	3.96457e-02	2.51874	4.64303	2.31180e-05
8.07485e+04	2.92897e-02	3.95995e-02	2.05547	0.80355	2.31180e-05
8.08727e+04	2.92818e-02	3.96072e-02	1.61202	3.22759	2.31180e-05
8.09969e+04	2.92773e-02	3.98376e-02	1.15713	5.65826	2.31180e-05
8.11212e+04	2.92805e-02	3.96762e-02	0.70313	1.80548	2.31180e-05
8.12454e+04	2.92803e-02	3.97800e-02	0.23968	4.24370	2.31180e-05
8.13696e+04	2.92943e-02	4.01752e-02	6.09154	0.38145	2.31180e-05
8.14939e+04	2.92850e-02	3.98714e-02	5.62162	2.82152	2.31180e-05
8.16181e+04	2.92782e-02	3.98296e-02	5.16019	5.25557	2.31180e-05
8.17423e+04	2.92835e-02	3.98108e-02	4.69516	1.40538	2.31180e-05
8.18665e+04	2.92838e-02	3.99496e-02	4.22968	3.83839	2.31180e-05
8.19908e+04	2.92869e-02	3.95147e-02	3.75990	6.27531	2.31180e-05
8.21150e+04	2.92816e-02	3.98663e-02	3.30089	2.43138	2.31180e-05
8.22392e+04	2.92712e-02	3.99985e-02	2.83418	4.86272	2.31180e-05
8.23635e+04	2.92884e-02	3.97014e-02	2.34957	1.02709	2.31180e-05
8.24877e+04	2.92829e-02	3.97833e-02	1.87963	3.45819	2.31180e-05
8.26119e+04	2.92831e-02	4.00029e-02	1.39855	5.89909	2.31180e-05
8.27361e+04	2.92793e-02	3.98715e-02	0.92746	2.04792	2.31180e-05
8.28604e+04	2.92762e-02	3.98174e-02	0.44453	4.48766	2.31180e-05
8.29846e+04	2.92917e-02	4.02912e-02	6.26590	0.63979	2.31180e-05
8.31088e+04	2.92841e-02	4.00282e-02	5.78561	3.07822	2.31180e-05
8.32331e+04	2.92780e-02	3.98778e-02	5.29696	5.52015	2.31180e-05
8.33573e+04	2.92791e-02	3.99485e-02	4.81357	1.67644	2.31180e-05
8.34815e+04	2.92796e-02	3.99862e-02	4.32674	4.11660	2.31180e-05
8.36057e+04	2.92849e-02	3.96001e-02	3.83638	0.27444	2.31180e-05
8.37300e+04	2.92789e-02	3.98500e-02	3.36189	2.71847	2.31180e-05
8.38542e+04	2.92690e-02	4.00606e-02	2.87113	5.15992	2.31180e-05
8.39784e+04	2.92865e-02	3.97076e-02	2.37078	1.32624	2.31180e-05
8.41027e+04	2.92825e-02	3.97162e-02	1.87796	3.76872	2.31180e-05
8.42269e+04	2.92851e-02	4.00238e-02	1.38321	6.21317	2.31180e-05
8.43511e+04	2.92848e-02	3.98035e-02	0.88500	2.37388	2.31180e-05
8.44753e+04	2.92831e-02	3.98264e-02	0.38620	4.82129	2.31180e-05
8.45996e+04	2.92967e-02	4.01230e-02	6.19307	0.97753	2.31180e-05
8.47238e+04	2.92858e-02	3.98452e-02	5.68970	3.42586	2.31180e-05
8.48480e+04	2.92772e-02	3.96531e-02	5.18963	5.87280	2.31180e-05
8.49723e+04	2.92814e-02	3.97022e-02	4.68674	2.03636	2.31180e-05
8.50965e+04	2.92817e-02	3.97367e-02	4.18855	4.47828	2.31180e-05
8.52207e+04	2.92827e-02	3.93986e-02	3.67825	0.64816	2.31180e-05
8.53449e+04	2.92781e-02	3.97629e-02	3.19212	3.09426	2.31180e-05
8.54692e+04	2.92697e-02	3.97721e-02	2.68736	5.53965	2.31180e-05
8.55934e+04	2.92888e-02	3.95682e-02	2.17031	1.71686	2.31180e-05
8.57176e+04	2.92821e-02	3.96019e-02	1.66936	4.15887	2.31180e-05
8.58419e+04	2.92772e-02	3.98373e-02	1.16144	0.32322	2.31180e-05
8.59661e+04	2.92811e-02	3.97299e-02	0.65574	2.77088	2.31180e-05
8.60903e+04	2.92819e-02	3.98652e-02	0.15711	5.22469	2.31180e-05
8.62145e+04	2.92933e-02	4.01725e-02	5.94295	1.37840	2.31180e-05
8.63388e+04	2.92832e-02	3.98577e-02	5.42495	3.83641	2.31180e-05
8.64630e+04	2.92765e-02	3.99226e-02	4.91062	0.00614	2.31180e-05
8.65872e+04	2.92873e-02	3.97092e-02	4.40514	2.45027	2.31180e-05
8.67115e+04	2.92860e-02	3.98261e-02	3.89174	4.90265	2.31180e-05
8.68357e+04	2.92785e-02	3.98234e-02	3.37065	1.07642	2.31180e-05
8.69599e+04	2.92807e-02	3.99304e-02	2.87315	3.52828	2.31180e-05
8.70841e+04	2.92769e-02	3.98494e-02	2.36517	5.97503	2.31180e-05
8.72084e+04	2.92912e-02	3.99156e-02	1.83229	2.15976	2.31180e-05
8.73326e+04	2.92810e-02	3.99018e-02	1.32927	4.60118	2.31180e-05
8.74568e+04	2.92734e-02	3.98280e-02	0.81443	0.76932	2.31180e-05
8.75811e+04	2.92870e-02	4.01608e-02	0.29425	3.22427	2.31180e-05
8.77053e+04	2.92842e-02	4.01347e-02	6.07839	5.67749	2.31180e-05
8.78295e+04	2.92845e-02	4.00957e-02	5.56507	1.84244	2.31180e-05
8.79537e+04	2.92783e-02	3.99751e-02	5.04108	4.30218	2.31180e-05
8.80780e+04	2.92764e-02	4.00711e-02	4.52231	0.47454	2.31180e-05
8.82022e+04	2.92865e-02	3.96334e-02	4.00747	2.92475	2.31180e-05
8.83264e+04	2.92803e-02	3.98659e-02	3.48032	5.38569	2.31180e-05
8.84507e+04	2.92692e-02	4.01264e-02	2.97755	1.55830	2.31180e-05
8.85749e+04	2.92851e-02	3.98157e-02	2.45012	4.01982	2.31180e-05
8.86991e+04	2.92820e-02	3.98330e-02	1.92966	0.19151	2.31180e-05
8.88233e+04	2.92855e-02	4.00802e-02	1.40599	2.65161	2.31180e-05
8.89476e+04	2.92848e-02	3.98500e-02	0.88400	5.10770	2.31180e-05
8.90718e+04	2.92834e-02	3.98509e-02	0.35888	1.28550	2.31180e-05
8.91960e+04	2.92964e-02	4.01928e-02	6.12433	3.73782	2.31180e-05
8.93203e+04	2.92851e-02	3.99211e-02	5.61457	6.19856	2.31180e-05
8.94445e+04	2.92757e-02	3.97844e-02	5.08738	2.37731	2.31180e-05
8.95687e+04	2.92827e-02	3.97736e-02	4.56910	4.83139	2.31180e-05
8.96929e+04	2.92828e-02	3.97474e-02	4.04678	1.00478	2.31180e-05
8.98172e+04	2.92790e-02	3.95610e-02	3.51386	3.47192	2.31180e-05
8.99414e+04	2.92778e-02	3.97954e-02	2.99222	5.92908	2.31180e-05
9.00656e+04	2.92725e-02	3.97775e-02	2.48484	2.10311	2.31180e-05
9.01899e+04	2.92900e-02	3.97870e-02	1.94741	4.57613	2.31180e-05
9.03141e+04	2.92812e-02	3.98057e-02	1.43091	0.74396	2.31180e-05
9.04383e+04	2.92738e-02	3.98292e-02	0.90928	3.20002	2.31180e-05
9.05625e+04	2.92858e-02	3.99530e-02	0.38350	5.66224	2.31180e-05
9.06868e+04	2.92859e-02	4.00710e-02	6.13866	1.84133	2.31180e-05
9.08110e+04	2.92882e-02	4.00490e-02	5.62142	4.29264	2.31180e-05
9.09352e+04	2.92812e-02	3.99795e-02	5.10506	0.47889	2.31180e-05
9.10595e+04	2.92790e-02	4.01513e-02	4.58178	2.93762	2.31180e-05
9.11837e+04	2.92896e-02	3.96959e-02	4.05965	5.39433	2.31180e-05
9.13079e+04	2.92838e-02	3.99320e-02	3.53244	1.57546	2.31180e-05
9.14321e+04	2.92721e-02	4.00990e-02	3.00336	4.03870	2.31180e-05
9.15564e+04	2.92862e-02	3.98767e-02	2.47210	0.22240	2.31180e-05
9.16806e+04	2.92823e-02	3.98805e-02	1.96716	2.68105	2.31180e-05
9.18048e+04	2.92843e-02	4.02301e-02	1.43453	5.14759	2.31180e-05
9.19291e+04	2.92790e-02	4.00129e-02	0.91797	1.31864	2.31180e-05
9.20533e+04	2.92768e-02	4.00072e-02	0.38918	3.78400	2.31180e-05
9.21775e+04	2.92924e-02	4.04383e-02	6.15336	6.23832	2.31180e-05
9.23017e+04	2.92827e-02	4.01053e-02	5.62340	2.42193	2.31180e-05
9.24260e+04	2.92750e-02	4.00652e-02	5.11122	4.88785	2.31180e-05
9.25502e+04	2.92817e-02	4.00453e-02	4.58813	1.06377	2.31180e-05
9.26744e+04	2.92821e-02	4.01050e-02	4.06401	3.52587	2.31180e-05
9.27987e+04	2.92792e-02	3.98850e-02	3.53245	5.99406	2.31180e-05
9.29229e+04	2.92776e-02	4.00770e-02	3.00528	2.17467	2.31180e-05
9.30471e+04	2.92731e-02	4.00074e-02	2.48472	4.63398	2.31180e-05
9.31713e+04	2.92915e-02	3.99538e-02	1.93970	0.83157	2.31180e-05
9.32956e+04	2.92839e-02	4.00128e-02	1.43864	3.28770	2.31180e-05
9.34198e+04	2.92792e-02	4.00168e-02	0.91466	5.75090	2.31180e-05
9.35440e+04	2.92915e-02	4.01847e-02	0.38410	1.93616	2.31180e-05
9.36682e+04	2.92879e-02	4.01117e-02	6.14154	4.40120	2.31180e-05
9.37925e+04	2.92881e-02	4.00022e-02	5.62226	0.57565	2.31180e-05
9.39167e+04	2.92798e-02	3.98474e-02	5.08846	3.04767	2.31180e-05
9.40409e+04	2.92765e-02	3.99759e-02	4.57863	5.51399	2.31180e-05
9.41652e+04	2.92872e-02	3.95942e-02	4.05861	1.69017	2.31180e-05
9.42894e+04	2.92811e-02	3.98105e-02	3.52772	4.15963	2.31180e-05
9.44136e+04	2.92693e-02	4.00435e-02	3.00238	0.34218	2.31180e-05
9.45378e+04	2.92842e-02	3.97365e-02	2.47267	2.81152	2.31180e-05
9.46621e+04	2.92807e-02	3.97152e-02	1.94742	5.27533	2.31180e-05
9.47863e+04	2.92829e-02	4.00163e-02	1.41964	1.46075	2.31180e-05
9.49105e+04	2.92792e-02	3.98345e-02	0.91555	3.92199	2.31180e-05
9.50348e+04	2.92775e-02	3.99186e-02	0.38925	0.10619	2.31180e-05
9.51590e+04	2.92940e-02	4.03683e-02	6.15489	2.56504	2.31180e-05
9.52832e+04	2.92853e-02	4.01117e-02	5.62787	5.03256	2.31180e-05
9.54074e+04	2.92775e-02	3.99788e-02	5.10072	1.21760	2.31180e-05
9.55317e+04	2.92850e-02	3.99748e-02	4.58042	3.67985	2.31180e-05
9.56559e+04	2.92854e-02	4.00059e-02	4.07484	6.14380	2.31180e-05
9.57801e+04	2.92823e-02	3.98258e-02	3.54307	2.33404	2.31180e-05
9.59044e+04	2.92802e-02	4.00990e-02	3.02274	4.79796	2.31180e-05
9.60286e+04	2.92747e-02	4.00630e-02	2.50121	0.97737	2.31180e-05
9.61528e+04	2.92917e-02	3.99997e-02	1.96454	3.45680	2.31180e-05
9.62770e+04	2.92823e-02	3.99959e-02	1.44991	5.91380	2.31180e-05
9.64013e+04	2.92741e-02	4.00278e-02	0.94670	2.09323	2.31180e-05
9.65255e+04	2.92844e-02	4.01514e-02	0.42283	4.56163	2.31180e-05
9.66497e+04	2.92838e-02	4.02606e-02	6.18129	0.74636	2.31180e-05
9.67740e+04	2.92866e-02	4.02468e-02	5.66816	3.20260	2.31180e-05
9.68982e+04	2.92785e-02	4.00791e-02	5.13818	5.67706	2.31180e-05
9.70224e+04	2.92755e-02	4.01989e-02	4.61601	1.85953	2.31180e-05
9.71466e+04	2.92865e-02	3.97331e-02	4.09737	4.32129	2.31180e-05
9.72709e+04	2.92813e-02	3.99539e-02	3.58966	0.50877	2.31180e-05
9.73951e+04	2.92699e-02	4.01535e-02	3.06411	2.97816	2.31180e-05
9.75193e+04	2.92832e-02	3.99423e-02	2.53875	5.44876	2.31180e-05
9.76436e+04	2.92812e-02	3.98746e-02	2.01995	1.62990	2.31180e-05
9.77678e+04	2.92872e-02	4.01489e-02	1.48912	4.10404	2.31180e-05
9.78920e+04	2.92840e-02	3.99170e-02	0.97439	0.28221	2.31180e-05
9.80162e+04	2.92822e-02	3.98718e-02	0.46545	2.75453	2.31180e-05
9.81405e+04	2.92965e-02	4.02695e-02	6.23139	5.21735	2.31180e-05
9.82647e+04	2.92859e-02	3.99496e-02	5.70873	1.40416	2.31180e-05
9.83889e+04	2.92775e-02	3.98294e-02	5.18570	3.87332	2.31180e-05
9.85132e+04	2.92816e-02	3.98071e-02	4.66668	0.05492	2.31180e-05
9.86374e+04	2.92821e-02	3.98245e-02	4.14868	2.52005	2.31180e-05
9.87616e+04	2.92816e-02	3.95047e-02	3.62275	4.99196	2.31180e-05
9.88858e+04	2.92775e-02	3.97982e-02	3.11864	1.17731	2.31180e-05
9.90101e+04	2.92708e-02	3.98490e-02	2.60399	3.64052	2.31180e-05
9.91343e+04	2.92899e-02	3.96860e-02	2.06807	6.12259	2.31180e-05
9.92585e+04	2.92817e-02	3.97737e-02	1.55674	2.29836	2.31180e-05
9.93828e+04	2.92752e-02	3.98375e-02	1.04179	4.76135	2.31180e-05
9.95070e+04	2.92832e-02	3.98635e-02	0.51964	0.94745	2.31180e-05
9.96312e+04	2.92839e-02	3.99685e-02	0.01707	3.41652	2.31180e-05
9.97554e+04	2.92915e-02	4.01140e-02	5.79134	5.87385	2.31180e-05
9.98797e+04	2.92819e-02	3.99227e-02	5.26540	2.06520	2.31180e-05
1.00004e+05	2.92770e-02	4.00332e-02	4.74526	4.53463	2.31180e-05
1.00128e+05	2.92895e-02	3.97268e-02	4.23506	0.71006	2.31180e-05
1.00252e+05	2.92853e-02	3.98089e-02	3.71349	3.18015	2.31180e-05
1.00377e+05	2.92747e-02	3.99616e-02	3.20874	5.65217	2.31180e-05
1.00501e+05	2.92829e-02	3.98624e-02	2.69128	1.83614	2.31180e-05
1.00625e+05	2.92798e-02	3.97947e-02	2.17467	4.30206	2.31180e-05
1.00749e+05	2.92888e-02	4.00607e-02	1.64878	0.49511	2.31180e-05
1.00873e+05	2.92798e-02	3.99198e-02	1.14035	2.95260	2.31180e-05
1.00998e+05	2.92738e-02	3.98555e-02	0.62460	5.41860	2.31180e-05
1.01122e+05	2.92905e-02	4.02544e-02	0.10956	1.60113	2.31180e-05
1.01246e+05	2.92846e-02	4.01075e-02	5.89279	4.06855	2.31180e-05
1.01370e+05	2.92796e-02	3.99407e-02	5.37858	0.25070	2.31180e-05
1.01495e+05	2.92790e-02	3.99837e-02	4.85891	2.72148	2.31180e-05
1.01619e+05	2.92793e-02	4.00630e-02	4.34519	5.18541	2.31180e-05
1.01743e+05	2.92846e-02	3.96075e-02	3.82751	1.37059	2.31180e-05
1.01867e+05	2.92786e-02	3.99231e-02	3.31050	3.83940	2.31180e-05
1.01992e+05	2.92690e-02	4.00337e-02	2.81269	0.02190	2.31180e-05
1.02116e+05	2.92880e-02	3.97342e-02	2.28737	2.49972	2.31180e-05
1.02240e+05	2.92836e-02	3.97798e-02	1.77469	4.96370	2.31180e-05
1.02364e+05	2.92828e-02	4.00331e-02	1.25750	1.14879	2.31180e-05
1.02488e+05	2.92861e-02	3.98522e-02	0.74311	3.61630	2.31180e-05
1.02613e+05	2.92853e-02	3.98741e-02	0.22295	6.08829	2.31180e-05
1.02737e+05	2.92954e-02	4.01016e-02	6.01838	2.26260	2.31180e-05
1.02861e+05	2.92834e-02	3.97501e-02	5.49797	4.73642	2.31180e-05
1.02985e+05	2.92749e-02	3.97410e-02	4.97883	0.92443	2.31180e-05
1.03110e+05	2.92841e-02	3.96246e-02	4.46973	3.38601	2.31180e-05
1.03234e+05	2.92832e-02	3.96813e-02	3.95602	5.85289	2.31180e-05
1.03358e+05	2.92772e-02	3.95822e-02	3.43405	2.04327	2.31180e-05
1.03482e+05	2.92779e-02	3.97259e-02	2.92186	4.50931	2.31180e-05
1.03607e+05	2.92736e-02	3.96466e-02	2.42949	0.68938	2.31180e-05
1.03731e+05	2.92900e-02	3.96707e-02	1.89896	3.17200	2.31180e-05
1.03855e+05	2.92808e-02	3.97043e-02	1.39603	5.62911	2.31180e-05
1.03979e+05	2.92738e-02	3.97219e-02	0.88456	1.81021	2.31180e-05
1.04103e+05	2.92862e-02	3.99374e-02	0.36917	4.27889	2.31180e-05
1.04228e+05	2.92856e-02	3.99844e-02	6.13977	0.46314	2.31180e-05
1.04352e+05	2.92889e-02	3.99825e-02	5.65239	2.92111	2.31180e-05
1.04476e+05	2.92813e-02	3.98427e-02	5.13224	5.39561	2.31180e-05
1.04600e+05	2.92784e-02	3.99962e-02	4.61935	1.57996	2.31180e-05
1.04725e+05	2.92899e-02	3.96140e-02	4.11215	4.04026	2.31180e-05
1.04849e+05	2.92844e-02	3.98176e-02	3.59579	0.22782	2.31180e-05
1.04973e+05	2.92728e-02	4.00374e-02	3.08194	2.69649	2.31180e-05
1.05097e+05	2.92846e-02	3.98033e-02	2.56700	5.16552	2.31180e-05
1.05221e+05	2.92811e-02	3.97516e-02	2.07534	1.34654	2.31180e-05
1.05346e+05	2.92871e-02	4.00505e-02	1.55590	3.82030	2.31180e-05
1.05470e+05	2.92794e-02	3.98898e-02	1.05138	6.27874	2.31180e-05
1.05594e+05	2.92746e-02	3.98635e-02	0.53995	2.46254	2.31180e-05
1.05718e+05	2.92915e-02	4.03272e-02	0.03135	4.92569	2.31180e-05
1.05843e+05	2.92842e-02	4.01139e-02	5.80310	1.10905	2.31180e-05
1.05967e+05	2.92782e-02	3.99361e-02	5.30975	3.57540	2.31180e-05
1.06091e+05	2.92795e-02	3.99682e-02	4.79681	6.04332	2.31180e-05
1.06215e+05	2.92800e-02	4.00356e-02	4.28775	2.22410	2.31180e-05
1.06340e+05	2.92839e-02	3.96489e-02	3.77378	4.69309	2.31180e-05
1.06464e+05	2.92782e-02	3.99851e-02	3.26100	0.87785	2.31180e-05
1.06588e+05	2.92693e-02	4.00843e-02	2.75274	3.34165	2.31180e-05
1.06712e+05	2.92887e-02	3.97809e-02	2.24892	5.81906	2.31180e-05
1.06836e+05	2.92838e-02	3.98213e-02	1.74085	1.99872	2.31180e-05
1.06961e+05	2.92824e-02	4.00421e-02	1.22982	4.46549	2.31180e-05
1.07085e+05	2.92865e-02	3.98941e-02	0.71794	0.65037	2.31180e-05
1.07209e+05	2.92855e-02	3.99559e-02	0.20278	3.12119	2.31180e-05
1.07333e+05	2.92951e-02	4.01812e-02	5.98590	5.57774	2.31180e-05
1.07458e+05	2.92831e-02	3.98390e-02	5.46963	1.76724	2.31180e-05
1.07582e+05	2.92748e-02	3.97959e-02	4.97289	4.23710	2.31180e-05
1.07706e+05	2.92841e-02	3.96773e-02	4.46853	0.41461	2.31180e-05
1.07830e+05	2.92833e-02	3.97359e-02	3.95817	2.88074	2.31180e-05
1.07955e+05	2.92774e-02	3.96556e-02	3.43977	5.35418	2.31180e-05
1.08079e+05	2.92779e-02	3.98404e-02	2.93254	1.53562	2.31180e-05
1.08203e+05	2.92736e-02	3.97646e-02	2.42618	3.99805	2.31180e-05
1.08327e+05	2.92900e-02	3.97636e-02	1.91861	0.19567	2.31180e-05
1.08451e+05	2.92810e-02	3.97699e-02	1.41906	2.65215	2.31180e-05
1.08576e+05	2.92739e-02	3.97995e-02	0.91114	5.11545	2.31180e-05
1.08700e+05	2.92855e-02	3.99917e-02	0.39985	1.30033	2.31180e-05
1.08824e+05	2.92854e-02	4.01000e-02	6.17277	3.76759	2.31180e-05
1.08948e+05	2.92893e-02	4.01282e-02	5.67280	6.22358	2.31180e-05
1.09073e+05	2.92813e-02	3.99650e-02	5.15694	2.41387	2.31180e-05
1.09197e+05	2.92779e-02	4.00902e-02	4.66480	4.88023	2.31180e-05
1.09321e+05	2.92898e-02	3.97091e-02	4.16132	1.05613	2.31180e-05
1.09445e+05	2.92849e-02	3.98945e-02	3.64885	3.52583	2.31180e-05
1.09569e+05	2.92737e-02	4.01114e-02	3.13627	5.99487	2.31180e-05
1.09694e+05	2.92836e-02	3.99666e-02	2.62619	2.17857	2.31180e-05
1.09818e+05	2.92806e-02	3.98967e-02	2.12119	4.64140	2.31180e-05
1.09942e+05	2.92884e-02	4.01457e-02	1.62007	0.83255	2.31180e-05
1.10066e+05	2.92796e-02	3.99809e-02	1.12095	3.28856	2.31180e-05
1.10191e+05	2.92740e-02	3.99298e-02	0.61263	5.75424	2.31180e-05
1.10315e+05	2.92905e-02	4.03927e-02	0.10466	1.93514	2.31180e-05
1.10439e+05	2.92845e-02	4.02496e-02	5.87996	4.40056	2.31180e-05
1.10563e+05	2.92797e-02	4.00983e-02	5.37399	0.58080	2.31180e-05
1.10688e+05	2.92789e-02	4.00992e-02	4.87999	3.04888	2.31180e-05
1.10812e+05	2.92788e-02	4.01622e-02	4.37398	5.51216	2.31180e-05
1.10936e+05	2.92852e-02	3.97074e-02	3.86482	1.69458	2.31180e-05
1.11060e+05	2.92790e-02	4.00284e-02	3.35279	4.16328	2.31180e-05
1.11184e+05	2.92689e-02	4.02149e-02	2.84642	0.34408	2.31180e-05
1.11309e+05	2.92873e-02	3.99110e-02	2.32908	2.81866	2.31180e-05
1.11433e+05	2.92832e-02	3.99330e-02	1.82359	5.28090	2.31180e-05
1.11557e+05	2.92841e-02	4.01664e-02	1.33120	1.46492	2.31180e-05
1.11681e+05	2.92854e-02	3.99510e-02	0.82334	3.92983	2.31180e-05
1.11806e+05	2.92841e-02	3.99666e-02	0.31041	0.11702	2.31180e-05
1.11930e+05	2.92961e-02	4.02902e-02	6.09312	2.57519	2.31180e-05
1.12054e+05	2.92845e-02	3.99752e-02	5.58065	5.04505	2.31180e-05
1.12178e+05	2.92756e-02	3.98857e-02	5.06944	1.23061	2.31180e-05
1.12303e+05	2.92826e-02	3.98374e-02	4.58314	3.69174	2.31180e-05
1.12427e+05	2.92827e-02	3.98390e-02	4.07629	6.15529	2.31180e-05
1.12551e+05	2.92801e-02	3.96019e-02	3.56097	2.34412	2.31180e-05
1.12675e+05	2.92776e-02	3.98842e-02	3.05401	4.80906	2.31180e-05
1.12799e+05	2.92715e-02	3.98916e-02	2.54889	0.98780	2.31180e-05
1.12924e+05	2.92899e-02	3.97907e-02	2.02691	3.46742	2.31180e-05
1.13048e+05	2.92817e-02	3.98439e-02	1.52756	5.92411	2.31180e-05
1.13172e+05	2.92752e-02	3.99185e-02	1.03980	2.10247	2.31180e-05
1.13296e+05	2.92830e-02	3.99173e-02	0.53072	4.56944	2.31180e-05
1.13421e+05	2.92840e-02	4.00574e-02	0.02029	0.75397	2.31180e-05
1.13545e+05	2.92917e-02	4.02184e-02	5.80623	3.20825	2.31180e-05
1.13669e+05	2.92821e-02	4.00163e-02	5.29164	5.68121	2.31180e-05
1.13793e+05	2.92769e-02	4.01237e-02	4.78222	1.86475	2.31180e-05
1.13917e+05	2.92888e-02	3.98322e-02	4.29928	4.32179	2.31180e-05
1.14042e+05	2.92858e-02	3.99089e-02	3.79016	0.50561	2.31180e-05
1.14166e+05	2.92762e-02	3.99945e-02	3.27572	2.97653	2.31180e-05
1.14290e+05	2.92818e-02	3.99906e-02	2.76912	5.44104	2.31180e-05
1.14414e+05	2.92786e-02	3.99205e-02	2.26490	1.62012	2.31180e-05
1.14539e+05	2.92903e-02	4.01191e-02	1.74440	4.09703	2.31180e-05
1.14663e+05	2.92806e-02	4.00297e-02	1.26551	0.26779	2.31180e-05
1.14787e+05	2.92733e-02	3.99500e-02	0.76009	2.73043	2.31180e-05
1.14911e+05	2.92879e-02	4.02594e-02	0.25122	5.19610	2.31180e-05
1.15036e+05	2.92845e-02	4.02064e-02	6.02727	1.37817	2.31180e-05
1.15160e+05	2.92833e-02	4.01196e-02	5.52503	3.83763	2.31180e-05
1.15284e+05	2.92783e-02	4.00739e-02	5.01143	0.02543	2.31180e-05
1.15408e+05	2.92769e-02	4.01970e-02	4.50580	2.48893	2.31180e-05
1.15532e+05	2.92864e-02	3.97277e-02	4.01876	4.94960	2.31180e-05
1.15657e+05	2.92805e-02	3.99456e-02	3.50703	1.13525	2.31180e-05
1.15781e+05	2.92692e-02	4.01369e-02	2.99878	3.60120	2.31180e-05
1.15905e+05	2.92843e-02	3.98608e-02	2.48542	6.07168	2.31180e-05
1.16029e+05	2.92816e-02	3.98457e-02	1.97963	2.25178	2.31180e-05
1.16154e+05	2.92866e-02	4.01482e-02	1.46614	4.72256	2.31180e-05
1.16278e+05	2.92841e-02	3.99356e-02	0.97993	0.89979	2.31180e-05
1.16402e+05	2.92821e-02	3.98746e-02	0.46907	3.36855	2.31180e-05
1.16526e+05	2.92965e-02	4.02309e-02	6.24861	5.82969	2.31180e-05
1.16651e+05	2.92863e-02	3.99277e-02	5.73858	2.01391	2.31180e-05
1.16775e+05	2.92781e-02	3.97718e-02	5.22928	4.48100	2.31180e-05
1.16899e+05	2.92811e-02	3.98105e-02	4.72210	0.66246	2.31180e-05
1.17023e+05	2.92813e-02	3.98657e-02	4.23398	3.12465	2.31180e-05
1.17147e+05	2.92835e-02	3.94757e-02	3.72264	5.59282	2.31180e-05
1.17272e+05	2.92781e-02	3.97821e-02	3.21399	1.77560	2.31180e-05
1.17396e+05	2.92695e-02	3.98549e-02	2.70894	4.23767	2.31180e-05
1.17520e+05	2.92887e-02	3.96104e-02	2.18908	0.43212	2.31180e-05
1.17644e+05	2.92821e-02	3.97060e-02	1.68641	2.89157	2.31180e-05
1.17769e+05	2.92775e-02	3.99120e-02	1.18086	5.35391	2.31180e-05
1.17893e+05	2.92807e-02	3.97894e-02	0.69152	1.53495	2.31180e-05
1.18017e+05	2.92815e-02	3.99012e-02	0.18094	4.00236	2.31180e-05
1.18141e+05	2.92935e-02	4.01821e-02	5.96701	0.17339	2.31180e-05
1.18265e+05	2.92835e-02	3.99045e-02	5.45382	2.64454	2.31180e-05
1.18390e+05	2.92765e-02	3.99351e-02	4.94259	5.11280	2.31180e-05
