# t	a	e	mean_anomaly	varpi	mass/M_star
0.00000e+00	3.87403e-02	7.45052e-02	1.53734	0.04161	3.47100e-05
1.24228e+02	3.87192e-02	3.48877e-02	1.11479	4.16447	3.47100e-05
2.48457e+02	3.87936e-02	9.66140e-02	0.97618	2.00316	3.47100e-05
3.72685e+02	3.87874e-02	4.75859e-02	1.85974	2.92860	3.47100e-05
4.96914e+02	3.87885e-02	6.34198e-02	0.07126	4.80975	3.47100e-05
6.21142e+02	3.86153e-02	8.01375e-02	2.94503	5.15995	3.47100e-05
7.45371e+02	3.87296e-02	9.50179e-02	4.15665	0.50458	3.47100e-05
8.69599e+02	3.87233e-02	6.75262e-02	0.19490	1.11966	3.47100e-05
9.93828e+02	3.87277e-02	6.73365e-02	3.25675	1.89842	3.47100e-05
1.11806e+03	3.87855e-02	2.99182e-03	3.22927	4.62324	3.47100e-05
1.24228e+03	3.86246e-02	5.44208e-02	3.83563	2.92778	3.47100e-05
1.36651e+03	3.85520e-02	6.07451e-02	2.58444	0.60076	3.47100e-05
1.49074e+03	3.86263e-02	6.45974e-02	0.30079	4.34170	3.47100e-05
1.61497e+03	3.86123e-02	5.93382e-02	2.18487	1.64959	3.47100e-05
1.73920e+03	3.85240e-02	7.05415e-02	0.10796	0.77795	3.47100e-05
1.86343e+03	3.87209e-02	1.14652e-01	1.23312	3.34935	3.47100e-05
1.98766e+03	3.86281e-02	4.51571e-02	2.76423	3.87590	3.47100e-05
2.11188e+03	3.86472e-02	8.11585e-02	6.20284	2.54965	3.47100e-05
2.23611e+03	3.86276e-02	1.12300e-01	1.80290	3.91101	3.47100e-05
2.36034e+03	3.86038e-02	2.80113e-02	3.16340	3.44356	3.47100e-05
2.48457e+03	3.85489e-02	3.05985e-02	2.71835	1.49194	3.47100e-05
2.60880e+03	3.86921e-02	7.66929e-02	3.25657	1.47818	3.47100e-05
2.73303e+03	3.85646e-02	1.12752e-01	3.60638	2.58504	3.47100e-05
2.85725e+03	3.85925e-02	1.00463e-01	1.08141	0.16388	3.47100e-05
2.98148e+03	3.87341e-02	9.46999e-02	2.08653	1.60062	3.47100e-05
3.10571e+03	3.86428e-02	5.69865e-02	6.14027	4.90771	3.47100e-05
3.22994e+03	3.85913e-02	1.07810e-01	3.86636	2.91960	3.47100e-05
3.35417e+03	3.86297e-02	8.93091e-02	0.31444	4.38713	3.47100e-05
3.47840e+03	3.84680e-02	1.55593e-02	5.21385	2.39720	3.47100e-05
3.60262e+03	3.86427e-02	5.53429e-02	3.68378	2.07809	3.47100e-05
3.72685e+03	3.86317e-02	6.12920e-02	3.95701	1.71196	3.47100e-05
3.85108e+03	3.86171e-02	3.29000e-02	4.39540	2.55902	3.47100e-05
3.97531e+03	3.86119e-02	3.35434e-02	3.76770	3.80658	3.47100e-05
4.09954e+03	3.84822e-02	7.22202e-02	3.66583	3.14458	3.47100e-05
4.22377e+03	3.85548e-02	6.98375e-02	0.09488	4.30998	3.47100e-05
4.34800e+03	3.85548e-02	9.31922e-02	4.76186	5.45066	3.47100e-05
4.47222e+03	3.86109e-02	8.54365e-02	1.97408	0.90103	3.47100e-05
4.59645e+03	3.85349e-02	5.51785e-02	2.50416	4.07198	3.47100e-05
4.72068e+03	3.85149e-02	3.69012e-02	5.17975	5.11560	3.47100e-05
4.84491e+03	3.85431e-02	1.33452e-02	4.33792	5.15173	3.47100e-05
4.96914e+03	3.86030e-02	6.86185e-02	3.60663	2.77718	3.47100e-05
5.09337e+03	3.85753e-02	1.10540e-01	5.48774	3.33770	3.47100e-05
5.21759e+03	3.85758e-02	5.12591e-02	4.94186	0.56469	3.47100e-05
5.34182e+03	3.85203e-02	6.21641e-02	5.62926	0.20435	3.47100e-05
5.46605e+03	3.84859e-02	5.03128e-02	6.04679	5.85250	3.47100e-05
5.59028e+03	3.84989e-02	8.18428e-02	4.69874	0.19174	3.47100e-05
5.71451e+03	3.84678e-02	6.14202e-02	4.71271	3.62830	3.47100e-05
5.83874e+03	3.84796e-02	6.91718e-02	2.18479	4.06650	3.47100e-05
5.96297e+03	3.84815e-02	6.82956e-02	0.29909	4.54701	3.47100e-05
6.08719e+03	3.84645e-02	9.23859e-02	2.08979	6.15880	3.47100e-05
6.21142e+03	3.84741e-02	7.87755e-02	3.90807	1.56035	3.47100e-05
6.33565e+03	3.84483e-02	2.75612e-02	1.43452	5.29769	3.47100e-05
6.45988e+03	3.84637e-02	6.21054e-02	2.49595	0.85086	3.47100e-05
6.58411e+03	3.84344e-02	5.63389e-02	3.61282	5.25367	3.47100e-05
6.70834e+03	3.84322e-02	4.67554e-02	4.57974	5.21390	3.47100e-05
6.83256e+03	3.83933e-02	7.68191e-02	1.35428	2.92682	3.47100e-05
6.95679e+03	3.84388e-02	6.57875e-02	2.48399	5.98138	3.47100e-05
7.08102e+03	3.84205e-02	6.73790e-02	0.89115	4.93417	3.47100e-05
7.20525e+03	3.84153e-02	7.29641e-02	2.74251	0.30797	3.47100e-05
7.32948e+03	3.84277e-02	4.60009e-02	1.63920	4.35340	3.47100e-05
7.45371e+03	3.84761e-02	1.10079e-01	0.57555	4.14850	3.47100e-05
7.57794e+03	3.84310e-02	7.64555e-02	4.81008	3.39932	3.47100e-05
7.70216e+03	3.84734e-02	7.04093e-02	0.72873	5.33985	3.47100e-05
7.82639e+03	3.83963e-02	5.70566e-02	5.41706	4.77590	3.47100e-05
7.95062e+03	3.83888e-02	3.30962e-02	3.38121	3.39921	3.47100e-05
8.07485e+03	3.84313e-02	6.54350e-02	2.73577	3.47934	3.47100e-05
8.19908e+03	3.83783e-02	5.02366e-02	4.25665	5.85022	3.47100e-05
8.32331e+03	3.84225e-02	7.75190e-02	6.01315	2.86940	3.47100e-05
8.44753e+03	3.84190e-02	9.20095e-02	1.60306	5.55321	3.47100e-05
8.57176e+03	3.83624e-02	5.39053e-02	1.95643	3.20806	3.47100e-05
8.69599e+03	3.83565e-02	8.46908e-02	0.05035	1.17804	3.47100e-05
8.82022e+03	3.84156e-02	4.58051e-02	4.02571	2.82504	3.47100e-05
8.94445e+03	3.84282e-02	9.25959e-02	2.73680	1.79793	3.47100e-05
9.06868e+03	3.84224e-02	1.03395e-01	0.72192	3.30435	3.47100e-05
9.19291e+03	3.84172e-02	8.05216e-02	5.56176	4.78902	3.47100e-05
9.31713e+03	3.84020e-02	7.02365e-02	3.26495	5.58998	3.47100e-05
9.44136e+03	3.84005e-02	8.27444e-02	0.60980	0.96644	3.47100e-05
9.56559e+03	3.83893e-02	6.14508e-02	3.96030	5.82598	3.47100e-05
9.68982e+03	3.83582e-02	5.51152e-02	1.95549	4.10627	3.47100e-05
9.81405e+03	3.83965e-02	7.32838e-02	6.27977	1.94836	3.47100e-05
9.93828e+03	3.83783e-02	4.99935e-02	1.94169	5.36468	3.47100e-05
1.00625e+04	3.83682e-02	4.45037e-02	5.19143	2.79848	3.47100e-05
1.01867e+04	3.83428e-02	7.39821e-02	3.28230	0.32019	3.47100e-05
1.03110e+04	3.83498e-02	6.49568e-02	0.40150	6.05928	3.47100e-05
1.04352e+04	3.84063e-02	5.65918e-02	4.59293	3.53958	3.47100e-05
1.05594e+04	3.83836e-02	6.74095e-02	2.14353	2.56924	3.47100e-05
1.06836e+04	3.83572e-02	5.36374e-02	4.74043	0.99829	3.47100e-05
1.08079e+04	3.83314e-02	7.53212e-02	1.12310	3.71820	3.47100e-05
1.09321e+04	3.83314e-02	5.60047e-02	0.67729	0.23550	3.47100e-05
1.10563e+04	3.83127e-02	6.02967e-02	2.28670	1.84453	3.47100e-05
1.11806e+04	3.83638e-02	6.84241e-02	4.65092	2.19529	3.47100e-05
1.13048e+04	3.83550e-02	6.34576e-02	0.56952	5.85749	3.47100e-05
1.14290e+04	3.83819e-02	7.46343e-02	1.76312	4.35424	3.47100e-05
1.15532e+04	3.83439e-02	4.80370e-02	4.60098	1.60040	3.47100e-05
1.16775e+04	3.83518e-02	6.11294e-02	4.13567	2.04793	3.47100e-05
1.18017e+04	3.83532e-02	5.31781e-02	3.51616	3.89296	3.47100e-05
1.19259e+04	3.83051e-02	4.22265e-02	4.18167	5.88548	3.47100e-05
1.20502e+04	3.83484e-02	5.13672e-02	2.46160	1.46447	3.47100e-05
1.21744e+04	3.83495e-02	4.56337e-02	3.96664	2.12918	3.47100e-05
1.22986e+04	3.83233e-02	4.81612e-02	3.09197	3.28957	3.47100e-05
1.24228e+04	3.83477e-02	5.05270e-02	3.57906	2.54849	3.47100e-05
1.25471e+04	3.83482e-02	5.85348e-02	0.30128	2.18992	3.47100e-05
1.26713e+04	3.83355e-02	5.49689e-02	3.94507	0.19329	3.47100e-05
1.27955e+04	3.83263e-02	6.17982e-02	2.89496	3.35397	3.47100e-05
1.29198e+04	3.83173e-02	5.60257e-02	4.54213	5.23722	3.47100e-05
1.30440e+04	3.83443e-02	5.49706e-02	5.37906	1.59273	3.47100e-05
1.31682e+04	3.83027e-02	5.30480e-02	2.49399	3.06657	3.47100e-05
1.32924e+04	3.83373e-02	4.57422e-02	0.11519	2.63959	3.47100e-05
1.34167e+04	3.83237e-02	5.52533e-02	3.67459	3.01196	3.47100e-05
1.35409e+04	3.83492e-02	5.11401e-02	5.23411	5.04563	3.47100e-05
1.36651e+04	3.83109e-02	5.26651e-02	1.24231	0.55353	3.47100e-05
1.37894e+04	3.83533e-02	4.98240e-02	5.64642	0.74552	3.47100e-05
1.39136e+04	3.83307e-02	5.14437e-02	2.48282	0.54520	3.47100e-05
1.40378e+04	3.83077e-02	5.22264e-02	3.24214	5.17773	3.47100e-05
1.41620e+04	3.83022e-02	5.49591e-02	3.10137	2.97576	3.47100e-05
1.42863e+04	3.83018e-02	5.45276e-02	0.24169	5.25494	3.47100e-05
1.44105e+04	3.83256e-02	5.43002e-02	6.09402	0.30653	3.47100e-05
1.45347e+04	3.83397e-02	5.16381e-02	4.63747	1.61689	3.47100e-05
1.46590e+04	3.83135e-02	5.20801e-02	2.08402	3.70387	3.47100e-05
1.47832e+04	3.83168e-02	4.81543e-02	2.37006	4.39277	3.47100e-05
1.49074e+04	3.83269e-02	4.66298e-02	6.09742	2.81794	3.47100e-05
1.50316e+04	3.83112e-02	5.32323e-02	5.95083	2.95748	3.47100e-05
1.51559e+04	3.83282e-02	4.84007e-02	1.06378	1.55433	3.47100e-05
1.52801e+04	3.83188e-02	4.94157e-02	2.45264	6.00141	3.47100e-05
1.54043e+04	3.83074e-02	4.85209e-02	2.78085	4.01644	3.47100e-05
1.55286e+04	3.83372e-02	4.15262e-02	4.18152	1.10032	3.47100e-05
1.56528e+04	3.83226e-02	4.45839e-02	6.09772	3.31244	3.47100e-05
1.57770e+04	3.83100e-02	4.54410e-02	4.04961	4.25621	3.47100e-05
1.59012e+04	3.83361e-02	4.80706e-02	2.58919	4.77093	3.47100e-05
1.60255e+04	3.83441e-02	4.59800e-02	5.46271	6.13676	3.47100e-05
1.61497e+04	3.83168e-02	4.07547e-02	0.08161	5.47493	3.47100e-05
1.62739e+04	3.83212e-02	4.88670e-02	1.40449	2.99681	3.47100e-05
1.63982e+04	3.83254e-02	3.99884e-02	4.54648	4.24769	3.47100e-05
1.65224e+04	3.83421e-02	4.78178e-02	1.98541	2.70494	3.47100e-05
1.66466e+04	3.83033e-02	4.24179e-02	0.56643	5.96197	3.47100e-05
1.67708e+04	3.83489e-02	3.89092e-02	2.16468	0.99874	3.47100e-05
1.68951e+04	3.83238e-02	3.79315e-02	5.37180	3.11164	3.47100e-05
1.70193e+04	3.83209e-02	3.86594e-02	2.54062	4.51585	3.47100e-05
1.71435e+04	3.83346e-02	4.41734e-02	2.95791	4.07265	3.47100e-05
1.72678e+04	3.83452e-02	3.93912e-02	1.03716	4.07355	3.47100e-05
1.73920e+04	3.83190e-02	4.23219e-02	4.63327	3.30002	3.47100e-05
1.75162e+04	3.83294e-02	4.09856e-02	3.26154	1.75534	3.47100e-05
1.76404e+04	3.83221e-02	4.33579e-02	4.27911	5.01904	3.47100e-05
1.77647e+04	3.83207e-02	3.75734e-02	2.46761	1.59155	3.47100e-05
1.78889e+04	3.83376e-02	4.26124e-02	4.02281	2.75681	3.47100e-05
1.80131e+04	3.83403e-02	4.17024e-02	4.29484	3.21211	3.47100e-05
1.81374e+04	3.83369e-02	4.19840e-02	1.72269	4.11117	3.47100e-05
1.82616e+04	3.83333e-02	4.27025e-02	6.20485	0.98426	3.47100e-05
1.83858e+04	3.83493e-02	4.17460e-02	5.06918	2.68303	3.47100e-05
1.85100e+04	3.83445e-02	4.13732e-02	1.01192	4.74887	3.47100e-05
1.86343e+04	3.83330e-02	3.84534e-02	2.53608	0.22452	3.47100e-05
1.87585e+04	3.83374e-02	4.28974e-02	5.18912	4.11031	3.47100e-05
1.88827e+04	3.83403e-02	3.92538e-02	6.22895	5.64981	3.47100e-05
1.90070e+04	3.83624e-02	3.26500e-02	0.24658	0.09957	3.47100e-05
1.91312e+04	3.83339e-02	3.97332e-02	3.49586	1.53488	3.47100e-05
1.92554e+04	3.83302e-02	3.76222e-02	6.08066	2.35465	3.47100e-05
1.93796e+04	3.83531e-02	4.17251e-02	0.14702	3.44367	3.47100e-05
1.95039e+04	3.83558e-02	3.82501e-02	2.00396	3.30568	3.47100e-05
1.96281e+04	3.83764e-02	3.74413e-02	4.50926	2.61929	3.47100e-05
1.97523e+04	3.83684e-02	4.20043e-02	0.99351	0.74467	3.47100e-05
1.98766e+04	3.83523e-02	3.94356e-02	4.13395	4.34257	3.47100e-05
2.00008e+04	3.83265e-02	3.66514e-02	4.79115	1.53826	3.47100e-05
2.01250e+04	3.83355e-02	3.78046e-02	4.25141	5.11181	3.47100e-05
2.02492e+04	3.83333e-02	3.92546e-02	4.53403	1.27111	3.47100e-05
2.03735e+04	3.83501e-02	3.77550e-02	5.15535	2.54020	3.47100e-05
2.04977e+04	3.83614e-02	3.81701e-02	0.62692	0.08481	3.47100e-05
2.06219e+04	3.83344e-02	3.69262e-02	3.70496	2.69901	3.47100e-05
2.07462e+04	3.83433e-02	3.59478e-02	4.19749	5.29412	3.47100e-05
2.08704e+04	3.83684e-02	3.75749e-02	1.61519	5.94294	3.47100e-05
2.09946e+04	3.83592e-02	3.64995e-02	2.47482	1.09513	3.47100e-05
2.11188e+04	3.83534e-02	3.83213e-02	1.70148	2.68599	3.47100e-05
2.12431e+04	3.83499e-02	3.77964e-02	1.66701	3.30535	3.47100e-05
2.13673e+04	3.83775e-02	3.66089e-02	0.87411	3.32995	3.47100e-05
2.14915e+04	3.83433e-02	3.18532e-02	5.29178	3.32307	3.47100e-05
2.16157e+04	3.83591e-02	3.60600e-02	4.40714	2.26892	3.47100e-05
2.17400e+04	3.83481e-02	4.02868e-02	5.01664	5.36204	3.47100e-05
2.18642e+04	3.83592e-02	2.82572e-02	2.07517	3.57995	3.47100e-05
2.19884e+04	3.83647e-02	4.09648e-02	1.14604	6.17584	3.47100e-05
2.21127e+04	3.83673e-02	3.68198e-02	5.28273	2.44480	3.47100e-05
2.22369e+04	3.83550e-02	3.28582e-02	4.59446	3.48360	3.47100e-05
2.23611e+04	3.83463e-02	3.64159e-02	0.73066	5.46379	3.47100e-05
2.24853e+04	3.83571e-02	4.15592e-02	2.94229	0.55332	3.47100e-05
2.26096e+04	3.83600e-02	3.70611e-02	4.47988	1.87392	3.47100e-05
2.27338e+04	3.83550e-02	3.53616e-02	6.27421	2.64867	3.47100e-05
2.28580e+04	3.83601e-02	3.27741e-02	0.23543	3.48776	3.47100e-05
2.29823e+04	3.83706e-02	3.20076e-02	0.73175	3.58918	3.47100e-05
2.31065e+04	3.83562e-02	3.30901e-02	0.95112	3.26996	3.47100e-05
2.32307e+04	3.83569e-02	3.32872e-02	5.28684	3.61158	3.47100e-05
2.33549e+04	3.83603e-02	3.54227e-02	3.04524	3.85025	3.47100e-05
2.34792e+04	3.84049e-02	3.49755e-02	0.39886	3.74419	3.47100e-05
2.36034e+04	3.83534e-02	3.41010e-02	3.35178	3.32486	3.47100e-05
2.37276e+04	3.83632e-02	3.84611e-02	5.50716	2.72963	3.47100e-05
2.38519e+04	3.83928e-02	3.78575e-02	0.81924	2.02000	3.47100e-05
2.39761e+04	3.83740e-02	3.63289e-02	1.60153	1.18275	3.47100e-05
2.41003e+04	3.83707e-02	3.31298e-02	2.31179	6.02265	3.47100e-05
2.42245e+04	3.83694e-02	3.45804e-02	2.13222	4.59090	3.47100e-05
2.43488e+04	3.83798e-02	3.56350e-02	1.43729	2.91956	3.47100e-05
2.44730e+04	3.83637e-02	3.59751e-02	6.23730	1.33605	3.47100e-05
2.45972e+04	3.83747e-02	3.13150e-02	3.54856	0.08660	3.47100e-05
2.47215e+04	3.83776e-02	3.55544e-02	1.28960	4.35652	3.47100e-05
2.48457e+04	3.83792e-02	3.45912e-02	3.95563	2.74210	3.47100e-05
2.49699e+04	3.83681e-02	3.37595e-02	6.10098	0.98978	3.47100e-05
2.50941e+04	3.83582e-02	3.63274e-02	1.45633	5.28482	3.47100e-05
2.52184e+04	3.83668e-02	3.47728e-02	2.46543	3.15297	3.47100e-05
2.53426e+04	3.83527e-02	3.27785e-02	2.97261	0.92129	3.47100e-05
2.54668e+04	3.83725e-02	3.45012e-02	2.65630	5.17609	3.47100e-05
2.55911e+04	3.83613e-02	3.39343e-02	1.67301	3.13505	3.47100e-05
2.57153e+04	3.83903e-02	3.34322e-02	0.15824	0.94360	3.47100e-05
2.58395e+04	3.83832e-02	3.37443e-02	4.00463	5.25293	3.47100e-05
2.59637e+04	3.83883e-02	3.28699e-02	1.18108	3.10103	3.47100e-05
2.60880e+04	3.83668e-02	3.49954e-02	4.01654	0.84407	3.47100e-05
2.62122e+04	3.83802e-02	3.44558e-02	6.25701	4.96385	3.47100e-05
2.63364e+04	3.83805e-02	3.21943e-02	1.35194	3.00018	3.47100e-05
2.64607e+04	3.83835e-02	3.49036e-02	2.37331	0.89666	3.47100e-05
2.65849e+04	3.83702e-02	3.39822e-02	2.54345	5.30369	3.47100e-05
2.67091e+04	3.83750e-02	3.47712e-02	2.36465	3.27011	3.47100e-05
2.68333e+04	3.83918e-02	3.42217e-02	1.45459	1.31571	3.47100e-05
2.69576e+04	3.83958e-02	3.63133e-02	6.19529	5.80883	3.47100e-05
2.70818e+04	3.83725e-02	3.32012e-02	4.18091	3.85570	3.47100e-05
2.72060e+04	3.83887e-02	3.50939e-02	1.36498	2.21849	3.47100e-05
2.73303e+04	3.83854e-02	3.24106e-02	4.21798	0.68611	3.47100e-05
2.74545e+04	3.83719e-02	3.30853e-02	0.41032	5.32188	3.47100e-05
2.75787e+04	3.83838e-02	3.37906e-02	2.05366	4.04270	3.47100e-05
2.77029e+04	3.83883e-02	3.51786e-02	3.28956	2.70777	3.47100e-05
2.78272e+04	3.83769e-02	3.52499e-02	3.87551	1.49876	3.47100e-05
2.79514e+04	3.83748e-02	3.35861e-02	3.94662	0.30030	3.47100e-05
2.80756e+04	3.83824e-02	3.56510e-02	3.45095	5.54413	3.47100e-05
2.81999e+04	3.83798e-02	3.48799e-02	2.28376	4.68294	3.47100e-05
2.83241e+04	3.83774e-02	3.48296e-02	0.72565	3.78954	3.47100e-05
2.84483e+04	3.83962e-02	3.51271e-02	4.86652	3.04727	3.47100e-05
2.85725e+04	3.83930e-02	3.52107e-02	2.05079	2.54381	3.47100e-05
2.86968e+04	3.83882e-02	3.44092e-02	5.00498	2.17097	3.47100e-05
2.88210e+04	3.83927e-02	3.51050e-02	1.25643	1.85140	3.47100e-05
2.89452e+04	3.83864e-02	3.53134e-02	3.15175	1.71883	3.47100e-05
2.90695e+04	3.83923e-02	3.36953e-02	4.46342	1.83360	3.47100e-05
2.91937e+04	3.83839e-02	3.37192e-02	5.35042	2.01461	3.47100e-05
2.93179e+04	3.83993e-02	3.56329e-02	5.69389	2.36150	3.47100e-05
2.94421e+04	3.83784e-02	3.49685e-02	5.47964	2.91719	3.47100e-05
2.95664e+04	3.84008e-02	3.44286e-02	4.79401	3.54504	3.47100e-05
2.96906e+04	3.83841e-02	3.46719e-02	3.60589	4.35099	3.47100e-05
2.98148e+04	3.83717e-02	3.55837e-02	1.90478	5.33983	3.47100e-05
2.99391e+04	3.84040e-02	3.60963e-02	6.04674	0.17179	3.47100e-05
3.00633e+04	3.84014e-02	3.58511e-02	3.42216	1.45791	3.47100e-05
3.01875e+04	3.83892e-02	3.56462e-02	0.28848	2.93450	3.47100e-05
3.03117e+04	3.83743e-02	3.59020e-02	2.93310	4.60082	3.47100e-05
3.04360e+04	3.83956e-02	3.64977e-02	5.11434	0.17138	3.47100e-05
3.05602e+04	3.84128e-02	3.74306e-02	0.65774	2.13281	3.47100e-05
3.06844e+04	3.83867e-02	3.60735e-02	1.97170	4.28739	3.47100e-05
3.08087e+04	3.83974e-02	3.58106e-02	2.77568	0.37471	3.47100e-05
3.09329e+04	3.83834e-02	3.70347e-02	3.22206	2.85526	3.47100e-05
3.10571e+04	3.83851e-02	3.59948e-02	3.21773	5.55840	3.47100e-05
3.11813e+04	3.83994e-02	3.56566e-02	2.71049	2.16898	3.47100e-05
3.13056e+04	3.83875e-02	3.65900e-02	1.83839	5.22662	3.47100e-05
3.14298e+04	3.84191e-02	3.57957e-02	0.52646	2.21235	3.47100e-05
3.15540e+04	3.83980e-02	3.56431e-02	5.04091	5.66496	3.47100e-05
3.16783e+04	3.83801e-02	3.63057e-02	2.91901	2.99400	3.47100e-05
3.18025e+04	3.83805e-02	3.61145e-02	0.41903	0.48463	3.47100e-05
3.19267e+04	3.84085e-02	3.66136e-02	3.79649	4.42575	3.47100e-05
3.20509e+04	3.83853e-02	3.63143e-02	0.56879	2.24814	3.47100e-05
3.21752e+04	3.83861e-02	3.62024e-02	3.19994	0.27042	3.47100e-05
3.22994e+04	3.83887e-02	3.75105e-02	5.46599	4.72950	3.47100e-05
3.24236e+04	3.84185e-02	3.66534e-02	1.12797	3.07876	3.47100e-05
3.25479e+04	3.83916e-02	3.57293e-02	2.60699	1.66771	3.47100e-05
3.26721e+04	3.84090e-02	3.63685e-02	3.79973	0.38222	3.47100e-05
3.27963e+04	3.83939e-02	3.59518e-02	4.62519	5.58707	3.47100e-05
3.29205e+04	3.84041e-02	3.65522e-02	5.13592	4.66008	3.47100e-05
3.30448e+04	3.83962e-02	3.67610e-02	5.28085	3.94593	3.47100e-05
3.31690e+04	3.83940e-02	3.70035e-02	5.17283	3.32721	3.47100e-05
3.32932e+04	3.83986e-02	3.65380e-02	4.70671	2.90133	3.47100e-05
3.34175e+04	3.83897e-02	3.68208e-02	3.95029	2.63908	3.47100e-05
3.35417e+04	3.83852e-02	3.64381e-02	2.80652	2.60277	3.47100e-05
3.36659e+04	3.84036e-02	3.73657e-02	1.39325	2.70297	3.47100e-05
3.37901e+04	3.83942e-02	3.68595e-02	6.02711	2.94166	3.47100e-05
3.39144e+04	3.83893e-02	3.75407e-02	4.04142	3.39314	3.47100e-05
3.40386e+04	3.84000e-02	3.71848e-02	1.80036	3.95806	3.47100e-05
3.41628e+04	3.83885e-02	3.69171e-02	5.57036	4.68356	3.47100e-05
3.42871e+04	3.83880e-02	3.69677e-02	2.74611	5.63205	3.47100e-05
3.44113e+04	3.84104e-02	3.70948e-02	5.93691	0.41675	3.47100e-05
3.45355e+04	3.84005e-02	3.71170e-02	2.63240	1.64467	3.47100e-05
3.46597e+04	3.83884e-02	3.74997e-02	5.33259	3.04515	3.47100e-05
3.47840e+04	3.83915e-02	3.73294e-02	1.49761	4.58626	3.47100e-05
3.49082e+04	3.83929e-02	3.68287e-02	3.70264	0.01784	3.47100e-05
3.50324e+04	3.84003e-02	3.75782e-02	5.67586	1.86472	3.47100e-05
3.51567e+04	3.84188e-02	3.76156e-02	1.14591	3.87074	3.47100e-05
3.52809e+04	3.83920e-02	3.74450e-02	2.68612	6.03137	3.47100e-05
3.54051e+04	3.83866e-02	3.73024e-02	3.99355	2.03202	3.47100e-05
3.55293e+04	3.83977e-02	3.76674e-02	5.04605	4.53170	3.47100e-05
3.56536e+04	3.83932e-02	3.78115e-02	5.94905	0.81604	3.47100e-05
3.57778e+04	3.83917e-02	3.79874e-02	0.31133	3.59431	3.47100e-05
3.59020e+04	3.83979e-02	3.76681e-02	0.81198	0.17532	3.47100e-05
3.60262e+04	3.83906e-02	3.79169e-02	1.07143	3.23604	3.47100e-05
3.61505e+04	3.84058e-02	3.80477e-02	1.16297	0.13101	3.47100e-05
3.62747e+04	3.83893e-02	3.83168e-02	1.05924	3.43721	3.47100e-05
3.63989e+04	3.83968e-02	3.86634e-02	0.82177	0.57007	3.47100e-05
3.65232e+04	3.83898e-02	3.79739e-02	0.35913	4.17196	3.47100e-05
3.66474e+04	3.83967e-02	3.80879e-02	6.04018	1.57603	3.47100e-05
3.67716e+04	3.83895e-02	3.86306e-02	5.24122	5.44873	3.47100e-05
3.68958e+04	3.83830e-02	3.83827e-02	4.35750	3.11235	3.47100e-05
3.70201e+04	3.83926e-02	3.80964e-02	3.26363	0.93890	3.47100e-05
3.71443e+04	3.83952e-02	3.83060e-02	2.03203	5.15490	3.47100e-05
3.72685e+04	3.83877e-02	3.86302e-02	0.66404	3.22877	3.47100e-05
3.73928e+04	3.83924e-02	3.80869e-02	5.42548	1.43264	3.47100e-05
3.75170e+04	3.84038e-02	3.76786e-02	3.79853	6.00119	3.47100e-05
3.76412e+04	3.83940e-02	3.82552e-02	1.96866	4.46244	3.47100e-05
3.77654e+04	3.83939e-02	3.86366e-02	0.10268	2.97630	3.47100e-05
3.78897e+04	3.83947e-02	3.85844e-02	4.33581	1.66072	3.47100e-05
3.80139e+04	3.84037e-02	3.83534e-02	2.20192	0.42598	3.47100e-05
3.81381e+04	3.84104e-02	3.88908e-02	6.21454	5.59598	3.47100e-05
3.82624e+04	3.83958e-02	3.81381e-02	3.85161	4.58933	3.47100e-05
3.83866e+04	3.84029e-02	3.83016e-02	1.38432	3.68046	3.47100e-05
3.85108e+04	3.83961e-02	3.89645e-02	5.06612	2.90921	3.47100e-05
3.86350e+04	3.84100e-02	3.84171e-02	2.42286	2.20279	3.47100e-05
3.87593e+04	3.84087e-02	3.92017e-02	5.91915	1.63666	3.47100e-05
3.88835e+04	3.83789e-02	3.85620e-02	3.04368	1.18083	3.47100e-05
3.90077e+04	3.83929e-02	3.90853e-02	0.13000	0.77239	3.47100e-05
3.91320e+04	3.84017e-02	3.83165e-02	3.36568	0.50805	3.47100e-05
3.92562e+04	3.84273e-02	3.93026e-02	0.27614	0.31295	3.47100e-05
3.93804e+04	3.83975e-02	3.85050e-02	3.37519	0.21934	3.47100e-05
3.95046e+04	3.84033e-02	3.90051e-02	0.09713	0.23898	3.47100e-05
3.96289e+04	3.83888e-02	3.89773e-02	3.08530	0.29787	3.47100e-05
3.97531e+04	3.84074e-02	3.89831e-02	5.97230	0.49766	3.47100e-05
3.98773e+04	3.83995e-02	3.85274e-02	2.49129	0.79022	3.47100e-05
4.00016e+04	3.83990e-02	3.93898e-02	5.31529	1.09629	3.47100e-05
4.01258e+04	3.83999e-02	3.88156e-02	1.72021	1.56937	3.47100e-05
4.02500e+04	3.83941e-02	3.87748e-02	4.37724	2.09462	3.47100e-05
4.03742e+04	3.83940e-02	3.91536e-02	0.74678	2.66030	3.47100e-05
4.04985e+04	3.83979e-02	3.90094e-02	3.28720	3.36325	3.47100e-05
4.06227e+04	3.84074e-02	3.87622e-02	5.81735	4.11477	3.47100e-05
4.07469e+04	3.83812e-02	3.91118e-02	2.02888	4.93211	3.47100e-05
4.08712e+04	3.83968e-02	3.93580e-02	4.46886	5.85541	3.47100e-05
4.09954e+04	3.84190e-02	3.92689e-02	0.60522	0.55287	3.47100e-05
4.11196e+04	3.83858e-02	3.92257e-02	2.96985	1.61364	3.47100e-05
4.12438e+04	3.83904e-02	3.91852e-02	5.31137	2.74315	3.47100e-05
4.13681e+04	3.84085e-02	3.90607e-02	1.35217	3.93047	3.47100e-05
4.14923e+04	3.84050e-02	3.92552e-02	3.63970	5.18758	3.47100e-05
4.16165e+04	3.84001e-02	3.95657e-02	5.90221	0.24233	3.47100e-05
4.17408e+04	3.83909e-02	3.95831e-02	1.88305	1.62412	3.47100e-05
4.18650e+04	3.83873e-02	3.93364e-02	4.11900	3.07386	3.47100e-05
4.19892e+04	3.84049e-02	3.97024e-02	0.00367	4.62199	3.47100e-05
4.21134e+04	3.84036e-02	3.90099e-02	2.23892	6.16735	3.47100e-05
4.22377e+04	3.83830e-02	3.94004e-02	4.39121	1.55131	3.47100e-05
4.23619e+04	3.83934e-02	3.93937e-02	0.27905	3.25935	3.47100e-05
4.24861e+04	3.84076e-02	3.91879e-02	2.46762	5.00288	3.47100e-05
4.26104e+04	3.83918e-02	3.96900e-02	4.60763	0.54012	3.47100e-05
4.27346e+04	3.83842e-02	3.91749e-02	0.47484	2.41202	3.47100e-05
4.28588e+04	3.84029e-02	3.94757e-02	2.63561	4.31321	3.47100e-05
4.29830e+04	3.83983e-02	3.89536e-02	4.77820	0.00636	3.47100e-05
4.31073e+04	3.83831e-02	3.93965e-02	0.63211	2.04651	3.47100e-05
4.32315e+04	3.83968e-02	3.92617e-02	2.81348	4.09247	3.47100e-05
4.33557e+04	3.84023e-02	3.94541e-02	4.95575	6.22772	3.47100e-05
4.34800e+04	3.83835e-02	3.94848e-02	0.84558	2.10609	3.47100e-05
4.36042e+04	3.83895e-02	3.96147e-02	3.00183	4.31161	3.47100e-05
4.37284e+04	3.84029e-02	3.93012e-02	5.20034	0.27454	3.47100e-05
4.38526e+04	3.83912e-02	3.97004e-02	1.06294	2.60436	3.47100e-05
4.39769e+04	3.83882e-02	3.93997e-02	3.30487	4.90519	3.47100e-05
4.41011e+04	3.83977e-02	3.97238e-02	5.51539	1.01761	3.47100e-05
4.42253e+04	3.83881e-02	3.96761e-02	1.45655	3.43394	3.47100e-05
4.43496e+04	3.83920e-02	3.93799e-02	3.70831	5.86838	3.47100e-05
4.44738e+04	3.84087e-02	3.99342e-02	5.98517	2.07965	3.47100e-05
4.45980e+04	3.83891e-02	3.96786e-02	1.93459	4.64310	3.47100e-05
4.47222e+04	3.83806e-02	3.95880e-02	4.28883	0.86925	3.47100e-05
4.48465e+04	3.83916e-02	3.97161e-02	0.30391	3.48784	3.47100e-05
4.49707e+04	3.83928e-02	3.91567e-02	2.64360	6.11757	3.47100e-05
4.50949e+04	3.84054e-02	3.97991e-02	5.04515	2.46017	3.47100e-05
4.52192e+04	3.84088e-02	4.01047e-02	1.12797	5.17050	3.47100e-05
4.53434e+04	3.83900e-02	3.92967e-02	3.51428	1.62284	3.47100e-05
4.54676e+04	3.83927e-02	3.98712e-02	6.00624	4.32082	3.47100e-05
4.55918e+04	3.84030e-02	3.97410e-02	2.13892	0.85471	3.47100e-05
4.57161e+04	3.84009e-02	3.93698e-02	4.67123	3.63749	3.47100e-05
4.58403e+04	3.84015e-02	4.03512e-02	0.90280	0.17534	3.47100e-05
4.59645e+04	3.84034e-02	3.95159e-02	3.44937	3.02162	3.47100e-05
4.60888e+04	3.84193e-02	3.99400e-02	6.03102	5.89859	3.47100e-05
4.62130e+04	3.83887e-02	4.01071e-02	2.37957	2.49283	3.47100e-05
4.63372e+04	3.83967e-02	4.00893e-02	4.98650	5.42852	3.47100e-05
4.64614e+04	3.84041e-02	3.96454e-02	1.42398	2.05280	3.47100e-05
4.65857e+04	3.83850e-02	4.00401e-02	4.10567	5.03093	3.47100e-05
4.67099e+04	3.83805e-02	3.95127e-02	0.56184	1.72590	3.47100e-05
4.68341e+04	3.83910e-02	3.97305e-02	3.34618	4.70419	3.47100e-05
4.69584e+04	3.84091e-02	4.02306e-02	6.13817	1.44206	3.47100e-05
4.70826e+04	3.83907e-02	3.93200e-02	2.67017	4.49891	3.47100e-05
4.72068e+04	3.83873e-02	4.00370e-02	5.59867	1.22676	3.47100e-05
4.73310e+04	3.84014e-02	4.00045e-02	2.16807	4.33018	3.47100e-05
4.74553e+04	3.84005e-02	3.96613e-02	5.13768	1.10867	3.47100e-05
4.75795e+04	3.83798e-02	4.02173e-02	1.84120	4.19164	3.47100e-05
4.77037e+04	3.83983e-02	3.98597e-02	4.84517	1.02378	3.47100e-05
4.78280e+04	3.83916e-02	3.98843e-02	1.61895	4.13808	3.47100e-05
4.79522e+04	3.83930e-02	3.97947e-02	4.70456	0.98747	3.47100e-05
4.80764e+04	3.83817e-02	3.96125e-02	1.52319	4.16276	3.47100e-05
4.82006e+04	3.83995e-02	3.97916e-02	4.73960	0.98845	3.47100e-05
4.83249e+04	3.83988e-02	4.00534e-02	1.59430	4.20512	3.47100e-05
4.84491e+04	3.84039e-02	3.95734e-02	4.85254	1.08179	3.47100e-05
4.85733e+04	3.83791e-02	4.02522e-02	1.84661	4.25803	3.47100e-05
4.86976e+04	3.83934e-02	3.99897e-02	5.13946	1.18505	3.47100e-05
4.88218e+04	3.84008e-02	3.98756e-02	2.22887	4.37888	3.47100e-05
4.89460e+04	3.83974e-02	4.00645e-02	5.61603	1.30178	3.47100e-05
4.90702e+04	3.83866e-02	3.95697e-02	2.72353	4.54610	3.47100e-05
4.91945e+04	3.83942e-02	4.00468e-02	6.23054	1.45022	3.47100e-05
4.93187e+04	3.84009e-02	3.98542e-02	3.40734	4.71242	3.47100e-05
4.94429e+04	3.84159e-02	3.99631e-02	0.68252	1.64557	3.47100e-05
4.95672e+04	3.83808e-02	4.02546e-02	4.25790	4.89604	3.47100e-05
4.96914e+04	3.83825e-02	3.98406e-02	1.57928	1.86495	3.47100e-05
4.98156e+04	3.83967e-02	4.02524e-02	5.26723	5.08319	3.47100e-05
4.99398e+04	3.83918e-02	3.99764e-02	2.65359	2.06652	3.47100e-05
5.00641e+04	3.84279e-02	4.03033e-02	0.08030	5.33186	3.47100e-05
5.01883e+04	3.83963e-02	3.96766e-02	3.87933	2.28596	3.47100e-05
5.03125e+04	3.83855e-02	4.00369e-02	1.36161	5.57800	3.47100e-05
5.04367e+04	3.83974e-02	4.00804e-02	5.25470	2.51341	3.47100e-05
5.05610e+04	3.83837e-02	4.03263e-02	2.82446	5.79993	3.47100e-05
5.06852e+04	3.84193e-02	4.01411e-02	0.45782	2.77813	3.47100e-05
5.08094e+04	3.83810e-02	3.99613e-02	4.41502	6.04600	3.47100e-05
5.09337e+04	3.83933e-02	3.98376e-02	2.10832	3.03615	3.47100e-05
5.10579e+04	3.83930e-02	4.01546e-02	6.14948	6.27830	3.47100e-05
5.11821e+04	3.84052e-02	3.95971e-02	3.95642	3.25579	3.47100e-05
5.13063e+04	3.83880e-02	4.01619e-02	1.76402	0.23711	3.47100e-05
5.14306e+04	3.84041e-02	4.00722e-02	5.89839	3.50200	3.47100e-05
5.15548e+04	3.83912e-02	3.97930e-02	3.77531	0.49402	3.47100e-05
5.16790e+04	3.83804e-02	3.99417e-02	1.71976	3.72935	3.47100e-05
5.18033e+04	3.84005e-02	4.01710e-02	5.95393	0.71654	3.47100e-05
5.19275e+04	3.83841e-02	4.01110e-02	3.97546	3.94259	3.47100e-05
5.20517e+04	3.83961e-02	3.99179e-02	1.97773	0.94517	3.47100e-05
5.21759e+04	3.84287e-02	4.02091e-02	0.06796	4.17771	3.47100e-05
5.23002e+04	3.83824e-02	4.01374e-02	4.43716	1.14899	3.47100e-05
5.24244e+04	3.83938e-02	3.93548e-02	2.57023	4.39576	3.47100e-05
5.25486e+04	3.83915e-02	4.03519e-02	0.76396	1.32580	3.47100e-05
5.26729e+04	3.83887e-02	4.00461e-02	5.23137	4.57137	3.47100e-05
5.27971e+04	3.83915e-02	3.97026e-02	3.50630	1.49380	3.47100e-05
5.29213e+04	3.83951e-02	3.99888e-02	1.75929	4.73842	3.47100e-05
5.30455e+04	3.84273e-02	4.03407e-02	0.05168	1.67948	3.47100e-05
5.31698e+04	3.83913e-02	3.96819e-02	4.69025	4.87812	3.47100e-05
5.32940e+04	3.83758e-02	4.00946e-02	3.02982	1.82886	3.47100e-05
5.34182e+04	3.83926e-02	3.97588e-02	1.45296	5.01303	3.47100e-05
5.35425e+04	3.84047e-02	4.05019e-02	6.16890	1.93909	3.47100e-05
5.36667e+04	3.83949e-02	3.98805e-02	4.65580	5.09846	3.47100e-05
5.37909e+04	3.83836e-02	3.99616e-02	3.12569	2.03130	3.47100e-05
5.39151e+04	3.83893e-02	3.99379e-02	1.67316	5.18969	3.47100e-05
5.40394e+04	3.83933e-02	3.98964e-02	0.19561	2.10822	3.47100e-05
5.41636e+04	3.84012e-02	3.97915e-02	5.07512	5.26931	3.47100e-05
5.42878e+04	3.84001e-02	3.97429e-02	3.69016	2.14050	3.47100e-05
5.44121e+04	3.83982e-02	3.93899e-02	2.32285	5.32025	3.47100e-05
5.45363e+04	3.84022e-02	4.03522e-02	1.01442	2.16542	3.47100e-05
5.46605e+04	3.84011e-02	4.03141e-02	5.99056	5.30856	3.47100e-05
5.47847e+04	3.83979e-02	3.97744e-02	4.74660	2.13268	3.47100e-05
5.49090e+04	3.84029e-02	3.96589e-02	3.47973	5.28171	3.47100e-05
5.50332e+04	3.84015e-02	3.96369e-02	2.25712	2.11968	3.47100e-05
5.51574e+04	3.84030e-02	4.01351e-02	1.07694	5.23963	3.47100e-05
5.52817e+04	3.84251e-02	4.02685e-02	6.19204	2.06054	3.47100e-05
5.54059e+04	3.84010e-02	3.98974e-02	5.06522	5.14679	3.47100e-05
5.55301e+04	3.83893e-02	3.96374e-02	3.93518	1.97422	3.47100e-05
5.56543e+04	3.83828e-02	4.00689e-02	2.86029	5.04152	3.47100e-05
5.57786e+04	3.83809e-02	3.98089e-02	1.78658	1.84847	3.47100e-05
5.59028e+04	3.83915e-02	4.03033e-02	0.76691	4.89287	3.47100e-05
5.60270e+04	3.84022e-02	4.01211e-02	6.02817	1.68566	3.47100e-05
5.61513e+04	3.84031e-02	4.01267e-02	5.07626	4.70543	3.47100e-05
5.62755e+04	3.83989e-02	3.97970e-02	4.08363	1.49126	3.47100e-05
5.63997e+04	3.83853e-02	3.98448e-02	3.14756	4.51510	3.47100e-05
5.65239e+04	3.83994e-02	3.97192e-02	2.20633	1.28350	3.47100e-05
5.66482e+04	3.84065e-02	3.98673e-02	1.30923	4.29804	3.47100e-05
5.67724e+04	3.83837e-02	3.96266e-02	0.44844	1.02738	3.47100e-05
5.68966e+04	3.84055e-02	3.99259e-02	5.86729	4.04010	3.47100e-05
5.70209e+04	3.84004e-02	3.98862e-02	5.04470	0.73911	3.47100e-05
5.71451e+04	3.83864e-02	3.96813e-02	4.21205	3.74955	3.47100e-05
5.72693e+04	3.83963e-02	3.96411e-02	3.43263	0.42897	3.47100e-05
5.73935e+04	3.83903e-02	3.94065e-02	2.63898	3.42312	3.47100e-05
5.75178e+04	3.83762e-02	3.99907e-02	1.92952	0.07495	3.47100e-05
5.76420e+04	3.83863e-02	3.98110e-02	1.15740	3.06413	3.47100e-05
5.77662e+04	3.83828e-02	3.98126e-02	0.47236	5.98171	3.47100e-05
5.78905e+04	3.84026e-02	4.01558e-02	6.03501	2.66180	3.47100e-05
5.80147e+04	3.83912e-02	4.00421e-02	5.37813	5.57299	3.47100e-05
5.81389e+04	3.83965e-02	3.98604e-02	4.70187	2.23204	3.47100e-05
5.82631e+04	3.83797e-02	4.00846e-02	4.06706	5.13326	3.47100e-05
5.83874e+04	3.83999e-02	3.94713e-02	3.43377	1.77757	3.47100e-05
5.85116e+04	3.83914e-02	3.97718e-02	2.84329	4.65951	3.47100e-05
5.86358e+04	3.83993e-02	3.97301e-02	2.21857	1.29803	3.47100e-05
5.87601e+04	3.83885e-02	3.98233e-02	1.66599	4.15934	3.47100e-05
5.88843e+04	3.84034e-02	4.00764e-02	1.08012	0.77574	3.47100e-05
5.90085e+04	3.84161e-02	4.00336e-02	0.53875	3.63812	3.47100e-05
5.91327e+04	3.84028e-02	4.00553e-02	0.01765	0.21890	3.47100e-05
5.92570e+04	3.83988e-02	3.95915e-02	5.77001	3.08429	3.47100e-05
5.93812e+04	3.83976e-02	3.98067e-02	5.28568	5.91604	3.47100e-05
5.95054e+04	3.84032e-02	3.96051e-02	4.78030	2.48600	3.47100e-05
5.96297e+04	3.83783e-02	3.98362e-02	4.30461	5.31409	3.47100e-05
5.97539e+04	3.83901e-02	3.94451e-02	3.83197	1.86608	3.47100e-05
5.98781e+04	3.83949e-02	3.96117e-02	3.39664	4.66811	3.47100e-05
6.00023e+04	3.83762e-02	3.97104e-02	2.95440	1.21146	3.47100e-05
6.01266e+04	3.83871e-02	3.99011e-02	2.54673	3.99580	3.47100e-05
6.02508e+04	3.83922e-02	3.96207e-02	2.10377	0.53441	3.47100e-05
6.03750e+04	3.83789e-02	3.98572e-02	1.73671	3.28990	3.47100e-05
6.04993e+04	3.83853e-02	3.97311e-02	1.32018	6.09468	3.47100e-05
6.06235e+04	3.83997e-02	4.01478e-02	0.95362	2.57178	3.47100e-05
6.07477e+04	3.83778e-02	3.96188e-02	0.59132	5.34705	3.47100e-05
6.08719e+04	3.83855e-02	3.99284e-02	0.24552	1.80876	3.47100e-05
6.09962e+04	3.84037e-02	4.01315e-02	6.16723	4.57457	3.47100e-05
6.11204e+04	3.83881e-02	3.99434e-02	5.84688	1.01823	3.47100e-05
6.12446e+04	3.83825e-02	3.96577e-02	5.49716	3.77979	3.47100e-05
6.13689e+04	3.83988e-02	3.99988e-02	5.20811	0.20146	3.47100e-05
6.14931e+04	3.83966e-02	3.98703e-02	4.88575	2.94849	3.47100e-05
6.16173e+04	3.83908e-02	3.95730e-02	4.60323	5.64907	3.47100e-05
6.17415e+04	3.83926e-02	3.98437e-02	4.29200	2.09833	3.47100e-05
6.18658e+04	3.83813e-02	3.97996e-02	4.02226	4.78826	3.47100e-05
6.19900e+04	3.84081e-02	3.93475e-02	3.73203	1.21964	3.47100e-05
6.21142e+04	3.83900e-02	3.95846e-02	3.47881	3.89852	3.47100e-05
6.22385e+04	3.83862e-02	3.98181e-02	3.19094	0.32964	3.47100e-05
6.23627e+04	3.83869e-02	3.97085e-02	2.97594	2.98431	3.47100e-05
6.24869e+04	3.83872e-02	3.98282e-02	2.70125	5.68387	3.47100e-05
6.26111e+04	3.84031e-02	3.93983e-02	2.47533	2.05769	3.47100e-05
6.27354e+04	3.83996e-02	3.96812e-02	2.22326	4.74097	3.47100e-05
6.28596e+04	3.83904e-02	3.98416e-02	2.01524	1.09455	3.47100e-05
6.29838e+04	3.83942e-02	3.97950e-02	1.77930	3.76363	3.47100e-05
6.31081e+04	3.83911e-02	3.97593e-02	1.59051	0.10898	3.47100e-05
6.32323e+04	3.84045e-02	3.97935e-02	1.36118	2.77179	3.47100e-05
6.33565e+04	3.84133e-02	3.98966e-02	1.16424	5.39680	3.47100e-05
6.34807e+04	3.83987e-02	3.99449e-02	0.96151	1.74854	3.47100e-05
6.36050e+04	3.84159e-02	4.00276e-02	0.77290	4.36809	3.47100e-05
6.37292e+04	3.83826e-02	3.96775e-02	0.58642	0.70286	3.47100e-05
6.38534e+04	3.84190e-02	3.99943e-02	0.40695	3.32041	3.47100e-05
6.39777e+04	3.83917e-02	3.97779e-02	0.22634	5.93076	3.47100e-05
6.41019e+04	3.84274e-02	4.01343e-02	0.04864	2.25236	3.47100e-05
6.42261e+04	3.84066e-02	4.01050e-02	6.16290	4.84941	3.47100e-05
6.43503e+04	3.84139e-02	3.98220e-02	5.99283	1.16250	3.47100e-05
6.44746e+04	3.84021e-02	3.99515e-02	5.82990	3.74822	3.47100e-05
6.45988e+04	3.83916e-02	3.93686e-02	5.66048	0.06093	3.47100e-05
6.47230e+04	3.83953e-02	3.97804e-02	5.52002	2.63109	3.47100e-05
6.48472e+04	3.83895e-02	3.94396e-02	5.35179	5.22121	3.47100e-05
6.49715e+04	3.83987e-02	3.97835e-02	5.21571	1.49231	3.47100e-05
6.50957e+04	3.84008e-02	3.95977e-02	5.05533	4.07160	3.47100e-05
6.52199e+04	3.83990e-02	3.96127e-02	4.92307	0.33655	3.47100e-05
6.53442e+04	3.84025e-02	3.94765e-02	4.76459	2.90739	3.47100e-05
6.54684e+04	3.83881e-02	3.94912e-02	4.63977	5.45430	3.47100e-05
6.55926e+04	3.83928e-02	3.93830e-02	4.48807	1.73455	3.47100e-05
6.57168e+04	3.83788e-02	3.96734e-02	4.35541	4.27276	3.47100e-05
6.58411e+04	3.83860e-02	3.94239e-02	4.20827	0.54465	3.47100e-05
6.59653e+04	3.83839e-02	3.97890e-02	4.09058	3.06540	3.47100e-05
6.60895e+04	3.83886e-02	3.93766e-02	3.94208	5.61610	3.47100e-05
6.62138e+04	3.83961e-02	3.95777e-02	3.83241	1.84110	3.47100e-05
6.63380e+04	3.83904e-02	3.92997e-02	3.68845	4.39082	3.47100e-05
6.64622e+04	3.83994e-02	3.93775e-02	3.57931	0.61207	3.47100e-05
6.65864e+04	3.83840e-02	3.94274e-02	3.43002	3.15457	3.47100e-05
6.67107e+04	3.83918e-02	3.95418e-02	3.31652	5.65550	3.47100e-05
6.68349e+04	3.83752e-02	3.96764e-02	3.17788	1.90031	3.47100e-05
6.69591e+04	3.83833e-02	3.98021e-02	3.06342	4.39595	3.47100e-05
6.70834e+04	3.83765e-02	3.96283e-02	2.94029	0.63108	3.47100e-05
6.72076e+04	3.83828e-02	3.97846e-02	2.82750	3.12067	3.47100e-05
6.73318e+04	3.83882e-02	3.93414e-02	2.68526	5.63900	3.47100e-05
6.74560e+04	3.83864e-02	3.96535e-02	2.57867	1.83711	3.47100e-05
6.75803e+04	3.83979e-02	3.92699e-02	2.43049	4.35635	3.47100e-05
6.77045e+04	3.83855e-02	3.97323e-02	2.32874	0.54129	3.47100e-05
6.78287e+04	3.83956e-02	3.94787e-02	2.18927	3.05737	3.47100e-05
6.79530e+04	3.83792e-02	3.98470e-02	2.09371	5.51359	3.47100e-05
6.80772e+04	3.83855e-02	3.96385e-02	1.94401	1.74025	3.47100e-05
6.82014e+04	3.83765e-02	3.97990e-02	1.84682	4.19330	3.47100e-05
6.83256e+04	3.83797e-02	3.96174e-02	1.69637	0.41380	3.47100e-05
6.84499e+04	3.83849e-02	3.96873e-02	1.59028	2.87145	3.47100e-05
6.85741e+04	3.83830e-02	3.95848e-02	1.44313	5.36592	3.47100e-05
6.86983e+04	3.83980e-02	3.97632e-02	1.33722	1.54270	3.47100e-05
6.88226e+04	3.83864e-02	3.96521e-02	1.19602	4.02529	3.47100e-05
6.89468e+04	3.84026e-02	3.99711e-02	1.07806	0.19799	3.47100e-05
6.90710e+04	3.83835e-02	3.96828e-02	0.94065	2.67195	3.47100e-05
6.91952e+04	3.83940e-02	4.00050e-02	0.82358	5.12029	3.47100e-05
6.93195e+04	3.83782e-02	3.95777e-02	0.67856	1.31239	3.47100e-05
6.94437e+04	3.83839e-02	3.98111e-02	0.57452	3.75305	3.47100e-05
6.95679e+04	3.83824e-02	3.96102e-02	0.41780	6.23370	3.47100e-05
6.96922e+04	3.83844e-02	3.97544e-02	0.30346	2.38344	3.47100e-05
6.98164e+04	3.83963e-02	3.99410e-02	0.14088	4.86292	3.47100e-05
6.99406e+04	3.83911e-02	3.99221e-02	0.02987	1.00635	3.47100e-05
7.00648e+04	3.84042e-02	4.01397e-02	6.15304	3.47701	3.47100e-05
7.01891e+04	3.83913e-02	3.99492e-02	6.03334	5.90345	3.47100e-05
7.03133e+04	3.83965e-02	3.98853e-02	5.88457	2.08627	3.47100e-05
7.04375e+04	3.83859e-02	3.98329e-02	5.75673	4.51443	3.47100e-05
7.05618e+04	3.83840e-02	3.96086e-02	5.59042	0.69716	3.47100e-05
7.06860e+04	3.83882e-02	3.99184e-02	5.46360	3.11922	3.47100e-05
7.08102e+04	3.83856e-02	3.97424e-02	5.29282	5.58310	3.47100e-05
7.09344e+04	3.83997e-02	4.00085e-02	5.17183	1.71140	3.47100e-05
7.10587e+04	3.83949e-02	3.98533e-02	5.00838	4.17364	3.47100e-05
7.11829e+04	3.84027e-02	3.97563e-02	4.87883	0.30120	3.47100e-05
7.13071e+04	3.83958e-02	3.97424e-02	4.69843	2.76364	3.47100e-05
7.14314e+04	3.83885e-02	3.95992e-02	4.55729	5.18177	3.47100e-05
7.15556e+04	3.83923e-02	3.97597e-02	4.37861	1.35316	3.47100e-05
7.16798e+04	3.83776e-02	3.98134e-02	4.23117	3.77191	3.47100e-05
7.18040e+04	3.83991e-02	3.96717e-02	4.06885	6.21619	3.47100e-05
7.19283e+04	3.83849e-02	3.97711e-02	3.91998	2.34742	3.47100e-05
7.20525e+04	3.84081e-02	3.93230e-02	3.73561	4.79528	3.47100e-05
7.21767e+04	3.83913e-02	3.95602e-02	3.58246	0.92461	3.47100e-05
7.23010e+04	3.83974e-02	3.94733e-02	3.38594	3.37867	3.47100e-05
7.24252e+04	3.83859e-02	3.96710e-02	3.23402	5.78582	3.47100e-05
7.25494e+04	3.83813e-02	3.99026e-02	3.03969	1.95072	3.47100e-05
7.26736e+04	3.83894e-02	3.96010e-02	2.88973	4.35912	3.47100e-05
7.27979e+04	3.83878e-02	3.97052e-02	2.69409	0.52041	3.47100e-05
7.29221e+04	3.84030e-02	3.93743e-02	2.52014	2.93665	3.47100e-05
7.30463e+04	3.83994e-02	3.95708e-02	2.32036	5.37791	3.47100e-05
7.31706e+04	3.83964e-02	3.96631e-02	2.14878	1.50357	3.47100e-05
7.32948e+04	3.83951e-02	3.97454e-02	1.94772	3.94222	3.47100e-05
7.34190e+04	3.83863e-02	3.96982e-02	1.79047	0.06043	3.47100e-05
7.35432e+04	3.83981e-02	3.97265e-02	1.57574	2.50758	3.47100e-05
7.36675e+04	3.84024e-02	3.95991e-02	1.39448	4.91546	3.47100e-05
7.37917e+04	3.84056e-02	3.99011e-02	1.18062	1.07234	3.47100e-05
7.39159e+04	3.84168e-02	3.99189e-02	0.99337	3.48220	3.47100e-05
7.40402e+04	3.83902e-02	3.97797e-02	0.79215	5.90486	3.47100e-05
7.41644e+04	3.84157e-02	3.99472e-02	0.59084	2.04016	3.47100e-05
7.42886e+04	3.83845e-02	3.95521e-02	0.39458	4.46562	3.47100e-05
7.44128e+04	3.84259e-02	4.01198e-02	0.18681	0.60410	3.47100e-05
7.45371e+04	3.84043e-02	4.00172e-02	6.25982	3.02478	3.47100e-05
7.46613e+04	3.84176e-02	3.99051e-02	6.04856	5.44471	3.47100e-05
7.47855e+04	3.84026e-02	3.99384e-02	5.84135	1.57529	3.47100e-05
7.49098e+04	3.83903e-02	3.93813e-02	5.60911	4.01188	3.47100e-05
7.50340e+04	3.83956e-02	3.97876e-02	5.41818	0.13309	3.47100e-05
7.51582e+04	3.83961e-02	3.96098e-02	5.18433	2.56783	3.47100e-05
7.52824e+04	3.84002e-02	3.97068e-02	4.97955	4.96856	3.47100e-05
7.54067e+04	3.84018e-02	3.94310e-02	4.74442	1.11792	3.47100e-05
7.55309e+04	3.83835e-02	3.96347e-02	4.51925	3.53425	3.47100e-05
7.56551e+04	3.83870e-02	3.94333e-02	4.27994	5.96528	3.47100e-05
7.57794e+04	3.83842e-02	3.98179e-02	4.07575	2.08645	3.47100e-05
7.59036e+04	3.83907e-02	3.93796e-02	3.83169	4.51908	3.47100e-05
7.60278e+04	3.84000e-02	3.94034e-02	3.61323	0.63791	3.47100e-05
7.61520e+04	3.83809e-02	3.95541e-02	3.35427	3.08065	3.47100e-05
7.62763e+04	3.83851e-02	3.97226e-02	3.13348	5.48229	3.47100e-05
7.64005e+04	3.83790e-02	3.96110e-02	2.87996	1.63227	3.47100e-05
7.65247e+04	3.83856e-02	3.97067e-02	2.65270	4.03574	3.47100e-05
7.66490e+04	3.83984e-02	3.92641e-02	2.39468	0.19817	3.47100e-05
7.67732e+04	3.83818e-02	3.98469e-02	2.17378	2.59180	3.47100e-05
7.68974e+04	3.83840e-02	3.96487e-02	1.90409	5.03457	3.47100e-05
7.70216e+04	3.83812e-02	3.96897e-02	1.67798	1.14748	3.47100e-05
7.71459e+04	3.83838e-02	3.95766e-02	1.40188	3.59129	3.47100e-05
7.72701e+04	3.84025e-02	3.99184e-02	1.15873	6.00112	3.47100e-05
7.73943e+04	3.83829e-02	3.96720e-02	0.90643	2.14718	3.47100e-05
7.75186e+04	3.83872e-02	3.98840e-02	0.66656	4.54888	3.47100e-05
7.76428e+04	3.83839e-02	3.96192e-02	0.38569	0.70966	3.47100e-05
7.77670e+04	3.83884e-02	3.98537e-02	0.14459	3.11078	3.47100e-05
7.78912e+04	3.84042e-02	4.01041e-02	6.14778	5.54972	3.47100e-05
7.80155e+04	3.83888e-02	3.98553e-02	5.90286	1.66770	3.47100e-05
7.81397e+04	3.83853e-02	3.96611e-02	5.62578	4.11220	3.47100e-05
7.82639e+04	3.83913e-02	3.99456e-02	5.37953	0.22897	3.47100e-05
7.83882e+04	3.83924e-02	3.98506e-02	5.08865	2.67319	3.47100e-05
7.85124e+04	3.84020e-02	3.97224e-02	4.84636	5.06622	3.47100e-05
7.86366e+04	3.83938e-02	3.97097e-02	4.54350	1.23597	3.47100e-05
7.87608e+04	3.83780e-02	3.97735e-02	4.28200	3.64587	3.47100e-05
7.88851e+04	3.84021e-02	3.95780e-02	3.99667	6.07994	3.47100e-05
7.90093e+04	3.83900e-02	3.96497e-02	3.74289	2.20575	3.47100e-05
7.91335e+04	3.84001e-02	3.94074e-02	3.43896	4.65512	3.47100e-05
7.92577e+04	3.83855e-02	3.96946e-02	3.17582	0.77802	3.47100e-05
7.93820e+04	3.83818e-02	3.98728e-02	2.87369	3.22323	3.47100e-05
7.95062e+04	3.84010e-02	3.93604e-02	2.59740	5.63934	3.47100e-05
7.96304e+04	3.83997e-02	3.95791e-02	2.29215	1.80260	3.47100e-05
7.97547e+04	3.83915e-02	3.97444e-02	2.03230	4.21095	3.47100e-05
7.98789e+04	3.83947e-02	3.97303e-02	1.72713	0.37238	3.47100e-05
8.00031e+04	3.83993e-02	3.95983e-02	1.44794	2.78676	3.47100e-05
8.01273e+04	3.84052e-02	3.99336e-02	1.13687	5.23394	3.47100e-05
8.02516e+04	3.84166e-02	3.99431e-02	0.85337	1.36848	3.47100e-05
8.03758e+04	3.83828e-02	3.95633e-02	0.55766	3.79923	3.47100e-05
8.05000e+04	3.84241e-02	4.00660e-02	0.25673	6.23193	3.47100e-05
8.06243e+04	3.84044e-02	4.00327e-02	6.25131	2.38104	3.47100e-05
8.07485e+04	3.84113e-02	3.97652e-02	5.95253	4.81120	3.47100e-05
8.08727e+04	3.83971e-02	3.98119e-02	5.65478	0.95443	3.47100e-05
8.09969e+04	3.83902e-02	3.95187e-02	5.33569	3.40377	3.47100e-05
8.11212e+04	3.84008e-02	3.97353e-02	5.05289	5.81375	3.47100e-05
8.12454e+04	3.84019e-02	3.94382e-02	4.73411	1.97741	3.47100e-05
8.13696e+04	3.83806e-02	3.96742e-02	4.44147	4.40737	3.47100e-05
8.14939e+04	3.83867e-02	3.94817e-02	4.12272	0.56932	3.47100e-05
8.16181e+04	3.83959e-02	3.95978e-02	3.83424	2.98130	3.47100e-05
8.17423e+04	3.83864e-02	3.94174e-02	3.50187	5.43894	3.47100e-05
8.18665e+04	3.83876e-02	3.96885e-02	3.20567	1.57416	3.47100e-05
8.19908e+04	3.83790e-02	3.95797e-02	2.88125	4.02209	3.47100e-05
8.21150e+04	3.83865e-02	3.97004e-02	2.59314	0.15989	3.47100e-05
8.22392e+04	3.83974e-02	3.93643e-02	2.25345	2.62182	3.47100e-05
8.23635e+04	3.83767e-02	3.98701e-02	1.96742	5.02742	3.47100e-05
8.24877e+04	3.83799e-02	3.96387e-02	1.62956	1.20270	3.47100e-05
8.26119e+04	3.83989e-02	3.97515e-02	1.32080	3.63054	3.47100e-05
8.27361e+04	3.83848e-02	3.96983e-02	0.99090	6.07940	3.47100e-05
8.28604e+04	3.83880e-02	3.98754e-02	0.69200	2.21334	3.47100e-05
8.29846e+04	3.83853e-02	3.96488e-02	0.35983	4.67545	3.47100e-05
8.31088e+04	3.83906e-02	3.99247e-02	0.05998	0.80862	3.47100e-05
8.32331e+04	3.84015e-02	4.00370e-02	6.00555	3.26385	3.47100e-05
8.33573e+04	3.83855e-02	3.98143e-02	5.69942	5.68564	3.47100e-05
8.34815e+04	3.83840e-02	3.97163e-02	5.35122	1.86645	3.47100e-05
8.36057e+04	3.84031e-02	3.99319e-02	5.05988	4.27326	3.47100e-05
8.37300e+04	3.83965e-02	3.97173e-02	4.71979	0.45724	3.47100e-05
8.38542e+04	3.83813e-02	3.97022e-02	4.40485	2.88567	3.47100e-05
8.39784e+04	3.83993e-02	3.96597e-02	4.06709	5.33919	3.47100e-05
8.41027e+04	3.83898e-02	3.96577e-02	3.75321	1.48223	3.47100e-05
8.42269e+04	3.83980e-02	3.94683e-02	3.39981	3.94974	3.47100e-05
8.43511e+04	3.83854e-02	3.96836e-02	3.08914	0.08959	3.47100e-05
8.44753e+04	3.83862e-02	3.97621e-02	2.73880	2.55323	3.47100e-05
8.45996e+04	3.84037e-02	3.93952e-02	2.42422	4.99042	3.47100e-05
8.47238e+04	3.83974e-02	3.96941e-02	2.07774	1.16772	3.47100e-05
8.48480e+04	3.83867e-02	3.97063e-02	1.76629	3.58948	3.47100e-05
8.49723e+04	3.84034e-02	3.97753e-02	1.40649	6.06203	3.47100e-05
8.50965e+04	3.84158e-02	3.98578e-02	1.08199	2.21393	3.47100e-05
8.52207e+04	3.83880e-02	3.97379e-02	0.74739	4.66034	3.47100e-05
8.53449e+04	3.84187e-02	3.99552e-02	0.42196	0.82465	3.47100e-05
8.54692e+04	3.83999e-02	3.99031e-02	0.08122	3.27720	3.47100e-05
8.55934e+04	3.84166e-02	3.98824e-02	6.02928	5.72277	3.47100e-05
8.57176e+04	3.83979e-02	3.98261e-02	5.69560	1.88366	3.47100e-05
8.58419e+04	3.83903e-02	3.95214e-02	5.34070	4.34990	3.47100e-05
8.59661e+04	3.84007e-02	3.97265e-02	5.02221	0.49326	3.47100e-05
8.60903e+04	3.84001e-02	3.94041e-02	4.68070	2.95751	3.47100e-05
8.62145e+04	3.83789e-02	3.97449e-02	4.34324	5.40378	3.47100e-05
8.63388e+04	3.83884e-02	3.94390e-02	3.99332	1.58068	3.47100e-05
8.64630e+04	3.83998e-02	3.94381e-02	3.67160	4.01121	3.47100e-05
8.65872e+04	3.83794e-02	3.95969e-02	3.30694	0.20274	3.47100e-05
8.67115e+04	3.83823e-02	3.98212e-02	2.98313	2.63458	3.47100e-05
8.68357e+04	3.83916e-02	3.92837e-02	2.62436	5.10367	3.47100e-05
8.69599e+04	3.83855e-02	3.97627e-02	2.30936	1.25436	3.47100e-05
8.70841e+04	3.83858e-02	3.96332e-02	1.94624	3.72698	3.47100e-05
8.72084e+04	3.83835e-02	3.96534e-02	1.62597	6.15649	3.47100e-05
8.73326e+04	3.83864e-02	3.96319e-02	1.25971	2.34836	3.47100e-05
8.74568e+04	3.83988e-02	4.00257e-02	0.93126	4.78469	3.47100e-05
8.75811e+04	3.83785e-02	3.95292e-02	0.57465	0.96795	3.47100e-05
8.77053e+04	3.83855e-02	3.97723e-02	0.25951	3.40254	3.47100e-05
8.78295e+04	3.84041e-02	4.00984e-02	6.17863	5.87535	3.47100e-05
8.79537e+04	3.83879e-02	3.98193e-02	5.85519	2.02409	3.47100e-05
8.80780e+04	3.83829e-02	3.96372e-02	5.48521	4.50321	3.47100e-05
8.82022e+04	3.84002e-02	3.99807e-02	5.16972	0.64412	3.47100e-05
8.83264e+04	3.83971e-02	3.97437e-02	4.80114	3.12202	3.47100e-05
8.84507e+04	3.83846e-02	3.96394e-02	4.47979	5.56205	3.47100e-05
8.85749e+04	3.83973e-02	3.96689e-02	4.11999	1.74894	3.47100e-05
8.86991e+04	3.83890e-02	3.96473e-02	3.78945	4.18737	3.47100e-05
8.88233e+04	3.83991e-02	3.94127e-02	3.41709	0.38544	3.47100e-05
8.89476e+04	3.83853e-02	3.96625e-02	3.08889	2.82211	3.47100e-05
8.90718e+04	3.83870e-02	3.97288e-02	2.72224	5.29907	3.47100e-05
8.91960e+04	3.84035e-02	3.94184e-02	2.37894	1.46618	3.47100e-05
8.93203e+04	3.83964e-02	3.96821e-02	2.02952	3.93769	3.47100e-05
8.94445e+04	3.83878e-02	3.96327e-02	1.70153	0.09016	3.47100e-05
8.95687e+04	3.84052e-02	3.97774e-02	1.32696	2.57526	3.47100e-05
8.96929e+04	3.84170e-02	3.98853e-02	0.98846	5.02244	3.47100e-05
8.98172e+04	3.83842e-02	3.96050e-02	0.64079	1.19723	3.47100e-05
8.99414e+04	3.84230e-02	4.00132e-02	0.28805	3.65939	3.47100e-05
9.00656e+04	3.84052e-02	4.00192e-02	6.23290	6.11985	3.47100e-05
9.01899e+04	3.84061e-02	3.95992e-02	5.88165	2.29757	3.47100e-05
9.03141e+04	3.83953e-02	3.97354e-02	5.53672	4.75163	3.47100e-05
9.04383e+04	3.83965e-02	3.95823e-02	5.17467	0.94209	3.47100e-05
9.05625e+04	3.83972e-02	3.95722e-02	4.84019	3.38512	3.47100e-05
9.06868e+04	3.83921e-02	3.93480e-02	4.47284	5.86403	3.47100e-05
9.08110e+04	3.83822e-02	3.97856e-02	4.13409	2.02927	3.47100e-05
9.09352e+04	3.83909e-02	3.93261e-02	3.78295	4.50270	3.47100e-05
9.10595e+04	3.83967e-02	3.94058e-02	3.44719	0.66493	3.47100e-05
9.11837e+04	3.83748e-02	3.96786e-02	3.08015	3.14358	3.47100e-05
9.13079e+04	3.83842e-02	3.97093e-02	2.74638	5.58689	3.47100e-05
9.14321e+04	3.83984e-02	3.92141e-02	2.37077	1.79139	3.47100e-05
9.15564e+04	3.83783e-02	3.98271e-02	2.04871	4.22395	3.47100e-05
9.16806e+04	3.83798e-02	3.95926e-02	1.68931	0.42316	3.47100e-05
9.18048e+04	3.83977e-02	3.96831e-02	1.34877	2.87487	3.47100e-05
9.19291e+04	3.83848e-02	3.96425e-02	0.98652	5.34847	3.47100e-05
9.20533e+04	3.83866e-02	3.98098e-02	0.65644	1.50639	3.47100e-05
9.21775e+04	3.83892e-02	3.96806e-02	0.28256	3.99335	3.47100e-05
9.23017e+04	3.83924e-02	3.99106e-02	6.23860	0.14828	3.47100e-05
9.24260e+04	3.83966e-02	3.98348e-02	5.88423	2.62675	3.47100e-05
9.25502e+04	3.83861e-02	3.97873e-02	5.55041	5.07303	3.47100e-05
9.26744e+04	3.83895e-02	3.97665e-02	5.17972	1.27295	3.47100e-05
9.27987e+04	3.84023e-02	3.96842e-02	4.86013	3.70419	3.47100e-05
9.29229e+04	3.83929e-02	3.96635e-02	4.48162	6.19652	3.47100e-05
9.30471e+04	3.83784e-02	3.97806e-02	4.14581	2.36123	3.47100e-05
9.31713e+04	3.84080e-02	3.92997e-02	3.78563	4.83564	3.47100e-05
9.32956e+04	3.83902e-02	3.95184e-02	3.45924	1.00258	3.47100e-05
9.34198e+04	3.83823e-02	3.98240e-02	3.08596	3.48980	3.47100e-05
9.35440e+04	3.83951e-02	3.94015e-02	2.75229	5.93623	3.47100e-05
9.36682e+04	3.83990e-02	3.94940e-02	2.37940	2.14045	3.47100e-05
9.37925e+04	3.83920e-02	3.96830e-02	2.04473	4.58721	3.47100e-05
9.39167e+04	3.83956e-02	3.96408e-02	1.67926	0.78584	3.47100e-05
9.40409e+04	3.84049e-02	3.95822e-02	1.34994	3.23982	3.47100e-05
9.41652e+04	3.84002e-02	3.98827e-02	0.98971	5.71538	3.47100e-05
9.42894e+04	3.84154e-02	3.98722e-02	0.64657	1.88934	3.47100e-05
9.44136e+04	3.83888e-02	3.95886e-02	0.29134	4.36031	3.47100e-05
9.45378e+04	3.84260e-02	4.00409e-02	6.22535	0.54135	3.47100e-05
9.46621e+04	3.84040e-02	3.99125e-02	5.87997	3.00195	3.47100e-05
9.47863e+04	3.83883e-02	3.93328e-02	5.51326	5.48488	3.47100e-05
9.49105e+04	3.83993e-02	3.97471e-02	5.19347	1.64788	3.47100e-05
9.50348e+04	3.84037e-02	3.94578e-02	4.83443	4.12395	3.47100e-05
9.51590e+04	3.83821e-02	3.95907e-02	4.48466	0.30440	3.47100e-05
9.52832e+04	3.83866e-02	3.94082e-02	4.12464	2.78182	3.47100e-05
9.54074e+04	3.83974e-02	3.94739e-02	3.79573	5.22608	3.47100e-05
9.55317e+04	3.83837e-02	3.94245e-02	3.42244	1.43300	3.47100e-05
9.56559e+04	3.83842e-02	3.97163e-02	3.10174	3.88114	3.47100e-05
9.57801e+04	3.83858e-02	3.93761e-02	2.73892	0.07845	3.47100e-05
9.59044e+04	3.83868e-02	3.96714e-02	2.40411	2.52888	3.47100e-05
9.60286e+04	3.83896e-02	3.95392e-02	2.03266	5.01787	3.47100e-05
9.61528e+04	3.83798e-02	3.96464e-02	1.71141	1.17249	3.47100e-05
9.62770e+04	3.83850e-02	3.95508e-02	1.33828	3.66324	3.47100e-05
9.64013e+04	3.84015e-02	3.99719e-02	1.01508	6.11519	3.47100e-05
9.65255e+04	3.83783e-02	3.95059e-02	0.65684	2.30832	3.47100e-05
9.66497e+04	3.83838e-02	3.97173e-02	0.32617	4.75635	3.47100e-05
9.67740e+04	3.84034e-02	4.00465e-02	6.24110	0.95990	3.47100e-05
9.68982e+04	3.83893e-02	3.98233e-02	5.91580	3.40230	3.47100e-05
9.70224e+04	3.83834e-02	3.95876e-02	5.54510	5.89203	3.47100e-05
9.71466e+04	3.83981e-02	3.99554e-02	5.22472	2.04729	3.47100e-05
9.72709e+04	3.83970e-02	3.97535e-02	4.86784	4.53469	3.47100e-05
9.73951e+04	3.83874e-02	3.95872e-02	4.53644	0.70104	3.47100e-05
9.75193e+04	3.83957e-02	3.96904e-02	4.17291	3.18457	3.47100e-05
9.76436e+04	3.83874e-02	3.96620e-02	3.84250	5.63272	3.47100e-05
9.77678e+04	3.84020e-02	3.93308e-02	3.47236	1.83954	3.47100e-05
9.78920e+04	3.83854e-02	3.96475e-02	3.14369	4.28666	3.47100e-05
9.80162e+04	3.83841e-02	3.97904e-02	2.78890	0.49025	3.47100e-05
9.81405e+04	3.84038e-02	3.93661e-02	2.44840	2.94917	3.47100e-05
9.82647e+04	3.83976e-02	3.96541e-02	2.08616	5.43222	3.47100e-05
9.83889e+04	3.83865e-02	3.96674e-02	1.76156	1.59244	3.47100e-05
9.85132e+04	3.84039e-02	3.97295e-02	1.38954	4.08604	3.47100e-05
9.86374e+04	3.84164e-02	3.98552e-02	1.05162	0.25934	3.47100e-05
9.87616e+04	3.83862e-02	3.96736e-02	0.70744	2.72531	3.47100e-05
9.88858e+04	3.84203e-02	3.99754e-02	0.37016	5.19451	3.47100e-05
9.90101e+04	3.84026e-02	3.99656e-02	0.02114	1.38167	3.47100e-05
9.91343e+04	3.84117e-02	3.97367e-02	5.95898	3.84817	3.47100e-05
9.92585e+04	3.83964e-02	3.97662e-02	5.61712	0.02730	3.47100e-05
9.93828e+04	3.83930e-02	3.95481e-02	5.25613	2.51052	3.47100e-05
9.95070e+04	3.83995e-02	3.96590e-02	4.92948	4.95717	3.47100e-05
9.96312e+04	3.83965e-02	3.93727e-02	4.57943	1.15781	3.47100e-05
9.97554e+04	3.83792e-02	3.98075e-02	4.23913	3.61867	3.47100e-05
9.98797e+04	3.83900e-02	3.93885e-02	3.88537	6.09541	3.47100e-05
1.00004e+05	3.83995e-02	3.93903e-02	3.55551	2.26229	3.47100e-05
1.00128e+05	3.83758e-02	3.96794e-02	3.19013	4.75025	3.47100e-05
1.00252e+05	3.83825e-02	3.97937e-02	2.86345	0.91495	3.47100e-05
1.00377e+05	3.83961e-02	3.92370e-02	2.50837	3.40422	3.47100e-05
1.00501e+05	3.83821e-02	3.98353e-02	2.18552	5.84837	3.47100e-05
1.00625e+05	3.83817e-02	3.96708e-02	1.82174	2.05179	3.47100e-05
1.00749e+05	3.83904e-02	3.96407e-02	1.49320	4.50242	3.47100e-05
1.00873e+05	3.83866e-02	3.96716e-02	1.13094	0.70428	3.47100e-05
1.00998e+05	3.83934e-02	3.99829e-02	0.80641	3.15062	3.47100e-05
1.01122e+05	3.83816e-02	3.95763e-02	0.44321	5.63700	3.47100e-05
1.01246e+05	3.83888e-02	3.98838e-02	0.13120	1.79991	3.47100e-05
1.01370e+05	3.84030e-02	4.00682e-02	6.05519	4.28227	3.47100e-05
1.01495e+05	3.83856e-02	3.98016e-02	5.72913	0.44762	3.47100e-05
1.01619e+05	3.83839e-02	3.97033e-02	5.36300	2.93771	3.47100e-05
1.01743e+05	3.84033e-02	3.99315e-02	5.05216	5.37091	3.47100e-05
1.01867e+05	3.83959e-02	3.97269e-02	4.68329	1.58054	3.47100e-05
1.01992e+05	3.83800e-02	3.97372e-02	4.36355	4.03434	3.47100e-05
1.02116e+05	3.84015e-02	3.96143e-02	4.01128	0.22788	3.47100e-05
1.02240e+05	3.83908e-02	3.95969e-02	3.68293	2.67899	3.47100e-05
1.02364e+05	3.83932e-02	3.95895e-02	3.31443	5.17185	3.47100e-05
1.02488e+05	3.83866e-02	3.96502e-02	2.99213	1.33361	3.47100e-05
1.02613e+05	3.83908e-02	3.96690e-02	2.62847	3.82224	3.47100e-05
1.02737e+05	3.84022e-02	3.95227e-02	2.30385	6.28067	3.47100e-05
1.02861e+05	3.83951e-02	3.97387e-02	1.94897	2.47764	3.47100e-05
1.02985e+05	3.83902e-02	3.96324e-02	1.62559	4.92430	3.47100e-05
1.03110e+05	3.84060e-02	3.98536e-02	1.25859	1.13343	3.47100e-05
1.03234e+05	3.84171e-02	3.99486e-02	0.92670	3.58844	3.47100e-05
1.03358e+05	3.83829e-02	3.95918e-02	0.58604	6.05497	3.47100e-05
1.03482e+05	3.84246e-02	4.00901e-02	0.23930	2.24250	3.47100e-05
1.03607e+05	3.84062e-02	4.00838e-02	6.19231	4.70917	3.47100e-05
1.03731e+05	3.84036e-02	3.95938e-02	5.84709	0.89648	3.47100e-05
1.03855e+05	3.83953e-02	3.97778e-02	5.51139	3.35625	3.47100e-05
1.03979e+05	3.83972e-02	3.96253e-02	5.15735	5.83640	3.47100e-05
1.04103e+05	3.83969e-02	3.96142e-02	4.83070	2.00328	3.47100e-05
1.04228e+05	3.83921e-02	3.93882e-02	4.47149	4.48836	3.47100e-05
1.04352e+05	3.83814e-02	3.98388e-02	4.15169	0.66073	3.47100e-05
1.04476e+05	3.83909e-02	3.93738e-02	3.79902	3.13926	3.47100e-05
1.04600e+05	3.83976e-02	3.94381e-02	3.47166	5.59035	3.47100e-05
1.04725e+05	3.83747e-02	3.97210e-02	3.11347	1.79178	3.47100e-05
1.04849e+05	3.83835e-02	3.97723e-02	2.78949	4.23995	3.47100e-05
1.04973e+05	3.83980e-02	3.92420e-02	2.42394	0.44807	3.47100e-05
1.05097e+05	3.83798e-02	3.98633e-02	2.10846	2.88816	3.47100e-05
1.05221e+05	3.83804e-02	3.96649e-02	1.75924	5.37462	3.47100e-05
1.05346e+05	3.83937e-02	3.96704e-02	1.43123	1.54463	3.47100e-05
1.05470e+05	3.83862e-02	3.96890e-02	1.07540	4.02617	3.47100e-05
1.05594e+05	3.83908e-02	3.99395e-02	0.75506	0.18800	3.47100e-05
1.05718e+05	3.83836e-02	3.96048e-02	0.39354	2.67595	3.47100e-05
1.05843e+05	3.83903e-02	3.99082e-02	0.07441	5.12022	3.47100e-05
1.05967e+05	3.84019e-02	4.00229e-02	6.01308	1.31862	3.47100e-05
1.06091e+05	3.83852e-02	3.97921e-02	5.68989	3.76731	3.47100e-05
1.06215e+05	3.83847e-02	3.97205e-02	5.32760	6.25611	3.47100e-05
1.06340e+05	3.84037e-02	3.98918e-02	5.02046	2.40492	3.47100e-05
1.06464e+05	3.83954e-02	3.97000e-02	4.65409	4.89789	3.47100e-05
1.06588e+05	3.83790e-02	3.97409e-02	4.32575	1.06794	3.47100e-05
1.06712e+05	3.84023e-02	3.95614e-02	3.98876	3.54341	3.47100e-05
1.06836e+05	3.83910e-02	3.95680e-02	3.66299	5.99424	3.47100e-05
1.06961e+05	3.83922e-02	3.95981e-02	3.29738	2.20304	3.47100e-05
1.07085e+05	3.83869e-02	3.96219e-02	2.97848	4.64712	3.47100e-05
1.07209e+05	3.83914e-02	3.96299e-02	2.61800	0.85167	3.47100e-05
1.07333e+05	3.84017e-02	3.95084e-02	2.28464	3.30918	3.47100e-05
1.07458e+05	3.83948e-02	3.97031e-02	1.93286	5.78850	3.47100e-05
1.07582e+05	3.83903e-02	3.95957e-02	1.62339	1.95156	3.47100e-05
1.07706e+05	3.84060e-02	3.98254e-02	1.25916	4.44304	3.47100e-05
1.07830e+05	3.84171e-02	3.99185e-02	0.93034	0.61388	3.47100e-05
1.07955e+05	3.83831e-02	3.95639e-02	0.59234	3.07940	3.47100e-05
1.08079e+05	3.84243e-02	4.00426e-02	0.24845	5.54917	3.47100e-05
1.08203e+05	3.84062e-02	4.00383e-02	6.19256	1.73208	3.47100e-05
1.08327e+05	3.84047e-02	3.95697e-02	5.86145	4.20140	3.47100e-05
1.08451e+05	3.83953e-02	3.97375e-02	5.52767	0.37776	3.47100e-05
1.08576e+05	3.83964e-02	3.95847e-02	5.17601	2.85743	3.47100e-05
1.08700e+05	3.83976e-02	3.95892e-02	4.85277	5.30557	3.47100e-05
1.08824e+05	3.83930e-02	3.93432e-02	4.49617	1.50638	3.47100e-05
1.08948e+05	3.83810e-02	3.97892e-02	4.16633	3.96196	3.47100e-05
1.09073e+05	3.83908e-02	3.93288e-02	3.81606	0.15629	3.47100e-05
1.09197e+05	3.83984e-02	3.93753e-02	3.50324	2.60602	3.47100e-05
1.09321e+05	3.83751e-02	3.96721e-02	3.14587	5.09101	3.47100e-05
1.09445e+05	3.83830e-02	3.97510e-02	2.82455	1.25459	3.47100e-05
1.09569e+05	3.83973e-02	3.91908e-02	2.46268	3.74387	3.47100e-05
1.09694e+05	3.83810e-02	3.98068e-02	2.14749	6.18469	3.47100e-05
1.09818e+05	3.83809e-02	3.96176e-02	1.78890	2.38687	3.47100e-05
1.09942e+05	3.83913e-02	3.96017e-02	1.47630	4.83753	3.47100e-05
1.10066e+05	3.83866e-02	3.96338e-02	1.12041	1.03705	3.47100e-05
1.10191e+05	3.83930e-02	3.99353e-02	0.80131	3.48197	3.47100e-05
1.10315e+05	3.83816e-02	3.95295e-02	0.44406	5.96678	3.47100e-05
1.10439e+05	3.83890e-02	3.98323e-02	0.12550	2.12810	3.47100e-05
1.10563e+05	3.84029e-02	4.00103e-02	6.05429	4.60919	3.47100e-05
1.10688e+05	3.83858e-02	3.97451e-02	5.74537	0.77285	3.47100e-05
1.10812e+05	3.83836e-02	3.96397e-02	5.38351	3.26185	3.47100e-05
1.10936e+05	3.84028e-02	3.98974e-02	5.07772	5.69374	3.47100e-05
1.11060e+05	3.83964e-02	3.96801e-02	4.71470	1.90107	3.47100e-05
1.11184e+05	3.83808e-02	3.96618e-02	4.38834	4.35295	3.47100e-05
1.11309e+05	3.84003e-02	3.95756e-02	4.04005	0.54586	3.47100e-05
1.11433e+05	3.83904e-02	3.95544e-02	3.71674	2.99486	3.47100e-05
1.11557e+05	3.83962e-02	3.94504e-02	3.36433	5.48584	3.47100e-05
1.11681e+05	3.83857e-02	3.96165e-02	3.04649	1.64655	3.47100e-05
1.11806e+05	3.83883e-02	3.96676e-02	2.68840	4.13244	3.47100e-05
1.11930e+05	3.84032e-02	3.94126e-02	2.35551	0.30702	3.47100e-05
1.12054e+05	3.83960e-02	3.96615e-02	2.00454	2.78620	3.47100e-05
1.12178e+05	3.83882e-02	3.95961e-02	1.68663	5.22958	3.47100e-05
1.12303e+05	3.84051e-02	3.97397e-02	1.33400	1.43836	3.47100e-05
1.12427e+05	3.84169e-02	3.98514e-02	1.00573	3.89242	3.47100e-05
1.12551e+05	3.83850e-02	3.96069e-02	0.66944	0.07343	3.47100e-05
1.12675e+05	3.84217e-02	3.99708e-02	0.32781	2.54152	3.47100e-05
1.12799e+05	3.84039e-02	3.99679e-02	6.27102	5.00908	3.47100e-05
1.12924e+05	3.84099e-02	3.96625e-02	5.93241	1.19127	3.47100e-05
1.13048e+05	3.83960e-02	3.97236e-02	5.59844	3.65156	3.47100e-05
1.13172e+05	3.83931e-02	3.95144e-02	5.25696	6.13276	3.47100e-05
1.13296e+05	3.83997e-02	3.96240e-02	4.93754	2.29420	3.47100e-05
1.13421e+05	3.83965e-02	3.93371e-02	4.58354	4.77622	3.47100e-05
1.13545e+05	3.83791e-02	3.97654e-02	4.25066	0.95186	3.47100e-05
1.13669e+05	3.83898e-02	3.93618e-02	3.90330	3.42670	3.47100e-05
1.13793e+05	3.83997e-02	3.93521e-02	3.58161	5.87403	3.47100e-05
1.13917e+05	3.83770e-02	3.96068e-02	3.23357	2.07790	3.47100e-05
1.14042e+05	3.83822e-02	3.97656e-02	2.91362	4.52361	3.47100e-05
1.14166e+05	3.83944e-02	3.92077e-02	2.55587	0.72603	3.47100e-05
1.14290e+05	3.83837e-02	3.97733e-02	2.23733	3.17017	3.47100e-05
1.14414e+05	3.83833e-02	3.96278e-02	1.87957	5.65499	3.47100e-05
1.14539e+05	3.83867e-02	3.95993e-02	1.56117	1.81688	3.47100e-05
1.14663e+05	3.83866e-02	3.96017e-02	1.21389	4.30230	3.47100e-05
1.14787e+05	3.83973e-02	3.99792e-02	0.89306	0.46584	3.47100e-05
1.14911e+05	3.83790e-02	3.94957e-02	0.54082	2.94568	3.47100e-05
1.15036e+05	3.83864e-02	3.97800e-02	0.22123	5.39138	3.47100e-05
1.15160e+05	3.84041e-02	4.00759e-02	6.14912	1.59054	3.47100e-05
1.15284e+05	3.83874e-02	3.97918e-02	5.83195	4.03386	3.47100e-05
1.15408e+05	3.83828e-02	3.96114e-02	5.47019	0.23938	3.47100e-05
1.15532e+05	3.84000e-02	3.99511e-02	5.17386	2.67353	3.47100e-05
1.15657e+05	3.83971e-02	3.97282e-02	4.81386	5.16070	3.47100e-05
1.15781e+05	3.83851e-02	3.96164e-02	4.49006	1.32680	3.47100e-05
1.15905e+05	3.83967e-02	3.96833e-02	4.13851	3.80644	3.47100e-05
1.16029e+05	3.83882e-02	3.96594e-02	3.81752	6.25306	3.47100e-05
1.16154e+05	3.84012e-02	3.93566e-02	3.45595	2.45830	3.47100e-05
1.16278e+05	3.83853e-02	3.96492e-02	3.14831	4.90327	3.47100e-05
1.16402e+05	3.83841e-02	3.97897e-02	2.79136	1.10454	3.47100e-05
1.16526e+05	3.84037e-02	3.93616e-02	2.45946	3.56146	3.47100e-05
1.16651e+05	3.83979e-02	3.96557e-02	2.10628	6.04264	3.47100e-05
1.16775e+05	3.83864e-02	3.96977e-02	1.79051	2.20045	3.47100e-05
1.16899e+05	3.84028e-02	3.97231e-02	1.42761	4.69136	3.47100e-05
1.17023e+05	3.84151e-02	3.98077e-02	1.11007	0.86261	3.47100e-05
1.17147e+05	3.83892e-02	3.97439e-02	0.77255	3.32752	3.47100e-05
1.17272e+05	3.84184e-02	3.99382e-02	0.43373	5.79257	3.47100e-05
1.17396e+05	3.83993e-02	3.98865e-02	0.09153	1.97921	3.47100e-05
1.17520e+05	3.84172e-02	3.98795e-02	6.03895	4.44155	3.47100e-05
1.17644e+05	3.83983e-02	3.98184e-02	5.70480	0.61885	3.47100e-05
1.17769e+05	3.83899e-02	3.94822e-02	5.34994	3.10146	3.47100e-05
1.17893e+05	3.84007e-02	3.97255e-02	5.04378	5.54420	3.47100e-05
1.18017e+05	3.84006e-02	3.94052e-02	4.69249	1.74004	3.47100e-05
1.18141e+05	3.83790e-02	3.97368e-02	4.35573	4.20211	3.47100e-05
1.18265e+05	3.83881e-02	3.94477e-02	4.00908	0.39316	3.47100e-05
1.18390e+05	3.83997e-02	3.94406e-02	3.69031	2.83764	3.47100e-05
