# t	a	e	mean_anomaly	varpi	mass/M_star
0.00000e+00	4.69769e-02	4.49596e-02	5.61458	5.69100	4.41310e-05
1.24228e+02	4.69880e-02	6.27454e-02	4.05502	0.99790	4.41310e-05
2.48457e+02	4.70681e-02	2.15081e-02	3.68583	3.75732	4.41310e-05
3.72685e+02	4.70978e-02	8.38843e-02	0.10371	3.25114	4.41310e-05
4.96914e+02	4.70703e-02	6.81735e-02	4.09118	2.32474	4.41310e-05
6.21142e+02	4.68548e-02	2.87119e-02	2.67170	5.93336	4.41310e-05
7.45371e+02	4.69437e-02	5.08366e-02	0.69974	4.81655	4.41310e-05
8.69599e+02	4.69189e-02	9.24839e-02	1.05708	0.47805	4.41310e-05
9.93828e+02	4.70457e-02	6.17855e-02	2.62276	1.87012	4.41310e-05
1.11806e+03	4.68970e-02	1.26992e-01	1.99703	1.85987	4.41310e-05
1.24228e+03	4.68305e-02	5.38050e-02	3.95750	0.46508	4.41310e-05
1.36651e+03	4.70663e-02	6.18833e-02	5.69085	5.06422	4.41310e-05
1.49074e+03	4.69962e-02	4.54944e-02	1.77659	5.82393	4.41310e-05
1.61497e+03	4.70001e-02	9.02546e-02	0.66092	6.09551	4.41310e-05
1.73920e+03	4.68381e-02	5.01173e-02	2.98247	2.37955	4.41310e-05
1.86343e+03	4.69583e-02	7.18164e-02	3.61765	0.32094	4.41310e-05
1.98766e+03	4.69387e-02	5.12194e-02	1.21001	0.13340	4.41310e-05
2.11188e+03	4.68439e-02	3.97209e-02	5.63423	2.77186	4.41310e-05
2.23611e+03	4.68984e-02	2.57947e-02	3.23554	3.69250	4.41310e-05
2.36034e+03	4.68508e-02	8.95245e-02	5.87722	4.37877	4.41310e-05
2.48457e+03	4.68898e-02	3.23627e-02	3.00674	5.05495	4.41310e-05
2.60880e+03	4.67344e-02	3.51929e-02	4.77151	5.54565	4.41310e-05
2.73303e+03	4.69291e-02	1.40785e-02	3.37811	0.63975	4.41310e-05
2.85725e+03	4.69143e-02	8.47790e-02	1.92695	3.46718	4.41310e-05
2.98148e+03	4.68062e-02	5.64199e-02	2.30226	3.89369	4.41310e-05
3.10571e+03	4.68355e-02	7.51645e-02	6.17240	1.61566	4.41310e-05
3.22994e+03	4.67573e-02	2.45787e-02	2.73209	0.01796	4.41310e-05
3.35417e+03	4.67686e-02	6.53340e-02	1.64071	1.56195	4.41310e-05
3.47840e+03	4.68036e-02	1.55877e-02	4.67175	4.55212	4.41310e-05
3.60262e+03	4.67490e-02	5.25610e-02	2.87804	5.11954	4.41310e-05
3.72685e+03	4.66997e-02	3.07841e-02	0.30841	2.77208	4.41310e-05
3.85108e+03	4.66704e-02	6.40015e-02	5.79201	0.55689	4.41310e-05
3.97531e+03	4.67561e-02	7.29663e-02	4.32322	2.49902	4.41310e-05
4.09954e+03	4.68345e-02	5.35390e-02	5.55407	4.86438	4.41310e-05
4.22377e+03	4.67495e-02	4.87259e-03	5.27795	2.50953	4.41310e-05
4.34800e+03	4.68662e-02	5.59749e-02	1.66984	2.53934	4.41310e-05
4.47222e+03	4.67144e-02	2.67637e-02	5.77619	4.40688	4.41310e-05
4.59645e+03	4.68008e-02	9.40206e-02	5.40939	0.72267	4.41310e-05
4.72068e+03	4.67038e-02	4.39504e-02	5.79176	1.67017	4.41310e-05
4.84491e+03	4.66120e-02	6.94506e-02	2.97799	2.65763	4.41310e-05
4.96914e+03	4.66200e-02	1.35354e-02	6.26038	1.11472	4.41310e-05
5.09337e+03	4.66211e-02	2.05613e-02	2.44040	3.29606	4.41310e-05
5.21759e+03	4.65818e-02	6.88570e-02	0.47500	3.75308	4.41310e-05
5.34182e+03	4.66074e-02	6.43040e-02	5.32959	4.04190	4.41310e-05
5.46605e+03	4.66449e-02	3.41493e-02	0.99727	3.29098	4.41310e-05
5.59028e+03	4.67123e-02	3.32987e-02	2.16693	3.05776	4.41310e-05
5.71451e+03	4.66768e-02	4.28734e-02	5.53710	0.30653	4.41310e-05
5.83874e+03	4.66319e-02	4.19619e-02	4.61520	1.20762	4.41310e-05
5.96297e+03	4.67161e-02	3.22683e-02	4.00893	0.74362	4.41310e-05
6.08719e+03	4.66304e-02	2.57480e-02	1.09424	3.47754	4.41310e-05
6.21142e+03	4.66305e-02	4.94586e-02	3.54053	5.60179	4.41310e-05
6.33565e+03	4.66005e-02	6.11129e-02	1.11932	2.39531	4.41310e-05
6.45988e+03	4.65794e-02	5.81269e-02	2.29224	3.75861	4.41310e-05
6.58411e+03	4.65696e-02	5.61055e-02	5.20976	2.92700	4.41310e-05
6.70834e+03	4.65855e-02	7.59219e-02	4.46300	2.74254	4.41310e-05
6.83256e+03	4.65743e-02	1.09764e-02	0.98273	4.56971	4.41310e-05
6.95679e+03	4.66439e-02	4.66380e-02	0.64584	4.42848	4.41310e-05
7.08102e+03	4.65522e-02	3.71969e-02	2.92966	1.14437	4.41310e-05
7.20525e+03	4.66037e-02	5.16842e-02	5.45589	2.96644	4.41310e-05
7.32948e+03	4.66507e-02	5.51599e-02	2.01993	2.14722	4.41310e-05
7.45371e+03	4.65850e-02	2.36380e-02	5.45480	2.24412	4.41310e-05
7.57794e+03	4.66302e-02	6.67814e-02	2.67114	5.67621	4.41310e-05
7.70216e+03	4.65719e-02	2.29784e-02	2.71713	3.14720	4.41310e-05
7.82639e+03	4.65906e-02	8.15158e-02	4.85988	0.63736	4.41310e-05
7.95062e+03	4.65608e-02	5.28086e-02	0.55861	0.71861	4.41310e-05
8.07485e+03	4.64805e-02	6.21306e-02	4.33529	1.28056	4.41310e-05
8.19908e+03	4.65661e-02	3.93565e-02	2.07262	2.27243	4.41310e-05
8.32331e+03	4.65331e-02	4.32350e-02	0.48046	5.14176	4.41310e-05
8.44753e+03	4.65641e-02	1.68474e-02	3.77664	3.05460	4.41310e-05
8.57176e+03	4.65499e-02	6.31614e-02	3.54784	5.82820	4.41310e-05
8.69599e+03	4.65778e-02	4.68714e-02	0.72228	5.35372	4.41310e-05
8.82022e+03	4.65515e-02	5.93914e-02	2.19253	0.64083	4.41310e-05
8.94445e+03	4.65581e-02	1.89987e-02	4.74164	3.80893	4.41310e-05
9.06868e+03	4.65403e-02	2.75774e-02	2.79429	1.31582	4.41310e-05
9.19291e+03	4.65659e-02	4.23197e-02	1.67492	2.78549	4.41310e-05
9.31713e+03	4.65109e-02	2.41409e-02	4.90721	3.25881	4.41310e-05
9.44136e+03	4.65078e-02	4.04070e-02	5.88732	4.94789	4.41310e-05
9.56559e+03	4.65465e-02	5.32352e-02	0.19290	2.14184	4.41310e-05
9.68982e+03	4.64924e-02	4.04023e-02	6.07684	1.19938	4.41310e-05
9.81405e+03	4.64872e-02	1.00061e-02	4.97194	4.90956	4.41310e-05
9.93828e+03	4.65103e-02	3.49737e-02	0.31728	3.48090	4.41310e-05
1.00625e+04	4.64961e-02	3.31712e-02	4.32868	5.40001	4.41310e-05
1.01867e+04	4.65406e-02	2.36997e-02	0.24930	4.08907	4.41310e-05
1.03110e+04	4.64963e-02	2.60712e-02	3.59435	2.80200	4.41310e-05
1.04352e+04	4.64704e-02	3.19786e-02	4.41556	1.23114	4.41310e-05
1.05594e+04	4.65044e-02	3.02088e-02	5.72439	6.27925	4.41310e-05
1.06836e+04	4.64340e-02	4.46386e-02	5.10097	4.30290	4.41310e-05
1.08079e+04	4.64994e-02	2.66901e-02	3.05455	0.04914	4.41310e-05
1.09321e+04	4.64928e-02	2.98208e-02	1.69746	3.87480	4.41310e-05
1.10563e+04	4.64771e-02	3.65294e-02	3.11187	5.28849	4.41310e-05
1.11806e+04	4.64765e-02	3.73909e-02	4.93477	5.59884	4.41310e-05
1.13048e+04	4.64983e-02	5.04066e-02	0.07913	3.11102	4.41310e-05
1.14290e+04	4.64655e-02	3.72691e-02	1.14195	1.34983	4.41310e-05
1.15532e+04	4.64417e-02	4.74579e-02	2.83691	5.45172	4.41310e-05
1.16775e+04	4.64761e-02	3.19830e-02	5.58431	5.98663	4.41310e-05
1.18017e+04	4.64655e-02	5.48595e-02	2.35802	1.18093	4.41310e-05
1.19259e+04	4.64702e-02	4.46082e-02	6.07506	3.06044	4.41310e-05
1.20502e+04	4.64407e-02	4.63525e-02	2.21966	4.30186	4.41310e-05
1.21744e+04	4.64692e-02	3.72157e-02	4.73320	5.09999	4.41310e-05
1.22986e+04	4.64440e-02	4.13298e-02	5.82504	6.05963	4.41310e-05
1.24228e+04	4.64066e-02	4.61735e-02	5.69305	5.88496	4.41310e-05
1.25471e+04	4.64460e-02	3.13467e-02	2.65835	6.15695	4.41310e-05
1.26713e+04	4.64745e-02	4.10729e-02	0.10753	3.07977	4.41310e-05
1.27955e+04	4.64577e-02	2.29142e-02	3.30592	0.63838	4.41310e-05
1.29198e+04	4.64083e-02	2.61937e-02	2.94762	2.61986	4.41310e-05
1.30440e+04	4.64650e-02	3.37752e-02	2.37950	4.86826	4.41310e-05
1.31682e+04	4.64322e-02	3.68710e-02	1.79713	0.09519	4.41310e-05
1.32924e+04	4.64102e-02	3.12166e-02	6.17098	6.06002	4.41310e-05
1.34167e+04	4.64332e-02	3.97542e-02	3.84657	0.36399	4.41310e-05
1.35409e+04	4.64446e-02	3.76686e-02	1.95763	2.38160	4.41310e-05
1.36651e+04	4.64592e-02	3.55210e-02	0.89984	3.80915	4.41310e-05
1.37894e+04	4.64610e-02	2.91611e-02	1.01859	4.03049	4.41310e-05
1.39136e+04	4.64658e-02	3.96506e-02	6.08778	4.20931	4.41310e-05
1.40378e+04	4.64329e-02	3.87378e-02	2.48853	1.95679	4.41310e-05
1.41620e+04	4.64301e-02	3.10595e-02	3.93467	6.15983	4.41310e-05
1.42863e+04	4.64466e-02	2.77414e-02	1.76285	2.12216	4.41310e-05
1.44105e+04	4.64321e-02	3.42522e-02	1.35728	3.54339	4.41310e-05
1.45347e+04	4.64732e-02	3.83748e-02	0.24811	4.92735	4.41310e-05
1.46590e+04	4.64495e-02	3.82582e-02	4.67863	0.68768	4.41310e-05
1.47832e+04	4.64520e-02	3.45046e-02	4.77658	1.53165	4.41310e-05
1.49074e+04	4.64244e-02	3.06135e-02	1.19500	6.27081	4.41310e-05
1.50316e+04	4.64744e-02	3.43485e-02	1.09602	0.12383	4.41310e-05
1.51559e+04	4.64439e-02	2.18924e-02	2.31225	4.76987	4.41310e-05
1.52801e+04	4.64433e-02	3.29208e-02	3.30802	3.01052	4.41310e-05
1.54043e+04	4.64492e-02	2.56442e-02	3.40359	1.17360	4.41310e-05
1.55286e+04	4.64245e-02	2.70637e-02	4.40185	4.54165	4.41310e-05
1.56528e+04	4.64568e-02	2.79712e-02	5.99257	0.36858	4.41310e-05
1.57770e+04	4.64346e-02	2.72288e-02	2.88641	1.24950	4.41310e-05
1.59012e+04	4.64543e-02	2.92133e-02	0.34787	1.76951	4.41310e-05
1.60255e+04	4.64359e-02	2.77544e-02	2.52473	3.02324	4.41310e-05
1.61497e+04	4.64122e-02	3.05467e-02	1.54521	2.44874	4.41310e-05
1.62739e+04	4.64672e-02	2.93486e-02	0.96274	6.25577	4.41310e-05
1.63982e+04	4.64419e-02	2.69625e-02	1.40875	1.63025	4.41310e-05
1.65224e+04	4.64627e-02	2.62900e-02	4.42226	6.02609	4.41310e-05
1.66466e+04	4.64674e-02	3.31980e-02	1.49800	3.35996	4.41310e-05
1.67708e+04	4.64312e-02	3.46275e-02	1.37010	4.36966	4.41310e-05
1.68951e+04	4.64595e-02	2.84343e-02	4.05142	6.22110	4.41310e-05
1.70193e+04	4.64814e-02	2.47587e-02	0.12230	1.55167	4.41310e-05
1.71435e+04	4.64471e-02	2.78517e-02	5.27469	1.07582	4.41310e-05
1.72678e+04	4.64550e-02	2.31781e-02	2.19545	1.18216	4.41310e-05
1.73920e+04	4.64634e-02	2.49825e-02	4.70204	0.55411	4.41310e-05
1.75162e+04	4.64565e-02	2.64823e-02	2.52975	4.91561	4.41310e-05
1.76404e+04	4.64630e-02	2.44592e-02	1.49569	2.06261	4.41310e-05
1.77647e+04	4.64838e-02	2.43326e-02	4.81590	5.01454	4.41310e-05
1.78889e+04	4.64607e-02	2.52074e-02	4.51832	6.00121	4.41310e-05
1.80131e+04	4.64554e-02	2.65339e-02	3.28432	0.05567	4.41310e-05
1.81374e+04	4.64505e-02	2.78062e-02	5.91760	1.07088	4.41310e-05
1.82616e+04	4.64630e-02	2.43956e-02	4.50210	4.31762	4.41310e-05
1.83858e+04	4.64779e-02	2.72942e-02	3.53875	6.15656	4.41310e-05
1.85100e+04	4.64701e-02	2.96314e-02	0.64250	1.77722	4.41310e-05
1.86343e+04	4.64512e-02	2.70711e-02	3.38445	3.47271	4.41310e-05
1.87585e+04	4.64446e-02	2.22415e-02	5.11903	1.42856	4.41310e-05
1.88827e+04	4.64619e-02	2.74088e-02	4.54349	2.67022	4.41310e-05
1.90070e+04	4.64606e-02	2.40560e-02	3.11743	3.48695	4.41310e-05
1.91312e+04	4.64920e-02	2.83313e-02	5.86168	4.63548	4.41310e-05
1.92554e+04	4.64773e-02	2.11787e-02	1.30039	5.69822	4.41310e-05
1.93796e+04	4.64832e-02	2.04963e-02	1.34998	0.66322	4.41310e-05
1.95039e+04	4.64804e-02	2.62433e-02	2.97977	0.35245	4.41310e-05
1.96281e+04	4.64553e-02	2.49320e-02	4.66584	6.11007	4.41310e-05
1.97523e+04	4.64807e-02	2.40096e-02	0.60700	4.08839	4.41310e-05
1.98766e+04	4.64744e-02	2.59616e-02	3.10856	1.22329	4.41310e-05
2.00008e+04	4.65061e-02	1.68825e-02	3.51863	4.79085	4.41310e-05
2.01250e+04	4.64898e-02	2.11164e-02	2.92957	2.32906	4.41310e-05
2.02492e+04	4.65062e-02	2.04328e-02	3.24407	4.58758	4.41310e-05
2.03735e+04	4.64916e-02	2.12143e-02	3.71971	5.82011	4.41310e-05
2.04977e+04	4.64791e-02	2.20373e-02	0.42479	3.37100	4.41310e-05
2.06219e+04	4.65031e-02	2.35824e-02	4.27614	5.89027	4.41310e-05
2.07462e+04	4.64916e-02	1.83647e-02	6.05583	2.47481	4.41310e-05
2.08704e+04	4.64787e-02	2.37224e-02	4.12535	3.05808	4.41310e-05
2.09946e+04	4.65065e-02	2.43141e-02	6.25450	4.56194	4.41310e-05
2.11188e+04	4.64853e-02	2.00242e-02	1.17046	5.98791	4.41310e-05
2.12431e+04	4.65156e-02	2.37277e-02	2.68526	0.26593	4.41310e-05
2.13673e+04	4.64921e-02	2.28651e-02	3.71330	0.35018	4.41310e-05
2.14915e+04	4.64873e-02	2.40666e-02	3.83440	0.32224	4.41310e-05
2.16157e+04	4.65080e-02	2.40435e-02	4.66546	5.68743	4.41310e-05
2.17400e+04	4.65106e-02	2.10586e-02	0.67407	2.17984	4.41310e-05
2.18642e+04	4.65111e-02	2.52486e-02	6.21984	0.49601	4.41310e-05
2.19884e+04	4.64880e-02	1.93765e-02	0.82818	3.10824	4.41310e-05
2.21127e+04	4.65139e-02	2.57450e-02	0.61017	5.83363	4.41310e-05
2.22369e+04	4.65038e-02	2.65194e-02	1.79385	0.46659	4.41310e-05
2.23611e+04	4.65166e-02	2.23601e-02	0.74458	2.13260	4.41310e-05
2.24853e+04	4.65240e-02	2.07324e-02	5.23261	3.85161	4.41310e-05
2.26096e+04	4.65086e-02	2.25982e-02	3.17072	5.27565	4.41310e-05
2.27338e+04	4.65126e-02	2.40690e-02	1.35174	6.06186	4.41310e-05
2.28580e+04	4.65043e-02	2.45085e-02	4.66588	0.58633	4.41310e-05
2.29823e+04	4.65033e-02	2.28828e-02	1.81020	0.82858	4.41310e-05
2.31065e+04	4.65306e-02	2.29948e-02	5.18185	0.47180	4.41310e-05
2.32307e+04	4.65130e-02	2.41984e-02	0.63868	0.75999	4.41310e-05
2.33549e+04	4.65118e-02	2.44267e-02	2.01673	0.98580	4.41310e-05
2.34792e+04	4.65013e-02	2.42417e-02	3.16707	0.94061	4.41310e-05
2.36034e+04	4.65283e-02	2.13796e-02	3.87171	0.48299	4.41310e-05
2.37276e+04	4.65180e-02	2.06839e-02	3.88575	6.15807	4.41310e-05
2.38519e+04	4.65286e-02	1.81009e-02	3.68511	5.28089	4.41310e-05
2.39761e+04	4.65122e-02	2.04910e-02	2.75409	4.38180	4.41310e-05
2.41003e+04	4.65263e-02	2.16350e-02	1.56950	3.10527	4.41310e-05
2.42245e+04	4.65277e-02	2.24874e-02	6.09102	1.68360	4.41310e-05
2.43488e+04	4.65137e-02	1.96722e-02	3.90782	0.14813	4.41310e-05
2.44730e+04	4.65213e-02	2.06282e-02	1.53563	4.50314	4.41310e-05
2.45972e+04	4.65089e-02	2.33683e-02	4.01711	3.50696	4.41310e-05
2.47215e+04	4.65120e-02	2.04054e-02	0.67381	1.53891	4.41310e-05
2.48457e+04	4.65041e-02	2.01964e-02	2.88166	6.01599	4.41310e-05
2.49699e+04	4.65254e-02	2.31125e-02	4.44055	4.28240	4.41310e-05
2.50941e+04	4.65146e-02	2.16032e-02	5.61708	2.38853	4.41310e-05
2.52184e+04	4.65277e-02	1.97662e-02	0.16041	0.16120	4.41310e-05
2.53426e+04	4.65305e-02	2.17764e-02	0.48139	4.27794	4.41310e-05
2.54668e+04	4.65512e-02	2.06911e-02	0.23751	2.23899	4.41310e-05
2.55911e+04	4.65296e-02	2.04880e-02	5.90245	0.08914	4.41310e-05
2.57153e+04	4.65379e-02	2.18135e-02	4.66262	4.32462	4.41310e-05
2.58395e+04	4.65306e-02	2.07503e-02	2.81555	2.33819	4.41310e-05
2.59637e+04	4.65014e-02	1.96508e-02	0.74183	0.12309	4.41310e-05
2.60880e+04	4.65200e-02	2.26437e-02	4.34022	4.29375	4.41310e-05
2.62122e+04	4.65241e-02	1.76298e-02	1.40595	1.98844	4.41310e-05
2.63364e+04	4.65202e-02	2.17040e-02	4.00097	0.07878	4.41310e-05
2.64607e+04	4.65441e-02	2.09391e-02	6.26590	4.30848	4.41310e-05
2.65849e+04	4.65354e-02	1.97082e-02	1.73572	2.37617	4.41310e-05
2.67091e+04	4.65333e-02	2.19707e-02	3.22365	0.27149	4.41310e-05
2.68333e+04	4.65234e-02	1.95183e-02	3.99810	4.75177	4.41310e-05
2.69576e+04	4.65414e-02	2.22066e-02	4.60602	2.73977	4.41310e-05
2.70818e+04	4.65283e-02	2.04423e-02	4.42730	1.05418	4.41310e-05
2.72060e+04	4.65314e-02	1.95484e-02	3.97070	5.60112	4.41310e-05
2.73303e+04	4.65361e-02	2.03540e-02	3.00945	4.02122	4.41310e-05
2.74545e+04	4.65359e-02	1.97734e-02	1.64977	2.45326	4.41310e-05
2.75787e+04	4.65447e-02	2.17770e-02	6.04946	1.14949	4.41310e-05
2.77029e+04	4.65402e-02	1.97677e-02	3.82743	6.10156	4.41310e-05
2.78272e+04	4.65392e-02	2.10813e-02	1.19465	4.81777	4.41310e-05
2.79514e+04	4.65333e-02	2.13262e-02	4.34732	3.67127	4.41310e-05
2.80756e+04	4.65390e-02	2.18228e-02	0.83911	2.61244	4.41310e-05
2.81999e+04	4.65395e-02	2.17721e-02	3.13769	1.73029	4.41310e-05
2.83241e+04	4.65401e-02	2.10054e-02	5.00458	0.94608	4.41310e-05
2.84483e+04	4.65562e-02	2.11737e-02	0.30353	0.15452	4.41310e-05
2.85725e+04	4.65247e-02	2.15716e-02	1.37927	5.89418	4.41310e-05
2.86968e+04	4.65413e-02	1.94827e-02	2.03212	5.48939	4.41310e-05
2.88210e+04	4.65245e-02	2.15431e-02	2.44183	5.10095	4.41310e-05
2.89452e+04	4.65273e-02	2.24925e-02	2.18993	5.08167	4.41310e-05
2.90695e+04	4.65399e-02	2.14568e-02	1.57854	5.22058	4.41310e-05
2.91937e+04	4.65284e-02	2.05200e-02	0.69525	5.37357	4.41310e-05
2.93179e+04	4.65349e-02	2.15364e-02	5.64886	5.73437	4.41310e-05
2.94421e+04	4.65383e-02	2.13425e-02	4.00560	6.20209	4.41310e-05
2.95664e+04	4.65574e-02	2.20999e-02	1.83329	0.62595	4.41310e-05
2.96906e+04	4.65474e-02	2.15041e-02	5.64311	1.45550	4.41310e-05
2.98148e+04	4.65486e-02	2.01272e-02	2.78585	2.45293	4.41310e-05
2.99391e+04	4.65264e-02	2.09564e-02	5.93263	3.51606	4.41310e-05
3.00633e+04	4.65196e-02	2.20967e-02	2.38135	4.82393	4.41310e-05
3.01875e+04	4.65666e-02	2.23674e-02	4.75033	0.01232	4.41310e-05
3.03117e+04	4.65482e-02	2.19258e-02	0.45333	1.67293	4.41310e-05
3.04360e+04	4.65426e-02	2.16238e-02	2.13019	3.48837	4.41310e-05
3.05602e+04	4.65428e-02	2.18725e-02	3.52988	5.42971	4.41310e-05
3.06844e+04	4.65467e-02	2.27033e-02	4.47109	1.32515	4.41310e-05
3.08087e+04	4.65484e-02	2.27316e-02	5.10606	3.67171	4.41310e-05
3.09329e+04	4.65513e-02	2.27883e-02	5.38824	6.22931	4.41310e-05
3.10571e+04	4.65455e-02	2.24200e-02	5.37279	2.63657	4.41310e-05
3.11813e+04	4.65558e-02	2.13279e-02	5.03789	5.50633	4.41310e-05
3.13056e+04	4.65430e-02	2.15631e-02	4.33138	2.32475	4.41310e-05
3.14298e+04	4.65310e-02	2.03723e-02	3.39882	5.54235	4.41310e-05
3.15540e+04	4.65551e-02	2.08109e-02	1.98944	2.78277	4.41310e-05
3.16783e+04	4.65505e-02	2.16564e-02	0.45320	0.05798	4.41310e-05
3.18025e+04	4.65598e-02	2.21104e-02	4.87734	3.80869	4.41310e-05
3.19267e+04	4.65352e-02	2.20509e-02	2.70507	1.47504	4.41310e-05
3.20509e+04	4.65563e-02	2.23902e-02	0.28110	5.57000	4.41310e-05
3.21752e+04	4.65532e-02	2.16075e-02	3.81231	3.60609	4.41310e-05
3.22994e+04	4.65425e-02	2.26883e-02	0.83002	1.76541	4.41310e-05
3.24236e+04	4.65567e-02	2.17655e-02	3.88371	0.08894	4.41310e-05
3.25479e+04	4.65704e-02	2.25512e-02	0.20665	5.02717	4.41310e-05
3.26721e+04	4.65343e-02	2.27260e-02	2.68698	3.73633	4.41310e-05
3.27963e+04	4.65489e-02	2.24418e-02	4.91522	2.61871	4.41310e-05
3.29205e+04	4.65431e-02	2.21871e-02	0.55968	1.71124	4.41310e-05
3.30448e+04	4.65325e-02	2.20852e-02	2.24107	0.98603	4.41310e-05
3.31690e+04	4.65566e-02	2.19537e-02	3.72974	0.36718	4.41310e-05
3.32932e+04	4.65473e-02	2.24424e-02	4.93714	6.24235	4.41310e-05
3.34175e+04	4.65403e-02	2.26112e-02	5.98371	5.94913	4.41310e-05
3.35417e+04	4.65607e-02	2.20058e-02	0.37922	5.94338	4.41310e-05
3.36659e+04	4.65363e-02	2.25064e-02	0.92328	6.01809	4.41310e-05
3.37901e+04	4.65517e-02	2.22900e-02	1.22414	0.00596	4.41310e-05
3.39144e+04	4.65514e-02	2.22909e-02	1.29950	0.43977	4.41310e-05
3.40386e+04	4.65396e-02	2.21906e-02	1.18042	1.03012	4.41310e-05
3.41628e+04	4.65418e-02	2.21742e-02	0.88317	1.74820	4.41310e-05
3.42871e+04	4.65709e-02	2.30160e-02	0.29893	2.71583	4.41310e-05
3.44113e+04	4.65329e-02	2.26272e-02	5.81015	3.81632	4.41310e-05
3.45355e+04	4.65647e-02	2.30477e-02	4.98901	4.96424	4.41310e-05
3.46597e+04	4.65565e-02	2.25992e-02	3.84140	0.09307	4.41310e-05
3.47840e+04	4.65287e-02	2.32269e-02	2.58311	1.60740	4.41310e-05
3.49082e+04	4.65508e-02	2.23070e-02	1.03461	3.36458	4.41310e-05
3.50324e+04	4.65437e-02	2.29214e-02	5.68173	5.19982	4.41310e-05
3.51567e+04	4.65529e-02	2.23459e-02	3.84536	0.92889	4.41310e-05
3.52809e+04	4.65469e-02	2.34614e-02	1.82497	3.11953	4.41310e-05
3.54051e+04	4.65420e-02	2.29241e-02	5.96485	5.40325	4.41310e-05
3.55293e+04	4.65579e-02	2.26440e-02	3.63184	1.57720	4.41310e-05
3.56536e+04	4.65520e-02	2.27379e-02	1.15273	4.17140	4.41310e-05
3.57778e+04	4.65697e-02	2.28379e-02	4.82053	0.62416	4.41310e-05
3.59020e+04	4.65565e-02	2.26587e-02	1.99510	3.55311	4.41310e-05
3.60262e+04	4.65489e-02	2.32328e-02	5.33724	0.30568	4.41310e-05
3.61505e+04	4.65371e-02	2.30675e-02	2.32428	3.42518	4.41310e-05
3.62747e+04	4.65560e-02	2.32127e-02	5.35714	0.48475	4.41310e-05
3.63989e+04	4.65601e-02	2.25917e-02	2.01852	3.93141	4.41310e-05
3.65232e+04	4.65712e-02	2.36069e-02	4.83667	1.22119	4.41310e-05
3.66474e+04	4.65521e-02	2.34568e-02	1.22686	4.93315	4.41310e-05
3.67716e+04	4.65612e-02	2.27984e-02	3.80871	2.47549	4.41310e-05
3.68958e+04	4.65593e-02	2.32935e-02	6.27243	0.15798	4.41310e-05
3.70201e+04	4.65331e-02	2.37315e-02	2.27570	4.30083	4.41310e-05
3.71443e+04	4.65577e-02	2.33464e-02	4.53600	2.19393	4.41310e-05
3.72685e+04	4.65571e-02	2.34469e-02	0.35616	0.27252	4.41310e-05
3.73928e+04	4.65303e-02	2.30818e-02	2.32572	4.78098	4.41310e-05
3.75170e+04	4.65294e-02	2.35255e-02	4.22792	3.09200	4.41310e-05
3.76412e+04	4.65419e-02	2.30382e-02	6.03181	1.51639	4.41310e-05
3.77654e+04	4.65432e-02	2.28268e-02	1.48552	0.04866	4.41310e-05
3.78897e+04	4.65568e-02	2.32389e-02	3.07519	5.02351	4.41310e-05
3.80139e+04	4.65662e-02	2.34788e-02	4.67603	3.72156	4.41310e-05
3.81381e+04	4.65327e-02	2.34142e-02	6.09641	2.63518	4.41310e-05
3.82624e+04	4.65543e-02	2.34341e-02	1.10750	1.69745	4.41310e-05
3.83866e+04	4.65261e-02	2.36900e-02	2.45034	0.73736	4.41310e-05
3.85108e+04	4.65602e-02	2.27371e-02	3.64736	6.24936	4.41310e-05
3.86350e+04	4.65717e-02	2.34189e-02	4.82787	5.52563	4.41310e-05
3.87593e+04	4.65346e-02	2.36490e-02	5.85853	4.97369	4.41310e-05
3.88835e+04	4.65453e-02	2.32722e-02	0.55650	4.51249	4.41310e-05
3.90077e+04	4.65450e-02	2.37114e-02	1.49700	4.13383	4.41310e-05
3.91320e+04	4.65231e-02	2.39169e-02	2.38818	3.82855	4.41310e-05
3.92562e+04	4.65393e-02	2.32641e-02	3.19282	3.65177	4.41310e-05
3.93804e+04	4.65493e-02	2.35807e-02	3.93545	3.57562	4.41310e-05
3.95046e+04	4.65655e-02	2.37439e-02	4.65309	3.55243	4.41310e-05
3.96289e+04	4.65502e-02	2.35105e-02	5.29348	3.65161	4.41310e-05
3.97531e+04	4.65335e-02	2.39576e-02	5.86497	3.86910	4.41310e-05
3.98773e+04	4.65716e-02	2.43807e-02	0.14450	4.12675	4.41310e-05
4.00016e+04	4.65422e-02	2.33657e-02	0.65791	4.47823	4.41310e-05
4.01258e+04	4.65409e-02	2.39655e-02	1.12425	4.92166	4.41310e-05
4.02500e+04	4.65421e-02	2.35858e-02	1.53974	5.44507	4.41310e-05
4.03742e+04	4.65571e-02	2.36230e-02	1.92499	6.05470	4.41310e-05
4.04985e+04	4.65258e-02	2.38676e-02	2.31637	0.41331	4.41310e-05
4.06227e+04	4.65233e-02	2.37140e-02	2.60262	1.20683	4.41310e-05
4.07469e+04	4.65540e-02	2.38768e-02	2.92160	2.01221	4.41310e-05
4.08712e+04	4.65488e-02	2.35393e-02	3.18304	2.92475	4.41310e-05
4.09954e+04	4.65385e-02	2.38678e-02	3.42174	3.91032	4.41310e-05
4.11196e+04	4.65543e-02	2.35897e-02	3.67351	4.92595	4.41310e-05
4.12438e+04	4.65575e-02	2.36575e-02	3.82342	6.09101	4.41310e-05
4.13681e+04	4.65465e-02	2.38664e-02	4.03190	0.95646	4.41310e-05
4.14923e+04	4.65307e-02	2.37488e-02	4.14202	2.25035	4.41310e-05
4.16165e+04	4.65348e-02	2.39662e-02	4.25356	3.59966	4.41310e-05
4.17408e+04	4.65435e-02	2.34060e-02	4.41149	4.95281	4.41310e-05
4.18650e+04	4.65428e-02	2.37818e-02	4.49052	0.15075	4.41310e-05
4.19892e+04	4.65609e-02	2.37683e-02	4.56879	1.66352	4.41310e-05
4.21134e+04	4.65658e-02	2.37044e-02	4.67174	3.22519	4.41310e-05
4.22377e+04	4.65587e-02	2.44506e-02	4.73027	4.86856	4.41310e-05
4.23619e+04	4.65669e-02	2.37957e-02	4.77242	0.30536	4.41310e-05
4.24861e+04	4.65689e-02	2.42662e-02	4.87920	2.02335	4.41310e-05
4.26104e+04	4.65545e-02	2.38224e-02	4.88585	3.86231	4.41310e-05
4.27346e+04	4.65599e-02	2.41857e-02	4.91654	5.74782	4.41310e-05
4.28588e+04	4.65604e-02	2.40906e-02	4.98213	1.35627	4.41310e-05
4.29830e+04	4.65446e-02	2.44193e-02	4.98752	3.36386	4.41310e-05
4.31073e+04	4.65528e-02	2.41371e-02	5.04236	5.37162	4.41310e-05
4.32315e+04	4.65526e-02	2.44158e-02	5.09738	1.15640	4.41310e-05
4.33557e+04	4.65358e-02	2.39736e-02	5.14328	3.27235	4.41310e-05
4.34800e+04	4.65448e-02	2.43338e-02	5.16577	5.47510	4.41310e-05
4.36042e+04	4.65486e-02	2.40195e-02	5.24693	1.36324	4.41310e-05
4.37284e+04	4.65339e-02	2.42655e-02	5.28292	3.65512	4.41310e-05
4.38526e+04	4.65497e-02	2.43406e-02	5.37110	5.92442	4.41310e-05
4.39769e+04	4.65502e-02	2.42388e-02	5.45870	1.97613	4.41310e-05
4.41011e+04	4.65422e-02	2.42026e-02	5.56857	4.34397	4.41310e-05
4.42253e+04	4.65528e-02	2.43757e-02	5.61571	0.52093	4.41310e-05
4.43496e+04	4.65477e-02	2.42150e-02	5.77503	2.92592	4.41310e-05
4.44738e+04	4.65310e-02	2.43322e-02	5.87746	5.45084	4.41310e-05
4.45980e+04	4.65389e-02	2.41698e-02	6.01921	1.68178	4.41310e-05
4.47222e+04	4.65487e-02	2.41087e-02	6.19620	4.22679	4.41310e-05
4.48465e+04	4.65536e-02	2.46720e-02	0.08429	0.53311	4.41310e-05
4.49707e+04	4.65690e-02	2.47975e-02	0.22036	3.20795	4.41310e-05
4.50949e+04	4.65536e-02	2.43259e-02	0.49138	5.80467	4.41310e-05
4.52192e+04	4.65251e-02	2.40708e-02	0.68318	2.23613	4.41310e-05
4.53434e+04	4.65428e-02	2.41213e-02	0.90868	4.95562	4.41310e-05
4.54676e+04	4.65495e-02	2.42389e-02	1.18279	1.41350	4.41310e-05
4.55918e+04	4.65282e-02	2.43852e-02	1.47086	4.16915	4.41310e-05
4.57161e+04	4.65469e-02	2.39764e-02	1.74212	0.72746	4.41310e-05
4.58403e+04	4.65514e-02	2.39248e-02	2.10805	3.50272	4.41310e-05
4.59645e+04	4.65180e-02	2.43500e-02	2.41326	0.09912	4.41310e-05
4.60888e+04	4.65317e-02	2.41056e-02	2.79259	2.95879	4.41310e-05
4.62130e+04	4.65488e-02	2.39915e-02	3.18772	5.84893	4.41310e-05
4.63372e+04	4.65524e-02	2.37679e-02	3.58858	2.48169	4.41310e-05
4.64614e+04	4.65403e-02	2.40733e-02	4.04348	5.41111	4.41310e-05
4.65857e+04	4.65423e-02	2.43086e-02	4.50884	2.07231	4.41310e-05
4.67099e+04	4.65555e-02	2.44096e-02	4.96378	5.08034	4.41310e-05
4.68341e+04	4.65534e-02	2.43596e-02	5.52227	1.74148	4.41310e-05
4.69584e+04	4.65273e-02	2.42573e-02	5.99598	4.80874	4.41310e-05
4.70826e+04	4.65656e-02	2.46960e-02	0.27200	1.55501	4.41310e-05
4.72068e+04	4.65390e-02	2.42502e-02	0.89329	4.58216	4.41310e-05
4.73310e+04	4.65280e-02	2.42319e-02	1.49268	1.36271	4.41310e-05
4.74553e+04	4.65452e-02	2.38736e-02	2.08855	4.48656	4.41310e-05
4.75795e+04	4.65411e-02	2.42198e-02	2.79438	1.25311	4.41310e-05
4.77037e+04	4.65448e-02	2.40842e-02	3.44844	4.39501	4.41310e-05
4.78280e+04	4.65320e-02	2.40778e-02	4.21801	1.18409	4.41310e-05
4.79522e+04	4.65481e-02	2.47082e-02	4.92883	4.34717	4.41310e-05
4.80764e+04	4.65466e-02	2.43492e-02	5.70389	1.21191	4.41310e-05
4.82006e+04	4.65691e-02	2.48341e-02	0.23370	4.36270	4.41310e-05
4.83249e+04	4.65348e-02	2.43822e-02	1.05485	1.24290	4.41310e-05
4.84491e+04	4.65519e-02	2.40412e-02	1.86615	4.46859	4.41310e-05
4.85733e+04	4.65418e-02	2.42239e-02	2.79988	1.32068	4.41310e-05
4.86976e+04	4.65527e-02	2.39460e-02	3.68199	4.54116	4.41310e-05
4.88218e+04	4.65626e-02	2.39740e-02	4.69973	1.39792	4.41310e-05
4.89460e+04	4.65397e-02	2.47068e-02	5.60633	4.66631	4.41310e-05
4.90702e+04	4.65634e-02	2.45715e-02	0.30386	1.61164	4.41310e-05
4.91945e+04	4.65427e-02	2.43487e-02	1.36149	4.81253	4.41310e-05
4.93187e+04	4.65177e-02	2.44526e-02	2.41786	1.74972	4.41310e-05
4.94429e+04	4.65370e-02	2.39263e-02	3.48858	4.99923	4.41310e-05
4.95672e+04	4.65511e-02	2.42334e-02	4.63354	1.92881	4.41310e-05
4.96914e+04	4.65459e-02	2.45395e-02	5.72110	5.22221	4.41310e-05
4.98156e+04	4.65375e-02	2.40435e-02	0.65677	2.14334	4.41310e-05
4.99398e+04	4.65414e-02	2.45019e-02	1.80725	5.43728	4.41310e-05
5.00641e+04	4.65358e-02	2.39029e-02	3.04705	2.38828	4.41310e-05
5.01883e+04	4.65251e-02	2.44770e-02	4.30416	5.65029	4.41310e-05
5.03125e+04	4.65504e-02	2.44474e-02	5.58714	2.62077	4.41310e-05
5.04367e+04	4.65380e-02	2.41114e-02	0.62600	5.87952	4.41310e-05
5.05610e+04	4.65465e-02	2.41772e-02	1.95230	2.86950	4.41310e-05
5.06852e+04	4.65311e-02	2.42371e-02	3.32067	6.12963	4.41310e-05
5.08094e+04	4.65539e-02	2.41917e-02	4.75458	3.07517	4.41310e-05
5.09337e+04	4.65432e-02	2.45330e-02	6.12601	0.10108	4.41310e-05
5.10579e+04	4.65420e-02	2.41137e-02	1.31389	3.34060	4.41310e-05
5.11821e+04	4.65372e-02	2.43842e-02	2.78221	0.34690	4.41310e-05
5.13063e+04	4.65339e-02	2.41175e-02	4.32062	3.57105	4.41310e-05
5.14306e+04	4.65293e-02	2.43039e-02	5.82162	0.57891	4.41310e-05
5.15548e+04	4.65470e-02	2.43639e-02	1.09023	3.84651	4.41310e-05
5.16790e+04	4.65312e-02	2.44650e-02	2.68525	0.80941	4.41310e-05
5.18033e+04	4.65315e-02	2.40837e-02	4.30079	4.06574	4.41310e-05
5.19275e+04	4.65390e-02	2.44163e-02	5.95692	1.01833	4.41310e-05
5.20517e+04	4.65299e-02	2.42152e-02	1.33153	4.28040	4.41310e-05
5.21759e+04	4.65365e-02	2.40692e-02	3.02328	1.25166	4.41310e-05
5.23002e+04	4.65548e-02	2.43844e-02	4.77245	4.45874	4.41310e-05
5.24244e+04	4.65658e-02	2.48043e-02	0.18079	1.46824	4.41310e-05
5.25486e+04	4.65532e-02	2.40166e-02	1.98193	4.67711	4.41310e-05
5.26729e+04	4.65533e-02	2.40279e-02	3.75425	1.64266	4.41310e-05
5.27971e+04	4.65509e-02	2.43887e-02	5.62783	4.82947	4.41310e-05
5.29213e+04	4.65356e-02	2.45360e-02	1.15219	1.80771	4.41310e-05
5.30455e+04	4.65359e-02	2.39068e-02	3.02280	5.02122	4.41310e-05
5.31698e+04	4.65467e-02	2.45536e-02	4.93255	1.93969	4.41310e-05
5.32940e+04	4.65422e-02	2.43470e-02	0.53681	5.17375	4.41310e-05
5.34182e+04	4.65193e-02	2.44366e-02	2.50925	2.06811	4.41310e-05
5.35425e+04	4.65450e-02	2.40353e-02	4.47533	5.27489	4.41310e-05
5.36667e+04	4.65666e-02	2.47894e-02	0.17274	2.18579	4.41310e-05
5.37909e+04	4.65330e-02	2.41429e-02	2.18903	5.37118	4.41310e-05
5.39151e+04	4.65316e-02	2.43299e-02	4.23307	2.26256	4.41310e-05
5.40394e+04	4.65431e-02	2.45381e-02	0.00396	5.43477	4.41310e-05
5.41636e+04	4.65476e-02	2.39414e-02	2.04791	2.35788	4.41310e-05
5.42878e+04	4.65244e-02	2.45053e-02	4.17582	5.48935	4.41310e-05
5.44121e+04	4.65559e-02	2.45652e-02	0.01088	2.37724	4.41310e-05
5.45363e+04	4.65418e-02	2.40305e-02	2.18952	5.49465	4.41310e-05
5.46605e+04	4.65330e-02	2.41508e-02	4.31152	2.39091	4.41310e-05
5.47847e+04	4.65664e-02	2.47592e-02	0.25082	5.49355	4.41310e-05
5.49090e+04	4.65158e-02	2.45492e-02	2.44543	2.35075	4.41310e-05
5.50332e+04	4.65633e-02	2.42049e-02	4.71621	5.42587	4.41310e-05
5.51574e+04	4.65231e-02	2.41242e-02	0.65399	2.29494	4.41310e-05
5.52817e+04	4.65355e-02	2.41131e-02	2.90648	5.41265	4.41310e-05
5.54059e+04	4.65303e-02	2.42572e-02	5.20094	2.22094	4.41310e-05
5.55301e+04	4.65456e-02	2.43907e-02	1.20627	5.32933	4.41310e-05
5.56543e+04	4.65442e-02	2.39321e-02	3.56027	2.10102	4.41310e-05
5.57786e+04	4.65362e-02	2.42318e-02	5.88633	5.19670	4.41310e-05
5.59028e+04	4.65526e-02	2.39766e-02	1.97252	1.97221	4.41310e-05
5.60270e+04	4.65347e-02	2.42333e-02	4.34825	5.04314	4.41310e-05
5.61513e+04	4.65489e-02	2.42826e-02	0.49183	1.79052	4.41310e-05
5.62755e+04	4.65446e-02	2.41603e-02	2.88452	4.85549	4.41310e-05
5.63997e+04	4.65449e-02	2.41448e-02	5.35538	1.57086	4.41310e-05
5.65239e+04	4.65254e-02	2.44141e-02	1.49778	4.62449	4.41310e-05
5.66482e+04	4.65425e-02	2.40258e-02	3.99027	1.33655	4.41310e-05
5.67724e+04	4.65540e-02	2.47745e-02	0.17298	4.37731	4.41310e-05
5.68966e+04	4.65213e-02	2.43093e-02	2.66519	1.10364	4.41310e-05
5.70209e+04	4.65298e-02	2.43621e-02	5.18194	4.09996	4.41310e-05
5.71451e+04	4.65369e-02	2.41469e-02	1.42061	0.81585	4.41310e-05
5.72693e+04	4.65378e-02	2.43091e-02	3.98464	3.77669	4.41310e-05
5.73935e+04	4.65647e-02	2.47263e-02	0.24125	0.48833	4.41310e-05
5.75178e+04	4.65426e-02	2.40874e-02	2.84493	3.43738	4.41310e-05
5.76420e+04	4.65466e-02	2.43491e-02	5.42771	0.11487	4.41310e-05
5.77662e+04	4.65434e-02	2.41566e-02	1.75386	3.06030	4.41310e-05
5.78905e+04	4.65352e-02	2.42107e-02	4.36083	6.01065	4.41310e-05
5.80147e+04	4.65327e-02	2.40215e-02	0.73361	2.63963	4.41310e-05
5.81389e+04	4.65402e-02	2.40869e-02	3.36141	5.58209	4.41310e-05
5.82631e+04	4.65371e-02	2.40669e-02	6.03547	2.19738	4.41310e-05
5.83874e+04	4.65151e-02	2.44457e-02	2.41997	5.11885	4.41310e-05
5.85116e+04	4.65465e-02	2.43053e-02	5.12350	1.71940	4.41310e-05
5.86358e+04	4.65257e-02	2.43283e-02	1.50993	4.63565	4.41310e-05
5.87601e+04	4.65300e-02	2.40658e-02	4.23713	1.22115	4.41310e-05
5.88843e+04	4.65224e-02	2.42142e-02	0.65438	4.11677	4.41310e-05
5.90085e+04	4.65312e-02	2.39307e-02	3.39227	0.69605	4.41310e-05
5.91327e+04	4.65302e-02	2.43465e-02	6.13577	3.56532	4.41310e-05
5.92570e+04	4.65169e-02	2.44072e-02	2.59433	0.14543	4.41310e-05
5.93812e+04	4.65321e-02	2.43334e-02	5.37035	2.98532	4.41310e-05
5.95054e+04	4.65497e-02	2.41174e-02	1.83253	5.85130	4.41310e-05
5.96297e+04	4.65506e-02	2.41204e-02	4.65529	2.35952	4.41310e-05
5.97539e+04	4.65459e-02	2.43045e-02	1.12948	5.22127	4.41310e-05
5.98781e+04	4.65394e-02	2.41669e-02	3.96535	1.72457	4.41310e-05
6.00023e+04	4.65472e-02	2.43104e-02	0.47340	4.56532	4.41310e-05
6.01266e+04	4.65395e-02	2.39787e-02	3.32555	1.05475	4.41310e-05
6.02508e+04	4.65413e-02	2.42915e-02	6.13449	3.86990	4.41310e-05
6.03750e+04	4.65309e-02	2.41398e-02	2.70833	0.36020	4.41310e-05
6.04993e+04	4.65487e-02	2.44498e-02	5.54116	3.15572	4.41310e-05
6.06235e+04	4.65447e-02	2.38551e-02	2.13175	5.91294	4.41310e-05
6.07477e+04	4.65502e-02	2.44329e-02	4.99601	2.40819	4.41310e-05
6.08719e+04	4.65357e-02	2.41321e-02	1.60014	5.15159	4.41310e-05
6.09962e+04	4.65436e-02	2.39739e-02	4.45791	1.64387	4.41310e-05
6.11204e+04	4.65450e-02	2.42828e-02	1.08010	4.37213	4.41310e-05
6.12446e+04	4.65429e-02	2.41079e-02	3.96027	0.84371	4.41310e-05
6.13689e+04	4.65393e-02	2.41550e-02	0.60057	3.55726	4.41310e-05
6.14931e+04	4.65442e-02	2.39059e-02	3.49397	0.02188	4.41310e-05
6.16173e+04	4.65645e-02	2.46967e-02	0.15065	2.71783	4.41310e-05
6.17415e+04	4.65463e-02	2.38633e-02	3.04885	5.45493	4.41310e-05
6.18658e+04	4.65366e-02	2.41594e-02	5.99793	1.85626	4.41310e-05
6.19900e+04	4.65222e-02	2.43534e-02	2.63235	4.57309	4.41310e-05
6.21142e+04	4.65504e-02	2.44063e-02	5.59798	0.95980	4.41310e-05
6.22385e+04	4.65282e-02	2.40538e-02	2.24275	3.66528	4.41310e-05
6.23627e+04	4.65433e-02	2.42170e-02	5.21734	0.04971	4.41310e-05
6.24869e+04	4.65421e-02	2.41589e-02	1.85656	2.75510	4.41310e-05
6.26111e+04	4.65629e-02	2.42127e-02	4.86828	5.37749	4.41310e-05
6.27354e+04	4.65253e-02	2.42727e-02	1.51870	1.79030	4.41310e-05
6.28596e+04	4.65477e-02	2.38315e-02	4.51171	4.42677	4.41310e-05
6.29838e+04	4.65343e-02	2.42728e-02	1.17477	0.82457	4.41310e-05
6.31081e+04	4.65308e-02	2.40647e-02	4.18052	3.45394	4.41310e-05
6.32323e+04	4.65234e-02	2.41884e-02	0.86878	6.10679	4.41310e-05
6.33565e+04	4.65484e-02	2.38052e-02	3.88229	2.43484	4.41310e-05
6.34807e+04	4.65286e-02	2.41797e-02	0.55721	5.09742	4.41310e-05
6.36050e+04	4.65411e-02	2.37931e-02	3.57731	1.41713	4.41310e-05
6.37292e+04	4.65535e-02	2.46542e-02	0.26769	4.06135	4.41310e-05
6.38534e+04	4.65296e-02	2.39677e-02	3.29330	0.37758	4.41310e-05
6.39777e+04	4.65439e-02	2.44843e-02	0.01295	2.98965	4.41310e-05
6.41019e+04	4.65355e-02	2.39265e-02	3.01184	5.60382	4.41310e-05
6.42261e+04	4.65248e-02	2.40902e-02	6.03298	1.91265	4.41310e-05
6.43503e+04	4.65275e-02	2.41950e-02	2.74691	4.52330	4.41310e-05
6.44746e+04	4.65307e-02	2.42441e-02	5.78080	0.81448	4.41310e-05
6.45988e+04	4.65141e-02	2.43851e-02	2.50939	3.40845	4.41310e-05
6.47230e+04	4.65376e-02	2.43521e-02	5.55394	5.97491	4.41310e-05
6.48472e+04	4.65268e-02	2.40567e-02	2.27783	2.28499	4.41310e-05
6.49715e+04	4.65316e-02	2.43324e-02	5.32142	4.84023	4.41310e-05
6.50957e+04	4.65480e-02	2.38624e-02	2.03586	1.15591	4.41310e-05
6.52199e+04	4.65338e-02	2.43987e-02	5.10148	3.68591	4.41310e-05
6.53442e+04	4.65487e-02	2.40248e-02	1.81474	6.27831	4.41310e-05
6.54684e+04	4.65480e-02	2.44274e-02	4.90413	2.50492	4.41310e-05
6.55926e+04	4.65381e-02	2.41552e-02	1.62179	5.08934	4.41310e-05
6.57168e+04	4.65525e-02	2.41965e-02	4.69745	1.31497	4.41310e-05
6.58411e+04	4.65373e-02	2.41019e-02	1.41908	3.89086	4.41310e-05
6.59653e+04	4.65368e-02	2.40662e-02	4.48242	0.12460	4.41310e-05
6.60895e+04	4.65449e-02	2.41509e-02	1.21253	2.68744	4.41310e-05
6.62138e+04	4.65235e-02	2.41730e-02	4.27439	5.19957	4.41310e-05
6.63380e+04	4.65446e-02	2.42654e-02	1.02231	1.46226	4.41310e-05
6.64622e+04	4.65284e-02	2.42343e-02	4.09488	3.95979	4.41310e-05
6.65864e+04	4.65352e-02	2.41910e-02	0.83648	0.21685	4.41310e-05
6.67107e+04	4.65436e-02	2.39850e-02	3.91555	2.70163	4.41310e-05
6.68349e+04	4.65344e-02	2.40643e-02	0.64486	5.24898	4.41310e-05
6.69591e+04	4.65493e-02	2.38085e-02	3.72390	1.44388	4.41310e-05
6.70834e+04	4.65487e-02	2.42463e-02	0.45479	3.99300	4.41310e-05
6.72076e+04	4.65437e-02	2.38975e-02	3.53630	0.17900	4.41310e-05
6.73318e+04	4.65638e-02	2.45861e-02	0.26754	2.71302	4.41310e-05
6.74560e+04	4.65391e-02	2.40219e-02	3.34992	5.17868	4.41310e-05
6.75803e+04	4.65624e-02	2.45870e-02	0.09427	1.41071	4.41310e-05
6.77045e+04	4.65446e-02	2.38527e-02	3.16292	3.88349	4.41310e-05
6.78287e+04	4.65472e-02	2.42797e-02	6.20337	0.10395	4.41310e-05
6.79530e+04	4.65478e-02	2.37769e-02	2.97585	2.58383	4.41310e-05
6.80772e+04	4.65353e-02	2.40737e-02	6.01098	5.08063	4.41310e-05
6.82014e+04	4.65386e-02	2.40035e-02	2.78663	1.26778	4.41310e-05
6.83256e+04	4.65391e-02	2.41997e-02	5.82071	3.76043	4.41310e-05
6.84499e+04	4.65231e-02	2.42791e-02	2.60965	6.21303	4.41310e-05
6.85741e+04	4.65477e-02	2.43189e-02	5.63392	2.42522	4.41310e-05
6.86983e+04	4.65209e-02	2.41781e-02	2.43425	4.86844	4.41310e-05
6.88226e+04	4.65468e-02	2.42643e-02	5.44963	1.08342	4.41310e-05
6.89468e+04	4.65359e-02	2.39070e-02	2.23376	3.52972	4.41310e-05
6.90710e+04	4.65410e-02	2.41823e-02	5.25362	6.01989	4.41310e-05
6.91952e+04	4.65511e-02	2.38571e-02	2.02516	2.18815	4.41310e-05
6.93195e+04	4.65456e-02	2.42355e-02	5.06048	4.65701	4.41310e-05
6.94437e+04	4.65483e-02	2.40490e-02	1.83342	0.82740	4.41310e-05
6.95679e+04	4.65586e-02	2.42033e-02	4.87905	3.27934	4.41310e-05
6.96922e+04	4.65372e-02	2.41062e-02	1.63790	5.73309	4.41310e-05
6.98164e+04	4.65606e-02	2.40091e-02	4.67760	1.90217	4.41310e-05
6.99406e+04	4.65374e-02	2.40344e-02	1.43254	4.35626	4.41310e-05
7.00648e+04	4.65432e-02	2.39209e-02	4.45552	0.53680	4.41310e-05
7.01891e+04	4.65455e-02	2.40562e-02	1.21601	2.97810	4.41310e-05
7.03133e+04	4.65294e-02	2.41057e-02	4.23971	5.44418	4.41310e-05
7.04375e+04	4.65426e-02	2.41175e-02	1.01330	1.58434	4.41310e-05
7.05618e+04	4.65377e-02	2.41087e-02	4.02928	4.04497	4.41310e-05
7.06860e+04	4.65335e-02	2.39945e-02	0.80099	0.18121	4.41310e-05
7.08102e+04	4.65516e-02	2.38266e-02	3.81298	2.64075	4.41310e-05
7.09344e+04	4.65417e-02	2.40630e-02	0.57069	5.07038	4.41310e-05
7.10587e+04	4.65487e-02	2.37557e-02	3.58734	1.24413	4.41310e-05
7.11829e+04	4.65622e-02	2.44633e-02	0.34278	3.66998	4.41310e-05
7.13071e+04	4.65401e-02	2.39183e-02	3.35179	6.12146	4.41310e-05
7.14314e+04	4.65632e-02	2.45845e-02	0.11643	2.25007	4.41310e-05
7.15556e+04	4.65450e-02	2.38128e-02	3.11574	4.70733	4.41310e-05
7.16798e+04	4.65431e-02	2.41743e-02	6.16291	0.83120	4.41310e-05
7.18040e+04	4.65434e-02	2.38761e-02	2.87533	3.29500	4.41310e-05
7.19283e+04	4.65381e-02	2.40740e-02	5.91997	5.70158	4.41310e-05
7.20525e+04	4.65226e-02	2.43108e-02	2.63090	1.86896	4.41310e-05
7.21767e+04	4.65494e-02	2.42458e-02	5.67155	4.27411	4.41310e-05
7.23010e+04	4.65173e-02	2.43045e-02	2.38550	0.43515	4.41310e-05
7.24252e+04	4.65472e-02	2.41647e-02	5.41635	2.84545	4.41310e-05
7.25494e+04	4.65390e-02	2.39682e-02	2.11146	5.30436	4.41310e-05
7.26736e+04	4.65449e-02	2.41812e-02	5.15963	1.41737	4.41310e-05
7.27979e+04	4.65415e-02	2.41196e-02	1.84612	3.87987	4.41310e-05
7.29221e+04	4.65614e-02	2.42093e-02	4.90396	6.25440	4.41310e-05
7.30463e+04	4.65265e-02	2.41703e-02	1.58441	2.43493	4.41310e-05
7.31706e+04	4.65579e-02	2.39025e-02	4.62307	4.82361	4.41310e-05
7.32948e+04	4.65314e-02	2.41290e-02	1.30127	1.00290	4.41310e-05
7.34190e+04	4.65330e-02	2.39825e-02	4.32744	3.40955	4.41310e-05
7.35432e+04	4.65321e-02	2.42134e-02	1.02693	5.84588	4.41310e-05
7.36675e+04	4.65386e-02	2.39794e-02	4.04352	1.96545	4.41310e-05
7.37917e+04	4.65207e-02	2.40138e-02	0.73992	4.40150	4.41310e-05
7.39159e+04	4.65494e-02	2.36573e-02	3.74632	0.52724	4.41310e-05
7.40402e+04	4.65415e-02	2.43233e-02	0.42627	2.97576	4.41310e-05
7.41644e+04	4.65333e-02	2.38765e-02	3.43053	5.38251	4.41310e-05
7.42886e+04	4.65531e-02	2.46500e-02	0.13676	1.52653	4.41310e-05
7.44128e+04	4.65336e-02	2.38280e-02	3.12390	3.94713	4.41310e-05
7.45371e+04	4.65283e-02	2.41152e-02	6.10965	0.08279	4.41310e-05
7.46613e+04	4.65304e-02	2.39690e-02	2.79176	2.51967	4.41310e-05
7.47855e+04	4.65307e-02	2.42217e-02	5.78436	4.92983	4.41310e-05
7.49098e+04	4.65147e-02	2.42825e-02	2.47708	1.06954	4.41310e-05
7.50340e+04	4.65366e-02	2.42627e-02	5.47442	3.47976	4.41310e-05
7.51582e+04	4.65403e-02	2.38582e-02	2.14422	5.92203	4.41310e-05
7.52824e+04	4.65319e-02	2.42607e-02	5.14067	2.03840	4.41310e-05
7.54067e+04	4.65482e-02	2.40431e-02	1.79864	4.48933	4.41310e-05
7.55309e+04	4.65526e-02	2.42427e-02	4.82166	0.57518	4.41310e-05
7.56551e+04	4.65364e-02	2.40634e-02	1.46735	3.03522	4.41310e-05
7.57794e+04	4.65364e-02	2.40268e-02	4.47148	5.42847	4.41310e-05
7.59036e+04	4.65466e-02	2.41637e-02	1.12229	1.59779	4.41310e-05
7.60278e+04	4.65272e-02	2.42460e-02	4.11836	3.98811	4.41310e-05
7.61520e+04	4.65336e-02	2.40419e-02	0.78106	0.14157	4.41310e-05
7.62763e+04	4.65492e-02	2.38233e-02	3.77248	2.53381	4.41310e-05
7.64005e+04	4.65531e-02	2.43097e-02	0.41112	4.99276	4.41310e-05
7.65247e+04	4.65397e-02	2.39433e-02	3.40076	1.09944	4.41310e-05
7.66490e+04	4.65609e-02	2.45701e-02	0.06681	3.53603	4.41310e-05
7.67732e+04	4.65481e-02	2.37697e-02	3.04003	5.94094	4.41310e-05
7.68974e+04	4.65352e-02	2.40703e-02	5.97718	2.09589	4.41310e-05
7.70216e+04	4.65278e-02	2.41914e-02	2.66756	4.49698	4.41310e-05
7.71459e+04	4.65483e-02	2.43027e-02	5.60455	0.64972	4.41310e-05
7.72701e+04	4.65305e-02	2.39833e-02	2.29712	3.04684	4.41310e-05
7.73943e+04	4.65409e-02	2.41799e-02	5.22651	5.49598	4.41310e-05
7.75186e+04	4.65515e-02	2.39355e-02	1.90062	1.62514	4.41310e-05
7.76428e+04	4.65602e-02	2.42389e-02	4.85536	4.03855	4.41310e-05
7.77670e+04	4.65355e-02	2.40561e-02	1.52335	0.17183	4.41310e-05
7.78912e+04	4.65427e-02	2.38922e-02	4.44769	2.61361	4.41310e-05
7.80155e+04	4.65461e-02	2.41398e-02	1.11954	5.02410	4.41310e-05
7.81397e+04	4.65358e-02	2.40878e-02	4.05539	1.17714	4.41310e-05
7.82639e+04	4.65333e-02	2.39819e-02	0.73392	3.57935	4.41310e-05
7.83882e+04	4.65516e-02	2.37315e-02	3.65363	6.02055	4.41310e-05
7.85124e+04	4.65641e-02	2.45157e-02	0.31565	2.15420	4.41310e-05
7.86366e+04	4.65413e-02	2.39222e-02	3.24019	4.58892	4.41310e-05
7.87608e+04	4.65461e-02	2.41937e-02	6.20269	0.70347	4.41310e-05
7.88851e+04	4.65398e-02	2.39786e-02	2.81814	3.16245	4.41310e-05
7.90093e+04	4.65445e-02	2.41824e-02	5.78933	5.55828	4.41310e-05
7.91335e+04	4.65160e-02	2.43379e-02	2.42303	1.71358	4.41310e-05
7.92577e+04	4.65458e-02	2.41560e-02	5.37203	4.12121	4.41310e-05
7.93820e+04	4.65445e-02	2.39871e-02	1.97933	0.30182	4.41310e-05
7.95062e+04	4.65583e-02	2.42546e-02	4.95668	2.67974	4.41310e-05
7.96304e+04	4.65261e-02	2.41801e-02	1.56499	5.14022	4.41310e-05
7.97547e+04	4.65492e-02	2.38455e-02	4.52669	1.25795	4.41310e-05
7.98789e+04	4.65349e-02	2.41994e-02	1.13419	3.71809	4.41310e-05
8.00031e+04	4.65362e-02	2.40318e-02	4.08058	6.12355	4.41310e-05
8.01273e+04	4.65214e-02	2.40112e-02	0.70386	2.28332	4.41310e-05
8.02516e+04	4.65451e-02	2.37057e-02	3.63547	4.70243	4.41310e-05
8.03758e+04	4.65541e-02	2.46049e-02	0.25221	0.86803	4.41310e-05
8.05000e+04	4.65322e-02	2.38773e-02	3.17723	3.29200	4.41310e-05
8.06243e+04	4.65280e-02	2.41161e-02	6.10469	5.72045	4.41310e-05
8.07485e+04	4.65255e-02	2.41011e-02	2.71810	1.88761	4.41310e-05
8.08727e+04	4.65368e-02	2.43308e-02	5.65039	4.30293	4.41310e-05
8.09969e+04	4.65281e-02	2.39711e-02	2.26876	0.46335	4.41310e-05
8.11212e+04	4.65305e-02	2.42620e-02	5.19249	2.88633	4.41310e-05
8.12454e+04	4.65480e-02	2.40373e-02	1.79302	5.34699	4.41310e-05
8.13696e+04	4.65538e-02	2.42004e-02	4.76395	1.44761	4.41310e-05
8.14939e+04	4.65401e-02	2.40569e-02	1.34833	3.92289	4.41310e-05
8.16181e+04	4.65238e-02	2.41611e-02	4.27598	0.05657	4.41310e-05
8.17423e+04	4.65382e-02	2.41682e-02	0.88744	2.50433	4.41310e-05
8.18665e+04	4.65482e-02	2.38625e-02	3.82740	4.90819	4.41310e-05
8.19908e+04	4.65531e-02	2.43450e-02	0.41021	1.10116	4.41310e-05
8.21150e+04	4.65394e-02	2.39550e-02	3.35912	3.50343	4.41310e-05
8.22392e+04	4.65516e-02	2.43799e-02	6.24706	5.95677	4.41310e-05
8.23635e+04	4.65451e-02	2.38553e-02	2.88040	2.09907	4.41310e-05
8.24877e+04	4.65423e-02	2.42220e-02	5.76651	4.55323	4.41310e-05
8.26119e+04	4.65215e-02	2.42113e-02	2.41904	0.67553	4.41310e-05
8.27361e+04	4.65420e-02	2.41666e-02	5.29303	3.14170	4.41310e-05
8.28604e+04	4.65518e-02	2.39392e-02	1.91797	5.57409	4.41310e-05
8.29846e+04	4.65609e-02	2.42055e-02	4.83897	1.71815	4.41310e-05
8.31088e+04	4.65369e-02	2.40372e-02	1.45751	4.15647	4.41310e-05
8.32331e+04	4.65336e-02	2.40062e-02	4.33191	0.33726	4.41310e-05
8.33573e+04	4.65409e-02	2.41301e-02	0.97121	2.75431	4.41310e-05
8.34815e+04	4.65502e-02	2.38673e-02	3.85842	5.20519	4.41310e-05
8.36057e+04	4.65501e-02	2.42076e-02	0.47660	1.36019	4.41310e-05
8.37300e+04	4.65404e-02	2.39486e-02	3.36818	3.81489	4.41310e-05
8.38542e+04	4.65546e-02	2.43798e-02	0.01097	6.22777	4.41310e-05
8.39784e+04	4.65436e-02	2.39100e-02	2.87068	2.42181	4.41310e-05
8.41027e+04	4.65440e-02	2.42013e-02	5.79659	4.83483	4.41310e-05
8.42269e+04	4.65171e-02	2.42941e-02	2.39394	1.00798	4.41310e-05
8.43511e+04	4.65440e-02	2.41546e-02	5.30486	3.43508	4.41310e-05
8.44753e+04	4.65431e-02	2.40841e-02	1.87831	5.91474	4.41310e-05
8.45996e+04	4.65646e-02	2.41689e-02	4.83538	2.02183	4.41310e-05
8.47238e+04	4.65279e-02	2.41317e-02	1.40299	4.50699	4.41310e-05
8.48480e+04	4.65323e-02	2.39899e-02	4.30828	0.65637	4.41310e-05
8.49723e+04	4.65260e-02	2.41693e-02	0.90576	3.11104	4.41310e-05
8.50965e+04	4.65499e-02	2.37144e-02	3.81590	5.53879	4.41310e-05
8.52207e+04	4.65449e-02	2.44009e-02	0.39098	1.73352	4.41310e-05
8.53449e+04	4.65303e-02	2.39463e-02	3.30161	4.16829	4.41310e-05
8.54692e+04	4.65344e-02	2.42559e-02	6.19130	0.33124	4.41310e-05
8.55934e+04	4.65295e-02	2.40295e-02	2.77531	2.80034	4.41310e-05
8.57176e+04	4.65360e-02	2.43331e-02	5.67962	5.23333	4.41310e-05
8.58419e+04	4.65277e-02	2.39864e-02	2.27221	1.40979	4.41310e-05
8.59661e+04	4.65310e-02	2.42793e-02	5.16941	3.84977	4.41310e-05
8.60903e+04	4.65459e-02	2.40906e-02	1.75366	0.04285	4.41310e-05
8.62145e+04	4.65522e-02	2.41233e-02	4.68806	2.44607	4.41310e-05
8.63388e+04	4.65442e-02	2.41169e-02	1.24657	4.93987	4.41310e-05
8.64630e+04	4.65251e-02	2.42541e-02	4.15708	1.08325	4.41310e-05
8.65872e+04	4.65330e-02	2.40621e-02	0.74398	3.54866	4.41310e-05
8.67115e+04	4.65483e-02	2.38003e-02	3.65466	5.97519	4.41310e-05
8.68357e+04	4.65658e-02	2.46617e-02	0.22295	2.17618	4.41310e-05
8.69599e+04	4.65451e-02	2.38410e-02	3.14598	4.59875	4.41310e-05
8.70841e+04	4.65356e-02	2.40887e-02	6.00825	0.78940	4.41310e-05
8.72084e+04	4.65251e-02	2.42884e-02	2.63132	3.21997	4.41310e-05
8.73326e+04	4.65482e-02	2.42774e-02	5.49865	5.68891	4.41310e-05
8.74568e+04	4.65467e-02	2.38475e-02	2.10950	1.84897	4.41310e-05
8.75811e+04	4.65509e-02	2.43017e-02	4.98583	4.30892	4.41310e-05
8.77053e+04	4.65364e-02	2.41059e-02	1.60629	0.46781	4.41310e-05
8.78295e+04	4.65453e-02	2.39241e-02	4.47264	2.93734	4.41310e-05
8.79537e+04	4.65454e-02	2.41781e-02	1.08246	5.38187	4.41310e-05
8.80780e+04	4.65438e-02	2.40260e-02	3.95640	1.56157	4.41310e-05
8.82022e+04	4.65421e-02	2.40862e-02	0.56446	4.00811	4.41310e-05
8.83264e+04	4.65419e-02	2.39234e-02	3.42852	0.19682	4.41310e-05
8.84507e+04	4.65593e-02	2.44982e-02	0.06279	2.62596	4.41310e-05
8.85749e+04	4.65454e-02	2.38812e-02	2.91146	5.11389	4.41310e-05
8.86991e+04	4.65427e-02	2.41953e-02	5.82168	1.25904	4.41310e-05
8.88233e+04	4.65166e-02	2.43394e-02	2.40682	3.72722	4.41310e-05
8.89476e+04	4.65440e-02	2.41774e-02	5.30493	6.16755	4.41310e-05
8.90718e+04	4.65426e-02	2.41278e-02	1.86612	2.37681	4.41310e-05
8.91960e+04	4.65651e-02	2.41274e-02	4.80242	4.77974	4.41310e-05
8.93203e+04	4.65292e-02	2.41494e-02	1.36430	0.99675	4.41310e-05
8.94445e+04	4.65307e-02	2.40524e-02	4.25907	3.44088	4.41310e-05
8.95687e+04	4.65231e-02	2.41405e-02	0.84740	5.90652	4.41310e-05
8.96929e+04	4.65495e-02	2.37061e-02	3.74324	2.06670	4.41310e-05
8.98172e+04	4.65513e-02	2.45651e-02	0.31101	4.55342	4.41310e-05
8.99414e+04	4.65316e-02	2.39364e-02	3.20055	0.71972	4.41310e-05
9.00656e+04	4.65271e-02	2.41261e-02	6.08843	3.17881	4.41310e-05
9.01899e+04	4.65218e-02	2.42199e-02	2.66649	5.65579	4.41310e-05
9.03141e+04	4.65380e-02	2.43558e-02	5.56387	1.81486	4.41310e-05
9.04383e+04	4.65411e-02	2.38652e-02	2.13462	4.29916	4.41310e-05
9.05625e+04	4.65377e-02	2.43934e-02	5.04004	0.45108	4.41310e-05
9.06868e+04	4.65380e-02	2.41483e-02	1.60937	2.93664	4.41310e-05
9.08110e+04	4.65404e-02	2.40375e-02	4.51831	5.36810	4.41310e-05
9.09352e+04	4.65463e-02	2.42209e-02	1.08843	1.57937	4.41310e-05
9.10595e+04	4.65366e-02	2.41648e-02	4.00168	4.00692	4.41310e-05
9.11837e+04	4.65392e-02	2.41137e-02	0.56620	0.21506	4.41310e-05
9.13079e+04	4.65414e-02	2.39450e-02	3.47167	2.65011	4.41310e-05
9.14321e+04	4.65595e-02	2.45877e-02	0.04899	5.12920	4.41310e-05
9.15564e+04	4.65474e-02	2.38233e-02	2.94238	1.29419	4.41310e-05
9.16806e+04	4.65399e-02	2.42190e-02	5.81154	3.77414	4.41310e-05
9.18048e+04	4.65208e-02	2.42615e-02	2.43973	6.20375	4.41310e-05
9.19291e+04	4.65419e-02	2.42068e-02	5.28928	2.41132	4.41310e-05
9.20533e+04	4.65512e-02	2.39956e-02	1.89200	4.86688	4.41310e-05
9.21775e+04	4.65626e-02	2.41817e-02	4.78204	1.03456	4.41310e-05
9.23017e+04	4.65397e-02	2.40588e-02	1.37650	3.49897	4.41310e-05
9.24260e+04	4.65297e-02	2.41308e-02	4.23875	5.98649	4.41310e-05
9.25502e+04	4.65355e-02	2.40956e-02	0.86472	2.13650	4.41310e-05
9.26744e+04	4.65529e-02	2.37688e-02	3.72583	4.61650	4.41310e-05
9.27987e+04	4.65635e-02	2.45428e-02	0.32667	0.79193	4.41310e-05
9.29229e+04	4.65426e-02	2.39256e-02	3.19272	3.26715	4.41310e-05
9.30471e+04	4.65390e-02	2.41035e-02	6.09752	5.70575	4.41310e-05
9.31713e+04	4.65258e-02	2.43115e-02	2.66511	1.91339	4.41310e-05
9.32956e+04	4.65510e-02	2.43061e-02	5.58465	4.34645	4.41310e-05
9.34198e+04	4.65362e-02	2.40036e-02	2.15082	0.55600	4.41310e-05
9.35440e+04	4.65504e-02	2.42844e-02	5.06073	2.98985	4.41310e-05
9.36682e+04	4.65281e-02	2.42517e-02	1.62794	5.48096	4.41310e-05
9.37925e+04	4.65503e-02	2.38807e-02	4.53669	1.63333	4.41310e-05
9.39167e+04	4.65343e-02	2.42686e-02	1.09961	4.12995	4.41310e-05
9.40409e+04	4.65409e-02	2.39919e-02	4.01520	0.28497	4.41310e-05
9.41652e+04	4.65273e-02	2.41011e-02	0.58551	2.77416	4.41310e-05
9.42894e+04	4.65354e-02	2.38811e-02	3.47430	5.22926	4.41310e-05
9.44136e+04	4.65485e-02	2.45588e-02	0.06452	1.41597	4.41310e-05
9.45378e+04	4.65359e-02	2.38755e-02	2.92874	3.89588	4.41310e-05
9.46621e+04	4.65293e-02	2.42236e-02	5.81586	0.07053	4.41310e-05
9.47863e+04	4.65171e-02	2.42353e-02	2.40754	2.53960	4.41310e-05
9.49105e+04	4.65313e-02	2.42524e-02	5.30299	4.99829	4.41310e-05
9.50348e+04	4.65510e-02	2.39928e-02	1.86490	1.21369	4.41310e-05
9.51590e+04	4.65535e-02	2.42743e-02	4.79725	3.62718	4.41310e-05
9.52832e+04	4.65401e-02	2.40853e-02	1.34963	6.13557	4.41310e-05
9.54074e+04	4.65232e-02	2.42285e-02	4.24840	2.29981	4.41310e-05
9.55317e+04	4.65354e-02	2.41312e-02	0.83235	4.77749	4.41310e-05
9.56559e+04	4.65497e-02	2.38432e-02	3.74935	0.93230	4.41310e-05
9.57801e+04	4.65621e-02	2.45648e-02	0.30703	3.43657	4.41310e-05
9.59044e+04	4.65425e-02	2.39178e-02	3.21954	5.87045	4.41310e-05
9.60286e+04	4.65381e-02	2.41261e-02	6.07940	2.07238	4.41310e-05
9.61528e+04	4.65300e-02	2.41971e-02	2.69186	4.52341	4.41310e-05
9.62770e+04	4.65489e-02	2.43249e-02	5.55936	0.71889	4.41310e-05
9.64013e+04	4.65413e-02	2.38823e-02	2.18069	3.17028	4.41310e-05
9.65255e+04	4.65468e-02	2.43012e-02	5.04600	5.65118	4.41310e-05
9.66497e+04	4.65382e-02	2.41180e-02	1.65739	1.82000	4.41310e-05
9.67740e+04	4.65500e-02	2.39229e-02	4.52665	4.29676	4.41310e-05
9.68982e+04	4.65461e-02	2.41494e-02	1.13020	0.47470	4.41310e-05
9.70224e+04	4.65404e-02	2.40770e-02	3.99997	2.95168	4.41310e-05
9.71466e+04	4.65385e-02	2.40341e-02	0.61211	5.40419	4.41310e-05
9.72709e+04	4.65440e-02	2.38812e-02	3.48165	1.60656	4.41310e-05
9.73951e+04	4.65626e-02	2.45723e-02	0.10462	4.04850	4.41310e-05
9.75193e+04	4.65465e-02	2.38245e-02	2.95589	0.26088	4.41310e-05
9.76436e+04	4.65406e-02	2.41483e-02	5.86378	2.70175	4.41310e-05
9.77678e+04	4.65153e-02	2.43666e-02	2.44928	5.17986	4.41310e-05
9.78920e+04	4.65449e-02	2.41691e-02	5.34851	1.34660	4.41310e-05
9.80162e+04	4.65444e-02	2.40651e-02	1.91818	3.84930	4.41310e-05
9.81405e+04	4.65641e-02	2.41845e-02	4.85385	6.26296	4.41310e-05
9.82647e+04	4.65276e-02	2.41473e-02	1.41175	2.48579	4.41310e-05
9.83889e+04	4.65321e-02	2.39892e-02	4.30685	4.94003	4.41310e-05
9.85132e+04	4.65251e-02	2.41641e-02	0.89485	1.13304	4.41310e-05
9.86374e+04	4.65500e-02	2.36972e-02	3.79631	3.58132	4.41310e-05
9.87616e+04	4.65477e-02	2.44696e-02	0.36207	6.08033	4.41310e-05
9.88858e+04	4.65305e-02	2.39468e-02	3.26543	2.25146	4.41310e-05
9.90101e+04	4.65307e-02	2.41740e-02	6.14651	4.71885	4.41310e-05
9.91343e+04	4.65260e-02	2.41165e-02	2.72501	0.92230	4.41310e-05
9.92585e+04	4.65373e-02	2.43274e-02	5.62473	3.37279	4.41310e-05
9.93828e+04	4.65345e-02	2.39026e-02	2.20546	5.85755	4.41310e-05
9.95070e+04	4.65337e-02	2.43182e-02	5.10464	2.02527	4.41310e-05
9.96312e+04	4.65417e-02	2.41264e-02	1.68497	4.51837	4.41310e-05
9.97554e+04	4.65478e-02	2.40463e-02	4.60821	0.66245	4.41310e-05
9.98797e+04	4.65463e-02	2.41564e-02	1.16480	3.17166	4.41310e-05
1.00004e+05	4.65300e-02	2.42157e-02	4.07905	5.60821	4.41310e-05
1.00128e+05	4.65343e-02	2.40236e-02	0.65552	1.81436	4.41310e-05
1.00252e+05	4.65448e-02	2.38518e-02	3.56289	4.25735	4.41310e-05
1.00377e+05	4.65652e-02	2.46555e-02	0.14594	0.46599	4.41310e-05
1.00501e+05	4.65480e-02	2.37846e-02	3.05122	2.91141	4.41310e-05
1.00625e+05	4.65358e-02	2.40919e-02	5.91290	5.39939	4.41310e-05
1.00749e+05	4.65201e-02	2.43144e-02	2.54201	1.55488	4.41310e-05
1.00873e+05	4.65454e-02	2.42097e-02	5.40338	4.04347	4.41310e-05
1.00998e+05	4.65515e-02	2.38469e-02	2.00878	0.22276	4.41310e-05
1.01122e+05	4.65577e-02	2.42743e-02	4.89766	2.68397	4.41310e-05
1.01246e+05	4.65358e-02	2.40518e-02	1.51289	5.14493	4.41310e-05
1.01370e+05	4.65363e-02	2.39767e-02	4.37175	1.35291	4.41310e-05
1.01495e+05	4.65420e-02	2.41470e-02	0.99470	3.79831	4.41310e-05
1.01619e+05	4.65497e-02	2.38751e-02	3.86768	6.27579	4.41310e-05
1.01743e+05	4.65506e-02	2.42207e-02	0.47282	2.45612	4.41310e-05
1.01867e+05	4.65403e-02	2.39466e-02	3.34212	4.93675	4.41310e-05
1.01992e+05	4.65518e-02	2.43315e-02	6.26394	1.09172	4.41310e-05
1.02116e+05	4.65408e-02	2.39658e-02	2.82893	3.59389	4.41310e-05
1.02240e+05	4.65467e-02	2.42585e-02	5.74554	6.02986	4.41310e-05
1.02364e+05	4.65209e-02	2.41918e-02	2.33175	2.22778	4.41310e-05
1.02488e+05	4.65434e-02	2.41680e-02	5.23263	4.67920	4.41310e-05
1.02613e+05	4.65391e-02	2.41715e-02	1.80143	0.89392	4.41310e-05
1.02737e+05	4.65645e-02	2.40314e-02	4.74624	3.31032	4.41310e-05
1.02861e+05	4.65315e-02	2.41476e-02	1.30302	5.82076	4.41310e-05
1.02985e+05	4.65307e-02	2.40595e-02	4.20460	1.98852	4.41310e-05
1.03110e+05	4.65213e-02	2.40758e-02	0.79741	4.46306	4.41310e-05
1.03234e+05	4.65479e-02	2.36731e-02	3.69563	0.63433	4.41310e-05
1.03358e+05	4.65535e-02	2.46055e-02	0.27143	3.12626	4.41310e-05
1.03482e+05	4.65326e-02	2.38866e-02	3.16386	5.58565	4.41310e-05
1.03607e+05	4.65258e-02	2.40881e-02	6.05641	1.76993	4.41310e-05
1.03731e+05	4.65201e-02	2.42390e-02	2.64275	4.25150	4.41310e-05
1.03855e+05	4.65377e-02	2.43201e-02	5.54515	0.41901	4.41310e-05
1.03979e+05	4.65423e-02	2.38381e-02	2.12125	2.91095	4.41310e-05
1.04103e+05	4.65382e-02	2.43650e-02	5.03365	5.35148	4.41310e-05
1.04228e+05	4.65379e-02	2.41326e-02	1.60838	1.56107	4.41310e-05
1.04352e+05	4.65419e-02	2.40181e-02	4.53363	3.99717	4.41310e-05
1.04476e+05	4.65465e-02	2.42010e-02	1.09911	0.21668	4.41310e-05
1.04600e+05	4.65349e-02	2.41670e-02	4.01943	2.64972	4.41310e-05
1.04725e+05	4.65373e-02	2.40702e-02	0.59249	5.14502	4.41310e-05
1.04849e+05	4.65425e-02	2.39018e-02	3.50454	1.30250	4.41310e-05
1.04973e+05	4.65623e-02	2.46140e-02	0.08609	3.78929	4.41310e-05
1.05097e+05	4.65483e-02	2.37906e-02	2.98898	6.23929	4.41310e-05
1.05221e+05	4.65374e-02	2.41434e-02	5.86333	2.44241	4.41310e-05
1.05346e+05	4.65196e-02	2.43111e-02	2.49747	4.87802	4.41310e-05
1.05470e+05	4.65439e-02	2.42032e-02	5.35844	1.08584	4.41310e-05
1.05594e+05	4.65521e-02	2.39002e-02	1.96659	3.54766	4.41310e-05
1.05718e+05	4.65599e-02	2.42600e-02	4.86161	6.00479	4.41310e-05
1.05843e+05	4.65366e-02	2.40494e-02	1.46795	2.18485	4.41310e-05
1.05967e+05	4.65339e-02	2.40223e-02	4.33694	4.67622	4.41310e-05
1.06091e+05	4.65405e-02	2.41534e-02	0.96497	0.83509	4.41310e-05
1.06215e+05	4.65509e-02	2.38586e-02	3.83960	3.31282	4.41310e-05
1.06340e+05	4.65532e-02	2.42914e-02	0.44640	5.77645	4.41310e-05
1.06464e+05	4.65402e-02	2.39696e-02	3.31923	1.97197	4.41310e-05
1.06588e+05	4.65491e-02	2.42925e-02	6.23495	4.40945	4.41310e-05
1.06712e+05	4.65395e-02	2.40180e-02	2.81088	0.62771	4.41310e-05
1.06836e+05	4.65475e-02	2.42844e-02	5.73014	3.06242	4.41310e-05
1.06961e+05	4.65219e-02	2.41922e-02	2.31757	5.54382	4.41310e-05
1.07085e+05	4.65435e-02	2.41965e-02	5.22140	1.71064	4.41310e-05
1.07209e+05	4.65385e-02	2.42003e-02	1.79281	4.20746	4.41310e-05
1.07333e+05	4.65641e-02	2.40318e-02	4.73076	0.34029	4.41310e-05
1.07458e+05	4.65320e-02	2.41726e-02	1.28966	2.84990	4.41310e-05
1.07582e+05	4.65307e-02	2.40825e-02	4.20249	5.29955	4.41310e-05
1.07706e+05	4.65214e-02	2.40957e-02	0.79739	1.49015	4.41310e-05
1.07830e+05	4.65480e-02	2.36957e-02	3.69757	3.94377	4.41310e-05
1.07955e+05	4.65533e-02	2.46214e-02	0.27542	0.15169	4.41310e-05
1.08079e+05	4.65324e-02	2.39159e-02	3.17026	2.60994	4.41310e-05
1.08203e+05	4.65258e-02	2.41092e-02	6.05622	5.07649	4.41310e-05
1.08327e+05	4.65208e-02	2.42445e-02	2.65275	1.27436	4.41310e-05
1.08451e+05	4.65378e-02	2.43483e-02	5.55732	3.72382	4.41310e-05
1.08576e+05	4.65410e-02	2.38663e-02	2.13654	6.21372	4.41310e-05
1.08700e+05	4.65371e-02	2.43796e-02	5.04877	2.37235	4.41310e-05
1.08824e+05	4.65386e-02	2.41546e-02	1.62566	4.86376	4.41310e-05
1.08948e+05	4.65429e-02	2.40410e-02	4.54557	1.01430	4.41310e-05
1.09073e+05	4.65465e-02	2.42148e-02	1.11212	3.51692	4.41310e-05
1.09197e+05	4.65331e-02	2.42122e-02	4.04141	5.95039	4.41310e-05
1.09321e+05	4.65358e-02	2.40702e-02	0.61881	2.15887	4.41310e-05
1.09445e+05	4.65436e-02	2.38995e-02	3.53177	4.59950	4.41310e-05
1.09569e+05	4.65639e-02	2.46650e-02	0.11313	0.80413	4.41310e-05
1.09694e+05	4.65483e-02	2.38017e-02	3.02012	3.25076	4.41310e-05
1.09818e+05	4.65366e-02	2.41412e-02	5.88648	5.73699	4.41310e-05
1.09942e+05	4.65199e-02	2.43433e-02	2.52943	1.88976	4.41310e-05
1.10066e+05	4.65451e-02	2.42349e-02	5.39405	4.37791	4.41310e-05
1.10191e+05	4.65516e-02	2.38864e-02	2.00419	0.55525	4.41310e-05
1.10315e+05	4.65577e-02	2.43005e-02	4.89729	3.01483	4.41310e-05
1.10439e+05	4.65358e-02	2.40778e-02	1.50794	5.47424	4.41310e-05
1.10563e+05	4.65363e-02	2.40040e-02	4.37078	1.68048	4.41310e-05
1.10688e+05	4.65425e-02	2.41821e-02	1.00536	4.12509	4.41310e-05
1.10812e+05	4.65488e-02	2.39245e-02	3.88300	0.31709	4.41310e-05
1.10936e+05	4.65488e-02	2.42163e-02	0.49246	2.77845	4.41310e-05
1.11060e+05	4.65404e-02	2.39716e-02	3.36520	5.25779	4.41310e-05
1.11184e+05	4.65534e-02	2.43919e-02	6.28209	1.41138	4.41310e-05
1.11309e+05	4.65423e-02	2.39603e-02	2.85099	3.91144	4.41310e-05
1.11433e+05	4.65455e-02	2.42596e-02	5.77000	0.06351	4.41310e-05
1.11557e+05	4.65184e-02	2.42823e-02	2.36970	2.54161	4.41310e-05
1.11681e+05	4.65435e-02	2.41852e-02	5.27385	4.99152	4.41310e-05
1.11806e+05	4.65415e-02	2.41568e-02	1.84387	1.20701	4.41310e-05
1.11930e+05	4.65651e-02	2.41130e-02	4.78617	3.61905	4.41310e-05
1.12054e+05	4.65299e-02	2.41613e-02	1.34674	6.12711	4.41310e-05
1.12178e+05	4.65306e-02	2.40570e-02	4.24961	2.29501	4.41310e-05
1.12303e+05	4.65232e-02	2.41462e-02	0.85429	4.76770	4.41310e-05
1.12427e+05	4.65497e-02	2.37029e-02	3.75913	0.93380	4.41310e-05
1.12551e+05	4.65499e-02	2.45348e-02	0.33352	3.42869	4.41310e-05
1.12675e+05	4.65310e-02	2.39510e-02	3.23278	5.88271	4.41310e-05
1.12799e+05	4.65289e-02	2.41586e-02	6.11987	2.06483	4.41310e-05
1.12924e+05	4.65245e-02	2.41642e-02	2.70496	4.54891	4.41310e-05
1.13048e+05	4.65376e-02	2.43541e-02	5.61075	0.71397	4.41310e-05
1.13172e+05	4.65345e-02	2.39194e-02	2.20554	3.19695	4.41310e-05
1.13296e+05	4.65334e-02	2.43361e-02	5.11037	5.64613	4.41310e-05
1.13421e+05	4.65418e-02	2.41425e-02	1.68815	1.85363	4.41310e-05
1.13545e+05	4.65483e-02	2.40677e-02	4.61698	4.27873	4.41310e-05
1.13669e+05	4.65460e-02	2.41633e-02	1.17880	0.50277	4.41310e-05
1.13793e+05	4.65287e-02	2.42482e-02	4.09647	2.93896	4.41310e-05
1.13917e+05	4.65333e-02	2.40431e-02	0.68951	5.42353	4.41310e-05
1.14042e+05	4.65464e-02	2.38424e-02	3.60229	1.58127	4.41310e-05
1.14166e+05	4.65660e-02	2.46841e-02	0.17877	4.07400	4.41310e-05
1.14290e+05	4.65470e-02	2.38130e-02	3.09239	0.23085	4.41310e-05
1.14414e+05	4.65352e-02	2.40883e-02	5.95836	2.71728	4.41310e-05
1.14539e+05	4.65221e-02	2.43189e-02	2.58868	5.15707	4.41310e-05
1.14663e+05	4.65474e-02	2.42612e-02	5.46668	1.35717	4.41310e-05
1.14787e+05	4.65486e-02	2.38404e-02	2.08001	3.81438	4.41310e-05
1.14911e+05	4.65527e-02	2.43115e-02	4.96513	6.28184	4.41310e-05
1.15036e+05	4.65359e-02	2.40957e-02	1.58120	2.45258	4.41310e-05
1.15160e+05	4.65430e-02	2.39345e-02	4.45012	4.93584	4.41310e-05
1.15284e+05	4.65449e-02	2.41681e-02	1.06858	1.10461	4.41310e-05
1.15408e+05	4.65445e-02	2.39985e-02	3.94724	3.57858	4.41310e-05
1.15532e+05	4.65416e-02	2.40729e-02	0.57051	6.03440	4.41310e-05
1.15657e+05	4.65423e-02	2.39092e-02	3.44035	2.23326	4.41310e-05
1.15781e+05	4.65601e-02	2.45154e-02	0.07246	4.67155	4.41310e-05
1.15905e+05	4.65459e-02	2.38522e-02	2.92866	0.88431	4.41310e-05
1.16029e+05	4.65415e-02	2.41653e-02	5.84491	3.32212	4.41310e-05
1.16154e+05	4.65155e-02	2.43530e-02	2.43735	5.79840	4.41310e-05
1.16278e+05	4.65450e-02	2.41643e-02	5.35205	1.96288	4.41310e-05
1.16402e+05	4.65443e-02	2.40550e-02	1.91944	4.46417	4.41310e-05
1.16526e+05	4.65638e-02	2.41938e-02	4.86196	0.59259	4.41310e-05
1.16651e+05	4.65272e-02	2.41484e-02	1.42683	3.09604	4.41310e-05
1.16775e+05	4.65331e-02	2.39723e-02	4.32889	5.54772	4.41310e-05
1.16899e+05	4.65266e-02	2.41880e-02	0.92207	1.73992	4.41310e-05
1.17023e+05	4.65496e-02	2.37348e-02	3.84064	4.18392	4.41310e-05
1.17147e+05	4.65431e-02	2.43603e-02	0.41203	0.39820	4.41310e-05
1.17272e+05	4.65303e-02	2.39513e-02	3.31315	2.85004	4.41310e-05
1.17396e+05	4.65351e-02	2.42648e-02	6.20077	5.31450	4.41310e-05
1.17520e+05	4.65300e-02	2.40189e-02	2.78410	1.51719	4.41310e-05
1.17644e+05	4.65356e-02	2.43167e-02	5.68810	3.96683	4.41310e-05
1.17769e+05	4.65269e-02	2.40044e-02	2.28145	0.15912	4.41310e-05
1.17893e+05	4.65307e-02	2.42614e-02	5.18812	2.61466	4.41310e-05
1.18017e+05	4.65464e-02	2.40773e-02	1.76347	5.10750	4.41310e-05
1.18141e+05	4.65527e-02	2.41327e-02	4.70060	1.24091	4.41310e-05
1.18265e+05	4.65437e-02	2.41004e-02	1.25981	3.75041	4.41310e-05
1.18390e+05	4.65244e-02	2.42470e-02	4.17194	6.19186	4.41310e-05
