# t	a	e	mean_anomaly	varpi	mass/M_star
0.00000e+00	6.22393e-02	0.00000e+00	0.00000	0.00000	1.08910e-05
1.24228e+02	6.21999e-02	7.34570e-02	2.50022	0.68651	1.08910e-05
2.48457e+02	6.19834e-02	1.67358e-02	1.34101	4.53639	1.08910e-05
3.72685e+02	6.17374e-02	4.86934e-02	3.57091	5.70243	1.08910e-05
4.96914e+02	6.23486e-02	4.86278e-02	3.71277	0.98497	1.08910e-05
6.21142e+02	6.23012e-02	7.57050e-02	5.88011	4.89339	1.08910e-05
7.45371e+02	6.20693e-02	2.60732e-02	1.87851	2.88805	1.08910e-05
8.69599e+02	6.14621e-02	8.53122e-02	5.62783	1.84496	1.08910e-05
9.93828e+02	6.11724e-02	3.85859e-02	4.20949	1.49975	1.08910e-05
1.11806e+03	6.17465e-02	8.25349e-02	4.83184	2.62433	1.08910e-05
1.24228e+03	6.13874e-02	1.07256e-01	4.28722	2.40554	1.08910e-05
1.36651e+03	6.15633e-02	8.79559e-02	1.20879	0.03725	1.08910e-05
1.49074e+03	6.17526e-02	8.49662e-02	2.65518	5.59360	1.08910e-05
1.61497e+03	6.16883e-02	8.24482e-02	6.13848	2.62981	1.08910e-05
1.73920e+03	6.10286e-02	7.42329e-02	3.11579	1.36565	1.08910e-05
1.86343e+03	6.15024e-02	1.02803e-01	1.49080	0.68740	1.08910e-05
1.98766e+03	6.17701e-02	1.10328e-01	5.96942	2.01817	1.08910e-05
2.11188e+03	6.17160e-02	1.40352e-01	4.46887	3.31935	1.08910e-05
2.23611e+03	6.12218e-02	6.19170e-03	5.28581	5.48505	1.08910e-05
2.36034e+03	6.14649e-02	3.29489e-02	2.35477	4.02362	1.08910e-05
2.48457e+03	6.15613e-02	1.08531e-01	1.52190	2.09464	1.08910e-05
2.60880e+03	6.12668e-02	8.24513e-02	0.24256	0.91193	1.08910e-05
2.73303e+03	6.14891e-02	8.87919e-02	0.20380	5.29248	1.08910e-05
2.85725e+03	6.12918e-02	3.97409e-02	4.08710	3.20986	1.08910e-05
2.98148e+03	6.18165e-02	8.86222e-02	4.61513	0.75278	1.08910e-05
3.10571e+03	6.10075e-02	1.18064e-01	5.38805	2.87613	1.08910e-05
3.22994e+03	6.15609e-02	1.33088e-01	0.34586	4.41255	1.08910e-05
3.35417e+03	6.14724e-02	7.70312e-02	3.05715	2.86394	1.08910e-05
3.47840e+03	6.13823e-02	1.79590e-01	3.16240	5.91540	1.08910e-05
3.60262e+03	6.13696e-02	9.38124e-02	2.81462	5.38336	1.08910e-05
3.72685e+03	6.11365e-02	4.73175e-02	5.81215	2.39285	1.08910e-05
3.85108e+03	6.10809e-02	8.60784e-02	5.36017	3.16848	1.08910e-05
3.97531e+03	6.12415e-02	1.29000e-01	3.96637	5.30742	1.08910e-05
4.09954e+03	6.16143e-02	1.49553e-01	5.35898	0.44146	1.08910e-05
4.22377e+03	6.13109e-02	1.57918e-01	2.20949	3.93069	1.08910e-05
4.34800e+03	6.10199e-02	1.04020e-01	5.96680	4.13199	1.08910e-05
4.47222e+03	6.13187e-02	8.84278e-02	6.01782	0.41174	1.08910e-05
4.59645e+03	6.12798e-02	6.26748e-02	3.33473	4.93392	1.08910e-05
4.72068e+03	6.13420e-02	7.32412e-02	1.28629	6.23457	1.08910e-05
4.84491e+03	6.12993e-02	3.51765e-02	3.16596	0.97197	1.08910e-05
4.96914e+03	6.10023e-02	7.73275e-02	4.85272	0.90466	1.08910e-05
5.09337e+03	6.12989e-02	5.35767e-02	1.08034	2.21595	1.08910e-05
5.21759e+03	6.12198e-02	2.23722e-03	5.66053	4.47626	1.08910e-05
5.34182e+03	6.12510e-02	5.65430e-02	0.30498	3.60785	1.08910e-05
5.46605e+03	6.13600e-02	1.35671e-01	5.48421	0.14602	1.08910e-05
5.59028e+03	6.13138e-02	4.84556e-02	4.77456	2.71289	1.08910e-05
5.71451e+03	6.12546e-02	1.67699e-02	2.49161	5.52662	1.08910e-05
5.83874e+03	6.12289e-02	4.98436e-02	0.49901	5.19404	1.08910e-05
5.96297e+03	6.12370e-02	7.80323e-02	4.32131	5.34311	1.08910e-05
6.08719e+03	6.11181e-02	3.12639e-02	2.60335	6.06525	1.08910e-05
6.21142e+03	6.08885e-02	6.79132e-02	4.08025	0.81234	1.08910e-05
6.33565e+03	6.10490e-02	6.22316e-02	5.50954	6.01073	1.08910e-05
6.45988e+03	6.10792e-02	8.94131e-02	5.73456	2.35200	1.08910e-05
6.58411e+03	6.13273e-02	6.74134e-02	0.09716	6.10453	1.08910e-05
6.70834e+03	6.10182e-02	4.16576e-02	4.96301	5.19771	1.08910e-05
6.83256e+03	6.10933e-02	5.53705e-02	0.70080	5.90854	1.08910e-05
6.95679e+03	6.09507e-02	5.82695e-02	3.24209	3.84018	1.08910e-05
7.08102e+03	6.11480e-02	8.72268e-02	3.61967	0.26138	1.08910e-05
7.20525e+03	6.10114e-02	4.05823e-02	0.05476	0.54652	1.08910e-05
7.32948e+03	6.12028e-02	7.31952e-02	6.12122	2.68963	1.08910e-05
7.45371e+03	6.08276e-02	5.70695e-02	2.65334	1.52790	1.08910e-05
7.57794e+03	6.12273e-02	4.36112e-02	2.74158	5.60973	1.08910e-05
7.70216e+03	6.09727e-02	3.40698e-02	2.63788	6.27007	1.08910e-05
7.82639e+03	6.10047e-02	3.62786e-02	4.96669	5.31160	1.08910e-05
7.95062e+03	6.09897e-02	3.80480e-02	2.09937	3.40832	1.08910e-05
8.07485e+03	6.10102e-02	9.17896e-02	4.35946	0.83891	1.08910e-05
8.19908e+03	6.11136e-02	8.94872e-02	4.02499	3.47384	1.08910e-05
8.32331e+03	6.11089e-02	8.01341e-02	4.36497	1.16184	1.08910e-05
8.44753e+03	6.09440e-02	7.08202e-02	5.39264	3.24761	1.08910e-05
8.57176e+03	6.09059e-02	4.75484e-02	1.75320	2.11142	1.08910e-05
8.69599e+03	6.10134e-02	4.19412e-02	1.62958	5.81852	1.08910e-05
8.82022e+03	6.10537e-02	5.53089e-02	5.22228	3.45669	1.08910e-05
8.94445e+03	6.09994e-02	4.59878e-02	2.68289	0.03644	1.08910e-05
9.06868e+03	6.09907e-02	4.38425e-02	2.70208	4.51565	1.08910e-05
9.19291e+03	6.08863e-02	1.35276e-02	4.28736	3.34987	1.08910e-05
9.31713e+03	6.10057e-02	5.36112e-02	4.85604	5.51147	1.08910e-05
9.44136e+03	6.10263e-02	2.51903e-02	0.96180	4.03704	1.08910e-05
9.56559e+03	6.10085e-02	5.25509e-02	4.89557	5.84349	1.08910e-05
9.68982e+03	6.08928e-02	1.52068e-02	2.71842	2.60401	1.08910e-05
9.81405e+03	6.10610e-02	5.13979e-02	5.08411	3.39352	1.08910e-05
9.93828e+03	6.09520e-02	7.11341e-02	3.33574	0.46109	1.08910e-05
1.00625e+04	6.09801e-02	7.02770e-02	5.73148	2.66784	1.08910e-05
1.01867e+04	6.08054e-02	5.74943e-02	1.30359	0.50055	1.08910e-05
1.03110e+04	6.09505e-02	6.09601e-02	4.28686	4.92131	1.08910e-05
1.04352e+04	6.10043e-02	5.79632e-02	3.19669	2.72943	1.08910e-05
1.05594e+04	6.09751e-02	2.76066e-02	2.00016	1.44799	1.08910e-05
1.06836e+04	6.09626e-02	9.06489e-03	3.68859	6.20329	1.08910e-05
1.08079e+04	6.09558e-02	2.73877e-02	1.35928	3.04341	1.08910e-05
1.09321e+04	6.09163e-02	4.15580e-02	6.22963	0.42441	1.08910e-05
1.10563e+04	6.09685e-02	2.80973e-02	5.81591	3.82176	1.08910e-05
1.11806e+04	6.10228e-02	5.34891e-02	2.93508	1.75276	1.08910e-05
1.13048e+04	6.07375e-02	3.96321e-02	2.66410	0.55774	1.08910e-05
1.14290e+04	6.08945e-02	3.61405e-02	3.40159	5.08127	1.08910e-05
1.15532e+04	6.08855e-02	3.15022e-02	3.46483	4.24822	1.08910e-05
1.16775e+04	6.09542e-02	3.13758e-02	2.31217	5.65433	1.08910e-05
1.18017e+04	6.09096e-02	4.07474e-02	4.70331	4.11624	1.08910e-05
1.19259e+04	6.09585e-02	5.05186e-02	4.16270	0.97170	1.08910e-05
1.20502e+04	6.10198e-02	1.66178e-02	5.31703	0.05041	1.08910e-05
1.21744e+04	6.08925e-02	2.51872e-02	1.12656	3.08497	1.08910e-05
1.22986e+04	6.08658e-02	2.98959e-02	4.86461	2.99235	1.08910e-05
1.24228e+04	6.09098e-02	2.59055e-02	0.02336	1.25051	1.08910e-05
1.25471e+04	6.08542e-02	4.81670e-02	2.24874	3.60286	1.08910e-05
1.26713e+04	6.08672e-02	4.95217e-02	5.72682	5.94627	1.08910e-05
1.27955e+04	6.09602e-02	3.10637e-02	2.21527	2.28105	1.08910e-05
1.29198e+04	6.10516e-02	1.63184e-02	0.01217	4.55354	1.08910e-05
1.30440e+04	6.09201e-02	1.35823e-02	1.02341	3.57256	1.08910e-05
1.31682e+04	6.08995e-02	1.92976e-02	2.44242	5.36424	1.08910e-05
1.32924e+04	6.08339e-02	3.50846e-02	3.68017	1.78483	1.08910e-05
1.34167e+04	6.09784e-02	3.13392e-02	0.76859	4.02709	1.08910e-05
1.35409e+04	6.09852e-02	1.48344e-02	1.87803	5.93614	1.08910e-05
1.36651e+04	6.09277e-02	2.28923e-02	4.65463	6.12779	1.08910e-05
1.37894e+04	6.08670e-02	3.00827e-02	5.07668	1.86289	1.08910e-05
1.39136e+04	6.08996e-02	1.61681e-02	1.64497	0.03658	1.08910e-05
1.40378e+04	6.09333e-02	1.41501e-02	4.76246	5.16693	1.08910e-05
1.41620e+04	6.09625e-02	2.06414e-02	1.17776	3.47932	1.08910e-05
1.42863e+04	6.08928e-02	7.44905e-03	4.66829	0.88062	1.08910e-05
1.44105e+04	6.08699e-02	2.48313e-02	4.49077	2.04717	1.08910e-05
1.45347e+04	6.09761e-02	2.37161e-02	4.93664	2.40608	1.08910e-05
1.46590e+04	6.09168e-02	2.63754e-02	4.27768	3.71771	1.08910e-05
1.47832e+04	6.09054e-02	3.41368e-02	4.53231	4.20033	1.08910e-05
1.49074e+04	6.08884e-02	3.03349e-02	5.31954	4.00604	1.08910e-05
1.50316e+04	6.10201e-02	5.67092e-03	5.41136	3.77941	1.08910e-05
1.51559e+04	6.09496e-02	2.25651e-02	0.90349	1.01423	1.08910e-05
1.52801e+04	6.09115e-02	1.99668e-02	1.90254	5.49608	1.08910e-05
1.54043e+04	6.09767e-02	2.72833e-02	0.68180	5.00493	1.08910e-05
1.55286e+04	6.09523e-02	2.61498e-02	2.24664	1.03905	1.08910e-05
1.56528e+04	6.09702e-02	2.15449e-02	3.73241	2.75023	1.08910e-05
1.57770e+04	6.08771e-02	1.67634e-02	4.86765	4.52196	1.08910e-05
1.59012e+04	6.09426e-02	1.89367e-02	0.78460	5.59341	1.08910e-05
1.60255e+04	6.08733e-02	1.76030e-02	2.61379	0.14336	1.08910e-05
1.61497e+04	6.09077e-02	2.25381e-02	0.30008	5.02599	1.08910e-05
1.62739e+04	6.09287e-02	2.57061e-02	3.91213	3.00887	1.08910e-05
1.63982e+04	6.09476e-02	3.25948e-02	1.65585	5.09952	1.08910e-05
1.65224e+04	6.10072e-02	2.60515e-02	3.54513	3.40924	1.08910e-05
1.66466e+04	6.09091e-02	1.54239e-02	6.01747	0.31513	1.08910e-05
1.67708e+04	6.09592e-02	8.36360e-03	4.55429	0.54879	1.08910e-05
1.68951e+04	6.09830e-02	1.71486e-02	5.50866	3.58685	1.08910e-05
1.70193e+04	6.08972e-02	1.86238e-02	0.70147	5.09904	1.08910e-05
1.71435e+04	6.09802e-02	2.60730e-02	4.55885	4.23266	1.08910e-05
1.72678e+04	6.09963e-02	2.05299e-02	0.40538	4.17202	1.08910e-05
1.73920e+04	6.09643e-02	2.64091e-02	2.34975	3.39914	1.08910e-05
1.75162e+04	6.09362e-02	2.01849e-02	4.55108	1.89759	1.08910e-05
1.76404e+04	6.09894e-02	2.39452e-02	2.72066	4.35419	1.08910e-05
1.77647e+04	6.09116e-02	7.90116e-03	4.53462	1.72951	1.08910e-05
1.78889e+04	6.09325e-02	7.84325e-03	2.87521	1.71743	1.08910e-05
1.80131e+04	6.09327e-02	1.36514e-02	6.15947	2.54154	1.08910e-05
1.81374e+04	6.09751e-02	2.49202e-02	0.83115	4.21869	1.08910e-05
1.82616e+04	6.08641e-02	2.11828e-02	0.05030	0.99534	1.08910e-05
1.83858e+04	6.09457e-02	2.70929e-02	5.77145	2.72441	1.08910e-05
1.85100e+04	6.09849e-02	2.38876e-02	3.49861	5.10068	1.08910e-05
1.86343e+04	6.09929e-02	2.54515e-02	0.92589	0.52793	1.08910e-05
1.87585e+04	6.10493e-02	1.79544e-02	2.06220	4.82479	1.08910e-05
1.88827e+04	6.10391e-02	1.77158e-02	5.89820	6.00045	1.08910e-05
1.90070e+04	6.09013e-02	2.31975e-02	3.50581	6.19780	1.08910e-05
1.91312e+04	6.09845e-02	9.15290e-03	4.21000	2.07623	1.08910e-05
1.92554e+04	6.09852e-02	1.46431e-02	0.14362	2.08887	1.08910e-05
1.93796e+04	6.10119e-02	2.35898e-02	5.15338	5.08061	1.08910e-05
1.95039e+04	6.09870e-02	1.79959e-02	0.84653	3.39942	1.08910e-05
1.96281e+04	6.09880e-02	1.00579e-02	2.14573	2.90059	1.08910e-05
1.97523e+04	6.09531e-02	1.20178e-02	2.97506	1.56025	1.08910e-05
1.98766e+04	6.10321e-02	1.76106e-02	5.34002	4.27317	1.08910e-05
2.00008e+04	6.09286e-02	1.53076e-02	5.87556	1.04218	1.08910e-05
2.01250e+04	6.09931e-02	1.07362e-02	6.21954	4.05985	1.08910e-05
2.02492e+04	6.10385e-02	1.42904e-02	6.23315	0.35786	1.08910e-05
2.03735e+04	6.10571e-02	1.43112e-02	5.03945	3.22802	1.08910e-05
2.04977e+04	6.09106e-02	5.71583e-03	3.30544	0.44986	1.08910e-05
2.06219e+04	6.09897e-02	1.87053e-02	1.30667	3.16371	1.08910e-05
2.07462e+04	6.10211e-02	1.72684e-02	4.20670	0.22965	1.08910e-05
2.08704e+04	6.10281e-02	1.51711e-02	3.77858	6.20499	1.08910e-05
2.09946e+04	6.09842e-02	1.53130e-02	0.66869	1.55274	1.08910e-05
2.11188e+04	6.10186e-02	2.14018e-03	3.97034	2.89716	1.08910e-05
2.12431e+04	6.10349e-02	9.90501e-03	5.85524	4.63652	1.08910e-05
2.13673e+04	6.10094e-02	1.51496e-02	3.42781	3.48132	1.08910e-05
2.14915e+04	6.10055e-02	1.83159e-02	5.38031	3.85067	1.08910e-05
2.16157e+04	6.10120e-02	2.10186e-02	2.44975	1.87493	1.08910e-05
2.17400e+04	6.10584e-02	1.08197e-02	0.47198	4.23915	1.08910e-05
2.18642e+04	6.10056e-02	1.05609e-02	1.69170	2.93244	1.08910e-05
2.19884e+04	6.09818e-02	1.24794e-02	3.33515	0.11344	1.08910e-05
2.21127e+04	6.10922e-02	1.32013e-02	5.43456	2.86112	1.08910e-05
2.22369e+04	6.10241e-02	1.13588e-02	1.74767	3.97385	1.08910e-05
2.23611e+04	6.10543e-02	1.03754e-02	3.41787	5.46001	1.08910e-05
2.24853e+04	6.10415e-02	8.80704e-03	3.95559	1.30586	1.08910e-05
2.26096e+04	6.11049e-02	1.24330e-02	5.82535	1.51048	1.08910e-05
2.27338e+04	6.09866e-02	1.23804e-02	6.25675	2.73265	1.08910e-05
2.28580e+04	6.10341e-02	1.00778e-02	6.01661	3.92981	1.08910e-05
2.29823e+04	6.10994e-02	1.23229e-02	6.19140	4.20633	1.08910e-05
2.31065e+04	6.10330e-02	1.43319e-02	0.91652	2.87877	1.08910e-05
2.32307e+04	6.10274e-02	1.26084e-02	5.93994	3.70537	1.08910e-05
2.33549e+04	6.09880e-02	8.59848e-03	4.40201	4.25650	1.08910e-05
2.34792e+04	6.10030e-02	1.34474e-02	3.44566	3.64313	1.08910e-05
2.36034e+04	6.10392e-02	1.59965e-02	2.04865	2.96027	1.08910e-05
2.37276e+04	6.10532e-02	1.43100e-02	5.76039	3.01516	1.08910e-05
2.38519e+04	6.10095e-02	8.37973e-03	4.14413	1.35908	1.08910e-05
2.39761e+04	6.10221e-02	1.83241e-02	1.13174	0.85418	1.08910e-05
2.41003e+04	6.10524e-02	1.71386e-02	3.94307	0.16893	1.08910e-05
2.42245e+04	6.10525e-02	3.73700e-03	0.39155	5.35426	1.08910e-05
2.43488e+04	6.10360e-02	1.54582e-02	3.90893	3.01269	1.08910e-05
2.44730e+04	6.10350e-02	1.21460e-02	5.95339	1.66169	1.08910e-05
2.45972e+04	6.10510e-02	9.65016e-03	1.23788	0.76983	1.08910e-05
2.47215e+04	6.10527e-02	1.23153e-02	3.51237	4.67440	1.08910e-05
2.48457e+04	6.10713e-02	1.43902e-02	4.98952	2.94663	1.08910e-05
2.49699e+04	6.10617e-02	1.53548e-02	6.14368	1.15680	1.08910e-05
2.50941e+04	6.10633e-02	1.60768e-02	1.04217	4.98081	1.08910e-05
2.52184e+04	6.10541e-02	1.37336e-02	0.78385	3.65939	1.08910e-05
2.53426e+04	6.10650e-02	1.16273e-02	1.60666	0.83127	1.08910e-05
2.54668e+04	6.10477e-02	1.42237e-02	1.39027	5.19615	1.08910e-05
2.55911e+04	6.10636e-02	1.19150e-02	1.41583	2.60342	1.08910e-05
2.57153e+04	6.11000e-02	1.58451e-02	5.99835	1.49983	1.08910e-05
2.58395e+04	6.10892e-02	1.60322e-02	5.38534	5.07339	1.08910e-05
2.59637e+04	6.10079e-02	1.37436e-02	3.14730	3.82013	1.08910e-05
2.60880e+04	6.10935e-02	9.26942e-03	1.48898	1.51598	1.08910e-05
2.62122e+04	6.10719e-02	1.22910e-02	5.91991	5.32605	1.08910e-05
2.63364e+04	6.10678e-02	1.08058e-02	3.91760	2.93931	1.08910e-05
2.64607e+04	6.10864e-02	1.15286e-02	0.50943	1.68911	1.08910e-05
2.65849e+04	6.10833e-02	1.25579e-02	4.50492	5.16394	1.08910e-05
2.67091e+04	6.10549e-02	1.07814e-02	0.95222	3.50841	1.08910e-05
2.68333e+04	6.10356e-02	1.16543e-02	3.86288	1.35172	1.08910e-05
2.69576e+04	6.10776e-02	1.31742e-02	6.05064	6.00549	1.08910e-05
2.70818e+04	6.10884e-02	1.15406e-02	1.67208	4.41118	1.08910e-05
2.72060e+04	6.10715e-02	1.22241e-02	3.33911	2.75203	1.08910e-05
2.73303e+04	6.10859e-02	1.50320e-02	5.35749	0.56791	1.08910e-05
2.74545e+04	6.10588e-02	1.11108e-02	5.86322	6.00554	1.08910e-05
2.75787e+04	6.10983e-02	1.02624e-02	0.90462	4.21480	1.08910e-05
2.77029e+04	6.11065e-02	1.44472e-02	1.36984	3.06868	1.08910e-05
2.78272e+04	6.10558e-02	8.39794e-03	1.84804	1.61721	1.08910e-05
2.79514e+04	6.10671e-02	1.54238e-02	1.85733	0.48568	1.08910e-05
2.80756e+04	6.10872e-02	1.31310e-02	1.51216	5.83872	1.08910e-05
2.81999e+04	6.10740e-02	1.44175e-02	1.37990	4.45144	1.08910e-05
2.83241e+04	6.10694e-02	1.72770e-02	0.10796	4.14768	1.08910e-05
2.84483e+04	6.10801e-02	1.27599e-02	4.94736	3.86550	1.08910e-05
2.85725e+04	6.10857e-02	1.07615e-02	4.20217	2.59946	1.08910e-05
2.86968e+04	6.10475e-02	1.15395e-02	2.62364	2.05805	1.08910e-05
2.88210e+04	6.10846e-02	1.31526e-02	0.60057	1.96548	1.08910e-05
2.89452e+04	6.10619e-02	1.35876e-02	4.39538	2.16963	1.08910e-05
2.90695e+04	6.10698e-02	1.19302e-02	2.19644	1.92065	1.08910e-05
2.91937e+04	6.10863e-02	1.43078e-02	5.75775	2.15575	1.08910e-05
2.93179e+04	6.10794e-02	1.31487e-02	2.43759	2.88184	1.08910e-05
2.94421e+04	6.10750e-02	1.00562e-02	6.04862	2.80455	1.08910e-05
2.95664e+04	6.10432e-02	1.43792e-02	2.43329	3.59278	1.08910e-05
2.96906e+04	6.10815e-02	1.39284e-02	4.87057	4.51727	1.08910e-05
2.98148e+04	6.10650e-02	1.22993e-02	0.69914	5.68650	1.08910e-05
2.99391e+04	6.10350e-02	1.49781e-02	2.75754	0.50607	1.08910e-05
3.00633e+04	6.10604e-02	1.36110e-02	4.57880	1.84207	1.08910e-05
3.01875e+04	6.10717e-02	1.24836e-02	6.01279	3.48845	1.08910e-05
3.03117e+04	6.10514e-02	9.14323e-03	1.14689	5.00669	1.08910e-05
3.04360e+04	6.10554e-02	1.06091e-02	2.47798	0.26752	1.08910e-05
3.05602e+04	6.10489e-02	1.17419e-02	3.64997	1.98092	1.08910e-05
3.06844e+04	6.10432e-02	1.28315e-02	4.15570	4.34577	1.08910e-05
3.08087e+04	6.10720e-02	1.30784e-02	4.41142	0.54922	1.08910e-05
3.09329e+04	6.10825e-02	1.32619e-02	4.47776	3.24636	1.08910e-05
3.10571e+04	6.10747e-02	1.12556e-02	4.51732	5.93356	1.08910e-05
3.11813e+04	6.10675e-02	1.05370e-02	4.09742	2.68374	1.08910e-05
3.13056e+04	6.10741e-02	1.16044e-02	3.78810	5.60673	1.08910e-05
3.14298e+04	6.10533e-02	1.11681e-02	3.32448	2.37928	1.08910e-05
3.15540e+04	6.10405e-02	1.12667e-02	2.44869	5.76666	1.08910e-05
3.16783e+04	6.10637e-02	1.26266e-02	1.53204	2.93976	1.08910e-05
3.18025e+04	6.10640e-02	1.11608e-02	0.36352	0.37935	1.08910e-05
3.19267e+04	6.11054e-02	1.19202e-02	5.00924	4.48390	1.08910e-05
3.20509e+04	6.10908e-02	1.39364e-02	3.39267	2.33265	1.08910e-05
3.21752e+04	6.11046e-02	1.32669e-02	1.64755	0.27225	1.08910e-05
3.22994e+04	6.10925e-02	1.27418e-02	5.82450	4.83244	1.08910e-05
3.24236e+04	6.10403e-02	1.37918e-02	3.64383	3.25130	1.08910e-05
3.25479e+04	6.10456e-02	1.27963e-02	1.28147	1.75102	1.08910e-05
3.26721e+04	6.11127e-02	1.45861e-02	5.00604	0.49998	1.08910e-05
3.27963e+04	6.10932e-02	1.38233e-02	2.28269	5.72008	1.08910e-05
3.29205e+04	6.10966e-02	1.45781e-02	5.70905	4.72921	1.08910e-05
3.30448e+04	6.10664e-02	1.38607e-02	2.75574	3.88348	1.08910e-05
3.31690e+04	6.10885e-02	1.26324e-02	5.70242	3.43147	1.08910e-05
3.32932e+04	6.10918e-02	1.43816e-02	2.23193	3.09658	1.08910e-05
3.34175e+04	6.10843e-02	1.39922e-02	5.18968	2.64833	1.08910e-05
3.35417e+04	6.10367e-02	1.27711e-02	1.52369	2.52987	1.08910e-05
3.36659e+04	6.10689e-02	1.21934e-02	3.83013	2.78612	1.08910e-05
3.37901e+04	6.10800e-02	1.33368e-02	6.17498	3.00795	1.08910e-05
3.39144e+04	6.10667e-02	1.22941e-02	2.05245	3.40389	1.08910e-05
3.40386e+04	6.10757e-02	1.12986e-02	4.08653	4.00829	1.08910e-05
3.41628e+04	6.10793e-02	1.33469e-02	5.77284	4.93836	1.08910e-05
3.42871e+04	6.10511e-02	1.15810e-02	1.33838	5.76483	1.08910e-05
3.44113e+04	6.10470e-02	1.34060e-02	2.73627	0.76218	1.08910e-05
3.45355e+04	6.10654e-02	1.45305e-02	4.38495	1.82023	1.08910e-05
3.46597e+04	6.10776e-02	1.36741e-02	5.71166	3.22247	1.08910e-05
3.47840e+04	6.10704e-02	1.48554e-02	0.81733	4.58458	1.08910e-05
3.49082e+04	6.10692e-02	1.24100e-02	1.86467	0.06376	1.08910e-05
3.50324e+04	6.10752e-02	1.37333e-02	2.77358	2.00702	1.08910e-05
3.51567e+04	6.10486e-02	1.20434e-02	3.53146	4.15580	1.08910e-05
3.52809e+04	6.10998e-02	1.44797e-02	4.39350	6.20550	1.08910e-05
3.54051e+04	6.10840e-02	1.41952e-02	5.00563	2.26207	1.08910e-05
3.55293e+04	6.11048e-02	1.59595e-02	5.69792	4.53750	1.08910e-05
3.56536e+04	6.10867e-02	1.35641e-02	5.98698	1.01082	1.08910e-05
3.57778e+04	6.10829e-02	1.30184e-02	0.07996	3.71531	1.08910e-05
3.59020e+04	6.10904e-02	1.39818e-02	0.10276	0.56688	1.08910e-05
3.60262e+04	6.10802e-02	1.37736e-02	0.31149	3.52447	1.08910e-05
3.61505e+04	6.10924e-02	1.44809e-02	0.49944	0.24503	1.08910e-05
3.62747e+04	6.10770e-02	1.29637e-02	0.44004	3.58448	1.08910e-05
3.63989e+04	6.10949e-02	1.14292e-02	0.28358	0.77502	1.08910e-05
3.65232e+04	6.10649e-02	1.37366e-02	0.06589	4.37320	1.08910e-05
3.66474e+04	6.10777e-02	1.43075e-02	6.02906	1.80903	1.08910e-05
3.67716e+04	6.10883e-02	1.30779e-02	5.85413	5.41803	1.08910e-05
3.68958e+04	6.10576e-02	1.25658e-02	5.28475	3.22613	1.08910e-05
3.70201e+04	6.10617e-02	1.45880e-02	4.57063	1.24986	1.08910e-05
3.71443e+04	6.10395e-02	1.44040e-02	3.98909	5.40306	1.08910e-05
3.72685e+04	6.10824e-02	1.29599e-02	3.51963	3.22893	1.08910e-05
3.73928e+04	6.10728e-02	1.31095e-02	2.53307	1.66000	1.08910e-05
3.75170e+04	6.10608e-02	1.51077e-02	1.65102	0.04806	1.08910e-05
3.76412e+04	6.10842e-02	1.43911e-02	0.88338	4.61274	1.08910e-05
3.77654e+04	6.10789e-02	1.21253e-02	0.01672	3.09812	1.08910e-05
3.78897e+04	6.10991e-02	1.37792e-02	5.26245	1.79732	1.08910e-05
3.80139e+04	6.10294e-02	1.50457e-02	4.21146	0.52076	1.08910e-05
3.81381e+04	6.10447e-02	1.43222e-02	3.04504	5.70932	1.08910e-05
3.82624e+04	6.10589e-02	1.36968e-02	1.64851	4.94802	1.08910e-05
3.83866e+04	6.10730e-02	1.48187e-02	0.50869	3.93999	1.08910e-05
3.85108e+04	6.10931e-02	1.28679e-02	5.70837	2.93192	1.08910e-05
3.86350e+04	6.10383e-02	1.22926e-02	4.21120	2.45338	1.08910e-05
3.87593e+04	6.10459e-02	1.48439e-02	2.91677	1.75661	1.08910e-05
3.88835e+04	6.10603e-02	1.40329e-02	1.58299	1.16440	1.08910e-05
3.90077e+04	6.10847e-02	1.43090e-02	6.18679	1.01227	1.08910e-05
3.91320e+04	6.10516e-02	1.51160e-02	4.75105	0.63027	1.08910e-05
3.92562e+04	6.10422e-02	1.36863e-02	3.21581	0.42961	1.08910e-05
3.93804e+04	6.10902e-02	1.39383e-02	1.43582	0.56216	1.08910e-05
3.95046e+04	6.10868e-02	1.51545e-02	0.01136	0.35629	1.08910e-05
3.96289e+04	6.10768e-02	1.34504e-02	4.57052	0.50821	1.08910e-05
3.97531e+04	6.10455e-02	1.49834e-02	2.77397	0.79740	1.08910e-05
3.98773e+04	6.10612e-02	1.39902e-02	1.16632	0.91573	1.08910e-05
4.00016e+04	6.10951e-02	1.35308e-02	5.58087	1.41334	1.08910e-05
4.01258e+04	6.10626e-02	1.43928e-02	3.89057	1.76352	1.08910e-05
4.02500e+04	6.10713e-02	1.30524e-02	2.08172	2.26712	1.08910e-05
4.03742e+04	6.10836e-02	1.47181e-02	0.11900	3.02352	1.08910e-05
4.04985e+04	6.10525e-02	1.45771e-02	4.71270	3.50359	1.08910e-05
4.06227e+04	6.10718e-02	1.30531e-02	2.67887	4.42719	1.08910e-05
4.07469e+04	6.10667e-02	1.53408e-02	0.84394	5.20053	1.08910e-05
4.08712e+04	6.10883e-02	1.41394e-02	5.35617	5.95273	1.08910e-05
4.09954e+04	6.10449e-02	1.51092e-02	3.25860	0.82604	1.08910e-05
4.11196e+04	6.10868e-02	1.53140e-02	1.42403	1.72853	1.08910e-05
4.12438e+04	6.10792e-02	1.42387e-02	5.68313	2.92334	1.08910e-05
4.13681e+04	6.10464e-02	1.48119e-02	3.79434	4.02051	1.08910e-05
4.14923e+04	6.10767e-02	1.32332e-02	1.77686	5.29743	1.08910e-05
4.16165e+04	6.10828e-02	1.49442e-02	6.02219	0.39199	1.08910e-05
4.17408e+04	6.10525e-02	1.34224e-02	4.07024	1.68400	1.08910e-05
4.18650e+04	6.10633e-02	1.37112e-02	1.81982	3.40980	1.08910e-05
4.19892e+04	6.10924e-02	1.46038e-02	6.24196	4.71458	1.08910e-05
4.21134e+04	6.10239e-02	1.36329e-02	4.02743	0.23299	1.08910e-05
4.22377e+04	6.10964e-02	1.56334e-02	2.06161	1.74793	1.08910e-05
4.23619e+04	6.10686e-02	1.36587e-02	6.27585	3.46343	1.08910e-05
4.24861e+04	6.10370e-02	1.53012e-02	4.30998	5.14199	1.08910e-05
4.26104e+04	6.10954e-02	1.28020e-02	2.20761	0.68562	1.08910e-05
4.27346e+04	6.10484e-02	1.42920e-02	0.14735	2.59052	1.08910e-05
4.28588e+04	6.10684e-02	1.34618e-02	4.39682	4.44482	1.08910e-05
4.29830e+04	6.10779e-02	1.42943e-02	2.10189	0.37448	1.08910e-05
4.31073e+04	6.10529e-02	1.40847e-02	0.32445	2.10050	1.08910e-05
4.32315e+04	6.10697e-02	1.48982e-02	4.37826	4.34908	1.08910e-05
4.33557e+04	6.10615e-02	1.34579e-02	2.50834	6.25068	1.08910e-05
4.34800e+04	6.10647e-02	1.45582e-02	0.25987	2.36125	1.08910e-05
4.36042e+04	6.10668e-02	1.36141e-02	4.57023	4.43104	1.08910e-05
4.37284e+04	6.10495e-02	1.41095e-02	2.37573	0.61072	1.08910e-05
4.38526e+04	6.10731e-02	1.53008e-02	0.54241	2.64622	1.08910e-05
4.39769e+04	6.10602e-02	1.40478e-02	4.61330	5.17065	1.08910e-05
4.41011e+04	6.10601e-02	1.39998e-02	2.77615	1.05588	1.08910e-05
4.42253e+04	6.10648e-02	1.39494e-02	0.48160	3.76110	1.08910e-05
4.43496e+04	6.10697e-02	1.42707e-02	4.98119	5.95901	1.08910e-05
4.44738e+04	6.10439e-02	1.48697e-02	2.82734	2.34989	1.08910e-05
4.45980e+04	6.10814e-02	1.51728e-02	0.94417	4.68984	1.08910e-05
4.47222e+04	6.10476e-02	1.30563e-02	5.10332	1.15147	1.08910e-05
4.48465e+04	6.10680e-02	1.45468e-02	3.26948	3.57890	1.08910e-05
4.49707e+04	6.10418e-02	1.39108e-02	1.10651	0.12932	1.08910e-05
4.50949e+04	6.10896e-02	1.54011e-02	5.69207	2.50218	1.08910e-05
4.52192e+04	6.10387e-02	1.41798e-02	3.55235	5.39886	1.08910e-05
4.53434e+04	6.10595e-02	1.40124e-02	1.71133	1.71394	1.08910e-05
4.54676e+04	6.10739e-02	1.43112e-02	5.96409	4.62013	1.08910e-05
4.55918e+04	6.10595e-02	1.55132e-02	4.19931	0.90293	1.08910e-05
4.57161e+04	6.10466e-02	1.31847e-02	2.18546	3.86301	1.08910e-05
4.58403e+04	6.10949e-02	1.52234e-02	0.42949	0.26500	1.08910e-05
4.59645e+04	6.10549e-02	1.37802e-02	4.66640	3.30777	1.08910e-05
4.60888e+04	6.10405e-02	1.50521e-02	3.00431	5.96822	1.08910e-05
4.62130e+04	6.10836e-02	1.42752e-02	0.98113	2.78540	1.08910e-05
4.63372e+04	6.10869e-02	1.48896e-02	5.66675	5.44703	1.08910e-05
4.64614e+04	6.10523e-02	1.36204e-02	3.65637	2.35871	1.08910e-05
4.65857e+04	6.10649e-02	1.53953e-02	1.97670	5.15695	1.08910e-05
4.67099e+04	6.10421e-02	1.36292e-02	0.10712	1.97368	1.08910e-05
4.68341e+04	6.10562e-02	1.43627e-02	4.84420	4.74932	1.08910e-05
4.69584e+04	6.10351e-02	1.45591e-02	2.84644	1.75444	1.08910e-05
4.70826e+04	6.10310e-02	1.44380e-02	1.31672	4.56049	1.08910e-05
4.72068e+04	6.10671e-02	1.45334e-02	5.78154	1.48508	1.08910e-05
4.73310e+04	6.10571e-02	1.44819e-02	4.25362	4.34544	1.08910e-05
4.74553e+04	6.10311e-02	1.40429e-02	2.38633	1.38205	1.08910e-05
4.75795e+04	6.10547e-02	1.49969e-02	0.86922	4.30443	1.08910e-05
4.77037e+04	6.10816e-02	1.44149e-02	5.42578	1.23910	1.08910e-05
4.78280e+04	6.10592e-02	1.40029e-02	3.98845	4.17630	1.08910e-05
4.79522e+04	6.10924e-02	1.42324e-02	2.08734	1.34019	1.08910e-05
4.80764e+04	6.10487e-02	1.42769e-02	0.71919	4.24886	1.08910e-05
4.82006e+04	6.10551e-02	1.44176e-02	5.37058	1.23935	1.08910e-05
4.83249e+04	6.10647e-02	1.44111e-02	3.95771	4.22825	1.08910e-05
4.84491e+04	6.10315e-02	1.39645e-02	2.25350	1.33956	1.08910e-05
4.85733e+04	6.10535e-02	1.46887e-02	0.87505	4.37483	1.08910e-05
4.86976e+04	6.10810e-02	1.48728e-02	5.57239	1.39864	1.08910e-05
4.88218e+04	6.10202e-02	1.42296e-02	4.24434	4.45941	1.08910e-05
4.89460e+04	6.10596e-02	1.44901e-02	2.58698	1.60642	1.08910e-05
4.90702e+04	6.10269e-02	1.38980e-02	1.33248	4.62357	1.08910e-05
4.91945e+04	6.10745e-02	1.50979e-02	6.11275	1.69969	1.08910e-05
4.93187e+04	6.10535e-02	1.44027e-02	4.83722	4.76307	1.08910e-05
4.94429e+04	6.10281e-02	1.41097e-02	3.30561	1.90856	1.08910e-05
4.95672e+04	6.10776e-02	1.44649e-02	2.05473	5.03789	1.08910e-05
4.96914e+04	6.10554e-02	1.48345e-02	0.62527	2.09869	1.08910e-05
4.98156e+04	6.10869e-02	1.44841e-02	5.77535	5.15398	1.08910e-05
4.99398e+04	6.10825e-02	1.43956e-02	4.34045	2.27764	1.08910e-05
5.00641e+04	6.10242e-02	1.41562e-02	3.13001	5.44225	1.08910e-05
5.01883e+04	6.10513e-02	1.49701e-02	1.78162	2.54074	1.08910e-05
5.03125e+04	6.10604e-02	1.43828e-02	0.64416	5.65238	1.08910e-05
5.04367e+04	6.10834e-02	1.45034e-02	5.61840	2.75761	1.08910e-05
5.05610e+04	6.10826e-02	1.44563e-02	4.57914	5.84968	1.08910e-05
5.06852e+04	6.10371e-02	1.49139e-02	3.19472	3.02529	1.08910e-05
5.08094e+04	6.10833e-02	1.36860e-02	2.13372	6.17836	1.08910e-05
5.09337e+04	6.10838e-02	1.48575e-02	0.88181	3.28532	1.08910e-05
5.10579e+04	6.10735e-02	1.43908e-02	6.13658	0.14029	1.08910e-05
5.11821e+04	6.10955e-02	1.49533e-02	5.04048	3.42671	1.08910e-05
5.13063e+04	6.10547e-02	1.42348e-02	3.98924	0.32961	1.08910e-05
5.14306e+04	6.10337e-02	1.42702e-02	2.80238	3.73301	1.08910e-05
5.15548e+04	6.10544e-02	1.42518e-02	1.84711	0.60092	1.08910e-05
5.16790e+04	6.10433e-02	1.47292e-02	0.66176	4.00149	1.08910e-05
5.18033e+04	6.10766e-02	1.43570e-02	6.13086	0.76865	1.08910e-05
5.19275e+04	6.10734e-02	1.47851e-02	5.00467	4.16269	1.08910e-05
5.20517e+04	6.10538e-02	1.40502e-02	4.08382	1.04343	1.08910e-05
5.21759e+04	6.10228e-02	1.47953e-02	3.03709	4.40441	1.08910e-05
5.23002e+04	6.10900e-02	1.43049e-02	2.12209	1.30021	1.08910e-05
5.24244e+04	6.10407e-02	1.39895e-02	1.15867	4.59261	1.08910e-05
5.25486e+04	6.10807e-02	1.46997e-02	0.31351	1.46717	1.08910e-05
5.26729e+04	6.10741e-02	1.48552e-02	5.60825	4.79176	1.08910e-05
5.27971e+04	6.10562e-02	1.40974e-02	4.87214	1.59657	1.08910e-05
5.29213e+04	6.10656e-02	1.45968e-02	3.92478	4.91327	1.08910e-05
5.30455e+04	6.10236e-02	1.42111e-02	3.09714	1.80037	1.08910e-05
5.31698e+04	6.10825e-02	1.39836e-02	2.15334	5.16402	1.08910e-05
5.32940e+04	6.10457e-02	1.48459e-02	1.47051	1.92682	1.08910e-05
5.34182e+04	6.10558e-02	1.42116e-02	0.55634	5.25771	1.08910e-05
5.35425e+04	6.10929e-02	1.49786e-02	6.20974	2.01948	1.08910e-05
5.36667e+04	6.10486e-02	1.40320e-02	5.29369	5.36315	1.08910e-05
5.37909e+04	6.10502e-02	1.46119e-02	4.67682	2.12789	1.08910e-05
5.39151e+04	6.10604e-02	1.43321e-02	3.84837	5.40499	1.08910e-05
5.40394e+04	6.10477e-02	1.41748e-02	3.17534	2.22490	1.08910e-05
5.41636e+04	6.10271e-02	1.41672e-02	2.42841	5.46488	1.08910e-05
5.42878e+04	6.10621e-02	1.48011e-02	1.73014	2.31992	1.08910e-05
5.44121e+04	6.10673e-02	1.40346e-02	1.00675	5.53843	1.08910e-05
5.45363e+04	6.10930e-02	1.52799e-02	0.43423	2.30951	1.08910e-05
5.46605e+04	6.10850e-02	1.44096e-02	6.03321	5.48332	1.08910e-05
5.47847e+04	6.10554e-02	1.44194e-02	5.43805	2.29189	1.08910e-05
5.49090e+04	6.10525e-02	1.41043e-02	4.76851	5.47341	1.08910e-05
5.50332e+04	6.10160e-02	1.47920e-02	4.17065	2.28597	1.08910e-05
5.51574e+04	6.10324e-02	1.42184e-02	3.60772	5.38885	1.08910e-05
5.52817e+04	6.10287e-02	1.48808e-02	3.00810	2.21081	1.08910e-05
5.54059e+04	6.10515e-02	1.36575e-02	2.38534	5.37258	1.08910e-05
5.55301e+04	6.10462e-02	1.49490e-02	1.89346	2.11882	1.08910e-05
5.56543e+04	6.10724e-02	1.42380e-02	1.28794	5.24989	1.08910e-05
5.57786e+04	6.10592e-02	1.46996e-02	0.80430	2.00194	1.08910e-05
5.59028e+04	6.10794e-02	1.42968e-02	0.26591	5.09053	1.08910e-05
5.60270e+04	6.10848e-02	1.52885e-02	6.06293	1.84964	1.08910e-05
5.61513e+04	6.10898e-02	1.44700e-02	5.61900	4.85070	1.08910e-05
5.62755e+04	6.10958e-02	1.49933e-02	5.13169	1.61372	1.08910e-05
5.63997e+04	6.10568e-02	1.36528e-02	4.65218	4.65637	1.08910e-05
5.65239e+04	6.10545e-02	1.46723e-02	4.14871	1.45802	1.08910e-05
5.66482e+04	6.10423e-02	1.40711e-02	3.69428	4.46198	1.08910e-05
5.67724e+04	6.10640e-02	1.41429e-02	3.25925	1.21285	1.08910e-05
5.68966e+04	6.10589e-02	1.39667e-02	2.89778	4.13982	1.08910e-05
5.70209e+04	6.10540e-02	1.42018e-02	2.35944	0.97883	1.08910e-05
5.71451e+04	6.10539e-02	1.41016e-02	2.03302	3.88508	1.08910e-05
5.72693e+04	6.10842e-02	1.44255e-02	1.51265	0.71194	1.08910e-05
5.73935e+04	6.10335e-02	1.42169e-02	1.28297	3.51967	1.08910e-05
5.75178e+04	6.10546e-02	1.43849e-02	0.82501	0.29770	1.08910e-05
5.76420e+04	6.10616e-02	1.44947e-02	0.49848	3.19795	1.08910e-05
5.77662e+04	6.10546e-02	1.40164e-02	0.09556	6.21295	1.08910e-05
5.78905e+04	6.10881e-02	1.53921e-02	6.10147	2.78552	1.08910e-05
5.80147e+04	6.10786e-02	1.44500e-02	5.71533	5.76591	1.08910e-05
5.81389e+04	6.10782e-02	1.48734e-02	5.46252	2.33276	1.08910e-05
5.82631e+04	6.10641e-02	1.40232e-02	5.07856	5.31004	1.08910e-05
5.83874e+04	6.10460e-02	1.44906e-02	4.77092	1.93848	1.08910e-05
5.85116e+04	6.10644e-02	1.39253e-02	4.47490	4.82750	1.08910e-05
5.86358e+04	6.10519e-02	1.45806e-02	4.16901	1.44629	1.08910e-05
5.87601e+04	6.10571e-02	1.38045e-02	3.92670	4.28710	1.08910e-05
5.88843e+04	6.10320e-02	1.48190e-02	3.57671	0.95099	1.08910e-05
5.90085e+04	6.10334e-02	1.39783e-02	3.32591	3.79009	1.08910e-05
5.91327e+04	6.10310e-02	1.46847e-02	3.01386	0.43726	1.08910e-05
5.92570e+04	6.10646e-02	1.40273e-02	2.81684	3.21290	1.08910e-05
5.93812e+04	6.10496e-02	1.42536e-02	2.50359	6.13272	1.08910e-05
5.95054e+04	6.10357e-02	1.43373e-02	2.33710	2.60078	1.08910e-05
5.96297e+04	6.10769e-02	1.39805e-02	1.97079	5.56965	1.08910e-05
5.97539e+04	6.10476e-02	1.45065e-02	1.83828	2.01061	1.08910e-05
5.98781e+04	6.10875e-02	1.42281e-02	1.51462	4.92330	1.08910e-05
6.00023e+04	6.10320e-02	1.45518e-02	1.41284	1.33770	1.08910e-05
6.01266e+04	6.10719e-02	1.41757e-02	1.15154	4.19361	1.08910e-05
6.02508e+04	6.10803e-02	1.47387e-02	0.92476	0.72108	1.08910e-05
6.03750e+04	6.10434e-02	1.38881e-02	0.75756	3.47726	1.08910e-05
6.04993e+04	6.10584e-02	1.46748e-02	0.53795	0.00300	1.08910e-05
6.06235e+04	6.10908e-02	1.47662e-02	0.37292	2.74512	1.08910e-05
6.07477e+04	6.10438e-02	1.43492e-02	0.19479	5.52095	1.08910e-05
6.08719e+04	6.10596e-02	1.43318e-02	0.02641	1.97185	1.08910e-05
6.09962e+04	6.10905e-02	1.46505e-02	6.12546	4.75143	1.08910e-05
6.11204e+04	6.10638e-02	1.46698e-02	5.97620	1.18628	1.08910e-05
6.12446e+04	6.10561e-02	1.42579e-02	5.78219	3.95731	1.08910e-05
6.13689e+04	6.10880e-02	1.50284e-02	5.67691	0.35036	1.08910e-05
6.14931e+04	6.10864e-02	1.44166e-02	5.53158	3.07359	1.08910e-05
6.16173e+04	6.10422e-02	1.42229e-02	5.33793	5.83675	1.08910e-05
6.17415e+04	6.10867e-02	1.43570e-02	5.23979	2.21814	1.08910e-05
6.18658e+04	6.10644e-02	1.45864e-02	5.03439	4.98757	1.08910e-05
6.19900e+04	6.10780e-02	1.41194e-02	4.98610	1.31522	1.08910e-05
6.21142e+04	6.10580e-02	1.44406e-02	4.76962	4.09349	1.08910e-05
6.22385e+04	6.10469e-02	1.42915e-02	4.68825	0.43951	1.08910e-05
6.23627e+04	6.10636e-02	1.39780e-02	4.52414	3.17628	1.08910e-05
6.24869e+04	6.10806e-02	1.42798e-02	4.46489	5.77920	1.08910e-05
6.26111e+04	6.10331e-02	1.40207e-02	4.24205	2.27626	1.08910e-05
6.27354e+04	6.10547e-02	1.45949e-02	4.19329	4.86427	1.08910e-05
6.28596e+04	6.10278e-02	1.41723e-02	4.04157	1.27868	1.08910e-05
6.29838e+04	6.10595e-02	1.43998e-02	3.98154	3.88543	1.08910e-05
6.31081e+04	6.10593e-02	1.37870e-02	3.85082	0.27020	1.08910e-05
6.32323e+04	6.10414e-02	1.43769e-02	3.71988	2.94310	1.08910e-05
6.33565e+04	6.10286e-02	1.42679e-02	3.62701	5.56542	1.08910e-05
6.34807e+04	6.10348e-02	1.46198e-02	3.52614	1.91844	1.08910e-05
6.36050e+04	6.10259e-02	1.45450e-02	3.45805	4.50785	1.08910e-05
6.37292e+04	6.10672e-02	1.38363e-02	3.34101	0.86969	1.08910e-05
6.38534e+04	6.10337e-02	1.42702e-02	3.26304	3.47266	1.08910e-05
6.39777e+04	6.10531e-02	1.39674e-02	3.14033	6.12091	1.08910e-05
6.41019e+04	6.10245e-02	1.47206e-02	3.06243	2.42474	1.08910e-05
6.42261e+04	6.10248e-02	1.44058e-02	2.98138	5.02059	1.08910e-05
6.43503e+04	6.10444e-02	1.43480e-02	2.90713	1.32460	1.08910e-05
6.44746e+04	6.10408e-02	1.41694e-02	2.83377	3.89926	1.08910e-05
6.45988e+04	6.10697e-02	1.38236e-02	2.70970	0.25134	1.08910e-05
6.47230e+04	6.10541e-02	1.41048e-02	2.65004	2.80865	1.08910e-05
6.48472e+04	6.10501e-02	1.40439e-02	2.54849	5.41930	1.08910e-05
6.49715e+04	6.10511e-02	1.45308e-02	2.50039	1.67221	1.08910e-05
6.50957e+04	6.10267e-02	1.43091e-02	2.43169	4.23360	1.08910e-05
6.52199e+04	6.10624e-02	1.42275e-02	2.34571	0.52610	1.08910e-05
6.53442e+04	6.10381e-02	1.39430e-02	2.30370	3.05392	1.08910e-05
6.54684e+04	6.10858e-02	1.40416e-02	2.15839	5.69100	1.08910e-05
6.55926e+04	6.10570e-02	1.39556e-02	2.14677	1.89534	1.08910e-05
6.57168e+04	6.10813e-02	1.42992e-02	1.99872	4.52312	1.08910e-05
6.58411e+04	6.10536e-02	1.42317e-02	2.02658	0.68467	1.08910e-05
6.59653e+04	6.10574e-02	1.44592e-02	1.90464	3.27913	1.08910e-05
6.60895e+04	6.10453e-02	1.42583e-02	1.89269	5.75401	1.08910e-05
6.62138e+04	6.10509e-02	1.40522e-02	1.78719	2.04736	1.08910e-05
6.63380e+04	6.10541e-02	1.42500e-02	1.73936	4.56131	1.08910e-05
6.64622e+04	6.10718e-02	1.40438e-02	1.64679	0.83044	1.08910e-05
6.65864e+04	6.10658e-02	1.44586e-02	1.58809	3.34486	1.08910e-05
6.67107e+04	6.10884e-02	1.42098e-02	1.51486	5.86705	1.08910e-05
6.68349e+04	6.10548e-02	1.43845e-02	1.48521	2.07164	1.08910e-05
6.69591e+04	6.10832e-02	1.44886e-02	1.39656	4.59841	1.08910e-05
6.70834e+04	6.10338e-02	1.40647e-02	1.37583	0.79321	1.08910e-05
6.72076e+04	6.10687e-02	1.45686e-02	1.27996	3.32702	1.08910e-05
6.73318e+04	6.10329e-02	1.39278e-02	1.25854	5.79024	1.08910e-05
6.74560e+04	6.10695e-02	1.46752e-02	1.15341	2.04699	1.08910e-05
6.75803e+04	6.10583e-02	1.40154e-02	1.12143	4.50770	1.08910e-05
6.77045e+04	6.10751e-02	1.45207e-02	1.01901	0.76200	1.08910e-05
6.78287e+04	6.10800e-02	1.43272e-02	0.99599	3.21557	1.08910e-05
6.79530e+04	6.10678e-02	1.44811e-02	0.89515	5.74285	1.08910e-05
6.80772e+04	6.10746e-02	1.45999e-02	0.87206	1.90166	1.08910e-05
6.82014e+04	6.10479e-02	1.42228e-02	0.79488	4.40089	1.08910e-05
6.83256e+04	6.10567e-02	1.45560e-02	0.76602	0.56136	1.08910e-05
6.84499e+04	6.10476e-02	1.40557e-02	0.68104	3.05953	1.08910e-05
6.85741e+04	6.10541e-02	1.43508e-02	0.62304	5.52784	1.08910e-05
6.86983e+04	6.10704e-02	1.42183e-02	0.54506	1.73767	1.08910e-05
6.88226e+04	6.10637e-02	1.44638e-02	0.48570	4.20612	1.08910e-05
6.89468e+04	6.10925e-02	1.48531e-02	0.40989	0.39574	1.08910e-05
6.90710e+04	6.10602e-02	1.43978e-02	0.36823	2.84288	1.08910e-05
6.91952e+04	6.10825e-02	1.48826e-02	0.30333	5.30073	1.08910e-05
6.93195e+04	6.10460e-02	1.40404e-02	0.25953	1.46118	1.08910e-05
6.94437e+04	6.10612e-02	1.45466e-02	0.17444	3.94191	1.08910e-05
6.95679e+04	6.10489e-02	1.39899e-02	0.11873	0.10456	1.08910e-05
6.96922e+04	6.10573e-02	1.44146e-02	0.02221	2.59414	1.08910e-05
6.98164e+04	6.10773e-02	1.46743e-02	6.27089	5.00948	1.08910e-05
6.99406e+04	6.10711e-02	1.46116e-02	6.17160	1.21197	1.08910e-05
7.00648e+04	6.10918e-02	1.49753e-02	6.15747	3.60225	1.08910e-05
7.01891e+04	6.10698e-02	1.43667e-02	6.05203	6.08960	1.08910e-05
7.03133e+04	6.10735e-02	1.46379e-02	6.02645	2.21384	1.08910e-05
7.04375e+04	6.10615e-02	1.42297e-02	5.91021	4.70205	1.08910e-05
7.05618e+04	6.10541e-02	1.43451e-02	5.84982	0.85373	1.08910e-05
7.06860e+04	6.10722e-02	1.45300e-02	5.77841	3.29326	1.08910e-05
7.08102e+04	6.10699e-02	1.46299e-02	5.70550	5.73586	1.08910e-05
7.09344e+04	6.10908e-02	1.47797e-02	5.65775	1.86085	1.08910e-05
7.10587e+04	6.10867e-02	1.45781e-02	5.58268	4.30776	1.08910e-05
7.11829e+04	6.10731e-02	1.43593e-02	5.50569	0.46102	1.08910e-05
7.13071e+04	6.10809e-02	1.43804e-02	5.43372	2.89472	1.08910e-05
7.14314e+04	6.10407e-02	1.41700e-02	5.29774	5.38491	1.08910e-05
7.15556e+04	6.10805e-02	1.44326e-02	5.28288	1.47228	1.08910e-05
7.16798e+04	6.10486e-02	1.43878e-02	5.14231	3.96790	1.08910e-05
7.18040e+04	6.10965e-02	1.45346e-02	5.15785	0.02208	1.08910e-05
7.19283e+04	6.10719e-02	1.42891e-02	5.01144	2.52043	1.08910e-05
7.20525e+04	6.10789e-02	1.41782e-02	4.97115	4.90418	1.08910e-05
7.21767e+04	6.10627e-02	1.39804e-02	4.83787	1.10444	1.08910e-05
7.23010e+04	6.10460e-02	1.43448e-02	4.75131	3.53309	1.08910e-05
7.24252e+04	6.10561e-02	1.40974e-02	4.66199	5.96215	1.08910e-05
7.25494e+04	6.10605e-02	1.44887e-02	4.59438	2.08987	1.08910e-05
7.26736e+04	6.10644e-02	1.40266e-02	4.51558	4.50847	1.08910e-05
7.27979e+04	6.10809e-02	1.41287e-02	4.44295	0.63901	1.08910e-05
7.29221e+04	6.10390e-02	1.40774e-02	4.29817	3.11339	1.08910e-05
7.30463e+04	6.10595e-02	1.39887e-02	4.22897	5.51986	1.08910e-05
7.31706e+04	6.10198e-02	1.45201e-02	4.09769	1.69966	1.08910e-05
7.32948e+04	6.10562e-02	1.42005e-02	4.05017	4.07649	1.08910e-05
7.34190e+04	6.10503e-02	1.42833e-02	3.93962	0.23797	1.08910e-05
7.35432e+04	6.10578e-02	1.40784e-02	3.87479	2.62799	1.08910e-05
7.36675e+04	6.10478e-02	1.40165e-02	3.73106	5.09981	1.08910e-05
7.37917e+04	6.10329e-02	1.44664e-02	3.66322	1.20667	1.08910e-05
7.39159e+04	6.10218e-02	1.43807e-02	3.51771	3.67579	1.08910e-05
7.40402e+04	6.10499e-02	1.43006e-02	3.46912	6.04542	1.08910e-05
7.41644e+04	6.10346e-02	1.42318e-02	3.33965	2.21283	1.08910e-05
7.42886e+04	6.10662e-02	1.40636e-02	3.24595	4.62908	1.08910e-05
7.44128e+04	6.10284e-02	1.43257e-02	3.14759	0.75980	1.08910e-05
7.45371e+04	6.10293e-02	1.45222e-02	3.02094	3.20419	1.08910e-05
7.46613e+04	6.10391e-02	1.41271e-02	2.95206	5.58677	1.08910e-05
7.47855e+04	6.10415e-02	1.42812e-02	2.80689	1.76454	1.08910e-05
7.49098e+04	6.10693e-02	1.38578e-02	2.70016	4.17979	1.08910e-05
7.50340e+04	6.10536e-02	1.41172e-02	2.58472	0.33124	1.08910e-05
7.51582e+04	6.10342e-02	1.44956e-02	2.50127	2.72389	1.08910e-05
7.52824e+04	6.10595e-02	1.40507e-02	2.37389	5.15829	1.08910e-05
7.54067e+04	6.10395e-02	1.41779e-02	2.28199	1.27661	1.08910e-05
7.55309e+04	6.10892e-02	1.39172e-02	2.11136	3.75061	1.08910e-05
7.56551e+04	6.10565e-02	1.40672e-02	2.02826	6.14417	1.08910e-05
7.57794e+04	6.10561e-02	1.44824e-02	1.91268	2.28247	1.08910e-05
7.59036e+04	6.10483e-02	1.40889e-02	1.81299	4.68762	1.08910e-05
7.60278e+04	6.10678e-02	1.42541e-02	1.67129	0.84794	1.08910e-05
7.61520e+04	6.10657e-02	1.41718e-02	1.57226	3.24816	1.08910e-05
7.62763e+04	6.10864e-02	1.44881e-02	1.40977	5.71163	1.08910e-05
7.64005e+04	6.10315e-02	1.41176e-02	1.37187	1.76417	1.08910e-05
7.65247e+04	6.10678e-02	1.43444e-02	1.17995	4.25768	1.08910e-05
7.66490e+04	6.10626e-02	1.41661e-02	1.09685	0.36087	1.08910e-05
7.67732e+04	6.10732e-02	1.45287e-02	0.94330	2.81123	1.08910e-05
7.68974e+04	6.10718e-02	1.45913e-02	0.85139	5.19787	1.08910e-05
7.70216e+04	6.10438e-02	1.40649e-02	0.72534	1.33713	1.08910e-05
7.71459e+04	6.10560e-02	1.43362e-02	0.60857	3.74943	1.08910e-05
7.72701e+04	6.10892e-02	1.46349e-02	0.44610	6.20456	1.08910e-05
7.73943e+04	6.10587e-02	1.43709e-02	0.35454	2.31326	1.08910e-05
7.75186e+04	6.10681e-02	1.45082e-02	0.22349	4.73525	1.08910e-05
7.76428e+04	6.10520e-02	1.42422e-02	0.09345	0.87740	1.08910e-05
7.77670e+04	6.10657e-02	1.45759e-02	6.24309	3.29827	1.08910e-05
7.78912e+04	6.10922e-02	1.47950e-02	6.14286	5.69024	1.08910e-05
7.80155e+04	6.10647e-02	1.44712e-02	5.99050	1.84912	1.08910e-05
7.81397e+04	6.10559e-02	1.41860e-02	5.88614	4.24883	1.08910e-05
7.82639e+04	6.10795e-02	1.46771e-02	5.72512	0.41675	1.08910e-05
7.83882e+04	6.10843e-02	1.46672e-02	5.62770	2.80011	1.08910e-05
7.85124e+04	6.10694e-02	1.42638e-02	5.46968	5.24813	1.08910e-05
7.86366e+04	6.10771e-02	1.45638e-02	5.36423	1.35595	1.08910e-05
7.87608e+04	6.10452e-02	1.41926e-02	5.17069	3.83641	1.08910e-05
7.88851e+04	6.10969e-02	1.44905e-02	5.10989	6.18296	1.08910e-05
7.90093e+04	6.10708e-02	1.41068e-02	4.93303	2.36805	1.08910e-05
7.91335e+04	6.10484e-02	1.41832e-02	4.77898	4.80960	1.08910e-05
7.92577e+04	6.10581e-02	1.41647e-02	4.63816	0.94947	1.08910e-05
7.93820e+04	6.10753e-02	1.43056e-02	4.52421	3.35007	1.08910e-05
7.95062e+04	6.10464e-02	1.40478e-02	4.34377	5.81219	1.08910e-05
7.96304e+04	6.10584e-02	1.41322e-02	4.22289	1.93544	1.08910e-05
7.97547e+04	6.10276e-02	1.44632e-02	4.05113	4.39464	1.08910e-05
7.98789e+04	6.10612e-02	1.40439e-02	3.94356	0.50267	1.08910e-05
8.00031e+04	6.10519e-02	1.40070e-02	3.76100	2.96834	1.08910e-05
8.01273e+04	6.10316e-02	1.44748e-02	3.63389	5.37786	1.08910e-05
8.02516e+04	6.10235e-02	1.45119e-02	3.45863	1.55184	1.08910e-05
8.03758e+04	6.10678e-02	1.39432e-02	3.34920	3.94123	1.08910e-05
8.05000e+04	6.10309e-02	1.43116e-02	3.17142	0.11914	1.08910e-05
8.06243e+04	6.10292e-02	1.45590e-02	3.02749	2.54808	1.08910e-05
8.07485e+04	6.10496e-02	1.39432e-02	2.88940	4.96854	1.08910e-05
8.08727e+04	6.10519e-02	1.42051e-02	2.71108	1.14357	1.08910e-05
8.09969e+04	6.10499e-02	1.41044e-02	2.56599	3.56926	1.08910e-05
8.11212e+04	6.10549e-02	1.42385e-02	2.40107	6.01558	1.08910e-05
8.12454e+04	6.10403e-02	1.41596e-02	2.28616	2.12500	1.08910e-05
8.13696e+04	6.10876e-02	1.40673e-02	2.06128	4.63652	1.08910e-05
8.14939e+04	6.10505e-02	1.41959e-02	1.97010	0.72379	1.08910e-05
8.16181e+04	6.10510e-02	1.42055e-02	1.79351	3.18091	1.08910e-05
8.17423e+04	6.10646e-02	1.41941e-02	1.63806	5.61560	1.08910e-05
8.18665e+04	6.10894e-02	1.43345e-02	1.44154	1.80722	1.08910e-05
8.19908e+04	6.10310e-02	1.42396e-02	1.36306	4.16691	1.08910e-05
8.21150e+04	6.10697e-02	1.44043e-02	1.16579	0.36347	1.08910e-05
8.22392e+04	6.10762e-02	1.43198e-02	1.00687	2.80296	1.08910e-05
8.23635e+04	6.10574e-02	1.44006e-02	0.86771	5.21894	1.08910e-05
8.24877e+04	6.10549e-02	1.42334e-02	0.72060	1.36405	1.08910e-05
8.26119e+04	6.10730e-02	1.44832e-02	0.52300	3.83998	1.08910e-05
8.27361e+04	6.10629e-02	1.43885e-02	0.40221	6.23886	1.08910e-05
8.28604e+04	6.10703e-02	1.46123e-02	0.22739	2.40886	1.08910e-05
8.29846e+04	6.10540e-02	1.42571e-02	0.09233	4.82859	1.08910e-05
8.31088e+04	6.10703e-02	1.45640e-02	6.19656	1.00315	1.08910e-05
8.32331e+04	6.10849e-02	1.47113e-02	6.08253	3.39386	1.08910e-05
8.33573e+04	6.10608e-02	1.43189e-02	5.87918	5.87750	1.08910e-05
8.34815e+04	6.10649e-02	1.44905e-02	5.74380	2.00805	1.08910e-05
8.36057e+04	6.10894e-02	1.45824e-02	5.58792	4.44225	1.08910e-05
8.37300e+04	6.10808e-02	1.45880e-02	5.44413	0.58657	1.08910e-05
8.38542e+04	6.10386e-02	1.40857e-02	5.23187	3.07656	1.08910e-05
8.39784e+04	6.10968e-02	1.45198e-02	5.14040	5.44843	1.08910e-05
8.41027e+04	6.10713e-02	1.42053e-02	4.94105	1.64105	1.08910e-05
8.42269e+04	6.10464e-02	1.41495e-02	4.75663	4.10580	1.08910e-05
8.43511e+04	6.10607e-02	1.41614e-02	4.59673	0.25979	1.08910e-05
8.44753e+04	6.10810e-02	1.41496e-02	4.46727	2.66981	1.08910e-05
8.45996e+04	6.10292e-02	1.42335e-02	4.23442	5.18535	1.08910e-05
8.47238e+04	6.10530e-02	1.42263e-02	4.11524	1.30002	1.08910e-05
8.48480e+04	6.10524e-02	1.41426e-02	3.93238	3.76253	1.08910e-05
8.49723e+04	6.10473e-02	1.41979e-02	3.77466	6.19865	1.08910e-05
8.50965e+04	6.10241e-02	1.43880e-02	3.56689	2.40281	1.08910e-05
8.52207e+04	6.10552e-02	1.41818e-02	3.44670	4.80144	1.08910e-05
8.53449e+04	6.10357e-02	1.42332e-02	3.24985	1.00042	1.08910e-05
8.54692e+04	6.10377e-02	1.44336e-02	3.07879	3.44991	1.08910e-05
8.55934e+04	6.10417e-02	1.41314e-02	2.93216	5.87631	1.08910e-05
8.57176e+04	6.10502e-02	1.42156e-02	2.73682	2.06711	1.08910e-05
8.58419e+04	6.10504e-02	1.40948e-02	2.56960	4.51375	1.08910e-05
8.59661e+04	6.10566e-02	1.41410e-02	2.38486	0.69622	1.08910e-05
8.60903e+04	6.10448e-02	1.40907e-02	2.25157	3.11418	1.08910e-05
8.62145e+04	6.10816e-02	1.42113e-02	2.01295	5.63229	1.08910e-05
8.63388e+04	6.10466e-02	1.42233e-02	1.90534	1.73664	1.08910e-05
8.64630e+04	6.10628e-02	1.41381e-02	1.70302	4.21979	1.08910e-05
8.65872e+04	6.10640e-02	1.43042e-02	1.54489	0.37446	1.08910e-05
8.67115e+04	6.10776e-02	1.44027e-02	1.34649	2.85239	1.08910e-05
8.68357e+04	6.10376e-02	1.40148e-02	1.22457	5.25706	1.08910e-05
8.69599e+04	6.10763e-02	1.44912e-02	1.01499	1.46814	1.08910e-05
8.70841e+04	6.10752e-02	1.45292e-02	0.86095	3.90414	1.08910e-05
8.72084e+04	6.10451e-02	1.41627e-02	0.69530	0.06589	1.08910e-05
8.73326e+04	6.10614e-02	1.43217e-02	0.53341	2.51036	1.08910e-05
8.74568e+04	6.10910e-02	1.48558e-02	0.34051	4.98383	1.08910e-05
8.75811e+04	6.10443e-02	1.40794e-02	0.19907	1.12358	1.08910e-05
8.77053e+04	6.10597e-02	1.43883e-02	0.00697	3.60308	1.08910e-05
8.78295e+04	6.10924e-02	1.48469e-02	6.15556	6.01904	1.08910e-05
8.79537e+04	6.10631e-02	1.44203e-02	5.95975	2.21408	1.08910e-05
8.80780e+04	6.10570e-02	1.43595e-02	5.81033	4.64445	1.08910e-05
8.82022e+04	6.10910e-02	1.46791e-02	5.63926	0.81471	1.08910e-05
8.83264e+04	6.10837e-02	1.45693e-02	5.49085	3.24561	1.08910e-05
8.84507e+04	6.10386e-02	1.40229e-02	5.26485	5.75991	1.08910e-05
8.85749e+04	6.10952e-02	1.45524e-02	5.16131	1.86311	1.08910e-05
8.86991e+04	6.10720e-02	1.42175e-02	4.95296	4.35334	1.08910e-05
8.88233e+04	6.10470e-02	1.41936e-02	4.76790	0.53933	1.08910e-05
8.89476e+04	6.10610e-02	1.41595e-02	4.59972	2.98949	1.08910e-05
8.90718e+04	6.10812e-02	1.41636e-02	4.45942	5.41418	1.08910e-05
8.91960e+04	6.10253e-02	1.42053e-02	4.21043	1.66169	1.08910e-05
8.93203e+04	6.10536e-02	1.42026e-02	4.08791	4.07561	1.08910e-05
8.94445e+04	6.10563e-02	1.40831e-02	3.89956	0.26382	1.08910e-05
8.95687e+04	6.10411e-02	1.43035e-02	3.72433	2.72274	1.08910e-05
8.96929e+04	6.10213e-02	1.44926e-02	3.52477	5.20630	1.08910e-05
8.98172e+04	6.10640e-02	1.39951e-02	3.39248	1.33976	1.08910e-05
8.99414e+04	6.10322e-02	1.43210e-02	3.18590	3.83118	1.08910e-05
9.00656e+04	6.10282e-02	1.45370e-02	3.01401	0.00863	1.08910e-05
9.01899e+04	6.10565e-02	1.38691e-02	2.84751	2.46153	1.08910e-05
9.03141e+04	6.10547e-02	1.41764e-02	2.64995	4.94318	1.08910e-05
9.04383e+04	6.10337e-02	1.43535e-02	2.49261	1.10262	1.08910e-05
9.05625e+04	6.10712e-02	1.40282e-02	2.28453	3.59570	1.08910e-05
9.06868e+04	6.10570e-02	1.40062e-02	2.13612	6.02941	1.08910e-05
9.08110e+04	6.10607e-02	1.43933e-02	1.93117	2.23685	1.08910e-05
9.09352e+04	6.10504e-02	1.41136e-02	1.79721	4.66254	1.08910e-05
9.10595e+04	6.10836e-02	1.41800e-02	1.56277	0.89989	1.08910e-05
9.11837e+04	6.10461e-02	1.43285e-02	1.44900	3.29935	1.08910e-05
9.13079e+04	6.10677e-02	1.43880e-02	1.23509	5.79995	1.08910e-05
9.14321e+04	6.10654e-02	1.42102e-02	1.07576	1.96312	1.08910e-05
9.15564e+04	6.10643e-02	1.44615e-02	0.89742	4.42661	1.08910e-05
9.16806e+04	6.10571e-02	1.43462e-02	0.75001	0.58435	1.08910e-05
9.18048e+04	6.10698e-02	1.43648e-02	0.53890	3.08243	1.08910e-05
9.19291e+04	6.10626e-02	1.44151e-02	0.39802	5.51105	1.08910e-05
9.20533e+04	6.10674e-02	1.45232e-02	0.21278	1.69880	1.08910e-05
9.21775e+04	6.10617e-02	1.43877e-02	0.04336	4.15734	1.08910e-05
9.23017e+04	6.10732e-02	1.46203e-02	6.15064	0.33667	1.08910e-05
9.24260e+04	6.10738e-02	1.45152e-02	6.01811	2.76260	1.08910e-05
9.25502e+04	6.10663e-02	1.44873e-02	5.80813	5.26057	1.08910e-05
9.26744e+04	6.10790e-02	1.46068e-02	5.66571	1.40804	1.08910e-05
9.27987e+04	6.10715e-02	1.42985e-02	5.48045	3.88163	1.08910e-05
9.29229e+04	6.10776e-02	1.44992e-02	5.32614	0.04094	1.08910e-05
9.30471e+04	6.10566e-02	1.43424e-02	5.11064	2.54522	1.08910e-05
9.31713e+04	6.10845e-02	1.42392e-02	4.99394	4.94998	1.08910e-05
9.32956e+04	6.10573e-02	1.41128e-02	4.77498	1.18064	1.08910e-05
9.34198e+04	6.10567e-02	1.44033e-02	4.61779	3.62752	1.08910e-05
9.35440e+04	6.10595e-02	1.39574e-02	4.42450	6.10857	1.08910e-05
9.36682e+04	6.10637e-02	1.41163e-02	4.26792	2.27258	1.08910e-05
9.37925e+04	6.10265e-02	1.44285e-02	4.05259	4.77675	1.08910e-05
9.39167e+04	6.10608e-02	1.41482e-02	3.91502	0.92135	1.08910e-05
9.40409e+04	6.10446e-02	1.40938e-02	3.71214	3.41803	1.08910e-05
9.41652e+04	6.10341e-02	1.44722e-02	3.56043	5.86119	1.08910e-05
9.42894e+04	6.10324e-02	1.43359e-02	3.36832	2.05948	1.08910e-05
9.44136e+04	6.10592e-02	1.40097e-02	3.18686	4.53071	1.08910e-05
9.45378e+04	6.10270e-02	1.44202e-02	3.02180	0.70322	1.08910e-05
9.46621e+04	6.10377e-02	1.43664e-02	2.83803	3.17680	1.08910e-05
9.47863e+04	6.10660e-02	1.39110e-02	2.64693	5.65905	1.08910e-05
9.49105e+04	6.10509e-02	1.42605e-02	2.47951	1.83842	1.08910e-05
9.50348e+04	6.10327e-02	1.42235e-02	2.33292	4.27694	1.08910e-05
9.51590e+04	6.10889e-02	1.40461e-02	2.08618	0.53031	1.08910e-05
9.52832e+04	6.10508e-02	1.41662e-02	1.96276	2.94585	1.08910e-05
9.54074e+04	6.10527e-02	1.42859e-02	1.77184	5.42732	1.08910e-05
9.55317e+04	6.10661e-02	1.41937e-02	1.59866	1.60861	1.08910e-05
9.56559e+04	6.10848e-02	1.44692e-02	1.39538	4.10908	1.08910e-05
9.57801e+04	6.10307e-02	1.40768e-02	1.29707	0.21597	1.08910e-05
9.59044e+04	6.10754e-02	1.44593e-02	1.05888	2.74565	1.08910e-05
9.60286e+04	6.10797e-02	1.45169e-02	0.90375	5.19241	1.08910e-05
9.61528e+04	6.10436e-02	1.41443e-02	0.73711	1.36814	1.08910e-05
9.62770e+04	6.10584e-02	1.43483e-02	0.57358	3.82395	1.08910e-05
9.64013e+04	6.10936e-02	1.48494e-02	0.37400	0.03755	1.08910e-05
9.65255e+04	6.10452e-02	1.41865e-02	0.24181	2.46235	1.08910e-05
9.66497e+04	6.10571e-02	1.43300e-02	0.04768	4.94833	1.08910e-05
9.67740e+04	6.10915e-02	1.48719e-02	6.18095	1.10836	1.08910e-05
9.68982e+04	6.10656e-02	1.44484e-02	5.99579	3.58481	1.08910e-05
9.70224e+04	6.10553e-02	1.42902e-02	5.83519	6.03897	1.08910e-05
9.71466e+04	6.10894e-02	1.47483e-02	5.66570	2.21759	1.08910e-05
9.72709e+04	6.10861e-02	1.46189e-02	5.52213	4.66022	1.08910e-05
9.73951e+04	6.10400e-02	1.40836e-02	5.29653	0.89470	1.08910e-05
9.75193e+04	6.10927e-02	1.45408e-02	5.18980	3.29490	1.08910e-05
9.76436e+04	6.10726e-02	1.42897e-02	4.98028	5.79773	1.08910e-05
9.77678e+04	6.10510e-02	1.41416e-02	4.80414	1.98359	1.08910e-05
9.78920e+04	6.10590e-02	1.41749e-02	4.61848	4.46279	1.08910e-05
9.80162e+04	6.10798e-02	1.42542e-02	4.49492	0.60249	1.08910e-05
9.81405e+04	6.10314e-02	1.41322e-02	4.24757	3.14287	1.08910e-05
9.82647e+04	6.10528e-02	1.42879e-02	4.11905	5.56553	1.08910e-05
9.83889e+04	6.10530e-02	1.41213e-02	3.93185	1.76257	1.08910e-05
9.85132e+04	6.10457e-02	1.42660e-02	3.75915	4.22948	1.08910e-05
9.86374e+04	6.10228e-02	1.44214e-02	3.55884	0.43978	1.08910e-05
9.87616e+04	6.10588e-02	1.41222e-02	3.42334	2.87044	1.08910e-05
9.88858e+04	6.10349e-02	1.43025e-02	3.22965	5.36252	1.08910e-05
9.90101e+04	6.10326e-02	1.44707e-02	3.04663	1.55644	1.08910e-05
9.91343e+04	6.10484e-02	1.40602e-02	2.89625	4.00151	1.08910e-05
9.92585e+04	6.10535e-02	1.41593e-02	2.69541	0.21263	1.08910e-05
9.93828e+04	6.10414e-02	1.42972e-02	2.52900	2.67323	1.08910e-05
9.95070e+04	6.10632e-02	1.40556e-02	2.33864	5.15790	1.08910e-05
9.96312e+04	6.10519e-02	1.40488e-02	2.19205	1.32249	1.08910e-05
9.97554e+04	6.10719e-02	1.43442e-02	1.97704	3.83034	1.08910e-05
9.98797e+04	6.10470e-02	1.41741e-02	1.84875	6.25429	1.08910e-05
1.00004e+05	6.10739e-02	1.41696e-02	1.63438	2.47942	1.08910e-05
1.00128e+05	6.10564e-02	1.43126e-02	1.49488	4.91404	1.08910e-05
1.00252e+05	6.10708e-02	1.44586e-02	1.29320	1.12671	1.08910e-05
1.00377e+05	6.10494e-02	1.40363e-02	1.15932	3.56208	1.08910e-05
1.00501e+05	6.10733e-02	1.45487e-02	0.95544	6.06021	1.08910e-05
1.00625e+05	6.10659e-02	1.44605e-02	0.81423	2.21331	1.08910e-05
1.00749e+05	6.10541e-02	1.42142e-02	0.61851	4.70436	1.08910e-05
1.00873e+05	6.10644e-02	1.44339e-02	0.47244	0.86169	1.08910e-05
1.00998e+05	6.10817e-02	1.47115e-02	0.28316	3.34600	1.08910e-05
1.01122e+05	6.10477e-02	1.41893e-02	0.13078	5.79423	1.08910e-05
1.01246e+05	6.10666e-02	1.44826e-02	6.23168	1.99383	1.08910e-05
1.01370e+05	6.10883e-02	1.48104e-02	6.09974	4.42094	1.08910e-05
1.01495e+05	6.10607e-02	1.43762e-02	5.90056	0.63189	1.08910e-05
1.01619e+05	6.10642e-02	1.44724e-02	5.74812	3.08048	1.08910e-05
1.01743e+05	6.10889e-02	1.46105e-02	5.58846	5.53422	1.08910e-05
1.01867e+05	6.10796e-02	1.44916e-02	5.42715	1.70858	1.08910e-05
1.01992e+05	6.10400e-02	1.41639e-02	5.20891	4.22771	1.08910e-05
1.02116e+05	6.10972e-02	1.44538e-02	5.11445	0.33506	1.08910e-05
1.02240e+05	6.10681e-02	1.42059e-02	4.89755	2.84683	1.08910e-05
1.02364e+05	6.10444e-02	1.42567e-02	4.71867	5.32157	1.08910e-05
1.02488e+05	6.10638e-02	1.41182e-02	4.55099	1.50145	1.08910e-05
1.02613e+05	6.10796e-02	1.41076e-02	4.41488	3.93350	1.08910e-05
1.02737e+05	6.10209e-02	1.42996e-02	4.16828	0.19797	1.08910e-05
1.02861e+05	6.10556e-02	1.42457e-02	4.05276	2.60967	1.08910e-05
1.02985e+05	6.10581e-02	1.39885e-02	3.86179	5.09626	1.08910e-05
1.03110e+05	6.10363e-02	1.44209e-02	3.69096	1.27983	1.08910e-05
1.03234e+05	6.10216e-02	1.44737e-02	3.50006	3.76593	1.08910e-05
1.03358e+05	6.10670e-02	1.39538e-02	3.35861	6.20362	1.08910e-05
1.03482e+05	6.10302e-02	1.43399e-02	3.16515	2.40928	1.08910e-05
1.03607e+05	6.10266e-02	1.45629e-02	2.99265	4.88354	1.08910e-05
1.03731e+05	6.10596e-02	1.38744e-02	2.83330	1.05582	1.08910e-05
1.03855e+05	6.10548e-02	1.41660e-02	2.63594	3.54864	1.08910e-05
1.03979e+05	6.10321e-02	1.43936e-02	2.48795	5.99259	1.08910e-05
1.04103e+05	6.10721e-02	1.39753e-02	2.28107	2.21225	1.08910e-05
1.04228e+05	6.10569e-02	1.40383e-02	2.13398	4.65558	1.08910e-05
1.04352e+05	6.10626e-02	1.43734e-02	1.94046	0.86663	1.08910e-05
1.04476e+05	6.10496e-02	1.41291e-02	1.80301	3.30156	1.08910e-05
1.04600e+05	6.10816e-02	1.41823e-02	1.58275	5.81729	1.08910e-05
1.04725e+05	6.10494e-02	1.43316e-02	1.46158	1.95151	1.08910e-05
1.04849e+05	6.10682e-02	1.44229e-02	1.25866	4.44990	1.08910e-05
1.04973e+05	6.10593e-02	1.41012e-02	1.10753	0.61526	1.08910e-05
1.05097e+05	6.10688e-02	1.45200e-02	0.92302	3.09478	1.08910e-05
1.05221e+05	6.10614e-02	1.43881e-02	0.78439	5.53576	1.08910e-05
1.05346e+05	6.10604e-02	1.42692e-02	0.58218	1.75136	1.08910e-05
1.05470e+05	6.10645e-02	1.44253e-02	0.44387	4.18580	1.08910e-05
1.05594e+05	6.10767e-02	1.46592e-02	0.25858	0.38374	1.08910e-05
1.05718e+05	6.10512e-02	1.42349e-02	0.10368	2.83521	1.08910e-05
1.05843e+05	6.10694e-02	1.45244e-02	6.20409	5.31394	1.08910e-05
1.05967e+05	6.10854e-02	1.47344e-02	6.08148	1.45525	1.08910e-05
1.06091e+05	6.10610e-02	1.43690e-02	5.87848	3.95463	1.08910e-05
1.06215e+05	6.10671e-02	1.45033e-02	5.73013	0.11647	1.08910e-05
1.06340e+05	6.10869e-02	1.45464e-02	5.56976	2.57225	1.08910e-05
1.06464e+05	6.10786e-02	1.44927e-02	5.41128	5.02785	1.08910e-05
1.06588e+05	6.10420e-02	1.41973e-02	5.19091	1.26074	1.08910e-05
1.06712e+05	6.10970e-02	1.44328e-02	5.10254	3.65145	1.08910e-05
1.06836e+05	6.10671e-02	1.41669e-02	4.88689	6.16290	1.08910e-05
1.06961e+05	6.10445e-02	1.42565e-02	4.70862	2.35523	1.08910e-05
1.07085e+05	6.10641e-02	1.41042e-02	4.54305	4.81649	1.08910e-05
1.07209e+05	6.10792e-02	1.40950e-02	4.40548	0.96758	1.08910e-05
1.07333e+05	6.10200e-02	1.43269e-02	4.15797	3.51094	1.08910e-05
1.07458e+05	6.10562e-02	1.42333e-02	4.04478	5.92107	1.08910e-05
1.07582e+05	6.10582e-02	1.39942e-02	3.86040	2.12390	1.08910e-05
1.07706e+05	6.10364e-02	1.43953e-02	3.69069	4.59006	1.08910e-05
1.07830e+05	6.10215e-02	1.44597e-02	3.49955	0.79425	1.08910e-05
1.07955e+05	6.10667e-02	1.39506e-02	3.36110	3.22946	1.08910e-05
1.08079e+05	6.10306e-02	1.43422e-02	3.16667	5.71972	1.08910e-05
1.08203e+05	6.10265e-02	1.45717e-02	2.99201	1.90711	1.08910e-05
1.08327e+05	6.10583e-02	1.38822e-02	2.84067	4.36110	1.08910e-05
1.08451e+05	6.10548e-02	1.41653e-02	2.64524	0.56919	1.08910e-05
1.08576e+05	6.10337e-02	1.43626e-02	2.49506	3.01564	1.08910e-05
1.08700e+05	6.10701e-02	1.39873e-02	2.29152	5.51565	1.08910e-05
1.08824e+05	6.10561e-02	1.40220e-02	2.14592	1.67471	1.08910e-05
1.08948e+05	6.10641e-02	1.43779e-02	1.94434	4.17177	1.08910e-05
1.09073e+05	6.10489e-02	1.41485e-02	1.81210	0.31793	1.08910e-05
1.09197e+05	6.10789e-02	1.41650e-02	1.60019	2.83146	1.08910e-05
1.09321e+05	6.10524e-02	1.43287e-02	1.47530	5.25293	1.08910e-05
1.09445e+05	6.10693e-02	1.44184e-02	1.27457	1.46642	1.08910e-05
1.09569e+05	6.10549e-02	1.40718e-02	1.12895	3.90954	1.08910e-05
1.09694e+05	6.10713e-02	1.45263e-02	0.93822	0.11217	1.08910e-05
1.09818e+05	6.10634e-02	1.44224e-02	0.79618	2.55119	1.08910e-05
1.09942e+05	6.10557e-02	1.42249e-02	0.60842	5.04106	1.08910e-05
1.10066e+05	6.10646e-02	1.44244e-02	0.46469	1.19791	1.08910e-05
1.10191e+05	6.10812e-02	1.47181e-02	0.28002	3.67838	1.08910e-05
1.10315e+05	6.10477e-02	1.41662e-02	0.12933	6.12617	1.08910e-05
1.10439e+05	6.10669e-02	1.44929e-02	6.22725	2.32430	1.08910e-05
1.10563e+05	6.10883e-02	1.47892e-02	6.09904	4.74850	1.08910e-05
1.10688e+05	6.10607e-02	1.43764e-02	5.90549	0.96083	1.08910e-05
1.10812e+05	6.10627e-02	1.44425e-02	5.75731	3.40571	1.08910e-05
1.10936e+05	6.10899e-02	1.46298e-02	5.59815	5.86061	1.08910e-05
1.11060e+05	6.10807e-02	1.45186e-02	5.44314	2.02908	1.08910e-05
1.11184e+05	6.10391e-02	1.41286e-02	5.21869	4.54952	1.08910e-05
1.11309e+05	6.10971e-02	1.44840e-02	5.12677	0.65501	1.08910e-05
1.11433e+05	6.10696e-02	1.42033e-02	4.91510	3.16235	1.08910e-05
1.11557e+05	6.10451e-02	1.42241e-02	4.74173	5.63817	1.08910e-05
1.11681e+05	6.10624e-02	1.41425e-02	4.57610	1.81630	1.08910e-05
1.11806e+05	6.10810e-02	1.41435e-02	4.44382	4.24563	1.08910e-05
1.11930e+05	6.10237e-02	1.42450e-02	4.19568	0.50597	1.08910e-05
1.12054e+05	6.10542e-02	1.42506e-02	4.07728	2.92139	1.08910e-05
1.12178e+05	6.10568e-02	1.40508e-02	3.89260	5.40183	1.08910e-05
1.12303e+05	6.10416e-02	1.43195e-02	3.72940	1.58395	1.08910e-05
1.12427e+05	6.10216e-02	1.44679e-02	3.53503	4.07416	1.08910e-05
1.12551e+05	6.10619e-02	1.40558e-02	3.40487	0.21774	1.08910e-05
1.12675e+05	6.10335e-02	1.42976e-02	3.20644	2.71192	1.08910e-05
1.12799e+05	6.10302e-02	1.45093e-02	3.03062	5.18356	1.08910e-05
1.12924e+05	6.10513e-02	1.39928e-02	2.87877	1.34917	1.08910e-05
1.13048e+05	6.10539e-02	1.41738e-02	2.68314	3.84006	1.08910e-05
1.13172e+05	6.10414e-02	1.42861e-02	2.52904	0.01282	1.08910e-05
1.13296e+05	6.10626e-02	1.40845e-02	2.34209	2.49605	1.08910e-05
1.13421e+05	6.10517e-02	1.40398e-02	2.19581	4.93881	1.08910e-05
1.13545e+05	6.10729e-02	1.43203e-02	1.97906	1.16746	1.08910e-05
1.13669e+05	6.10467e-02	1.41715e-02	1.85840	3.58507	1.08910e-05
1.13793e+05	6.10715e-02	1.41558e-02	1.64686	6.09260	1.08910e-05
1.13917e+05	6.10597e-02	1.43241e-02	1.51162	2.24637	1.08910e-05
1.14042e+05	6.10733e-02	1.44628e-02	1.31495	4.73863	1.08910e-05
1.14166e+05	6.10441e-02	1.40366e-02	1.18785	0.87972	1.08910e-05
1.14290e+05	6.10753e-02	1.45300e-02	0.98020	3.38254	1.08910e-05
1.14414e+05	6.10704e-02	1.44959e-02	0.83698	5.82230	1.08910e-05
1.14539e+05	6.10486e-02	1.41541e-02	0.65691	2.01513	1.08910e-05
1.14663e+05	6.10629e-02	1.43912e-02	0.51011	4.46401	1.08910e-05
1.14787e+05	6.10888e-02	1.48281e-02	0.32135	0.66502	1.08910e-05
1.14911e+05	6.10442e-02	1.41399e-02	0.18151	3.10148	1.08910e-05
1.15036e+05	6.10616e-02	1.44233e-02	6.27571	5.58605	1.08910e-05
1.15160e+05	6.10922e-02	1.48672e-02	6.14274	1.73198	1.08910e-05
1.15284e+05	6.10624e-02	1.44006e-02	5.95187	4.21862	1.08910e-05
1.15408e+05	6.10575e-02	1.43522e-02	5.79995	0.38365	1.08910e-05
1.15532e+05	6.10909e-02	1.47177e-02	5.64234	2.84255	1.08910e-05
1.15657e+05	6.10843e-02	1.45890e-02	5.49505	5.28606	1.08910e-05
1.15781e+05	6.10386e-02	1.40755e-02	5.27159	1.52200	1.08910e-05
1.15905e+05	6.10944e-02	1.45553e-02	5.17364	3.91636	1.08910e-05
1.16029e+05	6.10725e-02	1.42700e-02	4.96877	0.13350	1.08910e-05
1.16154e+05	6.10497e-02	1.41545e-02	4.79352	2.60497	1.08910e-05
1.16278e+05	6.10588e-02	1.41717e-02	4.62340	5.07650	1.08910e-05
1.16402e+05	6.10798e-02	1.42440e-02	4.49501	1.21828	1.08910e-05
1.16526e+05	6.10325e-02	1.41304e-02	4.25441	3.75364	1.08910e-05
1.16651e+05	6.10527e-02	1.42580e-02	4.12761	6.17738	1.08910e-05
1.16775e+05	6.10508e-02	1.41762e-02	3.94515	2.37218	1.08910e-05
1.16899e+05	6.10487e-02	1.42236e-02	3.78119	4.83210	1.08910e-05
1.17023e+05	6.10254e-02	1.43812e-02	3.58575	1.04533	1.08910e-05
1.17147e+05	6.10526e-02	1.42182e-02	3.45883	3.46899	1.08910e-05
1.17272e+05	6.10360e-02	1.42725e-02	3.26073	5.96234	1.08910e-05
1.17396e+05	6.10390e-02	1.43756e-02	3.08239	2.15281	1.08910e-05
1.17520e+05	6.10403e-02	1.41779e-02	2.93576	4.59607	1.08910e-05
1.17644e+05	6.10497e-02	1.42082e-02	2.74363	0.80012	1.08910e-05
1.17769e+05	6.10515e-02	1.41439e-02	2.57085	3.26871	1.08910e-05
1.17893e+05	6.10552e-02	1.41760e-02	2.40120	5.73972	1.08910e-05
1.18017e+05	6.10436e-02	1.40988e-02	2.25694	1.89712	1.08910e-05
1.18141e+05	6.10826e-02	1.42059e-02	2.02451	4.42437	1.08910e-05
1.18265e+05	6.10471e-02	1.42021e-02	1.91136	0.55089	1.08910e-05
1.18390e+05	6.10608e-02	1.41901e-02	1.71351	3.04426	1.08910e-05
