# t	inner_edge_position
0.00000e+00	0.00000e+00
4.65857e+01	0.00000e+00
9.31713e+01	0.00000e+00
1.39757e+02	0.00000e+00
1.86343e+02	0.00000e+00
2.32928e+02	0.00000e+00
2.79514e+02	0.00000e+00
3.26100e+02	0.00000e+00
3.72685e+02	0.00000e+00
4.19271e+02	0.00000e+00
4.65857e+02	0.00000e+00
5.12442e+02	0.00000e+00
5.59028e+02	0.00000e+00
6.05614e+02	0.00000e+00
6.52199e+02	0.00000e+00
6.98785e+02	0.00000e+00
7.45371e+02	0.00000e+00
7.91956e+02	0.00000e+00
8.38542e+02	0.00000e+00
8.85128e+02	0.00000e+00
9.31713e+02	0.00000e+00
9.78299e+02	0.00000e+00
1.02488e+03	0.00000e+00
1.07147e+03	0.00000e+00
1.11806e+03	0.00000e+00
1.16464e+03	0.00000e+00
1.21123e+03	0.00000e+00
1.25781e+03	0.00000e+00
1.30440e+03	0.00000e+00
1.35098e+03	0.00000e+00
1.39757e+03	0.00000e+00
1.44416e+03	0.00000e+00
1.49074e+03	0.00000e+00
1.53733e+03	0.00000e+00
1.58391e+03	0.00000e+00
1.63050e+03	0.00000e+00
1.67708e+03	0.00000e+00
1.72367e+03	0.00000e+00
1.77026e+03	0.00000e+00
1.81684e+03	0.00000e+00
1.86343e+03	0.00000e+00
1.91001e+03	0.00000e+00
1.95660e+03	0.00000e+00
2.00318e+03	0.00000e+00
2.04977e+03	0.00000e+00
2.09636e+03	0.00000e+00
2.14294e+03	0.00000e+00
2.18953e+03	0.00000e+00
2.23611e+03	0.00000e+00
2.28270e+03	0.00000e+00
2.32928e+03	0.00000e+00
2.37587e+03	0.00000e+00
2.42245e+03	0.00000e+00
2.46904e+03	0.00000e+00
2.51563e+03	0.00000e+00
2.56221e+03	0.00000e+00
2.60880e+03	0.00000e+00
2.65538e+03	0.00000e+00
2.70197e+03	0.00000e+00
2.74855e+03	0.00000e+00
2.79514e+03	0.00000e+00
2.84173e+03	0.00000e+00
2.88831e+03	0.00000e+00
2.93490e+03	0.00000e+00
2.98148e+03	0.00000e+00
3.02807e+03	0.00000e+00
3.07465e+03	0.00000e+00
3.12124e+03	0.00000e+00
3.16783e+03	0.00000e+00
3.21441e+03	0.00000e+00
3.26100e+03	0.00000e+00
3.30758e+03	0.00000e+00
3.35417e+03	0.00000e+00
3.40075e+03	0.00000e+00
3.44734e+03	0.00000e+00
3.49393e+03	0.00000e+00
3.54051e+03	0.00000e+00
3.58710e+03	0.00000e+00
3.63368e+03	0.00000e+00
3.68027e+03	0.00000e+00
3.72685e+03	0.00000e+00
3.77344e+03	0.00000e+00
3.82002e+03	0.00000e+00
3.86661e+03	0.00000e+00
3.91320e+03	0.00000e+00
3.95978e+03	0.00000e+00
4.00637e+03	0.00000e+00
4.05295e+03	0.00000e+00
4.09954e+03	0.00000e+00
4.14612e+03	0.00000e+00
4.19271e+03	0.00000e+00
4.23930e+03	0.00000e+00
4.28588e+03	0.00000e+00
4.33247e+03	0.00000e+00
4.37905e+03	0.00000e+00
4.42564e+03	0.00000e+00
4.47222e+03	0.00000e+00
4.51881e+03	0.00000e+00
4.56540e+03	0.00000e+00
4.61198e+03	0.00000e+00
4.65857e+03	0.00000e+00
4.70515e+03	0.00000e+00
4.75174e+03	0.00000e+00
4.79832e+03	0.00000e+00
4.84491e+03	0.00000e+00
4.89150e+03	0.00000e+00
4.93808e+03	0.00000e+00
4.98467e+03	0.00000e+00
5.03125e+03	0.00000e+00
5.07784e+03	0.00000e+00
5.12442e+03	0.00000e+00
5.17101e+03	0.00000e+00
5.21759e+03	0.00000e+00
5.26418e+03	0.00000e+00
5.31077e+03	0.00000e+00
5.35735e+03	0.00000e+00
5.40394e+03	0.00000e+00
5.45052e+03	0.00000e+00
5.49711e+03	0.00000e+00
5.54369e+03	0.00000e+00
5.59028e+03	0.00000e+00
5.63687e+03	0.00000e+00
5.68345e+03	0.00000e+00
5.73004e+03	0.00000e+00
5.77662e+03	0.00000e+00
5.82321e+03	0.00000e+00
5.86979e+03	0.00000e+00
5.91638e+03	0.00000e+00
5.96297e+03	0.00000e+00
6.00955e+03	0.00000e+00
6.05614e+03	0.00000e+00
6.10272e+03	0.00000e+00
6.14931e+03	0.00000e+00
6.19589e+03	0.00000e+00
6.24248e+03	0.00000e+00
6.28907e+03	0.00000e+00
6.33565e+03	0.00000e+00
6.38224e+03	0.00000e+00
6.42882e+03	0.00000e+00
6.47541e+03	0.00000e+00
6.52199e+03	0.00000e+00
6.56858e+03	0.00000e+00
6.61516e+03	0.00000e+00
6.66175e+03	0.00000e+00
6.70834e+03	0.00000e+00
6.75492e+03	0.00000e+00
6.80151e+03	0.00000e+00
6.84809e+03	0.00000e+00
6.89468e+03	0.00000e+00
6.94126e+03	0.00000e+00
6.98785e+03	0.00000e+00
7.03444e+03	0.00000e+00
7.08102e+03	0.00000e+00
7.12761e+03	0.00000e+00
7.17419e+03	0.00000e+00
7.22078e+03	0.00000e+00
7.26736e+03	0.00000e+00
7.31395e+03	0.00000e+00
7.36054e+03	0.00000e+00
7.40712e+03	0.00000e+00
7.45371e+03	0.00000e+00
7.50029e+03	0.00000e+00
7.54688e+03	0.00000e+00
7.59346e+03	0.00000e+00
7.64005e+03	0.00000e+00
7.68664e+03	0.00000e+00
7.73322e+03	0.00000e+00
7.77981e+03	0.00000e+00
7.82639e+03	0.00000e+00
7.87298e+03	0.00000e+00
7.91956e+03	0.00000e+00
7.96615e+03	0.00000e+00
8.01273e+03	0.00000e+00
8.05932e+03	0.00000e+00
8.10591e+03	0.00000e+00
8.15249e+03	0.00000e+00
8.19908e+03	0.00000e+00
8.24566e+03	0.00000e+00
8.29225e+03	0.00000e+00
8.33883e+03	0.00000e+00
8.38542e+03	0.00000e+00
8.43201e+03	0.00000e+00
8.47859e+03	0.00000e+00
8.52518e+03	0.00000e+00
8.57176e+03	0.00000e+00
8.61835e+03	0.00000e+00
8.66493e+03	0.00000e+00
8.71152e+03	0.00000e+00
8.75811e+03	0.00000e+00
8.80469e+03	0.00000e+00
8.85128e+03	0.00000e+00
8.89786e+03	0.00000e+00
8.94445e+03	0.00000e+00
8.99103e+03	0.00000e+00
9.03762e+03	0.00000e+00
9.08421e+03	0.00000e+00
9.13079e+03	0.00000e+00
9.17738e+03	0.00000e+00
9.22396e+03	0.00000e+00
9.27055e+03	0.00000e+00
9.31713e+03	0.00000e+00
9.36372e+03	0.00000e+00
9.41030e+03	0.00000e+00
9.45689e+03	0.00000e+00
9.50348e+03	0.00000e+00
9.55006e+03	0.00000e+00
9.59665e+03	0.00000e+00
9.64323e+03	0.00000e+00
9.68982e+03	0.00000e+00
9.73640e+03	0.00000e+00
9.78299e+03	0.00000e+00
9.82958e+03	0.00000e+00
9.87616e+03	0.00000e+00
9.92275e+03	0.00000e+00
9.96933e+03	0.00000e+00
1.00159e+04	0.00000e+00
1.00625e+04	0.00000e+00
1.01091e+04	0.00000e+00
1.01557e+04	0.00000e+00
1.02023e+04	0.00000e+00
1.02488e+04	0.00000e+00
1.02954e+04	0.00000e+00
1.03420e+04	0.00000e+00
1.03886e+04	0.00000e+00
1.04352e+04	0.00000e+00
1.04818e+04	0.00000e+00
1.05284e+04	0.00000e+00
1.05749e+04	0.00000e+00
1.06215e+04	0.00000e+00
1.06681e+04	0.00000e+00
1.07147e+04	0.00000e+00
1.07613e+04	0.00000e+00
1.08079e+04	0.00000e+00
1.08545e+04	0.00000e+00
1.09010e+04	0.00000e+00
1.09476e+04	0.00000e+00
1.09942e+04	0.00000e+00
1.10408e+04	0.00000e+00
1.10874e+04	0.00000e+00
1.11340e+04	0.00000e+00
1.11806e+04	0.00000e+00
1.12271e+04	0.00000e+00
1.12737e+04	0.00000e+00
1.13203e+04	0.00000e+00
1.13669e+04	0.00000e+00
1.14135e+04	0.00000e+00
1.14601e+04	0.00000e+00
1.15067e+04	0.00000e+00
1.15532e+04	0.00000e+00
1.15998e+04	0.00000e+00
1.16464e+04	0.00000e+00
1.16930e+04	0.00000e+00
1.17396e+04	0.00000e+00
1.17862e+04	0.00000e+00
1.18328e+04	0.00000e+00
1.18793e+04	0.00000e+00
1.19259e+04	0.00000e+00
1.19725e+04	0.00000e+00
1.20191e+04	0.00000e+00
1.20657e+04	0.00000e+00
1.21123e+04	0.00000e+00
1.21589e+04	0.00000e+00
1.22054e+04	0.00000e+00
1.22520e+04	0.00000e+00
1.22986e+04	0.00000e+00
1.23452e+04	0.00000e+00
1.23918e+04	0.00000e+00
1.24384e+04	0.00000e+00
1.24850e+04	0.00000e+00
1.25315e+04	0.00000e+00
1.25781e+04	0.00000e+00
1.26247e+04	0.00000e+00
1.26713e+04	0.00000e+00
1.27179e+04	0.00000e+00
1.27645e+04	0.00000e+00
1.28111e+04	0.00000e+00
1.28576e+04	0.00000e+00
1.29042e+04	0.00000e+00
1.29508e+04	0.00000e+00
1.29974e+04	0.00000e+00
1.30440e+04	0.00000e+00
1.30906e+04	0.00000e+00
1.31372e+04	0.00000e+00
1.31837e+04	0.00000e+00
1.32303e+04	0.00000e+00
1.32769e+04	0.00000e+00
1.33235e+04	0.00000e+00
1.33701e+04	0.00000e+00
1.34167e+04	0.00000e+00
1.34633e+04	0.00000e+00
1.35098e+04	0.00000e+00
1.35564e+04	0.00000e+00
1.36030e+04	0.00000e+00
1.36496e+04	0.00000e+00
1.36962e+04	0.00000e+00
1.37428e+04	0.00000e+00
1.37894e+04	0.00000e+00
1.38359e+04	0.00000e+00
1.38825e+04	0.00000e+00
1.39291e+04	0.00000e+00
1.39757e+04	0.00000e+00
1.40223e+04	0.00000e+00
1.40689e+04	0.00000e+00
1.41155e+04	0.00000e+00
1.41620e+04	0.00000e+00
1.42086e+04	0.00000e+00
1.42552e+04	0.00000e+00
1.43018e+04	0.00000e+00
1.43484e+04	0.00000e+00
1.43950e+04	0.00000e+00
1.44416e+04	0.00000e+00
1.44881e+04	0.00000e+00
1.45347e+04	0.00000e+00
1.45813e+04	0.00000e+00
1.46279e+04	0.00000e+00
1.46745e+04	0.00000e+00
1.47211e+04	0.00000e+00
1.47677e+04	0.00000e+00
1.48142e+04	0.00000e+00
1.48608e+04	0.00000e+00
1.49074e+04	0.00000e+00
1.49540e+04	0.00000e+00
1.50006e+04	0.00000e+00
1.50472e+04	0.00000e+00
1.50938e+04	0.00000e+00
1.51403e+04	0.00000e+00
1.51869e+04	0.00000e+00
1.52335e+04	0.00000e+00
1.52801e+04	0.00000e+00
1.53267e+04	0.00000e+00
1.53733e+04	0.00000e+00
1.54199e+04	0.00000e+00
1.54664e+04	0.00000e+00
1.55130e+04	0.00000e+00
1.55596e+04	0.00000e+00
1.56062e+04	0.00000e+00
1.56528e+04	0.00000e+00
1.56994e+04	0.00000e+00
1.57460e+04	0.00000e+00
1.57925e+04	0.00000e+00
1.58391e+04	0.00000e+00
1.58857e+04	0.00000e+00
1.59323e+04	0.00000e+00
1.59789e+04	0.00000e+00
1.60255e+04	0.00000e+00
1.60721e+04	0.00000e+00
1.61186e+04	0.00000e+00
1.61652e+04	0.00000e+00
1.62118e+04	0.00000e+00
1.62584e+04	0.00000e+00
1.63050e+04	0.00000e+00
1.63516e+04	0.00000e+00
1.63982e+04	0.00000e+00
1.64447e+04	0.00000e+00
1.64913e+04	0.00000e+00
1.65379e+04	0.00000e+00
1.65845e+04	0.00000e+00
1.66311e+04	0.00000e+00
1.66777e+04	0.00000e+00
1.67243e+04	0.00000e+00
1.67708e+04	0.00000e+00
1.68174e+04	0.00000e+00
1.68640e+04	0.00000e+00
1.69106e+04	0.00000e+00
1.69572e+04	0.00000e+00
1.70038e+04	0.00000e+00
1.70504e+04	0.00000e+00
1.70969e+04	0.00000e+00
1.71435e+04	0.00000e+00
1.71901e+04	0.00000e+00
1.72367e+04	0.00000e+00
1.72833e+04	0.00000e+00
1.73299e+04	0.00000e+00
1.73765e+04	0.00000e+00
1.74230e+04	0.00000e+00
1.74696e+04	0.00000e+00
1.75162e+04	0.00000e+00
1.75628e+04	0.00000e+00
1.76094e+04	0.00000e+00
1.76560e+04	0.00000e+00
1.77026e+04	0.00000e+00
1.77491e+04	0.00000e+00
1.77957e+04	0.00000e+00
1.78423e+04	0.00000e+00
1.78889e+04	0.00000e+00
1.79355e+04	0.00000e+00
1.79821e+04	0.00000e+00
1.80287e+04	0.00000e+00
1.80752e+04	0.00000e+00
1.81218e+04	0.00000e+00
1.81684e+04	0.00000e+00
1.82150e+04	0.00000e+00
1.82616e+04	0.00000e+00
1.83082e+04	0.00000e+00
1.83548e+04	0.00000e+00
1.84013e+04	0.00000e+00
1.84479e+04	0.00000e+00
1.84945e+04	0.00000e+00
1.85411e+04	0.00000e+00
1.85877e+04	0.00000e+00
1.86343e+04	0.00000e+00
1.86809e+04	0.00000e+00
1.87274e+04	0.00000e+00
1.87740e+04	0.00000e+00
1.88206e+04	0.00000e+00
1.88672e+04	0.00000e+00
1.89138e+04	0.00000e+00
1.89604e+04	0.00000e+00
1.90070e+04	0.00000e+00
1.90535e+04	0.00000e+00
1.91001e+04	0.00000e+00
1.91467e+04	0.00000e+00
1.91933e+04	0.00000e+00
1.92399e+04	0.00000e+00
1.92865e+04	0.00000e+00
1.93331e+04	0.00000e+00
1.93796e+04	0.00000e+00
1.94262e+04	0.00000e+00
1.94728e+04	0.00000e+00
1.95194e+04	0.00000e+00
1.95660e+04	0.00000e+00
1.96126e+04	0.00000e+00
1.96592e+04	0.00000e+00
1.97057e+04	0.00000e+00
1.97523e+04	0.00000e+00
1.97989e+04	0.00000e+00
1.98455e+04	0.00000e+00
1.98921e+04	0.00000e+00
1.99387e+04	0.00000e+00
1.99853e+04	0.00000e+00
2.00318e+04	0.00000e+00
2.00784e+04	0.00000e+00
2.01250e+04	0.00000e+00
2.01716e+04	0.00000e+00
2.02182e+04	0.00000e+00
2.02648e+04	0.00000e+00
2.03114e+04	0.00000e+00
2.03579e+04	0.00000e+00
2.04045e+04	0.00000e+00
2.04511e+04	0.00000e+00
2.04977e+04	0.00000e+00
2.05443e+04	0.00000e+00
2.05909e+04	0.00000e+00
2.06375e+04	0.00000e+00
2.06840e+04	0.00000e+00
2.07306e+04	0.00000e+00
2.07772e+04	0.00000e+00
2.08238e+04	0.00000e+00
2.08704e+04	0.00000e+00
2.09170e+04	0.00000e+00
2.09636e+04	0.00000e+00
2.10101e+04	0.00000e+00
2.10567e+04	0.00000e+00
2.11033e+04	0.00000e+00
2.11499e+04	0.00000e+00
2.11965e+04	0.00000e+00
2.12431e+04	0.00000e+00
2.12897e+04	0.00000e+00
2.13362e+04	0.00000e+00
2.13828e+04	0.00000e+00
2.14294e+04	0.00000e+00
2.14760e+04	0.00000e+00
2.15226e+04	0.00000e+00
2.15692e+04	0.00000e+00
2.16157e+04	0.00000e+00
2.16623e+04	0.00000e+00
2.17089e+04	0.00000e+00
2.17555e+04	0.00000e+00
2.18021e+04	0.00000e+00
2.18487e+04	0.00000e+00
2.18953e+04	0.00000e+00
2.19418e+04	0.00000e+00
2.19884e+04	0.00000e+00
2.20350e+04	0.00000e+00
2.20816e+04	0.00000e+00
2.21282e+04	0.00000e+00
2.21748e+04	0.00000e+00
2.22214e+04	0.00000e+00
2.22679e+04	0.00000e+00
2.23145e+04	0.00000e+00
2.23611e+04	0.00000e+00
2.24077e+04	0.00000e+00
2.24543e+04	0.00000e+00
2.25009e+04	0.00000e+00
2.25475e+04	0.00000e+00
2.25940e+04	0.00000e+00
2.26406e+04	0.00000e+00
2.26872e+04	0.00000e+00
2.27338e+04	0.00000e+00
2.27804e+04	0.00000e+00
2.28270e+04	0.00000e+00
2.28736e+04	0.00000e+00
2.29201e+04	0.00000e+00
2.29667e+04	0.00000e+00
2.30133e+04	0.00000e+00
2.30599e+04	0.00000e+00
2.31065e+04	0.00000e+00
2.31531e+04	0.00000e+00
2.31997e+04	0.00000e+00
2.32462e+04	0.00000e+00
2.32928e+04	0.00000e+00
2.33394e+04	0.00000e+00
2.33860e+04	0.00000e+00
2.34326e+04	0.00000e+00
2.34792e+04	0.00000e+00
2.35258e+04	0.00000e+00
2.35723e+04	0.00000e+00
2.36189e+04	0.00000e+00
2.36655e+04	0.00000e+00
2.37121e+04	0.00000e+00
2.37587e+04	0.00000e+00
2.38053e+04	0.00000e+00
2.38519e+04	0.00000e+00
2.38984e+04	0.00000e+00
2.39450e+04	0.00000e+00
2.39916e+04	0.00000e+00
2.40382e+04	0.00000e+00
2.40848e+04	0.00000e+00
2.41314e+04	0.00000e+00
2.41780e+04	0.00000e+00
2.42245e+04	0.00000e+00
2.42711e+04	0.00000e+00
2.43177e+04	0.00000e+00
2.43643e+04	0.00000e+00
2.44109e+04	0.00000e+00
2.44575e+04	0.00000e+00
2.45041e+04	0.00000e+00
2.45506e+04	0.00000e+00
2.45972e+04	0.00000e+00
2.46438e+04	0.00000e+00
2.46904e+04	0.00000e+00
2.47370e+04	0.00000e+00
2.47836e+04	0.00000e+00
2.48302e+04	0.00000e+00
2.48767e+04	0.00000e+00
2.49233e+04	0.00000e+00
2.49699e+04	0.00000e+00
2.50165e+04	0.00000e+00
2.50631e+04	0.00000e+00
2.51097e+04	0.00000e+00
2.51563e+04	0.00000e+00
2.52028e+04	0.00000e+00
2.52494e+04	0.00000e+00
2.52960e+04	0.00000e+00
2.53426e+04	0.00000e+00
2.53892e+04	0.00000e+00
2.54358e+04	0.00000e+00
2.54824e+04	0.00000e+00
2.55289e+04	0.00000e+00
2.55755e+04	0.00000e+00
2.56221e+04	0.00000e+00
2.56687e+04	0.00000e+00
2.57153e+04	0.00000e+00
2.57619e+04	0.00000e+00
2.58085e+04	0.00000e+00
2.58550e+04	0.00000e+00
2.59016e+04	0.00000e+00
2.59482e+04	0.00000e+00
2.59948e+04	0.00000e+00
2.60414e+04	0.00000e+00
2.60880e+04	0.00000e+00
2.61346e+04	0.00000e+00
2.61811e+04	0.00000e+00
2.62277e+04	0.00000e+00
2.62743e+04	0.00000e+00
2.63209e+04	0.00000e+00
2.63675e+04	0.00000e+00
2.64141e+04	0.00000e+00
2.64607e+04	0.00000e+00
2.65072e+04	0.00000e+00
2.65538e+04	0.00000e+00
2.66004e+04	0.00000e+00
2.66470e+04	0.00000e+00
2.66936e+04	0.00000e+00
2.67402e+04	0.00000e+00
2.67868e+04	0.00000e+00
2.68333e+04	0.00000e+00
2.68799e+04	0.00000e+00
2.69265e+04	0.00000e+00
2.69731e+04	0.00000e+00
2.70197e+04	0.00000e+00
2.70663e+04	0.00000e+00
2.71129e+04	0.00000e+00
2.71594e+04	0.00000e+00
2.72060e+04	0.00000e+00
2.72526e+04	0.00000e+00
2.72992e+04	0.00000e+00
2.73458e+04	0.00000e+00
2.73924e+04	0.00000e+00
2.74390e+04	0.00000e+00
2.74855e+04	0.00000e+00
2.75321e+04	0.00000e+00
2.75787e+04	0.00000e+00
2.76253e+04	0.00000e+00
2.76719e+04	0.00000e+00
2.77185e+04	0.00000e+00
2.77651e+04	0.00000e+00
2.78116e+04	0.00000e+00
2.78582e+04	0.00000e+00
2.79048e+04	0.00000e+00
2.79514e+04	0.00000e+00
2.79980e+04	0.00000e+00
2.80446e+04	0.00000e+00
2.80912e+04	0.00000e+00
2.81377e+04	0.00000e+00
2.81843e+04	0.00000e+00
2.82309e+04	0.00000e+00
2.82775e+04	0.00000e+00
2.83241e+04	0.00000e+00
2.83707e+04	0.00000e+00
2.84173e+04	0.00000e+00
2.84638e+04	0.00000e+00
2.85104e+04	0.00000e+00
2.85570e+04	0.00000e+00
2.86036e+04	0.00000e+00
2.86502e+04	0.00000e+00
2.86968e+04	0.00000e+00
2.87434e+04	0.00000e+00
2.87899e+04	0.00000e+00
2.88365e+04	0.00000e+00
2.88831e+04	0.00000e+00
2.89297e+04	0.00000e+00
2.89763e+04	0.00000e+00
2.90229e+04	0.00000e+00
2.90695e+04	0.00000e+00
2.91160e+04	0.00000e+00
2.91626e+04	0.00000e+00
2.92092e+04	0.00000e+00
2.92558e+04	0.00000e+00
2.93024e+04	0.00000e+00
2.93490e+04	0.00000e+00
2.93956e+04	0.00000e+00
2.94421e+04	0.00000e+00
2.94887e+04	0.00000e+00
2.95353e+04	0.00000e+00
2.95819e+04	0.00000e+00
2.96285e+04	0.00000e+00
2.96751e+04	0.00000e+00
2.97217e+04	0.00000e+00
2.97682e+04	0.00000e+00
2.98148e+04	0.00000e+00
2.98614e+04	0.00000e+00
2.99080e+04	0.00000e+00
2.99546e+04	0.00000e+00
3.00012e+04	0.00000e+00
3.00478e+04	0.00000e+00
3.00943e+04	0.00000e+00
3.01409e+04	0.00000e+00
3.01875e+04	0.00000e+00
3.02341e+04	0.00000e+00
3.02807e+04	0.00000e+00
3.03273e+04	0.00000e+00
3.03739e+04	0.00000e+00
3.04204e+04	0.00000e+00
3.04670e+04	0.00000e+00
3.05136e+04	0.00000e+00
3.05602e+04	0.00000e+00
3.06068e+04	0.00000e+00
3.06534e+04	0.00000e+00
3.07000e+04	0.00000e+00
3.07465e+04	0.00000e+00
3.07931e+04	0.00000e+00
3.08397e+04	0.00000e+00
3.08863e+04	0.00000e+00
3.09329e+04	0.00000e+00
3.09795e+04	0.00000e+00
3.10261e+04	0.00000e+00
3.10726e+04	0.00000e+00
3.11192e+04	0.00000e+00
3.11658e+04	0.00000e+00
3.12124e+04	0.00000e+00
3.12590e+04	0.00000e+00
3.13056e+04	0.00000e+00
3.13522e+04	0.00000e+00
3.13987e+04	0.00000e+00
3.14453e+04	0.00000e+00
3.14919e+04	0.00000e+00
3.15385e+04	0.00000e+00
3.15851e+04	0.00000e+00
3.16317e+04	0.00000e+00
3.16783e+04	0.00000e+00
3.17248e+04	0.00000e+00
3.17714e+04	0.00000e+00
3.18180e+04	0.00000e+00
3.18646e+04	0.00000e+00
3.19112e+04	0.00000e+00
3.19578e+04	0.00000e+00
3.20044e+04	0.00000e+00
3.20509e+04	0.00000e+00
3.20975e+04	0.00000e+00
3.21441e+04	0.00000e+00
3.21907e+04	0.00000e+00
3.22373e+04	0.00000e+00
3.22839e+04	0.00000e+00
3.23305e+04	0.00000e+00
3.23770e+04	0.00000e+00
3.24236e+04	0.00000e+00
3.24702e+04	0.00000e+00
3.25168e+04	0.00000e+00
3.25634e+04	0.00000e+00
3.26100e+04	0.00000e+00
3.26566e+04	0.00000e+00
3.27031e+04	0.00000e+00
3.27497e+04	0.00000e+00
3.27963e+04	0.00000e+00
3.28429e+04	0.00000e+00
3.28895e+04	0.00000e+00
3.29361e+04	0.00000e+00
3.29827e+04	0.00000e+00
3.30292e+04	0.00000e+00
3.30758e+04	0.00000e+00
3.31224e+04	0.00000e+00
3.31690e+04	0.00000e+00
3.32156e+04	0.00000e+00
3.32622e+04	0.00000e+00
3.33088e+04	0.00000e+00
3.33553e+04	0.00000e+00
3.34019e+04	0.00000e+00
3.34485e+04	0.00000e+00
3.34951e+04	0.00000e+00
3.35417e+04	0.00000e+00
3.35883e+04	0.00000e+00
3.36349e+04	0.00000e+00
3.36814e+04	0.00000e+00
3.37280e+04	0.00000e+00
3.37746e+04	0.00000e+00
3.38212e+04	0.00000e+00
3.38678e+04	0.00000e+00
3.39144e+04	0.00000e+00
3.39610e+04	0.00000e+00
3.40075e+04	0.00000e+00
3.40541e+04	0.00000e+00
3.41007e+04	0.00000e+00
3.41473e+04	0.00000e+00
3.41939e+04	0.00000e+00
3.42405e+04	0.00000e+00
3.42871e+04	0.00000e+00
3.43336e+04	0.00000e+00
3.43802e+04	0.00000e+00
3.44268e+04	0.00000e+00
3.44734e+04	0.00000e+00
3.45200e+04	0.00000e+00
3.45666e+04	0.00000e+00
3.46132e+04	0.00000e+00
3.46597e+04	0.00000e+00
3.47063e+04	0.00000e+00
3.47529e+04	0.00000e+00
3.47995e+04	0.00000e+00
3.48461e+04	0.00000e+00
3.48927e+04	0.00000e+00
3.49393e+04	0.00000e+00
3.49858e+04	0.00000e+00
3.50324e+04	0.00000e+00
3.50790e+04	0.00000e+00
3.51256e+04	0.00000e+00
3.51722e+04	0.00000e+00
3.52188e+04	0.00000e+00
3.52654e+04	0.00000e+00
3.53119e+04	0.00000e+00
3.53585e+04	0.00000e+00
3.54051e+04	0.00000e+00
3.54517e+04	0.00000e+00
3.54983e+04	0.00000e+00
3.55449e+04	0.00000e+00
3.55915e+04	0.00000e+00
3.56380e+04	0.00000e+00
3.56846e+04	0.00000e+00
3.57312e+04	0.00000e+00
3.57778e+04	0.00000e+00
3.58244e+04	0.00000e+00
3.58710e+04	0.00000e+00
3.59175e+04	0.00000e+00
3.59641e+04	0.00000e+00
3.60107e+04	0.00000e+00
3.60573e+04	0.00000e+00
3.61039e+04	0.00000e+00
3.61505e+04	0.00000e+00
3.61971e+04	0.00000e+00
3.62436e+04	0.00000e+00
3.62902e+04	0.00000e+00
3.63368e+04	0.00000e+00
3.63834e+04	0.00000e+00
3.64300e+04	0.00000e+00
3.64766e+04	0.00000e+00
3.65232e+04	0.00000e+00
3.65697e+04	0.00000e+00
3.66163e+04	0.00000e+00
3.66629e+04	0.00000e+00
3.67095e+04	0.00000e+00
3.67561e+04	0.00000e+00
3.68027e+04	0.00000e+00
3.68493e+04	0.00000e+00
3.68958e+04	0.00000e+00
3.69424e+04	0.00000e+00
3.69890e+04	0.00000e+00
3.70356e+04	0.00000e+00
3.70822e+04	0.00000e+00
3.71288e+04	0.00000e+00
3.71754e+04	0.00000e+00
3.72219e+04	0.00000e+00
3.72685e+04	0.00000e+00
3.73151e+04	0.00000e+00
3.73617e+04	0.00000e+00
3.74083e+04	0.00000e+00
3.74549e+04	0.00000e+00
3.75015e+04	0.00000e+00
3.75480e+04	0.00000e+00
3.75946e+04	0.00000e+00
3.76412e+04	0.00000e+00
3.76878e+04	0.00000e+00
3.77344e+04	0.00000e+00
3.77810e+04	0.00000e+00
3.78276e+04	0.00000e+00
3.78741e+04	0.00000e+00
3.79207e+04	0.00000e+00
3.79673e+04	0.00000e+00
3.80139e+04	0.00000e+00
3.80605e+04	0.00000e+00
3.81071e+04	0.00000e+00
3.81537e+04	0.00000e+00
3.82002e+04	0.00000e+00
3.82468e+04	0.00000e+00
3.82934e+04	0.00000e+00
3.83400e+04	0.00000e+00
3.83866e+04	0.00000e+00
3.84332e+04	0.00000e+00
3.84798e+04	0.00000e+00
3.85263e+04	0.00000e+00
3.85729e+04	0.00000e+00
3.86195e+04	0.00000e+00
3.86661e+04	0.00000e+00
3.87127e+04	0.00000e+00
3.87593e+04	0.00000e+00
3.88059e+04	0.00000e+00
3.88524e+04	0.00000e+00
3.88990e+04	0.00000e+00
3.89456e+04	0.00000e+00
3.89922e+04	0.00000e+00
3.90388e+04	0.00000e+00
3.90854e+04	0.00000e+00
3.91320e+04	0.00000e+00
3.91785e+04	0.00000e+00
3.92251e+04	0.00000e+00
3.92717e+04	0.00000e+00
3.93183e+04	0.00000e+00
3.93649e+04	0.00000e+00
3.94115e+04	0.00000e+00
3.94581e+04	0.00000e+00
3.95046e+04	0.00000e+00
3.95512e+04	0.00000e+00
3.95978e+04	0.00000e+00
3.96444e+04	0.00000e+00
3.96910e+04	0.00000e+00
3.97376e+04	0.00000e+00
3.97842e+04	0.00000e+00
3.98307e+04	0.00000e+00
3.98773e+04	0.00000e+00
3.99239e+04	0.00000e+00
3.99705e+04	0.00000e+00
4.00171e+04	0.00000e+00
4.00637e+04	0.00000e+00
4.01103e+04	0.00000e+00
4.01568e+04	0.00000e+00
4.02034e+04	0.00000e+00
4.02500e+04	0.00000e+00
4.02966e+04	0.00000e+00
4.03432e+04	0.00000e+00
4.03898e+04	0.00000e+00
4.04364e+04	0.00000e+00
4.04829e+04	0.00000e+00
4.05295e+04	0.00000e+00
4.05761e+04	0.00000e+00
4.06227e+04	0.00000e+00
4.06693e+04	0.00000e+00
4.07159e+04	0.00000e+00
4.07625e+04	0.00000e+00
4.08090e+04	0.00000e+00
4.08556e+04	0.00000e+00
4.09022e+04	0.00000e+00
4.09488e+04	0.00000e+00
4.09954e+04	0.00000e+00
4.10420e+04	0.00000e+00
4.10886e+04	0.00000e+00
4.11351e+04	0.00000e+00
4.11817e+04	0.00000e+00
4.12283e+04	0.00000e+00
4.12749e+04	0.00000e+00
4.13215e+04	0.00000e+00
4.13681e+04	0.00000e+00
4.14147e+04	0.00000e+00
4.14612e+04	0.00000e+00
4.15078e+04	0.00000e+00
4.15544e+04	0.00000e+00
4.16010e+04	0.00000e+00
4.16476e+04	0.00000e+00
4.16942e+04	0.00000e+00
4.17408e+04	0.00000e+00
4.17873e+04	0.00000e+00
4.18339e+04	0.00000e+00
4.18805e+04	0.00000e+00
4.19271e+04	0.00000e+00
4.19737e+04	0.00000e+00
4.20203e+04	0.00000e+00
4.20669e+04	0.00000e+00
4.21134e+04	0.00000e+00
4.21600e+04	0.00000e+00
4.22066e+04	0.00000e+00
4.22532e+04	0.00000e+00
4.22998e+04	0.00000e+00
4.23464e+04	0.00000e+00
4.23930e+04	0.00000e+00
4.24395e+04	0.00000e+00
4.24861e+04	0.00000e+00
4.25327e+04	0.00000e+00
4.25793e+04	0.00000e+00
4.26259e+04	0.00000e+00
4.26725e+04	0.00000e+00
4.27191e+04	0.00000e+00
4.27656e+04	0.00000e+00
4.28122e+04	0.00000e+00
4.28588e+04	0.00000e+00
4.29054e+04	0.00000e+00
4.29520e+04	0.00000e+00
4.29986e+04	0.00000e+00
4.30452e+04	0.00000e+00
4.30917e+04	0.00000e+00
4.31383e+04	0.00000e+00
4.31849e+04	0.00000e+00
4.32315e+04	0.00000e+00
4.32781e+04	0.00000e+00
4.33247e+04	0.00000e+00
4.33713e+04	0.00000e+00
4.34178e+04	0.00000e+00
4.34644e+04	0.00000e+00
4.35110e+04	0.00000e+00
4.35576e+04	0.00000e+00
4.36042e+04	0.00000e+00
4.36508e+04	0.00000e+00
4.36974e+04	0.00000e+00
4.37439e+04	0.00000e+00
4.37905e+04	0.00000e+00
4.38371e+04	0.00000e+00
4.38837e+04	0.00000e+00
4.39303e+04	0.00000e+00
4.39769e+04	0.00000e+00
4.40235e+04	0.00000e+00
4.40700e+04	0.00000e+00
4.41166e+04	0.00000e+00
4.41632e+04	0.00000e+00
4.42098e+04	0.00000e+00
4.42564e+04	0.00000e+00
4.43030e+04	0.00000e+00
4.43496e+04	0.00000e+00
4.43961e+04	0.00000e+00
4.44427e+04	0.00000e+00
4.44893e+04	0.00000e+00
4.45359e+04	0.00000e+00
4.45825e+04	0.00000e+00
4.46291e+04	0.00000e+00
4.46757e+04	0.00000e+00
4.47222e+04	0.00000e+00
4.47688e+04	0.00000e+00
4.48154e+04	0.00000e+00
4.48620e+04	0.00000e+00
4.49086e+04	0.00000e+00
4.49552e+04	0.00000e+00
4.50018e+04	0.00000e+00
4.50483e+04	0.00000e+00
4.50949e+04	0.00000e+00
4.51415e+04	0.00000e+00
4.51881e+04	0.00000e+00
4.52347e+04	0.00000e+00
4.52813e+04	0.00000e+00
4.53279e+04	0.00000e+00
4.53744e+04	0.00000e+00
4.54210e+04	0.00000e+00
4.54676e+04	0.00000e+00
4.55142e+04	0.00000e+00
4.55608e+04	0.00000e+00
4.56074e+04	0.00000e+00
4.56540e+04	0.00000e+00
4.57005e+04	0.00000e+00
4.57471e+04	0.00000e+00
4.57937e+04	0.00000e+00
4.58403e+04	0.00000e+00
4.58869e+04	0.00000e+00
4.59335e+04	0.00000e+00
4.59801e+04	0.00000e+00
4.60266e+04	0.00000e+00
4.60732e+04	0.00000e+00
4.61198e+04	0.00000e+00
4.61664e+04	0.00000e+00
4.62130e+04	0.00000e+00
4.62596e+04	0.00000e+00
4.63062e+04	0.00000e+00
4.63527e+04	0.00000e+00
4.63993e+04	0.00000e+00
4.64459e+04	0.00000e+00
4.64925e+04	0.00000e+00
4.65391e+04	0.00000e+00
4.65857e+04	0.00000e+00
