# t	a	e	mean_anomaly	varpi	mass/M_star
0.00000e+00	1.20457e-02	4.54797e-02	4.59682	4.08557	4.59020e-05
4.65857e+01	1.20391e-02	3.63590e-02	3.94354	4.64140	4.59020e-05
9.31714e+01	1.20378e-02	4.40148e-02	3.32240	5.17722	4.59020e-05
1.39757e+02	1.20437e-02	5.54418e-02	2.65422	5.89311	4.59020e-05
1.86343e+02	1.20442e-02	4.83831e-02	2.04574	0.34792	4.59020e-05
2.32928e+02	1.20393e-02	3.62072e-02	1.51767	0.99641	4.59020e-05
2.79514e+02	1.20389e-02	4.05895e-02	1.22886	1.48689	4.59020e-05
3.26100e+02	1.20482e-02	5.22095e-02	1.34556	2.14650	4.59020e-05
3.72685e+02	1.20444e-02	4.79053e-02	1.87298	2.86630	4.59020e-05
4.19271e+02	1.20391e-02	3.39639e-02	2.51500	3.52404	4.59020e-05
4.65857e+02	1.20379e-02	3.56059e-02	3.27864	4.02228	4.59020e-05
5.12442e+02	1.20391e-02	4.97408e-02	4.06381	4.62606	4.59020e-05
5.59028e+02	1.20454e-02	4.80968e-02	4.94322	5.31813	4.59020e-05
6.05614e+02	1.20383e-02	3.57563e-02	5.87079	5.92191	4.59020e-05
6.52199e+02	1.20397e-02	3.61982e-02	0.65713	0.14001	4.59020e-05
6.98785e+02	1.20383e-02	5.12523e-02	1.65807	0.82340	4.59020e-05
7.45371e+02	1.20451e-02	5.21877e-02	2.82357	1.53943	4.59020e-05
7.91956e+02	1.20449e-02	4.01090e-02	4.00640	2.20823	4.59020e-05
8.38542e+02	1.20388e-02	3.79691e-02	5.50245	2.68783	4.59020e-05
8.85128e+02	1.20381e-02	5.13139e-02	0.51849	3.36347	4.59020e-05
9.31713e+02	1.20465e-02	5.44431e-02	1.93088	4.09740	4.59020e-05
9.78299e+02	1.20443e-02	4.05881e-02	3.33422	4.83520	4.59020e-05
1.02488e+03	1.20386e-02	3.51728e-02	4.98858	5.34350	4.59020e-05
1.07147e+03	1.20395e-02	4.65499e-02	0.37488	5.89369	4.59020e-05
1.11806e+03	1.20392e-02	5.27141e-02	2.04840	0.32294	4.59020e-05
1.16464e+03	1.20443e-02	3.92609e-02	3.79649	1.03328	4.59020e-05
1.21123e+03	1.20444e-02	3.07110e-02	5.58811	1.59062	4.59020e-05
1.25781e+03	1.20385e-02	4.31293e-02	1.31379	2.10440	4.59020e-05
1.30440e+03	1.20371e-02	5.27918e-02	3.19876	2.80095	4.59020e-05
1.35098e+03	1.20391e-02	4.41017e-02	5.17989	3.49029	4.59020e-05
1.39757e+03	1.20443e-02	3.26350e-02	0.94723	4.05402	4.59020e-05
1.44416e+03	1.20400e-02	4.30296e-02	3.03346	4.65189	4.59020e-05
1.49074e+03	1.20378e-02	5.54227e-02	5.16508	5.36054	4.59020e-05
1.53733e+03	1.20386e-02	4.94931e-02	1.07602	6.09964	4.59020e-05
1.58391e+03	1.20413e-02	3.67232e-02	3.37115	0.41954	4.59020e-05
1.63050e+03	1.20447e-02	4.03122e-02	5.76821	0.95855	4.59020e-05
1.67708e+03	1.20384e-02	5.41078e-02	1.92815	1.67929	4.59020e-05
1.72367e+03	1.20382e-02	5.01460e-02	4.37211	2.42071	4.59020e-05
1.77026e+03	1.20384e-02	3.62937e-02	0.55927	3.11807	4.59020e-05
1.81684e+03	1.20414e-02	3.63851e-02	3.29640	3.56070	4.59020e-05
1.86343e+03	1.20451e-02	4.84301e-02	5.98468	4.20997	4.59020e-05
1.91001e+03	1.20405e-02	4.95884e-02	2.43173	4.93888	4.59020e-05
1.95660e+03	1.20383e-02	3.57660e-02	5.15802	5.63409	4.59020e-05
2.00318e+03	1.20381e-02	3.36472e-02	1.79245	6.16480	4.59020e-05
2.04977e+03	1.20385e-02	4.78849e-02	4.71814	0.49134	4.59020e-05
2.09636e+03	1.20451e-02	5.22308e-02	1.46928	1.22135	4.59020e-05
2.14294e+03	1.20464e-02	4.07597e-02	4.54742	1.91626	4.59020e-05
2.18953e+03	1.20388e-02	3.48530e-02	1.50836	2.48361	4.59020e-05
2.23611e+03	1.20380e-02	4.70379e-02	4.74322	3.13683	4.59020e-05
2.28270e+03	1.20380e-02	5.62934e-02	1.74957	3.87250	4.59020e-05
2.32928e+03	1.20439e-02	4.55579e-02	5.14635	4.61231	4.59020e-05
2.37587e+03	1.20430e-02	3.43628e-02	2.38778	5.19349	4.59020e-05
2.42245e+03	1.20380e-02	4.29482e-02	5.96375	5.76501	4.59020e-05
2.46904e+03	1.20373e-02	5.38704e-02	3.30422	0.20863	4.59020e-05
2.51563e+03	1.20388e-02	4.69439e-02	0.64751	0.96900	4.59020e-05
2.56221e+03	1.20391e-02	3.36652e-02	4.42854	1.61111	4.59020e-05
2.60880e+03	1.20433e-02	3.68080e-02	2.83518	2.05430	4.59020e-05
2.65538e+03	1.20444e-02	4.97603e-02	1.42043	2.73689	4.59020e-05
2.70197e+03	1.20381e-02	4.82148e-02	0.03914	3.46302	4.59020e-05
2.74855e+03	1.20388e-02	3.43795e-02	5.02099	4.12665	4.59020e-05
2.79514e+03	1.20372e-02	3.66560e-02	3.86780	4.63813	4.59020e-05
2.84173e+03	1.20385e-02	5.15326e-02	2.72334	5.29323	4.59020e-05
2.88831e+03	1.20468e-02	5.24031e-02	1.69466	6.03581	4.59020e-05
2.93490e+03	1.20440e-02	3.85122e-02	0.64663	0.45475	4.59020e-05
2.98148e+03	1.20444e-02	3.54395e-02	5.96945	1.03168	4.59020e-05
3.02807e+03	1.20386e-02	5.01212e-02	5.05899	1.71350	4.59020e-05
3.07465e+03	1.20364e-02	5.55483e-02	4.17616	2.47789	4.59020e-05
3.12124e+03	1.20368e-02	4.34086e-02	3.23461	3.23317	4.59020e-05
3.16783e+03	1.20391e-02	3.46715e-02	2.39502	3.80591	4.59020e-05
3.21441e+03	1.20472e-02	4.31998e-02	1.53805	4.43813	4.59020e-05
3.26100e+03	1.20446e-02	5.26043e-02	0.64895	5.24461	4.59020e-05
3.30758e+03	1.20455e-02	4.51640e-02	6.15189	6.10334	4.59020e-05
3.35417e+03	1.20382e-02	3.33115e-02	5.38806	0.58506	4.59020e-05
3.40075e+03	1.20369e-02	3.59322e-02	4.87991	1.13048	4.59020e-05
3.44734e+03	1.20384e-02	4.86107e-02	4.39488	1.89101	4.59020e-05
3.49393e+03	1.20384e-02	5.01091e-02	4.05005	2.70166	4.59020e-05
3.54051e+03	1.20404e-02	3.58259e-02	3.77948	3.46116	4.59020e-05
3.58710e+03	1.20441e-02	2.99543e-02	3.63078	4.08747	4.59020e-05
3.63368e+03	1.20437e-02	4.35923e-02	3.45743	4.77411	4.59020e-05
3.68027e+03	1.20400e-02	5.42246e-02	3.34710	5.60774	4.59020e-05
3.72685e+03	1.20384e-02	4.68880e-02	3.27813	0.15878	4.59020e-05
3.77344e+03	1.20363e-02	3.52297e-02	3.10167	0.92178	4.59020e-05
3.82002e+03	1.20365e-02	3.93640e-02	2.99293	1.67059	4.59020e-05
3.86661e+03	1.20381e-02	5.36623e-02	3.08243	2.46632	4.59020e-05
3.91320e+03	1.20396e-02	5.50580e-02	3.23567	3.29416	4.59020e-05
3.95978e+03	1.20430e-02	4.08898e-02	3.51227	4.10205	4.59020e-05
4.00637e+03	1.20428e-02	3.54396e-02	3.98199	4.70399	4.59020e-05
4.05295e+03	1.20462e-02	4.74377e-02	4.66685	5.34183	4.59020e-05
4.09954e+03	1.20387e-02	5.42914e-02	5.42344	6.10793	4.59020e-05
4.14612e+03	1.20396e-02	4.15098e-02	6.05411	0.64106	4.59020e-05
4.19271e+03	1.20378e-02	3.09250e-02	0.16962	1.62878	4.59020e-05
4.23930e+03	1.20356e-02	3.10881e-02	0.05753	2.88032	4.59020e-05
4.28588e+03	1.20392e-02	4.14997e-02	0.11284	3.99710	4.59020e-05
4.33247e+03	1.20451e-02	5.34559e-02	0.83276	4.81756	4.59020e-05
4.37905e+03	1.20449e-02	4.82795e-02	1.75339	5.61106	4.59020e-05
4.42564e+03	1.20431e-02	3.51897e-02	2.37005	0.29269	4.59020e-05
4.47222e+03	1.20419e-02	2.77465e-02	2.52278	1.52317	4.59020e-05
4.51881e+03	1.20420e-02	2.32629e-02	0.99796	3.64991	4.59020e-05
4.56540e+03	1.20407e-02	2.06944e-02	3.64182	0.61073	4.59020e-05
4.61198e+03	1.20352e-02	4.69530e-02	3.94784	5.10936	4.59020e-05
4.65857e+03	1.20403e-02	8.29061e-03	5.36282	2.71612	4.59020e-05
4.70515e+03	1.20419e-02	1.74312e-02	2.73165	5.56731	4.59020e-05
4.75174e+03	1.20381e-02	5.31653e-03	3.72765	5.20688	4.59020e-05
4.79832e+03	1.20368e-02	1.71379e-02	4.56852	0.53214	4.59020e-05
4.84491e+03	1.20410e-02	2.17267e-02	0.39408	2.28411	4.59020e-05
4.89150e+03	1.20387e-02	1.69182e-02	4.06190	3.78489	4.59020e-05
4.93808e+03	1.20362e-02	5.57633e-02	4.46412	4.15652	4.59020e-05
4.98467e+03	1.20399e-02	1.91856e-02	0.60658	0.60638	4.59020e-05
5.03125e+03	1.20369e-02	1.62708e-02	2.53380	3.00198	4.59020e-05
5.07784e+03	1.20401e-02	1.28144e-02	0.16974	0.40432	4.59020e-05
5.12442e+03	1.20418e-02	1.47309e-02	1.16017	5.84986	4.59020e-05
5.17101e+03	1.20420e-02	1.84425e-02	1.88059	4.94405	4.59020e-05
5.21759e+03	1.20390e-02	2.05028e-02	3.13376	5.29417	4.59020e-05
5.26418e+03	1.20398e-02	1.45463e-02	2.68258	0.23882	4.59020e-05
5.31077e+03	1.20394e-02	9.97317e-03	2.75321	0.60673	4.59020e-05
5.35735e+03	1.20402e-02	2.50866e-02	2.35687	2.88502	4.59020e-05
5.40394e+03	1.20414e-02	2.33762e-02	4.65937	5.43626	4.59020e-05
5.45052e+03	1.20440e-02	2.24854e-02	3.27048	5.81329	4.59020e-05
5.49711e+03	1.20372e-02	8.48908e-03	0.12578	0.37132	4.59020e-05
5.54369e+03	1.20433e-02	1.99774e-02	1.72980	3.06633	4.59020e-05
5.59028e+03	1.20420e-02	2.51456e-02	2.37821	4.39901	4.59020e-05
5.63687e+03	1.20386e-02	2.61619e-02	4.74728	0.08505	4.59020e-05
5.68345e+03	1.20395e-02	2.31537e-02	2.35954	2.41805	4.59020e-05
5.73004e+03	1.20468e-02	2.30002e-02	1.01822	3.24444	4.59020e-05
5.77662e+03	1.20373e-02	2.42056e-02	4.06713	3.93748	4.59020e-05
5.82321e+03	1.20365e-02	1.43894e-02	0.97015	3.79109	4.59020e-05
5.86979e+03	1.20367e-02	1.16316e-02	1.83647	4.42383	4.59020e-05
5.91638e+03	1.20412e-02	2.42581e-03	1.11631	3.79307	4.59020e-05
5.96297e+03	1.20383e-02	1.79876e-02	4.39175	2.77625	4.59020e-05
6.00955e+03	1.20359e-02	2.07553e-02	0.86581	3.51338	4.59020e-05
6.05614e+03	1.20373e-02	2.83108e-02	3.77054	4.03221	4.59020e-05
6.10272e+03	1.20407e-02	2.45157e-02	5.27273	4.02028	4.59020e-05
6.14931e+03	1.20399e-02	1.63359e-02	3.89920	2.04101	4.59020e-05
6.19589e+03	1.20448e-02	3.14987e-02	3.21247	5.09524	4.59020e-05
6.24248e+03	1.20388e-02	3.68594e-02	3.25367	0.73686	4.59020e-05
6.28907e+03	1.20374e-02	3.85361e-02	3.38956	2.33919	4.59020e-05
6.33565e+03	1.20401e-02	3.43758e-02	4.49932	4.04834	4.59020e-05
6.38224e+03	1.20361e-02	3.66046e-02	5.71310	5.51108	4.59020e-05
6.42882e+03	1.20423e-02	2.47551e-02	5.79715	1.82900	4.59020e-05
6.47541e+03	1.20373e-02	2.80093e-02	3.53375	0.47148	4.59020e-05
6.52199e+03	1.20401e-02	2.73531e-02	4.83977	2.47404	4.59020e-05
6.56858e+03	1.20394e-02	1.67196e-02	4.36434	2.92501	4.59020e-05
6.61516e+03	1.20420e-02	1.76415e-02	0.66187	5.22633	4.59020e-05
6.66175e+03	1.20376e-02	8.08167e-03	4.75342	3.88139	4.59020e-05
6.70834e+03	1.20406e-02	2.45945e-02	0.02056	5.64857	4.59020e-05
6.75492e+03	1.20410e-02	1.04908e-02	6.25229	5.98194	4.59020e-05
6.80151e+03	1.20424e-02	2.32789e-02	2.45259	1.57931	4.59020e-05
6.84809e+03	1.20413e-02	2.64412e-03	2.08339	0.06145	4.59020e-05
6.89468e+03	1.20383e-02	2.93247e-02	3.39345	2.56143	4.59020e-05
6.94126e+03	1.20415e-02	1.09331e-02	0.34288	4.03809	4.59020e-05
6.98785e+03	1.20397e-02	1.36537e-02	2.74974	3.31989	4.59020e-05
7.03444e+03	1.20438e-02	8.63123e-03	0.30574	5.88301	4.59020e-05
7.08102e+03	1.20415e-02	4.24983e-02	1.80031	6.15418	4.59020e-05
7.12761e+03	1.20423e-02	2.56828e-02	1.57864	2.10832	4.59020e-05
7.17419e+03	1.20437e-02	2.96077e-02	0.75245	2.02022	4.59020e-05
7.22078e+03	1.20456e-02	2.86651e-02	4.22631	4.46102	4.59020e-05
7.26736e+03	1.20413e-02	3.84883e-02	3.16063	4.54008	4.59020e-05
7.31395e+03	1.20431e-02	3.31245e-02	3.13030	5.09659	4.59020e-05
7.36054e+03	1.20419e-02	2.68591e-02	2.56153	5.67341	4.59020e-05
7.40712e+03	1.20395e-02	7.37770e-03	1.30722	0.94731	4.59020e-05
7.45371e+03	1.20434e-02	3.24747e-02	5.23824	1.23538	4.59020e-05
7.50029e+03	1.20428e-02	2.93272e-02	1.63115	3.07725	4.59020e-05
7.54688e+03	1.20374e-02	7.17586e-03	1.85324	1.49627	4.59020e-05
7.59346e+03	1.20441e-02	2.41903e-02	3.83854	3.51449	4.59020e-05
7.64005e+03	1.20452e-02	8.08238e-03	4.77571	5.44593	4.59020e-05
7.68664e+03	1.20373e-02	4.06031e-02	1.26127	5.66756	4.59020e-05
7.73322e+03	1.20377e-02	1.81802e-02	0.46376	5.38583	4.59020e-05
7.77981e+03	1.20384e-02	4.13734e-02	2.20353	1.92401	4.59020e-05
7.82639e+03	1.20335e-02	3.10410e-02	1.61661	2.52619	4.59020e-05
7.87298e+03	1.20407e-02	4.45252e-02	2.00233	4.39488	4.59020e-05
7.91956e+03	1.20400e-02	3.82903e-02	5.40645	5.36186	4.59020e-05
7.96615e+03	1.20446e-02	4.70580e-02	5.98105	1.28000	4.59020e-05
8.01273e+03	1.20380e-02	3.10017e-02	5.29400	1.18446	4.59020e-05
8.05932e+03	1.20340e-02	1.92147e-02	4.49230	3.22702	4.59020e-05
8.10591e+03	1.20326e-02	2.53653e-02	2.14592	3.91716	4.59020e-05
8.15249e+03	1.20355e-02	3.65914e-02	0.26438	0.27650	4.59020e-05
8.19908e+03	1.20330e-02	3.83964e-02	0.40816	0.99226	4.59020e-05
8.24566e+03	1.20408e-02	2.95934e-02	2.61279	1.62418	4.59020e-05
8.29225e+03	1.20341e-02	2.29110e-02	4.06728	2.43445	4.59020e-05
8.33883e+03	1.20380e-02	2.10722e-02	4.77498	3.35352	4.59020e-05
8.38542e+03	1.20364e-02	2.28572e-02	2.34258	4.47993	4.59020e-05
8.43201e+03	1.20365e-02	1.65977e-02	2.45748	4.90139	4.59020e-05
8.47859e+03	1.20372e-02	1.70559e-02	2.45092	5.65872	4.59020e-05
8.52518e+03	1.20354e-02	2.68605e-02	2.45192	0.26723	4.59020e-05
8.57176e+03	1.20337e-02	2.85230e-02	2.69246	1.68070	4.59020e-05
8.61835e+03	1.20320e-02	2.42146e-02	4.39685	2.47181	4.59020e-05
8.66493e+03	1.20254e-02	1.86024e-02	5.96728	3.45011	4.59020e-05
8.71152e+03	1.20246e-02	2.28196e-02	5.39541	3.86002	4.59020e-05
8.75811e+03	1.20303e-02	2.44481e-02	3.69044	5.01432	4.59020e-05
8.80469e+03	1.20235e-02	2.80998e-02	1.39646	5.58163	4.59020e-05
8.85128e+03	1.20194e-02	3.60489e-02	3.36775	0.07796	4.59020e-05
8.89786e+03	1.20171e-02	2.38693e-02	3.05803	0.51473	4.59020e-05
8.94445e+03	1.20186e-02	1.84188e-02	5.39113	0.27102	4.59020e-05
8.99103e+03	1.20187e-02	4.82920e-03	1.50256	5.30959	4.59020e-05
9.03762e+03	1.20189e-02	1.83693e-02	2.58779	5.21079	4.59020e-05
9.08421e+03	1.20173e-02	2.26178e-02	4.89462	5.03832	4.59020e-05
9.13079e+03	1.20192e-02	9.41244e-03	2.99059	4.41342	4.59020e-05
9.17738e+03	1.20182e-02	1.53788e-02	3.88724	3.48541	4.59020e-05
9.22396e+03	1.20188e-02	2.54999e-02	5.16684	3.88159	4.59020e-05
9.27055e+03	1.20185e-02	3.10472e-02	3.13475	4.11245	4.59020e-05
9.31713e+03	1.20226e-02	3.46156e-02	5.59966	4.69335	4.59020e-05
9.36372e+03	1.20193e-02	3.01489e-02	0.24381	4.67196	4.59020e-05
9.41030e+03	1.20199e-02	2.95372e-02	5.03881	5.04422	4.59020e-05
9.45689e+03	1.20177e-02	2.98770e-02	6.03264	5.49805	4.59020e-05
9.50348e+03	1.20191e-02	2.49856e-02	6.15326	5.77191	4.59020e-05
9.55006e+03	1.20216e-02	1.97726e-02	5.84844	6.08544	4.59020e-05
9.59665e+03	1.20170e-02	1.27420e-02	3.37425	5.64877	4.59020e-05
9.64323e+03	1.20195e-02	1.62132e-02	1.94579	5.39575	4.59020e-05
9.68982e+03	1.20174e-02	2.69292e-02	0.94546	5.74876	4.59020e-05
9.73640e+03	1.20218e-02	2.95976e-02	3.19005	0.04689	4.59020e-05
9.78299e+03	1.20186e-02	2.46496e-02	4.63870	0.38349	4.59020e-05
9.82958e+03	1.20192e-02	1.77559e-02	2.55711	0.49009	4.59020e-05
9.87616e+03	1.20222e-02	1.54411e-02	0.10274	1.69409	4.59020e-05
9.92275e+03	1.20242e-02	1.12589e-03	2.95947	4.15501	4.59020e-05
9.96933e+03	1.20253e-02	2.54822e-02	2.86113	4.25039	4.59020e-05
1.00159e+04	1.20198e-02	3.22364e-02	4.21534	5.06355	4.59020e-05
1.00625e+04	1.20199e-02	2.07474e-02	5.27635	5.52185	4.59020e-05
1.01091e+04	1.20202e-02	4.18979e-02	6.12064	6.25444	4.59020e-05
1.01557e+04	1.20197e-02	1.01495e-02	4.14254	0.40799	4.59020e-05
1.02023e+04	1.20195e-02	1.67891e-02	1.77211	4.01117	4.59020e-05
1.02488e+04	1.20207e-02	1.59299e-02	3.07199	0.60279	4.59020e-05
1.02954e+04	1.20202e-02	1.67601e-02	0.27445	6.17533	4.59020e-05
1.03420e+04	1.20186e-02	2.68590e-02	1.35775	2.31565	4.59020e-05
1.03886e+04	1.20208e-02	2.16783e-02	0.57874	2.48516	4.59020e-05
1.04352e+04	1.20239e-02	1.57240e-02	3.00449	5.03930	4.59020e-05
1.04818e+04	1.20205e-02	1.60239e-02	5.86521	4.66426	4.59020e-05
1.05284e+04	1.20185e-02	1.71034e-02	4.96419	5.92459	4.59020e-05
1.05749e+04	1.20179e-02	2.40430e-02	3.50179	6.06322	4.59020e-05
1.06215e+04	1.20188e-02	2.07925e-02	0.07990	5.97055	4.59020e-05
1.06681e+04	1.20200e-02	2.31373e-02	2.81223	5.86404	4.59020e-05
1.07147e+04	1.20248e-02	1.26630e-02	3.99606	5.90458	4.59020e-05
1.07613e+04	1.20260e-02	7.50121e-03	0.82827	5.33818	4.59020e-05
1.08079e+04	1.20248e-02	2.00323e-02	1.99189	3.55679	4.59020e-05
1.08545e+04	1.20227e-02	1.95873e-02	3.89679	1.53758	4.59020e-05
1.09010e+04	1.20313e-02	2.47998e-02	6.04344	5.22702	4.59020e-05
1.09476e+04	1.20312e-02	2.56156e-02	0.42388	0.09507	4.59020e-05
1.09942e+04	1.20234e-02	2.78729e-02	2.30875	0.93728	4.59020e-05
1.10408e+04	1.20297e-02	3.06878e-02	4.44872	4.38410	4.59020e-05
1.10874e+04	1.20275e-02	3.96496e-02	3.21547	5.09587	4.59020e-05
1.11340e+04	1.20192e-02	4.61857e-02	4.91229	5.79754	4.59020e-05
1.11806e+04	1.20165e-02	2.74461e-02	6.01075	4.45433	4.59020e-05
1.12271e+04	1.20197e-02	3.95994e-02	0.15826	3.71642	4.59020e-05
1.12737e+04	1.20223e-02	4.66181e-02	4.06235	3.49835	4.59020e-05
1.13203e+04	1.20233e-02	4.50378e-02	2.99507	3.53901	4.59020e-05
1.13669e+04	1.20230e-02	4.99220e-02	4.62546	4.83668	4.59020e-05
1.14135e+04	1.20178e-02	2.22384e-02	5.33194	3.83913	4.59020e-05
1.14601e+04	1.20255e-02	1.07523e-02	3.78544	0.89629	4.59020e-05
1.15067e+04	1.20200e-02	9.75673e-03	0.98383	1.75240	4.59020e-05
1.15532e+04	1.20241e-02	2.72130e-02	1.64874	3.96675	4.59020e-05
1.15998e+04	1.20123e-02	6.48467e-02	0.79636	1.73213	4.59020e-05
1.16464e+04	1.20248e-02	2.20387e-02	0.74400	3.15019	4.59020e-05
1.16930e+04	1.20327e-02	1.93250e-02	4.40087	0.23211	4.59020e-05
1.17396e+04	1.20315e-02	3.00229e-02	1.32929	3.89477	4.59020e-05
1.17862e+04	1.20263e-02	3.22936e-02	1.63643	0.75749	4.59020e-05
1.18328e+04	1.20213e-02	5.72198e-02	0.91319	0.93783	4.59020e-05
1.18793e+04	1.20322e-02	1.26848e-02	0.05751	6.06501	4.59020e-05
1.19259e+04	1.20288e-02	4.58182e-02	4.28282	2.56251	4.59020e-05
1.19725e+04	1.20291e-02	4.61877e-02	3.35275	4.43958	4.59020e-05
1.20191e+04	1.20322e-02	1.78863e-02	5.71451	2.86800	4.59020e-05
1.20657e+04	1.20298e-02	6.47602e-02	2.74298	5.55295	4.59020e-05
1.21123e+04	1.20282e-02	2.53503e-02	0.18514	1.08427	4.59020e-05
1.21589e+04	1.20289e-02	3.03079e-02	2.32728	6.13668	4.59020e-05
1.22054e+04	1.20288e-02	5.57247e-02	4.73762	2.49668	4.59020e-05
1.22520e+04	1.20286e-02	1.27743e-02	0.44517	5.34386	4.59020e-05
1.22986e+04	1.20309e-02	4.02970e-02	1.01798	3.33832	4.59020e-05
1.23452e+04	1.20323e-02	5.33541e-02	3.12149	5.74006	4.59020e-05
1.23918e+04	1.20294e-02	1.62445e-02	4.31868	3.19493	4.59020e-05
1.24384e+04	1.20332e-02	5.82457e-02	5.25483	0.51714	4.59020e-05
1.24850e+04	1.20313e-02	3.97389e-02	1.80062	2.95469	4.59020e-05
1.25315e+04	1.20312e-02	2.74918e-02	2.60519	1.57719	4.59020e-05
1.25781e+04	1.20286e-02	5.33612e-02	0.28734	3.68214	4.59020e-05
1.26247e+04	1.20260e-02	2.69137e-02	2.03892	0.01999	4.59020e-05
1.26713e+04	1.20238e-02	3.96294e-02	4.58628	5.06767	4.59020e-05
1.27179e+04	1.20307e-02	4.03060e-02	2.32641	0.53635	4.59020e-05
1.27645e+04	1.20328e-02	1.31217e-02	0.22214	4.03378	4.59020e-05
1.28111e+04	1.20278e-02	2.50533e-02	0.87529	1.24524	4.59020e-05
1.28576e+04	1.20310e-02	5.27356e-02	0.79384	3.16684	4.59020e-05
1.29042e+04	1.20301e-02	2.31972e-02	0.62378	3.50534	4.59020e-05
1.29508e+04	1.20294e-02	6.26966e-02	2.19804	5.26652	4.59020e-05
1.29974e+04	1.20287e-02	1.76872e-02	4.42683	6.11779	4.59020e-05
1.30440e+04	1.20280e-02	6.22808e-02	2.72412	0.20021	4.59020e-05
1.30906e+04	1.20301e-02	3.61430e-02	5.70425	2.30679	4.59020e-05
1.31372e+04	1.20289e-02	2.25160e-03	4.73770	3.64036	4.59020e-05
1.31837e+04	1.20282e-02	4.01803e-02	0.13373	2.43466	4.59020e-05
1.32303e+04	1.20292e-02	5.76659e-02	4.96276	4.28862	4.59020e-05
1.32769e+04	1.20319e-02	3.95896e-02	3.35524	0.08633	4.59020e-05
1.33235e+04	1.20286e-02	1.26453e-02	0.05794	3.93181	4.59020e-05
1.33701e+04	1.20299e-02	2.94332e-02	4.01294	0.44206	4.59020e-05
1.34167e+04	1.20320e-02	5.46146e-02	3.38120	2.06020	4.59020e-05
1.34633e+04	1.20292e-02	2.42891e-02	1.87452	4.32804	4.59020e-05
1.35098e+04	1.20308e-02	1.06617e-02	3.58624	3.42566	4.59020e-05
1.35564e+04	1.20310e-02	2.47660e-02	3.84576	3.91227	4.59020e-05
1.36030e+04	1.20310e-02	5.06755e-02	3.14449	5.29465	4.59020e-05
1.36496e+04	1.20313e-02	5.13600e-02	2.27075	0.59372	4.59020e-05
1.36962e+04	1.20304e-02	2.74019e-02	1.71818	1.99078	4.59020e-05
1.37428e+04	1.20308e-02	2.28045e-02	1.51421	2.99950	4.59020e-05
1.37894e+04	1.20289e-02	1.61467e-02	4.19815	1.12715	4.59020e-05
1.38359e+04	1.20282e-02	4.16634e-02	2.15688	3.96197	4.59020e-05
1.38825e+04	1.20279e-02	3.11583e-02	1.84418	5.13496	4.59020e-05
1.39291e+04	1.20283e-02	4.55470e-02	1.31166	0.21026	4.59020e-05
1.39757e+04	1.20304e-02	3.16361e-02	0.53680	1.84643	4.59020e-05
1.40223e+04	1.20288e-02	4.99852e-03	0.73740	2.51258	4.59020e-05
1.40689e+04	1.20290e-02	1.46272e-02	2.00649	2.29541	4.59020e-05
1.41155e+04	1.20304e-02	1.49628e-02	2.73672	2.73755	4.59020e-05
1.41620e+04	1.20295e-02	4.87086e-02	2.71906	3.98076	4.59020e-05
1.42086e+04	1.20292e-02	4.50127e-02	2.16096	5.79111	4.59020e-05
1.42552e+04	1.20291e-02	2.74336e-02	2.49157	0.58847	4.59020e-05
1.43018e+04	1.20288e-02	3.02808e-02	2.50671	2.03713	4.59020e-05
1.43484e+04	1.20289e-02	1.11940e-02	1.32334	4.71500	4.59020e-05
1.43950e+04	1.20297e-02	2.47203e-02	5.74081	1.88723	4.59020e-05
1.44416e+04	1.20294e-02	3.44950e-02	5.73191	3.64660	4.59020e-05
1.44881e+04	1.20318e-02	3.46489e-02	0.12355	4.72618	4.59020e-05
1.45347e+04	1.20286e-02	5.00577e-02	0.58272	6.01253	4.59020e-05
1.45813e+04	1.20301e-02	3.98088e-02	0.56771	1.50432	4.59020e-05
1.46279e+04	1.20282e-02	9.74728e-03	1.13130	2.79283	4.59020e-05
1.46745e+04	1.20306e-02	1.28168e-02	3.27877	2.64125	4.59020e-05
1.47211e+04	1.20313e-02	1.26268e-02	5.85626	2.14223	4.59020e-05
1.47677e+04	1.20279e-02	4.48166e-02	0.07922	3.71116	4.59020e-05
1.48142e+04	1.20317e-02	4.72183e-02	0.01545	5.53294	4.59020e-05
1.48608e+04	1.20285e-02	3.13813e-02	0.32179	0.40717	4.59020e-05
1.49074e+04	1.20307e-02	3.34088e-02	0.71432	1.94549	4.59020e-05
1.49540e+04	1.20288e-02	2.75064e-02	5.05577	0.62883	4.59020e-05
1.50006e+04	1.20273e-02	3.25365e-02	1.25745	2.74915	4.59020e-05
1.50472e+04	1.20217e-02	4.22840e-02	0.98853	3.46204	4.59020e-05
1.50938e+04	1.20254e-02	3.98708e-02	6.12303	4.30026	4.59020e-05
1.51403e+04	1.20253e-02	4.02972e-02	2.72910	6.10462	4.59020e-05
1.51869e+04	1.20273e-02	2.77637e-02	6.17857	0.70368	4.59020e-05
1.52335e+04	1.20272e-02	8.59404e-03	2.89328	1.05179	4.59020e-05
1.52801e+04	1.20248e-02	3.30604e-02	1.36998	1.48480	4.59020e-05
1.53267e+04	1.20277e-02	1.54087e-02	1.77534	1.96594	4.59020e-05
1.53733e+04	1.20243e-02	4.92042e-02	2.00303	3.58134	4.59020e-05
1.54199e+04	1.20219e-02	4.28084e-02	0.58288	5.97201	4.59020e-05
1.54664e+04	1.20247e-02	3.08039e-02	2.69314	5.77844	4.59020e-05
1.55130e+04	1.20218e-02	1.03594e-02	1.42659	1.51084	4.59020e-05
1.55596e+04	1.20219e-02	1.30508e-02	0.62321	3.05135	4.59020e-05
1.56062e+04	1.20226e-02	2.19699e-02	1.23969	4.16701	4.59020e-05
1.56528e+04	1.20195e-02	2.07867e-02	2.52952	4.44493	4.59020e-05
1.56994e+04	1.20224e-02	3.97534e-02	2.70915	5.67709	4.59020e-05
1.57460e+04	1.20201e-02	4.11918e-02	3.64496	1.19215	4.59020e-05
1.57925e+04	1.20222e-02	2.77908e-02	1.08901	0.54701	4.59020e-05
1.58391e+04	1.20224e-02	3.93864e-02	1.22618	2.43425	4.59020e-05
1.58857e+04	1.20205e-02	2.44560e-02	5.87395	0.19308	4.59020e-05
1.59323e+04	1.20271e-02	2.92933e-02	4.06034	5.08621	4.59020e-05
1.59789e+04	1.20221e-02	4.61106e-02	4.91610	6.24779	4.59020e-05
1.60255e+04	1.20230e-02	2.26721e-02	1.66792	2.76018	4.59020e-05
1.60721e+04	1.20173e-02	8.45426e-03	2.63502	5.71130	4.59020e-05
1.61186e+04	1.20241e-02	3.60901e-02	3.22135	2.48937	4.59020e-05
1.61652e+04	1.20287e-02	4.22744e-02	4.75764	3.35642	4.59020e-05
1.62118e+04	1.20257e-02	4.96679e-02	4.93990	5.18535	4.59020e-05
1.62584e+04	1.20174e-02	1.99956e-02	3.52506	0.61284	4.59020e-05
1.63050e+04	1.20222e-02	5.80128e-03	1.58084	0.91547	4.59020e-05
1.63516e+04	1.20231e-02	2.34384e-02	2.14111	2.74810	4.59020e-05
1.63982e+04	1.20231e-02	2.03520e-02	5.13374	3.03734	4.59020e-05
1.64447e+04	1.20260e-02	3.20880e-02	3.91403	0.84077	4.59020e-05
1.64913e+04	1.20206e-02	3.07294e-02	6.23587	1.84261	4.59020e-05
1.65379e+04	1.20236e-02	3.88187e-02	5.65959	4.99762	4.59020e-05
1.65845e+04	1.20237e-02	2.60614e-02	0.39765	5.99751	4.59020e-05
1.66311e+04	1.20213e-02	4.16021e-02	4.64664	5.39418	4.59020e-05
1.66777e+04	1.20241e-02	3.70946e-02	3.37161	1.58463	4.59020e-05
1.67243e+04	1.20251e-02	1.67385e-02	3.35877	0.02395	4.59020e-05
1.67708e+04	1.20272e-02	2.74533e-02	1.43141	2.18077	4.59020e-05
1.68174e+04	1.20265e-02	3.24589e-02	5.06954	3.66577	4.59020e-05
1.68640e+04	1.20254e-02	2.15865e-02	6.09384	5.94551	4.59020e-05
1.69106e+04	1.20266e-02	2.21362e-02	3.59748	3.67873	4.59020e-05
1.69572e+04	1.20268e-02	3.76411e-02	2.65491	5.96249	4.59020e-05
1.70038e+04	1.20273e-02	3.02526e-02	1.92918	1.37625	4.59020e-05
1.70504e+04	1.20269e-02	1.99614e-02	1.29118	3.35583	4.59020e-05
1.70969e+04	1.20256e-02	1.90809e-02	4.62739	0.94527	4.59020e-05
1.71435e+04	1.20259e-02	3.87909e-02	3.43940	3.49030	4.59020e-05
1.71901e+04	1.20283e-02	3.12682e-02	2.82719	5.50913	4.59020e-05
1.72367e+04	1.20271e-02	2.18197e-02	3.06399	0.66682	4.59020e-05
1.72833e+04	1.20247e-02	1.38581e-02	2.60872	3.11450	4.59020e-05
1.73299e+04	1.20253e-02	2.62521e-02	1.41374	0.44436	4.59020e-05
1.73765e+04	1.20275e-02	3.51501e-02	1.58546	2.66980	4.59020e-05
1.74230e+04	1.20267e-02	2.88938e-02	2.34914	4.39611	4.59020e-05
1.74696e+04	1.20283e-02	2.05998e-02	3.09369	0.03664	4.59020e-05
1.75162e+04	1.20295e-02	1.51675e-02	2.26400	3.52616	4.59020e-05
1.75628e+04	1.20245e-02	3.54323e-02	2.76390	6.25563	4.59020e-05
1.76094e+04	1.20258e-02	3.28465e-02	4.89733	2.15454	4.59020e-05
1.76560e+04	1.20252e-02	1.88300e-02	1.74177	4.12077	4.59020e-05
1.77026e+04	1.20256e-02	1.39778e-02	4.64886	0.84029	4.59020e-05
1.77491e+04	1.20266e-02	2.82317e-02	3.19206	4.05481	4.59020e-05
1.77957e+04	1.20273e-02	3.31877e-02	2.77101	0.80095	4.59020e-05
1.78423e+04	1.20286e-02	1.64411e-02	1.50907	4.99280	4.59020e-05
1.78889e+04	1.20182e-02	4.03333e-02	3.65084	2.39360	4.59020e-05
1.79355e+04	1.20259e-02	1.63536e-02	2.31570	5.61857	4.59020e-05
1.79821e+04	1.20245e-02	3.27646e-02	5.82114	3.54743	4.59020e-05
1.80287e+04	1.20245e-02	3.20647e-02	2.32197	6.16218	4.59020e-05
1.80752e+04	1.20242e-02	1.57640e-02	3.99381	4.37194	4.59020e-05
1.81218e+04	1.20216e-02	3.72066e-02	2.98504	0.89815	4.59020e-05
1.81684e+04	1.20237e-02	2.52874e-02	5.23671	2.67633	4.59020e-05
1.82150e+04	1.20205e-02	9.14097e-03	1.35522	5.65696	4.59020e-05
1.82616e+04	1.20268e-02	2.19116e-02	1.57693	3.23599	4.59020e-05
1.83082e+04	1.20207e-02	2.04145e-02	4.09948	0.04875	4.59020e-05
1.83548e+04	1.20208e-02	1.73974e-02	0.80488	3.97763	4.59020e-05
1.84013e+04	1.20221e-02	2.96143e-02	0.35553	0.27873	4.59020e-05
1.84479e+04	1.20229e-02	2.01826e-02	4.75292	3.41083	4.59020e-05
1.84945e+04	1.20236e-02	2.11567e-02	2.27726	1.65569	4.59020e-05
1.85411e+04	1.20226e-02	3.36316e-02	5.70323	4.21634	4.59020e-05
1.85877e+04	1.20241e-02	3.02010e-02	1.82465	5.97068	4.59020e-05
1.86343e+04	1.20250e-02	3.15916e-02	5.91571	4.81875	4.59020e-05
1.86809e+04	1.20216e-02	2.83391e-02	0.71379	6.08907	4.59020e-05
1.87274e+04	1.20296e-02	2.18389e-02	3.14430	1.50762	4.59020e-05
1.87740e+04	1.20262e-02	4.56474e-03	5.25173	5.59644	4.59020e-05
1.88206e+04	1.20200e-02	2.17530e-02	5.43852	2.35093	4.59020e-05
1.88672e+04	1.20215e-02	2.12128e-02	3.24403	4.70494	4.59020e-05
1.89138e+04	1.20244e-02	2.47841e-02	3.53406	1.20867	4.59020e-05
1.89604e+04	1.20245e-02	2.06214e-02	3.83991	3.45816	4.59020e-05
1.90070e+04	1.20235e-02	1.96984e-02	3.97748	0.20620	4.59020e-05
1.90535e+04	1.20245e-02	2.37496e-02	1.16627	5.45284	4.59020e-05
1.91001e+04	1.20195e-02	2.57621e-02	4.91110	1.46014	4.59020e-05
1.91467e+04	1.20251e-02	2.66415e-02	5.75847	4.04772	4.59020e-05
1.91933e+04	1.20256e-02	8.31755e-03	0.37629	2.02204	4.59020e-05
1.92399e+04	1.20184e-02	1.48494e-02	3.18636	2.14939	4.59020e-05
1.92865e+04	1.20283e-02	1.86356e-02	0.50575	3.85441	4.59020e-05
1.93331e+04	1.20273e-02	1.21000e-02	3.82308	2.54133	4.59020e-05
1.93796e+04	1.20194e-02	1.55992e-02	5.57785	5.02319	4.59020e-05
1.94262e+04	1.20253e-02	3.67686e-03	2.52482	5.78731	4.59020e-05
1.94728e+04	1.20208e-02	1.62416e-02	1.81322	1.81460	4.59020e-05
1.95194e+04	1.20230e-02	2.78912e-02	3.58862	3.83886	4.59020e-05
1.95660e+04	1.20219e-02	2.94305e-02	2.78563	5.85810	4.59020e-05
1.96126e+04	1.20263e-02	1.60901e-02	5.67821	1.30675	4.59020e-05
1.96592e+04	1.20196e-02	8.84056e-03	3.23012	3.21202	4.59020e-05
1.97057e+04	1.20214e-02	1.66820e-02	1.26607	4.01292	4.59020e-05
1.97523e+04	1.20238e-02	1.38619e-02	4.22297	4.22315	4.59020e-05
1.97989e+04	1.20212e-02	1.46723e-02	1.90264	6.12124	4.59020e-05
1.98455e+04	1.20181e-02	1.62006e-02	4.65568	2.17039	4.59020e-05
1.98921e+04	1.20206e-02	1.48667e-02	0.32520	4.01982	4.59020e-05
1.99387e+04	1.20248e-02	2.13467e-02	3.70283	0.02923	4.59020e-05
1.99853e+04	1.20260e-02	1.79806e-02	3.08146	2.13386	4.59020e-05
2.00318e+04	1.20255e-02	1.30244e-02	0.32062	5.13743	4.59020e-05
2.00784e+04	1.20255e-02	1.85646e-02	4.86967	1.83535	4.59020e-05
2.01250e+04	1.20216e-02	2.53292e-02	0.28369	4.40701	4.59020e-05
2.01716e+04	1.20190e-02	1.10803e-02	3.56872	1.28235	4.59020e-05
2.02182e+04	1.20224e-02	1.06689e-02	1.99130	4.01687	4.59020e-05
2.02648e+04	1.20197e-02	2.30056e-02	0.14748	5.73034	4.59020e-05
2.03114e+04	1.20236e-02	7.22547e-03	4.16384	5.72896	4.59020e-05
2.03579e+04	1.20229e-02	1.16852e-02	2.58698	4.29297	4.59020e-05
2.04045e+04	1.20222e-02	3.37682e-02	0.99957	3.74211	4.59020e-05
2.04511e+04	1.20223e-02	1.69557e-02	5.15796	3.11675	4.59020e-05
2.04977e+04	1.20215e-02	7.94559e-03	5.54518	0.50782	4.59020e-05
2.05443e+04	1.20205e-02	3.00162e-02	4.01487	0.84457	4.59020e-05
2.05909e+04	1.20229e-02	2.56041e-02	4.86040	3.43636	4.59020e-05
2.06375e+04	1.20247e-02	1.94011e-02	5.27076	0.83216	4.59020e-05
2.06840e+04	1.20210e-02	7.20128e-03	4.48564	0.38341	4.59020e-05
2.07306e+04	1.20252e-02	2.26670e-02	3.52486	0.51329	4.59020e-05
2.07772e+04	1.20205e-02	3.42764e-02	3.06560	4.20900	4.59020e-05
2.08238e+04	1.20224e-02	2.70351e-02	4.43065	0.74407	4.59020e-05
2.08704e+04	1.20226e-02	2.47850e-02	4.36879	4.57476	4.59020e-05
2.09170e+04	1.20233e-02	6.81618e-03	6.16278	0.77283	4.59020e-05
2.09636e+04	1.20221e-02	1.77693e-02	0.75218	3.48384	4.59020e-05
2.10101e+04	1.20214e-02	2.09151e-02	5.26200	3.96524	4.59020e-05
2.10567e+04	1.20220e-02	8.28351e-03	3.11715	3.81596	4.59020e-05
2.11033e+04	1.20211e-02	1.79064e-02	2.10946	3.21703	4.59020e-05
2.11499e+04	1.20196e-02	2.81684e-02	1.93175	1.71970	4.59020e-05
2.11965e+04	1.20228e-02	1.98291e-02	1.92707	1.92386	4.59020e-05
2.12431e+04	1.20239e-02	1.93111e-02	3.74287	3.77365	4.59020e-05
2.12897e+04	1.20244e-02	1.35001e-02	1.85985	0.70143	4.59020e-05
2.13362e+04	1.20188e-02	2.73807e-02	4.49606	3.72299	4.59020e-05
2.13828e+04	1.20240e-02	2.25919e-02	5.31882	6.15556	4.59020e-05
2.14294e+04	1.20206e-02	1.26949e-02	1.69756	2.24316	4.59020e-05
2.14760e+04	1.20213e-02	2.25949e-02	0.85875	2.97902	4.59020e-05
2.15226e+04	1.20205e-02	2.60459e-02	0.92328	2.76705	4.59020e-05
2.15692e+04	1.20202e-02	6.37682e-03	2.60139	1.73243	4.59020e-05
2.16157e+04	1.20203e-02	1.35487e-02	4.81240	5.88975	4.59020e-05
2.16623e+04	1.20219e-02	2.44868e-02	6.09002	6.02984	4.59020e-05
2.17089e+04	1.20222e-02	1.87147e-02	5.95468	0.25058	4.59020e-05
2.17555e+04	1.20219e-02	2.72273e-02	5.95805	1.61614	4.59020e-05
2.18021e+04	1.20202e-02	2.26144e-02	5.50529	0.89594	4.59020e-05
2.18487e+04	1.20243e-02	2.39824e-02	0.65152	3.27799	4.59020e-05
2.18953e+04	1.20255e-02	1.20953e-02	0.75112	0.41008	4.59020e-05
2.19418e+04	1.20202e-02	5.18647e-03	1.74874	4.07953	4.59020e-05
2.19884e+04	1.20237e-02	1.06192e-02	1.85132	3.74070	4.59020e-05
2.20350e+04	1.20234e-02	2.21156e-02	6.08805	0.43302	4.59020e-05
2.20816e+04	1.20235e-02	1.01470e-02	3.77027	1.81059	4.59020e-05
2.21282e+04	1.20224e-02	2.44010e-02	0.42668	3.32458	4.59020e-05
2.21748e+04	1.20198e-02	9.08617e-03	4.05886	0.19604	4.59020e-05
2.22214e+04	1.20223e-02	1.64630e-02	4.49756	4.21807	4.59020e-05
2.22679e+04	1.20237e-02	9.93269e-03	1.74659	5.32300	4.59020e-05
2.23145e+04	1.20247e-02	2.26974e-02	4.72645	0.99641	4.59020e-05
2.23611e+04	1.20195e-02	1.56697e-02	3.10197	3.79226	4.59020e-05
2.24077e+04	1.20206e-02	3.17668e-03	2.36744	2.82725	4.59020e-05
2.24543e+04	1.20241e-02	4.23370e-03	2.55764	1.18875	4.59020e-05
2.25009e+04	1.20232e-02	2.46454e-02	5.61865	4.73531	4.59020e-05
2.25475e+04	1.20239e-02	1.20576e-02	3.82648	0.60112	4.59020e-05
2.25940e+04	1.20228e-02	1.34758e-02	1.03427	1.07962	4.59020e-05
2.26406e+04	1.20194e-02	8.98891e-03	4.10317	5.56116	4.59020e-05
2.26872e+04	1.20234e-02	2.50418e-02	0.96096	2.30224	4.59020e-05
2.27338e+04	1.20219e-02	1.22425e-02	1.12341	4.05483	4.59020e-05
2.27804e+04	1.20233e-02	2.21618e-02	3.47803	3.48953	4.59020e-05
2.28270e+04	1.20218e-02	3.27800e-02	0.00860	0.40235	4.59020e-05
2.28736e+04	1.20227e-02	1.27715e-02	0.99729	5.29836	4.59020e-05
2.29201e+04	1.20268e-02	2.34826e-02	3.74436	3.00073	4.59020e-05
2.29667e+04	1.20196e-02	2.24888e-02	2.97495	3.94518	4.59020e-05
2.30133e+04	1.20201e-02	2.86799e-02	3.67197	3.43127	4.59020e-05
2.30599e+04	1.20236e-02	2.81517e-02	4.05566	5.24972	4.59020e-05
2.31065e+04	1.20211e-02	3.06517e-02	3.67877	5.70540	4.59020e-05
2.31531e+04	1.20211e-02	2.23423e-02	4.37407	0.14287	4.59020e-05
2.31997e+04	1.20207e-02	1.04519e-02	5.45359	5.35754	4.59020e-05
2.32462e+04	1.20211e-02	2.61360e-02	6.21193	4.17190	4.59020e-05
2.32928e+04	1.20239e-02	2.05567e-02	0.76767	3.92369	4.59020e-05
2.33394e+04	1.20253e-02	1.86440e-02	4.13745	1.33119	4.59020e-05
2.33860e+04	1.20237e-02	2.18057e-02	6.17221	6.06990	4.59020e-05
2.34326e+04	1.20222e-02	2.24937e-02	5.16749	1.18500	4.59020e-05
2.34792e+04	1.20246e-02	2.06923e-02	1.52597	1.78777	4.59020e-05
2.35258e+04	1.20233e-02	2.73786e-02	2.22702	3.74782	4.59020e-05
2.35723e+04	1.20253e-02	1.33493e-02	3.82703	4.93131	4.59020e-05
2.36189e+04	1.20235e-02	1.96030e-02	5.02457	0.31799	4.59020e-05
2.36655e+04	1.20239e-02	4.94160e-03	4.39863	3.48637	4.59020e-05
2.37121e+04	1.20272e-02	9.12364e-03	2.40244	1.86169	4.59020e-05
2.37587e+04	1.20238e-02	9.93325e-03	5.35226	1.45674	4.59020e-05
2.38053e+04	1.20232e-02	2.32847e-02	5.31030	3.84538	4.59020e-05
2.38519e+04	1.20233e-02	1.14571e-02	0.51391	4.74640	4.59020e-05
2.38984e+04	1.20244e-02	2.68835e-02	1.24308	0.01873	4.59020e-05
2.39450e+04	1.20261e-02	7.09677e-03	2.05449	1.54950	4.59020e-05
2.39916e+04	1.20244e-02	1.78879e-02	3.68864	2.28061	4.59020e-05
2.40382e+04	1.20230e-02	3.89149e-03	1.01543	0.78689	4.59020e-05
2.40848e+04	1.20260e-02	1.51436e-02	0.76484	4.05725	4.59020e-05
2.41314e+04	1.20238e-02	5.44620e-03	3.91800	3.85483	4.59020e-05
2.41780e+04	1.20244e-02	2.21311e-02	4.38410	6.22920	4.59020e-05
2.42245e+04	1.20235e-02	7.49413e-03	5.78944	1.38249	4.59020e-05
2.42711e+04	1.20241e-02	2.39811e-02	1.49139	2.25158	4.59020e-05
2.43177e+04	1.20231e-02	1.23049e-02	2.19757	4.35450	4.59020e-05
2.43643e+04	1.20241e-02	1.68042e-02	4.98030	4.37212	4.59020e-05
2.44109e+04	1.20241e-02	8.16019e-03	5.24559	0.64460	4.59020e-05
2.44575e+04	1.20253e-02	1.45210e-02	2.97523	5.74031	4.59020e-05
2.45041e+04	1.20233e-02	5.37945e-03	3.02315	1.77150	4.59020e-05
2.45506e+04	1.20234e-02	1.89077e-02	5.65336	1.41416	4.59020e-05
2.45972e+04	1.20234e-02	1.65787e-02	0.23967	3.67505	4.59020e-05
2.46438e+04	1.20249e-02	1.45369e-02	2.75687	4.13668	4.59020e-05
2.46904e+04	1.20235e-02	2.70458e-02	2.90549	6.19501	4.59020e-05
2.47370e+04	1.20246e-02	9.97140e-03	3.76273	1.40570	4.59020e-05
2.47836e+04	1.20231e-02	1.92279e-02	5.69674	2.35946	4.59020e-05
2.48302e+04	1.20228e-02	8.61551e-03	0.40249	4.92089	4.59020e-05
2.48767e+04	1.20238e-02	1.11813e-02	3.51553	3.43197	4.59020e-05
2.49233e+04	1.20247e-02	3.11065e-03	5.37285	3.38787	4.59020e-05
2.49699e+04	1.20242e-02	2.17390e-02	0.68811	5.25671	4.59020e-05
2.50165e+04	1.20235e-02	1.15148e-02	1.65471	1.02618	4.59020e-05
2.50631e+04	1.20229e-02	2.00780e-02	4.56801	1.57372	4.59020e-05
2.51097e+04	1.20239e-02	2.02346e-02	5.95859	3.79733	4.59020e-05
2.51563e+04	1.20232e-02	8.80500e-03	3.39049	4.12058	4.59020e-05
2.52028e+04	1.20236e-02	1.96837e-02	5.42587	6.14291	4.59020e-05
2.52494e+04	1.20241e-02	6.32157e-04	4.64079	4.80483	4.59020e-05
2.52960e+04	1.20237e-02	1.51100e-02	5.84691	1.59857	4.59020e-05
2.53426e+04	1.20232e-02	4.95989e-03	4.72003	0.63880	4.59020e-05
2.53892e+04	1.20252e-02	2.05291e-02	0.47127	3.21494	4.59020e-05
2.54358e+04	1.20241e-02	5.90637e-03	4.46793	4.33996	4.59020e-05
2.54824e+04	1.20241e-02	2.36317e-02	2.23389	5.49474	4.59020e-05
2.55289e+04	1.20228e-02	1.25846e-02	4.92472	1.36344	4.59020e-05
2.55755e+04	1.20241e-02	1.59166e-02	3.10322	1.67214	4.59020e-05
2.56221e+04	1.20236e-02	1.58639e-02	5.55234	4.19210	4.59020e-05
2.56687e+04	1.20231e-02	5.29298e-03	5.17342	3.14687	4.59020e-05
2.57153e+04	1.20239e-02	5.68295e-03	0.77947	6.04087	4.59020e-05
2.57619e+04	1.20274e-02	1.65342e-02	1.06383	4.89798	4.59020e-05
2.58085e+04	1.20242e-02	1.88075e-02	4.04477	0.90054	4.59020e-05
2.58550e+04	1.20230e-02	1.54516e-02	2.35155	1.52394	4.59020e-05
2.59016e+04	1.20229e-02	2.61606e-02	5.15059	3.45539	4.59020e-05
2.59482e+04	1.20238e-02	7.66343e-03	2.05337	5.12164	4.59020e-05
2.59948e+04	1.20235e-02	1.63250e-02	0.22335	5.73545	4.59020e-05
2.60414e+04	1.20234e-02	9.14016e-03	2.20528	2.38667	4.59020e-05
2.60880e+04	1.20237e-02	1.15154e-02	2.29605	0.97273	4.59020e-05
2.61346e+04	1.20244e-02	4.47500e-03	4.04529	4.15041	4.59020e-05
2.61811e+04	1.20234e-02	1.84446e-02	3.96759	2.85098	4.59020e-05
2.62277e+04	1.20231e-02	1.21211e-02	0.30534	5.11853	4.59020e-05
2.62743e+04	1.20257e-02	1.81479e-02	5.11590	5.27146	4.59020e-05
2.63209e+04	1.20230e-02	2.11687e-02	1.50305	1.26704	4.59020e-05
2.63675e+04	1.20241e-02	7.85106e-03	6.13200	1.62955	4.59020e-05
2.64141e+04	1.20236e-02	1.87765e-02	2.80976	3.75805	4.59020e-05
2.64607e+04	1.20239e-02	5.27017e-03	4.61603	0.73160	4.59020e-05
2.65072e+04	1.20234e-02	8.84471e-03	5.15910	5.46383	4.59020e-05
2.65538e+04	1.20245e-02	8.18714e-03	5.48085	4.18787	4.59020e-05
2.66004e+04	1.20238e-02	1.99643e-02	1.41614	0.67076	4.59020e-05
2.66470e+04	1.20256e-02	9.22070e-03	5.19975	2.13309	4.59020e-05
2.66936e+04	1.20227e-02	2.55745e-02	2.92043	3.22612	4.59020e-05
2.67402e+04	1.20234e-02	1.68663e-02	5.73947	5.33353	4.59020e-05
2.67868e+04	1.20241e-02	1.51511e-02	4.20072	5.64070	4.59020e-05
2.68333e+04	1.20229e-02	1.64218e-02	0.39134	1.77137	4.59020e-05
2.68799e+04	1.20230e-02	5.86175e-03	0.21079	0.62101	4.59020e-05
2.69265e+04	1.20253e-02	1.03466e-02	1.96324	3.81345	4.59020e-05
2.69731e+04	1.20229e-02	1.07721e-02	1.98179	2.43081	4.59020e-05
2.70197e+04	1.20238e-02	1.41290e-02	3.99918	5.33012	4.59020e-05
2.70663e+04	1.20239e-02	1.00394e-02	2.87545	5.12331	4.59020e-05
2.71129e+04	1.20233e-02	2.29546e-02	5.43445	1.23872	4.59020e-05
2.71594e+04	1.20231e-02	6.90202e-03	3.03882	2.33164	4.59020e-05
2.72060e+04	1.20252e-02	2.30278e-02	0.46019	3.66452	4.59020e-05
2.72526e+04	1.20237e-02	8.46181e-03	3.20337	5.95838	4.59020e-05
2.72992e+04	1.20244e-02	1.21173e-02	2.23267	5.85119	4.59020e-05
2.73458e+04	1.20233e-02	8.18871e-03	4.02971	3.11179	4.59020e-05
2.73924e+04	1.20257e-02	1.20655e-02	5.46602	0.70060	4.59020e-05
2.74390e+04	1.20240e-02	2.62253e-03	3.13127	2.34246	4.59020e-05
2.74855e+04	1.20231e-02	2.26301e-02	1.39568	3.30851	4.59020e-05
2.75321e+04	1.20270e-02	1.66189e-02	4.72802	5.50452	4.59020e-05
2.75787e+04	1.20239e-02	1.64512e-02	3.49331	6.15208	4.59020e-05
2.76253e+04	1.20232e-02	2.17472e-02	0.39827	2.06659	4.59020e-05
2.76719e+04	1.20267e-02	4.90604e-03	5.71441	2.22374	4.59020e-05
2.77185e+04	1.20232e-02	1.34827e-02	2.67665	4.44896	4.59020e-05
2.77651e+04	1.20239e-02	7.89375e-03	3.55834	2.67743	4.59020e-05
2.78116e+04	1.20227e-02	1.05521e-02	5.66724	6.02821	4.59020e-05
2.78582e+04	1.20250e-02	9.31704e-03	5.49733	5.30990	4.59020e-05
2.79048e+04	1.20237e-02	1.81876e-02	1.72395	1.89126	4.59020e-05
2.79514e+04	1.20242e-02	5.44212e-03	0.50926	2.34068	4.59020e-05
2.79980e+04	1.20228e-02	2.27695e-02	4.03416	4.34525	4.59020e-05
2.80446e+04	1.20272e-02	6.12390e-03	1.18059	6.27654	4.59020e-05
2.80912e+04	1.20226e-02	1.89866e-02	6.01473	0.55165	4.59020e-05
2.81377e+04	1.20231e-02	8.69631e-03	2.24898	3.36525	4.59020e-05
2.81843e+04	1.20237e-02	9.64471e-03	2.19930	2.44230	4.59020e-05
2.82309e+04	1.20236e-02	6.62951e-03	3.29645	0.47056	4.59020e-05
2.82775e+04	1.20231e-02	1.54580e-02	5.00993	4.05927	4.59020e-05
2.83241e+04	1.20238e-02	5.39922e-03	3.11005	5.28868	4.59020e-05
2.83707e+04	1.20272e-02	2.40095e-02	0.86959	0.55233	4.59020e-05
2.84173e+04	1.20240e-02	1.45155e-02	4.02864	2.72050	4.59020e-05
2.84638e+04	1.20233e-02	1.59408e-02	3.13915	3.57814	4.59020e-05
2.85104e+04	1.20235e-02	1.70436e-02	0.37030	6.01891	4.59020e-05
2.85570e+04	1.20269e-02	4.13670e-03	1.49577	4.95272	4.59020e-05
2.86036e+04	1.20264e-02	5.44442e-03	3.93085	2.63655	4.59020e-05
2.86502e+04	1.20257e-02	1.47481e-02	5.55964	0.43796	4.59020e-05
2.86968e+04	1.20228e-02	8.74443e-03	2.40575	3.11152	4.59020e-05
2.87434e+04	1.20237e-02	1.80144e-02	2.12680	3.22861	4.59020e-05
2.87899e+04	1.20238e-02	1.50795e-02	5.57212	5.97591	4.59020e-05
2.88365e+04	1.20226e-02	1.46676e-02	5.23667	6.16392	4.59020e-05
2.88831e+04	1.20242e-02	1.63729e-02	1.80062	2.56959	4.59020e-05
2.89297e+04	1.20229e-02	1.13894e-02	1.07419	2.43790	4.59020e-05
2.89763e+04	1.20246e-02	1.23371e-02	3.61659	5.42320	4.59020e-05
2.90229e+04	1.20233e-02	1.08849e-02	3.53214	4.55482	4.59020e-05
2.90695e+04	1.20237e-02	6.09110e-03	5.36491	1.81108	4.59020e-05
2.91160e+04	1.20228e-02	1.61668e-02	5.50858	0.65944	4.59020e-05
2.91626e+04	1.20271e-02	2.30953e-03	1.41690	3.86842	4.59020e-05
2.92092e+04	1.20231e-02	1.88319e-02	0.90965	3.39994	4.59020e-05
2.92558e+04	1.20235e-02	1.78374e-03	4.06379	5.85750	4.59020e-05
2.93024e+04	1.20230e-02	1.91004e-02	3.34817	6.14305	4.59020e-05
2.93490e+04	1.20231e-02	9.43166e-04	5.49852	3.96652	4.59020e-05
2.93956e+04	1.20232e-02	1.73381e-02	0.60585	2.58976	4.59020e-05
2.94421e+04	1.20226e-02	6.37403e-03	0.85235	1.97890	4.59020e-05
2.94887e+04	1.20276e-02	1.47653e-02	2.70120	5.25379	4.59020e-05
2.95353e+04	1.20247e-02	1.22392e-02	1.36644	5.07817	4.59020e-05
2.95819e+04	1.20257e-02	1.31910e-02	2.82091	1.89434	4.59020e-05
2.96285e+04	1.20251e-02	1.48830e-02	1.11659	1.93008	4.59020e-05
2.96751e+04	1.20269e-02	8.86785e-03	2.22469	5.23768	4.59020e-05
2.97217e+04	1.20236e-02	1.38143e-02	0.43927	5.10360	4.59020e-05
2.97682e+04	1.20231e-02	4.94679e-03	0.25792	3.36585	4.59020e-05
2.98148e+04	1.20235e-02	1.25662e-02	5.62678	2.05021	4.59020e-05
2.98614e+04	1.20233e-02	1.14092e-02	4.02444	1.61885	4.59020e-05
2.99080e+04	1.20228e-02	5.63819e-03	3.80797	5.97255	4.59020e-05
2.99546e+04	1.20237e-02	1.37830e-02	3.59584	5.32597	4.59020e-05
3.00012e+04	1.20240e-02	7.39463e-03	4.95165	4.91381	4.59020e-05
3.00478e+04	1.20226e-02	8.44386e-03	2.09495	3.12642	4.59020e-05
3.00943e+04	1.20231e-02	1.58878e-02	4.75635	3.04498	4.59020e-05
3.01409e+04	1.20231e-02	1.08674e-02	6.14684	3.46623	4.59020e-05
3.01875e+04	1.20225e-02	7.69450e-03	1.57143	2.23511	4.59020e-05
3.02341e+04	1.20192e-02	1.75764e-02	6.09158	4.13702	4.59020e-05
3.02807e+04	1.20239e-02	2.81818e-02	4.04509	5.65617	4.59020e-05
3.03273e+04	1.20136e-02	3.01303e-02	2.75604	1.32622	4.59020e-05
3.03739e+04	1.20166e-02	2.69530e-02	2.16820	0.98367	4.59020e-05
3.04204e+04	1.20056e-02	1.71415e-02	1.84567	2.86108	4.59020e-05
3.04670e+04	1.20100e-02	8.70974e-03	3.72146	3.82785	4.59020e-05
3.05136e+04	1.20100e-02	1.85604e-02	2.20971	4.04092	4.59020e-05
3.05602e+04	1.20114e-02	8.53999e-03	0.41225	5.63479	4.59020e-05
3.06068e+04	1.20162e-02	1.02838e-02	0.18620	0.00324	4.59020e-05
3.06534e+04	1.20073e-02	1.58984e-02	2.68784	1.66068	4.59020e-05
3.07000e+04	1.20051e-02	3.02955e-02	3.16893	2.93765	4.59020e-05
3.07465e+04	1.20100e-02	3.58494e-02	0.89298	3.06829	4.59020e-05
3.07931e+04	1.20141e-02	1.10656e-02	0.44880	4.19175	4.59020e-05
3.08397e+04	1.20054e-02	2.91187e-02	0.83141	4.70936	4.59020e-05
3.08863e+04	1.19989e-02	4.47829e-02	5.21646	5.88017	4.59020e-05
3.09329e+04	1.19998e-02	4.26803e-02	3.42878	0.62537	4.59020e-05
3.09795e+04	1.19958e-02	4.18814e-02	4.87562	1.75929	4.59020e-05
3.10261e+04	1.20091e-02	2.65678e-02	6.04976	1.82988	4.59020e-05
3.10726e+04	1.20101e-02	2.08029e-02	4.13676	2.93366	4.59020e-05
3.11192e+04	1.20111e-02	2.01864e-02	5.01506	4.69857	4.59020e-05
3.11658e+04	1.20100e-02	1.70841e-02	3.39527	5.46835	4.59020e-05
3.12124e+04	1.20098e-02	2.11863e-02	2.51551	5.97005	4.59020e-05
3.12590e+04	1.20082e-02	2.57540e-02	0.89151	0.28722	4.59020e-05
3.13056e+04	1.20000e-02	3.54647e-02	5.30150	1.77761	4.59020e-05
3.13522e+04	1.20006e-02	2.67564e-02	1.94078	1.94766	4.59020e-05
3.13987e+04	1.19936e-02	1.37804e-02	0.58776	2.13373	4.59020e-05
3.14453e+04	1.19969e-02	1.30214e-02	0.58601	2.31067	4.59020e-05
3.14919e+04	1.19995e-02	2.29961e-02	0.26837	3.39373	4.59020e-05
3.15385e+04	1.19881e-02	2.13191e-02	1.78577	4.28740	4.59020e-05
3.15851e+04	1.19912e-02	2.16227e-02	0.45856	5.45723	4.59020e-05
3.16317e+04	1.19933e-02	1.48566e-02	5.46687	4.39901	4.59020e-05
3.16783e+04	1.19937e-02	1.52300e-02	1.65955	0.75484	4.59020e-05
3.17248e+04	1.19867e-02	1.73403e-02	4.46507	6.11112	4.59020e-05
3.17714e+04	1.19954e-02	1.56629e-02	0.26547	6.11963	4.59020e-05
3.18180e+04	1.19867e-02	1.22871e-02	5.75013	0.52170	4.59020e-05
3.18646e+04	1.19949e-02	1.85246e-02	1.24658	0.78674	4.59020e-05
3.19112e+04	1.19933e-02	2.00583e-02	5.02039	1.55247	4.59020e-05
3.19578e+04	1.19930e-02	2.02700e-02	4.25823	2.53471	4.59020e-05
3.20044e+04	1.19900e-02	2.16007e-02	2.94872	3.58751	4.59020e-05
3.20509e+04	1.19868e-02	1.88223e-02	1.62966	4.64413	4.59020e-05
3.20975e+04	1.19820e-02	1.80650e-02	5.48826	5.71054	4.59020e-05
3.21441e+04	1.19838e-02	2.55212e-03	1.24114	4.95454	4.59020e-05
3.21907e+04	1.19785e-02	6.05644e-03	2.79588	0.53216	4.59020e-05
3.22373e+04	1.19826e-02	9.94414e-03	1.29531	2.63985	4.59020e-05
3.22839e+04	1.19887e-02	5.12983e-03	4.92218	3.53469	4.59020e-05
3.23305e+04	1.19841e-02	1.28496e-02	4.98847	4.01079	4.59020e-05
3.23770e+04	1.19837e-02	1.82811e-02	0.37057	3.39034	4.59020e-05
3.24236e+04	1.19884e-02	3.25991e-02	2.94913	2.70205	4.59020e-05
3.24702e+04	1.19839e-02	4.36490e-02	3.57633	3.59179	4.59020e-05
3.25168e+04	1.19771e-02	5.19732e-02	2.14200	4.54934	4.59020e-05
3.25634e+04	1.19746e-02	3.50883e-02	5.77824	0.99189	4.59020e-05
3.26100e+04	1.19746e-02	3.06329e-02	1.21423	6.02196	4.59020e-05
3.26566e+04	1.19680e-02	3.41400e-02	1.61646	0.32664	4.59020e-05
3.27031e+04	1.19768e-02	2.70854e-02	4.85548	1.21949	4.59020e-05
3.27497e+04	1.19783e-02	2.67323e-02	5.16328	0.50120	4.59020e-05
3.27963e+04	1.19794e-02	6.97927e-03	0.01752	5.88028	4.59020e-05
3.28429e+04	1.19664e-02	2.07837e-02	1.49719	4.65908	4.59020e-05
3.28895e+04	1.19765e-02	5.61338e-02	5.93453	4.21100	4.59020e-05
3.29361e+04	1.19676e-02	5.16777e-02	1.99959	5.07269	4.59020e-05
3.29827e+04	1.19730e-02	3.59256e-02	5.29896	1.73265	4.59020e-05
3.30292e+04	1.19699e-02	4.06842e-02	4.48662	2.31191	4.59020e-05
3.30758e+04	1.19695e-02	2.79676e-02	1.02918	5.29823	4.59020e-05
3.31224e+04	1.19649e-02	2.78011e-02	4.41859	0.58130	4.59020e-05
3.31690e+04	1.19649e-02	2.70616e-02	5.29305	5.16233	4.59020e-05
3.32156e+04	1.19566e-02	3.20723e-02	1.07144	5.44842	4.59020e-05
3.32622e+04	1.19658e-02	2.37401e-02	1.93073	5.85528	4.59020e-05
3.33088e+04	1.19592e-02	2.69411e-02	5.76217	3.47254	4.59020e-05
3.33553e+04	1.19642e-02	3.62832e-02	3.37960	3.37783	4.59020e-05
3.34019e+04	1.19624e-02	3.25153e-02	1.34469	0.75967	4.59020e-05
3.34485e+04	1.19600e-02	1.27972e-02	4.27912	0.73929	4.59020e-05
3.34951e+04	1.19602e-02	4.36090e-02	0.51786	4.36931	4.59020e-05
3.35417e+04	1.19621e-02	3.78711e-02	5.46443	1.60844	4.59020e-05
3.35883e+04	1.19584e-02	5.15099e-02	0.47179	1.98534	4.59020e-05
3.36349e+04	1.19622e-02	3.70989e-02	1.32878	1.87695	4.59020e-05
3.36814e+04	1.19468e-02	3.06576e-02	2.83920	0.97400	4.59020e-05
3.37280e+04	1.19616e-02	4.93487e-02	4.11219	5.46327	4.59020e-05
3.37746e+04	1.19606e-02	3.86950e-02	4.50107	0.77298	4.59020e-05
3.38212e+04	1.19545e-02	5.47363e-02	4.06007	1.10781	4.59020e-05
3.38678e+04	1.19448e-02	1.70096e-02	1.39678	5.44963	4.59020e-05
3.39144e+04	1.19497e-02	4.30666e-02	0.47429	3.73281	4.59020e-05
3.39610e+04	1.19414e-02	4.60322e-02	4.17234	4.16505	4.59020e-05
3.40075e+04	1.19510e-02	4.42408e-02	0.75898	5.02975	4.59020e-05
3.40541e+04	1.19542e-02	4.33307e-02	2.96612	0.72650	4.59020e-05
3.41007e+04	1.19604e-02	9.57579e-03	3.09599	4.80851	4.59020e-05
3.41473e+04	1.19470e-02	3.26590e-02	1.69589	4.22595	4.59020e-05
3.41939e+04	1.19438e-02	3.68249e-02	0.18387	5.36209	4.59020e-05
3.42405e+04	1.19558e-02	2.33195e-02	6.22591	3.95580	4.59020e-05
3.42871e+04	1.19483e-02	4.98107e-02	1.18963	5.77157	4.59020e-05
3.43336e+04	1.19461e-02	9.28474e-02	2.90006	1.34223	4.59020e-05
3.43802e+04	1.19486e-02	5.15100e-02	0.57498	2.85824	4.59020e-05
3.44268e+04	1.19419e-02	6.10779e-02	5.47391	3.42773	4.59020e-05
3.44734e+04	1.19379e-02	5.23616e-02	4.82489	5.20483	4.59020e-05
3.45200e+04	1.19411e-02	1.70132e-02	1.93276	6.13198	4.59020e-05
3.45666e+04	1.19377e-02	1.67285e-02	5.78484	1.50593	4.59020e-05
3.46132e+04	1.19309e-02	3.43968e-02	3.31044	3.24831	4.59020e-05
3.46597e+04	1.19312e-02	1.32559e-02	0.30663	4.30620	4.59020e-05
3.47063e+04	1.19401e-02	4.92022e-02	4.20221	4.24010	4.59020e-05
3.47529e+04	1.19325e-02	5.41827e-02	5.87531	5.80857	4.59020e-05
3.47995e+04	1.19405e-02	7.81452e-02	5.45774	0.88926	4.59020e-05
3.48461e+04	1.19325e-02	4.39858e-02	0.45161	1.44118	4.59020e-05
3.48927e+04	1.19326e-02	3.05843e-02	4.25569	5.31367	4.59020e-05
3.49393e+04	1.19293e-02	5.06570e-02	0.67115	1.36299	4.59020e-05
3.49858e+04	1.19319e-02	6.08731e-02	1.08844	3.56653	4.59020e-05
3.50324e+04	1.19281e-02	6.65387e-02	1.88370	4.52613	4.59020e-05
3.50790e+04	1.19299e-02	6.25019e-02	0.73742	6.12061	4.59020e-05
3.51256e+04	1.19336e-02	4.85069e-02	5.08618	0.98378	4.59020e-05
3.51722e+04	1.19295e-02	2.82598e-02	5.67600	1.24877	4.59020e-05
3.52188e+04	1.19278e-02	9.18275e-02	2.84671	2.95291	4.59020e-05
3.52654e+04	1.19255e-02	6.01627e-02	0.53543	4.42297	4.59020e-05
3.53119e+04	1.19320e-02	6.59906e-02	5.15631	5.80238	4.59020e-05
3.53585e+04	1.19238e-02	3.29284e-02	4.20440	1.08228	4.59020e-05
3.54051e+04	1.19208e-02	1.59370e-02	2.74485	0.90893	4.59020e-05
3.54517e+04	1.19197e-02	2.92315e-02	6.07670	2.85385	4.59020e-05
3.54983e+04	1.19203e-02	2.07550e-02	2.43002	4.84908	4.59020e-05
3.55449e+04	1.19207e-02	2.25210e-02	3.13288	0.78667	4.59020e-05
3.55915e+04	1.19149e-02	1.79034e-02	2.10621	4.39247	4.59020e-05
3.56380e+04	1.19168e-02	2.18015e-02	4.02930	5.82908	4.59020e-05
3.56846e+04	1.19176e-02	1.56059e-02	3.59319	6.12968	4.59020e-05
3.57312e+04	1.19191e-02	2.38944e-02	1.72364	3.71908	4.59020e-05
3.57778e+04	1.19081e-02	1.88452e-02	0.07923	2.18979	4.59020e-05
3.58244e+04	1.19133e-02	7.61457e-03	0.62712	2.69983	4.59020e-05
3.58710e+04	1.19095e-02	4.81856e-02	0.78599	4.40134	4.59020e-05
3.59175e+04	1.19129e-02	5.58849e-02	0.44237	4.90633	4.59020e-05
3.59641e+04	1.19160e-02	6.43921e-02	5.55143	6.25710	4.59020e-05
3.60107e+04	1.19198e-02	2.92604e-02	6.17281	2.70462	4.59020e-05
3.60573e+04	1.19090e-02	3.63490e-02	0.06951	3.53721	4.59020e-05
3.61039e+04	1.19015e-02	4.92853e-02	5.53047	0.95184	4.59020e-05
3.61505e+04	1.19065e-02	2.37330e-02	0.62350	2.83667	4.59020e-05
3.61971e+04	1.19043e-02	1.78004e-02	5.94001	1.53551	4.59020e-05
3.62436e+04	1.19064e-02	5.06061e-02	3.24120	5.93989	4.59020e-05
3.62902e+04	1.19081e-02	3.22041e-02	1.94500	1.43182	4.59020e-05
3.63368e+04	1.19054e-02	2.23558e-02	1.19271	2.24278	4.59020e-05
3.63834e+04	1.19022e-02	2.13100e-02	3.16888	2.37354	4.59020e-05
3.64300e+04	1.19061e-02	7.18864e-02	4.18097	2.49820	4.59020e-05
3.64766e+04	1.18980e-02	1.41958e-02	3.27142	3.54516	4.59020e-05
3.65232e+04	1.19021e-02	3.31738e-02	0.98218	4.69568	4.59020e-05
3.65697e+04	1.19044e-02	4.44510e-02	5.35157	5.60207	4.59020e-05
3.66163e+04	1.18996e-02	2.41924e-02	5.14868	1.06644	4.59020e-05
3.66629e+04	1.19027e-02	1.16339e-02	4.80065	1.87889	4.59020e-05
3.67095e+04	1.19001e-02	1.82001e-02	3.45004	2.27979	4.59020e-05
3.67561e+04	1.18936e-02	5.55251e-02	1.75706	2.59279	4.59020e-05
3.68027e+04	1.18941e-02	8.91554e-03	4.98265	3.06852	4.59020e-05
3.68493e+04	1.18943e-02	3.54469e-02	1.62845	5.42022	4.59020e-05
3.68958e+04	1.18910e-02	1.68263e-02	0.05054	5.05986	4.59020e-05
3.69424e+04	1.18939e-02	9.30133e-03	3.79134	0.26569	4.59020e-05
3.69890e+04	1.19004e-02	4.68168e-02	0.70722	0.99886	4.59020e-05
3.70356e+04	1.18948e-02	3.40279e-02	5.73638	2.11670	4.59020e-05
3.70822e+04	1.18898e-02	3.93105e-02	2.59107	3.85204	4.59020e-05
3.71288e+04	1.18890e-02	9.01096e-02	4.81005	4.82847	4.59020e-05
3.71754e+04	1.18869e-02	8.45403e-02	4.05700	6.11033	4.59020e-05
3.72219e+04	1.18854e-02	5.55258e-02	3.67569	0.11657	4.59020e-05
3.72685e+04	1.18879e-02	1.52038e-02	4.88742	1.40588	4.59020e-05
3.73151e+04	1.18845e-02	2.57904e-02	0.99255	2.87348	4.59020e-05
3.73617e+04	1.18918e-02	3.49240e-02	4.75106	5.78338	4.59020e-05
3.74083e+04	1.18854e-02	3.40796e-02	3.06664	0.75638	4.59020e-05
3.74549e+04	1.18836e-02	2.02673e-02	4.05505	0.46367	4.59020e-05
3.75015e+04	1.18826e-02	2.37297e-02	3.93738	1.22760	4.59020e-05
3.75480e+04	1.18862e-02	2.88649e-02	1.12122	4.07502	4.59020e-05
3.75946e+04	1.18797e-02	8.45801e-02	5.42290	0.10392	4.59020e-05
3.76412e+04	1.18895e-02	1.06919e-02	4.32660	5.80736	4.59020e-05
3.76878e+04	1.18689e-02	8.28879e-02	0.99559	2.31098	4.59020e-05
3.77344e+04	1.18844e-02	6.59044e-02	2.66419	4.35555	4.59020e-05
3.77810e+04	1.18782e-02	4.11861e-02	3.59518	0.09058	4.59020e-05
3.78276e+04	1.18731e-02	8.40288e-02	6.24100	1.58276	4.59020e-05
3.78741e+04	1.18788e-02	6.73979e-02	6.05584	3.95760	4.59020e-05
3.79207e+04	1.18735e-02	1.57590e-02	2.15377	5.91199	4.59020e-05
3.79673e+04	1.18746e-02	4.87662e-02	1.05794	0.35321	4.59020e-05
3.80139e+04	1.18751e-02	2.00628e-02	4.48235	3.93308	4.59020e-05
3.80605e+04	1.18797e-02	5.41968e-02	3.96017	5.62158	4.59020e-05
3.81071e+04	1.18769e-02	5.58871e-02	1.93383	0.84111	4.59020e-05
3.81537e+04	1.18694e-02	4.88805e-02	4.73035	2.12246	4.59020e-05
3.82002e+04	1.18732e-02	8.28634e-02	1.66992	2.72306	4.59020e-05
3.82468e+04	1.18658e-02	9.83730e-02	4.38528	4.51095	4.59020e-05
3.82934e+04	1.18646e-02	5.00620e-02	4.66067	5.83896	4.59020e-05
3.83400e+04	1.18710e-02	1.62160e-02	6.07886	1.31923	4.59020e-05
3.83866e+04	1.18713e-02	1.87965e-02	1.21969	0.35574	4.59020e-05
3.84332e+04	1.18608e-02	1.22928e-02	2.61330	3.64954	4.59020e-05
3.84798e+04	1.18689e-02	1.47734e-02	0.42946	1.18568	4.59020e-05
3.85263e+04	1.18633e-02	4.94457e-02	3.93826	4.08755	4.59020e-05
3.85729e+04	1.18608e-02	7.64356e-02	5.68375	5.63157	4.59020e-05
3.86195e+04	1.18653e-02	4.21076e-02	1.05844	0.73532	4.59020e-05
3.86661e+04	1.18622e-02	2.20414e-02	0.64197	0.44504	4.59020e-05
3.87127e+04	1.18599e-02	4.38219e-02	4.49051	2.65064	4.59020e-05
3.87593e+04	1.18674e-02	7.70900e-02	4.00758	4.16653	4.59020e-05
3.88059e+04	1.18602e-02	4.90130e-02	5.79889	5.88784	4.59020e-05
3.88524e+04	1.18580e-02	1.20709e-02	0.60988	4.11638	4.59020e-05
3.88990e+04	1.18506e-02	7.65119e-02	2.15929	5.29223	4.59020e-05
3.89456e+04	1.18529e-02	7.33094e-02	1.71058	0.76611	4.59020e-05
3.89922e+04	1.18549e-02	7.35564e-02	5.82322	1.97587	4.59020e-05
3.90388e+04	1.18549e-02	8.45623e-02	0.75075	3.71895	4.59020e-05
3.90854e+04	1.18530e-02	5.48241e-02	0.78359	5.11282	4.59020e-05
3.91320e+04	1.18548e-02	1.05917e-01	3.34145	0.29610	4.59020e-05
3.91785e+04	1.18487e-02	6.61068e-02	0.17142	1.82388	4.59020e-05
3.92251e+04	1.18417e-02	1.03028e-01	4.65050	2.97123	4.59020e-05
3.92717e+04	1.18486e-02	7.65293e-02	4.33239	4.62763	4.59020e-05
3.93183e+04	1.18398e-02	1.01803e-01	3.41786	5.69755	4.59020e-05
3.93649e+04	1.18497e-02	7.74047e-02	5.67619	1.16085	4.59020e-05
3.94115e+04	1.18430e-02	9.31767e-02	0.24121	2.22445	4.59020e-05
3.94581e+04	1.18406e-02	7.62941e-02	3.70863	3.93591	4.59020e-05
3.95046e+04	1.18479e-02	8.86858e-02	1.16065	5.06541	4.59020e-05
3.95512e+04	1.18378e-02	6.99783e-02	5.67681	0.43701	4.59020e-05
3.95978e+04	1.18449e-02	7.52635e-02	5.49495	1.75607	4.59020e-05
3.96444e+04	1.18420e-02	5.76027e-02	5.30950	3.26715	4.59020e-05
3.96910e+04	1.18338e-02	6.00135e-02	0.23690	4.95822	4.59020e-05
3.97376e+04	1.18406e-02	4.50638e-02	1.98668	0.07093	4.59020e-05
3.97842e+04	1.18320e-02	4.36039e-02	4.18898	2.24007	4.59020e-05
3.98307e+04	1.18312e-02	3.77614e-02	1.49317	3.61859	4.59020e-05
3.98773e+04	1.18327e-02	5.03217e-02	5.04296	6.17702	4.59020e-05
3.99239e+04	1.18372e-02	5.03484e-02	4.33483	1.02037	4.59020e-05
3.99705e+04	1.18396e-02	6.69093e-02	3.92592	3.37705	4.59020e-05
4.00171e+04	1.18291e-02	7.94570e-02	4.46458	4.49948	4.59020e-05
4.00637e+04	1.18317e-02	8.59189e-02	0.24999	0.30366	4.59020e-05
4.01103e+04	1.18319e-02	1.05582e-01	2.24683	1.56775	4.59020e-05
4.01568e+04	1.18328e-02	9.45699e-02	0.05325	3.52520	4.59020e-05
4.02034e+04	1.18258e-02	1.14057e-01	3.59290	5.00630	4.59020e-05
4.02500e+04	1.18321e-02	8.94602e-02	3.20378	0.54063	4.59020e-05
4.02966e+04	1.18211e-02	9.31302e-02	2.18912	2.35269	4.59020e-05
4.03432e+04	1.18269e-02	7.09161e-02	3.28949	3.99480	4.59020e-05
4.03898e+04	1.18247e-02	5.17687e-02	4.02954	0.13277	4.59020e-05
4.04364e+04	1.18318e-02	4.68155e-02	0.19131	1.76905	4.59020e-05
4.04829e+04	1.18282e-02	5.41180e-02	2.26360	4.83045	4.59020e-05
4.05295e+04	1.18185e-02	7.39749e-02	0.55449	0.07479	4.59020e-05
4.05761e+04	1.18229e-02	8.69478e-02	5.24177	2.32955	4.59020e-05
4.06227e+04	1.18191e-02	1.11220e-01	5.58153	3.92082	4.59020e-05
4.06693e+04	1.18189e-02	1.00166e-01	5.77286	5.80810	4.59020e-05
4.07159e+04	1.18240e-02	1.16767e-01	1.85037	1.42322	4.59020e-05
4.07625e+04	1.18263e-02	9.22209e-02	3.63944	3.09325	4.59020e-05
4.08090e+04	1.18218e-02	8.20537e-02	1.13967	5.31377	4.59020e-05
4.08556e+04	1.18127e-02	6.25452e-02	5.22220	0.66938	4.59020e-05
4.09022e+04	1.18186e-02	5.05339e-02	3.22373	3.60512	4.59020e-05
4.09488e+04	1.18169e-02	5.32323e-02	2.96779	5.67121	4.59020e-05
4.09954e+04	1.18159e-02	8.08624e-02	2.42871	1.83632	4.59020e-05
4.10420e+04	1.18120e-02	9.83394e-02	4.64028	3.77545	4.59020e-05
4.10886e+04	1.18251e-02	1.06050e-01	0.23909	5.63899	4.59020e-05
4.11351e+04	1.18116e-02	1.07178e-01	3.78405	1.49277	4.59020e-05
4.11817e+04	1.18105e-02	1.01999e-01	1.54108	3.19871	4.59020e-05
4.12283e+04	1.18171e-02	6.81875e-02	0.06792	5.66252	4.59020e-05
4.12749e+04	1.18156e-02	6.10125e-02	5.34466	1.25946	4.59020e-05
4.13215e+04	1.18103e-02	5.12052e-02	5.44571	4.49957	4.59020e-05
4.13681e+04	1.18067e-02	7.24982e-02	0.17630	0.27117	4.59020e-05
4.14147e+04	1.18144e-02	9.36899e-02	1.57388	2.70854	4.59020e-05
4.14612e+04	1.18062e-02	1.12469e-01	4.85528	4.75983	4.59020e-05
4.15078e+04	1.18075e-02	1.09345e-01	2.66531	0.49861	4.59020e-05
4.15544e+04	1.18146e-02	8.60354e-02	0.47782	2.80836	4.59020e-05
4.16010e+04	1.18162e-02	6.83650e-02	6.05954	4.93504	4.59020e-05
4.16476e+04	1.18119e-02	4.79969e-02	5.61432	1.93264	4.59020e-05
4.16942e+04	1.18044e-02	7.77671e-02	5.80404	4.33408	4.59020e-05
4.17408e+04	1.18006e-02	9.81881e-02	1.12562	0.55087	4.59020e-05
4.17873e+04	1.17996e-02	1.17030e-01	3.86296	2.66614	4.59020e-05
4.18339e+04	1.18081e-02	1.00040e-01	1.55084	4.87319	4.59020e-05
4.18805e+04	1.18115e-02	7.64019e-02	5.48014	1.02133	4.59020e-05
4.19271e+04	1.18032e-02	5.29919e-02	3.91494	3.67904	4.59020e-05
4.19737e+04	1.18110e-02	6.80796e-02	3.07168	0.67222	4.59020e-05
4.20203e+04	1.17987e-02	9.99412e-02	3.91240	2.92388	4.59020e-05
4.20669e+04	1.17953e-02	1.10254e-01	5.00675	5.35027	4.59020e-05
4.21134e+04	1.18089e-02	1.08096e-01	1.37587	1.26716	4.59020e-05
4.21600e+04	1.18009e-02	7.19641e-02	4.71529	3.72945	4.59020e-05
4.22066e+04	1.17953e-02	5.38146e-02	1.65712	0.60741	4.59020e-05
4.22532e+04	1.17949e-02	7.40105e-02	5.84855	3.40771	4.59020e-05
4.22998e+04	1.17934e-02	1.08622e-01	5.24945	6.05995	4.59020e-05
4.23464e+04	1.17998e-02	1.13041e-01	5.96303	1.92314	4.59020e-05
4.23930e+04	1.17868e-02	8.78392e-02	0.25928	4.48344	4.59020e-05
4.24395e+04	1.17996e-02	5.59979e-02	1.98092	0.99200	4.59020e-05
4.24861e+04	1.17904e-02	6.25084e-02	4.09249	4.29580	4.59020e-05
4.25327e+04	1.17885e-02	1.08024e-01	1.19414	0.77082	4.59020e-05
4.25793e+04	1.17864e-02	1.12196e-01	5.34708	3.04362	4.59020e-05
4.26259e+04	1.17870e-02	9.44740e-02	4.32048	5.61928	4.59020e-05
4.26725e+04	1.17850e-02	6.00304e-02	4.29722	2.00931	4.59020e-05
4.27191e+04	1.17946e-02	6.44623e-02	3.88844	5.58910	4.59020e-05
4.27656e+04	1.17816e-02	1.05223e-01	4.86727	1.92064	4.59020e-05
4.28122e+04	1.17861e-02	1.10868e-01	0.39597	4.41321	4.59020e-05
4.28588e+04	1.17946e-02	9.17075e-02	3.79364	0.66100	4.59020e-05
4.29054e+04	1.17941e-02	5.52468e-02	1.04856	3.50011	4.59020e-05
4.29520e+04	1.17871e-02	7.35529e-02	4.52389	0.86907	4.59020e-05
4.29986e+04	1.17807e-02	1.04439e-01	3.23941	3.40189	4.59020e-05
4.30452e+04	1.17777e-02	1.13535e-01	2.85345	6.01568	4.59020e-05
4.30917e+04	1.17840e-02	8.57377e-02	3.89264	2.23278	4.59020e-05
4.31383e+04	1.17865e-02	5.08960e-02	4.45693	5.54989	4.59020e-05
4.31849e+04	1.17735e-02	8.93540e-02	5.63903	2.54581	4.59020e-05
4.32315e+04	1.17766e-02	1.10435e-01	1.90150	5.13534	4.59020e-05
4.32781e+04	1.17765e-02	1.05438e-01	5.49140	1.47336	4.59020e-05
4.33247e+04	1.17783e-02	6.98966e-02	3.63035	4.18190	4.59020e-05
4.33713e+04	1.17822e-02	6.19962e-02	1.21009	1.69825	4.59020e-05
4.34178e+04	1.17729e-02	1.02021e-01	0.30055	4.48799	4.59020e-05
4.34644e+04	1.17729e-02	1.13167e-01	0.16418	0.84250	4.59020e-05
4.35110e+04	1.17789e-02	8.71581e-02	0.94059	3.50170	4.59020e-05
4.35576e+04	1.17784e-02	5.10555e-02	1.92204	0.54166	4.59020e-05
4.36042e+04	1.17803e-02	8.97083e-02	3.42418	3.98647	4.59020e-05
4.36508e+04	1.17785e-02	1.12578e-01	0.17495	0.31763	4.59020e-05
4.36974e+04	1.17618e-02	9.76380e-02	3.35058	3.06418	4.59020e-05
4.37439e+04	1.17731e-02	6.27820e-02	0.78862	5.97036	4.59020e-05
4.37905e+04	1.17614e-02	7.57022e-02	4.35710	3.57006	4.59020e-05
4.38371e+04	1.17713e-02	1.09717e-01	3.40882	6.28289	4.59020e-05
4.38837e+04	1.17724e-02	1.05991e-01	3.54318	2.69224	4.59020e-05
4.39303e+04	1.17703e-02	7.07386e-02	3.78389	5.62726	4.59020e-05
4.39769e+04	1.17636e-02	6.19292e-02	3.90366	3.00345	4.59020e-05
4.40235e+04	1.17558e-02	1.07618e-01	5.18482	6.12681	4.59020e-05
4.40700e+04	1.17692e-02	1.14284e-01	0.96143	2.36075	4.59020e-05
4.41166e+04	1.17604e-02	7.22654e-02	3.70531	5.39995	4.59020e-05
4.41632e+04	1.17706e-02	5.75519e-02	6.27697	2.58598	4.59020e-05
4.42098e+04	1.17691e-02	1.01346e-01	3.62205	5.91447	4.59020e-05
4.42564e+04	1.17680e-02	1.14652e-01	2.12717	2.28873	4.59020e-05
4.43030e+04	1.17638e-02	8.05599e-02	0.82443	5.05481	4.59020e-05
4.43496e+04	1.17536e-02	5.96760e-02	5.45482	2.58205	4.59020e-05
4.43961e+04	1.17545e-02	9.71039e-02	4.63308	5.69829	4.59020e-05
4.44427e+04	1.17596e-02	1.14784e-01	4.93389	2.31548	4.59020e-05
4.44893e+04	1.17529e-02	8.69528e-02	5.81197	4.93551	4.59020e-05
4.45359e+04	1.17516e-02	5.84301e-02	6.22659	2.55351	4.59020e-05
4.45825e+04	1.17531e-02	9.88597e-02	1.49269	5.75857	4.59020e-05
4.46291e+04	1.17508e-02	1.11175e-01	3.74609	2.28009	4.59020e-05
4.46757e+04	1.17449e-02	8.52651e-02	0.07723	5.15508	4.59020e-05
4.47222e+04	1.17545e-02	5.67186e-02	2.21874	2.45483	4.59020e-05
4.47688e+04	1.17524e-02	1.03728e-01	5.00497	5.97982	4.59020e-05
4.48154e+04	1.17552e-02	1.12844e-01	3.00534	2.30600	4.59020e-05
4.48620e+04	1.17483e-02	7.56889e-02	0.97848	5.35687	4.59020e-05
4.49086e+04	1.17434e-02	6.23297e-02	5.02969	2.75826	4.59020e-05
4.49552e+04	1.17476e-02	1.03830e-01	3.40558	6.12250	4.59020e-05
4.50018e+04	1.17427e-02	1.12820e-01	2.53443	2.56015	4.59020e-05
4.50483e+04	1.17439e-02	7.23079e-02	1.88277	5.55659	4.59020e-05
4.50949e+04	1.17572e-02	6.72507e-02	0.66505	3.22451	4.59020e-05
4.51415e+04	1.17481e-02	1.06870e-01	0.63366	6.26727	4.59020e-05
4.51881e+04	1.17471e-02	1.06595e-01	1.40875	2.88042	4.59020e-05
4.52347e+04	1.17491e-02	6.84540e-02	2.18456	5.76815	4.59020e-05
4.52813e+04	1.17456e-02	7.44449e-02	2.22882	3.62639	4.59020e-05
4.53279e+04	1.17446e-02	1.12052e-01	3.41337	0.23436	4.59020e-05
4.53744e+04	1.17488e-02	1.00895e-01	4.90078	3.08519	4.59020e-05
4.54210e+04	1.17400e-02	6.25468e-02	6.21774	0.07231	4.59020e-05
4.54676e+04	1.17385e-02	7.76196e-02	0.96940	3.80445	4.59020e-05
4.55142e+04	1.17421e-02	1.16501e-01	3.37131	0.60104	4.59020e-05
4.55608e+04	1.17480e-02	9.84765e-02	5.90437	3.23735	4.59020e-05
4.56074e+04	1.17371e-02	5.39403e-02	1.57424	0.63859	4.59020e-05
4.56540e+04	1.17411e-02	8.90325e-02	3.48292	4.17307	4.59020e-05
4.57005e+04	1.17286e-02	1.15919e-01	5.99899	0.84981	4.59020e-05
4.57471e+04	1.17400e-02	8.91936e-02	2.60388	3.74327	4.59020e-05
4.57937e+04	1.17394e-02	5.28602e-02	4.71624	1.10244	4.59020e-05
4.58403e+04	1.17395e-02	9.94330e-02	1.01045	4.70895	4.59020e-05
4.58869e+04	1.17307e-02	1.16853e-01	4.36577	1.14232	4.59020e-05
4.59335e+04	1.17388e-02	7.62441e-02	1.10680	4.21739	4.59020e-05
4.59801e+04	1.17337e-02	6.11896e-02	3.10522	1.76901	4.59020e-05
4.60266e+04	1.17269e-02	1.05818e-01	5.74785	5.07207	4.59020e-05
4.60732e+04	1.17317e-02	1.10691e-01	2.76264	1.52681	4.59020e-05
4.61198e+04	1.17386e-02	6.71745e-02	5.72753	4.67697	4.59020e-05
4.61664e+04	1.17394e-02	7.20774e-02	1.50697	2.34670	4.59020e-05
4.62130e+04	1.17315e-02	1.09992e-01	4.29181	5.37685	4.59020e-05
4.62596e+04	1.17333e-02	1.02375e-01	0.93582	1.93570	4.59020e-05
4.63062e+04	1.17284e-02	6.06528e-02	3.12325	5.08812	4.59020e-05
4.63527e+04	1.17212e-02	8.25653e-02	4.46363	2.79410	4.59020e-05
4.63993e+04	1.17203e-02	1.15853e-01	0.56909	5.66600	4.59020e-05
4.64459e+04	1.17289e-02	9.42440e-02	2.96664	2.21793	4.59020e-05
4.64925e+04	1.17279e-02	5.55259e-02	4.35921	5.73388	4.59020e-05
4.65391e+04	1.17340e-02	8.48830e-02	5.11438	3.04952	4.59020e-05
4.65857e+04	1.17210e-02	1.16905e-01	0.14559	6.00347	4.59020e-05
