# t	a	e	mean_anomaly	varpi	mass/M_star
0.00000e+00	1.64658e-02	7.29875e-02	5.31111	0.83006	4.36970e-05
4.65857e+01	1.64769e-02	6.96819e-02	3.24641	1.50872	4.36970e-05
9.31714e+01	1.64826e-02	7.18919e-02	1.14833	2.23163	4.36970e-05
1.39757e+02	1.64754e-02	7.79223e-02	5.56291	2.78510	4.36970e-05
1.86343e+02	1.64682e-02	7.36074e-02	3.78459	3.29663	4.36970e-05
2.32928e+02	1.64757e-02	6.95165e-02	1.84584	3.98662	4.36970e-05
2.79514e+02	1.64787e-02	7.20323e-02	6.19094	4.73443	4.36970e-05
3.26100e+02	1.64680e-02	7.79129e-02	4.76263	5.30013	4.36970e-05
3.72685e+02	1.64669e-02	7.65665e-02	3.68271	5.79899	4.36970e-05
4.19271e+02	1.64758e-02	7.11980e-02	2.49015	0.19215	4.36970e-05
4.65857e+02	1.64823e-02	7.30317e-02	1.18524	0.99521	4.36970e-05
5.12442e+02	1.64813e-02	8.03678e-02	0.11601	1.59071	4.36970e-05
5.59028e+02	1.64642e-02	7.79834e-02	5.51378	2.08263	4.36970e-05
6.05614e+02	1.64782e-02	7.17619e-02	4.50492	2.70120	4.36970e-05
6.52199e+02	1.64811e-02	7.07586e-02	3.39874	3.48934	4.36970e-05
6.98785e+02	1.64783e-02	7.79226e-02	2.48431	4.13685	4.36970e-05
7.45371e+02	1.64662e-02	7.64953e-02	1.80009	4.63176	4.36970e-05
7.91956e+02	1.64711e-02	7.03354e-02	1.03188	5.21835	4.36970e-05
8.38542e+02	1.64775e-02	6.92439e-02	0.19193	5.95945	4.36970e-05
8.85128e+02	1.64782e-02	7.54295e-02	5.73617	0.33884	4.36970e-05
9.31713e+02	1.64715e-02	7.72446e-02	5.22493	0.84700	4.36970e-05
9.78299e+02	1.64678e-02	7.04284e-02	4.63633	1.43431	4.36970e-05
1.02488e+03	1.64764e-02	7.09387e-02	3.90969	2.18493	4.36970e-05
1.07147e+03	1.64801e-02	7.64220e-02	3.29557	2.85543	4.36970e-05
1.11806e+03	1.64776e-02	8.05468e-02	2.91827	3.37973	4.36970e-05
1.16464e+03	1.64687e-02	7.27140e-02	2.53833	3.95515	4.36970e-05
1.21123e+03	1.64700e-02	6.99871e-02	1.92685	4.73116	4.36970e-05
1.25781e+03	1.64757e-02	7.65166e-02	1.45389	5.44864	4.36970e-05
1.30440e+03	1.64830e-02	8.12380e-02	1.19257	5.98044	4.36970e-05
1.35098e+03	1.64814e-02	7.43123e-02	0.97224	0.23377	4.36970e-05
1.39757e+03	1.64658e-02	6.77505e-02	0.56079	0.96415	4.36970e-05
1.44416e+03	1.64778e-02	7.27982e-02	0.15388	1.73833	4.36970e-05
1.49074e+03	1.64777e-02	7.93580e-02	0.02754	2.29296	4.36970e-05
1.53733e+03	1.64799e-02	7.42247e-02	6.28298	2.80936	4.36970e-05
1.58391e+03	1.64794e-02	6.84651e-02	6.10275	3.47363	4.36970e-05
1.63050e+03	1.64652e-02	6.92846e-02	5.86564	4.23691	4.36970e-05
1.67708e+03	1.64801e-02	7.86801e-02	5.89089	4.84110	4.36970e-05
1.72367e+03	1.64799e-02	7.67195e-02	6.02062	5.36894	4.36970e-05
1.77026e+03	1.64779e-02	7.11532e-02	6.01147	6.03943	4.36970e-05
1.81684e+03	1.64790e-02	7.17428e-02	5.92472	0.51539	4.36970e-05
1.86343e+03	1.64637e-02	7.78658e-02	6.04258	1.14559	4.36970e-05
1.91001e+03	1.64783e-02	7.93847e-02	0.03298	1.67616	4.36970e-05
1.95660e+03	1.64765e-02	7.23666e-02	0.19674	2.33914	4.36970e-05
2.00318e+03	1.64804e-02	7.16124e-02	0.22586	3.15989	4.36970e-05
2.04977e+03	1.64823e-02	7.70918e-02	0.44690	3.83550	4.36970e-05
2.09636e+03	1.64646e-02	7.80840e-02	0.92427	4.35160	4.36970e-05
2.14294e+03	1.64680e-02	7.14140e-02	1.36912	4.93302	4.36970e-05
2.18953e+03	1.64745e-02	6.86915e-02	1.64212	5.72800	4.36970e-05
2.23611e+03	1.64817e-02	7.38019e-02	2.02943	0.19406	4.36970e-05
2.28270e+03	1.64772e-02	7.87626e-02	2.68236	0.72327	4.36970e-05
2.32928e+03	1.64697e-02	7.15903e-02	3.37308	1.26219	4.36970e-05
2.37587e+03	1.64679e-02	6.79717e-02	3.90027	1.97611	4.36970e-05
2.42245e+03	1.64777e-02	7.22899e-02	4.41275	2.74408	4.36970e-05
2.46904e+03	1.64799e-02	8.00902e-02	5.21380	3.33214	4.36970e-05
2.51563e+03	1.64781e-02	7.58493e-02	6.07200	3.88642	4.36970e-05
2.56221e+03	1.64813e-02	7.09449e-02	0.54457	4.59166	4.36970e-05
2.60880e+03	1.64662e-02	7.23226e-02	1.65635	5.35284	4.36970e-05
2.65538e+03	1.64665e-02	7.91374e-02	3.18789	5.95228	4.36970e-05
2.70197e+03	1.64794e-02	7.82074e-02	4.81337	0.20845	4.36970e-05
2.74855e+03	1.64774e-02	7.06272e-02	0.05635	0.89691	4.36970e-05
2.79514e+03	1.64819e-02	7.20693e-02	1.48455	1.69969	4.36970e-05
2.84173e+03	1.64778e-02	7.78597e-02	3.15113	2.31957	4.36970e-05
2.88831e+03	1.64686e-02	7.67089e-02	5.03398	2.83287	4.36970e-05
2.93490e+03	1.64658e-02	6.88895e-02	0.49385	3.46833	4.36970e-05
2.98148e+03	1.64694e-02	6.70366e-02	2.06454	4.29424	4.36970e-05
3.02807e+03	1.64764e-02	7.49876e-02	3.82712	5.00315	4.36970e-05
3.07465e+03	1.64804e-02	7.90060e-02	5.80185	5.54960	4.36970e-05
3.12124e+03	1.64818e-02	7.25519e-02	1.41801	6.14152	4.36970e-05
3.16783e+03	1.64766e-02	6.91167e-02	3.08240	0.63625	4.36970e-05
3.21441e+03	1.64672e-02	7.26847e-02	4.79005	1.42703	4.36970e-05
3.26100e+03	1.64638e-02	7.90542e-02	0.40077	2.08761	4.36970e-05
3.30758e+03	1.64665e-02	7.43852e-02	2.42191	2.75494	4.36970e-05
3.35417e+03	1.64780e-02	7.07492e-02	4.24445	3.56258	4.36970e-05
3.40075e+03	1.64793e-02	7.34141e-02	6.08431	4.41486	4.36970e-05
3.44734e+03	1.64811e-02	7.92668e-02	1.90182	5.12771	4.36970e-05
3.49393e+03	1.64755e-02	8.03714e-02	4.17122	5.74001	4.36970e-05
3.54051e+03	1.64779e-02	7.23494e-02	0.12558	0.15179	4.36970e-05
3.58710e+03	1.64671e-02	6.89717e-02	2.19210	1.04542	4.36970e-05
3.63368e+03	1.64657e-02	7.48353e-02	4.37667	1.85355	4.36970e-05
3.68027e+03	1.64781e-02	8.01598e-02	0.50182	2.49889	4.36970e-05
3.72685e+03	1.64764e-02	7.42821e-02	2.91381	3.15499	4.36970e-05
3.77344e+03	1.64827e-02	6.87054e-02	5.12348	4.02740	4.36970e-05
3.82002e+03	1.64815e-02	6.94485e-02	0.95456	5.01848	4.36970e-05
3.86661e+03	1.64772e-02	7.63888e-02	3.39019	5.74453	4.36970e-05
3.91320e+03	1.64787e-02	7.71907e-02	6.01973	0.08588	4.36970e-05
3.95978e+03	1.64695e-02	6.86367e-02	2.32134	0.78618	4.36970e-05
4.00637e+03	1.64674e-02	6.78855e-02	4.80479	1.61980	4.36970e-05
4.05295e+03	1.64666e-02	7.36513e-02	1.22903	2.33940	4.36970e-05
4.09954e+03	1.64757e-02	7.95220e-02	4.23903	2.88084	4.36970e-05
4.14612e+03	1.64733e-02	7.33179e-02	0.84441	3.51986	4.36970e-05
4.19271e+03	1.64836e-02	6.84893e-02	3.39230	4.56658	4.36970e-05
4.23930e+03	1.64814e-02	6.70431e-02	5.56453	5.98553	4.36970e-05
4.28588e+03	1.64766e-02	7.05185e-02	1.58901	0.96380	4.36970e-05
4.33247e+03	1.64694e-02	7.74855e-02	4.46267	1.68043	4.36970e-05
4.37905e+03	1.64620e-02	7.47867e-02	1.26937	2.26356	4.36970e-05
4.42564e+03	1.64671e-02	6.91388e-02	3.97028	3.20810	4.36970e-05
4.47222e+03	1.64723e-02	6.59670e-02	6.27490	4.62284	4.36970e-05
4.51881e+03	1.64696e-02	6.16206e-02	1.53702	0.44297	4.36970e-05
4.56540e+03	1.64726e-02	5.59149e-02	1.74083	3.36429	4.36970e-05
4.61198e+03	1.64905e-02	7.26546e-02	0.15869	1.95307	4.36970e-05
4.65857e+03	1.64761e-02	3.66086e-02	6.05732	0.14541	4.36970e-05
4.70515e+03	1.64680e-02	2.55086e-02	3.83227	0.84781	4.36970e-05
4.75174e+03	1.64753e-02	5.22115e-02	2.35679	0.93229	4.36970e-05
4.79832e+03	1.64776e-02	3.23362e-02	2.05869	1.67137	4.36970e-05
4.84491e+03	1.64685e-02	3.11871e-02	2.81029	2.18104	4.36970e-05
4.89150e+03	1.64726e-02	3.54119e-02	6.14242	2.89861	4.36970e-05
4.93808e+03	1.64829e-02	7.21452e-02	6.12349	0.65677	4.36970e-05
4.98467e+03	1.64760e-02	3.44920e-02	5.46812	5.48833	4.36970e-05
5.03125e+03	1.64810e-02	3.30910e-02	3.39223	5.89569	4.36970e-05
5.07784e+03	1.64691e-02	2.05169e-02	5.94814	5.13760	4.36970e-05
5.12442e+03	1.64685e-02	7.62621e-03	3.65878	5.05243	4.36970e-05
5.17101e+03	1.64734e-02	1.00022e-02	1.28239	4.82898	4.36970e-05
5.21759e+03	1.64782e-02	2.59324e-02	3.51370	3.99082	4.36970e-05
5.26418e+03	1.64717e-02	2.81789e-02	3.29768	2.94547	4.36970e-05
5.31077e+03	1.64771e-02	9.62582e-03	6.07451	5.41789	4.36970e-05
5.35735e+03	1.64713e-02	3.54583e-02	0.92913	5.72620	4.36970e-05
5.40394e+03	1.64681e-02	3.70930e-02	4.43129	3.71380	4.36970e-05
5.45052e+03	1.64748e-02	4.17311e-02	1.23748	1.66313	4.36970e-05
5.49711e+03	1.64790e-02	5.66330e-02	2.59719	1.91619	4.36970e-05
5.54369e+03	1.64707e-02	3.73215e-02	3.57297	1.81690	4.36970e-05
5.59028e+03	1.64726e-02	3.96464e-02	5.75564	1.75475	4.36970e-05
5.63687e+03	1.64754e-02	2.05250e-02	2.92681	4.47644	4.36970e-05
5.68345e+03	1.64742e-02	2.38083e-02	1.26056	4.39573	4.36970e-05
5.73004e+03	1.64697e-02	1.37799e-02	1.18378	3.18339	4.36970e-05
5.77662e+03	1.64729e-02	2.08389e-02	2.54698	1.94429	4.36970e-05
5.82321e+03	1.64770e-02	2.54951e-02	0.84736	1.19741	4.36970e-05
5.86979e+03	1.64786e-02	3.93697e-02	1.41542	0.97719	4.36970e-05
5.91638e+03	1.64752e-02	3.98536e-02	4.19636	0.58682	4.36970e-05
5.96297e+03	1.64800e-02	2.60966e-02	1.18294	0.02527	4.36970e-05
6.00955e+03	1.64785e-02	9.29464e-03	0.56194	5.60593	4.36970e-05
6.05614e+03	1.64779e-02	8.17951e-03	1.03905	3.44858	4.36970e-05
6.10272e+03	1.64736e-02	5.65482e-03	2.05562	5.24531	4.36970e-05
6.14931e+03	1.64730e-02	3.15599e-02	2.54968	5.27574	4.36970e-05
6.19589e+03	1.64663e-02	5.31718e-03	0.57474	1.61747	4.36970e-05
6.24248e+03	1.64763e-02	2.76975e-02	0.87570	2.27535	4.36970e-05
6.28907e+03	1.64814e-02	1.91219e-02	4.36330	0.25409	4.36970e-05
6.33565e+03	1.64688e-02	1.52832e-02	1.94565	3.58823	4.36970e-05
6.38224e+03	1.64781e-02	3.55348e-02	4.44057	2.21286	4.36970e-05
6.42882e+03	1.64756e-02	2.46647e-02	2.73857	5.00021	4.36970e-05
6.47541e+03	1.64785e-02	3.29728e-02	5.90702	2.86946	4.36970e-05
6.52199e+03	1.64722e-02	4.82698e-03	0.36117	2.34630	4.36970e-05
6.56858e+03	1.64740e-02	2.53533e-02	1.82603	3.81320	4.36970e-05
6.61516e+03	1.64773e-02	1.61205e-02	1.63230	4.43157	4.36970e-05
6.66175e+03	1.64732e-02	3.74368e-02	1.65124	5.31390	4.36970e-05
6.70834e+03	1.64666e-02	2.29232e-02	2.92154	5.02910	4.36970e-05
6.75492e+03	1.64694e-02	1.06850e-02	4.54480	0.58450	4.36970e-05
6.80151e+03	1.64686e-02	7.82968e-03	5.83375	0.58899	4.36970e-05
6.84809e+03	1.64701e-02	2.86489e-02	4.90261	2.37079	4.36970e-05
6.89468e+03	1.64703e-02	3.29717e-02	4.89821	3.04257	4.36970e-05
6.94126e+03	1.64686e-02	3.78899e-02	5.77897	2.94983	4.36970e-05
6.98785e+03	1.64705e-02	1.48854e-02	4.45782	4.26828	4.36970e-05
7.03444e+03	1.64680e-02	3.10104e-02	4.63187	5.64103	4.36970e-05
7.08102e+03	1.64692e-02	1.81119e-02	3.22559	0.73863	4.36970e-05
7.12761e+03	1.64714e-02	3.51895e-02	6.28242	0.45630	4.36970e-05
7.17419e+03	1.64794e-02	2.55185e-02	5.97821	3.46922	4.36970e-05
7.22078e+03	1.64740e-02	1.58961e-02	2.12543	3.47106	4.36970e-05
7.26736e+03	1.64800e-02	2.17365e-02	1.67735	4.08218	4.36970e-05
7.31395e+03	1.64779e-02	2.67381e-02	0.98466	5.84493	4.36970e-05
7.36054e+03	1.64780e-02	1.61554e-02	3.63270	6.11414	4.36970e-05
7.40712e+03	1.64794e-02	5.47223e-02	4.00237	0.30682	4.36970e-05
7.45371e+03	1.64790e-02	2.02003e-02	2.91187	3.56742	4.36970e-05
7.50029e+03	1.64750e-02	1.83851e-02	1.98293	0.13466	4.36970e-05
7.54688e+03	1.64840e-02	5.26483e-02	0.81866	3.86644	4.36970e-05
7.59346e+03	1.64757e-02	1.26047e-02	3.24392	4.54183	4.36970e-05
7.64005e+03	1.64704e-02	5.30207e-02	5.43363	4.70189	4.36970e-05
7.68664e+03	1.64717e-02	3.99691e-02	5.42690	2.57867	4.36970e-05
7.73322e+03	1.64683e-02	6.95464e-02	1.01599	1.13917	4.36970e-05
7.77981e+03	1.64697e-02	4.40302e-02	4.15960	5.50452	4.36970e-05
7.82639e+03	1.64762e-02	3.91483e-02	1.54688	3.60720	4.36970e-05
7.87298e+03	1.64623e-02	2.26731e-02	2.97159	2.10019	4.36970e-05
7.91956e+03	1.64650e-02	4.38884e-02	4.53814	0.44572	4.36970e-05
7.96615e+03	1.64606e-02	5.48448e-02	5.49625	5.21611	4.36970e-05
8.01273e+03	1.64630e-02	2.56747e-02	0.93589	2.04675	4.36970e-05
8.05932e+03	1.64737e-02	4.51721e-02	1.11695	1.10943	4.36970e-05
8.10591e+03	1.64712e-02	3.86096e-02	5.08383	5.99031	4.36970e-05
8.15249e+03	1.64654e-02	8.54410e-03	5.63640	4.13539	4.36970e-05
8.19908e+03	1.64693e-02	2.39877e-02	1.92014	1.61573	4.36970e-05
8.24566e+03	1.64586e-02	7.43915e-03	3.54983	0.89900	4.36970e-05
8.29225e+03	1.64692e-02	3.34694e-02	3.25776	3.19913	4.36970e-05
8.33883e+03	1.64607e-02	9.67740e-03	2.30487	2.69358	4.36970e-05
8.38542e+03	1.64650e-02	2.47660e-02	6.03462	4.98549	4.36970e-05
8.43201e+03	1.64611e-02	1.73523e-02	3.68428	5.36102	4.36970e-05
8.47859e+03	1.64572e-02	4.00410e-03	3.76430	0.81264	4.36970e-05
8.52518e+03	1.64606e-02	3.15430e-02	3.34863	0.76962	4.36970e-05
8.57176e+03	1.64622e-02	1.89043e-02	4.70068	1.71094	4.36970e-05
8.61835e+03	1.64588e-02	1.75079e-02	4.76199	3.17091	4.36970e-05
8.66493e+03	1.64666e-02	3.19636e-02	4.86781	4.25326	4.36970e-05
8.71152e+03	1.64730e-02	3.90368e-02	5.87325	4.48176	4.36970e-05
8.75811e+03	1.64496e-02	3.00492e-02	5.63783	5.13146	4.36970e-05
8.80469e+03	1.64658e-02	3.22740e-02	0.05420	5.90618	4.36970e-05
8.85128e+03	1.64623e-02	1.88162e-02	2.34490	5.91093	4.36970e-05
8.89786e+03	1.64729e-02	2.85620e-02	2.08313	2.18702	4.36970e-05
8.94445e+03	1.64683e-02	1.70336e-02	2.83391	1.63647	4.36970e-05
8.99103e+03	1.64706e-02	3.22452e-02	3.56199	2.29901	4.36970e-05
9.03762e+03	1.64605e-02	2.21485e-02	4.24387	1.66513	4.36970e-05
9.08421e+03	1.64716e-02	1.31704e-02	0.15114	1.95146	4.36970e-05
9.13079e+03	1.64627e-02	3.25916e-02	1.71041	1.67850	4.36970e-05
9.17738e+03	1.64724e-02	3.67181e-02	0.25624	1.79891	4.36970e-05
9.22396e+03	1.64625e-02	9.16952e-03	0.78091	3.23833	4.36970e-05
9.27055e+03	1.64713e-02	1.65191e-02	3.33944	3.12371	4.36970e-05
9.31713e+03	1.64631e-02	7.20835e-03	2.12855	4.73000	4.36970e-05
9.36372e+03	1.64627e-02	1.30110e-02	6.10998	2.73552	4.36970e-05
9.41030e+03	1.64588e-02	1.18699e-02	3.62744	4.36111	4.36970e-05
9.45689e+03	1.64655e-02	1.46042e-02	2.55279	4.54291	4.36970e-05
9.50348e+03	1.64663e-02	1.35061e-02	5.26708	3.99659	4.36970e-05
9.55006e+03	1.64689e-02	1.64628e-02	2.43995	3.13036	4.36970e-05
9.59665e+03	1.64679e-02	2.06472e-02	1.80329	2.08969	4.36970e-05
9.64323e+03	1.64719e-02	2.15159e-02	6.13350	1.68112	4.36970e-05
9.68982e+03	1.64651e-02	2.40372e-02	3.21152	1.22430	4.36970e-05
9.73640e+03	1.64705e-02	2.89400e-02	1.79482	1.54900	4.36970e-05
9.78299e+03	1.64618e-02	2.97060e-02	0.83463	1.99669	4.36970e-05
9.82958e+03	1.64644e-02	1.29847e-02	2.74304	2.18302	4.36970e-05
9.87616e+03	1.64674e-02	4.33375e-02	0.70888	2.46337	4.36970e-05
9.92275e+03	1.64666e-02	4.38179e-02	4.57119	2.86424	4.36970e-05
9.96933e+03	1.64456e-02	3.35511e-02	1.78462	3.31439	4.36970e-05
1.00159e+04	1.64706e-02	2.88085e-02	0.95459	4.16616	4.36970e-05
1.00625e+04	1.64675e-02	9.15982e-03	4.34002	4.05361	4.36970e-05
1.01091e+04	1.64661e-02	1.31020e-02	5.76549	3.73031	4.36970e-05
1.01557e+04	1.64664e-02	2.72910e-02	4.40859	5.92730	4.36970e-05
1.02023e+04	1.64613e-02	3.08190e-02	6.13855	1.04667	4.36970e-05
1.02488e+04	1.64548e-02	2.47900e-02	5.75090	1.97135	4.36970e-05
1.02954e+04	1.64609e-02	1.66801e-02	1.94262	3.18810	4.36970e-05
1.03420e+04	1.64608e-02	2.00904e-02	2.01388	5.10675	4.36970e-05
1.03886e+04	1.64561e-02	2.21629e-02	5.60059	0.24500	4.36970e-05
1.04352e+04	1.64584e-02	2.28614e-02	0.18953	1.67103	4.36970e-05
1.04818e+04	1.64589e-02	3.02745e-02	0.59788	2.07757	4.36970e-05
1.05284e+04	1.64663e-02	2.83453e-02	5.66441	3.32313	4.36970e-05
1.05749e+04	1.64670e-02	1.86760e-02	0.94544	3.60670	4.36970e-05
1.06215e+04	1.64599e-02	2.18668e-02	4.48257	2.82009	4.36970e-05
1.06681e+04	1.64652e-02	1.85225e-02	4.95391	3.22787	4.36970e-05
1.07147e+04	1.64496e-02	2.00738e-02	5.43909	2.70769	4.36970e-05
1.07613e+04	1.64434e-02	1.53579e-02	0.33354	2.29692	4.36970e-05
1.08079e+04	1.64433e-02	2.25463e-02	2.40405	5.68305	4.36970e-05
1.08545e+04	1.64499e-02	3.79186e-02	1.10798	5.73775	4.36970e-05
1.09010e+04	1.64432e-02	5.21371e-03	0.59464	3.87052	4.36970e-05
1.09476e+04	1.64318e-02	8.06619e-03	5.17559	4.43200	4.36970e-05
1.09942e+04	1.64524e-02	2.36926e-02	4.94742	2.62367	4.36970e-05
1.10408e+04	1.64428e-02	4.33958e-02	6.19644	2.28427	4.36970e-05
1.10874e+04	1.64389e-02	3.74921e-02	4.79946	2.98730	4.36970e-05
1.11340e+04	1.64439e-02	2.06618e-02	4.31652	1.49273	4.36970e-05
1.11806e+04	1.64573e-02	2.26432e-02	3.72671	1.55089	4.36970e-05
1.12271e+04	1.64631e-02	4.01580e-02	2.18861	1.60739	4.36970e-05
1.12737e+04	1.64541e-02	1.57551e-02	4.45301	2.72670	4.36970e-05
1.13203e+04	1.64398e-02	6.86925e-03	0.51419	2.83131	4.36970e-05
1.13669e+04	1.64625e-02	2.10920e-02	3.00180	6.26212	4.36970e-05
1.14135e+04	1.64604e-02	2.20326e-02	5.62121	6.23903	4.36970e-05
1.14601e+04	1.64564e-02	5.62616e-02	3.99223	0.06031	4.36970e-05
1.15067e+04	1.64428e-02	4.44000e-02	0.19881	0.12571	4.36970e-05
1.15532e+04	1.64504e-02	5.43670e-02	0.06776	1.73087	4.36970e-05
1.15998e+04	1.64677e-02	2.49934e-02	0.73906	3.65019	4.36970e-05
1.16464e+04	1.64610e-02	1.87159e-02	0.91992	2.02067	4.36970e-05
1.16930e+04	1.64254e-02	4.63402e-02	4.34997	4.16343	4.36970e-05
1.17396e+04	1.64367e-02	4.27424e-02	2.46710	5.68567	4.36970e-05
1.17862e+04	1.64509e-02	2.63768e-02	1.62813	4.45525	4.36970e-05
1.18328e+04	1.64611e-02	1.32837e-02	1.45353	4.68376	4.36970e-05
1.18793e+04	1.64296e-02	5.49347e-02	3.07914	1.99383	4.36970e-05
1.19259e+04	1.64336e-02	3.00052e-02	4.04947	4.45543	4.36970e-05
1.19725e+04	1.64322e-02	4.01416e-02	2.92455	2.69926	4.36970e-05
1.20191e+04	1.64317e-02	5.54946e-02	3.37101	5.08966	4.36970e-05
1.20657e+04	1.64299e-02	1.54153e-02	4.25333	1.47920	4.36970e-05
1.21123e+04	1.64353e-02	4.98755e-02	3.30151	5.82394	4.36970e-05
1.21589e+04	1.64306e-02	4.79716e-02	4.04547	2.02757	4.36970e-05
1.22054e+04	1.64337e-02	1.93527e-02	3.10434	6.10070	4.36970e-05
1.22520e+04	1.64376e-02	5.65550e-02	4.16515	2.82847	4.36970e-05
1.22986e+04	1.64346e-02	3.71896e-02	5.58287	5.59126	4.36970e-05
1.23452e+04	1.64321e-02	3.12407e-02	5.68524	3.47369	4.36970e-05
1.23918e+04	1.64372e-02	5.67812e-02	0.70980	0.04195	4.36970e-05
1.24384e+04	1.64284e-02	2.40092e-02	2.38825	2.75387	4.36970e-05
1.24850e+04	1.64292e-02	4.41544e-02	2.41724	0.87385	4.36970e-05
1.25315e+04	1.64270e-02	5.59431e-02	4.19285	3.34297	4.36970e-05
1.25781e+04	1.64360e-02	1.56041e-02	4.70806	0.90460	4.36970e-05
1.26247e+04	1.64396e-02	5.44799e-02	5.64438	4.18023	4.36970e-05
1.26713e+04	1.64592e-02	2.89465e-02	4.06972	0.64169	4.36970e-05
1.27179e+04	1.64387e-02	3.06639e-02	0.40867	5.37700	4.36970e-05
1.27645e+04	1.64437e-02	4.42959e-02	2.99704	1.15456	4.36970e-05
1.28111e+04	1.64553e-02	4.03466e-02	5.50738	2.98177	4.36970e-05
1.28576e+04	1.64417e-02	1.21037e-02	1.12721	1.10139	4.36970e-05
1.29042e+04	1.64368e-02	4.46953e-02	3.54747	4.58227	4.36970e-05
1.29508e+04	1.64318e-02	1.57456e-02	2.60306	2.92008	4.36970e-05
1.29974e+04	1.64424e-02	4.82602e-02	1.36072	5.97706	4.36970e-05
1.30440e+04	1.64364e-02	1.71728e-02	5.92421	2.36477	4.36970e-05
1.30906e+04	1.64318e-02	3.59527e-02	0.72317	0.38223	4.36970e-05
1.31372e+04	1.64332e-02	5.89781e-02	4.90606	2.41390	4.36970e-05
1.31837e+04	1.64329e-02	3.80502e-02	2.76769	4.49517	4.36970e-05
1.32303e+04	1.64320e-02	1.20477e-02	5.98274	1.50602	4.36970e-05
1.32769e+04	1.64261e-02	3.58913e-02	3.37161	4.36911	4.36970e-05
1.33235e+04	1.64305e-02	5.25435e-02	1.53240	0.03141	4.36970e-05
1.33701e+04	1.64270e-02	3.48842e-02	5.33002	2.28265	4.36970e-05
1.34167e+04	1.64243e-02	1.33610e-02	1.13536	0.05439	4.36970e-05
1.34633e+04	1.64341e-02	3.92765e-02	4.93859	2.27086	4.36970e-05
1.35098e+04	1.64308e-02	5.21760e-02	4.01588	3.97206	4.36970e-05
1.35564e+04	1.64298e-02	3.74921e-02	3.43680	5.62321	4.36970e-05
1.36030e+04	1.64279e-02	1.23911e-02	3.25835	0.66381	4.36970e-05
1.36496e+04	1.64267e-02	3.53185e-03	6.18463	5.28463	4.36970e-05
1.36962e+04	1.64288e-02	2.94052e-02	6.03782	0.19132	4.36970e-05
1.37428e+04	1.64252e-02	4.41306e-02	5.97909	1.89853	4.36970e-05
1.37894e+04	1.64315e-02	3.73846e-02	6.21493	3.59983	4.36970e-05
1.38359e+04	1.64345e-02	2.68613e-02	6.21807	5.28267	4.36970e-05
1.38825e+04	1.64354e-02	5.77162e-03	0.31730	1.74247	4.36970e-05
1.39291e+04	1.64325e-02	2.24905e-02	0.45030	5.18480	4.36970e-05
1.39757e+04	1.64304e-02	2.78639e-02	2.99858	0.29348	4.36970e-05
1.40223e+04	1.64303e-02	4.16074e-02	6.02732	1.40053	4.36970e-05
1.40689e+04	1.64347e-02	4.82052e-02	1.83646	2.84055	4.36970e-05
1.41155e+04	1.64288e-02	3.45850e-02	2.98294	4.28270	4.36970e-05
1.41620e+04	1.64285e-02	1.66433e-02	3.69581	5.43949	4.36970e-05
1.42086e+04	1.64304e-02	3.42757e-03	3.79642	1.99077	4.36970e-05
1.42552e+04	1.64362e-02	2.55308e-02	3.58605	5.16558	4.36970e-05
1.43018e+04	1.64353e-02	3.99772e-02	4.86998	0.62206	4.36970e-05
1.43484e+04	1.64300e-02	3.97776e-02	6.26874	2.12534	4.36970e-05
1.43950e+04	1.64304e-02	4.07232e-02	1.61877	3.47654	4.36970e-05
1.44416e+04	1.64307e-02	3.40659e-02	3.15879	5.01915	4.36970e-05
1.44881e+04	1.64304e-02	1.27174e-02	4.36418	0.59770	4.36970e-05
1.45347e+04	1.64321e-02	1.33172e-02	3.33759	4.71755	4.36970e-05
1.45813e+04	1.64272e-02	2.44184e-02	5.09020	6.12957	4.36970e-05
1.46279e+04	1.64319e-02	3.86848e-02	0.87082	0.98138	4.36970e-05
1.46745e+04	1.64327e-02	4.47119e-02	2.57977	2.56687	4.36970e-05
1.47211e+04	1.64336e-02	3.46931e-02	4.24631	4.17487	4.36970e-05
1.47677e+04	1.64333e-02	1.99833e-02	0.06186	5.27969	4.36970e-05
1.48142e+04	1.64233e-02	4.58605e-03	1.47285	0.80572	4.36970e-05
1.48608e+04	1.64343e-02	2.59260e-02	0.33755	5.22607	4.36970e-05
1.49074e+04	1.64335e-02	3.95350e-02	1.76717	0.55612	4.36970e-05
1.49540e+04	1.64354e-02	3.52928e-02	0.68409	1.88358	4.36970e-05
1.50006e+04	1.64385e-02	3.14995e-02	0.37042	3.11496	4.36970e-05
1.50472e+04	1.64504e-02	2.68294e-02	5.05356	4.43877	4.36970e-05
1.50938e+04	1.64423e-02	1.86099e-02	0.47028	4.10657	4.36970e-05
1.51403e+04	1.64380e-02	3.79637e-02	1.87849	5.03464	4.36970e-05
1.51869e+04	1.64354e-02	4.28103e-02	2.31837	6.08378	4.36970e-05
1.52335e+04	1.64303e-02	4.84220e-02	5.88284	1.09525	4.36970e-05
1.52801e+04	1.64451e-02	3.60113e-02	4.92760	2.65795	4.36970e-05
1.53267e+04	1.64441e-02	4.21134e-02	0.84317	3.17263	4.36970e-05
1.53733e+04	1.64442e-02	1.92366e-02	3.39593	4.89359	4.36970e-05
1.54199e+04	1.64525e-02	3.68719e-02	3.94556	3.41554	4.36970e-05
1.54664e+04	1.64434e-02	4.50652e-02	3.22040	1.48219	4.36970e-05
1.55130e+04	1.64522e-02	5.14319e-02	0.71213	1.20930	4.36970e-05
1.55596e+04	1.64497e-02	5.32803e-02	3.91294	1.56466	4.36970e-05
1.56062e+04	1.64477e-02	4.28374e-02	1.83154	1.45905	4.36970e-05
1.56528e+04	1.64584e-02	5.09051e-02	0.13322	1.03085	4.36970e-05
1.56994e+04	1.64468e-02	2.95809e-02	4.24552	1.70538	4.36970e-05
1.57460e+04	1.64514e-02	2.23536e-02	3.16541	3.37749	4.36970e-05
1.57925e+04	1.64497e-02	4.23200e-02	4.29608	2.76591	4.36970e-05
1.58391e+04	1.64497e-02	2.71888e-02	4.54351	4.51636	4.36970e-05
1.58857e+04	1.64500e-02	4.26463e-02	5.61390	3.84223	4.36970e-05
1.59323e+04	1.64461e-02	2.11179e-02	0.14198	2.67636	4.36970e-05
1.59789e+04	1.64498e-02	1.27109e-02	0.27654	3.26978	4.36970e-05
1.60255e+04	1.64446e-02	3.35833e-02	1.03160	0.29630	4.36970e-05
1.60721e+04	1.64579e-02	4.68595e-02	5.01017	1.96636	4.36970e-05
1.61186e+04	1.64448e-02	2.95627e-02	2.53903	4.53069	4.36970e-05
1.61652e+04	1.64418e-02	1.42583e-02	2.28753	5.73383	4.36970e-05
1.62118e+04	1.64450e-02	1.91852e-02	5.95535	3.41674	4.36970e-05
1.62584e+04	1.64579e-02	4.26122e-02	0.75888	4.89644	4.36970e-05
1.63050e+04	1.64480e-02	4.90826e-02	4.58082	0.08045	4.36970e-05
1.63516e+04	1.64529e-02	4.32473e-02	4.82403	0.25256	4.36970e-05
1.63982e+04	1.64466e-02	4.53626e-02	3.59065	0.30481	4.36970e-05
1.64447e+04	1.64391e-02	4.24204e-02	4.11373	3.86427	4.36970e-05
1.64913e+04	1.64525e-02	4.61653e-02	3.18216	3.70178	4.36970e-05
1.65379e+04	1.64441e-02	3.95898e-02	3.76581	3.34275	4.36970e-05
1.65845e+04	1.64446e-02	3.25448e-02	4.38048	3.97479	4.36970e-05
1.66311e+04	1.64517e-02	3.22950e-02	2.15162	0.66866	4.36970e-05
1.66777e+04	1.64450e-02	1.93350e-02	4.16993	5.53592	4.36970e-05
1.67243e+04	1.64415e-02	3.97766e-02	4.19123	1.79125	4.36970e-05
1.67708e+04	1.64364e-02	2.24197e-02	2.54342	4.13512	4.36970e-05
1.68174e+04	1.64430e-02	1.98234e-02	1.02775	1.72054	4.36970e-05
1.68640e+04	1.64418e-02	3.54528e-02	3.35267	3.95077	4.36970e-05
1.69106e+04	1.64441e-02	3.58366e-02	1.76854	5.76082	4.36970e-05
1.69572e+04	1.64415e-02	2.17154e-02	0.06420	1.69022	4.36970e-05
1.70038e+04	1.64426e-02	1.92378e-02	3.77804	5.29991	4.36970e-05
1.70504e+04	1.64386e-02	3.75377e-02	1.91714	1.54391	4.36970e-05
1.70969e+04	1.64435e-02	3.32336e-02	1.19719	3.60139	4.36970e-05
1.71435e+04	1.64424e-02	2.06487e-02	0.06416	5.56677	4.36970e-05
1.71901e+04	1.64350e-02	1.29527e-02	3.89867	2.38762	4.36970e-05
1.72367e+04	1.64372e-02	2.97202e-02	1.63555	5.10255	4.36970e-05
1.72833e+04	1.64434e-02	3.70884e-02	6.12328	0.86007	4.36970e-05
1.73299e+04	1.64435e-02	2.96911e-02	4.49058	2.62538	4.36970e-05
1.73765e+04	1.64356e-02	1.76523e-02	2.52870	4.75974	4.36970e-05
1.74230e+04	1.64407e-02	1.85468e-02	5.62309	1.94173	4.36970e-05
1.74696e+04	1.64350e-02	3.33159e-02	3.33318	4.36058	4.36970e-05
1.75162e+04	1.64315e-02	3.39317e-02	1.67949	0.05905	4.36970e-05
1.75628e+04	1.64449e-02	2.34752e-02	5.97591	2.19320	4.36970e-05
1.76094e+04	1.64410e-02	1.56748e-02	2.42955	5.39783	4.36970e-05
1.76560e+04	1.64413e-02	3.07827e-02	5.30743	1.89324	4.36970e-05
1.77026e+04	1.64421e-02	3.29249e-02	2.10878	4.20067	4.36970e-05
1.77491e+04	1.64388e-02	2.12522e-02	2.22974	0.39531	4.36970e-05
1.77957e+04	1.64411e-02	1.84352e-02	5.93890	4.40424	4.36970e-05
1.78423e+04	1.64334e-02	2.92218e-02	1.12821	1.62398	4.36970e-05
1.78889e+04	1.64553e-02	1.73870e-02	5.19849	5.61565	4.36970e-05
1.79355e+04	1.64430e-02	2.99142e-02	5.55227	3.04158	4.36970e-05
1.79821e+04	1.64443e-02	2.19433e-02	2.39505	5.71193	4.36970e-05
1.80287e+04	1.64429e-02	1.86263e-02	2.01673	3.89026	4.36970e-05
1.80752e+04	1.64453e-02	3.41626e-02	2.79543	0.30322	4.36970e-05
1.81218e+04	1.64477e-02	1.24998e-02	2.83016	3.53128	4.36970e-05
1.81684e+04	1.64491e-02	2.31220e-02	0.68778	0.39684	4.36970e-05
1.82150e+04	1.64558e-02	3.71257e-02	3.96191	2.77945	4.36970e-05
1.82616e+04	1.64369e-02	1.82186e-02	1.60354	5.89530	4.36970e-05
1.83082e+04	1.64500e-02	2.98374e-02	2.56514	3.86533	4.36970e-05
1.83548e+04	1.64546e-02	3.02901e-02	4.08867	0.54706	4.36970e-05
1.84013e+04	1.64506e-02	1.67170e-02	4.38074	3.48645	4.36970e-05
1.84479e+04	1.64452e-02	3.06412e-02	3.32631	1.29450	4.36970e-05
1.84945e+04	1.64442e-02	2.34489e-02	2.16363	4.26324	4.36970e-05
1.85411e+04	1.64498e-02	1.60334e-02	2.50719	1.93210	4.36970e-05
1.85877e+04	1.64448e-02	1.99401e-02	0.37509	3.47616	4.36970e-05
1.86343e+04	1.64473e-02	1.63177e-02	3.07378	1.13513	4.36970e-05
1.86809e+04	1.64494e-02	1.92679e-02	3.29464	1.87961	4.36970e-05
1.87274e+04	1.64409e-02	1.97496e-02	5.72832	5.17512	4.36970e-05
1.87740e+04	1.64383e-02	3.01128e-02	6.17759	1.98062	4.36970e-05
1.88206e+04	1.64551e-02	2.17714e-02	3.29663	5.45012	4.36970e-05
1.88672e+04	1.64508e-02	2.48914e-02	4.34979	2.14834	4.36970e-05
1.89138e+04	1.64423e-02	2.13761e-02	2.62218	4.60697	4.36970e-05
1.89604e+04	1.64461e-02	2.16082e-02	1.71405	0.00839	4.36970e-05
1.90070e+04	1.64445e-02	2.49490e-02	5.94598	2.49348	4.36970e-05
1.90535e+04	1.64415e-02	2.71751e-02	0.93005	2.41732	4.36970e-05
1.91001e+04	1.64536e-02	2.96366e-02	4.35490	3.64814	4.36970e-05
1.91467e+04	1.64418e-02	1.35705e-02	0.25605	0.92140	4.36970e-05
1.91933e+04	1.64390e-02	3.35235e-02	1.42634	4.37180	4.36970e-05
1.92399e+04	1.64568e-02	3.15238e-02	0.82310	5.50618	4.36970e-05
1.92865e+04	1.64415e-02	2.99891e-02	4.97254	6.09838	4.36970e-05
1.93331e+04	1.64426e-02	3.14047e-02	5.78054	0.25933	4.36970e-05
1.93796e+04	1.64559e-02	3.38667e-02	3.74895	1.51040	4.36970e-05
1.94262e+04	1.64409e-02	3.21696e-02	2.14479	2.22050	4.36970e-05
1.94728e+04	1.64486e-02	2.84616e-02	2.37138	4.09747	4.36970e-05
1.95194e+04	1.64471e-02	1.20057e-02	5.50215	0.27245	4.36970e-05
1.95660e+04	1.64522e-02	1.71141e-02	4.56817	3.60736	4.36970e-05
1.96126e+04	1.64464e-02	2.56099e-02	1.54408	5.36733	4.36970e-05
1.96592e+04	1.64524e-02	3.06150e-02	3.94623	0.70324	4.36970e-05
1.97057e+04	1.64484e-02	2.76399e-02	1.63525	1.20940	4.36970e-05
1.97523e+04	1.64471e-02	2.58849e-02	0.99994	2.05018	4.36970e-05
1.97989e+04	1.64521e-02	2.61013e-02	3.69876	3.45477	4.36970e-05
1.98455e+04	1.64579e-02	2.88776e-02	0.87992	4.77914	4.36970e-05
1.98921e+04	1.64539e-02	2.38574e-02	4.94663	0.07046	4.36970e-05
1.99387e+04	1.64416e-02	1.34403e-02	3.81151	3.63414	4.36970e-05
1.99853e+04	1.64400e-02	1.99508e-02	1.33590	6.20665	4.36970e-05
2.00318e+04	1.64399e-02	2.35412e-02	0.85249	1.91533	4.36970e-05
2.00784e+04	1.64395e-02	2.09573e-02	5.57778	4.14806	4.36970e-05
2.01250e+04	1.64477e-02	1.39712e-02	0.76416	1.18582	4.36970e-05
2.01716e+04	1.64550e-02	3.03931e-02	1.32910	4.76086	4.36970e-05
2.02182e+04	1.64455e-02	3.03953e-02	2.79950	0.27527	4.36970e-05
2.02648e+04	1.64537e-02	2.60977e-02	5.65839	1.69978	4.36970e-05
2.03114e+04	1.64433e-02	3.10143e-02	5.22632	1.95145	4.36970e-05
2.03579e+04	1.64503e-02	2.92399e-02	5.60008	1.88856	4.36970e-05
2.04045e+04	1.64474e-02	1.17819e-02	5.44533	1.55297	4.36970e-05
2.04511e+04	1.64489e-02	2.13133e-02	1.72882	5.32337	4.36970e-05
2.04977e+04	1.64513e-02	2.96444e-02	1.90862	4.87949	4.36970e-05
2.05443e+04	1.64545e-02	1.45896e-02	1.46544	4.11457	4.36970e-05
2.05909e+04	1.64457e-02	1.86366e-02	5.32084	0.66321	4.36970e-05
2.06375e+04	1.64481e-02	1.94837e-02	2.11513	4.06317	4.36970e-05
2.06840e+04	1.64534e-02	2.41841e-02	1.94780	3.48717	4.36970e-05
2.07306e+04	1.64486e-02	2.32477e-02	0.60525	3.49563	4.36970e-05
2.07772e+04	1.64508e-02	9.16126e-03	3.96496	0.73329	4.36970e-05
2.08238e+04	1.64499e-02	1.70874e-02	6.13227	4.41369	4.36970e-05
2.08704e+04	1.64484e-02	1.26557e-02	3.09893	1.17704	4.36970e-05
2.09170e+04	1.64431e-02	1.92177e-02	2.72765	1.07488	4.36970e-05
2.09636e+04	1.64508e-02	1.92302e-02	3.50818	0.18169	4.36970e-05
2.10101e+04	1.64533e-02	1.64478e-02	0.77254	1.37147	4.36970e-05
2.10567e+04	1.64498e-02	2.04582e-02	1.34357	0.53733	4.36970e-05
2.11033e+04	1.64481e-02	2.00466e-02	1.46246	6.10004	4.36970e-05
2.11499e+04	1.64518e-02	1.75548e-02	2.68019	5.06416	4.36970e-05
2.11965e+04	1.64452e-02	1.56455e-02	1.28830	5.36535	4.36970e-05
2.12431e+04	1.64460e-02	1.98777e-02	0.74855	1.64282	4.36970e-05
2.12897e+04	1.64417e-02	2.41925e-02	2.70419	3.62931	4.36970e-05
2.13362e+04	1.64555e-02	1.82471e-02	0.75110	6.10450	4.36970e-05
2.13828e+04	1.64466e-02	1.59429e-02	1.31320	3.16723	4.36970e-05
2.14294e+04	1.64491e-02	2.53018e-02	0.33937	5.70285	4.36970e-05
2.14760e+04	1.64482e-02	2.33636e-02	0.08150	0.38903	4.36970e-05
2.15226e+04	1.64506e-02	1.60978e-02	1.11902	6.19487	4.36970e-05
2.15692e+04	1.64484e-02	2.76099e-02	2.85779	4.29004	4.36970e-05
2.16157e+04	1.64486e-02	2.31856e-02	3.89603	3.74745	4.36970e-05
2.16623e+04	1.64494e-02	8.15751e-03	4.12005	2.85240	4.36970e-05
2.17089e+04	1.64490e-02	1.35898e-02	2.55270	4.58456	4.36970e-05
2.17555e+04	1.64498e-02	9.54185e-03	1.47023	5.06551	4.36970e-05
2.18021e+04	1.64515e-02	9.22152e-03	4.22185	3.95581	4.36970e-05
2.18487e+04	1.64451e-02	8.87646e-03	3.52954	1.30392	4.36970e-05
2.18953e+04	1.64464e-02	1.65672e-02	4.17384	3.42387	4.36970e-05
2.19418e+04	1.64518e-02	2.09194e-02	4.73371	5.33096	4.36970e-05
2.19884e+04	1.64471e-02	1.54503e-02	4.46021	0.63822	4.36970e-05
2.20350e+04	1.64472e-02	1.31376e-02	3.52898	1.92222	4.36970e-05
2.20816e+04	1.64459e-02	5.93968e-03	3.52648	3.80231	4.36970e-05
2.21282e+04	1.64523e-02	1.52231e-02	1.95470	1.92008	4.36970e-05
2.21748e+04	1.64532e-02	1.94705e-02	1.71789	3.69231	4.36970e-05
2.22214e+04	1.64497e-02	1.86883e-02	2.28315	5.37787	4.36970e-05
2.22679e+04	1.64424e-02	7.10730e-03	1.85430	1.63606	4.36970e-05
2.23145e+04	1.64463e-02	1.06044e-02	6.01581	5.55749	4.36970e-05
2.23611e+04	1.64550e-02	1.40536e-02	5.09526	0.97756	4.36970e-05
2.24077e+04	1.64497e-02	1.98898e-02	0.33798	2.84177	4.36970e-05
2.24543e+04	1.64424e-02	1.54054e-02	1.64623	4.89406	4.36970e-05
2.25009e+04	1.64447e-02	6.91381e-03	6.27254	0.20519	4.36970e-05
2.25475e+04	1.64448e-02	4.09032e-03	2.19535	4.20770	4.36970e-05
2.25940e+04	1.64481e-02	1.81342e-02	2.63218	0.37832	4.36970e-05
2.26406e+04	1.64530e-02	1.81711e-02	6.02305	2.33272	4.36970e-05
2.26872e+04	1.64489e-02	1.13428e-02	5.33230	3.94279	4.36970e-05
2.27338e+04	1.64461e-02	7.96340e-03	2.10455	0.57751	4.36970e-05
2.27804e+04	1.64455e-02	2.47818e-02	3.06510	5.52730	4.36970e-05
2.28270e+04	1.64461e-02	1.62126e-02	5.87218	4.06024	4.36970e-05
2.28736e+04	1.64472e-02	2.47233e-02	3.44502	1.89570	4.36970e-05
2.29201e+04	1.64444e-02	1.41819e-02	5.44673	1.17030	4.36970e-05
2.29667e+04	1.64540e-02	1.09361e-02	1.29255	0.46408	4.36970e-05
2.30133e+04	1.64512e-02	2.33080e-02	4.06047	5.48937	4.36970e-05
2.30599e+04	1.64484e-02	1.16615e-02	1.70361	1.64155	4.36970e-05
2.31065e+04	1.64485e-02	1.52435e-02	3.71167	2.13182	4.36970e-05
2.31531e+04	1.64470e-02	1.74036e-02	4.26805	2.79454	4.36970e-05
2.31997e+04	1.64497e-02	2.37628e-02	0.77327	2.28211	4.36970e-05
2.32462e+04	1.64487e-02	1.59712e-02	4.84236	1.04664	4.36970e-05
2.32928e+04	1.64419e-02	2.55737e-02	1.87477	6.10411	4.36970e-05
2.33394e+04	1.64402e-02	2.85292e-02	4.18995	5.40094	4.36970e-05
2.33860e+04	1.64464e-02	1.15910e-02	2.49166	2.68349	4.36970e-05
2.34326e+04	1.64478e-02	1.60728e-02	4.73814	2.67308	4.36970e-05
2.34792e+04	1.64408e-02	1.05772e-02	2.59691	3.67685	4.36970e-05
2.35258e+04	1.64458e-02	2.78793e-03	5.72918	5.18597	4.36970e-05
2.35723e+04	1.64443e-02	1.01903e-02	5.90019	3.25802	4.36970e-05
2.36189e+04	1.64441e-02	1.63869e-02	2.14270	5.17166	4.36970e-05
2.36655e+04	1.64425e-02	1.80145e-02	5.56810	0.34321	4.36970e-05
2.37121e+04	1.64429e-02	2.02531e-02	2.27118	2.05741	4.36970e-05
2.37587e+04	1.64431e-02	1.43401e-02	5.43428	3.61790	4.36970e-05
2.38053e+04	1.64454e-02	1.15821e-02	2.87647	4.80727	4.36970e-05
2.38519e+04	1.64466e-02	3.98841e-03	0.21183	5.95296	4.36970e-05
2.38984e+04	1.64416e-02	6.71133e-03	5.38223	5.71883	4.36970e-05
2.39450e+04	1.64446e-02	1.12660e-02	3.26721	0.14779	4.36970e-05
2.39916e+04	1.64414e-02	1.59898e-02	0.34159	1.63808	4.36970e-05
2.40382e+04	1.64465e-02	1.46090e-02	4.28389	2.87871	4.36970e-05
2.40848e+04	1.64458e-02	1.49025e-02	0.76566	4.34579	4.36970e-05
2.41314e+04	1.64439e-02	8.36313e-03	3.37665	5.85762	4.36970e-05
2.41780e+04	1.64403e-02	8.59317e-03	0.34845	0.62933	4.36970e-05
2.42245e+04	1.64438e-02	2.95698e-03	3.34342	1.91293	4.36970e-05
2.42711e+04	1.64471e-02	7.13408e-03	1.25026	1.98896	4.36970e-05
2.43177e+04	1.64469e-02	8.08485e-03	4.79177	2.81845	4.36970e-05
2.43643e+04	1.64404e-02	1.56442e-02	1.73637	3.97444	4.36970e-05
2.44109e+04	1.64424e-02	1.45358e-02	4.69073	5.39198	4.36970e-05
2.44575e+04	1.64449e-02	1.75005e-02	1.73370	0.23132	4.36970e-05
2.45041e+04	1.64460e-02	1.57885e-02	4.92163	1.82979	4.36970e-05
2.45506e+04	1.64455e-02	9.55766e-03	2.28930	3.05733	4.36970e-05
2.45972e+04	1.64462e-02	1.02109e-02	4.73865	4.67911	4.36970e-05
2.46438e+04	1.64445e-02	2.04632e-03	0.46138	0.59938	4.36970e-05
2.46904e+04	1.64433e-02	1.07771e-03	1.35081	4.72352	4.36970e-05
2.47370e+04	1.64450e-02	8.79074e-03	5.19824	5.76494	4.36970e-05
2.47836e+04	1.64470e-02	1.80774e-02	1.53668	1.25036	4.36970e-05
2.48302e+04	1.64468e-02	1.82123e-02	4.12157	2.57456	4.36970e-05
2.48767e+04	1.64463e-02	2.16697e-02	2.12046	3.99260	4.36970e-05
2.49233e+04	1.64409e-02	1.67805e-02	6.05907	5.56741	4.36970e-05
2.49699e+04	1.64428e-02	1.31371e-02	2.55312	0.43966	4.36970e-05
2.50165e+04	1.64438e-02	8.59613e-03	5.13214	2.23737	4.36970e-05
2.50631e+04	1.64467e-02	1.65032e-03	5.23044	6.11058	4.36970e-05
2.51097e+04	1.64476e-02	2.32006e-03	6.10047	2.89816	4.36970e-05
2.51563e+04	1.64452e-02	8.57856e-03	2.78911	3.32190	4.36970e-05
2.52028e+04	1.64426e-02	1.31057e-02	4.34698	5.10561	4.36970e-05
2.52494e+04	1.64410e-02	1.36811e-02	0.34506	6.20333	4.36970e-05
2.52960e+04	1.64424e-02	1.77615e-02	2.06952	1.38682	4.36970e-05
2.53426e+04	1.64459e-02	1.25525e-02	4.03512	2.72707	4.36970e-05
2.53892e+04	1.64449e-02	1.33448e-02	5.68503	4.02240	4.36970e-05
2.54358e+04	1.64416e-02	5.29540e-03	0.31262	5.54811	4.36970e-05
2.54824e+04	1.64473e-02	3.48512e-03	2.67260	5.58083	4.36970e-05
2.55289e+04	1.64480e-02	3.04476e-03	5.76424	5.28389	4.36970e-05
2.55755e+04	1.64414e-02	1.03211e-02	0.57988	0.75848	4.36970e-05
2.56221e+04	1.64473e-02	1.24596e-02	1.65817	2.38565	4.36970e-05
2.56687e+04	1.64473e-02	1.74782e-02	3.21698	3.66334	4.36970e-05
2.57153e+04	1.64424e-02	1.98484e-02	4.42118	5.37063	4.36970e-05
2.57619e+04	1.64430e-02	1.45122e-02	5.45699	0.46630	4.36970e-05
2.58085e+04	1.64402e-02	1.22976e-02	0.20604	1.91485	4.36970e-05
2.58550e+04	1.64492e-02	1.80403e-03	0.56334	4.08987	4.36970e-05
2.59016e+04	1.64474e-02	4.43359e-03	5.45016	2.23874	4.36970e-05
2.59482e+04	1.64426e-02	9.02243e-03	1.35166	2.98946	4.36970e-05
2.59948e+04	1.64454e-02	1.40002e-02	2.15435	4.92254	4.36970e-05
2.60414e+04	1.64469e-02	1.20963e-02	4.08478	6.26015	4.36970e-05
2.60880e+04	1.64435e-02	1.65190e-02	6.15374	1.39678	4.36970e-05
2.61346e+04	1.64417e-02	1.36900e-02	1.95020	3.01633	4.36970e-05
2.61811e+04	1.64441e-02	1.16260e-02	4.67535	4.06058	4.36970e-05
2.62277e+04	1.64476e-02	9.28476e-03	0.60876	5.68292	4.36970e-05
2.62743e+04	1.64453e-02	3.64815e-03	4.37768	5.66655	4.36970e-05
2.63209e+04	1.64446e-02	3.73507e-03	0.68530	0.47862	4.36970e-05
2.63675e+04	1.64408e-02	9.50092e-03	4.11187	0.71330	4.36970e-05
2.64141e+04	1.64434e-02	1.40079e-02	6.00234	2.41536	4.36970e-05
2.64607e+04	1.64469e-02	1.49563e-02	2.18631	3.60130	4.36970e-05
2.65072e+04	1.64440e-02	1.88778e-02	3.90760	5.26990	4.36970e-05
2.65538e+04	1.64394e-02	1.43730e-02	5.75296	0.68222	4.36970e-05
2.66004e+04	1.64439e-02	1.47618e-02	2.00774	1.97887	4.36970e-05
2.66470e+04	1.64457e-02	8.94085e-03	3.68644	3.88686	4.36970e-05
2.66936e+04	1.64470e-02	7.67751e-04	1.18538	3.84681	4.36970e-05
2.67402e+04	1.64428e-02	2.21020e-03	5.96300	2.95433	4.36970e-05
2.67868e+04	1.64410e-02	1.18286e-02	1.61596	4.75282	4.36970e-05
2.68333e+04	1.64448e-02	1.23077e-02	3.91053	0.11089	4.36970e-05
2.68799e+04	1.64474e-02	1.53438e-02	0.30310	1.30523	4.36970e-05
2.69265e+04	1.64455e-02	1.49882e-02	2.48500	3.00300	4.36970e-05
2.69731e+04	1.64463e-02	1.14442e-02	5.19019	4.21862	4.36970e-05
2.70197e+04	1.64423e-02	1.24209e-02	1.27380	5.77940	4.36970e-05
2.70663e+04	1.64408e-02	5.95301e-03	3.75819	0.90057	4.36970e-05
2.71129e+04	1.64433e-02	6.19749e-03	0.43229	1.85219	4.36970e-05
2.71594e+04	1.64463e-02	1.85874e-03	5.59572	0.60283	4.36970e-05
2.72060e+04	1.64460e-02	8.42118e-03	1.03308	2.73541	4.36970e-05
2.72526e+04	1.64440e-02	9.67115e-03	3.97163	3.62388	4.36970e-05
2.72992e+04	1.64410e-02	1.64442e-02	6.00317	5.25738	4.36970e-05
2.73458e+04	1.64451e-02	1.54722e-02	1.76262	0.59661	4.36970e-05
2.73924e+04	1.64443e-02	1.81645e-02	4.04330	1.93342	4.36970e-05
2.74390e+04	1.64413e-02	1.44452e-02	5.58461	3.79071	4.36970e-05
2.74855e+04	1.64448e-02	7.87232e-03	1.25050	5.33494	4.36970e-05
2.75321e+04	1.64419e-02	6.12735e-03	3.13311	0.67846	4.36970e-05
2.75787e+04	1.64429e-02	5.87336e-03	2.37688	4.77281	4.36970e-05
2.76253e+04	1.64434e-02	8.39855e-03	4.20148	0.33265	4.36970e-05
2.76719e+04	1.64437e-02	1.36023e-02	0.24981	1.60153	4.36970e-05
2.77185e+04	1.64453e-02	1.56668e-02	2.11560	3.34821	4.36970e-05
2.77651e+04	1.64406e-02	1.30815e-02	4.60383	4.56812	4.36970e-05
2.78116e+04	1.64464e-02	1.47834e-02	0.43521	6.16266	4.36970e-05
2.78582e+04	1.64460e-02	8.64753e-03	2.96355	1.19580	4.36970e-05
2.79048e+04	1.64426e-02	8.92288e-03	5.54831	2.52789	4.36970e-05
2.79514e+04	1.64418e-02	2.66228e-03	1.57352	4.08582	4.36970e-05
2.79980e+04	1.64456e-02	3.85295e-03	5.57225	4.05092	4.36970e-05
2.80446e+04	1.64436e-02	4.66393e-03	3.19262	4.27230	4.36970e-05
2.80912e+04	1.64457e-02	1.18192e-02	5.64283	5.85898	4.36970e-05
2.81377e+04	1.64434e-02	1.24797e-02	2.30204	0.83530	4.36970e-05
2.81843e+04	1.64413e-02	1.74555e-02	4.86039	2.34899	4.36970e-05
2.82309e+04	1.64468e-02	1.49992e-02	0.38101	3.95671	4.36970e-05
2.82775e+04	1.64457e-02	1.49413e-02	2.48170	5.36526	4.36970e-05
2.83241e+04	1.64427e-02	1.15114e-02	3.43764	1.02808	4.36970e-05
2.83707e+04	1.64431e-02	4.71313e-03	4.94710	2.84658	4.36970e-05
2.84173e+04	1.64411e-02	3.66702e-03	5.64140	5.06660	4.36970e-05
2.84638e+04	1.64466e-02	1.13664e-02	3.33727	2.17896	4.36970e-05
2.85104e+04	1.64409e-02	1.42309e-02	4.83906	3.95835	4.36970e-05
2.85570e+04	1.64433e-02	1.86442e-02	0.80214	5.43366	4.36970e-05
2.86036e+04	1.64429e-02	1.71609e-02	5.97580	0.86310	4.36970e-05
2.86502e+04	1.64437e-02	1.45272e-02	3.71891	2.08630	4.36970e-05
2.86968e+04	1.64450e-02	1.19336e-02	2.68991	3.88228	4.36970e-05
2.87434e+04	1.64406e-02	5.27063e-03	3.66425	5.41658	4.36970e-05
2.87899e+04	1.64409e-02	2.35240e-03	1.17578	0.46707	4.36970e-05
2.88365e+04	1.64446e-02	2.95905e-03	4.76387	5.21938	4.36970e-05
2.88831e+04	1.64388e-02	4.67713e-03	0.18235	0.87637	4.36970e-05
2.89297e+04	1.64450e-02	9.24776e-03	2.70356	2.23363	4.36970e-05
2.89763e+04	1.64444e-02	1.14132e-02	4.79749	3.83358	4.36970e-05
2.90229e+04	1.64428e-02	1.30691e-02	0.98828	5.09783	4.36970e-05
2.90695e+04	1.64411e-02	1.26174e-02	3.48772	0.29838	4.36970e-05
2.91160e+04	1.64439e-02	1.14488e-02	6.22952	1.56077	4.36970e-05
2.91626e+04	1.64424e-02	8.16327e-03	2.42055	2.89437	4.36970e-05
2.92092e+04	1.64424e-02	6.46616e-03	4.87632	3.97200	4.36970e-05
2.92558e+04	1.64424e-02	4.30549e-03	0.52966	5.25126	4.36970e-05
2.93024e+04	1.64470e-02	4.84608e-03	2.79143	5.99534	4.36970e-05
2.93490e+04	1.64433e-02	6.59325e-03	4.14770	0.92523	4.36970e-05
2.93956e+04	1.64416e-02	7.81610e-03	5.24025	2.26722	4.36970e-05
2.94421e+04	1.64467e-02	8.00196e-03	0.45406	3.66994	4.36970e-05
2.94887e+04	1.64399e-02	7.29512e-03	2.89023	5.10442	4.36970e-05
2.95353e+04	1.64446e-02	4.80970e-03	5.83446	0.24203	4.36970e-05
2.95819e+04	1.64441e-02	3.65253e-03	3.68735	0.75579	4.36970e-05
2.96285e+04	1.64430e-02	3.95673e-03	0.86245	1.84827	4.36970e-05
2.96751e+04	1.64414e-02	6.20339e-03	4.56995	3.08857	4.36970e-05
2.97217e+04	1.64437e-02	8.42652e-03	1.74301	4.56168	4.36970e-05
2.97682e+04	1.64442e-02	1.04679e-02	5.15720	6.11076	4.36970e-05
2.98148e+04	1.64431e-02	8.38837e-03	2.24133	1.19802	4.36970e-05
2.98614e+04	1.64451e-02	7.13873e-03	3.79855	2.89928	4.36970e-05
2.99080e+04	1.64454e-02	8.52133e-03	0.64291	3.83765	4.36970e-05
2.99546e+04	1.64418e-02	6.02849e-03	1.26372	5.13145	4.36970e-05
3.00012e+04	1.64384e-02	8.01604e-03	0.26642	0.42860	4.36970e-05
3.00478e+04	1.64427e-02	7.27402e-03	5.39380	1.44273	4.36970e-05
3.00943e+04	1.64431e-02	1.91985e-03	4.93410	4.31976	4.36970e-05
3.01409e+04	1.64416e-02	5.72362e-03	6.24942	5.53922	4.36970e-05
3.01875e+04	1.64444e-02	9.50723e-03	5.65689	5.67907	4.36970e-05
3.02341e+04	1.64448e-02	1.47325e-02	6.03425	0.79356	4.36970e-05
3.02807e+04	1.64231e-02	1.17929e-02	1.02693	2.46518	4.36970e-05
3.03273e+04	1.64487e-02	2.03219e-02	4.95880	4.62110	4.36970e-05
3.03739e+04	1.64458e-02	2.00189e-02	0.92847	3.85179	4.36970e-05
3.04204e+04	1.64442e-02	3.66080e-02	4.34449	5.15545	4.36970e-05
3.04670e+04	1.64301e-02	1.03351e-02	3.86047	4.92623	4.36970e-05
3.05136e+04	1.64425e-02	2.01558e-02	0.30562	0.29895	4.36970e-05
3.05602e+04	1.64406e-02	2.36749e-02	2.17484	1.65231	4.36970e-05
3.06068e+04	1.64188e-02	1.04536e-02	1.16745	2.89155	4.36970e-05
3.06534e+04	1.64272e-02	3.68215e-02	5.43355	3.90847	4.36970e-05
3.07000e+04	1.64318e-02	1.35516e-02	5.61693	4.96715	4.36970e-05
3.07465e+04	1.64341e-02	1.57438e-02	3.93997	5.08424	4.36970e-05
3.07931e+04	1.64311e-02	3.69008e-02	0.49511	4.87855	4.36970e-05
3.08397e+04	1.64368e-02	2.79919e-02	0.53411	0.08626	4.36970e-05
3.08863e+04	1.64374e-02	2.83122e-02	2.24526	1.27807	4.36970e-05
3.09329e+04	1.64252e-02	2.30591e-02	5.23396	2.79986	4.36970e-05
3.09795e+04	1.64380e-02	1.93446e-02	0.61107	4.87116	4.36970e-05
3.10261e+04	1.64182e-02	8.22412e-03	2.75850	4.01814	4.36970e-05
3.10726e+04	1.64191e-02	2.10027e-02	4.10156	5.43933	4.36970e-05
3.11192e+04	1.64068e-02	2.14705e-02	2.95224	0.84469	4.36970e-05
3.11658e+04	1.64165e-02	6.53524e-03	0.33377	1.68354	4.36970e-05
3.12124e+04	1.64176e-02	7.96143e-03	2.90127	0.26213	4.36970e-05
3.12590e+04	1.64043e-02	5.51651e-03	3.86004	4.92239	4.36970e-05
3.13056e+04	1.64153e-02	1.88802e-02	0.82897	5.46628	4.36970e-05
3.13522e+04	1.64198e-02	2.92772e-03	5.74511	6.21145	4.36970e-05
3.13987e+04	1.64148e-02	2.45447e-02	5.47580	4.39907	4.36970e-05
3.14453e+04	1.63976e-02	3.52988e-02	0.57510	4.64760	4.36970e-05
3.14919e+04	1.63889e-02	2.84082e-02	2.35256	4.68444	4.36970e-05
3.15385e+04	1.64106e-02	3.08522e-02	2.91867	1.13410	4.36970e-05
3.15851e+04	1.64157e-02	2.75612e-02	6.18964	1.17629	4.36970e-05
3.16317e+04	1.64086e-02	1.65599e-02	4.73498	1.48508	4.36970e-05
3.16783e+04	1.64099e-02	2.92820e-02	1.07358	2.80850	4.36970e-05
3.17248e+04	1.64097e-02	3.21439e-02	3.94277	3.15605	4.36970e-05
3.17714e+04	1.64051e-02	2.80554e-02	4.05155	3.83843	4.36970e-05
3.18180e+04	1.64146e-02	3.09759e-02	3.85871	4.66929	4.36970e-05
3.18646e+04	1.63927e-02	2.56313e-02	1.77990	4.65325	4.36970e-05
3.19112e+04	1.63976e-02	3.23091e-02	5.66155	0.64017	4.36970e-05
3.19578e+04	1.63904e-02	1.63882e-02	2.32007	1.14240	4.36970e-05
3.20044e+04	1.63898e-02	3.27131e-02	0.84691	3.01392	4.36970e-05
3.20509e+04	1.63976e-02	1.88771e-02	5.87347	3.02227	4.36970e-05
3.20975e+04	1.64051e-02	9.71872e-03	4.44296	4.65830	4.36970e-05
3.21441e+04	1.64033e-02	3.23264e-02	3.69603	5.23142	4.36970e-05
3.21907e+04	1.64043e-02	3.74757e-02	1.65689	4.90924	4.36970e-05
3.22373e+04	1.63969e-02	3.92609e-02	3.00471	5.08674	4.36970e-05
3.22839e+04	1.63966e-02	2.68387e-02	1.41467	5.82533	4.36970e-05
3.23305e+04	1.63930e-02	3.40571e-02	2.26535	0.28886	4.36970e-05
3.23770e+04	1.63970e-02	1.67651e-02	2.42309	0.82028	4.36970e-05
3.24236e+04	1.63983e-02	1.38514e-02	3.69483	1.66656	4.36970e-05
3.24702e+04	1.63727e-02	2.50330e-02	3.39648	2.58061	4.36970e-05
3.25168e+04	1.63909e-02	2.16023e-02	4.57073	2.86885	4.36970e-05
3.25634e+04	1.63871e-02	3.08200e-02	1.09293	4.28234	4.36970e-05
3.26100e+04	1.63974e-02	8.64649e-03	4.37036	3.86302	4.36970e-05
3.26566e+04	1.63952e-02	1.08422e-02	5.29810	3.65481	4.36970e-05
3.27031e+04	1.63729e-02	1.81864e-02	4.83442	4.92236	4.36970e-05
3.27497e+04	1.63884e-02	2.21520e-02	1.69555	3.41774	4.36970e-05
3.27963e+04	1.63780e-02	4.02389e-02	0.99383	2.57009	4.36970e-05
3.28429e+04	1.63983e-02	5.21505e-02	4.94200	2.61789	4.36970e-05
3.28895e+04	1.63773e-02	2.46303e-02	3.42899	6.07864	4.36970e-05
3.29361e+04	1.63878e-02	3.70651e-02	4.13718	0.25488	4.36970e-05
3.29827e+04	1.63739e-02	5.98670e-02	4.16210	5.86589	4.36970e-05
3.30292e+04	1.63692e-02	4.69112e-02	4.81423	5.99647	4.36970e-05
3.30758e+04	1.63599e-02	2.27862e-02	3.14010	1.32494	4.36970e-05
3.31224e+04	1.63735e-02	8.95412e-03	0.40757	2.89049	4.36970e-05
3.31690e+04	1.63740e-02	2.99644e-02	1.60733	1.97291	4.36970e-05
3.32156e+04	1.63814e-02	1.34340e-02	4.87419	3.08838	4.36970e-05
3.32622e+04	1.63730e-02	1.01655e-02	4.74058	3.48133	4.36970e-05
3.33088e+04	1.63758e-02	3.20652e-02	4.65874	6.12483	4.36970e-05
3.33553e+04	1.63604e-02	1.91627e-02	5.09555	6.15014	4.36970e-05
3.34019e+04	1.63533e-02	3.67798e-02	1.52778	2.84070	4.36970e-05
3.34485e+04	1.63677e-02	3.53150e-02	5.78496	2.93814	4.36970e-05
3.34951e+04	1.63682e-02	2.61488e-02	3.41118	1.29040	4.36970e-05
3.35417e+04	1.63694e-02	4.31779e-02	3.16049	5.87530	4.36970e-05
3.35883e+04	1.63671e-02	1.06640e-02	5.93389	2.75752	4.36970e-05
3.36349e+04	1.63610e-02	2.97115e-02	2.84123	4.08618	4.36970e-05
3.36814e+04	1.63630e-02	4.07843e-02	2.38772	3.58847	4.36970e-05
3.37280e+04	1.63444e-02	1.50855e-02	3.20484	4.26964	4.36970e-05
3.37746e+04	1.63466e-02	2.42272e-02	1.99303	5.36128	4.36970e-05
3.38212e+04	1.63559e-02	1.46444e-02	2.09227	5.75916	4.36970e-05
3.38678e+04	1.63639e-02	6.27673e-02	1.53920	2.29881	4.36970e-05
3.39144e+04	1.63537e-02	1.86645e-02	2.07596	2.00928	4.36970e-05
3.39610e+04	1.63709e-02	2.67432e-02	1.68762	5.56172	4.36970e-05
3.40075e+04	1.63549e-02	9.43978e-03	1.99068	0.70937	4.36970e-05
3.40541e+04	1.63450e-02	2.31246e-02	5.36814	6.16669	4.36970e-05
3.41007e+04	1.63398e-02	3.24764e-02	5.41610	2.40753	4.36970e-05
3.41473e+04	1.63521e-02	2.35445e-02	4.62526	1.20492	4.36970e-05
3.41939e+04	1.63456e-02	2.12222e-02	3.51351	1.14618	4.36970e-05
3.42405e+04	1.63284e-02	6.20524e-02	2.13092	1.05008	4.36970e-05
3.42871e+04	1.63451e-02	2.55368e-02	3.84604	1.83096	4.36970e-05
3.43336e+04	1.63453e-02	7.67620e-02	0.06785	4.73355	4.36970e-05
3.43802e+04	1.63385e-02	2.57718e-02	1.86516	0.59395	4.36970e-05
3.44268e+04	1.63556e-02	4.81237e-02	1.29557	0.10254	4.36970e-05
3.44734e+04	1.63326e-02	2.48294e-02	5.31539	2.98787	4.36970e-05
3.45200e+04	1.63394e-02	7.23777e-02	5.16574	0.30847	4.36970e-05
3.45666e+04	1.63293e-02	5.92126e-02	4.68063	1.59212	4.36970e-05
3.46132e+04	1.63263e-02	5.56305e-02	2.55252	1.67151	4.36970e-05
3.46597e+04	1.63441e-02	5.71297e-02	3.51306	3.08714	4.36970e-05
3.47063e+04	1.63250e-02	2.27887e-02	3.14578	2.39944	4.36970e-05
3.47529e+04	1.63422e-02	5.80152e-02	2.27725	3.36517	4.36970e-05
3.47995e+04	1.63213e-02	8.29510e-02	5.50625	4.30020	4.36970e-05
3.48461e+04	1.63360e-02	3.00011e-02	2.66160	3.80734	4.36970e-05
3.48927e+04	1.63371e-02	5.02848e-02	2.41453	2.48685	4.36970e-05
3.49393e+04	1.63378e-02	3.15642e-02	6.08302	4.34884	4.36970e-05
3.49858e+04	1.63278e-02	4.55509e-02	2.46204	2.09938	4.36970e-05
3.50324e+04	1.63229e-02	1.51428e-02	1.72065	4.63060	4.36970e-05
3.50790e+04	1.63254e-02	2.15345e-02	1.32311	4.61338	4.36970e-05
3.51256e+04	1.63128e-02	1.72550e-02	4.76488	4.78149	4.36970e-05
3.51722e+04	1.63258e-02	2.78698e-02	3.10443	3.16248	4.36970e-05
3.52188e+04	1.63183e-02	5.29095e-02	2.43799	6.18928	4.36970e-05
3.52654e+04	1.63139e-02	1.52832e-02	0.08142	2.48250	4.36970e-05
3.53119e+04	1.63037e-02	1.91074e-02	4.19478	4.09382	4.36970e-05
3.53585e+04	1.63105e-02	7.89711e-02	5.08843	0.10606	4.36970e-05
3.54051e+04	1.63097e-02	9.69645e-02	4.90802	1.49606	4.36970e-05
3.54517e+04	1.63151e-02	3.33988e-02	2.21610	1.39454	4.36970e-05
3.54983e+04	1.63074e-02	1.68874e-03	0.15521	2.08599	4.36970e-05
3.55449e+04	1.63042e-02	1.42725e-02	2.43484	4.38492	4.36970e-05
3.55915e+04	1.63027e-02	2.56588e-02	1.97351	2.52940	4.36970e-05
3.56380e+04	1.63003e-02	2.72544e-02	2.79224	3.91167	4.36970e-05
3.56846e+04	1.63094e-02	2.08589e-02	2.36307	1.43617	4.36970e-05
3.57312e+04	1.62997e-02	3.28658e-02	0.29452	1.49008	4.36970e-05
3.57778e+04	1.63090e-02	3.10160e-02	1.96767	4.27603	4.36970e-05
3.58244e+04	1.63014e-02	3.58662e-02	0.73383	4.31818	4.36970e-05
3.58710e+04	1.63008e-02	3.67235e-02	3.20524	0.81865	4.36970e-05
3.59175e+04	1.63025e-02	6.80716e-02	6.14005	1.21343	4.36970e-05
3.59641e+04	1.62978e-02	6.40470e-02	0.89798	2.40436	4.36970e-05
3.60107e+04	1.62847e-02	2.99060e-02	3.10762	0.41496	4.36970e-05
3.60573e+04	1.62998e-02	7.48868e-02	3.32285	1.28602	4.36970e-05
3.61039e+04	1.63022e-02	9.77039e-02	4.42448	3.91800	4.36970e-05
3.61505e+04	1.62969e-02	4.93521e-02	5.83726	4.64973	4.36970e-05
3.61971e+04	1.62866e-02	1.22439e-01	5.91730	4.91400	4.36970e-05
3.62436e+04	1.62896e-02	1.69898e-02	5.55369	6.02209	4.36970e-05
3.62902e+04	1.62922e-02	5.70426e-02	3.21123	6.18160	4.36970e-05
3.63368e+04	1.62844e-02	4.26384e-02	2.82422	0.85787	4.36970e-05
3.63834e+04	1.62829e-02	4.42696e-02	1.84452	1.48175	4.36970e-05
3.64300e+04	1.62854e-02	6.29666e-02	1.26701	5.30156	4.36970e-05
3.64766e+04	1.62949e-02	3.96025e-02	4.13330	4.13828	4.36970e-05
3.65232e+04	1.62715e-02	2.15936e-03	1.46067	1.52053	4.36970e-05
3.65697e+04	1.62744e-02	1.49099e-02	2.51474	4.74703	4.36970e-05
3.66163e+04	1.62822e-02	5.87763e-02	4.64164	5.66563	4.36970e-05
3.66629e+04	1.62708e-02	7.69639e-02	3.21000	0.69304	4.36970e-05
3.67095e+04	1.62817e-02	2.82968e-02	5.68814	1.34623	4.36970e-05
3.67561e+04	1.62883e-02	3.83578e-02	0.43279	4.74240	4.36970e-05
3.68027e+04	1.62775e-02	8.60037e-02	1.85284	4.53144	4.36970e-05
3.68493e+04	1.62768e-02	2.67785e-02	0.39034	5.07684	4.36970e-05
3.68958e+04	1.62765e-02	7.40171e-02	3.45970	0.36616	4.36970e-05
3.69424e+04	1.62757e-02	6.01863e-02	5.43347	0.94917	4.36970e-05
3.69890e+04	1.62713e-02	6.11253e-02	5.52345	2.54957	4.36970e-05
3.70356e+04	1.62727e-02	4.55928e-02	3.38028	3.09025	4.36970e-05
3.70822e+04	1.62622e-02	3.50222e-02	1.51272	2.64617	4.36970e-05
3.71288e+04	1.62614e-02	6.75123e-02	3.56906	1.95346	4.36970e-05
3.71754e+04	1.62728e-02	5.47162e-02	3.09466	3.30210	4.36970e-05
3.72219e+04	1.62711e-02	2.85671e-02	0.89487	0.03943	4.36970e-05
3.72685e+04	1.62671e-02	3.82016e-02	1.48482	1.67407	4.36970e-05
3.73151e+04	1.62696e-02	4.89286e-02	3.36902	1.49469	4.36970e-05
3.73617e+04	1.62539e-02	1.03990e-01	1.23325	2.94756	4.36970e-05
3.74083e+04	1.62667e-02	1.13278e-01	4.81741	4.17449	4.36970e-05
3.74549e+04	1.62660e-02	3.75675e-02	1.43008	5.10028	4.36970e-05
3.75015e+04	1.62679e-02	3.39084e-02	1.25885	5.17927	4.36970e-05
3.75480e+04	1.62558e-02	6.92253e-02	5.37188	0.95604	4.36970e-05
3.75946e+04	1.62550e-02	1.25425e-01	3.48241	3.06322	4.36970e-05
3.76412e+04	1.62489e-02	4.48899e-02	1.19802	2.62306	4.36970e-05
3.76878e+04	1.62688e-02	1.05663e-01	0.03485	5.18244	4.36970e-05
3.77344e+04	1.62451e-02	7.10178e-02	5.74044	0.96934	4.36970e-05
3.77810e+04	1.62567e-02	6.21097e-02	5.74552	3.94845	4.36970e-05
3.78276e+04	1.62652e-02	1.14133e-01	1.38332	4.96461	4.36970e-05
3.78741e+04	1.62528e-02	1.20607e-01	2.86494	0.97339	4.36970e-05
3.79207e+04	1.62519e-02	7.57564e-02	6.17123	2.74982	4.36970e-05
3.79673e+04	1.62596e-02	1.10779e-01	2.07640	3.73765	4.36970e-05
3.80139e+04	1.62418e-02	4.94053e-02	2.09129	5.83585	4.36970e-05
3.80605e+04	1.62347e-02	5.10442e-02	4.70832	2.59540	4.36970e-05
3.81071e+04	1.62343e-02	5.29508e-02	4.03493	3.33316	4.36970e-05
3.81537e+04	1.62500e-02	3.11847e-02	5.46005	2.56897	4.36970e-05
3.82002e+04	1.62328e-02	7.38770e-02	4.91737	5.88116	4.36970e-05
3.82468e+04	1.62517e-02	1.16315e-01	3.54879	1.35986	4.36970e-05
3.82934e+04	1.62406e-02	4.87918e-02	4.31198	2.85013	4.36970e-05
3.83400e+04	1.62313e-02	4.25852e-02	2.62966	0.57815	4.36970e-05
3.83866e+04	1.62393e-02	5.12893e-02	0.68647	0.91752	4.36970e-05
3.84332e+04	1.62408e-02	3.24261e-02	0.22496	0.46940	4.36970e-05
3.84798e+04	1.62221e-02	2.74146e-02	1.18131	2.96329	4.36970e-05
3.85263e+04	1.62339e-02	8.70666e-02	5.10251	1.63152	4.36970e-05
3.85729e+04	1.62295e-02	1.31016e-01	0.94423	2.83636	4.36970e-05
3.86195e+04	1.62263e-02	8.05846e-02	0.41707	4.21442	4.36970e-05
3.86661e+04	1.62322e-02	3.54578e-02	6.15927	1.54529	4.36970e-05
3.87127e+04	1.62305e-02	6.29902e-02	0.74992	0.22903	4.36970e-05
3.87593e+04	1.62120e-02	1.19640e-01	2.32599	1.31904	4.36970e-05
3.88059e+04	1.62271e-02	8.32043e-02	2.68454	2.96942	4.36970e-05
3.88524e+04	1.62268e-02	5.02806e-02	3.40522	6.15312	4.36970e-05
3.88990e+04	1.62383e-02	1.15352e-01	4.76878	1.83542	4.36970e-05
3.89456e+04	1.62197e-02	9.53472e-02	0.50255	3.56265	4.36970e-05
3.89922e+04	1.62165e-02	9.18580e-02	5.37093	4.87328	4.36970e-05
3.90388e+04	1.62190e-02	1.02216e-01	3.78426	0.33295	4.36970e-05
3.90854e+04	1.62157e-02	5.46356e-02	5.23359	1.93591	4.36970e-05
3.91320e+04	1.62153e-02	1.09412e-01	6.04306	3.46944	4.36970e-05
3.91785e+04	1.62168e-02	6.42186e-02	4.82941	5.03944	4.36970e-05
3.92251e+04	1.62269e-02	1.06988e-01	1.95213	6.28148	4.36970e-05
3.92717e+04	1.62207e-02	7.77266e-02	4.11852	1.77765	4.36970e-05
3.93183e+04	1.62210e-02	1.04883e-01	3.48390	2.85947	4.36970e-05
3.93649e+04	1.62099e-02	8.80317e-02	2.42476	4.74056	4.36970e-05
3.94115e+04	1.62242e-02	1.05144e-01	4.49314	5.77902	4.36970e-05
3.94581e+04	1.62185e-02	9.86193e-02	5.84547	1.34491	4.36970e-05
3.95046e+04	1.62064e-02	1.11754e-01	5.07209	2.43108	4.36970e-05
3.95512e+04	1.62151e-02	1.04432e-01	2.34954	4.21343	4.36970e-05
3.95978e+04	1.61971e-02	1.24103e-01	4.59323	5.49997	4.36970e-05
3.96444e+04	1.62076e-02	1.10129e-01	4.33118	0.82558	4.36970e-05
3.96910e+04	1.62136e-02	1.37749e-01	2.97225	2.33623	4.36970e-05
3.97376e+04	1.62095e-02	1.17936e-01	5.46563	3.80462	4.36970e-05
3.97842e+04	1.62126e-02	1.41643e-01	0.19792	5.52945	4.36970e-05
3.98307e+04	1.62162e-02	1.26041e-01	5.53712	0.60986	4.36970e-05
3.98773e+04	1.62144e-02	1.33747e-01	2.77534	2.51623	4.36970e-05
3.99239e+04	1.61956e-02	1.30728e-01	4.60828	3.78224	4.36970e-05
3.99705e+04	1.61883e-02	1.12958e-01	4.56362	5.80200	4.36970e-05
4.00171e+04	1.62050e-02	1.27706e-01	2.42540	0.86136	4.36970e-05
4.00637e+04	1.62088e-02	9.36393e-02	5.22068	2.91296	4.36970e-05
4.01103e+04	1.61984e-02	1.12365e-01	5.57131	4.43045	4.36970e-05
4.01568e+04	1.61947e-02	8.23706e-02	4.73231	0.32687	4.36970e-05
4.02034e+04	1.62055e-02	1.07770e-01	1.38554	2.02428	4.36970e-05
4.02500e+04	1.61920e-02	9.26827e-02	3.18549	4.09476	4.36970e-05
4.02966e+04	1.62006e-02	1.24658e-01	2.53330	6.05637	4.36970e-05
4.03432e+04	1.61939e-02	1.15926e-01	0.85270	1.50680	4.36970e-05
4.03898e+04	1.61903e-02	1.40546e-01	2.96538	3.66569	4.36970e-05
4.04364e+04	1.61782e-02	1.37051e-01	3.94298	5.14667	4.36970e-05
4.04829e+04	1.61797e-02	1.27484e-01	2.61636	1.16948	4.36970e-05
4.05295e+04	1.61920e-02	1.38892e-01	6.20729	2.72749	4.36970e-05
4.05761e+04	1.61964e-02	1.02732e-01	1.30702	4.94949	4.36970e-05
4.06227e+04	1.61926e-02	1.19054e-01	1.42051	0.44923	4.36970e-05
4.06693e+04	1.61871e-02	8.82820e-02	5.25783	2.57050	4.36970e-05
4.07159e+04	1.61757e-02	1.15528e-01	1.81554	4.73908	4.36970e-05
4.07625e+04	1.61637e-02	9.83023e-02	1.96876	0.40545	4.36970e-05
4.08090e+04	1.61839e-02	1.34786e-01	1.16245	2.65289	4.36970e-05
4.08556e+04	1.61748e-02	1.31002e-01	4.42857	4.36178	4.36970e-05
4.09022e+04	1.61802e-02	1.42788e-01	6.04160	0.37234	4.36970e-05
4.09488e+04	1.61747e-02	1.40674e-01	6.05037	2.15743	4.36970e-05
4.09954e+04	1.61751e-02	1.27147e-01	3.51945	4.40806	4.36970e-05
4.10420e+04	1.61750e-02	1.19896e-01	0.10141	0.18385	4.36970e-05
4.10886e+04	1.61512e-02	1.03088e-01	0.29851	2.28847	4.36970e-05
4.11351e+04	1.61767e-02	1.11694e-01	5.33804	4.81454	4.36970e-05
4.11817e+04	1.61718e-02	1.14721e-01	2.20695	0.47192	4.36970e-05
4.12283e+04	1.61578e-02	1.35367e-01	3.62406	3.02597	4.36970e-05
4.12749e+04	1.61565e-02	1.43229e-01	3.01590	4.85120	4.36970e-05
4.13215e+04	1.61720e-02	1.38715e-01	1.28724	0.99694	4.36970e-05
4.13681e+04	1.61701e-02	1.41678e-01	3.58175	2.97672	4.36970e-05
4.14147e+04	1.61504e-02	1.16914e-01	3.71936	5.37918	4.36970e-05
4.14612e+04	1.61739e-02	1.11391e-01	2.31719	1.50846	4.36970e-05
4.15078e+04	1.61585e-02	1.10259e-01	5.42306	3.86844	4.36970e-05
4.15544e+04	1.61462e-02	1.26748e-01	6.19638	0.21141	4.36970e-05
4.16010e+04	1.61409e-02	1.42683e-01	5.76985	2.28033	4.36970e-05
4.16476e+04	1.61416e-02	1.36822e-01	3.67270	4.83228	4.36970e-05
4.16942e+04	1.61542e-02	1.46479e-01	5.52152	0.72268	4.36970e-05
4.17408e+04	1.61637e-02	1.09987e-01	5.70874	3.27338	4.36970e-05
4.17873e+04	1.61588e-02	1.18202e-01	4.01593	5.79693	4.36970e-05
4.18339e+04	1.61427e-02	1.12042e-01	0.70139	2.10011	4.36970e-05
4.18805e+04	1.61365e-02	1.38190e-01	1.46350	4.68624	4.36970e-05
4.19271e+04	1.61454e-02	1.46418e-01	0.77746	0.70212	4.36970e-05
4.19737e+04	1.61342e-02	1.34794e-01	4.64708	3.29066	4.36970e-05
4.20203e+04	1.61467e-02	1.29494e-01	0.39887	5.64505	4.36970e-05
4.20669e+04	1.61457e-02	1.05374e-01	0.04789	2.15549	4.36970e-05
4.21134e+04	1.61336e-02	1.24713e-01	4.50168	4.76371	4.36970e-05
4.21600e+04	1.61396e-02	1.30250e-01	0.96705	1.12004	4.36970e-05
4.22066e+04	1.61372e-02	1.54914e-01	1.87850	3.67217	4.36970e-05
4.22532e+04	1.61396e-02	1.34241e-01	0.86426	6.05161	4.36970e-05
4.22998e+04	1.61404e-02	1.18314e-01	4.27980	2.61230	4.36970e-05
4.23464e+04	1.61194e-02	1.14099e-01	6.01379	5.19278	4.36970e-05
4.23930e+04	1.61406e-02	1.28131e-01	5.34072	1.82911	4.36970e-05
4.24395e+04	1.61207e-02	1.52040e-01	3.37220	4.39559	4.36970e-05
4.24861e+04	1.61420e-02	1.36301e-01	5.98135	0.68496	4.36970e-05
4.25327e+04	1.61368e-02	1.28952e-01	0.23265	3.51933	4.36970e-05
4.25793e+04	1.61386e-02	1.06920e-01	4.90685	6.20505	4.36970e-05
4.26259e+04	1.61453e-02	1.32356e-01	1.57782	2.95367	4.36970e-05
4.26725e+04	1.61393e-02	1.46777e-01	3.21092	5.49690	4.36970e-05
4.27191e+04	1.61138e-02	1.38645e-01	2.75006	1.96244	4.36970e-05
4.27656e+04	1.61256e-02	1.29924e-01	0.14975	4.68968	4.36970e-05
4.28122e+04	1.61279e-02	1.08920e-01	1.79673	1.33300	4.36970e-05
4.28588e+04	1.61109e-02	1.35499e-01	1.98723	4.29738	4.36970e-05
4.29054e+04	1.61086e-02	1.43048e-01	0.46104	0.67336	4.36970e-05
4.29520e+04	1.61143e-02	1.45026e-01	3.21360	3.49467	4.36970e-05
4.29986e+04	1.61205e-02	1.21525e-01	3.89190	6.18582	4.36970e-05
4.30452e+04	1.61273e-02	1.17033e-01	2.41945	3.06042	4.36970e-05
4.30917e+04	1.61248e-02	1.38270e-01	5.98310	5.86978	4.36970e-05
4.31383e+04	1.61149e-02	1.43744e-01	1.22260	2.40041	4.36970e-05
4.31849e+04	1.61151e-02	1.44194e-01	0.71454	5.20535	4.36970e-05
4.32315e+04	1.61209e-02	1.11838e-01	4.47809	1.78915	4.36970e-05
4.32781e+04	1.61279e-02	1.26455e-01	6.26458	4.99108	4.36970e-05
4.33247e+04	1.61187e-02	1.45080e-01	0.33894	1.50499	4.36970e-05
4.33713e+04	1.61062e-02	1.45137e-01	4.97106	4.40687	4.36970e-05
4.34178e+04	1.61148e-02	1.30838e-01	1.24871	0.94911	4.36970e-05
4.34644e+04	1.61193e-02	1.12249e-01	1.56095	4.10523	4.36970e-05
4.35110e+04	1.61018e-02	1.41004e-01	0.25978	0.82386	4.36970e-05
4.35576e+04	1.61026e-02	1.44960e-01	3.56889	3.70127	4.36970e-05
4.36042e+04	1.60929e-02	1.38151e-01	4.87325	0.36480	4.36970e-05
4.36508e+04	1.60956e-02	1.17215e-01	4.11626	3.33264	4.36970e-05
4.36974e+04	1.61144e-02	1.29287e-01	0.99055	0.35256	4.36970e-05
4.37439e+04	1.60908e-02	1.53411e-01	2.63103	3.16870	4.36970e-05
4.37905e+04	1.61143e-02	1.40879e-01	2.32254	6.20478	4.36970e-05
4.38371e+04	1.60999e-02	1.25430e-01	6.27230	2.86468	4.36970e-05
4.38837e+04	1.60924e-02	1.21138e-01	1.94693	6.15924	4.36970e-05
4.39303e+04	1.60892e-02	1.47937e-01	2.09848	2.89633	4.36970e-05
4.39769e+04	1.60996e-02	1.48503e-01	0.36385	5.78146	4.36970e-05
4.40235e+04	1.61089e-02	1.24625e-01	2.70341	2.65124	4.36970e-05
4.40700e+04	1.60808e-02	1.21088e-01	2.81838	5.68335	4.36970e-05
4.41166e+04	1.61012e-02	1.44710e-01	1.21677	2.70585	4.36970e-05
4.41632e+04	1.60857e-02	1.51142e-01	4.11840	5.48681	4.36970e-05
4.42098e+04	1.60819e-02	1.26960e-01	4.93918	2.37574	4.36970e-05
4.42564e+04	1.60816e-02	1.20433e-01	3.56799	5.55643	4.36970e-05
4.43030e+04	1.60770e-02	1.38042e-01	0.16107	2.41457	4.36970e-05
4.43496e+04	1.61010e-02	1.54267e-01	1.23234	5.51083	4.36970e-05
4.43961e+04	1.60940e-02	1.32991e-01	0.12400	2.09602	4.36970e-05
4.44427e+04	1.60794e-02	1.20903e-01	3.00947	5.56739	4.36970e-05
4.44893e+04	1.60992e-02	1.37052e-01	4.04222	2.30449	4.36970e-05
4.45359e+04	1.61017e-02	1.52517e-01	3.24175	5.48054	4.36970e-05
4.45825e+04	1.60890e-02	1.34932e-01	0.50800	2.18453	4.36970e-05
4.46291e+04	1.60941e-02	1.16155e-01	1.44677	5.51558	4.36970e-05
4.46757e+04	1.60912e-02	1.46200e-01	0.48473	2.48566	4.36970e-05
4.47222e+04	1.60747e-02	1.48703e-01	3.81662	5.45321	4.36970e-05
4.47688e+04	1.60775e-02	1.32877e-01	4.99221	2.41142	4.36970e-05
4.48154e+04	1.60733e-02	1.17571e-01	4.10527	5.57693	4.36970e-05
4.48620e+04	1.60896e-02	1.42771e-01	1.07173	2.69537	4.36970e-05
4.49086e+04	1.60960e-02	1.55741e-01	2.54058	5.64466	4.36970e-05
4.49552e+04	1.60789e-02	1.23546e-01	1.59997	2.60147	4.36970e-05
4.50018e+04	1.60845e-02	1.26360e-01	4.61175	5.90061	4.36970e-05
4.50483e+04	1.60881e-02	1.42344e-01	5.50485	2.88828	4.36970e-05
4.50949e+04	1.60563e-02	1.50696e-01	4.60924	5.98293	4.36970e-05
4.51415e+04	1.60675e-02	1.26787e-01	1.44835	2.77759	4.36970e-05
4.51881e+04	1.60696e-02	1.23771e-01	2.23045	0.05415	4.36970e-05
4.52347e+04	1.60617e-02	1.49504e-01	1.08967	3.06442	4.36970e-05
4.52813e+04	1.60635e-02	1.43589e-01	4.06069	0.03117	4.36970e-05
4.53279e+04	1.60607e-02	1.26106e-01	4.66176	3.13799	4.36970e-05
4.53744e+04	1.60460e-02	1.26234e-01	2.81690	0.28642	4.36970e-05
4.54210e+04	1.60660e-02	1.51674e-01	5.24556	3.48796	4.36970e-05
4.54676e+04	1.60769e-02	1.44246e-01	5.67920	0.20085	4.36970e-05
4.55142e+04	1.60591e-02	1.21423e-01	3.76829	3.61773	4.36970e-05
4.55608e+04	1.60447e-02	1.27867e-01	5.75647	0.52091	4.36970e-05
4.56074e+04	1.60718e-02	1.52500e-01	5.70095	3.83205	4.36970e-05
4.56540e+04	1.60546e-02	1.39096e-01	3.32752	0.56776	4.36970e-05
4.57005e+04	1.60748e-02	1.19292e-01	4.52477	3.99228	4.36970e-05
4.57471e+04	1.60522e-02	1.41430e-01	3.60479	1.05276	4.36970e-05
4.57937e+04	1.60563e-02	1.46976e-01	0.64936	4.15009	4.36970e-05
4.58403e+04	1.60510e-02	1.33883e-01	1.74765	1.13010	4.36970e-05
4.58869e+04	1.60760e-02	1.17292e-01	0.28222	4.41880	4.36970e-05
4.59335e+04	1.60463e-02	1.45379e-01	2.64519	1.55135	4.36970e-05
4.59801e+04	1.60532e-02	1.52648e-01	3.01166	4.57398	4.36970e-05
4.60266e+04	1.60660e-02	1.21725e-01	0.73917	1.59398	4.36970e-05
4.60732e+04	1.60522e-02	1.26941e-01	2.24984	4.93826	4.36970e-05
4.61198e+04	1.60506e-02	1.44203e-01	1.66252	1.95143	4.36970e-05
4.61664e+04	1.60418e-02	1.48164e-01	5.15121	5.04502	4.36970e-05
4.62130e+04	1.60525e-02	1.21806e-01	6.07811	1.96575	4.36970e-05
4.62596e+04	1.60449e-02	1.26067e-01	4.17090	5.46501	4.36970e-05
4.63062e+04	1.60544e-02	1.52323e-01	0.09360	2.26305	4.36970e-05
4.63527e+04	1.60631e-02	1.40376e-01	0.02412	5.45670	4.36970e-05
4.63993e+04	1.60668e-02	1.22160e-01	3.56786	2.39883	4.36970e-05
4.64459e+04	1.60454e-02	1.31420e-01	4.66411	5.78038	4.36970e-05
4.64925e+04	1.60425e-02	1.49971e-01	3.40282	2.68232	4.36970e-05
4.65391e+04	1.60267e-02	1.38168e-01	5.95421	5.72000	4.36970e-05
4.65857e+04	1.60472e-02	1.19685e-01	5.65887	2.85499	4.36970e-05
