# t	a	e	mean_anomaly	varpi	mass/M_star
0.00000e+00	2.31553e-02	7.09614e-02	2.51690	3.24513	1.29620e-05
4.65857e+01	2.31672e-02	9.88785e-02	3.32933	4.52476	1.29620e-05
9.31714e+01	2.31663e-02	8.21022e-02	4.03587	5.88502	1.29620e-05
1.39757e+02	2.31506e-02	3.32946e-02	5.51211	6.27295	1.29620e-05
1.86343e+02	2.31740e-02	6.50902e-02	1.56493	5.77074	1.29620e-05
2.32928e+02	2.31682e-02	9.65926e-02	2.53692	0.65773	1.29620e-05
2.79514e+02	2.31608e-02	8.84837e-02	3.32133	2.06561	1.29620e-05
3.26100e+02	2.31497e-02	3.69502e-02	4.88212	2.75322	1.29620e-05
3.72685e+02	2.31747e-02	5.99684e-02	1.50093	1.97465	1.29620e-05
4.19271e+02	2.31699e-02	9.37761e-02	2.95672	3.08810	1.29620e-05
4.65857e+02	2.31643e-02	9.01534e-02	4.17022	4.50200	1.29620e-05
5.12442e+02	2.31565e-02	4.54805e-02	5.79920	5.41754	1.29620e-05
5.59028e+02	2.31648e-02	5.29819e-02	2.66017	4.43775	1.29620e-05
6.05614e+02	2.31684e-02	9.37623e-02	4.23006	5.49730	1.29620e-05
6.52199e+02	2.31679e-02	9.19248e-02	5.56757	0.62622	1.29620e-05
6.98785e+02	2.31679e-02	5.38274e-02	0.93799	1.64111	1.29620e-05
7.45371e+02	2.31592e-02	4.36323e-02	4.15254	0.76406	1.29620e-05
7.91956e+02	2.31744e-02	9.17358e-02	6.00795	1.64046	1.29620e-05
8.38542e+02	2.31606e-02	9.55226e-02	1.15770	3.05327	1.29620e-05
8.85128e+02	2.31656e-02	5.94216e-02	2.86106	4.15960	1.29620e-05
9.31713e+02	2.31445e-02	3.67578e-02	6.08357	3.46904	1.29620e-05
9.78299e+02	2.31615e-02	8.48322e-02	1.93515	4.09029	1.29620e-05
1.02488e+03	2.31728e-02	9.77775e-02	3.46739	5.48262	1.29620e-05
1.07147e+03	2.31756e-02	6.70003e-02	5.15016	0.42258	1.29620e-05
1.11806e+03	2.31580e-02	3.05696e-02	2.13667	6.10614	1.29620e-05
1.16464e+03	2.31584e-02	7.95401e-02	4.50027	0.25123	1.29620e-05
1.21123e+03	2.31767e-02	9.74576e-02	6.20560	1.60059	1.29620e-05
1.25781e+03	2.31726e-02	7.48151e-02	1.62450	2.92067	1.29620e-05
1.30440e+03	2.31681e-02	2.61570e-02	4.62558	2.72820	1.29620e-05
1.35098e+03	2.31466e-02	7.59347e-02	1.10163	2.70559	1.29620e-05
1.39757e+03	2.31592e-02	9.71754e-02	2.95669	4.01926	1.29620e-05
1.44416e+03	2.31714e-02	8.17667e-02	4.76264	5.37148	1.29620e-05
1.49074e+03	2.31701e-02	3.32627e-02	0.96052	5.77770	1.29620e-05
1.53733e+03	2.31522e-02	6.63463e-02	4.31154	5.21902	1.29620e-05
1.58391e+03	2.31419e-02	9.71180e-02	0.00286	0.17461	1.29620e-05
1.63050e+03	2.31616e-02	8.70081e-02	1.95681	1.56112	1.29620e-05
1.67708e+03	2.31682e-02	4.09869e-02	4.28632	2.26488	1.29620e-05
1.72367e+03	2.31557e-02	5.43733e-02	1.63323	1.52744	1.29620e-05
1.77026e+03	2.31644e-02	9.37111e-02	3.77473	2.60934	1.29620e-05
1.81684e+03	2.31439e-02	9.07254e-02	5.80989	4.03804	1.29620e-05
1.86343e+03	2.31601e-02	4.75196e-02	1.74137	4.98662	1.29620e-05
1.91001e+03	2.31570e-02	4.66998e-02	5.60278	4.11689	1.29620e-05
1.95660e+03	2.31706e-02	8.92634e-02	1.70010	5.05224	1.29620e-05
2.00318e+03	2.31572e-02	9.42750e-02	3.73705	0.19167	1.29620e-05
2.04977e+03	2.31472e-02	6.09527e-02	5.96327	1.37663	1.29620e-05
2.09636e+03	2.31584e-02	3.50672e-02	3.64079	0.58131	1.29620e-05
2.14294e+03	2.31762e-02	8.60786e-02	6.28217	1.26189	1.29620e-05
2.18953e+03	2.31720e-02	9.75054e-02	2.18423	2.63657	1.29620e-05
2.23611e+03	2.31709e-02	7.36832e-02	4.49004	3.92053	1.29620e-05
2.28270e+03	2.31705e-02	2.93776e-02	1.65936	3.80715	1.29620e-05
2.32928e+03	2.31566e-02	7.59867e-02	5.05989	3.76833	1.29620e-05
2.37587e+03	2.31753e-02	9.89835e-02	1.12588	5.10117	1.29620e-05
2.42245e+03	2.31693e-02	8.11692e-02	3.45252	0.16602	1.29620e-05
2.46904e+03	2.31695e-02	3.31569e-02	0.24515	0.57069	1.29620e-05
2.51563e+03	2.31540e-02	6.24072e-02	4.21738	0.05349	1.29620e-05
2.56221e+03	2.31459e-02	9.53381e-02	0.49456	1.24811	1.29620e-05
2.60880e+03	2.31721e-02	8.74165e-02	3.15880	2.68194	1.29620e-05
2.65538e+03	2.31690e-02	3.80709e-02	0.10208	3.40759	1.29620e-05
2.70197e+03	2.31550e-02	5.57616e-02	4.78856	2.59242	1.29620e-05
2.74855e+03	2.31517e-02	9.27564e-02	1.52364	3.69677	1.29620e-05
2.79514e+03	2.31673e-02	9.22754e-02	4.49013	5.12786	1.29620e-05
2.84173e+03	2.31526e-02	4.90913e-02	1.33602	6.14963	1.29620e-05
2.88831e+03	2.31499e-02	4.77042e-02	6.20472	5.20994	1.29620e-05
2.93490e+03	2.31545e-02	9.08353e-02	3.07180	6.20067	1.29620e-05
2.98148e+03	2.31660e-02	9.60186e-02	6.17979	1.33136	1.29620e-05
3.02807e+03	2.31590e-02	6.45430e-02	3.07045	2.53427	1.29620e-05
3.07465e+03	2.31665e-02	3.30263e-02	1.28171	1.99112	1.29620e-05
3.12124e+03	2.31712e-02	8.37148e-02	4.98301	2.45803	1.29620e-05
3.16783e+03	2.31520e-02	9.74629e-02	1.80200	3.86894	1.29620e-05
3.21441e+03	2.31535e-02	7.41829e-02	4.94660	5.19892	1.29620e-05
3.26100e+03	2.31590e-02	2.88960e-02	2.63484	5.42211	1.29620e-05
3.30758e+03	2.31708e-02	6.44383e-02	0.70173	5.20655	1.29620e-05
3.35417e+03	2.31566e-02	9.59382e-02	3.96371	0.17048	1.29620e-05
3.40075e+03	2.31634e-02	9.16076e-02	0.88724	1.66749	1.29620e-05
3.44734e+03	2.31589e-02	4.75310e-02	4.30352	2.71740	1.29620e-05
3.49393e+03	2.31626e-02	4.42481e-02	3.15950	1.86148	1.29620e-05
3.54051e+03	2.31485e-02	8.73417e-02	0.39440	2.81466	1.29620e-05
3.58710e+03	2.31575e-02	9.62955e-02	3.80774	4.26498	1.29620e-05
3.63368e+03	2.31706e-02	7.27084e-02	0.91294	5.61506	1.29620e-05
3.68027e+03	2.31642e-02	2.63482e-02	5.41085	5.58542	1.29620e-05
3.72685e+03	2.31576e-02	7.38798e-02	3.54626	5.57046	1.29620e-05
3.77344e+03	2.31568e-02	1.00662e-01	0.72133	0.70211	1.29620e-05
3.82002e+03	2.31689e-02	9.23267e-02	4.04946	2.24412	1.29620e-05
3.86661e+03	2.31568e-02	5.02039e-02	1.53631	3.26167	1.29620e-05
3.91320e+03	2.31584e-02	4.20652e-02	0.37143	2.56380	1.29620e-05
3.95978e+03	2.31560e-02	8.80040e-02	4.26328	3.41615	1.29620e-05
4.00637e+03	2.31634e-02	1.00234e-01	1.56603	4.88893	1.29620e-05
4.05295e+03	2.31743e-02	6.95121e-02	5.25165	6.17684	1.29620e-05
4.09954e+03	2.31603e-02	3.06178e-02	4.06119	5.67618	1.29620e-05
4.14612e+03	2.31610e-02	7.93648e-02	2.16792	6.08182	1.29620e-05
4.19271e+03	2.31610e-02	1.00920e-01	5.91846	1.29234	1.29620e-05
4.23930e+03	2.31597e-02	1.03567e-01	3.20051	3.03964	1.29620e-05
4.28588e+03	2.31541e-02	8.48107e-02	0.48885	4.65530	1.29620e-05
4.33247e+03	2.31516e-02	3.66065e-02	4.72963	5.38737	1.29620e-05
4.37905e+03	2.31686e-02	5.85326e-02	3.88454	4.66152	1.29620e-05
4.42564e+03	2.31657e-02	9.44491e-02	1.44754	5.98286	1.29620e-05
4.47222e+03	2.31666e-02	1.09797e-01	5.00644	1.48418	1.29620e-05
4.51881e+03	2.31581e-02	1.16878e-01	2.14958	3.59731	1.29620e-05
4.56540e+03	2.31806e-02	1.27893e-01	5.18913	6.08544	1.29620e-05
4.61198e+03	2.31364e-02	3.58967e-02	6.15755	5.35662	1.29620e-05
4.65857e+03	2.31389e-02	1.21343e-01	1.92943	3.73753	1.29620e-05
4.70515e+03	2.31648e-02	1.10980e-01	3.46913	3.90652	1.29620e-05
4.75174e+03	2.31947e-02	1.16931e-01	5.08335	4.13767	1.29620e-05
4.79832e+03	2.31694e-02	1.14969e-01	1.28774	4.52788	1.29620e-05
4.84491e+03	2.31642e-02	1.28258e-01	4.40922	5.19190	1.29620e-05
4.89150e+03	2.31851e-02	1.24274e-01	4.93211	6.00640	1.29620e-05
4.93808e+03	2.31478e-02	4.92158e-02	1.43517	3.44694	1.29620e-05
4.98467e+03	2.31383e-02	1.17287e-01	2.93032	2.88954	1.29620e-05
5.03125e+03	2.31430e-02	1.01390e-01	4.72052	2.45146	1.29620e-05
5.07784e+03	2.31924e-02	1.24878e-01	4.54199	2.37688	1.29620e-05
5.12442e+03	2.31711e-02	1.22105e-01	5.42204	2.70049	1.29620e-05
5.17101e+03	2.31589e-02	1.00712e-01	3.98009	2.35862	1.29620e-05
5.21759e+03	2.31624e-02	8.15333e-02	0.40578	1.30727	1.29620e-05
5.26418e+03	2.31678e-02	7.37701e-02	4.18281	4.86064	1.29620e-05
5.31077e+03	2.31452e-02	1.20082e-01	0.55718	3.20042	1.29620e-05
5.35735e+03	2.31674e-02	1.08340e-01	3.78654	3.46187	1.29620e-05
5.40394e+03	2.31654e-02	8.19688e-02	2.31860	0.95425	1.29620e-05
5.45052e+03	2.31183e-02	1.12903e-01	0.85611	4.71576	1.29620e-05
5.49711e+03	2.31388e-02	1.05183e-01	3.85816	5.31649	1.29620e-05
5.54369e+03	2.31540e-02	1.07378e-01	0.67168	5.17276	1.29620e-05
5.59028e+03	2.31489e-02	1.10268e-01	4.58034	5.09625	1.29620e-05
5.63687e+03	2.31510e-02	6.90151e-02	2.27974	2.50625	1.29620e-05
5.68345e+03	2.31818e-02	8.35334e-02	4.85402	0.75649	1.29620e-05
5.73004e+03	2.31230e-02	9.56080e-02	0.73507	6.27106	1.29620e-05
5.77662e+03	2.31797e-02	9.38708e-02	3.59967	5.66669	1.29620e-05
5.82321e+03	2.31623e-02	1.01147e-01	1.22991	5.17214	1.29620e-05
5.86979e+03	2.31530e-02	8.62579e-02	3.04768	4.55591	1.29620e-05
5.91638e+03	2.31609e-02	7.45576e-02	0.05542	3.52722	1.29620e-05
5.96297e+03	2.31544e-02	7.69988e-02	1.21909	2.37980	1.29620e-05
6.00955e+03	2.31729e-02	9.25118e-02	1.81543	1.84749	1.29620e-05
6.05614e+03	2.31483e-02	7.71731e-02	1.33879	1.14314	1.29620e-05
6.10272e+03	2.31434e-02	4.18050e-02	2.22705	0.86896	1.29620e-05
6.14931e+03	2.31513e-02	2.66711e-02	2.08789	2.64648	1.29620e-05
6.19589e+03	2.31786e-02	5.35798e-02	0.24980	0.54780	1.29620e-05
6.24248e+03	2.31773e-02	8.16996e-02	4.65057	4.99328	1.29620e-05
6.28907e+03	2.31469e-02	8.64767e-02	2.39297	3.64516	1.29620e-05
6.33565e+03	2.31710e-02	4.19023e-02	0.72262	1.15820	1.29620e-05
6.38224e+03	2.31745e-02	7.25750e-02	5.79484	4.49162	1.29620e-05
6.42882e+03	2.31401e-02	1.06766e-01	5.40718	6.23442	1.29620e-05
6.47541e+03	2.31551e-02	1.75433e-02	2.37871	4.45639	1.29620e-05
6.52199e+03	2.31649e-02	4.62070e-02	5.26961	3.60353	1.29620e-05
6.56858e+03	2.31651e-02	8.03254e-03	0.90679	4.89199	1.29620e-05
6.61516e+03	2.31301e-02	5.98172e-02	5.82687	3.39617	1.29620e-05
6.66175e+03	2.31838e-02	4.62298e-02	3.40831	2.38053	1.29620e-05
6.70834e+03	2.31775e-02	6.80299e-02	1.08477	1.20975	1.29620e-05
6.75492e+03	2.31848e-02	6.88386e-02	5.91843	0.56640	1.29620e-05
6.80151e+03	2.31492e-02	3.84413e-02	5.11887	1.37048	1.29620e-05
6.84809e+03	2.31728e-02	4.47861e-02	0.36507	0.97060	1.29620e-05
6.89468e+03	2.31846e-02	7.21112e-02	4.32325	6.04695	1.29620e-05
6.94126e+03	2.31570e-02	8.96655e-02	1.31616	5.32893	1.29620e-05
6.98785e+03	2.31704e-02	8.45959e-02	4.01906	4.87855	1.29620e-05
7.03444e+03	2.31398e-02	6.97706e-02	4.29858	4.09300	1.29620e-05
7.08102e+03	2.31701e-02	1.72266e-02	0.74128	4.04018	1.29620e-05
7.12761e+03	2.31606e-02	8.94609e-03	4.50181	5.60619	1.29620e-05
7.17419e+03	2.31537e-02	2.20377e-02	0.37024	4.54412	1.29620e-05
7.22078e+03	2.31505e-02	6.87407e-02	5.85735	3.11786	1.29620e-05
7.26736e+03	2.31783e-02	4.53990e-02	5.48042	6.27328	1.29620e-05
7.31395e+03	2.31759e-02	2.70551e-02	4.50116	4.15051	1.29620e-05
7.36054e+03	2.31560e-02	7.91333e-02	0.17627	0.15305	1.29620e-05
7.40712e+03	2.31775e-02	3.04493e-02	3.85768	3.19306	1.29620e-05
7.45371e+03	2.31604e-02	3.40153e-02	2.05254	6.21848	1.29620e-05
7.50029e+03	2.31623e-02	7.87404e-02	6.09623	3.31679	1.29620e-05
7.54688e+03	2.31789e-02	3.41113e-02	0.26751	0.92712	1.29620e-05
7.59346e+03	2.31548e-02	8.27398e-02	5.26622	4.36966	1.29620e-05
7.64005e+03	2.31399e-02	3.45106e-02	0.77742	1.60193	1.29620e-05
7.68664e+03	2.31727e-02	1.01460e-01	0.99387	5.19428	1.29620e-05
7.73322e+03	2.31403e-02	6.95284e-02	5.24514	4.82402	1.29620e-05
7.77981e+03	2.31599e-02	5.63764e-02	4.72467	2.58473	1.29620e-05
7.82639e+03	2.31745e-02	6.58226e-02	4.88128	0.37499	1.29620e-05
7.87298e+03	2.31623e-02	7.43474e-02	2.78807	5.42745	1.29620e-05
7.91956e+03	2.31682e-02	6.90966e-02	1.42809	3.71679	1.29620e-05
7.96615e+03	2.31520e-02	3.90627e-02	5.41673	2.70508	1.29620e-05
8.01273e+03	2.31421e-02	1.01280e-01	1.69860	5.50879	1.29620e-05
8.05932e+03	2.31678e-02	6.79869e-02	2.52894	5.07523	1.29620e-05
8.10591e+03	2.31387e-02	2.48268e-02	0.82099	2.62360	1.29620e-05
8.15249e+03	2.31496e-02	6.88361e-02	0.08833	0.34082	1.29620e-05
8.19908e+03	2.31435e-02	4.33202e-02	5.85477	5.15826	1.29620e-05
8.24566e+03	2.31438e-02	8.10827e-02	4.56339	2.18318	1.29620e-05
8.29225e+03	2.31649e-02	5.08612e-02	3.05642	0.28529	1.29620e-05
8.33883e+03	2.31381e-02	8.01568e-02	6.06168	4.38315	1.29620e-05
8.38542e+03	2.31463e-02	4.96813e-02	0.51209	2.46665	1.29620e-05
8.43201e+03	2.31539e-02	2.65090e-02	5.38457	5.13139	1.29620e-05
8.47859e+03	2.31535e-02	8.39108e-02	4.77783	5.89448	1.29620e-05
8.52518e+03	2.31397e-02	3.40639e-02	5.71929	4.13401	1.29620e-05
8.57176e+03	2.31149e-02	6.14147e-02	4.11798	0.19533	1.29620e-05
8.61835e+03	2.31708e-02	8.07036e-02	1.97171	1.34454	1.29620e-05
8.66493e+03	2.31707e-02	8.85317e-02	2.21413	1.96659	1.29620e-05
8.71152e+03	2.31133e-02	5.70756e-02	1.86409	1.81322	1.29620e-05
8.75811e+03	2.31207e-02	6.06961e-02	4.01403	2.53259	1.29620e-05
8.80469e+03	2.31248e-02	7.16380e-02	3.76288	3.10734	1.29620e-05
8.85128e+03	2.32069e-02	8.76335e-02	5.49792	2.49861	1.29620e-05
8.89786e+03	2.31673e-02	8.19047e-02	2.57356	5.64757	1.29620e-05
8.94445e+03	2.31725e-02	6.67420e-02	4.54925	2.69288	1.29620e-05
8.99103e+03	2.31669e-02	4.10692e-02	0.55352	5.44650	1.29620e-05
9.03762e+03	2.31748e-02	5.82933e-02	0.00700	3.03562	1.29620e-05
9.08421e+03	2.31432e-02	4.47678e-02	0.45292	1.63990	1.29620e-05
9.13079e+03	2.31646e-02	4.77611e-02	3.21065	5.11520	1.29620e-05
9.17738e+03	2.31136e-02	5.44799e-02	4.83225	5.38390	1.29620e-05
9.22396e+03	2.31699e-02	9.17769e-02	4.51440	1.61535	1.29620e-05
9.27055e+03	2.31463e-02	5.21725e-02	5.11359	1.30653	1.29620e-05
9.31713e+03	2.31134e-02	7.25272e-02	1.19543	2.24194	1.29620e-05
9.36372e+03	2.31616e-02	6.84197e-02	2.41238	6.24998	1.29620e-05
9.41030e+03	2.31820e-02	1.00166e-01	3.55604	1.23600	1.29620e-05
9.45689e+03	2.31635e-02	1.11727e-01	1.27543	1.66030	1.29620e-05
9.50348e+03	2.31380e-02	9.07636e-02	4.11623	1.49351	1.29620e-05
9.55006e+03	2.31267e-02	6.61733e-02	0.84252	1.17442	1.29620e-05
9.59665e+03	2.31647e-02	4.33708e-02	3.17905	3.83182	1.29620e-05
9.64323e+03	2.31248e-02	7.73998e-02	0.45550	4.16955	1.29620e-05
9.68982e+03	2.31709e-02	9.05251e-02	3.57407	4.04183	1.29620e-05
9.73640e+03	2.31151e-02	9.53047e-02	1.33990	4.51217	1.29620e-05
9.78299e+03	2.31795e-02	5.41023e-02	5.18121	5.34702	1.29620e-05
9.82958e+03	2.31558e-02	8.86993e-02	3.30102	2.11332	1.29620e-05
9.87616e+03	2.30960e-02	7.19353e-02	0.52529	4.94141	1.29620e-05
9.92275e+03	2.31164e-02	8.21561e-02	3.28856	4.75882	1.29620e-05
9.96933e+03	2.31967e-02	7.37325e-02	3.88723	5.92406	1.29620e-05
1.00159e+04	2.31013e-02	6.80121e-02	0.89718	0.84478	1.29620e-05
1.00625e+04	2.31248e-02	7.36770e-02	4.93559	5.97377	1.29620e-05
1.01091e+04	2.31259e-02	1.59504e-02	2.51382	0.04413	1.29620e-05
1.01557e+04	2.31710e-02	5.25816e-02	1.17597	2.03902	1.29620e-05
1.02023e+04	2.31836e-02	4.98031e-02	2.87233	0.22487	1.29620e-05
1.02488e+04	2.32207e-02	4.86071e-02	1.22042	4.95610	1.29620e-05
1.02954e+04	2.31984e-02	6.12529e-02	0.85558	1.53169	1.29620e-05
1.03420e+04	2.31978e-02	4.55631e-02	5.75206	1.11887	1.29620e-05
1.03886e+04	2.32029e-02	4.59283e-02	1.73456	3.65400	1.29620e-05
1.04352e+04	2.32051e-02	5.14424e-02	4.13336	3.23912	1.29620e-05
1.04818e+04	2.31529e-02	2.95258e-02	2.58563	5.12143	1.29620e-05
1.05284e+04	2.31231e-02	2.14289e-02	3.71547	1.75644	1.29620e-05
1.05749e+04	2.31303e-02	3.60525e-02	3.19625	2.82180	1.29620e-05
1.06215e+04	2.31523e-02	3.81836e-02	4.48656	4.99322	1.29620e-05
1.06681e+04	2.31290e-02	3.10736e-02	0.80081	0.87309	1.29620e-05
1.07147e+04	2.31051e-02	3.25177e-02	0.35971	0.13667	1.29620e-05
1.07613e+04	2.31210e-02	3.21804e-02	4.73759	5.08069	1.29620e-05
1.08079e+04	2.31426e-02	2.20603e-02	5.22298	1.45427	1.29620e-05
1.08545e+04	2.31599e-02	5.82665e-02	1.29401	3.36176	1.29620e-05
1.09010e+04	2.31302e-02	1.07238e-01	2.11471	1.85416	1.29620e-05
1.09476e+04	2.31500e-02	1.06905e-01	3.30237	2.84996	1.29620e-05
1.09942e+04	2.31085e-02	1.08241e-01	4.61727	4.73435	1.29620e-05
1.10408e+04	2.31118e-02	8.77476e-02	0.86936	5.65190	1.29620e-05
1.10874e+04	2.31277e-02	9.01840e-02	6.28184	0.51970	1.29620e-05
1.11340e+04	2.31793e-02	9.62051e-02	1.74259	3.59994	1.29620e-05
1.11806e+04	2.31712e-02	9.85828e-02	2.28108	1.00579	1.29620e-05
1.12271e+04	2.30791e-02	7.29440e-02	0.63530	0.31499	1.29620e-05
1.12737e+04	2.31452e-02	8.35020e-02	4.30948	0.41796	1.29620e-05
1.13203e+04	2.31863e-02	9.50326e-02	1.77598	5.44243	1.29620e-05
1.13669e+04	2.30876e-02	8.88183e-02	1.51795	3.31639	1.29620e-05
1.14135e+04	2.31172e-02	1.21141e-01	2.02120	5.75497	1.29620e-05
1.14601e+04	2.30731e-02	8.16766e-02	3.71431	3.49676	1.29620e-05
1.15067e+04	2.31987e-02	1.12823e-01	1.07760	2.25973	1.29620e-05
1.15532e+04	2.30967e-02	7.44878e-02	0.58441	0.66089	1.29620e-05
1.15998e+04	2.31451e-02	4.69993e-02	4.98786	4.76552	1.29620e-05
1.16464e+04	2.30340e-02	8.69102e-02	1.23701	3.99756	1.29620e-05
1.16930e+04	2.31502e-02	6.12158e-02	2.28680	3.04302	1.29620e-05
1.17396e+04	2.30822e-02	4.14651e-02	3.04675	1.50227	1.29620e-05
1.17862e+04	2.30599e-02	6.10508e-02	2.22083	0.05177	1.29620e-05
1.18328e+04	2.30655e-02	3.21480e-02	4.25972	2.73808	1.29620e-05
1.18793e+04	2.31430e-02	3.80903e-02	3.95618	3.44191	1.29620e-05
1.19259e+04	2.31460e-02	5.40378e-02	1.56801	2.02373	1.29620e-05
1.19725e+04	2.31538e-02	4.67847e-02	0.63858	5.23886	1.29620e-05
1.20191e+04	2.31520e-02	4.63105e-02	5.65500	4.70196	1.29620e-05
1.20657e+04	2.31531e-02	2.89347e-02	5.11780	4.29718	1.29620e-05
1.21123e+04	2.31451e-02	5.14375e-02	2.26297	1.82951	1.29620e-05
1.21589e+04	2.31622e-02	5.28765e-02	1.19421	0.61328	1.29620e-05
1.22054e+04	2.31416e-02	3.63755e-02	3.65478	1.34376	1.29620e-05
1.22520e+04	2.31430e-02	2.62859e-02	1.05926	5.30409	1.29620e-05
1.22986e+04	2.31386e-02	3.78688e-02	4.12450	3.54023	1.29620e-05
1.23452e+04	2.31528e-02	1.84024e-02	3.74046	0.28269	1.29620e-05
1.23918e+04	2.31499e-02	2.21627e-02	0.08962	5.77381	1.29620e-05
1.24384e+04	2.31465e-02	4.50264e-03	6.13244	1.45274	1.29620e-05
1.24850e+04	2.31466e-02	3.79424e-02	5.25941	2.05689	1.29620e-05
1.25315e+04	2.31509e-02	1.87447e-02	6.20329	0.70589	1.29620e-05
1.25781e+04	2.31465e-02	6.02971e-02	1.22915	3.98657	1.29620e-05
1.26247e+04	2.31574e-02	3.66328e-02	4.69343	3.78007	1.29620e-05
1.26713e+04	2.30494e-02	6.07762e-02	0.70442	4.49893	1.29620e-05
1.27179e+04	2.30758e-02	4.58830e-02	4.85643	2.19523	1.29620e-05
1.27645e+04	2.30639e-02	5.15210e-02	1.64615	0.78164	1.29620e-05
1.28111e+04	2.30600e-02	6.03832e-02	4.40159	0.55830	1.29620e-05
1.28576e+04	2.30667e-02	3.03060e-02	5.17325	5.11046	1.29620e-05
1.29042e+04	2.31044e-02	5.17441e-02	1.39326	1.56831	1.29620e-05
1.29508e+04	2.31515e-02	1.23114e-02	5.68200	1.63254	1.29620e-05
1.29974e+04	2.30803e-02	4.76915e-02	1.36809	2.86532	1.29620e-05
1.30440e+04	2.31474e-02	2.93097e-02	2.74243	2.01727	1.29620e-05
1.30906e+04	2.31633e-02	6.33960e-02	4.00603	2.00736	1.29620e-05
1.31372e+04	2.31672e-02	2.03211e-02	1.21147	6.07867	1.29620e-05
1.31837e+04	2.31657e-02	3.83241e-02	5.31064	3.09704	1.29620e-05
1.32303e+04	2.31562e-02	1.52358e-02	4.07284	5.08485	1.29620e-05
1.32769e+04	2.31557e-02	2.20703e-02	5.53104	4.34271	1.29620e-05
1.33235e+04	2.31622e-02	3.02207e-02	3.62565	1.47157	1.29620e-05
1.33701e+04	2.31657e-02	6.36551e-02	1.43412	0.03074	1.29620e-05
1.34167e+04	2.31586e-02	3.71851e-02	5.28933	3.61038	1.29620e-05
1.34633e+04	2.31511e-02	5.93797e-02	1.56939	3.28488	1.29620e-05
1.35098e+04	2.31446e-02	2.88167e-02	3.22862	0.84856	1.29620e-05
1.35564e+04	2.31598e-02	5.12127e-02	4.70031	4.34222	1.29620e-05
1.36030e+04	2.31566e-02	2.41139e-02	1.16687	0.43413	1.29620e-05
1.36496e+04	2.31490e-02	2.35323e-02	1.17138	5.41375	1.29620e-05
1.36962e+04	2.31517e-02	5.48400e-02	4.33955	1.77808	1.29620e-05
1.37428e+04	2.31644e-02	3.84507e-02	4.47347	5.14435	1.29620e-05
1.37894e+04	2.31628e-02	5.78232e-02	2.08232	3.27080	1.29620e-05
1.38359e+04	2.31560e-02	4.62700e-02	5.98220	2.22668	1.29620e-05
1.38825e+04	2.31547e-02	6.81242e-02	0.71067	5.37485	1.29620e-05
1.39291e+04	2.31565e-02	2.24986e-02	6.03349	2.21422	1.29620e-05
1.39757e+04	2.31668e-02	4.05632e-02	1.48675	0.24033	1.29620e-05
1.40223e+04	2.31658e-02	4.32311e-02	1.34134	2.60990	1.29620e-05
1.40689e+04	2.31669e-02	2.11424e-02	0.20919	5.93203	1.29620e-05
1.41155e+04	2.31561e-02	5.67993e-02	5.97203	2.82267	1.29620e-05
1.41620e+04	2.31714e-02	3.55502e-02	1.58474	6.09671	1.29620e-05
1.42086e+04	2.31655e-02	5.20967e-02	2.18384	4.47499	1.29620e-05
1.42552e+04	2.31487e-02	5.85939e-02	4.68929	1.00715	1.29620e-05
1.43018e+04	2.31650e-02	2.67564e-02	0.66861	4.49797	1.29620e-05
1.43484e+04	2.31614e-02	4.43222e-02	0.96342	1.95145	1.29620e-05
1.43950e+04	2.31574e-02	2.59489e-02	0.56560	4.68219	1.29620e-05
1.44416e+04	2.31706e-02	3.24488e-02	4.00596	2.38392	1.29620e-05
1.44881e+04	2.31814e-02	6.34776e-02	0.78840	4.96160	1.29620e-05
1.45347e+04	2.31688e-02	3.62243e-02	3.56308	1.33743	1.29620e-05
1.45813e+04	2.31707e-02	4.50233e-02	4.25369	5.94186	1.29620e-05
1.46279e+04	2.31725e-02	5.40525e-02	1.98358	2.41401	1.29620e-05
1.46745e+04	2.31595e-02	3.97481e-02	1.99311	5.90428	1.29620e-05
1.47211e+04	2.31655e-02	5.24910e-02	5.56710	2.95262	1.29620e-05
1.47677e+04	2.31706e-02	3.58406e-02	5.53522	5.60172	1.29620e-05
1.48142e+04	2.31589e-02	3.85272e-02	3.19283	4.36631	1.29620e-05
1.48608e+04	2.31446e-02	5.78956e-02	4.38720	0.80942	1.29620e-05
1.49074e+04	2.31413e-02	4.05614e-02	5.65890	5.10439	1.29620e-05
1.49540e+04	2.30913e-02	6.76239e-02	6.15231	2.92868	1.29620e-05
1.50006e+04	2.31636e-02	6.79775e-02	2.70478	1.10942	1.29620e-05
1.50472e+04	2.30984e-02	4.74556e-02	5.69638	2.09032	1.29620e-05
1.50938e+04	2.31308e-02	6.64846e-02	3.30617	5.82580	1.29620e-05
1.51403e+04	2.30926e-02	9.95614e-03	1.39116	2.88134	1.29620e-05
1.51869e+04	2.31080e-02	1.40701e-02	1.30495	0.81064	1.29620e-05
1.52335e+04	2.31245e-02	1.98921e-02	4.70921	5.81874	1.29620e-05
1.52801e+04	2.30690e-02	1.25351e-02	5.49708	1.61328	1.29620e-05
1.53267e+04	2.30589e-02	4.15140e-02	3.99684	2.43506	1.29620e-05
1.53733e+04	2.30590e-02	2.20822e-02	0.04856	2.22147	1.29620e-05
1.54199e+04	2.30649e-02	2.04662e-02	0.26561	4.31972	1.29620e-05
1.54664e+04	2.30582e-02	2.15318e-02	0.73256	1.62929	1.29620e-05
1.55130e+04	2.30563e-02	3.71731e-02	2.86750	1.25163	1.29620e-05
1.55596e+04	2.30544e-02	2.01767e-02	1.57060	1.09016	1.29620e-05
1.56062e+04	2.30664e-02	4.04112e-02	4.69055	1.23992	1.29620e-05
1.56528e+04	2.30551e-02	7.61369e-03	1.06828	4.70113	1.29620e-05
1.56994e+04	2.30506e-02	4.30528e-02	4.40325	1.14128	1.29620e-05
1.57460e+04	2.30449e-02	5.31879e-02	2.56623	0.44943	1.29620e-05
1.57925e+04	2.30433e-02	8.68393e-03	4.07502	2.24540	1.29620e-05
1.58391e+04	2.30285e-02	1.67849e-02	4.34897	2.04168	1.29620e-05
1.58857e+04	2.30420e-02	1.43329e-02	3.81946	2.20327	1.29620e-05
1.59323e+04	2.30030e-02	4.95567e-02	5.99535	5.82178	1.29620e-05
1.59789e+04	2.30022e-02	1.83260e-02	3.65503	3.47405	1.29620e-05
1.60255e+04	2.30125e-02	3.36138e-02	1.83370	0.94126	1.29620e-05
1.60721e+04	2.30133e-02	3.07872e-02	1.98360	4.15850	1.29620e-05
1.61186e+04	2.30237e-02	3.68539e-02	5.67724	1.98818	1.29620e-05
1.61652e+04	2.30176e-02	4.45971e-02	2.36194	4.35614	1.29620e-05
1.62118e+04	2.30205e-02	8.52145e-03	0.27556	2.51898	1.29620e-05
1.62584e+04	2.30198e-02	5.34226e-02	2.81282	6.03391	1.29620e-05
1.63050e+04	2.30150e-02	2.51992e-02	3.31024	3.91589	1.29620e-05
1.63516e+04	2.30263e-02	3.95165e-02	5.45835	0.97957	1.29620e-05
1.63982e+04	2.30037e-02	1.60987e-02	4.65230	5.19774	1.29620e-05
1.64447e+04	2.29952e-02	2.21819e-02	1.47424	2.62049	1.29620e-05
1.64913e+04	2.30053e-02	1.50657e-02	3.50050	4.56450	1.29620e-05
1.65379e+04	2.29999e-02	6.69213e-03	6.26937	2.67188	1.29620e-05
1.65845e+04	2.30161e-02	5.49579e-02	1.62072	5.20257	1.29620e-05
1.66311e+04	2.29698e-02	3.71691e-02	2.59897	3.04396	1.29620e-05
1.66777e+04	2.29707e-02	5.96405e-02	5.31856	0.27819	1.29620e-05
1.67243e+04	2.29923e-02	4.15392e-02	3.60145	3.78739	1.29620e-05
1.67708e+04	2.29714e-02	5.82546e-02	2.58644	1.67599	1.29620e-05
1.68174e+04	2.29930e-02	5.77133e-02	5.31600	4.46470	1.29620e-05
1.68640e+04	2.29963e-02	2.91373e-02	0.77740	3.03235	1.29620e-05
1.69106e+04	2.30099e-02	2.69080e-02	4.69054	0.06102	1.29620e-05
1.69572e+04	2.30179e-02	3.08958e-02	2.24694	4.65915	1.29620e-05
1.70038e+04	2.30145e-02	5.08052e-02	1.43248	1.52982	1.29620e-05
1.70504e+04	2.30150e-02	3.19296e-02	1.28804	5.44986	1.29620e-05
1.70969e+04	2.30135e-02	3.69569e-02	0.15425	3.04179	1.29620e-05
1.71435e+04	2.30194e-02	1.80750e-02	4.98224	0.77424	1.29620e-05
1.71901e+04	2.30184e-02	4.45803e-02	3.21943	4.67795	1.29620e-05
1.72367e+04	2.30080e-02	3.61628e-02	1.24684	1.56616	1.29620e-05
1.72833e+04	2.30189e-02	3.06650e-02	3.28721	5.67889	1.29620e-05
1.73299e+04	2.30212e-02	2.96990e-02	4.52792	2.92084	1.29620e-05
1.73765e+04	2.30160e-02	2.89115e-02	5.37542	1.37407	1.29620e-05
1.74230e+04	2.30203e-02	4.02344e-02	0.94377	4.48975	1.29620e-05
1.74696e+04	2.30194e-02	1.93030e-02	2.45412	1.78530	1.29620e-05
1.75162e+04	2.30187e-02	2.62905e-02	3.59448	5.66839	1.29620e-05
1.75628e+04	2.30148e-02	1.10083e-02	2.62086	3.31715	1.29620e-05
1.76094e+04	2.30343e-02	3.60619e-02	5.30341	1.28264	1.29620e-05
1.76560e+04	2.30316e-02	3.04108e-02	0.36085	4.83329	1.29620e-05
1.77026e+04	2.30223e-02	2.73955e-02	5.36943	2.47026	1.29620e-05
1.77491e+04	2.30237e-02	2.15751e-02	1.56831	0.02739	1.29620e-05
1.77957e+04	2.30292e-02	1.63404e-02	0.23942	4.52259	1.29620e-05
1.78423e+04	2.30217e-02	2.09350e-02	5.91035	1.40102	1.29620e-05
1.78889e+04	2.30181e-02	1.31879e-02	4.64601	4.69657	1.29620e-05
1.79355e+04	2.30255e-02	2.53840e-02	4.24403	3.02317	1.29620e-05
1.79821e+04	2.30125e-02	1.57428e-02	5.21069	6.16154	1.29620e-05
1.80287e+04	2.30127e-02	2.47298e-02	1.31811	4.58068	1.29620e-05
1.80752e+04	2.30125e-02	2.07558e-02	5.04886	1.30875	1.29620e-05
1.81218e+04	2.30116e-02	2.02666e-02	2.21559	5.99090	1.29620e-05
1.81684e+04	2.30075e-02	3.20862e-02	2.20853	2.45345	1.29620e-05
1.82150e+04	2.30128e-02	2.17076e-02	2.97511	6.26259	1.29620e-05
1.82616e+04	2.30189e-02	3.45540e-02	3.76729	3.42739	1.29620e-05
1.83082e+04	2.30156e-02	2.38259e-02	4.29875	0.71908	1.29620e-05
1.83548e+04	2.30201e-02	2.96334e-02	4.88443	4.56577	1.29620e-05
1.84013e+04	2.30198e-02	3.29096e-02	5.96921	1.62532	1.29620e-05
1.84479e+04	2.30118e-02	2.33373e-02	2.12599	5.55962	1.29620e-05
1.84945e+04	2.30135e-02	3.15166e-02	0.58486	2.81673	1.29620e-05
1.85411e+04	2.30056e-02	1.92262e-02	0.51839	5.89603	1.29620e-05
1.85877e+04	2.30081e-02	2.48011e-02	6.02916	4.27049	1.29620e-05
1.86343e+04	2.30115e-02	3.09177e-02	2.41307	0.03081	1.29620e-05
1.86809e+04	2.30129e-02	3.00626e-02	2.67636	4.72607	1.29620e-05
1.87274e+04	2.30149e-02	4.24176e-02	4.13339	1.45445	1.29620e-05
1.87740e+04	2.30146e-02	3.06904e-02	3.91453	5.33420	1.29620e-05
1.88206e+04	2.30053e-02	4.14598e-02	4.22555	2.49126	1.29620e-05
1.88672e+04	2.30030e-02	2.97098e-02	4.19157	6.19823	1.29620e-05
1.89138e+04	2.30122e-02	2.68355e-02	4.58453	3.49429	1.29620e-05
1.89604e+04	2.30180e-02	3.47266e-02	5.81970	1.39032	1.29620e-05
1.90070e+04	2.30108e-02	3.10551e-02	1.01474	4.93228	1.29620e-05
1.90535e+04	2.30122e-02	2.67373e-02	2.86163	1.70791	1.29620e-05
1.91001e+04	2.30116e-02	2.74101e-02	3.34276	5.42982	1.29620e-05
1.91467e+04	2.30048e-02	4.35491e-02	3.33553	3.16328	1.29620e-05
1.91933e+04	2.30140e-02	3.13594e-02	4.59650	0.45802	1.29620e-05
1.92399e+04	2.30192e-02	4.00284e-02	1.01431	4.01196	1.29620e-05
1.92865e+04	2.30189e-02	2.82700e-02	3.15765	1.68868	1.29620e-05
1.93331e+04	2.30199e-02	1.62813e-02	6.25089	5.23579	1.29620e-05
1.93796e+04	2.30134e-02	1.29020e-02	3.90970	1.77485	1.29620e-05
1.94262e+04	2.30084e-02	9.62141e-03	2.29332	4.81750	1.29620e-05
1.94728e+04	2.30139e-02	2.18221e-02	6.25861	2.06684	1.29620e-05
1.95194e+04	2.30020e-02	2.02764e-02	4.81940	4.82370	1.29620e-05
1.95660e+04	2.30047e-02	7.21045e-03	0.51888	3.85673	1.29620e-05
1.96126e+04	2.30076e-02	2.10470e-02	4.57958	0.56849	1.29620e-05
1.96592e+04	2.30196e-02	1.51532e-02	1.14339	4.44400	1.29620e-05
1.97057e+04	2.30080e-02	1.76194e-02	4.48805	2.20975	1.29620e-05
1.97523e+04	2.30083e-02	1.87474e-02	1.88888	5.05285	1.29620e-05
1.97989e+04	2.30157e-02	1.75091e-02	3.95269	2.70658	1.29620e-05
1.98455e+04	2.30211e-02	1.70728e-02	0.04747	0.16015	1.29620e-05
1.98921e+04	2.30171e-02	2.33105e-02	1.84336	3.96588	1.29620e-05
1.99387e+04	2.30134e-02	2.64516e-02	3.13157	0.60817	1.29620e-05
1.99853e+04	2.30083e-02	1.19971e-02	3.42640	4.56978	1.29620e-05
2.00318e+04	2.30154e-02	1.42875e-02	2.11525	2.34120	1.29620e-05
2.00784e+04	2.30130e-02	1.16161e-02	6.22537	6.18371	1.29620e-05
2.01250e+04	2.30134e-02	1.92841e-02	4.11208	3.75073	1.29620e-05
2.01716e+04	2.30093e-02	1.98322e-02	2.48484	0.47071	1.29620e-05
2.02182e+04	2.30157e-02	1.54681e-02	0.25450	4.51082	1.29620e-05
2.02648e+04	2.30178e-02	1.78118e-02	5.73003	0.99523	1.29620e-05
2.03114e+04	2.30170e-02	1.99652e-02	3.04651	5.79580	1.29620e-05
2.03579e+04	2.30119e-02	2.60695e-02	1.94860	3.35909	1.29620e-05
2.04045e+04	2.30089e-02	2.34019e-03	4.48464	3.86353	1.29620e-05
2.04511e+04	2.30093e-02	3.51554e-02	1.59954	3.70454	1.29620e-05
2.04977e+04	2.30129e-02	2.75267e-02	0.49743	1.47570	1.29620e-05
2.05443e+04	2.30160e-02	1.87297e-02	5.70546	5.77771	1.29620e-05
2.05909e+04	2.30118e-02	1.34938e-02	4.14088	4.17172	1.29620e-05
2.06375e+04	2.30141e-02	3.20085e-02	2.11670	2.36560	1.29620e-05
2.06840e+04	2.30152e-02	3.94775e-02	0.07785	0.34384	1.29620e-05
2.07306e+04	2.30170e-02	3.15726e-02	4.90608	4.23012	1.29620e-05
2.07772e+04	2.30117e-02	1.95871e-02	4.58879	0.50982	1.29620e-05
2.08238e+04	2.30057e-02	3.28864e-02	3.96872	3.94757	1.29620e-05
2.08704e+04	2.30091e-02	4.41197e-02	4.00527	0.76229	1.29620e-05
2.09170e+04	2.30191e-02	5.07491e-02	3.17561	4.61251	1.29620e-05
2.09636e+04	2.30225e-02	3.88348e-02	2.24739	2.40659	1.29620e-05
2.10101e+04	2.30118e-02	3.09045e-02	2.08210	5.80227	1.29620e-05
2.10567e+04	2.30070e-02	4.38404e-02	0.37814	3.76975	1.29620e-05
2.11033e+04	2.30216e-02	3.61435e-02	4.78552	1.77512	1.29620e-05
2.11499e+04	2.30166e-02	8.40709e-03	3.74881	5.56459	1.29620e-05
2.11965e+04	2.30115e-02	3.09487e-02	3.42068	2.29558	1.29620e-05
2.12431e+04	2.30220e-02	1.28429e-02	2.31193	6.01217	1.29620e-05
2.12897e+04	2.30111e-02	2.30300e-02	0.66274	3.67241	1.29620e-05
2.13362e+04	2.30146e-02	1.22730e-02	5.06552	1.48231	1.29620e-05
2.13828e+04	2.30080e-02	2.58540e-02	3.41957	5.04686	1.29620e-05
2.14294e+04	2.30196e-02	2.24618e-02	2.40179	2.16490	1.29620e-05
2.14760e+04	2.30102e-02	1.14096e-02	1.44023	5.49906	1.29620e-05
2.15226e+04	2.30093e-02	3.21112e-02	0.35975	3.37537	1.29620e-05
2.15692e+04	2.30202e-02	3.52900e-02	4.33007	1.81591	1.29620e-05
2.16157e+04	2.30181e-02	4.43057e-02	2.33001	6.04572	1.29620e-05
2.16623e+04	2.30194e-02	3.43426e-02	1.18820	4.53479	1.29620e-05
2.17089e+04	2.30176e-02	3.73274e-02	2.38399	1.34357	1.29620e-05
2.17555e+04	2.30056e-02	2.89319e-02	3.80004	5.80391	1.29620e-05
2.18021e+04	2.30061e-02	3.93862e-02	3.78953	2.43460	1.29620e-05
2.18487e+04	2.30256e-02	3.20673e-02	0.19295	0.25074	1.29620e-05
2.18953e+04	2.30329e-02	3.62877e-02	5.41659	4.19471	1.29620e-05
2.19418e+04	2.30408e-02	3.97256e-02	1.89708	1.99894	1.29620e-05
2.19884e+04	2.30484e-02	4.19854e-02	0.84993	5.86248	1.29620e-05
2.20350e+04	2.30330e-02	3.43205e-02	5.55116	3.98415	1.29620e-05
2.20816e+04	2.30395e-02	5.07294e-02	5.47691	1.71359	1.29620e-05
2.21282e+04	2.30555e-02	3.41100e-02	5.29129	5.61102	1.29620e-05
2.21748e+04	2.30358e-02	4.54041e-02	4.39912	3.82306	1.29620e-05
2.22214e+04	2.30307e-02	3.47422e-02	4.17463	1.75798	1.29620e-05
2.22679e+04	2.30441e-02	5.00180e-02	3.83990	5.71997	1.29620e-05
2.23145e+04	2.30456e-02	3.55108e-02	3.61430	3.46973	1.29620e-05
2.23611e+04	2.30397e-02	3.97683e-02	3.39924	1.58665	1.29620e-05
2.24077e+04	2.30436e-02	4.49917e-02	3.36507	5.59968	1.29620e-05
2.24543e+04	2.30385e-02	4.39686e-02	2.27388	3.41456	1.29620e-05
2.25009e+04	2.30361e-02	3.47691e-02	1.29195	1.29143	1.29620e-05
2.25475e+04	2.30401e-02	5.04102e-02	0.52791	5.86744	1.29620e-05
2.25940e+04	2.30454e-02	3.98335e-02	0.17245	3.38398	1.29620e-05
2.26406e+04	2.30429e-02	4.60056e-02	5.55624	1.47638	1.29620e-05
2.26872e+04	2.30493e-02	3.11725e-02	4.89796	5.80721	1.29620e-05
2.27338e+04	2.30425e-02	4.74538e-02	4.83812	3.51542	1.29620e-05
2.27804e+04	2.30443e-02	2.22418e-02	5.77425	1.06121	1.29620e-05
2.28270e+04	2.30424e-02	1.02320e-02	0.89533	4.79963	1.29620e-05
2.28736e+04	2.30485e-02	1.41661e-02	3.89062	0.18595	1.29620e-05
2.29201e+04	2.30456e-02	3.40808e-02	3.55965	4.40862	1.29620e-05
2.29667e+04	2.30407e-02	4.43218e-02	2.54471	3.19577	1.29620e-05
2.30133e+04	2.30377e-02	1.07871e-02	2.88552	0.27134	1.29620e-05
2.30599e+04	2.30396e-02	3.33224e-02	0.65243	4.84460	1.29620e-05
2.31065e+04	2.30398e-02	6.20349e-03	5.27599	0.56760	1.29620e-05
2.31531e+04	2.30493e-02	3.19616e-02	5.75810	0.09509	1.29620e-05
2.31997e+04	2.30446e-02	3.14878e-02	1.15919	5.29855	1.29620e-05
2.32462e+04	2.30530e-02	2.72137e-02	2.07846	4.22781	1.29620e-05
2.32928e+04	2.30468e-02	1.38288e-02	1.91753	3.77728	1.29620e-05
2.33394e+04	2.30442e-02	1.15391e-02	3.44949	2.45560	1.29620e-05
2.33860e+04	2.30521e-02	4.54899e-02	5.39400	0.75804	1.29620e-05
2.34326e+04	2.30526e-02	3.82755e-02	6.12398	5.84629	1.29620e-05
2.34792e+04	2.30428e-02	3.65912e-02	2.64809	3.16202	1.29620e-05
2.35258e+04	2.30476e-02	2.80926e-02	3.56698	1.74630	1.29620e-05
2.35723e+04	2.30422e-02	4.20842e-02	5.96935	5.37697	1.29620e-05
2.36189e+04	2.30430e-02	2.83425e-02	1.67771	3.21154	1.29620e-05
2.36655e+04	2.30414e-02	3.75521e-02	3.21944	1.25207	1.29620e-05
2.37121e+04	2.30530e-02	3.46613e-02	4.64341	5.46539	1.29620e-05
2.37587e+04	2.30418e-02	4.15243e-02	0.11142	3.09226	1.29620e-05
2.38053e+04	2.30503e-02	3.05285e-02	0.96773	1.34899	1.29620e-05
2.38519e+04	2.30399e-02	4.78486e-02	2.88395	5.22461	1.29620e-05
2.38984e+04	2.30441e-02	2.67956e-02	5.09204	3.16378	1.29620e-05
2.39450e+04	2.30473e-02	4.58240e-02	0.90808	1.15256	1.29620e-05
2.39916e+04	2.30520e-02	3.34800e-02	3.06879	5.34674	1.29620e-05
2.40382e+04	2.30562e-02	4.15993e-02	6.13184	3.35461	1.29620e-05
2.40848e+04	2.30307e-02	3.58297e-02	0.51791	1.39587	1.29620e-05
2.41314e+04	2.30457e-02	4.42867e-02	4.90241	5.27082	1.29620e-05
2.41780e+04	2.30419e-02	3.46371e-02	6.21539	3.29712	1.29620e-05
2.42245e+04	2.30280e-02	4.79436e-02	1.57947	1.03189	1.29620e-05
2.42711e+04	2.30288e-02	3.36316e-02	3.36684	4.83896	1.29620e-05
2.43177e+04	2.30306e-02	4.64648e-02	1.96960	2.96610	1.29620e-05
2.43643e+04	2.30395e-02	3.85602e-02	4.43016	0.36756	1.29620e-05
2.44109e+04	2.30360e-02	4.57008e-02	0.86852	4.74483	1.29620e-05
2.44575e+04	2.30190e-02	3.93730e-02	0.18586	2.28531	1.29620e-05
2.45041e+04	2.30151e-02	4.70305e-02	0.48096	6.28195	1.29620e-05
2.45506e+04	2.30060e-02	3.99215e-02	1.65261	3.80643	1.29620e-05
2.45972e+04	2.30261e-02	4.31768e-02	0.65963	1.80682	1.29620e-05
2.46438e+04	2.30176e-02	4.74091e-02	3.66569	5.47514	1.29620e-05
2.46904e+04	2.30148e-02	3.01765e-02	5.73805	3.47235	1.29620e-05
2.47370e+04	2.30183e-02	4.98703e-02	2.06361	1.05565	1.29620e-05
2.47836e+04	2.30204e-02	3.28273e-02	4.76241	4.79365	1.29620e-05
2.48302e+04	2.30082e-02	4.21965e-02	0.66479	2.74222	1.29620e-05
2.48767e+04	2.30089e-02	3.63474e-02	2.76793	0.34501	1.29620e-05
2.49233e+04	2.30188e-02	4.29394e-02	4.88155	4.32401	1.29620e-05
2.49699e+04	2.30128e-02	3.37049e-02	1.09649	1.94033	1.29620e-05
2.50165e+04	2.30261e-02	4.70768e-02	3.29180	6.13398	1.29620e-05
2.50631e+04	2.30148e-02	4.13235e-02	5.96568	3.49755	1.29620e-05
2.51097e+04	2.30179e-02	4.01012e-02	1.13730	1.59102	1.29620e-05
2.51563e+04	2.30170e-02	4.87039e-02	4.16338	5.36940	1.29620e-05
2.52028e+04	2.30230e-02	3.72179e-02	1.12846	3.14998	1.29620e-05
2.52494e+04	2.30154e-02	4.89357e-02	4.43928	0.85307	1.29620e-05
2.52960e+04	2.30151e-02	3.79265e-02	1.42704	4.89570	1.29620e-05
2.53426e+04	2.30196e-02	4.84590e-02	4.80915	2.52541	1.29620e-05
2.53892e+04	2.30245e-02	3.67914e-02	1.82950	0.48701	1.29620e-05
2.54358e+04	2.30116e-02	4.94053e-02	5.54816	4.29813	1.29620e-05
2.54824e+04	2.30100e-02	3.72498e-02	2.26500	2.00242	1.29620e-05
2.55289e+04	2.30115e-02	4.52767e-02	4.88417	6.24154	1.29620e-05
2.55755e+04	2.30159e-02	4.16351e-02	1.72157	3.67217	1.29620e-05
2.56221e+04	2.30147e-02	3.93108e-02	4.24558	1.72875	1.29620e-05
2.56687e+04	2.30227e-02	4.20516e-02	1.08921	5.56866	1.29620e-05
2.57153e+04	2.30142e-02	3.84158e-02	4.16629	3.41622	1.29620e-05
2.57619e+04	2.30064e-02	4.05230e-02	2.19009	0.90343	1.29620e-05
2.58085e+04	2.30179e-02	3.94744e-02	0.71159	5.29133	1.29620e-05
2.58550e+04	2.30157e-02	4.52712e-02	1.67397	2.65791	1.29620e-05
2.59016e+04	2.30173e-02	3.37850e-02	0.39001	0.56928	1.29620e-05
2.59482e+04	2.30091e-02	4.72299e-02	5.68697	4.50750	1.29620e-05
2.59948e+04	2.30042e-02	4.13371e-02	6.18444	2.09998	1.29620e-05
2.60414e+04	2.30053e-02	4.73403e-02	5.90648	6.19612	1.29620e-05
2.60880e+04	2.30037e-02	4.35452e-02	5.43124	3.89394	1.29620e-05
2.61346e+04	2.29972e-02	4.71118e-02	0.25109	1.61624	1.29620e-05
2.61811e+04	2.30060e-02	4.08603e-02	2.65105	5.56972	1.29620e-05
2.62277e+04	2.30142e-02	4.69272e-02	3.31447	3.53284	1.29620e-05
2.62743e+04	2.29930e-02	4.41975e-02	6.00446	0.91858	1.29620e-05
2.63209e+04	2.30081e-02	4.43799e-02	2.50286	5.36995	1.29620e-05
2.63675e+04	2.30039e-02	5.02502e-02	6.12466	2.73515	1.29620e-05
2.64141e+04	2.29972e-02	4.11948e-02	3.19208	0.60628	1.29620e-05
2.64607e+04	2.30061e-02	4.63091e-02	0.29782	4.65114	1.29620e-05
2.65072e+04	2.30006e-02	4.38933e-02	4.03194	2.33449	1.29620e-05
2.65538e+04	2.30067e-02	4.63613e-02	1.27905	0.03727	1.29620e-05
2.66004e+04	2.30031e-02	3.61571e-02	4.50260	4.09824	1.29620e-05
2.66470e+04	2.29890e-02	4.91656e-02	1.52563	1.88493	1.29620e-05
2.66936e+04	2.30082e-02	3.80191e-02	5.15327	5.67025	1.29620e-05
2.67402e+04	2.30038e-02	4.82463e-02	1.84403	3.78288	1.29620e-05
2.67868e+04	2.30060e-02	4.52755e-02	5.61544	1.26052	1.29620e-05
2.68333e+04	2.30017e-02	4.49947e-02	2.46246	5.46524	1.29620e-05
2.68799e+04	2.30082e-02	4.63106e-02	5.26602	3.15820	1.29620e-05
2.69265e+04	2.30044e-02	4.43756e-02	6.03423	0.95978	1.29620e-05
2.69731e+04	2.29908e-02	4.63234e-02	2.12602	4.99647	1.29620e-05
2.70197e+04	2.30047e-02	4.50046e-02	5.76533	2.94185	1.29620e-05
2.70663e+04	2.30088e-02	5.03150e-02	2.49584	0.51242	1.29620e-05
2.71129e+04	2.30038e-02	4.08961e-02	4.73477	4.80746	1.29620e-05
2.71594e+04	2.30019e-02	5.40284e-02	1.03726	2.45458	1.29620e-05
2.72060e+04	2.30133e-02	3.86632e-02	3.50115	0.23944	1.29620e-05
2.72526e+04	2.30023e-02	4.73623e-02	5.97430	4.50996	1.29620e-05
2.72992e+04	2.29987e-02	4.41187e-02	2.72129	2.08775	1.29620e-05
2.73458e+04	2.29956e-02	4.47354e-02	5.61976	0.03947	1.29620e-05
2.73924e+04	2.30148e-02	4.16026e-02	2.48727	4.06277	1.29620e-05
2.74390e+04	2.30004e-02	4.66261e-02	5.53648	1.86131	1.29620e-05
2.74855e+04	2.29980e-02	3.75294e-02	2.36311	5.83922	1.29620e-05
2.75321e+04	2.30088e-02	4.62610e-02	5.03744	3.94275	1.29620e-05
2.75787e+04	2.29979e-02	4.61389e-02	1.77073	1.43858	1.29620e-05
2.76253e+04	2.30093e-02	3.95790e-02	3.94436	5.78750	1.29620e-05
2.76719e+04	2.29974e-02	4.64382e-02	0.68988	3.54312	1.29620e-05
2.77185e+04	2.30034e-02	4.12619e-02	4.58042	1.38096	1.29620e-05
2.77651e+04	2.30025e-02	4.74740e-02	1.99735	5.52164	1.29620e-05
2.78116e+04	2.29973e-02	4.68905e-02	5.32891	3.47515	1.29620e-05
2.78582e+04	2.30050e-02	4.69850e-02	2.38164	1.16212	1.29620e-05
2.79048e+04	2.30003e-02	4.35983e-02	5.09630	5.55168	1.29620e-05
2.79514e+04	2.29997e-02	4.97658e-02	2.06206	3.25553	1.29620e-05
2.79980e+04	2.29986e-02	4.03768e-02	4.97261	1.24251	1.29620e-05
2.80446e+04	2.30111e-02	5.11036e-02	2.17600	5.42077	1.29620e-05
2.80912e+04	2.30049e-02	4.17067e-02	1.03913	3.10412	1.29620e-05
2.81377e+04	2.30024e-02	4.60967e-02	5.44580	1.23454	1.29620e-05
2.81843e+04	2.30024e-02	4.28934e-02	3.53328	5.30440	1.29620e-05
2.82309e+04	2.29948e-02	4.62198e-02	2.84915	3.25975	1.29620e-05
2.82775e+04	2.30011e-02	4.15636e-02	2.69115	1.23830	1.29620e-05
2.83241e+04	2.30036e-02	4.66210e-02	3.48824	5.33178	1.29620e-05
2.83707e+04	2.30016e-02	3.65994e-02	3.59517	3.17608	1.29620e-05
2.84173e+04	2.30085e-02	4.45777e-02	4.40522	1.40464	1.29620e-05
2.84638e+04	2.29990e-02	4.13550e-02	1.24128	5.33762	1.29620e-05
2.85104e+04	2.30047e-02	4.17606e-02	0.58772	3.47223	1.29620e-05
2.85570e+04	2.30040e-02	4.55188e-02	5.19833	1.33369	1.29620e-05
2.86036e+04	2.29976e-02	4.45614e-02	4.24048	5.60531	1.29620e-05
2.86502e+04	2.30036e-02	4.15661e-02	0.97993	3.39994	1.29620e-05
2.86968e+04	2.30012e-02	4.88382e-02	0.64041	1.41056	1.29620e-05
2.87434e+04	2.30089e-02	4.42819e-02	3.35132	5.46259	1.29620e-05
2.87899e+04	2.30014e-02	4.68085e-02	0.68963	3.97476	1.29620e-05
2.88365e+04	2.30038e-02	4.89414e-02	4.11733	1.86010	1.29620e-05
2.88831e+04	2.30089e-02	4.63607e-02	5.26206	0.27040	1.29620e-05
2.89297e+04	2.30038e-02	4.95830e-02	0.50063	4.58200	1.29620e-05
2.89763e+04	2.29996e-02	4.62292e-02	1.97223	2.79563	1.29620e-05
2.90229e+04	2.29946e-02	4.59474e-02	3.57714	0.96808	1.29620e-05
2.90695e+04	2.30083e-02	4.77221e-02	4.97938	5.46306	1.29620e-05
2.91160e+04	2.30041e-02	4.38658e-02	0.30435	3.75527	1.29620e-05
2.91626e+04	2.30026e-02	5.21137e-02	2.45917	1.87124	1.29620e-05
2.92092e+04	2.30055e-02	4.48612e-02	5.06267	0.06949	1.29620e-05
2.92558e+04	2.30123e-02	4.89455e-02	1.34754	4.71586	1.29620e-05
2.93024e+04	2.30049e-02	4.27526e-02	4.15081	2.90978	1.29620e-05
2.93490e+04	2.29942e-02	5.15972e-02	0.58304	1.29289	1.29620e-05
2.93956e+04	2.30114e-02	4.71286e-02	3.53086	5.84742	1.29620e-05
2.94421e+04	2.30035e-02	5.20349e-02	0.04464	4.18155	1.29620e-05
2.94887e+04	2.30108e-02	4.61275e-02	1.92232	2.72931	1.29620e-05
2.95353e+04	2.30035e-02	4.66408e-02	3.79685	0.98668	1.29620e-05
2.95819e+04	2.30074e-02	4.96239e-02	5.10283	5.96639	1.29620e-05
2.96285e+04	2.30093e-02	4.82206e-02	0.47603	4.28841	1.29620e-05
2.96751e+04	2.30076e-02	4.67285e-02	1.41420	3.09456	1.29620e-05
2.97217e+04	2.30094e-02	4.91539e-02	2.61788	1.61732	1.29620e-05
2.97682e+04	2.30091e-02	4.71100e-02	3.40816	0.49452	1.29620e-05
2.98148e+04	2.29901e-02	4.75866e-02	4.66190	5.44743	1.29620e-05
2.98614e+04	2.29986e-02	4.58309e-02	6.06047	4.28828	1.29620e-05
2.99080e+04	2.30199e-02	5.06742e-02	0.63641	3.23068	1.29620e-05
2.99546e+04	2.30086e-02	4.40895e-02	2.02701	2.25472	1.29620e-05
3.00012e+04	2.30112e-02	5.08536e-02	3.61673	1.40449	1.29620e-05
3.00478e+04	2.30077e-02	5.30339e-02	1.44639	0.38707	1.29620e-05
3.00943e+04	2.30185e-02	4.49700e-02	5.13359	0.04883	1.29620e-05
3.01409e+04	2.30044e-02	4.89936e-02	3.25739	5.85760	1.29620e-05
3.01875e+04	2.30301e-02	4.67354e-02	2.70694	6.03623	1.29620e-05
3.02341e+04	2.30377e-02	3.75368e-02	2.78623	0.78458	1.29620e-05
3.02807e+04	2.30491e-02	3.86089e-02	1.43842	1.01817	1.29620e-05
3.03273e+04	2.30426e-02	6.01909e-02	0.14865	4.48084	1.29620e-05
3.03739e+04	2.30915e-02	6.69336e-02	4.88774	5.72164	1.29620e-05
3.04204e+04	2.30748e-02	1.11537e-01	0.09845	2.22384	1.29620e-05
3.04670e+04	2.31127e-02	1.13278e-01	0.05665	5.05879	1.29620e-05
3.05136e+04	2.31019e-02	1.14859e-02	4.71373	1.96008	1.29620e-05
3.05602e+04	2.31398e-02	6.68554e-02	4.67272	0.02010	1.29620e-05
3.06068e+04	2.31281e-02	4.25263e-02	0.61421	5.04768	1.29620e-05
3.06534e+04	2.31051e-02	1.06341e-01	4.37637	0.89230	1.29620e-05
3.07000e+04	2.30892e-02	4.93189e-02	3.09755	3.41972	1.29620e-05
3.07465e+04	2.30786e-02	3.87650e-02	2.12340	3.64304	1.29620e-05
3.07931e+04	2.31039e-02	1.53458e-02	5.06223	3.49164	1.29620e-05
3.08397e+04	2.30823e-02	1.85352e-02	6.05265	0.44429	1.29620e-05
3.08863e+04	2.31498e-02	2.78361e-02	6.04195	0.59989	1.29620e-05
3.09329e+04	2.31292e-02	6.63182e-02	2.56329	0.69667	1.29620e-05
3.09795e+04	2.30818e-02	1.90253e-02	3.47743	0.08798	1.29620e-05
3.10261e+04	2.30727e-02	6.66402e-02	0.23323	3.50550	1.29620e-05
3.10726e+04	2.30629e-02	1.95689e-02	0.41131	1.13493	1.29620e-05
3.11192e+04	2.30826e-02	6.68104e-02	4.34964	3.79749	1.29620e-05
3.11658e+04	2.31140e-02	7.60300e-02	5.25939	2.73581	1.29620e-05
3.12124e+04	2.30773e-02	7.73045e-02	1.69988	3.34598	1.29620e-05
3.12590e+04	2.31216e-02	6.48139e-02	2.14419	3.86571	1.29620e-05
3.13056e+04	2.30297e-02	3.81189e-02	4.25992	5.34072	1.29620e-05
3.13522e+04	2.30414e-02	1.00464e-01	0.47271	4.17220	1.29620e-05
3.13987e+04	2.30671e-02	5.97674e-02	3.20259	1.21902	1.29620e-05
3.14453e+04	2.30745e-02	1.25279e-01	4.04498	1.87260	1.29620e-05
3.14919e+04	2.31250e-02	1.12074e-01	5.80642	0.58394	1.29620e-05
3.15385e+04	2.30833e-02	1.44852e-01	1.12062	5.20235	1.29620e-05
3.15851e+04	2.30790e-02	6.24222e-02	4.64385	3.26817	1.29620e-05
3.16317e+04	2.30922e-02	7.97955e-02	4.20069	2.19666	1.29620e-05
3.16783e+04	2.30153e-02	2.26815e-02	3.02607	1.18405	1.29620e-05
3.17248e+04	2.30826e-02	7.36890e-02	0.87640	4.27691	1.29620e-05
3.17714e+04	2.30208e-02	6.17999e-02	2.16439	1.25525	1.29620e-05
3.18180e+04	2.30431e-02	4.12552e-02	5.72403	1.18349	1.29620e-05
3.18646e+04	2.30863e-02	8.75930e-02	1.83780	0.37729	1.29620e-05
3.19112e+04	2.31126e-02	2.64653e-02	0.73068	4.05002	1.29620e-05
3.19578e+04	2.30635e-02	1.02943e-01	4.99206	2.40303	1.29620e-05
3.20044e+04	2.30488e-02	2.81498e-02	2.47974	1.05672	1.29620e-05
3.20509e+04	2.30096e-02	1.22744e-01	2.30806	4.04150	1.29620e-05
3.20975e+04	2.31082e-02	6.73595e-02	2.79827	3.73989	1.29620e-05
3.21441e+04	2.30848e-02	1.02831e-01	0.51100	3.10761	1.29620e-05
3.21907e+04	2.30428e-02	1.07444e-01	5.48187	2.37624	1.29620e-05
3.22373e+04	2.30919e-02	9.77677e-02	0.57010	1.72338	1.29620e-05
3.22839e+04	2.29995e-02	4.49008e-02	4.41300	1.28496	1.29620e-05
3.23305e+04	2.30668e-02	4.83091e-02	5.34334	2.84206	1.29620e-05
3.23770e+04	2.30161e-02	5.29175e-02	4.23343	2.39916	1.29620e-05
3.24236e+04	2.30013e-02	5.35202e-02	4.63215	5.22749	1.29620e-05
3.24702e+04	2.30710e-02	7.56618e-02	0.93682	5.48992	1.29620e-05
3.25168e+04	2.30400e-02	2.89127e-02	3.14426	5.30944	1.29620e-05
3.25634e+04	2.30078e-02	1.00153e-01	1.91108	4.83139	1.29620e-05
3.26100e+04	2.30645e-02	2.16984e-02	5.28691	2.50685	1.29620e-05
3.26566e+04	2.30718e-02	2.19703e-02	0.73600	1.62523	1.29620e-05
3.27031e+04	2.30205e-02	7.08033e-02	0.17585	2.18617	1.29620e-05
3.27497e+04	2.29953e-02	5.48562e-02	4.43375	3.05801	1.29620e-05
3.27963e+04	2.30052e-02	9.52249e-02	5.48233	2.28925	1.29620e-05
3.28429e+04	2.30667e-02	2.46777e-02	3.63495	3.49673	1.29620e-05
3.28895e+04	2.30566e-02	8.38582e-02	4.90968	2.64877	1.29620e-05
3.29361e+04	2.30029e-02	8.78212e-02	1.59046	3.19038	1.29620e-05
3.29827e+04	2.30243e-02	5.49952e-02	0.20342	4.01833	1.29620e-05
3.30292e+04	2.30562e-02	9.65868e-02	0.03343	1.62072	1.29620e-05
3.30758e+04	2.30292e-02	1.23409e-01	5.43141	2.85261	1.29620e-05
3.31224e+04	2.29930e-02	1.36037e-01	5.44715	3.74235	1.29620e-05
3.31690e+04	2.30266e-02	9.86369e-02	0.12925	4.85042	1.29620e-05
3.32156e+04	2.30526e-02	8.04645e-02	1.95408	1.59852	1.29620e-05
3.32622e+04	2.29976e-02	3.58593e-02	5.82059	1.90458	1.29620e-05
3.33088e+04	2.30452e-02	6.50170e-02	5.29235	1.25926	1.29620e-05
3.33553e+04	2.30414e-02	3.13277e-02	4.81587	1.64341	1.29620e-05
3.34019e+04	2.30075e-02	5.61522e-02	5.89542	5.61006	1.29620e-05
3.34485e+04	2.29729e-02	5.49177e-02	6.00891	3.49931	1.29620e-05
3.34951e+04	2.30141e-02	8.05949e-02	0.50337	0.09694	1.29620e-05
3.35417e+04	2.29294e-02	6.15513e-02	1.61474	2.90181	1.29620e-05
3.35883e+04	2.29739e-02	1.33975e-01	4.99034	5.39385	1.29620e-05
3.36349e+04	2.30157e-02	6.14048e-02	5.94152	1.98062	1.29620e-05
3.36814e+04	2.30167e-02	1.57958e-01	3.87755	4.95320	1.29620e-05
3.37280e+04	2.30143e-02	8.85204e-02	1.27499	1.41874	1.29620e-05
3.37746e+04	2.29833e-02	1.04826e-01	0.33248	5.29789	1.29620e-05
3.38212e+04	2.29959e-02	4.49816e-02	5.15855	2.77267	1.29620e-05
3.38678e+04	2.30240e-02	3.85445e-02	4.43227	5.90595	1.29620e-05
3.39144e+04	2.30281e-02	1.51748e-02	2.09046	4.65533	1.29620e-05
3.39610e+04	2.29748e-02	9.01316e-02	0.54800	1.42791	1.29620e-05
3.40075e+04	2.29823e-02	4.70368e-02	3.25552	6.25142	1.29620e-05
3.40541e+04	2.29531e-02	1.66909e-01	5.60227	3.07233	1.29620e-05
3.41007e+04	2.29898e-02	8.82585e-02	0.27748	0.35352	1.29620e-05
3.41473e+04	2.29865e-02	7.12640e-02	5.80831	3.48718	1.29620e-05
3.41939e+04	2.29448e-02	1.24543e-01	1.15661	2.15315	1.29620e-05
3.42405e+04	2.30158e-02	1.28071e-01	2.00984	4.75935	1.29620e-05
3.42871e+04	2.29930e-02	8.76781e-02	5.88753	0.94214	1.29620e-05
3.43336e+04	2.29936e-02	6.67820e-02	4.92093	1.60507	1.29620e-05
3.43802e+04	2.29775e-02	1.21559e-01	1.37800	1.32888	1.29620e-05
3.44268e+04	2.29218e-02	8.16825e-02	0.08203	3.96718	1.29620e-05
3.44734e+04	2.29890e-02	1.10785e-01	0.28193	0.39825	1.29620e-05
3.45200e+04	2.29834e-02	1.08102e-01	2.35393	2.90424	1.29620e-05
3.45666e+04	2.29617e-02	1.05155e-01	4.38869	6.11777	1.29620e-05
3.46132e+04	2.30153e-02	9.63328e-02	1.30793	3.34914	1.29620e-05
3.46597e+04	2.29595e-02	3.77560e-02	2.89269	2.27275	1.29620e-05
3.47063e+04	2.29541e-02	1.16551e-01	0.98985	4.65956	1.29620e-05
3.47529e+04	2.29517e-02	8.65639e-02	4.38930	1.01917	1.29620e-05
3.47995e+04	2.29191e-02	5.91669e-02	2.78751	0.30950	1.29620e-05
3.48461e+04	2.29533e-02	3.87694e-02	0.06936	1.04750	1.29620e-05
3.48927e+04	2.29538e-02	3.95381e-02	2.24032	6.05274	1.29620e-05
3.49393e+04	2.29245e-02	1.50243e-01	0.50065	2.42932	1.29620e-05
3.49858e+04	2.29430e-02	1.06454e-01	3.49088	4.57118	1.29620e-05
3.50324e+04	2.29576e-02	1.49010e-01	0.00813	0.97765	1.29620e-05
3.50790e+04	2.29441e-02	3.97495e-02	5.52524	4.17979	1.29620e-05
3.51256e+04	2.29466e-02	1.53482e-01	2.07347	1.05374	1.29620e-05
3.51722e+04	2.29294e-02	1.65945e-01	4.40816	2.12057	1.29620e-05
3.52188e+04	2.29095e-02	9.18816e-02	1.02412	3.62166	1.29620e-05
3.52654e+04	2.29348e-02	3.60395e-02	0.75863	4.57756	1.29620e-05
3.53119e+04	2.29267e-02	1.35676e-01	2.68563	0.89553	1.29620e-05
3.53585e+04	2.29584e-02	5.19147e-02	1.30265	2.28196	1.29620e-05
3.54051e+04	2.28905e-02	8.15151e-02	1.88331	4.41575	1.29620e-05
3.54517e+04	2.29255e-02	5.46470e-02	4.48630	0.71725	1.29620e-05
3.54983e+04	2.29397e-02	1.43271e-01	6.03524	1.91051	1.29620e-05
3.55449e+04	2.29152e-02	1.33937e-01	4.18803	2.67229	1.29620e-05
3.55915e+04	2.29325e-02	4.09085e-02	4.03801	5.11667	1.29620e-05
3.56380e+04	2.29464e-02	1.56568e-01	1.07937	1.59283	1.29620e-05
3.56846e+04	2.29054e-02	1.31863e-01	5.12629	2.60661	1.29620e-05
3.57312e+04	2.29516e-02	4.78102e-02	0.10865	5.96895	1.29620e-05
3.57778e+04	2.28925e-02	1.52161e-01	4.50049	1.68073	1.29620e-05
3.58244e+04	2.29280e-02	1.44713e-01	0.68623	2.66825	1.29620e-05
3.58710e+04	2.29406e-02	9.94277e-02	5.51935	3.93538	1.29620e-05
3.59175e+04	2.29144e-02	1.55305e-01	0.55464	5.35387	1.29620e-05
3.59641e+04	2.29137e-02	5.71763e-02	5.53722	5.59390	1.29620e-05
3.60107e+04	2.28893e-02	8.87563e-02	5.17898	2.28158	1.29620e-05
3.60573e+04	2.29233e-02	9.30653e-02	1.39871	5.55682	1.29620e-05
3.61039e+04	2.29452e-02	1.08481e-01	0.82242	1.55971	1.29620e-05
3.61505e+04	2.29148e-02	9.39068e-03	3.33942	2.95367	1.29620e-05
3.61971e+04	2.29045e-02	9.70855e-02	6.08518	1.66071	1.29620e-05
3.62436e+04	2.28914e-02	9.04305e-02	4.82776	0.53765	1.29620e-05
3.62902e+04	2.29048e-02	1.39081e-01	4.19333	1.48002	1.29620e-05
3.63368e+04	2.29026e-02	9.84174e-02	5.41421	2.09023	1.29620e-05
3.63834e+04	2.28913e-02	1.35195e-01	3.02587	3.75755	1.29620e-05
3.64300e+04	2.28889e-02	1.14733e-01	0.35541	2.81840	1.29620e-05
3.64766e+04	2.28944e-02	5.07276e-02	3.14602	3.64810	1.29620e-05
3.65232e+04	2.29408e-02	1.53901e-01	5.95598	4.72231	1.29620e-05
3.65697e+04	2.29041e-02	1.49671e-01	2.83787	6.02351	1.29620e-05
3.66163e+04	2.29056e-02	9.07260e-02	0.79590	1.57704	1.29620e-05
3.66629e+04	2.28718e-02	1.15247e-01	0.82949	3.49384	1.29620e-05
3.67095e+04	2.28807e-02	5.27770e-02	0.20118	3.83562	1.29620e-05
3.67561e+04	2.28792e-02	6.32074e-02	6.13736	0.55225	1.29620e-05
3.68027e+04	2.28959e-02	1.13883e-01	1.70856	2.10280	1.29620e-05
3.68493e+04	2.28973e-02	6.10520e-02	0.80060	3.06134	1.29620e-05
3.68958e+04	2.28821e-02	9.69254e-02	3.12909	3.88903	1.29620e-05
3.69424e+04	2.28574e-02	7.22495e-02	0.79035	5.56717	1.29620e-05
3.69890e+04	2.28864e-02	8.12852e-02	2.96498	6.06485	1.29620e-05
3.70356e+04	2.28850e-02	9.08148e-02	6.01579	1.46980	1.29620e-05
3.70822e+04	2.28717e-02	1.01432e-01	2.05991	4.00790	1.29620e-05
3.71288e+04	2.28586e-02	9.70911e-02	4.37498	5.65223	1.29620e-05
3.71754e+04	2.29090e-02	1.16030e-01	5.02377	5.47761	1.29620e-05
3.72219e+04	2.28671e-02	1.23820e-01	3.45239	2.31749	1.29620e-05
3.72685e+04	2.28848e-02	1.12037e-01	2.52898	0.17141	1.29620e-05
3.73151e+04	2.28539e-02	9.56922e-02	5.21073	3.63183	1.29620e-05
3.73617e+04	2.29004e-02	9.09292e-02	2.06098	6.06760	1.29620e-05
3.74083e+04	2.28336e-02	9.88720e-02	2.93176	1.15948	1.29620e-05
3.74549e+04	2.28501e-02	1.01184e-01	0.17601	3.06613	1.29620e-05
3.75015e+04	2.28397e-02	9.90682e-02	3.62228	1.67223	1.29620e-05
3.75480e+04	2.28614e-02	1.18831e-01	4.68253	5.51199	1.29620e-05
3.75946e+04	2.28737e-02	7.85428e-02	5.80672	6.25945	1.29620e-05
3.76412e+04	2.28723e-02	1.13072e-01	1.83908	1.29066	1.29620e-05
3.76878e+04	2.28499e-02	5.77076e-02	0.99081	2.28177	1.29620e-05
3.77344e+04	2.28265e-02	1.43980e-01	3.97799	3.26183	1.29620e-05
3.77810e+04	2.28826e-02	1.34948e-01	5.66833	1.28742	1.29620e-05
3.78276e+04	2.28544e-02	4.35650e-02	5.15734	3.64937	1.29620e-05
3.78741e+04	2.28267e-02	8.65279e-02	0.28203	2.52963	1.29620e-05
3.79207e+04	2.28676e-02	1.51850e-01	5.40575	5.50817	1.29620e-05
3.79673e+04	2.27880e-02	8.34559e-02	6.26214	2.22109	1.29620e-05
3.80139e+04	2.28510e-02	1.03223e-01	0.51747	2.06157	1.29620e-05
3.80605e+04	2.28425e-02	1.59845e-01	5.55939	0.86344	1.29620e-05
3.81071e+04	2.28099e-02	1.28102e-01	0.07611	6.17113	1.29620e-05
3.81537e+04	2.28405e-02	1.60351e-01	0.93844	5.55656	1.29620e-05
3.82002e+04	2.28352e-02	1.04566e-01	3.17476	4.10291	1.29620e-05
3.82468e+04	2.28231e-02	1.36964e-01	2.72954	3.69599	1.29620e-05
3.82934e+04	2.28345e-02	1.17486e-01	1.52230	5.73492	1.29620e-05
3.83400e+04	2.28318e-02	1.61093e-01	2.10048	4.74513	1.29620e-05
3.83866e+04	2.28156e-02	1.78706e-01	4.41438	3.59944	1.29620e-05
3.84332e+04	2.28160e-02	1.80903e-01	4.66699	2.35524	1.29620e-05
3.84798e+04	2.28194e-02	1.23823e-01	1.33464	0.90646	1.29620e-05
3.85263e+04	2.27932e-02	1.02638e-01	1.66599	4.92397	1.29620e-05
3.85729e+04	2.28385e-02	7.84001e-02	1.65562	6.01476	1.29620e-05
3.86195e+04	2.28298e-02	1.17174e-01	4.45466	0.35471	1.29620e-05
3.86661e+04	2.28079e-02	1.36718e-01	5.88210	5.10983	1.29620e-05
3.87127e+04	2.28189e-02	1.29118e-01	2.70134	3.71630	1.29620e-05
3.87593e+04	2.27974e-02	7.78633e-02	1.19834	4.73915	1.29620e-05
3.88059e+04	2.28096e-02	1.14150e-01	3.36473	5.38082	1.29620e-05
3.88524e+04	2.27861e-02	1.40588e-01	3.99482	3.71629	1.29620e-05
3.88990e+04	2.28166e-02	9.74887e-02	4.10971	5.12329	1.29620e-05
3.89456e+04	2.27849e-02	8.01185e-02	1.60136	0.34123	1.29620e-05
3.89922e+04	2.28409e-02	7.56852e-02	0.44116	2.18348	1.29620e-05
3.90388e+04	2.27812e-02	1.14164e-01	3.84412	3.18586	1.29620e-05
3.90854e+04	2.27871e-02	1.31436e-01	1.57213	5.31320	1.29620e-05
3.91320e+04	2.28180e-02	8.23401e-02	3.09260	0.82327	1.29620e-05
3.91785e+04	2.28171e-02	1.40975e-01	1.95767	1.46601	1.29620e-05
3.92251e+04	2.28027e-02	1.20794e-01	2.03687	3.72890	1.29620e-05
3.92717e+04	2.27959e-02	1.18804e-01	0.68181	3.98851	1.29620e-05
3.93183e+04	2.28086e-02	1.14964e-01	5.32953	0.38863	1.29620e-05
3.93649e+04	2.27705e-02	1.10014e-01	3.14385	0.85450	1.29620e-05
3.94115e+04	2.27752e-02	1.20706e-01	1.28311	2.97204	1.29620e-05
3.94581e+04	2.27873e-02	1.11912e-01	3.99349	3.72570	1.29620e-05
3.95046e+04	2.27736e-02	9.90971e-02	1.76984	5.69408	1.29620e-05
3.95512e+04	2.28029e-02	1.07408e-01	3.03363	0.72432	1.29620e-05
3.95978e+04	2.27632e-02	1.15340e-01	0.35996	2.24343	1.29620e-05
3.96444e+04	2.27708e-02	1.05715e-01	0.41637	3.69844	1.29620e-05
3.96910e+04	2.27890e-02	8.98254e-02	3.26622	5.27654	1.29620e-05
3.97376e+04	2.28095e-02	1.06601e-01	1.93499	0.82712	1.29620e-05
3.97842e+04	2.27981e-02	1.04465e-01	3.96548	2.23898	1.29620e-05
3.98307e+04	2.28027e-02	1.07619e-01	1.88500	3.92778	1.29620e-05
3.98773e+04	2.27438e-02	8.89008e-02	3.12223	5.35900	1.29620e-05
3.99239e+04	2.27507e-02	1.01644e-01	5.96346	1.31792	1.29620e-05
3.99705e+04	2.28079e-02	1.16144e-01	0.41498	2.35233	1.29620e-05
4.00171e+04	2.27524e-02	9.98220e-02	2.05303	4.69150	1.29620e-05
4.00637e+04	2.27593e-02	1.06298e-01	2.28352	5.71501	1.29620e-05
4.01103e+04	2.27398e-02	1.21154e-01	2.69054	2.03869	1.29620e-05
4.01568e+04	2.27686e-02	1.17656e-01	2.08032	2.97712	1.29620e-05
4.02034e+04	2.27371e-02	1.08841e-01	1.85415	5.50313	1.29620e-05
4.02500e+04	2.27459e-02	9.55972e-02	5.86958	0.63557	1.29620e-05
4.02966e+04	2.27832e-02	1.25285e-01	5.26477	2.96586	1.29620e-05
4.03432e+04	2.27342e-02	1.03324e-01	1.97048	4.33518	1.29620e-05
4.03898e+04	2.27896e-02	1.03000e-01	0.54199	0.50676	1.29620e-05
4.04364e+04	2.27431e-02	8.59812e-02	2.44962	2.06760	1.29620e-05
4.04829e+04	2.27808e-02	1.26886e-01	0.48873	4.28758	1.29620e-05
4.05295e+04	2.27582e-02	7.31793e-02	1.23952	6.01196	1.29620e-05
4.05761e+04	2.27297e-02	1.23877e-01	4.32678	1.91032	1.29620e-05
4.06227e+04	2.27106e-02	8.73566e-02	4.37409	3.76127	1.29620e-05
4.06693e+04	2.27616e-02	1.25223e-01	0.79005	5.78037	1.29620e-05
4.07159e+04	2.27394e-02	7.49498e-02	6.01334	1.45563	1.29620e-05
4.07625e+04	2.27385e-02	1.38793e-01	1.31177	3.62889	1.29620e-05
4.08090e+04	2.27063e-02	7.31056e-02	6.05277	5.37538	1.29620e-05
4.08556e+04	2.27819e-02	1.23251e-01	0.20146	1.28895	1.29620e-05
4.09022e+04	2.27868e-02	8.43985e-02	3.55660	3.59815	1.29620e-05
4.09488e+04	2.27412e-02	1.28166e-01	3.40545	5.29686	1.29620e-05
4.09954e+04	2.27331e-02	8.24694e-02	5.95309	1.48063	1.29620e-05
4.10420e+04	2.27935e-02	1.18203e-01	5.04803	3.29630	1.29620e-05
4.10886e+04	2.26818e-02	1.03096e-01	6.12827	5.91067	1.29620e-05
4.11351e+04	2.27520e-02	1.14602e-01	4.72454	1.08190	1.29620e-05
4.11817e+04	2.27425e-02	1.10494e-01	4.54626	4.18997	1.29620e-05
4.12283e+04	2.27121e-02	1.21317e-01	2.64049	5.55618	1.29620e-05
4.12749e+04	2.27290e-02	1.09900e-01	1.44251	2.15889	1.29620e-05
4.13215e+04	2.27551e-02	1.07185e-01	4.84478	3.76618	1.29620e-05
4.13681e+04	2.27093e-02	1.24703e-01	2.86888	0.28776	1.29620e-05
4.14147e+04	2.27218e-02	9.52899e-02	5.07640	1.88229	1.29620e-05
4.14612e+04	2.27346e-02	1.27509e-01	2.42265	4.98645	1.29620e-05
4.15078e+04	2.27363e-02	9.74592e-02	3.48071	0.53166	1.29620e-05
4.15544e+04	2.26796e-02	1.24040e-01	0.13188	3.20793	1.29620e-05
4.16010e+04	2.27059e-02	8.16250e-02	5.69155	5.54828	1.29620e-05
4.16476e+04	2.27381e-02	1.43122e-01	2.19055	1.55468	1.29620e-05
4.16942e+04	2.26940e-02	8.08334e-02	0.62564	4.20681	1.29620e-05
4.17408e+04	2.27229e-02	1.31938e-01	2.32715	0.03796	1.29620e-05
4.17873e+04	2.27159e-02	9.62327e-02	6.01106	2.95484	1.29620e-05
4.18339e+04	2.26954e-02	1.12979e-01	0.74515	4.96961	1.29620e-05
4.18805e+04	2.26726e-02	1.19016e-01	3.32006	1.74521	1.29620e-05
4.19271e+04	2.27310e-02	1.07565e-01	3.28715	3.54556	1.29620e-05
4.19737e+04	2.26724e-02	1.21862e-01	5.13515	0.42011	1.29620e-05
4.20203e+04	2.27360e-02	9.73802e-02	4.12165	2.41259	1.29620e-05
4.20669e+04	2.27253e-02	1.21186e-01	5.17276	5.35076	1.29620e-05
4.21134e+04	2.26687e-02	8.55122e-02	2.55692	1.65185	1.29620e-05
4.21600e+04	2.27278e-02	1.34536e-01	3.30989	4.15709	1.29620e-05
4.22066e+04	2.27095e-02	9.28949e-02	5.88323	0.67217	1.29620e-05
4.22532e+04	2.27027e-02	1.26970e-01	5.33346	2.94532	1.29620e-05
4.22998e+04	2.27227e-02	9.98237e-02	1.07176	5.87041	1.29620e-05
4.23464e+04	2.27163e-02	1.04095e-01	0.05260	1.93577	1.29620e-05
4.23930e+04	2.27241e-02	1.28023e-01	0.70659	5.09666	1.29620e-05
4.24395e+04	2.27115e-02	9.81577e-02	4.84724	0.98761	1.29620e-05
4.24861e+04	2.26828e-02	1.30518e-01	4.51490	4.05595	1.29620e-05
4.25327e+04	2.26474e-02	9.15805e-02	1.42460	0.30002	1.29620e-05
4.25793e+04	2.26457e-02	1.21706e-01	0.31653	3.15516	1.29620e-05
4.26259e+04	2.26546e-02	9.60071e-02	2.06940	6.11348	1.29620e-05
4.26725e+04	2.26832e-02	1.13752e-01	0.92838	2.19906	1.29620e-05
4.27191e+04	2.26619e-02	1.23304e-01	1.26317	5.36305	1.29620e-05
4.27656e+04	2.27032e-02	1.09603e-01	5.34053	1.33413	1.29620e-05
4.28122e+04	2.26662e-02	1.19261e-01	4.72645	4.67892	1.29620e-05
4.28588e+04	2.26833e-02	9.64679e-02	1.37959	1.02223	1.29620e-05
4.29054e+04	2.26644e-02	1.26832e-01	0.37816	3.83431	1.29620e-05
4.29520e+04	2.26619e-02	1.06184e-01	1.62345	0.49489	1.29620e-05
4.29986e+04	2.26799e-02	1.17660e-01	0.02862	2.97829	1.29620e-05
4.30452e+04	2.26757e-02	1.06239e-01	0.22793	0.08203	1.29620e-05
4.30917e+04	2.26286e-02	1.03952e-01	3.69185	2.53723	1.29620e-05
4.31383e+04	2.26228e-02	1.29546e-01	3.02938	5.67252	1.29620e-05
4.31849e+04	2.27048e-02	1.05051e-01	5.52084	2.05900	1.29620e-05
4.32315e+04	2.26362e-02	1.20132e-01	4.08864	4.94253	1.29620e-05
4.32781e+04	2.26317e-02	9.76632e-02	4.92677	1.97522	1.29620e-05
4.33247e+04	2.26972e-02	1.16055e-01	2.85219	4.49543	1.29620e-05
4.33713e+04	2.26860e-02	1.20326e-01	2.75199	1.44365	1.29620e-05
4.34178e+04	2.26535e-02	1.03736e-01	5.97082	4.03885	1.29620e-05
4.34644e+04	2.26211e-02	1.17480e-01	4.70022	0.98194	1.29620e-05
4.35110e+04	2.26468e-02	1.00903e-01	0.13809	4.02894	1.29620e-05
4.35576e+04	2.26410e-02	1.27230e-01	4.72573	0.45284	1.29620e-05
4.36042e+04	2.26457e-02	1.09706e-01	5.29697	3.71546	1.29620e-05
4.36508e+04	2.26293e-02	1.05403e-01	2.54280	0.09399	1.29620e-05
4.36974e+04	2.26535e-02	1.27580e-01	1.76986	3.51303	1.29620e-05
4.37439e+04	2.26388e-02	1.12406e-01	4.03450	0.08273	1.29620e-05
4.37905e+04	2.26507e-02	1.31143e-01	2.69899	2.94717	1.29620e-05
4.38371e+04	2.26433e-02	1.05845e-01	3.52109	6.27180	1.29620e-05
4.38837e+04	2.26326e-02	1.06293e-01	1.34413	2.80124	1.29620e-05
4.39303e+04	2.26516e-02	1.27579e-01	1.17531	6.17407	1.29620e-05
4.39769e+04	2.26701e-02	1.10567e-01	3.95368	2.60947	1.29620e-05
4.40235e+04	2.26592e-02	1.23858e-01	2.92141	5.73205	1.29620e-05
4.40700e+04	2.26537e-02	1.07350e-01	4.10285	2.78865	1.29620e-05
4.41166e+04	2.26565e-02	1.15530e-01	2.12978	5.58806	1.29620e-05
4.41632e+04	2.26025e-02	1.23448e-01	2.34482	2.58618	1.29620e-05
4.42098e+04	2.26134e-02	1.02372e-01	5.69082	5.36677	1.29620e-05
4.42564e+04	2.26039e-02	1.16969e-01	4.68577	2.43734	1.29620e-05
4.43030e+04	2.26473e-02	1.14309e-01	0.06671	5.71303	1.29620e-05
4.43496e+04	2.26057e-02	1.26312e-01	4.78866	2.17641	1.29620e-05
4.43961e+04	2.26056e-02	1.14476e-01	5.01976	5.51698	1.29620e-05
4.44427e+04	2.26405e-02	1.03163e-01	2.10397	2.19534	1.29620e-05
4.44893e+04	2.26056e-02	1.24869e-01	1.08178	5.53653	1.29620e-05
4.45359e+04	2.26120e-02	1.11662e-01	3.19334	2.39752	1.29620e-05
4.45825e+04	2.26291e-02	1.19866e-01	1.64059	5.24462	1.29620e-05
4.46291e+04	2.25937e-02	1.07659e-01	1.94583	2.53592	1.29620e-05
4.46757e+04	2.26425e-02	1.16848e-01	5.46776	5.55698	1.29620e-05
4.47222e+04	2.26003e-02	1.31586e-01	4.69546	2.35340	1.29620e-05
4.47688e+04	2.26061e-02	1.07132e-01	0.45477	5.60701	1.29620e-05
4.48154e+04	2.26145e-02	1.13328e-01	5.04659	2.38771	1.29620e-05
4.48620e+04	2.25931e-02	1.16821e-01	5.62952	5.90398	1.29620e-05
4.49086e+04	2.25904e-02	1.14394e-01	2.73354	2.51543	1.29620e-05
4.49552e+04	2.25988e-02	1.22686e-01	2.29543	5.68715	1.29620e-05
4.50018e+04	2.25947e-02	1.07600e-01	3.84796	2.92397	1.29620e-05
4.50483e+04	2.25745e-02	1.24063e-01	2.12403	5.94165	1.29620e-05
4.50949e+04	2.26040e-02	1.24615e-01	2.61202	2.90027	1.29620e-05
4.51415e+04	2.26037e-02	1.00368e-01	5.98754	5.98207	1.29620e-05
4.51881e+04	2.26037e-02	1.20757e-01	5.27643	3.03633	1.29620e-05
4.52347e+04	2.25870e-02	1.13554e-01	0.51874	0.14449	1.29620e-05
4.52813e+04	2.25884e-02	1.26661e-01	5.10890	3.02427	1.29620e-05
4.53279e+04	2.25738e-02	1.15258e-01	5.22641	0.12182	1.29620e-05
4.53744e+04	2.26069e-02	1.08033e-01	1.59154	3.47191	1.29620e-05
4.54210e+04	2.25909e-02	1.32624e-01	0.88924	0.23925	1.29620e-05
4.54676e+04	2.25703e-02	1.07731e-01	2.11788	3.52829	1.29620e-05
4.55142e+04	2.26197e-02	1.10117e-01	6.10489	0.28106	1.29620e-05
4.55608e+04	2.26162e-02	1.18231e-01	5.75918	3.82780	1.29620e-05
4.56074e+04	2.25720e-02	1.14723e-01	2.24010	0.66677	1.29620e-05
4.56540e+04	2.25694e-02	1.24713e-01	0.78916	3.70047	1.29620e-05
4.57005e+04	2.25889e-02	1.06718e-01	1.35622	0.95717	1.29620e-05
4.57471e+04	2.25740e-02	1.14812e-01	4.79649	4.12574	1.29620e-05
4.57937e+04	2.26035e-02	1.31732e-01	4.12879	1.07050	1.29620e-05
4.58403e+04	2.25988e-02	1.00582e-01	5.96962	4.27351	1.29620e-05
4.58869e+04	2.25561e-02	1.12918e-01	3.89434	1.30825	1.29620e-05
4.59335e+04	2.25820e-02	1.18842e-01	4.08798	4.73420	1.29620e-05
4.59801e+04	2.25620e-02	1.18783e-01	0.53324	1.46524	1.29620e-05
4.60266e+04	2.25675e-02	1.21580e-01	5.58177	4.66615	1.29620e-05
4.60732e+04	2.25889e-02	1.00669e-01	6.16500	1.95821	1.29620e-05
4.61198e+04	2.25408e-02	1.25847e-01	3.62973	5.03141	1.29620e-05
4.61664e+04	2.25879e-02	1.16439e-01	2.93069	1.96324	1.29620e-05
4.62130e+04	2.25565e-02	1.00116e-01	4.90672	5.13955	1.29620e-05
4.62596e+04	2.25705e-02	1.22000e-01	2.55136	2.24890	1.29620e-05
4.63062e+04	2.25565e-02	1.16247e-01	2.55293	5.54715	1.29620e-05
4.63527e+04	2.25622e-02	1.22756e-01	5.23361	2.20229	1.29620e-05
4.63993e+04	2.25611e-02	1.08673e-01	3.43054	5.62777	1.29620e-05
4.64459e+04	2.25716e-02	1.04651e-01	4.08266	2.67946	1.29620e-05
4.64925e+04	2.25582e-02	1.31737e-01	0.90795	5.78040	1.29620e-05
4.65391e+04	2.25398e-02	1.07760e-01	6.02171	2.69299	1.29620e-05
4.65857e+04	2.25596e-02	1.10139e-01	1.03041	5.89279	1.29620e-05
