# t	a	e	mean_anomaly	varpi	mass/M_star
0.00000e+00	3.48058e-02	7.25274e-04	3.74340	1.19152	2.31180e-05
4.65857e+01	3.48164e-02	4.76183e-04	3.67640	5.02066	2.31180e-05
9.31714e+01	3.48111e-02	1.06587e-03	1.09177	5.09099	2.31180e-05
1.39757e+02	3.48112e-02	1.55018e-03	6.23882	3.70956	2.31180e-05
1.86343e+02	3.48241e-02	4.73176e-03	1.69761	5.72795	2.31180e-05
2.32928e+02	3.48074e-02	3.18251e-03	3.88628	0.88696	2.31180e-05
2.79514e+02	3.48108e-02	4.19057e-03	5.27710	3.03333	2.31180e-05
3.26100e+02	3.48251e-02	3.35084e-03	5.18266	5.06195	2.31180e-05
3.72685e+02	3.48215e-02	7.00072e-04	4.42448	0.31500	2.31180e-05
4.19271e+02	3.48183e-02	4.36320e-04	3.58207	1.84496	2.31180e-05
4.65857e+02	3.48104e-02	1.15429e-03	1.87352	4.22743	2.31180e-05
5.12442e+02	3.48132e-02	2.08944e-03	0.53692	6.17265	2.31180e-05
5.59028e+02	3.48211e-02	8.08621e-04	5.84892	1.61185	2.31180e-05
6.05614e+02	3.48108e-02	5.71645e-04	5.87515	2.30430	2.31180e-05
6.52199e+02	3.48084e-02	1.65891e-03	5.83504	2.99083	2.31180e-05
6.98785e+02	3.48164e-02	2.65338e-03	4.14062	5.30038	2.31180e-05
7.45371e+02	3.48145e-02	2.59234e-03	3.06226	0.67307	2.31180e-05
7.91956e+02	3.48106e-02	1.99699e-03	2.09648	2.19974	2.31180e-05
8.38542e+02	3.48093e-02	3.15533e-03	1.31181	3.52935	2.31180e-05
8.85128e+02	3.48211e-02	8.32199e-04	4.54562	0.80629	2.31180e-05
9.31713e+02	3.48256e-02	1.68761e-03	4.53682	1.30254	2.31180e-05
9.78299e+02	3.48249e-02	3.20217e-03	2.31867	4.04650	2.31180e-05
1.02488e+03	3.48148e-02	4.21001e-03	0.86442	6.04542	2.31180e-05
1.07147e+03	3.48220e-02	3.28648e-03	0.25359	0.98773	2.31180e-05
1.11806e+03	3.48206e-02	4.62958e-03	5.17980	2.93594	2.31180e-05
1.16464e+03	3.48092e-02	1.77660e-03	3.60780	5.05014	2.31180e-05
1.21123e+03	3.48070e-02	3.40071e-03	2.15538	0.99520	2.31180e-05
1.25781e+03	3.48204e-02	1.47015e-03	1.39953	2.53850	2.31180e-05
1.30440e+03	3.48100e-02	1.48394e-03	2.76035	1.95165	2.31180e-05
1.35098e+03	3.48084e-02	6.46510e-04	5.25142	0.25650	2.31180e-05
1.39757e+03	3.48186e-02	9.50646e-04	1.60766	4.71582	2.31180e-05
1.44416e+03	3.48193e-02	1.54089e-03	1.67122	5.46460	2.31180e-05
1.49074e+03	3.48192e-02	4.50177e-04	2.83219	5.09828	2.31180e-05
1.53733e+03	3.48225e-02	9.85044e-04	0.57290	1.87609	2.31180e-05
1.58391e+03	3.48197e-02	3.01276e-03	2.19295	1.05882	2.31180e-05
1.63050e+03	3.48182e-02	1.72390e-03	0.34008	3.66628	2.31180e-05
1.67708e+03	3.48220e-02	1.97487e-03	0.00417	4.81764	2.31180e-05
1.72367e+03	3.48212e-02	2.40852e-03	5.33184	0.29052	2.31180e-05
1.77026e+03	3.48205e-02	1.01865e-03	0.88034	5.57574	2.31180e-05
1.81684e+03	3.48188e-02	3.72666e-03	1.74686	5.56039	2.31180e-05
1.86343e+03	3.48151e-02	5.87355e-04	1.60566	0.26531	2.31180e-05
1.91001e+03	3.48203e-02	3.11789e-03	6.13036	2.88734	2.31180e-05
1.95660e+03	3.48241e-02	3.35699e-03	4.86982	5.03260	2.31180e-05
2.00318e+03	3.48152e-02	2.85414e-03	3.77386	0.74757	2.31180e-05
2.04977e+03	3.48284e-02	2.28946e-03	2.63963	2.78894	2.31180e-05
2.09636e+03	3.48105e-02	1.57928e-03	0.80687	5.56168	2.31180e-05
2.14294e+03	3.48256e-02	4.13545e-03	6.03379	0.99538	2.31180e-05
2.18953e+03	3.48115e-02	1.49912e-03	4.68983	2.86820	2.31180e-05
2.23611e+03	3.48269e-02	2.89318e-03	3.37606	4.63576	2.31180e-05
2.28270e+03	3.48051e-02	4.02423e-03	1.03362	1.20249	2.31180e-05
2.32928e+03	3.48180e-02	5.77724e-03	5.44973	3.52040	2.31180e-05
2.37587e+03	3.48055e-02	5.41705e-03	4.14471	5.29927	2.31180e-05
2.42245e+03	3.48064e-02	2.60729e-03	3.47556	0.23761	2.31180e-05
2.46904e+03	3.48199e-02	1.93723e-03	0.81473	3.45860	2.31180e-05
2.51563e+03	3.48109e-02	4.64197e-03	4.77335	6.27546	2.31180e-05
2.56221e+03	3.48261e-02	2.61556e-03	1.34587	3.79276	2.31180e-05
2.60880e+03	3.48130e-02	4.65466e-03	5.62618	4.32217	2.31180e-05
2.65538e+03	3.48177e-02	3.69130e-03	2.87345	4.78839	2.31180e-05
2.70197e+03	3.48235e-02	5.02926e-03	1.57270	3.88827	2.31180e-05
2.74855e+03	3.48269e-02	4.38333e-03	0.92011	2.28358	2.31180e-05
2.79514e+03	3.48211e-02	3.74170e-03	1.28802	5.94914	2.31180e-05
2.84173e+03	3.48153e-02	2.61364e-03	2.33533	2.66662	2.31180e-05
2.88831e+03	3.48169e-02	2.71227e-03	4.88668	4.21558	2.31180e-05
2.93490e+03	3.48248e-02	3.15012e-03	1.20097	5.65026	2.31180e-05
2.98148e+03	3.48281e-02	2.31876e-03	1.13296	1.47240	2.31180e-05
3.02807e+03	3.48152e-02	5.42151e-03	3.71221	5.98140	2.31180e-05
3.07465e+03	3.48613e-02	1.06652e-02	0.54072	1.18124	2.31180e-05
3.12124e+03	3.48610e-02	3.01525e-03	5.27011	2.45816	2.31180e-05
3.16783e+03	3.48188e-02	9.25118e-03	5.65396	2.95741	2.31180e-05
3.21441e+03	3.48502e-02	1.02489e-03	0.63424	2.85117	2.31180e-05
3.26100e+03	3.48752e-02	1.06612e-02	1.17496	5.84430	2.31180e-05
3.30758e+03	3.49041e-02	9.74496e-03	5.77226	0.20919	2.31180e-05
3.35417e+03	3.48418e-02	4.37546e-03	2.38316	2.85559	2.31180e-05
3.40075e+03	3.48173e-02	1.16539e-02	4.99734	2.37319	2.31180e-05
3.44734e+03	3.48245e-02	2.48120e-02	3.55189	6.00638	2.31180e-05
3.49393e+03	3.48542e-02	1.10738e-02	4.11419	5.73425	2.31180e-05
3.54051e+03	3.48559e-02	7.63277e-03	2.55844	1.09556	2.31180e-05
3.58710e+03	3.48298e-02	3.91136e-03	5.88527	4.10365	2.31180e-05
3.63368e+03	3.48066e-02	2.32764e-02	6.15036	5.98442	2.31180e-05
3.68027e+03	3.47847e-02	1.80427e-02	0.28120	4.50319	2.31180e-05
3.72685e+03	3.48175e-02	1.35135e-02	4.15922	6.15209	2.31180e-05
3.77344e+03	3.48113e-02	1.75683e-02	5.29047	1.15919	2.31180e-05
3.82002e+03	3.48154e-02	1.99733e-02	0.88816	2.16166	2.31180e-05
3.86661e+03	3.47908e-02	2.03582e-02	1.44638	0.81491	2.31180e-05
3.91320e+03	3.48210e-02	1.17457e-02	5.95665	3.66193	2.31180e-05
3.95978e+03	3.48230e-02	9.02979e-03	4.13406	3.45787	2.31180e-05
4.00637e+03	3.47819e-02	2.42686e-02	2.58651	4.28274	2.31180e-05
4.05295e+03	3.47832e-02	2.28098e-02	5.71879	3.15623	2.31180e-05
4.09954e+03	3.48069e-02	1.37381e-02	3.45209	3.92191	2.31180e-05
4.14612e+03	3.47771e-02	8.14105e-03	5.08611	3.20967	2.31180e-05
4.19271e+03	3.47529e-02	2.18274e-02	3.37581	2.50366	2.31180e-05
4.23930e+03	3.47749e-02	2.29421e-02	2.21677	4.25426	2.31180e-05
4.28588e+03	3.47648e-02	1.65276e-02	0.47851	3.14744	2.31180e-05
4.33247e+03	3.47455e-02	2.47544e-02	0.17647	3.53589	2.31180e-05
4.37905e+03	3.47706e-02	1.19831e-02	1.61588	4.87393	2.31180e-05
4.42564e+03	3.47658e-02	1.55894e-02	2.72905	3.25576	2.31180e-05
4.47222e+03	3.47152e-02	1.10081e-02	3.88067	4.53661	2.31180e-05
4.51881e+03	3.47366e-02	2.13440e-02	2.27665	5.86965	2.31180e-05
4.56540e+03	3.47327e-02	2.83562e-02	6.27888	0.68411	2.31180e-05
4.61198e+03	3.47479e-02	2.27244e-02	0.16731	2.22452	2.31180e-05
4.65857e+03	3.47296e-02	8.85976e-03	0.46507	0.62433	2.31180e-05
4.70515e+03	3.47327e-02	2.13614e-02	0.99000	0.39488	2.31180e-05
4.75174e+03	3.47132e-02	1.52736e-02	6.24178	5.83466	2.31180e-05
4.79832e+03	3.47309e-02	3.09982e-02	1.39483	3.18377	2.31180e-05
4.84491e+03	3.47005e-02	3.71296e-02	2.61560	2.70999	2.31180e-05
4.89150e+03	3.47048e-02	2.25411e-02	0.10073	1.39398	2.31180e-05
4.93808e+03	3.46916e-02	6.59377e-03	2.05764	5.17368	2.31180e-05
4.98467e+03	3.46640e-02	1.47496e-02	1.05196	3.97835	2.31180e-05
5.03125e+03	3.46634e-02	1.51612e-02	0.21891	5.76905	2.31180e-05
5.07784e+03	3.46743e-02	3.77365e-02	2.75231	1.27058	2.31180e-05
5.12442e+03	3.46796e-02	4.86968e-02	3.33541	0.36978	2.31180e-05
5.17101e+03	3.47101e-02	2.50532e-02	4.32403	1.22399	2.31180e-05
5.21759e+03	3.46720e-02	4.94999e-02	2.40923	1.39316	2.31180e-05
5.26418e+03	3.46232e-02	1.83443e-02	2.44023	4.05731	2.31180e-05
5.31077e+03	3.45961e-02	4.82638e-02	2.94695	4.33090	2.31180e-05
5.35735e+03	3.46351e-02	3.48258e-02	2.26582	1.85876	2.31180e-05
5.40394e+03	3.46802e-02	2.58808e-02	0.47851	2.56161	2.31180e-05
5.45052e+03	3.46123e-02	3.22914e-02	0.58146	6.24926	2.31180e-05
5.49711e+03	3.45860e-02	1.59417e-02	3.93492	5.46739	2.31180e-05
5.54369e+03	3.46528e-02	3.97231e-02	4.42592	4.73264	2.31180e-05
5.59028e+03	3.46034e-02	2.10739e-02	4.90086	2.54724	2.31180e-05
5.63687e+03	3.45808e-02	1.42069e-02	3.73748	1.24194	2.31180e-05
5.68345e+03	3.46593e-02	2.95861e-02	6.03540	5.94121	2.31180e-05
5.73004e+03	3.45670e-02	3.26298e-02	1.40863	3.32418	2.31180e-05
5.77662e+03	3.45886e-02	2.10185e-02	1.51783	0.80878	2.31180e-05
5.82321e+03	3.45862e-02	1.53973e-02	2.62396	0.14034	2.31180e-05
5.86979e+03	3.45281e-02	3.95914e-02	3.77922	4.54207	2.31180e-05
5.91638e+03	3.46127e-02	2.16877e-02	3.14763	2.19519	2.31180e-05
5.96297e+03	3.45215e-02	1.82236e-02	4.93259	1.00294	2.31180e-05
6.00955e+03	3.45608e-02	3.13811e-02	5.68444	6.23740	2.31180e-05
6.05614e+03	3.45757e-02	2.35944e-02	4.93350	3.43563	2.31180e-05
6.10272e+03	3.44869e-02	2.54977e-02	1.40525	2.27368	2.31180e-05
6.14931e+03	3.45694e-02	2.62805e-02	0.69031	1.82260	2.31180e-05
6.19589e+03	3.44796e-02	3.40112e-02	0.22154	5.44456	2.31180e-05
6.24248e+03	3.45039e-02	1.52907e-02	2.73370	4.68129	2.31180e-05
6.28907e+03	3.45024e-02	4.19515e-02	1.88255	3.75301	2.31180e-05
6.33565e+03	3.44543e-02	2.95135e-02	1.60491	1.69748	2.31180e-05
6.38224e+03	3.44985e-02	7.78329e-03	2.70730	1.17127	2.31180e-05
6.42882e+03	3.44222e-02	4.48181e-02	3.83693	5.81113	2.31180e-05
6.47541e+03	3.45056e-02	1.13352e-02	2.83646	3.91264	2.31180e-05
6.52199e+03	3.44278e-02	3.55798e-02	3.75921	3.80004	2.31180e-05
6.56858e+03	3.44954e-02	3.30411e-02	5.42316	1.83552	2.31180e-05
6.61516e+03	3.44194e-02	1.58952e-02	2.88717	0.94889	2.31180e-05
6.66175e+03	3.44422e-02	3.09745e-02	5.03866	0.45792	2.31180e-05
6.70834e+03	3.44266e-02	2.48831e-02	5.31060	4.68645	2.31180e-05
6.75492e+03	3.44445e-02	2.78945e-02	1.82922	5.24364	2.31180e-05
6.80151e+03	3.44058e-02	3.66738e-02	3.35365	3.88575	2.31180e-05
6.84809e+03	3.44252e-02	1.32332e-02	2.72096	4.02017	2.31180e-05
6.89468e+03	3.43880e-02	3.04283e-02	0.94976	2.10559	2.31180e-05
6.94126e+03	3.44211e-02	2.82304e-02	3.73788	0.72239	2.31180e-05
6.98785e+03	3.43678e-02	2.22189e-02	4.15996	0.11629	2.31180e-05
7.03444e+03	3.43981e-02	2.67945e-02	5.78874	4.40748	2.31180e-05
7.08102e+03	3.43596e-02	3.29340e-02	0.56458	1.67012	2.31180e-05
7.12761e+03	3.43389e-02	2.72880e-02	4.91523	4.01143	2.31180e-05
7.17419e+03	3.43098e-02	4.15256e-02	4.18662	2.02155	2.31180e-05
7.22078e+03	3.43441e-02	2.01642e-02	4.40718	0.62275	2.31180e-05
7.26736e+03	3.43489e-02	1.00648e-02	4.98924	0.31560	2.31180e-05
7.31395e+03	3.42429e-02	4.22766e-02	6.28191	5.82226	2.31180e-05
7.36054e+03	3.42897e-02	2.86777e-02	3.48914	2.50951	2.31180e-05
7.40712e+03	3.42484e-02	3.11568e-02	4.25592	4.46533	2.31180e-05
7.45371e+03	3.42289e-02	3.05946e-02	3.62744	4.71907	2.31180e-05
7.50029e+03	3.42624e-02	2.48338e-02	1.97610	4.04099	2.31180e-05
7.54688e+03	3.42975e-02	1.45520e-02	0.14654	5.11487	2.31180e-05
7.59346e+03	3.42553e-02	1.89653e-02	4.89939	2.52201	2.31180e-05
7.64005e+03	3.43107e-02	4.37232e-02	1.57666	2.16841	2.31180e-05
7.68664e+03	3.43284e-02	2.77422e-02	0.92678	3.33798	2.31180e-05
7.73322e+03	3.43641e-02	4.28472e-02	0.08904	0.85940	2.31180e-05
7.77981e+03	3.43334e-02	4.25842e-02	0.74267	5.02664	2.31180e-05
7.82639e+03	3.42852e-02	4.59648e-02	5.30747	2.57539	2.31180e-05
7.87298e+03	3.42382e-02	4.88871e-02	3.41445	0.37038	2.31180e-05
7.91956e+03	3.42432e-02	5.41910e-02	5.36782	4.26710	2.31180e-05
7.96615e+03	3.41987e-02	3.36588e-02	5.88481	2.41452	2.31180e-05
8.01273e+03	3.42851e-02	2.04292e-02	0.87526	3.93004	2.31180e-05
8.05932e+03	3.42456e-02	6.35188e-02	0.75003	3.31055	2.31180e-05
8.10591e+03	3.42656e-02	1.35448e-02	0.59255	4.21419	2.31180e-05
8.15249e+03	3.42370e-02	4.39300e-02	0.46008	5.82340	2.31180e-05
8.19908e+03	3.42878e-02	2.79336e-02	6.05308	2.23166	2.31180e-05
8.24566e+03	3.41794e-02	5.52260e-02	3.46082	3.60275	2.31180e-05
8.29225e+03	3.42516e-02	4.46679e-02	0.73789	6.02277	2.31180e-05
8.33883e+03	3.41911e-02	4.99488e-02	4.32504	5.36963	2.31180e-05
8.38542e+03	3.42235e-02	1.16119e-02	5.65180	5.60843	2.31180e-05
8.43201e+03	3.42574e-02	3.84336e-02	4.21457	0.21964	2.31180e-05
8.47859e+03	3.42263e-02	1.15092e-02	2.62591	5.76247	2.31180e-05
8.52518e+03	3.43108e-02	3.05249e-02	0.46578	2.02546	2.31180e-05
8.57176e+03	3.42286e-02	6.67607e-02	6.22554	4.87541	2.31180e-05
8.61835e+03	3.42196e-02	4.61374e-02	2.82219	1.49256	2.31180e-05
8.66493e+03	3.41979e-02	1.98033e-02	3.82883	4.91227	2.31180e-05
8.71152e+03	3.41748e-02	8.00710e-02	0.81793	2.16679	2.31180e-05
8.75811e+03	3.42979e-02	4.00711e-02	4.14948	2.89867	2.31180e-05
8.80469e+03	3.42472e-02	6.27891e-02	0.94458	4.86155	2.31180e-05
8.85128e+03	3.41536e-02	2.31559e-02	4.25467	3.80882	2.31180e-05
8.89786e+03	3.41653e-02	1.39753e-02	1.89950	4.12658	2.31180e-05
8.94445e+03	3.41462e-02	8.24919e-02	1.57009	0.01103	2.31180e-05
8.99103e+03	3.40905e-02	3.33413e-02	3.63412	1.43212	2.31180e-05
9.03762e+03	3.42492e-02	5.41811e-02	2.41968	1.30312	2.31180e-05
9.08421e+03	3.41033e-02	2.70041e-02	5.02392	3.14449	2.31180e-05
9.13079e+03	3.41402e-02	7.90050e-02	1.85178	2.95229	2.31180e-05
9.17738e+03	3.40863e-02	4.96751e-02	0.03800	2.73783	2.31180e-05
9.22396e+03	3.40562e-02	3.12496e-02	2.92639	4.23604	2.31180e-05
9.27055e+03	3.40490e-02	2.89353e-02	2.12474	0.55715	2.31180e-05
9.31713e+03	3.40622e-02	3.21069e-02	1.62308	5.59704	2.31180e-05
9.36372e+03	3.39422e-02	1.63818e-02	2.06767	3.97401	2.31180e-05
9.41030e+03	3.39192e-02	5.38211e-02	1.72859	4.83283	2.31180e-05
9.45689e+03	3.40567e-02	1.67470e-02	0.06469	5.27557	2.31180e-05
9.50348e+03	3.40315e-02	3.53203e-02	1.80542	3.36050	2.31180e-05
9.55006e+03	3.39262e-02	6.18708e-02	1.14942	6.12896	2.31180e-05
9.59665e+03	3.40066e-02	5.20789e-02	3.88993	5.20681	2.31180e-05
9.64323e+03	3.38823e-02	7.55064e-02	0.13612	0.76951	2.31180e-05
9.68982e+03	3.38998e-02	4.00332e-02	2.76945	2.12851	2.31180e-05
9.73640e+03	3.38507e-02	4.28132e-02	1.92305	2.78160	2.31180e-05
9.78299e+03	3.39027e-02	4.72828e-02	4.68856	2.15745	2.31180e-05
9.82958e+03	3.40321e-02	3.82544e-02	0.04316	2.37204	2.31180e-05
9.87616e+03	3.37905e-02	5.16073e-02	1.34648	5.13637	2.31180e-05
9.92275e+03	3.39538e-02	3.03931e-02	5.14589	3.43112	2.31180e-05
9.96933e+03	3.37925e-02	1.92404e-03	3.27095	5.61116	2.31180e-05
1.00159e+04	3.38292e-02	2.53029e-02	5.68965	4.51923	2.31180e-05
1.00625e+04	3.38131e-02	4.78260e-02	2.93815	4.27643	2.31180e-05
1.01091e+04	3.37824e-02	5.39671e-02	0.41452	5.25938	2.31180e-05
1.01557e+04	3.37587e-02	3.92517e-02	3.34107	6.27136	2.31180e-05
1.02023e+04	3.37493e-02	2.97170e-02	4.81216	0.91454	2.31180e-05
1.02488e+04	3.36843e-02	2.88344e-02	4.55345	0.27221	2.31180e-05
1.02954e+04	3.36679e-02	2.89193e-02	2.61415	1.45553	2.31180e-05
1.03420e+04	3.36734e-02	1.46238e-02	3.18385	0.79764	2.31180e-05
1.03886e+04	3.36540e-02	4.50401e-02	4.56586	2.50359	2.31180e-05
1.04352e+04	3.36667e-02	3.93775e-02	2.69486	2.55012	2.31180e-05
1.04818e+04	3.37432e-02	3.55251e-02	5.22637	4.30316	2.31180e-05
1.05284e+04	3.37164e-02	2.59901e-02	0.85216	1.21817	2.31180e-05
1.05749e+04	3.37505e-02	4.42147e-02	3.17882	4.31475	2.31180e-05
1.06215e+04	3.36708e-02	2.93214e-02	2.70481	4.47576	2.31180e-05
1.06681e+04	3.37074e-02	3.25913e-02	0.49860	3.04546	2.31180e-05
1.07147e+04	3.36777e-02	4.97052e-02	5.16700	5.64593	2.31180e-05
1.07613e+04	3.36344e-02	5.02129e-02	4.27794	0.91723	2.31180e-05
1.08079e+04	3.36932e-02	2.68803e-02	5.42579	0.52251	2.31180e-05
1.08545e+04	3.35531e-02	8.62500e-03	3.40446	0.55965	2.31180e-05
1.09010e+04	3.36886e-02	1.60695e-02	2.69260	2.21980	2.31180e-05
1.09476e+04	3.35663e-02	1.75602e-02	0.92223	4.95657	2.31180e-05
1.09942e+04	3.36316e-02	1.98643e-02	1.23218	2.77703	2.31180e-05
1.10408e+04	3.36928e-02	2.72917e-02	5.88605	3.80523	2.31180e-05
1.10874e+04	3.36333e-02	1.06909e-02	3.19969	1.26429	2.31180e-05
1.11340e+04	3.35935e-02	2.97298e-02	6.25794	2.08307	2.31180e-05
1.11806e+04	3.35660e-02	2.53665e-02	3.68645	3.07099	2.31180e-05
1.12271e+04	3.35623e-02	3.99062e-02	0.83595	3.32320	2.31180e-05
1.12737e+04	3.35110e-02	3.52336e-02	4.70104	4.97045	2.31180e-05
1.13203e+04	3.34702e-02	3.79055e-02	4.99042	5.44277	2.31180e-05
1.13669e+04	3.34497e-02	2.65548e-02	5.93885	5.08746	2.31180e-05
1.14135e+04	3.34775e-02	9.90237e-03	3.21915	0.53138	2.31180e-05
1.14601e+04	3.34409e-02	1.10933e-02	0.83209	3.19613	2.31180e-05
1.15067e+04	3.34782e-02	1.35696e-02	3.95143	6.17505	2.31180e-05
1.15532e+04	3.34404e-02	2.10614e-02	0.40183	5.02914	2.31180e-05
1.15998e+04	3.34312e-02	3.01717e-02	4.68023	0.35438	2.31180e-05
1.16464e+04	3.34543e-02	2.00086e-02	1.44774	1.57189	2.31180e-05
1.16930e+04	3.33663e-02	2.46592e-02	1.90564	2.69996	2.31180e-05
1.17396e+04	3.33866e-02	3.10884e-03	4.19241	5.86459	2.31180e-05
1.17862e+04	3.33684e-02	1.28913e-02	4.70799	2.01467	2.31180e-05
1.18328e+04	3.33918e-02	2.25459e-02	5.08139	3.97978	2.31180e-05
1.18793e+04	3.32951e-02	1.91045e-02	3.38912	5.54741	2.31180e-05
1.19259e+04	3.33104e-02	1.35419e-02	4.67622	2.60819	2.31180e-05
1.19725e+04	3.33139e-02	1.39687e-02	5.81397	4.27427	2.31180e-05
1.20191e+04	3.32841e-02	2.08225e-02	0.56886	3.59783	2.31180e-05
1.20657e+04	3.32549e-02	2.33023e-02	1.60362	4.45599	2.31180e-05
1.21123e+04	3.32872e-02	5.33849e-03	1.27239	0.49040	2.31180e-05
1.21589e+04	3.32611e-02	1.12630e-02	2.51353	0.85204	2.31180e-05
1.22054e+04	3.32661e-02	1.88831e-02	1.72805	0.49015	2.31180e-05
1.22520e+04	3.32476e-02	1.17577e-02	3.77592	0.83735	2.31180e-05
1.22986e+04	3.31941e-02	2.36383e-02	4.61587	1.15553	2.31180e-05
1.23452e+04	3.32087e-02	1.08720e-02	3.26789	2.12005	2.31180e-05
1.23918e+04	3.31557e-02	1.42535e-02	1.24575	1.95279	2.31180e-05
1.24384e+04	3.31731e-02	1.27045e-02	5.15689	2.04614	2.31180e-05
1.24850e+04	3.31742e-02	1.92526e-02	0.68766	2.97265	2.31180e-05
1.25315e+04	3.31214e-02	1.11338e-02	5.81225	2.39994	2.31180e-05
1.25781e+04	3.31043e-02	1.23687e-02	1.87014	3.31741	2.31180e-05
1.26247e+04	3.30823e-02	6.02301e-03	2.73282	3.28641	2.31180e-05
1.26713e+04	3.30963e-02	2.26151e-03	6.20359	3.28493	2.31180e-05
1.27179e+04	3.30835e-02	1.59792e-02	2.66418	4.90420	2.31180e-05
1.27645e+04	3.30878e-02	1.82554e-02	6.22793	4.64778	2.31180e-05
1.28111e+04	3.30683e-02	1.50160e-02	0.11615	4.52379	2.31180e-05
1.28576e+04	3.30367e-02	3.97130e-03	3.09994	6.13247	2.31180e-05
1.29042e+04	3.30570e-02	1.27154e-02	3.09836	6.25045	2.31180e-05
1.29508e+04	3.30211e-02	2.32209e-02	5.74450	0.07589	2.31180e-05
1.29974e+04	3.29968e-02	9.84671e-03	5.59341	5.74385	2.31180e-05
1.30440e+04	3.29894e-02	1.48817e-02	4.95299	1.80517	2.31180e-05
1.30906e+04	3.29575e-02	2.23301e-02	4.94405	0.54455	2.31180e-05
1.31372e+04	3.29565e-02	1.76539e-02	2.52124	4.22068	2.31180e-05
1.31837e+04	3.29531e-02	3.03640e-02	1.59570	2.42296	2.31180e-05
1.32303e+04	3.29262e-02	2.02252e-02	3.90771	0.87682	2.31180e-05
1.32769e+04	3.29042e-02	2.51993e-02	2.79023	4.19564	2.31180e-05
1.33235e+04	3.28888e-02	2.97172e-02	2.52065	2.65018	2.31180e-05
1.33701e+04	3.28947e-02	4.60366e-03	5.81459	5.62812	2.31180e-05
1.34167e+04	3.28797e-02	2.66916e-02	2.94619	3.83454	2.31180e-05
1.34633e+04	3.28725e-02	1.68513e-02	2.62189	1.40975	2.31180e-05
1.35098e+04	3.28563e-02	2.95092e-02	3.67717	5.25899	2.31180e-05
1.35564e+04	3.28490e-02	3.57773e-02	5.79749	3.51898	2.31180e-05
1.36030e+04	3.28346e-02	3.14372e-02	4.60889	0.92564	2.31180e-05
1.36496e+04	3.28142e-02	4.27042e-02	4.80461	4.92728	2.31180e-05
1.36962e+04	3.28113e-02	2.25280e-02	0.23853	2.43172	2.31180e-05
1.37428e+04	3.27911e-02	3.63886e-02	4.37299	6.22719	2.31180e-05
1.37894e+04	3.27833e-02	1.43274e-02	4.32818	3.64053	2.31180e-05
1.38359e+04	3.27619e-02	3.64336e-02	0.10378	0.97515	2.31180e-05
1.38825e+04	3.27493e-02	2.35178e-02	3.89458	4.69002	2.31180e-05
1.39291e+04	3.27276e-02	4.37154e-02	3.24603	2.01860	2.31180e-05
1.39757e+04	3.27419e-02	2.62949e-02	4.59867	5.76606	2.31180e-05
1.40223e+04	3.27151e-02	4.35764e-02	4.10269	2.89927	2.31180e-05
1.40689e+04	3.27166e-02	2.85850e-02	5.32296	0.30004	2.31180e-05
1.41155e+04	3.26858e-02	3.28551e-02	3.87331	3.51338	2.31180e-05
1.41620e+04	3.26748e-02	2.48296e-02	3.62804	0.94890	2.31180e-05
1.42086e+04	3.26769e-02	3.27736e-02	5.98741	3.96701	2.31180e-05
1.42552e+04	3.26631e-02	2.24641e-02	2.22979	1.08849	2.31180e-05
1.43018e+04	3.26528e-02	3.55308e-02	6.16828	4.14158	2.31180e-05
1.43484e+04	3.26445e-02	2.48133e-02	2.35461	1.12081	2.31180e-05
1.43950e+04	3.26568e-02	3.29016e-02	5.90074	4.96790	2.31180e-05
1.44416e+04	3.26480e-02	2.42049e-02	1.75364	1.89110	2.31180e-05
1.44881e+04	3.26056e-02	3.33033e-02	5.38855	5.30515	2.31180e-05
1.45347e+04	3.26060e-02	2.27178e-02	3.89337	2.24005	2.31180e-05
1.45813e+04	3.25954e-02	2.84945e-02	3.12197	5.46868	2.31180e-05
1.46279e+04	3.25856e-02	2.26662e-02	0.77145	2.49350	2.31180e-05
1.46745e+04	3.25831e-02	2.18892e-02	0.26423	5.92561	2.31180e-05
1.47211e+04	3.25663e-02	2.63726e-02	1.49700	2.20716	2.31180e-05
1.47677e+04	3.25694e-02	3.11816e-02	4.45804	0.46811	2.31180e-05
1.48142e+04	3.25402e-02	2.71772e-02	3.28633	3.52083	2.31180e-05
1.48608e+04	3.25679e-02	2.76791e-02	3.46641	1.35091	2.31180e-05
1.49074e+04	3.25227e-02	1.84309e-02	3.16913	3.89876	2.31180e-05
1.49540e+04	3.25498e-02	6.70708e-03	1.43525	1.73586	2.31180e-05
1.50006e+04	3.25246e-02	5.17110e-03	0.00543	3.64401	2.31180e-05
1.50472e+04	3.25165e-02	2.74888e-02	0.51705	2.70774	2.31180e-05
1.50938e+04	3.25157e-02	3.64672e-03	3.41943	5.90222	2.31180e-05
1.51403e+04	3.25251e-02	3.25314e-02	0.14518	2.94074	2.31180e-05
1.51869e+04	3.25127e-02	5.21883e-03	3.19713	5.78527	2.31180e-05
1.52335e+04	3.24949e-02	3.69443e-02	2.09443	3.09238	2.31180e-05
1.52801e+04	3.24908e-02	2.44019e-02	5.23468	1.13991	2.31180e-05
1.53267e+04	3.24863e-02	2.87784e-02	4.04106	5.11844	2.31180e-05
1.53733e+04	3.24964e-02	2.68173e-02	2.44941	3.14584	2.31180e-05
1.54199e+04	3.24911e-02	2.07860e-02	3.24026	1.57807	2.31180e-05
1.54664e+04	3.24840e-02	1.89070e-02	4.53769	6.22150	2.31180e-05
1.55130e+04	3.24599e-02	2.47718e-02	6.04948	4.00304	2.31180e-05
1.55596e+04	3.24717e-02	1.57508e-02	5.31247	1.60073	2.31180e-05
1.56062e+04	3.24183e-02	1.74985e-02	2.43724	5.11383	2.31180e-05
1.56528e+04	3.24381e-02	1.18465e-02	1.49401	1.52680	2.31180e-05
1.56994e+04	3.24409e-02	3.06986e-02	1.53655	0.07956	2.31180e-05
1.57460e+04	3.24308e-02	2.58323e-02	1.11149	5.02195	2.31180e-05
1.57925e+04	3.24917e-02	1.80169e-02	2.09862	5.83407	2.31180e-05
1.58391e+04	3.24752e-02	2.49054e-02	0.76813	0.78209	2.31180e-05
1.58857e+04	3.24357e-02	4.54756e-03	5.86808	6.02789	2.31180e-05
1.59323e+04	3.24455e-02	7.88130e-03	6.24156	1.62149	2.31180e-05
1.59789e+04	3.24609e-02	9.10509e-03	2.17561	2.50212	2.31180e-05
1.60255e+04	3.24574e-02	2.97428e-02	1.14484	3.38750	2.31180e-05
1.60721e+04	3.24690e-02	5.84777e-03	0.97555	4.70478	2.31180e-05
1.61186e+04	3.24191e-02	2.63334e-02	2.99873	4.55756	2.31180e-05
1.61652e+04	3.24534e-02	1.31250e-02	3.46388	5.04860	2.31180e-05
1.62118e+04	3.24078e-02	2.76898e-02	5.41827	4.73254	2.31180e-05
1.62584e+04	3.23589e-02	5.28078e-03	3.01915	4.28953	2.31180e-05
1.63050e+04	3.23947e-02	1.85637e-02	6.07215	3.03072	2.31180e-05
1.63516e+04	3.23498e-02	1.37577e-02	1.15688	1.49088	2.31180e-05
1.63982e+04	3.23696e-02	1.89451e-02	2.22478	0.51303	2.31180e-05
1.64447e+04	3.23594e-02	2.46568e-02	4.97469	1.65010	2.31180e-05
1.64913e+04	3.23835e-02	4.04156e-03	4.02729	1.98740	2.31180e-05
1.65379e+04	3.23455e-02	1.36878e-02	3.91755	2.89839	2.31180e-05
1.65845e+04	3.23107e-02	4.02628e-03	2.58836	1.11300	2.31180e-05
1.66311e+04	3.23630e-02	1.58371e-02	2.97248	2.34867	2.31180e-05
1.66777e+04	3.23172e-02	1.51892e-02	2.77639	4.12941	2.31180e-05
1.67243e+04	3.22731e-02	2.41275e-02	1.88911	2.61259	2.31180e-05
1.67708e+04	3.23915e-02	7.96399e-03	5.78283	1.41933	2.31180e-05
1.68174e+04	3.23086e-02	2.01960e-02	3.22767	5.89433	2.31180e-05
1.68640e+04	3.23121e-02	2.49076e-02	1.74306	2.68358	2.31180e-05
1.69106e+04	3.22555e-02	1.94556e-02	0.37913	1.08760	2.31180e-05
1.69572e+04	3.22456e-02	1.02447e-02	0.63904	5.51582	2.31180e-05
1.70038e+04	3.22516e-02	7.22233e-03	4.49692	4.34193	2.31180e-05
1.70504e+04	3.22434e-02	5.11649e-03	4.23993	0.41682	2.31180e-05
1.70969e+04	3.22056e-02	1.34164e-02	4.43372	1.48855	2.31180e-05
1.71435e+04	3.22168e-02	1.75917e-02	5.22258	0.31767	2.31180e-05
1.71901e+04	3.22056e-02	1.16153e-02	4.04463	5.30845	2.31180e-05
1.72367e+04	3.22092e-02	2.51158e-02	0.11683	1.82546	2.31180e-05
1.72833e+04	3.22710e-02	7.60338e-03	1.06509	1.66527	2.31180e-05
1.73299e+04	3.22344e-02	1.23257e-02	3.75135	4.58965	2.31180e-05
1.73765e+04	3.22057e-02	1.82506e-02	3.78315	1.17180	2.31180e-05
1.74230e+04	3.21857e-02	7.30769e-03	6.01993	2.44962	2.31180e-05
1.74696e+04	3.22110e-02	7.03239e-03	0.21577	4.44603	2.31180e-05
1.75162e+04	3.22097e-02	6.11179e-03	3.19459	0.33005	2.31180e-05
1.75628e+04	3.21997e-02	1.83079e-02	2.72287	5.93423	2.31180e-05
1.76094e+04	3.21659e-02	3.59295e-03	1.29230	4.62840	2.31180e-05
1.76560e+04	3.21305e-02	3.11709e-02	3.57456	2.43163	2.31180e-05
1.77026e+04	3.21904e-02	5.08417e-03	1.87713	2.85473	2.31180e-05
1.77491e+04	3.21586e-02	1.15418e-02	2.81482	6.05568	2.31180e-05
1.77957e+04	3.21193e-02	2.93758e-02	1.86189	2.41248	2.31180e-05
1.78423e+04	3.21390e-02	2.39934e-02	5.44022	3.42848	2.31180e-05
1.78889e+04	3.20987e-02	1.88952e-02	2.05885	5.98482	2.31180e-05
1.79355e+04	3.21507e-02	1.15487e-02	6.02102	0.62958	2.31180e-05
1.79821e+04	3.20728e-02	2.12080e-02	4.41410	6.09653	2.31180e-05
1.80287e+04	3.21009e-02	2.08590e-02	2.85489	4.09231	2.31180e-05
1.80752e+04	3.20940e-02	6.54754e-03	1.80420	0.21593	2.31180e-05
1.81218e+04	3.20699e-02	8.20061e-03	3.75224	5.41076	2.31180e-05
1.81684e+04	3.20649e-02	1.25502e-02	1.18891	0.57907	2.31180e-05
1.82150e+04	3.20867e-02	2.04531e-02	5.94409	0.64931	2.31180e-05
1.82616e+04	3.20673e-02	1.59245e-02	1.52774	4.00580	2.31180e-05
1.83082e+04	3.20449e-02	2.43136e-02	5.86291	4.03663	2.31180e-05
1.83548e+04	3.20301e-02	5.51159e-03	0.80068	5.20276	2.31180e-05
1.84013e+04	3.20496e-02	1.77034e-02	5.65540	3.69059	2.31180e-05
1.84479e+04	3.20285e-02	2.78981e-02	6.27787	5.46017	2.31180e-05
1.84945e+04	3.20434e-02	2.46470e-02	2.41068	0.53608	2.31180e-05
1.85411e+04	3.19835e-02	3.38604e-02	1.21703	5.99103	2.31180e-05
1.85877e+04	3.20135e-02	2.17870e-02	3.33808	1.04498	2.31180e-05
1.86343e+04	3.20123e-02	4.41351e-03	1.79861	1.09560	2.31180e-05
1.86809e+04	3.19876e-02	9.22847e-03	1.59901	1.29566	2.31180e-05
1.87274e+04	3.20132e-02	2.94629e-03	1.89977	0.11660	2.31180e-05
1.87740e+04	3.19829e-02	1.84768e-02	1.47602	1.86136	2.31180e-05
1.88206e+04	3.19606e-02	3.34037e-02	0.64979	0.42548	2.31180e-05
1.88672e+04	3.19611e-02	3.08749e-02	4.35317	2.30589	2.31180e-05
1.89138e+04	3.19651e-02	1.62979e-02	5.49886	2.96149	2.31180e-05
1.89604e+04	3.19474e-02	1.85560e-02	0.82714	2.49483	2.31180e-05
1.90070e+04	3.19612e-02	1.00506e-02	0.31909	1.48546	2.31180e-05
1.90535e+04	3.19349e-02	1.84001e-02	4.47088	2.73364	2.31180e-05
1.91001e+04	3.19247e-02	1.97946e-02	2.46975	2.34688	2.31180e-05
1.91467e+04	3.19080e-02	2.05474e-02	3.55262	3.69951	2.31180e-05
1.91933e+04	3.19327e-02	2.03762e-02	4.48951	3.65690	2.31180e-05
1.92399e+04	3.18847e-02	1.93029e-02	4.97451	5.46103	2.31180e-05
1.92865e+04	3.19150e-02	1.69725e-02	5.66891	5.70507	2.31180e-05
1.93331e+04	3.19117e-02	1.31579e-02	5.68821	5.84706	2.31180e-05
1.93796e+04	3.19264e-02	1.00660e-02	5.14624	4.98154	2.31180e-05
1.94262e+04	3.19107e-02	1.36368e-02	1.22273	5.44710	2.31180e-05
1.94728e+04	3.18442e-02	9.78661e-03	3.29127	5.21000	2.31180e-05
1.95194e+04	3.18669e-02	3.17286e-02	2.57423	1.54016	2.31180e-05
1.95660e+04	3.19165e-02	4.02592e-03	4.20273	4.93631	2.31180e-05
1.96126e+04	3.18924e-02	4.24924e-03	3.35484	5.05798	2.31180e-05
1.96592e+04	3.18651e-02	1.91539e-02	3.95754	2.04385	2.31180e-05
1.97057e+04	3.18357e-02	2.16274e-02	5.74649	0.24918	2.31180e-05
1.97523e+04	3.18204e-02	2.96828e-02	3.80166	1.84980	2.31180e-05
1.97989e+04	3.18053e-02	2.65419e-02	4.83593	5.90844	2.31180e-05
1.98455e+04	3.18720e-02	2.36530e-02	5.01860	1.21193	2.31180e-05
1.98921e+04	3.17939e-02	1.72085e-02	4.14586	4.58045	2.31180e-05
1.99387e+04	3.18199e-02	3.03968e-02	6.03882	0.50033	2.31180e-05
1.99853e+04	3.17818e-02	1.58283e-02	5.56924	1.16377	2.31180e-05
2.00318e+04	3.17885e-02	4.17934e-02	2.74481	6.13641	2.31180e-05
2.00784e+04	3.17724e-02	2.43733e-02	5.34946	2.94076	2.31180e-05
2.01250e+04	3.17849e-02	3.59486e-02	0.51298	5.11167	2.31180e-05
2.01716e+04	3.17530e-02	2.40812e-02	3.63050	0.53870	2.31180e-05
2.02182e+04	3.17309e-02	2.67916e-02	2.04236	0.40284	2.31180e-05
2.02648e+04	3.17551e-02	2.53455e-02	4.07963	1.29593	2.31180e-05
2.03114e+04	3.17401e-02	3.15341e-02	6.12375	6.25851	2.31180e-05
2.03579e+04	3.17544e-02	6.06057e-03	5.93497	1.64091	2.31180e-05
2.04045e+04	3.17258e-02	2.12403e-02	0.07539	0.72832	2.31180e-05
2.04511e+04	3.17154e-02	1.30516e-02	2.95757	1.85561	2.31180e-05
2.04977e+04	3.17139e-02	1.71012e-02	4.92914	5.00160	2.31180e-05
2.05443e+04	3.17642e-02	2.57326e-02	0.54058	3.51788	2.31180e-05
2.05909e+04	3.16790e-02	1.92668e-02	4.30307	2.87357	2.31180e-05
2.06375e+04	3.16820e-02	3.78485e-02	2.49899	4.88601	2.31180e-05
2.06840e+04	3.16488e-02	2.27953e-02	4.81875	2.12185	2.31180e-05
2.07306e+04	3.16926e-02	4.52142e-03	0.95335	5.12717	2.31180e-05
2.07772e+04	3.16712e-02	2.80845e-02	4.88482	5.94487	2.31180e-05
2.08238e+04	3.16511e-02	1.75274e-02	6.13166	2.27789	2.31180e-05
2.08704e+04	3.16198e-02	2.87774e-02	4.04180	0.28098	2.31180e-05
2.09170e+04	3.16580e-02	3.02746e-02	2.23700	4.17563	2.31180e-05
2.09636e+04	3.16499e-02	2.22345e-02	1.07786	0.32252	2.31180e-05
2.10101e+04	3.16482e-02	1.44768e-02	4.98146	3.90317	2.31180e-05
2.10567e+04	3.16165e-02	2.93030e-02	2.14339	1.38972	2.31180e-05
2.11033e+04	3.16373e-02	2.72316e-02	1.75031	0.44228	2.31180e-05
2.11499e+04	3.16469e-02	1.50481e-02	1.93947	2.66032	2.31180e-05
2.11965e+04	3.15859e-02	2.47013e-02	5.11908	1.51413	2.31180e-05
2.12431e+04	3.16390e-02	3.40367e-02	5.39916	2.80497	2.31180e-05
2.12897e+04	3.16048e-02	3.13432e-02	4.69762	3.43865	2.31180e-05
2.13362e+04	3.15812e-02	9.67088e-03	4.17372	4.19777	2.31180e-05
2.13828e+04	3.15454e-02	6.19984e-03	2.36617	0.46729	2.31180e-05
2.14294e+04	3.15917e-02	7.28017e-03	3.60470	3.96181	2.31180e-05
2.14760e+04	3.15319e-02	3.22059e-02	4.73308	5.85532	2.31180e-05
2.15226e+04	3.15742e-02	3.14367e-02	0.15708	0.76593	2.31180e-05
2.15692e+04	3.15584e-02	1.39013e-02	4.04387	5.34256	2.31180e-05
2.16157e+04	3.15690e-02	1.83306e-02	2.67739	1.47971	2.31180e-05
2.16623e+04	3.15295e-02	3.45959e-02	1.85739	2.33558	2.31180e-05
2.17089e+04	3.15092e-02	3.18730e-02	5.35331	4.14224	2.31180e-05
2.17555e+04	3.15331e-02	8.60433e-03	3.09915	4.79956	2.31180e-05
2.18021e+04	3.15362e-02	1.24917e-02	4.77540	4.76671	2.31180e-05
2.18487e+04	3.14903e-02	3.28924e-02	1.06591	5.74316	2.31180e-05
2.18953e+04	3.15011e-02	3.24693e-02	5.91163	5.91184	2.31180e-05
2.19418e+04	3.14854e-02	2.65486e-02	2.76240	1.06937	2.31180e-05
2.19884e+04	3.14820e-02	9.24808e-03	4.64128	3.45835	2.31180e-05
2.20350e+04	3.14867e-02	2.33594e-02	1.82929	4.00849	2.31180e-05
2.20816e+04	3.14782e-02	1.55748e-02	0.08697	2.12636	2.31180e-05
2.21282e+04	3.14574e-02	2.49432e-02	1.68570	2.42473	2.31180e-05
2.21748e+04	3.14647e-02	2.31882e-02	3.99063	0.39911	2.31180e-05
2.22214e+04	3.14244e-02	1.86417e-02	0.89281	2.90686	2.31180e-05
2.22679e+04	3.14426e-02	2.48601e-02	0.67475	1.25762	2.31180e-05
2.23145e+04	3.14236e-02	1.27878e-02	6.19954	5.36793	2.31180e-05
2.23611e+04	3.14460e-02	2.79973e-02	3.96058	4.11986	2.31180e-05
2.24077e+04	3.13985e-02	2.91542e-02	2.55911	5.86172	2.31180e-05
2.24543e+04	3.13968e-02	1.22012e-02	2.53621	5.83776	2.31180e-05
2.25009e+04	3.13890e-02	3.65592e-02	0.00583	0.57889	2.31180e-05
2.25475e+04	3.14150e-02	1.38368e-02	1.14502	3.44998	2.31180e-05
2.25940e+04	3.13628e-02	1.00660e-02	3.51568	4.08847	2.31180e-05
2.26406e+04	3.13978e-02	2.64304e-02	4.39895	5.73786	2.31180e-05
2.26872e+04	3.13882e-02	2.81384e-02	2.00152	2.50165	2.31180e-05
2.27338e+04	3.13615e-02	2.59750e-02	3.51363	0.71017	2.31180e-05
2.27804e+04	3.13760e-02	2.81931e-03	5.89967	3.16791	2.31180e-05
2.28270e+04	3.13472e-02	1.36983e-02	5.03921	1.66915	2.31180e-05
2.28736e+04	3.13187e-02	2.22205e-02	5.38066	4.89253	2.31180e-05
2.29201e+04	3.13673e-02	2.28417e-02	3.14199	3.09568	2.31180e-05
2.29667e+04	3.13266e-02	2.74287e-02	0.69713	0.74240	2.31180e-05
2.30133e+04	3.13403e-02	3.04196e-02	4.20047	4.77068	2.31180e-05
2.30599e+04	3.13217e-02	1.97806e-02	5.81638	2.96324	2.31180e-05
2.31065e+04	3.13011e-02	8.06373e-03	1.04792	0.69206	2.31180e-05
2.31531e+04	3.13091e-02	1.23429e-02	1.36001	4.88434	2.31180e-05
2.31997e+04	3.12803e-02	7.64080e-03	0.93241	2.77079	2.31180e-05
2.32462e+04	3.12863e-02	1.07108e-02	5.51405	0.92737	2.31180e-05
2.32928e+04	3.12725e-02	2.03835e-02	1.15899	0.51925	2.31180e-05
2.33394e+04	3.12514e-02	1.65743e-02	1.74536	0.76521	2.31180e-05
2.33860e+04	3.12695e-02	3.76850e-03	1.57608	0.53330	2.31180e-05
2.34326e+04	3.12578e-02	1.82006e-02	5.63392	1.21238	2.31180e-05
2.34792e+04	3.12521e-02	2.41401e-02	3.37053	1.48070	2.31180e-05
2.35258e+04	3.12583e-02	2.88637e-02	5.69173	1.85704	2.31180e-05
2.35723e+04	3.12383e-02	3.95457e-02	0.85812	2.36222	2.31180e-05
2.36189e+04	3.12428e-02	2.19917e-02	0.90681	3.34090	2.31180e-05
2.36655e+04	3.12260e-02	1.42992e-02	5.29106	4.72363	2.31180e-05
2.37121e+04	3.12097e-02	1.96021e-02	2.20687	0.81198	2.31180e-05
2.37587e+04	3.12370e-02	1.88893e-02	5.53134	1.87194	2.31180e-05
2.38053e+04	3.11972e-02	1.74025e-02	0.57418	3.71291	2.31180e-05
2.38519e+04	3.11993e-02	1.90668e-02	6.15098	0.66991	2.31180e-05
2.38984e+04	3.12112e-02	2.54382e-02	5.68669	2.20225	2.31180e-05
2.39450e+04	3.11599e-02	2.38128e-02	3.61432	4.52572	2.31180e-05
2.39916e+04	3.11804e-02	1.06963e-02	3.67173	0.20193	2.31180e-05
2.40382e+04	3.11514e-02	2.78581e-02	2.87989	1.33481	2.31180e-05
2.40848e+04	3.11500e-02	2.32914e-02	4.92605	3.64957	2.31180e-05
2.41314e+04	3.11782e-02	2.65017e-02	0.81466	2.24605	2.31180e-05
2.41780e+04	3.11319e-02	2.23634e-02	4.63511	5.45628	2.31180e-05
2.42245e+04	3.11608e-02	2.91854e-02	2.18439	5.02987	2.31180e-05
2.42711e+04	3.11456e-02	2.29144e-02	3.02068	5.30328	2.31180e-05
2.43177e+04	3.11166e-02	1.74140e-02	4.97606	4.62505	2.31180e-05
2.43643e+04	3.11413e-02	2.87144e-02	2.36927	2.89480	2.31180e-05
2.44109e+04	3.11147e-02	2.45153e-02	2.40867	2.52300	2.31180e-05
2.44575e+04	3.11351e-02	1.29843e-02	4.03763	3.36117	2.31180e-05
2.45041e+04	3.11121e-02	1.67698e-02	2.18474	4.21354	2.31180e-05
2.45506e+04	3.11046e-02	1.82388e-02	5.33155	5.59290	2.31180e-05
2.45972e+04	3.10971e-02	1.86880e-02	2.28990	6.13330	2.31180e-05
2.46438e+04	3.10837e-02	2.34327e-02	4.93965	0.81453	2.31180e-05
2.46904e+04	3.10956e-02	2.74048e-02	0.72518	1.43974	2.31180e-05
2.47370e+04	3.10789e-02	3.24337e-02	1.39750	2.56952	2.31180e-05
2.47836e+04	3.10675e-02	3.15328e-02	1.54125	3.47288	2.31180e-05
2.48302e+04	3.10781e-02	3.39915e-02	0.26472	4.74585	2.31180e-05
2.48767e+04	3.10540e-02	2.84636e-02	4.69773	5.89722	2.31180e-05
2.49233e+04	3.10449e-02	2.98736e-02	1.58105	0.95170	2.31180e-05
2.49699e+04	3.10417e-02	2.40788e-02	4.11886	2.25393	2.31180e-05
2.50165e+04	3.10435e-02	2.51809e-02	5.78890	3.34298	2.31180e-05
2.50631e+04	3.10350e-02	1.97913e-02	0.36760	4.57453	2.31180e-05
2.51097e+04	3.10080e-02	1.85539e-02	0.90242	5.18376	2.31180e-05
2.51563e+04	3.10098e-02	1.74898e-02	0.22751	6.19155	2.31180e-05
2.52028e+04	3.10124e-02	2.21020e-02	5.15506	0.54490	2.31180e-05
2.52494e+04	3.09923e-02	2.35056e-02	2.49406	1.73468	2.31180e-05
2.52960e+04	3.10019e-02	2.78667e-02	5.34434	2.67342	2.31180e-05
2.53426e+04	3.09803e-02	2.84503e-02	0.52017	4.18597	2.31180e-05
2.53892e+04	3.09725e-02	2.67772e-02	1.26917	5.37067	2.31180e-05
2.54358e+04	3.09743e-02	3.33956e-02	0.89890	0.64958	2.31180e-05
2.54824e+04	3.09769e-02	2.98231e-02	6.17408	1.91242	2.31180e-05
2.55289e+04	3.09592e-02	3.51793e-02	4.43779	3.21908	2.31180e-05
2.55755e+04	3.09558e-02	2.94843e-02	1.58354	4.54361	2.31180e-05
2.56221e+04	3.09545e-02	2.72733e-02	4.56196	5.65205	2.31180e-05
2.56687e+04	3.09405e-02	2.30429e-02	6.18484	0.73315	2.31180e-05
2.57153e+04	3.09290e-02	1.86957e-02	1.13712	1.74889	2.31180e-05
2.57619e+04	3.09221e-02	2.05309e-02	0.73697	3.28525	2.31180e-05
2.58085e+04	3.09201e-02	1.59310e-02	5.71517	4.60751	2.31180e-05
2.58550e+04	3.09034e-02	2.23029e-02	2.83299	0.03301	2.31180e-05
2.59016e+04	3.09017e-02	1.63878e-02	3.76324	2.32256	2.31180e-05
2.59482e+04	3.08918e-02	1.04741e-02	3.55911	4.92029	2.31180e-05
2.59948e+04	3.08931e-02	2.33955e-02	0.63666	1.60882	2.31180e-05
2.60414e+04	3.08894e-02	2.75215e-02	1.96357	4.52945	2.31180e-05
2.60880e+04	3.08825e-02	2.76492e-02	1.58473	1.91080	2.31180e-05
2.61346e+04	3.08736e-02	3.24291e-02	0.23376	5.23051	2.31180e-05
2.61811e+04	3.08691e-02	1.67907e-02	3.68351	2.78878	2.31180e-05
2.62277e+04	3.08562e-02	2.79592e-02	6.27084	0.48775	2.31180e-05
2.62743e+04	3.08488e-02	3.09741e-02	2.12832	3.87230	2.31180e-05
2.63209e+04	3.08447e-02	2.65885e-02	3.46389	0.99906	2.31180e-05
2.63675e+04	3.08269e-02	2.85933e-02	3.65048	4.57726	2.31180e-05
2.64141e+04	3.08327e-02	1.82577e-02	3.22002	1.51555	2.31180e-05
2.64607e+04	3.08338e-02	1.84586e-02	1.07657	5.79940	2.31180e-05
2.65072e+04	3.08171e-02	2.97216e-02	5.83372	2.30402	2.31180e-05
2.65538e+04	3.08091e-02	2.31356e-02	3.23322	5.23607	2.31180e-05
2.66004e+04	3.08172e-02	2.64858e-02	5.78963	2.34068	2.31180e-05
2.66470e+04	3.08012e-02	2.98166e-02	1.38134	5.37554	2.31180e-05
2.66936e+04	3.07869e-02	2.21109e-02	1.91919	2.43834	2.31180e-05
2.67402e+04	3.07888e-02	1.98186e-02	1.42025	6.07323	2.31180e-05
2.67868e+04	3.07712e-02	2.69026e-02	0.64579	2.88959	2.31180e-05
2.68333e+04	3.07660e-02	2.49181e-02	5.59850	5.54616	2.31180e-05
2.68799e+04	3.07574e-02	2.19357e-02	3.18016	2.23852	2.31180e-05
2.69265e+04	3.07868e-02	3.08418e-02	0.52643	5.07278	2.31180e-05
2.69731e+04	3.07504e-02	3.21877e-02	2.93358	1.54991	2.31180e-05
2.70197e+04	3.07415e-02	2.01434e-02	3.52010	4.80230	2.31180e-05
2.70663e+04	3.07307e-02	2.04010e-02	3.43433	1.79792	2.31180e-05
2.71129e+04	3.07408e-02	1.86877e-02	3.19681	4.55034	2.31180e-05
2.71594e+04	3.07053e-02	2.14549e-02	1.84430	1.10345	2.31180e-05
2.72060e+04	3.07228e-02	2.61297e-02	5.58944	4.16019	2.31180e-05
2.72526e+04	3.07132e-02	3.08532e-02	2.29017	0.84135	2.31180e-05
2.72992e+04	3.07102e-02	2.83820e-02	4.76724	3.50233	2.31180e-05
2.73458e+04	3.06911e-02	2.13750e-02	6.27585	6.15170	2.31180e-05
2.73924e+04	3.06708e-02	2.16551e-02	0.08304	2.87921	2.31180e-05
2.74390e+04	3.06850e-02	2.96132e-02	5.85682	5.64593	2.31180e-05
2.74855e+04	3.06803e-02	2.20603e-02	4.40159	2.20579	2.31180e-05
2.75321e+04	3.06643e-02	1.77948e-02	1.49496	5.65223	2.31180e-05
2.75787e+04	3.06517e-02	2.24570e-02	4.54224	2.19281	2.31180e-05
2.76253e+04	3.06479e-02	2.55314e-02	0.79142	4.64493	2.31180e-05
2.76719e+04	3.06465e-02	2.61677e-02	2.04163	1.13252	2.31180e-05
2.77185e+04	3.06604e-02	2.59748e-02	1.88077	4.26253	2.31180e-05
2.77651e+04	3.06440e-02	2.86805e-02	1.03332	0.96742	2.31180e-05
2.78116e+04	3.06153e-02	2.64333e-02	6.00775	3.46529	2.31180e-05
2.78582e+04	3.06200e-02	2.12563e-02	3.62551	6.07830	2.31180e-05
2.79048e+04	3.06250e-02	2.38702e-02	6.03708	3.03714	2.31180e-05
2.79514e+04	3.06076e-02	2.80096e-02	1.50396	6.00482	2.31180e-05
2.79980e+04	3.06029e-02	1.85173e-02	2.46368	2.58734	2.31180e-05
2.80446e+04	3.06048e-02	1.69214e-02	2.05121	5.84126	2.31180e-05
2.80912e+04	3.05810e-02	2.52933e-02	0.88983	2.37892	2.31180e-05
2.81377e+04	3.05744e-02	3.06398e-02	5.20951	5.14504	2.31180e-05
2.81843e+04	3.05730e-02	2.81690e-02	2.16597	1.87522	2.31180e-05
2.82309e+04	3.05778e-02	2.39412e-02	4.28782	5.12400	2.31180e-05
2.82775e+04	3.05688e-02	2.47026e-02	5.86922	1.68557	2.31180e-05
2.83241e+04	3.05594e-02	1.94623e-02	0.58410	4.27080	2.31180e-05
2.83707e+04	3.05732e-02	1.72558e-02	5.96981	1.46490	2.31180e-05
2.84173e+04	3.05362e-02	2.85475e-02	4.63580	4.63016	2.31180e-05
2.84638e+04	3.05265e-02	2.57745e-02	2.86758	1.19951	2.31180e-05
2.85104e+04	3.05234e-02	2.12516e-02	5.63767	4.46275	2.31180e-05
2.85570e+04	3.05087e-02	2.33863e-02	1.25168	1.25760	2.31180e-05
2.86036e+04	3.05153e-02	2.80411e-02	1.53960	4.38603	2.31180e-05
2.86502e+04	3.04932e-02	2.62495e-02	1.44946	1.22062	2.31180e-05
2.86968e+04	3.05006e-02	2.79033e-02	5.78620	4.89185	2.31180e-05
2.87434e+04	3.04922e-02	2.92340e-02	2.83524	1.97457	2.31180e-05
2.87899e+04	3.04921e-02	2.16745e-02	4.00526	6.08837	2.31180e-05
2.88365e+04	3.04925e-02	2.79505e-02	5.68822	3.18999	2.31180e-05
2.88831e+04	3.04872e-02	2.14497e-02	0.55567	6.07023	2.31180e-05
2.89297e+04	3.04937e-02	2.06342e-02	0.05092	3.36205	2.31180e-05
2.89763e+04	3.04627e-02	2.71488e-02	5.26012	0.41720	2.31180e-05
2.90229e+04	3.04674e-02	2.39170e-02	3.10425	3.93438	2.31180e-05
2.90695e+04	3.04516e-02	2.33016e-02	5.83010	1.54729	2.31180e-05
2.91160e+04	3.04506e-02	2.52841e-02	2.09535	4.73792	2.31180e-05
2.91626e+04	3.04542e-02	1.88966e-02	4.06943	1.35987	2.31180e-05
2.92092e+04	3.04426e-02	2.23745e-02	4.73603	4.76961	2.31180e-05
2.92558e+04	3.04218e-02	3.22190e-02	4.64691	1.77724	2.31180e-05
2.93024e+04	3.04227e-02	2.10508e-02	3.58676	5.10002	2.31180e-05
2.93490e+04	3.04247e-02	1.78375e-02	1.12928	2.67918	2.31180e-05
2.93956e+04	3.04092e-02	2.09717e-02	5.35970	5.32925	2.31180e-05
2.94421e+04	3.04169e-02	2.44122e-02	1.97796	2.06966	2.31180e-05
2.94887e+04	3.03958e-02	2.60429e-02	3.30243	5.75371	2.31180e-05
2.95353e+04	3.04019e-02	2.86019e-02	4.06866	2.76707	2.31180e-05
2.95819e+04	3.03931e-02	2.13956e-02	4.66441	5.41055	2.31180e-05
2.96285e+04	3.03645e-02	1.96144e-02	3.74927	2.35943	2.31180e-05
2.96751e+04	3.03742e-02	2.99648e-02	1.36046	6.07167	2.31180e-05
2.97217e+04	3.03574e-02	2.05521e-02	4.83601	3.11021	2.31180e-05
2.97682e+04	3.03398e-02	1.48804e-02	1.62761	6.06586	2.31180e-05
2.98148e+04	3.03482e-02	2.96387e-02	3.66421	3.03737	2.31180e-05
2.98614e+04	3.03402e-02	3.00057e-02	5.58073	6.12015	2.31180e-05
2.99080e+04	3.03274e-02	2.16064e-02	0.61794	2.44249	2.31180e-05
2.99546e+04	3.03139e-02	2.95497e-02	0.83157	5.62319	2.31180e-05
3.00012e+04	3.03180e-02	2.51455e-02	5.50671	3.00924	2.31180e-05
3.00478e+04	3.03245e-02	1.38326e-02	0.57297	0.26346	2.31180e-05
3.00943e+04	3.02835e-02	2.61754e-02	2.82050	3.72254	2.31180e-05
3.01409e+04	3.03070e-02	2.58524e-02	3.83145	1.43547	2.31180e-05
3.01875e+04	3.02786e-02	2.53055e-02	4.94988	3.96220	2.31180e-05
3.02341e+04	3.02416e-02	3.10980e-02	2.57439	1.74674	2.31180e-05
3.02807e+04	3.03388e-02	4.45409e-02	0.96565	5.06165	2.31180e-05
3.03273e+04	3.02952e-02	1.50997e-02	4.17519	0.46969	2.31180e-05
3.03739e+04	3.02741e-02	2.12844e-02	1.17037	1.27201	2.31180e-05
3.04204e+04	3.03057e-02	4.28345e-02	0.46436	0.15231	2.31180e-05
3.04670e+04	3.02461e-02	2.17630e-02	3.38047	5.65496	2.31180e-05
3.05136e+04	3.03245e-02	7.16588e-02	3.88456	1.55973	2.31180e-05
3.05602e+04	3.02455e-02	2.35584e-02	2.12637	0.66306	2.31180e-05
3.06068e+04	3.03215e-02	4.54378e-02	4.48211	0.68654	2.31180e-05
3.06534e+04	3.03109e-02	3.14301e-02	0.67397	6.21435	2.31180e-05
3.07000e+04	3.02653e-02	7.44230e-02	3.63438	2.00960	2.31180e-05
3.07465e+04	3.02596e-02	1.09583e-02	3.40050	5.10052	2.31180e-05
3.07931e+04	3.02883e-02	2.45178e-02	5.40699	0.54198	2.31180e-05
3.08397e+04	3.03328e-02	6.27899e-02	5.00264	1.30866	2.31180e-05
3.08863e+04	3.01993e-02	5.64272e-02	0.71958	0.68899	2.31180e-05
3.09329e+04	3.02787e-02	2.55260e-02	5.87696	4.90294	2.31180e-05
3.09795e+04	3.03040e-02	5.19796e-02	6.15772	2.38220	2.31180e-05
3.10261e+04	3.02676e-02	2.91180e-02	4.75911	3.92546	2.31180e-05
3.10726e+04	3.02492e-02	1.06585e-02	2.40394	2.46724	2.31180e-05
3.11192e+04	3.02933e-02	1.97242e-02	3.22995	1.18816	2.31180e-05
3.11658e+04	3.01894e-02	5.48928e-02	5.40860	4.75533	2.31180e-05
3.12124e+04	3.02060e-02	2.82878e-02	6.01802	0.33428	2.31180e-05
3.12590e+04	3.02135e-02	3.97858e-02	1.26759	3.81542	2.31180e-05
3.13056e+04	3.02839e-02	8.97411e-02	1.29646	2.72476	2.31180e-05
3.13522e+04	3.02381e-02	6.12496e-02	3.75367	4.86467	2.31180e-05
3.13987e+04	3.02716e-02	2.60461e-02	2.11082	3.32508	2.31180e-05
3.14453e+04	3.02821e-02	6.85229e-02	6.11682	4.90221	2.31180e-05
3.14919e+04	3.02609e-02	5.54653e-02	1.14243	5.48771	2.31180e-05
3.15385e+04	3.02877e-02	4.43167e-02	5.61270	0.10450	2.31180e-05
3.15851e+04	3.02662e-02	3.31959e-02	3.07760	2.82716	2.31180e-05
3.16317e+04	3.02468e-02	8.20638e-02	5.68422	5.69875	2.31180e-05
3.16783e+04	3.02230e-02	1.06552e-01	0.26344	5.45975	2.31180e-05
3.17248e+04	3.02817e-02	7.73168e-02	3.70523	1.03908	2.31180e-05
3.17714e+04	3.01650e-02	9.93227e-02	1.97570	5.04141	2.31180e-05
3.18180e+04	3.02670e-02	3.71009e-02	0.60586	2.02142	2.31180e-05
3.18646e+04	3.02272e-02	6.49788e-02	5.93993	1.55042	2.31180e-05
3.19112e+04	3.02041e-02	4.14044e-02	6.12912	3.16334	2.31180e-05
3.19578e+04	3.02616e-02	3.22625e-02	0.05577	6.15433	2.31180e-05
3.20044e+04	3.02521e-02	6.62381e-02	0.24841	2.06356	2.31180e-05
3.20509e+04	3.02006e-02	5.80329e-02	4.01475	5.87783	2.31180e-05
3.20975e+04	3.01931e-02	8.40066e-02	1.44947	3.21277	2.31180e-05
3.21441e+04	3.01576e-02	6.63986e-02	1.89784	1.90024	2.31180e-05
3.21907e+04	3.02227e-02	9.27096e-02	2.14442	0.34073	2.31180e-05
3.22373e+04	3.02180e-02	6.04045e-02	0.98230	4.89890	2.31180e-05
3.22839e+04	3.01998e-02	6.88834e-02	3.46777	2.73870	2.31180e-05
3.23305e+04	3.01795e-02	1.00946e-01	5.36113	1.60233	2.31180e-05
3.23770e+04	3.02370e-02	9.60656e-02	4.26703	1.02450	2.31180e-05
3.24236e+04	3.01389e-02	9.16504e-02	2.48100	1.57553	2.31180e-05
3.24702e+04	3.02001e-02	8.77051e-02	2.22770	1.39946	2.31180e-05
3.25168e+04	3.01599e-02	6.25952e-02	3.01418	1.75815	2.31180e-05
3.25634e+04	3.02351e-02	4.06549e-02	5.78865	2.26172	2.31180e-05
3.26100e+04	3.01540e-02	6.59288e-02	1.63167	2.97708	2.31180e-05
3.26566e+04	3.02258e-02	1.18573e-01	0.42718	3.63534	2.31180e-05
3.27031e+04	3.01882e-02	8.14031e-02	1.48116	4.66989	2.31180e-05
3.27497e+04	3.01493e-02	4.50835e-02	5.85065	5.94404	2.31180e-05
3.27963e+04	3.01730e-02	7.76872e-02	3.99575	6.22832	2.31180e-05
3.28429e+04	3.01327e-02	8.01717e-02	2.38885	5.60160	2.31180e-05
3.28895e+04	3.01868e-02	7.95794e-02	4.89832	5.43015	2.31180e-05
3.29361e+04	3.01327e-02	8.94819e-02	4.46496	5.87613	2.31180e-05
3.29827e+04	3.02267e-02	5.96648e-02	0.86603	5.29166	2.31180e-05
3.30292e+04	3.01899e-02	6.82275e-02	0.66546	5.42281	2.31180e-05
3.30758e+04	3.01793e-02	6.53389e-02	5.52003	0.68344	2.31180e-05
3.31224e+04	3.01796e-02	8.76265e-02	5.42619	2.33716	2.31180e-05
3.31690e+04	3.02331e-02	9.55246e-02	5.96568	3.04836	2.31180e-05
3.32156e+04	3.02094e-02	4.80869e-02	3.90682	5.68391	2.31180e-05
3.32622e+04	3.01241e-02	1.17566e-01	2.97237	1.54778	2.31180e-05
3.33088e+04	3.01124e-02	8.57400e-02	2.90877	3.24903	2.31180e-05
3.33553e+04	3.01677e-02	1.10814e-01	0.55788	0.32702	2.31180e-05
3.34019e+04	3.01991e-02	7.03061e-02	6.12621	3.57554	2.31180e-05
3.34485e+04	3.01866e-02	1.12740e-01	1.90170	5.64317	2.31180e-05
3.34951e+04	3.01092e-02	5.76593e-02	1.30048	3.04466	2.31180e-05
3.35417e+04	3.01514e-02	1.11660e-01	4.66202	5.17348	2.31180e-05
3.35883e+04	3.01911e-02	4.56056e-02	0.77751	1.86703	2.31180e-05
3.36349e+04	3.01018e-02	1.18569e-01	4.79387	5.24515	2.31180e-05
3.36814e+04	3.01550e-02	6.53458e-02	3.25956	2.08108	2.31180e-05
3.37280e+04	3.01570e-02	9.80979e-02	1.82695	4.63553	2.31180e-05
3.37746e+04	3.00880e-02	1.03084e-01	1.25386	2.33559	2.31180e-05
3.38212e+04	3.01374e-02	6.85414e-02	2.79841	5.16275	2.31180e-05
3.38678e+04	3.01829e-02	1.11080e-01	1.35076	3.40504	2.31180e-05
3.39144e+04	3.01221e-02	7.49206e-02	5.58759	0.52773	2.31180e-05
3.39610e+04	3.01405e-02	9.83409e-02	6.00883	3.90415	2.31180e-05
3.40075e+04	3.01713e-02	1.13099e-01	1.66391	2.63085	2.31180e-05
3.40541e+04	3.01330e-02	5.76977e-02	3.04330	5.72656	2.31180e-05
3.41007e+04	3.01066e-02	9.36888e-02	2.90810	3.52571	2.31180e-05
3.41473e+04	3.01291e-02	8.21071e-02	2.29027	1.65464	2.31180e-05
3.41939e+04	3.01101e-02	8.74552e-02	2.86510	4.40145	2.31180e-05
3.42405e+04	3.01194e-02	7.60951e-02	4.69944	1.46498	2.31180e-05
3.42871e+04	3.01405e-02	6.28463e-02	2.12622	4.42480	2.31180e-05
3.43336e+04	3.00864e-02	1.55903e-02	1.58533	5.64859	2.31180e-05
3.43802e+04	3.00792e-02	5.05257e-02	4.58728	4.28119	2.31180e-05
3.44268e+04	3.01206e-02	9.78184e-02	1.20491	0.85800	2.31180e-05
3.44734e+04	3.00964e-02	1.03686e-01	0.13838	2.51585	2.31180e-05
3.45200e+04	3.00823e-02	5.93552e-02	4.43336	6.03579	2.31180e-05
3.45666e+04	3.01337e-02	1.07248e-01	5.78652	3.48218	2.31180e-05
3.46132e+04	3.01241e-02	9.88688e-02	4.35348	6.17067	2.31180e-05
3.46597e+04	3.00744e-02	1.13569e-01	1.95778	4.17915	2.31180e-05
3.47063e+04	3.01331e-02	5.12442e-02	0.53452	0.75379	2.31180e-05
3.47529e+04	3.00600e-02	1.12623e-01	1.05501	5.08106	2.31180e-05
3.47995e+04	3.00819e-02	6.21135e-02	2.72711	3.37270	2.31180e-05
3.48461e+04	3.00819e-02	9.19593e-02	0.75790	5.15069	2.31180e-05
3.48927e+04	3.00330e-02	1.03877e-01	5.25374	1.82209	2.31180e-05
3.49393e+04	3.00352e-02	5.37894e-02	4.07209	4.87037	2.31180e-05
3.49858e+04	3.00635e-02	1.02471e-01	4.83490	1.99496	2.31180e-05
3.50324e+04	3.00706e-02	1.09259e-01	1.60938	3.60180	2.31180e-05
3.50790e+04	3.00681e-02	1.14006e-01	4.62686	1.19311	2.31180e-05
3.51256e+04	3.00355e-02	9.95740e-02	0.07929	2.19842	2.31180e-05
3.51722e+04	3.00803e-02	7.38142e-02	0.88566	0.12051	2.31180e-05
3.52188e+04	3.00622e-02	7.54381e-02	0.09816	6.02753	2.31180e-05
3.52654e+04	3.00606e-02	1.08881e-01	0.35415	0.50851	2.31180e-05
3.53119e+04	3.00417e-02	1.11500e-01	6.12382	4.73078	2.31180e-05
3.53585e+04	3.00738e-02	9.98652e-02	3.83381	5.90148	2.31180e-05
3.54051e+04	3.00631e-02	5.24592e-02	2.54371	0.85517	2.31180e-05
3.54517e+04	3.00636e-02	9.67014e-02	2.89487	3.10996	2.31180e-05
3.54983e+04	3.00774e-02	7.29055e-02	6.04511	3.93271	2.31180e-05
3.55449e+04	3.00570e-02	7.39228e-02	3.45319	0.19974	2.31180e-05
3.55915e+04	3.00921e-02	1.21402e-01	4.00300	1.92127	2.31180e-05
3.56380e+04	3.00353e-02	4.69079e-02	0.35448	3.78297	2.31180e-05
3.56846e+04	3.01144e-02	1.03483e-01	0.85821	1.20055	2.31180e-05
3.57312e+04	2.99952e-02	1.19858e-01	1.67269	2.13840	2.31180e-05
3.57778e+04	3.00859e-02	5.42464e-02	3.16783	3.49955	2.31180e-05
3.58244e+04	3.00429e-02	6.83867e-02	5.63668	5.94330	2.31180e-05
3.58710e+04	3.00916e-02	8.49116e-02	5.52943	6.18680	2.31180e-05
3.59175e+04	3.00365e-02	6.34051e-02	5.13541	2.47930	2.31180e-05
3.59641e+04	2.99936e-02	5.06506e-02	3.34670	1.46220	2.31180e-05
3.60107e+04	3.00388e-02	1.23446e-01	0.54593	5.08725	2.31180e-05
3.60573e+04	2.99937e-02	1.06496e-01	4.93128	3.72189	2.31180e-05
3.61039e+04	3.00136e-02	1.04847e-01	1.95636	3.90557	2.31180e-05
3.61505e+04	3.00422e-02	1.11307e-01	0.48953	4.30187	2.31180e-05
3.61971e+04	3.00094e-02	5.79269e-02	1.44703	4.38530	2.31180e-05
3.62436e+04	2.99918e-02	7.52648e-02	3.28576	5.05358	2.31180e-05
3.62902e+04	3.00208e-02	5.70089e-02	0.72516	5.41312	2.31180e-05
3.63368e+04	2.99952e-02	1.09424e-01	5.70230	0.31553	2.31180e-05
3.63834e+04	3.00285e-02	8.07999e-02	1.26637	0.04787	2.31180e-05
3.64300e+04	3.00349e-02	6.20163e-02	4.85215	0.25344	2.31180e-05
3.64766e+04	3.00051e-02	1.01133e-01	4.51084	5.14612	2.31180e-05
3.65232e+04	3.00015e-02	6.38723e-02	0.85897	1.44123	2.31180e-05
3.65697e+04	2.99835e-02	8.20295e-02	2.37496	3.45553	2.31180e-05
3.66163e+04	2.99934e-02	7.42087e-02	5.17415	5.57537	2.31180e-05
3.66629e+04	2.99980e-02	6.71565e-02	4.01772	0.21058	2.31180e-05
3.67095e+04	3.00153e-02	9.41434e-02	4.34200	2.37529	2.31180e-05
3.67561e+04	2.99805e-02	8.97190e-02	1.11676	3.38569	2.31180e-05
3.68027e+04	2.99709e-02	6.98887e-02	4.12490	5.03602	2.31180e-05
3.68493e+04	3.00143e-02	9.24988e-02	4.42995	5.37448	2.31180e-05
3.68958e+04	2.99747e-02	7.30384e-02	5.17869	0.58435	2.31180e-05
3.69424e+04	3.00070e-02	7.44272e-02	1.88632	1.89037	2.31180e-05
3.69890e+04	2.99478e-02	5.78146e-02	0.81607	3.17473	2.31180e-05
3.70356e+04	2.99787e-02	9.60945e-02	1.09793	4.38920	2.31180e-05
3.70822e+04	2.99967e-02	9.59044e-02	0.90251	0.39378	2.31180e-05
3.71288e+04	2.99990e-02	7.31815e-02	3.55837	2.69984	2.31180e-05
3.71754e+04	2.99869e-02	9.06537e-02	4.50332	2.09439	2.31180e-05
3.72219e+04	2.99733e-02	7.27091e-02	3.16340	5.81929	2.31180e-05
3.72685e+04	2.99506e-02	1.00255e-01	3.01084	2.94387	2.31180e-05
3.73151e+04	2.99915e-02	8.63544e-02	4.32313	0.75657	2.31180e-05
3.73617e+04	2.99676e-02	9.12384e-02	3.92411	3.60205	2.31180e-05
3.74083e+04	2.99762e-02	6.83614e-02	2.27540	3.13077	2.31180e-05
3.74549e+04	2.99695e-02	8.51596e-02	5.61783	5.72156	2.31180e-05
3.75015e+04	2.99824e-02	1.15481e-01	4.06469	3.82884	2.31180e-05
3.75480e+04	2.99513e-02	1.03025e-01	3.09071	3.39846	2.31180e-05
3.75946e+04	2.99900e-02	4.74706e-02	3.14115	2.53643	2.31180e-05
3.76412e+04	2.99439e-02	9.78524e-02	2.18199	4.36898	2.31180e-05
3.76878e+04	2.99553e-02	7.87865e-02	3.39017	6.25349	2.31180e-05
3.77344e+04	2.99422e-02	1.05052e-01	2.14412	5.70429	2.31180e-05
3.77810e+04	2.99626e-02	8.56257e-02	4.97424	4.19897	2.31180e-05
3.78276e+04	2.99280e-02	9.00594e-02	4.22716	0.96169	2.31180e-05
3.78741e+04	2.99612e-02	7.35969e-02	3.80056	5.14322	2.31180e-05
3.79207e+04	2.99577e-02	1.04651e-01	0.67080	1.98466	2.31180e-05
3.79673e+04	2.99086e-02	1.03068e-01	4.32495	0.21675	2.31180e-05
3.80139e+04	2.99736e-02	1.23622e-01	4.24139	4.45366	2.31180e-05
3.80605e+04	2.99188e-02	1.05137e-01	4.57134	4.38625	2.31180e-05
3.81071e+04	2.99358e-02	1.02199e-01	1.34115	2.94091	2.31180e-05
3.81537e+04	2.98998e-02	8.79156e-02	1.83450	2.23331	2.31180e-05
3.82002e+04	2.99378e-02	7.19994e-02	2.54972	1.33425	2.31180e-05
3.82468e+04	2.98876e-02	4.89789e-02	0.19456	5.41626	2.31180e-05
3.82934e+04	2.99074e-02	9.68405e-02	0.18153	2.21703	2.31180e-05
3.83400e+04	2.99231e-02	7.39878e-02	3.05350	1.06466	2.31180e-05
3.83866e+04	2.99283e-02	8.80065e-02	0.29545	0.00484	2.31180e-05
3.84332e+04	2.99325e-02	1.19029e-01	6.02465	5.55407	2.31180e-05
3.84798e+04	2.99210e-02	1.27636e-01	1.98431	4.33153	2.31180e-05
3.85263e+04	2.99229e-02	7.70647e-02	5.63171	2.60456	2.31180e-05
3.85729e+04	2.98776e-02	5.84915e-02	2.00515	2.83048	2.31180e-05
3.86195e+04	2.98590e-02	9.80779e-02	0.21551	3.22109	2.31180e-05
3.86661e+04	2.98936e-02	1.01992e-01	2.50633	2.02935	2.31180e-05
3.87127e+04	2.98756e-02	9.25944e-02	0.78566	0.49714	2.31180e-05
3.87593e+04	2.99024e-02	5.53628e-02	3.10272	2.73535	2.31180e-05
3.88059e+04	2.99041e-02	7.94865e-02	3.65525	2.02094	2.31180e-05
3.88524e+04	2.98892e-02	8.80281e-02	2.11175	6.18486	2.31180e-05
3.88990e+04	2.98693e-02	7.17898e-02	2.35678	3.69779	2.31180e-05
3.89456e+04	2.98932e-02	8.02173e-02	3.07576	2.59503	2.31180e-05
3.89922e+04	2.99042e-02	8.24998e-02	0.66456	5.87803	2.31180e-05
3.90388e+04	2.99291e-02	6.09176e-02	4.70072	5.26819	2.31180e-05
3.90854e+04	2.98764e-02	1.06853e-01	6.10004	2.27825	2.31180e-05
3.91320e+04	2.98951e-02	6.81090e-02	5.44315	3.50733	2.31180e-05
3.91785e+04	2.98886e-02	9.11875e-02	0.34386	4.47243	2.31180e-05
3.92251e+04	2.98459e-02	6.63813e-02	1.73048	1.01055	2.31180e-05
3.92717e+04	2.98587e-02	8.96214e-02	0.98702	1.24390	2.31180e-05
3.93183e+04	2.98522e-02	8.83286e-02	0.49227	3.56000	2.31180e-05
3.93649e+04	2.98442e-02	1.03476e-01	3.06405	3.78591	2.31180e-05
3.94115e+04	2.98554e-02	5.79024e-02	5.82646	0.27554	2.31180e-05
3.94581e+04	2.98567e-02	9.07388e-02	6.00763	0.55606	2.31180e-05
3.95046e+04	2.98902e-02	7.05533e-02	6.13794	2.87769	2.31180e-05
3.95512e+04	2.98910e-02	8.93109e-02	3.53393	3.45956	2.31180e-05
3.95978e+04	2.98742e-02	6.31549e-02	0.80774	5.66637	2.31180e-05
3.96444e+04	2.98715e-02	8.62708e-02	1.14528	0.70072	2.31180e-05
3.96910e+04	2.98661e-02	8.42214e-02	3.06881	2.01779	2.31180e-05
3.97376e+04	2.98112e-02	8.75890e-02	0.41306	3.73271	2.31180e-05
3.97842e+04	2.98483e-02	6.29170e-02	0.27110	4.82971	2.31180e-05
3.98307e+04	2.98553e-02	8.24301e-02	5.99440	1.27231	2.31180e-05
3.98773e+04	2.98644e-02	7.50486e-02	3.61040	1.91531	2.31180e-05
3.99239e+04	2.98566e-02	8.38501e-02	0.50877	4.52251	2.31180e-05
3.99705e+04	2.98336e-02	7.53453e-02	1.60780	5.09972	2.31180e-05
4.00171e+04	2.98346e-02	8.24681e-02	2.41386	1.77096	2.31180e-05
4.00637e+04	2.98381e-02	9.29130e-02	0.56852	2.47351	2.31180e-05
4.01103e+04	2.98628e-02	7.32104e-02	5.08417	5.14214	2.31180e-05
4.01568e+04	2.98415e-02	8.69483e-02	0.01478	6.24838	2.31180e-05
4.02034e+04	2.98175e-02	8.98535e-02	2.29180	2.32217	2.31180e-05
4.02500e+04	2.98039e-02	9.96845e-02	0.82833	3.71173	2.31180e-05
4.02966e+04	2.98386e-02	6.62284e-02	1.06538	5.61290	2.31180e-05
4.03432e+04	2.98327e-02	8.41459e-02	1.65234	1.75148	2.31180e-05
4.03898e+04	2.98091e-02	7.51643e-02	6.26441	2.94068	2.31180e-05
4.04364e+04	2.98197e-02	8.01180e-02	4.19318	5.74474	2.31180e-05
4.04829e+04	2.98140e-02	7.34834e-02	0.03529	0.48005	2.31180e-05
4.05295e+04	2.98166e-02	7.91068e-02	0.98739	3.47239	2.31180e-05
4.05761e+04	2.97900e-02	9.01209e-02	0.33073	4.66559	2.31180e-05
4.06227e+04	2.98427e-02	7.45500e-02	5.84863	0.80167	2.31180e-05
4.06693e+04	2.97836e-02	1.01989e-01	1.51689	2.61731	2.31180e-05
4.07159e+04	2.98078e-02	7.96589e-02	5.37184	4.33565	2.31180e-05
4.07625e+04	2.98043e-02	9.15535e-02	3.85686	0.50998	2.31180e-05
4.08090e+04	2.97872e-02	6.78159e-02	5.23636	2.06812	2.31180e-05
4.08556e+04	2.98190e-02	9.83626e-02	0.83589	4.69136	2.31180e-05
4.09022e+04	2.97858e-02	7.40941e-02	6.15214	5.97959	2.31180e-05
4.09488e+04	2.98334e-02	7.96051e-02	4.99001	2.64370	2.31180e-05
4.09954e+04	2.97660e-02	8.66621e-02	1.01551	4.41106	2.31180e-05
4.10420e+04	2.97935e-02	8.48279e-02	4.25742	0.17716	2.31180e-05
4.10886e+04	2.97934e-02	8.94907e-02	3.32450	2.60103	2.31180e-05
4.11351e+04	2.97828e-02	8.60803e-02	4.16684	4.26212	2.31180e-05
4.11817e+04	2.98011e-02	8.26338e-02	0.29188	0.78273	2.31180e-05
4.12283e+04	2.97852e-02	8.68664e-02	4.69560	2.33488	2.31180e-05
4.12749e+04	2.98227e-02	7.77478e-02	4.40171	5.19739	2.31180e-05
4.13215e+04	2.97307e-02	8.01912e-02	0.06992	0.51187	2.31180e-05
4.13681e+04	2.97887e-02	8.02228e-02	2.68392	3.48250	2.31180e-05
4.14147e+04	2.97766e-02	9.62690e-02	2.52928	5.34558	2.31180e-05
4.14612e+04	2.97458e-02	8.17481e-02	2.67805	1.47573	2.31180e-05
4.15078e+04	2.98232e-02	8.23771e-02	5.07059	3.87658	2.31180e-05
4.15544e+04	2.97437e-02	9.46009e-02	3.57252	6.08049	2.31180e-05
4.16010e+04	2.97649e-02	7.46775e-02	2.84641	2.31585	2.31180e-05
4.16476e+04	2.97911e-02	8.39266e-02	4.79167	4.55720	2.31180e-05
4.16942e+04	2.97315e-02	7.91117e-02	1.51598	1.14598	2.31180e-05
4.17408e+04	2.97626e-02	9.75295e-02	0.32979	3.19600	2.31180e-05
4.17873e+04	2.97963e-02	7.64414e-02	1.08731	5.92956	2.31180e-05
4.18339e+04	2.97184e-02	9.87134e-02	3.50941	1.89462	2.31180e-05
4.18805e+04	2.97618e-02	7.75655e-02	1.35410	4.38668	2.31180e-05
4.19271e+04	2.98008e-02	8.25501e-02	0.87805	0.82898	2.31180e-05
4.19737e+04	2.97478e-02	7.74272e-02	2.98451	3.11876	2.31180e-05
4.20203e+04	2.97302e-02	8.29318e-02	5.55890	5.98901	2.31180e-05
4.20669e+04	2.97345e-02	1.05962e-01	4.45752	2.04552	2.31180e-05
4.21134e+04	2.97794e-02	7.64315e-02	5.21252	4.52335	2.31180e-05
4.21600e+04	2.97450e-02	9.18281e-02	1.05014	1.05607	2.31180e-05
4.22066e+04	2.97130e-02	8.01022e-02	5.32557	3.49780	2.31180e-05
4.22532e+04	2.97214e-02	9.13421e-02	4.53015	0.00210	2.31180e-05
4.22998e+04	2.97552e-02	7.99776e-02	6.20045	2.53439	2.31180e-05
4.23464e+04	2.97488e-02	9.37618e-02	3.00526	5.24895	2.31180e-05
4.23930e+04	2.96995e-02	9.27078e-02	1.89190	1.51482	2.31180e-05
4.24395e+04	2.97092e-02	7.55176e-02	1.97298	4.25136	2.31180e-05
4.24861e+04	2.97302e-02	8.84087e-02	3.98401	0.88038	2.31180e-05
4.25327e+04	2.97542e-02	8.62012e-02	1.98234	3.46407	2.31180e-05
4.25793e+04	2.97318e-02	1.02287e-01	1.51439	0.03805	2.31180e-05
4.26259e+04	2.96885e-02	7.95419e-02	2.97979	2.55052	2.31180e-05
4.26725e+04	2.97031e-02	8.69672e-02	5.36997	5.51722	2.31180e-05
4.27191e+04	2.97257e-02	8.12887e-02	4.07418	1.93386	2.31180e-05
4.27656e+04	2.97501e-02	8.99022e-02	4.33977	4.79717	2.31180e-05
4.28122e+04	2.97293e-02	9.96546e-02	0.56749	1.31077	2.31180e-05
4.28588e+04	2.96843e-02	7.59901e-02	4.39728	3.90922	2.31180e-05
4.29054e+04	2.96764e-02	9.09877e-02	3.13857	0.73477	2.31180e-05
4.29520e+04	2.96879e-02	8.13492e-02	4.33411	3.41202	2.31180e-05
4.29986e+04	2.96974e-02	9.75351e-02	0.64687	0.10365	2.31180e-05
4.30452e+04	2.97369e-02	8.92498e-02	5.54601	2.85256	2.31180e-05
4.30917e+04	2.97472e-02	8.33005e-02	5.51669	5.70880	2.31180e-05
4.31383e+04	2.97507e-02	8.88385e-02	1.10175	2.36135	2.31180e-05
4.31849e+04	2.97224e-02	8.15652e-02	4.72722	5.28238	2.31180e-05
4.32315e+04	2.97141e-02	1.05192e-01	3.89223	1.90540	2.31180e-05
4.32781e+04	2.96628e-02	8.27324e-02	4.88212	4.65642	2.31180e-05
4.33247e+04	2.96714e-02	8.59799e-02	0.70947	1.48256	2.31180e-05
4.33713e+04	2.96686e-02	8.59895e-02	5.18842	4.33350	2.31180e-05
4.34178e+04	2.96523e-02	8.79373e-02	4.73118	1.11231	2.31180e-05
4.34644e+04	2.96590e-02	1.04661e-01	6.23739	3.99784	2.31180e-05
4.35110e+04	2.96615e-02	8.00516e-02	3.29807	0.57788	2.31180e-05
4.35576e+04	2.96909e-02	8.60995e-02	1.79733	3.67760	2.31180e-05
4.36042e+04	2.96933e-02	8.04847e-02	2.21654	0.44131	2.31180e-05
4.36508e+04	2.97045e-02	9.54064e-02	4.30556	3.41675	2.31180e-05
4.36974e+04	2.97139e-02	9.49300e-02	2.46950	0.03529	2.31180e-05
4.37439e+04	2.97330e-02	7.97359e-02	1.62666	3.20426	2.31180e-05
4.37905e+04	2.97229e-02	9.11146e-02	2.94534	6.11424	2.31180e-05
4.38371e+04	2.97219e-02	8.50874e-02	5.64150	3.11656	2.31180e-05
4.38837e+04	2.97028e-02	9.59229e-02	4.22901	5.89151	2.31180e-05
4.39303e+04	2.96945e-02	8.09811e-02	4.21245	2.73653	2.31180e-05
4.39769e+04	2.96922e-02	8.50500e-02	5.68430	5.94982	2.31180e-05
4.40235e+04	2.96795e-02	9.91663e-02	3.21354	2.52825	2.31180e-05
4.40700e+04	2.96655e-02	9.18412e-02	2.02598	5.82530	2.31180e-05
4.41166e+04	2.96457e-02	9.08680e-02	3.02136	2.27078	2.31180e-05
4.41632e+04	2.96977e-02	8.01849e-02	4.97165	5.70213	2.31180e-05
4.42098e+04	2.96751e-02	8.65654e-02	2.76542	2.35731	2.31180e-05
4.42564e+04	2.96720e-02	9.65226e-02	2.29094	5.48918	2.31180e-05
4.43030e+04	2.96808e-02	8.67202e-02	3.41561	2.28731	2.31180e-05
4.43496e+04	2.96792e-02	8.47144e-02	0.03910	5.32498	2.31180e-05
4.43961e+04	2.96737e-02	9.95253e-02	4.28414	2.45169	2.31180e-05
4.44427e+04	2.96569e-02	9.20387e-02	4.83366	5.17357	2.31180e-05
4.44893e+04	2.96564e-02	9.17066e-02	6.25555	2.36668	2.31180e-05
4.45359e+04	2.96757e-02	7.87000e-02	3.62526	5.26078	2.31180e-05
4.45825e+04	2.96660e-02	8.57189e-02	1.95678	2.36554	2.31180e-05
4.46291e+04	2.96505e-02	1.03149e-01	2.60437	5.46719	2.31180e-05
4.46757e+04	2.96425e-02	8.54838e-02	4.98779	2.14498	2.31180e-05
4.47222e+04	2.96619e-02	9.27806e-02	2.25145	5.63761	2.31180e-05
4.47688e+04	2.96568e-02	8.88628e-02	1.83320	2.31905	2.31180e-05
4.48154e+04	2.96391e-02	9.31482e-02	2.50055	5.62930	2.31180e-05
4.48620e+04	2.96233e-02	8.90625e-02	5.31962	2.36708	2.31180e-05
4.49086e+04	2.96429e-02	7.78888e-02	2.96747	5.75885	2.31180e-05
4.49552e+04	2.96540e-02	9.81170e-02	2.63211	2.63202	2.31180e-05
4.50018e+04	2.96378e-02	9.55193e-02	3.98165	5.84293	2.31180e-05
4.50483e+04	2.96210e-02	9.17010e-02	0.74477	2.66190	2.31180e-05
4.50949e+04	2.96493e-02	8.62294e-02	5.22847	5.99994	2.31180e-05
4.51415e+04	2.96450e-02	9.24498e-02	5.09012	2.96154	2.31180e-05
4.51881e+04	2.96333e-02	9.17109e-02	0.69309	5.99572	2.31180e-05
4.52347e+04	2.96428e-02	8.54505e-02	3.56590	3.14086	2.31180e-05
4.52813e+04	2.96377e-02	8.50646e-02	2.36790	6.13898	2.31180e-05
4.53279e+04	2.96508e-02	9.90987e-02	2.27366	3.36406	2.31180e-05
4.53744e+04	2.96414e-02	9.86587e-02	4.51994	0.02754	2.31180e-05
4.54210e+04	2.96329e-02	8.40538e-02	1.64644	3.32083	2.31180e-05
4.54676e+04	2.96173e-02	9.26059e-02	0.17380	0.45246	2.31180e-05
4.55142e+04	2.96038e-02	9.22561e-02	0.89216	3.34818	2.31180e-05
4.55608e+04	2.95986e-02	9.35347e-02	2.67725	0.60385	2.31180e-05
4.56074e+04	2.96118e-02	8.66392e-02	0.36635	3.52552	2.31180e-05
4.56540e+04	2.95892e-02	9.01291e-02	5.36036	0.76650	2.31180e-05
4.57005e+04	2.95949e-02	1.03752e-01	6.09284	3.95151	2.31180e-05
4.57471e+04	2.96056e-02	8.91475e-02	2.19464	0.72099	2.31180e-05
4.57937e+04	2.95772e-02	8.70442e-02	5.70329	4.26348	2.31180e-05
4.58403e+04	2.95654e-02	9.00906e-02	4.91916	1.11195	2.31180e-05
4.58869e+04	2.95670e-02	9.71257e-02	5.52611	4.41309	2.31180e-05
4.59335e+04	2.95594e-02	9.14785e-02	1.66270	1.29068	2.31180e-05
4.59801e+04	2.95546e-02	8.64576e-02	5.44042	4.64208	2.31180e-05
4.60266e+04	2.95540e-02	9.83209e-02	4.66655	1.60808	2.31180e-05
4.60732e+04	2.95603e-02	9.62498e-02	5.38989	4.84149	2.31180e-05
4.61198e+04	2.95739e-02	8.66015e-02	1.34695	1.71238	2.31180e-05
4.61664e+04	2.95609e-02	8.65027e-02	5.06130	5.15665	2.31180e-05
4.62130e+04	2.95405e-02	9.79168e-02	4.17035	2.03362	2.31180e-05
4.62596e+04	2.95439e-02	9.63087e-02	4.86738	5.18414	2.31180e-05
4.63062e+04	2.95463e-02	9.01172e-02	0.77675	2.26495	2.31180e-05
4.63527e+04	2.95252e-02	8.96725e-02	4.62238	5.37896	2.31180e-05
4.63993e+04	2.95411e-02	9.60454e-02	3.46437	2.51640	2.31180e-05
4.64459e+04	2.95326e-02	9.44464e-02	3.99606	5.52815	2.31180e-05
4.64925e+04	2.95380e-02	8.21542e-02	5.89295	2.53996	2.31180e-05
4.65391e+04	2.95487e-02	9.40175e-02	2.93143	5.97652	2.31180e-05
4.65857e+04	2.95299e-02	1.00648e-01	1.87723	2.60398	2.31180e-05
