# t	a	e	mean_anomaly	varpi	mass/M_star
0.00000e+00	4.68167e-02	3.16609e-02	5.37673	2.13950	3.47100e-05
4.65857e+01	4.67952e-02	3.05847e-02	0.85784	3.92855	3.47100e-05
9.31714e+01	4.67858e-02	2.90928e-02	0.88560	5.02132	3.47100e-05
1.39757e+02	4.67681e-02	2.83198e-02	5.36579	5.50197	3.47100e-05
1.86343e+02	4.67740e-02	2.76933e-02	1.82039	5.29052	3.47100e-05
2.32928e+02	4.67455e-02	2.81854e-02	2.81524	4.42184	3.47100e-05
2.79514e+02	4.67272e-02	2.66249e-02	2.06669	2.86184	3.47100e-05
3.26100e+02	4.66911e-02	2.66427e-02	6.09005	0.53871	3.47100e-05
3.72685e+02	4.66940e-02	2.57812e-02	2.18716	3.81247	3.47100e-05
4.19271e+02	4.66850e-02	2.54790e-02	2.91932	0.01185	3.47100e-05
4.65857e+02	4.66729e-02	2.51613e-02	1.91128	1.76367	3.47100e-05
5.12442e+02	4.66815e-02	2.48733e-02	5.49866	2.76204	3.47100e-05
5.59028e+02	4.66609e-02	2.31642e-02	0.99032	3.06626	3.47100e-05
6.05614e+02	4.66349e-02	2.23991e-02	1.01349	2.66900	3.47100e-05
6.52199e+02	4.66402e-02	2.42117e-02	5.75417	1.36918	3.47100e-05
6.98785e+02	4.66181e-02	2.06142e-02	2.39771	5.69558	3.47100e-05
7.45371e+02	4.65929e-02	2.22765e-02	3.67801	2.92412	3.47100e-05
7.91956e+02	4.65663e-02	2.10642e-02	3.28655	5.65405	3.47100e-05
8.38542e+02	4.65626e-02	2.17133e-02	1.21848	1.31517	3.47100e-05
8.85128e+02	4.65624e-02	1.97271e-02	3.80051	2.41890	3.47100e-05
9.31713e+02	4.65404e-02	2.01989e-02	4.77542	2.67394	3.47100e-05
9.78299e+02	4.65306e-02	2.03556e-02	3.97952	2.22960	3.47100e-05
1.02488e+03	4.65074e-02	1.87111e-02	1.49840	1.01674	3.47100e-05
1.07147e+03	4.64815e-02	1.90421e-02	3.69584	5.20340	3.47100e-05
1.11806e+03	4.64852e-02	1.76384e-02	4.22259	2.30981	3.47100e-05
1.16464e+03	4.64619e-02	1.82782e-02	2.90847	5.06772	3.47100e-05
1.21123e+03	4.64731e-02	1.83972e-02	0.02760	0.64373	3.47100e-05
1.25781e+03	4.64431e-02	1.69767e-02	1.74298	1.72769	3.47100e-05
1.30440e+03	4.64239e-02	1.64821e-02	1.89506	1.92039	3.47100e-05
1.35098e+03	4.64326e-02	1.76236e-02	0.16327	1.52693	3.47100e-05
1.39757e+03	4.63966e-02	1.74645e-02	3.25795	0.14390	3.47100e-05
1.44416e+03	4.64110e-02	1.62916e-02	4.50064	4.42926	3.47100e-05
1.49074e+03	4.63675e-02	1.65881e-02	4.12729	1.62020	3.47100e-05
1.53733e+03	4.63652e-02	1.68874e-02	2.24104	4.14007	3.47100e-05
1.58391e+03	4.63652e-02	1.63168e-02	4.85417	6.00638	3.47100e-05
1.63050e+03	4.63635e-02	1.60689e-02	5.60113	1.01478	3.47100e-05
1.67708e+03	4.63171e-02	1.55577e-02	4.88260	1.31582	3.47100e-05
1.72367e+03	4.63070e-02	1.59236e-02	2.34043	0.99625	3.47100e-05
1.77026e+03	4.62992e-02	1.46032e-02	4.32966	6.24564	3.47100e-05
1.81684e+03	4.62842e-02	1.52515e-02	4.68333	4.40633	3.47100e-05
1.86343e+03	4.62698e-02	1.54213e-02	3.17652	1.96711	3.47100e-05
1.91001e+03	4.62832e-02	1.47557e-02	6.18779	5.13646	3.47100e-05
1.95660e+03	4.62441e-02	1.43572e-02	1.15128	1.32601	3.47100e-05
2.00318e+03	4.62342e-02	1.38090e-02	0.68651	3.06805	3.47100e-05
2.04977e+03	4.62091e-02	1.35449e-02	4.73657	4.12620	3.47100e-05
2.09636e+03	4.62079e-02	1.42894e-02	0.78009	4.45970	3.47100e-05
2.14294e+03	4.61981e-02	1.45942e-02	1.25831	4.25945	3.47100e-05
2.18953e+03	4.61829e-02	1.40729e-02	0.20753	3.15150	3.47100e-05
2.23611e+03	4.61473e-02	1.44754e-02	3.58080	1.47189	3.47100e-05
2.28270e+03	4.61651e-02	1.49749e-02	5.12869	5.44239	3.47100e-05
2.32928e+03	4.61244e-02	1.37143e-02	4.81095	2.54146	3.47100e-05
2.37587e+03	4.61284e-02	1.16939e-02	2.50594	5.46781	3.47100e-05
2.42245e+03	4.61215e-02	1.40372e-02	4.62406	1.51027	3.47100e-05
2.46904e+03	4.60991e-02	1.20266e-02	4.90505	3.23538	3.47100e-05
2.51563e+03	4.60847e-02	1.47191e-02	3.18857	4.47874	3.47100e-05
2.56221e+03	4.60840e-02	1.38030e-02	5.57230	5.44178	3.47100e-05
2.60880e+03	4.60638e-02	1.23313e-02	0.28583	5.52621	3.47100e-05
2.65538e+03	4.60444e-02	1.15141e-02	6.06892	4.74476	3.47100e-05
2.70197e+03	4.60171e-02	1.05580e-02	3.27155	3.79729	3.47100e-05
2.74855e+03	4.60149e-02	1.10453e-02	4.84318	2.30966	3.47100e-05
2.79514e+03	4.59892e-02	1.14910e-02	4.48767	0.29826	3.47100e-05
2.84173e+03	4.59950e-02	1.19463e-02	2.03376	4.21660	3.47100e-05
2.88831e+03	4.59633e-02	1.37927e-02	4.25115	1.00158	3.47100e-05
2.93490e+03	4.59552e-02	1.14506e-02	4.33079	3.80389	3.47100e-05
2.98148e+03	4.58940e-02	1.30616e-02	3.92993	6.25299	3.47100e-05
3.02807e+03	4.59642e-02	1.19018e-02	0.39560	4.01549	3.47100e-05
3.07465e+03	4.58021e-02	1.21600e-02	3.72614	1.89058	3.47100e-05
3.12124e+03	4.58606e-02	1.32088e-02	4.28070	1.97429	3.47100e-05
3.16783e+03	4.58417e-02	1.85580e-02	5.06356	5.68295	3.47100e-05
3.21441e+03	4.58229e-02	1.10104e-02	0.12068	4.97787	3.47100e-05
3.26100e+03	4.57810e-02	2.93815e-03	3.51349	3.80868	3.47100e-05
3.30758e+03	4.57436e-02	4.05857e-03	3.63527	2.52419	3.47100e-05
3.35417e+03	4.57789e-02	1.23113e-02	0.03414	1.07029	3.47100e-05
3.40075e+03	4.58402e-02	1.23280e-02	4.14455	5.42369	3.47100e-05
3.44734e+03	4.57365e-02	1.39451e-02	0.49353	3.66105	3.47100e-05
3.49393e+03	4.57103e-02	1.08072e-02	5.27100	3.83401	3.47100e-05
3.54051e+03	4.56978e-02	7.70030e-03	4.58680	2.05674	3.47100e-05
3.58710e+03	4.57630e-02	1.54019e-02	2.72117	0.33125	3.47100e-05
3.63368e+03	4.57681e-02	7.99390e-03	2.37987	5.42748	3.47100e-05
3.68027e+03	4.57695e-02	2.27467e-02	1.81993	0.66217	3.47100e-05
3.72685e+03	4.56901e-02	1.81746e-02	3.31586	3.52092	3.47100e-05
3.77344e+03	4.57302e-02	1.13689e-02	3.29454	3.13457	3.47100e-05
3.82002e+03	4.57071e-02	4.81995e-03	5.14245	4.01362	3.47100e-05
3.86661e+03	4.57324e-02	1.98575e-02	5.09198	3.05377	3.47100e-05
3.91320e+03	4.56673e-02	8.90114e-03	1.84526	2.07574	3.47100e-05
3.95978e+03	4.56564e-02	1.63059e-02	3.33940	4.07172	3.47100e-05
4.00637e+03	4.56803e-02	1.20635e-02	1.48506	0.34280	3.47100e-05
4.05295e+03	4.56550e-02	1.79200e-02	6.05644	5.17370	3.47100e-05
4.09954e+03	4.56421e-02	8.01751e-03	2.56684	1.48850	3.47100e-05
4.14612e+03	4.56785e-02	1.85348e-02	2.22753	4.16415	3.47100e-05
4.19271e+03	4.56478e-02	2.45225e-02	5.86599	5.05125	3.47100e-05
4.23930e+03	4.55982e-02	1.84781e-02	5.25690	0.47358	3.47100e-05
4.28588e+03	4.56368e-02	2.77182e-02	4.82911	4.73949	3.47100e-05
4.33247e+03	4.56062e-02	2.20648e-02	4.31018	5.22824	3.47100e-05
4.37905e+03	4.56249e-02	1.18320e-02	4.48800	1.43666	3.47100e-05
4.42564e+03	4.55466e-02	2.71055e-02	5.45440	5.83549	3.47100e-05
4.47222e+03	4.56012e-02	2.77112e-02	1.00260	5.92417	3.47100e-05
4.51881e+03	4.55950e-02	1.81398e-02	4.06296	1.15342	3.47100e-05
4.56540e+03	4.55419e-02	1.86757e-02	3.84426	2.67734	3.47100e-05
4.61198e+03	4.55103e-02	2.28292e-02	5.45580	5.37199	3.47100e-05
4.65857e+03	4.55583e-02	2.38554e-02	1.98211	2.74723	3.47100e-05
4.70515e+03	4.55702e-02	1.94964e-02	5.22635	2.01886	3.47100e-05
4.75174e+03	4.55137e-02	2.88723e-02	2.92835	2.69567	3.47100e-05
4.79832e+03	4.55313e-02	1.98951e-02	0.79753	5.27258	3.47100e-05
4.84491e+03	4.55289e-02	2.09003e-02	3.92746	4.52994	3.47100e-05
4.89150e+03	4.55234e-02	2.09646e-02	0.24319	2.97387	3.47100e-05
4.93808e+03	4.55275e-02	2.30839e-02	5.03537	1.53728	3.47100e-05
4.98467e+03	4.54921e-02	2.76339e-02	6.24473	0.49926	3.47100e-05
5.03125e+03	4.54824e-02	2.45872e-02	2.35247	1.09481	3.47100e-05
5.07784e+03	4.55006e-02	2.71694e-02	5.31217	3.86321	3.47100e-05
5.12442e+03	4.54500e-02	1.99106e-02	1.95412	2.69255	3.47100e-05
5.17101e+03	4.54098e-02	3.25887e-02	3.38394	5.22408	3.47100e-05
5.21759e+03	4.54584e-02	1.42295e-02	0.28040	2.72443	3.47100e-05
5.26418e+03	4.54624e-02	4.01358e-02	4.55968	1.45619	3.47100e-05
5.31077e+03	4.54695e-02	1.97486e-02	6.19364	6.12658	3.47100e-05
5.35735e+03	4.54300e-02	3.52700e-02	2.38013	4.84259	3.47100e-05
5.40394e+03	4.53959e-02	2.92254e-02	1.57199	3.20018	3.47100e-05
5.45052e+03	4.53776e-02	4.63123e-02	1.86916	2.92577	3.47100e-05
5.49711e+03	4.54078e-02	3.72519e-02	5.94827	1.79678	3.47100e-05
5.54369e+03	4.53423e-02	2.08123e-02	0.90299	0.39565	3.47100e-05
5.59028e+03	4.53171e-02	4.46479e-02	4.97503	5.18922	3.47100e-05
5.63687e+03	4.53329e-02	3.71017e-02	5.98588	3.51720	3.47100e-05
5.68345e+03	4.53279e-02	2.30167e-02	4.32817	1.25427	3.47100e-05
5.73004e+03	4.53387e-02	4.44056e-02	4.68759	5.79941	3.47100e-05
5.77662e+03	4.53056e-02	3.48407e-02	1.63408	3.97356	3.47100e-05
5.82321e+03	4.53068e-02	3.03655e-02	2.08828	1.68125	3.47100e-05
5.86979e+03	4.52845e-02	3.85371e-02	4.17962	0.39925	3.47100e-05
5.91638e+03	4.52523e-02	3.09807e-02	3.13714	5.03044	3.47100e-05
5.96297e+03	4.52910e-02	3.75728e-02	5.35907	3.08179	3.47100e-05
6.00955e+03	4.52708e-02	3.23956e-02	3.60695	1.58814	3.47100e-05
6.05614e+03	4.52290e-02	3.43772e-02	4.62984	0.10531	3.47100e-05
6.10272e+03	4.52534e-02	3.81139e-02	2.34143	4.76038	3.47100e-05
6.14931e+03	4.52280e-02	2.70626e-02	3.02858	3.10834	3.47100e-05
6.19589e+03	4.52384e-02	4.36228e-02	5.83202	2.02608	3.47100e-05
6.24248e+03	4.52254e-02	2.88831e-02	5.41427	0.68174	3.47100e-05
6.28907e+03	4.52426e-02	2.77375e-02	1.64605	5.59813	3.47100e-05
6.33565e+03	4.52600e-02	4.23741e-02	0.02655	4.46128	3.47100e-05
6.38224e+03	4.52436e-02	2.98233e-02	1.93449	2.94280	3.47100e-05
6.42882e+03	4.52279e-02	3.67767e-02	6.16015	1.83843	3.47100e-05
6.47541e+03	4.51737e-02	2.97761e-02	0.92842	0.43857	3.47100e-05
6.52199e+03	4.51585e-02	3.63634e-02	4.74487	5.63255	3.47100e-05
6.56858e+03	4.51265e-02	3.27740e-02	4.67150	4.66722	3.47100e-05
6.61516e+03	4.51875e-02	3.79807e-02	2.07944	2.99810	3.47100e-05
6.66175e+03	4.51861e-02	3.37045e-02	0.87443	2.40362	3.47100e-05
6.70834e+03	4.51444e-02	3.87145e-02	2.60228	1.55861	3.47100e-05
6.75492e+03	4.50921e-02	2.53042e-02	0.95627	0.79415	3.47100e-05
6.80151e+03	4.51226e-02	3.71369e-02	2.12815	6.24601	3.47100e-05
6.84809e+03	4.51581e-02	3.76234e-02	5.91223	5.44071	3.47100e-05
6.89468e+03	4.51024e-02	3.72966e-02	0.19005	4.61455	3.47100e-05
6.94126e+03	4.50510e-02	3.13203e-02	3.33425	3.72029	3.47100e-05
6.98785e+03	4.50802e-02	3.99419e-02	5.32018	1.76253	3.47100e-05
7.03444e+03	4.51037e-02	3.08831e-02	2.99157	0.72256	3.47100e-05
7.08102e+03	4.50969e-02	3.32187e-02	0.37550	3.97917	3.47100e-05
7.12761e+03	4.50572e-02	3.35679e-02	1.79251	0.79863	3.47100e-05
7.17419e+03	4.50481e-02	1.95221e-02	4.07447	4.97311	3.47100e-05
7.22078e+03	4.49191e-02	2.63882e-02	3.80300	4.63397	3.47100e-05
7.26736e+03	4.49389e-02	8.40841e-03	2.89512	0.26580	3.47100e-05
7.31395e+03	4.49697e-02	8.37592e-03	3.21988	0.72591	3.47100e-05
7.36054e+03	4.50238e-02	9.44872e-03	0.16030	5.09647	3.47100e-05
7.40712e+03	4.50068e-02	2.74103e-02	6.14208	1.87846	3.47100e-05
7.45371e+03	4.50549e-02	2.65352e-02	2.92674	2.08850	3.47100e-05
7.50029e+03	4.48932e-02	3.04663e-02	3.53565	1.60554	3.47100e-05
7.54688e+03	4.49089e-02	2.62768e-02	5.40490	4.65986	3.47100e-05
7.59346e+03	4.49656e-02	3.03935e-02	4.81897	4.37127	3.47100e-05
7.64005e+03	4.50673e-02	1.16685e-02	5.38092	3.85632	3.47100e-05
7.68664e+03	4.48948e-02	3.55836e-02	5.58775	4.70199	3.47100e-05
7.73322e+03	4.49259e-02	2.60672e-02	0.35514	2.62303	3.47100e-05
7.77981e+03	4.49368e-02	3.07278e-02	2.76712	0.60751	3.47100e-05
7.82639e+03	4.49922e-02	4.01698e-02	0.54900	5.36829	3.47100e-05
7.87298e+03	4.49717e-02	4.59398e-02	4.04058	2.79170	3.47100e-05
7.91956e+03	4.50082e-02	4.65007e-02	3.04492	0.78910	3.47100e-05
7.96615e+03	4.49785e-02	4.55467e-02	5.22133	5.17437	3.47100e-05
8.01273e+03	4.48684e-02	4.04879e-02	4.90529	5.12815	3.47100e-05
8.05932e+03	4.49822e-02	2.90116e-02	0.20845	5.60824	3.47100e-05
8.10591e+03	4.48620e-02	5.04439e-02	2.08996	0.38900	3.47100e-05
8.15249e+03	4.49232e-02	5.40040e-02	3.46981	2.07854	3.47100e-05
8.19908e+03	4.49636e-02	4.36424e-02	0.23503	3.66251	3.47100e-05
8.24566e+03	4.49608e-02	4.79107e-02	3.92093	6.16217	3.47100e-05
8.29225e+03	4.48426e-02	3.74334e-02	0.40427	1.47348	3.47100e-05
8.33883e+03	4.49188e-02	4.86401e-02	3.81103	1.86241	3.47100e-05
8.38542e+03	4.48115e-02	4.48816e-02	5.10472	1.81571	3.47100e-05
8.43201e+03	4.48175e-02	4.04056e-02	1.94161	2.46381	3.47100e-05
8.47859e+03	4.48779e-02	4.63797e-02	2.17691	3.04701	3.47100e-05
8.52518e+03	4.48688e-02	3.98178e-02	4.68951	3.74114	3.47100e-05
8.57176e+03	4.47610e-02	3.23621e-02	2.84134	5.39957	3.47100e-05
8.61835e+03	4.48336e-02	5.87739e-03	3.38233	1.73842	3.47100e-05
8.66493e+03	4.48024e-02	4.16013e-02	5.76112	1.71263	3.47100e-05
8.71152e+03	4.48760e-02	4.25467e-02	4.32937	4.72002	3.47100e-05
8.75811e+03	4.48203e-02	3.62447e-02	1.65001	2.33521	3.47100e-05
8.80469e+03	4.48201e-02	3.33894e-02	3.10305	2.99038	3.47100e-05
8.85128e+03	4.48324e-02	2.40679e-02	3.01477	4.73391	3.47100e-05
8.89786e+03	4.47266e-02	2.03031e-02	2.12205	5.57056	3.47100e-05
8.94445e+03	4.46928e-02	3.94714e-02	4.54947	2.49490	3.47100e-05
8.99103e+03	4.48163e-02	4.68147e-02	0.07987	1.86500	3.47100e-05
9.03762e+03	4.47168e-02	4.77368e-02	1.20230	1.88509	3.47100e-05
9.08421e+03	4.47668e-02	3.74775e-02	4.89458	1.32278	3.47100e-05
9.13079e+03	4.48126e-02	2.89820e-02	3.71812	0.65433	3.47100e-05
9.17738e+03	4.45836e-02	4.44908e-02	0.03025	4.95581	3.47100e-05
9.22396e+03	4.48643e-02	5.84636e-02	1.70245	2.71820	3.47100e-05
9.27055e+03	4.48010e-02	2.13188e-02	0.71237	3.40614	3.47100e-05
9.31713e+03	4.45495e-02	2.18186e-02	5.74149	4.86374	3.47100e-05
9.36372e+03	4.46806e-02	3.58609e-02	0.33718	2.97330	3.47100e-05
9.41030e+03	4.47199e-02	4.67894e-02	2.00439	3.88450	3.47100e-05
9.45689e+03	4.44607e-02	5.05090e-02	1.38027	4.79579	3.47100e-05
9.50348e+03	4.44898e-02	4.43073e-02	6.17088	0.32112	3.47100e-05
9.55006e+03	4.45671e-02	1.99741e-02	4.18574	2.41625	3.47100e-05
9.59665e+03	4.44478e-02	3.91869e-02	5.48834	5.73804	3.47100e-05
9.64323e+03	4.45982e-02	2.05768e-02	3.14448	3.79527	3.47100e-05
9.68982e+03	4.46148e-02	4.56609e-02	2.87983	0.69430	3.47100e-05
9.73640e+03	4.45412e-02	3.29804e-02	5.99458	0.36389	3.47100e-05
9.78299e+03	4.46210e-02	8.27015e-03	1.14612	0.49063	3.47100e-05
9.82958e+03	4.44569e-02	7.84154e-03	0.42523	1.54831	3.47100e-05
9.87616e+03	4.45845e-02	3.44074e-02	3.42088	2.22572	3.47100e-05
9.92275e+03	4.43517e-02	2.95124e-02	3.96434	2.21026	3.47100e-05
9.96933e+03	4.45106e-02	2.07941e-02	1.69150	3.07375	3.47100e-05
1.00159e+04	4.44973e-02	1.53245e-02	4.79798	4.37025	3.47100e-05
1.00625e+04	4.44045e-02	2.85961e-02	6.09060	5.27256	3.47100e-05
1.01091e+04	4.43474e-02	2.37347e-02	2.11358	5.88527	3.47100e-05
1.01557e+04	4.43563e-02	3.43300e-02	5.58428	0.09440	3.47100e-05
1.02023e+04	4.43825e-02	2.91888e-02	2.89544	0.19126	3.47100e-05
1.02488e+04	4.44420e-02	2.80998e-02	0.82241	0.22385	3.47100e-05
1.02954e+04	4.43174e-02	7.53856e-04	3.98249	1.72082	3.47100e-05
1.03420e+04	4.44482e-02	1.95558e-02	2.90788	2.09138	3.47100e-05
1.03886e+04	4.42553e-02	3.34680e-02	2.44623	2.03479	3.47100e-05
1.04352e+04	4.43481e-02	2.97209e-02	1.89410	0.97865	3.47100e-05
1.04818e+04	4.43791e-02	1.13292e-02	0.69075	1.32108	3.47100e-05
1.05284e+04	4.42945e-02	3.49534e-02	3.25287	3.94642	3.47100e-05
1.05749e+04	4.41655e-02	2.81059e-02	3.22082	2.71048	3.47100e-05
1.06215e+04	4.43578e-02	3.28354e-02	5.26189	3.57700	3.47100e-05
1.06681e+04	4.42086e-02	2.94182e-02	5.40992	0.41950	3.47100e-05
1.07147e+04	4.42011e-02	2.89242e-02	2.86638	0.22873	3.47100e-05
1.07613e+04	4.42638e-02	2.64709e-02	4.12324	5.78516	3.47100e-05
1.08079e+04	4.41299e-02	3.33671e-02	0.32051	1.20076	3.47100e-05
1.08545e+04	4.41557e-02	5.41488e-02	2.64836	1.50349	3.47100e-05
1.09010e+04	4.40641e-02	2.13466e-02	0.15323	2.14273	3.47100e-05
1.09476e+04	4.41289e-02	4.28635e-02	5.96351	1.40682	3.47100e-05
1.09942e+04	4.40464e-02	1.48711e-02	2.54988	5.19255	3.47100e-05
1.10408e+04	4.39774e-02	1.25610e-02	2.17619	1.83778	3.47100e-05
1.10874e+04	4.40137e-02	2.94560e-02	3.36814	3.72807	3.47100e-05
1.11340e+04	4.41481e-02	2.18061e-02	2.86196	3.56316	3.47100e-05
1.11806e+04	4.40967e-02	1.28184e-02	1.35745	3.24389	3.47100e-05
1.12271e+04	4.40148e-02	3.94306e-03	0.38824	1.31668	3.47100e-05
1.12737e+04	4.39899e-02	1.18153e-02	1.94818	3.63450	3.47100e-05
1.13203e+04	4.40205e-02	1.09593e-02	0.73457	0.03630	3.47100e-05
1.13669e+04	4.40720e-02	1.37082e-02	2.34151	4.76697	3.47100e-05
1.14135e+04	4.39132e-02	2.99847e-02	2.31992	4.63775	3.47100e-05
1.14601e+04	4.39837e-02	7.29539e-03	4.10461	2.17371	3.47100e-05
1.15067e+04	4.39690e-02	3.82651e-03	4.53756	0.60149	3.47100e-05
1.15532e+04	4.38916e-02	2.39657e-02	2.14829	0.67498	3.47100e-05
1.15998e+04	4.38780e-02	1.92583e-02	3.57616	2.06834	3.47100e-05
1.16464e+04	4.38388e-02	2.36758e-02	5.15381	1.57293	3.47100e-05
1.16930e+04	4.39263e-02	1.33319e-02	3.15485	2.49606	3.47100e-05
1.17396e+04	4.38404e-02	1.44236e-02	5.81389	2.52026	3.47100e-05
1.17862e+04	4.38803e-02	2.02394e-02	5.23859	3.17955	3.47100e-05
1.18328e+04	4.37581e-02	2.02340e-02	1.99079	3.45694	3.47100e-05
1.18793e+04	4.38680e-02	9.85382e-03	2.69242	2.97826	3.47100e-05
1.19259e+04	4.38118e-02	2.63223e-02	0.93332	4.44979	3.47100e-05
1.19725e+04	4.37616e-02	1.48677e-02	4.43055	6.01199	3.47100e-05
1.20191e+04	4.37928e-02	1.25726e-02	1.85481	6.00760	3.47100e-05
1.20657e+04	4.37917e-02	7.03791e-03	4.95555	4.52808	3.47100e-05
1.21123e+04	4.37125e-02	1.63798e-02	1.06957	5.13522	3.47100e-05
1.21589e+04	4.37004e-02	2.35503e-02	5.67325	5.56318	3.47100e-05
1.22054e+04	4.36855e-02	1.44404e-02	2.35079	5.97365	3.47100e-05
1.22520e+04	4.36427e-02	2.11931e-02	3.20186	0.49309	3.47100e-05
1.22986e+04	4.36877e-02	3.35396e-03	0.03630	1.63615	3.47100e-05
1.23452e+04	4.36465e-02	1.61664e-02	1.26112	1.51133	3.47100e-05
1.23918e+04	4.37075e-02	1.59983e-02	5.69556	1.64638	3.47100e-05
1.24384e+04	4.36454e-02	1.23629e-02	4.75311	2.50501	3.47100e-05
1.24850e+04	4.36418e-02	7.90804e-03	5.68155	3.83122	3.47100e-05
1.25315e+04	4.36417e-02	1.25991e-02	0.85812	2.95510	3.47100e-05
1.25781e+04	4.36501e-02	5.82525e-03	5.13587	1.77073	3.47100e-05
1.26247e+04	4.36214e-02	6.07454e-03	5.95230	1.70287	3.47100e-05
1.26713e+04	4.35788e-02	7.91958e-03	4.81395	3.59898	3.47100e-05
1.27179e+04	4.35679e-02	1.37078e-02	4.31685	4.09067	3.47100e-05
1.27645e+04	4.35360e-02	1.36165e-02	0.53568	4.85965	3.47100e-05
1.28111e+04	4.34929e-02	1.14414e-02	1.41650	5.86309	3.47100e-05
1.28576e+04	4.35197e-02	1.33798e-02	5.09596	0.32995	3.47100e-05
1.29042e+04	4.34733e-02	1.50162e-02	2.93815	0.35467	3.47100e-05
1.29508e+04	4.35222e-02	8.80625e-03	5.14731	1.07523	3.47100e-05
1.29974e+04	4.34788e-02	5.11921e-03	0.36711	0.98360	3.47100e-05
1.30440e+04	4.34561e-02	5.06985e-03	1.15770	0.64901	3.47100e-05
1.30906e+04	4.34737e-02	5.91216e-03	5.61801	0.84640	3.47100e-05
1.31372e+04	4.34138e-02	1.39131e-02	2.04017	1.62720	3.47100e-05
1.31837e+04	4.33804e-02	1.52744e-02	5.44363	0.94929	3.47100e-05
1.32303e+04	4.33905e-02	1.14177e-02	4.63667	1.74465	3.47100e-05
1.32769e+04	4.33918e-02	1.30509e-02	3.70623	2.40879	3.47100e-05
1.33235e+04	4.34127e-02	1.44492e-02	0.38949	3.42199	3.47100e-05
1.33701e+04	4.33528e-02	8.63518e-03	2.17706	4.08896	3.47100e-05
1.34167e+04	4.33688e-02	9.22145e-03	2.62790	4.67857	3.47100e-05
1.34633e+04	4.33254e-02	1.05585e-02	2.44764	4.27874	3.47100e-05
1.35098e+04	4.32962e-02	9.70988e-03	5.99228	5.15553	3.47100e-05
1.35564e+04	4.33157e-02	5.48971e-03	1.74647	5.95164	3.47100e-05
1.36030e+04	4.32739e-02	1.50536e-02	3.95697	4.53803	3.47100e-05
1.36496e+04	4.33117e-02	3.48418e-03	4.92776	2.87883	3.47100e-05
1.36962e+04	4.32480e-02	7.75254e-03	0.34606	5.61957	3.47100e-05
1.37428e+04	4.32621e-02	7.04902e-03	2.33825	6.24492	3.47100e-05
1.37894e+04	4.32324e-02	9.96185e-03	2.99142	0.51367	3.47100e-05
1.38359e+04	4.32211e-02	4.99856e-04	5.30796	3.83637	3.47100e-05
1.38825e+04	4.32525e-02	1.81724e-02	5.67609	1.55032	3.47100e-05
1.39291e+04	4.32433e-02	4.82257e-03	0.99326	2.99920	3.47100e-05
1.39757e+04	4.31776e-02	6.75320e-03	4.24073	1.64672	3.47100e-05
1.40223e+04	4.31569e-02	5.95495e-03	0.48895	5.12593	3.47100e-05
1.40689e+04	4.31579e-02	6.41331e-03	3.79437	1.12296	3.47100e-05
1.41155e+04	4.31658e-02	8.92952e-03	0.12328	2.10413	3.47100e-05
1.41620e+04	4.31235e-02	5.10500e-03	5.79438	3.74461	3.47100e-05
1.42086e+04	4.30696e-02	1.39148e-02	1.76841	2.00852	3.47100e-05
1.42552e+04	4.31072e-02	2.19961e-02	5.15657	3.75921	3.47100e-05
1.43018e+04	4.31004e-02	1.21943e-02	0.58633	4.95023	3.47100e-05
1.43484e+04	4.30474e-02	9.60220e-03	1.34611	5.12792	3.47100e-05
1.43950e+04	4.30176e-02	1.09599e-03	2.68481	2.76919	3.47100e-05
1.44416e+04	4.30144e-02	9.81293e-03	4.35314	5.62625	3.47100e-05
1.44881e+04	4.30452e-02	9.10438e-03	4.76139	1.73976	3.47100e-05
1.45347e+04	4.30211e-02	7.33161e-03	1.76085	5.74960	3.47100e-05
1.45813e+04	4.29835e-02	1.80972e-03	1.43077	5.48499	3.47100e-05
1.46279e+04	4.29642e-02	1.83242e-02	6.06021	5.85654	3.47100e-05
1.46745e+04	4.29325e-02	5.35579e-03	1.65849	0.99328	3.47100e-05
1.47211e+04	4.29469e-02	1.36926e-02	1.66073	0.85492	3.47100e-05
1.47677e+04	4.29480e-02	7.81220e-03	4.14854	1.91837	3.47100e-05
1.48142e+04	4.29634e-02	1.90453e-02	4.65362	0.91849	3.47100e-05
1.48608e+04	4.29409e-02	4.24610e-03	1.21671	3.22755	3.47100e-05
1.49074e+04	4.29200e-02	1.35099e-02	4.49149	1.81757	3.47100e-05
1.49540e+04	4.29056e-02	9.11023e-03	1.32275	3.60918	3.47100e-05
1.50006e+04	4.29096e-02	6.40578e-03	0.10707	2.79829	3.47100e-05
1.50472e+04	4.28951e-02	7.34569e-03	0.66118	0.86727	3.47100e-05
1.50938e+04	4.28766e-02	8.82087e-03	3.67633	1.60444	3.47100e-05
1.51403e+04	4.28679e-02	8.17177e-03	3.70698	1.53814	3.47100e-05
1.51869e+04	4.28653e-02	2.17774e-02	4.54061	3.13090	3.47100e-05
1.52335e+04	4.28354e-02	4.67375e-03	0.09670	2.56375	3.47100e-05
1.52801e+04	4.28406e-02	1.01408e-02	4.43888	4.60513	3.47100e-05
1.53267e+04	4.28107e-02	5.15849e-03	4.39285	1.28033	3.47100e-05
1.53733e+04	4.28011e-02	9.00235e-03	4.38133	6.18146	3.47100e-05
1.54199e+04	4.27719e-02	5.77076e-03	4.45205	2.41550	3.47100e-05
1.54664e+04	4.27642e-02	1.35149e-02	4.92021	2.59282	3.47100e-05
1.55130e+04	4.27637e-02	2.17416e-03	0.27861	5.78129	3.47100e-05
1.55596e+04	4.27407e-02	2.72466e-03	4.94188	1.48885	3.47100e-05
1.56062e+04	4.27687e-02	4.81281e-03	5.44308	3.06222	3.47100e-05
1.56528e+04	4.27436e-02	9.54639e-03	0.29057	5.17047	3.47100e-05
1.56994e+04	4.27226e-02	5.70832e-03	0.45578	2.75638	3.47100e-05
1.57460e+04	4.27333e-02	4.76546e-03	2.00416	5.64848	3.47100e-05
1.57925e+04	4.26660e-02	2.42986e-02	0.45705	1.06115	3.47100e-05
1.58391e+04	4.26373e-02	1.62101e-02	3.95006	1.98556	3.47100e-05
1.58857e+04	4.26584e-02	1.13860e-02	5.89008	2.60009	3.47100e-05
1.59323e+04	4.27367e-02	2.74073e-02	0.72178	2.09708	3.47100e-05
1.59789e+04	4.26286e-02	2.92055e-02	1.82798	3.51020	3.47100e-05
1.60255e+04	4.25846e-02	1.87524e-02	3.44567	4.69995	3.47100e-05
1.60721e+04	4.26002e-02	1.27811e-02	2.42371	4.34856	3.47100e-05
1.61186e+04	4.25808e-02	1.56882e-02	2.22387	0.09330	3.47100e-05
1.61652e+04	4.25557e-02	1.34229e-02	0.35935	5.18059	3.47100e-05
1.62118e+04	4.25830e-02	1.24244e-02	2.08471	2.16012	3.47100e-05
1.62584e+04	4.26722e-02	3.25762e-03	4.20358	3.24565	3.47100e-05
1.63050e+04	4.25586e-02	1.48397e-02	2.49226	0.18314	3.47100e-05
1.63516e+04	4.26185e-02	9.71147e-03	0.27142	4.80987	3.47100e-05
1.63982e+04	4.25826e-02	1.62945e-02	0.54085	5.17271	3.47100e-05
1.64447e+04	4.25589e-02	6.60987e-03	0.73630	0.25991	3.47100e-05
1.64913e+04	4.24871e-02	2.46972e-02	0.36075	1.13256	3.47100e-05
1.65379e+04	4.25609e-02	8.76095e-03	1.83985	0.81781	3.47100e-05
1.65845e+04	4.25293e-02	1.97841e-02	4.04354	3.43822	3.47100e-05
1.66311e+04	4.25544e-02	8.53316e-03	5.52682	3.51027	3.47100e-05
1.66777e+04	4.25883e-02	1.50459e-02	6.06631	5.36605	3.47100e-05
1.67243e+04	4.25975e-02	1.69377e-02	5.73358	4.33936	3.47100e-05
1.67708e+04	4.23855e-02	2.49731e-02	0.24551	5.29440	3.47100e-05
1.68174e+04	4.25668e-02	1.01421e-02	4.67470	0.97207	3.47100e-05
1.68640e+04	4.23882e-02	4.87164e-03	4.08414	3.43326	3.47100e-05
1.69106e+04	4.25272e-02	1.25457e-02	2.13148	5.82371	3.47100e-05
1.69572e+04	4.24526e-02	2.07133e-02	6.20414	2.61391	3.47100e-05
1.70038e+04	4.24567e-02	1.50899e-02	1.11926	0.81185	3.47100e-05
1.70504e+04	4.24410e-02	2.28407e-02	5.34704	6.17837	3.47100e-05
1.70969e+04	4.24692e-02	2.09365e-02	1.59603	5.07103	3.47100e-05
1.71435e+04	4.24314e-02	1.33685e-02	4.24542	3.13419	3.47100e-05
1.71901e+04	4.24192e-02	1.33043e-02	1.20343	0.87331	3.47100e-05
1.72367e+04	4.24041e-02	4.40077e-03	4.12588	3.52142	3.47100e-05
1.72833e+04	4.22419e-02	9.53979e-03	4.04340	4.80546	3.47100e-05
1.73299e+04	4.23031e-02	1.87953e-02	1.39211	0.60437	3.47100e-05
1.73765e+04	4.23038e-02	6.83430e-03	1.57882	0.86555	3.47100e-05
1.74230e+04	4.23259e-02	1.61697e-02	2.52105	0.28435	3.47100e-05
1.74696e+04	4.22531e-02	9.78350e-03	1.21556	3.77447	3.47100e-05
1.75162e+04	4.22102e-02	1.57500e-02	1.96079	2.09976	3.47100e-05
1.75628e+04	4.22181e-02	7.87636e-03	3.72435	1.90752	3.47100e-05
1.76094e+04	4.22239e-02	2.51476e-02	5.12183	5.92827	3.47100e-05
1.76560e+04	4.23031e-02	1.46345e-02	5.54667	5.50302	3.47100e-05
1.77026e+04	4.21510e-02	1.11945e-02	5.56325	2.63750	3.47100e-05
1.77491e+04	4.21628e-02	3.23696e-02	1.23027	2.11580	3.47100e-05
1.77957e+04	4.22990e-02	1.22879e-02	1.23299	3.59704	3.47100e-05
1.78423e+04	4.21723e-02	1.41495e-02	3.65391	2.30533	3.47100e-05
1.78889e+04	4.22276e-02	1.67856e-02	4.36085	4.64341	3.47100e-05
1.79355e+04	4.21107e-02	8.20392e-03	0.05185	4.64852	3.47100e-05
1.79821e+04	4.21906e-02	1.87125e-02	1.66225	3.28736	3.47100e-05
1.80287e+04	4.21362e-02	1.27755e-02	2.10931	5.97635	3.47100e-05
1.80752e+04	4.21955e-02	6.64512e-03	4.97335	4.27982	3.47100e-05
1.81218e+04	4.21477e-02	1.37841e-02	1.37260	6.01474	3.47100e-05
1.81684e+04	4.21909e-02	6.25563e-03	4.27415	5.96721	3.47100e-05
1.82150e+04	4.20694e-02	1.32523e-02	3.34053	0.82806	3.47100e-05
1.82616e+04	4.21078e-02	1.85638e-02	3.68336	2.00009	3.47100e-05
1.83082e+04	4.21165e-02	4.10209e-03	0.25051	3.36485	3.47100e-05
1.83548e+04	4.21244e-02	8.65917e-03	0.25911	5.09453	3.47100e-05
1.84013e+04	4.20812e-02	1.17784e-02	5.18141	1.69157	3.47100e-05
1.84479e+04	4.20617e-02	1.51926e-02	2.10937	3.69384	3.47100e-05
1.84945e+04	4.20445e-02	9.41720e-03	0.37998	3.96575	3.47100e-05
1.85411e+04	4.20996e-02	1.40577e-02	1.54316	3.12799	3.47100e-05
1.85877e+04	4.20308e-02	1.66186e-02	2.22287	5.61703	3.47100e-05
1.86343e+04	4.20135e-02	2.35672e-02	3.12798	5.08905	3.47100e-05
1.86809e+04	4.20034e-02	2.48065e-02	3.28542	5.70206	3.47100e-05
1.87274e+04	4.19327e-02	1.31671e-02	4.34946	3.92279	3.47100e-05
1.87740e+04	4.19800e-02	1.65440e-02	4.39367	1.38172	3.47100e-05
1.88206e+04	4.20252e-02	3.25743e-03	1.82144	2.98628	3.47100e-05
1.88672e+04	4.19650e-02	2.13630e-02	2.44592	0.84873	3.47100e-05
1.89138e+04	4.19708e-02	2.45852e-02	1.97955	1.59905	3.47100e-05
1.89604e+04	4.19504e-02	2.38589e-02	5.82788	1.53921	3.47100e-05
1.90070e+04	4.19070e-02	2.47688e-02	3.05563	2.51763	3.47100e-05
1.90535e+04	4.19337e-02	2.22199e-02	3.84841	3.94677	3.47100e-05
1.91001e+04	4.19185e-02	1.86636e-02	3.51377	4.69359	3.47100e-05
1.91467e+04	4.19091e-02	2.29191e-02	0.43304	5.41883	3.47100e-05
1.91933e+04	4.19255e-02	9.11943e-03	1.22967	4.91744	3.47100e-05
1.92399e+04	4.19188e-02	2.74884e-02	1.22871	3.79932	3.47100e-05
1.92865e+04	4.18620e-02	2.02376e-02	3.78695	4.68141	3.47100e-05
1.93331e+04	4.18614e-02	9.44582e-03	3.08827	5.11264	3.47100e-05
1.93796e+04	4.18733e-02	1.13499e-02	5.64592	5.99678	3.47100e-05
1.94262e+04	4.17816e-02	2.18300e-02	5.09134	1.08059	3.47100e-05
1.94728e+04	4.18531e-02	3.06966e-02	3.96261	1.04788	3.47100e-05
1.95194e+04	4.18528e-02	1.14898e-02	2.90659	4.11830	3.47100e-05
1.95660e+04	4.17923e-02	1.05057e-02	1.60304	5.80057	3.47100e-05
1.96126e+04	4.18023e-02	1.13533e-02	1.15283	3.64716	3.47100e-05
1.96592e+04	4.17767e-02	2.78945e-02	1.06237	5.43529	3.47100e-05
1.97057e+04	4.18529e-02	1.40292e-02	4.66321	1.21693	3.47100e-05
1.97523e+04	4.17930e-02	2.34120e-02	3.51697	5.46042	3.47100e-05
1.97989e+04	4.17525e-02	1.02370e-02	2.79024	6.08602	3.47100e-05
1.98455e+04	4.17130e-02	2.27689e-02	2.38237	4.63350	3.47100e-05
1.98921e+04	4.18230e-02	1.24404e-02	2.93934	0.21860	3.47100e-05
1.99387e+04	4.17057e-02	2.11471e-02	4.71435	3.88140	3.47100e-05
1.99853e+04	4.17744e-02	1.84631e-02	5.28645	0.43093	3.47100e-05
2.00318e+04	4.17000e-02	4.96290e-03	1.81965	4.06425	3.47100e-05
2.00784e+04	4.17060e-02	3.11720e-02	4.08709	0.05974	3.47100e-05
2.01250e+04	4.17222e-02	1.02653e-03	0.95349	4.60277	3.47100e-05
2.01716e+04	4.16755e-02	2.79711e-02	0.46378	4.62887	3.47100e-05
2.02182e+04	4.17099e-02	1.57493e-02	2.52300	5.50887	3.47100e-05
2.02648e+04	4.17226e-02	1.37953e-02	4.14140	3.80468	3.47100e-05
2.03114e+04	4.16439e-02	8.50042e-03	0.54374	5.86694	3.47100e-05
2.03579e+04	4.16342e-02	2.54064e-02	0.53087	1.49706	3.47100e-05
2.04045e+04	4.16970e-02	2.22432e-02	5.14047	1.87343	3.47100e-05
2.04511e+04	4.16067e-02	1.97162e-02	5.74572	4.62956	3.47100e-05
2.04977e+04	4.15842e-02	2.96181e-02	1.04401	3.32321	3.47100e-05
2.05443e+04	4.15774e-02	6.95591e-03	1.02533	1.11127	3.47100e-05
2.05909e+04	4.16392e-02	2.55257e-02	3.90402	5.84199	3.47100e-05
2.06375e+04	4.16084e-02	1.91254e-02	5.59837	2.94584	3.47100e-05
2.06840e+04	4.16317e-02	3.55393e-02	0.07665	5.13755	3.47100e-05
2.07306e+04	4.15823e-02	2.44975e-02	5.66419	5.16211	3.47100e-05
2.07772e+04	4.16109e-02	1.22886e-02	0.71656	1.70539	3.47100e-05
2.08238e+04	4.15683e-02	2.89928e-02	4.78537	5.20122	3.47100e-05
2.08704e+04	4.16090e-02	2.58297e-02	0.16947	2.59376	3.47100e-05
2.09170e+04	4.15179e-02	2.26911e-02	5.94146	5.90106	3.47100e-05
2.09636e+04	4.15478e-02	1.99532e-02	0.95629	4.32662	3.47100e-05
2.10101e+04	4.14848e-02	3.54798e-02	2.41592	0.63586	3.47100e-05
2.10567e+04	4.15230e-02	1.95094e-02	4.28507	0.59009	3.47100e-05
2.11033e+04	4.14728e-02	9.01944e-03	5.14094	4.87563	3.47100e-05
2.11499e+04	4.14896e-02	1.19603e-02	6.08551	6.19319	3.47100e-05
2.11965e+04	4.14674e-02	2.37761e-02	5.71961	6.04833	3.47100e-05
2.12431e+04	4.14956e-02	1.37793e-02	1.15682	0.84553	3.47100e-05
2.12897e+04	4.14363e-02	2.52698e-02	1.93130	0.97006	3.47100e-05
2.13362e+04	4.14602e-02	2.28164e-02	0.01799	0.74310	3.47100e-05
2.13828e+04	4.14713e-02	3.04903e-02	5.54145	2.39025	3.47100e-05
2.14294e+04	4.14218e-02	1.64380e-02	3.90887	2.64970	3.47100e-05
2.14760e+04	4.14736e-02	3.01146e-02	0.03275	2.82295	3.47100e-05
2.15226e+04	4.13829e-02	2.26205e-02	5.04187	3.91122	3.47100e-05
2.15692e+04	4.13835e-02	2.28555e-02	2.27884	3.86563	3.47100e-05
2.16157e+04	4.13887e-02	9.74171e-03	4.40012	3.05510	3.47100e-05
2.16623e+04	4.13804e-02	1.63664e-02	1.12143	4.55624	3.47100e-05
2.17089e+04	4.13531e-02	3.13766e-02	0.90140	0.00909	3.47100e-05
2.17555e+04	4.13854e-02	1.92077e-02	3.39056	4.22634	3.47100e-05
2.18021e+04	4.13412e-02	3.07831e-02	3.19842	0.52165	3.47100e-05
2.18487e+04	4.13500e-02	2.32183e-02	1.79290	2.36118	3.47100e-05
2.18953e+04	4.12879e-02	1.84424e-02	1.02024	2.73301	3.47100e-05
2.19418e+04	4.13063e-02	1.25374e-02	3.19937	0.01220	3.47100e-05
2.19884e+04	4.12790e-02	2.38240e-02	5.59020	1.40904	3.47100e-05
2.20350e+04	4.12746e-02	1.90373e-02	4.78266	2.89491	3.47100e-05
2.20816e+04	4.12559e-02	2.51249e-02	1.71811	4.45177	3.47100e-05
2.21282e+04	4.12444e-02	1.46968e-02	0.42487	1.09650	3.47100e-05
2.21748e+04	4.12237e-02	2.80874e-02	3.41752	3.76805	3.47100e-05
2.22214e+04	4.12494e-02	2.05016e-02	2.77240	0.90718	3.47100e-05
2.22679e+04	4.12215e-02	2.78623e-02	5.46481	4.72422	3.47100e-05
2.23145e+04	4.12334e-02	2.83611e-02	4.34827	3.51750	3.47100e-05
2.23611e+04	4.12039e-02	8.45302e-03	1.20758	1.46388	3.47100e-05
2.24077e+04	4.11930e-02	2.46097e-02	4.95261	2.69393	3.47100e-05
2.24543e+04	4.12278e-02	2.02447e-02	5.51348	4.21952	3.47100e-05
2.25009e+04	4.11902e-02	2.34013e-02	4.34683	4.95465	3.47100e-05
2.25475e+04	4.12277e-02	2.53942e-02	5.76816	0.52861	3.47100e-05
2.25940e+04	4.11895e-02	2.85715e-02	4.80806	2.02840	3.47100e-05
2.26406e+04	4.11493e-02	1.53353e-02	0.94246	3.71026	3.47100e-05
2.26872e+04	4.11036e-02	2.77785e-02	6.08190	0.18392	3.47100e-05
2.27338e+04	4.11287e-02	2.93297e-02	1.51730	3.55219	3.47100e-05
2.27804e+04	4.11306e-02	2.87246e-02	5.68614	1.85029	3.47100e-05
2.28270e+04	4.11467e-02	2.08324e-02	2.01565	5.31585	3.47100e-05
2.28736e+04	4.11483e-02	3.27013e-02	1.08307	3.41085	3.47100e-05
2.29201e+04	4.11014e-02	1.34956e-02	4.19122	1.16978	3.47100e-05
2.29667e+04	4.10885e-02	2.94309e-02	5.03239	4.88113	3.47100e-05
2.30133e+04	4.10604e-02	2.22696e-02	3.24119	2.28243	3.47100e-05
2.30599e+04	4.10903e-02	2.94236e-02	5.30069	5.81211	3.47100e-05
2.31065e+04	4.10628e-02	3.27413e-02	3.35706	4.36840	3.47100e-05
2.31531e+04	4.10635e-02	1.73818e-02	5.83697	2.25132	3.47100e-05
2.31997e+04	4.10558e-02	3.41374e-02	5.20796	0.56238	3.47100e-05
2.32462e+04	4.10419e-02	3.16964e-02	0.86882	6.25664	3.47100e-05
2.32928e+04	4.10256e-02	2.30188e-02	0.73195	5.21284	3.47100e-05
2.33394e+04	4.10132e-02	2.71196e-02	3.62934	4.69881	3.47100e-05
2.33860e+04	4.09958e-02	2.45296e-02	3.71982	4.39312	3.47100e-05
2.34326e+04	4.10085e-02	2.96291e-02	0.68185	4.52547	3.47100e-05
2.34792e+04	4.10016e-02	2.74670e-02	0.70685	5.09997	3.47100e-05
2.35258e+04	4.09713e-02	2.27188e-02	4.44165	5.62220	3.47100e-05
2.35723e+04	4.09557e-02	2.31584e-02	4.75182	0.52361	3.47100e-05
2.36189e+04	4.09570e-02	2.52865e-02	2.26096	1.89901	3.47100e-05
2.36655e+04	4.09615e-02	3.00330e-02	3.55345	3.16671	3.47100e-05
2.37121e+04	4.09245e-02	3.70615e-02	2.08103	4.45169	3.47100e-05
2.37587e+04	4.09122e-02	2.86038e-02	3.84427	6.09851	3.47100e-05
2.38053e+04	4.09231e-02	2.63817e-02	2.89796	1.59184	3.47100e-05
2.38519e+04	4.09033e-02	2.90996e-02	5.02109	3.84375	3.47100e-05
2.38984e+04	4.08845e-02	2.58426e-02	4.24081	6.21419	3.47100e-05
2.39450e+04	4.09343e-02	2.73912e-02	0.44165	2.62267	3.47100e-05
2.39916e+04	4.08844e-02	2.45413e-02	3.06296	3.76231	3.47100e-05
2.40382e+04	4.08806e-02	2.80620e-02	2.61306	5.21042	3.47100e-05
2.40848e+04	4.08881e-02	3.06219e-02	3.19998	1.75577	3.47100e-05
2.41314e+04	4.08428e-02	2.13742e-02	5.62713	5.76890	3.47100e-05
2.41780e+04	4.08603e-02	3.46223e-02	5.27617	3.52758	3.47100e-05
2.42245e+04	4.08720e-02	3.08892e-02	5.75107	3.03036	3.47100e-05
2.42711e+04	4.08192e-02	3.11559e-02	2.75888	2.75362	3.47100e-05
2.43177e+04	4.08300e-02	2.75876e-02	3.72182	2.21203	3.47100e-05
2.43643e+04	4.08255e-02	2.54335e-02	4.14969	0.53840	3.47100e-05
2.44109e+04	4.08152e-02	3.26217e-02	0.38640	6.01183	3.47100e-05
2.44575e+04	4.07984e-02	3.29127e-02	3.80559	0.09871	3.47100e-05
2.45041e+04	4.07874e-02	2.92271e-02	2.34856	1.34193	3.47100e-05
2.45506e+04	4.08057e-02	2.86896e-02	4.47797	2.54738	3.47100e-05
2.45972e+04	4.07883e-02	2.50788e-02	3.98300	3.90946	3.47100e-05
2.46438e+04	4.08018e-02	2.39964e-02	1.53109	4.84600	3.47100e-05
2.46904e+04	4.07662e-02	2.29607e-02	2.54580	5.94107	3.47100e-05
2.47370e+04	4.07321e-02	2.45542e-02	1.17082	0.48785	3.47100e-05
2.47836e+04	4.07216e-02	2.69352e-02	3.20901	1.50608	3.47100e-05
2.48302e+04	4.07265e-02	2.89361e-02	2.76770	2.38446	3.47100e-05
2.48767e+04	4.06979e-02	3.30325e-02	5.74762	3.41445	3.47100e-05
2.49233e+04	4.07113e-02	3.30289e-02	6.14790	4.37446	3.47100e-05
2.49699e+04	4.06947e-02	3.44337e-02	3.70537	5.47305	3.47100e-05
2.50165e+04	4.06822e-02	3.06799e-02	4.98453	0.18966	3.47100e-05
2.50631e+04	4.06924e-02	3.19261e-02	3.49373	1.27283	3.47100e-05
2.51097e+04	4.06988e-02	2.70511e-02	5.59309	2.41112	3.47100e-05
2.51563e+04	4.06808e-02	2.83655e-02	4.95502	3.55373	3.47100e-05
2.52028e+04	4.06710e-02	2.51368e-02	1.53218	4.78208	3.47100e-05
2.52494e+04	4.06499e-02	2.77371e-02	1.89401	5.85598	3.47100e-05
2.52960e+04	4.06410e-02	2.73780e-02	5.66961	0.82611	3.47100e-05
2.53426e+04	4.06154e-02	2.95357e-02	0.70603	1.86517	3.47100e-05
2.53892e+04	4.06321e-02	3.01266e-02	5.41943	3.09741	3.47100e-05
2.54358e+04	4.05984e-02	2.87584e-02	1.24256	4.27408	3.47100e-05
2.54824e+04	4.05899e-02	3.01495e-02	0.71320	5.47774	3.47100e-05
2.55289e+04	4.05821e-02	2.71469e-02	3.66617	0.49430	3.47100e-05
2.55755e+04	4.05786e-02	2.97217e-02	4.05568	1.71426	3.47100e-05
2.56221e+04	4.05836e-02	2.87655e-02	1.45656	3.20716	3.47100e-05
2.56687e+04	4.05770e-02	3.07002e-02	2.78094	4.39177	3.47100e-05
2.57153e+04	4.05594e-02	3.16828e-02	1.09439	5.85025	3.47100e-05
2.57619e+04	4.05562e-02	3.12797e-02	3.10536	0.87710	3.47100e-05
2.58085e+04	4.05574e-02	3.12872e-02	2.00395	2.48205	3.47100e-05
2.58550e+04	4.05309e-02	3.10234e-02	4.08721	4.34650	3.47100e-05
2.59016e+04	4.05163e-02	3.39994e-02	2.78148	0.22876	3.47100e-05
2.59482e+04	4.05134e-02	3.75177e-02	5.20413	2.26287	3.47100e-05
2.59948e+04	4.05156e-02	3.22423e-02	3.30973	5.14834	3.47100e-05
2.60414e+04	4.04938e-02	3.55534e-02	3.62963	2.45694	3.47100e-05
2.60880e+04	4.04835e-02	3.35527e-02	1.50654	5.83611	3.47100e-05
2.61346e+04	4.04909e-02	2.90378e-02	2.29769	3.38690	3.47100e-05
2.61811e+04	4.04838e-02	3.41687e-02	0.60086	0.68697	3.47100e-05
2.62277e+04	4.04810e-02	3.24729e-02	2.72282	4.20717	3.47100e-05
2.62743e+04	4.04567e-02	3.12498e-02	1.91399	1.49420	3.47100e-05
2.63209e+04	4.04430e-02	3.24781e-02	4.84590	4.93700	3.47100e-05
2.63675e+04	4.04525e-02	2.92440e-02	5.01646	2.14359	3.47100e-05
2.64141e+04	4.04232e-02	3.45904e-02	2.42596	5.77359	3.47100e-05
2.64607e+04	4.04344e-02	3.42377e-02	3.85534	2.68251	3.47100e-05
2.65072e+04	4.04082e-02	3.32152e-02	2.24617	6.19022	3.47100e-05
2.65538e+04	4.04047e-02	3.76151e-02	4.63134	3.11063	3.47100e-05
2.66004e+04	4.03937e-02	2.94058e-02	4.19997	0.04393	3.47100e-05
2.66470e+04	4.03617e-02	3.10685e-02	0.97881	3.47166	3.47100e-05
2.66936e+04	4.03677e-02	3.33256e-02	1.64888	0.25135	3.47100e-05
2.67402e+04	4.03843e-02	3.22764e-02	5.92775	3.34055	3.47100e-05
2.67868e+04	4.03598e-02	3.13951e-02	1.12478	0.17882	3.47100e-05
2.68333e+04	4.03492e-02	3.74098e-02	6.22386	3.29681	3.47100e-05
2.68799e+04	4.03450e-02	3.56161e-02	2.64446	6.17355	3.47100e-05
2.69265e+04	4.03300e-02	2.68715e-02	2.81598	2.75105	3.47100e-05
2.69731e+04	4.03336e-02	3.06845e-02	6.20380	5.88487	3.47100e-05
2.70197e+04	4.03383e-02	3.54973e-02	0.72285	2.47059	3.47100e-05
2.70663e+04	4.03166e-02	3.04466e-02	5.16153	5.42367	3.47100e-05
2.71129e+04	4.02954e-02	3.34081e-02	0.38109	2.27694	3.47100e-05
2.71594e+04	4.03090e-02	3.72053e-02	5.73756	5.19184	3.47100e-05
2.72060e+04	4.02894e-02	3.47171e-02	2.19360	1.71488	3.47100e-05
2.72526e+04	4.02661e-02	2.84421e-02	2.22238	4.53421	3.47100e-05
2.72992e+04	4.02462e-02	3.05404e-02	5.65111	1.21548	3.47100e-05
2.73458e+04	4.02491e-02	3.65505e-02	0.18248	4.08001	3.47100e-05
2.73924e+04	4.02491e-02	3.39355e-02	4.70991	0.57333	3.47100e-05
2.74390e+04	4.02357e-02	2.83864e-02	6.20573	3.60848	3.47100e-05
2.74855e+04	4.02318e-02	3.23912e-02	5.26474	0.19883	3.47100e-05
2.75321e+04	4.02154e-02	3.44595e-02	1.69737	2.90182	3.47100e-05
2.75787e+04	4.02247e-02	3.36137e-02	1.66320	5.76745	3.47100e-05
2.76253e+04	4.01927e-02	3.44081e-02	5.11889	2.41122	3.47100e-05
2.76719e+04	4.01852e-02	3.34530e-02	5.88006	5.25710	3.47100e-05
2.77185e+04	4.01849e-02	3.17265e-02	3.99402	1.73613	3.47100e-05
2.77651e+04	4.01724e-02	2.91645e-02	5.45072	4.65796	3.47100e-05
2.78116e+04	4.01821e-02	3.24101e-02	4.19149	1.39476	3.47100e-05
2.78582e+04	4.01951e-02	3.83495e-02	0.42950	4.23626	3.47100e-05
2.79048e+04	4.01369e-02	3.17126e-02	0.31605	0.68363	3.47100e-05
2.79514e+04	4.01440e-02	2.70120e-02	3.56182	3.68473	3.47100e-05
2.79980e+04	4.01179e-02	3.40640e-02	4.20061	0.26336	3.47100e-05
2.80446e+04	4.00985e-02	3.63074e-02	2.03716	3.13578	3.47100e-05
2.80912e+04	4.01121e-02	3.38030e-02	3.19006	6.21451	3.47100e-05
2.81377e+04	4.01092e-02	3.29692e-02	1.65703	3.03237	3.47100e-05
2.81843e+04	4.00868e-02	3.38465e-02	3.89032	5.95011	3.47100e-05
2.82309e+04	4.00798e-02	3.21624e-02	3.57991	2.48292	3.47100e-05
2.82775e+04	4.00699e-02	2.85688e-02	0.24747	5.60814	3.47100e-05
2.83241e+04	4.00629e-02	3.58642e-02	0.38793	2.54527	3.47100e-05
2.83707e+04	4.00404e-02	3.40706e-02	4.35576	5.44724	3.47100e-05
2.84173e+04	4.00474e-02	2.82712e-02	5.62003	2.18366	3.47100e-05
2.84638e+04	4.00341e-02	3.27625e-02	4.44290	5.10760	3.47100e-05
2.85104e+04	4.00322e-02	3.76585e-02	0.27017	1.81480	3.47100e-05
2.85570e+04	4.00113e-02	3.60116e-02	5.60100	5.03665	3.47100e-05
2.86036e+04	3.99915e-02	3.40579e-02	1.21256	2.34839	3.47100e-05
2.86502e+04	4.00181e-02	3.61613e-02	1.12279	5.53474	3.47100e-05
2.86968e+04	4.00164e-02	3.00725e-02	4.40167	2.48807	3.47100e-05
2.87434e+04	4.00051e-02	3.05309e-02	4.35025	6.13113	3.47100e-05
2.87899e+04	3.99888e-02	3.54760e-02	1.48733	3.31320	3.47100e-05
2.88365e+04	3.99673e-02	3.02719e-02	2.49275	0.51943	3.47100e-05
2.88831e+04	3.99508e-02	3.66456e-02	0.56600	4.11481	3.47100e-05
2.89297e+04	3.99558e-02	3.34054e-02	2.45869	1.17324	3.47100e-05
2.89763e+04	3.99369e-02	2.99672e-02	1.51823	4.73177	3.47100e-05
2.90229e+04	3.99414e-02	3.23580e-02	4.44053	1.74648	3.47100e-05
2.90695e+04	3.99367e-02	3.15584e-02	4.66681	5.00489	3.47100e-05
2.91160e+04	3.99130e-02	3.08452e-02	1.99348	2.16716	3.47100e-05
2.91626e+04	3.98973e-02	3.69597e-02	2.89472	5.61753	3.47100e-05
2.92092e+04	3.99303e-02	3.30388e-02	1.41246	2.53449	3.47100e-05
2.92558e+04	3.98915e-02	2.74713e-02	3.27119	5.99035	3.47100e-05
2.93024e+04	3.98662e-02	3.33509e-02	2.71678	2.90734	3.47100e-05
2.93490e+04	3.98776e-02	3.35282e-02	5.88509	5.98178	3.47100e-05
2.93956e+04	3.98720e-02	3.35806e-02	6.02894	3.10124	3.47100e-05
2.94421e+04	3.98656e-02	3.45096e-02	3.55321	0.12313	3.47100e-05
2.94887e+04	3.98540e-02	3.18058e-02	4.94422	3.16902	3.47100e-05
2.95353e+04	3.98183e-02	2.95416e-02	3.43087	0.12852	3.47100e-05
2.95819e+04	3.98202e-02	3.54273e-02	5.30326	3.54925	3.47100e-05
2.96285e+04	3.98113e-02	3.48869e-02	4.78001	0.42702	3.47100e-05
2.96751e+04	3.97943e-02	2.66302e-02	1.44200	3.70050	3.47100e-05
2.97217e+04	3.97964e-02	3.31443e-02	1.70888	0.69972	3.47100e-05
2.97682e+04	3.98097e-02	3.91190e-02	5.70344	3.88326	3.47100e-05
2.98148e+04	3.98000e-02	3.13641e-02	0.84784	0.73998	3.47100e-05
2.98614e+04	3.97756e-02	3.18586e-02	0.34756	3.48322	3.47100e-05
2.99080e+04	3.97910e-02	3.85236e-02	2.81135	0.35338	3.47100e-05
2.99546e+04	3.97732e-02	3.32864e-02	3.04448	3.27618	3.47100e-05
3.00012e+04	3.97675e-02	3.06142e-02	0.29920	0.10659	3.47100e-05
3.00478e+04	3.97450e-02	3.71258e-02	4.82512	4.47484	3.47100e-05
3.00943e+04	3.97254e-02	3.31281e-02	2.12139	1.62891	3.47100e-05
3.01409e+04	3.97081e-02	3.19947e-02	3.41399	4.83990	3.47100e-05
3.01875e+04	3.97476e-02	3.32046e-02	1.31059	2.28739	3.47100e-05
3.02341e+04	3.97235e-02	5.12865e-02	5.52768	4.57859	3.47100e-05
3.02807e+04	3.97740e-02	3.53451e-02	2.22194	3.93035	3.47100e-05
3.03273e+04	3.97461e-02	1.60901e-02	5.86818	6.01697	3.47100e-05
3.03739e+04	3.96049e-02	2.39099e-02	4.11119	2.40200	3.47100e-05
3.04204e+04	3.97150e-02	3.33136e-02	5.50641	5.83863	3.47100e-05
3.04670e+04	3.97568e-02	5.83735e-02	4.47179	1.16053	3.47100e-05
3.05136e+04	3.96400e-02	2.85631e-02	2.50502	5.74807	3.47100e-05
3.05602e+04	3.96351e-02	2.82628e-02	3.60090	5.13088	3.47100e-05
3.06068e+04	3.96057e-02	4.59760e-02	0.85040	2.55989	3.47100e-05
3.06534e+04	3.97315e-02	3.98670e-02	4.71981	1.57594	3.47100e-05
3.07000e+04	3.97138e-02	4.77792e-02	5.33757	5.28337	3.47100e-05
3.07465e+04	3.96726e-02	5.60329e-02	2.95550	5.97471	3.47100e-05
3.07931e+04	3.96070e-02	2.99515e-02	1.35167	2.75200	3.47100e-05
3.08397e+04	3.95668e-02	4.14013e-02	3.72384	4.88458	3.47100e-05
3.08863e+04	3.96948e-02	5.50887e-02	5.46090	1.72174	3.47100e-05
3.09329e+04	3.97772e-02	4.90912e-02	1.42744	0.99401	3.47100e-05
3.09795e+04	3.96718e-02	2.40563e-02	0.98936	3.46740	3.47100e-05
3.10261e+04	3.96315e-02	6.39469e-02	3.64155	1.44095	3.47100e-05
3.10726e+04	3.96667e-02	6.89831e-02	2.85479	2.36037	3.47100e-05
3.11192e+04	3.96911e-02	6.07371e-02	2.75637	2.33533	3.47100e-05
3.11658e+04	3.96339e-02	5.33445e-03	2.39239	6.11895	3.47100e-05
3.12124e+04	3.96401e-02	3.24505e-02	3.94509	2.49692	3.47100e-05
3.12590e+04	3.96361e-02	4.23565e-02	5.94394	0.84067	3.47100e-05
3.13056e+04	3.96515e-02	5.28394e-02	3.60904	4.15505	3.47100e-05
3.13522e+04	3.97058e-02	1.63137e-02	1.27180	5.95959	3.47100e-05
3.13987e+04	3.96440e-02	6.46372e-02	1.39237	5.76851	3.47100e-05
3.14453e+04	3.96542e-02	4.60920e-02	1.26236	3.72493	3.47100e-05
3.14919e+04	3.96514e-02	6.86169e-02	0.13770	4.28265	3.47100e-05
3.15385e+04	3.96413e-02	6.45075e-02	1.84765	4.65433	3.47100e-05
3.15851e+04	3.95924e-02	8.65092e-02	2.70348	6.19247	3.47100e-05
3.16317e+04	3.95510e-02	1.99930e-02	0.06877	3.13484	3.47100e-05
3.16783e+04	3.96210e-02	4.12625e-02	3.41506	4.52330	3.47100e-05
3.17248e+04	3.96542e-02	6.72311e-02	5.77944	6.15248	3.47100e-05
3.17714e+04	3.96832e-02	2.02808e-02	3.96095	2.54672	3.47100e-05
3.18180e+04	3.96182e-02	8.47462e-02	0.67800	6.25253	3.47100e-05
3.18646e+04	3.96118e-02	6.92242e-02	4.76855	0.84414	3.47100e-05
3.19112e+04	3.96091e-02	7.95926e-02	2.60926	0.49393	3.47100e-05
3.19578e+04	3.95979e-02	4.21768e-02	5.08024	3.05873	3.47100e-05
3.20044e+04	3.96542e-02	7.76444e-02	5.73615	1.30875	3.47100e-05
3.20509e+04	3.96216e-02	7.08929e-02	6.11166	2.66231	3.47100e-05
3.20975e+04	3.96265e-02	7.03674e-02	5.50486	1.02773	3.47100e-05
3.21441e+04	3.96413e-02	6.23194e-02	0.96640	0.64695	3.47100e-05
3.21907e+04	3.95656e-02	3.27437e-02	2.60050	5.80313	3.47100e-05
3.22373e+04	3.95362e-02	7.08815e-02	4.12919	1.67968	3.47100e-05
3.22839e+04	3.95322e-02	7.60474e-02	4.60770	0.56752	3.47100e-05
3.23305e+04	3.95817e-02	4.82540e-02	4.42908	5.12531	3.47100e-05
3.23770e+04	3.95441e-02	6.17849e-02	1.78106	4.24209	3.47100e-05
3.24236e+04	3.96007e-02	5.88406e-02	4.95300	4.72425	3.47100e-05
3.24702e+04	3.95860e-02	6.04377e-02	0.22472	5.05440	3.47100e-05
3.25168e+04	3.96037e-02	5.52259e-02	3.84445	6.19961	3.47100e-05
3.25634e+04	3.95923e-02	6.45531e-02	4.54036	6.01437	3.47100e-05
3.26100e+04	3.96101e-02	7.67524e-02	2.05297	6.25536	3.47100e-05
3.26566e+04	3.95376e-02	6.79577e-02	3.03346	1.00512	3.47100e-05
3.27031e+04	3.95670e-02	5.26331e-02	4.81384	3.14779	3.47100e-05
3.27497e+04	3.95540e-02	6.52821e-02	4.68666	3.36250	3.47100e-05
3.27963e+04	3.95435e-02	5.28298e-02	1.25869	3.47024	3.47100e-05
3.28429e+04	3.95892e-02	6.37547e-02	4.73015	2.75324	3.47100e-05
3.28895e+04	3.95114e-02	5.93468e-02	4.13689	2.53967	3.47100e-05
3.29361e+04	3.95865e-02	5.44325e-02	1.74596	3.35189	3.47100e-05
3.29827e+04	3.95028e-02	7.02026e-02	1.40522	2.67595	3.47100e-05
3.30292e+04	3.95053e-02	5.40480e-02	4.86784	3.62280	3.47100e-05
3.30758e+04	3.95779e-02	6.70979e-02	5.98439	4.80730	3.47100e-05
3.31224e+04	3.95458e-02	6.85496e-02	2.10655	0.07570	3.47100e-05
3.31690e+04	3.94997e-02	6.38413e-02	3.53058	1.72309	3.47100e-05
3.32156e+04	3.95278e-02	8.92340e-02	5.26344	3.42103	3.47100e-05
3.32622e+04	3.96016e-02	7.87760e-02	4.40582	5.37625	3.47100e-05
3.33088e+04	3.95571e-02	6.13149e-02	4.30065	1.35754	3.47100e-05
3.33553e+04	3.95453e-02	8.42793e-02	0.88521	4.33288	3.47100e-05
3.34019e+04	3.95585e-02	7.23575e-02	0.13446	1.46911	3.47100e-05
3.34485e+04	3.95540e-02	7.29367e-02	0.12064	2.99289	3.47100e-05
3.34951e+04	3.95342e-02	8.32984e-02	3.27071	0.51959	3.47100e-05
3.35417e+04	3.94769e-02	6.81063e-02	1.67696	2.73035	3.47100e-05
3.35883e+04	3.95127e-02	7.48668e-02	0.98513	6.23132	3.47100e-05
3.36349e+04	3.94597e-02	5.18226e-02	1.56747	3.11493	3.47100e-05
3.36814e+04	3.95262e-02	7.08123e-02	0.29603	6.19390	3.47100e-05
3.37280e+04	3.95219e-02	7.16588e-02	5.64719	2.47517	3.47100e-05
3.37746e+04	3.94985e-02	6.91786e-02	5.58279	0.00729	3.47100e-05
3.38212e+04	3.94845e-02	8.70799e-02	3.66320	3.25865	3.47100e-05
3.38678e+04	3.94452e-02	7.09827e-02	2.98008	1.47677	3.47100e-05
3.39144e+04	3.95323e-02	9.35348e-02	0.21974	4.43804	3.47100e-05
3.39610e+04	3.94891e-02	7.04863e-02	4.05949	2.20142	3.47100e-05
3.40075e+04	3.94365e-02	7.14459e-02	5.81575	0.32221	3.47100e-05
3.40541e+04	3.95112e-02	5.73663e-02	2.58030	3.52959	3.47100e-05
3.41007e+04	3.94695e-02	7.16633e-02	4.52090	1.00640	3.47100e-05
3.41473e+04	3.94474e-02	1.02845e-01	6.02749	5.97354	3.47100e-05
3.41939e+04	3.95262e-02	8.21576e-02	0.72460	1.68070	3.47100e-05
3.42405e+04	3.94142e-02	6.51473e-02	1.25812	5.70841	3.47100e-05
3.42871e+04	3.94188e-02	7.32266e-02	3.74696	2.32627	3.47100e-05
3.43336e+04	3.94957e-02	5.54295e-02	1.92796	2.56558	3.47100e-05
3.43802e+04	3.94594e-02	8.67374e-02	1.44281	1.99817	3.47100e-05
3.44268e+04	3.93670e-02	6.11870e-02	1.64590	4.48993	3.47100e-05
3.44734e+04	3.95509e-02	6.15481e-02	1.98278	0.61765	3.47100e-05
3.45200e+04	3.94845e-02	8.85795e-02	3.66831	3.65585	3.47100e-05
3.45666e+04	3.94522e-02	5.22604e-02	2.31909	1.40819	3.47100e-05
3.46132e+04	3.94736e-02	9.75525e-02	0.85811	4.31414	3.47100e-05
3.46597e+04	3.94387e-02	7.66519e-02	0.26362	1.23343	3.47100e-05
3.47063e+04	3.93899e-02	9.28894e-02	4.22172	5.54422	3.47100e-05
3.47529e+04	3.94518e-02	5.15040e-02	5.24616	2.54914	3.47100e-05
3.47995e+04	3.94800e-02	7.40157e-02	4.56436	0.82275	3.47100e-05
3.48461e+04	3.94080e-02	7.42076e-02	5.46104	2.70500	3.47100e-05
3.48927e+04	3.93752e-02	7.65448e-02	5.96085	5.96331	3.47100e-05
3.49393e+04	3.94619e-02	7.64941e-02	1.05342	2.71097	3.47100e-05
3.49858e+04	3.94586e-02	5.84950e-02	3.86932	5.87214	3.47100e-05
3.50324e+04	3.94680e-02	6.41958e-02	0.75412	2.13223	3.47100e-05
3.50790e+04	3.93802e-02	8.38675e-02	0.19330	4.38915	3.47100e-05
3.51256e+04	3.94324e-02	4.94373e-02	0.26551	0.11506	3.47100e-05
3.51722e+04	3.94225e-02	8.16158e-02	1.47661	3.67485	3.47100e-05
3.52188e+04	3.94247e-02	7.63459e-02	5.42639	3.26173	3.47100e-05
3.52654e+04	3.94555e-02	8.71539e-02	2.48857	4.80104	3.47100e-05
3.53119e+04	3.93900e-02	5.79341e-02	0.27342	2.42375	3.47100e-05
3.53585e+04	3.93997e-02	8.03830e-02	0.23533	4.44165	3.47100e-05
3.54051e+04	3.94082e-02	8.85031e-02	1.79639	5.48538	3.47100e-05
3.54517e+04	3.93838e-02	9.05054e-02	4.98768	0.26798	3.47100e-05
3.54983e+04	3.93401e-02	5.62863e-02	2.44923	1.64132	3.47100e-05
3.55449e+04	3.93602e-02	5.36624e-02	0.77852	4.18848	3.47100e-05
3.55915e+04	3.94113e-02	8.40463e-02	0.37133	0.08963	3.47100e-05
3.56380e+04	3.93986e-02	7.36152e-02	2.45175	1.74982	3.47100e-05
3.56846e+04	3.93593e-02	6.29334e-02	3.01398	5.27479	3.47100e-05
3.57312e+04	3.93431e-02	5.46960e-02	1.17266	0.32753	3.47100e-05
3.57778e+04	3.93962e-02	6.78776e-02	0.05751	1.73504	3.47100e-05
3.58244e+04	3.93634e-02	7.47141e-02	0.23961	3.07713	3.47100e-05
3.58710e+04	3.93373e-02	8.60629e-02	2.10138	3.72763	3.47100e-05
3.59175e+04	3.93635e-02	4.11961e-02	3.76827	0.28813	3.47100e-05
3.59641e+04	3.93822e-02	7.37425e-02	2.80182	5.49971	3.47100e-05
3.60107e+04	3.93242e-02	8.44135e-02	0.86927	2.84704	3.47100e-05
3.60573e+04	3.93503e-02	6.55730e-02	0.19647	0.88512	3.47100e-05
3.61039e+04	3.93489e-02	5.39813e-02	2.55629	0.88723	3.47100e-05
3.61505e+04	3.93325e-02	5.77509e-02	4.45027	2.38241	3.47100e-05
3.61971e+04	3.93913e-02	4.99392e-02	3.74423	1.78776	3.47100e-05
3.62436e+04	3.93646e-02	6.98284e-02	2.68977	2.76175	3.47100e-05
3.62902e+04	3.93197e-02	5.62233e-02	3.47056	2.56592	3.47100e-05
3.63368e+04	3.93921e-02	6.35208e-02	4.15528	4.28496	3.47100e-05
3.63834e+04	3.93513e-02	6.38453e-02	2.11149	3.24879	3.47100e-05
3.64300e+04	3.92957e-02	4.93080e-02	4.96621	4.92393	3.47100e-05
3.64766e+04	3.93228e-02	7.79886e-02	5.44027	2.90286	3.47100e-05
3.65232e+04	3.93230e-02	5.85303e-02	2.93762	5.53402	3.47100e-05
3.65697e+04	3.93297e-02	6.62910e-02	3.84661	1.47646	3.47100e-05
3.66163e+04	3.93099e-02	7.99839e-02	5.70094	3.40934	3.47100e-05
3.66629e+04	3.93384e-02	6.92194e-02	3.35368	4.04393	3.47100e-05
3.67095e+04	3.93028e-02	6.50695e-02	1.01552	0.21011	3.47100e-05
3.67561e+04	3.92938e-02	6.95002e-02	1.13780	1.04572	3.47100e-05
3.68027e+04	3.93485e-02	5.75918e-02	1.23072	2.62640	3.47100e-05
3.68493e+04	3.93189e-02	7.86115e-02	3.40081	3.08013	3.47100e-05
3.68958e+04	3.93477e-02	6.31165e-02	5.70006	4.82942	3.47100e-05
3.69424e+04	3.92878e-02	8.04907e-02	3.65192	5.83812	3.47100e-05
3.69890e+04	3.92882e-02	6.13699e-02	3.03205	0.67793	3.47100e-05
3.70356e+04	3.92797e-02	6.80597e-02	3.54840	1.88681	3.47100e-05
3.70822e+04	3.93241e-02	7.27218e-02	2.86239	4.70341	3.47100e-05
3.71288e+04	3.93162e-02	7.45653e-02	4.86211	0.43897	3.47100e-05
3.71754e+04	3.92552e-02	6.66996e-02	3.00666	0.07135	3.47100e-05
3.72219e+04	3.93191e-02	8.14990e-02	0.50666	3.42532	3.47100e-05
3.72685e+04	3.92656e-02	7.48342e-02	4.18995	1.16669	3.47100e-05
3.73151e+04	3.92817e-02	8.92017e-02	3.36246	4.41781	3.47100e-05
3.73617e+04	3.92573e-02	5.78237e-02	4.14217	2.11460	3.47100e-05
3.74083e+04	3.92727e-02	5.02128e-02	3.92167	0.91963	3.47100e-05
3.74549e+04	3.92790e-02	8.74891e-02	2.20550	3.58519	3.47100e-05
3.75015e+04	3.92178e-02	8.15197e-02	1.21810	1.41683	3.47100e-05
3.75480e+04	3.92259e-02	6.90014e-02	0.14280	1.24207	3.47100e-05
3.75946e+04	3.92702e-02	5.35351e-02	4.57847	0.15545	3.47100e-05
3.76412e+04	3.92315e-02	7.36025e-02	2.02610	1.83906	3.47100e-05
3.76878e+04	3.93218e-02	6.43444e-02	6.22857	4.72520	3.47100e-05
3.77344e+04	3.92822e-02	5.62216e-02	2.05556	3.14896	3.47100e-05
3.77810e+04	3.92414e-02	9.23135e-02	1.99669	1.68317	3.47100e-05
3.78276e+04	3.92081e-02	4.93832e-02	3.07219	5.08982	3.47100e-05
3.78741e+04	3.91993e-02	6.19566e-02	3.21455	2.67607	3.47100e-05
3.79207e+04	3.92342e-02	7.15697e-02	1.03080	6.05281	3.47100e-05
3.79673e+04	3.92220e-02	6.15448e-02	5.38526	4.30173	3.47100e-05
3.80139e+04	3.92284e-02	1.08433e-01	5.28607	2.18518	3.47100e-05
3.80605e+04	3.92454e-02	8.68003e-02	5.71409	2.13370	3.47100e-05
3.81071e+04	3.92233e-02	8.52045e-02	1.65876	0.54313	3.47100e-05
3.81537e+04	3.92562e-02	8.39245e-02	6.04451	6.14153	3.47100e-05
3.82002e+04	3.92518e-02	8.44186e-02	4.12786	5.61602	3.47100e-05
3.82468e+04	3.92020e-02	4.66089e-02	2.21403	3.66728	3.47100e-05
3.82934e+04	3.92156e-02	1.02834e-01	5.21201	5.81231	3.47100e-05
3.83400e+04	3.91916e-02	9.73582e-02	2.66704	4.98958	3.47100e-05
3.83866e+04	3.91503e-02	7.72915e-02	0.36032	4.35539	3.47100e-05
3.84332e+04	3.92140e-02	6.43373e-02	6.10526	3.66582	3.47100e-05
3.84798e+04	3.91993e-02	7.83101e-02	1.85432	2.06174	3.47100e-05
3.85263e+04	3.91770e-02	9.65057e-02	4.14793	0.57405	3.47100e-05
3.85729e+04	3.92142e-02	6.08667e-02	3.73411	0.73389	3.47100e-05
3.86195e+04	3.91899e-02	9.12634e-02	4.51116	1.18727	3.47100e-05
3.86661e+04	3.91700e-02	7.18370e-02	4.31589	6.04422	3.47100e-05
3.87127e+04	3.91953e-02	8.24623e-02	5.17665	4.46211	3.47100e-05
3.87593e+04	3.91717e-02	4.73121e-02	2.37368	0.34042	3.47100e-05
3.88059e+04	3.91118e-02	8.71661e-02	3.21441	5.61533	3.47100e-05
3.88524e+04	3.91251e-02	8.40503e-02	1.48360	4.19278	3.47100e-05
3.88990e+04	3.91624e-02	6.03652e-02	2.11659	1.37251	3.47100e-05
3.89456e+04	3.92180e-02	8.78403e-02	0.62397	6.25897	3.47100e-05
3.89922e+04	3.91284e-02	6.22154e-02	2.56320	4.10685	3.47100e-05
3.90388e+04	3.91268e-02	5.58651e-02	3.80616	2.78277	3.47100e-05
3.90854e+04	3.91974e-02	8.35697e-02	2.24638	0.11879	3.47100e-05
3.91320e+04	3.91453e-02	6.01438e-02	3.79080	1.40293	3.47100e-05
3.91785e+04	3.91545e-02	7.36005e-02	0.64515	2.46760	3.47100e-05
3.92251e+04	3.91889e-02	6.08733e-02	3.82831	4.78311	3.47100e-05
3.92717e+04	3.91112e-02	7.49279e-02	3.17296	5.19881	3.47100e-05
3.93183e+04	3.91472e-02	5.99117e-02	2.81594	1.48063	3.47100e-05
3.93649e+04	3.91812e-02	7.01082e-02	4.36522	1.68006	3.47100e-05
3.94115e+04	3.91025e-02	6.47411e-02	6.20451	4.54017	3.47100e-05
3.94581e+04	3.91725e-02	7.96827e-02	4.36742	4.69644	3.47100e-05
3.95046e+04	3.91145e-02	6.40438e-02	2.05107	0.78378	3.47100e-05
3.95512e+04	3.91166e-02	8.05541e-02	2.81188	1.28587	3.47100e-05
3.95978e+04	3.91710e-02	5.51048e-02	2.95996	3.41288	3.47100e-05
3.96444e+04	3.91104e-02	7.58827e-02	5.42097	4.69774	3.47100e-05
3.96910e+04	3.91071e-02	6.53831e-02	2.59753	6.03348	3.47100e-05
3.97376e+04	3.91293e-02	7.35861e-02	0.41807	1.72837	3.47100e-05
3.97842e+04	3.91120e-02	6.44132e-02	0.42135	2.69259	3.47100e-05
3.98307e+04	3.91397e-02	7.88718e-02	0.22788	5.24845	3.47100e-05
3.98773e+04	3.91267e-02	7.28551e-02	3.04562	5.75992	3.47100e-05
3.99239e+04	3.91024e-02	6.50865e-02	4.84673	2.30681	3.47100e-05
3.99705e+04	3.90788e-02	6.27375e-02	3.78122	2.80954	3.47100e-05
4.00171e+04	3.91176e-02	7.35561e-02	1.84800	5.81035	3.47100e-05
4.00637e+04	3.90650e-02	7.68427e-02	2.74239	0.28592	3.47100e-05
4.01103e+04	3.91305e-02	5.95615e-02	3.88466	2.85446	3.47100e-05
4.01568e+04	3.91005e-02	6.96584e-02	0.26943	4.02303	3.47100e-05
4.02034e+04	3.90832e-02	6.35088e-02	4.19438	0.06962	3.47100e-05
4.02500e+04	3.90924e-02	7.53109e-02	2.60190	1.75030	3.47100e-05
4.02966e+04	3.90762e-02	6.20423e-02	3.27467	3.31957	3.47100e-05
4.03432e+04	3.91135e-02	7.93268e-02	3.38890	5.97651	3.47100e-05
4.03898e+04	3.90681e-02	7.45408e-02	0.71784	0.41668	3.47100e-05
4.04364e+04	3.90827e-02	7.02178e-02	2.85966	3.76587	3.47100e-05
4.04829e+04	3.90909e-02	6.84215e-02	2.69063	4.30767	3.47100e-05
4.05295e+04	3.90892e-02	7.70555e-02	0.98632	1.33756	3.47100e-05
4.05761e+04	3.90638e-02	7.59480e-02	3.01337	2.16960	3.47100e-05
4.06227e+04	3.90970e-02	5.89404e-02	4.08069	4.95520	3.47100e-05
4.06693e+04	3.90639e-02	7.29420e-02	1.54473	0.35061	3.47100e-05
4.07159e+04	3.90568e-02	6.88242e-02	5.81443	2.21829	3.47100e-05
4.07625e+04	3.90845e-02	6.92465e-02	5.07448	4.63576	3.47100e-05
4.08090e+04	3.90413e-02	6.97219e-02	5.95961	6.07005	3.47100e-05
4.08556e+04	3.90759e-02	7.05158e-02	0.77346	2.63134	3.47100e-05
4.09022e+04	3.90287e-02	7.42531e-02	4.52727	3.83195	3.47100e-05
4.09488e+04	3.90930e-02	6.70532e-02	1.42146	0.51831	3.47100e-05
4.09954e+04	3.90492e-02	8.35895e-02	1.34006	2.00397	3.47100e-05
4.10420e+04	3.90362e-02	5.57880e-02	1.01323	4.27618	3.47100e-05
4.10886e+04	3.90547e-02	7.56821e-02	2.55702	0.31837	3.47100e-05
4.11351e+04	3.90185e-02	6.60825e-02	5.28895	2.14510	3.47100e-05
4.11817e+04	3.90275e-02	7.35728e-02	2.59613	4.69274	3.47100e-05
4.12283e+04	3.90478e-02	6.41174e-02	1.44659	0.26558	3.47100e-05
4.12749e+04	3.90443e-02	7.43305e-02	1.32310	2.90923	3.47100e-05
4.13215e+04	3.89936e-02	7.64792e-02	2.30159	4.74574	3.47100e-05
4.13681e+04	3.90508e-02	6.56354e-02	4.65636	0.86954	3.47100e-05
4.14147e+04	3.90225e-02	7.57608e-02	1.85307	3.28432	3.47100e-05
4.14612e+04	3.89855e-02	6.54211e-02	0.34245	5.36438	3.47100e-05
4.15078e+04	3.90337e-02	7.31933e-02	5.59655	1.87851	3.47100e-05
4.15544e+04	3.90191e-02	7.44684e-02	0.86537	3.65992	3.47100e-05
4.16010e+04	3.89860e-02	7.14476e-02	2.23103	0.31161	3.47100e-05
4.16476e+04	3.90316e-02	6.91533e-02	5.56464	2.26570	3.47100e-05
4.16942e+04	3.90127e-02	7.92153e-02	3.48020	5.07275	3.47100e-05
4.17408e+04	3.90123e-02	6.74618e-02	2.91964	0.91530	3.47100e-05
4.17873e+04	3.90067e-02	6.53876e-02	3.17122	3.59734	3.47100e-05
4.18339e+04	3.89837e-02	7.61443e-02	4.42354	6.18540	3.47100e-05
4.18805e+04	3.89928e-02	7.27394e-02	1.61335	1.92379	3.47100e-05
4.19271e+04	3.89962e-02	7.19651e-02	4.91189	5.18826	3.47100e-05
4.19737e+04	3.89801e-02	7.64544e-02	4.49810	0.63185	3.47100e-05
4.20203e+04	3.89888e-02	6.96872e-02	3.80847	3.86321	3.47100e-05
4.20669e+04	3.89990e-02	7.43850e-02	5.70864	5.93645	3.47100e-05
4.21134e+04	3.89999e-02	6.70620e-02	1.65471	2.49107	3.47100e-05
4.21600e+04	3.89698e-02	7.32671e-02	5.09563	5.15572	3.47100e-05
4.22066e+04	3.89719e-02	7.83407e-02	3.99100	1.17813	3.47100e-05
4.22532e+04	3.89696e-02	6.84360e-02	3.45025	4.19450	3.47100e-05
4.22998e+04	3.89664e-02	7.33561e-02	4.68940	0.10950	3.47100e-05
4.23464e+04	3.90018e-02	6.72180e-02	6.20737	3.20623	3.47100e-05
4.23930e+04	3.89753e-02	7.44061e-02	3.85104	5.45243	3.47100e-05
4.24395e+04	3.89529e-02	7.47518e-02	1.65869	2.26296	3.47100e-05
4.24861e+04	3.89561e-02	7.24524e-02	1.19674	4.71236	3.47100e-05
4.25327e+04	3.89784e-02	6.98573e-02	1.58327	1.28201	3.47100e-05
4.25793e+04	3.89527e-02	7.42452e-02	3.41077	4.16298	3.47100e-05
4.26259e+04	3.89191e-02	7.31947e-02	0.36799	0.23643	3.47100e-05
4.26725e+04	3.89293e-02	7.17848e-02	3.68405	3.56167	3.47100e-05
4.27191e+04	3.89530e-02	7.88004e-02	3.25522	5.77091	3.47100e-05
4.27656e+04	3.89822e-02	6.80930e-02	3.20565	2.66944	3.47100e-05
4.28122e+04	3.89446e-02	7.45081e-02	4.96840	5.27017	3.47100e-05
4.28588e+04	3.89069e-02	6.95657e-02	0.95835	1.86334	3.47100e-05
4.29054e+04	3.89094e-02	7.78751e-02	4.46057	4.83474	3.47100e-05
4.29520e+04	3.89257e-02	7.62829e-02	3.43763	1.03816	3.47100e-05
4.29986e+04	3.89296e-02	7.21901e-02	2.93814	4.29619	3.47100e-05
4.30452e+04	3.89218e-02	7.53504e-02	4.36977	0.45843	3.47100e-05
4.30917e+04	3.89070e-02	6.57979e-02	5.88641	3.76229	3.47100e-05
4.31383e+04	3.89410e-02	7.79120e-02	3.21355	0.04685	3.47100e-05
4.31849e+04	3.89359e-02	7.16004e-02	1.45601	2.98959	3.47100e-05
4.32315e+04	3.89408e-02	7.28954e-02	0.86315	6.02392	3.47100e-05
4.32781e+04	3.88853e-02	7.54436e-02	1.61023	2.39186	3.47100e-05
4.33247e+04	3.88978e-02	7.14684e-02	2.71622	5.76336	3.47100e-05
4.33713e+04	3.88976e-02	8.00077e-02	6.01038	1.95655	3.47100e-05
4.34178e+04	3.89041e-02	7.24917e-02	3.46793	5.23611	3.47100e-05
4.34644e+04	3.88983e-02	7.66794e-02	2.68547	1.70328	3.47100e-05
4.35110e+04	3.88974e-02	7.18595e-02	2.71116	4.70802	3.47100e-05
4.35576e+04	3.88818e-02	7.45514e-02	3.63785	1.56781	3.47100e-05
4.36042e+04	3.88945e-02	7.41450e-02	0.06778	4.24647	3.47100e-05
4.36508e+04	3.88964e-02	7.12103e-02	3.16223	1.35006	3.47100e-05
4.36974e+04	3.89362e-02	7.40770e-02	2.05148	4.01220	3.47100e-05
4.37439e+04	3.88898e-02	7.34330e-02	1.44091	1.06334	3.47100e-05
4.37905e+04	3.88912e-02	7.45530e-02	2.47346	3.86340	3.47100e-05
4.38371e+04	3.89002e-02	6.91313e-02	4.30817	0.73592	3.47100e-05
4.38837e+04	3.88906e-02	7.14122e-02	0.84157	3.82584	3.47100e-05
4.39303e+04	3.88720e-02	7.21721e-02	5.21974	0.46238	3.47100e-05
4.39769e+04	3.89012e-02	7.67083e-02	4.05443	3.74707	3.47100e-05
4.40235e+04	3.89199e-02	7.18540e-02	4.66935	0.18315	3.47100e-05
4.40700e+04	3.89255e-02	7.58213e-02	5.85812	3.61061	3.47100e-05
4.41166e+04	3.88724e-02	7.39454e-02	2.19679	0.16280	3.47100e-05
4.41632e+04	3.88715e-02	7.13412e-02	5.79158	3.39539	3.47100e-05
4.42098e+04	3.88732e-02	7.62371e-02	4.26184	0.12244	3.47100e-05
4.42564e+04	3.88711e-02	6.59663e-02	3.81137	3.23935	3.47100e-05
4.43030e+04	3.88563e-02	7.83932e-02	4.52462	0.16578	3.47100e-05
4.43496e+04	3.88536e-02	7.34965e-02	0.35427	3.09126	3.47100e-05
4.43961e+04	3.88881e-02	7.37576e-02	3.35754	0.14738	3.47100e-05
4.44427e+04	3.88716e-02	7.40318e-02	1.48997	3.00628	3.47100e-05
4.44893e+04	3.88593e-02	6.99423e-02	0.26547	0.18630	3.47100e-05
4.45359e+04	3.88538e-02	7.68578e-02	0.57140	3.05744	3.47100e-05
4.45825e+04	3.88544e-02	6.91218e-02	1.60093	0.13742	3.47100e-05
4.46291e+04	3.88716e-02	7.46901e-02	4.18547	3.14277	3.47100e-05
4.46757e+04	3.88636e-02	7.26593e-02	1.33175	0.09436	3.47100e-05
4.47222e+04	3.88765e-02	7.74850e-02	6.03466	3.35033	3.47100e-05
4.47688e+04	3.88465e-02	7.36479e-02	5.82463	6.27091	3.47100e-05
4.48154e+04	3.88490e-02	7.23685e-02	6.08675	3.55188	3.47100e-05
4.48620e+04	3.88228e-02	7.58063e-02	1.81895	0.05511	3.47100e-05
4.49086e+04	3.88457e-02	7.25506e-02	4.16254	3.64882	3.47100e-05
4.49552e+04	3.88267e-02	7.75638e-02	2.09706	0.26825	3.47100e-05
4.50018e+04	3.88514e-02	7.04135e-02	0.85559	3.63416	3.47100e-05
4.50483e+04	3.88525e-02	7.95716e-02	0.68819	0.61420	3.47100e-05
4.50949e+04	3.88428e-02	7.23766e-02	1.95496	3.55055	3.47100e-05
4.51415e+04	3.88174e-02	7.49735e-02	3.61699	0.85208	3.47100e-05
4.51881e+04	3.87924e-02	7.19753e-02	0.76365	3.71746	3.47100e-05
4.52347e+04	3.88145e-02	7.36154e-02	4.76197	0.96786	3.47100e-05
4.52813e+04	3.88327e-02	7.60097e-02	3.89966	3.95929	3.47100e-05
4.53279e+04	3.88290e-02	7.12704e-02	4.05623	0.99916	3.47100e-05
4.53744e+04	3.88257e-02	7.57398e-02	5.39305	4.20860	3.47100e-05
4.54210e+04	3.88039e-02	7.31474e-02	1.54849	1.13067	3.47100e-05
4.54676e+04	3.87993e-02	7.64174e-02	4.94238	4.39726	3.47100e-05
4.55142e+04	3.87980e-02	7.05234e-02	3.10319	1.19492	3.47100e-05
4.55608e+04	3.87924e-02	7.47249e-02	2.20320	4.63086	3.47100e-05
4.56074e+04	3.88056e-02	7.44655e-02	2.65378	1.36811	3.47100e-05
4.56540e+04	3.87864e-02	7.61161e-02	3.94952	4.81936	3.47100e-05
4.57005e+04	3.87850e-02	7.71068e-02	0.46838	1.58021	3.47100e-05
4.57471e+04	3.87753e-02	7.20182e-02	3.89503	5.02497	3.47100e-05
4.57937e+04	3.87785e-02	7.81771e-02	2.36830	1.92801	3.47100e-05
4.58403e+04	3.87683e-02	7.28239e-02	1.72983	5.10742	3.47100e-05
4.58869e+04	3.87883e-02	7.46527e-02	1.88188	2.29370	3.47100e-05
4.59335e+04	3.87803e-02	7.68367e-02	3.68179	5.26207	3.47100e-05
4.59801e+04	3.87662e-02	7.69866e-02	6.00005	2.53705	3.47100e-05
4.60266e+04	3.87543e-02	7.84917e-02	3.66969	5.52886	3.47100e-05
4.60732e+04	3.87457e-02	7.27491e-02	1.94013	2.65401	3.47100e-05
4.61198e+04	3.87159e-02	7.65701e-02	1.22042	5.94348	3.47100e-05
4.61664e+04	3.87496e-02	7.62335e-02	1.85521	2.73890	3.47100e-05
4.62130e+04	3.87453e-02	7.42776e-02	3.07105	6.18436	3.47100e-05
4.62596e+04	3.87691e-02	7.75687e-02	5.76894	2.95749	3.47100e-05
4.63062e+04	3.87751e-02	7.58570e-02	2.99192	0.04110	3.47100e-05
4.63527e+04	3.87539e-02	7.80263e-02	1.29666	3.21538	3.47100e-05
4.63993e+04	3.87431e-02	7.44481e-02	0.67887	0.14734	3.47100e-05
4.64459e+04	3.87300e-02	7.50099e-02	0.73467	3.47725	3.47100e-05
4.64925e+04	3.87170e-02	7.68694e-02	2.12259	0.33296	3.47100e-05
4.65391e+04	3.87419e-02	7.64334e-02	4.45616	3.62645	3.47100e-05
4.65857e+04	3.87403e-02	7.45052e-02	1.53734	0.46600	3.47100e-05
