# t	a	e	mean_anomaly	varpi	mass/M_star
0.00000e+00	5.67616e-02	2.65133e-02	0.90618	5.27866	4.41310e-05
4.65857e+01	5.67297e-02	2.57146e-02	0.65046	0.77364	4.41310e-05
9.31714e+01	5.66941e-02	2.51445e-02	3.81739	1.86005	4.41310e-05
1.39757e+02	5.66839e-02	2.48313e-02	4.02733	2.35921	4.41310e-05
1.86343e+02	5.66655e-02	2.43241e-02	1.34387	2.18686	4.41310e-05
2.32928e+02	5.66676e-02	2.31372e-02	2.12177	1.28108	4.41310e-05
2.79514e+02	5.66545e-02	2.35759e-02	6.25756	6.00937	4.41310e-05
3.26100e+02	5.66470e-02	2.24279e-02	1.44041	3.66604	4.41310e-05
3.72685e+02	5.66122e-02	2.21262e-02	0.06476	0.66559	4.41310e-05
4.19271e+02	5.66076e-02	2.17288e-02	2.18775	3.15392	4.41310e-05
4.65857e+02	5.65866e-02	2.12324e-02	1.41839	4.93046	4.41310e-05
5.12442e+02	5.65685e-02	2.02279e-02	4.09037	5.95468	4.41310e-05
5.59028e+02	5.65448e-02	1.93829e-02	3.90387	6.20443	4.41310e-05
6.05614e+02	5.65437e-02	2.00818e-02	0.74589	5.81211	4.41310e-05
6.52199e+02	5.65389e-02	1.85131e-02	1.11620	4.57410	4.41310e-05
6.98785e+02	5.65304e-02	1.97835e-02	4.97803	2.52203	4.41310e-05
7.45371e+02	5.65176e-02	1.85745e-02	5.97106	6.00351	4.41310e-05
7.91956e+02	5.64948e-02	1.73708e-02	4.07557	2.46756	4.41310e-05
8.38542e+02	5.64696e-02	1.77231e-02	5.62697	4.44618	4.41310e-05
8.85128e+02	5.64456e-02	1.74725e-02	4.46453	5.51846	4.41310e-05
9.31713e+02	5.64682e-02	1.74211e-02	0.40896	5.85977	4.41310e-05
9.78299e+02	5.64314e-02	1.67296e-02	6.13421	5.37849	4.41310e-05
1.02488e+03	5.64008e-02	1.66109e-02	2.72970	4.11280	4.41310e-05
1.07147e+03	5.63891e-02	1.56197e-02	2.74060	2.10140	4.41310e-05
1.11806e+03	5.63711e-02	1.62850e-02	6.27901	5.49742	4.41310e-05
1.16464e+03	5.63565e-02	1.55085e-02	0.64483	1.88643	4.41310e-05
1.21123e+03	5.63553e-02	1.51156e-02	4.75375	3.75397	4.41310e-05
1.25781e+03	5.63430e-02	1.54232e-02	6.04668	4.83803	4.41310e-05
1.30440e+03	5.62986e-02	1.49044e-02	4.52249	5.11336	4.41310e-05
1.35098e+03	5.62750e-02	1.41876e-02	0.17648	4.60747	4.41310e-05
1.39757e+03	5.62836e-02	1.44735e-02	5.56340	3.31434	4.41310e-05
1.44416e+03	5.62719e-02	1.44068e-02	1.80617	1.28522	4.41310e-05
1.49074e+03	5.62479e-02	1.30860e-02	1.52684	4.73341	4.41310e-05
1.53733e+03	5.62249e-02	1.33033e-02	4.80938	1.03092	4.41310e-05
1.58391e+03	5.62132e-02	1.37818e-02	5.14068	2.95617	4.41310e-05
1.63050e+03	5.61834e-02	1.27886e-02	2.65905	4.10447	4.41310e-05
1.67708e+03	5.61754e-02	1.35339e-02	3.65634	4.46959	4.41310e-05
1.72367e+03	5.61843e-02	1.29309e-02	1.70419	4.18098	4.41310e-05
1.77026e+03	5.61643e-02	1.29863e-02	3.29164	3.05182	4.41310e-05
1.81684e+03	5.61248e-02	1.25779e-02	1.83022	1.37694	4.41310e-05
1.86343e+03	5.61294e-02	1.28507e-02	3.99886	5.06370	4.41310e-05
1.91001e+03	5.60640e-02	1.23753e-02	3.11195	1.92969	4.41310e-05
1.95660e+03	5.61229e-02	1.25871e-02	5.64419	4.36748	4.41310e-05
2.00318e+03	5.60822e-02	1.18994e-02	5.28240	6.11674	4.41310e-05
2.04977e+03	5.60602e-02	1.19942e-02	2.00355	0.93018	4.41310e-05
2.09636e+03	5.60574e-02	1.14245e-02	2.15808	1.31277	4.41310e-05
2.14294e+03	5.60752e-02	1.19014e-02	5.73538	0.99028	4.41310e-05
2.18953e+03	5.60136e-02	1.18628e-02	0.19959	6.23339	4.41310e-05
2.23611e+03	5.60217e-02	1.10758e-02	4.31219	4.54323	4.41310e-05
2.28270e+03	5.59768e-02	1.14003e-02	5.40259	2.31621	4.41310e-05
2.32928e+03	5.59943e-02	1.10338e-02	3.50501	5.80929	4.41310e-05
2.37587e+03	5.59802e-02	1.15170e-02	5.07935	2.27280	4.41310e-05
2.42245e+03	5.59370e-02	1.12114e-02	3.44878	4.67051	4.41310e-05
2.46904e+03	5.59119e-02	1.07303e-02	5.20716	0.13501	4.41310e-05
2.51563e+03	5.59071e-02	1.11617e-02	3.91305	1.39670	4.41310e-05
2.56221e+03	5.58748e-02	1.10927e-02	5.91608	2.12171	4.41310e-05
2.60880e+03	5.58860e-02	1.12182e-02	5.03170	2.25899	4.41310e-05
2.65538e+03	5.58875e-02	1.00565e-02	1.36186	1.66957	4.41310e-05
2.70197e+03	5.58435e-02	1.06010e-02	0.81873	0.70180	4.41310e-05
2.74855e+03	5.58474e-02	1.02322e-02	3.68919	5.36320	4.41310e-05
2.79514e+03	5.58109e-02	1.02053e-02	3.33074	3.44180	4.41310e-05
2.84173e+03	5.58219e-02	1.10986e-02	0.00269	0.96439	4.41310e-05
2.88831e+03	5.57833e-02	1.04457e-02	0.06909	4.14886	4.41310e-05
2.93490e+03	5.57776e-02	1.05300e-02	3.13226	0.79993	4.41310e-05
2.98148e+03	5.57997e-02	1.15439e-02	2.93039	3.15913	4.41310e-05
3.02807e+03	5.57175e-02	8.58463e-03	3.46494	1.11925	4.41310e-05
3.07465e+03	5.58279e-02	1.35741e-02	6.12159	4.88657	4.41310e-05
3.12124e+03	5.57748e-02	1.01939e-02	1.33110	5.12870	4.41310e-05
3.16783e+03	5.57636e-02	1.32816e-02	3.48775	2.68060	4.41310e-05
3.21441e+03	5.57028e-02	5.38644e-03	5.63456	2.08228	4.41310e-05
3.26100e+03	5.57217e-02	6.72227e-03	5.52693	2.79766	4.41310e-05
3.30758e+03	5.56939e-02	8.72602e-03	5.57757	4.27214	4.41310e-05
3.35417e+03	5.56793e-02	1.45001e-02	6.13724	4.55981	4.41310e-05
3.40075e+03	5.56010e-02	1.79258e-03	1.61875	5.43623	4.41310e-05
3.44734e+03	5.56764e-02	3.95681e-03	5.94215	1.28087	4.41310e-05
3.49393e+03	5.56561e-02	1.04894e-02	4.08665	0.44017	4.41310e-05
3.54051e+03	5.56402e-02	1.04718e-02	0.09329	5.57838	4.41310e-05
3.58710e+03	5.55978e-02	2.78851e-03	4.65151	4.04917	4.41310e-05
3.63368e+03	5.55665e-02	1.01116e-02	0.45914	1.98729	4.41310e-05
3.68027e+03	5.55546e-02	8.60257e-03	2.10585	2.94851	4.41310e-05
3.72685e+03	5.55732e-02	1.31495e-02	3.44823	0.92454	4.41310e-05
3.77344e+03	5.54839e-02	2.64394e-03	0.04950	0.58065	4.41310e-05
3.82002e+03	5.54802e-02	5.40284e-03	6.18704	0.14836	4.41310e-05
3.86661e+03	5.54766e-02	2.78285e-03	2.03678	0.03516	4.41310e-05
3.91320e+03	5.54569e-02	1.22853e-03	0.58189	6.15542	4.41310e-05
3.95978e+03	5.54978e-02	1.28344e-02	0.61884	1.38446	4.41310e-05
4.00637e+03	5.54643e-02	1.50036e-02	3.57764	2.50640	4.41310e-05
4.05295e+03	5.54302e-02	1.36218e-02	4.47559	2.09707	4.41310e-05
4.09954e+03	5.53866e-02	1.17325e-02	5.16975	4.58667	4.41310e-05
4.14612e+03	5.53539e-02	7.82368e-03	1.82499	0.88955	4.41310e-05
4.19271e+03	5.53685e-02	8.09070e-03	1.91300	2.80952	4.41310e-05
4.23930e+03	5.53911e-02	1.30530e-02	5.44155	3.75353	4.41310e-05
4.28588e+03	5.54032e-02	1.08614e-02	2.42396	1.20057	4.41310e-05
4.33247e+03	5.53487e-02	1.06862e-02	5.86944	1.02420	4.41310e-05
4.37905e+03	5.52837e-02	1.24046e-02	1.27308	5.13489	4.41310e-05
4.42564e+03	5.53366e-02	3.91044e-03	5.45178	2.94883	4.41310e-05
4.47222e+03	5.52933e-02	1.51644e-02	4.13627	2.48554	4.41310e-05
4.51881e+03	5.52484e-02	9.79910e-03	3.39760	4.02441	4.41310e-05
4.56540e+03	5.53010e-02	1.38909e-02	4.70257	5.55699	4.41310e-05
4.61198e+03	5.53042e-02	1.20559e-02	1.07928	1.99133	4.41310e-05
4.65857e+03	5.52161e-02	1.36886e-02	4.20012	6.28032	4.41310e-05
4.70515e+03	5.52060e-02	1.42413e-02	3.27888	4.15273	4.41310e-05
4.75174e+03	5.52127e-02	9.86349e-03	0.15993	0.04019	4.41310e-05
4.79832e+03	5.51843e-02	1.03009e-02	5.90504	1.45659	4.41310e-05
4.84491e+03	5.52049e-02	1.46747e-02	3.89931	0.28655	4.41310e-05
4.89150e+03	5.51564e-02	1.92859e-02	5.52050	5.29236	4.41310e-05
4.93808e+03	5.51646e-02	2.05452e-02	2.29023	4.55515	4.41310e-05
4.98467e+03	5.51871e-02	2.42859e-02	1.27430	3.86699	4.41310e-05
5.03125e+03	5.51585e-02	2.83325e-02	1.81392	4.06136	4.41310e-05
5.07784e+03	5.50773e-02	7.82193e-03	3.76535	5.42253	4.41310e-05
5.12442e+03	5.51096e-02	1.48003e-02	4.58831	4.16568	4.41310e-05
5.17101e+03	5.50805e-02	2.31451e-02	2.06513	2.57887	4.41310e-05
5.21759e+03	5.50799e-02	2.51799e-02	4.26028	4.92855	4.41310e-05
5.26418e+03	5.50699e-02	2.67489e-02	4.65863	5.10885	4.41310e-05
5.31077e+03	5.50757e-02	2.96656e-02	3.90882	1.88142	4.41310e-05
5.35735e+03	5.50396e-02	2.22639e-02	0.84109	2.49794	4.41310e-05
5.40394e+03	5.50325e-02	2.36570e-02	2.78175	6.27270	4.41310e-05
5.45052e+03	5.50783e-02	6.81533e-03	4.50864	6.10651	4.41310e-05
5.49711e+03	5.50597e-02	3.02807e-02	2.97954	4.66772	4.41310e-05
5.54369e+03	5.49745e-02	1.66845e-02	4.25519	2.92952	4.41310e-05
5.59028e+03	5.50568e-02	1.61975e-02	0.17309	2.51366	4.41310e-05
5.63687e+03	5.50449e-02	2.86129e-02	0.00627	0.02019	4.41310e-05
5.68345e+03	5.49851e-02	2.09064e-02	1.95379	4.12585	4.41310e-05
5.73004e+03	5.50036e-02	1.18907e-02	5.55130	2.26538	4.41310e-05
5.77662e+03	5.49691e-02	2.37183e-02	4.23625	0.92271	4.41310e-05
5.82321e+03	5.49471e-02	2.40199e-02	0.11535	4.86420	4.41310e-05
5.86979e+03	5.50111e-02	1.92607e-02	3.85240	2.76844	4.41310e-05
5.91638e+03	5.49184e-02	1.47814e-02	2.26552	1.96919	4.41310e-05
5.96297e+03	5.49365e-02	2.74413e-02	4.07799	0.01346	4.41310e-05
6.00955e+03	5.49438e-02	2.08465e-02	1.54684	4.16732	4.41310e-05
6.05614e+03	5.48901e-02	1.34430e-02	0.68693	2.96873	4.41310e-05
6.10272e+03	5.49548e-02	2.93555e-02	1.61978	1.72540	4.41310e-05
6.14931e+03	5.48419e-02	1.84831e-02	5.73288	5.86596	4.41310e-05
6.19589e+03	5.49187e-02	1.29225e-02	4.64934	4.85510	4.41310e-05
6.24248e+03	5.48455e-02	2.84285e-02	5.49472	3.75801	4.41310e-05
6.28907e+03	5.48409e-02	1.70804e-02	3.36811	1.82941	4.41310e-05
6.33565e+03	5.48317e-02	1.37100e-02	1.16958	1.65271	4.41310e-05
6.38224e+03	5.47531e-02	2.43176e-02	3.31674	5.88040	4.41310e-05
6.42882e+03	5.48281e-02	1.83376e-02	0.43398	4.42400	4.41310e-05
6.47541e+03	5.47635e-02	2.18569e-02	5.09889	3.96332	4.41310e-05
6.52199e+03	5.48619e-02	2.70465e-02	1.03659	1.83113	4.41310e-05
6.56858e+03	5.47558e-02	1.35168e-02	3.44072	1.37755	4.41310e-05
6.61516e+03	5.47523e-02	2.58710e-02	2.92148	0.07177	4.41310e-05
6.66175e+03	5.47040e-02	1.48500e-02	4.55083	4.60992	4.41310e-05
6.70834e+03	5.47446e-02	1.94595e-02	0.60749	4.64395	4.41310e-05
6.75492e+03	5.47219e-02	2.89053e-02	5.66168	3.53714	4.41310e-05
6.80151e+03	5.47231e-02	1.50123e-02	6.01816	3.41104	4.41310e-05
6.84809e+03	5.46246e-02	1.91781e-02	2.86771	2.20844	4.41310e-05
6.89468e+03	5.47129e-02	2.23015e-02	2.71961	0.53080	4.41310e-05
6.94126e+03	5.47014e-02	2.45140e-02	2.34108	0.63022	4.41310e-05
6.98785e+03	5.47007e-02	2.20894e-02	0.77188	4.92908	4.41310e-05
7.03444e+03	5.46206e-02	1.61495e-02	1.37915	2.86686	4.41310e-05
7.08102e+03	5.46032e-02	1.19159e-02	4.88591	1.03222	4.41310e-05
7.12761e+03	5.46454e-02	1.90970e-02	5.70106	4.07560	4.41310e-05
7.17419e+03	5.46261e-02	1.01580e-02	4.62025	4.84836	4.41310e-05
7.22078e+03	5.46267e-02	9.37800e-03	3.24261	2.64750	4.41310e-05
7.26736e+03	5.45704e-02	1.61640e-02	1.87584	4.09205	4.41310e-05
7.31395e+03	5.46288e-02	2.39449e-02	2.47918	3.60205	4.41310e-05
7.36054e+03	5.45174e-02	2.26575e-02	2.38416	5.33461	4.41310e-05
7.40712e+03	5.45694e-02	2.37445e-02	1.13372	5.33568	4.41310e-05
7.45371e+03	5.45017e-02	2.36880e-02	3.94592	5.24338	4.41310e-05
7.50029e+03	5.46069e-02	2.43181e-02	2.39346	5.06244	4.41310e-05
7.54688e+03	5.45374e-02	2.29634e-02	1.15974	0.93646	4.41310e-05
7.59346e+03	5.45316e-02	3.01082e-02	2.88412	0.26339	4.41310e-05
7.64005e+03	5.43906e-02	2.77361e-02	0.50502	5.63689	4.41310e-05
7.68664e+03	5.45676e-02	3.38689e-02	6.26875	0.98373	4.41310e-05
7.73322e+03	5.45053e-02	2.75995e-02	2.27725	5.06449	4.41310e-05
7.77981e+03	5.44749e-02	1.90439e-02	5.98870	2.63437	4.41310e-05
7.82639e+03	5.44774e-02	1.24743e-02	4.05805	1.36318	4.41310e-05
7.87298e+03	5.45184e-02	1.03977e-02	5.97693	5.91024	4.41310e-05
7.91956e+03	5.44417e-02	1.24622e-02	3.73291	3.96370	4.41310e-05
7.96615e+03	5.44113e-02	1.67269e-02	3.57005	2.48442	4.41310e-05
8.01273e+03	5.45264e-02	4.61827e-02	2.29487	1.84436	4.41310e-05
8.05932e+03	5.43630e-02	1.85356e-02	2.76911	1.22643	4.41310e-05
8.10591e+03	5.45630e-02	4.50322e-02	1.72884	3.32016	4.41310e-05
8.15249e+03	5.44673e-02	1.35228e-02	2.03122	4.24055	4.41310e-05
8.19908e+03	5.43434e-02	2.56198e-02	1.75964	0.44801	4.41310e-05
8.24566e+03	5.44524e-02	2.38394e-02	2.49231	3.34597	4.41310e-05
8.29225e+03	5.44841e-02	3.68408e-02	2.27040	3.92131	4.41310e-05
8.33883e+03	5.43879e-02	1.19626e-02	6.25642	4.72348	4.41310e-05
8.38542e+03	5.44274e-02	3.45896e-02	0.55983	4.88118	4.41310e-05
8.43201e+03	5.43517e-02	2.48228e-02	3.89128	4.61419	4.41310e-05
8.47859e+03	5.42893e-02	2.81291e-02	1.45125	6.11584	4.41310e-05
8.52518e+03	5.42579e-02	2.51933e-02	2.85972	5.63228	4.41310e-05
8.57176e+03	5.44229e-02	3.43461e-02	5.51140	2.16698	4.41310e-05
8.61835e+03	5.43010e-02	4.59812e-02	2.56186	4.69947	4.41310e-05
8.66493e+03	5.44657e-02	5.74881e-02	6.26610	2.73486	4.41310e-05
8.71152e+03	5.43672e-02	1.97361e-02	5.83822	1.79843	4.41310e-05
8.75811e+03	5.42666e-02	4.42511e-02	3.63540	4.10284	4.41310e-05
8.80469e+03	5.43480e-02	3.84048e-02	5.78944	1.80913	4.41310e-05
8.85128e+03	5.43493e-02	5.79867e-02	0.49654	6.07490	4.41310e-05
8.89786e+03	5.43759e-02	6.24350e-02	4.49218	0.65129	4.41310e-05
8.94445e+03	5.43731e-02	2.32805e-02	3.14030	5.95873	4.41310e-05
8.99103e+03	5.42561e-02	5.00845e-02	3.59942	0.00678	4.41310e-05
9.03762e+03	5.41814e-02	2.25862e-02	4.99243	4.23131	4.41310e-05
9.08421e+03	5.42509e-02	5.70453e-02	5.75584	1.73844	4.41310e-05
9.13079e+03	5.40942e-02	1.33884e-02	1.00896	3.45337	4.41310e-05
9.17738e+03	5.43777e-02	4.85571e-02	3.60599	2.90641	4.41310e-05
9.22396e+03	5.40268e-02	1.36630e-02	1.80992	5.25202	4.41310e-05
9.27055e+03	5.40310e-02	4.53444e-02	1.03019	4.15605	4.41310e-05
9.31713e+03	5.42723e-02	5.43228e-02	2.98651	3.25758	4.41310e-05
9.36372e+03	5.42198e-02	5.46234e-02	2.74001	4.98630	4.41310e-05
9.41030e+03	5.41411e-02	2.80130e-02	5.46946	0.06415	4.41310e-05
9.45689e+03	5.42412e-02	3.29012e-02	6.16796	1.10669	4.41310e-05
9.50348e+03	5.41814e-02	2.96119e-02	5.18636	5.86171	4.41310e-05
9.55006e+03	5.42025e-02	4.08835e-02	1.99835	4.64775	4.41310e-05
9.59665e+03	5.41275e-02	2.45040e-02	5.89583	0.86309	4.41310e-05
9.64323e+03	5.40836e-02	2.41138e-02	4.35914	6.03683	4.41310e-05
9.68982e+03	5.39823e-02	6.39152e-03	0.25690	4.23229	4.41310e-05
9.73640e+03	5.40467e-02	3.63155e-02	0.02847	0.97976	4.41310e-05
9.78299e+03	5.38425e-02	2.18667e-02	6.03261	1.31732	4.41310e-05
9.82958e+03	5.38336e-02	7.88281e-03	1.46677	0.28125	4.41310e-05
9.87616e+03	5.39324e-02	1.78481e-02	4.45712	4.98324	4.41310e-05
9.92275e+03	5.39755e-02	1.70100e-02	1.47551	5.00474	4.41310e-05
9.96933e+03	5.39198e-02	4.18999e-02	1.30765	4.11051	4.41310e-05
1.00159e+04	5.38249e-02	3.25377e-02	2.38048	4.28468	4.41310e-05
1.00625e+04	5.38889e-02	2.67304e-02	2.44809	5.54917	4.41310e-05
1.01091e+04	5.39502e-02	3.55285e-02	2.49630	5.91102	4.41310e-05
1.01557e+04	5.39506e-02	3.72779e-02	5.00055	5.69808	4.41310e-05
1.02023e+04	5.38197e-02	3.49455e-02	3.84270	0.10815	4.41310e-05
1.02488e+04	5.37603e-02	3.56862e-02	3.62950	1.25247	4.41310e-05
1.02954e+04	5.39036e-02	4.68154e-02	5.57545	0.91951	4.41310e-05
1.03420e+04	5.36780e-02	3.58113e-02	0.73554	1.25349	4.41310e-05
1.03886e+04	5.38799e-02	2.93487e-02	5.69204	0.07933	4.41310e-05
1.04352e+04	5.37067e-02	9.27837e-03	4.25331	3.66543	4.41310e-05
1.04818e+04	5.36013e-02	2.41068e-02	0.67954	3.49778	4.41310e-05
1.05284e+04	5.36566e-02	1.93268e-02	4.75830	4.13252	4.41310e-05
1.05749e+04	5.36994e-02	6.30955e-03	0.09036	2.67316	4.41310e-05
1.06215e+04	5.35571e-02	1.75218e-02	4.54165	0.23321	4.41310e-05
1.06681e+04	5.36227e-02	1.69244e-02	5.82213	4.32587	4.41310e-05
1.07147e+04	5.37118e-02	2.31927e-02	5.11131	4.00033	4.41310e-05
1.07613e+04	5.36086e-02	1.77671e-02	0.75369	5.77005	4.41310e-05
1.08079e+04	5.36316e-02	2.05324e-02	3.50657	0.21742	4.41310e-05
1.08545e+04	5.36933e-02	1.38885e-02	3.29820	4.80810	4.41310e-05
1.09010e+04	5.35887e-02	1.45699e-02	4.35077	0.49973	4.41310e-05
1.09476e+04	5.36526e-02	1.75847e-02	4.54224	2.82150	4.41310e-05
1.09942e+04	5.36269e-02	2.56425e-02	0.70602	2.11852	4.41310e-05
1.10408e+04	5.35567e-02	1.01727e-02	2.83875	3.48075	4.41310e-05
1.10874e+04	5.36051e-02	2.06276e-02	4.23630	2.22026	4.41310e-05
1.11340e+04	5.34721e-02	1.41322e-02	1.70986	3.69677	4.41310e-05
1.11806e+04	5.34357e-02	1.80844e-02	2.99121	3.85921	4.41310e-05
1.12271e+04	5.35171e-02	2.54096e-02	1.91999	4.58993	4.41310e-05
1.12737e+04	5.34990e-02	1.29169e-02	2.66026	5.47431	4.41310e-05
1.13203e+04	5.34792e-02	2.03840e-02	1.39958	3.97735	4.41310e-05
1.13669e+04	5.33830e-02	8.12504e-03	0.38021	1.25731	4.41310e-05
1.14135e+04	5.34923e-02	1.07058e-02	5.47194	1.00828	4.41310e-05
1.14601e+04	5.34074e-02	2.06147e-02	1.00364	5.61152	4.41310e-05
1.15067e+04	5.33511e-02	6.74622e-03	4.78649	0.42386	4.41310e-05
1.15532e+04	5.34290e-02	7.58295e-03	3.17274	2.27456	4.41310e-05
1.15998e+04	5.33967e-02	1.10348e-02	1.57322	0.29619	4.41310e-05
1.16464e+04	5.33530e-02	6.34573e-03	0.76747	0.06353	4.41310e-05
1.16930e+04	5.33437e-02	2.22354e-02	2.35749	1.31567	4.41310e-05
1.17396e+04	5.33577e-02	2.87674e-02	5.06600	2.65514	4.41310e-05
1.17862e+04	5.32821e-02	2.08349e-02	0.75693	3.17372	4.41310e-05
1.18328e+04	5.33436e-02	7.00020e-03	2.97616	3.35509	4.41310e-05
1.18793e+04	5.32988e-02	2.32489e-02	0.42762	4.15898	4.41310e-05
1.19259e+04	5.32912e-02	1.09454e-02	3.07662	5.28377	4.41310e-05
1.19725e+04	5.32735e-02	1.19164e-02	3.80515	4.24746	4.41310e-05
1.20191e+04	5.32392e-02	8.65338e-03	5.32725	5.20693	4.41310e-05
1.20657e+04	5.32165e-02	1.12095e-02	4.59546	0.13256	4.41310e-05
1.21123e+04	5.32164e-02	9.31107e-03	4.56675	5.57079	4.41310e-05
1.21589e+04	5.32164e-02	6.42637e-03	5.93970	5.47224	4.41310e-05
1.22054e+04	5.32038e-02	8.84233e-03	3.54171	5.99727	4.41310e-05
1.22520e+04	5.31924e-02	9.48091e-03	4.17233	0.35320	4.41310e-05
1.22986e+04	5.31470e-02	2.03842e-02	6.11599	0.99867	4.41310e-05
1.23452e+04	5.31432e-02	1.34656e-02	3.30261	1.57637	4.41310e-05
1.23918e+04	5.30790e-02	1.34060e-02	1.26374	2.79265	4.41310e-05
1.24384e+04	5.30826e-02	9.91045e-03	5.75956	3.24815	4.41310e-05
1.24850e+04	5.31025e-02	6.44483e-03	0.66768	2.66070	4.41310e-05
1.25315e+04	5.30669e-02	6.62435e-03	0.46454	4.46707	4.41310e-05
1.25781e+04	5.30415e-02	8.84611e-03	0.15347	3.77710	4.41310e-05
1.26247e+04	5.30250e-02	1.34268e-02	2.29815	3.79503	4.41310e-05
1.26713e+04	5.30136e-02	1.51870e-02	2.63706	3.80483	4.41310e-05
1.27179e+04	5.30191e-02	7.56882e-03	3.27354	4.12162	4.41310e-05
1.27645e+04	5.29830e-02	1.10310e-02	2.90795	4.64078	4.41310e-05
1.28111e+04	5.29970e-02	1.50426e-02	5.25987	5.27071	4.41310e-05
1.28576e+04	5.29921e-02	1.82659e-02	5.26505	5.48162	4.41310e-05
1.29042e+04	5.29664e-02	7.23209e-03	1.10195	6.05531	4.41310e-05
1.29508e+04	5.29529e-02	5.39149e-03	5.75700	0.66557	4.41310e-05
1.29974e+04	5.29249e-02	1.18424e-02	1.12785	1.29230	4.41310e-05
1.30440e+04	5.29348e-02	5.29758e-03	0.52317	0.72696	4.41310e-05
1.30906e+04	5.28770e-02	5.70070e-03	0.52442	2.78696	4.41310e-05
1.31372e+04	5.29209e-02	1.37699e-02	0.96477	1.02241	4.41310e-05
1.31837e+04	5.28934e-02	3.59682e-03	2.24066	1.07344	4.41310e-05
1.32303e+04	5.28727e-02	1.72495e-02	5.27001	2.86629	4.41310e-05
1.32769e+04	5.28537e-02	1.89098e-02	0.75291	2.07222	4.41310e-05
1.33235e+04	5.28006e-02	6.73442e-03	3.24420	3.78630	4.41310e-05
1.33701e+04	5.28235e-02	2.04509e-02	4.46836	3.44514	4.41310e-05
1.34167e+04	5.27988e-02	2.59566e-03	1.23207	4.25488	4.41310e-05
1.34633e+04	5.28151e-02	1.37479e-02	1.26401	4.84046	4.41310e-05
1.35098e+04	5.27816e-02	1.19129e-02	0.96668	2.49218	4.41310e-05
1.35564e+04	5.27555e-02	9.96174e-03	3.76079	0.15948	4.41310e-05
1.36030e+04	5.27615e-02	1.32348e-02	3.59949	4.01198	4.41310e-05
1.36496e+04	5.27041e-02	4.88700e-03	0.65858	1.05567	4.41310e-05
1.36962e+04	5.27342e-02	2.31028e-02	5.96902	5.35077	4.41310e-05
1.37428e+04	5.26923e-02	5.33328e-03	0.88650	4.18241	4.41310e-05
1.37894e+04	5.26737e-02	2.07910e-02	1.56713	0.24039	4.41310e-05
1.38359e+04	5.26672e-02	5.69130e-03	0.95974	0.67056	4.41310e-05
1.38825e+04	5.26130e-02	1.72702e-02	2.97122	1.44445	4.41310e-05
1.39291e+04	5.26082e-02	6.51389e-03	4.38203	5.80621	4.41310e-05
1.39757e+04	5.25906e-02	2.03853e-02	3.48991	2.75642	4.41310e-05
1.40223e+04	5.26222e-02	1.16392e-02	5.14314	0.25149	4.41310e-05
1.40689e+04	5.25923e-02	1.69903e-02	3.64920	3.31861	4.41310e-05
1.41155e+04	5.25649e-02	1.36963e-02	4.73304	0.47132	4.41310e-05
1.41620e+04	5.25712e-02	1.61190e-02	3.72332	3.12625	4.41310e-05
1.42086e+04	5.25824e-02	5.37070e-04	2.13324	2.58705	4.41310e-05
1.42552e+04	5.25271e-02	1.28432e-02	1.66972	4.08150	4.41310e-05
1.43018e+04	5.25431e-02	3.86290e-03	1.89596	1.87358	4.41310e-05
1.43484e+04	5.25310e-02	2.21098e-02	0.60991	4.58250	4.41310e-05
1.43950e+04	5.25066e-02	9.45234e-03	3.19585	0.35465	4.41310e-05
1.44416e+04	5.24923e-02	1.16954e-02	5.19763	5.47569	4.41310e-05
1.44881e+04	5.24350e-02	8.17288e-03	0.48289	1.51272	4.41310e-05
1.45347e+04	5.24404e-02	7.19971e-03	3.68998	5.35793	4.41310e-05
1.45813e+04	5.24428e-02	9.92991e-03	4.37234	2.26580	4.41310e-05
1.46279e+04	5.24200e-02	7.76087e-03	1.41696	5.68745	4.41310e-05
1.46745e+04	5.24142e-02	6.70621e-03	3.16687	1.22832	4.41310e-05
1.47211e+04	5.23776e-02	1.38905e-02	5.64111	6.08995	4.41310e-05
1.47677e+04	5.23817e-02	8.33586e-03	2.20392	1.53723	4.41310e-05
1.48142e+04	5.23631e-02	1.22748e-02	4.52602	1.36476	4.41310e-05
1.48608e+04	5.23223e-02	1.13498e-02	1.60001	2.96319	4.41310e-05
1.49074e+04	5.23200e-02	8.37634e-03	5.54330	1.33969	4.41310e-05
1.49540e+04	5.23085e-02	8.68458e-03	3.93118	2.47323	4.41310e-05
1.50006e+04	5.23060e-02	4.60575e-03	5.38864	3.53670	4.41310e-05
1.50472e+04	5.22916e-02	5.63457e-03	3.17923	6.00785	4.41310e-05
1.50938e+04	5.22742e-02	1.30638e-02	2.73553	2.80801	4.41310e-05
1.51403e+04	5.22449e-02	5.26823e-03	2.18945	3.43013	4.41310e-05
1.51869e+04	5.22346e-02	7.98321e-03	0.09942	3.21246	4.41310e-05
1.52335e+04	5.22376e-02	3.62108e-03	4.33511	6.12855	4.41310e-05
1.52801e+04	5.22166e-02	1.07971e-02	4.55118	3.78108	4.41310e-05
1.53267e+04	5.22165e-02	7.56264e-03	2.09039	2.10176	4.41310e-05
1.53733e+04	5.21713e-02	7.79801e-03	3.29311	1.24678	4.41310e-05
1.54199e+04	5.21554e-02	5.03964e-03	4.79626	3.65008	4.41310e-05
1.54664e+04	5.21482e-02	9.40071e-03	0.01870	3.03223	4.41310e-05
1.55130e+04	5.21193e-02	8.29589e-03	6.10240	1.22005	4.41310e-05
1.55596e+04	5.20907e-02	1.06435e-02	2.04972	5.47460	4.41310e-05
1.56062e+04	5.20761e-02	1.24439e-02	4.90128	0.93273	4.41310e-05
1.56528e+04	5.20556e-02	8.81105e-03	1.37306	0.93570	4.41310e-05
1.56994e+04	5.20648e-02	1.95782e-03	1.25892	0.01083	4.41310e-05
1.57460e+04	5.20416e-02	1.88356e-02	3.94603	1.26981	4.41310e-05
1.57925e+04	5.20356e-02	1.28729e-03	6.02551	2.99876	4.41310e-05
1.58391e+04	5.20028e-02	5.78872e-03	3.85736	0.26447	4.41310e-05
1.58857e+04	5.19865e-02	2.35689e-02	5.59564	1.50415	4.41310e-05
1.59323e+04	5.19286e-02	1.40712e-02	5.15224	2.99914	4.41310e-05
1.59789e+04	5.19610e-02	1.55669e-02	4.68105	2.10744	4.41310e-05
1.60255e+04	5.19693e-02	1.73685e-02	1.43984	2.82678	4.41310e-05
1.60721e+04	5.19132e-02	1.46894e-02	1.95437	3.86321	4.41310e-05
1.61186e+04	5.19477e-02	1.60548e-02	2.91768	3.87316	4.41310e-05
1.61652e+04	5.18530e-02	5.34570e-03	2.88935	2.15272	4.41310e-05
1.62118e+04	5.18824e-02	9.82410e-03	5.69786	6.07218	4.41310e-05
1.62584e+04	5.17659e-02	2.14818e-03	5.00134	5.69702	4.41310e-05
1.63050e+04	5.18210e-02	8.87924e-03	1.69434	4.73576	4.41310e-05
1.63516e+04	5.17520e-02	8.95281e-03	2.94291	5.86141	4.41310e-05
1.63982e+04	5.17571e-02	4.94217e-03	0.55415	0.65179	4.41310e-05
1.64447e+04	5.17916e-02	2.11099e-02	2.22591	5.21461	4.41310e-05
1.64913e+04	5.17782e-02	7.31652e-03	6.11147	4.78996	4.41310e-05
1.65379e+04	5.16991e-02	7.80571e-03	2.33559	1.64486	4.41310e-05
1.65845e+04	5.17475e-02	1.44897e-02	5.07317	1.58479	4.41310e-05
1.66311e+04	5.16437e-02	8.06172e-03	2.01794	4.21559	4.41310e-05
1.66777e+04	5.16336e-02	1.40689e-02	3.70598	3.19773	4.41310e-05
1.67243e+04	5.16040e-02	1.33256e-02	0.93757	6.11560	4.41310e-05
1.67708e+04	5.16996e-02	9.37248e-03	3.96317	2.81060	4.41310e-05
1.68174e+04	5.15459e-02	7.87729e-03	4.41052	3.57874	4.41310e-05
1.68640e+04	5.16904e-02	2.24825e-02	0.30462	5.92392	4.41310e-05
1.69106e+04	5.15385e-02	1.73201e-02	1.28104	3.41550	4.41310e-05
1.69572e+04	5.15885e-02	1.52784e-02	4.77174	5.50770	4.41310e-05
1.70038e+04	5.15447e-02	1.78561e-02	1.97052	4.44073	4.41310e-05
1.70504e+04	5.15710e-02	1.17770e-02	2.13739	3.46205	4.41310e-05
1.70969e+04	5.15063e-02	1.53835e-02	0.56303	1.05123	4.41310e-05
1.71435e+04	5.15408e-02	1.46723e-02	5.91639	0.74761	4.41310e-05
1.71901e+04	5.15144e-02	1.47634e-02	5.10886	2.45869	4.41310e-05
1.72367e+04	5.14610e-02	6.50592e-03	0.96149	4.07627	4.41310e-05
1.72833e+04	5.15109e-02	4.19188e-03	1.29268	3.29033	4.41310e-05
1.73299e+04	5.15064e-02	7.99831e-03	5.60242	3.82014	4.41310e-05
1.73765e+04	5.14663e-02	1.08788e-02	5.05080	4.54581	4.41310e-05
1.74230e+04	5.14446e-02	8.90304e-03	4.19647	3.12331	4.41310e-05
1.74696e+04	5.14446e-02	1.14354e-02	2.33826	1.39724	4.41310e-05
1.75162e+04	5.14566e-02	1.38173e-02	5.35137	4.22708	4.41310e-05
1.75628e+04	5.14164e-02	1.19510e-02	3.13080	3.96032	4.41310e-05
1.76094e+04	5.14192e-02	1.04718e-02	4.86215	3.04404	4.41310e-05
1.76560e+04	5.13680e-02	1.65974e-02	4.33046	0.46086	4.41310e-05
1.77026e+04	5.13778e-02	1.87371e-02	3.21944	0.72686	4.41310e-05
1.77491e+04	5.14133e-02	3.31398e-03	5.05473	2.82409	4.41310e-05
1.77957e+04	5.12618e-02	1.89360e-03	5.19625	0.75174	4.41310e-05
1.78423e+04	5.13305e-02	1.43551e-02	3.07477	5.20302	4.41310e-05
1.78889e+04	5.12667e-02	8.18899e-03	1.74646	2.89184	4.41310e-05
1.79355e+04	5.13036e-02	9.56744e-03	2.56107	5.05251	4.41310e-05
1.79821e+04	5.12851e-02	1.13553e-02	2.99746	5.96842	4.41310e-05
1.80287e+04	5.12802e-02	1.11296e-02	4.93726	0.99342	4.41310e-05
1.80752e+04	5.11760e-02	6.92444e-03	5.77417	0.26894	4.41310e-05
1.81218e+04	5.12168e-02	1.09467e-02	3.38565	1.83786	4.41310e-05
1.81684e+04	5.11560e-02	7.76420e-03	0.15179	1.00499	4.41310e-05
1.82150e+04	5.12293e-02	1.14967e-02	3.26862	3.12258	4.41310e-05
1.82616e+04	5.11736e-02	1.07897e-02	0.70690	0.91591	4.41310e-05
1.83082e+04	5.11451e-02	1.80841e-02	5.70584	1.44629	4.41310e-05
1.83548e+04	5.11516e-02	2.12570e-02	1.43987	2.33470	4.41310e-05
1.84013e+04	5.11135e-02	9.75254e-03	1.76550	3.92415	4.41310e-05
1.84479e+04	5.11180e-02	1.00190e-02	0.60893	1.98918	4.41310e-05
1.84945e+04	5.10966e-02	7.97514e-03	5.16836	3.93483	4.41310e-05
1.85411e+04	5.10634e-02	3.91190e-03	0.27306	2.40125	4.41310e-05
1.85877e+04	5.10698e-02	1.41494e-02	0.73998	3.72578	4.41310e-05
1.86343e+04	5.10583e-02	1.18380e-02	0.91661	1.50595	4.41310e-05
1.86809e+04	5.10541e-02	1.08464e-02	4.46429	2.43873	4.41310e-05
1.87274e+04	5.10567e-02	1.94916e-02	5.13795	0.52558	4.41310e-05
1.87740e+04	5.10147e-02	1.92170e-02	0.78503	5.77797	4.41310e-05
1.88206e+04	5.09567e-02	1.38199e-02	4.45972	1.89312	4.41310e-05
1.88672e+04	5.10049e-02	1.18342e-02	4.69199	2.94596	4.41310e-05
1.89138e+04	5.09438e-02	3.73763e-03	3.16566	4.52373	4.41310e-05
1.89604e+04	5.09760e-02	1.51120e-02	5.67104	3.43144	4.41310e-05
1.90070e+04	5.09489e-02	1.41825e-02	4.39304	3.31459	4.41310e-05
1.90535e+04	5.09302e-02	1.20502e-02	6.13901	2.51955	4.41310e-05
1.91001e+04	5.09209e-02	1.39582e-02	2.73813	3.50935	4.41310e-05
1.91467e+04	5.09248e-02	1.56595e-02	4.54684	2.82080	4.41310e-05
1.91933e+04	5.08440e-02	1.06300e-02	2.38638	4.00925	4.41310e-05
1.92399e+04	5.08662e-02	1.06187e-02	2.78034	0.37073	4.41310e-05
1.92865e+04	5.08473e-02	1.22518e-02	1.09842	1.59227	4.41310e-05
1.93331e+04	5.08405e-02	1.61992e-02	3.80869	2.36457	4.41310e-05
1.93796e+04	5.07685e-02	5.46310e-03	5.90857	0.90732	4.41310e-05
1.94262e+04	5.08403e-02	1.46182e-02	0.91587	3.91911	4.41310e-05
1.94728e+04	5.08161e-02	1.50503e-02	2.00780	3.57593	4.41310e-05
1.95194e+04	5.07416e-02	4.78218e-03	5.73133	3.66735	4.41310e-05
1.95660e+04	5.07340e-02	1.30302e-02	2.14070	1.83131	4.41310e-05
1.96126e+04	5.07091e-02	8.01547e-03	1.00192	0.31711	4.41310e-05
1.96592e+04	5.07496e-02	5.87857e-03	3.67494	4.27438	4.41310e-05
1.97057e+04	5.06884e-02	2.14760e-02	1.79354	4.21843	4.41310e-05
1.97523e+04	5.07011e-02	3.83410e-03	3.78299	3.09521	4.41310e-05
1.97989e+04	5.07127e-02	2.48431e-02	2.28337	2.69793	4.41310e-05
1.98455e+04	5.07239e-02	2.03708e-03	5.88322	0.70821	4.41310e-05
1.98921e+04	5.06158e-02	1.49693e-02	0.10453	3.93396	4.41310e-05
1.99387e+04	5.06697e-02	4.67236e-03	0.06952	3.94098	4.41310e-05
1.99853e+04	5.06250e-02	2.13967e-02	3.80679	3.91506	4.41310e-05
2.00318e+04	5.06382e-02	1.13637e-02	4.11219	3.45292	4.41310e-05
2.00784e+04	5.06292e-02	4.50374e-03	1.83003	2.73954	4.41310e-05
2.01250e+04	5.05846e-02	1.69466e-02	4.25875	1.23501	4.41310e-05
2.01716e+04	5.06200e-02	1.69296e-02	0.60997	1.20418	4.41310e-05
2.02182e+04	5.05749e-02	2.02472e-02	4.96877	2.37434	4.41310e-05
2.02648e+04	5.04818e-02	4.74240e-03	2.99370	0.87861	4.41310e-05
2.03114e+04	5.05662e-02	2.14453e-02	0.41010	2.72936	4.41310e-05
2.03579e+04	5.05301e-02	1.79984e-02	0.30770	4.54749	4.41310e-05
2.04045e+04	5.04664e-02	1.30580e-02	5.76492	4.61413	4.41310e-05
2.04511e+04	5.05255e-02	2.34167e-02	4.44335	1.51167	4.41310e-05
2.04977e+04	5.05217e-02	1.59299e-02	3.06337	0.93508	4.41310e-05
2.05443e+04	5.04360e-02	6.31567e-03	2.75018	3.75532	4.41310e-05
2.05909e+04	5.04454e-02	1.95740e-02	1.16083	3.10151	4.41310e-05
2.06375e+04	5.04572e-02	8.06060e-03	5.67835	0.11378	4.41310e-05
2.06840e+04	5.04435e-02	7.43942e-03	1.83079	1.74870	4.41310e-05
2.07306e+04	5.04273e-02	1.28276e-02	2.65119	2.30376	4.41310e-05
2.07772e+04	5.03566e-02	1.36074e-02	4.35510	4.09413	4.41310e-05
2.08238e+04	5.03989e-02	1.14778e-02	0.50556	2.02064	4.41310e-05
2.08704e+04	5.03672e-02	1.65451e-02	0.76067	5.02192	4.41310e-05
2.09170e+04	5.04013e-02	1.42597e-02	3.63996	1.73953	4.41310e-05
2.09636e+04	5.03064e-02	7.33284e-03	0.70109	1.35156	4.41310e-05
2.10101e+04	5.04015e-02	9.29134e-03	3.09821	4.21295	4.41310e-05
2.10567e+04	5.03172e-02	1.17833e-02	4.42809	4.11211	4.41310e-05
2.11033e+04	5.03212e-02	1.79782e-02	4.61221	2.50082	4.41310e-05
2.11499e+04	5.02578e-02	1.37586e-02	0.31530	2.42168	4.41310e-05
2.11965e+04	5.03480e-02	2.48337e-02	3.92662	3.33277	4.41310e-05
2.12431e+04	5.02811e-02	1.19300e-02	3.21714	4.95770	4.41310e-05
2.12897e+04	5.02794e-02	6.14380e-03	1.23534	4.41351	4.41310e-05
2.13362e+04	5.02711e-02	2.58431e-02	2.17950	3.34837	4.41310e-05
2.13828e+04	5.02430e-02	2.48845e-02	3.09193	4.83028	4.41310e-05
2.14294e+04	5.02176e-02	2.25499e-02	1.93133	5.15313	4.41310e-05
2.14760e+04	5.02206e-02	1.41572e-02	3.76599	5.36006	4.41310e-05
2.15226e+04	5.02272e-02	1.11152e-02	2.08407	5.38706	4.41310e-05
2.15692e+04	5.02035e-02	2.31822e-02	2.05827	0.38080	4.41310e-05
2.16157e+04	5.01524e-02	1.91251e-02	0.76514	5.45958	4.41310e-05
2.16623e+04	5.02142e-02	1.87774e-02	0.50986	6.11470	4.41310e-05
2.17089e+04	5.01854e-02	7.25384e-03	1.21925	2.57219	4.41310e-05
2.17555e+04	5.01235e-02	2.49476e-02	2.78534	0.70993	4.41310e-05
2.18021e+04	5.01201e-02	1.02219e-02	2.73530	3.41507	4.41310e-05
2.18487e+04	5.01378e-02	7.69819e-03	6.00660	5.63095	4.41310e-05
2.18953e+04	5.01271e-02	1.18581e-02	0.79818	1.19108	4.41310e-05
2.19418e+04	5.00957e-02	1.87932e-02	5.52402	3.03254	4.41310e-05
2.19884e+04	5.01033e-02	1.57215e-02	1.97594	3.41288	4.41310e-05
2.20350e+04	5.00789e-02	1.40482e-02	4.16024	0.88395	4.41310e-05
2.20816e+04	5.00864e-02	1.02738e-02	5.92391	1.30275	4.41310e-05
2.21282e+04	5.00509e-02	2.17823e-02	1.85239	4.31248	4.41310e-05
2.21748e+04	5.00418e-02	3.10602e-03	0.77565	0.86055	4.41310e-05
2.22214e+04	5.00354e-02	2.51676e-02	2.07184	4.14874	4.41310e-05
2.22679e+04	5.00285e-02	1.01604e-02	4.16152	3.29970	4.41310e-05
2.23145e+04	5.00225e-02	1.98622e-02	5.54611	5.93836	4.41310e-05
2.23611e+04	4.99688e-02	1.68089e-02	0.08707	5.61880	4.41310e-05
2.24077e+04	5.00151e-02	1.75393e-02	4.11966	5.38797	4.41310e-05
2.24543e+04	4.99560e-02	2.43716e-02	2.92597	0.65538	4.41310e-05
2.25009e+04	4.99635e-02	1.05348e-02	4.61149	2.17170	4.41310e-05
2.25475e+04	4.98971e-02	8.75809e-03	3.46779	2.86138	4.41310e-05
2.25940e+04	4.99544e-02	2.06495e-02	3.12187	5.66902	4.41310e-05
2.26406e+04	4.99038e-02	1.69080e-02	6.18628	1.41299	4.41310e-05
2.26872e+04	4.99417e-02	8.63389e-03	0.34522	2.82238	4.41310e-05
2.27338e+04	4.99121e-02	1.67909e-02	1.13392	0.49684	4.41310e-05
2.27804e+04	4.98828e-02	1.61335e-02	4.92134	4.27118	4.41310e-05
2.28270e+04	4.98720e-02	2.46257e-02	4.46551	2.55735	4.41310e-05
2.28736e+04	4.98478e-02	1.39617e-02	0.33392	0.76234	4.41310e-05
2.29201e+04	4.98135e-02	1.73768e-02	6.00099	4.69131	4.41310e-05
2.29667e+04	4.98313e-02	1.16340e-02	1.18462	2.88433	4.41310e-05
2.30133e+04	4.98224e-02	1.02630e-02	1.18876	5.06128	4.41310e-05
2.30599e+04	4.97946e-02	1.08664e-02	2.47106	2.68380	4.41310e-05
2.31065e+04	4.98160e-02	1.63572e-02	0.06064	0.48850	4.41310e-05
2.31531e+04	4.97732e-02	2.47333e-02	6.00191	5.37372	4.41310e-05
2.31997e+04	4.97894e-02	1.99278e-02	1.83422	4.27591	4.41310e-05
2.32462e+04	4.97515e-02	1.51294e-02	0.78725	2.92485	4.41310e-05
2.32928e+04	4.97593e-02	2.20486e-02	2.32295	1.90642	4.41310e-05
2.33394e+04	4.97643e-02	2.37007e-02	5.85432	1.55699	4.41310e-05
2.33860e+04	4.97268e-02	1.97766e-02	5.90890	1.25525	4.41310e-05
2.34326e+04	4.97034e-02	1.79032e-02	2.28078	1.20789	4.41310e-05
2.34792e+04	4.96915e-02	1.45999e-02	0.87309	1.54858	4.41310e-05
2.35258e+04	4.96914e-02	9.69829e-03	1.81230	2.50040	4.41310e-05
2.35723e+04	4.97208e-02	1.63215e-02	5.01293	3.85532	4.41310e-05
2.36189e+04	4.96683e-02	1.81051e-02	4.88759	4.92424	4.41310e-05
2.36655e+04	4.96587e-02	1.60929e-02	1.59544	5.78048	4.41310e-05
2.37121e+04	4.96527e-02	8.70405e-03	0.29456	1.01594	4.41310e-05
2.37587e+04	4.96255e-02	1.23491e-02	0.32190	4.00312	4.41310e-05
2.38053e+04	4.96386e-02	2.19566e-02	4.88198	5.26986	4.41310e-05
2.38519e+04	4.96330e-02	1.88503e-02	5.47408	0.55579	4.41310e-05
2.38984e+04	4.95941e-02	1.07169e-02	1.10189	3.63640	4.41310e-05
2.39450e+04	4.95712e-02	2.10290e-02	0.17242	5.96366	4.41310e-05
2.39916e+04	4.95626e-02	2.06452e-02	4.01318	0.44140	4.41310e-05
2.40382e+04	4.95662e-02	1.54738e-02	4.02060	1.56256	4.41310e-05
2.40848e+04	4.95451e-02	1.48603e-02	3.28756	5.66278	4.41310e-05
2.41314e+04	4.95466e-02	2.00444e-02	5.99618	2.39712	4.41310e-05
2.41780e+04	4.95619e-02	1.75522e-02	3.32834	1.12153	4.41310e-05
2.42245e+04	4.94889e-02	7.59099e-03	2.94066	5.94938	4.41310e-05
2.42711e+04	4.95386e-02	1.66067e-02	4.05468	5.47743	4.41310e-05
2.43177e+04	4.95320e-02	2.37966e-02	1.09251	5.50225	4.41310e-05
2.43643e+04	4.94710e-02	1.39219e-02	2.52496	4.35495	4.41310e-05
2.44109e+04	4.94828e-02	1.59068e-02	0.36906	2.80623	4.41310e-05
2.44575e+04	4.94893e-02	2.10881e-02	4.36674	3.31881	4.41310e-05
2.45041e+04	4.94630e-02	2.37889e-02	3.30360	4.58107	4.41310e-05
2.45506e+04	4.94522e-02	2.71947e-02	4.82217	5.84305	4.41310e-05
2.45972e+04	4.94492e-02	2.56352e-02	3.02768	0.75929	4.41310e-05
2.46438e+04	4.94395e-02	2.67930e-02	4.14842	1.86820	4.41310e-05
2.46904e+04	4.94010e-02	2.34674e-02	1.72291	2.99732	4.41310e-05
2.47370e+04	4.94214e-02	2.21694e-02	2.06093	4.06980	4.41310e-05
2.47836e+04	4.94101e-02	1.66795e-02	5.12144	5.11843	4.41310e-05
2.48302e+04	4.94137e-02	1.52667e-02	4.76588	6.07586	4.41310e-05
2.48767e+04	4.93929e-02	1.16986e-02	0.69351	0.81280	4.41310e-05
2.49233e+04	4.93656e-02	1.30088e-02	5.93545	1.57350	4.41310e-05
2.49699e+04	4.93633e-02	1.40635e-02	0.96513	2.62087	4.41310e-05
2.50165e+04	4.93514e-02	1.84394e-02	5.26346	3.45964	4.41310e-05
2.50631e+04	4.93469e-02	2.16313e-02	5.62697	4.61339	4.41310e-05
2.51097e+04	4.93164e-02	2.39592e-02	2.53259	5.71279	4.41310e-05
2.51563e+04	4.93059e-02	2.55763e-02	1.93470	0.67734	4.41310e-05
2.52028e+04	4.92933e-02	2.37699e-02	4.21280	1.79303	4.41310e-05
2.52494e+04	4.92914e-02	2.29422e-02	2.68408	3.10609	4.41310e-05
2.52960e+04	4.92817e-02	1.87239e-02	3.91948	4.39735	4.41310e-05
2.53426e+04	4.92788e-02	1.88134e-02	1.52663	5.69534	4.41310e-05
2.53892e+04	4.92614e-02	1.58407e-02	1.83628	0.73704	4.41310e-05
2.54358e+04	4.92586e-02	1.72592e-02	5.06488	1.81851	4.41310e-05
2.54824e+04	4.92596e-02	1.57044e-02	4.86205	2.82822	4.41310e-05
2.55289e+04	4.92446e-02	1.74903e-02	1.01850	3.83344	4.41310e-05
2.55755e+04	4.92340e-02	1.84004e-02	6.21647	4.87202	4.41310e-05
2.56221e+04	4.91758e-02	1.94353e-02	1.37101	6.02309	4.41310e-05
2.56687e+04	4.92121e-02	2.05675e-02	5.41317	1.05308	4.41310e-05
2.57153e+04	4.91860e-02	1.94102e-02	5.73194	2.45674	4.41310e-05
2.57619e+04	4.91721e-02	2.08664e-02	2.31590	4.03317	4.41310e-05
2.58085e+04	4.91330e-02	2.05803e-02	1.48167	5.67488	4.41310e-05
2.58550e+04	4.91662e-02	2.09164e-02	3.18859	1.10001	4.41310e-05
2.59016e+04	4.91364e-02	1.94820e-02	0.58021	3.30472	4.41310e-05
2.59482e+04	4.91318e-02	1.77310e-02	0.51290	5.65700	4.41310e-05
2.59948e+04	4.90963e-02	2.01949e-02	2.39674	2.12180	4.41310e-05
2.60414e+04	4.91304e-02	1.33510e-02	6.15631	5.33680	4.41310e-05
2.60880e+04	4.91225e-02	1.75593e-02	5.26488	3.30698	4.41310e-05
2.61346e+04	4.90742e-02	2.01068e-02	1.66197	0.36336	4.41310e-05
2.61811e+04	4.90516e-02	1.97683e-02	0.32697	3.96680	4.41310e-05
2.62277e+04	4.90388e-02	1.97309e-02	2.05913	1.04038	4.41310e-05
2.62743e+04	4.90723e-02	1.57859e-02	6.14436	4.71147	4.41310e-05
2.63209e+04	4.90592e-02	1.66594e-02	6.28150	2.32138	4.41310e-05
2.63675e+04	4.90353e-02	2.29032e-02	3.39222	5.73983	4.41310e-05
2.64141e+04	4.90233e-02	1.90461e-02	3.41438	2.63411	4.41310e-05
2.64607e+04	4.90259e-02	1.86691e-02	5.70901	6.18007	4.41310e-05
2.65072e+04	4.90119e-02	1.73651e-02	4.95438	2.95843	4.41310e-05
2.65538e+04	4.89920e-02	1.21704e-02	6.21305	0.40692	4.41310e-05
2.66004e+04	4.89697e-02	1.89196e-02	4.34631	3.65498	4.41310e-05
2.66470e+04	4.89808e-02	2.03331e-02	5.32811	0.42749	4.41310e-05
2.66936e+04	4.89632e-02	1.92436e-02	2.74147	3.52482	4.41310e-05
2.67402e+04	4.89321e-02	1.93485e-02	2.72409	0.37133	4.41310e-05
2.67868e+04	4.89334e-02	1.82926e-02	5.44907	3.44443	4.41310e-05
2.68333e+04	4.89368e-02	1.40322e-02	4.61670	0.22941	4.41310e-05
2.68799e+04	4.88961e-02	1.39959e-02	6.13798	3.65738	4.41310e-05
2.69265e+04	4.89222e-02	1.95712e-02	5.00417	6.21580	4.41310e-05
2.69731e+04	4.88831e-02	1.78359e-02	6.14078	2.81727	4.41310e-05
2.70197e+04	4.88883e-02	1.97090e-02	3.34923	6.02889	4.41310e-05
2.70663e+04	4.88540e-02	2.13200e-02	3.57851	2.62596	4.41310e-05
2.71129e+04	4.88440e-02	1.86674e-02	0.31588	5.39679	4.41310e-05
2.71594e+04	4.88275e-02	1.48215e-02	5.86397	2.04750	4.41310e-05
2.72060e+04	4.88188e-02	1.63721e-02	1.52911	5.02710	4.41310e-05
2.72526e+04	4.88297e-02	1.76798e-02	6.11799	1.71838	4.41310e-05
2.72992e+04	4.88196e-02	1.70486e-02	0.91396	4.57213	4.41310e-05
2.73458e+04	4.88033e-02	1.53381e-02	4.39739	1.43805	4.41310e-05
2.73924e+04	4.87822e-02	2.05802e-02	4.61017	4.25832	4.41310e-05
2.74390e+04	4.87760e-02	2.09973e-02	1.53949	0.51571	4.41310e-05
2.74855e+04	4.87663e-02	1.77957e-02	0.76347	3.36952	4.41310e-05
2.75321e+04	4.87707e-02	1.90370e-02	2.59603	0.06439	4.41310e-05
2.75787e+04	4.87391e-02	1.93945e-02	1.05216	2.83172	4.41310e-05
2.76253e+04	4.87442e-02	1.69413e-02	2.30266	5.53432	4.41310e-05
2.76719e+04	4.87305e-02	1.45190e-02	6.02919	2.12551	4.41310e-05
2.77185e+04	4.87209e-02	1.61242e-02	5.74837	5.30018	4.41310e-05
2.77651e+04	4.86997e-02	1.98401e-02	2.13929	1.96971	4.41310e-05
2.78116e+04	4.87074e-02	1.75272e-02	1.32074	4.80685	4.41310e-05
2.78582e+04	4.87041e-02	1.61778e-02	3.12303	1.44920	4.41310e-05
2.79048e+04	4.86680e-02	2.09034e-02	1.56612	4.17409	4.41310e-05
2.79514e+04	4.86478e-02	2.10970e-02	2.66562	0.56786	4.41310e-05
2.79980e+04	4.86700e-02	1.77155e-02	6.23802	3.45487	4.41310e-05
2.80446e+04	4.86593e-02	1.75443e-02	5.96608	0.32045	4.41310e-05
2.80912e+04	4.86362e-02	1.66144e-02	2.22169	3.25816	4.41310e-05
2.81377e+04	4.86158e-02	1.65641e-02	1.19344	6.21083	4.41310e-05
2.81843e+04	4.86224e-02	1.63778e-02	2.73064	3.05632	4.41310e-05
2.82309e+04	4.85818e-02	1.88155e-02	0.66673	6.19501	4.41310e-05
2.82775e+04	4.85705e-02	2.03619e-02	1.50413	2.75970	4.41310e-05
2.83241e+04	4.85882e-02	1.62712e-02	4.89898	5.76622	4.41310e-05
2.83707e+04	4.85819e-02	1.85777e-02	4.61069	2.58470	4.41310e-05
2.84173e+04	4.85596e-02	2.05951e-02	1.07639	5.36082	4.41310e-05
2.84638e+04	4.85367e-02	1.68831e-02	0.17713	1.96269	4.41310e-05
2.85104e+04	4.85489e-02	1.67641e-02	1.43614	5.29057	4.41310e-05
2.85570e+04	4.85454e-02	1.85601e-02	5.48928	2.21889	4.41310e-05
2.86036e+04	4.85333e-02	1.74497e-02	5.50984	5.66908	4.41310e-05
2.86502e+04	4.85196e-02	1.58096e-02	2.21468	2.67605	4.41310e-05
2.86968e+04	4.84933e-02	2.07670e-02	1.45326	5.97641	4.41310e-05
2.87434e+04	4.84750e-02	1.93483e-02	3.32545	2.93023	4.41310e-05
2.87899e+04	4.84601e-02	1.74762e-02	0.78771	0.53292	4.41310e-05
2.88365e+04	4.84634e-02	1.95397e-02	1.63710	3.93226	4.41310e-05
2.88831e+04	4.84681e-02	1.48568e-02	4.88777	1.25542	4.41310e-05
2.89297e+04	4.84587e-02	1.90277e-02	4.65651	4.72956	4.41310e-05
2.89763e+04	4.84337e-02	1.99853e-02	1.16079	1.62040	4.41310e-05
2.90229e+04	4.84191e-02	1.80347e-02	0.19730	4.93180	4.41310e-05
2.90695e+04	4.83981e-02	1.85878e-02	1.66607	2.18513	4.41310e-05
2.91160e+04	4.83952e-02	1.80282e-02	6.03288	5.52059	4.41310e-05
2.91626e+04	4.83727e-02	1.36314e-02	0.29439	2.78828	4.41310e-05
2.92092e+04	4.83833e-02	1.69022e-02	3.79238	6.11289	4.41310e-05
2.92558e+04	4.83551e-02	1.97369e-02	3.98528	2.86990	4.41310e-05
2.93024e+04	4.83454e-02	1.78302e-02	0.23711	6.25931	4.41310e-05
2.93490e+04	4.83409e-02	2.09209e-02	5.57914	3.26223	4.41310e-05
2.93956e+04	4.83397e-02	1.82238e-02	1.31183	0.00901	4.41310e-05
2.94421e+04	4.83456e-02	1.52370e-02	5.83912	3.21323	4.41310e-05
2.94887e+04	4.83274e-02	1.74191e-02	0.26993	0.35627	4.41310e-05
2.95353e+04	4.83083e-02	1.94420e-02	3.82634	3.62803	4.41310e-05
2.95819e+04	4.83186e-02	1.56349e-02	3.75817	0.62931	4.41310e-05
2.96285e+04	4.82986e-02	1.75241e-02	0.10066	3.94210	4.41310e-05
2.96751e+04	4.82888e-02	2.25221e-02	5.63612	0.74322	4.41310e-05
2.97217e+04	4.82671e-02	1.90060e-02	1.17382	3.96258	4.41310e-05
2.97682e+04	4.82390e-02	1.67149e-02	5.56176	1.04088	4.41310e-05
2.98148e+04	4.82306e-02	1.88294e-02	0.54881	3.98062	4.41310e-05
2.98614e+04	4.82559e-02	1.93589e-02	4.81562	0.51799	4.41310e-05
2.99080e+04	4.82386e-02	1.48473e-02	5.11187	3.63161	4.41310e-05
2.99546e+04	4.82046e-02	1.61948e-02	1.97201	0.45072	4.41310e-05
3.00012e+04	4.81849e-02	2.01888e-02	1.39048	3.71127	4.41310e-05
3.00478e+04	4.81704e-02	1.62460e-02	1.84269	1.62176	4.41310e-05
3.00943e+04	4.81915e-02	2.00742e-02	6.19686	4.95042	4.41310e-05
3.01409e+04	4.81922e-02	2.34166e-02	0.71802	1.97448	4.41310e-05
3.01875e+04	4.81560e-02	1.51656e-02	4.22979	5.27319	4.41310e-05
3.02341e+04	4.82047e-02	6.72103e-03	2.20399	0.40946	4.41310e-05
3.02807e+04	4.81240e-02	3.53927e-02	0.39808	2.24346	4.41310e-05
3.03273e+04	4.81298e-02	4.22995e-02	5.79358	2.80847	4.41310e-05
3.03739e+04	4.81716e-02	1.97881e-02	0.63805	4.91795	4.41310e-05
3.04204e+04	4.81851e-02	9.04129e-03	3.83359	2.70346	4.41310e-05
3.04670e+04	4.82020e-02	9.60503e-03	0.93652	0.57960	4.41310e-05
3.05136e+04	4.81599e-02	2.46447e-02	0.95229	5.15344	4.41310e-05
3.05602e+04	4.81098e-02	3.14292e-02	4.10963	2.38516	4.41310e-05
3.06068e+04	4.81554e-02	3.39676e-02	2.87806	0.58180	4.41310e-05
3.06534e+04	4.80904e-02	1.25541e-02	4.47918	5.18424	4.41310e-05
3.07000e+04	4.81682e-02	2.86687e-02	0.01952	0.90050	4.41310e-05
3.07465e+04	4.81386e-02	3.06240e-02	0.69810	2.40534	4.41310e-05
3.07931e+04	4.80489e-02	3.61368e-02	0.41872	0.32203	4.41310e-05
3.08397e+04	4.81346e-02	2.47307e-02	5.91677	1.72431	4.41310e-05
3.08863e+04	4.81195e-02	2.65601e-02	0.12817	4.13862	4.41310e-05
3.09329e+04	4.80026e-02	3.85304e-02	2.51986	2.57841	4.41310e-05
3.09795e+04	4.80888e-02	5.55275e-02	4.71303	1.38624	4.41310e-05
3.10261e+04	4.80867e-02	8.54849e-03	0.42331	3.55726	4.41310e-05
3.10726e+04	4.80231e-02	4.05159e-03	1.91459	4.10902	4.41310e-05
3.11192e+04	4.80107e-02	2.07162e-02	2.01455	3.97261	4.41310e-05
3.11658e+04	4.81254e-02	4.88320e-02	5.23212	2.59614	4.41310e-05
3.12124e+04	4.80317e-02	4.33415e-02	0.12586	3.34697	4.41310e-05
3.12590e+04	4.80890e-02	4.23352e-02	4.86204	3.34679	4.41310e-05
3.13056e+04	4.80929e-02	1.13762e-02	3.81169	0.05912	4.41310e-05
3.13522e+04	4.79908e-02	3.25040e-02	1.03500	2.70005	4.41310e-05
3.13987e+04	4.81153e-02	6.06219e-02	1.77379	3.62064	4.41310e-05
3.14453e+04	4.81682e-02	3.40190e-02	5.05114	5.75233	4.41310e-05
3.14919e+04	4.80943e-02	1.81237e-02	5.49721	0.52985	4.41310e-05
3.15385e+04	4.81044e-02	1.49316e-02	1.82363	1.23113	4.41310e-05
3.15851e+04	4.80871e-02	2.66481e-02	2.33183	4.48219	4.41310e-05
3.16317e+04	4.80963e-02	5.58877e-02	2.04016	5.73787	4.41310e-05
3.16783e+04	4.80998e-02	3.91890e-02	4.63910	0.65948	4.41310e-05
3.17248e+04	4.79796e-02	1.18084e-02	4.78831	4.12638	4.41310e-05
3.17714e+04	4.80591e-02	5.09257e-02	2.07488	0.63407	4.41310e-05
3.18180e+04	4.80059e-02	3.13149e-02	0.16834	1.84429	4.41310e-05
3.18646e+04	4.79985e-02	2.25909e-02	6.27477	4.38096	4.41310e-05
3.19112e+04	4.79898e-02	3.50362e-02	3.37239	2.26305	4.41310e-05
3.19578e+04	4.79838e-02	5.68017e-02	1.82665	0.61192	4.41310e-05
3.20044e+04	4.79638e-02	3.46408e-02	0.90651	4.61054	4.41310e-05
3.20509e+04	4.80718e-02	3.42817e-02	3.03673	1.08004	4.41310e-05
3.20975e+04	4.79413e-02	1.57387e-02	3.31897	3.38554	4.41310e-05
3.21441e+04	4.79375e-02	2.39555e-02	2.12007	3.92884	4.41310e-05
3.21907e+04	4.80405e-02	4.42198e-02	2.04737	2.53036	4.41310e-05
3.22373e+04	4.79812e-02	8.92340e-03	4.10288	0.89538	4.41310e-05
3.22839e+04	4.80119e-02	3.92272e-02	4.64587	2.56083	4.41310e-05
3.23305e+04	4.80103e-02	5.09433e-02	4.84952	1.83496	4.41310e-05
3.23770e+04	4.79452e-02	3.32880e-02	4.21767	1.65550	4.41310e-05
3.24236e+04	4.79364e-02	2.87236e-02	3.05964	2.49477	4.41310e-05
3.24702e+04	4.79924e-02	4.28328e-02	5.77720	2.94389	4.41310e-05
3.25168e+04	4.79854e-02	6.62883e-02	5.76895	3.44990	4.41310e-05
3.25634e+04	4.79859e-02	6.01351e-02	1.82520	3.07841	4.41310e-05
3.26100e+04	4.78947e-02	4.83678e-02	0.21221	3.01010	4.41310e-05
3.26566e+04	4.79685e-02	2.56663e-02	1.90907	4.82073	4.41310e-05
3.27031e+04	4.80104e-02	6.37987e-02	4.71283	0.25815	4.41310e-05
3.27497e+04	4.79859e-02	6.41090e-02	5.28258	6.27304	4.41310e-05
3.27963e+04	4.79238e-02	3.86904e-02	1.15968	6.25342	4.41310e-05
3.28429e+04	4.78938e-02	4.01756e-02	3.54133	5.94227	4.41310e-05
3.28895e+04	4.78833e-02	2.44585e-02	1.44019	6.06937	4.41310e-05
3.29361e+04	4.79618e-02	3.31180e-02	3.62089	1.08679	4.41310e-05
3.29827e+04	4.78738e-02	2.87591e-02	1.87630	0.39012	4.41310e-05
3.30292e+04	4.79492e-02	5.32449e-02	4.68966	1.35632	4.41310e-05
3.30758e+04	4.79848e-02	5.81851e-02	4.15751	1.85830	4.41310e-05
3.31224e+04	4.79739e-02	3.53783e-02	5.09861	3.10942	4.41310e-05
3.31690e+04	4.79231e-02	4.29240e-02	3.68641	5.40845	4.41310e-05
3.32156e+04	4.78672e-02	5.44957e-02	3.98526	0.25809	4.41310e-05
3.32622e+04	4.79064e-02	3.43035e-02	5.83782	3.01128	4.41310e-05
3.33088e+04	4.78922e-02	6.62909e-02	3.05901	4.74837	4.41310e-05
3.33553e+04	4.78697e-02	2.13972e-02	2.70661	0.91765	4.41310e-05
3.34019e+04	4.79082e-02	6.90062e-02	4.49632	4.79430	4.41310e-05
3.34485e+04	4.78329e-02	3.69962e-02	0.33720	5.78599	4.41310e-05
3.34951e+04	4.79304e-02	6.04440e-02	5.44111	3.85937	4.41310e-05
3.35417e+04	4.79059e-02	3.04388e-02	4.33552	6.02468	4.41310e-05
3.35883e+04	4.78999e-02	4.99932e-02	5.34496	3.05106	4.41310e-05
3.36349e+04	4.78691e-02	4.19310e-02	0.43086	0.94899	4.41310e-05
3.36814e+04	4.79249e-02	5.05258e-02	0.72969	2.56604	4.41310e-05
3.37280e+04	4.78036e-02	3.85291e-02	4.74356	0.46752	4.41310e-05
3.37746e+04	4.79171e-02	4.58827e-02	6.21160	2.72536	4.41310e-05
3.38212e+04	4.78424e-02	5.50064e-02	2.20973	0.63544	4.41310e-05
3.38678e+04	4.78434e-02	3.72622e-02	2.00478	4.92746	4.41310e-05
3.39144e+04	4.78513e-02	5.88119e-02	4.78336	1.34876	4.41310e-05
3.39610e+04	4.78677e-02	5.17432e-02	1.31523	5.73918	4.41310e-05
3.40075e+04	4.77768e-02	3.51610e-02	2.40183	4.06490	4.41310e-05
3.40541e+04	4.77799e-02	4.16963e-02	3.64599	0.06121	4.41310e-05
3.41007e+04	4.77881e-02	4.86266e-02	2.88352	4.95001	4.41310e-05
3.41473e+04	4.78756e-02	3.42817e-02	2.83842	2.92033	4.41310e-05
3.41939e+04	4.78608e-02	5.11372e-02	6.19893	5.56605	4.41310e-05
3.42405e+04	4.77845e-02	3.16829e-02	4.90957	1.88753	4.41310e-05
3.42871e+04	4.77615e-02	5.81562e-02	2.18385	6.15904	4.41310e-05
3.43336e+04	4.77289e-02	3.85430e-02	2.65921	6.05913	4.41310e-05
3.43802e+04	4.78512e-02	4.47536e-02	4.44358	5.15329	4.41310e-05
3.44268e+04	4.78357e-02	3.39084e-02	5.31252	1.99788	4.41310e-05
3.44734e+04	4.77800e-02	6.02038e-02	1.51807	3.81243	4.41310e-05
3.45200e+04	4.77112e-02	2.16968e-02	4.36808	0.44387	4.41310e-05
3.45666e+04	4.78135e-02	6.25984e-02	4.64648	4.69771	4.41310e-05
3.46132e+04	4.78735e-02	3.28806e-02	3.91465	0.98315	4.41310e-05
3.46597e+04	4.78301e-02	5.61363e-02	3.10206	4.75093	4.41310e-05
3.47063e+04	4.77734e-02	4.65242e-02	1.66206	2.29537	4.41310e-05
3.47529e+04	4.77878e-02	4.74972e-02	1.70907	0.37657	4.41310e-05
3.47995e+04	4.77414e-02	4.85004e-03	5.15277	5.33438	4.41310e-05
3.48461e+04	4.77677e-02	6.74897e-02	5.04012	0.39171	4.41310e-05
3.48927e+04	4.77915e-02	5.34120e-02	5.01437	2.24300	4.41310e-05
3.49393e+04	4.77901e-02	4.99513e-02	3.15328	0.45184	4.41310e-05
3.49858e+04	4.77161e-02	4.69014e-02	4.78666	2.39473	4.41310e-05
3.50324e+04	4.77617e-02	3.11335e-02	4.64852	5.94963	4.41310e-05
3.50790e+04	4.77587e-02	4.06536e-02	1.81537	1.35525	4.41310e-05
3.51256e+04	4.77335e-02	4.70688e-02	4.54353	3.79407	4.41310e-05
3.51722e+04	4.76682e-02	1.90960e-02	2.97290	0.08939	4.41310e-05
3.52188e+04	4.77349e-02	2.47967e-02	3.46833	5.41713	4.41310e-05
3.52654e+04	4.76961e-02	5.01668e-02	1.01612	2.51554	4.41310e-05
3.53119e+04	4.77532e-02	3.26495e-02	2.32330	5.15200	4.41310e-05
3.53585e+04	4.78124e-02	4.11474e-02	3.01200	1.60396	4.41310e-05
3.54051e+04	4.78076e-02	4.23582e-02	6.01846	2.32161	4.41310e-05
3.54517e+04	4.77321e-02	1.78203e-02	3.37372	3.74096	4.41310e-05
3.54983e+04	4.77832e-02	5.26934e-02	1.01154	5.84365	4.41310e-05
3.55449e+04	4.77756e-02	6.06834e-02	0.73076	0.72957	4.41310e-05
3.55915e+04	4.77273e-02	1.98241e-02	0.19164	3.47350	4.41310e-05
3.56380e+04	4.77472e-02	4.38796e-02	1.13964	5.49436	4.41310e-05
3.56846e+04	4.76644e-02	3.74125e-02	2.24907	2.22025	4.41310e-05
3.57312e+04	4.77459e-02	3.72678e-02	5.25356	3.89515	4.41310e-05
3.57778e+04	4.77497e-02	4.92818e-02	3.30119	4.74335	4.41310e-05
3.58244e+04	4.77325e-02	2.68306e-02	2.53067	5.66654	4.41310e-05
3.58710e+04	4.77066e-02	2.10166e-02	1.39589	0.80674	4.41310e-05
3.59175e+04	4.76656e-02	5.11842e-02	0.65439	3.91127	4.41310e-05
3.59641e+04	4.76511e-02	5.21630e-02	3.04445	3.01309	4.41310e-05
3.60107e+04	4.77120e-02	4.73268e-02	5.59963	5.76748	4.41310e-05
3.60573e+04	4.76896e-02	4.18288e-02	1.55279	4.27082	4.41310e-05
3.61039e+04	4.77018e-02	2.34250e-02	5.99793	4.75031	4.41310e-05
3.61505e+04	4.76911e-02	6.60838e-02	4.44939	5.99409	4.41310e-05
3.61971e+04	4.77338e-02	4.75465e-02	5.29438	5.69209	4.41310e-05
3.62436e+04	4.77050e-02	6.25719e-02	0.32731	6.14632	4.41310e-05
3.62902e+04	4.76374e-02	4.24843e-02	2.33444	5.97947	4.41310e-05
3.63368e+04	4.76682e-02	3.61432e-02	4.67512	1.20501	4.41310e-05
3.63834e+04	4.76896e-02	2.81555e-02	3.11584	0.13921	4.41310e-05
3.64300e+04	4.76676e-02	3.91370e-02	0.12225	2.22291	4.41310e-05
3.64766e+04	4.76992e-02	4.23272e-02	0.69497	0.18573	4.41310e-05
3.65232e+04	4.76948e-02	4.56537e-02	5.34540	2.52435	4.41310e-05
3.65697e+04	4.76624e-02	3.26596e-02	5.99392	4.61989	4.41310e-05
3.66163e+04	4.76368e-02	3.66267e-02	0.94431	0.52196	4.41310e-05
3.66629e+04	4.76595e-02	2.40789e-02	4.02497	1.12233	4.41310e-05
3.67095e+04	4.75948e-02	5.02743e-02	0.31353	3.81901	4.41310e-05
3.67561e+04	4.76867e-02	5.35310e-02	5.28264	4.41322	4.41310e-05
3.68027e+04	4.76334e-02	3.19759e-02	4.31733	5.60568	4.41310e-05
3.68493e+04	4.75755e-02	4.07267e-02	4.32675	6.16800	4.41310e-05
3.68958e+04	4.76663e-02	3.06770e-02	3.93022	2.23076	4.41310e-05
3.69424e+04	4.76182e-02	4.65654e-02	5.74054	3.02186	4.41310e-05
3.69890e+04	4.75943e-02	3.44509e-02	1.98495	4.23542	4.41310e-05
3.70356e+04	4.75879e-02	4.30562e-02	5.57188	5.50605	4.41310e-05
3.70822e+04	4.76409e-02	5.47895e-02	2.28442	1.49680	4.41310e-05
3.71288e+04	4.76701e-02	2.53588e-02	0.75572	3.34776	4.41310e-05
3.71754e+04	4.75860e-02	3.21806e-02	0.87159	2.99840	4.41310e-05
3.72219e+04	4.75680e-02	5.48316e-02	0.09664	0.65261	4.41310e-05
3.72685e+04	4.76000e-02	4.40618e-02	6.12908	4.51945	4.41310e-05
3.73151e+04	4.75790e-02	4.97455e-02	0.92779	1.34402	4.41310e-05
3.73617e+04	4.75662e-02	5.12132e-02	2.79349	5.57596	4.41310e-05
3.74083e+04	4.75627e-02	4.42530e-02	2.59353	4.54093	4.41310e-05
3.74549e+04	4.75381e-02	5.23211e-02	1.92110	0.14320	4.41310e-05
3.75015e+04	4.75819e-02	6.71229e-02	0.71853	4.82089	4.41310e-05
3.75480e+04	4.75947e-02	5.65746e-02	5.85112	4.98206	4.41310e-05
3.75946e+04	4.75954e-02	2.69023e-02	2.55774	4.20152	4.41310e-05
3.76412e+04	4.75770e-02	5.93605e-02	5.96592	5.35342	4.41310e-05
3.76878e+04	4.75947e-02	4.11484e-02	3.37671	1.35741	4.41310e-05
3.77344e+04	4.75770e-02	5.11287e-02	2.93924	0.28320	4.41310e-05
3.77810e+04	4.75015e-02	4.15234e-02	1.03512	5.41871	4.41310e-05
3.78276e+04	4.75673e-02	4.54275e-02	0.89210	1.78361	4.41310e-05
3.78741e+04	4.75872e-02	3.67451e-02	3.32643	0.40253	4.41310e-05
3.79207e+04	4.75605e-02	5.01800e-02	5.72106	2.66801	4.41310e-05
3.79673e+04	4.75523e-02	5.03835e-02	0.47438	1.72672	4.41310e-05
3.80139e+04	4.75734e-02	4.55447e-02	4.17625	5.23360	4.41310e-05
3.80605e+04	4.74948e-02	3.38423e-02	1.27552	5.11117	4.41310e-05
3.81071e+04	4.75544e-02	6.51455e-02	6.05138	3.60019	4.41310e-05
3.81537e+04	4.74732e-02	6.65769e-02	6.05561	3.14330	4.41310e-05
3.82002e+04	4.75328e-02	6.40920e-02	5.95782	2.88650	4.41310e-05
3.82468e+04	4.75428e-02	2.49783e-02	4.48583	0.91802	4.41310e-05
3.82934e+04	4.75505e-02	5.68843e-02	2.43181	2.74834	4.41310e-05
3.83400e+04	4.75099e-02	5.53947e-02	0.61464	1.74815	4.41310e-05
3.83866e+04	4.75069e-02	5.22879e-02	4.90747	1.22375	4.41310e-05
3.84332e+04	4.75169e-02	5.49703e-02	4.24457	0.91859	4.41310e-05
3.84798e+04	4.74869e-02	4.11784e-02	5.44697	5.87625	4.41310e-05
3.85263e+04	4.75188e-02	4.61065e-02	1.80068	3.56750	4.41310e-05
3.85729e+04	4.75665e-02	2.54584e-02	0.29526	3.22572	4.41310e-05
3.86195e+04	4.74868e-02	3.65484e-02	5.13589	4.13221	4.41310e-05
3.86661e+04	4.74787e-02	5.89433e-02	3.36560	2.82349	4.41310e-05
3.87127e+04	4.74977e-02	6.09728e-02	1.83503	1.77831	4.41310e-05
3.87593e+04	4.74585e-02	3.42248e-02	3.61159	3.33629	4.41310e-05
3.88059e+04	4.74988e-02	5.29278e-02	0.91155	2.53484	4.41310e-05
3.88524e+04	4.75148e-02	5.27192e-02	2.61581	1.20878	4.41310e-05
3.88990e+04	4.74398e-02	2.98183e-02	5.92498	4.83109	4.41310e-05
3.89456e+04	4.74746e-02	3.99505e-02	0.56343	3.02283	4.41310e-05
3.89922e+04	4.74437e-02	5.77855e-02	4.95793	1.12659	4.41310e-05
3.90388e+04	4.74468e-02	4.60026e-02	0.82337	0.22412	4.41310e-05
3.90854e+04	4.74549e-02	3.71846e-02	1.97988	3.08289	4.41310e-05
3.91320e+04	4.74501e-02	2.26636e-02	4.17250	4.97658	4.41310e-05
3.91785e+04	4.74560e-02	4.89131e-02	1.72301	6.10464	4.41310e-05
3.92251e+04	4.75144e-02	3.84560e-02	6.24055	1.49411	4.41310e-05
3.92717e+04	4.74459e-02	4.35776e-02	5.69477	2.04546	4.41310e-05
3.93183e+04	4.75031e-02	3.10365e-02	4.76782	5.15083	4.41310e-05
3.93649e+04	4.74594e-02	4.85479e-02	6.10638	5.27779	4.41310e-05
3.94115e+04	4.74617e-02	3.63079e-02	1.61646	1.21158	4.41310e-05
3.94581e+04	4.74646e-02	4.72441e-02	4.96073	1.35193	4.41310e-05
3.95046e+04	4.73957e-02	2.71157e-02	0.92544	4.61964	4.41310e-05
3.95512e+04	4.74303e-02	4.41976e-02	0.06318	4.89103	4.41310e-05
3.95978e+04	4.74089e-02	4.13760e-02	5.24074	0.45311	4.41310e-05
3.96444e+04	4.73900e-02	4.70133e-02	5.86556	1.47513	4.41310e-05
3.96910e+04	4.74618e-02	2.58337e-02	0.35025	2.96330	4.41310e-05
3.97376e+04	4.73913e-02	4.61770e-02	1.54373	5.30901	4.41310e-05
3.97842e+04	4.74583e-02	4.46591e-02	4.90542	6.03466	4.41310e-05
3.98307e+04	4.73603e-02	3.80101e-02	1.60513	2.18386	4.41310e-05
3.98773e+04	4.73685e-02	2.88329e-02	0.64457	2.75810	4.41310e-05
3.99239e+04	4.74178e-02	4.86009e-02	4.93537	5.86448	4.41310e-05
3.99705e+04	4.73944e-02	4.87832e-02	5.71485	0.02584	4.41310e-05
4.00171e+04	4.74525e-02	3.36545e-02	6.26128	2.53782	4.41310e-05
4.00637e+04	4.73669e-02	3.31152e-02	1.79131	3.68470	4.41310e-05
4.01103e+04	4.73894e-02	4.16403e-02	4.21333	0.03738	4.41310e-05
4.01568e+04	4.73581e-02	5.22272e-02	1.78450	1.02214	4.41310e-05
4.02034e+04	4.74412e-02	2.78539e-02	0.10862	3.16299	4.41310e-05
4.02500e+04	4.73835e-02	4.62477e-02	4.79270	5.24329	4.41310e-05
4.02966e+04	4.73746e-02	3.87685e-02	5.53315	0.25181	4.41310e-05
4.03432e+04	4.73612e-02	4.47829e-02	5.61880	2.96369	4.41310e-05
4.03898e+04	4.73724e-02	3.29664e-02	2.31658	3.51787	4.41310e-05
4.04364e+04	4.73659e-02	5.34010e-02	3.38005	0.91584	4.41310e-05
4.04829e+04	4.73131e-02	4.48166e-02	1.97878	1.23791	4.41310e-05
4.05295e+04	4.73700e-02	3.95886e-02	5.32711	4.68054	4.41310e-05
4.05761e+04	4.73470e-02	3.43634e-02	5.15169	5.65008	4.41310e-05
4.06227e+04	4.73218e-02	4.92330e-02	4.53730	1.93625	4.41310e-05
4.06693e+04	4.73525e-02	3.94048e-02	6.07894	3.41709	4.41310e-05
4.07159e+04	4.73466e-02	3.59450e-02	0.94780	5.59572	4.41310e-05
4.07625e+04	4.73366e-02	4.52073e-02	3.65929	1.81826	4.41310e-05
4.08090e+04	4.73392e-02	4.79226e-02	1.28159	2.92907	4.41310e-05
4.08556e+04	4.73408e-02	3.53747e-02	4.91476	0.01292	4.41310e-05
4.09022e+04	4.73371e-02	4.93972e-02	4.75249	0.97205	4.41310e-05
4.09488e+04	4.73363e-02	3.78888e-02	4.14656	3.78513	4.41310e-05
4.09954e+04	4.73505e-02	4.20099e-02	5.70555	5.21306	4.41310e-05
4.10420e+04	4.72876e-02	4.00840e-02	0.33039	1.72189	4.41310e-05
4.10886e+04	4.73462e-02	5.22655e-02	3.52155	3.37219	4.41310e-05
4.11351e+04	4.72901e-02	3.00460e-02	0.82085	5.44947	4.41310e-05
4.11817e+04	4.72875e-02	4.27509e-02	4.73742	1.84771	4.41310e-05
4.12283e+04	4.73463e-02	4.70633e-02	4.18323	3.65746	4.41310e-05
4.12749e+04	4.72324e-02	3.07486e-02	4.25327	5.97783	4.41310e-05
4.13215e+04	4.73175e-02	4.56356e-02	4.44096	2.11411	4.41310e-05
4.13681e+04	4.73088e-02	4.09331e-02	0.45108	4.07782	4.41310e-05
4.14147e+04	4.73044e-02	4.49871e-02	2.70305	0.34498	4.41310e-05
4.14612e+04	4.72993e-02	3.35931e-02	0.16798	2.47832	4.41310e-05
4.15078e+04	4.72662e-02	5.18619e-02	4.12356	5.10867	4.41310e-05
4.15544e+04	4.73473e-02	3.12940e-02	3.82561	0.49884	4.41310e-05
4.16010e+04	4.72789e-02	5.11202e-02	3.15820	3.72910	4.41310e-05
4.16476e+04	4.72362e-02	3.85189e-02	4.08037	5.49302	4.41310e-05
4.16942e+04	4.73238e-02	4.16748e-02	5.60881	2.08793	4.41310e-05
4.17408e+04	4.72404e-02	4.37099e-02	1.96455	4.53386	4.41310e-05
4.17873e+04	4.72058e-02	4.34609e-02	5.66847	0.29307	4.41310e-05
4.18339e+04	4.73081e-02	4.10692e-02	2.88647	3.50736	4.41310e-05
4.18805e+04	4.72850e-02	4.61258e-02	2.84977	5.19915	4.41310e-05
4.19271e+04	4.71733e-02	4.31401e-02	2.02023	2.25114	4.41310e-05
4.19737e+04	4.72197e-02	3.56407e-02	3.17281	3.92095	4.41310e-05
4.20203e+04	4.72928e-02	5.23730e-02	4.28516	0.88450	4.41310e-05
4.20669e+04	4.72651e-02	3.48334e-02	1.29792	2.81603	4.41310e-05
4.21134e+04	4.72045e-02	4.54923e-02	4.18052	5.88076	4.41310e-05
4.21600e+04	4.72274e-02	4.04956e-02	2.03490	2.15310	4.41310e-05
4.22066e+04	4.72997e-02	4.23868e-02	1.29782	4.47018	4.41310e-05
4.22532e+04	4.72704e-02	4.79756e-02	0.81848	1.40074	4.41310e-05
4.22998e+04	4.71855e-02	4.29302e-02	2.10819	3.16818	4.41310e-05
4.23464e+04	4.71942e-02	4.37917e-02	2.62153	0.53980	4.41310e-05
4.23930e+04	4.72614e-02	4.72686e-02	6.04268	2.32663	4.41310e-05
4.24395e+04	4.72241e-02	4.11515e-02	2.68989	5.64894	4.41310e-05
4.24861e+04	4.71686e-02	4.11147e-02	0.72531	1.87505	4.41310e-05
4.25327e+04	4.72177e-02	4.77258e-02	5.84800	4.45012	4.41310e-05
4.25793e+04	4.72396e-02	3.81502e-02	5.29432	1.42598	4.41310e-05
4.26259e+04	4.72383e-02	5.10936e-02	0.24862	3.49310	4.41310e-05
4.26725e+04	4.72039e-02	3.98992e-02	1.04343	0.73487	4.41310e-05
4.27191e+04	4.71920e-02	4.48778e-02	4.03200	2.78650	4.41310e-05
4.27656e+04	4.71873e-02	4.50021e-02	0.76202	6.01320	4.41310e-05
4.28122e+04	4.71601e-02	3.72115e-02	5.06065	2.33742	4.41310e-05
4.28588e+04	4.71999e-02	4.89618e-02	3.68707	5.14566	4.41310e-05
4.29054e+04	4.72270e-02	3.77947e-02	3.09635	1.96578	4.41310e-05
4.29520e+04	4.72281e-02	4.92693e-02	4.04591	4.37624	4.41310e-05
4.29986e+04	4.72239e-02	4.22681e-02	5.28016	1.36330	4.41310e-05
4.30452e+04	4.71280e-02	4.04177e-02	1.67942	3.74092	4.41310e-05
4.30917e+04	4.71424e-02	4.58113e-02	4.25368	0.80776	4.41310e-05
4.31383e+04	4.71299e-02	3.74976e-02	2.27795	3.30357	4.41310e-05
4.31849e+04	4.71686e-02	4.92907e-02	0.81965	0.08884	4.41310e-05
4.32315e+04	4.71430e-02	3.89947e-02	0.38544	3.07574	4.41310e-05
4.32781e+04	4.71780e-02	4.51045e-02	1.03765	5.67803	4.41310e-05
4.33247e+04	4.71427e-02	4.57153e-02	1.78443	2.85011	4.41310e-05
4.33713e+04	4.72080e-02	4.10188e-02	4.38634	5.18347	4.41310e-05
4.34178e+04	4.72144e-02	4.96697e-02	0.81537	2.32023	4.41310e-05
4.34644e+04	4.71783e-02	3.86954e-02	5.15957	4.99506	4.41310e-05
4.35110e+04	4.71483e-02	4.66758e-02	3.63692	1.73689	4.41310e-05
4.35576e+04	4.71093e-02	4.14884e-02	2.70791	4.96374	4.41310e-05
4.36042e+04	4.71052e-02	4.21776e-02	3.21473	1.24935	4.41310e-05
4.36508e+04	4.71128e-02	4.65568e-02	3.88049	4.70508	4.41310e-05
4.36974e+04	4.71118e-02	3.70574e-02	6.20734	1.01124	4.41310e-05
4.37439e+04	4.71161e-02	4.82747e-02	2.60967	4.36774	4.41310e-05
4.37905e+04	4.70970e-02	3.94485e-02	0.07497	0.98006	4.41310e-05
4.38371e+04	4.70619e-02	4.26659e-02	4.75756	3.99870	4.41310e-05
4.38837e+04	4.70486e-02	4.35336e-02	3.54769	0.92022	4.41310e-05
4.39303e+04	4.70786e-02	3.83709e-02	3.68757	3.76641	4.41310e-05
4.39769e+04	4.70854e-02	4.92591e-02	4.39627	0.75429	4.41310e-05
4.40235e+04	4.71018e-02	3.77366e-02	0.04573	3.60147	4.41310e-05
4.40700e+04	4.71028e-02	4.58214e-02	2.68169	0.55938	4.41310e-05
4.41166e+04	4.71075e-02	4.27550e-02	6.06986	3.58793	4.41310e-05
4.41632e+04	4.70578e-02	4.02923e-02	4.18767	0.39476	4.41310e-05
4.42098e+04	4.70321e-02	4.64953e-02	2.93915	3.46178	4.41310e-05
4.42564e+04	4.70483e-02	3.72511e-02	2.54545	0.39326	4.41310e-05
4.43030e+04	4.70784e-02	4.69458e-02	3.27728	3.37678	4.41310e-05
4.43496e+04	4.70746e-02	4.20815e-02	4.60169	0.28575	4.41310e-05
4.43961e+04	4.70717e-02	4.29625e-02	0.85215	3.39046	4.41310e-05
4.44427e+04	4.70480e-02	4.44029e-02	4.02184	0.08635	4.41310e-05
4.44893e+04	4.70319e-02	3.93947e-02	1.51415	3.58296	4.41310e-05
4.45359e+04	4.70019e-02	4.60352e-02	0.30489	0.02293	4.41310e-05
4.45825e+04	4.70272e-02	4.23864e-02	5.58984	3.58281	4.41310e-05
4.46291e+04	4.70535e-02	4.21265e-02	6.12908	0.10279	4.41310e-05
4.46757e+04	4.70570e-02	4.59818e-02	0.77296	3.45553	4.41310e-05
4.47222e+04	4.70446e-02	4.12306e-02	2.76443	0.42458	4.41310e-05
4.47688e+04	4.70300e-02	4.58054e-02	5.75830	3.29655	4.41310e-05
4.48154e+04	4.70176e-02	4.27918e-02	2.68105	0.65069	4.41310e-05
4.48620e+04	4.70163e-02	4.16792e-02	1.14356	3.35107	4.41310e-05
4.49086e+04	4.70249e-02	4.70137e-02	6.06444	0.67038	4.41310e-05
4.49552e+04	4.70443e-02	4.08439e-02	6.01317	3.64666	4.41310e-05
4.50018e+04	4.70266e-02	4.51510e-02	0.44427	0.59671	4.41310e-05
4.50483e+04	4.70245e-02	4.48421e-02	1.80147	3.99071	4.41310e-05
4.50949e+04	4.70208e-02	4.09057e-02	4.49011	0.56871	4.41310e-05
4.51415e+04	4.69913e-02	4.61288e-02	1.03451	4.15296	4.41310e-05
4.51881e+04	4.69978e-02	3.99653e-02	4.99378	0.83493	4.41310e-05
4.52347e+04	4.69821e-02	4.31310e-02	3.42656	4.20550	4.41310e-05
4.52813e+04	4.69748e-02	4.54500e-02	2.66862	1.09498	4.41310e-05
4.53279e+04	4.69872e-02	3.85862e-02	2.99211	4.29027	4.41310e-05
4.53744e+04	4.69976e-02	4.80214e-02	3.86489	1.26898	4.41310e-05
4.54210e+04	4.69877e-02	4.01167e-02	5.70427	4.47539	4.41310e-05
4.54676e+04	4.69759e-02	4.46592e-02	2.10272	1.42002	4.41310e-05
4.55142e+04	4.69803e-02	4.43391e-02	5.42448	4.53030	4.41310e-05
4.55608e+04	4.69683e-02	3.92132e-02	3.15178	1.71070	4.41310e-05
4.56074e+04	4.69629e-02	4.91294e-02	2.00865	4.65164	4.41310e-05
4.56540e+04	4.70258e-02	4.10010e-02	1.30421	1.94197	4.41310e-05
4.57005e+04	4.70332e-02	4.64058e-02	1.97137	4.87090	4.41310e-05
4.57471e+04	4.69886e-02	4.34201e-02	2.86988	2.07958	4.41310e-05
4.57937e+04	4.69977e-02	4.38303e-02	4.84270	5.26870	4.41310e-05
4.58403e+04	4.69731e-02	4.52993e-02	1.28535	2.09272	4.41310e-05
4.58869e+04	4.69969e-02	4.40124e-02	4.43816	5.68728	4.41310e-05
4.59335e+04	4.70030e-02	4.34560e-02	2.79222	2.23116	4.41310e-05
4.59801e+04	4.70283e-02	4.83592e-02	1.28894	5.89747	4.41310e-05
4.60266e+04	4.70354e-02	4.28530e-02	1.14214	2.55314	4.41310e-05
4.60732e+04	4.69887e-02	4.51259e-02	1.41825	5.96450	4.41310e-05
4.61198e+04	4.69793e-02	4.61585e-02	2.39952	2.99466	4.41310e-05
4.61664e+04	4.70094e-02	4.14396e-02	4.42983	6.02004	4.41310e-05
4.62130e+04	4.70010e-02	4.86445e-02	0.57069	3.20946	4.41310e-05
4.62596e+04	4.70157e-02	4.03472e-02	4.19561	0.01241	4.41310e-05
4.63062e+04	4.69693e-02	4.75042e-02	2.15644	3.32557	4.41310e-05
4.63527e+04	4.69806e-02	4.57103e-02	0.83851	0.27550	4.41310e-05
4.63993e+04	4.69523e-02	4.15726e-02	0.38293	3.46603	4.41310e-05
4.64459e+04	4.69542e-02	4.75266e-02	0.46141	0.48920	4.41310e-05
4.64925e+04	4.69739e-02	4.25736e-02	1.37567	3.68862	4.41310e-05
4.65391e+04	4.69615e-02	4.55387e-02	3.12050	0.63146	4.41310e-05
4.65857e+04	4.69769e-02	4.49596e-02	5.61458	3.82691	4.41310e-05
