# t	a	e	mean_anomaly	varpi	mass/M_star
1.24228e+02	1.21580e-02	1.72092e-03	3.87418	0.85346	4.59020e-05
2.79514e+02	1.21611e-02	2.36583e-03	0.24793	5.78979	4.59020e-05
4.34800e+02	1.21575e-02	3.45241e-03	2.42563	3.80953	4.59020e-05
5.90085e+02	1.21585e-02	4.33523e-03	5.95098	2.41950	4.59020e-05
7.45371e+02	1.21584e-02	2.05432e-03	0.79391	5.90002	4.59020e-05
9.00656e+02	1.21582e-02	3.05208e-03	1.07350	6.07900	4.59020e-05
1.05594e+03	1.21571e-02	3.79740e-03	5.23175	4.64570	4.59020e-05
1.21123e+03	1.21574e-02	3.34763e-03	3.80109	2.51695	4.59020e-05
1.36651e+03	1.21587e-02	2.25266e-03	1.36086	1.56465	4.59020e-05
1.52180e+03	1.21617e-02	1.94816e-03	0.14637	5.45722	4.59020e-05
1.67708e+03	1.21586e-02	2.00636e-03	0.10345	4.10366	4.59020e-05
1.83237e+03	1.21585e-02	2.81174e-03	4.62067	2.93936	4.59020e-05
1.98766e+03	1.21588e-02	1.24459e-03	6.15495	1.64413	4.59020e-05
2.14294e+03	1.21576e-02	4.46665e-03	5.32846	5.92076	4.59020e-05
2.29823e+03	1.21582e-02	2.66541e-03	1.44297	4.45371	4.59020e-05
2.45351e+03	1.21590e-02	1.56485e-03	4.95000	4.31342	4.59020e-05
2.60880e+03	1.21624e-02	3.89639e-03	2.58117	2.02305	4.59020e-05
2.76408e+03	1.21592e-02	3.08166e-03	4.39024	0.35046	4.59020e-05
2.91937e+03	1.21586e-02	1.72854e-03	3.28726	5.82678	4.59020e-05
3.07465e+03	1.21590e-02	3.93347e-03	5.13969	5.26596	4.59020e-05
3.22994e+03	1.21591e-02	1.32850e-03	2.68250	2.85105	4.59020e-05
3.38523e+03	1.21581e-02	1.71962e-03	2.13587	1.22266	4.59020e-05
3.54051e+03	1.21580e-02	3.10284e-03	2.98875	1.21518	4.59020e-05
3.69580e+03	1.21581e-02	3.95191e-03	1.75641	5.30915	4.59020e-05
3.85108e+03	1.21589e-02	1.39215e-03	5.90904	4.28951	4.59020e-05
4.00637e+03	1.21579e-02	1.50092e-03	3.36025	3.30046	4.59020e-05
4.16165e+03	1.21589e-02	2.71865e-03	0.65207	1.53213	4.59020e-05
4.31694e+03	1.21589e-02	2.72194e-03	3.78313	1.04992	4.59020e-05
4.47222e+03	1.21589e-02	2.31889e-03	5.83937	5.24782	4.59020e-05
4.62751e+03	1.21579e-02	2.56972e-03	2.99249	3.56649	4.59020e-05
4.78280e+03	1.21585e-02	1.99394e-03	0.08237	3.13100	4.59020e-05
4.93808e+03	1.21618e-02	3.25699e-03	6.08890	1.00413	4.59020e-05
5.09337e+03	1.21590e-02	2.39719e-03	4.41304	5.77979	4.59020e-05
5.24865e+03	1.21592e-02	1.32646e-03	0.41885	3.89533	4.59020e-05
5.40394e+03	1.21588e-02	3.97457e-03	3.00516	3.48237	4.59020e-05
5.55922e+03	1.21618e-02	3.14043e-03	0.80276	2.40849	4.59020e-05
5.71451e+03	1.21594e-02	4.55059e-03	3.52041	6.03937	4.59020e-05
5.86979e+03	1.21589e-02	1.79512e-03	2.58957	3.48731	4.59020e-05
6.02508e+03	1.21578e-02	2.70047e-03	2.51158	3.15800	4.59020e-05
6.18037e+03	1.21582e-02	3.57810e-03	2.88381	1.87763	4.59020e-05
6.33565e+03	1.21596e-02	4.19612e-03	4.86541	5.63383	4.59020e-05
6.49094e+03	1.21579e-02	4.09392e-03	2.49415	3.80503	4.59020e-05
6.64622e+03	1.21591e-02	2.83330e-03	4.06111	3.71789	4.59020e-05
6.80151e+03	1.21593e-02	5.22581e-03	3.11549	1.47866	4.59020e-05
6.95679e+03	1.21587e-02	7.62581e-03	0.21445	6.09194	4.59020e-05
7.11208e+03	1.21596e-02	3.32644e-03	3.78739	5.05541	4.59020e-05
7.26736e+03	1.21592e-02	8.44330e-03	3.84380	4.87378	4.59020e-05
7.42265e+03	1.21602e-02	2.25265e-03	2.17544	6.06106	4.59020e-05
7.57794e+03	1.21591e-02	6.94483e-03	3.32428	4.38125	4.59020e-05
7.73322e+03	1.21596e-02	5.37980e-04	5.01096	3.80787	4.59020e-05
7.88851e+03	1.21585e-02	2.99433e-03	5.84754	2.73370	4.59020e-05
8.04379e+03	1.21589e-02	9.46009e-04	4.26301	5.90449	4.59020e-05
8.19908e+03	1.21583e-02	4.61260e-03	0.05918	3.97969	4.59020e-05
8.35436e+03	1.21582e-02	7.17005e-03	2.97627	0.13209	4.59020e-05
8.50965e+03	1.21587e-02	2.71186e-03	4.68320	6.21481	4.59020e-05
8.66493e+03	1.21591e-02	1.06783e-02	4.40638	5.80745	4.59020e-05
8.82022e+03	1.21584e-02	5.05029e-03	0.26717	2.64996	4.59020e-05
8.97551e+03	1.21597e-02	7.46296e-03	3.38668	4.05353	4.59020e-05
9.13079e+03	1.21594e-02	7.38187e-03	0.56147	2.59858	4.59020e-05
9.28608e+03	1.21594e-02	6.75007e-03	0.44026	4.12534	4.59020e-05
9.44136e+03	1.21587e-02	8.80709e-03	1.09291	1.82046	4.59020e-05
9.59665e+03	1.21605e-02	2.66207e-03	1.59314	0.03124	4.59020e-05
9.75193e+03	1.21584e-02	7.99893e-03	1.13475	1.69503	4.59020e-05
9.90722e+03	1.21584e-02	3.96803e-03	2.84554	2.82728	4.59020e-05
1.00625e+04	1.21579e-02	7.51193e-03	5.84800	2.33700	4.59020e-05
1.02178e+04	1.21582e-02	6.08703e-03	5.03296	2.10988	4.59020e-05
1.03731e+04	1.21617e-02	9.30234e-04	4.64087	3.05545	4.59020e-05
1.05284e+04	1.21587e-02	4.60989e-03	4.13713	4.12711	4.59020e-05
1.06836e+04	1.21589e-02	1.05906e-03	1.50449	5.48486	4.59020e-05
1.08389e+04	1.21585e-02	3.99673e-03	1.83411	5.97895	4.59020e-05
1.09942e+04	1.21581e-02	4.70187e-03	0.63564	1.93650	4.59020e-05
1.11495e+04	1.21584e-02	2.68963e-03	4.78784	5.64212	4.59020e-05
1.13048e+04	1.21579e-02	8.93362e-03	3.31237	2.26246	4.59020e-05
1.14601e+04	1.21582e-02	6.28246e-03	3.17080	4.47234	4.59020e-05
1.16154e+04	1.21618e-02	2.68716e-03	4.70909	4.51290	4.59020e-05
1.17706e+04	1.21577e-02	5.22422e-03	2.21166	0.73991	4.59020e-05
1.19259e+04	1.21577e-02	4.89338e-03	5.07668	4.65587	4.59020e-05
1.20812e+04	1.21588e-02	4.70855e-03	2.26606	1.63586	4.59020e-05
1.22365e+04	1.21606e-02	3.56027e-03	2.80327	1.61491	4.59020e-05
1.23918e+04	1.21585e-02	7.55070e-03	6.04853	5.11219	4.59020e-05
1.25471e+04	1.21584e-02	2.85728e-05	4.92942	0.48359	4.59020e-05
1.27024e+04	1.21581e-02	6.01256e-03	1.19756	4.68953	4.59020e-05
1.28576e+04	1.21585e-02	4.28895e-03	5.64307	0.71870	4.59020e-05
1.30129e+04	1.21580e-02	8.65878e-03	3.12611	3.77685	4.59020e-05
1.31682e+04	1.21588e-02	8.25067e-03	5.84833	1.54035	4.59020e-05
1.33235e+04	1.21578e-02	6.08641e-03	4.76095	3.18965	4.59020e-05
1.34788e+04	1.21576e-02	9.35761e-03	2.54026	5.91246	4.59020e-05
1.36341e+04	1.21599e-02	4.75480e-03	2.31882	0.34605	4.59020e-05
1.37894e+04	1.21585e-02	5.85403e-03	0.08995	3.14193	4.59020e-05
1.39446e+04	1.21588e-02	2.15644e-03	3.85825	6.10063	4.59020e-05
1.40999e+04	1.21586e-02	1.89116e-03	4.28067	6.00879	4.59020e-05
1.42552e+04	1.21577e-02	2.12476e-03	3.93942	0.10688	4.59020e-05
1.44105e+04	1.21584e-02	9.81218e-03	4.59546	5.76964	4.59020e-05
1.45658e+04	1.21589e-02	2.69092e-03	0.77232	3.39166	4.59020e-05
1.47211e+04	1.21579e-02	1.75869e-03	2.94709	1.23988	4.59020e-05
1.48764e+04	1.21581e-02	2.61612e-03	1.52277	2.75379	4.59020e-05
1.50316e+04	1.21579e-02	5.35015e-03	0.18964	4.11633	4.59020e-05
1.51869e+04	1.21579e-02	8.76253e-04	5.98096	4.65109	4.59020e-05
1.53422e+04	1.21578e-02	6.40419e-03	5.97540	4.77599	4.59020e-05
1.54975e+04	1.21588e-02	3.75348e-03	4.38235	0.14813	4.59020e-05
1.56528e+04	1.21579e-02	8.62653e-03	4.05385	0.60671	4.59020e-05
1.58081e+04	1.21587e-02	4.51546e-03	0.83505	3.89864	4.59020e-05
1.59634e+04	1.21577e-02	3.69926e-03	1.22081	3.59001	4.59020e-05
1.61186e+04	1.21591e-02	3.59282e-03	6.16922	5.06981	4.59020e-05
1.62739e+04	1.21580e-02	8.77324e-03	2.39950	2.61691	4.59020e-05
1.64292e+04	1.21582e-02	2.81173e-03	3.60125	1.52504	4.59020e-05
1.65845e+04	1.21583e-02	4.11837e-03	3.69959	1.47354	4.59020e-05
1.67398e+04	1.21581e-02	2.58990e-03	0.10546	5.09920	4.59020e-05
1.68951e+04	1.21577e-02	3.96360e-03	2.05304	3.17125	4.59020e-05
1.70504e+04	1.21582e-02	7.78583e-03	3.04217	1.85545	4.59020e-05
1.72056e+04	1.21585e-02	1.29663e-03	5.86744	5.31478	4.59020e-05
1.73609e+04	1.21581e-02	1.53469e-03	2.42012	3.87991	4.59020e-05
1.75162e+04	1.21579e-02	7.68827e-03	1.41357	0.26602	4.59020e-05
1.76715e+04	1.21578e-02	6.76388e-03	2.61510	0.17623	4.59020e-05
1.78268e+04	1.21622e-02	4.79905e-03	3.90540	0.05557	4.59020e-05
1.79821e+04	1.21579e-02	1.48472e-03	4.46874	0.71915	4.59020e-05
1.81374e+04	1.21619e-02	3.62523e-03	1.96907	4.34410	4.59020e-05
1.82926e+04	1.21582e-02	7.84171e-04	2.79428	4.71174	4.59020e-05
1.84479e+04	1.21618e-02	4.56310e-03	5.25151	3.38611	4.59020e-05
1.86032e+04	1.21576e-02	7.18996e-03	3.78639	5.98962	4.59020e-05
1.87585e+04	1.21576e-02	4.80552e-03	3.25344	1.45080	4.59020e-05
1.89138e+04	1.21577e-02	5.01049e-03	5.36998	0.47742	4.59020e-05
1.90691e+04	1.21581e-02	3.98919e-03	4.38251	2.60924	4.59020e-05
1.92244e+04	1.21582e-02	3.31716e-03	3.25727	4.78874	4.59020e-05
1.93796e+04	1.21588e-02	2.46685e-03	4.60357	4.51588	4.59020e-05
1.95349e+04	1.21588e-02	5.75695e-03	3.47006	0.54111	4.59020e-05
1.96902e+04	1.21575e-02	5.50420e-03	2.78342	2.66816	4.59020e-05
1.98455e+04	1.21588e-02	3.67102e-03	2.69103	4.30791	4.59020e-05
2.00008e+04	1.21586e-02	4.50826e-03	3.64584	4.84268	4.59020e-05
2.01561e+04	1.21582e-02	5.77138e-03	3.45089	0.18299	4.59020e-05
2.03114e+04	1.21578e-02	5.81343e-03	3.46851	0.98265	4.59020e-05
2.04666e+04	1.21577e-02	3.51082e-03	3.32766	1.74293	4.59020e-05
2.06219e+04	1.21584e-02	2.76083e-03	3.35348	2.41110	4.59020e-05
2.07772e+04	1.21623e-02	6.76359e-03	5.71064	0.63989	4.59020e-05
2.09325e+04	1.21595e-02	5.86358e-04	3.70647	3.06204	4.59020e-05
2.10878e+04	1.21588e-02	3.65995e-03	4.47003	2.80411	4.59020e-05
2.12431e+04	1.21578e-02	1.45922e-03	3.13980	5.23748	4.59020e-05
2.13984e+04	1.21587e-02	5.36302e-03	3.01181	0.68689	4.59020e-05
2.15536e+04	1.21577e-02	3.13926e-03	2.90431	2.34695	4.59020e-05
2.17089e+04	1.21578e-02	2.90817e-03	2.76001	4.03385	4.59020e-05
2.18642e+04	1.21586e-02	4.73371e-03	3.37254	4.88730	4.59020e-05
2.20195e+04	1.21576e-02	6.10131e-03	1.58656	1.81386	4.59020e-05
2.21748e+04	1.21587e-02	6.31412e-03	5.68191	5.50515	4.59020e-05
2.23301e+04	1.21584e-02	5.25090e-03	4.50276	1.84364	4.59020e-05
2.24853e+04	1.21624e-02	2.69456e-03	5.64381	2.22223	4.59020e-05
2.26406e+04	1.21585e-02	3.42640e-03	4.87801	4.58456	4.59020e-05
2.27959e+04	1.21584e-02	2.15762e-03	4.20803	0.51616	4.59020e-05
2.29512e+04	1.21579e-02	2.29879e-03	0.66811	5.68946	4.59020e-05
2.31065e+04	1.21574e-02	6.62691e-04	2.67436	5.36395	4.59020e-05
2.32618e+04	1.21576e-02	3.47739e-03	6.13914	4.46279	4.59020e-05
2.34171e+04	1.21586e-02	3.96333e-03	2.52125	4.57421	4.59020e-05
2.35723e+04	1.21594e-02	3.84926e-03	3.07083	0.46136	4.59020e-05
2.37276e+04	1.21589e-02	5.58638e-03	4.30072	2.02156	4.59020e-05
2.38829e+04	1.21578e-02	2.56708e-03	4.22274	4.83836	4.59020e-05
2.40382e+04	1.21576e-02	4.24482e-03	3.03167	2.52629	4.59020e-05
2.41935e+04	1.21580e-02	6.67638e-03	1.89675	0.24858	4.59020e-05
2.43488e+04	1.21586e-02	4.74149e-03	2.11038	2.84949	4.59020e-05
2.45041e+04	1.21588e-02	1.47968e-02	3.24319	5.63328	4.59020e-05
2.46593e+04	1.21577e-02	5.29791e-03	2.90996	3.34209	4.59020e-05
2.48146e+04	1.21582e-02	1.69776e-02	3.45069	0.23180	4.59020e-05
2.49699e+04	1.21575e-02	2.27631e-02	4.13807	3.41008	4.59020e-05
2.51252e+04	1.21634e-02	9.40613e-03	2.74653	2.36045	4.59020e-05
2.52805e+04	1.21599e-02	7.55026e-03	0.85542	2.05445	4.59020e-05
2.54358e+04	1.21591e-02	1.10916e-02	5.32381	1.84791	4.59020e-05
2.55911e+04	1.21586e-02	3.81744e-03	1.73495	3.40153	4.59020e-05
2.57463e+04	1.21586e-02	3.99138e-03	5.37910	3.98188	4.59020e-05
2.59016e+04	1.21621e-02	5.16048e-03	4.16950	3.05102	4.59020e-05
2.60569e+04	1.21595e-02	2.33014e-02	3.11442	0.90681	4.59020e-05
2.62122e+04	1.21593e-02	1.55067e-02	2.79962	1.89047	4.59020e-05
2.63675e+04	1.21578e-02	2.73948e-02	4.28498	1.07952	4.59020e-05
2.65228e+04	1.21566e-02	1.71610e-02	3.43589	3.25178	4.59020e-05
2.66781e+04	1.21566e-02	1.87057e-02	4.57178	4.33406	4.59020e-05
2.68333e+04	1.21558e-02	8.58716e-03	1.97894	4.34289	4.59020e-05
2.69886e+04	1.21568e-02	1.78851e-02	0.52748	3.01436	4.59020e-05
2.71439e+04	1.21560e-02	2.28291e-02	4.60800	5.34623	4.59020e-05
2.72992e+04	1.21561e-02	1.97091e-02	4.53289	0.27407	4.59020e-05
2.74545e+04	1.21567e-02	3.33352e-02	3.70903	2.53504	4.59020e-05
2.76098e+04	1.21553e-02	1.87333e-02	2.74614	5.34034	4.59020e-05
2.77651e+04	1.21568e-02	3.04493e-02	4.60064	5.58565	4.59020e-05
2.79203e+04	1.21563e-02	1.99772e-02	3.86360	2.52954	4.59020e-05
2.80756e+04	1.21556e-02	1.15673e-02	5.19452	5.95179	4.59020e-05
2.82309e+04	1.21585e-02	2.04898e-02	5.70265	3.83686	4.59020e-05
2.83862e+04	1.21574e-02	2.31383e-02	1.38655	0.49484	4.59020e-05
2.85415e+04	1.21579e-02	6.66835e-03	3.79590	4.31909	4.59020e-05
2.86968e+04	1.21560e-02	1.76250e-02	2.53743	1.74610	4.59020e-05
2.88521e+04	1.21590e-02	2.32925e-02	0.61257	4.83947	4.59020e-05
2.90073e+04	1.21558e-02	2.06711e-02	1.81643	1.57089	4.59020e-05
2.91626e+04	1.21564e-02	1.62984e-02	1.05480	5.29996	4.59020e-05
2.93179e+04	1.21543e-02	2.44103e-02	5.52322	2.85461	4.59020e-05
2.94732e+04	1.21558e-02	2.94893e-02	0.09399	6.03873	4.59020e-05
2.96285e+04	1.21550e-02	2.73098e-02	2.36679	3.16032	4.59020e-05
2.97838e+04	1.21553e-02	2.83296e-02	4.76032	0.24217	4.59020e-05
2.99391e+04	1.21549e-02	2.92878e-02	1.79929	3.48634	4.59020e-05
3.00943e+04	1.21563e-02	2.20440e-02	4.67778	0.34049	4.59020e-05
3.02496e+04	1.21543e-02	1.52084e-02	1.29129	3.67152	4.59020e-05
3.04049e+04	1.21588e-02	1.36537e-02	5.00731	0.71645	4.59020e-05
3.05602e+04	1.21551e-02	1.00085e-02	3.00905	3.82181	4.59020e-05
3.07155e+04	1.21545e-02	2.28365e-03	1.20540	0.94949	4.59020e-05
3.08708e+04	1.21539e-02	4.82231e-03	4.53997	5.65861	4.59020e-05
3.10261e+04	1.21542e-02	6.64093e-03	3.72234	2.18377	4.59020e-05
3.11813e+04	1.21554e-02	6.32781e-03	2.73104	5.16162	4.59020e-05
3.13366e+04	1.21562e-02	8.98196e-03	1.63085	2.14811	4.59020e-05
3.14919e+04	1.21544e-02	1.65848e-02	0.97562	5.04749	4.59020e-05
3.16472e+04	1.21544e-02	1.92963e-02	0.34641	1.78263	4.59020e-05
3.18025e+04	1.21550e-02	1.95280e-02	5.92356	4.98673	4.59020e-05
3.19578e+04	1.21555e-02	2.41875e-02	5.29841	1.94604	4.59020e-05
3.21131e+04	1.21559e-02	2.66218e-02	4.89781	5.16957	4.59020e-05
3.22683e+04	1.21564e-02	2.22748e-02	4.44775	2.25253	4.59020e-05
3.24236e+04	1.21563e-02	2.04517e-02	4.05646	5.71305	4.59020e-05
3.25789e+04	1.21545e-02	1.77184e-02	3.93066	2.79523	4.59020e-05
3.27342e+04	1.21547e-02	1.49273e-02	3.63100	0.27867	4.59020e-05
3.28895e+04	1.21583e-02	1.98623e-02	3.56257	3.94969	4.59020e-05
3.30448e+04	1.21549e-02	2.42879e-02	3.97632	1.02400	4.59020e-05
3.32001e+04	1.21558e-02	2.51234e-02	4.41096	4.38340	4.59020e-05
3.33553e+04	1.21544e-02	2.58828e-02	5.13181	1.47508	4.59020e-05
3.35106e+04	1.21572e-02	2.32808e-02	6.22604	4.72191	4.59020e-05
3.36659e+04	1.21546e-02	1.77930e-02	0.76867	1.77957	4.59020e-05
3.38212e+04	1.21552e-02	1.21616e-02	1.26180	5.04237	4.59020e-05
3.39765e+04	1.21547e-02	1.02001e-02	6.23687	1.64747	4.59020e-05
3.41318e+04	1.21542e-02	1.06210e-02	1.53256	4.17648	4.59020e-05
3.42871e+04	1.21553e-02	7.83426e-03	2.66230	0.66183	4.59020e-05
3.44423e+04	1.21543e-02	5.79745e-03	2.71715	4.43405	4.59020e-05
3.45976e+04	1.21554e-02	9.78756e-03	3.22952	1.80287	4.59020e-05
3.47529e+04	1.21565e-02	9.14849e-03	3.86971	5.31870	4.59020e-05
3.49082e+04	1.21548e-02	1.40325e-02	3.75387	3.04349	4.59020e-05
3.50635e+04	1.21544e-02	1.97709e-02	4.33465	0.05331	4.59020e-05
3.52188e+04	1.21553e-02	2.35745e-02	5.21928	3.40985	4.59020e-05
3.53741e+04	1.21556e-02	2.65531e-02	6.27376	0.63839	4.59020e-05
3.55293e+04	1.21550e-02	2.92281e-02	0.18798	3.88020	4.59020e-05
3.56846e+04	1.21565e-02	2.49450e-02	5.83083	0.96239	4.59020e-05
3.58399e+04	1.21547e-02	2.24100e-02	5.83294	4.40196	4.59020e-05
3.59952e+04	1.21554e-02	1.99567e-02	0.49273	1.52525	4.59020e-05
3.61505e+04	1.21549e-02	9.80873e-03	4.23623	4.84792	4.59020e-05
3.63058e+04	1.21555e-02	1.06311e-02	1.15293	2.74804	4.59020e-05
3.64610e+04	1.21551e-02	1.11037e-02	0.79048	6.00955	4.59020e-05
3.66163e+04	1.21561e-02	1.23125e-02	1.96724	3.01482	4.59020e-05
3.67716e+04	1.21564e-02	1.58047e-02	4.73007	0.31344	4.59020e-05
3.69269e+04	1.21562e-02	1.75280e-02	3.77731	3.40153	4.59020e-05
3.70822e+04	1.21568e-02	1.79603e-02	4.76837	0.27168	4.59020e-05
3.72375e+04	1.21591e-02	1.83030e-02	1.12856	3.56254	4.59020e-05
3.73928e+04	1.21575e-02	1.85180e-02	0.41785	0.48408	4.59020e-05
3.75480e+04	1.21608e-02	1.52741e-02	0.29189	3.92096	4.59020e-05
3.77033e+04	1.21562e-02	1.52114e-02	0.39016	1.23462	4.59020e-05
3.78586e+04	1.21569e-02	1.79860e-02	0.92697	4.47214	4.59020e-05
3.80139e+04	1.21562e-02	2.00048e-02	1.57998	1.41308	4.59020e-05
3.81692e+04	1.21560e-02	2.38029e-02	2.26716	4.67947	4.59020e-05
3.83245e+04	1.21570e-02	2.40834e-02	3.11901	1.51677	4.59020e-05
3.84798e+04	1.21569e-02	1.83664e-02	4.12596	4.62357	4.59020e-05
3.86350e+04	1.21595e-02	1.44412e-02	4.76182	1.61887	4.59020e-05
3.87903e+04	1.21571e-02	1.36431e-02	5.11878	5.13661	4.59020e-05
3.89456e+04	1.21565e-02	1.45256e-02	5.59922	2.38902	4.59020e-05
3.91009e+04	1.21572e-02	1.62953e-02	0.10717	5.70038	4.59020e-05
3.92562e+04	1.21572e-02	1.43897e-02	1.35156	2.42326	4.59020e-05
3.94115e+04	1.21555e-02	7.28602e-03	2.58261	5.35899	4.59020e-05
3.95668e+04	1.21565e-02	5.60747e-03	2.21384	3.44135	4.59020e-05
3.97220e+04	1.21579e-02	1.07353e-02	3.37490	0.46684	4.59020e-05
3.98773e+04	1.21567e-02	1.11787e-02	4.82499	3.54067	4.59020e-05
4.00326e+04	1.21586e-02	6.23419e-03	5.81502	0.86740	4.59020e-05
4.01879e+04	1.21568e-02	8.03188e-03	6.27096	5.15442	4.59020e-05
4.03432e+04	1.21576e-02	1.25919e-02	1.59837	2.07485	4.59020e-05
4.04985e+04	1.21567e-02	1.22508e-02	3.57635	4.98716	4.59020e-05
4.06538e+04	1.21615e-02	8.32288e-03	5.27670	1.94454	4.59020e-05
4.08090e+04	1.21567e-02	1.24872e-02	6.12765	5.86313	4.59020e-05
4.09643e+04	1.21565e-02	2.02751e-02	1.27042	2.85523	4.59020e-05
4.11196e+04	1.21602e-02	1.71991e-02	2.89205	5.94758	4.59020e-05
4.12749e+04	1.21571e-02	1.22358e-02	4.35558	2.99119	4.59020e-05
4.14302e+04	1.21566e-02	1.69005e-02	5.63587	0.26502	4.59020e-05
4.15855e+04	1.21608e-02	2.19579e-02	1.08402	3.43830	4.59020e-05
4.17408e+04	1.21571e-02	1.90415e-02	3.00421	0.28169	4.59020e-05
4.18960e+04	1.21575e-02	1.46516e-02	4.63547	3.72371	4.59020e-05
4.20513e+04	1.21569e-02	1.66044e-02	0.01437	0.92440	4.59020e-05
4.22066e+04	1.21555e-02	2.05091e-02	2.09246	4.06807	4.59020e-05
4.23619e+04	1.21570e-02	1.86397e-02	4.28710	0.89486	4.59020e-05
4.25172e+04	1.21564e-02	1.36367e-02	6.23703	4.40950	4.59020e-05
4.26725e+04	1.21609e-02	1.49631e-02	1.74357	1.80777	4.59020e-05
4.28278e+04	1.21567e-02	1.48173e-02	4.21410	4.89025	4.59020e-05
4.29830e+04	1.21575e-02	1.09061e-02	0.55776	1.59343	4.59020e-05
4.31383e+04	1.21573e-02	7.21449e-03	2.52022	5.30616	4.59020e-05
4.32936e+04	1.21562e-02	1.01706e-02	4.60949	2.74513	4.59020e-05
4.34489e+04	1.21556e-02	8.14273e-03	0.96320	5.95348	4.59020e-05
4.36042e+04	1.21575e-02	2.88277e-03	3.12369	3.39011	4.59020e-05
4.37595e+04	1.21599e-02	6.44416e-03	4.85605	1.32546	4.59020e-05
4.39148e+04	1.21565e-02	1.05102e-02	1.60559	4.30182	4.59020e-05
4.40700e+04	1.21560e-02	8.63123e-03	4.45338	1.32065	4.59020e-05
4.42253e+04	1.21563e-02	8.27856e-03	0.24939	5.39307	4.59020e-05
4.43806e+04	1.21577e-02	1.26936e-02	3.10807	2.45881	4.59020e-05
4.45359e+04	1.21573e-02	1.53154e-02	0.00845	5.58527	4.59020e-05
4.46912e+04	1.21570e-02	1.62831e-02	3.23502	2.47059	4.59020e-05
4.48465e+04	1.21578e-02	1.20686e-02	6.19850	6.03810	4.59020e-05
4.50018e+04	1.21566e-02	1.70192e-02	2.81565	3.37843	4.59020e-05
4.51570e+04	1.21574e-02	1.90845e-02	0.08975	0.13688	4.59020e-05
4.53123e+04	1.21570e-02	1.94143e-02	3.48842	3.39659	4.59020e-05
4.54676e+04	1.21572e-02	1.54332e-02	0.62825	0.40599	4.59020e-05
4.56229e+04	1.21574e-02	1.38458e-02	3.74430	4.13192	4.59020e-05
4.57782e+04	1.21571e-02	1.53508e-02	1.09292	1.09259	4.59020e-05
4.59335e+04	1.21571e-02	1.89391e-02	4.73364	4.38474	4.59020e-05
4.60888e+04	1.21571e-02	1.37620e-02	2.30959	1.23748	4.59020e-05
4.62440e+04	1.21566e-02	9.16956e-03	5.91513	4.67722	4.59020e-05
4.63993e+04	1.21565e-02	6.08684e-03	2.97042	2.23888	4.59020e-05
4.65546e+04	1.21554e-02	9.55095e-03	0.42283	5.69522	4.59020e-05
4.67099e+04	1.21567e-02	9.48957e-03	4.10603	2.99930	4.59020e-05
4.68652e+04	1.21565e-02	5.44939e-03	2.20960	5.95788	4.59020e-05
4.70205e+04	1.21570e-02	3.48792e-03	5.92336	3.37610	4.59020e-05
4.71758e+04	1.21569e-02	7.39343e-03	2.27119	1.92786	4.59020e-05
4.73310e+04	1.21560e-02	1.02230e-02	0.10982	5.39700	4.59020e-05
4.74863e+04	1.21571e-02	1.23065e-02	4.61733	2.20891	4.59020e-05
4.76416e+04	1.21575e-02	1.46721e-02	2.74190	5.48340	4.59020e-05
4.77969e+04	1.21569e-02	1.42380e-02	0.71052	2.67324	4.59020e-05
4.79522e+04	1.21561e-02	1.23629e-02	4.98898	6.19137	4.59020e-05
4.81075e+04	1.21557e-02	1.35216e-02	3.12445	3.41432	4.59020e-05
4.82628e+04	1.21575e-02	1.57974e-02	1.21599	0.69835	4.59020e-05
4.84180e+04	1.21605e-02	1.64482e-02	5.82896	4.15071	4.59020e-05
4.85733e+04	1.21588e-02	1.79390e-02	4.51033	1.17471	4.59020e-05
4.87286e+04	1.21587e-02	1.78861e-02	3.27122	4.57658	4.59020e-05
4.88839e+04	1.21589e-02	1.56446e-02	2.11335	1.67854	4.59020e-05
4.90392e+04	1.21587e-02	1.56044e-02	0.84812	5.08961	4.59020e-05
4.91945e+04	1.21569e-02	1.33898e-02	5.76717	2.27388	4.59020e-05
4.93498e+04	1.21565e-02	1.10216e-02	4.40693	5.66117	4.59020e-05
4.95050e+04	1.21565e-02	9.79095e-03	2.98692	2.96513	4.59020e-05
4.96603e+04	1.21569e-02	6.35640e-03	1.67295	0.28410	4.59020e-05
4.98156e+04	1.21571e-02	6.69800e-03	0.36933	3.89512	4.59020e-05
4.99709e+04	1.21563e-02	5.99829e-03	5.27232	1.45043	4.59020e-05
5.01262e+04	1.21554e-02	6.80292e-03	3.90902	5.47463	4.59020e-05
5.02815e+04	1.21581e-02	1.06847e-02	3.11864	2.73600	4.59020e-05
5.04367e+04	1.21582e-02	1.34289e-02	2.30373	0.14225	4.59020e-05
5.05920e+04	1.21563e-02	1.56569e-02	1.64902	3.66290	4.59020e-05
5.07473e+04	1.21560e-02	1.90107e-02	0.91822	1.02744	4.59020e-05
5.09026e+04	1.21572e-02	1.74961e-02	0.31517	4.58792	4.59020e-05
5.10579e+04	1.21566e-02	1.58642e-02	6.04829	1.86126	4.59020e-05
5.12132e+04	1.21558e-02	1.51571e-02	5.84475	5.20344	4.59020e-05
5.13685e+04	1.21558e-02	1.20263e-02	5.67770	2.22553	4.59020e-05
5.15237e+04	1.21561e-02	1.20032e-02	5.27131	5.84564	4.59020e-05
5.16790e+04	1.21558e-02	1.25991e-02	4.99069	3.05070	4.59020e-05
5.18343e+04	1.21579e-02	1.01059e-02	4.24439	0.68943	4.59020e-05
5.19896e+04	1.21576e-02	8.19046e-03	3.19640	4.96959	4.59020e-05
5.21449e+04	1.21565e-02	7.10543e-03	2.36093	2.73098	4.59020e-05
5.23002e+04	1.21560e-02	3.97438e-03	1.93334	0.17185	4.59020e-05
5.24555e+04	1.21561e-02	7.70642e-03	1.78946	3.63680	4.59020e-05
5.26107e+04	1.21575e-02	1.32580e-02	1.56211	0.90474	4.59020e-05
5.27660e+04	1.21561e-02	1.78086e-02	1.21847	4.75645	4.59020e-05
5.29213e+04	1.21564e-02	1.63849e-02	1.05939	2.20042	4.59020e-05
5.30766e+04	1.21560e-02	1.50705e-02	1.03838	5.81163	4.59020e-05
5.32319e+04	1.21614e-02	1.38649e-02	1.36214	2.88476	4.59020e-05
5.33872e+04	1.21552e-02	1.61654e-02	1.47052	0.06234	4.59020e-05
5.35425e+04	1.21559e-02	1.57982e-02	1.15751	3.90927	4.59020e-05
5.36977e+04	1.21565e-02	8.54792e-03	0.71991	1.47446	4.59020e-05
5.38530e+04	1.21568e-02	2.81116e-03	0.75021	4.73320	4.59020e-05
5.40083e+04	1.21621e-02	3.49736e-03	0.53032	2.04365	4.59020e-05
5.41636e+04	1.21566e-02	3.87983e-03	0.90605	4.93493	4.59020e-05
5.43189e+04	1.21553e-02	5.15970e-03	3.78596	5.12619	4.59020e-05
5.44742e+04	1.21558e-02	1.10487e-02	3.74169	2.20313	4.59020e-05
5.46295e+04	1.21574e-02	6.41812e-03	3.06879	6.15833	4.59020e-05
5.47847e+04	1.21608e-02	9.29234e-03	2.81931	3.34579	4.59020e-05
5.49400e+04	1.21567e-02	1.42808e-02	2.79319	0.29323	4.59020e-05
5.50953e+04	1.21570e-02	1.26902e-02	2.06321	4.18988	4.59020e-05
5.52506e+04	1.21573e-02	1.28956e-02	1.43652	1.60417	4.59020e-05
5.54059e+04	1.21559e-02	1.24675e-02	1.51633	4.56095	4.59020e-05
5.55612e+04	1.21562e-02	1.13305e-02	0.89065	1.98206	4.59020e-05
5.57165e+04	1.21573e-02	1.10066e-02	6.01554	6.27551	4.59020e-05
5.58717e+04	1.21556e-02	3.91261e-03	0.21919	2.75535	4.59020e-05
5.60270e+04	1.21592e-02	3.30661e-03	1.13834	5.17696	4.59020e-05
5.61823e+04	1.21565e-02	4.99517e-03	4.15596	5.47565	4.59020e-05
5.63376e+04	1.21569e-02	7.00305e-03	2.66149	4.07266	4.59020e-05
5.64929e+04	1.21557e-02	1.12014e-02	1.92529	1.95412	4.59020e-05
5.66482e+04	1.21594e-02	1.04608e-02	2.37421	4.97597	4.59020e-05
5.68035e+04	1.21566e-02	1.23720e-02	2.15554	2.47817	4.59020e-05
5.69587e+04	1.21572e-02	1.39940e-02	1.85350	0.03386	4.59020e-05
5.71140e+04	1.21564e-02	1.20875e-02	2.14786	3.30470	4.59020e-05
5.72693e+04	1.21552e-02	1.15028e-02	2.06686	0.71371	4.59020e-05
5.74246e+04	1.21579e-02	6.67815e-03	1.49354	4.92621	4.59020e-05
5.75799e+04	1.21581e-02	6.45140e-03	2.44949	1.42128	4.59020e-05
5.77352e+04	1.21553e-02	1.69064e-03	5.90039	1.67178	4.59020e-05
5.78905e+04	1.21575e-02	6.10597e-03	5.74644	5.55658	4.59020e-05
5.80457e+04	1.21570e-02	4.20488e-03	5.45448	3.33876	4.59020e-05
5.82010e+04	1.21558e-02	1.51368e-02	5.59034	0.70606	4.59020e-05
5.83563e+04	1.21568e-02	1.13989e-02	5.97193	4.20955	4.59020e-05
5.85116e+04	1.21573e-02	1.24891e-02	5.96247	1.72788	4.59020e-05
5.86669e+04	1.21569e-02	1.02996e-02	5.98752	5.50015	4.59020e-05
5.88222e+04	1.21561e-02	1.03132e-02	6.10621	2.88080	4.59020e-05
5.89775e+04	1.21555e-02	3.86561e-03	0.46231	6.05365	4.59020e-05
5.91327e+04	1.21568e-02	1.95058e-03	4.22728	6.20025	4.59020e-05
5.92880e+04	1.21563e-02	4.55532e-03	3.17117	4.60685	4.59020e-05
5.94433e+04	1.21554e-02	1.12382e-02	3.45457	2.05054	4.59020e-05
5.95986e+04	1.21570e-02	1.04173e-02	4.03727	5.63218	4.59020e-05
5.97539e+04	1.21568e-02	9.82803e-03	4.74424	3.52211	4.59020e-05
5.99092e+04	1.21556e-02	1.30274e-02	0.44558	0.98793	4.59020e-05
6.00645e+04	1.21569e-02	5.79959e-03	2.72888	4.85941	4.59020e-05
6.02197e+04	1.21569e-02	4.74171e-03	2.06079	5.11001	4.59020e-05
6.03750e+04	1.21607e-02	6.18192e-03	3.26051	3.59914	4.59020e-05
6.05303e+04	1.21564e-02	9.34573e-03	4.65419	2.04973	4.59020e-05
6.06856e+04	1.21563e-02	7.09782e-03	1.43608	5.32431	4.59020e-05
6.08409e+04	1.21567e-02	9.47778e-03	5.63885	1.08050	4.59020e-05
6.09962e+04	1.21565e-02	1.70058e-02	1.77681	4.76623	4.59020e-05
6.11515e+04	1.21575e-02	1.33291e-02	3.42919	3.02606	4.59020e-05
6.13067e+04	1.21563e-02	9.40291e-03	6.21809	0.04768	4.59020e-05
6.14620e+04	1.21606e-02	1.29428e-02	1.64098	2.99739	4.59020e-05
6.16173e+04	1.21563e-02	1.39954e-02	3.57616	6.27532	4.59020e-05
6.17726e+04	1.21599e-02	1.47834e-02	5.20584	3.66559	4.59020e-05
6.19279e+04	1.21565e-02	1.80321e-02	0.93412	1.78750	4.59020e-05
6.20832e+04	1.21551e-02	3.46291e-03	1.11030	5.63492	4.59020e-05
6.22385e+04	1.21574e-02	1.26090e-02	5.22536	0.92338	4.59020e-05
6.23937e+04	1.21562e-02	2.00136e-02	3.52956	5.53961	4.59020e-05
6.25490e+04	1.21549e-02	1.67137e-02	3.39982	3.62473	4.59020e-05
6.27043e+04	1.21571e-02	1.20067e-03	1.69860	4.78969	4.59020e-05
6.28596e+04	1.21578e-02	1.75989e-02	0.78700	2.84824	4.59020e-05
6.30149e+04	1.21561e-02	2.01778e-02	0.39792	0.99376	4.59020e-05
6.31702e+04	1.21558e-02	1.00992e-02	2.87489	5.50710	4.59020e-05
6.33255e+04	1.21558e-02	1.05876e-02	2.43577	0.61865	4.59020e-05
6.34807e+04	1.21576e-02	2.01731e-02	2.68139	5.15282	4.59020e-05
6.36360e+04	1.21580e-02	1.31232e-02	4.74576	3.64073	4.59020e-05
6.37913e+04	1.21563e-02	2.76294e-03	2.37154	3.96892	4.59020e-05
6.39466e+04	1.21568e-02	1.48638e-02	2.59742	3.63639	4.59020e-05
6.41019e+04	1.21563e-02	1.80069e-02	0.17469	1.75939	4.59020e-05
6.42572e+04	1.21582e-02	1.77029e-03	6.07946	6.17774	4.59020e-05
6.44124e+04	1.21567e-02	1.17931e-02	3.44123	2.12660	4.59020e-05
6.45677e+04	1.21577e-02	1.62639e-02	1.11551	0.65057	4.59020e-05
6.47230e+04	1.21573e-02	4.92744e-03	1.30316	5.24135	4.59020e-05
6.48783e+04	1.21573e-02	1.24758e-02	4.45665	0.72800	4.59020e-05
6.50336e+04	1.21597e-02	1.41002e-02	4.92697	5.52562	4.59020e-05
6.51889e+04	1.21562e-02	3.21712e-03	0.31551	2.69465	4.59020e-05
6.53442e+04	1.21570e-02	1.55969e-02	2.16559	6.03409	4.59020e-05
6.54994e+04	1.21600e-02	1.35254e-02	2.53556	4.57354	4.59020e-05
6.56547e+04	1.21578e-02	2.05074e-03	5.44781	0.63834	4.59020e-05
6.58100e+04	1.21581e-02	1.65659e-02	0.12252	5.04524	4.59020e-05
6.59653e+04	1.21567e-02	1.02665e-02	0.95131	3.45294	4.59020e-05
6.61206e+04	1.21572e-02	8.00674e-03	4.33467	5.67723	4.59020e-05
6.62759e+04	1.21569e-02	1.60089e-02	5.09628	4.34197	4.59020e-05
6.64312e+04	1.21569e-02	6.00749e-03	0.02291	2.36491	4.59020e-05
6.65864e+04	1.21594e-02	1.32165e-02	2.82639	5.01426	4.59020e-05
6.67417e+04	1.21576e-02	1.25158e-02	3.51041	3.76838	4.59020e-05
6.68970e+04	1.21576e-02	2.89468e-03	0.68519	0.03829	4.59020e-05
6.70523e+04	1.21570e-02	1.73153e-02	2.43663	4.46124	4.59020e-05
6.72076e+04	1.21587e-02	8.24079e-03	3.90348	3.20469	4.59020e-05
6.73629e+04	1.21578e-02	1.36367e-02	2.04267	5.48902	4.59020e-05
6.75182e+04	1.21569e-02	1.74760e-02	4.09117	3.94786	4.59020e-05
6.76734e+04	1.21560e-02	7.14682e-03	2.24962	0.29624	4.59020e-05
6.78287e+04	1.21625e-02	1.46312e-02	4.58436	5.08022	4.59020e-05
6.79840e+04	1.21577e-02	3.56272e-03	0.61764	3.48787	4.59020e-05
6.81393e+04	1.21570e-02	1.76289e-02	5.00720	0.05255	4.59020e-05
6.82946e+04	1.21563e-02	6.03519e-03	1.62619	4.47159	4.59020e-05
6.84499e+04	1.21574e-02	5.52520e-03	1.18801	5.78831	4.59020e-05
6.86052e+04	1.21581e-02	1.28913e-02	4.47766	0.59062	4.59020e-05
6.87604e+04	1.21560e-02	1.11004e-02	5.06084	3.24269	4.59020e-05
6.89157e+04	1.21560e-02	1.82559e-02	0.30339	0.69798	4.59020e-05
6.90710e+04	1.21582e-02	1.68074e-02	2.31137	4.04620	4.59020e-05
6.92263e+04	1.21574e-02	2.10337e-02	3.00249	0.76361	4.59020e-05
6.93816e+04	1.21578e-02	2.43239e-02	1.95427	4.13797	4.59020e-05
6.95369e+04	1.21597e-02	1.92453e-02	1.68371	1.35850	4.59020e-05
6.96922e+04	1.21579e-02	1.99179e-02	5.33516	4.53264	4.59020e-05
6.98474e+04	1.21575e-02	2.54623e-02	4.23162	1.70104	4.59020e-05
7.00027e+04	1.21560e-02	1.39460e-02	4.22903	3.25916	4.59020e-05
7.01580e+04	1.21563e-02	9.29942e-03	4.62667	0.20633	4.59020e-05
7.03133e+04	1.21569e-02	1.42815e-02	3.09434	2.46159	4.59020e-05
7.04686e+04	1.21568e-02	1.27811e-02	1.76116	3.47867	4.59020e-05
7.06239e+04	1.21625e-02	1.18099e-02	1.74619	0.32771	4.59020e-05
7.07792e+04	1.21570e-02	1.04154e-02	1.87397	3.46245	4.59020e-05
7.09344e+04	1.21556e-02	1.08325e-02	3.70545	5.27234	4.59020e-05
7.10897e+04	1.21573e-02	1.00820e-02	1.99464	3.39093	4.59020e-05
7.12450e+04	1.21586e-02	1.85719e-02	5.14659	6.14702	4.59020e-05
7.14003e+04	1.21550e-02	2.59323e-02	2.80722	3.46524	4.59020e-05
7.15556e+04	1.21584e-02	2.25772e-02	1.20555	0.56923	4.59020e-05
7.17109e+04	1.21558e-02	2.61485e-02	5.77830	3.59881	4.59020e-05
7.18662e+04	1.21592e-02	2.19524e-02	3.27071	0.45458	4.59020e-05
7.20214e+04	1.21563e-02	1.63368e-02	0.76445	3.71379	4.59020e-05
7.21767e+04	1.21562e-02	9.61714e-03	5.07935	0.55213	4.59020e-05
7.23320e+04	1.21557e-02	9.77246e-03	3.91246	3.18761	4.59020e-05
7.24873e+04	1.21568e-02	1.92037e-02	1.85129	0.73886	4.59020e-05
7.26426e+04	1.21568e-02	1.61902e-02	0.97362	3.43223	4.59020e-05
7.27979e+04	1.21565e-02	1.31706e-02	4.57443	1.73915	4.59020e-05
7.29532e+04	1.21577e-02	6.52488e-03	2.27471	6.05861	4.59020e-05
7.31084e+04	1.21602e-02	8.74746e-03	2.58414	1.22276	4.59020e-05
7.32637e+04	1.21568e-02	9.71177e-03	6.05659	5.93129	4.59020e-05
7.34190e+04	1.21563e-02	1.05683e-02	1.91991	5.83676	4.59020e-05
7.35743e+04	1.21567e-02	4.62227e-03	2.23718	1.07231	4.59020e-05
7.37296e+04	1.21551e-02	1.11113e-02	1.38960	3.95000	4.59020e-05
7.38849e+04	1.21574e-02	1.30633e-02	3.49812	3.83052	4.59020e-05
7.40402e+04	1.21552e-02	1.36156e-02	4.59983	4.77612	4.59020e-05
7.41954e+04	1.21546e-02	1.58011e-02	4.93490	6.11801	4.59020e-05
7.43507e+04	1.21545e-02	1.61880e-02	3.49615	2.12895	4.59020e-05
7.45060e+04	1.21586e-02	1.32070e-02	3.40377	2.92370	4.59020e-05
7.46613e+04	1.21555e-02	1.01801e-02	1.51964	5.30083	4.59020e-05
7.48166e+04	1.21568e-02	1.28139e-02	4.56539	1.42341	4.59020e-05
7.49719e+04	1.21571e-02	8.87614e-03	3.54908	3.97467	4.59020e-05
7.51272e+04	1.21581e-02	1.87078e-02	4.54566	0.08467	4.59020e-05
7.52824e+04	1.21576e-02	1.15958e-02	2.81144	4.21307	4.59020e-05
7.54377e+04	1.21572e-02	1.16986e-02	0.84142	0.93146	4.59020e-05
7.55930e+04	1.21614e-02	1.22832e-02	4.26074	0.03873	4.59020e-05
7.57483e+04	1.21554e-02	1.91526e-02	4.76575	4.98463	4.59020e-05
7.59036e+04	1.21597e-02	1.12096e-02	3.97068	3.93610	4.59020e-05
7.60589e+04	1.21550e-02	1.15261e-02	5.73294	4.38287	4.59020e-05
7.62142e+04	1.21528e-02	8.45186e-03	3.29374	3.33659	4.59020e-05
7.63694e+04	1.21544e-02	1.00651e-02	4.94506	4.60928	4.59020e-05
7.65247e+04	1.21571e-02	3.87294e-03	4.91109	3.90479	4.59020e-05
7.66800e+04	1.21566e-02	2.99995e-03	4.28668	0.14652	4.59020e-05
7.68353e+04	1.21557e-02	8.45684e-03	4.51915	1.88672	4.59020e-05
7.69906e+04	1.21540e-02	9.03982e-03	1.98534	3.91251	4.59020e-05
7.71459e+04	1.21538e-02	1.05923e-02	3.45732	5.57943	4.59020e-05
7.73012e+04	1.21562e-02	1.11530e-02	5.46615	1.98498	4.59020e-05
7.74564e+04	1.21573e-02	6.93117e-03	2.15171	5.32958	4.59020e-05
7.76117e+04	1.21585e-02	5.39401e-03	4.09111	0.88993	4.59020e-05
7.77670e+04	1.21555e-02	1.67854e-02	4.58709	4.43140	4.59020e-05
7.79223e+04	1.21541e-02	1.47788e-02	4.02327	2.33496	4.59020e-05
7.80776e+04	1.21550e-02	4.25364e-03	3.91272	5.75207	4.59020e-05
7.82329e+04	1.21542e-02	1.67597e-02	3.85852	3.21098	4.59020e-05
7.83882e+04	1.21571e-02	1.68205e-02	4.89761	6.21137	4.59020e-05
7.85434e+04	1.21563e-02	1.30626e-02	0.29365	2.28839	4.59020e-05
7.86987e+04	1.21559e-02	3.80300e-03	6.25942	0.41279	4.59020e-05
7.88540e+04	1.21574e-02	8.46957e-03	1.32858	3.37428	4.59020e-05
7.90093e+04	1.21562e-02	1.76238e-02	2.22929	0.79107	4.59020e-05
7.91646e+04	1.21554e-02	2.03642e-02	2.93580	4.90914	4.59020e-05
7.93199e+04	1.21573e-02	3.95517e-03	0.46628	0.10345	4.59020e-05
7.94751e+04	1.21557e-02	4.73551e-03	5.57687	0.60893	4.59020e-05
7.96304e+04	1.21597e-02	4.93304e-03	2.79199	2.66491	4.59020e-05
7.97857e+04	1.21559e-02	1.18793e-02	4.41309	0.61869	4.59020e-05
7.99410e+04	1.21556e-02	6.63960e-03	3.78066	1.16950	4.59020e-05
8.00963e+04	1.21557e-02	1.86293e-02	4.60274	1.13777	4.59020e-05
8.02516e+04	1.21566e-02	6.00045e-03	1.71919	4.75479	4.59020e-05
8.04069e+04	1.21550e-02	1.23232e-02	2.16842	0.53939	4.59020e-05
8.05621e+04	1.21551e-02	5.69128e-03	4.42332	0.13739	4.59020e-05
8.07174e+04	1.21564e-02	6.93695e-03	1.56205	4.44514	4.59020e-05
8.08727e+04	1.21558e-02	9.44520e-04	2.21353	0.33944	4.59020e-05
8.10280e+04	1.21535e-02	6.57722e-03	5.54211	0.16829	4.59020e-05
8.11833e+04	1.21570e-02	8.38909e-03	0.86302	0.95128	4.59020e-05
8.13386e+04	1.21549e-02	1.52294e-02	4.34448	5.70724	4.59020e-05
8.14939e+04	1.21548e-02	2.82328e-03	0.03553	5.57095	4.59020e-05
8.16491e+04	1.21566e-02	1.36799e-02	0.72081	0.92903	4.59020e-05
8.18044e+04	1.21580e-02	6.34023e-03	1.99342	2.85613	4.59020e-05
8.19597e+04	1.21552e-02	1.19851e-02	1.31314	2.12889	4.59020e-05
8.21150e+04	1.21563e-02	7.80940e-03	4.79776	4.53052	4.59020e-05
8.22703e+04	1.21558e-02	3.79907e-03	5.14616	4.57728	4.59020e-05
8.24256e+04	1.21569e-02	4.70958e-03	4.66243	6.13812	4.59020e-05
8.25809e+04	1.21531e-02	8.27840e-03	2.44350	4.57374	4.59020e-05
8.27361e+04	1.21573e-02	1.40932e-02	2.53886	2.00973	4.59020e-05
8.28914e+04	1.21567e-02	1.10265e-02	4.61742	4.13252	4.59020e-05
8.30467e+04	1.21566e-02	1.35551e-03	1.79458	0.43721	4.59020e-05
8.32020e+04	1.21539e-02	9.14299e-03	2.49540	0.78127	4.59020e-05
8.33573e+04	1.21570e-02	9.20187e-03	2.74858	1.55683	4.59020e-05
8.35126e+04	1.21575e-02	8.99744e-03	0.02127	4.81606	4.59020e-05
8.36679e+04	1.21558e-02	4.98856e-03	0.48004	1.28399	4.59020e-05
8.38231e+04	1.21570e-02	4.38012e-04	4.06263	1.99153	4.59020e-05
8.39784e+04	1.21575e-02	1.25176e-02	1.08419	5.50365	4.59020e-05
8.41337e+04	1.21547e-02	1.38257e-02	4.31731	6.04320	4.59020e-05
8.42890e+04	1.21539e-02	1.30700e-02	2.97677	2.41697	4.59020e-05
8.44443e+04	1.21530e-02	9.85742e-03	0.85976	2.37429	4.59020e-05
8.45996e+04	1.21649e-02	1.74879e-02	4.95167	1.42781	4.59020e-05
8.47549e+04	1.21555e-02	4.58070e-02	5.97957	6.09323	4.59020e-05
8.49101e+04	1.21604e-02	4.23463e-02	4.73440	2.70087	4.59020e-05
8.50654e+04	1.21628e-02	4.89122e-02	4.78924	1.04444	4.59020e-05
8.52207e+04	1.21657e-02	2.28537e-02	1.24686	0.76434	4.59020e-05
8.53760e+04	1.21574e-02	1.83058e-02	6.09038	1.87233	4.59020e-05
8.55313e+04	1.21654e-02	4.36354e-02	3.44425	2.07982	4.59020e-05
8.56866e+04	1.21541e-02	4.04055e-02	5.52384	6.23911	4.59020e-05
8.58419e+04	1.21481e-02	6.71673e-03	4.61288	6.21414	4.59020e-05
8.59971e+04	1.21449e-02	8.45685e-02	2.90090	4.30846	4.59020e-05
8.61524e+04	1.21746e-02	6.83221e-02	1.63340	2.28165	4.59020e-05
8.63077e+04	1.21419e-02	9.10273e-02	1.93340	1.55350	4.59020e-05
8.64630e+04	1.21584e-02	9.19231e-02	2.49158	0.74683	4.59020e-05
8.66183e+04	1.21517e-02	9.92493e-02	0.96515	0.37131	4.59020e-05
8.67736e+04	1.21631e-02	7.85139e-02	3.01463	4.82554	4.59020e-05
8.69289e+04	1.21535e-02	1.02625e-01	3.49394	3.94272	4.59020e-05
8.70841e+04	1.21445e-02	6.31451e-02	3.00848	1.75324	4.59020e-05
8.72394e+04	1.21428e-02	8.80044e-02	4.83718	2.25768	4.59020e-05
8.73947e+04	1.21560e-02	9.38218e-02	0.80109	1.17895	4.59020e-05
8.75500e+04	1.21552e-02	1.02049e-01	0.61808	5.75337	4.59020e-05
8.77053e+04	1.21630e-02	4.99136e-02	6.17815	3.91365	4.59020e-05
8.78606e+04	1.21427e-02	2.85946e-02	3.06816	5.91219	4.59020e-05
8.80159e+04	1.21523e-02	4.92929e-02	2.65286	0.59870	4.59020e-05
8.81711e+04	1.21426e-02	7.19360e-02	1.70733	4.12103	4.59020e-05
8.83264e+04	1.21660e-02	9.06318e-02	5.41625	2.88748	4.59020e-05
8.84817e+04	1.21425e-02	5.78824e-02	3.02512	4.98129	4.59020e-05
8.86370e+04	1.21467e-02	7.50491e-02	3.33425	5.06099	4.59020e-05
8.87923e+04	1.21384e-02	9.23695e-02	2.65035	0.47226	4.59020e-05
8.89476e+04	1.21427e-02	6.84977e-02	2.45403	3.61848	4.59020e-05
8.91029e+04	1.21404e-02	9.52090e-02	0.12701	4.19821	4.59020e-05
8.92581e+04	1.21331e-02	8.29899e-02	0.34832	1.21990	4.59020e-05
8.94134e+04	1.21229e-02	1.00849e-01	5.03477	5.80857	4.59020e-05
8.95687e+04	1.21360e-02	6.65230e-02	1.30039	2.26210	4.59020e-05
8.97240e+04	1.21244e-02	3.90062e-02	3.98516	1.54786	4.59020e-05
8.98793e+04	1.21492e-02	1.20920e-01	5.07603	3.78943	4.59020e-05
9.00346e+04	1.21331e-02	1.00913e-01	5.60949	4.08857	4.59020e-05
9.01899e+04	1.21274e-02	1.13140e-01	6.25498	2.76668	4.59020e-05
9.03451e+04	1.21229e-02	9.30517e-02	3.21671	1.51041	4.59020e-05
9.05004e+04	1.21200e-02	9.69348e-02	2.31415	2.39354	4.59020e-05
9.06557e+04	1.21373e-02	6.64529e-02	5.83918	5.97536	4.59020e-05
9.08110e+04	1.21279e-02	6.73318e-02	4.46643	2.12669	4.59020e-05
9.09663e+04	1.21334e-02	8.77024e-02	1.61770	4.71436	4.59020e-05
9.11216e+04	1.21135e-02	8.20247e-02	0.15338	6.19248	4.59020e-05
9.12769e+04	1.21228e-02	6.87665e-02	5.69213	0.49181	4.59020e-05
9.14321e+04	1.21235e-02	5.49397e-02	5.17778	1.31240	4.59020e-05
9.15874e+04	1.21211e-02	7.57522e-02	4.22887	2.54701	4.59020e-05
9.17427e+04	1.21193e-02	7.62941e-02	0.20689	5.49378	4.59020e-05
9.18980e+04	1.21100e-02	6.82831e-02	5.93438	1.03498	4.59020e-05
9.20533e+04	1.21159e-02	9.29563e-02	0.41175	3.76179	4.59020e-05
9.22086e+04	1.21130e-02	7.39952e-02	0.53126	6.02550	4.59020e-05
9.23639e+04	1.21004e-02	8.32384e-02	4.62335	4.78280	4.59020e-05
9.25191e+04	1.21079e-02	1.08412e-01	3.40455	3.53953	4.59020e-05
9.26744e+04	1.21065e-02	1.19641e-01	3.88703	2.17499	4.59020e-05
9.28297e+04	1.21046e-02	8.41532e-02	4.58743	5.75974	4.59020e-05
9.29850e+04	1.21091e-02	1.21844e-01	0.46983	1.33189	4.59020e-05
9.31403e+04	1.20961e-02	1.16213e-01	1.83125	1.06424	4.59020e-05
9.32956e+04	1.20961e-02	9.48527e-02	3.86432	1.58855	4.59020e-05
9.34508e+04	1.21002e-02	7.25269e-02	4.88310	4.97559	4.59020e-05
9.36061e+04	1.20930e-02	9.82332e-02	3.48572	1.25586	4.59020e-05
9.37614e+04	1.21033e-02	1.07982e-01	4.83645	1.33040	4.59020e-05
9.39167e+04	1.20938e-02	9.30274e-02	5.68883	1.08806	4.59020e-05
9.40720e+04	1.20988e-02	1.08973e-01	1.96124	5.77278	4.59020e-05
9.42273e+04	1.20900e-02	8.76318e-02	0.88067	3.58880	4.59020e-05
9.43826e+04	1.20896e-02	1.08463e-01	5.63059	1.92787	4.59020e-05
9.45378e+04	1.20806e-02	9.64845e-02	3.38343	2.39852	4.59020e-05
9.46931e+04	1.20808e-02	9.49562e-02	4.63044	4.38658	4.59020e-05
9.48484e+04	1.20814e-02	1.00063e-01	2.11522	1.06648	4.59020e-05
9.50037e+04	1.20822e-02	9.67955e-02	1.89680	4.63824	4.59020e-05
9.51590e+04	1.20865e-02	9.20956e-02	0.25246	2.73500	4.59020e-05
9.53143e+04	1.20797e-02	8.80279e-02	4.75376	1.03415	4.59020e-05
9.54696e+04	1.20792e-02	9.01167e-02	2.30046	5.75489	4.59020e-05
9.56248e+04	1.20712e-02	9.82075e-02	4.49985	4.66419	4.59020e-05
9.57801e+04	1.20778e-02	1.01357e-01	1.39075	4.23608	4.59020e-05
9.59354e+04	1.20849e-02	8.27550e-02	2.29050	5.12488	4.59020e-05
9.60907e+04	1.20724e-02	8.85260e-02	5.87605	5.25013	4.59020e-05
9.62460e+04	1.20746e-02	9.20193e-02	2.91640	4.95956	4.59020e-05
9.64013e+04	1.20706e-02	9.86670e-02	1.06612	0.20789	4.59020e-05
9.65566e+04	1.20676e-02	1.00716e-01	2.67697	0.76267	4.59020e-05
9.67118e+04	1.20671e-02	8.53805e-02	1.90951	2.44260	4.59020e-05
9.68671e+04	1.20685e-02	1.03976e-01	5.29104	4.05166	4.59020e-05
9.70224e+04	1.20666e-02	1.03653e-01	4.92194	5.71245	4.59020e-05
9.71777e+04	1.20635e-02	9.34255e-02	2.31241	1.96353	4.59020e-05
9.73330e+04	1.20669e-02	9.57847e-02	3.76555	4.98641	4.59020e-05
9.74883e+04	1.20534e-02	1.08107e-01	2.55489	1.31146	4.59020e-05
9.76436e+04	1.20535e-02	9.20787e-02	5.15548	4.36151	4.59020e-05
9.77988e+04	1.20584e-02	1.01345e-01	5.13178	2.07755	4.59020e-05
9.79541e+04	1.20505e-02	1.02939e-01	2.16951	5.89172	4.59020e-05
9.81094e+04	1.20569e-02	9.88080e-02	4.01263	3.87079	4.59020e-05
9.82647e+04	1.20544e-02	1.07160e-01	3.84207	2.26645	4.59020e-05
9.84200e+04	1.20459e-02	9.70600e-02	1.82084	0.32581	4.59020e-05
9.85753e+04	1.20550e-02	1.09726e-01	4.87139	5.55310	4.59020e-05
9.87306e+04	1.20469e-02	9.94909e-02	5.88768	3.75600	4.59020e-05
9.88858e+04	1.20529e-02	1.05426e-01	6.16096	2.84812	4.59020e-05
9.90411e+04	1.20382e-02	1.02731e-01	3.72123	1.97926	4.59020e-05
9.91964e+04	1.20450e-02	9.94430e-02	0.57875	1.10770	4.59020e-05
9.93517e+04	1.20319e-02	1.02333e-01	2.09984	0.91557	4.59020e-05
9.95070e+04	1.20327e-02	9.75841e-02	2.25015	1.06720	4.59020e-05
9.96623e+04	1.20307e-02	1.02709e-01	1.15045	0.68874	4.59020e-05
9.98176e+04	1.20450e-02	1.08998e-01	5.58831	1.55214	4.59020e-05
9.99728e+04	1.20415e-02	9.85769e-02	1.95075	1.67626	4.59020e-05
1.00128e+05	1.20293e-02	1.08550e-01	3.27096	2.62890	4.59020e-05
1.00283e+05	1.20292e-02	9.87149e-02	4.17804	4.01001	4.59020e-05
1.00439e+05	1.20308e-02	1.03380e-01	4.46094	4.63746	4.59020e-05
1.00594e+05	1.20230e-02	1.09270e-01	3.86912	0.04355	4.59020e-05
1.00749e+05	1.20350e-02	9.43477e-02	2.89563	1.63784	4.59020e-05
1.00905e+05	1.20202e-02	1.03706e-01	1.16011	2.97402	4.59020e-05
1.01060e+05	1.20288e-02	1.10903e-01	5.74749	5.21227	4.59020e-05
1.01215e+05	1.20298e-02	9.78872e-02	3.44202	1.08601	4.59020e-05
1.01370e+05	1.20243e-02	1.00916e-01	0.47095	2.90078	4.59020e-05
1.01526e+05	1.20213e-02	1.08553e-01	3.83008	5.51476	4.59020e-05
1.01681e+05	1.20182e-02	1.09965e-01	0.72305	2.04277	4.59020e-05
1.01836e+05	1.20208e-02	1.02769e-01	4.05208	4.52801	4.59020e-05
1.01992e+05	1.20117e-02	1.04730e-01	0.49133	1.36535	4.59020e-05
1.02147e+05	1.20096e-02	1.01733e-01	4.37321	4.35970	4.59020e-05
1.02302e+05	1.20053e-02	1.05780e-01	1.01454	0.94974	4.59020e-05
1.02457e+05	1.20109e-02	1.10491e-01	4.63661	4.43502	4.59020e-05
1.02613e+05	1.20115e-02	1.10558e-01	2.55043	1.82133	4.59020e-05
1.02768e+05	1.20038e-02	1.07009e-01	0.63608	5.21605	4.59020e-05
1.02923e+05	1.20035e-02	1.06470e-01	5.35964	2.47022	4.59020e-05
1.03079e+05	1.20031e-02	1.07186e-01	4.44624	0.29208	4.59020e-05
1.03234e+05	1.19960e-02	1.01143e-01	4.12239	4.09781	4.59020e-05
1.03389e+05	1.20035e-02	1.08465e-01	3.85554	1.82410	4.59020e-05
1.03544e+05	1.20034e-02	1.01938e-01	4.73665	6.23012	4.59020e-05
1.03700e+05	1.20026e-02	1.07420e-01	0.06839	4.08830	4.59020e-05
1.03855e+05	1.19902e-02	1.07857e-01	1.67304	2.44443	4.59020e-05
1.04010e+05	1.19984e-02	1.01600e-01	5.14411	0.67257	4.59020e-05
1.04166e+05	1.19991e-02	1.11219e-01	3.79768	5.25607	4.59020e-05
1.04321e+05	1.19870e-02	1.04787e-01	2.49808	3.93722	4.59020e-05
1.04476e+05	1.19829e-02	1.03840e-01	2.49845	2.42304	4.59020e-05
1.04631e+05	1.19831e-02	1.10378e-01	4.50510	0.99628	4.59020e-05
1.04787e+05	1.19916e-02	1.08400e-01	1.12947	6.25552	4.59020e-05
1.04942e+05	1.19914e-02	1.04524e-01	4.72462	5.27015	4.59020e-05
1.05097e+05	1.19774e-02	1.09846e-01	3.25766	4.18545	4.59020e-05
1.05253e+05	1.19816e-02	1.13137e-01	4.52491	3.19481	4.59020e-05
1.05408e+05	1.19744e-02	1.09608e-01	5.62617	2.47651	4.59020e-05
1.05563e+05	1.19788e-02	1.05612e-01	3.47911	1.79150	4.59020e-05
1.05718e+05	1.19722e-02	1.11507e-01	2.59601	0.90547	4.59020e-05
1.05874e+05	1.19719e-02	1.13909e-01	2.63623	0.18740	4.59020e-05
1.06029e+05	1.19714e-02	1.06980e-01	5.81448	5.90436	4.59020e-05
1.06184e+05	1.19769e-02	1.03376e-01	2.88947	5.36063	4.59020e-05
1.06340e+05	1.19633e-02	1.08415e-01	2.26327	4.77732	4.59020e-05
1.06495e+05	1.19730e-02	1.13458e-01	3.56527	4.31038	4.59020e-05
1.06650e+05	1.19705e-02	1.13230e-01	5.92624	4.01034	4.59020e-05
1.06805e+05	1.19577e-02	1.07666e-01	5.17199	3.78439	4.59020e-05
1.06961e+05	1.19629e-02	1.03058e-01	4.85934	3.48441	4.59020e-05
1.07116e+05	1.19643e-02	1.06257e-01	1.14069	3.27314	4.59020e-05
1.07271e+05	1.19558e-02	1.12800e-01	4.64030	3.34152	4.59020e-05
1.07427e+05	1.19539e-02	1.16856e-01	4.37520	3.53226	4.59020e-05
1.07582e+05	1.19514e-02	1.16152e-01	5.95961	3.66945	4.59020e-05
1.07737e+05	1.19547e-02	1.11946e-01	3.42253	3.79642	4.59020e-05
1.07892e+05	1.19484e-02	1.09513e-01	3.19216	3.99323	4.59020e-05
1.08048e+05	1.19465e-02	1.07211e-01	5.28394	4.24553	4.59020e-05
1.08203e+05	1.19511e-02	1.06838e-01	3.43836	4.55220	4.59020e-05
1.08358e+05	1.19431e-02	1.07887e-01	3.93420	4.94596	4.59020e-05
1.08514e+05	1.19439e-02	1.07398e-01	0.23398	5.48070	4.59020e-05
1.08669e+05	1.19467e-02	1.06525e-01	4.55720	6.10144	4.59020e-05
1.08824e+05	1.19400e-02	1.08792e-01	4.87524	0.46554	4.59020e-05
1.08979e+05	1.19460e-02	1.09877e-01	1.96970	1.05483	4.59020e-05
1.09135e+05	1.19456e-02	1.09664e-01	1.69363	1.71020	4.59020e-05
1.09290e+05	1.19319e-02	1.11567e-01	3.59185	2.45678	4.59020e-05
1.09445e+05	1.19431e-02	1.12494e-01	1.64781	3.25829	4.59020e-05
1.09601e+05	1.19450e-02	1.12654e-01	2.29411	4.07152	4.59020e-05
1.09756e+05	1.19273e-02	1.12824e-01	5.49423	4.96814	4.59020e-05
1.09911e+05	1.19377e-02	1.11971e-01	5.58109	5.90697	4.59020e-05
1.10066e+05	1.19245e-02	1.13361e-01	1.57877	0.58679	4.59020e-05
1.10222e+05	1.19343e-02	1.11735e-01	0.21013	1.56629	4.59020e-05
1.10377e+05	1.19211e-02	1.10675e-01	1.28562	2.60468	4.59020e-05
1.10532e+05	1.19171e-02	1.11017e-01	4.89658	3.67965	4.59020e-05
1.10688e+05	1.19178e-02	1.11053e-01	5.22114	4.77918	4.59020e-05
1.10843e+05	1.19172e-02	1.09474e-01	2.17196	5.93188	4.59020e-05
1.10998e+05	1.19152e-02	1.08896e-01	2.21359	0.85975	4.59020e-05
1.11153e+05	1.19189e-02	1.08369e-01	4.66971	2.09751	4.59020e-05
1.11309e+05	1.19203e-02	1.07414e-01	3.55793	3.36858	4.59020e-05
1.11464e+05	1.19173e-02	1.07649e-01	5.07851	4.70152	4.59020e-05
1.11619e+05	1.19069e-02	1.08801e-01	3.36431	6.06845	4.59020e-05
1.11775e+05	1.19198e-02	1.08591e-01	4.56014	1.18591	4.59020e-05
1.11930e+05	1.19152e-02	1.10365e-01	2.74440	2.63533	4.59020e-05
1.12085e+05	1.19089e-02	1.13332e-01	3.77574	4.10091	4.59020e-05
1.12240e+05	1.18993e-02	1.15561e-01	1.40297	5.57482	4.59020e-05
1.12396e+05	1.19035e-02	1.16870e-01	1.89955	0.81771	4.59020e-05
1.12551e+05	1.18965e-02	1.17257e-01	5.04225	2.36834	4.59020e-05
1.12706e+05	1.19089e-02	1.15186e-01	5.18681	3.95619	4.59020e-05
1.12862e+05	1.19052e-02	1.12743e-01	2.18741	5.60006	4.59020e-05
1.13017e+05	1.19054e-02	1.10737e-01	2.04768	0.98824	4.59020e-05
1.13172e+05	1.18968e-02	1.09326e-01	5.28598	2.71008	4.59020e-05
1.13327e+05	1.18929e-02	1.09764e-01	5.53312	4.45834	4.59020e-05
1.13483e+05	1.19011e-02	1.10944e-01	2.30703	6.22394	4.59020e-05
1.13638e+05	1.18921e-02	1.14030e-01	2.27183	1.72088	4.59020e-05
1.13793e+05	1.18934e-02	1.16658e-01	5.66795	3.47708	4.59020e-05
1.13949e+05	1.18978e-02	1.16418e-01	5.88080	5.23346	4.59020e-05
1.14104e+05	1.18920e-02	1.14676e-01	2.86208	0.74247	4.59020e-05
1.14259e+05	1.18881e-02	1.11049e-01	2.77999	2.57757	4.59020e-05
1.14414e+05	1.18794e-02	1.08642e-01	6.06373	4.48298	4.59020e-05
1.14570e+05	1.18911e-02	1.08253e-01	6.02991	0.13555	4.59020e-05
1.14725e+05	1.18835e-02	1.11677e-01	3.25994	2.09114	4.59020e-05
1.14880e+05	1.18888e-02	1.14991e-01	3.47997	4.05532	4.59020e-05
1.15036e+05	1.18686e-02	1.17276e-01	0.66630	6.02046	4.59020e-05
1.15191e+05	1.18788e-02	1.14814e-01	1.36614	1.72427	4.59020e-05
1.15346e+05	1.18718e-02	1.11924e-01	4.99844	3.75059	4.59020e-05
1.15501e+05	1.18763e-02	1.09188e-01	5.92558	5.82438	4.59020e-05
1.15657e+05	1.18639e-02	1.11194e-01	3.73617	1.62901	4.59020e-05
1.15812e+05	1.18757e-02	1.13870e-01	4.71631	3.68620	4.59020e-05
1.15967e+05	1.18611e-02	1.17732e-01	3.02181	5.72564	4.59020e-05
1.16123e+05	1.18697e-02	1.16830e-01	4.30887	1.46484	4.59020e-05
1.16278e+05	1.18589e-02	1.13221e-01	2.78124	3.51547	4.59020e-05
1.16433e+05	1.18565e-02	1.09730e-01	4.61129	5.62497	4.59020e-05
1.16588e+05	1.18597e-02	1.09873e-01	2.99120	1.50162	4.59020e-05
1.16744e+05	1.18565e-02	1.14335e-01	4.87660	3.67293	4.59020e-05
1.16899e+05	1.18656e-02	1.17167e-01	3.87634	5.80494	4.59020e-05
1.17054e+05	1.18582e-02	1.16230e-01	6.17165	1.67132	4.59020e-05
1.17210e+05	1.18460e-02	1.12817e-01	5.50167	3.86239	4.59020e-05
1.17365e+05	1.18586e-02	1.09153e-01	1.71328	6.10458	4.59020e-05
1.17520e+05	1.18426e-02	1.11575e-01	1.26125	2.07529	4.59020e-05
1.17675e+05	1.18470e-02	1.15557e-01	3.85248	4.29365	4.59020e-05
1.17831e+05	1.18556e-02	1.17231e-01	3.57374	0.20007	4.59020e-05
1.17986e+05	1.18523e-02	1.15146e-01	0.23990	2.39306	4.59020e-05
1.18141e+05	1.18547e-02	1.10903e-01	0.21181	4.63741	4.59020e-05
1.18297e+05	1.18436e-02	1.09695e-01	3.32019	0.65792	4.59020e-05
1.18452e+05	1.18376e-02	1.13278e-01	3.61680	2.96200	4.59020e-05
1.18607e+05	1.18301e-02	1.17340e-01	1.22490	5.23159	4.59020e-05
1.18762e+05	1.18429e-02	1.16441e-01	1.77725	1.20676	4.59020e-05
1.18918e+05	1.18290e-02	1.12966e-01	5.45750	3.48720	4.59020e-05
1.19073e+05	1.18455e-02	1.09709e-01	5.96682	5.80590	4.59020e-05
1.19228e+05	1.18333e-02	1.12641e-01	3.41823	1.83950	4.59020e-05
1.19384e+05	1.18287e-02	1.16767e-01	3.95797	4.11845	4.59020e-05
1.19539e+05	1.18354e-02	1.17126e-01	1.75933	0.10498	4.59020e-05
1.19694e+05	1.18352e-02	1.13547e-01	2.79147	2.40609	4.59020e-05
1.19849e+05	1.18342e-02	1.09721e-01	0.51774	4.76556	4.59020e-05
1.20005e+05	1.18312e-02	1.11054e-01	1.14375	0.84384	4.59020e-05
1.20160e+05	1.18223e-02	1.15708e-01	4.89320	3.15410	4.59020e-05
1.20315e+05	1.18166e-02	1.18081e-01	5.74145	5.42417	4.59020e-05
1.20471e+05	1.18191e-02	1.15369e-01	3.51048	1.41985	4.59020e-05
1.20626e+05	1.18202e-02	1.10794e-01	4.10936	3.76009	4.59020e-05
1.20781e+05	1.18144e-02	1.10477e-01	1.33546	6.13721	4.59020e-05
1.20936e+05	1.18140e-02	1.14430e-01	1.33951	2.21169	4.59020e-05
1.21092e+05	1.18164e-02	1.17348e-01	4.86386	4.50733	4.59020e-05
1.21247e+05	1.18093e-02	1.16463e-01	5.18442	0.49050	4.59020e-05
1.21402e+05	1.18046e-02	1.12624e-01	1.75290	2.78755	4.59020e-05
1.21558e+05	1.18017e-02	1.10522e-01	0.96652	5.14854	4.59020e-05
1.21713e+05	1.17963e-02	1.13454e-01	3.32282	1.22769	4.59020e-05
1.21868e+05	1.17969e-02	1.17584e-01	2.70313	3.54373	4.59020e-05
1.22023e+05	1.17992e-02	1.17635e-01	4.50475	5.80386	4.59020e-05
1.22179e+05	1.18073e-02	1.13513e-01	2.65619	1.78640	4.59020e-05
1.22334e+05	1.18055e-02	1.10030e-01	3.71625	4.10043	4.59020e-05
1.22489e+05	1.17924e-02	1.12069e-01	1.45372	0.16496	4.59020e-05
1.22645e+05	1.18034e-02	1.15180e-01	1.49881	2.47723	4.59020e-05
1.22800e+05	1.17866e-02	1.18118e-01	4.44217	4.73174	4.59020e-05
1.22955e+05	1.17968e-02	1.15476e-01	3.78949	0.68460	4.59020e-05
1.23110e+05	1.17994e-02	1.11363e-01	5.45550	2.94688	4.59020e-05
1.23266e+05	1.17928e-02	1.10361e-01	3.43034	5.25613	4.59020e-05
1.23421e+05	1.17891e-02	1.13265e-01	4.15761	1.27803	4.59020e-05
1.23576e+05	1.17911e-02	1.16605e-01	0.91829	3.52564	4.59020e-05
1.23732e+05	1.17887e-02	1.17365e-01	6.15796	5.72297	4.59020e-05
1.23887e+05	1.17914e-02	1.14185e-01	1.47401	1.63769	4.59020e-05
1.24042e+05	1.17834e-02	1.10866e-01	5.15724	3.88758	4.59020e-05
1.24197e+05	1.17780e-02	1.11074e-01	5.06461	6.15768	4.59020e-05
1.24353e+05	1.17863e-02	1.13653e-01	0.99991	2.10129	4.59020e-05
1.24508e+05	1.17701e-02	1.17606e-01	5.05890	4.26671	4.59020e-05
1.24663e+05	1.17803e-02	1.17123e-01	5.20040	0.12189	4.59020e-05
1.24819e+05	1.17693e-02	1.14785e-01	1.30949	2.28190	4.59020e-05
1.24974e+05	1.17700e-02	1.11306e-01	5.14005	4.46523	4.59020e-05
1.25129e+05	1.17767e-02	1.09999e-01	5.33720	0.35937	4.59020e-05
1.25284e+05	1.17743e-02	1.12706e-01	0.82661	2.49565	4.59020e-05
1.25440e+05	1.17633e-02	1.16125e-01	4.39789	4.60363	4.59020e-05
1.25595e+05	1.17613e-02	1.17801e-01	3.85538	0.41125	4.59020e-05
1.25750e+05	1.17578e-02	1.16446e-01	4.63671	2.47966	4.59020e-05
1.25906e+05	1.17594e-02	1.13322e-01	1.23839	4.53254	4.59020e-05
1.26061e+05	1.17641e-02	1.10558e-01	5.30574	0.31225	4.59020e-05
1.26216e+05	1.17690e-02	1.09902e-01	4.56222	2.39231	4.59020e-05
1.26371e+05	1.17581e-02	1.12943e-01	5.51282	4.44571	4.59020e-05
1.26527e+05	1.17493e-02	1.16167e-01	1.57370	0.16297	4.59020e-05
1.26682e+05	1.17649e-02	1.16764e-01	5.57693	2.11416	4.59020e-05
1.26837e+05	1.17464e-02	1.17086e-01	3.93085	4.06097	4.59020e-05
1.26993e+05	1.17567e-02	1.14165e-01	3.97008	6.01460	4.59020e-05
1.27148e+05	1.17507e-02	1.11909e-01	4.81299	1.67000	4.59020e-05
1.27303e+05	1.17424e-02	1.10892e-01	0.39092	3.58949	4.59020e-05
1.27458e+05	1.17553e-02	1.09881e-01	3.23175	5.49555	4.59020e-05
1.27614e+05	1.17526e-02	1.11588e-01	0.62599	1.10929	4.59020e-05
1.27769e+05	1.17507e-02	1.14070e-01	5.17796	2.97528	4.59020e-05
1.27924e+05	1.17484e-02	1.15976e-01	3.82538	4.78820	4.59020e-05
1.28080e+05	1.17471e-02	1.17075e-01	3.45778	0.27993	4.59020e-05
1.28235e+05	1.17463e-02	1.16518e-01	3.03934	2.04032	4.59020e-05
1.28390e+05	1.17459e-02	1.14774e-01	3.42727	3.79556	4.59020e-05
1.28545e+05	1.17404e-02	1.13356e-01	3.76882	5.52459	4.59020e-05
1.28701e+05	1.17291e-02	1.12063e-01	4.91111	0.94739	4.59020e-05
1.28856e+05	1.17375e-02	1.10072e-01	5.61459	2.63513	4.59020e-05
1.29011e+05	1.17323e-02	1.09671e-01	0.29474	4.31095	4.59020e-05
1.29167e+05	1.17296e-02	1.10269e-01	1.16337	5.96348	4.59020e-05
1.29322e+05	1.17320e-02	1.10980e-01	1.86520	1.28917	4.59020e-05
1.29477e+05	1.17313e-02	1.11972e-01	2.36354	2.85961	4.59020e-05
1.29632e+05	1.17235e-02	1.13303e-01	2.42881	4.40110	4.59020e-05
1.29788e+05	1.17350e-02	1.13771e-01	2.00318	5.92028	4.59020e-05
1.29943e+05	1.17298e-02	1.14933e-01	1.22541	1.12607	4.59020e-05
1.30098e+05	1.17207e-02	1.16120e-01	5.70259	2.56890	4.59020e-05
1.30254e+05	1.17143e-02	1.16564e-01	3.23787	3.97818	4.59020e-05
1.30409e+05	1.17159e-02	1.16676e-01	5.97567	5.36152	4.59020e-05
1.30564e+05	1.17132e-02	1.16722e-01	1.68870	0.43847	4.59020e-05
1.30719e+05	1.17106e-02	1.16791e-01	2.33444	1.76160	4.59020e-05
1.30875e+05	1.17080e-02	1.16887e-01	1.94352	3.04385	4.59020e-05
1.31030e+05	1.17087e-02	1.16663e-01	6.21927	4.28973	4.59020e-05
1.31185e+05	1.17123e-02	1.16184e-01	2.85797	5.51000	4.59020e-05
1.31341e+05	1.17189e-02	1.15692e-01	3.85662	0.41728	4.59020e-05
1.31496e+05	1.17063e-02	1.16211e-01	3.24262	1.56977	4.59020e-05
1.31651e+05	1.17023e-02	1.16421e-01	0.77815	2.68115	4.59020e-05
1.31806e+05	1.17174e-02	1.15679e-01	2.51390	3.74847	4.59020e-05
1.31962e+05	1.16995e-02	1.16394e-01	1.82396	4.78278	4.59020e-05
1.32117e+05	1.17090e-02	1.15505e-01	5.65160	5.78823	4.59020e-05
1.32272e+05	1.16985e-02	1.15426e-01	0.15006	0.46612	4.59020e-05
1.32428e+05	1.17100e-02	1.14215e-01	5.11863	1.37627	4.59020e-05
1.32583e+05	1.16932e-02	1.13802e-01	0.54499	2.23621	4.59020e-05
1.32738e+05	1.17037e-02	1.11418e-01	6.02750	3.05081	4.59020e-05
1.32893e+05	1.16983e-02	1.10419e-01	2.14610	3.82449	4.59020e-05
1.33049e+05	1.16905e-02	1.09146e-01	1.26524	4.55041	4.59020e-05
1.33204e+05	1.16940e-02	1.08843e-01	3.01746	5.22079	4.59020e-05
1.33359e+05	1.16988e-02	1.08738e-01	1.83142	5.84073	4.59020e-05
1.33515e+05	1.16853e-02	1.11209e-01	2.86701	0.11002	4.59020e-05
1.33670e+05	1.16975e-02	1.12977e-01	0.29123	0.62412	4.59020e-05
1.33825e+05	1.16832e-02	1.15368e-01	5.96869	1.10330	4.59020e-05
1.33980e+05	1.16937e-02	1.15149e-01	1.54952	1.55016	4.59020e-05
1.34136e+05	1.16872e-02	1.13497e-01	4.72648	1.93885	4.59020e-05
1.34291e+05	1.16863e-02	1.10236e-01	3.94795	2.25478	4.59020e-05
1.34446e+05	1.16814e-02	1.07980e-01	4.21255	2.48891	4.59020e-05
1.34602e+05	1.16879e-02	1.07614e-01	0.09092	2.65194	4.59020e-05
1.34757e+05	1.16733e-02	1.11824e-01	3.20317	2.77518	4.59020e-05
1.34912e+05	1.16820e-02	1.14480e-01	0.78570	2.88414	4.59020e-05
1.35067e+05	1.16882e-02	1.13647e-01	5.81218	2.95080	4.59020e-05
1.35223e+05	1.16731e-02	1.10460e-01	4.93188	2.93935	4.59020e-05
1.35378e+05	1.16724e-02	1.07418e-01	4.61755	2.82200	4.59020e-05
1.35533e+05	1.16807e-02	1.09205e-01	4.40980	2.63604	4.59020e-05
1.35689e+05	1.16792e-02	1.13586e-01	4.55605	2.44367	4.59020e-05
1.35844e+05	1.16695e-02	1.13577e-01	4.12413	2.21089	4.59020e-05
1.35999e+05	1.16638e-02	1.08202e-01	3.47722	1.87206	4.59020e-05
1.36154e+05	1.16689e-02	1.07467e-01	2.15105	1.40998	4.59020e-05
1.36310e+05	1.16746e-02	1.12635e-01	0.20391	0.92771	4.59020e-05
1.36465e+05	1.16751e-02	1.12591e-01	3.35545	0.43812	4.59020e-05
1.36620e+05	1.16734e-02	1.06729e-01	5.41719	6.10027	4.59020e-05
1.36776e+05	1.16698e-02	1.08836e-01	6.00759	5.35945	4.59020e-05
1.36931e+05	1.16668e-02	1.13643e-01	4.81879	4.63406	4.59020e-05
1.37086e+05	1.16673e-02	1.08367e-01	1.77424	3.83194	4.59020e-05
1.37241e+05	1.16649e-02	1.07040e-01	2.85062	2.85764	4.59020e-05
1.37397e+05	1.16625e-02	1.13384e-01	1.60831	1.89111	4.59020e-05
1.37552e+05	1.16629e-02	1.08182e-01	3.74541	0.87352	4.59020e-05
1.37707e+05	1.16676e-02	1.07267e-01	3.46369	5.94567	4.59020e-05
1.37863e+05	1.16659e-02	1.12685e-01	6.06184	4.75846	4.59020e-05
1.38018e+05	1.16604e-02	1.05904e-01	5.36621	3.45849	4.59020e-05
1.38173e+05	1.16595e-02	1.10758e-01	1.13846	2.01858	4.59020e-05
1.38328e+05	1.16489e-02	1.09923e-01	5.55890	0.60988	4.59020e-05
1.38484e+05	1.16464e-02	1.07164e-01	6.15997	5.25808	4.59020e-05
1.38639e+05	1.16438e-02	1.12777e-01	2.23189	3.65183	4.59020e-05
1.38794e+05	1.16466e-02	1.05357e-01	0.09081	1.88097	4.59020e-05
1.38950e+05	1.16510e-02	1.12292e-01	5.44475	0.04793	4.59020e-05
1.39105e+05	1.16575e-02	1.04365e-01	5.65905	4.39993	4.59020e-05
1.39260e+05	1.16521e-02	1.11775e-01	0.44549	2.36449	4.59020e-05
1.39415e+05	1.16416e-02	1.04582e-01	2.17754	0.24112	4.59020e-05
1.39571e+05	1.16391e-02	1.12280e-01	4.30091	4.29184	4.59020e-05
1.39726e+05	1.16399e-02	1.04710e-01	0.08038	1.94633	4.59020e-05
1.39881e+05	1.16451e-02	1.10567e-01	1.98461	5.82295	4.59020e-05
1.40037e+05	1.16474e-02	1.05959e-01	3.22262	3.22416	4.59020e-05
1.40192e+05	1.16420e-02	1.07018e-01	3.56066	0.64468	4.59020e-05
1.40347e+05	1.16340e-02	1.10518e-01	2.94504	4.10932	4.59020e-05
1.40502e+05	1.16307e-02	1.04012e-01	0.90583	1.26805	4.59020e-05
1.40658e+05	1.16373e-02	1.09747e-01	3.44112	4.59195	4.59020e-05
1.40813e+05	1.16428e-02	1.07887e-01	3.83672	1.43718	4.59020e-05
1.40968e+05	1.16370e-02	1.02959e-01	2.09121	4.51660	4.59020e-05
1.41124e+05	1.16276e-02	1.08779e-01	3.68498	1.16357	4.59020e-05
1.41279e+05	1.16305e-02	1.09414e-01	2.43441	3.88909	4.59020e-05
1.41434e+05	1.16429e-02	1.03339e-01	4.28610	0.26798	4.59020e-05
1.41589e+05	1.16328e-02	1.03486e-01	2.47294	2.86528	4.59020e-05
1.41745e+05	1.16240e-02	1.08518e-01	2.97606	5.28508	4.59020e-05
1.41900e+05	1.16332e-02	1.09221e-01	5.34595	1.23572	4.59020e-05
1.42055e+05	1.16347e-02	1.05793e-01	3.45551	3.33196	4.59020e-05
1.42211e+05	1.16204e-02	1.03197e-01	2.74085	5.33638	4.59020e-05
1.42366e+05	1.16297e-02	1.01896e-01	2.74405	0.94892	4.59020e-05
1.42521e+05	1.16329e-02	1.02547e-01	4.00556	2.69668	4.59020e-05
1.42676e+05	1.16180e-02	1.05181e-01	5.18113	4.26710	4.59020e-05
1.42832e+05	1.16321e-02	1.05772e-01	0.15150	5.67074	4.59020e-05
1.42987e+05	1.16217e-02	1.07304e-01	1.30702	0.64839	4.59020e-05
1.43142e+05	1.16237e-02	1.07306e-01	1.29670	1.76749	4.59020e-05
1.43298e+05	1.16240e-02	1.06826e-01	0.88149	2.71810	4.59020e-05
1.43453e+05	1.16197e-02	1.06581e-01	4.68994	3.49755	4.59020e-05
1.43608e+05	1.16209e-02	1.05461e-01	0.99674	4.13849	4.59020e-05
1.43763e+05	1.16225e-02	1.03412e-01	1.01609	4.60875	4.59020e-05
1.43919e+05	1.16142e-02	1.01396e-01	5.18223	4.87291	4.59020e-05
1.44074e+05	1.16276e-02	9.92299e-02	0.10838	4.96406	4.59020e-05
1.44229e+05	1.16113e-02	1.01202e-01	4.27637	4.87906	4.59020e-05
1.44385e+05	1.16145e-02	1.04698e-01	5.15741	4.61851	4.59020e-05
1.44540e+05	1.16254e-02	1.05596e-01	1.70481	4.22720	4.59020e-05
1.44695e+05	1.16165e-02	1.01920e-01	0.17615	3.64747	4.59020e-05
1.44850e+05	1.16081e-02	9.92722e-02	0.59767	2.77338	4.59020e-05
1.45006e+05	1.16075e-02	1.04519e-01	2.08309	1.75286	4.59020e-05
1.45161e+05	1.16133e-02	1.03438e-01	4.29870	0.60891	4.59020e-05
1.45316e+05	1.16178e-02	9.78676e-02	0.60652	5.42396	4.59020e-05
1.45472e+05	1.16183e-02	1.04096e-01	3.25225	3.81104	4.59020e-05
1.45627e+05	1.16181e-02	9.84854e-02	5.51490	2.00687	4.59020e-05
1.45782e+05	1.16152e-02	1.02232e-01	0.82180	6.18574	4.59020e-05
1.45937e+05	1.16101e-02	9.95310e-02	1.11858	3.97838	4.59020e-05
1.46093e+05	1.16024e-02	1.02863e-01	6.17880	1.41330	4.59020e-05
1.46248e+05	1.16042e-02	9.76184e-02	2.88382	5.02634	4.59020e-05
1.46403e+05	1.16161e-02	1.02999e-01	3.78525	2.03425	4.59020e-05
1.46559e+05	1.16106e-02	9.72812e-02	2.03634	5.09620	4.59020e-05
1.46714e+05	1.16011e-02	9.86937e-02	2.91991	1.70250	4.59020e-05
1.46869e+05	1.16168e-02	1.01968e-01	0.68318	4.26450	4.59020e-05
1.47024e+05	1.15994e-02	9.99669e-02	0.52844	0.26621	4.59020e-05
1.47180e+05	1.16123e-02	9.48849e-02	2.50999	2.36518	4.59020e-05
1.47335e+05	1.16064e-02	9.58196e-02	5.52162	4.20471	4.59020e-05
1.47490e+05	1.15987e-02	9.84361e-02	3.73415	5.74826	4.59020e-05
1.47646e+05	1.16080e-02	9.94092e-02	2.51039	0.72715	4.59020e-05
1.47801e+05	1.16126e-02	9.92367e-02	1.46069	1.68373	4.59020e-05
1.47956e+05	1.16138e-02	9.88365e-02	0.10892	2.38188	4.59020e-05
1.48111e+05	1.16128e-02	9.77492e-02	4.66259	2.77305	4.59020e-05
1.48267e+05	1.16123e-02	9.53034e-02	1.85443	2.86634	4.59020e-05
1.48422e+05	1.16069e-02	9.30507e-02	3.95964	2.64092	4.59020e-05
1.48577e+05	1.15974e-02	9.41263e-02	4.10358	2.05464	4.59020e-05
1.48733e+05	1.16011e-02	9.78632e-02	1.77047	1.20134	4.59020e-05
1.48888e+05	1.16112e-02	9.71047e-02	3.38591	0.08943	4.59020e-05
1.49043e+05	1.15946e-02	9.22981e-02	1.56561	4.82704	4.59020e-05
1.49198e+05	1.16094e-02	9.68721e-02	2.74446	2.93928	4.59020e-05
1.49354e+05	1.16032e-02	9.28685e-02	5.74008	0.80451	4.59020e-05
1.49509e+05	1.15925e-02	9.64591e-02	4.83667	4.46065	4.59020e-05
1.49664e+05	1.15987e-02	9.15193e-02	5.24320	1.58528	4.59020e-05
1.49820e+05	1.16022e-02	9.68360e-02	0.29233	4.54788	4.59020e-05
1.49975e+05	1.16028e-02	9.16298e-02	2.26410	0.83993	4.59020e-05
1.50130e+05	1.15974e-02	9.03153e-02	4.23177	3.11695	4.59020e-05
1.50285e+05	1.15931e-02	9.41823e-02	5.90034	4.94818	4.59020e-05
1.50441e+05	1.16049e-02	9.49106e-02	0.69221	0.05045	4.59020e-05
1.50596e+05	1.16017e-02	9.50615e-02	0.85846	1.02620	4.59020e-05
1.50751e+05	1.15984e-02	9.47774e-02	5.33185	1.59338	4.59020e-05
1.50907e+05	1.15968e-02	9.46382e-02	1.94358	1.74267	4.59020e-05
1.51062e+05	1.16074e-02	9.18894e-02	2.12248	1.45955	4.59020e-05
1.51217e+05	1.16065e-02	8.78761e-02	5.80041	0.69955	4.59020e-05
1.51372e+05	1.16044e-02	8.71895e-02	0.03499	5.69371	4.59020e-05
1.51528e+05	1.16052e-02	9.21768e-02	3.09798	3.99958	4.59020e-05
1.51683e+05	1.16092e-02	8.62980e-02	2.13466	1.84652	4.59020e-05
1.51838e+05	1.15939e-02	9.12832e-02	2.94217	5.37739	4.59020e-05
1.51994e+05	1.15995e-02	8.53057e-02	4.77895	2.21259	4.59020e-05
1.52149e+05	1.15962e-02	9.10929e-02	1.66086	4.77008	4.59020e-05
1.52304e+05	1.16078e-02	8.81787e-02	4.97696	0.44431	4.59020e-05
1.52459e+05	1.16008e-02	8.48103e-02	2.11739	1.91617	4.59020e-05
1.52615e+05	1.15967e-02	8.37396e-02	5.22621	2.83476	4.59020e-05
1.52770e+05	1.16005e-02	8.30292e-02	1.38944	3.16485	4.59020e-05
1.52925e+05	1.16075e-02	8.28879e-02	2.69815	2.88842	4.59020e-05
1.53081e+05	1.15979e-02	8.69885e-02	2.44087	2.02393	4.59020e-05
1.53236e+05	1.16033e-02	8.76351e-02	6.08910	0.59833	4.59020e-05
1.53391e+05	1.15914e-02	8.20486e-02	1.51243	4.75160	4.59020e-05
1.53546e+05	1.16015e-02	8.69703e-02	0.40408	1.94603	4.59020e-05
1.53702e+05	1.16065e-02	8.00363e-02	2.16382	4.80405	4.59020e-05
1.53857e+05	1.16013e-02	8.43651e-02	0.34110	0.72346	4.59020e-05
1.54012e+05	1.15919e-02	8.67580e-02	0.74808	2.12769	4.59020e-05
1.54168e+05	1.16096e-02	8.42618e-02	3.09623	2.83514	4.59020e-05
1.54323e+05	1.15926e-02	8.54476e-02	0.81305	2.83622	4.59020e-05
1.54478e+05	1.16011e-02	8.45761e-02	5.92512	2.09716	4.59020e-05
1.54633e+05	1.16026e-02	7.95543e-02	5.34283	0.57827	4.59020e-05
1.54789e+05	1.15960e-02	7.98650e-02	5.21530	4.43285	4.59020e-05
1.54944e+05	1.15975e-02	8.10774e-02	4.75199	1.33597	4.59020e-05
1.55099e+05	1.16053e-02	8.09215e-02	4.47636	3.52863	4.59020e-05
1.55255e+05	1.16079e-02	7.62036e-02	3.02011	4.91185	4.59020e-05
