# t	a	e	mean_anomaly	varpi	mass/M_star
1.24228e+02	4.67890e-02	3.04073e-02	3.08657	0.54565	3.47100e-05
2.79514e+02	4.67635e-02	2.84658e-02	3.85159	3.07365	3.47100e-05
4.34800e+02	4.67642e-02	2.72466e-02	4.68266	1.81165	3.47100e-05
5.90085e+02	4.67164e-02	2.57949e-02	5.77624	2.85828	3.47100e-05
7.45371e+02	4.67103e-02	2.54800e-02	1.47602	6.04247	3.47100e-05
9.00656e+02	4.66766e-02	2.53641e-02	3.74907	5.15502	3.47100e-05
1.05594e+03	4.66623e-02	2.31793e-02	6.16103	0.23418	3.47100e-05
1.21123e+03	4.66406e-02	2.34851e-02	2.84958	3.51113	3.47100e-05
1.36651e+03	4.65965e-02	2.22086e-02	0.08655	2.43915	3.47100e-05
1.52180e+03	4.65937e-02	2.15869e-02	4.08987	3.29954	3.47100e-05
1.67708e+03	4.65765e-02	2.02966e-02	2.28495	6.05072	3.47100e-05
1.83237e+03	4.65452e-02	1.99381e-02	1.01832	4.34510	3.47100e-05
1.98766e+03	4.65239e-02	1.94061e-02	0.13341	4.59555	3.47100e-05
2.14294e+03	4.65108e-02	1.94669e-02	6.18221	0.31694	3.47100e-05
2.29823e+03	4.65001e-02	1.81441e-02	0.03882	4.29960	3.47100e-05
2.45351e+03	4.64541e-02	1.79789e-02	0.71990	3.77499	3.47100e-05
2.60880e+03	4.64329e-02	1.75929e-02	1.73787	5.26355	3.47100e-05
2.76408e+03	4.64109e-02	1.67331e-02	3.27963	2.32798	3.47100e-05
2.91937e+03	4.63893e-02	1.64218e-02	5.29081	1.33446	3.47100e-05
3.07465e+03	4.63764e-02	1.48216e-02	1.24241	2.49826	3.47100e-05
3.22994e+03	4.63389e-02	1.61379e-02	3.66677	5.80604	3.47100e-05
3.38523e+03	4.63232e-02	1.68650e-02	0.24333	4.83999	3.47100e-05
3.54051e+03	4.63064e-02	1.51104e-02	3.04749	0.07716	3.47100e-05
3.69580e+03	4.62999e-02	1.47402e-02	5.79778	4.01453	3.47100e-05
3.85108e+03	4.62543e-02	1.57922e-02	2.34590	4.00167	3.47100e-05
4.00637e+03	4.62403e-02	1.44975e-02	5.19578	0.14138	3.47100e-05
4.16165e+03	4.62049e-02	1.48114e-02	1.60397	5.18788	3.47100e-05
4.31694e+03	4.61917e-02	1.30691e-02	4.40761	0.14796	3.47100e-05
4.47222e+03	4.61707e-02	1.34496e-02	1.63921	3.46648	3.47100e-05
4.62751e+03	4.61313e-02	1.45729e-02	4.93302	3.20534	3.47100e-05
4.78280e+03	4.61252e-02	1.35938e-02	1.22604	6.13908	3.47100e-05
4.93808e+03	4.60963e-02	1.38817e-02	3.00980	5.98793	3.47100e-05
5.09337e+03	4.60844e-02	1.18215e-02	3.38654	3.29029	3.47100e-05
5.24865e+03	4.60440e-02	1.39194e-02	3.20005	3.79559	3.47100e-05
5.40394e+03	4.60284e-02	1.34002e-02	1.69553	1.59154	3.47100e-05
5.55922e+03	4.59974e-02	1.23542e-02	0.11697	2.38057	3.47100e-05
5.71451e+03	4.60095e-02	1.26853e-02	3.72068	0.45271	3.47100e-05
5.86979e+03	4.59900e-02	1.09662e-02	6.11331	2.21884	3.47100e-05
6.02508e+03	4.59458e-02	7.35965e-03	5.79608	0.08385	3.47100e-05
6.18037e+03	4.58218e-02	5.97529e-03	0.74000	1.54698	3.47100e-05
6.33565e+03	4.58275e-02	4.68629e-03	5.68536	5.05734	3.47100e-05
6.49094e+03	4.58720e-02	8.94410e-03	2.99961	0.69861	3.47100e-05
6.64622e+03	4.58264e-02	9.21946e-03	5.30737	5.97499	3.47100e-05
6.80151e+03	4.57466e-02	5.18911e-03	5.33073	4.30416	3.47100e-05
6.95679e+03	4.57354e-02	1.16180e-02	0.72193	3.37888	3.47100e-05
7.11208e+03	4.57678e-02	7.80141e-03	3.18462	1.86046	3.47100e-05
7.26736e+03	4.57225e-02	1.38433e-02	4.81975	3.45446	3.47100e-05
7.42265e+03	4.57273e-02	7.68156e-03	1.24906	1.07821	3.47100e-05
7.57794e+03	4.56967e-02	1.48594e-02	5.36031	5.97834	3.47100e-05
7.73322e+03	4.56922e-02	2.04886e-02	4.69044	3.04348	3.47100e-05
7.88851e+03	4.56602e-02	1.16663e-02	5.67789	1.80756	3.47100e-05
8.04379e+03	4.56758e-02	1.18928e-03	6.24140	3.19831	3.47100e-05
8.19908e+03	4.56966e-02	9.87908e-03	6.26489	0.55639	3.47100e-05
8.35436e+03	4.55876e-02	1.25857e-02	0.76351	5.54148	3.47100e-05
8.50965e+03	4.56105e-02	8.49117e-03	0.36423	1.33386	3.47100e-05
8.66493e+03	4.56195e-02	1.84347e-02	5.00555	0.24999	3.47100e-05
8.82022e+03	4.55997e-02	1.19299e-02	0.91467	3.66403	3.47100e-05
8.97551e+03	4.56147e-02	1.58858e-02	0.72105	5.29560	3.47100e-05
9.13079e+03	4.55434e-02	2.25258e-02	6.14749	4.60182	3.47100e-05
9.28608e+03	4.55546e-02	1.91492e-02	5.38171	0.31879	3.47100e-05
9.44136e+03	4.55203e-02	2.84494e-02	1.38895	4.17303	3.47100e-05
9.59665e+03	4.55077e-02	2.42182e-02	2.20818	5.21356	3.47100e-05
9.75193e+03	4.54802e-02	2.50315e-02	3.70420	1.48527	3.47100e-05
9.90722e+03	4.54614e-02	2.15343e-02	5.52091	6.07259	3.47100e-05
1.00625e+04	4.54543e-02	3.91301e-02	5.51194	2.85830	3.47100e-05
1.02178e+04	4.54675e-02	4.02696e-02	4.97236	4.13867	3.47100e-05
1.03731e+04	4.54391e-02	1.25950e-02	0.86532	0.79720	3.47100e-05
1.05284e+04	4.54081e-02	4.03651e-02	4.37378	0.46327	3.47100e-05
1.06836e+04	4.54354e-02	1.37931e-02	4.40824	5.76640	3.47100e-05
1.08389e+04	4.53980e-02	1.83437e-02	3.09045	1.98260	3.47100e-05
1.09942e+04	4.53696e-02	5.00004e-02	6.14153	2.89231	3.47100e-05
1.11495e+04	4.53733e-02	3.93300e-02	5.24078	4.93435	3.47100e-05
1.13048e+04	4.53206e-02	3.50246e-02	5.15220	3.37201	3.47100e-05
1.14601e+04	4.53353e-02	1.63193e-02	6.27306	4.21542	3.47100e-05
1.16154e+04	4.53383e-02	1.79104e-02	3.89035	4.83460	3.47100e-05
1.17706e+04	4.52792e-02	3.88854e-02	5.40926	5.07548	3.47100e-05
1.19259e+04	4.52863e-02	2.67314e-02	6.14526	2.80005	3.47100e-05
1.20812e+04	4.53002e-02	1.90837e-02	0.22345	3.80705	3.47100e-05
1.22365e+04	4.52367e-02	3.67590e-02	2.01666	6.17274	3.47100e-05
1.23918e+04	4.52319e-02	4.17548e-02	1.17459	1.67634	3.47100e-05
1.25471e+04	4.52132e-02	3.47544e-02	3.32510	3.16412	3.47100e-05
1.27024e+04	4.52196e-02	2.14255e-02	0.50507	0.16388	3.47100e-05
1.28576e+04	4.51893e-02	2.45405e-02	2.52660	1.37619	3.47100e-05
1.30129e+04	4.52089e-02	2.70365e-02	4.39013	6.24126	3.47100e-05
1.31682e+04	4.51906e-02	4.08245e-02	5.47524	2.58424	3.47100e-05
1.33235e+04	4.51360e-02	2.15033e-02	2.86706	6.03674	3.47100e-05
1.34788e+04	4.51100e-02	4.46875e-02	2.51826	4.09343	3.47100e-05
1.36341e+04	4.51124e-02	2.18343e-02	5.18385	2.52882	3.47100e-05
1.37894e+04	4.51430e-02	3.89973e-02	0.45992	6.08340	3.47100e-05
1.39446e+04	4.50449e-02	4.02880e-02	1.87715	2.59650	3.47100e-05
1.40999e+04	4.50269e-02	3.09672e-02	4.37655	1.16961	3.47100e-05
1.42552e+04	4.50575e-02	3.03914e-02	1.22112	3.99908	3.47100e-05
1.44105e+04	4.50620e-02	3.04120e-02	2.85068	3.53967	3.47100e-05
1.45658e+04	4.50047e-02	3.46629e-02	0.96322	2.93918	3.47100e-05
1.47211e+04	4.49998e-02	2.76263e-02	4.26496	2.47215	3.47100e-05
1.48764e+04	4.49603e-02	3.40361e-02	1.70571	1.36230	3.47100e-05
1.50316e+04	4.49644e-02	2.84689e-02	4.36258	5.74268	3.47100e-05
1.51869e+04	4.49673e-02	3.00271e-02	3.59892	5.89187	3.47100e-05
1.53422e+04	4.49188e-02	3.68050e-02	1.86923	5.66774	3.47100e-05
1.54975e+04	4.49754e-02	3.66633e-02	5.83798	2.28961	3.47100e-05
1.56528e+04	4.49116e-02	4.57483e-02	4.28240	1.59592	3.47100e-05
1.58081e+04	4.49401e-02	4.75914e-02	5.28995	1.79300	3.47100e-05
1.59634e+04	4.49572e-02	3.98715e-02	6.14099	0.49943	3.47100e-05
1.61186e+04	4.49095e-02	5.15174e-02	2.61829	5.08504	3.47100e-05
1.62739e+04	4.49122e-02	4.27569e-02	2.43268	0.16258	3.47100e-05
1.64292e+04	4.49500e-02	4.81051e-02	0.50723	0.79924	3.47100e-05
1.65845e+04	4.49154e-02	5.24820e-02	1.14849	2.63681	3.47100e-05
1.67398e+04	4.49065e-02	6.89303e-02	4.59348	4.40460	3.47100e-05
1.68951e+04	4.48728e-02	5.28340e-02	1.52566	0.91924	3.47100e-05
1.70504e+04	4.49040e-02	4.79700e-02	0.50677	3.85473	3.47100e-05
1.72056e+04	4.48748e-02	5.74192e-02	3.06173	0.48837	3.47100e-05
1.73609e+04	4.48643e-02	5.45467e-02	2.56561	5.87188	3.47100e-05
1.75162e+04	4.48647e-02	5.74353e-02	3.18595	6.26994	3.47100e-05
1.76715e+04	4.49265e-02	3.45731e-02	3.79120	3.36024	3.47100e-05
1.78268e+04	4.48886e-02	4.61699e-02	5.48626	5.51972	3.47100e-05
1.79821e+04	4.48082e-02	6.28564e-02	0.72632	2.86228	3.47100e-05
1.81374e+04	4.48009e-02	4.01560e-02	0.08974	0.15188	3.47100e-05
1.82926e+04	4.48343e-02	6.33543e-02	4.01200	5.94214	3.47100e-05
1.84479e+04	4.48058e-02	2.79429e-02	2.23656	3.75196	3.47100e-05
1.86032e+04	4.48443e-02	4.53695e-02	4.94623	0.07753	3.47100e-05
1.87585e+04	4.48998e-02	5.44422e-02	3.14579	2.75967	3.47100e-05
1.89138e+04	4.48242e-02	5.12364e-02	4.95435	5.61273	3.47100e-05
1.90691e+04	4.48128e-02	7.12245e-02	6.23712	0.00090	3.47100e-05
1.92244e+04	4.47988e-02	4.05922e-02	0.79011	3.21919	3.47100e-05
1.93796e+04	4.48297e-02	2.68608e-02	6.20023	4.60206	3.47100e-05
1.95349e+04	4.48234e-02	8.37590e-02	4.33270	3.99297	3.47100e-05
1.96902e+04	4.47716e-02	6.41309e-02	4.94250	3.84549	3.47100e-05
1.98455e+04	4.47879e-02	9.75004e-02	1.40438	0.78898	3.47100e-05
2.00008e+04	4.48365e-02	4.89484e-02	5.31493	4.32429	3.47100e-05
2.01561e+04	4.48122e-02	8.42794e-02	2.49296	2.74781	3.47100e-05
2.03114e+04	4.47867e-02	6.99013e-02	1.27597	3.49521	3.47100e-05
2.04666e+04	4.47895e-02	6.33741e-02	5.93380	0.55468	3.47100e-05
2.06219e+04	4.47421e-02	7.96047e-02	5.61716	0.65368	3.47100e-05
2.07772e+04	4.47697e-02	8.05965e-02	6.16968	0.71620	3.47100e-05
2.09325e+04	4.48213e-02	8.08499e-02	4.28864	3.20214	3.47100e-05
2.10878e+04	4.48000e-02	5.86219e-02	6.20806	0.69954	3.47100e-05
2.12431e+04	4.48009e-02	7.72824e-02	2.71499	3.85153	3.47100e-05
2.13984e+04	4.47324e-02	5.40453e-02	3.84184	4.72056	3.47100e-05
2.15536e+04	4.47299e-02	6.56277e-02	3.12995	0.26881	3.47100e-05
2.17089e+04	4.48006e-02	8.10474e-02	5.69252	2.22017	3.47100e-05
2.18642e+04	4.47384e-02	6.97550e-02	4.79450	5.42232	3.47100e-05
2.20195e+04	4.46743e-02	6.79459e-02	1.25176	4.16533	3.47100e-05
2.21748e+04	4.47002e-02	8.19245e-02	5.62271	2.53453	3.47100e-05
2.23301e+04	4.47501e-02	8.88958e-02	2.20733	1.89395	3.47100e-05
2.24853e+04	4.47110e-02	6.12134e-02	1.74307	1.64864	3.47100e-05
2.26406e+04	4.47081e-02	9.00423e-02	0.28431	5.81590	3.47100e-05
2.27959e+04	4.46673e-02	8.34937e-02	3.13223	3.79983	3.47100e-05
2.29512e+04	4.47352e-02	5.31222e-02	1.54864	0.74523	3.47100e-05
2.31065e+04	4.47686e-02	6.63545e-02	3.07078	0.48019	3.47100e-05
2.32618e+04	4.46882e-02	6.21071e-02	1.25609	3.24238	3.47100e-05
2.34171e+04	4.46951e-02	7.88878e-02	3.79606	5.89360	3.47100e-05
2.35723e+04	4.45970e-02	9.12408e-02	3.94643	3.84247	3.47100e-05
2.37276e+04	4.46445e-02	7.02156e-02	1.36957	3.64522	3.47100e-05
2.38829e+04	4.46373e-02	4.89966e-02	2.35226	3.93825	3.47100e-05
2.40382e+04	4.46868e-02	8.90361e-02	2.86873	1.01055	3.47100e-05
2.41935e+04	4.46250e-02	6.96289e-02	3.36293	0.43744	3.47100e-05
2.43488e+04	4.47351e-02	8.24803e-02	4.29779	0.48904	3.47100e-05
2.45041e+04	4.46573e-02	7.41388e-02	3.14438	5.87730	3.47100e-05
2.46593e+04	4.46149e-02	7.78231e-02	0.05451	2.00926	3.47100e-05
2.48146e+04	4.46642e-02	8.12474e-02	0.01770	6.00041	3.47100e-05
2.49699e+04	4.46936e-02	1.02674e-01	0.51013	6.10464	3.47100e-05
2.51252e+04	4.46699e-02	6.89693e-02	6.03723	5.56403	3.47100e-05
2.52805e+04	4.46526e-02	4.60390e-02	4.45551	5.65723	3.47100e-05
2.54358e+04	4.46431e-02	6.53755e-02	2.82175	2.31881	3.47100e-05
2.55911e+04	4.45957e-02	7.55244e-02	0.06580	3.61352	3.47100e-05
2.57463e+04	4.46598e-02	5.08654e-02	0.26384	1.68903	3.47100e-05
2.59016e+04	4.46031e-02	6.81652e-02	5.29883	5.15575	3.47100e-05
2.60569e+04	4.45874e-02	4.82304e-02	0.71826	4.21200	3.47100e-05
2.62122e+04	4.46317e-02	7.29708e-02	4.68385	4.70100	3.47100e-05
2.63675e+04	4.45765e-02	8.78609e-02	1.05722	2.61844	3.47100e-05
2.65228e+04	4.45938e-02	6.94334e-02	2.90275	5.81121	3.47100e-05
2.66781e+04	4.46094e-02	7.72100e-02	3.25066	5.78857	3.47100e-05
2.68333e+04	4.45869e-02	6.53757e-02	1.00890	1.25457	3.47100e-05
2.69886e+04	4.46324e-02	6.83658e-02	5.11519	2.03501	3.47100e-05
2.71439e+04	4.45542e-02	6.45815e-02	4.14013	3.83647	3.47100e-05
2.72992e+04	4.45981e-02	6.12848e-02	2.20807	4.88618	3.47100e-05
2.74545e+04	4.45149e-02	6.46149e-02	1.11219	2.49450	3.47100e-05
2.76098e+04	4.46085e-02	8.23881e-02	4.78859	4.69173	3.47100e-05
2.77651e+04	4.45537e-02	4.51511e-02	5.00679	4.22910	3.47100e-05
2.79203e+04	4.45060e-02	4.83389e-02	0.58313	5.70203	3.47100e-05
2.80756e+04	4.45410e-02	6.61558e-02	0.64972	2.41937	3.47100e-05
2.82309e+04	4.45135e-02	5.00211e-02	3.01563	0.39884	3.47100e-05
2.83862e+04	4.45437e-02	6.18038e-02	5.83978	2.42273	3.47100e-05
2.85415e+04	4.46005e-02	6.56033e-02	2.11787	4.16024	3.47100e-05
2.86968e+04	4.44997e-02	7.37950e-02	0.29293	0.68396	3.47100e-05
2.88521e+04	4.44283e-02	5.73124e-02	3.28798	3.90855	3.47100e-05
2.90073e+04	4.46015e-02	7.32522e-02	5.97050	3.89528	3.47100e-05
2.91626e+04	4.44917e-02	9.09084e-02	0.46986	2.98295	3.47100e-05
2.93179e+04	4.45236e-02	6.60975e-02	5.06667	5.14633	3.47100e-05
2.94732e+04	4.44874e-02	5.88559e-02	2.57866	2.61341	3.47100e-05
2.96285e+04	4.44081e-02	7.62972e-02	4.17008	1.08048	3.47100e-05
2.97838e+04	4.44314e-02	6.44742e-02	2.64903	2.85793	3.47100e-05
2.99391e+04	4.45084e-02	8.59898e-02	0.07461	2.18063	3.47100e-05
3.00943e+04	4.44847e-02	7.30349e-02	0.78889	0.26746	3.47100e-05
3.02496e+04	4.44015e-02	9.03500e-02	3.07089	0.95401	3.47100e-05
3.04049e+04	4.43913e-02	7.63959e-02	1.54690	2.57646	3.47100e-05
3.05602e+04	4.44409e-02	7.26610e-02	2.62449	4.26605	3.47100e-05
3.07155e+04	4.43909e-02	7.93910e-02	0.61327	4.38602	3.47100e-05
3.08708e+04	4.43623e-02	7.61972e-02	4.68999	5.70066	3.47100e-05
3.10261e+04	4.43881e-02	8.88998e-02	0.02513	5.50558	3.47100e-05
3.11813e+04	4.44111e-02	5.68343e-02	5.92447	4.56890	3.47100e-05
3.13366e+04	4.43522e-02	8.32458e-02	0.31036	3.10029	3.47100e-05
3.14919e+04	4.43780e-02	6.85239e-02	4.27929	0.75452	3.47100e-05
3.16472e+04	4.44101e-02	7.36804e-02	1.19850	1.18518	3.47100e-05
3.18025e+04	4.43784e-02	5.58459e-02	2.88603	1.16802	3.47100e-05
3.19578e+04	4.43856e-02	7.96998e-02	2.98425	5.63945	3.47100e-05
3.21131e+04	4.43857e-02	6.58120e-02	4.90555	0.51416	3.47100e-05
3.22683e+04	4.43053e-02	8.43411e-02	4.61668	5.57815	3.47100e-05
3.24236e+04	4.43926e-02	7.38161e-02	5.00385	1.82758	3.47100e-05
3.25789e+04	4.43045e-02	7.76765e-02	1.53520	2.14944	3.47100e-05
3.27342e+04	4.43180e-02	7.29904e-02	0.55226	1.32003	3.47100e-05
3.28895e+04	4.43274e-02	4.43301e-02	1.62882	5.75749	3.47100e-05
3.30448e+04	4.42913e-02	5.94170e-02	3.17802	5.45166	3.47100e-05
3.32001e+04	4.43438e-02	5.20452e-02	5.97403	2.73972	3.47100e-05
3.33553e+04	4.43000e-02	8.40629e-02	5.06587	5.61130	3.47100e-05
3.35106e+04	4.42628e-02	9.82887e-02	2.64158	6.28135	3.47100e-05
3.36659e+04	4.42504e-02	9.59733e-02	5.58889	6.06081	3.47100e-05
3.38212e+04	4.42409e-02	8.71019e-02	0.34861	5.41329	3.47100e-05
3.39765e+04	4.42268e-02	8.95708e-02	4.68284	4.21124	3.47100e-05
3.41318e+04	4.41869e-02	9.76552e-02	5.90570	2.34819	3.47100e-05
3.42871e+04	4.42619e-02	6.23272e-02	3.72174	0.30327	3.47100e-05
3.44423e+04	4.42423e-02	7.77151e-02	0.74980	3.40566	3.47100e-05
3.45976e+04	4.41794e-02	7.42367e-02	2.25351	0.49458	3.47100e-05
3.47529e+04	4.41897e-02	7.10804e-02	5.43846	4.03864	3.47100e-05
3.49082e+04	4.42238e-02	7.79108e-02	1.11382	1.09112	3.47100e-05
3.50635e+04	4.41326e-02	6.49154e-02	1.75981	0.01431	3.47100e-05
3.52188e+04	4.42044e-02	5.14865e-02	5.22621	5.56860	3.47100e-05
3.53741e+04	4.41495e-02	9.00444e-02	4.62626	5.03973	3.47100e-05
3.55293e+04	4.41796e-02	1.04646e-01	1.82361	3.58549	3.47100e-05
3.56846e+04	4.40750e-02	8.76903e-02	0.13492	3.58471	3.47100e-05
3.58399e+04	4.41557e-02	8.13710e-02	0.38007	4.08575	3.47100e-05
3.59952e+04	4.41826e-02	7.54520e-02	3.73433	4.55222	3.47100e-05
3.61505e+04	4.41555e-02	6.78961e-02	3.41650	4.84292	3.47100e-05
3.63058e+04	4.41948e-02	6.81285e-02	6.00939	4.82063	3.47100e-05
3.64610e+04	4.40901e-02	6.83968e-02	4.79935	4.87447	3.47100e-05
3.66163e+04	4.41788e-02	7.62181e-02	6.17891	5.36963	3.47100e-05
3.67716e+04	4.40676e-02	9.08590e-02	2.81973	0.28045	3.47100e-05
3.69269e+04	4.40283e-02	9.83471e-02	2.28049	1.73655	3.47100e-05
3.70822e+04	4.40743e-02	9.27698e-02	4.85826	3.68995	3.47100e-05
3.72375e+04	4.41116e-02	8.84029e-02	2.46029	5.91013	3.47100e-05
3.73928e+04	4.40456e-02	8.16196e-02	3.10248	2.11088	3.47100e-05
3.75480e+04	4.40196e-02	8.39518e-02	0.06054	4.46723	3.47100e-05
3.77033e+04	4.41009e-02	8.34399e-02	0.39936	0.48999	3.47100e-05
3.78586e+04	4.40149e-02	6.57663e-02	2.96869	2.68529	3.47100e-05
3.80139e+04	4.40699e-02	7.42720e-02	2.48092	4.87572	3.47100e-05
3.81692e+04	4.40217e-02	7.88500e-02	5.06041	0.63079	3.47100e-05
3.83245e+04	4.40115e-02	8.64589e-02	3.27955	2.94097	3.47100e-05
3.84798e+04	4.40539e-02	9.03929e-02	4.93220	5.38385	3.47100e-05
3.86350e+04	4.39401e-02	7.13918e-02	2.39959	2.35876	3.47100e-05
3.87903e+04	4.39731e-02	9.41404e-02	2.29197	5.87125	3.47100e-05
3.89456e+04	4.39536e-02	9.43948e-02	5.19561	3.02144	3.47100e-05
3.91009e+04	4.39334e-02	9.13637e-02	4.25689	0.46917	3.47100e-05
3.92562e+04	4.39044e-02	8.40816e-02	6.27208	4.61427	3.47100e-05
3.94115e+04	4.39841e-02	9.65540e-02	5.13079	2.60641	3.47100e-05
3.95668e+04	4.39672e-02	7.62255e-02	0.21785	0.39906	3.47100e-05
3.97220e+04	4.39354e-02	7.86293e-02	5.19525	4.93571	3.47100e-05
3.98773e+04	4.39999e-02	7.58066e-02	0.74035	2.90085	3.47100e-05
4.00326e+04	4.39222e-02	7.03805e-02	5.13169	1.33460	3.47100e-05
4.01879e+04	4.39182e-02	8.55234e-02	0.88541	5.52118	3.47100e-05
4.03432e+04	4.38520e-02	8.04518e-02	4.57964	4.08279	3.47100e-05
4.04985e+04	4.38762e-02	8.68913e-02	5.29885	2.91066	3.47100e-05
4.06538e+04	4.39073e-02	9.95182e-02	2.74947	2.13387	3.47100e-05
4.08090e+04	4.38545e-02	9.82604e-02	2.47019	1.44219	3.47100e-05
4.09643e+04	4.39450e-02	9.46037e-02	5.75359	0.54184	3.47100e-05
4.11196e+04	4.38332e-02	1.04990e-01	5.41907	0.01585	3.47100e-05
4.12749e+04	4.38919e-02	9.76596e-02	1.08249	5.99199	3.47100e-05
4.14302e+04	4.38954e-02	9.15313e-02	0.72438	5.12307	3.47100e-05
4.15855e+04	4.38169e-02	1.04876e-01	2.99090	4.70995	3.47100e-05
4.17408e+04	4.38455e-02	8.46580e-02	1.87359	4.31916	3.47100e-05
4.18960e+04	4.37980e-02	8.21912e-02	4.08934	3.39219	3.47100e-05
4.20513e+04	4.38012e-02	8.66516e-02	2.68721	3.20852	3.47100e-05
4.22066e+04	4.37395e-02	7.40198e-02	3.98079	2.61048	3.47100e-05
4.23619e+04	4.37990e-02	7.56430e-02	2.47292	2.21065	3.47100e-05
4.25172e+04	4.37531e-02	8.48754e-02	3.93479	1.68369	3.47100e-05
4.26725e+04	4.37869e-02	8.66231e-02	1.87579	1.66269	3.47100e-05
4.28278e+04	4.37982e-02	7.94013e-02	3.32940	1.37281	3.47100e-05
4.29830e+04	4.37611e-02	8.31230e-02	1.17280	1.35158	3.47100e-05
4.31383e+04	4.38196e-02	9.12439e-02	2.33443	1.33530	3.47100e-05
4.32936e+04	4.37721e-02	9.10472e-02	6.24346	1.73258	3.47100e-05
4.34489e+04	4.37019e-02	8.66914e-02	0.83112	1.97892	3.47100e-05
4.36042e+04	4.37448e-02	9.14255e-02	4.83053	2.13590	3.47100e-05
4.37595e+04	4.37284e-02	9.73250e-02	5.39730	2.80272	3.47100e-05
4.39148e+04	4.37585e-02	9.85241e-02	3.23781	3.05508	3.47100e-05
4.40700e+04	4.37484e-02	1.01987e-01	3.91857	3.73919	3.47100e-05
4.42253e+04	4.37564e-02	9.74735e-02	1.49998	4.48591	3.47100e-05
4.43806e+04	4.37218e-02	9.34843e-02	2.90392	4.75764	3.47100e-05
4.45359e+04	4.37162e-02	1.00457e-01	0.59917	5.54380	3.47100e-05
4.46912e+04	4.37218e-02	1.03933e-01	1.55246	0.16036	3.47100e-05
4.48465e+04	4.36856e-02	1.03573e-01	5.95797	0.71098	3.47100e-05
4.50018e+04	4.36700e-02	9.84351e-02	0.88690	1.60609	3.47100e-05
4.51570e+04	4.35976e-02	9.71131e-02	5.65780	2.67528	3.47100e-05
4.53123e+04	4.35602e-02	9.34488e-02	1.23103	3.41842	3.47100e-05
4.54676e+04	4.35953e-02	8.93979e-02	6.27791	4.15077	3.47100e-05
4.56229e+04	4.36536e-02	9.59497e-02	2.00648	5.36170	3.47100e-05
4.57782e+04	4.36096e-02	1.01311e-01	0.68139	0.48026	3.47100e-05
4.59335e+04	4.35988e-02	1.03225e-01	2.82975	1.81263	3.47100e-05
4.60888e+04	4.36479e-02	9.44815e-02	2.34558	2.82420	3.47100e-05
4.62440e+04	4.35794e-02	8.98313e-02	5.42590	3.77944	3.47100e-05
4.63993e+04	4.35157e-02	8.79211e-02	5.59682	5.09434	3.47100e-05
4.65546e+04	4.35727e-02	8.77514e-02	2.81790	0.46342	3.47100e-05
4.67099e+04	4.35579e-02	8.69411e-02	2.94910	2.25903	3.47100e-05
4.68652e+04	4.34932e-02	7.97387e-02	0.44387	4.10932	3.47100e-05
4.70205e+04	4.35923e-02	7.87518e-02	1.64885	6.03232	3.47100e-05
4.71758e+04	4.35128e-02	7.47285e-02	5.91297	1.64127	3.47100e-05
4.73310e+04	4.35218e-02	7.89684e-02	1.65325	3.63557	3.47100e-05
4.74863e+04	4.34501e-02	7.73561e-02	0.16152	5.65582	3.47100e-05
4.76416e+04	4.35120e-02	8.24177e-02	2.64592	1.50479	3.47100e-05
4.77969e+04	4.34141e-02	8.33901e-02	2.10530	3.66397	3.47100e-05
4.79522e+04	4.34978e-02	9.23027e-02	5.13395	5.90612	3.47100e-05
4.81075e+04	4.34771e-02	9.30353e-02	5.58738	1.80865	3.47100e-05
4.82628e+04	4.34984e-02	9.94646e-02	3.73520	3.91842	3.47100e-05
4.84180e+04	4.34165e-02	1.00260e-01	5.02259	5.95405	3.47100e-05
4.85733e+04	4.34204e-02	1.01029e-01	4.32660	1.68005	3.47100e-05
4.87286e+04	4.34086e-02	9.74908e-02	0.22089	3.71560	3.47100e-05
4.88839e+04	4.34405e-02	9.78287e-02	0.59924	5.75360	3.47100e-05
4.90392e+04	4.34231e-02	9.78266e-02	3.77712	1.59868	3.47100e-05
4.91945e+04	4.34444e-02	9.66653e-02	5.03175	3.85455	3.47100e-05
4.93498e+04	4.34482e-02	9.57160e-02	2.77332	0.02922	3.47100e-05
4.95050e+04	4.33421e-02	9.26613e-02	4.44157	2.58702	3.47100e-05
4.96603e+04	4.33741e-02	9.80881e-02	3.47123	5.18107	3.47100e-05
4.98156e+04	4.33532e-02	9.42717e-02	5.83951	1.41043	3.47100e-05
4.99709e+04	4.33547e-02	9.48969e-02	0.17811	3.81650	3.47100e-05
5.01262e+04	4.33920e-02	1.02639e-01	3.99681	6.10501	3.47100e-05
5.02815e+04	4.33331e-02	1.03426e-01	5.74656	1.99187	3.47100e-05
5.04367e+04	4.33906e-02	1.02446e-01	4.72751	4.24982	3.47100e-05
5.05920e+04	4.33315e-02	9.39287e-02	1.05878	0.41114	3.47100e-05
5.07473e+04	4.33706e-02	9.43345e-02	1.15227	3.11071	3.47100e-05
5.09026e+04	4.33246e-02	8.92420e-02	4.25423	5.92046	3.47100e-05
5.10579e+04	4.33351e-02	9.39509e-02	5.34762	2.44680	3.47100e-05
5.12132e+04	4.33074e-02	9.84523e-02	3.34530	5.05323	3.47100e-05
5.13685e+04	4.32865e-02	1.00858e-01	5.93569	1.11599	3.47100e-05
5.15237e+04	4.32348e-02	9.80190e-02	5.28664	3.43757	3.47100e-05
5.16790e+04	4.32896e-02	9.85816e-02	2.06299	5.87601	3.47100e-05
5.18343e+04	4.32542e-02	9.37472e-02	1.96447	2.23210	3.47100e-05
5.19896e+04	4.32587e-02	9.38767e-02	5.08178	5.10801	3.47100e-05
5.21449e+04	4.31907e-02	9.41251e-02	5.87348	1.70513	3.47100e-05
5.23002e+04	4.32681e-02	1.00713e-01	3.63687	4.35848	3.47100e-05
5.24555e+04	4.31922e-02	1.01712e-01	5.50842	0.53517	3.47100e-05
5.26107e+04	4.32351e-02	9.79536e-02	4.18353	3.04528	3.47100e-05
5.27660e+04	4.31840e-02	9.81157e-02	0.24504	5.72782	3.47100e-05
5.29213e+04	4.31771e-02	9.47918e-02	6.01402	2.32717	3.47100e-05
5.30766e+04	4.31993e-02	9.44143e-02	2.49124	5.23006	3.47100e-05
5.32319e+04	4.32281e-02	1.00786e-01	3.00176	1.67045	3.47100e-05
5.33872e+04	4.31215e-02	1.01068e-01	1.07828	4.07576	3.47100e-05
5.35425e+04	4.31627e-02	9.69239e-02	2.55247	0.16383	3.47100e-05
5.36977e+04	4.31641e-02	9.54701e-02	1.39322	2.76237	3.47100e-05
5.38530e+04	4.31293e-02	9.20305e-02	3.55576	5.58678	3.47100e-05
5.40083e+04	4.30603e-02	9.13367e-02	2.66420	2.23015	3.47100e-05
5.41636e+04	4.31473e-02	9.87168e-02	5.51461	4.99325	3.47100e-05
5.43189e+04	4.31847e-02	1.01437e-01	6.18642	1.23727	3.47100e-05
5.44742e+04	4.31468e-02	1.00447e-01	4.13970	3.77343	3.47100e-05
5.46295e+04	4.31179e-02	9.85477e-02	5.24491	0.28491	3.47100e-05
5.47847e+04	4.31247e-02	9.85656e-02	3.55223	3.27242	3.47100e-05
5.49400e+04	4.30922e-02	1.02742e-01	5.74675	6.21778	3.47100e-05
5.50953e+04	4.30332e-02	1.04230e-01	5.22672	2.56022	3.47100e-05
5.52506e+04	4.30596e-02	1.01948e-01	2.19915	5.04980	3.47100e-05
5.54059e+04	4.30339e-02	9.64056e-02	3.08611	1.40540	3.47100e-05
5.55612e+04	4.29986e-02	9.11638e-02	0.54808	4.32386	3.47100e-05
5.57165e+04	4.30475e-02	9.37572e-02	1.81822	0.95582	3.47100e-05
5.58717e+04	4.30348e-02	9.47556e-02	0.96010	3.54786	3.47100e-05
5.60270e+04	4.30508e-02	9.63282e-02	3.59449	6.06851	3.47100e-05
5.61823e+04	4.29927e-02	9.35636e-02	3.68904	2.54403	3.47100e-05
5.63376e+04	4.29328e-02	9.46985e-02	0.25633	5.57216	3.47100e-05
5.64929e+04	4.29942e-02	1.02912e-01	1.11343	2.14037	3.47100e-05
5.66482e+04	4.30056e-02	1.03724e-01	5.67872	4.63692	3.47100e-05
5.68035e+04	4.30042e-02	1.01457e-01	1.24301	1.01706	3.47100e-05
5.69587e+04	4.29100e-02	9.99452e-02	0.19209	3.99228	3.47100e-05
5.71140e+04	4.29388e-02	1.01832e-01	2.29398	0.56310	3.47100e-05
5.72693e+04	4.29274e-02	1.01295e-01	2.44934	3.02833	3.47100e-05
5.74246e+04	4.29157e-02	9.40137e-02	5.87130	5.56592	3.47100e-05
5.75799e+04	4.29721e-02	9.13798e-02	6.00025	2.23606	3.47100e-05
5.77352e+04	4.29291e-02	9.09365e-02	3.61992	5.10092	3.47100e-05
5.78905e+04	4.28834e-02	9.50090e-02	4.75119	1.31287	3.47100e-05
5.80457e+04	4.28870e-02	9.68775e-02	3.04415	3.83345	3.47100e-05
5.82010e+04	4.28736e-02	9.65170e-02	4.79895	0.40824	3.47100e-05
5.83563e+04	4.28788e-02	9.76694e-02	3.26159	3.30567	3.47100e-05
5.85116e+04	4.29159e-02	1.04380e-01	5.36697	5.91069	3.47100e-05
5.86669e+04	4.29190e-02	1.01613e-01	4.94575	2.09073	3.47100e-05
5.88222e+04	4.28827e-02	9.58135e-02	1.13624	4.83714	3.47100e-05
5.89775e+04	4.28969e-02	9.85670e-02	0.68478	1.44317	3.47100e-05
5.91327e+04	4.28382e-02	9.85085e-02	4.19868	4.04773	3.47100e-05
5.92880e+04	4.28392e-02	9.54669e-02	4.62330	0.21556	3.47100e-05
5.94433e+04	4.28224e-02	9.42483e-02	2.31147	2.90231	3.47100e-05
5.95986e+04	4.27644e-02	9.39568e-02	3.17016	5.74532	3.47100e-05
5.97539e+04	4.28401e-02	9.93651e-02	1.11179	2.14014	3.47100e-05
5.99092e+04	4.28726e-02	1.00776e-01	2.92506	4.56272	3.47100e-05
6.00645e+04	4.27914e-02	9.74329e-02	1.42342	0.91632	3.47100e-05
6.02197e+04	4.27720e-02	9.71295e-02	3.23437	3.79164	3.47100e-05
6.03750e+04	4.27850e-02	9.94063e-02	2.77887	0.14118	3.47100e-05
6.05303e+04	4.28001e-02	9.56784e-02	5.51272	2.47473	3.47100e-05
6.06856e+04	4.27161e-02	9.20894e-02	5.31762	5.00240	3.47100e-05
6.08409e+04	4.27996e-02	9.41383e-02	2.22329	1.48559	3.47100e-05
6.09962e+04	4.27157e-02	9.86804e-02	2.71681	4.02732	3.47100e-05
6.11515e+04	4.27697e-02	1.01745e-01	0.41909	0.09148	3.47100e-05
6.13067e+04	4.26906e-02	1.00421e-01	1.39427	2.52319	3.47100e-05
6.14620e+04	4.27296e-02	9.87356e-02	5.29738	5.20100	3.47100e-05
6.16173e+04	4.27554e-02	9.93887e-02	0.69308	1.57831	3.47100e-05
6.17726e+04	4.26871e-02	9.92749e-02	5.65073	3.92082	3.47100e-05
6.19279e+04	4.27293e-02	9.47266e-02	1.42962	6.21178	3.47100e-05
6.20832e+04	4.26654e-02	9.38584e-02	0.33306	2.43298	3.47100e-05
6.22385e+04	4.26751e-02	9.74293e-02	2.39090	5.06773	3.47100e-05
6.23937e+04	4.27258e-02	1.01041e-01	2.03703	1.20121	3.47100e-05
6.25490e+04	4.26389e-02	1.00547e-01	4.74543	3.48979	3.47100e-05
6.27043e+04	4.26513e-02	9.72436e-02	3.85989	5.96332	3.47100e-05
6.28596e+04	4.26952e-02	9.56209e-02	0.40387	2.27397	3.47100e-05
6.30149e+04	4.26159e-02	9.45744e-02	0.27137	4.62314	3.47100e-05
6.31702e+04	4.26395e-02	9.32809e-02	3.22354	0.45795	3.47100e-05
6.33255e+04	4.26090e-02	9.45277e-02	3.04345	2.81472	3.47100e-05
6.34807e+04	4.26262e-02	9.66432e-02	5.88610	5.33202	3.47100e-05
6.36360e+04	4.26332e-02	9.91485e-02	5.88608	1.32561	3.47100e-05
6.37913e+04	4.25830e-02	9.73015e-02	2.71720	3.45501	3.47100e-05
6.39466e+04	4.25763e-02	9.51362e-02	2.43649	5.80196	3.47100e-05
6.41019e+04	4.26439e-02	9.42302e-02	5.62216	1.92108	3.47100e-05
6.42572e+04	4.25868e-02	9.56755e-02	5.82052	4.07908	3.47100e-05
6.44124e+04	4.25245e-02	9.65984e-02	2.71574	6.13464	3.47100e-05
6.45677e+04	4.25373e-02	9.62840e-02	2.58331	2.14888	3.47100e-05
6.47230e+04	4.26015e-02	9.63680e-02	5.84882	4.50361	3.47100e-05
6.48783e+04	4.25673e-02	9.62799e-02	6.11131	0.30390	3.47100e-05
6.50336e+04	4.25303e-02	9.53484e-02	3.15552	2.32837	3.47100e-05
6.51889e+04	4.25134e-02	9.61612e-02	3.21549	4.59621	3.47100e-05
6.53442e+04	4.24923e-02	9.67443e-02	0.25072	0.61750	3.47100e-05
6.54994e+04	4.25167e-02	9.57419e-02	0.51429	2.66941	3.47100e-05
6.56547e+04	4.25154e-02	9.34221e-02	3.90913	4.65073	3.47100e-05
6.58100e+04	4.25395e-02	9.52455e-02	4.13914	0.61448	3.47100e-05
6.59653e+04	4.25187e-02	9.87934e-02	1.34316	2.87576	3.47100e-05
6.61206e+04	4.24614e-02	9.93829e-02	1.66476	4.90193	3.47100e-05
6.62759e+04	4.24547e-02	9.46941e-02	4.94748	0.65799	3.47100e-05
6.64312e+04	4.24608e-02	9.29999e-02	5.10160	2.89110	3.47100e-05
6.65864e+04	4.24295e-02	9.51681e-02	2.39840	4.92994	3.47100e-05
6.67417e+04	4.24157e-02	9.74834e-02	2.77996	0.50786	3.47100e-05
6.68970e+04	4.24503e-02	9.81206e-02	5.90674	2.62451	3.47100e-05
6.70523e+04	4.24806e-02	9.89784e-02	6.10098	4.81740	3.47100e-05
6.72076e+04	4.24335e-02	9.50191e-02	3.37488	0.40985	3.47100e-05
6.73629e+04	4.24059e-02	9.18850e-02	3.47050	2.23673	3.47100e-05
6.75182e+04	4.24081e-02	9.63778e-02	0.05880	4.34219	3.47100e-05
6.76734e+04	4.23943e-02	1.02072e-01	6.18060	0.00622	3.47100e-05
6.78287e+04	4.23903e-02	9.77395e-02	2.60917	1.82133	3.47100e-05
6.79840e+04	4.24005e-02	9.29417e-02	1.74193	3.84424	3.47100e-05
6.81393e+04	4.24319e-02	9.45498e-02	4.28418	5.72176	3.47100e-05
6.82946e+04	4.23905e-02	9.87948e-02	3.54869	1.13688	3.47100e-05
6.84499e+04	4.23845e-02	9.91765e-02	5.21157	3.09883	3.47100e-05
6.86052e+04	4.23877e-02	9.74355e-02	3.60417	5.10142	3.47100e-05
6.87604e+04	4.23775e-02	9.38681e-02	5.41008	0.46443	3.47100e-05
6.89157e+04	4.23439e-02	9.50031e-02	3.57307	2.20412	3.47100e-05
6.90710e+04	4.23689e-02	9.99822e-02	4.22126	4.19531	3.47100e-05
6.92263e+04	4.23809e-02	9.87861e-02	1.81363	6.01386	3.47100e-05
6.93816e+04	4.23532e-02	9.06144e-02	2.64573	1.38163	3.47100e-05
6.95369e+04	4.23204e-02	9.20297e-02	6.06429	3.19513	3.47100e-05
6.96922e+04	4.22672e-02	1.00110e-01	5.97034	5.01871	3.47100e-05
6.98474e+04	4.22896e-02	9.76741e-02	2.79962	0.43223	3.47100e-05
7.00027e+04	4.22841e-02	9.03288e-02	2.63732	2.23136	3.47100e-05
7.01580e+04	4.22901e-02	9.35927e-02	5.23786	3.96892	3.47100e-05
7.03133e+04	4.22970e-02	1.01069e-01	4.30297	5.59427	3.47100e-05
7.04686e+04	4.22758e-02	9.70171e-02	6.08922	1.12805	3.47100e-05
7.06239e+04	4.22513e-02	9.17633e-02	4.90112	2.91015	3.47100e-05
7.07792e+04	4.22530e-02	9.73475e-02	0.56179	4.44206	3.47100e-05
7.09344e+04	4.22602e-02	1.01351e-01	4.98101	6.09515	3.47100e-05
7.10897e+04	4.21840e-02	9.53678e-02	5.78711	1.67591	3.47100e-05
7.12450e+04	4.22047e-02	9.19677e-02	3.62221	3.23067	3.47100e-05
7.14003e+04	4.22491e-02	9.82875e-02	4.34905	4.67677	3.47100e-05
7.15556e+04	4.22061e-02	1.00040e-01	1.46060	0.18509	3.47100e-05
7.17109e+04	4.22124e-02	9.21654e-02	1.62670	1.85435	3.47100e-05
7.18662e+04	4.21775e-02	9.17199e-02	4.64144	3.18379	3.47100e-05
7.20214e+04	4.21492e-02	9.94516e-02	4.12739	4.76104	3.47100e-05
7.21767e+04	4.22525e-02	9.89919e-02	6.27166	0.22054	3.47100e-05
7.23320e+04	4.21619e-02	9.23978e-02	5.45377	1.57500	3.47100e-05
7.24873e+04	4.22090e-02	9.72659e-02	1.33093	2.95810	3.47100e-05
7.26426e+04	4.21525e-02	9.94531e-02	5.60182	4.64288	3.47100e-05
7.27979e+04	4.21474e-02	9.13658e-02	0.51082	6.06781	3.47100e-05
7.29532e+04	4.21232e-02	9.31482e-02	4.40103	1.02136	3.47100e-05
7.31084e+04	4.21232e-02	9.99329e-02	4.66840	2.59421	3.47100e-05
7.32637e+04	4.21277e-02	9.48973e-02	1.24927	4.11725	3.47100e-05
7.34190e+04	4.21848e-02	9.26720e-02	1.04125	5.33438	3.47100e-05
7.35743e+04	4.20767e-02	1.00798e-01	3.31764	0.42267	3.47100e-05
7.37296e+04	4.20860e-02	9.67308e-02	1.59310	1.96009	3.47100e-05
7.38849e+04	4.21303e-02	8.95951e-02	2.94808	3.22919	3.47100e-05
7.40402e+04	4.20867e-02	9.79424e-02	0.70525	4.43825	3.47100e-05
7.41954e+04	4.20379e-02	9.59201e-02	0.79235	5.81796	3.47100e-05
7.43507e+04	4.20693e-02	8.87684e-02	3.76264	0.81384	3.47100e-05
7.45060e+04	4.20978e-02	9.86533e-02	3.25988	2.01403	3.47100e-05
7.46613e+04	4.20672e-02	9.82083e-02	5.34321	3.24853	3.47100e-05
7.48166e+04	4.20292e-02	9.02976e-02	3.93641	4.37319	3.47100e-05
7.49719e+04	4.20629e-02	9.87644e-02	5.07019	5.59602	3.47100e-05
7.51272e+04	4.20615e-02	9.68170e-02	2.57016	0.54187	3.47100e-05
7.52824e+04	4.20431e-02	8.96823e-02	3.00543	1.51594	3.47100e-05
7.54377e+04	4.19875e-02	9.74952e-02	5.70219	2.67502	3.47100e-05
7.55930e+04	4.19882e-02	9.40061e-02	4.62922	3.89722	3.47100e-05
7.57483e+04	4.19795e-02	9.17747e-02	0.36753	4.83490	3.47100e-05
7.59036e+04	4.20217e-02	9.85405e-02	4.78748	5.90331	3.47100e-05
7.60589e+04	4.20084e-02	9.15842e-02	5.58043	0.73487	3.47100e-05
7.62142e+04	4.20330e-02	9.27610e-02	2.99388	1.67639	3.47100e-05
7.63694e+04	4.19836e-02	9.98505e-02	2.76757	2.74309	3.47100e-05
7.65247e+04	4.19901e-02	9.16683e-02	5.36493	3.66912	3.47100e-05
7.66800e+04	4.19840e-02	9.66417e-02	4.33757	4.57906	3.47100e-05
7.68353e+04	4.19432e-02	9.70389e-02	5.67291	5.68645	3.47100e-05
7.69906e+04	4.19518e-02	9.12193e-02	3.69178	0.21917	3.47100e-05
7.71459e+04	4.19325e-02	9.98689e-02	4.13148	1.10972	3.47100e-05
7.73012e+04	4.19421e-02	9.22624e-02	0.85854	2.10611	3.47100e-05
7.74564e+04	4.19246e-02	9.39172e-02	0.38068	2.89758	3.47100e-05
7.76117e+04	4.19296e-02	9.82631e-02	2.32513	3.83252	3.47100e-05
7.77670e+04	4.19227e-02	9.03053e-02	0.68496	4.58859	3.47100e-05
7.79223e+04	4.19278e-02	9.72841e-02	1.70392	5.35620	3.47100e-05
7.80776e+04	4.19177e-02	9.29095e-02	5.03920	6.26508	3.47100e-05
7.82329e+04	4.18864e-02	9.28154e-02	5.09218	0.61335	3.47100e-05
7.83882e+04	4.18571e-02	9.73558e-02	1.14806	1.39215	3.47100e-05
7.85434e+04	4.18412e-02	8.88051e-02	0.03689	2.08176	3.47100e-05
7.86987e+04	4.18463e-02	9.84191e-02	1.30746	2.81967	3.47100e-05
7.88540e+04	4.18608e-02	9.15536e-02	4.99449	3.58581	3.47100e-05
7.90093e+04	4.18956e-02	9.45111e-02	5.17439	4.08201	3.47100e-05
7.91646e+04	4.18685e-02	9.47662e-02	1.19865	4.80626	3.47100e-05
7.93199e+04	4.18201e-02	9.09043e-02	6.25508	5.36254	3.47100e-05
7.94751e+04	4.18237e-02	9.81163e-02	1.05569	6.01064	3.47100e-05
7.96304e+04	4.18441e-02	8.97348e-02	4.79835	0.24157	3.47100e-05
7.97857e+04	4.18424e-02	9.69051e-02	4.52335	0.73900	3.47100e-05
7.99410e+04	4.18077e-02	9.08990e-02	0.27438	1.36754	3.47100e-05
8.00963e+04	4.17750e-02	9.50017e-02	5.10753	1.78777	3.47100e-05
8.02516e+04	4.18203e-02	9.47979e-02	5.81809	2.34384	3.47100e-05
8.04069e+04	4.18248e-02	9.11064e-02	2.85011	2.69629	3.47100e-05
8.05621e+04	4.17553e-02	9.71383e-02	2.12666	3.22049	3.47100e-05
8.07174e+04	4.17943e-02	9.00265e-02	4.06534	3.61939	3.47100e-05
8.08727e+04	4.17936e-02	9.78397e-02	1.92241	4.02300	3.47100e-05
8.10280e+04	4.17446e-02	9.05964e-02	2.34645	4.37160	3.47100e-05
8.11833e+04	4.18160e-02	9.75002e-02	5.19974	4.71446	3.47100e-05
8.13386e+04	4.17504e-02	9.05551e-02	3.96528	5.13222	3.47100e-05
8.14939e+04	4.17388e-02	9.67506e-02	5.51382	5.37498	3.47100e-05
8.16491e+04	4.17608e-02	9.20027e-02	2.78804	5.72290	3.47100e-05
8.18044e+04	4.17204e-02	9.42171e-02	2.91436	5.91404	3.47100e-05
8.19597e+04	4.17376e-02	9.20760e-02	5.07548	6.28317	3.47100e-05
8.21150e+04	4.16759e-02	9.39598e-02	3.71407	0.14645	3.47100e-05
8.22703e+04	4.17306e-02	9.28421e-02	4.44812	0.43891	3.47100e-05
8.24256e+04	4.16813e-02	9.18085e-02	1.74427	0.51532	3.47100e-05
8.25809e+04	4.17041e-02	9.29988e-02	0.96944	0.80357	3.47100e-05
8.27361e+04	4.16630e-02	9.20705e-02	2.99343	0.88671	3.47100e-05
8.28914e+04	4.16925e-02	9.51951e-02	0.65087	1.11364	3.47100e-05
8.30467e+04	4.17194e-02	9.29575e-02	1.14596	1.12092	3.47100e-05
8.32020e+04	4.16439e-02	9.47926e-02	3.66266	1.28801	3.47100e-05
8.33573e+04	4.16901e-02	9.18543e-02	2.49224	1.30514	3.47100e-05
8.35126e+04	4.16577e-02	9.31679e-02	3.62764	1.45228	3.47100e-05
8.36679e+04	4.16235e-02	9.24489e-02	0.97803	1.39570	3.47100e-05
8.38231e+04	4.16531e-02	9.36185e-02	0.60350	1.48243	3.47100e-05
8.39784e+04	4.16133e-02	9.16176e-02	2.91325	1.38240	3.47100e-05
8.41337e+04	4.16047e-02	9.35126e-02	0.86441	1.48473	3.47100e-05
8.42890e+04	4.16420e-02	9.36673e-02	1.39345	1.37469	3.47100e-05
8.44443e+04	4.16469e-02	9.22786e-02	4.22645	1.36474	3.47100e-05
8.45996e+04	4.16035e-02	9.46157e-02	3.28148	1.20239	3.47100e-05
8.47549e+04	4.15772e-02	9.00058e-02	4.45490	1.18893	3.47100e-05
8.49101e+04	4.15809e-02	9.38719e-02	1.95723	1.01783	3.47100e-05
8.50654e+04	4.16063e-02	8.89208e-02	1.74660	0.94298	3.47100e-05
8.52207e+04	4.16018e-02	9.49887e-02	4.05842	0.73002	3.47100e-05
8.53760e+04	4.15883e-02	8.94515e-02	2.20759	0.57306	3.47100e-05
8.55313e+04	4.15731e-02	9.54235e-02	2.63539	0.39414	3.47100e-05
8.56866e+04	4.15402e-02	8.93282e-02	5.45519	0.16564	3.47100e-05
8.58419e+04	4.15304e-02	9.38910e-02	4.28229	6.25577	3.47100e-05
8.59971e+04	4.15352e-02	9.03950e-02	5.62250	5.92913	3.47100e-05
8.61524e+04	4.15567e-02	9.27038e-02	2.68230	5.74191	3.47100e-05
8.63077e+04	4.15486e-02	9.31642e-02	2.14715	5.37781	3.47100e-05
8.64630e+04	4.15491e-02	9.08298e-02	3.62171	5.15762	3.47100e-05
8.66183e+04	4.15250e-02	9.41742e-02	1.35445	4.75264	3.47100e-05
8.67736e+04	4.15108e-02	8.94389e-02	1.28471	4.42090	3.47100e-05
8.69289e+04	4.15198e-02	9.49643e-02	3.46125	4.03647	3.47100e-05
8.70841e+04	4.15240e-02	9.04330e-02	1.50047	3.62803	3.47100e-05
8.72394e+04	4.15242e-02	9.36372e-02	1.58936	3.27895	3.47100e-05
8.73947e+04	4.15027e-02	9.08316e-02	4.21586	2.75367	3.47100e-05
8.75500e+04	4.15073e-02	8.97455e-02	2.64291	2.37329	3.47100e-05
8.77053e+04	4.14851e-02	9.39440e-02	3.42485	1.84634	3.47100e-05
8.78606e+04	4.14629e-02	9.00891e-02	6.19558	1.39232	3.47100e-05
8.80159e+04	4.14286e-02	9.46675e-02	4.99226	0.90216	3.47100e-05
8.81711e+04	4.14188e-02	9.05560e-02	0.01774	0.29986	3.47100e-05
8.83264e+04	4.14287e-02	9.12588e-02	3.35107	6.08705	3.47100e-05
8.84817e+04	4.14387e-02	9.39755e-02	2.64957	5.44898	3.47100e-05
8.86370e+04	4.14407e-02	8.89746e-02	3.91917	4.90970	3.47100e-05
8.87923e+04	4.14234e-02	9.36895e-02	1.33669	4.31719	3.47100e-05
8.89476e+04	4.14029e-02	9.04609e-02	1.09900	3.64097	3.47100e-05
8.91029e+04	4.13992e-02	9.17092e-02	2.83232	3.05272	3.47100e-05
8.92581e+04	4.14091e-02	9.41877e-02	0.61636	2.32327	3.47100e-05
8.94134e+04	4.13969e-02	8.83461e-02	0.61861	1.65477	3.47100e-05
8.95687e+04	4.13712e-02	9.34358e-02	2.79521	0.98761	3.47100e-05
8.97240e+04	4.13708e-02	9.15500e-02	0.93917	0.21798	3.47100e-05
8.98793e+04	4.13908e-02	9.01464e-02	1.11775	5.82936	3.47100e-05
9.00346e+04	4.13445e-02	9.36970e-02	3.77740	5.00646	3.47100e-05
9.01899e+04	4.13511e-02	8.98857e-02	2.27585	4.22124	3.47100e-05
9.03451e+04	4.13592e-02	9.20767e-02	2.73233	3.48655	3.47100e-05
9.05004e+04	4.13257e-02	9.26223e-02	5.68097	2.60276	3.47100e-05
9.06557e+04	4.13198e-02	8.90764e-02	4.55567	1.78690	3.47100e-05
9.08110e+04	4.13421e-02	9.34525e-02	5.27414	0.96972	3.47100e-05
9.09663e+04	4.13035e-02	9.06633e-02	2.30147	0.02902	3.47100e-05
9.11216e+04	4.13398e-02	8.90231e-02	1.35953	5.49573	3.47100e-05
9.12769e+04	4.13137e-02	9.34255e-02	2.49611	4.59438	3.47100e-05
9.14321e+04	4.13397e-02	9.13905e-02	6.02401	3.61362	3.47100e-05
9.15874e+04	4.12793e-02	8.88654e-02	5.38946	2.71085	3.47100e-05
9.17427e+04	4.13241e-02	9.46369e-02	0.61228	1.74381	3.47100e-05
9.18980e+04	4.12635e-02	8.93166e-02	4.33839	0.73322	3.47100e-05
9.20533e+04	4.12915e-02	8.95271e-02	3.95518	6.10831	3.47100e-05
9.22086e+04	4.12696e-02	9.41604e-02	5.75031	5.06769	3.47100e-05
9.23639e+04	4.12739e-02	8.98371e-02	3.40285	4.00760	3.47100e-05
9.25191e+04	4.12647e-02	8.91047e-02	3.44986	3.00478	3.47100e-05
9.26744e+04	4.12377e-02	9.41365e-02	5.30223	1.91767	3.47100e-05
9.28297e+04	4.12691e-02	8.90241e-02	3.40642	0.81359	3.47100e-05
9.29850e+04	4.12122e-02	8.97170e-02	3.52270	6.06463	3.47100e-05
9.31403e+04	4.12468e-02	9.37339e-02	5.63357	4.92758	3.47100e-05
9.32956e+04	4.12294e-02	8.98985e-02	4.08369	3.75696	3.47100e-05
9.34508e+04	4.12010e-02	8.95035e-02	4.34308	2.65687	3.47100e-05
9.36061e+04	4.12103e-02	9.25304e-02	0.42913	1.48955	3.47100e-05
9.37614e+04	4.12467e-02	9.13226e-02	5.37104	0.26539	3.47100e-05
9.39167e+04	4.12168e-02	8.92751e-02	5.85394	5.38485	3.47100e-05
9.40720e+04	4.11621e-02	9.16417e-02	2.24264	4.18049	3.47100e-05
9.42273e+04	4.11818e-02	9.23637e-02	0.94368	2.89261	3.47100e-05
9.43826e+04	4.11978e-02	8.81052e-02	1.54520	1.67540	3.47100e-05
9.45378e+04	4.12046e-02	9.02745e-02	4.53612	0.45108	3.47100e-05
9.46931e+04	4.11500e-02	9.29308e-02	3.19005	5.41741	3.47100e-05
9.48484e+04	4.11207e-02	8.93852e-02	3.97815	4.08330	3.47100e-05
9.50037e+04	4.11604e-02	8.97851e-02	0.47677	2.80478	3.47100e-05
9.51590e+04	4.11477e-02	9.21158e-02	5.36301	1.44717	3.47100e-05
9.53143e+04	4.11588e-02	9.10074e-02	0.02980	0.05190	3.47100e-05
9.54696e+04	4.11474e-02	8.83260e-02	2.69029	5.01209	3.47100e-05
9.56248e+04	4.11441e-02	9.06125e-02	1.41010	3.64381	3.47100e-05
9.57801e+04	4.11538e-02	9.23895e-02	2.13705	2.18941	3.47100e-05
9.59354e+04	4.11058e-02	8.89591e-02	5.00040	0.73025	3.47100e-05
9.60907e+04	4.11204e-02	8.92344e-02	3.56759	5.59837	3.47100e-05
9.62460e+04	4.11130e-02	9.14747e-02	4.16186	4.13218	3.47100e-05
9.64013e+04	4.10910e-02	9.19046e-02	0.74895	2.62084	3.47100e-05
9.65566e+04	4.11010e-02	8.78751e-02	5.43842	1.13964	3.47100e-05
9.67118e+04	4.11145e-02	8.96031e-02	6.10189	5.94195	3.47100e-05
9.68671e+04	4.10941e-02	9.19099e-02	2.41457	4.38753	3.47100e-05
9.70224e+04	4.10940e-02	9.06879e-02	1.02526	2.79093	3.47100e-05
9.71777e+04	4.10741e-02	8.85718e-02	1.43617	1.23346	3.47100e-05
9.73330e+04	4.10451e-02	8.93367e-02	4.12054	5.96034	3.47100e-05
9.74883e+04	4.10238e-02	9.25575e-02	2.47901	4.33526	3.47100e-05
9.76436e+04	4.09899e-02	9.10145e-02	3.17914	2.67443	3.47100e-05
9.77988e+04	4.10474e-02	8.87811e-02	5.63178	1.06383	3.47100e-05
9.79541e+04	4.10457e-02	8.95673e-02	4.02839	5.70715	3.47100e-05
9.81094e+04	4.10173e-02	9.21678e-02	4.29952	4.02629	3.47100e-05
9.82647e+04	4.10060e-02	9.14849e-02	0.68042	2.28539	3.47100e-05
9.84200e+04	4.09799e-02	8.86740e-02	5.22397	0.58443	3.47100e-05
9.85753e+04	4.10115e-02	8.91229e-02	5.62460	5.17803	3.47100e-05
9.87306e+04	4.10067e-02	9.12953e-02	1.58385	3.43287	3.47100e-05
9.88858e+04	4.09621e-02	9.20060e-02	6.27042	1.65036	3.47100e-05
9.90411e+04	4.09752e-02	8.91039e-02	0.23580	6.16064	3.47100e-05
9.91964e+04	4.09883e-02	8.85375e-02	2.53346	4.38975	3.47100e-05
9.93517e+04	4.09450e-02	9.03002e-02	0.64336	2.59235	3.47100e-05
9.95070e+04	4.09886e-02	9.21420e-02	0.91226	0.74053	3.47100e-05
9.96623e+04	4.09494e-02	8.93572e-02	3.16125	5.13893	3.47100e-05
9.98176e+04	4.09569e-02	8.83299e-02	1.20261	3.31432	3.47100e-05
9.99728e+04	4.09742e-02	8.82914e-02	1.24299	1.48431	3.47100e-05
1.00128e+05	4.09094e-02	9.07251e-02	3.38902	5.87376	3.47100e-05
1.00283e+05	4.09593e-02	9.18285e-02	1.42607	3.95698	3.47100e-05
1.00439e+05	4.08893e-02	8.98562e-02	1.45620	2.00384	3.47100e-05
1.00594e+05	4.09482e-02	8.78743e-02	3.51880	0.06356	3.47100e-05
1.00749e+05	4.08976e-02	8.82710e-02	1.39180	4.41766	3.47100e-05
1.00905e+05	4.09221e-02	9.07779e-02	1.16943	2.45836	3.47100e-05
1.01060e+05	4.08780e-02	9.12299e-02	3.37360	0.44862	3.47100e-05
1.01215e+05	4.09025e-02	8.89564e-02	0.95389	4.74851	3.47100e-05
1.01370e+05	4.08981e-02	8.84660e-02	0.84646	2.75074	3.47100e-05
1.01526e+05	4.08447e-02	8.83598e-02	2.70550	0.71652	3.47100e-05
1.01681e+05	4.08813e-02	9.01125e-02	0.26232	4.95327	3.47100e-05
1.01836e+05	4.08548e-02	9.15137e-02	0.16259	2.85384	3.47100e-05
1.01992e+05	4.08320e-02	8.98502e-02	1.87991	0.74178	3.47100e-05
1.02147e+05	4.08858e-02	8.85285e-02	5.61765	4.96678	3.47100e-05
1.02302e+05	4.08579e-02	8.75305e-02	5.33395	2.90248	3.47100e-05
1.02457e+05	4.08102e-02	8.85610e-02	0.59357	0.80006	3.47100e-05
1.02613e+05	4.08174e-02	9.11311e-02	4.21985	4.94312	3.47100e-05
1.02768e+05	4.08607e-02	9.12390e-02	3.86857	2.73700	3.47100e-05
1.02923e+05	4.08288e-02	8.98367e-02	5.48837	0.52678	3.47100e-05
1.03079e+05	4.08035e-02	8.78419e-02	2.76827	4.62222	3.47100e-05
1.03234e+05	4.07966e-02	8.75209e-02	2.09997	2.46196	3.47100e-05
1.03389e+05	4.07815e-02	8.80393e-02	3.42017	0.28858	3.47100e-05
1.03544e+05	4.08086e-02	9.02263e-02	0.53652	4.36391	3.47100e-05
1.03700e+05	4.08214e-02	9.14049e-02	6.21455	2.10398	3.47100e-05
1.03855e+05	4.08111e-02	9.00009e-02	1.27074	6.09538	3.47100e-05
1.04010e+05	4.08008e-02	8.85097e-02	4.64061	3.78287	3.47100e-05
1.04166e+05	4.07809e-02	8.79291e-02	3.78584	1.49363	3.47100e-05
1.04321e+05	4.07544e-02	8.77742e-02	5.01733	5.48915	3.47100e-05
1.04476e+05	4.07540e-02	8.88753e-02	1.84884	3.19586	3.47100e-05
1.04631e+05	4.07711e-02	9.05344e-02	0.83228	0.88416	3.47100e-05
1.04787e+05	4.07465e-02	9.08718e-02	1.94022	4.81961	3.47100e-05
1.04942e+05	4.07324e-02	8.88738e-02	5.05703	2.43487	3.47100e-05
1.05097e+05	4.07314e-02	8.81601e-02	3.87052	0.04053	3.47100e-05
1.05253e+05	4.07552e-02	8.78826e-02	4.76320	3.92142	3.47100e-05
1.05408e+05	4.07370e-02	8.76055e-02	1.46404	1.50731	3.47100e-05
1.05563e+05	4.07503e-02	8.89774e-02	0.05688	5.37673	3.47100e-05
1.05718e+05	4.07295e-02	8.95652e-02	0.61827	2.95251	3.47100e-05
1.05874e+05	4.07056e-02	9.01919e-02	3.31653	0.51409	3.47100e-05
1.06029e+05	4.06648e-02	9.04008e-02	1.80074	4.32475	3.47100e-05
1.06184e+05	4.06624e-02	8.82792e-02	2.25506	1.82011	3.47100e-05
1.06340e+05	4.06697e-02	8.75395e-02	4.62007	5.60056	3.47100e-05
1.06495e+05	4.06953e-02	8.78930e-02	2.66605	3.07631	3.47100e-05
1.06650e+05	4.06840e-02	8.80650e-02	2.75539	0.53983	3.47100e-05
1.06805e+05	4.06509e-02	8.84991e-02	4.94748	4.26499	3.47100e-05
1.06961e+05	4.06608e-02	8.84757e-02	2.78610	1.71648	3.47100e-05
1.07116e+05	4.06655e-02	8.97550e-02	2.50423	5.43317	3.47100e-05
1.07271e+05	4.06317e-02	9.03241e-02	4.28225	2.83437	3.47100e-05
1.07427e+05	4.06272e-02	8.93712e-02	1.97669	0.21538	3.47100e-05
1.07582e+05	4.06598e-02	8.81745e-02	1.55352	3.87106	3.47100e-05
1.07737e+05	4.06295e-02	8.75585e-02	2.96091	1.22576	3.47100e-05
1.07892e+05	4.05921e-02	8.82455e-02	0.26701	4.84404	3.47100e-05
1.08048e+05	4.06633e-02	8.78847e-02	5.78803	2.17206	3.47100e-05
1.08203e+05	4.05996e-02	8.77327e-02	0.76920	5.77336	3.47100e-05
1.08358e+05	4.06123e-02	8.78677e-02	4.15540	3.08305	3.47100e-05
1.08514e+05	4.05790e-02	8.86522e-02	3.03289	0.37123	3.47100e-05
1.08669e+05	4.05816e-02	8.87870e-02	4.10132	3.92260	3.47100e-05
1.08824e+05	4.05990e-02	8.95733e-02	0.66814	1.18897	3.47100e-05
1.08979e+05	4.05751e-02	9.03696e-02	5.77787	4.70547	3.47100e-05
1.09135e+05	4.05658e-02	9.00901e-02	0.15936	1.92527	3.47100e-05
1.09290e+05	4.05575e-02	8.96021e-02	3.05597	5.39402	3.47100e-05
1.09445e+05	4.05478e-02	8.85615e-02	1.42358	2.57380	3.47100e-05
1.09601e+05	4.05538e-02	8.74737e-02	1.97034	6.02488	3.47100e-05
1.09756e+05	4.04991e-02	8.70972e-02	4.34150	3.19180	3.47100e-05
1.09911e+05	4.05662e-02	8.66507e-02	2.48973	0.36659	3.47100e-05
1.10066e+05	4.05354e-02	8.67050e-02	2.73581	3.80740	3.47100e-05
1.10222e+05	4.05133e-02	8.74221e-02	4.83882	0.94207	3.47100e-05
1.10377e+05	4.05462e-02	8.78965e-02	2.82696	4.34933	3.47100e-05
1.10532e+05	4.05085e-02	8.87576e-02	2.84631	1.43102	3.47100e-05
1.10688e+05	4.04709e-02	8.93141e-02	4.75611	4.77589	3.47100e-05
1.10843e+05	4.05261e-02	8.92182e-02	2.47187	1.82792	3.47100e-05
1.10998e+05	4.04842e-02	8.94030e-02	2.24992	5.14660	3.47100e-05
1.11153e+05	4.04661e-02	8.89531e-02	3.93055	2.16327	3.47100e-05
1.11309e+05	4.04770e-02	8.89387e-02	1.26493	5.47352	3.47100e-05
1.11464e+05	4.05045e-02	8.89117e-02	0.70161	2.47337	3.47100e-05
1.11619e+05	4.04965e-02	8.79964e-02	2.19867	5.74720	3.47100e-05
1.11775e+05	4.04704e-02	8.85864e-02	5.69853	2.72433	3.47100e-05
1.11930e+05	4.04309e-02	8.89013e-02	4.87451	5.98238	3.47100e-05
1.12085e+05	4.04390e-02	8.91615e-02	6.05664	2.93432	3.47100e-05
1.12240e+05	4.04277e-02	8.85474e-02	2.98019	6.15503	3.47100e-05
1.12396e+05	4.04468e-02	8.79415e-02	1.94118	3.07018	3.47100e-05
1.12551e+05	4.04424e-02	8.80879e-02	2.91659	6.25634	3.47100e-05
1.12706e+05	4.04604e-02	8.85098e-02	5.94088	3.13474	3.47100e-05
1.12862e+05	4.04575e-02	8.77614e-02	4.70362	0.00157	3.47100e-05
1.13017e+05	4.04482e-02	8.73153e-02	5.44824	3.14568	3.47100e-05
1.13172e+05	4.04333e-02	8.73478e-02	1.91614	0.00901	3.47100e-05
1.13327e+05	4.04134e-02	8.76375e-02	0.42124	3.13949	3.47100e-05
1.13483e+05	4.04092e-02	8.71038e-02	0.94350	6.24937	3.47100e-05
1.13638e+05	4.03920e-02	8.69265e-02	3.44505	3.06757	3.47100e-05
1.13793e+05	4.03722e-02	8.72279e-02	1.72274	6.14772	3.47100e-05
1.13949e+05	4.03500e-02	8.73953e-02	2.05176	2.93661	3.47100e-05
1.14104e+05	4.03630e-02	8.72783e-02	4.38580	5.98399	3.47100e-05
1.14259e+05	4.03558e-02	8.77762e-02	2.49513	2.73534	3.47100e-05
1.14414e+05	4.03728e-02	8.69186e-02	2.59090	5.75173	3.47100e-05
1.14570e+05	4.03669e-02	8.72330e-02	4.64121	2.47358	3.47100e-05
1.14725e+05	4.03629e-02	8.70378e-02	2.44996	5.47072	3.47100e-05
1.14880e+05	4.03338e-02	8.70328e-02	2.29639	2.16502	3.47100e-05
1.15036e+05	4.03185e-02	8.72889e-02	4.27265	5.13316	3.47100e-05
1.15191e+05	4.03348e-02	8.68105e-02	1.89724	1.81628	3.47100e-05
1.15346e+05	4.03389e-02	8.70234e-02	1.49231	4.76202	3.47100e-05
1.15501e+05	4.02940e-02	8.66028e-02	3.19178	1.40741	3.47100e-05
1.15657e+05	4.02928e-02	8.66815e-02	0.72317	4.32738	3.47100e-05
1.15812e+05	4.03241e-02	8.63747e-02	0.12173	0.95855	3.47100e-05
1.15967e+05	4.02690e-02	8.68878e-02	1.61191	3.84550	3.47100e-05
1.16123e+05	4.02776e-02	8.64235e-02	5.24392	0.42572	3.47100e-05
1.16278e+05	4.03042e-02	8.68364e-02	4.47326	3.29075	3.47100e-05
1.16433e+05	4.02738e-02	8.76763e-02	5.80938	6.12839	3.47100e-05
1.16588e+05	4.03015e-02	8.71285e-02	2.90711	2.68154	3.47100e-05
1.16744e+05	4.02640e-02	8.76635e-02	1.90548	5.49971	3.47100e-05
1.16899e+05	4.02734e-02	8.71669e-02	3.10397	2.02131	3.47100e-05
1.17054e+05	4.02590e-02	8.80042e-02	6.16038	4.81927	3.47100e-05
1.17210e+05	4.02413e-02	8.74287e-02	5.14525	1.31656	3.47100e-05
1.17365e+05	4.02393e-02	8.73874e-02	6.00040	4.08715	3.47100e-05
1.17520e+05	4.02317e-02	8.75433e-02	2.81418	0.57197	3.47100e-05
1.17675e+05	4.02073e-02	8.80035e-02	1.47145	3.31892	3.47100e-05
1.17831e+05	4.02535e-02	8.76714e-02	2.30852	6.06205	3.47100e-05
1.17986e+05	4.01928e-02	8.86243e-02	5.12354	2.49988	3.47100e-05
1.18141e+05	4.02275e-02	8.85849e-02	3.58496	5.21266	3.47100e-05
1.18297e+05	4.02148e-02	8.80790e-02	4.25424	1.62749	3.47100e-05
1.18452e+05	4.01737e-02	8.78767e-02	0.55623	4.31379	3.47100e-05
1.18607e+05	4.02131e-02	8.75646e-02	5.27837	0.69955	3.47100e-05
1.18762e+05	4.01858e-02	8.78142e-02	5.82528	3.35713	3.47100e-05
1.18918e+05	4.01578e-02	8.78591e-02	1.96490	6.00136	3.47100e-05
1.19073e+05	4.02046e-02	8.79094e-02	0.13992	2.33996	3.47100e-05
1.19228e+05	4.02106e-02	8.72004e-02	0.48265	4.95635	3.47100e-05
1.19384e+05	4.01635e-02	8.65086e-02	2.89361	1.27245	3.47100e-05
1.19539e+05	4.01247e-02	8.69432e-02	1.01034	3.85337	3.47100e-05
1.19694e+05	4.01235e-02	8.70317e-02	1.12448	0.14876	3.47100e-05
1.19849e+05	4.01546e-02	8.71588e-02	3.29207	2.72708	3.47100e-05
1.20005e+05	4.01560e-02	8.70226e-02	1.26300	5.27851	3.47100e-05
1.20160e+05	4.01416e-02	8.67418e-02	1.30360	1.53454	3.47100e-05
1.20315e+05	4.01197e-02	8.67664e-02	3.39094	4.06048	3.47100e-05
1.20471e+05	4.00937e-02	8.73433e-02	1.16184	0.28372	3.47100e-05
1.20626e+05	4.00866e-02	8.75888e-02	0.88736	2.78848	3.47100e-05
1.20781e+05	4.00914e-02	8.73371e-02	2.63944	5.28748	3.47100e-05
1.20936e+05	4.01027e-02	8.76428e-02	0.20505	1.47536	3.47100e-05
1.21092e+05	4.00850e-02	8.73450e-02	6.09240	3.93510	3.47100e-05
1.21247e+05	4.00773e-02	8.72678e-02	1.36102	0.10837	3.47100e-05
1.21402e+05	4.00696e-02	8.69960e-02	4.94742	2.53431	3.47100e-05
1.21558e+05	4.00618e-02	8.63784e-02	4.34146	4.94582	3.47100e-05
1.21713e+05	4.00673e-02	8.70636e-02	5.77281	1.06222	3.47100e-05
1.21868e+05	4.00509e-02	8.69212e-02	2.90096	3.44713	3.47100e-05
1.22023e+05	4.00364e-02	8.70299e-02	2.05240	5.81652	3.47100e-05
1.22179e+05	4.00339e-02	8.71298e-02	3.29148	1.89393	3.47100e-05
1.22334e+05	4.00411e-02	8.76028e-02	0.24376	4.24385	3.47100e-05
1.22489e+05	4.00648e-02	8.79532e-02	5.41431	0.29873	3.47100e-05
1.22645e+05	4.00495e-02	8.75869e-02	0.07817	2.63277	3.47100e-05
1.22800e+05	4.00156e-02	8.69665e-02	3.14022	4.94186	3.47100e-05
1.22955e+05	4.00171e-02	8.66554e-02	1.93100	0.96720	3.47100e-05
1.23110e+05	4.00185e-02	8.61002e-02	2.75784	3.25394	3.47100e-05
1.23266e+05	4.00351e-02	8.60059e-02	5.61819	5.52339	3.47100e-05
1.23421e+05	4.00116e-02	8.67489e-02	4.17691	1.49530	3.47100e-05
1.23576e+05	3.99659e-02	8.69264e-02	4.84349	3.72790	3.47100e-05
1.23732e+05	3.99964e-02	8.66392e-02	1.33934	5.97212	3.47100e-05
1.23887e+05	3.99970e-02	8.69516e-02	5.98714	1.91055	3.47100e-05
1.24042e+05	3.99929e-02	8.79950e-02	0.14368	4.11885	3.47100e-05
1.24197e+05	3.99601e-02	8.69560e-02	2.82230	0.03573	3.47100e-05
1.24353e+05	3.99805e-02	8.65128e-02	1.03897	2.21736	3.47100e-05
1.24508e+05	3.99438e-02	8.65557e-02	1.38258	4.38417	3.47100e-05
1.24663e+05	3.99671e-02	8.64547e-02	3.86456	0.24012	3.47100e-05
1.24819e+05	3.99397e-02	8.68063e-02	1.98044	2.37510	3.47100e-05
1.24974e+05	3.99480e-02	8.66232e-02	2.24873	4.50363	3.47100e-05
1.25129e+05	3.99099e-02	8.72556e-02	4.49161	0.33491	3.47100e-05
1.25284e+05	3.99401e-02	8.66778e-02	2.59639	2.44619	3.47100e-05
1.25440e+05	3.99142e-02	8.66772e-02	2.58570	4.53987	3.47100e-05
1.25595e+05	3.99436e-02	8.68069e-02	4.90077	0.33364	3.47100e-05
1.25750e+05	3.99110e-02	8.57753e-02	2.69778	2.39454	3.47100e-05
1.25906e+05	3.99044e-02	8.64048e-02	2.83308	4.42969	3.47100e-05
1.26061e+05	3.98780e-02	8.67385e-02	4.84851	0.18681	3.47100e-05
1.26216e+05	3.98904e-02	8.70392e-02	2.63432	2.21692	3.47100e-05
1.26371e+05	3.98889e-02	8.68375e-02	2.65901	4.24393	3.47100e-05
1.26527e+05	3.98677e-02	8.68364e-02	4.48598	6.24066	3.47100e-05
1.26682e+05	3.99055e-02	8.58416e-02	2.33207	1.95154	3.47100e-05
1.26837e+05	3.98618e-02	8.65343e-02	2.17811	3.91982	3.47100e-05
1.26993e+05	3.98348e-02	8.59316e-02	4.05959	5.86800	3.47100e-05
1.27148e+05	3.98639e-02	8.70139e-02	1.69456	1.54040	3.47100e-05
1.27303e+05	3.98805e-02	8.62341e-02	1.50724	3.48847	3.47100e-05
1.27458e+05	3.98300e-02	8.71300e-02	3.39347	5.42320	3.47100e-05
1.27614e+05	3.98176e-02	8.62557e-02	0.90203	1.05447	3.47100e-05
1.27769e+05	3.98344e-02	8.59488e-02	0.64724	2.94590	3.47100e-05
1.27924e+05	3.98443e-02	8.61791e-02	2.38873	4.83357	3.47100e-05
1.28080e+05	3.98461e-02	8.62730e-02	0.08154	0.41929	3.47100e-05
1.28235e+05	3.98060e-02	8.71356e-02	6.00843	2.28950	3.47100e-05
1.28390e+05	3.97927e-02	8.66109e-02	1.49197	4.13626	3.47100e-05
1.28545e+05	3.97934e-02	8.62275e-02	5.26318	5.97243	3.47100e-05
1.28701e+05	3.97751e-02	8.64040e-02	4.91842	1.51744	3.47100e-05
1.28856e+05	3.97895e-02	8.68433e-02	0.27444	3.33046	3.47100e-05
1.29011e+05	3.97700e-02	8.63288e-02	4.13082	5.13004	3.47100e-05
1.29167e+05	3.97769e-02	8.64215e-02	3.71681	0.62781	3.47100e-05
1.29322e+05	3.97592e-02	8.67953e-02	5.45231	2.40776	3.47100e-05
1.29477e+05	3.97411e-02	8.67330e-02	2.91210	4.17082	3.47100e-05
1.29632e+05	3.97565e-02	8.58721e-02	2.58758	5.92323	3.47100e-05
1.29788e+05	3.97443e-02	8.64632e-02	4.29642	1.36996	3.47100e-05
1.29943e+05	3.97318e-02	8.69317e-02	1.88679	3.10141	3.47100e-05
1.30098e+05	3.97242e-02	8.67748e-02	1.47297	4.81840	3.47100e-05
1.30254e+05	3.97168e-02	8.64026e-02	3.26549	0.22539	3.47100e-05
1.30409e+05	3.97552e-02	8.56348e-02	0.77274	1.91114	3.47100e-05
1.30564e+05	3.97559e-02	8.62730e-02	0.42843	3.58386	3.47100e-05
1.30719e+05	3.97318e-02	8.59326e-02	2.12778	5.25904	3.47100e-05
1.30875e+05	3.96917e-02	8.65678e-02	5.98977	0.62884	3.47100e-05
1.31030e+05	3.97042e-02	8.64088e-02	5.77732	2.25745	3.47100e-05
1.31185e+05	3.97053e-02	8.63207e-02	1.27783	3.88209	3.47100e-05
1.31341e+05	3.97123e-02	8.67256e-02	5.18640	5.48833	3.47100e-05
1.31496e+05	3.96771e-02	8.66577e-02	4.84796	0.80308	3.47100e-05
1.31651e+05	3.96645e-02	8.70402e-02	0.52148	2.39246	3.47100e-05
1.31806e+05	3.96861e-02	8.58811e-02	4.48999	3.96857	3.47100e-05
1.31962e+05	3.96787e-02	8.64649e-02	4.19323	5.53329	3.47100e-05
1.32117e+05	3.96756e-02	8.71922e-02	6.25672	0.80071	3.47100e-05
1.32272e+05	3.96839e-02	8.61057e-02	3.95544	2.34980	3.47100e-05
1.32428e+05	3.96373e-02	8.63881e-02	3.82242	3.86398	3.47100e-05
1.32583e+05	3.96486e-02	8.64047e-02	5.94720	5.37894	3.47100e-05
1.32738e+05	3.96475e-02	8.61144e-02	3.67646	0.59778	3.47100e-05
1.32893e+05	3.96231e-02	8.65389e-02	3.80342	2.09209	3.47100e-05
1.33049e+05	3.96405e-02	8.58715e-02	5.83431	3.57313	3.47100e-05
1.33204e+05	3.96058e-02	8.62092e-02	3.84405	5.03266	3.47100e-05
1.33359e+05	3.96361e-02	8.57936e-02	3.92518	0.19919	3.47100e-05
1.33515e+05	3.95871e-02	8.59456e-02	6.18166	1.63144	3.47100e-05
1.33670e+05	3.96055e-02	8.63943e-02	4.16890	3.06560	3.47100e-05
1.33825e+05	3.95994e-02	8.61999e-02	4.53533	4.48045	3.47100e-05
1.33980e+05	3.95951e-02	8.61500e-02	0.49255	5.88306	3.47100e-05
1.34136e+05	3.96129e-02	8.62773e-02	5.07015	0.99840	3.47100e-05
1.34291e+05	3.95610e-02	8.59672e-02	5.45463	2.36587	3.47100e-05
1.34446e+05	3.95794e-02	8.54821e-02	1.56542	3.74004	3.47100e-05
1.34602e+05	3.95704e-02	8.62427e-02	0.03577	5.08798	3.47100e-05
1.34757e+05	3.95614e-02	8.66352e-02	0.57006	0.13725	3.47100e-05
1.34912e+05	3.95470e-02	8.59870e-02	3.14750	1.47213	3.47100e-05
1.35067e+05	3.95855e-02	8.57492e-02	1.69207	2.79930	3.47100e-05
1.35223e+05	3.95373e-02	8.63621e-02	2.44900	4.10330	3.47100e-05
1.35378e+05	3.95304e-02	8.61548e-02	5.27019	5.38094	3.47100e-05
1.35533e+05	3.95269e-02	8.57151e-02	3.88084	0.38345	3.47100e-05
1.35689e+05	3.95326e-02	8.60061e-02	4.79276	1.65497	3.47100e-05
1.35844e+05	3.95369e-02	8.56798e-02	1.64171	2.89954	3.47100e-05
1.35999e+05	3.95100e-02	8.60153e-02	0.52746	4.14273	3.47100e-05
1.36154e+05	3.94921e-02	8.63851e-02	1.54485	5.38786	3.47100e-05
1.36310e+05	3.94830e-02	8.57798e-02	4.75222	0.31947	3.47100e-05
1.36465e+05	3.94796e-02	8.60127e-02	3.85941	1.52435	3.47100e-05
1.36620e+05	3.94813e-02	8.56939e-02	5.13020	2.72567	3.47100e-05
1.36776e+05	3.94840e-02	8.54050e-02	2.24963	3.90610	3.47100e-05
1.36931e+05	3.94897e-02	8.55085e-02	1.63272	5.07710	3.47100e-05
1.37086e+05	3.94950e-02	8.56850e-02	3.15315	6.23711	3.47100e-05
1.37241e+05	3.94805e-02	8.58327e-02	0.56884	1.10931	3.47100e-05
1.37397e+05	3.95047e-02	8.60496e-02	0.09140	2.24870	3.47100e-05
1.37552e+05	3.94617e-02	8.57648e-02	1.85257	3.37051	3.47100e-05
1.37707e+05	3.94608e-02	8.61476e-02	5.79780	4.47776	3.47100e-05
1.37863e+05	3.94458e-02	8.58734e-02	5.69043	5.57363	3.47100e-05
1.38018e+05	3.94212e-02	8.57693e-02	1.43170	0.37394	3.47100e-05
1.38173e+05	3.94305e-02	8.57258e-02	5.66368	1.44923	3.47100e-05
1.38328e+05	3.94422e-02	8.63816e-02	5.76091	2.51987	3.47100e-05
1.38484e+05	3.94486e-02	8.54627e-02	1.75625	3.57498	3.47100e-05
1.38639e+05	3.94509e-02	8.57783e-02	6.22813	4.60575	3.47100e-05
1.38794e+05	3.94318e-02	8.62533e-02	0.29932	5.62700	3.47100e-05
1.38950e+05	3.93896e-02	8.51091e-02	2.93372	0.35089	3.47100e-05
1.39105e+05	3.93933e-02	8.54608e-02	1.46913	1.35064	3.47100e-05
1.39260e+05	3.94099e-02	8.56440e-02	2.08990	2.34386	3.47100e-05
1.39415e+05	3.94037e-02	8.57395e-02	4.93433	3.32109	3.47100e-05
1.39571e+05	3.93586e-02	8.54513e-02	3.84337	4.28324	3.47100e-05
1.39726e+05	3.93691e-02	8.56141e-02	4.86121	5.23580	3.47100e-05
1.39881e+05	3.93825e-02	8.54530e-02	1.68925	6.17607	3.47100e-05
1.40037e+05	3.93509e-02	8.54871e-02	0.91711	0.80845	3.47100e-05
1.40192e+05	3.93766e-02	8.54299e-02	2.22195	1.72655	3.47100e-05
1.40347e+05	3.93298e-02	8.60417e-02	5.68917	2.63056	3.47100e-05
1.40502e+05	3.93506e-02	8.56235e-02	5.24045	3.51943	3.47100e-05
1.40658e+05	3.93404e-02	8.52084e-02	0.54983	4.39533	3.47100e-05
1.40813e+05	3.93427e-02	8.56224e-02	4.55767	5.25908	3.47100e-05
1.40968e+05	3.93392e-02	8.56669e-02	4.31010	6.11266	3.47100e-05
1.41124e+05	3.92855e-02	8.57347e-02	0.13873	0.66353	3.47100e-05
1.41279e+05	3.93088e-02	8.57255e-02	4.29111	1.48293	3.47100e-05
1.41434e+05	3.93026e-02	8.54007e-02	4.52479	2.29974	3.47100e-05
1.41589e+05	3.93248e-02	8.56102e-02	0.49174	3.09869	3.47100e-05
1.41745e+05	3.93204e-02	8.55026e-02	5.15090	3.88797	3.47100e-05
1.41900e+05	3.92777e-02	8.53011e-02	5.55231	4.66285	3.47100e-05
1.42055e+05	3.93082e-02	8.48008e-02	1.96479	5.42998	3.47100e-05
1.42211e+05	3.92688e-02	8.55586e-02	0.62430	6.17704	3.47100e-05
1.42366e+05	3.92630e-02	8.50715e-02	1.35328	0.62291	3.47100e-05
1.42521e+05	3.92884e-02	8.51874e-02	4.43845	1.34631	3.47100e-05
1.42676e+05	3.92554e-02	8.49190e-02	3.43739	2.05172	3.47100e-05
1.42832e+05	3.92549e-02	8.49142e-02	4.53114	2.75376	3.47100e-05
1.42987e+05	3.92686e-02	8.50386e-02	1.63358	3.43831	3.47100e-05
1.43142e+05	3.92634e-02	8.52772e-02	1.01308	4.11798	3.47100e-05
1.43298e+05	3.92365e-02	8.51220e-02	2.56387	4.77331	3.47100e-05
1.43453e+05	3.92355e-02	8.57506e-02	6.27201	5.40789	3.47100e-05
1.43608e+05	3.92411e-02	8.53723e-02	5.93993	6.04165	3.47100e-05
1.43763e+05	3.92376e-02	8.52530e-02	1.60538	0.38409	3.47100e-05
1.43919e+05	3.92380e-02	8.55908e-02	5.80789	0.98907	3.47100e-05
1.44074e+05	3.92158e-02	8.56212e-02	5.94512	1.58550	3.47100e-05
1.44229e+05	3.91871e-02	8.54161e-02	2.00506	2.16064	3.47100e-05
1.44385e+05	3.92018e-02	8.59345e-02	0.25935	2.72983	3.47100e-05
1.44540e+05	3.91783e-02	8.50866e-02	0.73983	3.27836	3.47100e-05
1.44695e+05	3.91667e-02	8.50609e-02	3.45897	3.81902	3.47100e-05
1.44850e+05	3.91574e-02	8.52032e-02	2.16659	4.34034	3.47100e-05
1.45006e+05	3.91498e-02	8.53331e-02	3.11234	4.85851	3.47100e-05
1.45161e+05	3.91490e-02	8.53123e-02	0.01419	5.35908	3.47100e-05
1.45316e+05	3.91361e-02	8.49738e-02	5.42890	5.85377	3.47100e-05
1.45472e+05	3.91335e-02	8.53412e-02	0.54970	0.04185	3.47100e-05
1.45627e+05	3.91185e-02	8.52436e-02	4.22927	0.50311	3.47100e-05
1.45782e+05	3.91347e-02	8.48117e-02	3.83387	0.95680	3.47100e-05
1.45937e+05	3.91492e-02	8.48377e-02	5.66658	1.39079	3.47100e-05
1.46093e+05	3.91371e-02	8.51635e-02	3.46019	1.81816	3.47100e-05
1.46248e+05	3.91471e-02	8.43830e-02	3.49022	2.21850	3.47100e-05
1.46403e+05	3.91304e-02	8.54667e-02	5.75273	2.62270	3.47100e-05
1.46559e+05	3.90953e-02	8.53075e-02	4.07352	3.00784	3.47100e-05
1.46714e+05	3.91157e-02	8.48698e-02	4.67253	3.37843	3.47100e-05
1.46869e+05	3.91169e-02	8.52449e-02	1.15194	3.74132	3.47100e-05
1.47024e+05	3.91112e-02	8.49344e-02	6.15618	4.08401	3.47100e-05
1.47180e+05	3.90736e-02	8.49556e-02	0.91630	4.41760	3.47100e-05
1.47335e+05	3.90859e-02	8.48828e-02	4.32698	4.72867	3.47100e-05
1.47490e+05	3.91074e-02	8.44006e-02	3.56621	5.03549	3.47100e-05
1.47646e+05	3.90579e-02	8.52418e-02	5.06818	5.32451	3.47100e-05
1.47801e+05	3.90780e-02	8.43969e-02	2.69041	5.59731	3.47100e-05
1.47956e+05	3.90827e-02	8.51900e-02	2.41788	5.86325	3.47100e-05
1.48111e+05	3.90385e-02	8.47529e-02	4.47965	6.10917	3.47100e-05
1.48267e+05	3.90710e-02	8.46053e-02	2.60400	0.06274	3.47100e-05
1.48422e+05	3.90448e-02	8.44290e-02	2.86533	0.27852	3.47100e-05
1.48577e+05	3.90173e-02	8.52355e-02	5.58543	0.48978	3.47100e-05
1.48733e+05	3.90555e-02	8.43229e-02	4.09606	0.68576	3.47100e-05
1.48888e+05	3.90267e-02	8.51967e-02	5.07944	0.86436	3.47100e-05
1.49043e+05	3.90321e-02	8.49576e-02	1.82519	1.04676	3.47100e-05
1.49198e+05	3.90059e-02	8.45480e-02	1.08682	1.19216	3.47100e-05
1.49354e+05	3.90072e-02	8.45767e-02	2.45572	1.32465	3.47100e-05
1.49509e+05	3.90340e-02	8.49998e-02	0.00367	1.44760	3.47100e-05
1.49664e+05	3.89940e-02	8.52923e-02	5.94379	1.56512	3.47100e-05
1.49820e+05	3.89980e-02	8.49501e-02	1.68157	1.67388	3.47100e-05
1.49975e+05	3.89565e-02	8.44619e-02	6.00049	1.75107	3.47100e-05
1.50130e+05	3.90090e-02	8.49733e-02	6.25535	1.83085	3.47100e-05
1.50285e+05	3.89839e-02	8.43491e-02	2.65867	1.88746	3.47100e-05
1.50441e+05	3.89389e-02	8.49425e-02	1.24924	1.92905	3.47100e-05
1.50596e+05	3.89508e-02	8.46286e-02	2.05959	1.96309	3.47100e-05
1.50751e+05	3.89679e-02	8.43439e-02	5.31178	1.98549	3.47100e-05
1.50907e+05	3.89510e-02	8.48214e-02	4.58327	1.99462	3.47100e-05
1.51062e+05	3.89237e-02	8.52134e-02	6.02058	1.98977	3.47100e-05
1.51217e+05	3.89261e-02	8.45139e-02	3.47513	1.97467	3.47100e-05
1.51372e+05	3.89528e-02	8.41133e-02	3.33098	1.93339	3.47100e-05
1.51528e+05	3.89385e-02	8.44789e-02	5.52294	1.88344	3.47100e-05
1.51683e+05	3.89140e-02	8.49126e-02	3.67194	1.82133	3.47100e-05
1.51838e+05	3.89002e-02	8.49971e-02	4.06523	1.74698	3.47100e-05
1.51994e+05	3.88770e-02	8.45910e-02	0.50645	1.66116	3.47100e-05
1.52149e+05	3.89007e-02	8.45265e-02	5.55597	1.55626	3.47100e-05
1.52304e+05	3.89114e-02	8.49520e-02	0.30810	1.44693	3.47100e-05
1.52459e+05	3.88772e-02	8.45294e-02	3.66957	1.31711	3.47100e-05
1.52615e+05	3.88698e-02	8.43228e-02	3.10609	1.17142	3.47100e-05
1.52770e+05	3.88846e-02	8.44970e-02	4.84375	1.00249	3.47100e-05
1.52925e+05	3.88741e-02	8.41069e-02	2.55150	0.83502	3.47100e-05
1.53081e+05	3.88650e-02	8.42693e-02	2.62912	0.64932	3.47100e-05
1.53236e+05	3.88592e-02	8.47341e-02	5.00475	0.45614	3.47100e-05
1.53391e+05	3.88459e-02	8.44066e-02	3.37880	0.24759	3.47100e-05
1.53546e+05	3.88269e-02	8.41898e-02	4.14729	0.01151	3.47100e-05
1.53702e+05	3.88359e-02	8.50172e-02	0.92473	6.06760	3.47100e-05
1.53857e+05	3.88264e-02	8.47532e-02	6.27731	5.80665	3.47100e-05
1.54012e+05	3.88295e-02	8.38861e-02	1.40500	5.52446	3.47100e-05
1.54168e+05	3.88455e-02	8.42167e-02	5.06823	5.25117	3.47100e-05
1.54323e+05	3.88214e-02	8.40296e-02	4.73672	4.95645	3.47100e-05
1.54478e+05	3.88111e-02	8.40613e-02	0.52594	4.64145	3.47100e-05
1.54633e+05	3.87840e-02	8.43623e-02	4.96173	4.32166	3.47100e-05
1.54789e+05	3.88007e-02	8.43937e-02	5.38744	3.98279	3.47100e-05
1.54944e+05	3.88197e-02	8.42266e-02	1.81245	3.62673	3.47100e-05
1.55099e+05	3.87761e-02	8.46677e-02	0.57163	3.25645	3.47100e-05
1.55255e+05	3.87725e-02	8.43647e-02	1.76681	2.87307	3.47100e-05
