# t	a	e	mean_anomaly	varpi	mass/M_star
0.00000e+00	1.21581e-02	1.45354e-03	0.99007	1.67312	4.59020e-05
4.65857e+01	1.21576e-02	2.46439e-03	4.97618	0.94719	4.59020e-05
9.31714e+01	1.21579e-02	1.17749e-03	0.31306	3.19709	4.59020e-05
1.39757e+02	1.21586e-02	3.38576e-03	3.39772	2.41374	4.59020e-05
1.86343e+02	1.21580e-02	1.38103e-03	5.96486	3.03134	4.59020e-05
2.32928e+02	1.21585e-02	3.03186e-03	0.45177	4.62373	4.59020e-05
2.79514e+02	1.21591e-02	1.67245e-03	4.17059	5.20672	4.59020e-05
3.26100e+02	1.21588e-02	3.23414e-03	2.43686	5.15016	4.59020e-05
3.72685e+02	1.21588e-02	3.16400e-03	3.47718	0.45294	4.59020e-05
4.19271e+02	1.21597e-02	3.58236e-03	3.89645	1.00987	4.59020e-05
4.65857e+02	1.21574e-02	2.93924e-03	5.95055	2.25957	4.59020e-05
5.12442e+02	1.21570e-02	2.51132e-03	4.30658	2.54172	4.59020e-05
5.59028e+02	1.21583e-02	4.08940e-03	1.24785	3.22512	4.59020e-05
6.05614e+02	1.21574e-02	3.13110e-03	1.74211	4.04066	4.59020e-05
6.52199e+02	1.21573e-02	4.08378e-03	3.50753	5.17740	4.59020e-05
6.98785e+02	1.21610e-02	3.34763e-03	0.25405	5.86879	4.59020e-05
7.45371e+02	1.21583e-02	4.40342e-03	4.34916	0.32949	4.59020e-05
7.91956e+02	1.21576e-02	4.56348e-03	2.61820	1.09518	4.59020e-05
8.38542e+02	1.21583e-02	4.96827e-03	5.79134	2.40507	4.59020e-05
8.85128e+02	1.21585e-02	4.46587e-03	1.05555	2.69488	4.59020e-05
9.31713e+02	1.21577e-02	3.13399e-03	1.67853	4.24894	4.59020e-05
9.78299e+02	1.21588e-02	5.04791e-03	2.74866	4.69512	4.59020e-05
1.02488e+03	1.21579e-02	3.41685e-03	4.48494	5.67722	4.59020e-05
1.07147e+03	1.21579e-02	5.18503e-03	2.22573	0.07212	4.59020e-05
1.11806e+03	1.21592e-02	5.14140e-03	5.91421	1.16144	4.59020e-05
1.16464e+03	1.21584e-02	3.41874e-03	2.44413	1.75886	4.59020e-05
1.21123e+03	1.21588e-02	5.63499e-03	3.73878	2.63814	4.59020e-05
1.25781e+03	1.21576e-02	2.86252e-03	5.45346	3.54080	4.59020e-05
1.30440e+03	1.21578e-02	4.78234e-03	2.85604	4.03733	4.59020e-05
1.35098e+03	1.21614e-02	4.06342e-03	3.74380	5.37838	4.59020e-05
1.39757e+03	1.21582e-02	3.87001e-03	0.41203	5.80009	4.59020e-05
1.44416e+03	1.21596e-02	5.81350e-03	1.87508	0.74409	4.59020e-05
1.49074e+03	1.21577e-02	3.85081e-03	2.89667	1.48745	4.59020e-05
1.53733e+03	1.21584e-02	5.58506e-03	5.52087	2.38928	4.59020e-05
1.58391e+03	1.21585e-02	5.36133e-03	3.17652	3.41225	4.59020e-05
1.63050e+03	1.21575e-02	4.27458e-03	0.56084	3.76904	4.59020e-05
1.67708e+03	1.21587e-02	5.68373e-03	3.88414	4.68744	4.59020e-05
1.72367e+03	1.21585e-02	3.90838e-03	1.33348	5.51674	4.59020e-05
1.77026e+03	1.21589e-02	4.33503e-03	5.31460	6.01675	4.59020e-05
1.81684e+03	1.21585e-02	5.63158e-03	2.93877	0.64197	4.59020e-05
1.86343e+03	1.21573e-02	3.73231e-03	0.10919	1.49262	4.59020e-05
1.91001e+03	1.21581e-02	3.45333e-03	4.71833	1.82568	4.59020e-05
1.95660e+03	1.21590e-02	4.77768e-03	2.70707	3.04311	4.59020e-05
2.00318e+03	1.21594e-02	5.67839e-03	0.99578	4.05815	4.59020e-05
2.04977e+03	1.21575e-02	5.74392e-03	5.65035	4.96923	4.59020e-05
2.09636e+03	1.21576e-02	3.67542e-03	3.65457	5.70676	4.59020e-05
2.14294e+03	1.21572e-02	4.80197e-03	2.18798	0.24631	4.59020e-05
2.18953e+03	1.21583e-02	5.69083e-03	0.77078	1.05351	4.59020e-05
2.23611e+03	1.21576e-02	5.70497e-03	4.32212	2.28024	4.59020e-05
2.28270e+03	1.21579e-02	5.21403e-03	1.20975	3.00201	4.59020e-05
2.32928e+03	1.21606e-02	5.45692e-03	1.34657	4.01654	4.59020e-05
2.37587e+03	1.21587e-02	6.36935e-03	5.83291	5.16540	4.59020e-05
2.42245e+03	1.21596e-02	6.41114e-03	4.77992	5.36131	4.59020e-05
2.46904e+03	1.21602e-02	2.46681e-03	3.10201	0.29818	4.59020e-05
2.51563e+03	1.21600e-02	5.43235e-03	4.25478	0.45575	4.59020e-05
2.56221e+03	1.21610e-02	1.72658e-03	1.72873	4.19897	4.59020e-05
2.60880e+03	1.21606e-02	3.06708e-03	3.30004	4.53721	4.59020e-05
2.65538e+03	1.21597e-02	3.56786e-03	5.45098	5.26332	4.59020e-05
2.70197e+03	1.21603e-02	4.89278e-03	2.82192	5.63528	4.59020e-05
2.74855e+03	1.21603e-02	3.54816e-04	5.85412	4.64674	4.59020e-05
2.79514e+03	1.21607e-02	1.55121e-03	5.10337	6.14856	4.59020e-05
2.84173e+03	1.21586e-02	3.75520e-03	1.86635	2.99497	4.59020e-05
2.88831e+03	1.21597e-02	7.84275e-03	5.22195	1.82498	4.59020e-05
2.93490e+03	1.21611e-02	1.23240e-02	1.88912	2.72439	4.59020e-05
2.98148e+03	1.21580e-02	1.35635e-02	1.19787	3.38886	4.59020e-05
3.02807e+03	1.21576e-02	1.56032e-02	3.59373	4.22770	4.59020e-05
3.07465e+03	1.21588e-02	1.59308e-02	4.85096	4.96911	4.59020e-05
3.12124e+03	1.21586e-02	1.23026e-02	1.68277	5.57092	4.59020e-05
3.16783e+03	1.21581e-02	1.41155e-02	3.69933	0.33693	4.59020e-05
3.21441e+03	1.21585e-02	9.65054e-03	2.57413	1.22704	4.59020e-05
3.26100e+03	1.21576e-02	7.09897e-03	0.77453	1.05959	4.59020e-05
3.30758e+03	1.21577e-02	1.15517e-02	1.01594	2.11822	4.59020e-05
3.35417e+03	1.21590e-02	8.19802e-03	4.20603	3.20753	4.59020e-05
3.40075e+03	1.21584e-02	1.00447e-02	5.11575	4.46290	4.59020e-05
3.44734e+03	1.21569e-02	1.55195e-02	1.60309	5.28083	4.59020e-05
3.49393e+03	1.21574e-02	1.11159e-02	4.62778	0.05334	4.59020e-05
3.54051e+03	1.21586e-02	1.29560e-02	2.94807	1.51378	4.59020e-05
3.58710e+03	1.21577e-02	1.33262e-02	4.58951	2.35716	4.59020e-05
3.63368e+03	1.21576e-02	1.04342e-02	3.85349	3.76113	4.59020e-05
3.68027e+03	1.21588e-02	8.41388e-03	2.90524	4.13191	4.59020e-05
3.72685e+03	1.21598e-02	9.90884e-03	1.48384	5.78617	4.59020e-05
3.77344e+03	1.21571e-02	1.00728e-02	4.25220	0.18448	4.59020e-05
3.82002e+03	1.21600e-02	1.18532e-02	3.53403	0.82448	4.59020e-05
3.86661e+03	1.21574e-02	1.25141e-02	3.44686	1.93619	4.59020e-05
3.91320e+03	1.21592e-02	1.42490e-02	6.14998	2.89681	4.59020e-05
3.95978e+03	1.21571e-02	1.31811e-02	5.37452	3.87126	4.59020e-05
4.00637e+03	1.21583e-02	6.24087e-03	2.93930	2.95331	4.59020e-05
4.05295e+03	1.21612e-02	9.02216e-03	3.27395	2.10909	4.59020e-05
4.09954e+03	1.21564e-02	1.23025e-02	2.95964	3.49116	4.59020e-05
4.14612e+03	1.21557e-02	1.24275e-02	3.48689	4.84935	4.59020e-05
4.19271e+03	1.21601e-02	6.64976e-03	4.91339	3.08501	4.59020e-05
4.23930e+03	1.21584e-02	6.92553e-03	4.41140	2.71757	4.59020e-05
4.28588e+03	1.21607e-02	1.26411e-02	5.14985	2.21808	4.59020e-05
4.33247e+03	1.21578e-02	4.73252e-03	4.62337	4.81773	4.59020e-05
4.37905e+03	1.21570e-02	1.32815e-02	0.26720	4.82236	4.59020e-05
4.42564e+03	1.21567e-02	1.33642e-02	3.85106	0.02384	4.59020e-05
4.47222e+03	1.21585e-02	8.81154e-03	1.15152	6.10785	4.59020e-05
4.51881e+03	1.21566e-02	6.76342e-03	5.57288	4.52490	4.59020e-05
4.56540e+03	1.21577e-02	7.39057e-03	2.59745	5.58784	4.59020e-05
4.61198e+03	1.21569e-02	6.31486e-03	1.70157	0.09627	4.59020e-05
4.65857e+03	1.21569e-02	6.56926e-03	1.53602	1.12393	4.59020e-05
4.70515e+03	1.21570e-02	9.91498e-03	3.65221	1.88365	4.59020e-05
4.75174e+03	1.21586e-02	7.85755e-03	0.36598	1.62712	4.59020e-05
4.79832e+03	1.21581e-02	3.90760e-03	6.22597	3.87282	4.59020e-05
4.84491e+03	1.21560e-02	1.25430e-02	3.75037	2.68245	4.59020e-05
4.89150e+03	1.21567e-02	1.46605e-02	2.35286	3.87029	4.59020e-05
4.93808e+03	1.21569e-02	1.49782e-02	3.19647	5.82051	4.59020e-05
4.98467e+03	1.21556e-02	1.13797e-02	4.19650	0.61670	4.59020e-05
5.03125e+03	1.21567e-02	1.19439e-02	1.56123	2.01893	4.59020e-05
5.07784e+03	1.21577e-02	5.25416e-03	3.47626	1.93376	4.59020e-05
5.12442e+03	1.21613e-02	1.08204e-02	4.40160	4.28514	4.59020e-05
5.17101e+03	1.21569e-02	2.05623e-03	0.74159	3.88641	4.59020e-05
5.21759e+03	1.21613e-02	1.27135e-02	4.15981	1.13720	4.59020e-05
5.26418e+03	1.21588e-02	4.95028e-03	5.64234	6.16508	4.59020e-05
5.31077e+03	1.21570e-02	1.03280e-02	2.34869	6.12462	4.59020e-05
5.35735e+03	1.21568e-02	8.34564e-03	0.69177	1.08157	4.59020e-05
5.40394e+03	1.21563e-02	1.15595e-02	2.49733	3.40352	4.59020e-05
5.45052e+03	1.21616e-02	7.16703e-03	4.85829	4.33204	4.59020e-05
5.49711e+03	1.21561e-02	1.29047e-02	0.58851	0.70224	4.59020e-05
5.54369e+03	1.21563e-02	7.58949e-03	2.96285	1.13425	4.59020e-05
5.59028e+03	1.21571e-02	4.15420e-03	2.61170	2.32347	4.59020e-05
5.63687e+03	1.21569e-02	6.51244e-03	2.23074	2.35712	4.59020e-05
5.68345e+03	1.21572e-02	1.07281e-02	2.32167	0.34118	4.59020e-05
5.73004e+03	1.21561e-02	4.45294e-03	2.94416	6.04842	4.59020e-05
5.77662e+03	1.21576e-02	7.49317e-03	4.58858	5.18224	4.59020e-05
5.82321e+03	1.21568e-02	3.81693e-03	3.91108	5.39227	4.59020e-05
5.86979e+03	1.21622e-02	4.50449e-03	3.56315	1.12619	4.59020e-05
5.91638e+03	1.21574e-02	3.16926e-03	3.82826	2.47262	4.59020e-05
5.96297e+03	1.21580e-02	1.04033e-02	3.63698	4.68567	4.59020e-05
6.00955e+03	1.21565e-02	6.20957e-03	0.69348	1.80279	4.59020e-05
6.05614e+03	1.21587e-02	6.10022e-03	0.95448	0.53751	4.59020e-05
6.10272e+03	1.21576e-02	1.12677e-02	3.98785	4.64501	4.59020e-05
6.14931e+03	1.21605e-02	1.05462e-02	0.15842	2.90447	4.59020e-05
6.19589e+03	1.21586e-02	6.03744e-03	5.90142	1.80783	4.59020e-05
6.24248e+03	1.21574e-02	8.49501e-03	0.38494	6.27911	4.59020e-05
6.28907e+03	1.21580e-02	1.13320e-02	2.49167	4.70400	4.59020e-05
6.33565e+03	1.21572e-02	1.01386e-02	3.61089	3.36159	4.59020e-05
6.38224e+03	1.21574e-02	3.65740e-03	0.87843	5.33637	4.59020e-05
6.42882e+03	1.21557e-02	1.23376e-02	4.57289	5.93196	4.59020e-05
6.47541e+03	1.21560e-02	9.79737e-03	1.22426	0.58499	4.59020e-05
6.52199e+03	1.21548e-02	1.18742e-02	4.00342	1.56085	4.59020e-05
6.56858e+03	1.21552e-02	8.56178e-03	1.65048	2.28220	4.59020e-05
6.61516e+03	1.21579e-02	3.90089e-03	5.94622	5.40000	4.59020e-05
6.66175e+03	1.21591e-02	1.38367e-02	4.42494	5.56963	4.59020e-05
6.70834e+03	1.21571e-02	1.37364e-02	6.08978	2.41748	4.59020e-05
6.75492e+03	1.21572e-02	6.91737e-03	1.40779	2.71526	4.59020e-05
6.80151e+03	1.21577e-02	7.42495e-03	1.33050	2.49146	4.59020e-05
6.84809e+03	1.21600e-02	3.52673e-03	2.91597	4.34609	4.59020e-05
6.89468e+03	1.21578e-02	2.06345e-03	2.31087	4.61471	4.59020e-05
6.94126e+03	1.21576e-02	1.18207e-02	2.01930	1.90691	4.59020e-05
6.98785e+03	1.21557e-02	8.76611e-03	4.16178	3.65261	4.59020e-05
7.03444e+03	1.21556e-02	1.00785e-02	5.25862	3.76900	4.59020e-05
7.08102e+03	1.21568e-02	9.40299e-03	1.00048	4.93693	4.59020e-05
7.12761e+03	1.21576e-02	1.00265e-02	3.92375	6.05005	4.59020e-05
7.17419e+03	1.21584e-02	1.32724e-02	2.07958	4.18881	4.59020e-05
7.22078e+03	1.21570e-02	1.07814e-02	4.10267	5.29512	4.59020e-05
7.26736e+03	1.21554e-02	5.42185e-03	4.14974	5.55197	4.59020e-05
7.31395e+03	1.21554e-02	9.86698e-03	5.57722	0.21920	4.59020e-05
7.36054e+03	1.21561e-02	4.23242e-03	2.03258	3.32914	4.59020e-05
7.40712e+03	1.21557e-02	3.33512e-03	0.92589	2.17108	4.59020e-05
7.45371e+03	1.21552e-02	1.12589e-02	0.34321	1.09196	4.59020e-05
7.50029e+03	1.21575e-02	1.26522e-02	5.58650	1.98025	4.59020e-05
7.54688e+03	1.21567e-02	8.70625e-03	1.86670	3.93998	4.59020e-05
7.59346e+03	1.21554e-02	8.55907e-03	1.98728	4.93539	4.59020e-05
7.64005e+03	1.21562e-02	8.57632e-03	4.00762	5.65854	4.59020e-05
7.68664e+03	1.21605e-02	8.39194e-03	3.42380	2.66498	4.59020e-05
7.73322e+03	1.21558e-02	7.95292e-03	4.27512	2.85306	4.59020e-05
7.77981e+03	1.21563e-02	6.66300e-03	5.38138	3.04483	4.59020e-05
7.82639e+03	1.21557e-02	6.51467e-03	4.67166	1.49014	4.59020e-05
7.87298e+03	1.21555e-02	3.10318e-03	4.61561	2.50161	4.59020e-05
7.91956e+03	1.21565e-02	4.72872e-03	0.87178	5.10719	4.59020e-05
7.96615e+03	1.21570e-02	8.12399e-03	0.64082	5.12210	4.59020e-05
8.01273e+03	1.21557e-02	1.25474e-02	1.33431	6.07407	4.59020e-05
8.05932e+03	1.21558e-02	9.32536e-03	1.01626	0.78198	4.59020e-05
8.10591e+03	1.21570e-02	3.38661e-03	4.71185	1.30292	4.59020e-05
8.15249e+03	1.21567e-02	1.08099e-02	2.49356	2.70929	4.59020e-05
8.19908e+03	1.21578e-02	1.09703e-02	3.99387	3.34862	4.59020e-05
8.24566e+03	1.21562e-02	1.12958e-02	2.03592	5.36267	4.59020e-05
8.29225e+03	1.21559e-02	4.97222e-03	6.03216	5.86212	4.59020e-05
8.33883e+03	1.21553e-02	1.11747e-02	1.51670	2.09840	4.59020e-05
8.38542e+03	1.21555e-02	1.11070e-02	4.00378	2.70129	4.59020e-05
8.43201e+03	1.21572e-02	1.07429e-02	0.37913	3.70507	4.59020e-05
8.47859e+03	1.21566e-02	1.20272e-02	2.00534	4.61312	4.59020e-05
8.52518e+03	1.21557e-02	6.61204e-03	5.85906	5.13088	4.59020e-05
8.57176e+03	1.21571e-02	4.74467e-03	5.03356	2.40677	4.59020e-05
8.61835e+03	1.21607e-02	5.65263e-03	0.74820	4.81496	4.59020e-05
8.66493e+03	1.21603e-02	2.37650e-03	1.03187	1.31215	4.59020e-05
8.71152e+03	1.21573e-02	1.11449e-02	5.79981	1.73331	4.59020e-05
8.75811e+03	1.21575e-02	5.08633e-03	2.32011	3.80492	4.59020e-05
8.80469e+03	1.21565e-02	7.63099e-03	1.50930	4.42574	4.59020e-05
8.85128e+03	1.21573e-02	1.04755e-02	5.20927	6.06220	4.59020e-05
8.89786e+03	1.21562e-02	6.67352e-03	3.61730	5.63263	4.59020e-05
8.94445e+03	1.21567e-02	4.95482e-03	4.12537	6.21478	4.59020e-05
8.99103e+03	1.21585e-02	9.40710e-03	0.76520	0.81313	4.59020e-05
9.03762e+03	1.21566e-02	1.17123e-02	2.93011	2.30286	4.59020e-05
9.08421e+03	1.21575e-02	8.45152e-03	4.71655	3.58673	4.59020e-05
9.13079e+03	1.21576e-02	8.46865e-03	1.38530	4.24554	4.59020e-05
9.17738e+03	1.21558e-02	1.16502e-02	0.19773	5.46575	4.59020e-05
9.22396e+03	1.21561e-02	7.27611e-03	5.36991	0.63003	4.59020e-05
9.27055e+03	1.21560e-02	3.11150e-03	1.13216	3.86805	4.59020e-05
9.31713e+03	1.21563e-02	6.34291e-03	0.86607	1.83706	4.59020e-05
9.36372e+03	1.21569e-02	6.00717e-03	5.59556	3.73939	4.59020e-05
9.41030e+03	1.21567e-02	5.45227e-03	2.63287	3.39227	4.59020e-05
9.45689e+03	1.21579e-02	6.67582e-03	1.78978	5.88190	4.59020e-05
9.50348e+03	1.21557e-02	5.81711e-03	0.75269	4.66169	4.59020e-05
9.55006e+03	1.21601e-02	8.02734e-03	1.80004	0.76363	4.59020e-05
9.59665e+03	1.21566e-02	5.86075e-03	5.57964	1.17727	4.59020e-05
9.64323e+03	1.21563e-02	1.10885e-02	1.11993	2.79046	4.59020e-05
9.68982e+03	1.21584e-02	5.98839e-03	2.33070	4.84729	4.59020e-05
9.73640e+03	1.21576e-02	1.59127e-03	6.13007	4.41528	4.59020e-05
9.78299e+03	1.21563e-02	3.45774e-03	4.91663	5.84481	4.59020e-05
9.82958e+03	1.21578e-02	1.02288e-02	4.40347	5.30686	4.59020e-05
9.87616e+03	1.21552e-02	7.77469e-03	0.64332	0.19278	4.59020e-05
9.92275e+03	1.21576e-02	4.30140e-03	2.05814	0.88688	4.59020e-05
9.96933e+03	1.21571e-02	1.05817e-02	2.00975	1.93404	4.59020e-05
1.00159e+04	1.21562e-02	5.59504e-03	2.61178	3.08516	4.59020e-05
1.00625e+04	1.21601e-02	9.22033e-03	3.24189	4.54670	4.59020e-05
1.01091e+04	1.21585e-02	1.07164e-02	0.46990	6.17011	4.59020e-05
1.01557e+04	1.21567e-02	5.86280e-03	3.20152	0.73441	4.59020e-05
1.02023e+04	1.21565e-02	1.03416e-02	4.10238	1.92670	4.59020e-05
1.02488e+04	1.21558e-02	1.06529e-02	4.75654	2.96814	4.59020e-05
1.02954e+04	1.21606e-02	1.07785e-02	3.54812	4.00128	4.59020e-05
1.03420e+04	1.21569e-02	1.04904e-02	2.67920	5.25471	4.59020e-05
1.03886e+04	1.21591e-02	8.98713e-03	1.45459	0.45781	4.59020e-05
1.04352e+04	1.21563e-02	6.62887e-03	3.57864	1.77205	4.59020e-05
1.04818e+04	1.21572e-02	4.88341e-03	5.79599	4.40379	4.59020e-05
1.05284e+04	1.21565e-02	5.75841e-03	1.84469	5.84500	4.59020e-05
1.05749e+04	1.21568e-02	8.13879e-03	0.90438	0.94142	4.59020e-05
1.06215e+04	1.21572e-02	1.05050e-02	3.71080	2.27614	4.59020e-05
1.06681e+04	1.21572e-02	1.18630e-02	0.02555	3.58348	4.59020e-05
1.07147e+04	1.21614e-02	1.21248e-02	3.64398	4.76657	4.59020e-05
1.07613e+04	1.21557e-02	1.34861e-02	0.39811	6.01765	4.59020e-05
1.08079e+04	1.21551e-02	1.31198e-02	6.27168	0.78213	4.59020e-05
1.08545e+04	1.21551e-02	9.94750e-03	2.82857	1.85024	4.59020e-05
1.09010e+04	1.21558e-02	7.48026e-03	2.67622	2.66351	4.59020e-05
1.09476e+04	1.21559e-02	1.01179e-02	2.52206	3.81834	4.59020e-05
1.09942e+04	1.21568e-02	9.41493e-03	5.57643	4.81241	4.59020e-05
1.10408e+04	1.21594e-02	8.26318e-03	1.70116	4.12968	4.59020e-05
1.10874e+04	1.21602e-02	1.07173e-02	0.40050	4.45677	4.59020e-05
1.11340e+04	1.21586e-02	1.26487e-02	2.44226	4.96931	4.59020e-05
1.11806e+04	1.21596e-02	1.30690e-02	2.18244	5.23359	4.59020e-05
1.12271e+04	1.21612e-02	1.21262e-02	4.76656	5.85190	4.59020e-05
1.12737e+04	1.21593e-02	1.23848e-02	1.80605	0.40885	4.59020e-05
1.13203e+04	1.21570e-02	1.99765e-02	0.82014	0.80117	4.59020e-05
1.13669e+04	1.21579e-02	1.83829e-02	5.99985	1.06756	4.59020e-05
1.14135e+04	1.21594e-02	1.44369e-02	1.40618	1.60809	4.59020e-05
1.14601e+04	1.21581e-02	1.45397e-02	2.63327	2.56746	4.59020e-05
1.15067e+04	1.21571e-02	1.37017e-02	2.80446	3.47610	4.59020e-05
1.15532e+04	1.21592e-02	1.24622e-02	5.81496	4.35937	4.59020e-05
1.15998e+04	1.21587e-02	1.09072e-02	6.00900	5.52000	4.59020e-05
1.16464e+04	1.21567e-02	1.19557e-02	3.97113	0.15073	4.59020e-05
1.16930e+04	1.21587e-02	1.41485e-02	4.98096	1.59313	4.59020e-05
1.17396e+04	1.21616e-02	1.25838e-02	5.50042	2.36454	4.59020e-05
1.17862e+04	1.21558e-02	1.33059e-02	1.00530	2.67948	4.59020e-05
1.18328e+04	1.21577e-02	1.12461e-02	4.81276	1.16278	4.59020e-05
1.18793e+04	1.21587e-02	1.87596e-02	2.34323	5.71018	4.59020e-05
1.19259e+04	1.21603e-02	1.27961e-02	0.21313	4.04331	4.59020e-05
1.19725e+04	1.21572e-02	1.10082e-02	0.87793	3.03499	4.59020e-05
1.20191e+04	1.21588e-02	1.20430e-02	2.21217	3.05637	4.59020e-05
1.20657e+04	1.21598e-02	1.22843e-02	0.79055	4.32508	4.59020e-05
1.21123e+04	1.21581e-02	1.07952e-02	2.45544	5.35246	4.59020e-05
1.21589e+04	1.21610e-02	1.09695e-02	0.07508	6.02842	4.59020e-05
1.22054e+04	1.21591e-02	9.75131e-03	5.96149	0.28046	4.59020e-05
1.22520e+04	1.21603e-02	7.15702e-03	5.72447	1.67751	4.59020e-05
1.22986e+04	1.21598e-02	5.82255e-03	4.67301	2.96796	4.59020e-05
1.23452e+04	1.21566e-02	6.10821e-03	6.26852	4.87531	4.59020e-05
1.23918e+04	1.21565e-02	7.37341e-03	2.98030	0.10384	4.59020e-05
1.24384e+04	1.21591e-02	4.48311e-03	0.29588	1.30260	4.59020e-05
1.24850e+04	1.21579e-02	7.03727e-03	2.05312	1.64765	4.59020e-05
1.25315e+04	1.21584e-02	6.26034e-03	3.09589	1.73075	4.59020e-05
1.25781e+04	1.21581e-02	9.40758e-03	0.71788	2.65640	4.59020e-05
1.26247e+04	1.21574e-02	2.29960e-03	4.00613	3.71738	4.59020e-05
1.26713e+04	1.21568e-02	4.78126e-03	2.34439	4.85015	4.59020e-05
1.27179e+04	1.21577e-02	5.73415e-03	3.52714	5.48660	4.59020e-05
1.27645e+04	1.21588e-02	3.88677e-03	5.76802	6.19878	4.59020e-05
1.28111e+04	1.21586e-02	4.84724e-03	4.05192	0.85453	4.59020e-05
1.28576e+04	1.21586e-02	8.27369e-03	3.96718	5.05796	4.59020e-05
1.29042e+04	1.21586e-02	1.28126e-02	1.95026	0.62771	4.59020e-05
1.29508e+04	1.21567e-02	1.20870e-02	0.93800	1.24493	4.59020e-05
1.29974e+04	1.21574e-02	5.48168e-03	0.06283	1.87663	4.59020e-05
1.30440e+04	1.21597e-02	6.81639e-03	3.51766	2.80536	4.59020e-05
1.30906e+04	1.21573e-02	1.13550e-02	0.26440	4.45205	4.59020e-05
1.31372e+04	1.21585e-02	9.15070e-03	0.97926	0.26283	4.59020e-05
1.31837e+04	1.21591e-02	9.14300e-03	1.71231	2.05489	4.59020e-05
1.32303e+04	1.21580e-02	1.24931e-02	2.63084	2.83735	4.59020e-05
1.32769e+04	1.21614e-02	8.45945e-03	3.85657	3.92557	4.59020e-05
1.33235e+04	1.21569e-02	9.46943e-03	6.00473	4.39625	4.59020e-05
1.33701e+04	1.21567e-02	9.75596e-03	2.05739	5.24236	4.59020e-05
1.34167e+04	1.21591e-02	4.09273e-03	5.37091	0.23959	4.59020e-05
1.34633e+04	1.21578e-02	8.00114e-03	4.80860	1.39647	4.59020e-05
1.35098e+04	1.21565e-02	1.00915e-02	0.20978	2.21341	4.59020e-05
1.35564e+04	1.21599e-02	8.05717e-03	4.89440	3.01631	4.59020e-05
1.36030e+04	1.21602e-02	9.06397e-03	3.80550	4.11004	4.59020e-05
1.36496e+04	1.21577e-02	8.10861e-03	4.15084	4.91775	4.59020e-05
1.36962e+04	1.21606e-02	4.53585e-03	1.13045	0.63253	4.59020e-05
1.37428e+04	1.21579e-02	1.33777e-02	2.45318	5.82990	4.59020e-05
1.37894e+04	1.21565e-02	9.60932e-03	1.84625	0.04131	4.59020e-05
1.38359e+04	1.21580e-02	1.18435e-02	3.86725	1.02128	4.59020e-05
1.38825e+04	1.21578e-02	8.55092e-03	5.03623	2.00197	4.59020e-05
1.39291e+04	1.21581e-02	9.84036e-03	4.90787	4.47919	4.59020e-05
1.39757e+04	1.21591e-02	7.43163e-03	5.02155	5.13652	4.59020e-05
1.40223e+04	1.21580e-02	6.11384e-03	1.13857	4.08160	4.59020e-05
1.40689e+04	1.21584e-02	6.98730e-03	6.14928	1.06692	4.59020e-05
1.41155e+04	1.21578e-02	1.40921e-02	1.48725	1.93260	4.59020e-05
1.41620e+04	1.21574e-02	7.95302e-03	2.20320	1.60190	4.59020e-05
1.42086e+04	1.21578e-02	4.51313e-03	1.82340	2.57020	4.59020e-05
1.42552e+04	1.21572e-02	1.42712e-02	1.98076	4.72273	4.59020e-05
1.43018e+04	1.21590e-02	1.03585e-02	5.21349	5.38347	4.59020e-05
1.43484e+04	1.21577e-02	9.41987e-03	4.64458	1.06268	4.59020e-05
1.43950e+04	1.21565e-02	1.36205e-02	0.99163	1.95062	4.59020e-05
1.44416e+04	1.21578e-02	1.24585e-02	2.84424	3.18229	4.59020e-05
1.44881e+04	1.21576e-02	1.12343e-02	6.21703	4.06130	4.59020e-05
1.45347e+04	1.21602e-02	2.89282e-03	5.68046	1.77101	4.59020e-05
1.45767e+04	1.21596e-02	3.14108e-03	4.61653	6.19713	4.59020e-05
1.46232e+04	1.21588e-02	1.31414e-02	5.40928	5.79769	4.59020e-05
1.46698e+04	1.21618e-02	8.07774e-03	2.38174	0.88290	4.59020e-05
1.47164e+04	1.21584e-02	9.90850e-03	1.69978	3.07345	4.59020e-05
1.47630e+04	1.21587e-02	4.16962e-03	4.00276	5.06238	4.59020e-05
1.48096e+04	1.21613e-02	1.07449e-02	5.26518	2.16893	4.59020e-05
1.48562e+04	1.21584e-02	1.06435e-02	5.77007	2.30943	4.59020e-05
1.49028e+04	1.21583e-02	6.49686e-03	4.43486	3.61599	4.59020e-05
1.49493e+04	1.21625e-02	8.21701e-03	4.51870	3.54285	4.59020e-05
1.49959e+04	1.21573e-02	1.02116e-02	4.02912	4.49983	4.59020e-05
1.50425e+04	1.21578e-02	5.80651e-03	0.06156	0.28727	4.59020e-05
1.50891e+04	1.21579e-02	9.16785e-03	4.38096	6.11696	4.59020e-05
1.51357e+04	1.21583e-02	5.62671e-03	1.15977	3.12313	4.59020e-05
1.51823e+04	1.21585e-02	4.82356e-03	2.27872	3.82503	4.59020e-05
1.52289e+04	1.21582e-02	7.89975e-03	0.12022	0.81287	4.59020e-05
1.52754e+04	1.21586e-02	5.27983e-03	1.83186	2.25529	4.59020e-05
1.53220e+04	1.21597e-02	5.91796e-03	2.37481	3.97735	4.59020e-05
1.53686e+04	1.21579e-02	5.84963e-03	0.28395	4.58207	4.59020e-05
1.54152e+04	1.21579e-02	1.21254e-02	1.06649	4.98105	4.59020e-05
1.54618e+04	1.21598e-02	1.20698e-02	2.01675	5.29112	4.59020e-05
1.55084e+04	1.21592e-02	9.02281e-03	5.35776	0.07810	4.59020e-05
1.55550e+04	1.21591e-02	7.57886e-03	3.06080	0.89801	4.59020e-05
1.56015e+04	1.21584e-02	4.89423e-03	4.01229	0.80454	4.59020e-05
1.56481e+04	1.21611e-02	1.03543e-02	5.74981	1.67652	4.59020e-05
1.56947e+04	1.21595e-02	1.75008e-03	2.51551	4.56303	4.59020e-05
1.57413e+04	1.21573e-02	1.23725e-02	2.38898	3.64363	4.59020e-05
1.57879e+04	1.21578e-02	9.11419e-03	1.60229	4.80143	4.59020e-05
1.58345e+04	1.21566e-02	9.63739e-03	1.41373	5.32538	4.59020e-05
1.58811e+04	1.21571e-02	9.44189e-03	1.09738	6.14587	4.59020e-05
1.59276e+04	1.21588e-02	5.04296e-03	5.14470	0.61935	4.59020e-05
1.59742e+04	1.21585e-02	6.38942e-03	5.61271	1.86189	4.59020e-05
1.60208e+04	1.21595e-02	2.74140e-03	4.12325	4.08758	4.59020e-05
1.60674e+04	1.21595e-02	7.61229e-03	6.01673	2.04646	4.59020e-05
1.61140e+04	1.21598e-02	3.33390e-03	2.13109	4.29264	4.59020e-05
1.61606e+04	1.21589e-02	1.20339e-04	5.32106	0.15739	4.59020e-05
1.62072e+04	1.21593e-02	2.61437e-03	4.81379	5.21639	4.59020e-05
1.62537e+04	1.21598e-02	1.84095e-03	3.66719	5.31858	4.59020e-05
1.63003e+04	1.21590e-02	8.45562e-03	5.12313	3.96584	4.59020e-05
1.63469e+04	1.21575e-02	1.11308e-02	3.65761	4.30184	4.59020e-05
1.63935e+04	1.21563e-02	1.36501e-02	2.31156	4.55399	4.59020e-05
1.64401e+04	1.21572e-02	1.10852e-02	1.64921	5.01439	4.59020e-05
1.64867e+04	1.21590e-02	2.21501e-03	2.37668	4.05644	4.59020e-05
1.65333e+04	1.21598e-02	3.81073e-03	5.78741	5.74062	4.59020e-05
1.65798e+04	1.21584e-02	4.69226e-03	2.72424	0.38414	4.59020e-05
1.66264e+04	1.21598e-02	2.18509e-03	0.00877	2.15997	4.59020e-05
1.66730e+04	1.21590e-02	2.92281e-03	4.36893	4.24275	4.59020e-05
1.67196e+04	1.21596e-02	1.70701e-03	0.07445	5.22206	4.59020e-05
1.67662e+04	1.21582e-02	4.21380e-03	3.19182	5.78890	4.59020e-05
1.68128e+04	1.21580e-02	7.29069e-03	5.01273	1.46648	4.59020e-05
1.68594e+04	1.21595e-02	4.75847e-03	0.78934	3.61147	4.59020e-05
1.69059e+04	1.21588e-02	6.42489e-03	2.94069	5.71508	4.59020e-05
1.69525e+04	1.21597e-02	6.25341e-03	5.98210	1.52130	4.59020e-05
1.69991e+04	1.21600e-02	2.91643e-03	4.71829	1.91170	4.59020e-05
1.70457e+04	1.21581e-02	2.96057e-03	1.23719	4.60463	4.59020e-05
1.70923e+04	1.21599e-02	3.86885e-03	3.71509	4.86239	4.59020e-05
1.71389e+04	1.21599e-02	3.91777e-03	1.38540	0.91909	4.59020e-05
1.71855e+04	1.21585e-02	5.82437e-03	3.08035	5.96735	4.59020e-05
1.72320e+04	1.21578e-02	5.03489e-03	3.25459	1.78269	4.59020e-05
1.72786e+04	1.21580e-02	7.73363e-03	1.55326	1.49953	4.59020e-05
1.73252e+04	1.21582e-02	4.53743e-03	2.24478	1.88939	4.59020e-05
1.73718e+04	1.21586e-02	6.33600e-03	5.87084	2.58379	4.59020e-05
1.74184e+04	1.21591e-02	9.37321e-03	5.88170	3.89300	4.59020e-05
1.74650e+04	1.21578e-02	1.28322e-02	2.84534	4.52074	4.59020e-05
1.75116e+04	1.21582e-02	9.10082e-03	0.08853	4.72914	4.59020e-05
1.75581e+04	1.21569e-02	9.06580e-03	4.67336	6.11272	4.59020e-05
1.76047e+04	1.21586e-02	3.53605e-03	4.56312	5.24371	4.59020e-05
1.76513e+04	1.21573e-02	9.72881e-03	4.51583	3.61696	4.59020e-05
1.76979e+04	1.21569e-02	8.42950e-03	2.98065	4.69421	4.59020e-05
1.77445e+04	1.21616e-02	8.72110e-03	3.81709	5.58052	4.59020e-05
1.77911e+04	1.21566e-02	7.23385e-03	5.85522	0.26947	4.59020e-05
1.78377e+04	1.21577e-02	9.06483e-03	1.31856	1.43728	4.59020e-05
1.78842e+04	1.21606e-02	8.15062e-03	5.05406	2.35881	4.59020e-05
1.79308e+04	1.21572e-02	1.21404e-02	4.94894	3.10803	4.59020e-05
1.79774e+04	1.21577e-02	1.19743e-02	4.55718	4.46915	4.59020e-05
1.80240e+04	1.21578e-02	9.17310e-03	5.39717	5.44193	4.59020e-05
1.80706e+04	1.21593e-02	9.85223e-03	4.25028	5.87475	4.59020e-05
1.81172e+04	1.21573e-02	1.25573e-02	2.87054	0.07704	4.59020e-05
1.81638e+04	1.21576e-02	6.35960e-03	3.56410	1.05085	4.59020e-05
1.82103e+04	1.21575e-02	9.65018e-03	0.97697	2.43246	4.59020e-05
1.82569e+04	1.21584e-02	7.52117e-03	1.93061	3.95042	4.59020e-05
1.83035e+04	1.21571e-02	7.38577e-03	3.29988	5.14776	4.59020e-05
1.83501e+04	1.21565e-02	9.78389e-03	3.15924	5.81420	4.59020e-05
1.83967e+04	1.21577e-02	8.36664e-03	5.31042	1.14306	4.59020e-05
1.84433e+04	1.21567e-02	6.35536e-03	2.01601	2.08234	4.59020e-05
1.84899e+04	1.21571e-02	4.94969e-03	6.26283	3.22298	4.59020e-05
1.85364e+04	1.21572e-02	3.43889e-03	3.94858	3.27767	4.59020e-05
1.85830e+04	1.21573e-02	4.22995e-03	4.74652	4.34516	4.59020e-05
1.86296e+04	1.21579e-02	9.89158e-03	4.89763	5.83262	4.59020e-05
1.86762e+04	1.21568e-02	6.03584e-03	1.93579	0.28257	4.59020e-05
1.87228e+04	1.21614e-02	1.00461e-02	4.63304	1.29149	4.59020e-05
1.87694e+04	1.21581e-02	1.06269e-02	3.98450	3.05421	4.59020e-05
1.88160e+04	1.21569e-02	1.06429e-02	5.64789	4.01592	4.59020e-05
1.88625e+04	1.21568e-02	8.52919e-03	6.23878	5.13037	4.59020e-05
1.89091e+04	1.21570e-02	1.14452e-02	2.65093	6.26672	4.59020e-05
1.89557e+04	1.21571e-02	1.16709e-02	5.89510	1.08237	4.59020e-05
1.90023e+04	1.21580e-02	9.06616e-03	2.26517	2.18439	4.59020e-05
1.90489e+04	1.21591e-02	9.65981e-03	0.98763	3.13010	4.59020e-05
1.90955e+04	1.21562e-02	6.86626e-03	2.06220	4.42564	4.59020e-05
1.91421e+04	1.21577e-02	4.12256e-03	0.55322	5.32775	4.59020e-05
1.91886e+04	1.21572e-02	6.59509e-03	4.43094	0.37822	4.59020e-05
1.92352e+04	1.21571e-02	7.68627e-03	0.97948	1.49566	4.59020e-05
1.92818e+04	1.21561e-02	4.58282e-03	4.53581	2.94128	4.59020e-05
1.93284e+04	1.21568e-02	5.98625e-03	5.85988	4.07389	4.59020e-05
1.93750e+04	1.21587e-02	5.40984e-03	1.08179	5.66617	4.59020e-05
1.94216e+04	1.21588e-02	7.86728e-03	4.65171	5.98170	4.59020e-05
1.94682e+04	1.21584e-02	9.05666e-03	2.29361	6.17166	4.59020e-05
1.95147e+04	1.21588e-02	6.08246e-03	6.02550	0.31314	4.59020e-05
1.95613e+04	1.21573e-02	7.06108e-03	2.93057	1.34931	4.59020e-05
1.96079e+04	1.21567e-02	6.05779e-03	0.98943	2.39875	4.59020e-05
1.96545e+04	1.21568e-02	5.98347e-03	1.31267	3.12232	4.59020e-05
1.97011e+04	1.21594e-02	7.38317e-03	0.43302	3.64057	4.59020e-05
1.97477e+04	1.21569e-02	3.92759e-03	1.32612	3.59490	4.59020e-05
1.97943e+04	1.21572e-02	4.95899e-03	6.03511	5.01499	4.59020e-05
1.98408e+04	1.21564e-02	6.61091e-03	3.51365	6.08303	4.59020e-05
1.98874e+04	1.21570e-02	5.14208e-03	6.17908	0.95614	4.59020e-05
1.99340e+04	1.21580e-02	4.62294e-03	3.79673	1.47149	4.59020e-05
1.99806e+04	1.21577e-02	5.38015e-03	4.79216	1.73240	4.59020e-05
2.00272e+04	1.21579e-02	5.39059e-03	2.54505	2.38591	4.59020e-05
2.00738e+04	1.21577e-02	4.10398e-03	4.06215	3.21909	4.59020e-05
2.01203e+04	1.21578e-02	2.13118e-03	0.37676	4.39844	4.59020e-05
2.01669e+04	1.21574e-02	5.89807e-03	1.98799	5.81492	4.59020e-05
2.02135e+04	1.21576e-02	4.26945e-03	0.58523	1.10413	4.59020e-05
2.02601e+04	1.21585e-02	4.28616e-03	2.20671	2.26322	4.59020e-05
2.03067e+04	1.21614e-02	2.90902e-03	0.92982	2.72169	4.59020e-05
2.03533e+04	1.21602e-02	4.97082e-03	0.64755	0.25556	4.59020e-05
2.03999e+04	1.21576e-02	5.04798e-03	2.54446	0.97024	4.59020e-05
2.04464e+04	1.21575e-02	5.22457e-03	4.23313	2.54459	4.59020e-05
2.04930e+04	1.21568e-02	5.45786e-03	0.69386	3.89292	4.59020e-05
2.05396e+04	1.21565e-02	4.42103e-03	5.32707	5.61876	4.59020e-05
2.05862e+04	1.21577e-02	4.37697e-03	0.73725	0.29310	4.59020e-05
2.06328e+04	1.21573e-02	6.09355e-03	3.50434	1.74903	4.59020e-05
2.06794e+04	1.21569e-02	2.22807e-03	1.61949	3.29339	4.59020e-05
2.07260e+04	1.21571e-02	3.73306e-03	1.34382	0.04823	4.59020e-05
2.07725e+04	1.21563e-02	3.91048e-03	1.31591	1.20758	4.59020e-05
2.08191e+04	1.21588e-02	6.82613e-03	1.75399	2.43536	4.59020e-05
2.08657e+04	1.21559e-02	7.47312e-03	2.48017	3.05142	4.59020e-05
2.09123e+04	1.21563e-02	8.67416e-03	3.65957	4.05907	4.59020e-05
2.09589e+04	1.21560e-02	9.50471e-03	3.69129	5.33814	4.59020e-05
2.10055e+04	1.21571e-02	1.04363e-02	3.73121	0.05252	4.59020e-05
2.10521e+04	1.21573e-02	9.36248e-03	4.52586	1.17520	4.59020e-05
2.10986e+04	1.21560e-02	1.03010e-02	5.02126	2.27428	4.59020e-05
2.11452e+04	1.21580e-02	9.00501e-03	5.74093	3.40111	4.59020e-05
2.11918e+04	1.21562e-02	7.97141e-03	5.64033	4.44393	4.59020e-05
2.12384e+04	1.21584e-02	7.95677e-03	0.26806	5.73674	4.59020e-05
2.12850e+04	1.21570e-02	5.45733e-03	1.02308	0.77745	4.59020e-05
2.13316e+04	1.21554e-02	5.95721e-03	4.78592	1.77302	4.59020e-05
2.13782e+04	1.21594e-02	7.65726e-03	3.33092	2.65131	4.59020e-05
2.14247e+04	1.21572e-02	6.38267e-03	1.01178	3.55843	4.59020e-05
2.14713e+04	1.21599e-02	5.10441e-03	5.08889	4.59133	4.59020e-05
2.15179e+04	1.21559e-02	6.67777e-03	2.05777	5.69925	4.59020e-05
2.15645e+04	1.21564e-02	6.91997e-03	3.90414	0.77907	4.59020e-05
2.16111e+04	1.21574e-02	5.31301e-03	6.27455	1.96743	4.59020e-05
2.16577e+04	1.21563e-02	5.52087e-03	2.78387	3.17388	4.59020e-05
2.17043e+04	1.21576e-02	6.33667e-03	4.12645	4.69077	4.59020e-05
2.17508e+04	1.21567e-02	6.31628e-03	4.76687	6.20911	4.59020e-05
2.17974e+04	1.21587e-02	6.75777e-03	0.66805	0.98384	4.59020e-05
2.18440e+04	1.21566e-02	6.59694e-03	3.23496	1.98492	4.59020e-05
2.18906e+04	1.21571e-02	7.08170e-03	5.86381	3.10065	4.59020e-05
2.19372e+04	1.21577e-02	6.42699e-03	2.54729	3.99413	4.59020e-05
2.19838e+04	1.21563e-02	5.29625e-03	4.81342	5.03930	4.59020e-05
2.20304e+04	1.21562e-02	3.17012e-03	0.28400	6.03183	4.59020e-05
2.20769e+04	1.21570e-02	2.63698e-03	5.70409	0.93467	4.59020e-05
2.21235e+04	1.21558e-02	8.26825e-04	4.08584	1.46906	4.59020e-05
2.21701e+04	1.21592e-02	8.47520e-04	1.76675	2.19233	4.59020e-05
2.22167e+04	1.21597e-02	1.86328e-03	2.86346	5.90478	4.59020e-05
2.22633e+04	1.21575e-02	5.70447e-03	4.76084	6.25130	4.59020e-05
2.23099e+04	1.21595e-02	6.14518e-03	4.95758	1.69441	4.59020e-05
2.23565e+04	1.21571e-02	5.81570e-03	3.37515	2.71089	4.59020e-05
2.24030e+04	1.21572e-02	5.41854e-03	0.30298	3.64832	4.59020e-05
2.24496e+04	1.21564e-02	2.68029e-03	5.04135	4.24463	4.59020e-05
2.24962e+04	1.21569e-02	1.26723e-03	4.14258	5.73163	4.59020e-05
2.25428e+04	1.21607e-02	1.54382e-03	1.84163	4.99913	4.59020e-05
2.25894e+04	1.21585e-02	3.70627e-03	3.67149	5.52938	4.59020e-05
2.26360e+04	1.21594e-02	2.83247e-03	5.32972	0.44038	4.59020e-05
2.26826e+04	1.21558e-02	2.39478e-03	0.49014	2.14286	4.59020e-05
2.27291e+04	1.21565e-02	2.91552e-03	1.63611	3.35922	4.59020e-05
2.27757e+04	1.21565e-02	3.38692e-03	3.30474	4.73370	4.59020e-05
2.28223e+04	1.21568e-02	4.43211e-03	5.22114	5.78292	4.59020e-05
2.28689e+04	1.21568e-02	4.66774e-03	0.86561	0.64418	4.59020e-05
2.29155e+04	1.21558e-02	5.30039e-03	3.43194	1.95327	4.59020e-05
2.29621e+04	1.21567e-02	4.79101e-03	0.11312	2.94826	4.59020e-05
2.30087e+04	1.21566e-02	5.00290e-03	2.70471	4.25870	4.59020e-05
2.30552e+04	1.21560e-02	4.30605e-03	5.48249	5.28975	4.59020e-05
2.31018e+04	1.21602e-02	3.54633e-03	1.45152	0.57272	4.59020e-05
2.31484e+04	1.21566e-02	3.63909e-03	4.16958	1.95544	4.59020e-05
2.31950e+04	1.21557e-02	5.06977e-03	1.21846	3.26148	4.59020e-05
2.32416e+04	1.21559e-02	5.98673e-03	4.24855	4.49659	4.59020e-05
2.32882e+04	1.21574e-02	5.50163e-03	0.80939	5.64976	4.59020e-05
2.33348e+04	1.21567e-02	6.31044e-03	3.84109	0.44697	4.59020e-05
2.33813e+04	1.21563e-02	4.44411e-03	5.31603	1.49305	4.59020e-05
2.34279e+04	1.21567e-02	5.25217e-03	2.06079	2.66012	4.59020e-05
2.34745e+04	1.21565e-02	4.81905e-03	4.56683	3.82091	4.59020e-05
2.35211e+04	1.21595e-02	4.25041e-03	1.32185	5.17850	4.59020e-05
2.35677e+04	1.21561e-02	2.57414e-03	5.30966	0.09257	4.59020e-05
2.36143e+04	1.21555e-02	2.49269e-03	1.59234	1.93306	4.59020e-05
2.36609e+04	1.21558e-02	2.75745e-03	6.05583	2.83113	4.59020e-05
2.37074e+04	1.21559e-02	1.15112e-03	3.07198	3.78325	4.59020e-05
2.37540e+04	1.21563e-02	1.58764e-03	5.65405	5.71469	4.59020e-05
2.38006e+04	1.21600e-02	1.09910e-03	2.96287	0.06769	4.59020e-05
2.38472e+04	1.21562e-02	1.24370e-03	5.33186	0.88611	4.59020e-05
2.38938e+04	1.21575e-02	9.98247e-04	0.16316	0.82074	4.59020e-05
2.39404e+04	1.21566e-02	1.78663e-03	5.06313	5.34656	4.59020e-05
2.39870e+04	1.21568e-02	3.83969e-03	6.00378	0.02673	4.59020e-05
2.40335e+04	1.21561e-02	6.41099e-03	2.05095	1.12334	4.59020e-05
2.40801e+04	1.21577e-02	3.32414e-03	2.80153	2.24037	4.59020e-05
2.41267e+04	1.21600e-02	5.44699e-03	2.38083	4.86721	4.59020e-05
2.41733e+04	1.21580e-02	6.24441e-03	4.53987	3.31282	4.59020e-05
2.42199e+04	1.21573e-02	1.00834e-02	0.96296	5.17763	4.59020e-05
2.42665e+04	1.21573e-02	1.19977e-02	4.78738	6.04892	4.59020e-05
2.43131e+04	1.21552e-02	1.45550e-02	4.83553	0.55513	4.59020e-05
2.43596e+04	1.21605e-02	1.49646e-02	6.16929	1.53402	4.59020e-05
2.44062e+04	1.21561e-02	1.42962e-02	0.67228	2.32910	4.59020e-05
2.44528e+04	1.21561e-02	2.00955e-02	3.32604	3.85673	4.59020e-05
2.44994e+04	1.21540e-02	2.29068e-02	1.09251	4.80322	4.59020e-05
2.45460e+04	1.21558e-02	1.68664e-02	1.87440	5.53907	4.59020e-05
2.45926e+04	1.21577e-02	1.84204e-02	4.00072	5.97578	4.59020e-05
2.46392e+04	1.21565e-02	8.37767e-03	0.87108	1.45671	4.59020e-05
2.46857e+04	1.21587e-02	8.61820e-03	5.83531	2.21065	4.59020e-05
2.47323e+04	1.21543e-02	4.58069e-03	0.32381	1.33524	4.59020e-05
2.47789e+04	1.21533e-02	3.59419e-03	4.04073	1.13655	4.59020e-05
2.48255e+04	1.21552e-02	7.26508e-03	2.51658	4.17260	4.59020e-05
2.48721e+04	1.21544e-02	6.09683e-03	0.53002	3.30525	4.59020e-05
2.49187e+04	1.21552e-02	5.79521e-03	5.44794	2.72571	4.59020e-05
2.49653e+04	1.21541e-02	1.44372e-02	2.61769	3.06866	4.59020e-05
2.50118e+04	1.21545e-02	1.65952e-02	3.29975	3.24100	4.59020e-05
2.50584e+04	1.21540e-02	1.54755e-02	2.06918	2.87495	4.59020e-05
2.51050e+04	1.21512e-02	1.92771e-02	3.25821	3.67481	4.59020e-05
2.51516e+04	1.21513e-02	2.24645e-02	0.38766	3.41166	4.59020e-05
2.51982e+04	1.21530e-02	1.78369e-02	4.66303	3.72693	4.59020e-05
2.52448e+04	1.21535e-02	1.28783e-02	5.42672	4.93073	4.59020e-05
2.52914e+04	1.21526e-02	1.08571e-02	1.78191	4.29017	4.59020e-05
2.53379e+04	1.21523e-02	1.81237e-02	0.92187	2.11025	4.59020e-05
2.53845e+04	1.21483e-02	2.33685e-02	5.42656	0.14577	4.59020e-05
2.54311e+04	1.21459e-02	8.33272e-03	1.83319	3.65475	4.59020e-05
2.54777e+04	1.21515e-02	2.94951e-02	5.80151	3.45519	4.59020e-05
2.55243e+04	1.21501e-02	3.52122e-02	0.73617	4.54834	4.59020e-05
2.55709e+04	1.21454e-02	3.07882e-02	2.10251	4.96947	4.59020e-05
2.56175e+04	1.21468e-02	2.94847e-02	4.07581	5.70300	4.59020e-05
2.56640e+04	1.21469e-02	2.46471e-02	2.29006	0.35794	4.59020e-05
2.57106e+04	1.21426e-02	1.60052e-02	5.35803	1.20588	4.59020e-05
2.57572e+04	1.21434e-02	1.55918e-02	4.20954	2.40572	4.59020e-05
2.58038e+04	1.21422e-02	1.29802e-02	0.50175	3.47268	4.59020e-05
2.58504e+04	1.21431e-02	1.72146e-02	2.15479	4.24353	4.59020e-05
2.58970e+04	1.21433e-02	2.06031e-02	6.06574	5.19981	4.59020e-05
2.59436e+04	1.21431e-02	2.10605e-02	1.84635	6.15193	4.59020e-05
2.59901e+04	1.21407e-02	1.97355e-02	0.40268	0.93083	4.59020e-05
2.60367e+04	1.21382e-02	2.24370e-02	5.80204	1.79593	4.59020e-05
2.60833e+04	1.21392e-02	2.35988e-02	1.98091	1.53956	4.59020e-05
2.61299e+04	1.21392e-02	2.45345e-02	5.30178	2.13505	4.59020e-05
2.61765e+04	1.21382e-02	1.87414e-02	1.35943	3.32351	4.59020e-05
2.62231e+04	1.21378e-02	1.77073e-02	4.21935	4.29536	4.59020e-05
2.62697e+04	1.21368e-02	1.74773e-02	4.41749	5.27237	4.59020e-05
2.63162e+04	1.21324e-02	1.85838e-02	3.26634	5.54210	4.59020e-05
2.63628e+04	1.21347e-02	1.35205e-02	2.81051	5.70040	4.59020e-05
2.64094e+04	1.21346e-02	1.01154e-02	0.96812	6.02875	4.59020e-05
2.64560e+04	1.21372e-02	9.23955e-03	3.22948	0.24541	4.59020e-05
2.65026e+04	1.21319e-02	1.49088e-02	0.32939	4.27134	4.59020e-05
2.65492e+04	1.21290e-02	2.26360e-02	4.52630	4.50782	4.59020e-05
2.65958e+04	1.21333e-02	2.24763e-02	0.84466	5.46551	4.59020e-05
2.66423e+04	1.21323e-02	1.69417e-02	0.38530	0.31447	4.59020e-05
2.66889e+04	1.21319e-02	1.81020e-02	2.31650	1.53015	4.59020e-05
2.67355e+04	1.21310e-02	1.98993e-02	0.30077	2.65570	4.59020e-05
2.67821e+04	1.21208e-02	2.10043e-02	5.56258	3.79761	4.59020e-05
2.68287e+04	1.21192e-02	1.90839e-02	6.01063	4.95296	4.59020e-05
2.68753e+04	1.21229e-02	1.21464e-02	4.77632	6.01124	4.59020e-05
2.69219e+04	1.21280e-02	8.41534e-03	5.88779	0.15441	4.59020e-05
2.69684e+04	1.21270e-02	2.07797e-03	0.12972	2.97932	4.59020e-05
2.70150e+04	1.21255e-02	2.09883e-03	0.27235	4.12092	4.59020e-05
2.70616e+04	1.21222e-02	1.93228e-02	0.12752	1.42749	4.59020e-05
2.71082e+04	1.21190e-02	2.84821e-02	5.97427	2.57148	4.59020e-05
2.71548e+04	1.21174e-02	2.15471e-02	1.24527	0.49626	4.59020e-05
2.72014e+04	1.21172e-02	2.55798e-02	3.76315	3.77475	4.59020e-05
2.72480e+04	1.21137e-02	8.73975e-03	6.12460	1.10889	4.59020e-05
2.72945e+04	1.21185e-02	7.51855e-03	0.53661	2.08021	4.59020e-05
2.73411e+04	1.21204e-02	3.46791e-02	6.09928	1.19594	4.59020e-05
2.73877e+04	1.21120e-02	3.93198e-02	1.19686	3.63715	4.59020e-05
2.74343e+04	1.21122e-02	1.63513e-02	3.80158	0.06827	4.59020e-05
2.74809e+04	1.21134e-02	1.56506e-02	3.10798	0.23160	4.59020e-05
2.75275e+04	1.21150e-02	2.40227e-02	4.38211	0.20982	4.59020e-05
2.75741e+04	1.21132e-02	2.61653e-02	1.25326	6.16568	4.59020e-05
2.76206e+04	1.21154e-02	1.96281e-02	0.66254	0.61254	4.59020e-05
2.76672e+04	1.21115e-02	1.75519e-02	0.51404	0.86286	4.59020e-05
2.77138e+04	1.21089e-02	1.55781e-02	0.41229	2.23280	4.59020e-05
2.77604e+04	1.21116e-02	1.48120e-02	5.18996	5.33999	4.59020e-05
2.78070e+04	1.21110e-02	1.61159e-02	1.91420	5.80508	4.59020e-05
2.78536e+04	1.21026e-02	1.89935e-02	3.01606	0.58836	4.59020e-05
2.79002e+04	1.21030e-02	2.16979e-02	2.64152	1.12067	4.59020e-05
2.79467e+04	1.21051e-02	2.64738e-02	3.89080	2.45546	4.59020e-05
2.79933e+04	1.21096e-02	1.76118e-02	4.93593	0.83330	4.59020e-05
2.80399e+04	1.21002e-02	2.75771e-02	0.69450	3.80542	4.59020e-05
2.80865e+04	1.21052e-02	1.97392e-02	0.51420	1.47471	4.59020e-05
2.81331e+04	1.20988e-02	3.23331e-02	0.66864	5.26717	4.59020e-05
2.81797e+04	1.21026e-02	3.20087e-02	0.60022	1.86279	4.59020e-05
2.82263e+04	1.20988e-02	1.54074e-02	5.42979	5.91583	4.59020e-05
2.82728e+04	1.20936e-02	2.24698e-02	2.93369	4.36508	4.59020e-05
2.83194e+04	1.20972e-02	1.54316e-02	6.14174	5.26907	4.59020e-05
2.83660e+04	1.21014e-02	2.15862e-02	0.01837	2.77664	4.59020e-05
2.84126e+04	1.20965e-02	1.49809e-02	1.27314	3.46653	4.59020e-05
2.84592e+04	1.20917e-02	3.60659e-02	0.07925	2.68513	4.59020e-05
2.85058e+04	1.20891e-02	5.25279e-02	1.51472	4.45013	4.59020e-05
2.85524e+04	1.20930e-02	2.46358e-02	2.08609	5.29228	4.59020e-05
2.85989e+04	1.20968e-02	9.88002e-03	6.24931	1.73072	4.59020e-05
2.86455e+04	1.20895e-02	2.18608e-02	2.10687	2.33288	4.59020e-05
2.86921e+04	1.20876e-02	2.41330e-02	5.51174	3.68828	4.59020e-05
2.87387e+04	1.20896e-02	2.68000e-02	2.95594	0.12202	4.59020e-05
2.87853e+04	1.20849e-02	3.33434e-02	5.55182	2.70751	4.59020e-05
2.88319e+04	1.20846e-02	3.38056e-02	1.53702	3.29761	4.59020e-05
2.88785e+04	1.20857e-02	2.12518e-02	4.06796	3.29143	4.59020e-05
2.89250e+04	1.20834e-02	1.89920e-02	0.78959	5.53416	4.59020e-05
2.89716e+04	1.20794e-02	4.18313e-02	0.12704	5.95448	4.59020e-05
2.90182e+04	1.20816e-02	2.85260e-02	0.78246	1.33685	4.59020e-05
2.90648e+04	1.20845e-02	2.23077e-02	0.65681	2.57280	4.59020e-05
2.91114e+04	1.20833e-02	2.02765e-02	4.88060	3.69269	4.59020e-05
2.91580e+04	1.20804e-02	1.75335e-02	2.50480	0.62279	4.59020e-05
2.92046e+04	1.20764e-02	2.64163e-02	1.92808	4.50574	4.59020e-05
2.92511e+04	1.20732e-02	3.67911e-02	1.19070	2.77831	4.59020e-05
2.92977e+04	1.20745e-02	5.30668e-02	5.96797	4.24231	4.59020e-05
2.93443e+04	1.20743e-02	4.40261e-02	2.43850	4.76998	4.59020e-05
2.93909e+04	1.20724e-02	4.12097e-02	2.08692	5.95894	4.59020e-05
2.94375e+04	1.20763e-02	5.43909e-02	4.96236	0.54066	4.59020e-05
2.94841e+04	1.20660e-02	4.66913e-02	3.46665	0.95034	4.59020e-05
2.95307e+04	1.20794e-02	4.90410e-02	1.03856	1.65025	4.59020e-05
2.95772e+04	1.20661e-02	5.81706e-02	0.86580	2.12785	4.59020e-05
2.96238e+04	1.20655e-02	5.73981e-02	1.34306	2.52059	4.59020e-05
2.96704e+04	1.20657e-02	6.50378e-02	2.29355	3.03974	4.59020e-05
2.97170e+04	1.20728e-02	6.47180e-02	4.57193	3.55262	4.59020e-05
2.97636e+04	1.20729e-02	5.63325e-02	0.60806	3.99901	4.59020e-05
2.98102e+04	1.20579e-02	6.35389e-02	4.71738	4.46562	4.59020e-05
2.98568e+04	1.20693e-02	4.71860e-02	2.01059	4.84644	4.59020e-05
2.99033e+04	1.20699e-02	6.04073e-02	1.18383	5.11915	4.59020e-05
2.99499e+04	1.20580e-02	5.47837e-02	0.71693	5.67056	4.59020e-05
2.99965e+04	1.20614e-02	6.82033e-02	6.25008	5.94801	4.59020e-05
3.00431e+04	1.20714e-02	6.49689e-02	1.77029	0.46490	4.59020e-05
3.00897e+04	1.20692e-02	6.76079e-02	2.04529	0.78837	4.59020e-05
3.01363e+04	1.20549e-02	6.98763e-02	4.76402	1.64563	4.59020e-05
3.01829e+04	1.20653e-02	6.13638e-02	1.26521	1.99636	4.59020e-05
3.02294e+04	1.20669e-02	6.47358e-02	4.84644	2.74717	4.59020e-05
3.02760e+04	1.20545e-02	5.82935e-02	2.83176	3.16731	4.59020e-05
3.03226e+04	1.20548e-02	6.41191e-02	1.85226	3.80031	4.59020e-05
3.03692e+04	1.20521e-02	6.25894e-02	1.03236	4.43774	4.59020e-05
3.04158e+04	1.20600e-02	6.72858e-02	1.04371	5.01703	4.59020e-05
3.04624e+04	1.20532e-02	7.17734e-02	2.35276	5.88568	4.59020e-05
3.05090e+04	1.20578e-02	7.05392e-02	3.32067	0.18017	4.59020e-05
3.05555e+04	1.20547e-02	7.71124e-02	5.88075	1.19577	4.59020e-05
3.06021e+04	1.20487e-02	6.81950e-02	2.40286	1.82296	4.59020e-05
3.06487e+04	1.20476e-02	7.82529e-02	6.22108	2.91945	4.59020e-05
3.06953e+04	1.20442e-02	6.45137e-02	3.72430	3.59341	4.59020e-05
3.07419e+04	1.20501e-02	7.41113e-02	3.10303	4.67635	4.59020e-05
3.07885e+04	1.20517e-02	5.93809e-02	2.38677	5.48931	4.59020e-05
3.08351e+04	1.20442e-02	7.01938e-02	2.40996	0.24825	4.59020e-05
3.08816e+04	1.20515e-02	5.85595e-02	3.59070	1.25577	4.59020e-05
3.09282e+04	1.20501e-02	6.75562e-02	5.56048	2.22161	4.59020e-05
3.09748e+04	1.20518e-02	5.95750e-02	1.49260	3.42689	4.59020e-05
3.10214e+04	1.20509e-02	6.61787e-02	4.61459	4.38643	4.59020e-05
3.10680e+04	1.20492e-02	6.43495e-02	2.74675	5.71829	4.59020e-05
3.11146e+04	1.20339e-02	6.83633e-02	1.01647	0.43110	4.59020e-05
3.11612e+04	1.20504e-02	6.74248e-02	0.22686	1.82845	4.59020e-05
3.12077e+04	1.20441e-02	6.64832e-02	0.32625	2.94150	4.59020e-05
3.12543e+04	1.20350e-02	7.20786e-02	1.36044	4.34456	4.59020e-05
3.13009e+04	1.20372e-02	6.62138e-02	2.78326	5.63929	4.59020e-05
3.13475e+04	1.20410e-02	7.26719e-02	4.91853	0.72471	4.59020e-05
3.13941e+04	1.20327e-02	6.70299e-02	2.36718	2.24876	4.59020e-05
3.14407e+04	1.20439e-02	7.40713e-02	6.21279	3.53733	4.59020e-05
3.14873e+04	1.20362e-02	6.93707e-02	4.78620	5.26816	4.59020e-05
3.15338e+04	1.20392e-02	7.48443e-02	3.84078	0.20102	4.59020e-05
3.15804e+04	1.20304e-02	7.12321e-02	4.56413	2.09462	4.59020e-05
3.16270e+04	1.20255e-02	7.50843e-02	5.61042	3.33271	4.59020e-05
3.16736e+04	1.20284e-02	7.36909e-02	1.19161	5.31986	4.59020e-05
3.17202e+04	1.20333e-02	7.43042e-02	3.77969	0.37064	4.59020e-05
3.17668e+04	1.20365e-02	7.54231e-02	1.46947	2.32765	4.59020e-05
3.18134e+04	1.20305e-02	7.36585e-02	6.13612	3.81778	4.59020e-05
3.18599e+04	1.20252e-02	7.70624e-02	5.39895	5.72634	4.59020e-05
3.19065e+04	1.20314e-02	7.34024e-02	5.16187	1.15924	4.59020e-05
3.19531e+04	1.20314e-02	7.77165e-02	0.01625	2.98951	4.59020e-05
3.19997e+04	1.20342e-02	7.62053e-02	1.91570	4.89080	4.59020e-05
3.20463e+04	1.20358e-02	7.85967e-02	4.86499	0.38763	4.59020e-05
3.20929e+04	1.20196e-02	8.04012e-02	2.24017	2.45811	4.59020e-05
3.21395e+04	1.20293e-02	8.17351e-02	0.43704	4.24808	4.59020e-05
3.21860e+04	1.20207e-02	8.23168e-02	5.99301	0.09513	4.59020e-05
3.22326e+04	1.20184e-02	8.17364e-02	0.24479	1.95158	4.59020e-05
3.22792e+04	1.20306e-02	7.86266e-02	1.45419	4.13045	4.59020e-05
3.23258e+04	1.20196e-02	7.71671e-02	3.39526	6.17142	4.59020e-05
3.23724e+04	1.20176e-02	7.66868e-02	0.03566	2.09346	4.59020e-05
3.24190e+04	1.20119e-02	7.63149e-02	4.17377	4.31811	4.59020e-05
3.24656e+04	1.20222e-02	7.80000e-02	2.99580	0.19191	4.59020e-05
3.25121e+04	1.20166e-02	8.22682e-02	2.82855	2.52604	4.59020e-05
3.25587e+04	1.20132e-02	8.40077e-02	3.55081	4.60089	4.59020e-05
3.26053e+04	1.20098e-02	8.43119e-02	5.29586	0.69645	4.59020e-05
3.26519e+04	1.20119e-02	8.06444e-02	1.74895	2.84296	4.59020e-05
3.26985e+04	1.20080e-02	7.98701e-02	5.52492	5.35198	4.59020e-05
3.27451e+04	1.20186e-02	7.74657e-02	4.09185	1.32643	4.59020e-05
3.27917e+04	1.20080e-02	8.13455e-02	3.68722	3.86589	4.59020e-05
3.28382e+04	1.20091e-02	8.38257e-02	4.28710	6.19183	4.59020e-05
3.28848e+04	1.20170e-02	8.46636e-02	5.72026	2.38181	4.59020e-05
3.29314e+04	1.20143e-02	8.15546e-02	2.03469	4.81210	4.59020e-05
3.29780e+04	1.20137e-02	7.94453e-02	5.76374	1.05598	4.59020e-05
3.30246e+04	1.20073e-02	7.95551e-02	4.25170	3.69661	4.59020e-05
3.30712e+04	1.20037e-02	8.32639e-02	3.97495	6.21287	4.59020e-05
3.31178e+04	1.20093e-02	8.48594e-02	4.52743	2.63969	4.59020e-05
3.31643e+04	1.20045e-02	8.65394e-02	0.06053	5.08927	4.59020e-05
3.32109e+04	1.19934e-02	8.10985e-02	2.65137	1.62088	4.59020e-05
3.32575e+04	1.19955e-02	8.00544e-02	0.07673	4.22211	4.59020e-05
3.33041e+04	1.19996e-02	8.27630e-02	4.95642	0.88089	4.59020e-05
3.33507e+04	1.20074e-02	8.39811e-02	4.73603	3.50801	4.59020e-05
3.33973e+04	1.19994e-02	8.65121e-02	5.89964	0.06472	4.59020e-05
3.34439e+04	1.19946e-02	8.04749e-02	1.66003	2.87730	4.59020e-05
3.34904e+04	1.19899e-02	8.36269e-02	4.78701	5.71318	4.59020e-05
3.35370e+04	1.19934e-02	8.43604e-02	2.71714	2.47536	4.59020e-05
3.35836e+04	1.19952e-02	8.80807e-02	1.88609	5.12504	4.59020e-05
3.36302e+04	1.19940e-02	8.23087e-02	2.34584	1.98801	4.59020e-05
3.36768e+04	1.19914e-02	8.06565e-02	3.93525	4.73587	4.59020e-05
3.37234e+04	1.20012e-02	8.54851e-02	0.58232	1.64424	4.59020e-05
3.37700e+04	1.19884e-02	8.63073e-02	4.80489	4.48094	4.59020e-05
3.38165e+04	1.19874e-02	8.73256e-02	3.80076	1.17639	4.59020e-05
3.38631e+04	1.19877e-02	7.99263e-02	3.86757	4.30610	4.59020e-05
3.39097e+04	1.19902e-02	8.44449e-02	5.00205	0.99281	4.59020e-05
3.39563e+04	1.19834e-02	8.80695e-02	1.22860	4.20959	4.59020e-05
3.40029e+04	1.19923e-02	8.53350e-02	4.98905	0.82971	4.59020e-05
3.40495e+04	1.19816e-02	8.36409e-02	3.59860	4.14479	4.59020e-05
3.40961e+04	1.19944e-02	8.34645e-02	3.61369	0.94609	4.59020e-05
3.41426e+04	1.19824e-02	8.89180e-02	4.87494	4.17078	4.59020e-05
3.41892e+04	1.19850e-02	8.37029e-02	1.11133	0.99783	4.59020e-05
3.42358e+04	1.19796e-02	8.35133e-02	4.92538	4.31192	4.59020e-05
3.42824e+04	1.19886e-02	8.58339e-02	3.53659	1.31220	4.59020e-05
3.43290e+04	1.19808e-02	8.96522e-02	3.62648	4.45200	4.59020e-05
3.43756e+04	1.19898e-02	8.21673e-02	4.77049	1.59001	4.59020e-05
3.44221e+04	1.19785e-02	8.49212e-02	1.01141	4.78123	4.59020e-05
3.44687e+04	1.19722e-02	9.08102e-02	4.89878	2.02062	4.59020e-05
3.45153e+04	1.19735e-02	8.61220e-02	3.67608	5.15865	4.59020e-05
3.45619e+04	1.19723e-02	8.55933e-02	3.80451	2.43206	4.59020e-05
3.46085e+04	1.19754e-02	8.79878e-02	5.28279	5.81749	4.59020e-05
3.46551e+04	1.19812e-02	8.94288e-02	1.86350	2.85497	4.59020e-05
3.47017e+04	1.19728e-02	8.33804e-02	5.92678	0.12831	4.59020e-05
3.47482e+04	1.19675e-02	8.77033e-02	5.03522	3.55911	4.59020e-05
3.47948e+04	1.19702e-02	9.03836e-02	5.59313	0.80670	4.59020e-05
3.48414e+04	1.19682e-02	8.46867e-02	1.41666	4.20301	4.59020e-05
3.48880e+04	1.19687e-02	8.67056e-02	4.56100	1.62714	4.59020e-05
3.49346e+04	1.19788e-02	8.88542e-02	2.94158	5.02948	4.59020e-05
3.49812e+04	1.19680e-02	8.67971e-02	2.78063	2.35227	4.59020e-05
3.50278e+04	1.19756e-02	8.42981e-02	3.71274	5.99348	4.59020e-05
3.50743e+04	1.19713e-02	9.12713e-02	0.09058	3.20579	4.59020e-05
3.51209e+04	1.19732e-02	8.54803e-02	4.02045	0.63777	4.59020e-05
3.51675e+04	1.19718e-02	8.53110e-02	2.90094	4.20266	4.59020e-05
3.52141e+04	1.19643e-02	9.14610e-02	3.35164	1.66473	4.59020e-05
3.52607e+04	1.19627e-02	8.64231e-02	5.22909	5.22178	4.59020e-05
3.53073e+04	1.19696e-02	8.61925e-02	2.06659	2.77557	4.59020e-05
3.53539e+04	1.19710e-02	8.97344e-02	0.47453	0.13685	4.59020e-05
3.54004e+04	1.19613e-02	8.71229e-02	0.32095	3.85331	4.59020e-05
3.54470e+04	1.19558e-02	8.71793e-02	1.43296	1.45164	4.59020e-05
3.54936e+04	1.19645e-02	9.15824e-02	4.00602	5.06484	4.59020e-05
3.55402e+04	1.19527e-02	8.63038e-02	1.89644	2.71350	4.59020e-05
3.55868e+04	1.19526e-02	8.87619e-02	1.11733	0.17386	4.59020e-05
3.56334e+04	1.19534e-02	9.20071e-02	1.78770	4.02627	4.59020e-05
3.56800e+04	1.19548e-02	8.44792e-02	3.97493	1.55634	4.59020e-05
3.57265e+04	1.19634e-02	9.12004e-02	1.26594	5.48691	4.59020e-05
3.57731e+04	1.19534e-02	8.92423e-02	0.11795	3.01646	4.59020e-05
3.58197e+04	1.19484e-02	8.69731e-02	0.33764	0.63565	4.59020e-05
3.58663e+04	1.19524e-02	9.16673e-02	2.16354	4.66826	4.59020e-05
3.59129e+04	1.19475e-02	8.88292e-02	5.45511	2.10371	4.59020e-05
3.59595e+04	1.19523e-02	8.81703e-02	3.94051	6.26545	4.59020e-05
3.60061e+04	1.19575e-02	9.15397e-02	4.05817	3.78254	4.59020e-05
3.60526e+04	1.19522e-02	8.64424e-02	5.59260	1.51212	4.59020e-05
3.60992e+04	1.19416e-02	9.09279e-02	2.22544	5.55001	4.59020e-05
3.61458e+04	1.19468e-02	9.19659e-02	0.79665	3.15467	4.59020e-05
3.61924e+04	1.19477e-02	8.53413e-02	0.41218	1.03806	4.59020e-05
3.62390e+04	1.19458e-02	9.36775e-02	1.79639	4.93843	4.59020e-05
3.62856e+04	1.19403e-02	8.73335e-02	4.64735	2.78426	4.59020e-05
3.63322e+04	1.19348e-02	9.00911e-02	2.82748	0.54716	4.59020e-05
3.63787e+04	1.19376e-02	9.33937e-02	2.47282	4.59192	4.59020e-05
3.64253e+04	1.19477e-02	8.45802e-02	3.62409	2.42346	4.59020e-05
3.64719e+04	1.19346e-02	9.47848e-02	0.19708	0.24857	4.59020e-05
3.65185e+04	1.19504e-02	8.64368e-02	4.46584	4.33289	4.59020e-05
3.65651e+04	1.19338e-02	9.01254e-02	4.05383	2.19847	4.59020e-05
3.66117e+04	1.19322e-02	9.25732e-02	5.20152	0.07944	4.59020e-05
3.66583e+04	1.19354e-02	8.66029e-02	1.65414	4.18672	4.59020e-05
3.67048e+04	1.19407e-02	9.38342e-02	5.83952	2.14352	4.59020e-05
3.67514e+04	1.19317e-02	8.80858e-02	5.44839	6.22867	4.59020e-05
3.67980e+04	1.19279e-02	9.13402e-02	0.39263	4.23862	4.59020e-05
3.68446e+04	1.19290e-02	9.28275e-02	3.15415	2.09861	4.59020e-05
3.68912e+04	1.19305e-02	8.76161e-02	1.16034	0.02181	4.59020e-05
3.69378e+04	1.19241e-02	9.42017e-02	1.09397	4.33536	4.59020e-05
3.69844e+04	1.19251e-02	8.94558e-02	2.42605	2.16528	4.59020e-05
3.70309e+04	1.19241e-02	9.21700e-02	5.22661	0.27533	4.59020e-05
3.70775e+04	1.19242e-02	9.19704e-02	3.71651	4.42243	4.59020e-05
3.71241e+04	1.19288e-02	8.93168e-02	3.47328	2.52513	4.59020e-05
3.71707e+04	1.19248e-02	9.31710e-02	5.00038	0.49650	4.59020e-05
3.72173e+04	1.19208e-02	8.88132e-02	1.83156	4.77270	4.59020e-05
3.72639e+04	1.19202e-02	9.31619e-02	0.26526	2.90978	4.59020e-05
3.73105e+04	1.19304e-02	8.93472e-02	0.43431	0.83192	4.59020e-05
3.73570e+04	1.19190e-02	9.13159e-02	2.08505	5.32118	4.59020e-05
3.74036e+04	1.19305e-02	9.18134e-02	5.42869	3.25626	4.59020e-05
3.74502e+04	1.19190e-02	8.85412e-02	4.10645	1.44502	4.59020e-05
3.74968e+04	1.19126e-02	9.39992e-02	4.46502	5.78453	4.59020e-05
3.75434e+04	1.19165e-02	8.90083e-02	0.14008	3.85639	4.59020e-05
3.75900e+04	1.19139e-02	9.40269e-02	3.60377	2.04886	4.59020e-05
3.76366e+04	1.19256e-02	8.89205e-02	2.91539	0.04178	4.59020e-05
3.76831e+04	1.19077e-02	9.30761e-02	3.51503	4.60401	4.59020e-05
3.77297e+04	1.19132e-02	9.26414e-02	6.01728	2.58907	4.59020e-05
3.77763e+04	1.19180e-02	9.02825e-02	3.79425	0.86403	4.59020e-05
3.78229e+04	1.19179e-02	9.26146e-02	3.34223	5.23665	4.59020e-05
3.78695e+04	1.19132e-02	9.01510e-02	4.51757	3.42577	4.59020e-05
3.79161e+04	1.19029e-02	9.43158e-02	0.92649	1.62827	4.59020e-05
3.79627e+04	1.19153e-02	8.89017e-02	5.41059	6.04434	4.59020e-05
3.80092e+04	1.19047e-02	9.36044e-02	5.04141	4.35422	4.59020e-05
3.80558e+04	1.19040e-02	9.07812e-02	0.39724	2.43799	4.59020e-05
3.81024e+04	1.19044e-02	9.30741e-02	3.45422	0.76883	4.59020e-05
3.81490e+04	1.19029e-02	9.22083e-02	2.15890	5.18609	4.59020e-05
3.81956e+04	1.19028e-02	9.19193e-02	2.54016	3.49590	4.59020e-05
3.82422e+04	1.19076e-02	9.34849e-02	4.60747	1.69497	4.59020e-05
3.82888e+04	1.19009e-02	8.98961e-02	2.10870	6.22788	4.59020e-05
3.83353e+04	1.18978e-02	9.51722e-02	1.27594	4.52544	4.59020e-05
3.83819e+04	1.18981e-02	8.91602e-02	2.12356	2.74806	4.59020e-05
3.84285e+04	1.18966e-02	9.54160e-02	4.60800	1.09443	4.59020e-05
3.84751e+04	1.18932e-02	8.99604e-02	2.42544	5.59706	4.59020e-05
3.85217e+04	1.19064e-02	9.42833e-02	2.06559	3.94911	4.59020e-05
3.85683e+04	1.18937e-02	9.07767e-02	3.68702	2.21034	4.59020e-05
3.86149e+04	1.19052e-02	9.28379e-02	0.56363	0.55449	4.59020e-05
3.86614e+04	1.19032e-02	9.15115e-02	5.58470	5.14206	4.59020e-05
3.87080e+04	1.19025e-02	9.15132e-02	5.88847	3.46914	4.59020e-05
3.87546e+04	1.19024e-02	9.26086e-02	1.58257	1.80001	4.59020e-05
3.88012e+04	1.18875e-02	9.12385e-02	5.16994	0.17161	4.59020e-05
3.88478e+04	1.18955e-02	9.44163e-02	4.35189	4.75945	4.59020e-05
3.88944e+04	1.18850e-02	9.14791e-02	5.16847	3.17799	4.59020e-05
3.89410e+04	1.18838e-02	9.48984e-02	1.68103	1.46172	4.59020e-05
3.89875e+04	1.18851e-02	9.06601e-02	6.10114	6.22270	4.59020e-05
3.90341e+04	1.18827e-02	9.55063e-02	5.94321	4.51831	4.59020e-05
3.90807e+04	1.18840e-02	9.05630e-02	1.09861	2.97083	4.59020e-05
3.91273e+04	1.18865e-02	9.46335e-02	4.35030	1.32416	4.59020e-05
3.91739e+04	1.18871e-02	9.02595e-02	3.09960	6.03032	4.59020e-05
3.92205e+04	1.18799e-02	9.52908e-02	3.58127	4.46391	4.59020e-05
3.92671e+04	1.18814e-02	9.13132e-02	5.95923	2.82572	4.59020e-05
3.93136e+04	1.18771e-02	9.46677e-02	3.71351	1.33272	4.59020e-05
3.93602e+04	1.18831e-02	9.13475e-02	3.30908	5.95287	4.59020e-05
3.94068e+04	1.18827e-02	9.43338e-02	4.32430	4.49384	4.59020e-05
3.94534e+04	1.18799e-02	9.17548e-02	0.98686	2.84400	4.59020e-05
3.95000e+04	1.18740e-02	9.45566e-02	5.63823	1.37262	4.59020e-05
3.95466e+04	1.18767e-02	9.26076e-02	5.89620	6.06313	4.59020e-05
3.95932e+04	1.18713e-02	9.37283e-02	1.60521	4.55925	4.59020e-05
3.96397e+04	1.18757e-02	9.31045e-02	5.35607	3.00851	4.59020e-05
3.96863e+04	1.18810e-02	9.18588e-02	4.40478	1.49792	4.59020e-05
3.97329e+04	1.18692e-02	9.43221e-02	5.23033	6.25139	4.59020e-05
3.97795e+04	1.18778e-02	9.19476e-02	1.57770	4.75775	4.59020e-05
3.98261e+04	1.18756e-02	9.45243e-02	6.18891	3.21438	4.59020e-05
3.98727e+04	1.18750e-02	9.12110e-02	6.18124	1.77041	4.59020e-05
3.99193e+04	1.18786e-02	9.48630e-02	1.65968	0.19686	4.59020e-05
3.99658e+04	1.18671e-02	9.15242e-02	4.88344	5.08328	4.59020e-05
4.00124e+04	1.18735e-02	9.47805e-02	3.79971	3.49665	4.59020e-05
4.00590e+04	1.18633e-02	9.17858e-02	4.47626	2.10949	4.59020e-05
4.01056e+04	1.18621e-02	9.56763e-02	0.85933	0.56416	4.59020e-05
4.01522e+04	1.18656e-02	9.15793e-02	5.13936	5.42808	4.59020e-05
4.01988e+04	1.18623e-02	9.55092e-02	4.75829	3.93699	4.59020e-05
4.02454e+04	1.18606e-02	9.13569e-02	6.12822	2.48051	4.59020e-05
4.02919e+04	1.18628e-02	9.58728e-02	3.08235	1.03935	4.59020e-05
4.03385e+04	1.18599e-02	9.15833e-02	1.85608	5.85072	4.59020e-05
4.03851e+04	1.18573e-02	9.59661e-02	2.37555	4.43527	4.59020e-05
4.04317e+04	1.18568e-02	9.05679e-02	4.61740	2.97027	4.59020e-05
4.04783e+04	1.18559e-02	9.60588e-02	2.23276	1.54477	4.59020e-05
4.05249e+04	1.18564e-02	9.09796e-02	1.60892	0.13058	4.59020e-05
4.05715e+04	1.18572e-02	9.67230e-02	2.97957	4.94810	4.59020e-05
4.06180e+04	1.18554e-02	9.11022e-02	5.96294	3.58227	4.59020e-05
4.06646e+04	1.18479e-02	9.62978e-02	4.48518	2.10796	4.59020e-05
4.07112e+04	1.18519e-02	9.13882e-02	4.63866	0.75047	4.59020e-05
4.07578e+04	1.18506e-02	9.62315e-02	0.35175	5.58344	4.59020e-05
4.08044e+04	1.18476e-02	9.17852e-02	4.31281	4.20375	4.59020e-05
4.08510e+04	1.18565e-02	9.53339e-02	3.60382	2.80095	4.59020e-05
4.08976e+04	1.18450e-02	9.16041e-02	4.62689	1.39000	4.59020e-05
4.09441e+04	1.18587e-02	9.53931e-02	1.01338	0.02906	4.59020e-05
4.09907e+04	1.18557e-02	9.06938e-02	5.58370	4.88023	4.59020e-05
4.10373e+04	1.18567e-02	9.56852e-02	5.62900	3.54174	4.59020e-05
4.10839e+04	1.18543e-02	9.06001e-02	1.17924	2.12726	4.59020e-05
4.11305e+04	1.18442e-02	9.65936e-02	4.66257	0.76658	4.59020e-05
4.11771e+04	1.18503e-02	9.05704e-02	3.57270	5.68014	4.59020e-05
4.12237e+04	1.18412e-02	9.67039e-02	4.47634	4.28839	4.59020e-05
4.12702e+04	1.18375e-02	9.14677e-02	0.78527	2.96667	4.59020e-05
4.13168e+04	1.18412e-02	9.63484e-02	5.07638	1.55214	4.59020e-05
4.13634e+04	1.18385e-02	9.13143e-02	4.66351	0.24451	4.59020e-05
4.14100e+04	1.18393e-02	9.60843e-02	6.10985	5.12070	4.59020e-05
4.14566e+04	1.18396e-02	9.20259e-02	3.21232	3.80563	4.59020e-05
4.15032e+04	1.18372e-02	9.63161e-02	1.96391	2.43996	4.59020e-05
4.15498e+04	1.18329e-02	9.21190e-02	2.36639	1.09243	4.59020e-05
4.15963e+04	1.18333e-02	9.60067e-02	4.50293	6.04047	4.59020e-05
4.16429e+04	1.18282e-02	9.23011e-02	2.12927	4.68751	4.59020e-05
4.16895e+04	1.18349e-02	9.60690e-02	1.59664	3.36638	4.59020e-05
4.17361e+04	1.18357e-02	9.20752e-02	2.78359	2.02097	4.59020e-05
4.17827e+04	1.18271e-02	9.66335e-02	5.54888	0.68157	4.59020e-05
4.18293e+04	1.18285e-02	9.23046e-02	3.82559	5.66460	4.59020e-05
4.18759e+04	1.18303e-02	9.59622e-02	4.08444	4.29081	4.59020e-05
4.19224e+04	1.18266e-02	9.25492e-02	5.76662	3.03714	4.59020e-05
4.19690e+04	1.18225e-02	9.61385e-02	2.84506	1.63296	4.59020e-05
4.20156e+04	1.18328e-02	9.24593e-02	1.71599	0.39385	4.59020e-05
4.20622e+04	1.18231e-02	9.56160e-02	2.62246	5.28444	4.59020e-05
4.21088e+04	1.18309e-02	9.24768e-02	4.94838	4.04015	4.59020e-05
4.21554e+04	1.18336e-02	9.40557e-02	2.64403	2.67287	4.59020e-05
4.22020e+04	1.18302e-02	9.29255e-02	2.07013	1.40306	4.59020e-05
4.22485e+04	1.18255e-02	9.45912e-02	3.41056	0.06834	4.59020e-05
4.22951e+04	1.18183e-02	9.39715e-02	0.13562	5.06495	4.59020e-05
4.23417e+04	1.18303e-02	9.38087e-02	4.78171	3.74647	4.59020e-05
4.23883e+04	1.18170e-02	9.40134e-02	4.62270	2.46643	4.59020e-05
4.24349e+04	1.18165e-02	9.47948e-02	0.12296	1.13259	4.59020e-05
4.24815e+04	1.18184e-02	9.44570e-02	3.66031	6.15843	4.59020e-05
4.25281e+04	1.18156e-02	9.44311e-02	2.63757	4.80412	4.59020e-05
4.25746e+04	1.18134e-02	9.44975e-02	2.96961	3.58042	4.59020e-05
4.26212e+04	1.18212e-02	9.34554e-02	5.24585	2.20668	4.59020e-05
4.26678e+04	1.18095e-02	9.53989e-02	2.85369	0.99730	4.59020e-05
4.27144e+04	1.18142e-02	9.33811e-02	2.13293	5.91054	4.59020e-05
4.27610e+04	1.18160e-02	9.51929e-02	2.97619	4.68232	4.59020e-05
4.28076e+04	1.18121e-02	9.32961e-02	5.65471	3.34485	4.59020e-05
4.28542e+04	1.18062e-02	9.57198e-02	3.67754	2.09759	4.59020e-05
4.29007e+04	1.18135e-02	9.27685e-02	3.27019	0.78826	4.59020e-05
4.29473e+04	1.18069e-02	9.58789e-02	4.46872	5.79696	4.59020e-05
4.29939e+04	1.18129e-02	9.22157e-02	1.13986	4.50481	4.59020e-05
4.30405e+04	1.18155e-02	9.54004e-02	5.71318	3.22333	4.59020e-05
4.30871e+04	1.18137e-02	9.20476e-02	5.57315	1.93711	4.59020e-05
4.31337e+04	1.18107e-02	9.53792e-02	0.71436	0.66673	4.59020e-05
4.31803e+04	1.18029e-02	9.28145e-02	3.91825	5.64788	4.59020e-05
4.32268e+04	1.18072e-02	9.60689e-02	2.42626	4.39791	4.59020e-05
4.32734e+04	1.18017e-02	9.21723e-02	2.51580	3.08369	4.59020e-05
4.33200e+04	1.18040e-02	9.62802e-02	4.25336	1.83596	4.59020e-05
4.33666e+04	1.18072e-02	9.19562e-02	1.38262	0.52939	4.59020e-05
4.34132e+04	1.17971e-02	9.69015e-02	0.00767	5.55480	4.59020e-05
4.34598e+04	1.17950e-02	9.23375e-02	0.13666	4.26513	4.59020e-05
4.35064e+04	1.18020e-02	9.61525e-02	1.94735	2.98068	4.59020e-05
4.35529e+04	1.17906e-02	9.26029e-02	5.35266	1.73121	4.59020e-05
4.35995e+04	1.17947e-02	9.65497e-02	3.95213	0.41101	4.59020e-05
4.36461e+04	1.18009e-02	9.17859e-02	4.01473	5.46441	4.59020e-05
4.36927e+04	1.17982e-02	9.59973e-02	5.87554	4.13236	4.59020e-05
4.37393e+04	1.17923e-02	9.28473e-02	2.92551	2.90990	4.59020e-05
4.37859e+04	1.17924e-02	9.57635e-02	1.42091	1.57893	4.59020e-05
4.38325e+04	1.18003e-02	9.28153e-02	1.41792	0.34453	4.59020e-05
4.38790e+04	1.17918e-02	9.57949e-02	3.23699	5.31802	4.59020e-05
4.39256e+04	1.17873e-02	9.31998e-02	0.04596	4.05944	4.59020e-05
4.39722e+04	1.17877e-02	9.51695e-02	4.58809	2.75511	4.59020e-05
4.40188e+04	1.17881e-02	9.37039e-02	4.50147	1.49998	4.59020e-05
4.40654e+04	1.17934e-02	9.44466e-02	5.97074	0.19263	4.59020e-05
4.41120e+04	1.17827e-02	9.37562e-02	2.40401	5.23028	4.59020e-05
4.41586e+04	1.17929e-02	9.45052e-02	0.49567	3.90212	4.59020e-05
4.42051e+04	1.17787e-02	9.46057e-02	0.14242	2.67321	4.59020e-05
4.42517e+04	1.17817e-02	9.45740e-02	1.13233	1.31960	4.59020e-05
4.42983e+04	1.17792e-02	9.48511e-02	3.36938	0.11143	4.59020e-05
4.43449e+04	1.17875e-02	9.38038e-02	1.15946	5.02976	4.59020e-05
4.43915e+04	1.17811e-02	9.46121e-02	0.03820	3.81863	4.59020e-05
4.44381e+04	1.17772e-02	9.42951e-02	0.42914	2.45703	4.59020e-05
4.44847e+04	1.17773e-02	9.51447e-02	2.23794	1.22895	4.59020e-05
4.45312e+04	1.17741e-02	9.41026e-02	5.62000	6.16664	4.59020e-05
4.45778e+04	1.17785e-02	9.51444e-02	3.87094	4.91375	4.59020e-05
4.46244e+04	1.17747e-02	9.36742e-02	3.63083	3.59195	4.59020e-05
4.46710e+04	1.17730e-02	9.53097e-02	4.67439	2.31789	4.59020e-05
4.47176e+04	1.17849e-02	9.27189e-02	0.90741	0.99296	4.59020e-05
4.47642e+04	1.17707e-02	9.54805e-02	4.59109	6.00497	4.59020e-05
4.48108e+04	1.17726e-02	9.34045e-02	3.39927	4.66802	4.59020e-05
4.48573e+04	1.17734e-02	9.55435e-02	3.64257	3.40691	4.59020e-05
4.49039e+04	1.17678e-02	9.33038e-02	5.16430	2.05250	4.59020e-05
4.49505e+04	1.17679e-02	9.57831e-02	1.46059	0.80096	4.59020e-05
4.49971e+04	1.17671e-02	9.33723e-02	5.74744	5.70874	4.59020e-05
4.50437e+04	1.17684e-02	9.58549e-02	4.70322	4.46059	4.59020e-05
4.50903e+04	1.17764e-02	9.22407e-02	4.87041	3.08374	4.59020e-05
4.51369e+04	1.17655e-02	9.62762e-02	0.19223	1.82303	4.59020e-05
4.51834e+04	1.17618e-02	9.25253e-02	3.06486	0.45336	4.59020e-05
4.52300e+04	1.17610e-02	9.66288e-02	0.63131	5.45368	4.59020e-05
4.52766e+04	1.17721e-02	9.20279e-02	5.93165	4.09487	4.59020e-05
4.53232e+04	1.17650e-02	9.60262e-02	6.05414	2.79194	4.59020e-05
4.53698e+04	1.17624e-02	9.22969e-02	1.04317	1.44114	4.59020e-05
4.54164e+04	1.17567e-02	9.64155e-02	3.45832	0.12644	4.59020e-05
4.54630e+04	1.17558e-02	9.28807e-02	0.90538	5.05325	4.59020e-05
4.55095e+04	1.17573e-02	9.65394e-02	5.72035	3.73452	4.59020e-05
4.55561e+04	1.17606e-02	9.19847e-02	5.23038	2.35988	4.59020e-05
4.56027e+04	1.17580e-02	9.62558e-02	5.93047	1.04804	4.59020e-05
4.56493e+04	1.17656e-02	9.15684e-02	1.66995	5.93964	4.59020e-05
4.56959e+04	1.17550e-02	9.61589e-02	4.50932	4.63373	4.59020e-05
4.57425e+04	1.17543e-02	9.26189e-02	2.30339	3.22605	4.59020e-05
4.57891e+04	1.17643e-02	9.56100e-02	1.07174	1.91833	4.59020e-05
4.58356e+04	1.17597e-02	9.19463e-02	0.76910	0.49865	4.59020e-05
4.58822e+04	1.17481e-02	9.68089e-02	1.64158	5.46023	4.59020e-05
4.59288e+04	1.17493e-02	9.23334e-02	3.58342	4.04944	4.59020e-05
4.59754e+04	1.17596e-02	9.53513e-02	6.28223	2.70333	4.59020e-05
4.60220e+04	1.17459e-02	9.24216e-02	3.79240	1.29910	4.59020e-05
4.60686e+04	1.17474e-02	9.63206e-02	2.28446	6.22052	4.59020e-05
4.61152e+04	1.17569e-02	9.21208e-02	1.77197	4.80544	4.59020e-05
4.61617e+04	1.17552e-02	9.54056e-02	1.98072	3.43491	4.59020e-05
4.62083e+04	1.17480e-02	9.25684e-02	3.30194	2.00587	4.59020e-05
4.62549e+04	1.17472e-02	9.55847e-02	5.45928	0.63945	4.59020e-05
4.63015e+04	1.17546e-02	9.18050e-02	2.12898	5.47010	4.59020e-05
4.63481e+04	1.17451e-02	9.55758e-02	5.98109	4.11190	4.59020e-05
4.63947e+04	1.17471e-02	9.24928e-02	4.45532	2.63719	4.59020e-05
4.64413e+04	1.17457e-02	9.53180e-02	3.47709	1.27415	4.59020e-05
4.64878e+04	1.17453e-02	9.29412e-02	3.72410	6.06222	4.59020e-05
4.65344e+04	1.17434e-02	9.50599e-02	4.44506	4.70013	4.59020e-05
4.65810e+04	1.17399e-02	9.29267e-02	6.00218	3.19368	4.59020e-05
