# t	a	e	mean_anomaly	varpi	mass/M_star
0.00000e+00	1.66440e-02	5.84014e-03	4.99424	3.24492	4.36970e-05
4.65857e+01	1.66408e-02	3.16168e-03	4.44393	5.98079	4.36970e-05
9.31714e+01	1.66398e-02	5.98931e-03	0.86004	4.85185	4.36970e-05
1.39757e+02	1.66353e-02	2.13985e-03	5.94759	2.57913	4.36970e-05
1.86343e+02	1.66383e-02	8.31702e-03	3.89017	0.69281	4.36970e-05
2.32928e+02	1.66378e-02	5.67035e-04	1.64146	5.74260	4.36970e-05
2.79514e+02	1.66412e-02	7.16067e-03	0.48979	2.14932	4.36970e-05
3.26100e+02	1.66356e-02	6.81261e-03	0.20957	3.97306	4.36970e-05
3.72685e+02	1.66363e-02	4.34518e-03	3.99553	2.85060	4.36970e-05
4.19271e+02	1.66416e-02	4.20496e-03	4.68959	6.10537	4.36970e-05
4.65857e+02	1.66423e-02	5.18843e-03	1.85441	4.94332	4.36970e-05
5.12442e+02	1.66416e-02	8.96877e-03	1.42916	0.34876	4.36970e-05
5.59028e+02	1.66420e-02	3.08164e-03	1.02063	2.68012	4.36970e-05
6.05614e+02	1.66423e-02	7.10780e-03	5.58121	1.76672	4.36970e-05
6.52199e+02	1.66419e-02	3.05203e-03	5.40513	4.69662	4.36970e-05
6.98785e+02	1.66401e-02	6.05573e-03	3.20390	2.76325	4.36970e-05
7.45371e+02	1.66369e-02	8.22428e-03	2.87819	4.57253	4.36970e-05
7.91956e+02	1.66402e-02	5.55807e-03	2.15036	0.11122	4.36970e-05
8.38542e+02	1.66386e-02	1.38013e-03	0.03763	4.02552	4.36970e-05
8.85128e+02	1.66381e-02	5.75624e-03	6.26703	1.17633	4.36970e-05
9.31713e+02	1.66393e-02	4.44875e-03	4.27418	0.10154	4.36970e-05
9.78299e+02	1.66398e-02	4.18262e-03	3.83670	4.15797	4.36970e-05
1.02488e+03	1.66443e-02	6.92460e-03	1.72376	2.76661	4.36970e-05
1.07147e+03	1.66373e-02	7.34519e-03	1.38079	4.68258	4.36970e-05
1.11806e+03	1.66419e-02	2.43686e-03	0.43934	0.77067	4.36970e-05
1.16464e+03	1.66441e-02	5.64931e-03	4.77256	5.10675	4.36970e-05
1.21123e+03	1.66409e-02	3.06803e-03	4.57516	2.34216	4.36970e-05
1.25781e+03	1.66412e-02	5.83410e-03	3.34576	0.39339	4.36970e-05
1.30440e+03	1.66418e-02	5.10054e-03	3.38340	2.55022	4.36970e-05
1.35098e+03	1.66379e-02	4.83105e-03	2.03829	0.94026	4.36970e-05
1.39757e+03	1.66415e-02	5.90173e-03	1.60913	3.89513	4.36970e-05
1.44416e+03	1.66416e-02	1.74146e-03	0.91756	1.36035	4.36970e-05
1.49074e+03	1.66412e-02	6.15807e-03	0.52225	5.42514	4.36970e-05
1.53733e+03	1.66425e-02	3.35464e-03	0.41206	1.79154	4.36970e-05
1.58391e+03	1.66358e-02	4.20632e-03	5.09555	5.00104	4.36970e-05
1.63050e+03	1.66403e-02	6.26823e-03	4.79744	1.23323	4.36970e-05
1.67708e+03	1.66427e-02	3.68335e-03	3.77669	4.32971	4.36970e-05
1.72367e+03	1.66363e-02	6.08398e-03	2.37727	1.12546	4.36970e-05
1.77026e+03	1.66415e-02	5.45249e-03	1.85746	3.61585	4.36970e-05
1.81684e+03	1.66367e-02	2.64580e-03	0.42002	0.40267	4.36970e-05
1.86343e+03	1.66412e-02	7.55173e-03	5.69264	3.48216	4.36970e-05
1.91001e+03	1.66378e-02	5.33866e-03	4.99948	5.72445	4.36970e-05
1.95660e+03	1.66411e-02	4.07881e-03	3.44353	1.90110	4.36970e-05
2.00318e+03	1.66407e-02	4.68660e-03	0.89293	4.50219	4.36970e-05
2.04977e+03	1.66404e-02	5.65818e-03	5.96956	0.06747	4.36970e-05
2.09636e+03	1.66404e-02	5.90859e-03	5.63179	2.06051	4.36970e-05
2.14294e+03	1.66421e-02	5.64514e-03	5.71446	4.08981	4.36970e-05
2.18953e+03	1.66362e-02	4.90469e-03	5.13404	0.52239	4.36970e-05
2.23611e+03	1.66401e-02	6.00845e-03	4.78630	3.82080	4.36970e-05
2.28270e+03	1.66400e-02	4.67699e-03	4.88936	1.16541	4.36970e-05
2.32928e+03	1.66378e-02	5.57572e-03	3.19161	1.93316	4.36970e-05
2.37587e+03	1.66401e-02	4.10598e-03	0.66248	4.64569	4.36970e-05
2.42245e+03	1.66334e-02	5.07839e-03	0.31485	5.85539	4.36970e-05
2.46904e+03	1.66333e-02	3.81107e-03	4.23118	1.46462	4.36970e-05
2.51563e+03	1.66353e-02	2.80233e-03	2.19175	4.53281	4.36970e-05
2.56221e+03	1.66387e-02	3.93530e-03	4.81757	1.60367	4.36970e-05
2.60880e+03	1.66370e-02	6.59805e-03	4.24228	2.88290	4.36970e-05
2.65538e+03	1.66366e-02	6.50566e-03	2.16476	3.98934	4.36970e-05
2.70197e+03	1.66312e-02	1.01158e-02	1.38767	4.82749	4.36970e-05
2.74855e+03	1.66375e-02	8.31415e-03	4.93698	4.77443	4.36970e-05
2.79514e+03	1.66334e-02	6.94320e-03	1.13166	6.03286	4.36970e-05
2.84173e+03	1.66391e-02	1.49662e-02	5.65409	0.10465	4.36970e-05
2.88831e+03	1.66344e-02	1.26169e-02	1.83939	0.41168	4.36970e-05
2.93490e+03	1.66352e-02	1.17594e-02	3.32384	1.01290	4.36970e-05
2.98148e+03	1.66364e-02	6.66400e-03	4.88418	1.62248	4.36970e-05
3.02807e+03	1.66388e-02	8.42633e-03	4.32109	2.72185	4.36970e-05
3.07465e+03	1.66366e-02	6.74145e-03	0.63434	3.50920	4.36970e-05
3.12124e+03	1.66326e-02	6.03599e-03	0.30711	3.71072	4.36970e-05
3.16783e+03	1.66380e-02	6.47939e-03	5.01449	4.67333	4.36970e-05
3.21441e+03	1.66346e-02	5.75354e-03	2.91616	3.18680	4.36970e-05
3.26100e+03	1.66365e-02	2.76884e-03	1.97892	3.61204	4.36970e-05
3.30758e+03	1.66383e-02	6.49849e-03	4.54415	3.76476	4.36970e-05
3.35417e+03	1.66333e-02	4.97986e-03	4.64621	5.95524	4.36970e-05
3.40075e+03	1.66373e-02	4.85356e-03	4.35723	0.75125	4.36970e-05
3.44734e+03	1.66417e-02	8.37099e-03	6.07951	1.88889	4.36970e-05
3.49393e+03	1.66398e-02	8.35095e-03	2.37889	2.92659	4.36970e-05
3.54051e+03	1.66337e-02	6.41118e-03	2.56413	4.98687	4.36970e-05
3.58710e+03	1.66360e-02	1.01097e-02	3.07302	0.12055	4.36970e-05
3.63368e+03	1.66400e-02	1.26352e-02	5.51385	1.15736	4.36970e-05
3.68027e+03	1.66353e-02	1.15323e-02	2.63646	1.50608	4.36970e-05
3.72685e+03	1.66367e-02	1.14145e-02	3.83915	3.07087	4.36970e-05
3.77344e+03	1.66395e-02	1.16619e-02	5.46127	3.36765	4.36970e-05
3.82002e+03	1.66308e-02	9.68485e-03	4.16350	4.46100	4.36970e-05
3.86661e+03	1.66382e-02	1.24173e-02	1.68358	5.41377	4.36970e-05
3.91320e+03	1.66358e-02	4.32032e-03	3.02258	0.37788	4.36970e-05
3.95978e+03	1.66373e-02	3.94958e-03	1.00619	0.20036	4.36970e-05
4.00637e+03	1.66381e-02	3.97082e-03	4.36093	2.38514	4.36970e-05
4.05295e+03	1.66328e-02	9.79130e-03	4.71136	5.05147	4.36970e-05
4.09954e+03	1.66392e-02	7.10231e-03	2.53742	0.32792	4.36970e-05
4.14612e+03	1.66403e-02	9.02723e-03	6.10959	0.64178	4.36970e-05
4.19271e+03	1.66403e-02	5.28966e-03	2.28147	6.03254	4.36970e-05
4.23930e+03	1.66421e-02	4.58403e-03	0.05633	1.46310	4.36970e-05
4.28588e+03	1.66400e-02	6.95155e-03	2.27015	5.32309	4.36970e-05
4.33247e+03	1.66352e-02	6.98190e-03	4.19233	0.08516	4.36970e-05
4.37905e+03	1.66372e-02	1.21710e-02	4.91296	2.05693	4.36970e-05
4.42564e+03	1.66383e-02	1.41166e-02	3.49897	3.15308	4.36970e-05
4.47222e+03	1.66341e-02	1.74998e-03	2.89161	0.96737	4.36970e-05
4.51881e+03	1.66353e-02	1.20665e-02	3.51391	2.31492	4.36970e-05
4.56540e+03	1.66386e-02	6.76889e-03	4.13873	3.71859	4.36970e-05
4.61198e+03	1.66435e-02	5.07193e-03	4.81796	3.93506	4.36970e-05
4.65857e+03	1.66379e-02	1.21309e-02	2.04202	4.59664	4.36970e-05
4.70515e+03	1.66367e-02	5.00556e-03	5.82468	4.41416	4.36970e-05
4.75174e+03	1.66356e-02	5.19045e-03	5.44447	5.87949	4.36970e-05
4.79832e+03	1.66380e-02	4.67476e-03	1.66026	5.11069	4.36970e-05
4.84491e+03	1.66434e-02	1.06628e-02	4.98851	0.00528	4.36970e-05
4.89150e+03	1.66378e-02	1.01971e-02	2.69673	0.89781	4.36970e-05
4.93808e+03	1.66376e-02	1.06634e-02	3.21403	2.47585	4.36970e-05
4.98467e+03	1.66414e-02	1.45303e-02	5.96729	3.71236	4.36970e-05
5.03125e+03	1.66422e-02	8.09047e-03	3.87686	5.06053	4.36970e-05
5.07784e+03	1.66317e-02	8.07516e-03	2.00084	0.67035	4.36970e-05
5.12442e+03	1.66380e-02	9.83300e-03	1.46107	0.77584	4.36970e-05
5.17101e+03	1.66424e-02	7.03909e-03	3.83400	2.24155	4.36970e-05
5.21759e+03	1.66380e-02	9.05393e-03	0.84325	4.22948	4.36970e-05
5.26418e+03	1.66377e-02	7.30886e-03	3.61580	1.48155	4.36970e-05
5.31077e+03	1.66438e-02	1.01202e-02	4.41916	3.42572	4.36970e-05
5.35735e+03	1.66379e-02	3.05171e-03	1.84604	5.35159	4.36970e-05
5.40394e+03	1.66423e-02	9.35751e-03	1.29946	5.88988	4.36970e-05
5.45052e+03	1.66381e-02	6.91756e-03	0.73226	2.16685	4.36970e-05
5.49711e+03	1.66407e-02	7.35161e-03	5.45292	3.91246	4.36970e-05
5.54369e+03	1.66373e-02	5.95031e-03	3.84003	3.14115	4.36970e-05
5.59028e+03	1.66356e-02	1.01786e-02	2.93822	4.53377	4.36970e-05
5.63687e+03	1.66395e-02	3.39123e-03	2.32286	0.16631	4.36970e-05
5.68345e+03	1.66398e-02	6.14996e-03	3.67068	3.51558	4.36970e-05
5.73004e+03	1.66440e-02	7.08932e-03	3.80249	4.03619	4.36970e-05
5.77662e+03	1.66347e-02	8.42588e-03	1.29604	0.31754	4.36970e-05
5.82321e+03	1.66335e-02	7.35946e-03	3.64679	2.78785	4.36970e-05
5.86979e+03	1.66341e-02	7.08510e-03	6.04287	4.86160	4.36970e-05
5.91638e+03	1.66339e-02	9.47988e-03	0.68470	1.71844	4.36970e-05
5.96297e+03	1.66406e-02	5.57705e-03	5.90843	2.04416	4.36970e-05
6.00955e+03	1.66419e-02	4.08640e-03	4.03444	3.23155	4.36970e-05
6.05614e+03	1.66354e-02	4.24941e-03	1.64730	5.41211	4.36970e-05
6.10272e+03	1.66324e-02	4.32989e-03	3.34581	1.79163	4.36970e-05
6.14931e+03	1.66358e-02	3.03359e-03	4.14133	5.42533	4.36970e-05
6.19589e+03	1.66320e-02	4.30301e-03	2.97887	1.28929	4.36970e-05
6.24248e+03	1.66356e-02	4.80048e-03	0.72184	3.74171	4.36970e-05
6.28907e+03	1.66340e-02	2.53775e-03	6.24974	2.93145	4.36970e-05
6.33565e+03	1.66377e-02	5.99072e-03	3.12095	5.23880	4.36970e-05
6.38224e+03	1.66366e-02	8.24292e-03	2.88403	1.00306	4.36970e-05
6.42882e+03	1.66390e-02	3.69376e-03	3.40296	3.72084	4.36970e-05
6.47541e+03	1.66405e-02	1.08713e-02	2.15430	3.69042	4.36970e-05
6.52199e+03	1.66442e-02	4.36774e-03	0.79523	3.87237	4.36970e-05
6.56858e+03	1.66430e-02	1.21210e-02	3.36771	5.74147	4.36970e-05
6.61516e+03	1.66339e-02	8.45587e-03	1.43382	1.09624	4.36970e-05
6.66175e+03	1.66302e-02	7.26435e-03	4.29524	2.72882	4.36970e-05
6.70834e+03	1.66353e-02	9.58593e-03	0.42568	5.76109	4.36970e-05
6.75492e+03	1.66351e-02	7.49716e-03	1.08539	5.67645	4.36970e-05
6.80151e+03	1.66388e-02	9.17124e-03	2.74454	1.55485	4.36970e-05
6.84809e+03	1.66388e-02	9.62378e-03	5.83095	1.65170	4.36970e-05
6.89468e+03	1.66360e-02	1.16007e-02	1.84404	3.74549	4.36970e-05
6.94126e+03	1.66335e-02	1.03097e-02	2.79482	4.56439	4.36970e-05
6.98785e+03	1.66444e-02	7.96249e-03	1.15063	5.62135	4.36970e-05
7.03444e+03	1.66404e-02	1.39262e-02	0.35303	0.62898	4.36970e-05
7.08102e+03	1.66374e-02	1.19545e-02	1.58051	1.90951	4.36970e-05
7.12761e+03	1.66388e-02	1.32737e-02	1.86933	2.48317	4.36970e-05
7.17419e+03	1.66351e-02	9.46189e-03	5.50014	1.91053	4.36970e-05
7.22078e+03	1.66355e-02	7.56473e-03	2.24068	3.69476	4.36970e-05
7.26736e+03	1.66429e-02	2.87453e-03	2.08297	2.20387	4.36970e-05
7.31395e+03	1.66413e-02	3.85721e-03	4.21112	0.36821	4.36970e-05
7.36054e+03	1.66406e-02	8.96155e-03	3.83311	6.23339	4.36970e-05
7.40712e+03	1.66424e-02	1.10413e-02	0.07456	1.58028	4.36970e-05
7.45371e+03	1.66447e-02	6.28491e-03	5.68820	3.32248	4.36970e-05
7.50029e+03	1.66403e-02	5.87486e-03	2.79531	4.18968	4.36970e-05
7.54688e+03	1.66400e-02	4.75458e-03	3.16366	4.97379	4.36970e-05
7.59346e+03	1.66462e-02	3.92533e-03	0.55135	1.32658	4.36970e-05
7.64005e+03	1.66403e-02	2.75725e-03	3.05372	4.61222	4.36970e-05
7.68664e+03	1.66370e-02	6.51478e-03	5.76875	0.19243	4.36970e-05
7.73322e+03	1.66406e-02	1.10180e-02	1.65388	1.25158	4.36970e-05
7.77981e+03	1.66415e-02	7.77983e-03	2.04275	2.32652	4.36970e-05
7.82639e+03	1.66441e-02	8.99548e-03	1.45088	3.88428	4.36970e-05
7.87298e+03	1.66464e-02	9.65245e-03	3.82088	4.29750	4.36970e-05
7.91956e+03	1.66407e-02	1.00265e-02	4.01787	5.25680	4.36970e-05
7.96615e+03	1.66402e-02	7.07224e-03	1.78651	0.69710	4.36970e-05
8.01273e+03	1.66406e-02	5.26903e-03	1.47456	1.23819	4.36970e-05
8.05932e+03	1.66425e-02	7.68904e-03	4.42104	2.01973	4.36970e-05
8.10591e+03	1.66360e-02	4.86163e-03	4.75732	3.88888	4.36970e-05
8.15249e+03	1.66425e-02	4.56560e-04	0.05599	5.64349	4.36970e-05
8.19908e+03	1.66426e-02	5.05020e-03	0.93863	6.03228	4.36970e-05
8.24566e+03	1.66402e-02	5.75773e-03	1.13547	1.19865	4.36970e-05
8.29225e+03	1.66385e-02	2.95829e-03	5.78629	4.20888	4.36970e-05
8.33883e+03	1.66422e-02	3.24578e-03	4.85862	0.26556	4.36970e-05
8.38542e+03	1.66428e-02	4.87288e-03	3.93643	1.13541	4.36970e-05
8.43201e+03	1.66443e-02	1.77102e-03	2.72313	1.75668	4.36970e-05
8.47859e+03	1.66389e-02	3.72882e-03	3.15424	2.10340	4.36970e-05
8.52518e+03	1.66446e-02	6.54259e-03	1.81462	4.33489	4.36970e-05
8.57176e+03	1.66366e-02	9.68876e-03	4.39229	5.85341	4.36970e-05
8.61835e+03	1.66365e-02	1.12616e-02	4.99193	0.57760	4.36970e-05
8.66493e+03	1.66399e-02	4.17118e-03	0.08696	2.23676	4.36970e-05
8.71152e+03	1.66413e-02	3.62261e-03	4.87873	3.10893	4.36970e-05
8.75811e+03	1.66354e-02	7.76463e-04	3.66243	4.95547	4.36970e-05
8.80469e+03	1.66394e-02	5.65105e-03	1.31402	3.16022	4.36970e-05
8.85128e+03	1.66356e-02	6.68574e-03	3.23754	4.57227	4.36970e-05
8.89786e+03	1.66430e-02	9.67494e-03	1.63678	0.53119	4.36970e-05
8.94445e+03	1.66381e-02	8.72834e-03	0.31788	2.05463	4.36970e-05
8.99103e+03	1.66383e-02	5.18742e-03	4.47666	3.00647	4.36970e-05
9.03762e+03	1.66396e-02	5.03545e-03	2.61518	3.82064	4.36970e-05
9.08421e+03	1.66353e-02	4.06608e-03	0.60109	5.49640	4.36970e-05
9.13079e+03	1.66394e-02	2.78325e-03	3.73918	1.35134	4.36970e-05
9.17738e+03	1.66416e-02	3.16873e-03	3.12050	3.81052	4.36970e-05
9.22396e+03	1.66403e-02	4.57693e-03	3.95047	6.12350	4.36970e-05
9.27055e+03	1.66428e-02	6.76102e-03	3.59506	0.63504	4.36970e-05
9.31713e+03	1.66383e-02	6.96398e-03	4.04696	2.40693	4.36970e-05
9.36372e+03	1.66421e-02	2.68752e-03	5.63983	4.24718	4.36970e-05
9.41030e+03	1.66368e-02	3.71962e-03	4.76650	3.22951	4.36970e-05
9.45689e+03	1.66402e-02	5.70458e-03	3.09566	5.02085	4.36970e-05
9.50348e+03	1.66437e-02	6.87146e-03	4.87169	6.08952	4.36970e-05
9.55006e+03	1.66382e-02	5.01597e-03	1.23884	1.18019	4.36970e-05
9.59665e+03	1.66382e-02	1.22616e-03	6.27137	4.54147	4.36970e-05
9.64323e+03	1.66391e-02	5.87239e-03	0.96791	1.55118	4.36970e-05
9.68982e+03	1.66396e-02	6.70439e-03	4.50049	2.38522	4.36970e-05
9.73640e+03	1.66405e-02	9.79992e-03	1.06224	3.73432	4.36970e-05
9.78299e+03	1.66424e-02	5.80208e-03	3.02291	5.35102	4.36970e-05
9.82958e+03	1.66342e-02	6.26458e-03	5.72022	0.84531	4.36970e-05
9.87616e+03	1.66441e-02	7.41783e-03	0.65633	1.52062	4.36970e-05
9.92275e+03	1.66345e-02	8.09707e-03	3.05830	3.14585	4.36970e-05
9.96933e+03	1.66353e-02	3.94093e-03	2.44403	4.53594	4.36970e-05
1.00159e+04	1.66414e-02	3.34632e-03	2.92616	4.93613	4.36970e-05
1.00625e+04	1.66411e-02	3.37836e-03	2.65085	5.15261	4.36970e-05
1.01091e+04	1.66388e-02	2.91007e-03	3.19200	3.04351	4.36970e-05
1.01557e+04	1.66389e-02	7.39401e-03	0.44605	4.85324	4.36970e-05
1.02023e+04	1.66384e-02	9.33886e-03	3.91130	5.97282	4.36970e-05
1.02488e+04	1.66415e-02	6.71227e-03	3.18752	0.49026	4.36970e-05
1.02954e+04	1.66370e-02	1.01272e-02	5.94525	1.75804	4.36970e-05
1.03420e+04	1.66381e-02	9.00235e-03	1.16638	2.96402	4.36970e-05
1.03886e+04	1.66399e-02	1.10650e-02	3.94699	4.12327	4.36970e-05
1.04352e+04	1.66423e-02	1.38668e-02	5.57593	5.39533	4.36970e-05
1.04818e+04	1.66359e-02	1.39525e-02	0.90554	0.84662	4.36970e-05
1.05284e+04	1.66392e-02	1.32228e-02	4.25617	2.10770	4.36970e-05
1.05749e+04	1.66398e-02	1.15998e-02	3.92410	3.32029	4.36970e-05
1.06215e+04	1.66358e-02	9.88321e-03	5.23173	4.60959	4.36970e-05
1.06681e+04	1.66354e-02	8.94957e-03	0.47358	5.91260	4.36970e-05
1.07147e+04	1.66357e-02	7.81343e-03	1.11909	0.99011	4.36970e-05
1.07613e+04	1.66407e-02	7.20598e-03	2.01051	2.64676	4.36970e-05
1.08079e+04	1.66442e-02	5.09967e-03	4.85951	3.76027	4.36970e-05
1.08545e+04	1.66439e-02	2.92375e-03	1.92780	4.32328	4.36970e-05
1.09010e+04	1.66442e-02	9.84878e-03	0.06432	5.85393	4.36970e-05
1.09476e+04	1.66408e-02	4.29878e-03	5.06986	6.00314	4.36970e-05
1.09942e+04	1.66370e-02	1.01692e-02	5.83404	0.70248	4.36970e-05
1.10408e+04	1.66311e-02	6.54612e-03	2.15045	1.00468	4.36970e-05
1.10874e+04	1.66352e-02	9.86989e-03	2.73905	1.67693	4.36970e-05
1.11340e+04	1.66315e-02	1.52580e-02	1.18162	2.61807	4.36970e-05
1.11806e+04	1.66323e-02	1.17732e-02	2.33802	2.99127	4.36970e-05
1.12271e+04	1.66349e-02	1.05471e-02	0.56826	3.39538	4.36970e-05
1.12737e+04	1.66335e-02	9.92715e-03	1.68339	5.01718	4.36970e-05
1.13203e+04	1.66376e-02	5.23577e-03	4.33088	4.79042	4.36970e-05
1.13669e+04	1.66378e-02	6.38125e-03	2.71551	4.70263	4.36970e-05
1.14135e+04	1.66317e-02	1.00684e-02	2.91528	4.16710	4.36970e-05
1.14601e+04	1.66349e-02	1.02558e-02	1.66372	5.35632	4.36970e-05
1.15067e+04	1.66403e-02	9.93097e-03	1.54831	5.83896	4.36970e-05
1.15532e+04	1.66354e-02	8.63141e-03	2.48312	0.40133	4.36970e-05
1.15998e+04	1.66342e-02	1.01172e-02	6.00536	1.70267	4.36970e-05
1.16464e+04	1.66389e-02	1.43925e-02	0.44438	2.37759	4.36970e-05
1.16930e+04	1.66308e-02	1.16397e-02	0.06860	3.84686	4.36970e-05
1.17396e+04	1.66321e-02	8.28449e-03	3.76012	3.74369	4.36970e-05
1.17862e+04	1.66422e-02	1.56320e-02	6.14588	4.90236	4.36970e-05
1.18328e+04	1.66389e-02	1.63599e-02	2.03413	4.41644	4.36970e-05
1.18793e+04	1.66376e-02	7.65407e-03	5.86500	2.78349	4.36970e-05
1.19259e+04	1.66343e-02	1.29842e-02	4.13305	0.53107	4.36970e-05
1.19725e+04	1.66348e-02	1.80406e-02	6.13415	0.00469	4.36970e-05
1.20191e+04	1.66339e-02	1.05287e-02	0.18496	0.34465	4.36970e-05
1.20657e+04	1.66291e-02	1.15043e-02	0.14963	1.38737	4.36970e-05
1.21123e+04	1.66394e-02	1.38476e-02	4.69263	2.67235	4.36970e-05
1.21589e+04	1.66340e-02	1.31868e-02	2.52826	3.36994	4.36970e-05
1.22054e+04	1.66373e-02	8.15089e-03	2.51826	4.82385	4.36970e-05
1.22520e+04	1.66301e-02	8.64091e-03	4.38277	0.07509	4.36970e-05
1.22986e+04	1.66319e-02	1.13141e-02	2.47188	1.02242	4.36970e-05
1.23452e+04	1.66394e-02	1.45627e-02	1.79145	2.32354	4.36970e-05
1.23918e+04	1.66343e-02	1.40765e-02	3.21187	2.54689	4.36970e-05
1.24384e+04	1.66323e-02	1.22656e-02	1.72103	3.73732	4.36970e-05
1.24850e+04	1.66341e-02	5.35057e-03	1.39154	5.25847	4.36970e-05
1.25315e+04	1.66352e-02	7.69940e-03	2.45495	5.94868	4.36970e-05
1.25781e+04	1.66380e-02	8.57183e-03	4.50468	6.20770	4.36970e-05
1.26247e+04	1.66368e-02	9.82137e-03	5.52241	1.00722	4.36970e-05
1.26713e+04	1.66366e-02	1.37699e-02	2.94581	2.28610	4.36970e-05
1.27179e+04	1.66333e-02	1.53306e-02	3.70289	3.37509	4.36970e-05
1.27645e+04	1.66310e-02	1.35378e-02	4.82018	3.96544	4.36970e-05
1.28111e+04	1.66312e-02	1.36132e-02	3.58231	5.29054	4.36970e-05
1.28576e+04	1.66352e-02	8.69540e-03	2.78992	0.81975	4.36970e-05
1.29042e+04	1.66372e-02	5.86510e-03	5.92369	3.39681	4.36970e-05
1.29508e+04	1.66378e-02	9.13535e-03	5.74144	3.84782	4.36970e-05
1.29974e+04	1.66405e-02	1.00177e-02	4.52066	4.36684	4.36970e-05
1.30440e+04	1.66300e-02	6.86766e-03	4.87354	5.54546	4.36970e-05
1.30906e+04	1.66364e-02	1.15635e-02	3.45567	0.22262	4.36970e-05
1.31372e+04	1.66326e-02	5.26618e-03	1.88710	3.23547	4.36970e-05
1.31837e+04	1.66298e-02	1.06791e-02	0.45524	0.20218	4.36970e-05
1.32303e+04	1.66379e-02	1.03572e-02	4.02475	1.03307	4.36970e-05
1.32769e+04	1.66322e-02	3.81018e-03	6.16081	1.72480	4.36970e-05
1.33235e+04	1.66373e-02	4.78162e-03	3.08373	2.16817	4.36970e-05
1.33701e+04	1.66391e-02	6.44700e-03	5.45316	2.82124	4.36970e-05
1.34167e+04	1.66306e-02	6.71742e-03	4.67886	4.44284	4.36970e-05
1.34633e+04	1.66327e-02	7.35063e-03	3.99520	5.33282	4.36970e-05
1.35098e+04	1.66387e-02	4.52682e-03	0.78182	0.01037	4.36970e-05
1.35564e+04	1.66377e-02	5.09090e-03	1.22966	0.54850	4.36970e-05
1.36030e+04	1.66353e-02	5.00290e-03	5.68665	1.99820	4.36970e-05
1.36496e+04	1.66324e-02	8.34788e-03	3.07653	3.63197	4.36970e-05
1.36962e+04	1.66336e-02	8.21410e-03	2.63908	5.12660	4.36970e-05
1.37428e+04	1.66366e-02	6.69408e-03	0.17728	1.00415	4.36970e-05
1.37894e+04	1.66396e-02	1.23836e-02	5.38377	2.06883	4.36970e-05
1.38359e+04	1.66349e-02	7.11660e-03	5.38327	3.54818	4.36970e-05
1.38825e+04	1.66344e-02	3.02506e-03	4.30646	5.16444	4.36970e-05
1.39291e+04	1.66366e-02	3.19870e-03	5.97691	1.62926	4.36970e-05
1.39757e+04	1.66365e-02	7.09009e-03	5.23410	4.45472	4.36970e-05
1.40223e+04	1.66359e-02	1.19935e-02	0.63731	0.30690	4.36970e-05
1.40689e+04	1.66355e-02	1.08863e-03	2.30859	2.86545	4.36970e-05
1.41155e+04	1.66362e-02	5.33414e-03	1.79576	5.70793	4.36970e-05
1.41620e+04	1.66397e-02	9.28870e-03	1.65539	3.08217	4.36970e-05
1.42086e+04	1.66357e-02	2.34554e-03	1.25461	4.95601	4.36970e-05
1.42552e+04	1.66384e-02	4.55818e-03	4.89300	1.01947	4.36970e-05
1.43018e+04	1.66310e-02	5.45006e-03	4.75931	2.40443	4.36970e-05
1.43484e+04	1.66367e-02	4.66236e-03	3.27161	4.33868	4.36970e-05
1.43950e+04	1.66395e-02	4.19627e-03	3.12322	4.95536	4.36970e-05
1.44416e+04	1.66345e-02	8.71898e-03	1.86093	0.46993	4.36970e-05
1.44881e+04	1.66369e-02	7.48186e-03	0.37461	1.53591	4.36970e-05
1.45347e+04	1.66296e-02	8.08572e-03	5.74721	4.23940	4.36970e-05
1.45767e+04	1.66363e-02	7.19337e-03	5.83078	5.65061	4.36970e-05
1.46232e+04	1.66327e-02	5.91448e-03	5.04990	1.76775	4.36970e-05
1.46698e+04	1.66341e-02	2.77795e-03	1.90199	1.69564	4.36970e-05
1.47164e+04	1.66336e-02	5.83207e-03	1.62748	0.01208	4.36970e-05
1.47630e+04	1.66351e-02	1.18579e-02	5.74799	2.57627	4.36970e-05
1.48096e+04	1.66335e-02	8.00350e-03	2.69884	4.73679	4.36970e-05
1.48562e+04	1.66322e-02	1.04419e-02	6.13851	5.33773	4.36970e-05
1.49028e+04	1.66382e-02	1.21955e-02	2.21765	0.03959	4.36970e-05
1.49493e+04	1.66315e-02	1.21924e-02	1.21540	0.59126	4.36970e-05
1.49959e+04	1.66341e-02	1.26689e-02	4.17745	1.24271	4.36970e-05
1.50425e+04	1.66357e-02	1.03570e-02	2.22436	2.65834	4.36970e-05
1.50891e+04	1.66333e-02	9.71824e-03	3.01449	3.46669	4.36970e-05
1.51357e+04	1.66300e-02	9.71369e-03	2.71249	4.67304	4.36970e-05
1.51823e+04	1.66341e-02	6.33165e-03	4.14832	0.41718	4.36970e-05
1.52289e+04	1.66352e-02	6.00547e-03	0.93432	4.17534	4.36970e-05
1.52754e+04	1.66334e-02	8.56877e-03	1.78986	6.11870	4.36970e-05
1.53220e+04	1.66331e-02	7.08315e-03	3.65061	1.21290	4.36970e-05
1.53686e+04	1.66343e-02	8.95111e-03	4.95159	1.50324	4.36970e-05
1.54152e+04	1.66336e-02	1.18470e-02	6.16512	1.82776	4.36970e-05
1.54618e+04	1.66291e-02	8.03132e-03	1.61238	2.07352	4.36970e-05
1.55084e+04	1.66335e-02	4.18566e-03	4.35066	2.51419	4.36970e-05
1.55550e+04	1.66326e-02	3.72415e-03	4.75737	2.85532	4.36970e-05
1.56015e+04	1.66372e-02	7.33979e-03	1.93942	3.96057	4.36970e-05
1.56481e+04	1.66328e-02	5.65443e-03	3.41889	4.20853	4.36970e-05
1.56947e+04	1.66338e-02	3.82207e-03	0.75518	5.01273	4.36970e-05
1.57413e+04	1.66347e-02	6.58274e-03	3.26040	6.21135	4.36970e-05
1.57879e+04	1.66346e-02	7.76696e-03	1.52819	0.87434	4.36970e-05
1.58345e+04	1.66371e-02	8.63735e-03	0.16816	2.39361	4.36970e-05
1.58811e+04	1.66403e-02	5.83007e-03	5.29275	2.83087	4.36970e-05
1.59276e+04	1.66322e-02	7.30867e-03	4.82873	3.00977	4.36970e-05
1.59742e+04	1.66346e-02	7.67320e-03	3.82493	5.13182	4.36970e-05
1.60208e+04	1.66320e-02	2.38341e-03	2.58071	1.54568	4.36970e-05
1.60674e+04	1.66303e-02	5.74792e-03	0.06581	5.48448	4.36970e-05
1.61140e+04	1.66321e-02	5.40217e-03	3.93186	0.74028	4.36970e-05
1.61606e+04	1.66322e-02	6.88799e-03	1.10010	2.64951	4.36970e-05
1.62072e+04	1.66331e-02	3.72824e-03	3.83346	1.84786	4.36970e-05
1.62537e+04	1.66303e-02	5.63411e-03	2.44370	3.57676	4.36970e-05
1.63003e+04	1.66302e-02	9.31702e-03	5.53492	0.26760	4.36970e-05
1.63469e+04	1.66363e-02	9.95223e-03	5.93439	0.88335	4.36970e-05
1.63935e+04	1.66400e-02	9.44877e-03	0.12812	1.22699	4.36970e-05
1.64401e+04	1.66351e-02	8.35310e-03	0.36590	1.73948	4.36970e-05
1.64867e+04	1.66375e-02	2.36910e-03	5.40523	1.64737	4.36970e-05
1.65333e+04	1.66291e-02	7.86879e-03	5.19521	2.51116	4.36970e-05
1.65798e+04	1.66362e-02	5.85099e-03	0.58086	3.66194	4.36970e-05
1.66264e+04	1.66279e-02	7.84323e-03	0.45787	4.55069	4.36970e-05
1.66730e+04	1.66329e-02	2.57977e-03	2.56159	1.83579	4.36970e-05
1.67196e+04	1.66296e-02	5.09669e-03	1.52832	0.25165	4.36970e-05
1.67662e+04	1.66368e-02	8.97704e-03	0.95428	2.66541	4.36970e-05
1.68128e+04	1.66362e-02	5.28964e-03	0.75629	4.90298	4.36970e-05
1.68594e+04	1.66379e-02	4.27405e-03	3.75259	0.12053	4.36970e-05
1.69059e+04	1.66364e-02	3.58565e-03	0.43936	3.14978	4.36970e-05
1.69525e+04	1.66291e-02	6.85371e-03	0.12756	4.80686	4.36970e-05
1.69991e+04	1.66291e-02	5.31834e-03	2.82442	1.11645	4.36970e-05
1.70457e+04	1.66312e-02	9.65568e-03	2.46103	1.22220	4.36970e-05
1.70923e+04	1.66311e-02	3.59391e-03	3.99992	2.66204	4.36970e-05
1.71389e+04	1.66337e-02	6.56420e-03	5.23592	3.12175	4.36970e-05
1.71855e+04	1.66338e-02	3.13327e-03	1.11039	4.87037	4.36970e-05
1.72320e+04	1.66333e-02	1.16064e-03	2.50007	4.10636	4.36970e-05
1.72786e+04	1.66365e-02	3.03266e-03	0.81046	2.84275	4.36970e-05
1.73252e+04	1.66328e-02	6.46523e-03	2.67079	4.21027	4.36970e-05
1.73718e+04	1.66373e-02	1.86513e-03	1.93184	5.68067	4.36970e-05
1.74184e+04	1.66314e-02	7.21503e-03	1.14040	0.32625	4.36970e-05
1.74650e+04	1.66334e-02	6.34327e-03	2.28495	1.04793	4.36970e-05
1.75116e+04	1.66389e-02	5.72450e-03	4.05764	1.34047	4.36970e-05
1.75581e+04	1.66369e-02	6.21883e-03	1.73272	1.48547	4.36970e-05
1.76047e+04	1.66378e-02	3.92047e-03	1.29028	1.70472	4.36970e-05
1.76513e+04	1.66365e-02	5.01225e-03	2.75725	1.11506	4.36970e-05
1.76979e+04	1.66354e-02	5.67974e-03	2.43570	1.56008	4.36970e-05
1.77445e+04	1.66349e-02	5.25398e-03	6.03714	3.38397	4.36970e-05
1.77911e+04	1.66366e-02	1.06411e-02	3.85349	3.71993	4.36970e-05
1.78377e+04	1.66329e-02	3.88572e-03	1.02843	4.53500	4.36970e-05
1.78842e+04	1.66340e-02	8.77095e-03	1.39916	6.19794	4.36970e-05
1.79308e+04	1.66354e-02	8.09552e-03	6.10566	0.31523	4.36970e-05
1.79774e+04	1.66331e-02	7.68118e-03	3.93942	1.64443	4.36970e-05
1.80240e+04	1.66389e-02	7.29742e-03	1.06502	2.79951	4.36970e-05
1.80706e+04	1.66374e-02	6.55112e-03	1.28108	2.85511	4.36970e-05
1.81172e+04	1.66358e-02	5.72653e-03	1.20950	3.18705	4.36970e-05
1.81638e+04	1.66331e-02	5.02256e-03	3.35994	4.20607	4.36970e-05
1.82103e+04	1.66358e-02	4.20162e-03	1.82839	5.71417	4.36970e-05
1.82569e+04	1.66320e-02	3.88043e-03	2.46629	1.02989	4.36970e-05
1.83035e+04	1.66375e-02	7.77879e-03	5.52451	2.36224	4.36970e-05
1.83501e+04	1.66395e-02	2.29346e-03	3.45786	4.09193	4.36970e-05
1.83967e+04	1.66322e-02	7.67955e-03	3.36358	6.25102	4.36970e-05
1.84433e+04	1.66411e-02	3.31734e-03	3.59773	1.27737	4.36970e-05
1.84899e+04	1.66333e-02	5.85571e-03	2.67450	2.75823	4.36970e-05
1.85364e+04	1.66394e-02	9.59839e-03	3.05172	3.33407	4.36970e-05
1.85830e+04	1.66364e-02	6.20318e-03	6.17701	4.90178	4.36970e-05
1.86296e+04	1.66340e-02	4.93290e-03	2.94185	5.09759	4.36970e-05
1.86762e+04	1.66405e-02	3.21226e-03	2.23354	0.92184	4.36970e-05
1.87228e+04	1.66342e-02	6.99685e-04	0.04892	5.93452	4.36970e-05
1.87694e+04	1.66323e-02	3.04904e-03	2.64318	0.58491	4.36970e-05
1.88160e+04	1.66358e-02	4.52071e-03	3.96865	1.85669	4.36970e-05
1.88625e+04	1.66396e-02	3.54850e-03	0.96376	3.15534	4.36970e-05
1.89091e+04	1.66361e-02	3.31479e-03	1.91206	5.48602	4.36970e-05
1.89557e+04	1.66347e-02	4.71362e-03	3.89178	5.66729	4.36970e-05
1.90023e+04	1.66331e-02	4.70833e-03	5.95281	0.54757	4.36970e-05
1.90489e+04	1.66300e-02	5.32347e-03	5.43403	2.14159	4.36970e-05
1.90955e+04	1.66381e-02	9.77088e-03	1.19177	3.59728	4.36970e-05
1.91421e+04	1.66366e-02	7.97526e-03	1.32378	3.96103	4.36970e-05
1.91886e+04	1.66375e-02	4.58031e-03	1.90737	4.98073	4.36970e-05
1.92352e+04	1.66358e-02	3.55057e-03	4.21959	6.24646	4.36970e-05
1.92818e+04	1.66398e-02	5.29343e-03	5.84338	0.52190	4.36970e-05
1.93284e+04	1.66370e-02	4.32606e-03	3.60331	1.79574	4.36970e-05
1.93750e+04	1.66302e-02	5.87004e-03	6.05708	3.49225	4.36970e-05
1.94216e+04	1.66308e-02	3.02614e-03	3.59253	3.91691	4.36970e-05
1.94682e+04	1.66306e-02	3.23018e-03	3.37522	1.90135	4.36970e-05
1.95147e+04	1.66298e-02	6.03000e-03	1.07438	1.99139	4.36970e-05
1.95613e+04	1.66349e-02	5.45250e-03	3.07384	3.09531	4.36970e-05
1.96079e+04	1.66382e-02	4.90095e-03	4.22574	4.15633	4.36970e-05
1.96545e+04	1.66375e-02	4.61977e-03	4.24991	4.66955	4.36970e-05
1.97011e+04	1.66358e-02	4.47981e-03	4.36454	5.77314	4.36970e-05
1.97477e+04	1.66379e-02	2.43710e-03	5.68446	6.21490	4.36970e-05
1.97943e+04	1.66341e-02	3.94395e-03	5.81716	1.23999	4.36970e-05
1.98408e+04	1.66382e-02	6.99292e-03	1.38439	2.99344	4.36970e-05
1.98874e+04	1.66361e-02	6.11989e-03	4.49947	4.09020	4.36970e-05
1.99340e+04	1.66378e-02	8.82380e-03	0.24038	5.46532	4.36970e-05
1.99806e+04	1.66390e-02	6.62210e-03	6.13758	6.16678	4.36970e-05
2.00272e+04	1.66334e-02	5.46114e-03	0.99981	0.66465	4.36970e-05
2.00738e+04	1.66316e-02	9.29339e-03	2.98414	1.53372	4.36970e-05
2.01203e+04	1.66333e-02	5.38692e-03	5.41118	2.74610	4.36970e-05
2.01669e+04	1.66379e-02	7.90311e-03	4.00246	3.20176	4.36970e-05
2.02135e+04	1.66372e-02	8.12386e-03	3.74586	4.82263	4.36970e-05
2.02601e+04	1.66308e-02	6.60628e-03	2.00894	5.60187	4.36970e-05
2.03067e+04	1.66328e-02	5.58497e-03	3.18730	0.56733	4.36970e-05
2.03533e+04	1.66353e-02	4.20456e-03	4.27567	3.11133	4.36970e-05
2.03999e+04	1.66337e-02	7.12510e-03	1.66047	4.30240	4.36970e-05
2.04464e+04	1.66338e-02	8.33211e-03	5.23731	5.51620	4.36970e-05
2.04930e+04	1.66357e-02	8.89232e-03	1.88955	0.62621	4.36970e-05
2.05396e+04	1.66385e-02	8.72705e-03	2.17029	1.54854	4.36970e-05
2.05862e+04	1.66334e-02	7.44395e-03	1.00065	2.83172	4.36970e-05
2.06328e+04	1.66355e-02	5.58055e-03	3.15021	4.31549	4.36970e-05
2.06794e+04	1.66337e-02	2.92289e-03	2.12985	0.82548	4.36970e-05
2.07260e+04	1.66373e-02	4.65475e-03	6.26194	2.03489	4.36970e-05
2.07725e+04	1.66413e-02	3.81349e-03	5.94625	3.56649	4.36970e-05
2.08191e+04	1.66354e-02	3.22401e-03	1.02224	3.58719	4.36970e-05
2.08657e+04	1.66404e-02	3.37645e-03	1.95216	4.52884	4.36970e-05
2.09123e+04	1.66382e-02	5.04173e-03	1.26742	5.58426	4.36970e-05
2.09589e+04	1.66402e-02	3.83859e-03	3.15926	0.40525	4.36970e-05
2.10055e+04	1.66333e-02	2.30901e-03	5.35043	1.37798	4.36970e-05
2.10521e+04	1.66328e-02	4.38706e-04	1.19102	1.97208	4.36970e-05
2.10986e+04	1.66379e-02	9.75438e-04	6.26575	6.02865	4.36970e-05
2.11452e+04	1.66375e-02	8.32213e-04	0.94296	1.47242	4.36970e-05
2.11918e+04	1.66370e-02	1.21777e-03	2.15171	3.51761	4.36970e-05
2.12384e+04	1.66369e-02	1.43667e-03	4.76509	1.55852	4.36970e-05
2.12850e+04	1.66385e-02	1.28496e-03	5.97813	2.66285	4.36970e-05
2.13316e+04	1.66406e-02	1.93948e-03	5.33016	2.32984	4.36970e-05
2.13782e+04	1.66380e-02	5.23055e-03	2.33773	3.43968	4.36970e-05
2.14247e+04	1.66383e-02	7.38261e-03	1.14839	3.88986	4.36970e-05
2.14713e+04	1.66365e-02	5.61764e-03	4.68945	5.11210	4.36970e-05
2.15179e+04	1.66399e-02	5.25679e-03	2.83341	5.91957	4.36970e-05
2.15645e+04	1.66368e-02	1.34055e-03	3.01460	0.18786	4.36970e-05
2.16111e+04	1.66316e-02	2.23982e-03	4.32451	0.74205	4.36970e-05
2.16577e+04	1.66380e-02	2.05465e-03	5.95718	0.90337	4.36970e-05
2.17043e+04	1.66386e-02	1.72553e-03	0.19839	2.70613	4.36970e-05
2.17508e+04	1.66400e-02	1.53759e-03	0.07186	5.27132	4.36970e-05
2.17974e+04	1.66374e-02	2.49980e-03	0.95400	0.46119	4.36970e-05
2.18440e+04	1.66354e-02	3.88105e-03	2.00936	1.41601	4.36970e-05
2.18906e+04	1.66328e-02	5.36742e-03	3.20707	2.05851	4.36970e-05
2.19372e+04	1.66376e-02	5.06791e-03	3.65981	3.33259	4.36970e-05
2.19838e+04	1.66394e-02	6.46176e-03	5.13986	4.12487	4.36970e-05
2.20304e+04	1.66395e-02	5.97119e-03	6.19545	5.48284	4.36970e-05
2.20769e+04	1.66340e-02	3.15817e-03	4.56402	0.19056	4.36970e-05
2.21235e+04	1.66384e-02	1.54838e-03	2.01179	1.75538	4.36970e-05
2.21701e+04	1.66358e-02	1.13634e-03	1.43154	2.31982	4.36970e-05
2.22167e+04	1.66359e-02	2.96824e-03	2.97012	5.93050	4.36970e-05
2.22633e+04	1.66395e-02	1.74020e-03	4.30289	6.24211	4.36970e-05
2.23099e+04	1.66357e-02	1.04612e-03	0.89202	5.94528	4.36970e-05
2.23565e+04	1.66379e-02	4.07240e-03	4.35978	1.09698	4.36970e-05
2.24030e+04	1.66340e-02	4.21443e-03	3.31568	2.38388	4.36970e-05
2.24496e+04	1.66375e-02	3.63774e-03	0.73356	3.65915	4.36970e-05
2.24962e+04	1.66355e-02	2.89806e-03	2.74107	4.59787	4.36970e-05
2.25428e+04	1.66335e-02	4.56579e-03	0.51976	0.16550	4.36970e-05
2.25894e+04	1.66379e-02	4.31305e-03	1.21864	1.96951	4.36970e-05
2.26360e+04	1.66357e-02	4.30737e-03	2.23876	3.32880	4.36970e-05
2.26826e+04	1.66397e-02	4.60809e-03	3.17345	4.64742	4.36970e-05
2.27291e+04	1.66381e-02	6.31264e-03	4.72338	5.78926	4.36970e-05
2.27757e+04	1.66357e-02	5.93122e-03	5.74683	0.61210	4.36970e-05
2.28223e+04	1.66355e-02	4.76086e-03	0.53151	1.85620	4.36970e-05
2.28689e+04	1.66331e-02	4.41674e-03	1.70904	3.02650	4.36970e-05
2.29155e+04	1.66386e-02	2.87687e-03	1.94354	4.74567	4.36970e-05
2.29621e+04	1.66386e-02	3.07868e-03	2.82728	5.84264	4.36970e-05
2.30087e+04	1.66342e-02	4.46472e-03	3.17201	1.14422	4.36970e-05
2.30552e+04	1.66370e-02	4.35813e-03	4.08581	2.21704	4.36970e-05
2.31018e+04	1.66350e-02	4.94406e-03	4.80069	3.52649	4.36970e-05
2.31484e+04	1.66351e-02	3.83818e-03	5.77921	4.40686	4.36970e-05
2.31950e+04	1.66398e-02	4.29382e-03	6.14728	5.67982	4.36970e-05
2.32416e+04	1.66387e-02	3.54727e-03	0.21525	0.87627	4.36970e-05
2.32882e+04	1.66317e-02	1.97249e-03	0.48019	2.53773	4.36970e-05
2.33348e+04	1.66382e-02	3.12893e-03	0.96779	3.93605	4.36970e-05
2.33813e+04	1.66387e-02	2.92132e-03	2.40195	5.30076	4.36970e-05
2.34279e+04	1.66353e-02	3.91565e-03	2.15155	0.38450	4.36970e-05
2.34745e+04	1.66343e-02	4.57816e-03	3.31846	1.30613	4.36970e-05
2.35211e+04	1.66357e-02	4.21163e-03	3.76507	2.64820	4.36970e-05
2.35677e+04	1.66370e-02	2.78857e-03	2.51222	4.29107	4.36970e-05
2.36143e+04	1.66396e-02	2.90495e-03	2.98226	5.71707	4.36970e-05
2.36609e+04	1.66378e-02	3.35354e-03	3.04571	0.83728	4.36970e-05
2.37074e+04	1.66377e-02	3.53716e-03	3.81458	1.77536	4.36970e-05
2.37540e+04	1.66351e-02	5.36152e-03	4.23592	3.26727	4.36970e-05
2.38006e+04	1.66361e-02	4.99908e-03	4.99071	4.26745	4.36970e-05
2.38472e+04	1.66391e-02	4.02969e-03	6.20396	5.42399	4.36970e-05
2.38938e+04	1.66320e-02	1.83145e-03	4.25915	0.01737	4.36970e-05
2.39404e+04	1.66350e-02	2.15522e-03	4.93383	1.16043	4.36970e-05
2.39870e+04	1.66328e-02	2.76440e-03	3.70305	4.80308	4.36970e-05
2.40335e+04	1.66380e-02	2.91665e-03	3.13790	0.95869	4.36970e-05
2.40801e+04	1.66446e-02	6.82139e-03	2.39213	2.26064	4.36970e-05
2.41267e+04	1.66407e-02	8.73015e-03	4.49060	2.65175	4.36970e-05
2.41733e+04	1.66340e-02	1.30107e-02	4.52528	4.15386	4.36970e-05
2.42199e+04	1.66354e-02	1.50486e-02	1.56622	5.99280	4.36970e-05
2.42665e+04	1.66340e-02	9.72201e-03	0.72543	1.09699	4.36970e-05
2.43131e+04	1.66428e-02	4.85219e-03	2.35121	1.29611	4.36970e-05
2.43596e+04	1.66425e-02	8.59150e-03	5.76308	1.98742	4.36970e-05
2.44062e+04	1.66358e-02	7.48433e-03	3.70606	2.24410	4.36970e-05
2.44528e+04	1.66325e-02	7.12297e-03	0.22533	3.33705	4.36970e-05
2.44994e+04	1.66405e-02	1.02910e-02	0.49640	4.05661	4.36970e-05
2.45460e+04	1.66363e-02	1.58918e-02	0.90148	5.20114	4.36970e-05
2.45926e+04	1.66309e-02	1.74382e-02	5.75741	5.96346	4.36970e-05
2.46392e+04	1.66325e-02	1.52102e-02	5.95273	0.99213	4.36970e-05
2.46857e+04	1.66392e-02	1.93505e-02	5.43247	2.18212	4.36970e-05
2.47323e+04	1.66371e-02	2.41895e-02	6.01269	3.22066	4.36970e-05
2.47789e+04	1.66387e-02	2.16865e-02	0.00094	4.47570	4.36970e-05
2.48255e+04	1.66298e-02	1.66260e-02	5.55165	5.59051	4.36970e-05
2.48721e+04	1.66358e-02	1.59852e-02	2.26553	5.98155	4.36970e-05
2.49187e+04	1.66282e-02	1.48558e-02	0.08288	6.14604	4.36970e-05
2.49653e+04	1.66353e-02	2.41292e-02	5.56633	6.09882	4.36970e-05
2.50118e+04	1.66237e-02	1.81731e-02	4.00126	0.57386	4.36970e-05
2.50584e+04	1.66304e-02	9.08440e-03	1.77391	1.21486	4.36970e-05
2.51050e+04	1.66340e-02	1.17410e-02	4.25663	1.66176	4.36970e-05
2.51516e+04	1.66306e-02	1.36356e-02	2.70249	5.67915	4.36970e-05
2.51982e+04	1.66189e-02	1.98951e-02	0.39656	5.31818	4.36970e-05
2.52448e+04	1.66235e-02	2.47652e-02	3.36206	0.15399	4.36970e-05
2.52914e+04	1.66252e-02	2.01470e-02	6.03485	0.60685	4.36970e-05
2.53379e+04	1.66221e-02	1.91101e-02	4.84542	0.47897	4.36970e-05
2.53845e+04	1.66244e-02	1.57946e-02	5.13061	2.04681	4.36970e-05
2.54311e+04	1.66263e-02	3.44953e-02	1.18517	1.81564	4.36970e-05
2.54777e+04	1.66205e-02	2.05233e-02	0.44513	2.71484	4.36970e-05
2.55243e+04	1.66151e-02	2.33059e-02	0.93721	4.33563	4.36970e-05
2.55709e+04	1.66157e-02	5.25671e-03	5.42062	5.09002	4.36970e-05
2.56175e+04	1.66196e-02	1.65632e-02	3.56791	5.42758	4.36970e-05
2.56640e+04	1.66052e-02	2.51293e-02	3.88870	1.01100	4.36970e-05
2.57106e+04	1.66187e-02	3.75557e-03	2.50256	2.62030	4.36970e-05
2.57572e+04	1.66219e-02	1.50513e-02	4.72851	2.33895	4.36970e-05
2.58038e+04	1.66252e-02	1.73629e-02	1.93557	2.65453	4.36970e-05
2.58504e+04	1.66142e-02	1.18579e-02	5.90452	3.82193	4.36970e-05
2.58970e+04	1.66102e-02	1.98636e-02	4.09877	3.97744	4.36970e-05
2.59436e+04	1.66111e-02	1.59095e-02	0.48654	6.27004	4.36970e-05
2.59901e+04	1.66093e-02	1.85424e-02	3.88050	5.66964	4.36970e-05
2.60367e+04	1.66031e-02	1.13182e-02	4.69892	4.85236	4.36970e-05
2.60833e+04	1.66200e-02	2.17430e-02	1.39379	2.70001	4.36970e-05
2.61299e+04	1.66156e-02	4.03985e-03	0.25439	0.14001	4.36970e-05
2.61765e+04	1.66102e-02	2.16567e-02	2.06486	4.93535	4.36970e-05
2.62231e+04	1.66016e-02	6.84429e-03	4.79878	4.80768	4.36970e-05
2.62697e+04	1.65902e-02	3.83289e-03	0.02965	0.36550	4.36970e-05
2.63162e+04	1.66091e-02	1.37849e-02	4.68827	0.17059	4.36970e-05
2.63628e+04	1.65982e-02	3.60459e-03	4.89008	2.74199	4.36970e-05
2.64094e+04	1.66035e-02	1.24060e-02	4.63605	3.11008	4.36970e-05
2.64560e+04	1.65989e-02	1.55129e-02	0.81650	2.81300	4.36970e-05
2.65026e+04	1.65965e-02	5.83498e-03	6.20425	2.97820	4.36970e-05
2.65492e+04	1.65989e-02	3.64972e-03	0.19053	4.75166	4.36970e-05
2.65958e+04	1.65936e-02	1.44833e-02	6.12636	5.63668	4.36970e-05
2.66423e+04	1.65882e-02	1.01747e-02	2.19529	5.53893	4.36970e-05
2.66889e+04	1.65983e-02	6.04698e-03	4.23134	0.05116	4.36970e-05
2.67355e+04	1.65864e-02	3.76204e-03	1.83374	1.01237	4.36970e-05
2.67821e+04	1.65998e-02	4.58098e-04	1.72389	3.24200	4.36970e-05
2.68287e+04	1.65943e-02	2.93026e-03	1.00287	1.62748	4.36970e-05
2.68753e+04	1.65920e-02	1.19580e-02	1.30253	4.45316	4.36970e-05
2.69219e+04	1.65876e-02	1.92841e-02	0.62429	4.88978	4.36970e-05
2.69684e+04	1.65781e-02	7.37861e-03	2.50814	4.83133	4.36970e-05
2.70150e+04	1.65864e-02	1.83274e-02	3.66926	2.33597	4.36970e-05
2.70616e+04	1.65777e-02	2.05854e-02	3.57310	3.44923	4.36970e-05
2.71082e+04	1.65866e-02	3.50849e-03	6.22554	0.63547	4.36970e-05
2.71548e+04	1.65866e-02	1.27122e-02	5.87232	3.35605	4.36970e-05
2.72014e+04	1.65888e-02	1.73653e-02	3.19816	5.54457	4.36970e-05
2.72480e+04	1.65925e-02	4.70085e-02	6.06586	5.58261	4.36970e-05
2.72945e+04	1.65795e-02	3.34780e-02	3.30264	0.21574	4.36970e-05
2.73411e+04	1.65812e-02	3.26871e-02	3.11110	3.13923	4.36970e-05
2.73877e+04	1.65778e-02	8.60718e-03	3.36068	1.03605	4.36970e-05
2.74343e+04	1.65790e-02	3.26761e-03	2.82506	4.98832	4.36970e-05
2.74809e+04	1.65694e-02	1.10375e-02	2.41165	4.93400	4.36970e-05
2.75275e+04	1.65607e-02	2.02056e-02	2.69014	5.80372	4.36970e-05
2.75741e+04	1.65703e-02	2.31824e-02	1.03488	2.22835	4.36970e-05
2.76206e+04	1.65703e-02	1.21004e-02	4.40144	3.81340	4.36970e-05
2.76672e+04	1.65713e-02	1.25919e-02	4.41130	2.79482	4.36970e-05
2.77138e+04	1.65612e-02	5.01094e-02	3.25319	4.45464	4.36970e-05
2.77604e+04	1.65631e-02	4.10428e-02	5.96645	4.39360	4.36970e-05
2.78070e+04	1.65569e-02	1.24560e-02	2.82163	5.01331	4.36970e-05
2.78536e+04	1.65676e-02	2.09711e-02	6.05798	4.69202	4.36970e-05
2.79002e+04	1.65628e-02	1.14715e-02	1.30481	5.29505	4.36970e-05
2.79467e+04	1.65588e-02	8.44742e-03	1.69292	0.00493	4.36970e-05
2.79933e+04	1.65463e-02	3.83256e-02	1.70048	3.80402	4.36970e-05
2.80399e+04	1.65550e-02	2.77121e-02	2.35027	0.12003	4.36970e-05
2.80865e+04	1.65582e-02	1.48640e-02	4.53289	4.02725	4.36970e-05
2.81331e+04	1.65564e-02	1.02995e-02	3.63981	0.11803	4.36970e-05
2.81797e+04	1.65564e-02	2.29260e-02	1.22300	0.84937	4.36970e-05
2.82263e+04	1.65543e-02	3.53604e-02	0.01216	3.32769	4.36970e-05
2.82728e+04	1.65575e-02	2.67078e-02	1.10897	1.38492	4.36970e-05
2.83194e+04	1.65441e-02	3.24399e-02	5.31313	3.27841	4.36970e-05
2.83660e+04	1.65501e-02	5.18843e-02	3.79898	6.15712	4.36970e-05
2.84126e+04	1.65548e-02	7.95787e-03	1.60821	2.39765	4.36970e-05
2.84592e+04	1.65516e-02	4.74195e-02	5.64983	5.66304	4.36970e-05
2.85058e+04	1.65409e-02	6.29332e-02	1.69978	1.31924	4.36970e-05
2.85524e+04	1.65410e-02	4.67209e-03	5.61590	4.64571	4.36970e-05
2.85989e+04	1.65422e-02	4.85409e-02	1.32603	6.24752	4.36970e-05
2.86455e+04	1.65469e-02	8.44847e-03	6.02790	5.93392	4.36970e-05
2.86921e+04	1.65514e-02	5.69713e-02	1.08405	0.63436	4.36970e-05
2.87387e+04	1.65339e-02	3.17606e-02	5.88947	3.13402	4.36970e-05
2.87853e+04	1.65480e-02	3.40382e-02	1.89495	0.59301	4.36970e-05
2.88319e+04	1.65402e-02	2.58442e-02	1.28077	4.53186	4.36970e-05
2.88785e+04	1.65365e-02	9.42567e-03	2.16799	5.83734	4.36970e-05
2.89250e+04	1.65372e-02	4.02381e-02	0.08181	4.78041	4.36970e-05
2.89716e+04	1.65331e-02	3.53013e-02	1.00735	2.73717	4.36970e-05
2.90182e+04	1.65334e-02	3.94713e-02	4.15787	6.23251	4.36970e-05
2.90648e+04	1.65273e-02	5.04863e-03	3.40115	0.05868	4.36970e-05
2.91114e+04	1.65212e-02	3.31442e-02	5.16094	1.22074	4.36970e-05
2.91580e+04	1.65259e-02	1.93473e-02	3.04526	3.99204	4.36970e-05
2.92046e+04	1.65218e-02	4.41179e-02	0.45549	2.35804	4.36970e-05
2.92511e+04	1.65268e-02	6.83563e-02	1.62561	5.88477	4.36970e-05
2.92977e+04	1.65323e-02	9.09230e-02	3.07106	0.99407	4.36970e-05
2.93443e+04	1.65218e-02	8.73347e-02	4.66299	1.57297	4.36970e-05
2.93909e+04	1.65216e-02	7.79658e-02	2.18222	2.76919	4.36970e-05
2.94375e+04	1.65159e-02	9.68231e-02	5.53879	3.59404	4.36970e-05
2.94841e+04	1.65284e-02	9.14224e-02	1.30863	4.12121	4.36970e-05
2.95307e+04	1.64998e-02	8.74977e-02	0.57328	4.88408	4.36970e-05
2.95772e+04	1.65170e-02	9.85336e-02	5.22632	5.36076	4.36970e-05
2.96238e+04	1.65218e-02	8.42610e-02	1.53955	5.78718	4.36970e-05
2.96704e+04	1.65191e-02	9.26858e-02	2.23816	6.18950	4.36970e-05
2.97170e+04	1.65098e-02	9.15249e-02	1.37814	0.33714	4.36970e-05
2.97636e+04	1.65072e-02	8.93728e-02	4.38426	0.69973	4.36970e-05
2.98102e+04	1.65192e-02	1.05927e-01	6.16403	1.22205	4.36970e-05
2.98568e+04	1.65101e-02	9.13485e-02	5.29255	1.59649	4.36970e-05
2.99033e+04	1.65020e-02	1.06369e-01	2.98292	2.06598	4.36970e-05
2.99499e+04	1.65177e-02	9.22769e-02	5.11359	2.56414	4.36970e-05
2.99965e+04	1.65176e-02	9.92910e-02	4.54025	2.95583	4.36970e-05
3.00431e+04	1.64922e-02	9.19504e-02	3.49671	3.58704	4.36970e-05
3.00897e+04	1.64921e-02	9.37834e-02	5.21391	3.94585	4.36970e-05
3.01363e+04	1.65122e-02	1.02008e-01	6.25979	4.63821	4.36970e-05
3.01829e+04	1.64940e-02	9.69202e-02	4.73039	5.06393	4.36970e-05
3.02294e+04	1.64903e-02	1.08242e-01	1.58586	5.74833	4.36970e-05
3.02760e+04	1.65080e-02	1.01365e-01	2.52545	0.05344	4.36970e-05
3.03226e+04	1.65013e-02	1.11343e-01	1.94117	0.68990	4.36970e-05
3.03692e+04	1.65111e-02	1.02516e-01	5.24422	1.41787	4.36970e-05
3.04158e+04	1.64895e-02	1.04894e-01	0.58161	1.98118	4.36970e-05
3.04624e+04	1.64949e-02	1.03938e-01	0.63888	2.83819	4.36970e-05
3.05090e+04	1.64819e-02	1.00203e-01	4.43344	3.36890	4.36970e-05
3.05555e+04	1.64912e-02	1.06124e-01	0.52324	4.33915	4.36970e-05
3.06021e+04	1.64969e-02	9.93623e-02	0.79618	4.91782	4.36970e-05
3.06487e+04	1.64870e-02	1.12928e-01	5.49549	5.96949	4.36970e-05
3.06953e+04	1.65003e-02	1.02293e-01	1.63269	0.37652	4.36970e-05
3.07419e+04	1.64833e-02	1.17247e-01	2.77327	1.43829	4.36970e-05
3.07885e+04	1.64794e-02	1.03910e-01	1.54427	2.30626	4.36970e-05
3.08351e+04	1.64984e-02	1.20101e-01	4.72045	3.33271	4.36970e-05
3.08816e+04	1.64857e-02	1.07674e-01	6.19950	4.38971	4.36970e-05
3.09282e+04	1.64736e-02	1.20292e-01	5.80852	5.36268	4.36970e-05
3.09748e+04	1.64744e-02	1.10696e-01	3.23677	0.30087	4.36970e-05
3.10214e+04	1.64705e-02	1.17905e-01	5.26090	1.26648	4.36970e-05
3.10680e+04	1.64741e-02	1.15036e-01	5.64748	2.61106	4.36970e-05
3.11146e+04	1.64908e-02	1.17874e-01	3.74240	3.61671	4.36970e-05
3.11612e+04	1.64556e-02	1.17371e-01	0.10491	5.02849	4.36970e-05
3.12077e+04	1.64747e-02	1.12711e-01	0.95121	6.13448	4.36970e-05
3.12543e+04	1.64811e-02	1.22167e-01	6.27218	1.27469	4.36970e-05
3.13009e+04	1.64736e-02	1.13178e-01	3.24586	2.53423	4.36970e-05
3.13475e+04	1.64682e-02	1.22326e-01	4.61092	3.92617	4.36970e-05
3.13941e+04	1.64880e-02	1.13218e-01	4.61536	5.38605	4.36970e-05
3.14407e+04	1.64572e-02	1.21500e-01	2.30556	0.44285	4.36970e-05
3.14873e+04	1.64673e-02	1.13700e-01	4.55561	2.10084	4.36970e-05
3.15338e+04	1.64564e-02	1.21467e-01	4.75228	3.39723	4.36970e-05
3.15804e+04	1.64780e-02	1.17239e-01	3.64357	5.21369	4.36970e-05
3.16270e+04	1.64712e-02	1.22428e-01	0.34333	0.24487	4.36970e-05
3.16736e+04	1.64695e-02	1.20833e-01	1.57564	2.13488	4.36970e-05
3.17202e+04	1.64648e-02	1.19998e-01	0.80020	3.53203	4.36970e-05
3.17668e+04	1.64562e-02	1.22148e-01	4.90729	5.43148	4.36970e-05
3.18134e+04	1.64616e-02	1.18680e-01	0.69898	0.69885	4.36970e-05
3.18599e+04	1.64601e-02	1.25652e-01	1.02799	2.54777	4.36970e-05
3.19065e+04	1.64472e-02	1.19193e-01	5.62190	4.27415	4.36970e-05
3.19531e+04	1.64493e-02	1.23789e-01	2.38173	6.06252	4.36970e-05
3.19997e+04	1.64398e-02	1.18477e-01	3.57098	1.70232	4.36970e-05
3.20463e+04	1.64404e-02	1.20918e-01	3.09207	3.47427	4.36970e-05
3.20929e+04	1.64625e-02	1.20289e-01	0.61295	5.56406	4.36970e-05
3.21395e+04	1.64332e-02	1.20906e-01	2.65212	1.08060	4.36970e-05
3.21860e+04	1.64644e-02	1.20980e-01	2.96178	3.26461	4.36970e-05
3.22326e+04	1.64619e-02	1.21452e-01	1.70042	5.14334	4.36970e-05
3.22792e+04	1.64329e-02	1.24038e-01	4.78626	1.06316	4.36970e-05
3.23258e+04	1.64531e-02	1.24784e-01	6.06580	3.07977	4.36970e-05
3.23724e+04	1.64477e-02	1.27627e-01	5.47786	5.25883	4.36970e-05
3.24190e+04	1.64528e-02	1.27303e-01	3.38052	1.15268	4.36970e-05
3.24656e+04	1.64405e-02	1.26348e-01	5.82992	3.27828	4.36970e-05
3.25121e+04	1.64469e-02	1.25145e-01	0.21915	5.59655	4.36970e-05
3.25587e+04	1.64461e-02	1.23500e-01	5.36286	1.43906	4.36970e-05
3.26053e+04	1.64461e-02	1.26753e-01	2.50293	3.87524	4.36970e-05
3.26519e+04	1.64467e-02	1.25323e-01	4.17798	6.03840	4.36970e-05
3.26985e+04	1.64428e-02	1.30478e-01	4.19582	2.23774	4.36970e-05
3.27451e+04	1.64254e-02	1.27158e-01	2.57513	4.45918	4.36970e-05
3.27917e+04	1.64417e-02	1.29412e-01	5.47221	0.67632	4.36970e-05
3.28382e+04	1.64394e-02	1.27064e-01	0.35969	3.00856	4.36970e-05
3.28848e+04	1.64191e-02	1.25873e-01	5.91653	5.53657	4.36970e-05
3.29314e+04	1.64182e-02	1.27982e-01	3.58338	1.72171	4.36970e-05
3.29780e+04	1.64163e-02	1.30516e-01	5.95820	4.21856	4.36970e-05
3.30246e+04	1.64409e-02	1.29543e-01	0.33895	0.52400	4.36970e-05
3.30712e+04	1.64333e-02	1.30743e-01	5.63537	3.02093	4.36970e-05
3.31178e+04	1.64204e-02	1.25905e-01	2.84754	5.75980	4.36970e-05
3.31643e+04	1.64274e-02	1.29785e-01	4.71486	1.99531	4.36970e-05
3.32109e+04	1.64357e-02	1.31757e-01	4.74857	4.82010	4.36970e-05
3.32575e+04	1.64385e-02	1.35288e-01	3.18180	1.08005	4.36970e-05
3.33041e+04	1.64208e-02	1.31782e-01	6.24509	3.96085	4.36970e-05
3.33507e+04	1.64168e-02	1.27867e-01	1.35759	0.34675	4.36970e-05
3.33973e+04	1.64197e-02	1.33777e-01	1.29009	3.23104	4.36970e-05
3.34439e+04	1.64270e-02	1.29017e-01	5.67737	6.05549	4.36970e-05
3.34904e+04	1.64331e-02	1.39216e-01	2.22968	2.55489	4.36970e-05
3.35370e+04	1.64180e-02	1.27937e-01	3.27187	5.56461	4.36970e-05
3.35836e+04	1.64090e-02	1.34075e-01	2.71182	2.00983	4.36970e-05
3.36302e+04	1.64126e-02	1.34360e-01	0.64252	5.16523	4.36970e-05
3.36768e+04	1.64160e-02	1.33601e-01	3.26737	1.59762	4.36970e-05
3.37234e+04	1.64011e-02	1.36650e-01	4.37395	4.73076	4.36970e-05
3.37700e+04	1.64192e-02	1.27739e-01	3.77523	1.33559	4.36970e-05
3.38165e+04	1.64191e-02	1.38187e-01	1.52589	4.37529	4.36970e-05
3.38631e+04	1.64143e-02	1.34140e-01	4.00137	1.17494	4.36970e-05
3.39097e+04	1.64040e-02	1.35708e-01	4.74479	4.08808	4.36970e-05
3.39563e+04	1.64175e-02	1.35444e-01	3.90126	1.05649	4.36970e-05
3.40029e+04	1.64003e-02	1.31998e-01	1.51330	4.02076	4.36970e-05
3.40495e+04	1.64063e-02	1.40117e-01	3.85043	1.00269	4.36970e-05
3.40961e+04	1.63821e-02	1.34225e-01	4.63870	4.04698	4.36970e-05
3.41426e+04	1.64098e-02	1.34206e-01	3.79229	1.03463	4.36970e-05
3.41892e+04	1.63973e-02	1.37281e-01	1.41184	4.19623	4.36970e-05
3.42358e+04	1.64045e-02	1.39139e-01	3.84388	1.14662	4.36970e-05
3.42824e+04	1.63885e-02	1.32884e-01	4.58274	4.40414	4.36970e-05
3.43290e+04	1.63946e-02	1.38747e-01	3.83666	1.34345	4.36970e-05
3.43756e+04	1.63842e-02	1.34882e-01	1.36880	4.76353	4.36970e-05
3.44221e+04	1.63975e-02	1.40094e-01	3.79843	1.60219	4.36970e-05
3.44687e+04	1.63949e-02	1.38293e-01	4.62776	5.14679	4.36970e-05
3.45153e+04	1.63925e-02	1.34963e-01	3.86417	2.07452	4.36970e-05
3.45619e+04	1.64007e-02	1.44251e-01	1.59657	5.54777	4.36970e-05
3.46085e+04	1.63891e-02	1.33590e-01	4.11268	2.64739	4.36970e-05
3.46551e+04	1.63833e-02	1.37335e-01	5.05546	6.03242	4.36970e-05
3.47017e+04	1.63938e-02	1.41037e-01	4.50021	3.27840	4.36970e-05
3.47482e+04	1.63934e-02	1.38235e-01	2.43169	0.36490	4.36970e-05
3.47948e+04	1.63807e-02	1.37538e-01	5.09371	3.96155	4.36970e-05
3.48414e+04	1.63912e-02	1.42203e-01	0.08986	1.10569	4.36970e-05
3.48880e+04	1.63920e-02	1.38504e-01	6.01593	4.71764	4.36970e-05
3.49346e+04	1.63662e-02	1.36308e-01	4.16761	1.88842	4.36970e-05
3.49812e+04	1.63861e-02	1.43494e-01	0.93807	5.53199	4.36970e-05
3.50278e+04	1.63612e-02	1.36437e-01	2.35687	2.81141	4.36970e-05
3.50743e+04	1.63656e-02	1.40404e-01	2.41287	0.05601	4.36970e-05
3.51209e+04	1.63743e-02	1.40884e-01	0.89672	3.82145	4.36970e-05
3.51675e+04	1.63615e-02	1.38652e-01	4.17486	1.02404	4.36970e-05
3.52141e+04	1.63721e-02	1.40921e-01	6.01693	4.79252	4.36970e-05
3.52607e+04	1.63694e-02	1.42015e-01	0.07696	2.13773	4.36970e-05
3.53073e+04	1.63589e-02	1.40779e-01	5.26922	5.87326	4.36970e-05
3.53539e+04	1.63572e-02	1.37813e-01	2.62846	3.26687	4.36970e-05
3.54004e+04	1.63675e-02	1.44891e-01	4.86469	0.76178	4.36970e-05
3.54470e+04	1.63790e-02	1.38913e-01	5.63547	4.53842	4.36970e-05
3.54936e+04	1.63527e-02	1.41209e-01	4.88156	1.93479	4.36970e-05
3.55402e+04	1.63661e-02	1.45821e-01	2.71885	5.88014	4.36970e-05
3.55868e+04	1.63693e-02	1.40138e-01	5.40505	3.26696	4.36970e-05
3.56334e+04	1.63625e-02	1.42806e-01	0.29338	0.90613	4.36970e-05
3.56800e+04	1.63633e-02	1.44822e-01	0.09432	4.71348	4.36970e-05
3.57265e+04	1.63439e-02	1.40703e-01	4.74118	2.30058	4.36970e-05
3.57731e+04	1.63567e-02	1.40358e-01	1.63471	6.20343	4.36970e-05
3.58197e+04	1.63646e-02	1.47889e-01	3.40672	3.75951	4.36970e-05
3.58663e+04	1.63463e-02	1.40128e-01	3.71971	1.51093	4.36970e-05
3.59129e+04	1.63568e-02	1.43131e-01	2.59456	5.29166	4.36970e-05
3.59595e+04	1.63508e-02	1.46802e-01	0.16301	3.06326	4.36970e-05
3.60061e+04	1.63309e-02	1.38971e-01	2.51569	0.67170	4.36970e-05
3.60526e+04	1.63335e-02	1.45732e-01	3.46844	4.67546	4.36970e-05
3.60992e+04	1.63531e-02	1.43739e-01	3.02290	2.34704	4.36970e-05
3.61458e+04	1.63455e-02	1.44769e-01	1.23217	0.07465	4.36970e-05
3.61924e+04	1.63392e-02	1.43607e-01	4.19536	4.14465	4.36970e-05
3.62390e+04	1.63472e-02	1.42626e-01	5.86997	1.77698	4.36970e-05
3.62856e+04	1.63509e-02	1.48106e-01	6.00830	5.97029	4.36970e-05
3.63322e+04	1.63541e-02	1.43336e-01	4.91904	3.63276	4.36970e-05
3.63787e+04	1.63396e-02	1.44761e-01	2.30241	1.49624	4.36970e-05
3.64253e+04	1.63237e-02	1.46877e-01	4.65855	5.54282	4.36970e-05
3.64719e+04	1.63391e-02	1.45105e-01	5.63820	3.37303	4.36970e-05
3.65185e+04	1.63191e-02	1.42082e-01	5.09860	1.23836	4.36970e-05
3.65651e+04	1.63409e-02	1.47528e-01	3.31887	5.27590	4.36970e-05
3.66117e+04	1.63391e-02	1.46283e-01	0.09684	3.26947	4.36970e-05
3.66583e+04	1.63319e-02	1.45565e-01	1.79380	1.04240	4.36970e-05
3.67048e+04	1.63244e-02	1.43649e-01	2.09767	5.25173	4.36970e-05
3.67514e+04	1.63403e-02	1.47654e-01	1.05685	3.13456	4.36970e-05
3.67980e+04	1.63355e-02	1.47340e-01	4.98677	1.05355	4.36970e-05
3.68446e+04	1.63366e-02	1.42847e-01	1.18835	5.27032	4.36970e-05
3.68912e+04	1.63281e-02	1.50008e-01	2.33800	3.14383	4.36970e-05
3.69378e+04	1.63298e-02	1.45788e-01	2.25504	1.18612	4.36970e-05
3.69844e+04	1.63336e-02	1.46333e-01	0.69729	5.34333	4.36970e-05
3.70309e+04	1.63245e-02	1.47777e-01	4.06233	3.36891	4.36970e-05
3.70775e+04	1.63273e-02	1.46880e-01	6.21510	1.32081	4.36970e-05
3.71241e+04	1.63113e-02	1.49237e-01	0.58387	5.63422	4.36970e-05
3.71707e+04	1.63156e-02	1.44239e-01	6.25549	3.65189	4.36970e-05
3.72173e+04	1.63181e-02	1.50127e-01	4.30157	1.64020	4.36970e-05
3.72639e+04	1.63141e-02	1.47039e-01	0.93705	6.02288	4.36970e-05
3.73105e+04	1.62977e-02	1.47250e-01	2.56386	4.01731	4.36970e-05
3.73570e+04	1.63135e-02	1.47621e-01	2.88335	2.13167	4.36970e-05
3.74036e+04	1.62935e-02	1.45580e-01	1.78233	0.14839	4.36970e-05
3.74502e+04	1.63107e-02	1.51408e-01	5.71160	4.55848	4.36970e-05
3.74968e+04	1.63226e-02	1.45557e-01	1.96917	2.65693	4.36970e-05
3.75434e+04	1.63166e-02	1.49239e-01	3.24886	0.72301	4.36970e-05
3.75900e+04	1.63083e-02	1.47557e-01	3.08550	5.15404	4.36970e-05
3.76366e+04	1.62895e-02	1.49193e-01	1.77900	3.23764	4.36970e-05
3.76831e+04	1.63112e-02	1.48237e-01	5.36633	1.41938	4.36970e-05
3.77297e+04	1.63049e-02	1.46713e-01	1.37420	5.76710	4.36970e-05
3.77763e+04	1.62854e-02	1.51407e-01	2.41505	3.96291	4.36970e-05
3.78229e+04	1.62890e-02	1.46727e-01	2.06922	2.12944	4.36970e-05
3.78695e+04	1.63025e-02	1.48767e-01	0.49774	0.27292	4.36970e-05
3.79161e+04	1.63106e-02	1.47916e-01	3.72541	4.76005	4.36970e-05
3.79627e+04	1.62821e-02	1.51441e-01	5.69174	2.91850	4.36970e-05
3.80092e+04	1.63075e-02	1.48077e-01	0.01336	1.19418	4.36970e-05
3.80558e+04	1.62993e-02	1.48702e-01	5.72589	5.61248	4.36970e-05
3.81024e+04	1.62900e-02	1.50512e-01	3.76490	3.86554	4.36970e-05
3.81490e+04	1.62966e-02	1.49610e-01	0.56015	2.07945	4.36970e-05
3.81956e+04	1.62868e-02	1.51367e-01	2.37322	0.31985	4.36970e-05
3.82422e+04	1.62766e-02	1.46923e-01	2.86798	4.87042	4.36970e-05
3.82888e+04	1.62862e-02	1.52009e-01	2.10958	3.06114	4.36970e-05
3.83353e+04	1.62915e-02	1.49245e-01	6.28090	1.39192	4.36970e-05
3.83819e+04	1.62950e-02	1.51337e-01	2.91959	5.88816	4.36970e-05
3.84285e+04	1.62846e-02	1.49407e-01	4.43931	4.22449	4.36970e-05
3.84751e+04	1.62925e-02	1.50776e-01	4.63930	2.47649	4.36970e-05
3.85217e+04	1.62675e-02	1.48994e-01	3.68039	0.76945	4.36970e-05
3.85683e+04	1.62866e-02	1.51370e-01	1.48902	5.39199	4.36970e-05
3.86149e+04	1.62682e-02	1.49211e-01	4.32516	3.65403	4.36970e-05
3.86614e+04	1.62658e-02	1.48634e-01	5.81527	2.04136	4.36970e-05
3.87080e+04	1.62610e-02	1.49488e-01	6.06039	0.28035	4.36970e-05
3.87546e+04	1.62632e-02	1.51088e-01	4.90213	4.97821	4.36970e-05
3.88012e+04	1.62828e-02	1.51280e-01	2.48216	3.27900	4.36970e-05
3.88478e+04	1.62567e-02	1.49839e-01	5.05253	1.65028	4.36970e-05
3.88944e+04	1.62749e-02	1.51484e-01	0.11600	6.28072	4.36970e-05
3.89410e+04	1.62743e-02	1.52532e-01	0.23562	4.62880	4.36970e-05
3.89875e+04	1.62680e-02	1.52878e-01	5.39465	3.05949	4.36970e-05
3.90341e+04	1.62754e-02	1.49728e-01	2.93978	1.38562	4.36970e-05
3.90807e+04	1.62731e-02	1.52793e-01	5.41100	6.09967	4.36970e-05
3.91273e+04	1.62682e-02	1.50286e-01	0.39800	4.45943	4.36970e-05
3.91739e+04	1.62622e-02	1.53807e-01	0.37548	2.89987	4.36970e-05
3.92205e+04	1.62694e-02	1.49210e-01	5.41123	1.31136	4.36970e-05
3.92671e+04	1.62689e-02	1.52428e-01	2.94928	5.98197	4.36970e-05
3.93136e+04	1.62692e-02	1.51390e-01	5.47114	4.44536	4.36970e-05
3.93602e+04	1.62610e-02	1.52532e-01	0.45494	2.84483	4.36970e-05
3.94068e+04	1.62604e-02	1.50710e-01	0.38701	1.31996	4.36970e-05
3.94534e+04	1.62611e-02	1.50951e-01	5.31130	6.01835	4.36970e-05
3.95000e+04	1.62666e-02	1.52364e-01	2.75379	4.47451	4.36970e-05
3.95466e+04	1.62496e-02	1.51907e-01	5.24272	2.95143	4.36970e-05
3.95932e+04	1.62613e-02	1.52762e-01	0.25316	1.38253	4.36970e-05
3.96397e+04	1.62525e-02	1.51330e-01	0.18508	6.18686	4.36970e-05
3.96863e+04	1.62389e-02	1.51501e-01	5.13501	4.60055	4.36970e-05
3.97329e+04	1.62564e-02	1.52619e-01	2.48793	3.14126	4.36970e-05
3.97795e+04	1.62356e-02	1.52154e-01	4.94213	1.58008	4.36970e-05
3.98261e+04	1.62282e-02	1.52555e-01	6.19493	0.10377	4.36970e-05
3.98727e+04	1.62295e-02	1.52339e-01	6.25003	4.88101	4.36970e-05
3.99193e+04	1.62317e-02	1.50920e-01	4.95277	3.36667	4.36970e-05
3.99658e+04	1.62487e-02	1.53002e-01	2.29922	1.90523	4.36970e-05
4.00124e+04	1.62249e-02	1.51355e-01	4.70115	0.37954	4.36970e-05
4.00590e+04	1.62380e-02	1.55060e-01	5.94629	5.22689	4.36970e-05
4.01056e+04	1.62399e-02	1.51506e-01	6.00387	3.72418	4.36970e-05
4.01522e+04	1.62362e-02	1.53656e-01	4.79753	2.26281	4.36970e-05
4.01988e+04	1.62405e-02	1.51311e-01	2.19050	0.80437	4.36970e-05
4.02454e+04	1.62343e-02	1.55483e-01	4.62456	5.60883	4.36970e-05
4.02919e+04	1.62333e-02	1.51563e-01	5.84926	4.19813	4.36970e-05
4.03385e+04	1.62408e-02	1.53567e-01	5.86862	2.69681	4.36970e-05
4.03851e+04	1.62344e-02	1.52425e-01	4.61849	1.29622	4.36970e-05
4.04317e+04	1.62376e-02	1.54467e-01	2.11346	6.10237	4.36970e-05
4.04783e+04	1.62408e-02	1.52700e-01	4.51792	4.69524	4.36970e-05
4.05249e+04	1.62286e-02	1.54032e-01	5.72066	3.26416	4.36970e-05
4.05715e+04	1.62249e-02	1.52026e-01	5.79496	1.81202	4.36970e-05
4.06180e+04	1.62251e-02	1.54206e-01	4.52843	0.42457	4.36970e-05
4.06646e+04	1.62322e-02	1.53544e-01	2.01238	5.25474	4.36970e-05
4.07112e+04	1.62261e-02	1.54857e-01	4.48715	3.88795	4.36970e-05
4.07578e+04	1.62189e-02	1.51757e-01	5.72306	2.44123	4.36970e-05
4.08044e+04	1.62232e-02	1.55798e-01	5.81302	1.05576	4.36970e-05
4.08510e+04	1.62054e-02	1.51474e-01	4.60910	5.93933	4.36970e-05
4.08976e+04	1.62250e-02	1.55987e-01	2.12168	4.53142	4.36970e-05
4.09441e+04	1.62061e-02	1.50909e-01	4.58545	3.17072	4.36970e-05
4.09907e+04	1.61917e-02	1.54351e-01	5.84456	1.73868	4.36970e-05
4.10373e+04	1.61942e-02	1.51616e-01	5.88654	0.39698	4.36970e-05
4.10839e+04	1.61955e-02	1.54495e-01	4.67169	5.26680	4.36970e-05
4.11305e+04	1.62164e-02	1.52730e-01	2.13550	3.91184	4.36970e-05
4.11771e+04	1.61908e-02	1.54354e-01	4.60557	2.53106	4.36970e-05
4.12237e+04	1.62120e-02	1.53335e-01	5.94593	1.15159	4.36970e-05
4.12702e+04	1.62100e-02	1.55769e-01	5.99575	6.09551	4.36970e-05
4.13168e+04	1.62113e-02	1.52105e-01	4.73674	4.69761	4.36970e-05
4.13634e+04	1.62088e-02	1.55644e-01	2.14454	3.37260	4.36970e-05
4.14100e+04	1.62057e-02	1.52398e-01	4.60894	1.98848	4.36970e-05
4.14566e+04	1.61993e-02	1.55980e-01	5.92980	0.65303	4.36970e-05
4.15032e+04	1.61990e-02	1.52833e-01	5.93078	5.59002	4.36970e-05
4.15498e+04	1.62109e-02	1.55476e-01	4.63147	4.22099	4.36970e-05
4.15963e+04	1.62017e-02	1.53299e-01	2.01907	2.90851	4.36970e-05
4.16429e+04	1.62059e-02	1.56496e-01	4.48878	1.53157	4.36970e-05
4.16895e+04	1.61991e-02	1.53252e-01	5.70518	0.23874	4.36970e-05
4.17361e+04	1.61910e-02	1.54372e-01	5.66558	5.14610	4.36970e-05
4.17827e+04	1.61943e-02	1.54482e-01	4.24444	3.83825	4.36970e-05
4.18293e+04	1.61941e-02	1.55327e-01	1.64229	2.49892	4.36970e-05
4.18759e+04	1.61899e-02	1.54100e-01	4.09731	1.17039	4.36970e-05
4.19224e+04	1.61895e-02	1.55243e-01	5.18324	6.14944	4.36970e-05
4.19690e+04	1.61961e-02	1.54187e-01	4.91658	4.79766	4.36970e-05
4.20156e+04	1.61755e-02	1.54625e-01	3.45401	3.50317	4.36970e-05
4.20622e+04	1.61874e-02	1.54325e-01	0.84795	2.16840	4.36970e-05
4.21088e+04	1.61694e-02	1.55284e-01	3.13662	0.86989	4.36970e-05
4.21554e+04	1.61691e-02	1.52346e-01	4.01008	5.84014	4.36970e-05
4.22020e+04	1.61681e-02	1.54582e-01	3.68455	4.51066	4.36970e-05
4.22485e+04	1.61654e-02	1.54450e-01	2.12403	3.23649	4.36970e-05
4.22951e+04	1.61844e-02	1.55246e-01	5.60906	1.89392	4.36970e-05
4.23417e+04	1.61677e-02	1.53755e-01	1.36236	0.63231	4.36970e-05
4.23883e+04	1.61788e-02	1.54943e-01	2.11602	5.57493	4.36970e-05
4.24349e+04	1.61766e-02	1.55453e-01	1.65956	4.30045	4.36970e-05
4.24815e+04	1.61783e-02	1.54314e-01	6.25524	2.98745	4.36970e-05
4.25281e+04	1.61749e-02	1.55314e-01	3.18551	1.69310	4.36970e-05
4.25746e+04	1.61734e-02	1.54857e-01	5.02395	0.40717	4.36970e-05
4.26212e+04	1.61494e-02	1.54981e-01	5.63004	5.37634	4.36970e-05
4.26678e+04	1.61725e-02	1.55445e-01	4.93504	4.10622	4.36970e-05
4.27144e+04	1.61654e-02	1.54995e-01	2.90151	2.79506	4.36970e-05
4.27610e+04	1.61677e-02	1.53998e-01	5.80007	1.51677	4.36970e-05
4.28076e+04	1.61684e-02	1.54565e-01	1.17903	0.22495	4.36970e-05
4.28542e+04	1.61722e-02	1.55335e-01	1.51615	5.21232	4.36970e-05
4.29007e+04	1.61598e-02	1.55194e-01	0.45478	3.95016	4.36970e-05
4.29473e+04	1.61608e-02	1.54762e-01	4.36615	2.63251	4.36970e-05
4.29939e+04	1.61450e-02	1.55533e-01	0.70924	1.38078	4.36970e-05
4.30405e+04	1.61410e-02	1.53373e-01	2.00538	0.06304	4.36970e-05
4.30871e+04	1.61434e-02	1.56015e-01	1.87750	5.08811	4.36970e-05
4.31337e+04	1.61426e-02	1.53507e-01	0.46385	3.79566	4.36970e-05
4.31803e+04	1.61547e-02	1.56446e-01	4.04766	2.51520	4.36970e-05
4.32268e+04	1.61514e-02	1.53262e-01	6.24261	1.24614	4.36970e-05
4.32734e+04	1.61574e-02	1.56190e-01	0.77070	6.22656	4.36970e-05
4.33200e+04	1.61538e-02	1.53859e-01	0.29747	4.97436	4.36970e-05
4.33666e+04	1.61424e-02	1.55474e-01	4.78783	3.67078	4.36970e-05
4.34132e+04	1.61548e-02	1.54239e-01	1.56773	2.41261	4.36970e-05
4.34598e+04	1.61588e-02	1.56155e-01	3.22312	1.11915	4.36970e-05
4.35064e+04	1.61360e-02	1.54200e-01	3.56441	6.12657	4.36970e-05
4.35529e+04	1.61550e-02	1.56904e-01	2.56263	4.85907	4.36970e-05
4.35995e+04	1.61485e-02	1.54785e-01	0.11612	3.56357	4.36970e-05
4.36461e+04	1.61296e-02	1.55603e-01	2.50561	2.30698	4.36970e-05
4.36927e+04	1.61301e-02	1.53849e-01	3.65230	1.00798	4.36970e-05
4.37393e+04	1.61366e-02	1.56818e-01	3.41334	6.02727	4.36970e-05
4.37859e+04	1.61355e-02	1.54309e-01	1.64571	4.74301	4.36970e-05
4.38325e+04	1.61233e-02	1.55616e-01	4.86587	3.45994	4.36970e-05
4.38790e+04	1.61346e-02	1.54416e-01	0.45006	2.19663	4.36970e-05
4.39256e+04	1.61414e-02	1.56061e-01	0.82790	0.89276	4.36970e-05
4.39722e+04	1.61372e-02	1.54839e-01	5.97318	5.92555	4.36970e-05
4.40188e+04	1.61287e-02	1.55566e-01	3.62528	4.61420	4.36970e-05
4.40654e+04	1.61173e-02	1.54507e-01	6.08732	3.36053	4.36970e-05
4.41120e+04	1.61365e-02	1.55650e-01	0.73128	2.05499	4.36970e-05
4.41586e+04	1.61050e-02	1.55050e-01	0.30001	0.78580	4.36970e-05
4.42051e+04	1.61339e-02	1.55790e-01	4.81272	5.78484	4.36970e-05
4.42517e+04	1.61259e-02	1.55737e-01	1.44424	4.49319	4.36970e-05
4.42983e+04	1.61264e-02	1.55667e-01	2.92414	3.22011	4.36970e-05
4.43449e+04	1.61133e-02	1.54627e-01	3.03574	1.91547	4.36970e-05
4.43915e+04	1.61288e-02	1.54829e-01	1.64639	0.64358	4.36970e-05
4.44381e+04	1.61310e-02	1.55084e-01	4.94423	5.62825	4.36970e-05
4.44847e+04	1.61222e-02	1.55389e-01	0.66108	4.33763	4.36970e-05
4.45312e+04	1.61269e-02	1.55680e-01	1.13480	3.05349	4.36970e-05
4.45778e+04	1.61159e-02	1.55532e-01	0.11286	1.74125	4.36970e-05
4.46244e+04	1.61164e-02	1.56020e-01	3.80543	0.47342	4.36970e-05
4.46710e+04	1.61209e-02	1.54926e-01	6.09154	5.43387	4.36970e-05
4.47176e+04	1.60949e-02	1.54515e-01	0.54014	4.16123	4.36970e-05
4.47642e+04	1.61228e-02	1.54585e-01	6.02555	2.83668	4.36970e-05
4.48108e+04	1.61100e-02	1.56331e-01	3.70468	1.55161	4.36970e-05
4.48573e+04	1.61079e-02	1.54531e-01	6.21763	0.23847	4.36970e-05
4.49039e+04	1.61183e-02	1.56403e-01	0.87410	5.21782	4.36970e-05
4.49505e+04	1.61112e-02	1.54594e-01	0.16758	3.91248	4.36970e-05
4.49971e+04	1.61106e-02	1.56083e-01	4.32839	2.59327	4.36970e-05
4.50437e+04	1.61162e-02	1.54149e-01	0.60046	1.29363	4.36970e-05
4.50903e+04	1.60942e-02	1.54937e-01	1.47200	6.24970	4.36970e-05
4.51369e+04	1.60997e-02	1.54708e-01	0.92627	4.93930	4.36970e-05
4.51834e+04	1.61095e-02	1.56376e-01	5.02174	3.61628	4.36970e-05
4.52300e+04	1.61049e-02	1.55015e-01	1.18619	2.28861	4.36970e-05
4.52766e+04	1.60897e-02	1.54772e-01	2.13287	0.97540	4.36970e-05
4.53232e+04	1.61029e-02	1.53463e-01	1.45988	5.91135	4.36970e-05
4.53698e+04	1.61005e-02	1.55991e-01	5.33605	4.60214	4.36970e-05
4.54164e+04	1.61038e-02	1.54747e-01	1.37844	3.24449	4.36970e-05
4.54630e+04	1.61001e-02	1.56851e-01	2.12759	1.92809	4.36970e-05
4.55095e+04	1.61019e-02	1.53687e-01	1.25211	0.57234	4.36970e-05
4.55561e+04	1.60956e-02	1.55606e-01	4.84948	5.51898	4.36970e-05
4.56027e+04	1.60902e-02	1.53722e-01	0.59316	4.17125	4.36970e-05
4.56493e+04	1.60700e-02	1.55586e-01	1.02240	2.81673	4.36970e-05
4.56959e+04	1.60907e-02	1.54052e-01	5.95741	1.47345	4.36970e-05
4.57425e+04	1.60898e-02	1.55886e-01	2.98820	0.09984	4.36970e-05
4.57891e+04	1.60800e-02	1.52865e-01	4.60716	5.03625	4.36970e-05
4.58356e+04	1.60777e-02	1.55293e-01	4.39990	3.66143	4.36970e-05
4.58822e+04	1.60882e-02	1.54776e-01	2.61458	2.29666	4.36970e-05
4.59288e+04	1.60945e-02	1.55468e-01	5.37293	0.92812	4.36970e-05
4.59754e+04	1.60690e-02	1.52926e-01	0.03241	5.82316	4.36970e-05
4.60220e+04	1.60881e-02	1.56293e-01	5.50871	4.45982	4.36970e-05
4.60686e+04	1.60820e-02	1.54236e-01	3.03751	3.05243	4.36970e-05
4.61152e+04	1.60719e-02	1.54630e-01	5.04426	1.68687	4.36970e-05
4.61617e+04	1.60698e-02	1.52995e-01	5.20965	0.26721	4.36970e-05
4.62083e+04	1.60745e-02	1.55685e-01	3.63108	5.17103	4.36970e-05
4.62549e+04	1.60761e-02	1.53217e-01	0.29755	3.75714	4.36970e-05
4.63015e+04	1.60539e-02	1.54842e-01	1.31590	2.35399	4.36970e-05
4.63481e+04	1.60715e-02	1.53378e-01	0.61830	0.94213	4.36970e-05
4.63947e+04	1.60706e-02	1.54697e-01	4.34601	5.80150	4.36970e-05
4.64413e+04	1.60686e-02	1.53843e-01	6.15038	4.38742	4.36970e-05
4.64878e+04	1.60664e-02	1.54756e-01	6.23899	2.95133	4.36970e-05
4.65344e+04	1.60705e-02	1.53246e-01	4.39423	1.52668	4.36970e-05
4.65810e+04	1.60664e-02	1.54838e-01	0.58769	0.08520	4.36970e-05
