# t	a	e	mean_anomaly	varpi	mass/M_star
0.00000e+00	2.33885e-02	1.77500e-02	2.25986	5.73132	1.29620e-05
4.65857e+01	2.33844e-02	2.19739e-02	4.39635	3.86708	1.29620e-05
9.31714e+01	2.33845e-02	1.95526e-02	0.96628	1.08439	1.29620e-05
1.39757e+02	2.34018e-02	2.60462e-02	3.42640	6.00014	1.29620e-05
1.86343e+02	2.34052e-02	2.16225e-02	0.03248	3.70578	1.29620e-05
2.32928e+02	2.33920e-02	2.26405e-02	2.50049	1.93481	1.29620e-05
2.79514e+02	2.33959e-02	1.96817e-02	5.76131	4.71946	1.29620e-05
3.26100e+02	2.33986e-02	2.20492e-02	2.25141	1.27801	1.29620e-05
3.72685e+02	2.33962e-02	2.25720e-02	5.63493	5.07820	1.29620e-05
4.19271e+02	2.33867e-02	1.76105e-02	2.20695	3.99502	1.29620e-05
4.65857e+02	2.33904e-02	2.14725e-02	5.51258	0.95361	1.29620e-05
5.12442e+02	2.34004e-02	2.23257e-02	2.13007	3.38547	1.29620e-05
5.59028e+02	2.33932e-02	1.93057e-02	5.06864	0.24920	1.29620e-05
6.05614e+02	2.33898e-02	1.76545e-02	2.13086	4.80307	1.29620e-05
6.52199e+02	2.33889e-02	2.29085e-02	5.21715	2.26587	1.29620e-05
6.98785e+02	2.33881e-02	1.89565e-02	2.25091	5.43159	1.29620e-05
7.45371e+02	2.33966e-02	2.06216e-02	5.27475	1.64164	1.29620e-05
7.91956e+02	2.33927e-02	2.32565e-02	2.28518	3.75978	1.29620e-05
8.38542e+02	2.33852e-02	2.03841e-02	5.47827	0.12914	1.29620e-05
8.85128e+02	2.33855e-02	1.83882e-02	2.39036	4.70756	1.29620e-05
9.31713e+02	2.33957e-02	2.48597e-02	5.37678	2.78135	1.29620e-05
9.78299e+02	2.34012e-02	2.42809e-02	1.93094	1.51222	1.29620e-05
1.02488e+03	2.33935e-02	2.04131e-02	5.13748	5.51310	1.29620e-05
1.07147e+03	2.33963e-02	2.29124e-02	1.73696	1.94930	1.29620e-05
1.11806e+03	2.33850e-02	2.07424e-02	4.93872	4.56961	1.29620e-05
1.16464e+03	2.33896e-02	1.84092e-02	1.90235	1.68195	1.29620e-05
1.21123e+03	2.33944e-02	2.34678e-02	4.85360	5.89553	1.29620e-05
1.25781e+03	2.33942e-02	2.33548e-02	2.30490	3.24161	1.29620e-05
1.30440e+03	2.33937e-02	1.97364e-02	5.43315	6.06951	1.29620e-05
1.35098e+03	2.33940e-02	2.46043e-02	2.78242	3.79041	1.29620e-05
1.39757e+03	2.33995e-02	2.13437e-02	6.02926	0.82125	1.29620e-05
1.44416e+03	2.33905e-02	1.92534e-02	3.10181	4.38959	1.29620e-05
1.49074e+03	2.33837e-02	1.82696e-02	0.39709	2.27095	1.29620e-05
1.53733e+03	2.33945e-02	1.98849e-02	3.80983	5.41773	1.29620e-05
1.58391e+03	2.33978e-02	2.34123e-02	0.76246	1.45716	1.29620e-05
1.63050e+03	2.33891e-02	2.18837e-02	3.84914	4.54804	1.29620e-05
1.67708e+03	2.33984e-02	2.20996e-02	0.86918	1.33516	1.29620e-05
1.72367e+03	2.33964e-02	2.16549e-02	4.16156	4.17253	1.29620e-05
1.77026e+03	2.33865e-02	2.22431e-02	0.77561	0.84515	1.29620e-05
1.81684e+03	2.33955e-02	2.24286e-02	4.20430	3.44427	1.29620e-05
1.86343e+03	2.34001e-02	2.21256e-02	0.69071	0.43958	1.29620e-05
1.91001e+03	2.33977e-02	2.38222e-02	3.88989	3.09422	1.29620e-05
1.95660e+03	2.34094e-02	2.56310e-02	0.67711	5.29458	1.29620e-05
2.00318e+03	2.34046e-02	2.39145e-02	3.17094	1.18216	1.29620e-05
2.04977e+03	2.33910e-02	2.18350e-02	6.10855	3.09119	1.29620e-05
2.09636e+03	2.33961e-02	2.16493e-02	3.26874	5.40637	1.29620e-05
2.14294e+03	2.33973e-02	2.33753e-02	0.69882	1.16592	1.29620e-05
2.18953e+03	2.34017e-02	2.52857e-02	4.29418	3.63918	1.29620e-05
2.23611e+03	2.33916e-02	2.25735e-02	1.55637	0.59782	1.29620e-05
2.28270e+03	2.33900e-02	2.07491e-02	5.49591	4.58855	1.29620e-05
2.32928e+03	2.33990e-02	2.24765e-02	1.65780	5.19501	1.29620e-05
2.37587e+03	2.34001e-02	2.09364e-02	4.01661	2.16690	1.29620e-05
2.42245e+03	2.33977e-02	1.86073e-02	4.33793	2.55457	1.29620e-05
2.46904e+03	2.33911e-02	1.75325e-02	3.92902	4.92267	1.29620e-05
2.51563e+03	2.33876e-02	9.77092e-03	3.98710	2.23264	1.29620e-05
2.56221e+03	2.33708e-02	4.21269e-03	6.14342	2.84867	1.29620e-05
2.60880e+03	2.33886e-02	4.09517e-03	1.65544	0.53499	1.29620e-05
2.65538e+03	2.33789e-02	9.71210e-03	0.49373	2.85528	1.29620e-05
2.70197e+03	2.34046e-02	1.55835e-02	5.25704	2.42581	1.29620e-05
2.74855e+03	2.33785e-02	1.07574e-02	0.32921	0.21887	1.29620e-05
2.79514e+03	2.33855e-02	1.01269e-02	1.93171	4.55987	1.29620e-05
2.84173e+03	2.33894e-02	2.05657e-03	1.62748	1.90598	1.29620e-05
2.88831e+03	2.33864e-02	7.05755e-03	1.95449	2.71725	1.29620e-05
2.93490e+03	2.33853e-02	1.13059e-02	5.01290	1.90751	1.29620e-05
2.98148e+03	2.33910e-02	1.95890e-02	1.67461	2.18461	1.29620e-05
3.02807e+03	2.33924e-02	1.47372e-02	1.04633	2.08962	1.29620e-05
3.07465e+03	2.33900e-02	9.97445e-03	4.66499	1.54346	1.29620e-05
3.12124e+03	2.33972e-02	1.96673e-02	4.20469	0.49266	1.29620e-05
3.16783e+03	2.33950e-02	1.80146e-02	3.87948	1.78820	1.29620e-05
3.21441e+03	2.33845e-02	1.88402e-02	2.91931	0.56540	1.29620e-05
3.26100e+03	2.33858e-02	1.97327e-02	5.61502	1.74005	1.29620e-05
3.30758e+03	2.33883e-02	1.25504e-02	2.07399	5.20667	1.29620e-05
3.35417e+03	2.33983e-02	1.75422e-02	5.08726	4.53996	1.29620e-05
3.40075e+03	2.33885e-02	1.02442e-02	4.10460	4.24576	1.29620e-05
3.44734e+03	2.33951e-02	5.14887e-03	5.47885	2.60450	1.29620e-05
3.49393e+03	2.34088e-02	2.31788e-02	5.24859	5.68032	1.29620e-05
3.54051e+03	2.33959e-02	1.93457e-02	5.15168	5.61953	1.29620e-05
3.58710e+03	2.33930e-02	1.51982e-02	1.78715	5.20116	1.29620e-05
3.63368e+03	2.33828e-02	4.04209e-03	2.84538	0.71720	1.29620e-05
3.68027e+03	2.33808e-02	2.18512e-03	1.92548	4.63028	1.29620e-05
3.72685e+03	2.33906e-02	1.57647e-02	2.10988	1.48775	1.29620e-05
3.77344e+03	2.33742e-02	1.22290e-02	6.20243	6.20880	1.29620e-05
3.82002e+03	2.33986e-02	1.46018e-02	2.50988	2.60461	1.29620e-05
3.86661e+03	2.33896e-02	1.42508e-02	4.79036	2.72300	1.29620e-05
3.91320e+03	2.33998e-02	2.31226e-02	1.88751	5.98363	1.29620e-05
3.95978e+03	2.33938e-02	2.90221e-02	5.30528	1.23122	1.29620e-05
4.00637e+03	2.33846e-02	3.12370e-02	4.65316	5.56533	1.29620e-05
4.05295e+03	2.33773e-02	6.25227e-03	5.28625	4.62831	1.29620e-05
4.09954e+03	2.33851e-02	2.76595e-02	0.02956	5.90674	1.29620e-05
4.14612e+03	2.33942e-02	2.71859e-02	1.20206	2.13546	1.29620e-05
4.19271e+03	2.33611e-02	2.12477e-02	4.23316	0.85679	1.29620e-05
4.23930e+03	2.33619e-02	2.01920e-02	5.95046	5.61054	1.29620e-05
4.28588e+03	2.33756e-02	1.12103e-02	2.63365	4.97809	1.29620e-05
4.33247e+03	2.34098e-02	3.28481e-02	5.29812	2.75859	1.29620e-05
4.37905e+03	2.34036e-02	1.75341e-02	6.08551	0.14498	1.29620e-05
4.42564e+03	2.33855e-02	1.01516e-02	3.33912	6.22403	1.29620e-05
4.47222e+03	2.33899e-02	2.72758e-02	5.55957	2.92180	1.29620e-05
4.51881e+03	2.34128e-02	3.14039e-02	0.29236	6.22902	1.29620e-05
4.56540e+03	2.34184e-02	3.64964e-02	0.50645	1.82733	1.29620e-05
4.61198e+03	2.33814e-02	2.52124e-02	0.43997	2.69663	1.29620e-05
4.65857e+03	2.33906e-02	2.27416e-02	6.11553	2.18483	1.29620e-05
4.70515e+03	2.34105e-02	3.28190e-02	4.74427	5.26005	1.29620e-05
4.75174e+03	2.33837e-02	2.70691e-02	0.44265	4.43100	1.29620e-05
4.79832e+03	2.33701e-02	2.59006e-02	5.77162	0.89552	1.29620e-05
4.84491e+03	2.33823e-02	1.57995e-02	6.07636	5.31952	1.29620e-05
4.89150e+03	2.33889e-02	1.58948e-02	4.30060	0.53818	1.29620e-05
4.93808e+03	2.33871e-02	1.60039e-02	6.19468	3.00753	1.29620e-05
4.98467e+03	2.33944e-02	1.65251e-02	5.34416	0.29970	1.29620e-05
5.03125e+03	2.33769e-02	1.88786e-02	0.57958	5.64750	1.29620e-05
5.07784e+03	2.34117e-02	3.38526e-02	3.20258	4.50933	1.29620e-05
5.12442e+03	2.33705e-02	1.47811e-02	4.16508	1.83720	1.29620e-05
5.17101e+03	2.33705e-02	2.27490e-02	0.64280	5.95860	1.29620e-05
5.21759e+03	2.33717e-02	6.86111e-03	3.54840	3.71334	1.29620e-05
5.26418e+03	2.34056e-02	3.05191e-02	1.87854	3.79456	1.29620e-05
5.31077e+03	2.33798e-02	1.78967e-02	5.47182	2.09416	1.29620e-05
5.35735e+03	2.34131e-02	3.33050e-02	2.74004	3.57320	1.29620e-05
5.40394e+03	2.33833e-02	1.57590e-02	6.05258	1.76649	1.29620e-05
5.45052e+03	2.33725e-02	1.96370e-02	5.29681	5.94771	1.29620e-05
5.49711e+03	2.33814e-02	2.14899e-02	0.86906	4.00435	1.29620e-05
5.54369e+03	2.33959e-02	3.25771e-02	2.08768	5.03023	1.29620e-05
5.59028e+03	2.33958e-02	2.88233e-02	1.23153	0.87463	1.29620e-05
5.63687e+03	2.33824e-02	2.42006e-02	5.17651	4.90998	1.29620e-05
5.68345e+03	2.33775e-02	1.62773e-02	5.60862	4.04334	1.29620e-05
5.73004e+03	2.33771e-02	2.21237e-02	2.13873	0.99746	1.29620e-05
5.77662e+03	2.34060e-02	2.60253e-02	0.96117	2.71952	1.29620e-05
5.82321e+03	2.34113e-02	3.37476e-02	4.33178	0.29049	1.29620e-05
5.86979e+03	2.33917e-02	2.46392e-02	0.47316	1.51765	1.29620e-05
5.91638e+03	2.34102e-02	2.74415e-02	1.72060	5.24863	1.29620e-05
5.96297e+03	2.33924e-02	2.36073e-02	5.19464	1.53289	1.29620e-05
6.00955e+03	2.33712e-02	2.15785e-02	5.29832	5.35963	1.29620e-05
6.05614e+03	2.34017e-02	2.78953e-02	0.16269	3.08740	1.29620e-05
6.10272e+03	2.34095e-02	2.95589e-02	5.44690	1.26909	1.29620e-05
6.14931e+03	2.33928e-02	2.42565e-02	5.58197	0.34528	1.29620e-05
6.19589e+03	2.34003e-02	2.79504e-02	5.04461	4.39007	1.29620e-05
6.24248e+03	2.33987e-02	2.81347e-02	4.54385	2.85818	1.29620e-05
6.28907e+03	2.34015e-02	2.57789e-02	4.83595	1.53344	1.29620e-05
6.33565e+03	2.33921e-02	2.49146e-02	4.71013	0.41623	1.29620e-05
6.38224e+03	2.33931e-02	2.58488e-02	0.87190	4.29036	1.29620e-05
6.42882e+03	2.33903e-02	2.77829e-02	3.58028	2.23299	1.29620e-05
6.47541e+03	2.33785e-02	1.83995e-02	3.83140	0.51810	1.29620e-05
6.52199e+03	2.33901e-02	2.87261e-02	3.96497	5.20953	1.29620e-05
6.56858e+03	2.33870e-02	2.36223e-02	4.37221	2.94907	1.29620e-05
6.61516e+03	2.33988e-02	2.73864e-02	4.46680	3.81279	1.29620e-05
6.66175e+03	2.34043e-02	1.93519e-02	4.89012	1.51785	1.29620e-05
6.70834e+03	2.34058e-02	2.07161e-02	0.69202	5.99376	1.29620e-05
6.75492e+03	2.33968e-02	2.98149e-02	0.59819	1.16820	1.29620e-05
6.80151e+03	2.34028e-02	2.79786e-02	0.39217	5.19416	1.29620e-05
6.84809e+03	2.33868e-02	2.19330e-02	5.16589	3.64762	1.29620e-05
6.89468e+03	2.34003e-02	2.05995e-02	3.66464	1.10944	1.29620e-05
6.94126e+03	2.34018e-02	1.82358e-02	4.57532	5.08234	1.29620e-05
6.98785e+03	2.33770e-02	1.76524e-02	1.69318	1.07314	1.29620e-05
7.03444e+03	2.34007e-02	1.35677e-02	3.57036	4.52338	1.29620e-05
7.08102e+03	2.33862e-02	1.32903e-02	1.91895	5.94284	1.29620e-05
7.12761e+03	2.33945e-02	1.10392e-02	2.44895	4.52769	1.29620e-05
7.17419e+03	2.33987e-02	6.65900e-03	2.07294	0.75713	1.29620e-05
7.22078e+03	2.34013e-02	2.09362e-02	4.56712	2.35343	1.29620e-05
7.26736e+03	2.34023e-02	2.82066e-02	3.09519	4.83561	1.29620e-05
7.31395e+03	2.34160e-02	2.70871e-02	2.06547	4.14674	1.29620e-05
7.36054e+03	2.33952e-02	2.20590e-02	0.32319	1.26270	1.29620e-05
7.40712e+03	2.33915e-02	1.83668e-02	0.30619	5.28913	1.29620e-05
7.45371e+03	2.33870e-02	1.56239e-02	1.09706	3.25015	1.29620e-05
7.50029e+03	2.34188e-02	1.60426e-02	3.18113	4.35652	1.29620e-05
7.54688e+03	2.33925e-02	1.73101e-02	3.93055	1.81563	1.29620e-05
7.59346e+03	2.33732e-02	1.18376e-02	0.42424	4.33545	1.29620e-05
7.64005e+03	2.34006e-02	2.31104e-02	5.94750	1.48920	1.29620e-05
7.68664e+03	2.34148e-02	2.18353e-02	0.03710	0.23799	1.29620e-05
7.73322e+03	2.34029e-02	1.80262e-02	4.20394	5.12852	1.29620e-05
7.77981e+03	2.33872e-02	1.17781e-02	4.37440	5.80849	1.29620e-05
7.82639e+03	2.33937e-02	1.95656e-02	6.14091	3.82349	1.29620e-05
7.87298e+03	2.33915e-02	1.45291e-02	2.98359	4.97696	1.29620e-05
7.91956e+03	2.33830e-02	7.58607e-03	2.07484	2.58552	1.29620e-05
7.96615e+03	2.33820e-02	1.15364e-02	2.87687	5.88083	1.29620e-05
8.01273e+03	2.34055e-02	1.69529e-02	3.63178	2.38562	1.29620e-05
8.05932e+03	2.33947e-02	1.09021e-02	4.04927	4.35817	1.29620e-05
8.10591e+03	2.34079e-02	2.55153e-02	2.33917	1.94455	1.29620e-05
8.15249e+03	2.34068e-02	1.81490e-02	5.58317	5.18824	1.29620e-05
8.19908e+03	2.33868e-02	1.16842e-02	4.47635	5.68339	1.29620e-05
8.24566e+03	2.34107e-02	1.51551e-02	3.43168	3.26575	1.29620e-05
8.29225e+03	2.34170e-02	2.61320e-02	3.35950	1.19730	1.29620e-05
8.33883e+03	2.34013e-02	1.55272e-02	3.08827	5.75376	1.29620e-05
8.38542e+03	2.33905e-02	9.75029e-03	4.34025	5.28403	1.29620e-05
8.43201e+03	2.33998e-02	1.43914e-02	2.27600	1.93779	1.29620e-05
8.47859e+03	2.34084e-02	1.40807e-02	1.00588	3.08232	1.29620e-05
8.52518e+03	2.33801e-02	6.90166e-03	2.64587	0.79252	1.29620e-05
8.57176e+03	2.34041e-02	1.73496e-02	4.98270	5.49170	1.29620e-05
8.61835e+03	2.34062e-02	1.15365e-02	5.65595	2.06572	1.29620e-05
8.66493e+03	2.33894e-02	1.70631e-02	3.47579	0.84855	1.29620e-05
8.71152e+03	2.34058e-02	1.48512e-02	1.74521	4.48402	1.29620e-05
8.75811e+03	2.34061e-02	2.12183e-02	2.39184	2.77841	1.29620e-05
8.80469e+03	2.34044e-02	1.56762e-02	1.44934	5.95884	1.29620e-05
8.85128e+03	2.34048e-02	1.27090e-02	5.36495	2.82396	1.29620e-05
8.89786e+03	2.34102e-02	1.42633e-02	5.24409	3.28441	1.29620e-05
8.94445e+03	2.34063e-02	1.52719e-02	0.01906	0.16466	1.29620e-05
8.99103e+03	2.34097e-02	1.59665e-02	3.27533	2.56818	1.29620e-05
9.03762e+03	2.34143e-02	1.06612e-02	5.72203	5.81435	1.29620e-05
9.08421e+03	2.34074e-02	1.65818e-02	1.71265	2.75022	1.29620e-05
9.13079e+03	2.34114e-02	1.72495e-02	5.28009	4.89105	1.29620e-05
9.17738e+03	2.34108e-02	1.02334e-02	4.86422	1.31442	1.29620e-05
9.22396e+03	2.33985e-02	1.18543e-02	0.60706	4.22393	1.29620e-05
9.27055e+03	2.34019e-02	1.59755e-02	1.68281	1.32405	1.29620e-05
9.31713e+03	2.34048e-02	1.82242e-02	0.26657	5.44165	1.29620e-05
9.36372e+03	2.34146e-02	2.10697e-02	1.62723	1.90190	1.29620e-05
9.41030e+03	2.34114e-02	2.27752e-02	3.59813	5.35903	1.29620e-05
9.45689e+03	2.34031e-02	1.68649e-02	2.80828	3.27565	1.29620e-05
9.50348e+03	2.33979e-02	1.54497e-02	5.96972	0.98857	1.29620e-05
9.55006e+03	2.33966e-02	1.60043e-02	1.13631	4.86545	1.29620e-05
9.59665e+03	2.34003e-02	2.13919e-02	0.56749	1.69116	1.29620e-05
9.64323e+03	2.34062e-02	1.43602e-02	1.25009	5.62803	1.29620e-05
9.68982e+03	2.34075e-02	1.58983e-02	2.23220	3.18772	1.29620e-05
9.73640e+03	2.34150e-02	1.41512e-02	4.46761	6.04356	1.29620e-05
9.78299e+03	2.33809e-02	1.22576e-02	4.93918	3.44292	1.29620e-05
9.82958e+03	2.34091e-02	1.30808e-02	5.14117	2.14725	1.29620e-05
9.87616e+03	2.33899e-02	1.16675e-02	1.87131	3.70444	1.29620e-05
9.92275e+03	2.34099e-02	1.68030e-02	0.78312	1.05385	1.29620e-05
9.96933e+03	2.34106e-02	1.93342e-02	1.16852	3.72007	1.29620e-05
1.00159e+04	2.33894e-02	1.37849e-02	2.88734	3.65759	1.29620e-05
1.00625e+04	2.33820e-02	1.01006e-02	1.70591	1.96137	1.29620e-05
1.01091e+04	2.34088e-02	1.63539e-02	3.52367	4.46762	1.29620e-05
1.01557e+04	2.34043e-02	2.02932e-02	6.20182	1.01905	1.29620e-05
1.02023e+04	2.33974e-02	8.58370e-03	5.10788	2.68962	1.29620e-05
1.02488e+04	2.33867e-02	7.86319e-03	4.42039	1.53769	1.29620e-05
1.02954e+04	2.34021e-02	5.29508e-03	4.47093	5.33116	1.29620e-05
1.03420e+04	2.34015e-02	4.88781e-03	5.45832	2.78586	1.29620e-05
1.03886e+04	2.34035e-02	7.30492e-03	4.75134	5.00554	1.29620e-05
1.04352e+04	2.34127e-02	7.05804e-03	3.05176	1.17814	1.29620e-05
1.04818e+04	2.34158e-02	3.35023e-03	4.68411	4.11542	1.29620e-05
1.05284e+04	2.34128e-02	6.22205e-03	5.10475	0.54017	1.29620e-05
1.05749e+04	2.34108e-02	6.38014e-03	0.94747	2.30112	1.29620e-05
1.06215e+04	2.34139e-02	4.48478e-03	0.77947	3.67147	1.29620e-05
1.06681e+04	2.34140e-02	2.60016e-03	0.65227	3.88248	1.29620e-05
1.07147e+04	2.34109e-02	5.27808e-03	5.52033	4.77367	1.29620e-05
1.07613e+04	2.34068e-02	7.59700e-03	3.76814	5.93490	1.29620e-05
1.08079e+04	2.33955e-02	6.47854e-03	0.30825	5.74014	1.29620e-05
1.08545e+04	2.34064e-02	1.03826e-02	4.33887	6.13962	1.29620e-05
1.09010e+04	2.33992e-02	2.50512e-02	2.58671	2.96418	1.29620e-05
1.09476e+04	2.33898e-02	1.94242e-02	0.01523	1.23997	1.29620e-05
1.09942e+04	2.33781e-02	2.67989e-02	4.02071	3.46636	1.29620e-05
1.10408e+04	2.33896e-02	1.91392e-02	1.15186	0.69407	1.29620e-05
1.10874e+04	2.33910e-02	1.93208e-02	2.44972	1.54693	1.29620e-05
1.11340e+04	2.33966e-02	1.14073e-02	1.82321	1.15301	1.29620e-05
1.11806e+04	2.33794e-02	1.36594e-03	3.05352	5.57187	1.29620e-05
1.12271e+04	2.33732e-02	1.00738e-02	2.32219	5.30282	1.29620e-05
1.12737e+04	2.33837e-02	1.24660e-02	5.73520	2.93807	1.29620e-05
1.13203e+04	2.33954e-02	1.26137e-02	3.18962	3.74774	1.29620e-05
1.13669e+04	2.34022e-02	2.41347e-02	5.79826	2.72159	1.29620e-05
1.14135e+04	2.33882e-02	6.61620e-03	5.99783	1.65154	1.29620e-05
1.14601e+04	2.33903e-02	1.04463e-02	3.25170	2.77777	1.29620e-05
1.15067e+04	2.33793e-02	8.12906e-03	4.25785	1.66211	1.29620e-05
1.15532e+04	2.33874e-02	7.54999e-03	2.43334	1.98425	1.29620e-05
1.15998e+04	2.33783e-02	1.28904e-02	1.62988	5.42866	1.29620e-05
1.16464e+04	2.33931e-02	9.13678e-03	4.47578	5.29250	1.29620e-05
1.16930e+04	2.34009e-02	1.54381e-02	5.21760	0.80125	1.29620e-05
1.17396e+04	2.33909e-02	1.37738e-02	0.63147	5.46203	1.29620e-05
1.17862e+04	2.33892e-02	8.59418e-03	2.14381	2.37226	1.29620e-05
1.18328e+04	2.33878e-02	1.62688e-02	6.05112	4.21586	1.29620e-05
1.18793e+04	2.33950e-02	1.01766e-02	4.48195	4.37298	1.29620e-05
1.19259e+04	2.33916e-02	8.66305e-03	0.54173	5.63438	1.29620e-05
1.19725e+04	2.33940e-02	5.65534e-03	4.22490	2.52473	1.29620e-05
1.20191e+04	2.33920e-02	1.36273e-02	5.36924	6.15794	1.29620e-05
1.20657e+04	2.33943e-02	9.85452e-03	4.91643	1.73658	1.29620e-05
1.21123e+04	2.33743e-02	7.82137e-03	5.29774	5.95838	1.29620e-05
1.21589e+04	2.33901e-02	1.41403e-02	2.02376	5.97241	1.29620e-05
1.22054e+04	2.33767e-02	8.26021e-03	5.29486	2.21251	1.29620e-05
1.22520e+04	2.33803e-02	1.68745e-02	1.73037	5.07578	1.29620e-05
1.22986e+04	2.33745e-02	1.35433e-02	5.57668	5.66452	1.29620e-05
1.23452e+04	2.33894e-02	2.45246e-02	6.27990	0.44833	1.29620e-05
1.23918e+04	2.34017e-02	2.72223e-02	0.59191	4.26032	1.29620e-05
1.24384e+04	2.33854e-02	1.85869e-02	0.02730	6.07040	1.29620e-05
1.24850e+04	2.33889e-02	2.95717e-02	5.33352	4.41318	1.29620e-05
1.25315e+04	2.33724e-02	1.94111e-02	3.86542	4.36627	1.29620e-05
1.25781e+04	2.33800e-02	5.44961e-03	4.52647	0.58704	1.29620e-05
1.26247e+04	2.33876e-02	2.29832e-02	0.44197	3.30719	1.29620e-05
1.26713e+04	2.33857e-02	1.32860e-02	5.32167	4.33468	1.29620e-05
1.27179e+04	2.33972e-02	1.06666e-02	5.83201	0.21683	1.29620e-05
1.27645e+04	2.33920e-02	1.15407e-02	4.66775	6.02765	1.29620e-05
1.28111e+04	2.33933e-02	1.24675e-02	3.41209	3.74617	1.29620e-05
1.28576e+04	2.34014e-02	8.12538e-03	1.06247	1.62817	1.29620e-05
1.29042e+04	2.33947e-02	4.45794e-03	4.36286	6.14942	1.29620e-05
1.29508e+04	2.33895e-02	6.49849e-03	3.39812	2.10417	1.29620e-05
1.29974e+04	2.33881e-02	7.64041e-03	1.60010	1.27555	1.29620e-05
1.30440e+04	2.33953e-02	1.31434e-02	1.62598	4.62216	1.29620e-05
1.30906e+04	2.33955e-02	1.25085e-02	4.53547	1.90785	1.29620e-05
1.31372e+04	2.33882e-02	1.98521e-02	3.91497	0.28648	1.29620e-05
1.31837e+04	2.33950e-02	7.69167e-03	3.68498	4.23673	1.29620e-05
1.32303e+04	2.33953e-02	9.52657e-03	3.89894	6.14746	1.29620e-05
1.32769e+04	2.34115e-02	2.36585e-02	0.48490	2.02624	1.29620e-05
1.33235e+04	2.34028e-02	1.95982e-02	2.01350	2.72056	1.29620e-05
1.33701e+04	2.33962e-02	1.32940e-02	2.65425	4.45305	1.29620e-05
1.34167e+04	2.33926e-02	8.09028e-03	5.27593	0.51860	1.29620e-05
1.34633e+04	2.33942e-02	6.53287e-03	5.20909	5.96212	1.29620e-05
1.35098e+04	2.33832e-02	1.42826e-04	4.84822	1.20660	1.29620e-05
1.35564e+04	2.33926e-02	9.28142e-03	4.88511	3.39545	1.29620e-05
1.36030e+04	2.33935e-02	1.20452e-02	2.69054	3.49800	1.29620e-05
1.36496e+04	2.34034e-02	1.79995e-02	0.76207	0.26182	1.29620e-05
1.36962e+04	2.34035e-02	1.74586e-02	4.19859	4.26416	1.29620e-05
1.37428e+04	2.34035e-02	1.38928e-02	4.75299	3.31382	1.29620e-05
1.37894e+04	2.33939e-02	1.51263e-02	4.32329	5.08731	1.29620e-05
1.38359e+04	2.33833e-02	8.39110e-03	1.32311	2.48905	1.29620e-05
1.38825e+04	2.33915e-02	2.50833e-02	5.67653	3.63588	1.29620e-05
1.39291e+04	2.33735e-02	1.14801e-02	4.02165	2.78019	1.29620e-05
1.39757e+04	2.33918e-02	2.10716e-02	1.08976	1.31341	1.29620e-05
1.40223e+04	2.33739e-02	1.73712e-03	4.05064	0.10186	1.29620e-05
1.40689e+04	2.33717e-02	1.71962e-02	3.40138	6.23538	1.29620e-05
1.41155e+04	2.33738e-02	4.40947e-03	2.80934	3.60080	1.29620e-05
1.41620e+04	2.33874e-02	1.61191e-02	0.13386	4.98357	1.29620e-05
1.42086e+04	2.33804e-02	2.55791e-02	5.35741	3.77447	1.29620e-05
1.42552e+04	2.33890e-02	1.68504e-02	5.62725	2.83439	1.29620e-05
1.43018e+04	2.33904e-02	1.73707e-02	5.72828	6.10775	1.29620e-05
1.43484e+04	2.33754e-02	1.53257e-02	5.13097	6.05525	1.29620e-05
1.43950e+04	2.33870e-02	1.57751e-02	0.71161	6.00170	1.29620e-05
1.44416e+04	2.33841e-02	8.70710e-03	0.38760	3.07582	1.29620e-05
1.44881e+04	2.33773e-02	9.80452e-03	5.33259	4.98307	1.29620e-05
1.45347e+04	2.33899e-02	2.00272e-02	4.34742	5.78694	1.29620e-05
1.45767e+04	2.33848e-02	1.50391e-02	0.90225	3.34561	1.29620e-05
1.46232e+04	2.33907e-02	1.06647e-02	5.02566	2.62714	1.29620e-05
1.46698e+04	2.33670e-02	9.10310e-03	1.63371	4.26181	1.29620e-05
1.47164e+04	2.33828e-02	1.83900e-02	2.50679	1.52869	1.29620e-05
1.47630e+04	2.34002e-02	1.49695e-02	2.06656	5.78707	1.29620e-05
1.48096e+04	2.34033e-02	1.95648e-02	3.16588	5.01689	1.29620e-05
1.48562e+04	2.33909e-02	1.11216e-02	2.46184	5.27731	1.29620e-05
1.49028e+04	2.33781e-02	8.94379e-03	1.78963	3.20658	1.29620e-05
1.49493e+04	2.34015e-02	5.66089e-03	1.86655	5.18966	1.29620e-05
1.49959e+04	2.33908e-02	4.56366e-03	5.60461	2.26631	1.29620e-05
1.50425e+04	2.33809e-02	1.52195e-02	3.87917	4.76619	1.29620e-05
1.50891e+04	2.33957e-02	1.84060e-02	2.02037	2.43648	1.29620e-05
1.51357e+04	2.34054e-02	2.34069e-02	4.42175	1.05837	1.29620e-05
1.51823e+04	2.33983e-02	1.56134e-02	0.56884	5.18884	1.29620e-05
1.52289e+04	2.33786e-02	9.03732e-03	0.73866	6.07183	1.29620e-05
1.52754e+04	2.33831e-02	1.56247e-02	1.91066	2.35596	1.29620e-05
1.53220e+04	2.33832e-02	5.35819e-03	5.04122	1.47224	1.29620e-05
1.53686e+04	2.33952e-02	2.11208e-02	3.25052	3.84185	1.29620e-05
1.54152e+04	2.33964e-02	1.22915e-02	4.36729	3.90910	1.29620e-05
1.54618e+04	2.33954e-02	6.37634e-03	5.64635	2.55334	1.29620e-05
1.55084e+04	2.33913e-02	1.68256e-02	3.00841	3.50285	1.29620e-05
1.55550e+04	2.33770e-02	1.55557e-02	4.76600	4.28147	1.29620e-05
1.56015e+04	2.33782e-02	1.20156e-02	4.25710	2.21535	1.29620e-05
1.56481e+04	2.33867e-02	1.93733e-02	6.11870	4.61413	1.29620e-05
1.56947e+04	2.33794e-02	1.19506e-02	4.95697	3.08138	1.29620e-05
1.57413e+04	2.33853e-02	1.34243e-02	2.60485	0.38599	1.29620e-05
1.57879e+04	2.33811e-02	7.38507e-03	0.62990	2.97000	1.29620e-05
1.58345e+04	2.33858e-02	1.55906e-02	3.13709	0.28300	1.29620e-05
1.58811e+04	2.33735e-02	1.17477e-02	2.70782	2.72294	1.29620e-05
1.59276e+04	2.33830e-02	1.60795e-02	4.04108	5.74037	1.29620e-05
1.59742e+04	2.33826e-02	3.67423e-03	0.76594	3.06918	1.29620e-05
1.60208e+04	2.33735e-02	1.01912e-02	0.65951	5.36000	1.29620e-05
1.60674e+04	2.33855e-02	9.12235e-03	4.96908	5.38691	1.29620e-05
1.61140e+04	2.33754e-02	6.77167e-03	1.07112	1.70442	1.29620e-05
1.61606e+04	2.33904e-02	1.94012e-02	3.18997	6.14646	1.29620e-05
1.62072e+04	2.33841e-02	1.49561e-02	0.25442	3.20884	1.29620e-05
1.62537e+04	2.33823e-02	1.19874e-02	5.48677	1.24519	1.29620e-05
1.63003e+04	2.33930e-02	1.21164e-02	6.21911	2.61189	1.29620e-05
1.63469e+04	2.33935e-02	4.56557e-03	5.98250	2.77149	1.29620e-05
1.63935e+04	2.33872e-02	6.32259e-03	1.49300	1.31612	1.29620e-05
1.64401e+04	2.34003e-02	1.49764e-02	5.76607	1.81826	1.29620e-05
1.64867e+04	2.33676e-02	1.12165e-02	2.33313	1.31012	1.29620e-05
1.65333e+04	2.33918e-02	6.90287e-03	0.74232	5.44011	1.29620e-05
1.65798e+04	2.33840e-02	5.62216e-03	0.93866	4.05017	1.29620e-05
1.66264e+04	2.33949e-02	1.58850e-02	6.01807	0.61620	1.29620e-05
1.66730e+04	2.33819e-02	1.70636e-02	5.23408	6.00734	1.29620e-05
1.67196e+04	2.33863e-02	1.83901e-02	1.75615	2.73362	1.29620e-05
1.67662e+04	2.33908e-02	1.01903e-02	3.34204	0.46737	1.29620e-05
1.68128e+04	2.33902e-02	1.88567e-02	5.55758	3.31865	1.29620e-05
1.68594e+04	2.33815e-02	7.13324e-03	0.77301	3.78728	1.29620e-05
1.69059e+04	2.33675e-02	4.41319e-03	4.36628	1.27020	1.29620e-05
1.69525e+04	2.33919e-02	1.23310e-02	5.65836	0.49351	1.29620e-05
1.69991e+04	2.33882e-02	1.57204e-02	1.46495	4.89187	1.29620e-05
1.70457e+04	2.34064e-02	2.09175e-02	0.51740	3.76428	1.29620e-05
1.70923e+04	2.33868e-02	1.10164e-02	0.03685	1.84975	1.29620e-05
1.71389e+04	2.33998e-02	2.47806e-02	1.55870	5.07987	1.29620e-05
1.71855e+04	2.33760e-02	1.86165e-02	3.42022	2.70912	1.29620e-05
1.72320e+04	2.33959e-02	2.47914e-02	2.54962	5.66282	1.29620e-05
1.72786e+04	2.34056e-02	2.14423e-02	3.70956	5.35164	1.29620e-05
1.73252e+04	2.33835e-02	1.87660e-02	1.16011	1.20721	1.29620e-05
1.73718e+04	2.33696e-02	1.21127e-02	0.82392	4.44090	1.29620e-05
1.74184e+04	2.33934e-02	8.38723e-03	5.77118	3.65518	1.29620e-05
1.74650e+04	2.33894e-02	1.19435e-02	2.99364	0.99723	1.29620e-05
1.75116e+04	2.33870e-02	1.46371e-02	4.18855	0.43818	1.29620e-05
1.75581e+04	2.33923e-02	1.95037e-02	2.21373	3.39819	1.29620e-05
1.76047e+04	2.33880e-02	1.69926e-02	0.61813	1.81518	1.29620e-05
1.76513e+04	2.33818e-02	1.50769e-02	3.07492	1.11532	1.29620e-05
1.76979e+04	2.33875e-02	2.09385e-02	4.05668	2.89465	1.29620e-05
1.77445e+04	2.33776e-02	1.37393e-02	4.54443	2.56258	1.29620e-05
1.77911e+04	2.34030e-02	1.67373e-02	0.08686	0.20483	1.29620e-05
1.78377e+04	2.33919e-02	2.09235e-02	1.15965	5.26211	1.29620e-05
1.78842e+04	2.33995e-02	1.22194e-02	2.46444	3.81155	1.29620e-05
1.79308e+04	2.33978e-02	6.11768e-03	1.35101	6.08319	1.29620e-05
1.79774e+04	2.33876e-02	5.12304e-03	5.67629	1.43331	1.29620e-05
1.80240e+04	2.33730e-02	5.28585e-03	1.85981	4.93790	1.29620e-05
1.80706e+04	2.33797e-02	1.24460e-02	2.37801	4.84801	1.29620e-05
1.81172e+04	2.33918e-02	1.05333e-02	3.48543	4.65404	1.29620e-05
1.81638e+04	2.33922e-02	2.14953e-02	5.04035	0.74322	1.29620e-05
1.82103e+04	2.33873e-02	8.75134e-03	2.91380	0.80143	1.29620e-05
1.82569e+04	2.33870e-02	1.17776e-02	5.54821	2.61755	1.29620e-05
1.83035e+04	2.33975e-02	1.91645e-02	1.29075	4.98264	1.29620e-05
1.83501e+04	2.33808e-02	9.08342e-03	5.34584	1.89429	1.29620e-05
1.83967e+04	2.33957e-02	1.45325e-02	4.84028	4.02374	1.29620e-05
1.84433e+04	2.33859e-02	1.72629e-02	4.49785	0.77577	1.29620e-05
1.84899e+04	2.33973e-02	2.40428e-02	5.46871	1.60355	1.29620e-05
1.85364e+04	2.33786e-02	6.94160e-03	0.21642	4.74027	1.29620e-05
1.85830e+04	2.33881e-02	1.47863e-02	5.33513	3.97681	1.29620e-05
1.86296e+04	2.33801e-02	6.10105e-03	3.97241	2.82395	1.29620e-05
1.86762e+04	2.33821e-02	1.44885e-02	3.32149	0.03717	1.29620e-05
1.87228e+04	2.33785e-02	1.29083e-02	0.86605	2.45519	1.29620e-05
1.87694e+04	2.33935e-02	1.32945e-02	5.40772	2.23471	1.29620e-05
1.88160e+04	2.33886e-02	1.18598e-02	0.22211	4.24720	1.29620e-05
1.88625e+04	2.33943e-02	1.55099e-02	5.32642	5.27333	1.29620e-05
1.89091e+04	2.33988e-02	9.49221e-03	5.74696	2.96521	1.29620e-05
1.89557e+04	2.33897e-02	1.01016e-02	6.24171	2.49386	1.29620e-05
1.90023e+04	2.33944e-02	1.37137e-02	4.43087	2.82458	1.29620e-05
1.90489e+04	2.33982e-02	1.07412e-02	5.55803	5.22255	1.29620e-05
1.90955e+04	2.33920e-02	1.22233e-02	5.25879	0.88170	1.29620e-05
1.91421e+04	2.33951e-02	1.99074e-02	1.56788	6.00549	1.29620e-05
1.91886e+04	2.33772e-02	9.79712e-03	1.80446	5.18861	1.29620e-05
1.92352e+04	2.33975e-02	1.51110e-02	4.97084	5.34873	1.29620e-05
1.92818e+04	2.33876e-02	9.40555e-03	0.22503	2.16703	1.29620e-05
1.93284e+04	2.33920e-02	4.99941e-04	5.26576	5.42876	1.29620e-05
1.93750e+04	2.33969e-02	2.62127e-03	1.07832	0.87951	1.29620e-05
1.94216e+04	2.33923e-02	2.76656e-03	1.07519	0.60093	1.29620e-05
1.94682e+04	2.33930e-02	3.16740e-03	0.07891	1.43098	1.29620e-05
1.95147e+04	2.33935e-02	4.56021e-03	0.47461	1.95864	1.29620e-05
1.95613e+04	2.33882e-02	6.35702e-03	4.67361	2.80480	1.29620e-05
1.96079e+04	2.33826e-02	1.00171e-02	2.93994	2.78420	1.29620e-05
1.96545e+04	2.33846e-02	5.21182e-03	5.57592	5.25684	1.29620e-05
1.97011e+04	2.33924e-02	1.24339e-02	5.78888	6.12103	1.29620e-05
1.97477e+04	2.33909e-02	1.80525e-02	2.61911	0.05161	1.29620e-05
1.97943e+04	2.33867e-02	1.22822e-02	1.55785	2.20605	1.29620e-05
1.98408e+04	2.33898e-02	7.10870e-03	4.84059	3.45432	1.29620e-05
1.98874e+04	2.33983e-02	1.00471e-02	2.84060	4.99407	1.29620e-05
1.99340e+04	2.33817e-02	7.82982e-03	4.04369	3.86371	1.29620e-05
1.99806e+04	2.33926e-02	6.96208e-03	1.36259	5.50706	1.29620e-05
2.00272e+04	2.33813e-02	7.58366e-03	3.27034	0.95041	1.29620e-05
2.00738e+04	2.34048e-02	1.52044e-02	0.95605	4.10745	1.29620e-05
2.01203e+04	2.33811e-02	6.32732e-03	2.29978	3.99293	1.29620e-05
2.01669e+04	2.33836e-02	3.23072e-03	5.96283	4.98534	1.29620e-05
2.02135e+04	2.33910e-02	8.02788e-03	1.56356	2.18254	1.29620e-05
2.02601e+04	2.33925e-02	3.35254e-03	1.16218	1.92491	1.29620e-05
2.03067e+04	2.33940e-02	1.18094e-02	4.02988	3.95270	1.29620e-05
2.03533e+04	2.33920e-02	1.35464e-02	4.61873	3.48350	1.29620e-05
2.03999e+04	2.33834e-02	5.77715e-03	5.31564	3.60941	1.29620e-05
2.04464e+04	2.33864e-02	4.26633e-03	3.18366	5.11274	1.29620e-05
2.04930e+04	2.33856e-02	7.14111e-03	1.19574	5.68420	1.29620e-05
2.05396e+04	2.33876e-02	9.33088e-03	4.55558	4.02597	1.29620e-05
2.05862e+04	2.33837e-02	6.54129e-03	3.78120	1.20236	1.29620e-05
2.06328e+04	2.33852e-02	6.28958e-03	1.83210	3.69959	1.29620e-05
2.06794e+04	2.33972e-02	2.24389e-02	2.20663	4.46956	1.29620e-05
2.07260e+04	2.34059e-02	1.88130e-02	2.55751	5.05712	1.29620e-05
2.07725e+04	2.33746e-02	1.21678e-02	5.96255	0.64727	1.29620e-05
2.08191e+04	2.34034e-02	9.86634e-03	4.23246	5.81602	1.29620e-05
2.08657e+04	2.33978e-02	1.15513e-02	1.48626	5.15131	1.29620e-05
2.09123e+04	2.33975e-02	8.38962e-03	4.87829	0.46076	1.29620e-05
2.09589e+04	2.33875e-02	1.87926e-03	0.37674	4.72157	1.29620e-05
2.10055e+04	2.33931e-02	5.25853e-03	5.36246	6.00333	1.29620e-05
2.10521e+04	2.33964e-02	5.93399e-03	3.40612	0.99977	1.29620e-05
2.10986e+04	2.33874e-02	1.71661e-03	1.86348	2.02410	1.29620e-05
2.11452e+04	2.34003e-02	3.00846e-03	2.15257	1.03939	1.29620e-05
2.11918e+04	2.33925e-02	8.45917e-03	2.18901	1.01197	1.29620e-05
2.12384e+04	2.33982e-02	6.52448e-03	4.01137	3.37562	1.29620e-05
2.12850e+04	2.33972e-02	1.28985e-02	0.62185	0.27031	1.29620e-05
2.13316e+04	2.33852e-02	8.58327e-03	1.85272	1.36849	1.29620e-05
2.13782e+04	2.33925e-02	5.41988e-03	4.85749	0.85191	1.29620e-05
2.14247e+04	2.33867e-02	6.25598e-03	1.37677	6.02826	1.29620e-05
2.14713e+04	2.34021e-02	1.08002e-02	5.63526	4.76148	1.29620e-05
2.15179e+04	2.33938e-02	3.87564e-03	0.80568	0.62228	1.29620e-05
2.15645e+04	2.33977e-02	9.95877e-03	2.66715	0.15949	1.29620e-05
2.16111e+04	2.33979e-02	5.69742e-03	4.09786	1.97979	1.29620e-05
2.16577e+04	2.33961e-02	5.03136e-03	3.85445	4.79909	1.29620e-05
2.17043e+04	2.33886e-02	9.80348e-03	5.59127	0.65708	1.29620e-05
2.17508e+04	2.33967e-02	4.01691e-03	1.81329	3.45845	1.29620e-05
2.17974e+04	2.34006e-02	4.19415e-03	2.41497	5.93955	1.29620e-05
2.18440e+04	2.34027e-02	6.64108e-03	3.61278	1.39125	1.29620e-05
2.18906e+04	2.33977e-02	9.55474e-03	4.96115	3.01532	1.29620e-05
2.19372e+04	2.33918e-02	4.43569e-03	0.74461	3.95431	1.29620e-05
2.19838e+04	2.33922e-02	5.18362e-03	1.16236	0.12397	1.29620e-05
2.20304e+04	2.34019e-02	7.21719e-03	2.05397	3.15332	1.29620e-05
2.20769e+04	2.34051e-02	8.57988e-03	0.82793	5.31263	1.29620e-05
2.21235e+04	2.33872e-02	3.96075e-03	5.13845	2.05288	1.29620e-05
2.21701e+04	2.33896e-02	1.29764e-02	2.62685	4.47209	1.29620e-05
2.22167e+04	2.33947e-02	9.33215e-03	5.53509	4.04323	1.29620e-05
2.22633e+04	2.33950e-02	7.43048e-03	2.18285	2.25758	1.29620e-05
2.23099e+04	2.33857e-02	1.11010e-02	3.49653	0.26481	1.29620e-05
2.23565e+04	2.33869e-02	5.02535e-03	0.59242	2.23004	1.29620e-05
2.24030e+04	2.33904e-02	4.46039e-03	2.81700	4.77252	1.29620e-05
2.24496e+04	2.33865e-02	7.18222e-03	1.51436	5.95463	1.29620e-05
2.24962e+04	2.33830e-02	1.25164e-03	5.69482	3.64637	1.29620e-05
2.25428e+04	2.34010e-02	8.47891e-03	3.78373	3.82505	1.29620e-05
2.25894e+04	2.33894e-02	6.74609e-03	6.13451	0.49092	1.29620e-05
2.26360e+04	2.34007e-02	3.56215e-03	1.44412	3.01814	1.29620e-05
2.26826e+04	2.33990e-02	6.10225e-03	3.36149	4.82828	1.29620e-05
2.27291e+04	2.33938e-02	4.41962e-03	5.92967	0.46885	1.29620e-05
2.27757e+04	2.33895e-02	3.99454e-03	2.72451	1.76378	1.29620e-05
2.28223e+04	2.33903e-02	2.24508e-03	0.79602	1.44887	1.29620e-05
2.28689e+04	2.33988e-02	3.17443e-03	4.03068	1.91935	1.29620e-05
2.29155e+04	2.33931e-02	3.80750e-03	5.77890	2.94835	1.29620e-05
2.29621e+04	2.33882e-02	2.71363e-03	4.22602	1.00836	1.29620e-05
2.30087e+04	2.33968e-02	2.69779e-03	5.25065	2.76613	1.29620e-05
2.30552e+04	2.33942e-02	9.42829e-04	1.84035	2.78165	1.29620e-05
2.31018e+04	2.34011e-02	5.25410e-03	4.41791	2.94661	1.29620e-05
2.31484e+04	2.33958e-02	8.65259e-03	5.46872	4.40683	1.29620e-05
2.31950e+04	2.33957e-02	1.76058e-03	5.16330	0.21945	1.29620e-05
2.32416e+04	2.34055e-02	2.05931e-03	3.12812	4.43825	1.29620e-05
2.32882e+04	2.34000e-02	2.46172e-03	3.28966	0.63590	1.29620e-05
2.33348e+04	2.33911e-02	3.72299e-03	2.32754	4.33301	1.29620e-05
2.33813e+04	2.33936e-02	7.88026e-03	3.64235	0.65560	1.29620e-05
2.34279e+04	2.33902e-02	8.70199e-03	2.17307	0.28241	1.29620e-05
2.34745e+04	2.33898e-02	4.99076e-03	2.46019	3.07614	1.29620e-05
2.35211e+04	2.34015e-02	9.04068e-03	0.14180	1.16695	1.29620e-05
2.35677e+04	2.34013e-02	2.45730e-03	3.35066	1.95538	1.29620e-05
2.36143e+04	2.33852e-02	3.44641e-03	5.53349	1.45927	1.29620e-05
2.36609e+04	2.33914e-02	7.30640e-03	3.15666	4.36469	1.29620e-05
2.37074e+04	2.34005e-02	6.84217e-03	0.89219	3.27924	1.29620e-05
2.37540e+04	2.33991e-02	6.82444e-03	4.08139	1.40324	1.29620e-05
2.38006e+04	2.33939e-02	9.29746e-04	3.05978	4.97632	1.29620e-05
2.38472e+04	2.34049e-02	6.96537e-03	0.86344	4.11040	1.29620e-05
2.38938e+04	2.33986e-02	9.10586e-03	0.80474	4.03253	1.29620e-05
2.39404e+04	2.33967e-02	1.29764e-02	2.89220	4.31423	1.29620e-05
2.39870e+04	2.34658e-02	9.85208e-03	1.63744	4.39445	1.29620e-05
2.40335e+04	2.34097e-02	2.75664e-02	1.83382	3.38345	1.29620e-05
2.40801e+04	2.33989e-02	4.06939e-02	2.84570	0.67431	1.29620e-05
2.41267e+04	2.34181e-02	1.93313e-02	3.23564	2.60281	1.29620e-05
2.41733e+04	2.34257e-02	2.52276e-02	0.33816	6.13465	1.29620e-05
2.42199e+04	2.34164e-02	2.75242e-02	1.04489	1.67593	1.29620e-05
2.42665e+04	2.34232e-02	4.06497e-02	1.45087	4.55997	1.29620e-05
2.43131e+04	2.33799e-02	2.92365e-02	0.09472	1.24357	1.29620e-05
2.43596e+04	2.33960e-02	2.46310e-02	2.83491	4.37201	1.29620e-05
2.44062e+04	2.34136e-02	3.88122e-02	4.30363	4.46363	1.29620e-05
2.44528e+04	2.34091e-02	2.61092e-02	0.70393	3.50803	1.29620e-05
2.44994e+04	2.34139e-02	1.70024e-02	6.08519	5.50966	1.29620e-05
2.45460e+04	2.34088e-02	3.96098e-02	3.42069	0.54707	1.29620e-05
2.45926e+04	2.34035e-02	2.44982e-02	2.45567	2.42362	1.29620e-05
2.46392e+04	2.34182e-02	2.89377e-02	1.27941	2.93591	1.29620e-05
2.46857e+04	2.33706e-02	2.40693e-02	4.07515	5.50452	1.29620e-05
2.47323e+04	2.33732e-02	3.03047e-02	5.69153	0.46438	1.29620e-05
2.47789e+04	2.34077e-02	3.69763e-02	1.13214	3.26171	1.29620e-05
2.48255e+04	2.33974e-02	4.01510e-02	1.47016	4.31793	1.29620e-05
2.48721e+04	2.33891e-02	2.79654e-02	3.76237	4.85096	1.29620e-05
2.49187e+04	2.33832e-02	5.53476e-02	1.80145	0.25377	1.29620e-05
2.49653e+04	2.33970e-02	4.99581e-02	4.08433	1.87529	1.29620e-05
2.50118e+04	2.33939e-02	5.44423e-02	2.20847	4.03805	1.29620e-05
2.50584e+04	2.33767e-02	2.27720e-02	1.93197	5.28274	1.29620e-05
2.51050e+04	2.33794e-02	6.71844e-02	4.49464	5.55615	1.29620e-05
2.51516e+04	2.33676e-02	9.28799e-03	4.61502	0.10509	1.29620e-05
2.51982e+04	2.34192e-02	4.07714e-02	0.00336	0.68544	1.29620e-05
2.52448e+04	2.33808e-02	2.41124e-02	4.90133	3.07903	1.29620e-05
2.52914e+04	2.33973e-02	1.91220e-02	6.05819	0.98415	1.29620e-05
2.53379e+04	2.33909e-02	3.81528e-02	3.88552	5.78771	1.29620e-05
2.53845e+04	2.33903e-02	5.74897e-02	3.86237	2.23175	1.29620e-05
2.54311e+04	2.33625e-02	4.14719e-02	3.77808	4.21067	1.29620e-05
2.54777e+04	2.33754e-02	2.61162e-03	2.55003	0.01657	1.29620e-05
2.55243e+04	2.33770e-02	7.34109e-02	2.74638	1.75900	1.29620e-05
2.55709e+04	2.33751e-02	5.86276e-02	2.04555	5.60080	1.29620e-05
2.56175e+04	2.33710e-02	7.91930e-02	0.63379	0.70055	1.29620e-05
2.56640e+04	2.33702e-02	6.70442e-02	0.28655	5.19896	1.29620e-05
2.57106e+04	2.33808e-02	9.71667e-02	4.20733	1.25455	1.29620e-05
2.57572e+04	2.33654e-02	3.41385e-02	2.26610	1.45530	1.29620e-05
2.58038e+04	2.33445e-02	4.71140e-02	0.53300	4.84775	1.29620e-05
2.58504e+04	2.33690e-02	3.31091e-02	1.33789	3.13170	1.29620e-05
2.58970e+04	2.33287e-02	6.62627e-02	2.59768	0.51861	1.29620e-05
2.59436e+04	2.33290e-02	6.97678e-02	0.94702	3.99786	1.29620e-05
2.59901e+04	2.33618e-02	4.94192e-02	1.54337	1.76941	1.29620e-05
2.60367e+04	2.33808e-02	9.74953e-02	0.75180	0.87855	1.29620e-05
2.60833e+04	2.33527e-02	6.35599e-02	4.87093	5.43032	1.29620e-05
2.61299e+04	2.33309e-02	8.62326e-02	2.51383	3.55949	1.29620e-05
2.61765e+04	2.33478e-02	7.28387e-02	2.39428	1.77090	1.29620e-05
2.62231e+04	2.33235e-02	5.23116e-02	0.83651	0.87035	1.29620e-05
2.62697e+04	2.33734e-02	3.24101e-02	2.56812	1.48744	1.29620e-05
2.63162e+04	2.33170e-02	8.38486e-02	3.46204	2.22030	1.29620e-05
2.63628e+04	2.33466e-02	8.39214e-02	2.74518	1.67768	1.29620e-05
2.64094e+04	2.33441e-02	8.05148e-02	5.78961	1.34365	1.29620e-05
2.64560e+04	2.33158e-02	6.34831e-02	0.35912	1.56189	1.29620e-05
2.65026e+04	2.33363e-02	7.08158e-02	4.83694	1.64802	1.29620e-05
2.65492e+04	2.33018e-02	6.23629e-02	4.82804	2.27656	1.29620e-05
2.65958e+04	2.33234e-02	9.79744e-02	3.44735	3.00739	1.29620e-05
2.66423e+04	2.33427e-02	4.30501e-02	1.97641	3.52503	1.29620e-05
2.66889e+04	2.33225e-02	3.78670e-02	5.13819	5.14326	1.29620e-05
2.67355e+04	2.33291e-02	5.08571e-02	5.17045	0.24123	1.29620e-05
2.67821e+04	2.33309e-02	9.27548e-02	0.00046	2.13569	1.29620e-05
2.68287e+04	2.33344e-02	1.05880e-01	2.90381	3.17550	1.29620e-05
2.68753e+04	2.33075e-02	6.06726e-02	6.19727	4.71583	1.29620e-05
2.69219e+04	2.33062e-02	6.75505e-02	3.71667	0.44707	1.29620e-05
2.69684e+04	2.33312e-02	1.22106e-01	2.05885	0.66441	1.29620e-05
2.70150e+04	2.33185e-02	1.01314e-01	0.03211	0.57421	1.29620e-05
2.70616e+04	2.33301e-02	1.16307e-02	0.02205	1.77977	1.29620e-05
2.71082e+04	2.32851e-02	1.04616e-01	1.75834	4.73676	1.29620e-05
2.71548e+04	2.33285e-02	1.16188e-01	6.12556	4.57603	1.29620e-05
2.72014e+04	2.33207e-02	5.41805e-02	1.86448	0.58077	1.29620e-05
2.72480e+04	2.33033e-02	8.51699e-02	3.99149	2.14481	1.29620e-05
2.72945e+04	2.32774e-02	3.44207e-02	1.58282	3.46010	1.29620e-05
2.73411e+04	2.32872e-02	7.74519e-02	3.02774	0.04221	1.29620e-05
2.73877e+04	2.32859e-02	9.81912e-02	3.96981	0.90365	1.29620e-05
2.74343e+04	2.33004e-02	1.37130e-01	0.44129	3.74378	1.29620e-05
2.74809e+04	2.33188e-02	6.34388e-02	0.51917	4.83445	1.29620e-05
2.75275e+04	2.33329e-02	8.33309e-02	1.36409	3.06287	1.29620e-05
2.75741e+04	2.32537e-02	9.76182e-02	1.79022	5.54677	1.29620e-05
2.76206e+04	2.32447e-02	8.10446e-02	4.59965	1.58162	1.29620e-05
2.76672e+04	2.32899e-02	5.69382e-02	1.23145	3.78275	1.29620e-05
2.77138e+04	2.33039e-02	9.27181e-02	2.01241	1.20508	1.29620e-05
2.77604e+04	2.32822e-02	1.04607e-01	5.74156	1.61952	1.29620e-05
2.78070e+04	2.32978e-02	4.35955e-02	5.82383	5.10118	1.29620e-05
2.78536e+04	2.32936e-02	1.43351e-01	4.18809	0.75719	1.29620e-05
2.79002e+04	2.32774e-02	1.31060e-01	2.59308	1.16395	1.29620e-05
2.79467e+04	2.33060e-02	1.61962e-02	2.98072	4.13269	1.29620e-05
2.79933e+04	2.32822e-02	1.16237e-01	1.93388	1.29110	1.29620e-05
2.80399e+04	2.33039e-02	1.26833e-01	5.37623	2.86541	1.29620e-05
2.80865e+04	2.32936e-02	8.99179e-02	4.02087	5.02536	1.29620e-05
2.81331e+04	2.32900e-02	8.93700e-02	0.53846	1.85037	1.29620e-05
2.81797e+04	2.32799e-02	1.00907e-01	5.30992	4.69665	1.29620e-05
2.82263e+04	2.32524e-02	1.00792e-01	5.97681	0.68320	1.29620e-05
2.82728e+04	2.32857e-02	7.89888e-02	2.57613	3.58080	1.29620e-05
2.83194e+04	2.32541e-02	1.09772e-01	2.87730	0.71889	1.29620e-05
2.83660e+04	2.32699e-02	8.05224e-02	5.20127	2.50587	1.29620e-05
2.84126e+04	2.32688e-02	6.41132e-02	2.70923	0.39095	1.29620e-05
2.84592e+04	2.32722e-02	1.00367e-01	1.65835	3.31086	1.29620e-05
2.85058e+04	2.32689e-02	1.02411e-01	0.71059	4.88550	1.29620e-05
2.85524e+04	2.32698e-02	1.07566e-01	1.36644	0.83103	1.29620e-05
2.85989e+04	2.32435e-02	1.13753e-01	3.38934	2.98634	1.29620e-05
2.86455e+04	2.32559e-02	5.24861e-02	2.53759	0.41865	1.29620e-05
2.86921e+04	2.32387e-02	1.13785e-01	4.09180	4.12741	1.29620e-05
2.87387e+04	2.32643e-02	9.29560e-02	2.85750	1.07336	1.29620e-05
2.87853e+04	2.32420e-02	1.13356e-01	4.60315	4.18951	1.29620e-05
2.88319e+04	2.32332e-02	1.16152e-01	1.94683	1.45750	1.29620e-05
2.88785e+04	2.32435e-02	1.30787e-01	2.68645	4.38116	1.29620e-05
2.89250e+04	2.32477e-02	6.06182e-02	0.78049	2.23872	1.29620e-05
2.89716e+04	2.32442e-02	1.27802e-01	0.57044	6.06453	1.29620e-05
2.90182e+04	2.32484e-02	9.22885e-02	5.19192	2.79978	1.29620e-05
2.90648e+04	2.32448e-02	1.33302e-01	5.98569	0.69200	1.29620e-05
2.91114e+04	2.32341e-02	1.07994e-01	2.88265	4.55423	1.29620e-05
2.91580e+04	2.32188e-02	1.27712e-01	2.39136	1.79793	1.29620e-05
2.92046e+04	2.32463e-02	8.64098e-02	6.19462	5.82771	1.29620e-05
2.92511e+04	2.32520e-02	7.97397e-02	5.99368	2.87282	1.29620e-05
2.92977e+04	2.32547e-02	7.78576e-02	3.08221	3.99353	1.29620e-05
2.93443e+04	2.32212e-02	1.05341e-01	3.84622	4.80119	1.29620e-05
2.93909e+04	2.32627e-02	7.49795e-02	6.12243	6.21416	1.29620e-05
2.94375e+04	2.31916e-02	7.19546e-02	5.99975	0.19567	1.29620e-05
2.94841e+04	2.32435e-02	9.36344e-02	1.82533	1.11936	1.29620e-05
2.95307e+04	2.32543e-02	6.13160e-02	0.13242	1.92780	1.29620e-05
2.95772e+04	2.32472e-02	1.05766e-01	2.03214	2.08506	1.29620e-05
2.96238e+04	2.32444e-02	7.15712e-02	5.79576	2.66551	1.29620e-05
2.96704e+04	2.31915e-02	9.64535e-02	0.21339	2.83871	1.29620e-05
2.97170e+04	2.31898e-02	7.09972e-02	3.30671	3.56112	1.29620e-05
2.97636e+04	2.32423e-02	8.43149e-02	2.69977	3.72968	1.29620e-05
2.98102e+04	2.32306e-02	8.37415e-02	4.57404	4.66150	1.29620e-05
2.98568e+04	2.32233e-02	9.05284e-02	3.18219	4.53616	1.29620e-05
2.99033e+04	2.32077e-02	8.06166e-02	3.84877	5.59696	1.29620e-05
2.99499e+04	2.32110e-02	9.56549e-02	2.28929	5.24864	1.29620e-05
2.99965e+04	2.31907e-02	7.79705e-02	1.26193	0.25620	1.29620e-05
3.00431e+04	2.31918e-02	8.78216e-02	5.08619	6.27813	1.29620e-05
3.00897e+04	2.31864e-02	8.91069e-02	2.91989	1.29711	1.29620e-05
3.01363e+04	2.32317e-02	9.32223e-02	5.44318	1.11314	1.29620e-05
3.01829e+04	2.32053e-02	8.45653e-02	2.31354	2.38269	1.29620e-05
3.02294e+04	2.31656e-02	9.08233e-02	3.64879	2.23160	1.29620e-05
3.02760e+04	2.32081e-02	7.32170e-02	6.06085	3.59906	1.29620e-05
3.03226e+04	2.31936e-02	9.26663e-02	6.19285	3.60279	1.29620e-05
3.03692e+04	2.31636e-02	7.60088e-02	1.70044	4.75457	1.29620e-05
3.04158e+04	2.31653e-02	1.01163e-01	0.43840	4.92093	1.29620e-05
3.04624e+04	2.31949e-02	7.19430e-02	1.70272	6.01479	1.29620e-05
3.05090e+04	2.32042e-02	1.03478e-01	5.28565	0.16765	1.29620e-05
3.05555e+04	2.31853e-02	6.79349e-02	5.24616	1.20058	1.29620e-05
3.06021e+04	2.31936e-02	1.11786e-01	1.76915	1.85834	1.29620e-05
3.06487e+04	2.32189e-02	7.60960e-02	0.85235	2.68614	1.29620e-05
3.06953e+04	2.32146e-02	1.05363e-01	2.16802	3.68816	1.29620e-05
3.07419e+04	2.31972e-02	7.19066e-02	0.42676	4.41501	1.29620e-05
3.07885e+04	2.31391e-02	1.08275e-01	0.74066	5.68350	1.29620e-05
3.08351e+04	2.31478e-02	7.47911e-02	4.30904	6.20146	1.29620e-05
3.08816e+04	2.31604e-02	9.59872e-02	3.49972	1.41579	1.29620e-05
3.09282e+04	2.31393e-02	7.65693e-02	6.11744	2.01642	1.29620e-05
3.09748e+04	2.31295e-02	9.79251e-02	4.32864	3.63890	1.29620e-05
3.10214e+04	2.31392e-02	8.16567e-02	5.94001	4.12819	1.29620e-05
3.10680e+04	2.31761e-02	9.46923e-02	3.30862	5.95715	1.29620e-05
3.11146e+04	2.31874e-02	8.97194e-02	3.77123	0.24424	1.29620e-05
3.11612e+04	2.31796e-02	1.01676e-01	6.08496	2.08547	1.29620e-05
3.12077e+04	2.31562e-02	9.10878e-02	5.77820	2.67116	1.29620e-05
3.12543e+04	2.31656e-02	9.52071e-02	1.16774	4.66408	1.29620e-05
3.13009e+04	2.31583e-02	9.60365e-02	5.83728	5.37683	1.29620e-05
3.13475e+04	2.31399e-02	8.89883e-02	0.07595	1.06769	1.29620e-05
3.13941e+04	2.31470e-02	9.18500e-02	4.16296	1.90259	1.29620e-05
3.14407e+04	2.31231e-02	9.13456e-02	3.59284	4.01613	1.29620e-05
3.14873e+04	2.31383e-02	1.02971e-01	0.52133	4.91659	1.29620e-05
3.15338e+04	2.31423e-02	8.94363e-02	5.18832	0.61257	1.29620e-05
3.15804e+04	2.31581e-02	9.87606e-02	1.30046	1.70830	1.29620e-05
3.16270e+04	2.31824e-02	8.95596e-02	4.89398	3.77317	1.29620e-05
3.16736e+04	2.31387e-02	1.01559e-01	6.17855	4.89771	1.29620e-05
3.17202e+04	2.31385e-02	8.35224e-02	2.75031	0.80409	1.29620e-05
3.17668e+04	2.31710e-02	1.03194e-01	3.15753	1.99646	1.29620e-05
3.18134e+04	2.31404e-02	8.53455e-02	5.27245	4.14621	1.29620e-05
3.18599e+04	2.31677e-02	1.01446e-01	4.61746	5.38285	1.29620e-05
3.19065e+04	2.31499e-02	9.02194e-02	5.70435	1.46790	1.29620e-05
3.19531e+04	2.31459e-02	9.99072e-02	4.07949	2.65351	1.29620e-05
3.19997e+04	2.31317e-02	9.28979e-02	4.33362	5.12524	1.29620e-05
3.20463e+04	2.30995e-02	9.86057e-02	2.05999	0.09573	1.29620e-05
3.20929e+04	2.31251e-02	9.64182e-02	1.52035	2.63818	1.29620e-05
3.21395e+04	2.31507e-02	9.58455e-02	4.29778	3.99288	1.29620e-05
3.21860e+04	2.31066e-02	1.02906e-01	2.81384	0.29695	1.29620e-05
3.22326e+04	2.31293e-02	8.47584e-02	4.83645	1.72845	1.29620e-05
3.22792e+04	2.31245e-02	1.09600e-01	2.84866	4.34944	1.29620e-05
3.23258e+04	2.31020e-02	8.12620e-02	3.91889	5.96591	1.29620e-05
3.23724e+04	2.31403e-02	1.10690e-01	0.81549	2.24623	1.29620e-05
3.24190e+04	2.31471e-02	8.14415e-02	0.82681	4.15228	1.29620e-05
3.24656e+04	2.31069e-02	1.07072e-01	3.35388	0.16756	1.29620e-05
3.25121e+04	2.31253e-02	7.81505e-02	2.45038	2.52437	1.29620e-05
3.25587e+04	2.31190e-02	1.09532e-01	4.72024	4.48893	1.29620e-05
3.26053e+04	2.31469e-02	8.81128e-02	2.52132	0.88661	1.29620e-05
3.26519e+04	2.30832e-02	1.02811e-01	4.06363	2.64745	1.29620e-05
3.26985e+04	2.31480e-02	9.78816e-02	1.07733	5.60515	1.29620e-05
3.27451e+04	2.30957e-02	9.47776e-02	1.91045	1.07726	1.29620e-05
3.27917e+04	2.31061e-02	1.04210e-01	4.25062	3.96692	1.29620e-05
3.28382e+04	2.30998e-02	8.22787e-02	3.92433	6.02534	1.29620e-05
3.28848e+04	2.30626e-02	1.11306e-01	6.14210	2.39965	1.29620e-05
3.29314e+04	2.31048e-02	7.94203e-02	4.81914	4.89174	1.29620e-05
3.29780e+04	2.31245e-02	1.06689e-01	0.02089	0.93276	1.29620e-05
3.30246e+04	2.30697e-02	8.61734e-02	3.68872	3.90367	1.29620e-05
3.30712e+04	2.31234e-02	1.00644e-01	4.68741	5.92318	1.29620e-05
3.31178e+04	2.30762e-02	1.01197e-01	1.65048	2.83026	1.29620e-05
3.31643e+04	2.30603e-02	9.06327e-02	1.73545	4.96277	1.29620e-05
3.32109e+04	2.31190e-02	1.14538e-01	4.14033	1.68635	1.29620e-05
3.32575e+04	2.30672e-02	8.41143e-02	3.18130	4.28310	1.29620e-05
3.33041e+04	2.31128e-02	1.13171e-01	5.14298	0.64851	1.29620e-05
3.33507e+04	2.30716e-02	9.29289e-02	3.19280	3.73824	1.29620e-05
3.33973e+04	2.31050e-02	9.63943e-02	4.81237	6.10355	1.29620e-05
3.34439e+04	2.31032e-02	1.12034e-01	2.11291	3.08604	1.29620e-05
3.34904e+04	2.30629e-02	8.45940e-02	2.58510	5.60630	1.29620e-05
3.35370e+04	2.30770e-02	1.15294e-01	5.69885	2.36198	1.29620e-05
3.35836e+04	2.31003e-02	9.18311e-02	5.24670	5.35909	1.29620e-05
3.36302e+04	2.31000e-02	1.04064e-01	1.93474	1.74100	1.29620e-05
3.36768e+04	2.30812e-02	1.04232e-01	0.58026	4.99439	1.29620e-05
3.37234e+04	2.30669e-02	8.98837e-02	2.80820	1.42457	1.29620e-05
3.37700e+04	2.30629e-02	1.07861e-01	1.05402	4.49195	1.29620e-05
3.38165e+04	2.30613e-02	9.37213e-02	2.09680	1.38902	1.29620e-05
3.38631e+04	2.30514e-02	1.00312e-01	0.01765	4.07703	1.29620e-05
3.39097e+04	2.30508e-02	1.08569e-01	0.10600	1.18479	1.29620e-05
3.39563e+04	2.30397e-02	8.86524e-02	3.83167	4.02085	1.29620e-05
3.40029e+04	2.30394e-02	1.12474e-01	3.51827	0.85731	1.29620e-05
3.40495e+04	2.30843e-02	9.83029e-02	5.90547	4.30362	1.29620e-05
3.40961e+04	2.30729e-02	9.93591e-02	5.43068	0.67808	1.29620e-05
3.41426e+04	2.30432e-02	1.11951e-01	0.88805	4.29535	1.29620e-05
3.41892e+04	2.30650e-02	8.69061e-02	5.85990	1.01542	1.29620e-05
3.42358e+04	2.30595e-02	1.10073e-01	1.05561	4.17552	1.29620e-05
3.42824e+04	2.30218e-02	1.00295e-01	5.13133	1.44450	1.29620e-05
3.43290e+04	2.30703e-02	9.19687e-02	6.25542	4.35872	1.29620e-05
3.43756e+04	2.30376e-02	1.12080e-01	3.51660	1.58064	1.29620e-05
3.44221e+04	2.30131e-02	9.36693e-02	3.39548	4.92639	1.29620e-05
3.44687e+04	2.30620e-02	1.03650e-01	0.34750	1.78296	1.29620e-05
3.45153e+04	2.30557e-02	1.11137e-01	6.07850	5.32827	1.29620e-05
3.45619e+04	2.30127e-02	9.10647e-02	2.14207	2.48173	1.29620e-05
3.46085e+04	2.30077e-02	1.06187e-01	1.31610	5.59397	1.29620e-05
3.46551e+04	2.30024e-02	1.06688e-01	2.84449	3.09044	1.29620e-05
3.47017e+04	2.30045e-02	8.86512e-02	1.53513	0.03222	1.29620e-05
3.47482e+04	2.30568e-02	1.12061e-01	2.80780	3.41686	1.29620e-05
3.47948e+04	2.30560e-02	1.06663e-01	0.48025	0.97898	1.29620e-05
3.48414e+04	2.30273e-02	9.19572e-02	1.27872	4.10808	1.29620e-05
3.48880e+04	2.30041e-02	1.11745e-01	4.87080	1.52684	1.29620e-05
3.49346e+04	2.29900e-02	9.47242e-02	4.90279	5.20021	1.29620e-05
3.49812e+04	2.29994e-02	9.56755e-02	1.96333	2.23875	1.29620e-05
3.50278e+04	2.30269e-02	1.10361e-01	1.56432	5.93674	1.29620e-05
3.50743e+04	2.30439e-02	1.00127e-01	3.74857	3.37734	1.29620e-05
3.51209e+04	2.29889e-02	9.27921e-02	3.10545	0.49034	1.29620e-05
3.51675e+04	2.29975e-02	1.11586e-01	5.14341	4.18307	1.29620e-05
3.52141e+04	2.30455e-02	1.00413e-01	3.50101	1.78007	1.29620e-05
3.52607e+04	2.30481e-02	9.81551e-02	5.24072	5.12737	1.29620e-05
3.53073e+04	2.30261e-02	1.14482e-01	3.04429	2.72216	1.29620e-05
3.53539e+04	2.29753e-02	9.52348e-02	3.92798	0.30346	1.29620e-05
3.54004e+04	2.29873e-02	9.96251e-02	1.74903	3.73249	1.29620e-05
3.54470e+04	2.29915e-02	1.13172e-01	2.16908	1.39687	1.29620e-05
3.54936e+04	2.30021e-02	9.76422e-02	5.42227	5.24832	1.29620e-05
3.55402e+04	2.30262e-02	1.00647e-01	5.58557	2.57841	1.29620e-05
3.55868e+04	2.30270e-02	1.12327e-01	1.94288	0.11868	1.29620e-05
3.56334e+04	2.30050e-02	1.05971e-01	1.42807	4.18856	1.29620e-05
3.56800e+04	2.30100e-02	9.59301e-02	3.99903	1.47208	1.29620e-05
3.57265e+04	2.29754e-02	1.12609e-01	2.80801	5.38157	1.29620e-05
3.57731e+04	2.29853e-02	1.04935e-01	4.70962	3.19514	1.29620e-05
3.58197e+04	2.29892e-02	9.86423e-02	3.40677	0.60250	1.29620e-05
3.58663e+04	2.30033e-02	1.09694e-01	4.80144	4.52115	1.29620e-05
3.59129e+04	2.29942e-02	1.09780e-01	2.86705	2.28104	1.29620e-05
3.59595e+04	2.29699e-02	9.74832e-02	3.94423	6.20558	1.29620e-05
3.60061e+04	2.29855e-02	1.05704e-01	1.48735	3.71305	1.29620e-05
3.60526e+04	2.30066e-02	1.13567e-01	2.04480	1.59151	1.29620e-05
3.60992e+04	2.29986e-02	9.88429e-02	5.64311	5.55333	1.29620e-05
3.61458e+04	2.29541e-02	1.01796e-01	5.83818	3.12392	1.29620e-05
3.61924e+04	2.29864e-02	1.13017e-01	2.44378	0.98828	1.29620e-05
3.62390e+04	2.29554e-02	1.01980e-01	2.20352	5.05408	1.29620e-05
3.62856e+04	2.29504e-02	9.85412e-02	5.03990	2.73977	1.29620e-05
3.63322e+04	2.29886e-02	1.09602e-01	4.15341	0.43459	1.29620e-05
3.63787e+04	2.30082e-02	1.10758e-01	0.00062	4.72465	1.29620e-05
3.64253e+04	2.29751e-02	9.79374e-02	5.15856	2.44135	1.29620e-05
3.64719e+04	2.30102e-02	1.06264e-01	0.85896	0.10300	1.29620e-05
3.65185e+04	2.29322e-02	1.10694e-01	5.52533	4.40349	1.29620e-05
3.65651e+04	2.29698e-02	1.01589e-01	0.53592	2.25104	1.29620e-05
3.66117e+04	2.29957e-02	1.01464e-01	5.08691	0.00383	1.29620e-05
3.66583e+04	2.29865e-02	1.11230e-01	6.01468	4.15730	1.29620e-05
3.67048e+04	2.29373e-02	1.06844e-01	3.81198	2.20527	1.29620e-05
3.67514e+04	2.29560e-02	9.65165e-02	4.55082	6.26094	1.29620e-05
3.67980e+04	2.29935e-02	1.09593e-01	1.80459	4.08977	1.29620e-05
3.68446e+04	2.29247e-02	1.09484e-01	1.94537	2.20089	1.29620e-05
3.68912e+04	2.29482e-02	1.00029e-01	5.30480	0.04917	1.29620e-05
3.69378e+04	2.29716e-02	1.06862e-01	5.09305	4.21567	1.29620e-05
3.69844e+04	2.29196e-02	1.09639e-01	1.58737	2.24364	1.29620e-05
3.70309e+04	2.29612e-02	1.06913e-01	1.28781	0.27484	1.29620e-05
3.70775e+04	2.29574e-02	1.03596e-01	3.60734	4.46043	1.29620e-05
3.71241e+04	2.29658e-02	1.09827e-01	2.85352	2.44389	1.29620e-05
3.71707e+04	2.29707e-02	1.08746e-01	4.94570	0.51761	1.29620e-05
3.72173e+04	2.29632e-02	1.09409e-01	3.82610	4.83241	1.29620e-05
3.72639e+04	2.29708e-02	1.06347e-01	5.64964	2.86988	1.29620e-05
3.73105e+04	2.29524e-02	1.06945e-01	4.12362	0.85033	1.29620e-05
3.73570e+04	2.29609e-02	1.11176e-01	5.46457	5.25407	1.29620e-05
3.74036e+04	2.29532e-02	1.07819e-01	3.51752	3.36340	1.29620e-05
3.74502e+04	2.29627e-02	1.03663e-01	4.65254	1.40096	1.29620e-05
3.74968e+04	2.29459e-02	1.07171e-01	2.40852	5.72326	1.29620e-05
3.75434e+04	2.29082e-02	1.12553e-01	3.04570	3.91268	1.29620e-05
3.75900e+04	2.29449e-02	1.04194e-01	0.67984	2.07430	1.29620e-05
3.76366e+04	2.29028e-02	1.01784e-01	0.97864	0.03373	1.29620e-05
3.76831e+04	2.29584e-02	1.14133e-01	4.53142	4.49688	1.29620e-05
3.77297e+04	2.29057e-02	1.09815e-01	4.63269	2.72783	1.29620e-05
3.77763e+04	2.29230e-02	1.04450e-01	1.29604	0.85568	1.29620e-05
3.78229e+04	2.29096e-02	1.03617e-01	1.47874	5.16342	1.29620e-05
3.78695e+04	2.28874e-02	1.13424e-01	4.00203	3.41079	1.29620e-05
3.79161e+04	2.29377e-02	1.08349e-01	3.45161	1.71512	1.29620e-05
3.79627e+04	2.29113e-02	1.03690e-01	5.82276	6.05294	1.29620e-05
3.80092e+04	2.28931e-02	1.07333e-01	5.22359	4.24013	1.29620e-05
3.80558e+04	2.29442e-02	1.11076e-01	0.79397	2.50494	1.29620e-05
3.81024e+04	2.29371e-02	1.09397e-01	6.05232	0.78196	1.29620e-05
3.81490e+04	2.28913e-02	1.03116e-01	1.70410	5.22031	1.29620e-05
3.81956e+04	2.29042e-02	1.10563e-01	0.08598	3.40447	1.29620e-05
3.82422e+04	2.29084e-02	1.11677e-01	1.61287	1.73952	1.29620e-05
3.82888e+04	2.29290e-02	1.08548e-01	0.04528	6.25014	1.29620e-05
3.83353e+04	2.29214e-02	1.06716e-01	1.37499	4.52965	1.29620e-05
3.83819e+04	2.28646e-02	1.06108e-01	5.47635	2.74486	1.29620e-05
3.84285e+04	2.29243e-02	1.10188e-01	0.08545	1.05342	1.29620e-05
3.84751e+04	2.28891e-02	1.10944e-01	4.19344	5.63906	1.29620e-05
3.85217e+04	2.28590e-02	1.06362e-01	4.84216	3.94010	1.29620e-05
3.85683e+04	2.28750e-02	1.05860e-01	2.29645	2.24466	1.29620e-05
3.86149e+04	2.28446e-02	1.06763e-01	2.66803	0.47581	1.29620e-05
3.86614e+04	2.28456e-02	1.09353e-01	5.91495	5.18036	1.29620e-05
3.87080e+04	2.28639e-02	1.07528e-01	5.93376	3.48441	1.29620e-05
3.87546e+04	2.28760e-02	1.05228e-01	2.79305	1.83868	1.29620e-05
3.88012e+04	2.28988e-02	1.08311e-01	2.67869	0.07743	1.29620e-05
3.88478e+04	2.28995e-02	1.14193e-01	5.47300	4.77523	1.29620e-05
3.88944e+04	2.28942e-02	1.12130e-01	4.93326	3.20268	1.29620e-05
3.89410e+04	2.29085e-02	1.06232e-01	1.35360	1.51633	1.29620e-05
3.89875e+04	2.29069e-02	1.10194e-01	0.68942	6.13622	1.29620e-05
3.90341e+04	2.28974e-02	1.12251e-01	3.02657	4.51958	1.29620e-05
3.90807e+04	2.29021e-02	1.11142e-01	1.98810	3.00358	1.29620e-05
3.91273e+04	2.28941e-02	1.03943e-01	4.02868	1.34926	1.29620e-05
3.91739e+04	2.28750e-02	1.07739e-01	2.88417	5.99142	1.29620e-05
3.92205e+04	2.28548e-02	1.10696e-01	4.64715	4.42217	1.29620e-05
3.92671e+04	2.28352e-02	1.11172e-01	3.07094	2.89492	1.29620e-05
3.93136e+04	2.28466e-02	1.06991e-01	4.61399	1.32374	1.29620e-05
3.93602e+04	2.28344e-02	1.07136e-01	2.86574	5.96808	1.29620e-05
3.94068e+04	2.28269e-02	1.09170e-01	4.07626	4.42977	1.29620e-05
3.94534e+04	2.28238e-02	1.08893e-01	1.94448	2.90632	1.29620e-05
3.95000e+04	2.28156e-02	1.09611e-01	2.90267	1.34868	1.29620e-05
3.95466e+04	2.28301e-02	1.09680e-01	0.68422	6.09296	1.29620e-05
3.95932e+04	2.28240e-02	1.10042e-01	1.41483	4.51456	1.29620e-05
3.96397e+04	2.28234e-02	1.10342e-01	5.18947	3.05008	1.29620e-05
3.96863e+04	2.28134e-02	1.07924e-01	5.66286	1.46997	1.29620e-05
3.97329e+04	2.28388e-02	1.11046e-01	2.87629	6.27266	1.29620e-05
3.97795e+04	2.28483e-02	1.11393e-01	3.10856	4.73124	1.29620e-05
3.98261e+04	2.28642e-02	1.11452e-01	6.24193	3.25832	1.29620e-05
3.98727e+04	2.28486e-02	1.10579e-01	6.16792	1.72543	1.29620e-05
3.99193e+04	2.28189e-02	1.09981e-01	2.83170	0.23312	1.29620e-05
3.99658e+04	2.28043e-02	1.10802e-01	2.68104	5.05193	1.29620e-05
4.00124e+04	2.28241e-02	1.09667e-01	5.47162	3.54277	1.29620e-05
4.00590e+04	2.28634e-02	1.12396e-01	4.87953	2.06873	1.29620e-05
4.01056e+04	2.28453e-02	1.10582e-01	0.97362	0.57079	1.29620e-05
4.01522e+04	2.28000e-02	1.12466e-01	0.28183	5.41374	1.29620e-05
4.01988e+04	2.28168e-02	1.09097e-01	2.63917	3.98310	1.29620e-05
4.02454e+04	2.28486e-02	1.09923e-01	1.58480	2.46230	1.29620e-05
4.02919e+04	2.28226e-02	1.10166e-01	3.39785	1.02104	1.29620e-05
4.03385e+04	2.27885e-02	1.11187e-01	2.28888	5.84588	1.29620e-05
4.03851e+04	2.28389e-02	1.10963e-01	4.08104	4.47249	1.29620e-05
4.04317e+04	2.28249e-02	1.07606e-01	2.35236	2.98560	1.29620e-05
4.04783e+04	2.27822e-02	1.06214e-01	3.98180	1.52963	1.29620e-05
4.05249e+04	2.28362e-02	1.11548e-01	2.29829	0.09992	1.29620e-05
4.05715e+04	2.28140e-02	1.12015e-01	3.33129	4.97839	1.29620e-05
4.06180e+04	2.27856e-02	1.10607e-01	1.54608	3.60043	1.29620e-05
4.06646e+04	2.28376e-02	1.08527e-01	2.50647	2.11116	1.29620e-05
4.07112e+04	2.27841e-02	1.11337e-01	0.12557	0.71457	1.29620e-05
4.07578e+04	2.28229e-02	1.11900e-01	1.04852	5.59835	1.29620e-05
4.08044e+04	2.28055e-02	1.12522e-01	4.58712	4.21869	1.29620e-05
4.08510e+04	2.27828e-02	1.08855e-01	5.37497	2.80370	1.29620e-05
4.08976e+04	2.28206e-02	1.11514e-01	2.41619	1.38294	1.29620e-05
4.09441e+04	2.27647e-02	1.08966e-01	2.82304	0.02072	1.29620e-05
4.09907e+04	2.28175e-02	1.12494e-01	5.97866	4.89987	1.29620e-05
4.10373e+04	2.27539e-02	1.09456e-01	6.07364	3.54830	1.29620e-05
4.10839e+04	2.28133e-02	1.11404e-01	2.85544	2.13026	1.29620e-05
4.11305e+04	2.27590e-02	1.10471e-01	2.49712	0.76416	1.29620e-05
4.11771e+04	2.28044e-02	1.12922e-01	5.35809	5.68798	1.29620e-05
4.12237e+04	2.27659e-02	1.08893e-01	4.72509	4.29990	1.29620e-05
4.12702e+04	2.28224e-02	1.12157e-01	1.09141	2.94568	1.29620e-05
4.13168e+04	2.27536e-02	1.08227e-01	0.30230	1.56340	1.29620e-05
4.13634e+04	2.28051e-02	1.11525e-01	2.46619	0.23850	1.29620e-05
4.14100e+04	2.27557e-02	1.08033e-01	1.60045	5.14386	1.29620e-05
4.14566e+04	2.27770e-02	1.12269e-01	3.43309	3.78884	1.29620e-05
4.15032e+04	2.27995e-02	1.11990e-01	2.38286	2.44337	1.29620e-05
4.15498e+04	2.27410e-02	1.11572e-01	4.02329	1.09139	1.29620e-05
4.15963e+04	2.27778e-02	1.10975e-01	2.29793	6.06938	1.29620e-05
4.16429e+04	2.27835e-02	1.10568e-01	4.04748	4.68298	1.29620e-05
4.16895e+04	2.27378e-02	1.09440e-01	2.23620	3.35933	1.29620e-05
4.17361e+04	2.27648e-02	1.12865e-01	3.27801	2.01042	1.29620e-05
4.17827e+04	2.27948e-02	1.13999e-01	1.29347	0.71942	1.29620e-05
4.18293e+04	2.27519e-02	1.11179e-01	2.34402	5.65569	1.29620e-05
4.18759e+04	2.27331e-02	1.09340e-01	6.14878	4.31360	1.29620e-05
4.19224e+04	2.27867e-02	1.12472e-01	0.52005	2.99411	1.29620e-05
4.19690e+04	2.27744e-02	1.11968e-01	4.32697	1.67385	1.29620e-05
4.20156e+04	2.27146e-02	1.12370e-01	4.66389	0.37270	1.29620e-05
4.20622e+04	2.27518e-02	1.10673e-01	1.60873	5.32525	1.29620e-05
4.21088e+04	2.27715e-02	1.12108e-01	1.91500	3.99543	1.29620e-05
4.21554e+04	2.27213e-02	1.09851e-01	5.02944	2.70540	1.29620e-05
4.22020e+04	2.27268e-02	1.12006e-01	4.61134	1.38368	1.29620e-05
4.22485e+04	2.27663e-02	1.12626e-01	1.28826	0.10662	1.29620e-05
4.22951e+04	2.27276e-02	1.11184e-01	0.92646	5.03276	1.29620e-05
4.23417e+04	2.27243e-02	1.10544e-01	3.22734	3.77045	1.29620e-05
4.23883e+04	2.27685e-02	1.12210e-01	2.54542	2.44244	1.29620e-05
4.24349e+04	2.27381e-02	1.12333e-01	4.89734	1.17528	1.29620e-05
4.24815e+04	2.27065e-02	1.10593e-01	3.75343	6.12857	1.29620e-05
4.25281e+04	2.27217e-02	1.11322e-01	5.54089	4.84260	1.29620e-05
4.25746e+04	2.27571e-02	1.12055e-01	4.16143	3.54878	1.29620e-05
4.26212e+04	2.27566e-02	1.13023e-01	5.91048	2.25660	1.29620e-05
4.26678e+04	2.27470e-02	1.12796e-01	4.35124	0.96308	1.29620e-05
4.27144e+04	2.27133e-02	1.10732e-01	5.59801	5.93872	1.29620e-05
4.27610e+04	2.26935e-02	1.10378e-01	3.49132	4.65227	1.29620e-05
4.28076e+04	2.26946e-02	1.10966e-01	4.40695	3.39098	1.29620e-05
4.28542e+04	2.27100e-02	1.11048e-01	2.03438	2.07811	1.29620e-05
4.29007e+04	2.27171e-02	1.10885e-01	2.62094	0.80570	1.29620e-05
4.29473e+04	2.27454e-02	1.11159e-01	6.27914	5.77242	1.29620e-05
4.29939e+04	2.27372e-02	1.12893e-01	0.35337	4.53115	1.29620e-05
4.30405e+04	2.27384e-02	1.12189e-01	3.71040	3.21672	1.29620e-05
4.30871e+04	2.27392e-02	1.12197e-01	3.66418	1.95816	1.29620e-05
4.31337e+04	2.27237e-02	1.09733e-01	0.37666	0.65066	1.29620e-05
4.31803e+04	2.27123e-02	1.12585e-01	0.05824	5.65441	1.29620e-05
4.32268e+04	2.26924e-02	1.11214e-01	2.59621	4.39480	1.29620e-05
4.32734e+04	2.26815e-02	1.10720e-01	1.73136	3.10394	1.29620e-05
4.33200e+04	2.26730e-02	1.09129e-01	3.93690	1.83425	1.29620e-05
4.33666e+04	2.26766e-02	1.11723e-01	2.78961	0.53498	1.29620e-05
4.34132e+04	2.26859e-02	1.12011e-01	4.58463	5.55399	1.29620e-05
4.34598e+04	2.26922e-02	1.12114e-01	3.02768	4.27542	1.29620e-05
4.35064e+04	2.26984e-02	1.11210e-01	4.52657	2.99989	1.29620e-05
4.35529e+04	2.27196e-02	1.13313e-01	2.71748	1.71848	1.29620e-05
4.35995e+04	2.27266e-02	1.10770e-01	3.79659	0.42768	1.29620e-05
4.36461e+04	2.27100e-02	1.12311e-01	1.54276	5.44926	1.29620e-05
4.36927e+04	2.27031e-02	1.12016e-01	2.27859	4.16916	1.29620e-05
4.37393e+04	2.27058e-02	1.12875e-01	5.93096	2.88689	1.29620e-05
4.37859e+04	2.27057e-02	1.11051e-01	6.13541	1.60610	1.29620e-05
4.38325e+04	2.26802e-02	1.13115e-01	3.04311	0.32398	1.29620e-05
4.38790e+04	2.26854e-02	1.12436e-01	2.87710	5.34991	1.29620e-05
4.39256e+04	2.26833e-02	1.10717e-01	5.63011	4.03588	1.29620e-05
4.39722e+04	2.26852e-02	1.10651e-01	4.98675	2.78757	1.29620e-05
4.40188e+04	2.26738e-02	1.12605e-01	1.05046	1.47337	1.29620e-05
4.40654e+04	2.26790e-02	1.11619e-01	6.26679	0.22857	1.29620e-05
4.41120e+04	2.26944e-02	1.11665e-01	1.84156	5.20445	1.29620e-05
4.41586e+04	2.26903e-02	1.13547e-01	0.27792	3.94002	1.29620e-05
4.42051e+04	2.26980e-02	1.13084e-01	1.66795	2.63938	1.29620e-05
4.42517e+04	2.27071e-02	1.12205e-01	5.87607	1.36305	1.29620e-05
4.42983e+04	2.26893e-02	1.13077e-01	0.40735	0.07929	1.29620e-05
4.43449e+04	2.26480e-02	1.11123e-01	4.17711	5.08059	1.29620e-05
4.43915e+04	2.26389e-02	1.09671e-01	4.68902	3.78086	1.29620e-05
4.44381e+04	2.26361e-02	1.11084e-01	1.78550	2.49676	1.29620e-05
4.44847e+04	2.26575e-02	1.12289e-01	1.75635	1.19559	1.29620e-05
4.45312e+04	2.26813e-02	1.11896e-01	4.51803	6.21462	1.29620e-05
4.45778e+04	2.26911e-02	1.11964e-01	3.82364	4.89063	1.29620e-05
4.46244e+04	2.26756e-02	1.11656e-01	5.93220	3.62017	1.29620e-05
4.46710e+04	2.26611e-02	1.10840e-01	4.79303	2.28874	1.29620e-05
4.47176e+04	2.26197e-02	1.12530e-01	0.27085	1.03495	1.29620e-05
4.47642e+04	2.26276e-02	1.10141e-01	4.90713	5.98670	1.29620e-05
4.48108e+04	2.26509e-02	1.11731e-01	6.11248	4.70146	1.29620e-05
4.48573e+04	2.26695e-02	1.12026e-01	3.81528	3.37661	1.29620e-05
4.49039e+04	2.26777e-02	1.12269e-01	4.25271	2.08803	1.29620e-05
4.49505e+04	2.26613e-02	1.11559e-01	1.25500	0.77567	1.29620e-05
4.49971e+04	2.26211e-02	1.12461e-01	1.22717	5.75536	1.29620e-05
4.50437e+04	2.26132e-02	1.09066e-01	4.15491	4.42682	1.29620e-05
4.50903e+04	2.26305e-02	1.11427e-01	3.51360	3.11390	1.29620e-05
4.51369e+04	2.26660e-02	1.13193e-01	5.66747	1.79967	1.29620e-05
4.51834e+04	2.26659e-02	1.11856e-01	4.21723	0.49607	1.29620e-05
4.52300e+04	2.26480e-02	1.11809e-01	5.63502	5.42772	1.29620e-05
4.52766e+04	2.25991e-02	1.11720e-01	3.70860	4.12075	1.29620e-05
4.53232e+04	2.26025e-02	1.09606e-01	4.68040	2.77331	1.29620e-05
4.53698e+04	2.26358e-02	1.12567e-01	2.07501	1.47356	1.29620e-05
4.54164e+04	2.26572e-02	1.11200e-01	2.13469	0.10816	1.29620e-05
4.54630e+04	2.26430e-02	1.13619e-01	4.96077	5.07667	1.29620e-05
4.55095e+04	2.26145e-02	1.11168e-01	4.36559	3.71521	1.29620e-05
4.55561e+04	2.25981e-02	1.10387e-01	0.38337	2.39275	1.29620e-05
4.56027e+04	2.26239e-02	1.11478e-01	5.52067	1.03212	1.29620e-05
4.56493e+04	2.26375e-02	1.12716e-01	0.67586	5.96526	1.29620e-05
4.56959e+04	2.26474e-02	1.11533e-01	4.75065	4.60601	1.29620e-05
4.57425e+04	2.25932e-02	1.12385e-01	5.44765	3.26011	1.29620e-05
4.57891e+04	2.25883e-02	1.08939e-01	2.85034	1.90336	1.29620e-05
4.58356e+04	2.26313e-02	1.11906e-01	2.72434	0.53022	1.29620e-05
4.58822e+04	2.26301e-02	1.12694e-01	5.23235	5.43575	1.29620e-05
4.59288e+04	2.25876e-02	1.10663e-01	4.38273	4.08168	1.29620e-05
4.59754e+04	2.25832e-02	1.10175e-01	0.11583	2.68691	1.29620e-05
4.60220e+04	2.26391e-02	1.12470e-01	4.58709	1.33119	1.29620e-05
4.60686e+04	2.26076e-02	1.10564e-01	5.46709	6.19510	1.29620e-05
4.61152e+04	2.25735e-02	1.11849e-01	3.06415	4.83398	1.29620e-05
4.61617e+04	2.26279e-02	1.10001e-01	3.15988	3.42035	1.29620e-05
4.62083e+04	2.25886e-02	1.11504e-01	5.82969	2.04222	1.29620e-05
4.62549e+04	2.25920e-02	1.10136e-01	5.31082	0.60886	1.29620e-05
4.63015e+04	2.26211e-02	1.12500e-01	0.77771	5.50458	1.29620e-05
4.63481e+04	2.25911e-02	1.11713e-01	5.26693	4.08513	1.29620e-05
4.63947e+04	2.25773e-02	1.09857e-01	0.16487	2.67762	1.29620e-05
4.64413e+04	2.26186e-02	1.11367e-01	3.77651	1.24388	1.29620e-05
4.64878e+04	2.26023e-02	1.12261e-01	3.58433	6.10409	1.29620e-05
4.65344e+04	2.25620e-02	1.09632e-01	0.12679	4.67229	1.29620e-05
4.65810e+04	2.26167e-02	1.12400e-01	5.48054	3.24247	1.29620e-05
