# t	a	e	mean_anomaly	varpi	mass/M_star
0.00000e+00	3.48058e-02	7.25274e-04	3.74340	1.19152	2.31180e-05
4.65857e+01	3.48239e-02	2.60673e-03	4.66890	0.37193	2.31180e-05
9.31714e+01	3.48169e-02	3.80487e-03	2.32972	2.87791	2.31180e-05
1.39757e+02	3.48176e-02	2.00914e-03	2.42744	2.65737	2.31180e-05
1.86343e+02	3.48251e-02	7.75518e-04	4.01291	0.70485	2.31180e-05
2.32928e+02	3.48175e-02	2.18272e-03	3.74563	1.05566	2.31180e-05
2.79514e+02	3.48098e-02	6.21579e-03	4.07021	0.63843	2.31180e-05
3.26100e+02	3.48153e-02	1.75503e-03	2.18247	2.53671	2.31180e-05
3.72685e+02	3.48197e-02	1.46941e-03	5.94876	5.14963	2.31180e-05
4.19271e+02	3.48271e-02	3.94593e-03	3.08145	1.90085	2.31180e-05
4.65857e+02	3.48158e-02	3.20339e-03	0.82015	4.39413	2.31180e-05
5.12442e+02	3.48198e-02	1.96577e-03	2.16796	3.32028	2.31180e-05
5.59028e+02	3.48175e-02	5.41341e-03	5.14771	0.56186	2.31180e-05
6.05614e+02	3.48255e-02	5.82090e-03	4.10534	1.89323	2.31180e-05
6.52199e+02	3.48038e-02	6.77020e-03	3.31889	2.66158	2.31180e-05
6.98785e+02	3.48260e-02	3.11891e-03	0.07756	5.97787	2.31180e-05
7.45371e+02	3.48207e-02	4.27199e-03	5.63450	0.69099	2.31180e-05
7.91956e+02	3.48148e-02	3.87388e-03	1.61094	5.19962	2.31180e-05
8.38542e+02	3.48117e-02	8.17381e-03	0.99779	0.26354	2.31180e-05
8.85128e+02	3.48144e-02	6.32977e-03	4.92358	3.83877	2.31180e-05
9.31713e+02	3.48115e-02	9.06229e-03	3.73356	1.07948	2.31180e-05
9.78299e+02	3.48182e-02	4.76084e-03	4.29092	5.14982	2.31180e-05
1.02488e+03	3.47982e-02	9.43970e-03	2.91285	6.05020	2.31180e-05
1.07147e+03	3.48000e-02	1.18914e-02	0.36775	4.11706	2.31180e-05
1.11806e+03	3.47975e-02	1.25851e-02	3.35646	4.38689	2.31180e-05
1.16464e+03	3.47987e-02	3.86235e-03	0.97327	5.39985	2.31180e-05
1.21123e+03	3.48125e-02	1.05128e-02	1.21200	5.81348	2.31180e-05
1.25781e+03	3.47876e-02	1.46553e-02	1.50812	0.73834	2.31180e-05
1.30440e+03	3.47784e-02	1.05540e-02	0.00951	3.82566	2.31180e-05
1.35098e+03	3.47819e-02	1.06026e-02	3.05109	2.90637	2.31180e-05
1.39757e+03	3.48007e-02	4.11508e-03	1.58137	0.98658	2.31180e-05
1.44416e+03	3.47566e-02	1.79515e-02	3.53641	2.77353	2.31180e-05
1.49074e+03	3.47799e-02	1.51604e-02	1.24539	3.41026	2.31180e-05
1.53733e+03	3.47934e-02	3.69909e-03	5.66530	5.74397	2.31180e-05
1.58391e+03	3.47515e-02	2.10454e-02	1.55067	5.84126	2.31180e-05
1.63050e+03	3.47529e-02	2.17669e-02	2.59234	2.64338	2.31180e-05
1.67708e+03	3.47301e-02	2.03416e-02	3.34493	1.39253	2.31180e-05
1.72367e+03	3.47647e-02	1.45937e-02	3.44736	2.51272	2.31180e-05
1.77026e+03	3.47823e-02	7.21203e-03	0.69617	2.51428	2.31180e-05
1.81684e+03	3.47852e-02	8.55829e-03	5.46052	2.37631	2.31180e-05
1.86343e+03	3.47086e-02	8.74697e-03	5.64523	0.82815	2.31180e-05
1.91001e+03	3.47187e-02	1.58977e-02	0.01624	1.76143	2.31180e-05
1.95660e+03	3.47180e-02	1.53210e-02	3.25862	2.04367	2.31180e-05
2.00318e+03	3.46855e-02	1.52664e-02	4.05385	0.68603	2.31180e-05
2.04977e+03	3.47148e-02	1.90960e-02	1.88193	1.16775	2.31180e-05
2.09636e+03	3.47145e-02	1.34006e-02	5.79678	5.65849	2.31180e-05
2.14294e+03	3.46671e-02	7.87198e-03	5.62977	1.63476	2.31180e-05
2.18953e+03	3.47102e-02	1.97274e-02	3.19739	3.01966	2.31180e-05
2.23611e+03	3.47049e-02	2.30541e-02	4.44203	1.06730	2.31180e-05
2.28270e+03	3.47354e-02	1.37726e-02	2.15721	3.71478	2.31180e-05
2.32928e+03	3.47461e-02	1.25144e-02	4.44703	2.21559	2.31180e-05
2.37587e+03	3.46661e-02	2.62997e-02	0.66535	0.00124	2.31180e-05
2.42245e+03	3.46987e-02	1.19115e-02	5.25953	3.55234	2.31180e-05
2.46904e+03	3.47003e-02	5.93854e-03	4.91221	2.56153	2.31180e-05
2.51563e+03	3.46499e-02	1.56381e-02	1.70003	5.90635	2.31180e-05
2.56221e+03	3.47245e-02	1.48701e-02	0.15574	0.29414	2.31180e-05
2.60880e+03	3.47112e-02	1.48149e-02	5.51503	2.21305	2.31180e-05
2.65538e+03	3.47030e-02	2.48953e-02	4.23429	4.81533	2.31180e-05
2.70197e+03	3.47174e-02	9.73821e-03	3.24278	4.26335	2.31180e-05
2.74855e+03	3.46743e-02	1.29614e-02	0.37632	2.68204	2.31180e-05
2.79514e+03	3.46939e-02	1.67000e-02	1.79486	6.11135	2.31180e-05
2.84173e+03	3.46774e-02	1.31266e-02	5.17569	2.43805	2.31180e-05
2.88831e+03	3.46897e-02	2.47430e-02	3.55548	4.26655	2.31180e-05
2.93490e+03	3.46246e-02	1.24019e-02	0.20565	2.66481	2.31180e-05
2.98148e+03	3.46969e-02	1.13496e-02	3.03583	1.42798	2.31180e-05
3.02807e+03	3.46338e-02	2.13175e-02	4.68616	3.35658	2.31180e-05
3.07465e+03	3.46931e-02	2.37637e-02	5.91921	2.15390	2.31180e-05
3.12124e+03	3.46739e-02	7.76056e-03	0.69881	5.99158	2.31180e-05
3.16783e+03	3.46321e-02	1.62517e-02	4.44461	4.27045	2.31180e-05
3.21441e+03	3.46636e-02	3.20445e-02	5.12292	3.23959	2.31180e-05
3.26100e+03	3.46139e-02	3.64295e-02	6.05460	4.43827	2.31180e-05
3.30758e+03	3.46016e-02	3.96919e-03	0.39161	4.38451	2.31180e-05
3.35417e+03	3.46199e-02	2.52774e-02	1.70786	4.18248	2.31180e-05
3.40075e+03	3.45978e-02	2.85403e-02	5.18102	0.81326	2.31180e-05
3.44734e+03	3.45810e-02	2.13839e-02	1.72450	0.50149	2.31180e-05
3.49393e+03	3.45774e-02	2.92565e-02	2.92996	3.84425	2.31180e-05
3.54051e+03	3.46028e-02	1.72550e-02	5.84024	1.75942	2.31180e-05
3.58710e+03	3.45612e-02	1.20698e-02	5.75687	6.18606	2.31180e-05
3.63368e+03	3.45798e-02	1.05199e-02	4.32285	3.57510	2.31180e-05
3.68027e+03	3.45673e-02	2.24267e-02	4.24006	2.92648	2.31180e-05
3.72685e+03	3.45295e-02	2.26427e-02	0.69189	3.50496	2.31180e-05
3.77344e+03	3.45602e-02	4.28135e-03	5.66079	4.84142	2.31180e-05
3.82002e+03	3.45535e-02	1.22510e-02	0.29238	1.43316	2.31180e-05
3.86661e+03	3.45311e-02	2.94920e-02	0.10871	3.26168	2.31180e-05
3.91320e+03	3.45699e-02	2.68842e-02	3.60099	5.16375	2.31180e-05
3.95978e+03	3.45192e-02	1.75025e-02	3.66323	1.56060	2.31180e-05
4.00637e+03	3.45244e-02	1.99180e-02	6.06433	5.98504	2.31180e-05
4.05295e+03	3.45465e-02	2.87885e-02	1.01098	3.00238	2.31180e-05
4.09954e+03	3.45114e-02	9.68565e-03	5.21539	0.52123	2.31180e-05
4.14612e+03	3.44936e-02	3.72386e-02	6.10693	5.57726	2.31180e-05
4.19271e+03	3.45002e-02	1.11734e-02	3.99366	5.02846	2.31180e-05
4.23930e+03	3.45034e-02	2.71749e-02	0.48648	3.14955	2.31180e-05
4.28588e+03	3.44764e-02	2.05747e-02	5.41360	3.47083	2.31180e-05
4.33247e+03	3.44724e-02	2.12716e-02	3.81517	1.92083	2.31180e-05
4.37905e+03	3.44929e-02	3.25975e-02	4.06193	2.21643	2.31180e-05
4.42564e+03	3.44452e-02	2.37684e-02	1.73304	3.07178	2.31180e-05
4.47222e+03	3.44681e-02	1.50146e-02	4.68572	2.56839	2.31180e-05
4.51881e+03	3.44476e-02	3.31731e-02	4.03907	3.29540	2.31180e-05
4.56540e+03	3.44234e-02	3.42095e-02	0.95196	4.57185	2.31180e-05
4.61198e+03	3.44486e-02	2.14454e-02	1.12069	6.06872	2.31180e-05
4.65857e+03	3.44067e-02	1.99290e-02	5.39382	1.42025	2.31180e-05
4.70515e+03	3.44538e-02	1.49528e-02	0.79261	3.26167	2.31180e-05
4.75174e+03	3.44076e-02	2.21682e-02	0.01838	5.25692	2.31180e-05
4.79832e+03	3.44303e-02	1.28468e-02	3.58809	1.03104	2.31180e-05
4.84491e+03	3.43917e-02	2.14889e-02	3.87507	3.75900	2.31180e-05
4.89150e+03	3.44059e-02	1.92542e-02	2.66008	0.02132	2.31180e-05
4.93808e+03	3.43865e-02	1.93728e-02	5.07814	2.57713	2.31180e-05
4.98467e+03	3.44052e-02	2.11306e-02	5.26226	5.72996	2.31180e-05
5.03125e+03	3.43694e-02	2.08909e-02	3.24977	2.04114	2.31180e-05
5.07784e+03	3.43862e-02	1.71035e-02	4.86738	5.70259	2.31180e-05
5.12442e+03	3.43643e-02	2.09449e-02	4.49169	2.28211	2.31180e-05
5.17101e+03	3.43654e-02	1.56809e-02	1.54166	6.13178	2.31180e-05
5.21759e+03	3.43520e-02	2.39138e-02	2.88657	3.02584	2.31180e-05
5.26418e+03	3.43460e-02	2.22026e-02	2.06321	0.51100	2.31180e-05
5.31077e+03	3.43265e-02	3.20491e-02	5.40290	3.82131	2.31180e-05
5.35735e+03	3.43525e-02	2.93779e-02	0.23589	1.30394	2.31180e-05
5.40394e+03	3.42857e-02	3.27604e-02	5.63724	4.75260	2.31180e-05
5.45052e+03	3.43349e-02	2.49206e-02	2.05972	2.45424	2.31180e-05
5.49711e+03	3.43020e-02	2.04321e-02	2.89601	0.02584	2.31180e-05
5.54369e+03	3.43237e-02	2.43276e-02	0.86503	4.22013	2.31180e-05
5.59028e+03	3.42931e-02	1.97724e-02	3.38015	2.39040	2.31180e-05
5.63687e+03	3.42711e-02	3.01526e-02	3.89610	6.24539	2.31180e-05
5.68345e+03	3.42978e-02	2.75833e-02	2.31146	4.27447	2.31180e-05
5.73004e+03	3.42636e-02	2.74771e-02	5.23442	1.74506	2.31180e-05
5.77662e+03	3.42729e-02	2.71103e-02	5.32938	6.07693	2.31180e-05
5.82321e+03	3.42484e-02	2.06038e-02	3.31578	4.69214	2.31180e-05
5.86979e+03	3.42320e-02	2.46855e-02	5.84782	2.40415	2.31180e-05
5.91638e+03	3.42805e-02	3.25104e-02	6.20463	0.59502	2.31180e-05
5.96297e+03	3.42149e-02	2.86501e-02	4.75007	4.78792	2.31180e-05
6.00955e+03	3.42283e-02	2.68620e-02	1.03586	2.68343	2.31180e-05
6.05614e+03	3.42475e-02	2.09892e-02	1.00543	1.48988	2.31180e-05
6.10272e+03	3.41923e-02	2.57453e-02	5.55487	5.84613	2.31180e-05
6.14931e+03	3.42087e-02	3.23986e-02	2.05677	3.82331	2.31180e-05
6.19589e+03	3.42105e-02	2.71216e-02	2.66425	2.13145	2.31180e-05
6.24248e+03	3.41732e-02	2.34109e-02	0.76870	0.35419	2.31180e-05
6.28907e+03	3.42060e-02	2.34620e-02	3.10703	5.22975	2.31180e-05
6.33565e+03	3.42006e-02	2.97436e-02	3.62357	3.69244	2.31180e-05
6.38224e+03	3.41536e-02	2.99314e-02	2.14577	1.74883	2.31180e-05
6.42882e+03	3.41955e-02	2.19441e-02	4.97568	0.05517	2.31180e-05
6.47541e+03	3.41587e-02	2.52307e-02	5.16122	5.23254	2.31180e-05
6.52199e+03	3.41266e-02	2.82962e-02	3.60786	3.62383	2.31180e-05
6.56858e+03	3.41764e-02	2.70381e-02	0.43619	1.68245	2.31180e-05
6.61516e+03	3.41351e-02	2.82393e-02	1.17016	0.36331	2.31180e-05
6.66175e+03	3.41252e-02	2.39640e-02	5.76468	5.35124	2.31180e-05
6.70834e+03	3.41291e-02	2.55063e-02	2.36927	3.67553	2.31180e-05
6.75492e+03	3.41382e-02	2.77840e-02	3.66646	2.10824	2.31180e-05
6.80151e+03	3.41011e-02	2.85366e-02	2.30881	0.74873	2.31180e-05
6.84809e+03	3.40844e-02	2.09128e-02	4.97063	5.80290	2.31180e-05
6.89468e+03	3.41170e-02	2.75846e-02	0.08326	4.06761	2.31180e-05
6.94126e+03	3.41039e-02	3.40234e-02	6.06619	2.62200	2.31180e-05
6.98785e+03	3.40566e-02	2.26448e-02	4.51965	0.77394	2.31180e-05
7.03444e+03	3.40750e-02	2.39939e-02	3.30936	4.68302	2.31180e-05
7.08102e+03	3.40879e-02	1.16687e-02	3.19014	2.22257	2.31180e-05
7.12761e+03	3.40378e-02	2.52062e-02	6.08723	4.06792	2.31180e-05
7.17419e+03	3.40279e-02	2.80770e-02	5.60852	4.48487	2.31180e-05
7.22078e+03	3.40273e-02	2.17602e-02	1.45505	4.55073	2.31180e-05
7.26736e+03	3.39831e-02	3.25339e-02	5.33304	0.33627	2.31180e-05
7.31395e+03	3.40094e-02	2.21374e-02	0.60805	1.06007	2.31180e-05
7.36054e+03	3.39831e-02	1.71297e-02	5.81322	0.38312	2.31180e-05
7.40712e+03	3.39262e-02	2.87909e-02	3.40004	2.88354	2.31180e-05
7.45371e+03	3.39635e-02	1.27885e-02	4.05577	4.02907	2.31180e-05
7.50029e+03	3.39193e-02	2.96809e-02	6.23546	1.22374	2.31180e-05
7.54688e+03	3.39368e-02	1.27274e-02	1.14448	1.15907	2.31180e-05
7.59346e+03	3.39097e-02	7.58888e-03	0.70097	5.58798	2.31180e-05
7.64005e+03	3.38724e-02	2.91248e-02	4.31679	1.64350	2.31180e-05
7.68664e+03	3.38988e-02	1.87532e-02	5.84003	2.23888	2.31180e-05
7.73322e+03	3.38567e-02	2.07710e-02	2.90730	3.37836	2.31180e-05
7.77981e+03	3.38301e-02	4.99400e-03	6.09642	0.44330	2.31180e-05
7.82639e+03	3.38336e-02	1.87502e-02	5.36559	3.86947	2.31180e-05
7.87298e+03	3.38283e-02	1.94508e-02	2.55274	5.67063	2.31180e-05
7.91956e+03	3.37838e-02	8.80392e-03	2.75273	0.17940	2.31180e-05
7.96615e+03	3.38032e-02	7.69612e-03	0.99674	5.38680	2.31180e-05
8.01273e+03	3.37761e-02	1.05916e-02	2.50563	3.73634	2.31180e-05
8.05932e+03	3.37365e-02	2.15388e-02	1.79060	0.92724	2.31180e-05
8.10591e+03	3.37563e-02	2.55416e-02	0.60782	1.36063	2.31180e-05
8.15249e+03	3.37418e-02	5.29801e-03	1.48861	2.09863	2.31180e-05
8.19908e+03	3.37363e-02	7.27234e-03	3.42349	5.47025	2.31180e-05
8.24566e+03	3.36852e-02	2.11674e-02	2.60619	2.07506	2.31180e-05
8.29225e+03	3.36983e-02	8.24710e-03	1.29598	1.68370	2.31180e-05
8.33883e+03	3.36744e-02	1.39029e-02	0.20014	4.05961	2.31180e-05
8.38542e+03	3.36763e-02	1.49893e-02	4.08715	4.49943	2.31180e-05
8.43201e+03	3.36672e-02	1.75468e-02	5.31627	4.55059	2.31180e-05
8.47859e+03	3.36390e-02	2.10124e-02	1.47395	5.51168	2.31180e-05
8.52518e+03	3.35997e-02	1.22454e-02	2.64707	5.86000	2.31180e-05
8.57176e+03	3.35944e-02	1.27078e-02	3.33383	3.97370	2.31180e-05
8.61835e+03	3.36014e-02	1.01382e-02	0.86871	0.25718	2.31180e-05
8.66493e+03	3.35681e-02	7.79033e-03	4.80678	0.90312	2.31180e-05
8.71152e+03	3.35922e-02	1.05167e-02	5.12467	2.15050	2.31180e-05
8.75811e+03	3.35275e-02	5.18665e-03	0.11314	5.66138	2.31180e-05
8.80469e+03	3.35293e-02	1.13730e-02	3.92795	3.21294	2.31180e-05
8.85128e+03	3.35187e-02	1.12609e-02	0.17565	0.04195	2.31180e-05
8.89786e+03	3.34944e-02	1.00957e-02	2.22183	0.74026	2.31180e-05
8.94445e+03	3.34808e-02	4.64724e-03	2.90060	3.41044	2.31180e-05
8.99103e+03	3.34868e-02	6.98031e-03	4.67878	2.06785	2.31180e-05
9.03762e+03	3.34479e-02	1.08886e-02	0.54402	2.81447	2.31180e-05
9.08421e+03	3.34488e-02	2.50660e-03	4.24055	4.86698	2.31180e-05
9.13079e+03	3.34032e-02	1.31210e-03	5.79038	2.01529	2.31180e-05
9.17738e+03	3.33828e-02	9.39351e-03	2.87881	0.51343	2.31180e-05
9.22396e+03	3.33812e-02	5.84184e-03	5.60359	2.03842	2.31180e-05
9.27055e+03	3.33716e-02	1.43546e-02	6.18913	2.07026	2.31180e-05
9.31713e+03	3.33805e-02	3.44153e-03	2.14242	3.55240	2.31180e-05
9.36372e+03	3.33349e-02	3.89964e-03	4.23901	1.97142	2.31180e-05
9.41030e+03	3.33448e-02	1.07264e-02	3.55562	0.49714	2.31180e-05
9.45689e+03	3.33109e-02	4.45659e-03	3.42432	1.61231	2.31180e-05
9.50348e+03	3.32936e-02	8.88362e-03	2.62237	0.28330	2.31180e-05
9.55006e+03	3.32774e-02	1.11814e-02	4.22242	0.04962	2.31180e-05
9.59665e+03	3.32773e-02	8.20970e-03	3.29159	5.51002	2.31180e-05
9.64323e+03	3.32825e-02	1.86352e-03	0.60238	3.76808	2.31180e-05
9.68982e+03	3.32435e-02	1.08035e-02	0.11896	3.03643	2.31180e-05
9.73640e+03	3.32434e-02	6.70102e-03	3.87122	1.02985	2.31180e-05
9.78299e+03	3.32290e-02	1.03217e-02	3.93984	0.20760	2.31180e-05
9.82958e+03	3.31947e-02	7.35488e-03	1.52009	4.96572	2.31180e-05
9.87616e+03	3.32029e-02	2.81151e-03	2.70800	3.43458	2.31180e-05
9.92275e+03	3.31938e-02	2.32027e-03	0.06413	2.51109	2.31180e-05
9.96933e+03	3.31704e-02	8.64438e-03	3.90354	4.83242	2.31180e-05
1.00159e+04	3.31645e-02	3.55712e-03	1.15228	4.67516	2.31180e-05
1.00625e+04	3.31374e-02	3.33733e-03	3.48223	2.94155	2.31180e-05
1.01091e+04	3.31025e-02	7.23030e-03	4.95672	5.41199	2.31180e-05
1.01557e+04	3.31077e-02	4.49267e-03	1.30006	3.77456	2.31180e-05
1.02023e+04	3.30941e-02	4.38026e-03	2.43409	1.45992	2.31180e-05
1.02488e+04	3.30607e-02	2.96376e-03	4.34712	1.19147	2.31180e-05
1.02954e+04	3.30598e-02	4.50112e-03	5.13236	5.74231	2.31180e-05
1.03420e+04	3.30482e-02	6.21683e-03	6.23328	1.22572	2.31180e-05
1.03886e+04	3.30423e-02	3.73845e-03	0.65580	0.52029	2.31180e-05
1.04352e+04	3.30288e-02	5.00719e-03	1.84254	1.73989	2.31180e-05
1.04818e+04	3.30042e-02	3.49501e-03	0.75988	2.01745	2.31180e-05
1.05284e+04	3.29944e-02	2.39235e-03	2.22548	2.52203	2.31180e-05
1.05749e+04	3.29495e-02	6.16658e-03	3.90141	1.32496	2.31180e-05
1.06215e+04	3.29633e-02	5.51281e-03	4.24753	4.30111	2.31180e-05
1.06681e+04	3.29358e-02	4.11808e-03	5.81423	2.77483	2.31180e-05
1.07147e+04	3.29280e-02	4.56036e-03	6.19080	5.47030	2.31180e-05
1.07613e+04	3.29188e-02	8.91298e-04	1.79304	2.86830	2.31180e-05
1.08079e+04	3.29118e-02	5.05768e-03	2.91659	3.16132	2.31180e-05
1.08545e+04	3.29033e-02	3.12789e-03	2.15612	1.85192	2.31180e-05
1.09010e+04	3.29085e-02	7.18710e-03	1.28455	3.64423	2.31180e-05
1.09476e+04	3.28844e-02	1.41538e-02	3.28287	1.94720	2.31180e-05
1.09942e+04	3.28801e-02	2.63967e-03	2.57928	4.30420	2.31180e-05
1.10408e+04	3.28623e-02	3.95645e-03	0.63968	3.54161	2.31180e-05
1.10874e+04	3.28584e-02	2.33003e-03	2.19088	3.27366	2.31180e-05
1.11340e+04	3.28306e-02	7.83734e-03	3.77661	5.41821	2.31180e-05
1.11806e+04	3.28099e-02	1.69254e-03	2.31642	0.60350	2.31180e-05
1.12271e+04	3.28091e-02	8.66419e-03	0.22830	5.54464	2.31180e-05
1.12737e+04	3.27961e-02	6.46271e-03	2.05729	3.11994	2.31180e-05
1.13203e+04	3.27933e-02	1.15868e-02	0.50547	0.32660	2.31180e-05
1.13669e+04	3.27533e-02	2.13270e-03	2.57510	2.23212	2.31180e-05
1.14135e+04	3.27553e-02	1.07341e-02	3.24189	1.40717	2.31180e-05
1.14601e+04	3.27544e-02	3.80058e-03	2.39607	4.28618	2.31180e-05
1.15067e+04	3.27187e-02	7.36190e-03	2.65114	1.43733	2.31180e-05
1.15532e+04	3.27331e-02	1.51735e-03	4.15098	5.31349	2.31180e-05
1.15998e+04	3.27164e-02	1.03256e-02	1.97049	2.54981	2.31180e-05
1.16464e+04	3.26793e-02	6.24977e-03	2.22453	5.22226	2.31180e-05
1.16930e+04	3.26999e-02	5.17515e-03	3.01557	2.78582	2.31180e-05
1.17396e+04	3.26796e-02	4.98443e-03	1.50998	4.84294	2.31180e-05
1.17862e+04	3.26582e-02	5.73120e-03	5.15608	3.11799	2.31180e-05
1.18328e+04	3.26689e-02	2.46692e-03	5.41370	0.58578	2.31180e-05
1.18793e+04	3.26194e-02	1.83804e-03	1.70028	3.69992	2.31180e-05
1.19259e+04	3.26382e-02	6.56717e-03	1.14761	5.25466	2.31180e-05
1.19725e+04	3.26107e-02	1.24365e-03	3.47996	5.96935	2.31180e-05
1.20191e+04	3.26071e-02	3.41849e-03	2.07576	5.44114	2.31180e-05
1.20657e+04	3.25907e-02	5.39699e-03	1.60591	6.14572	2.31180e-05
1.21123e+04	3.25843e-02	6.80938e-03	3.62488	5.53715	2.31180e-05
1.21589e+04	3.25869e-02	8.51614e-03	0.35929	6.08392	2.31180e-05
1.22054e+04	3.25547e-02	6.55657e-03	4.46978	0.35576	2.31180e-05
1.22520e+04	3.25474e-02	4.49789e-03	5.58390	5.81386	2.31180e-05
1.22986e+04	3.25385e-02	2.56551e-03	0.11995	5.83296	2.31180e-05
1.23452e+04	3.25149e-02	6.50216e-03	0.63772	1.18847	2.31180e-05
1.23918e+04	3.25311e-02	1.90432e-03	5.02583	5.72944	2.31180e-05
1.24384e+04	3.25016e-02	4.26999e-03	0.72707	1.34649	2.31180e-05
1.24850e+04	3.25017e-02	3.46212e-03	3.92335	2.67922	2.31180e-05
1.25315e+04	3.24745e-02	1.13568e-02	3.02935	3.03318	2.31180e-05
1.25781e+04	3.24750e-02	5.81660e-03	1.85857	4.32553	2.31180e-05
1.26247e+04	3.24647e-02	1.24148e-02	4.35560	2.90182	2.31180e-05
1.26713e+04	3.24606e-02	8.71804e-03	4.34010	4.77732	2.31180e-05
1.27179e+04	3.24289e-02	9.09303e-03	2.77498	2.53768	2.31180e-05
1.27645e+04	3.24311e-02	1.50064e-02	3.72880	5.10500	2.31180e-05
1.28111e+04	3.24184e-02	7.71076e-03	3.78707	2.70835	2.31180e-05
1.28576e+04	3.24049e-02	1.81547e-02	6.10430	5.51314	2.31180e-05
1.29042e+04	3.24038e-02	8.90001e-03	1.85522	2.59004	2.31180e-05
1.29508e+04	3.23918e-02	1.90085e-02	5.38344	5.66392	2.31180e-05
1.29974e+04	3.23691e-02	1.15029e-02	3.08281	2.18914	2.31180e-05
1.30440e+04	3.23724e-02	9.51154e-03	0.90993	5.98754	2.31180e-05
1.30906e+04	3.23692e-02	6.87036e-03	0.33382	2.15440	2.31180e-05
1.31372e+04	3.23579e-02	9.34505e-03	5.98848	5.60675	2.31180e-05
1.31837e+04	3.23538e-02	1.23269e-02	0.17605	1.87048	2.31180e-05
1.32303e+04	3.23394e-02	8.26224e-03	5.93948	5.84237	2.31180e-05
1.32769e+04	3.23369e-02	1.72904e-02	0.31539	2.17393	2.31180e-05
1.33235e+04	3.23096e-02	1.06594e-02	1.32055	4.72739	2.31180e-05
1.33701e+04	3.23131e-02	1.48302e-02	0.74386	2.19436	2.31180e-05
1.34167e+04	3.23015e-02	9.44819e-03	1.72001	4.72105	2.31180e-05
1.34633e+04	3.22875e-02	1.50914e-02	0.74559	2.45582	2.31180e-05
1.35098e+04	3.22895e-02	1.38954e-02	1.66004	5.05207	2.31180e-05
1.35564e+04	3.22645e-02	1.62057e-02	0.57824	2.78227	2.31180e-05
1.36030e+04	3.22736e-02	1.69158e-02	0.60045	5.90286	2.31180e-05
1.36496e+04	3.22507e-02	8.43400e-03	6.01245	3.35438	2.31180e-05
1.36962e+04	3.22447e-02	1.44508e-02	5.72462	0.06998	2.31180e-05
1.37428e+04	3.22480e-02	3.69314e-03	4.46911	4.22278	2.31180e-05
1.37894e+04	3.22149e-02	9.00680e-03	4.60910	0.19286	2.31180e-05
1.38359e+04	3.22188e-02	6.06513e-03	4.02935	3.27522	2.31180e-05
1.38825e+04	3.22108e-02	7.08259e-03	3.20793	0.21594	2.31180e-05
1.39291e+04	3.21905e-02	2.88293e-03	1.14529	4.09261	2.31180e-05
1.39757e+04	3.21977e-02	6.04534e-03	5.92415	1.06884	2.31180e-05
1.40223e+04	3.21813e-02	5.20549e-03	4.11186	4.56223	2.31180e-05
1.40689e+04	3.21710e-02	2.27304e-03	1.20898	2.37398	2.31180e-05
1.41155e+04	3.21636e-02	1.42542e-03	5.14041	5.47555	2.31180e-05
1.41620e+04	3.21739e-02	4.76363e-03	3.46453	1.56330	2.31180e-05
1.42086e+04	3.21600e-02	2.78541e-03	3.18339	2.24330	2.31180e-05
1.42552e+04	3.21466e-02	4.33179e-03	5.65275	5.87517	2.31180e-05
1.43018e+04	3.21300e-02	8.17790e-03	0.24932	4.10787	2.31180e-05
1.43484e+04	3.21226e-02	1.34685e-03	6.24100	2.80837	2.31180e-05
1.43950e+04	3.21222e-02	4.82133e-03	1.15591	5.62818	2.31180e-05
1.44416e+04	3.21173e-02	3.72996e-03	0.47157	3.24225	2.31180e-05
1.44881e+04	3.21143e-02	4.10627e-03	6.20745	6.12467	2.31180e-05
1.45347e+04	3.21040e-02	2.50742e-03	1.35565	6.07061	2.31180e-05
1.45767e+04	3.20886e-02	1.92693e-03	2.23016	6.22202	2.31180e-05
1.46232e+04	3.21039e-02	4.12392e-03	0.84770	6.28097	2.31180e-05
1.46698e+04	3.20919e-02	2.86251e-03	5.54877	5.58163	2.31180e-05
1.47164e+04	3.20748e-02	6.48769e-03	1.59703	6.27564	2.31180e-05
1.47630e+04	3.20648e-02	8.38485e-03	0.25061	3.13708	2.31180e-05
1.48096e+04	3.20317e-02	8.28579e-03	3.27287	0.98028	2.31180e-05
1.48562e+04	3.20418e-02	5.26096e-03	5.84555	4.84917	2.31180e-05
1.49028e+04	3.20411e-02	9.44719e-03	1.97903	1.51295	2.31180e-05
1.49493e+04	3.20495e-02	1.20193e-02	3.00363	4.78371	2.31180e-05
1.49959e+04	3.20228e-02	9.53532e-03	1.90442	2.85358	2.31180e-05
1.50425e+04	3.20132e-02	3.99160e-03	1.89608	5.33151	2.31180e-05
1.50891e+04	3.20076e-02	2.87692e-03	4.16234	4.49743	2.31180e-05
1.51357e+04	3.20104e-02	6.15458e-03	3.50896	5.27932	2.31180e-05
1.51823e+04	3.19776e-02	1.01566e-02	5.33293	3.23748	2.31180e-05
1.52289e+04	3.20034e-02	6.85072e-03	5.33728	0.76444	2.31180e-05
1.52754e+04	3.19814e-02	1.07411e-02	2.66008	4.82218	2.31180e-05
1.53220e+04	3.19640e-02	4.48796e-03	5.53001	2.61283	2.31180e-05
1.53686e+04	3.19761e-02	8.69525e-03	0.55148	0.68827	2.31180e-05
1.54152e+04	3.19589e-02	9.19077e-04	2.47891	2.62619	2.31180e-05
1.54618e+04	3.19640e-02	9.34466e-03	6.20375	1.90043	2.31180e-05
1.55084e+04	3.19434e-02	4.63878e-03	3.05964	0.04292	2.31180e-05
1.55550e+04	3.19418e-02	5.38875e-03	5.77625	3.96204	2.31180e-05
1.56015e+04	3.19391e-02	7.65511e-03	0.49839	1.51520	2.31180e-05
1.56481e+04	3.19264e-02	1.13323e-02	1.26178	4.47309	2.31180e-05
1.56947e+04	3.19222e-02	5.01274e-03	5.24800	2.30135	2.31180e-05
1.57413e+04	3.19283e-02	4.98669e-03	2.01156	5.88115	2.31180e-05
1.57879e+04	3.19238e-02	7.38430e-03	2.95935	3.72799	2.31180e-05
1.58345e+04	3.18936e-02	6.15678e-03	1.64618	1.92791	2.31180e-05
1.58811e+04	3.18881e-02	9.66390e-03	4.99383	6.26392	2.31180e-05
1.59276e+04	3.18927e-02	9.07388e-03	0.27003	4.37351	2.31180e-05
1.59742e+04	3.19029e-02	7.62538e-03	0.53271	2.02000	2.31180e-05
1.60208e+04	3.18826e-02	1.58525e-02	4.33592	0.65264	2.31180e-05
1.60674e+04	3.18788e-02	9.30970e-03	0.81519	4.82042	2.31180e-05
1.61140e+04	3.18743e-02	1.28646e-02	1.42550	3.01555	2.31180e-05
1.61606e+04	3.18626e-02	6.54618e-03	0.31474	1.35019	2.31180e-05
1.62072e+04	3.18652e-02	6.19572e-03	3.11588	0.42154	2.31180e-05
1.62537e+04	3.18405e-02	1.01782e-02	5.31424	4.74054	2.31180e-05
1.63003e+04	3.18550e-02	7.56714e-03	4.88139	3.33328	2.31180e-05
1.63469e+04	3.18186e-02	1.26323e-02	2.10195	2.46493	2.31180e-05
1.63935e+04	3.18359e-02	2.74656e-03	4.59283	1.23125	2.31180e-05
1.64401e+04	3.18271e-02	8.62714e-03	5.61438	5.59894	2.31180e-05
1.64867e+04	3.18057e-02	1.50128e-02	3.70897	5.14182	2.31180e-05
1.65333e+04	3.18067e-02	1.25753e-02	0.13427	4.16223	2.31180e-05
1.65798e+04	3.18276e-02	5.35776e-03	2.01661	2.56042	2.31180e-05
1.66264e+04	3.18004e-02	8.43005e-03	0.56271	2.26838	2.31180e-05
1.66730e+04	3.17857e-02	7.60695e-03	4.80389	0.58029	2.31180e-05
1.67196e+04	3.17966e-02	5.74650e-03	5.77705	0.49019	2.31180e-05
1.67662e+04	3.17876e-02	6.63712e-03	5.76128	5.90752	2.31180e-05
1.68128e+04	3.17603e-02	1.48064e-02	3.55055	5.31255	2.31180e-05
1.68594e+04	3.17783e-02	1.21853e-02	5.75429	4.77815	2.31180e-05
1.69059e+04	3.17633e-02	5.41935e-03	5.82722	4.54720	2.31180e-05
1.69525e+04	3.17445e-02	1.17101e-02	3.95622	4.41214	2.31180e-05
1.69991e+04	3.17608e-02	4.36018e-03	0.27979	4.10698	2.31180e-05
1.70457e+04	3.17626e-02	8.97619e-03	0.39717	4.17093	2.31180e-05
1.70923e+04	3.17343e-02	6.04902e-03	5.17379	4.21203	2.31180e-05
1.71389e+04	3.17231e-02	1.50988e-02	2.07395	3.88260	2.31180e-05
1.71855e+04	3.17160e-02	1.22830e-02	2.44304	4.28887	2.31180e-05
1.72320e+04	3.17422e-02	2.47558e-03	1.49366	4.27198	2.31180e-05
1.72786e+04	3.17202e-02	4.41869e-03	3.80688	5.12165	2.31180e-05
1.73252e+04	3.17087e-02	1.36695e-02	4.27866	5.64810	2.31180e-05
1.73718e+04	3.16971e-02	9.23387e-03	2.65573	6.21668	2.31180e-05
1.74184e+04	3.16971e-02	1.15580e-02	3.40334	2.04046	2.31180e-05
1.74650e+04	3.16860e-02	1.27594e-02	4.14457	2.40624	2.31180e-05
1.75116e+04	3.17094e-02	1.03374e-02	0.83699	4.61659	2.31180e-05
1.75581e+04	3.16708e-02	9.48406e-03	3.08082	5.43747	2.31180e-05
1.76047e+04	3.16722e-02	1.52689e-02	1.84608	1.26618	2.31180e-05
1.76513e+04	3.16810e-02	2.61521e-03	6.25917	1.78655	2.31180e-05
1.76979e+04	3.16677e-02	3.41235e-03	6.00495	4.66435	2.31180e-05
1.77445e+04	3.16426e-02	1.63308e-02	2.43418	2.45198	2.31180e-05
1.77911e+04	3.16392e-02	1.35893e-02	4.23424	5.23721	2.31180e-05
1.78377e+04	3.16464e-02	9.56770e-03	2.66819	3.26757	2.31180e-05
1.78842e+04	3.16436e-02	1.35268e-02	0.33531	6.09624	2.31180e-05
1.79308e+04	3.16286e-02	1.54844e-02	1.11044	4.04434	2.31180e-05
1.79774e+04	3.16248e-02	6.68876e-03	1.06053	0.62235	2.31180e-05
1.80240e+04	3.16353e-02	6.19530e-03	3.56750	5.09943	2.31180e-05
1.80706e+04	3.15950e-02	1.28048e-02	2.50387	4.90562	2.31180e-05
1.81172e+04	3.16132e-02	3.11461e-03	4.07010	0.06919	2.31180e-05
1.81638e+04	3.16220e-02	5.14894e-03	4.50469	0.25780	2.31180e-05
1.82103e+04	3.16090e-02	1.21763e-02	4.73177	5.24901	2.31180e-05
1.82569e+04	3.15860e-02	7.45340e-03	2.54394	3.97266	2.31180e-05
1.83035e+04	3.15961e-02	1.54457e-02	0.40333	0.57904	2.31180e-05
1.83501e+04	3.15911e-02	9.81212e-03	0.45782	5.85621	2.31180e-05
1.83967e+04	3.15671e-02	1.32063e-02	2.01141	1.04253	2.31180e-05
1.84433e+04	3.15735e-02	1.52386e-02	0.92892	3.51047	2.31180e-05
1.84899e+04	3.15871e-02	6.31574e-03	6.21374	3.79068	2.31180e-05
1.85364e+04	3.15786e-02	8.98209e-03	0.74087	0.26855	2.31180e-05
1.85830e+04	3.15504e-02	5.26982e-03	5.34247	4.02301	2.31180e-05
1.86296e+04	3.15453e-02	1.09320e-02	5.65536	3.95785	2.31180e-05
1.86762e+04	3.15567e-02	8.70498e-03	1.00314	0.87564	2.31180e-05
1.87228e+04	3.15369e-02	1.70983e-02	5.37450	5.74323	2.31180e-05
1.87694e+04	3.15318e-02	1.51722e-02	6.17826	0.02417	2.31180e-05
1.88160e+04	3.15190e-02	9.00873e-03	3.87473	1.93716	2.31180e-05
1.88625e+04	3.15154e-02	9.08214e-03	2.06701	1.62503	2.31180e-05
1.89091e+04	3.15033e-02	1.49625e-02	4.57029	1.61193	2.31180e-05
1.89557e+04	3.15242e-02	1.40904e-02	4.66191	2.66975	2.31180e-05
1.90023e+04	3.14902e-02	8.89187e-03	0.72344	5.96514	2.31180e-05
1.90489e+04	3.15003e-02	1.55253e-02	5.03064	5.80721	2.31180e-05
1.90955e+04	3.14854e-02	5.09229e-03	1.20150	6.12243	2.31180e-05
1.91421e+04	3.14772e-02	1.41695e-02	0.29399	2.04157	2.31180e-05
1.91886e+04	3.14703e-02	1.71030e-02	2.35012	5.86075	2.31180e-05
1.92352e+04	3.14447e-02	1.58449e-02	1.94849	4.71656	2.31180e-05
1.92818e+04	3.14590e-02	1.06682e-02	4.11820	5.35025	2.31180e-05
1.93284e+04	3.14626e-02	9.00311e-03	0.89844	2.99518	2.31180e-05
1.93750e+04	3.14668e-02	1.42433e-02	1.82875	1.30055	2.31180e-05
1.94216e+04	3.14458e-02	1.56984e-02	5.80614	1.37260	2.31180e-05
1.94682e+04	3.14462e-02	1.57845e-02	0.07608	3.47725	2.31180e-05
1.95147e+04	3.14227e-02	1.28932e-02	3.71622	0.72934	2.31180e-05
1.95613e+04	3.14154e-02	1.09355e-02	5.90839	4.35118	2.31180e-05
1.96079e+04	3.14111e-02	1.63375e-02	4.93663	3.49170	2.31180e-05
1.96545e+04	3.14049e-02	1.65860e-02	1.14125	3.86435	2.31180e-05
1.97011e+04	3.13976e-02	1.02045e-02	1.26499	5.20503	2.31180e-05
1.97477e+04	3.14097e-02	1.29343e-02	3.64027	2.88406	2.31180e-05
1.97943e+04	3.14038e-02	1.85609e-02	5.83657	5.69880	2.31180e-05
1.98408e+04	3.13899e-02	1.13899e-02	4.72856	4.29329	2.31180e-05
1.98874e+04	3.13713e-02	1.20163e-02	2.62781	2.85748	2.31180e-05
1.99340e+04	3.13707e-02	1.23671e-02	4.54469	2.38059	2.31180e-05
1.99806e+04	3.13766e-02	1.78928e-02	4.73506	2.55305	2.31180e-05
2.00272e+04	3.13441e-02	2.30494e-02	2.78227	3.71203	2.31180e-05
2.00738e+04	3.13368e-02	2.44341e-02	0.41834	4.67418	2.31180e-05
2.01203e+04	3.13331e-02	2.17735e-02	3.38358	5.66713	2.31180e-05
2.01669e+04	3.13370e-02	2.44290e-02	4.39511	1.19192	2.31180e-05
2.02135e+04	3.13419e-02	2.51954e-02	4.07684	3.23451	2.31180e-05
2.02601e+04	3.13254e-02	1.65793e-02	2.42352	5.84568	2.31180e-05
2.03067e+04	3.12964e-02	1.71798e-02	4.93550	3.01426	2.31180e-05
2.03533e+04	3.13158e-02	6.79693e-03	5.60732	0.80576	2.31180e-05
2.03999e+04	3.13101e-02	2.02989e-02	4.88106	5.64900	2.31180e-05
2.04464e+04	3.13028e-02	2.24208e-02	3.61902	3.38188	2.31180e-05
2.04930e+04	3.12851e-02	1.39176e-02	0.38437	2.33150	2.31180e-05
2.05396e+04	3.12901e-02	1.86037e-02	0.50806	2.81172	2.31180e-05
2.05862e+04	3.12864e-02	2.19675e-02	1.34895	1.95581	2.31180e-05
2.06328e+04	3.12592e-02	1.14096e-02	5.22607	2.95873	2.31180e-05
2.06794e+04	3.12650e-02	2.52337e-02	2.79174	3.35678	2.31180e-05
2.07260e+04	3.12484e-02	9.86286e-03	4.13526	4.87233	2.31180e-05
2.07725e+04	3.12498e-02	2.09188e-02	4.91117	0.11000	2.31180e-05
2.08191e+04	3.12349e-02	1.58810e-02	2.73049	3.23956	2.31180e-05
2.08657e+04	3.12426e-02	1.84195e-02	1.75672	4.60008	2.31180e-05
2.09123e+04	3.12203e-02	2.57662e-02	4.10301	1.32582	2.31180e-05
2.09589e+04	3.12368e-02	1.53270e-02	4.62874	5.31255	2.31180e-05
2.10055e+04	3.12066e-02	1.59577e-02	5.84122	1.36618	2.31180e-05
2.10521e+04	3.12172e-02	2.43938e-02	4.41956	5.53982	2.31180e-05
2.10986e+04	3.11991e-02	2.30263e-02	1.44244	3.71421	2.31180e-05
2.11452e+04	3.11828e-02	2.57218e-02	3.83270	2.14908	2.31180e-05
2.11918e+04	3.11892e-02	2.09005e-02	4.61214	1.05004	2.31180e-05
2.12384e+04	3.11732e-02	9.68298e-03	4.77838	6.15674	2.31180e-05
2.12850e+04	3.11830e-02	1.17342e-02	4.75405	4.07836	2.31180e-05
2.13316e+04	3.11543e-02	1.65102e-02	1.97470	3.90379	2.31180e-05
2.13782e+04	3.11478e-02	1.39308e-02	4.40437	3.77786	2.31180e-05
2.14247e+04	3.11447e-02	1.48524e-02	5.69372	3.95214	2.31180e-05
2.14713e+04	3.11613e-02	1.21768e-02	5.98985	4.18516	2.31180e-05
2.15179e+04	3.11331e-02	1.95434e-02	5.19393	4.58608	2.31180e-05
2.15645e+04	3.11329e-02	2.32273e-02	3.53930	5.14918	2.31180e-05
2.16111e+04	3.11234e-02	2.98732e-02	0.89869	5.68058	2.31180e-05
2.16577e+04	3.11031e-02	3.14860e-02	3.49280	0.18970	2.31180e-05
2.17043e+04	3.10979e-02	2.94023e-02	5.09236	0.96167	2.31180e-05
2.17508e+04	3.10908e-02	2.36111e-02	5.56322	2.07337	2.31180e-05
2.17974e+04	3.11017e-02	1.29791e-02	4.23910	3.74906	2.31180e-05
2.18440e+04	3.10772e-02	1.72433e-02	1.29538	6.27968	2.31180e-05
2.18906e+04	3.10826e-02	2.56642e-02	4.50224	1.65287	2.31180e-05
2.19372e+04	3.10579e-02	2.40614e-02	0.38516	3.49451	2.31180e-05
2.19838e+04	3.10592e-02	9.90246e-03	0.31456	0.14615	2.31180e-05
2.20304e+04	3.10425e-02	2.60816e-02	5.98932	2.85855	2.31180e-05
2.20769e+04	3.10504e-02	2.50910e-02	5.07064	4.94175	2.31180e-05
2.21235e+04	3.10395e-02	1.15706e-02	1.43555	2.36317	2.31180e-05
2.21701e+04	3.10526e-02	2.80597e-02	4.04548	5.33232	2.31180e-05
2.22167e+04	3.10324e-02	2.20116e-02	6.02895	1.77132	2.31180e-05
2.22633e+04	3.10393e-02	2.02466e-02	5.65062	5.83845	2.31180e-05
2.23099e+04	3.10191e-02	2.86957e-02	5.95509	2.26341	2.31180e-05
2.23565e+04	3.10111e-02	1.37169e-02	3.89181	6.25159	2.31180e-05
2.24030e+04	3.10067e-02	2.88745e-02	1.70027	3.29471	2.31180e-05
2.24496e+04	3.09976e-02	1.22872e-02	4.14024	0.95669	2.31180e-05
2.24962e+04	3.09949e-02	2.88964e-02	5.83766	4.83372	2.31180e-05
2.25428e+04	3.09816e-02	1.65351e-02	0.10685	2.53829	2.31180e-05
2.25894e+04	3.09620e-02	2.40831e-02	5.72075	0.65593	2.31180e-05
2.26360e+04	3.09538e-02	1.84265e-02	4.09034	4.94094	2.31180e-05
2.26826e+04	3.09550e-02	2.41143e-02	1.48373	3.21235	2.31180e-05
2.27291e+04	3.09638e-02	1.61837e-02	4.09945	1.44353	2.31180e-05
2.27757e+04	3.09564e-02	2.86433e-02	5.81890	6.19789	2.31180e-05
2.28223e+04	3.09384e-02	1.88979e-02	5.70652	5.33395	2.31180e-05
2.28689e+04	3.09352e-02	2.02858e-02	6.18961	3.22107	2.31180e-05
2.29155e+04	3.09202e-02	2.67102e-02	4.17980	2.51898	2.31180e-05
2.29621e+04	3.09329e-02	1.85112e-02	1.70106	1.45492	2.31180e-05
2.30087e+04	3.09076e-02	2.49283e-02	4.77344	0.35796	2.31180e-05
2.30552e+04	3.09157e-02	1.85268e-02	0.02976	5.95278	2.31180e-05
2.31018e+04	3.08946e-02	2.06531e-02	1.58088	4.65993	2.31180e-05
2.31484e+04	3.08924e-02	2.97589e-02	1.22504	4.20214	2.31180e-05
2.31950e+04	3.08979e-02	2.15173e-02	6.07153	3.92532	2.31180e-05
2.32416e+04	3.08780e-02	1.98640e-02	4.71960	2.88817	2.31180e-05
2.32882e+04	3.08738e-02	2.47580e-02	1.62868	2.48376	2.31180e-05
2.33348e+04	3.08701e-02	1.80382e-02	4.05046	2.15278	2.31180e-05
2.33813e+04	3.08548e-02	2.15350e-02	6.04952	1.38681	2.31180e-05
2.34279e+04	3.08543e-02	2.75050e-02	0.11622	1.27325	2.31180e-05
2.34745e+04	3.08505e-02	2.46313e-02	5.88932	1.24018	2.31180e-05
2.35211e+04	3.08376e-02	1.88715e-02	4.69038	0.92513	2.31180e-05
2.35677e+04	3.08273e-02	2.58676e-02	2.36975	0.87808	2.31180e-05
2.36143e+04	3.08295e-02	2.47286e-02	4.87496	1.38581	2.31180e-05
2.36609e+04	3.08295e-02	2.06081e-02	0.46986	1.56035	2.31180e-05
2.37074e+04	3.07964e-02	1.80515e-02	2.10184	1.25658	2.31180e-05
2.37540e+04	3.08018e-02	2.23276e-02	2.15492	1.73890	2.31180e-05
2.38006e+04	3.08065e-02	2.40097e-02	1.13524	2.34016	2.31180e-05
2.38472e+04	3.07696e-02	1.65874e-02	6.11343	2.35509	2.31180e-05
2.38938e+04	3.07746e-02	2.05806e-02	4.20995	2.28107	2.31180e-05
2.39404e+04	3.07774e-02	2.22523e-02	1.54948	2.45251	2.31180e-05
2.39870e+04	3.07483e-02	2.22027e-02	1.51713	1.90673	2.31180e-05
2.40335e+04	3.07490e-02	3.00965e-02	1.42767	1.13731	2.31180e-05
2.40801e+04	3.07709e-02	9.28183e-03	5.93952	5.05941	2.31180e-05
2.41267e+04	3.07122e-02	1.79416e-02	1.83886	4.62261	2.31180e-05
2.41733e+04	3.07428e-02	1.39146e-02	4.15971	2.01955	2.31180e-05
2.42199e+04	3.07242e-02	1.35125e-02	4.19580	0.23673	2.31180e-05
2.42665e+04	3.07306e-02	2.36344e-02	1.10563	0.48825	2.31180e-05
2.43131e+04	3.07169e-02	1.60260e-02	4.71588	5.68748	2.31180e-05
2.43596e+04	3.07453e-02	5.66714e-03	0.71185	1.33069	2.31180e-05
2.44062e+04	3.06793e-02	2.58753e-02	0.27803	0.90383	2.31180e-05
2.44528e+04	3.06913e-02	3.14094e-02	5.72704	0.73837	2.31180e-05
2.44994e+04	3.06767e-02	2.58876e-02	2.20178	1.12467	2.31180e-05
2.45460e+04	3.06739e-02	3.03996e-02	0.09410	2.76103	2.31180e-05
2.45926e+04	3.06915e-02	3.50519e-02	3.80574	0.56510	2.31180e-05
2.46392e+04	3.06894e-02	2.62441e-02	4.66404	5.33008	2.31180e-05
2.46857e+04	3.06542e-02	2.48014e-02	1.52599	2.39697	2.31180e-05
2.47323e+04	3.06758e-02	1.34407e-02	5.55224	5.01261	2.31180e-05
2.47789e+04	3.06744e-02	4.18653e-02	5.38023	1.05127	2.31180e-05
2.48255e+04	3.06732e-02	3.76712e-02	4.84815	2.62315	2.31180e-05
2.48721e+04	3.06502e-02	4.53648e-02	4.77219	6.09038	2.31180e-05
2.49187e+04	3.06994e-02	2.94404e-02	4.25251	3.35413	2.31180e-05
2.49653e+04	3.06461e-02	3.01528e-02	1.00002	5.75577	2.31180e-05
2.50118e+04	3.06884e-02	4.81616e-02	4.73482	1.05587	2.31180e-05
2.50584e+04	3.06451e-02	2.97075e-02	0.51848	4.48583	2.31180e-05
2.51050e+04	3.06431e-02	4.12474e-02	4.23714	2.21404	2.31180e-05
2.51516e+04	3.06314e-02	4.09133e-02	4.60916	2.87224	2.31180e-05
2.51982e+04	3.06321e-02	3.12489e-02	2.94422	4.04393	2.31180e-05
2.52448e+04	3.06271e-02	3.77190e-02	1.14259	5.05959	2.31180e-05
2.52914e+04	3.06494e-02	5.27806e-02	5.27315	0.38449	2.31180e-05
2.53379e+04	3.06218e-02	3.69702e-02	1.36807	2.90898	2.31180e-05
2.53845e+04	3.06283e-02	2.67141e-02	2.55081	0.23910	2.31180e-05
2.54311e+04	3.06326e-02	4.83299e-02	2.43604	2.60317	2.31180e-05
2.54777e+04	3.06200e-02	4.36696e-02	0.82079	6.17196	2.31180e-05
2.55243e+04	3.06431e-02	3.76006e-02	5.79218	3.86071	2.31180e-05
2.55709e+04	3.06312e-02	5.88757e-02	3.29669	3.72051	2.31180e-05
2.56175e+04	3.06368e-02	5.55169e-02	4.28271	3.21517	2.31180e-05
2.56640e+04	3.06378e-02	4.46531e-02	0.24782	3.24224	2.31180e-05
2.57106e+04	3.06152e-02	4.36283e-02	4.51928	3.78452	2.31180e-05
2.57572e+04	3.05998e-02	4.62384e-02	5.91196	5.52409	2.31180e-05
2.58038e+04	3.05917e-02	8.30333e-02	3.10379	2.17630	2.31180e-05
2.58504e+04	3.06032e-02	7.05406e-02	1.99844	6.10599	2.31180e-05
2.58970e+04	3.05953e-02	6.97138e-02	0.56251	3.90914	2.31180e-05
2.59436e+04	3.06362e-02	4.33371e-02	5.70502	0.95753	2.31180e-05
2.59901e+04	3.05572e-02	5.54873e-02	0.00663	4.85089	2.31180e-05
2.60367e+04	3.05914e-02	5.73756e-02	2.15972	3.42881	2.31180e-05
2.60833e+04	3.05890e-02	5.57334e-02	0.77254	1.54198	2.31180e-05
2.61299e+04	3.05826e-02	5.88852e-02	3.39671	6.02269	2.31180e-05
2.61765e+04	3.05766e-02	6.65227e-02	0.85926	4.72420	2.31180e-05
2.62231e+04	3.05955e-02	8.05840e-02	3.17055	4.55218	2.31180e-05
2.62697e+04	3.05862e-02	7.68956e-02	2.75291	4.59939	2.31180e-05
2.63162e+04	3.05764e-02	6.37058e-02	1.81827	5.05150	2.31180e-05
2.63628e+04	3.06103e-02	7.41452e-02	2.26747	5.48584	2.31180e-05
2.64094e+04	3.05500e-02	7.93287e-02	6.06019	5.52993	2.31180e-05
2.64560e+04	3.05851e-02	9.01155e-02	1.07532	5.04840	2.31180e-05
2.65026e+04	3.05871e-02	7.28328e-02	4.04421	5.28616	2.31180e-05
2.65492e+04	3.05928e-02	6.52968e-02	1.43758	6.00864	2.31180e-05
2.65958e+04	3.05684e-02	6.41766e-02	2.78273	0.44878	2.31180e-05
2.66423e+04	3.05501e-02	8.87822e-02	2.12079	0.60083	2.31180e-05
2.66889e+04	3.05962e-02	7.98867e-02	0.64732	1.48704	2.31180e-05
2.67355e+04	3.06015e-02	6.91294e-02	0.49819	3.34122	2.31180e-05
2.67821e+04	3.05734e-02	8.39422e-02	3.18623	5.09482	2.31180e-05
2.68287e+04	3.05487e-02	7.69886e-02	2.95347	0.29789	2.31180e-05
2.68753e+04	3.05412e-02	8.21388e-02	0.38100	2.16109	2.31180e-05
2.69219e+04	3.05466e-02	8.36262e-02	1.57767	3.05613	2.31180e-05
2.69684e+04	3.05520e-02	6.65087e-02	6.00591	4.61937	2.31180e-05
2.70150e+04	3.05232e-02	5.71723e-02	1.80885	5.24805	2.31180e-05
2.70616e+04	3.05623e-02	8.22670e-02	2.53285	5.94546	2.31180e-05
2.71082e+04	3.05442e-02	8.80353e-02	5.44120	0.57136	2.31180e-05
2.71548e+04	3.05321e-02	6.85372e-02	0.34865	2.14063	2.31180e-05
2.72014e+04	3.05090e-02	7.39912e-02	2.24442	3.69201	2.31180e-05
2.72480e+04	3.05188e-02	7.50455e-02	1.53353	5.62634	2.31180e-05
2.72945e+04	3.05707e-02	7.86679e-02	1.35263	1.14642	2.31180e-05
2.73411e+04	3.05198e-02	7.33827e-02	1.12931	2.97311	2.31180e-05
2.73877e+04	3.05591e-02	8.92180e-02	3.14449	4.86748	2.31180e-05
2.74343e+04	3.05581e-02	5.85455e-02	2.87956	5.33000	2.31180e-05
2.74809e+04	3.05448e-02	9.45717e-02	2.43869	2.82292	2.31180e-05
2.75275e+04	3.05398e-02	8.18248e-02	4.41327	5.50903	2.31180e-05
2.75741e+04	3.05233e-02	9.58854e-02	2.44620	2.13335	2.31180e-05
2.76206e+04	3.05316e-02	7.99080e-02	1.74555	5.19752	2.31180e-05
2.76672e+04	3.05341e-02	8.58983e-02	0.94080	1.74125	2.31180e-05
2.77138e+04	3.05097e-02	5.22506e-02	5.06892	3.38777	2.31180e-05
2.77604e+04	3.05255e-02	9.45504e-02	1.45546	0.07387	2.31180e-05
2.78070e+04	3.05133e-02	8.83383e-02	3.26806	1.20586	2.31180e-05
2.78536e+04	3.05294e-02	7.72657e-02	6.10141	3.57778	2.31180e-05
2.79002e+04	3.05087e-02	6.46476e-02	1.86240	5.25764	2.31180e-05
2.79467e+04	3.04891e-02	8.70135e-02	0.79796	1.26222	2.31180e-05
2.79933e+04	3.05195e-02	1.05169e-01	3.06245	3.48025	2.31180e-05
2.80399e+04	3.04942e-02	5.20342e-02	0.50391	6.24432	2.31180e-05
2.80865e+04	3.05251e-02	1.10173e-01	5.23447	2.85826	2.31180e-05
2.81331e+04	3.05165e-02	7.15710e-02	1.64841	4.70273	2.31180e-05
2.81797e+04	3.04937e-02	8.49159e-02	4.57475	1.32949	2.31180e-05
2.82263e+04	3.04800e-02	7.14243e-02	2.53878	3.93608	2.31180e-05
2.82728e+04	3.05131e-02	1.11729e-01	2.61608	0.49414	2.31180e-05
2.83194e+04	3.05170e-02	6.56281e-02	5.35052	3.76488	2.31180e-05
2.83660e+04	3.04655e-02	9.61103e-02	1.90285	0.16844	2.31180e-05
2.84126e+04	3.05006e-02	6.32521e-02	1.17966	2.96250	2.31180e-05
2.84592e+04	3.04682e-02	1.02841e-01	0.39622	6.28071	2.31180e-05
2.85058e+04	3.04915e-02	8.00161e-02	3.97012	1.00988	2.31180e-05
2.85524e+04	3.04809e-02	8.53835e-02	2.92510	3.03233	2.31180e-05
2.85989e+04	3.04817e-02	6.78252e-02	0.99763	0.30252	2.31180e-05
2.86455e+04	3.04874e-02	1.16572e-01	2.77118	3.58187	2.31180e-05
2.86921e+04	3.04715e-02	6.34176e-02	5.82371	0.95976	2.31180e-05
2.87387e+04	3.04872e-02	1.20778e-01	5.40263	3.47990	2.31180e-05
2.87853e+04	3.04865e-02	7.31936e-02	5.95777	1.07918	2.31180e-05
2.88319e+04	3.04748e-02	1.03846e-01	2.99468	3.89235	2.31180e-05
2.88785e+04	3.04890e-02	8.81425e-02	0.55171	1.78262	2.31180e-05
2.89250e+04	3.04596e-02	1.00251e-01	1.74997	5.28160	2.31180e-05
2.89716e+04	3.04764e-02	8.00704e-02	3.99536	2.54217	2.31180e-05
2.90182e+04	3.04761e-02	1.02799e-01	2.26215	0.01955	2.31180e-05
2.90648e+04	3.04656e-02	7.48711e-02	2.94471	3.59871	2.31180e-05
2.91114e+04	3.04806e-02	1.18596e-01	5.20782	1.07902	2.31180e-05
2.91580e+04	3.04695e-02	8.69106e-02	2.27551	5.38298	2.31180e-05
2.92046e+04	3.04696e-02	9.58356e-02	3.34658	2.49483	2.31180e-05
2.92511e+04	3.04211e-02	9.84418e-02	4.69600	0.04736	2.31180e-05
2.92977e+04	3.04322e-02	6.91790e-02	2.58658	1.51664	2.31180e-05
2.93443e+04	3.04510e-02	6.71902e-02	4.00480	1.08065	2.31180e-05
2.93909e+04	3.04388e-02	9.39526e-02	5.17299	2.95346	2.31180e-05
2.94375e+04	3.04469e-02	8.47942e-02	2.09874	4.06954	2.31180e-05
2.94841e+04	3.04539e-02	8.93974e-02	2.93963	3.55008	2.31180e-05
2.95307e+04	3.04313e-02	8.08004e-02	3.05029	5.11237	2.31180e-05
2.95772e+04	3.04554e-02	7.75863e-02	0.36387	5.12062	2.31180e-05
2.96238e+04	3.04580e-02	8.07595e-02	5.18898	5.57771	2.31180e-05
2.96704e+04	3.04487e-02	8.05382e-02	4.55661	0.38799	2.31180e-05
2.97170e+04	3.04637e-02	8.83756e-02	1.53466	6.17341	2.31180e-05
2.97636e+04	3.04262e-02	8.36553e-02	4.41722	1.08956	2.31180e-05
2.98102e+04	3.04349e-02	8.23383e-02	4.51770	0.81011	2.31180e-05
2.98568e+04	3.04237e-02	8.31850e-02	5.08553	1.64672	2.31180e-05
2.99033e+04	3.03934e-02	7.11611e-02	1.53245	2.27388	2.31180e-05
2.99499e+04	3.04042e-02	9.27580e-02	0.17087	2.27968	2.31180e-05
2.99965e+04	3.03843e-02	8.29392e-02	6.07127	3.44868	2.31180e-05
3.00431e+04	3.03790e-02	8.89913e-02	2.27566	2.99769	2.31180e-05
3.00897e+04	3.04309e-02	8.50214e-02	5.27840	4.39413	2.31180e-05
3.01363e+04	3.04196e-02	7.22934e-02	4.91652	4.10202	2.31180e-05
3.01829e+04	3.04321e-02	8.53579e-02	4.63036	5.45068	2.31180e-05
3.02294e+04	3.04181e-02	8.34227e-02	1.29444	5.55493	2.31180e-05
3.02760e+04	3.03926e-02	8.84882e-02	5.50592	0.00827	2.31180e-05
3.03226e+04	3.03858e-02	7.76010e-02	4.97380	0.64336	2.31180e-05
3.03692e+04	3.03736e-02	8.37837e-02	0.74582	1.01487	2.31180e-05
3.04158e+04	3.04264e-02	6.76307e-02	3.27433	2.21328	2.31180e-05
3.04624e+04	3.04161e-02	8.10334e-02	2.27518	2.33339	2.31180e-05
3.05090e+04	3.03528e-02	7.99065e-02	2.21734	3.64956	2.31180e-05
3.05555e+04	3.03768e-02	7.26922e-02	5.42494	3.61727	2.31180e-05
3.06021e+04	3.03938e-02	6.99362e-02	1.71801	5.31665	2.31180e-05
3.06487e+04	3.03673e-02	6.74557e-02	1.83748	5.48552	2.31180e-05
3.06953e+04	3.03718e-02	7.91837e-02	2.44927	0.72546	2.31180e-05
3.07419e+04	3.03810e-02	6.46647e-02	5.70926	1.16745	2.31180e-05
3.07885e+04	3.03997e-02	7.97474e-02	3.60055	2.45068	2.31180e-05
3.08351e+04	3.03502e-02	6.82687e-02	3.63187	3.45701	2.31180e-05
3.08816e+04	3.03949e-02	8.40903e-02	5.87574	4.34389	2.31180e-05
3.09282e+04	3.03937e-02	8.03983e-02	2.45014	5.58631	2.31180e-05
3.09748e+04	3.03343e-02	8.60972e-02	2.33767	6.21620	2.31180e-05
3.10214e+04	3.03954e-02	7.30413e-02	2.54963	1.55726	2.31180e-05
3.10680e+04	3.03614e-02	8.36293e-02	5.55956	2.15663	2.31180e-05
3.11146e+04	3.03760e-02	7.62165e-02	3.33106	3.77362	2.31180e-05
3.11612e+04	3.03641e-02	6.80395e-02	3.62557	4.53002	2.31180e-05
3.12077e+04	3.03444e-02	7.25965e-02	4.57914	0.10910	2.31180e-05
3.12543e+04	3.03637e-02	7.40953e-02	1.97904	1.08934	2.31180e-05
3.13009e+04	3.03452e-02	8.66943e-02	0.53330	2.57400	2.31180e-05
3.13475e+04	3.03612e-02	7.63088e-02	1.49162	3.96028	2.31180e-05
3.13941e+04	3.03329e-02	8.80325e-02	3.55951	5.18616	2.31180e-05
3.14407e+04	3.03846e-02	7.78021e-02	1.61311	0.60662	2.31180e-05
3.14873e+04	3.03239e-02	8.25420e-02	1.33421	1.63313	2.31180e-05
3.15338e+04	3.03827e-02	7.21127e-02	2.36627	3.84966	2.31180e-05
3.15804e+04	3.02936e-02	7.99535e-02	6.05923	4.73927	2.31180e-05
3.16270e+04	3.03521e-02	8.29845e-02	4.09274	0.69037	2.31180e-05
3.16736e+04	3.03215e-02	8.67902e-02	5.42126	1.65683	2.31180e-05
3.17202e+04	3.03434e-02	8.40722e-02	0.82855	3.80493	2.31180e-05
3.17668e+04	3.03353e-02	7.19515e-02	5.50277	4.96850	2.31180e-05
3.18134e+04	3.03133e-02	7.94313e-02	4.37614	0.95729	2.31180e-05
3.18599e+04	3.03411e-02	8.44377e-02	6.10613	2.42583	2.31180e-05
3.19065e+04	3.02984e-02	8.88137e-02	3.10810	4.21402	2.31180e-05
3.19531e+04	3.03275e-02	7.76060e-02	1.40008	6.05885	2.31180e-05
3.19997e+04	3.03519e-02	7.86961e-02	2.41338	1.46621	2.31180e-05
3.20463e+04	3.02908e-02	7.54965e-02	4.29018	3.67422	2.31180e-05
3.20929e+04	3.03032e-02	8.81740e-02	2.10605	5.32484	2.31180e-05
3.21395e+04	3.03571e-02	8.49413e-02	1.59504	1.18971	2.31180e-05
3.21860e+04	3.02989e-02	7.64041e-02	3.69046	2.89347	2.31180e-05
3.22326e+04	3.02694e-02	8.02729e-02	6.03834	5.30162	2.31180e-05
3.22792e+04	3.03477e-02	8.30580e-02	5.03549	0.84784	2.31180e-05
3.23258e+04	3.03382e-02	8.90051e-02	5.68818	3.07992	2.31180e-05
3.23724e+04	3.02561e-02	8.26025e-02	1.78034	5.12057	2.31180e-05
3.24190e+04	3.03029e-02	7.93827e-02	5.64712	1.05222	2.31180e-05
3.24656e+04	3.03489e-02	8.80184e-02	5.36627	3.38881	2.31180e-05
3.25121e+04	3.02968e-02	8.55489e-02	1.09704	5.31075	2.31180e-05
3.25587e+04	3.02540e-02	8.39770e-02	3.94550	1.57460	2.31180e-05
3.26053e+04	3.02878e-02	8.37402e-02	3.01196	3.58881	2.31180e-05
3.26519e+04	3.03075e-02	8.75390e-02	3.38338	6.15219	2.31180e-05
3.26985e+04	3.02914e-02	8.18881e-02	0.17884	1.89581	2.31180e-05
3.27451e+04	3.02813e-02	7.89233e-02	4.05027	4.56385	2.31180e-05
3.27917e+04	3.02820e-02	8.83912e-02	4.17737	0.53313	2.31180e-05
3.28382e+04	3.02997e-02	8.75029e-02	5.80353	2.98906	2.31180e-05
3.28848e+04	3.02855e-02	8.48874e-02	3.20999	5.43785	2.31180e-05
3.29314e+04	3.02590e-02	8.92712e-02	2.29393	1.64527	2.31180e-05
3.29780e+04	3.02403e-02	8.76847e-02	3.11885	4.17358	2.31180e-05
3.30246e+04	3.02456e-02	8.40591e-02	5.93540	0.31389	2.31180e-05
3.30712e+04	3.02330e-02	8.27038e-02	3.80798	3.13678	2.31180e-05
3.31178e+04	3.02671e-02	9.18733e-02	4.25325	5.49632	2.31180e-05
3.31643e+04	3.02822e-02	8.07769e-02	5.94130	2.06904	2.31180e-05
3.32109e+04	3.02888e-02	9.13468e-02	3.88880	4.55779	2.31180e-05
3.32575e+04	3.03016e-02	8.73906e-02	3.13240	1.17201	2.31180e-05
3.33041e+04	3.02694e-02	8.53934e-02	4.71650	3.68094	2.31180e-05
3.33507e+04	3.02799e-02	8.79223e-02	1.29831	0.43994	2.31180e-05
3.33973e+04	3.02523e-02	8.60565e-02	0.04461	3.04426	2.31180e-05
3.34439e+04	3.02529e-02	8.88595e-02	0.51969	5.93604	2.31180e-05
3.34904e+04	3.02522e-02	8.81467e-02	2.69162	2.63946	2.31180e-05
3.35370e+04	3.02536e-02	9.43883e-02	0.97576	5.22635	2.31180e-05
3.35836e+04	3.02529e-02	8.71671e-02	0.35362	2.25655	2.31180e-05
3.36302e+04	3.02492e-02	8.95696e-02	2.44720	4.73385	2.31180e-05
3.36768e+04	3.02535e-02	8.85764e-02	5.52254	1.77992	2.31180e-05
3.37234e+04	3.02615e-02	8.06639e-02	4.84645	4.46663	2.31180e-05
3.37700e+04	3.02306e-02	9.68329e-02	5.63821	1.31304	2.31180e-05
3.38165e+04	3.02052e-02	8.18264e-02	2.28191	4.33781	2.31180e-05
3.38631e+04	3.01885e-02	9.80659e-02	0.94780	0.95154	2.31180e-05
3.39097e+04	3.01980e-02	9.02836e-02	1.38840	4.20572	2.31180e-05
3.39563e+04	3.02224e-02	9.06953e-02	3.88026	0.74239	2.31180e-05
3.40029e+04	3.02544e-02	9.52602e-02	1.37316	4.07752	2.31180e-05
3.40495e+04	3.02361e-02	8.47568e-02	1.21463	0.75310	2.31180e-05
3.40961e+04	3.02192e-02	9.15157e-02	2.46373	4.06381	2.31180e-05
3.41426e+04	3.02149e-02	8.72726e-02	6.13226	0.84508	2.31180e-05
3.41892e+04	3.02217e-02	8.75107e-02	5.03752	4.16435	2.31180e-05
3.42358e+04	3.02139e-02	8.91783e-02	5.93284	0.99572	2.31180e-05
3.42824e+04	3.01992e-02	9.08588e-02	2.35755	4.31700	2.31180e-05
3.43290e+04	3.01716e-02	8.92682e-02	0.77186	1.33152	2.31180e-05
3.43756e+04	3.01933e-02	9.40316e-02	1.49713	4.47564	2.31180e-05
3.44221e+04	3.02359e-02	9.20509e-02	3.42306	1.78181	2.31180e-05
3.44687e+04	3.02315e-02	9.15573e-02	1.43766	4.76543	2.31180e-05
3.45153e+04	3.02083e-02	9.94727e-02	0.72242	2.18032	2.31180e-05
3.45619e+04	3.01933e-02	8.87002e-02	2.69407	5.35611	2.31180e-05
3.46085e+04	3.01989e-02	9.75794e-02	6.13499	2.52848	2.31180e-05
3.46551e+04	3.01923e-02	9.49414e-02	5.18446	6.01284	2.31180e-05
3.47017e+04	3.01552e-02	9.07181e-02	0.18193	3.04981	2.31180e-05
3.47482e+04	3.01947e-02	9.48367e-02	3.14518	0.35297	2.31180e-05
3.47948e+04	3.02178e-02	8.99104e-02	1.61938	3.76660	2.31180e-05
3.48414e+04	3.01674e-02	9.04367e-02	1.74477	1.09386	2.31180e-05
3.48880e+04	3.01455e-02	9.19949e-02	4.52799	4.46643	2.31180e-05
3.49346e+04	3.01765e-02	9.50596e-02	2.35742	1.93285	2.31180e-05
3.49812e+04	3.01585e-02	8.58071e-02	2.36684	5.32955	2.31180e-05
3.50278e+04	3.01853e-02	9.86344e-02	4.28408	2.68211	2.31180e-05
3.50743e+04	3.01823e-02	8.78599e-02	1.36744	0.12163	2.31180e-05
3.51209e+04	3.01421e-02	9.32045e-02	1.09694	3.50864	2.31180e-05
3.51675e+04	3.01743e-02	9.50592e-02	2.43281	1.06426	2.31180e-05
3.52141e+04	3.01894e-02	9.09782e-02	5.55835	4.62312	2.31180e-05
3.52607e+04	3.01398e-02	9.22498e-02	4.41946	2.04739	2.31180e-05
3.53073e+04	3.01640e-02	9.64362e-02	5.22610	5.73350	2.31180e-05
3.53539e+04	3.01380e-02	9.35548e-02	1.77603	3.21981	2.31180e-05
3.54004e+04	3.01873e-02	9.15302e-02	0.13985	0.64360	2.31180e-05
3.54470e+04	3.01584e-02	9.83741e-02	0.22862	4.33886	2.31180e-05
3.54936e+04	3.01204e-02	9.54644e-02	2.61471	2.02478	2.31180e-05
3.55402e+04	3.01578e-02	9.23989e-02	0.63548	5.55804	2.31180e-05
3.55868e+04	3.01479e-02	1.00689e-01	0.19810	3.29648	2.31180e-05
3.56334e+04	3.01434e-02	9.39225e-02	2.01474	0.74432	2.31180e-05
3.56800e+04	3.01142e-02	9.66649e-02	5.66900	4.62787	2.31180e-05
3.57265e+04	3.01843e-02	9.69030e-02	5.22251	2.16142	2.31180e-05
3.57731e+04	3.01365e-02	1.00291e-01	6.16478	6.09065	2.31180e-05
3.58197e+04	3.01209e-02	9.15700e-02	3.27573	3.73878	2.31180e-05
3.58663e+04	3.01281e-02	1.01556e-01	2.25189	1.21601	2.31180e-05
3.59129e+04	3.01454e-02	9.86236e-02	2.91819	5.39126	2.31180e-05
3.59595e+04	3.01298e-02	9.45453e-02	5.64565	2.83443	2.31180e-05
3.60061e+04	3.00986e-02	9.95113e-02	4.31371	0.58823	2.31180e-05
3.60526e+04	3.01478e-02	9.92667e-02	4.48198	4.55496	2.31180e-05
3.60992e+04	3.01083e-02	9.64145e-02	0.60164	2.27224	2.31180e-05
3.61458e+04	3.01047e-02	9.65649e-02	4.87241	6.23218	2.31180e-05
3.61924e+04	3.01453e-02	1.00459e-01	5.03116	3.94041	2.31180e-05
3.62390e+04	3.01059e-02	9.72991e-02	0.18706	1.84773	2.31180e-05
3.62856e+04	3.00979e-02	9.54866e-02	4.60182	5.68597	2.31180e-05
3.63322e+04	3.01064e-02	1.00007e-01	3.73091	3.59473	2.31180e-05
3.63787e+04	3.01008e-02	9.82558e-02	5.34191	1.36764	2.31180e-05
3.64253e+04	3.00776e-02	9.50967e-02	2.62036	5.45279	2.31180e-05
3.64719e+04	3.01171e-02	9.72645e-02	1.51249	3.24213	2.31180e-05
3.65185e+04	3.00666e-02	9.92930e-02	2.86977	1.06166	2.31180e-05
3.65651e+04	3.01083e-02	9.58704e-02	5.67571	5.30057	2.31180e-05
3.66117e+04	3.00861e-02	9.47288e-02	4.57106	3.01150	2.31180e-05
3.66583e+04	3.00608e-02	9.95712e-02	5.21295	0.97865	2.31180e-05
3.67048e+04	3.01308e-02	9.77002e-02	1.51291	5.13842	2.31180e-05
3.67514e+04	3.00568e-02	9.52646e-02	6.23435	3.03238	2.31180e-05
3.67980e+04	3.00815e-02	9.75032e-02	0.23531	0.89401	2.31180e-05
3.68446e+04	3.00882e-02	1.01939e-01	2.45684	5.12325	2.31180e-05
3.68912e+04	3.00544e-02	9.77776e-02	0.54412	3.14409	2.31180e-05
3.69378e+04	3.00893e-02	9.70162e-02	0.32001	0.93356	2.31180e-05
3.69844e+04	3.00623e-02	1.03647e-01	2.37739	5.27123	2.31180e-05
3.70309e+04	3.00746e-02	1.01646e-01	6.20759	3.24247	2.31180e-05
3.70775e+04	3.00616e-02	9.88633e-02	5.55976	1.23597	2.31180e-05
3.71241e+04	3.01082e-02	1.01050e-01	1.11925	5.45650	2.31180e-05
3.71707e+04	3.00210e-02	1.04935e-01	4.41283	3.51792	2.31180e-05
3.72173e+04	3.00778e-02	9.91551e-02	3.56170	1.60623	2.31180e-05
3.72639e+04	3.00596e-02	9.87498e-02	4.86760	5.81533	2.31180e-05
3.73105e+04	3.00505e-02	1.01308e-01	1.78686	3.93920	2.31180e-05
3.73570e+04	3.00477e-02	1.01605e-01	0.38324	1.96773	2.31180e-05
3.74036e+04	3.00761e-02	9.74695e-02	1.50187	0.11180	2.31180e-05
3.74502e+04	3.00239e-02	9.74282e-02	4.25422	4.37754	2.31180e-05
3.74968e+04	3.00400e-02	1.01900e-01	2.78046	2.50793	2.31180e-05
3.75434e+04	3.00630e-02	9.84174e-02	3.13479	0.65902	2.31180e-05
3.75900e+04	3.00438e-02	9.99485e-02	6.03655	4.99051	2.31180e-05
3.76366e+04	3.00104e-02	9.92893e-02	3.87848	3.15213	2.31180e-05
3.76831e+04	3.00404e-02	1.02895e-01	4.20438	1.19768	2.31180e-05
3.77297e+04	3.00314e-02	1.04729e-01	6.16792	5.74544	2.31180e-05
3.77763e+04	3.00579e-02	9.90493e-02	4.35257	3.82192	2.31180e-05
3.78229e+04	2.99898e-02	1.03583e-01	4.06357	1.97087	2.31180e-05
3.78695e+04	3.00376e-02	1.02022e-01	5.72647	0.17052	2.31180e-05
3.79161e+04	3.00249e-02	1.02577e-01	3.44256	4.61467	2.31180e-05
3.79627e+04	3.00459e-02	9.80245e-02	2.88198	2.87849	2.31180e-05
3.80092e+04	3.00035e-02	9.87536e-02	4.78006	0.95062	2.31180e-05
3.80558e+04	2.99745e-02	1.03742e-01	1.64260	5.54098	2.31180e-05
3.81024e+04	3.00293e-02	1.00889e-01	0.95905	3.73856	2.31180e-05
3.81490e+04	3.00064e-02	1.01864e-01	2.19577	1.96605	2.31180e-05
3.81956e+04	3.00442e-02	1.01728e-01	5.46315	0.17793	2.31180e-05
3.82422e+04	3.00023e-02	1.05629e-01	4.61895	4.68906	2.31180e-05
3.82888e+04	2.99736e-02	1.04129e-01	5.22166	3.02721	2.31180e-05
3.83353e+04	2.99968e-02	9.95329e-02	1.90675	1.21365	2.31180e-05
3.83819e+04	2.99853e-02	1.00208e-01	0.52899	5.79181	2.31180e-05
3.84285e+04	3.00107e-02	1.02625e-01	1.12735	4.03284	2.31180e-05
3.84751e+04	3.00264e-02	1.02528e-01	3.98313	2.39384	2.31180e-05
3.85217e+04	2.99800e-02	1.01079e-01	2.36103	0.66361	2.31180e-05
3.85683e+04	2.99926e-02	1.03271e-01	2.65534	5.21248	2.31180e-05
3.86149e+04	2.99939e-02	1.04442e-01	5.05837	3.56574	2.31180e-05
3.86614e+04	2.99540e-02	1.05366e-01	2.95632	1.84897	2.31180e-05
3.87080e+04	2.99920e-02	1.01755e-01	2.83308	0.26209	2.31180e-05
3.87546e+04	3.00089e-02	9.90260e-02	5.20592	4.77192	2.31180e-05
3.88012e+04	2.99726e-02	1.03088e-01	2.91920	3.15391	2.31180e-05
3.88478e+04	3.00015e-02	1.02846e-01	2.70120	1.51736	2.31180e-05
3.88944e+04	2.99968e-02	1.04395e-01	4.75391	6.15446	2.31180e-05
3.89410e+04	2.99513e-02	1.03556e-01	2.19455	4.55112	2.31180e-05
3.89875e+04	2.99579e-02	1.02821e-01	1.64833	2.84668	2.31180e-05
3.90341e+04	2.99787e-02	1.04244e-01	3.17802	1.30506	2.31180e-05
3.90807e+04	2.99310e-02	1.02792e-01	0.53074	5.94746	2.31180e-05
3.91273e+04	2.99289e-02	1.02282e-01	5.84021	4.37348	2.31180e-05
3.91739e+04	2.99748e-02	1.01565e-01	0.80660	2.73858	2.31180e-05
3.92205e+04	2.99532e-02	1.06126e-01	4.18996	1.14509	2.31180e-05
3.92671e+04	2.99379e-02	1.06032e-01	3.03066	5.89900	2.31180e-05
3.93136e+04	2.99481e-02	1.04911e-01	3.92293	4.29485	2.31180e-05
3.93602e+04	2.99966e-02	1.00957e-01	0.70345	2.76285	2.31180e-05
3.94068e+04	2.99716e-02	1.02006e-01	5.97048	1.11647	2.31180e-05
3.94534e+04	2.99425e-02	1.06191e-01	0.31526	5.90486	2.31180e-05
3.95000e+04	2.99661e-02	1.03878e-01	2.97637	4.36496	2.31180e-05
3.95466e+04	2.99812e-02	1.04639e-01	1.57881	2.80311	2.31180e-05
3.95932e+04	2.99607e-02	1.04179e-01	2.12443	1.28206	2.31180e-05
3.96397e+04	2.99296e-02	1.04079e-01	4.62314	5.98262	2.31180e-05
3.96863e+04	2.99420e-02	1.04665e-01	2.66770	4.52903	2.31180e-05
3.97329e+04	2.99687e-02	1.02252e-01	3.00443	2.97959	2.31180e-05
3.97795e+04	2.99769e-02	1.03439e-01	5.36242	1.47769	2.31180e-05
3.98261e+04	2.99365e-02	1.05513e-01	3.38217	6.21888	2.31180e-05
3.98727e+04	2.99225e-02	1.07069e-01	3.19541	4.73914	2.31180e-05
3.99193e+04	2.99493e-02	1.03390e-01	5.06130	3.27441	2.31180e-05
3.99658e+04	2.99604e-02	1.02564e-01	2.89184	1.73705	2.31180e-05
4.00124e+04	2.99561e-02	1.03618e-01	2.68179	0.29585	2.31180e-05
4.00590e+04	2.99192e-02	1.04573e-01	4.51667	5.03030	2.31180e-05
4.01056e+04	2.99006e-02	1.08511e-01	1.80140	3.60927	2.31180e-05
4.01522e+04	2.99115e-02	1.04182e-01	1.16963	2.14630	2.31180e-05
4.01988e+04	2.99296e-02	1.02899e-01	2.65866	0.65973	2.31180e-05
4.02454e+04	2.99281e-02	1.03142e-01	6.22648	5.49740	2.31180e-05
4.02919e+04	2.99302e-02	1.06234e-01	5.61300	4.00643	2.31180e-05
4.03385e+04	2.98999e-02	1.07225e-01	0.50633	2.61258	2.31180e-05
4.03851e+04	2.98634e-02	1.06177e-01	3.75347	1.12992	2.31180e-05
4.04317e+04	2.98577e-02	1.03710e-01	2.67718	6.01214	2.31180e-05
4.04783e+04	2.98696e-02	1.02746e-01	3.73065	4.53099	2.31180e-05
4.05249e+04	2.98918e-02	1.07087e-01	0.53025	3.10515	2.31180e-05
4.05715e+04	2.99133e-02	1.07404e-01	5.61999	1.72638	2.31180e-05
4.06180e+04	2.98936e-02	1.05374e-01	0.21096	0.26290	2.31180e-05
4.06646e+04	2.98897e-02	1.04385e-01	2.94972	5.17086	2.31180e-05
4.07112e+04	2.98843e-02	1.03156e-01	1.47448	3.69795	2.31180e-05
4.07578e+04	2.98723e-02	1.07142e-01	1.81576	2.31917	2.31180e-05
4.08044e+04	2.98702e-02	1.07550e-01	4.18988	0.91908	2.31180e-05
4.08510e+04	2.98791e-02	1.06350e-01	2.30512	5.81213	2.31180e-05
4.08976e+04	2.98714e-02	1.02443e-01	2.56777	4.41905	2.31180e-05
4.09441e+04	2.98856e-02	1.05357e-01	5.01030	2.97944	2.31180e-05
4.09907e+04	2.98685e-02	1.06829e-01	3.08355	1.65416	2.31180e-05
4.10373e+04	2.98739e-02	1.06869e-01	3.23847	0.23054	2.31180e-05
4.10839e+04	2.98904e-02	1.05987e-01	5.25965	5.16676	2.31180e-05
4.11305e+04	2.98788e-02	1.03204e-01	3.02751	3.76495	2.31180e-05
4.11771e+04	2.98659e-02	1.05459e-01	2.71902	2.37618	2.31180e-05
4.12237e+04	2.98450e-02	1.08233e-01	4.33142	1.03360	2.31180e-05
4.12702e+04	2.98205e-02	1.07327e-01	1.74512	5.93249	2.31180e-05
4.13168e+04	2.98128e-02	1.05203e-01	1.22969	4.60576	2.31180e-05
4.13634e+04	2.98102e-02	1.04554e-01	2.88517	3.19568	2.31180e-05
4.14100e+04	2.98292e-02	1.07512e-01	0.11087	1.87521	2.31180e-05
4.14566e+04	2.98682e-02	1.06934e-01	5.60652	0.50483	2.31180e-05
4.15032e+04	2.98727e-02	1.07431e-01	0.43106	5.44499	2.31180e-05
4.15498e+04	2.98537e-02	1.04724e-01	3.60937	4.11962	2.31180e-05
4.15963e+04	2.98430e-02	1.05232e-01	2.68092	2.73807	2.31180e-05
4.16429e+04	2.98344e-02	1.07271e-01	3.72513	1.42985	2.31180e-05
4.16895e+04	2.98505e-02	1.07159e-01	0.56514	0.06490	2.31180e-05
4.17361e+04	2.98754e-02	1.05789e-01	5.56668	5.04541	2.31180e-05
4.17827e+04	2.98612e-02	1.05079e-01	6.25666	3.68760	2.31180e-05
4.18293e+04	2.98513e-02	1.07531e-01	2.60249	2.36840	2.31180e-05
4.18759e+04	2.98299e-02	1.06464e-01	1.03570	1.05488	2.31180e-05
4.19224e+04	2.98105e-02	1.05719e-01	1.64850	5.97785	2.31180e-05
4.19690e+04	2.98293e-02	1.06363e-01	4.15938	4.69583	2.31180e-05
4.20156e+04	2.98513e-02	1.06513e-01	2.30771	3.34598	2.31180e-05
4.20622e+04	2.98313e-02	1.07770e-01	2.29032	2.05481	2.31180e-05
4.21088e+04	2.98103e-02	1.05585e-01	4.43665	0.72120	2.31180e-05
4.21554e+04	2.97964e-02	1.06197e-01	2.45306	5.69840	2.31180e-05
4.22020e+04	2.98161e-02	1.06640e-01	2.45340	4.39608	2.31180e-05
4.22485e+04	2.98286e-02	1.08190e-01	4.26447	3.06983	2.31180e-05
4.22951e+04	2.98209e-02	1.06295e-01	1.62783	1.79981	2.31180e-05
4.23417e+04	2.98134e-02	1.04709e-01	1.28314	0.45650	2.31180e-05
4.23883e+04	2.97911e-02	1.07242e-01	2.98632	5.46422	2.31180e-05
4.24349e+04	2.98154e-02	1.07784e-01	0.33989	4.15459	2.31180e-05
4.24815e+04	2.98432e-02	1.07309e-01	5.73778	2.86017	2.31180e-05
4.25281e+04	2.98127e-02	1.05274e-01	0.64727	1.56510	2.31180e-05
4.25746e+04	2.97853e-02	1.07174e-01	4.03845	0.24954	2.31180e-05
4.26212e+04	2.97994e-02	1.07381e-01	3.07306	5.27089	2.31180e-05
4.26678e+04	2.98160e-02	1.06606e-01	3.97322	3.94229	2.31180e-05
4.27144e+04	2.98080e-02	1.06622e-01	0.45329	2.68243	2.31180e-05
4.27610e+04	2.97907e-02	1.06910e-01	5.46721	1.37111	2.31180e-05
4.28076e+04	2.97768e-02	1.08301e-01	6.22935	0.09048	2.31180e-05
4.28542e+04	2.97924e-02	1.06879e-01	2.52088	5.09338	2.31180e-05
4.29007e+04	2.97943e-02	1.06377e-01	0.73754	3.78574	2.31180e-05
4.29473e+04	2.97453e-02	1.07574e-01	1.07960	2.52017	2.31180e-05
4.29939e+04	2.97400e-02	1.08309e-01	3.56068	1.21008	2.31180e-05
4.30405e+04	2.97731e-02	1.06991e-01	1.50417	6.24344	2.31180e-05
4.30871e+04	2.97584e-02	1.05450e-01	1.41474	4.93133	2.31180e-05
4.31337e+04	2.97232e-02	1.08877e-01	3.45566	3.65722	2.31180e-05
4.31803e+04	2.97400e-02	1.07979e-01	1.26096	2.38691	2.31180e-05
4.32268e+04	2.97802e-02	1.07061e-01	0.81783	1.08902	2.31180e-05
4.32734e+04	2.97544e-02	1.06790e-01	2.27945	6.11584	2.31180e-05
4.33200e+04	2.97613e-02	1.08484e-01	5.99177	4.81418	2.31180e-05
4.33666e+04	2.97917e-02	1.07165e-01	5.23451	3.55815	2.31180e-05
4.34132e+04	2.97774e-02	1.06040e-01	0.00013	2.25494	2.31180e-05
4.34598e+04	2.97462e-02	1.07298e-01	3.12705	0.98824	2.31180e-05
4.35064e+04	2.97276e-02	1.07952e-01	2.15077	5.99752	2.31180e-05
4.35529e+04	2.97487e-02	1.06859e-01	2.95895	4.70467	2.31180e-05
4.35995e+04	2.97226e-02	1.06950e-01	5.65571	3.44421	2.31180e-05
4.36461e+04	2.96932e-02	1.07643e-01	4.36758	2.14080	2.31180e-05
4.36927e+04	2.97365e-02	1.08336e-01	4.88910	0.88704	2.31180e-05
4.37393e+04	2.97531e-02	1.06509e-01	0.81997	5.87645	2.31180e-05
4.37859e+04	2.97281e-02	1.06958e-01	5.17245	4.61099	2.31180e-05
4.38325e+04	2.97590e-02	1.07566e-01	5.30600	3.32624	2.31180e-05
4.38790e+04	2.97704e-02	1.08368e-01	0.77490	2.04198	2.31180e-05
4.39256e+04	2.96995e-02	1.06487e-01	4.61761	0.78010	2.31180e-05
4.39722e+04	2.96845e-02	1.07444e-01	4.49231	5.75223	2.31180e-05
4.40188e+04	2.97191e-02	1.08705e-01	5.97957	4.49658	2.31180e-05
4.40654e+04	2.97043e-02	1.06757e-01	3.10867	3.20172	2.31180e-05
4.41120e+04	2.96972e-02	1.06700e-01	2.46599	1.93189	2.31180e-05
4.41586e+04	2.97483e-02	1.07342e-01	3.48484	0.64301	2.31180e-05
4.42051e+04	2.97244e-02	1.08128e-01	6.22441	5.63978	2.31180e-05
4.42517e+04	2.96859e-02	1.06112e-01	5.01465	4.37015	2.31180e-05
4.42983e+04	2.97070e-02	1.07421e-01	5.73475	3.05381	2.31180e-05
4.43449e+04	2.96906e-02	1.08905e-01	1.82072	1.79995	2.31180e-05
4.43915e+04	2.96723e-02	1.06968e-01	0.24535	0.49158	2.31180e-05
4.44381e+04	2.97182e-02	1.06753e-01	0.37674	5.49568	2.31180e-05
4.44847e+04	2.97148e-02	1.07925e-01	2.15659	4.19872	2.31180e-05
4.45312e+04	2.96829e-02	1.07904e-01	6.15178	2.91186	2.31180e-05
4.45778e+04	2.97044e-02	1.06463e-01	5.75476	1.62168	2.31180e-05
4.46244e+04	2.96728e-02	1.07838e-01	0.90550	0.30758	2.31180e-05
4.46710e+04	2.96493e-02	1.08874e-01	4.53902	5.32136	2.31180e-05
4.47176e+04	2.97129e-02	1.06318e-01	3.58738	4.00048	2.31180e-05
4.47642e+04	2.96906e-02	1.07094e-01	4.29545	2.71396	2.31180e-05
4.48108e+04	2.96769e-02	1.07874e-01	0.97581	1.40862	2.31180e-05
4.48573e+04	2.96929e-02	1.07863e-01	5.63052	0.10093	2.31180e-05
4.49039e+04	2.96442e-02	1.06501e-01	6.01860	5.08269	2.31180e-05
4.49505e+04	2.96505e-02	1.08418e-01	2.30813	3.76340	2.31180e-05
4.49971e+04	2.97034e-02	1.07446e-01	6.22023	2.47462	2.31180e-05
4.50437e+04	2.96696e-02	1.06652e-01	5.86325	1.13919	2.31180e-05
4.50903e+04	2.96759e-02	1.07276e-01	1.36845	6.12621	2.31180e-05
4.51369e+04	2.96549e-02	1.08121e-01	4.77570	4.79225	2.31180e-05
4.51834e+04	2.96289e-02	1.07151e-01	4.06171	3.47923	2.31180e-05
4.52300e+04	2.96873e-02	1.06364e-01	5.14054	2.15736	2.31180e-05
4.52766e+04	2.96867e-02	1.07415e-01	1.42426	0.82453	2.31180e-05
4.53232e+04	2.96320e-02	1.07698e-01	0.00097	5.79161	2.31180e-05
4.53698e+04	2.96554e-02	1.06420e-01	0.40433	4.43676	2.31180e-05
4.54164e+04	2.96314e-02	1.07692e-01	2.56049	3.12805	2.31180e-05
4.54630e+04	2.96625e-02	1.07004e-01	0.46691	1.77729	2.31180e-05
4.55095e+04	2.96698e-02	1.06763e-01	6.06383	0.44412	2.31180e-05
4.55561e+04	2.96110e-02	1.06596e-01	1.36522	5.37672	2.31180e-05
4.56027e+04	2.96354e-02	1.08166e-01	4.89898	4.02299	2.31180e-05
4.56493e+04	2.96513e-02	1.06410e-01	3.56716	2.68908	2.31180e-05
4.56959e+04	2.96323e-02	1.06449e-01	4.45498	1.32212	2.31180e-05
4.57425e+04	2.96579e-02	1.07715e-01	0.58310	6.26311	2.31180e-05
4.57891e+04	2.96141e-02	1.07607e-01	4.99291	4.88051	2.31180e-05
4.58356e+04	2.96405e-02	1.06327e-01	5.23200	3.53105	2.31180e-05
4.58822e+04	2.96597e-02	1.06855e-01	0.46089	2.15305	2.31180e-05
4.59288e+04	2.96118e-02	1.07607e-01	4.04853	0.78354	2.31180e-05
4.59754e+04	2.96293e-02	1.06030e-01	3.26090	5.69517	2.31180e-05
4.60220e+04	2.96001e-02	1.06778e-01	4.19386	4.30126	2.31180e-05
4.60686e+04	2.96337e-02	1.07679e-01	0.82278	2.94059	2.31180e-05
4.61152e+04	2.96642e-02	1.06020e-01	5.12337	1.52794	2.31180e-05
4.61617e+04	2.95953e-02	1.07126e-01	5.25382	0.14394	2.31180e-05
4.62083e+04	2.96191e-02	1.07396e-01	1.09061	5.01825	2.31180e-05
4.62549e+04	2.96192e-02	1.06736e-01	4.52977	3.62686	2.31180e-05
4.63015e+04	2.96120e-02	1.05482e-01	3.82361	2.21723	2.31180e-05
4.63481e+04	2.96156e-02	1.07611e-01	4.67128	0.79404	2.31180e-05
4.63947e+04	2.95762e-02	1.06848e-01	1.14986	5.68021	2.31180e-05
4.64413e+04	2.96345e-02	1.05957e-01	5.91916	4.23629	2.31180e-05
4.64878e+04	2.96376e-02	1.07025e-01	5.58958	2.82622	2.31180e-05
4.65344e+04	2.95789e-02	1.07007e-01	1.19461	1.37847	2.31180e-05
4.65810e+04	2.95951e-02	1.05695e-01	4.79326	6.23117	2.31180e-05
