# t	a	e	mean_anomaly	varpi	mass/M_star
0.00000e+00	4.60130e-02	0.00000e+00	0.00000	0.00000	3.47100e-05
4.65857e+01	4.59553e-02	4.47076e-03	4.75798	2.90043	3.47100e-05
9.31714e+01	4.59589e-02	1.35683e-03	4.93796	1.26837	3.47100e-05
1.39757e+02	4.59365e-02	4.83331e-03	2.64891	5.51768	3.47100e-05
1.86343e+02	4.59166e-02	3.43491e-03	2.93479	4.39768	3.47100e-05
2.32928e+02	4.59171e-02	6.19153e-03	5.48040	4.45425	3.47100e-05
2.79514e+02	4.59330e-02	4.22687e-03	5.06806	4.58306	3.47100e-05
3.26100e+02	4.58982e-02	2.79200e-03	1.47938	4.96720	3.47100e-05
3.72685e+02	4.58858e-02	1.46489e-03	5.75227	0.90011	3.47100e-05
4.19271e+02	4.58901e-02	5.78230e-03	6.14395	4.14268	3.47100e-05
4.65857e+02	4.58536e-02	2.04709e-03	0.93919	3.83752	3.47100e-05
5.12442e+02	4.58427e-02	2.25551e-03	2.49989	0.20896	3.47100e-05
5.59028e+02	4.58523e-02	7.22011e-03	6.07169	4.38912	3.47100e-05
6.05614e+02	4.58114e-02	6.48298e-03	3.59217	5.45553	3.47100e-05
6.52199e+02	4.58122e-02	5.49636e-03	4.88786	6.25750	3.47100e-05
6.98785e+02	4.58016e-02	2.43267e-03	2.46518	1.64169	3.47100e-05
7.45371e+02	4.58030e-02	4.11828e-03	3.22404	3.48530	3.47100e-05
7.91956e+02	4.58075e-02	1.82049e-03	5.42371	0.94361	3.47100e-05
8.38542e+02	4.57827e-02	3.18585e-03	5.62145	3.75341	3.47100e-05
8.85128e+02	4.57766e-02	3.82159e-03	2.38198	0.58560	3.47100e-05
9.31713e+02	4.57838e-02	4.74347e-03	0.81189	4.69394	3.47100e-05
9.78299e+02	4.57311e-02	3.47704e-03	1.72312	1.72712	3.47100e-05
1.02488e+03	4.57722e-02	7.00706e-03	0.91681	3.02748	3.47100e-05
1.07147e+03	4.57266e-02	8.59782e-03	5.39004	0.74579	3.47100e-05
1.11806e+03	4.57103e-02	1.35042e-02	3.16048	1.22314	3.47100e-05
1.16464e+03	4.57111e-02	1.86417e-03	1.74119	3.03950	3.47100e-05
1.21123e+03	4.57140e-02	9.97118e-03	4.57970	2.50357	3.47100e-05
1.25781e+03	4.57010e-02	1.29484e-02	1.80913	3.92579	3.47100e-05
1.30440e+03	4.57038e-02	8.55328e-03	0.97305	0.45801	3.47100e-05
1.35098e+03	4.56630e-02	7.82058e-03	0.26965	6.26377	3.47100e-05
1.39757e+03	4.56550e-02	3.08124e-03	0.40934	1.85208	3.47100e-05
1.44416e+03	4.56707e-02	1.57512e-02	1.36628	5.81523	3.47100e-05
1.49074e+03	4.56565e-02	1.31598e-02	2.04161	0.29320	3.47100e-05
1.53733e+03	4.56466e-02	1.51319e-03	0.03327	5.64964	3.47100e-05
1.58391e+03	4.56515e-02	1.63745e-02	1.94998	2.90126	3.47100e-05
1.63050e+03	4.56753e-02	1.13834e-02	0.46226	5.77249	3.47100e-05
1.67708e+03	4.56652e-02	1.42421e-02	5.51498	4.32601	3.47100e-05
1.72367e+03	4.56659e-02	8.21441e-03	3.70125	5.75362	3.47100e-05
1.77026e+03	4.56002e-02	7.27445e-03	5.53226	5.36053	3.47100e-05
1.81684e+03	4.55767e-02	9.54881e-03	3.26599	5.26093	3.47100e-05
1.86343e+03	4.56433e-02	1.99596e-02	1.19965	3.51884	3.47100e-05
1.91001e+03	4.56044e-02	2.26277e-02	3.38767	4.31031	3.47100e-05
1.95660e+03	4.56327e-02	1.62785e-02	3.78116	6.25798	3.47100e-05
2.00318e+03	4.56947e-02	1.96549e-02	1.34915	4.87530	3.47100e-05
2.04977e+03	4.56129e-02	1.69370e-02	4.91699	4.49699	3.47100e-05
2.09636e+03	4.56141e-02	9.88775e-03	3.15271	0.71668	3.47100e-05
2.14294e+03	4.56468e-02	1.91666e-02	4.90663	1.77884	3.47100e-05
2.18953e+03	4.55612e-02	1.34543e-02	1.29073	1.87438	3.47100e-05
2.23611e+03	4.55884e-02	4.10028e-03	3.06667	5.85919	3.47100e-05
2.28270e+03	4.55594e-02	5.30120e-03	2.71106	3.19943	3.47100e-05
2.32928e+03	4.55511e-02	7.64977e-03	0.24438	5.06207	3.47100e-05
2.37587e+03	4.55833e-02	3.27255e-03	1.42021	0.65570	3.47100e-05
2.42245e+03	4.55664e-02	1.64022e-02	1.47923	5.06980	3.47100e-05
2.46904e+03	4.56003e-02	1.28892e-02	0.79520	4.69083	3.47100e-05
2.51563e+03	4.55774e-02	2.14759e-02	4.30203	2.50930	3.47100e-05
2.56221e+03	4.55326e-02	1.40332e-02	3.13466	3.97348	3.47100e-05
2.60880e+03	4.54887e-02	5.94560e-03	6.17735	3.42127	3.47100e-05
2.65538e+03	4.54969e-02	9.64283e-03	0.18313	3.62980	3.47100e-05
2.70197e+03	4.54747e-02	1.31994e-02	4.66286	0.03566	3.47100e-05
2.74855e+03	4.55357e-02	2.16741e-02	2.82781	6.16276	3.47100e-05
2.79514e+03	4.54364e-02	1.79720e-02	6.06009	3.71060	3.47100e-05
2.84173e+03	4.55339e-02	2.55957e-03	2.79380	2.99474	3.47100e-05
2.88831e+03	4.54612e-02	8.29582e-03	4.27665	6.20483	3.47100e-05
2.93490e+03	4.55288e-02	2.61323e-02	6.24688	4.91533	3.47100e-05
2.98148e+03	4.54061e-02	2.08347e-02	3.12148	4.26961	3.47100e-05
3.02807e+03	4.54705e-02	3.15275e-02	0.19371	0.04477	3.47100e-05
3.07465e+03	4.54483e-02	1.07546e-02	3.79378	4.16997	3.47100e-05
3.12124e+03	4.54787e-02	1.51179e-02	2.57906	4.12155	3.47100e-05
3.16783e+03	4.53977e-02	3.05352e-02	5.12283	2.71550	3.47100e-05
3.21441e+03	4.53876e-02	1.48451e-02	3.18164	1.50039	3.47100e-05
3.26100e+03	4.54117e-02	2.47987e-02	2.90514	1.43126	3.47100e-05
3.30758e+03	4.54447e-02	2.37118e-02	4.40671	2.50349	3.47100e-05
3.35417e+03	4.54479e-02	1.93590e-02	0.14855	0.84133	3.47100e-05
3.40075e+03	4.54123e-02	2.11647e-02	5.92748	5.00365	3.47100e-05
3.44734e+03	4.54248e-02	2.40850e-02	5.06930	5.39719	3.47100e-05
3.49393e+03	4.53983e-02	2.61865e-02	4.73596	1.25729	3.47100e-05
3.54051e+03	4.53802e-02	2.49225e-02	4.92169	5.25501	3.47100e-05
3.58710e+03	4.53477e-02	2.78394e-02	0.65019	3.43433	3.47100e-05
3.63368e+03	4.53675e-02	2.66438e-02	4.63371	2.31834	3.47100e-05
3.68027e+03	4.53582e-02	2.39734e-02	4.58241	1.81645	3.47100e-05
3.72685e+03	4.53657e-02	2.82006e-02	0.27007	2.00425	3.47100e-05
3.77344e+03	4.53527e-02	2.76998e-02	3.58947	3.23926	3.47100e-05
3.82002e+03	4.53197e-02	2.86068e-02	3.50064	4.45674	3.47100e-05
3.86661e+03	4.52806e-02	3.12291e-02	4.96002	0.50098	3.47100e-05
3.91320e+03	4.52434e-02	2.80650e-02	2.49096	3.21189	3.47100e-05
3.95978e+03	4.53293e-02	2.40814e-02	2.70240	5.91001	3.47100e-05
4.00637e+03	4.52686e-02	3.36755e-02	4.71899	3.24720	3.47100e-05
4.05295e+03	4.52599e-02	2.52272e-02	3.17156	0.67009	3.47100e-05
4.09954e+03	4.52821e-02	3.06913e-02	3.59570	4.99666	3.47100e-05
4.14612e+03	4.52080e-02	3.06655e-02	0.37308	3.26374	3.47100e-05
4.19271e+03	4.52810e-02	2.88504e-02	5.43838	2.13482	3.47100e-05
4.23930e+03	4.52100e-02	2.87286e-02	0.69315	1.10924	3.47100e-05
4.28588e+03	4.52211e-02	3.68824e-02	4.35575	0.61661	3.47100e-05
4.33247e+03	4.52323e-02	2.84959e-02	4.38287	0.44423	3.47100e-05
4.37905e+03	4.52050e-02	3.03680e-02	0.96436	0.03191	3.47100e-05
4.42564e+03	4.52352e-02	3.35128e-02	6.02390	0.30957	3.47100e-05
4.47222e+03	4.52092e-02	2.79451e-02	1.07032	0.83982	3.47100e-05
4.51881e+03	4.51477e-02	2.84870e-02	4.79421	1.51825	3.47100e-05
4.56540e+03	4.51927e-02	3.29376e-02	5.11000	2.18262	3.47100e-05
4.61198e+03	4.51707e-02	3.28911e-02	1.61949	3.33208	3.47100e-05
4.65857e+03	4.51655e-02	3.69157e-02	0.17989	5.06720	3.47100e-05
4.70515e+03	4.51135e-02	2.91914e-02	1.12755	0.85434	3.47100e-05
4.75174e+03	4.51066e-02	3.47773e-02	4.62765	3.12629	3.47100e-05
4.79832e+03	4.50868e-02	3.35394e-02	4.45786	5.50883	3.47100e-05
4.84491e+03	4.50969e-02	3.34967e-02	0.89292	1.57414	3.47100e-05
4.89150e+03	4.50842e-02	3.19125e-02	5.81871	4.46323	3.47100e-05
4.93808e+03	4.50927e-02	3.61969e-02	1.49538	0.62512	3.47100e-05
4.98467e+03	4.50639e-02	2.92064e-02	5.65174	3.59414	3.47100e-05
5.03125e+03	4.50472e-02	3.58798e-02	0.17923	0.21678	3.47100e-05
5.07784e+03	4.50346e-02	3.17188e-02	3.58418	3.24696	3.47100e-05
5.12442e+03	4.50259e-02	3.54111e-02	3.33082	0.22947	3.47100e-05
5.17101e+03	4.50071e-02	3.45354e-02	5.77251	3.52633	3.47100e-05
5.21759e+03	4.50339e-02	3.66811e-02	4.67783	0.67464	3.47100e-05
5.26418e+03	4.50548e-02	3.39936e-02	0.03736	4.10566	3.47100e-05
5.31077e+03	4.50232e-02	3.64288e-02	4.27809	1.43271	3.47100e-05
5.35735e+03	4.50330e-02	2.88072e-02	4.94198	5.05836	3.47100e-05
5.40394e+03	4.50385e-02	3.64529e-02	1.83533	2.67283	3.47100e-05
5.45052e+03	4.49880e-02	2.75836e-02	1.68126	0.17833	3.47100e-05
5.49711e+03	4.49657e-02	3.90945e-02	4.13650	4.24393	3.47100e-05
5.54369e+03	4.49469e-02	3.05797e-02	3.26870	1.96510	3.47100e-05
5.59028e+03	4.49865e-02	3.65234e-02	5.05118	5.98662	3.47100e-05
5.63687e+03	4.49811e-02	3.65064e-02	3.12175	3.90791	3.47100e-05
5.68345e+03	4.49349e-02	3.04594e-02	4.17073	1.63373	3.47100e-05
5.73004e+03	4.49293e-02	4.01799e-02	1.55296	6.02341	3.47100e-05
5.77662e+03	4.49256e-02	2.81706e-02	1.81248	4.10587	3.47100e-05
5.82321e+03	4.49541e-02	3.52202e-02	4.94090	1.92345	3.47100e-05
5.86979e+03	4.49188e-02	4.08217e-02	4.31535	0.11977	3.47100e-05
5.91638e+03	4.48542e-02	2.88292e-02	0.46837	4.47338	3.47100e-05
5.96297e+03	4.49391e-02	3.73146e-02	5.66235	2.52455	3.47100e-05
6.00955e+03	4.49093e-02	3.31567e-02	0.73050	0.87754	3.47100e-05
6.05614e+03	4.48393e-02	3.13335e-02	5.33985	5.24013	3.47100e-05
6.10272e+03	4.48845e-02	4.14756e-02	0.23121	3.34114	3.47100e-05
6.14931e+03	4.48742e-02	3.10578e-02	3.78447	1.63962	3.47100e-05
6.19589e+03	4.48136e-02	3.24128e-02	4.10480	6.14813	3.47100e-05
6.24248e+03	4.48629e-02	3.84153e-02	0.96343	4.52142	3.47100e-05
6.28907e+03	4.48463e-02	3.26039e-02	0.36742	2.89896	3.47100e-05
6.33565e+03	4.47717e-02	3.52336e-02	2.92729	1.17778	3.47100e-05
6.38224e+03	4.48358e-02	3.70381e-02	1.90264	5.82521	3.47100e-05
6.42882e+03	4.47753e-02	3.26993e-02	3.42800	4.34889	3.47100e-05
6.47541e+03	4.47883e-02	3.41358e-02	1.91653	2.72917	3.47100e-05
6.52199e+03	4.48141e-02	3.83036e-02	3.01207	1.05740	3.47100e-05
6.56858e+03	4.47206e-02	3.42853e-02	0.62504	5.90258	3.47100e-05
6.61516e+03	4.47892e-02	2.98734e-02	0.98386	4.45206	3.47100e-05
6.66175e+03	4.47312e-02	3.86885e-02	4.40187	2.80578	3.47100e-05
6.70834e+03	4.47635e-02	3.69897e-02	4.35453	1.33616	3.47100e-05
6.75492e+03	4.47625e-02	3.27542e-02	0.44184	6.24974	3.47100e-05
6.80151e+03	4.47865e-02	3.42352e-02	6.17460	4.71813	3.47100e-05
6.84809e+03	4.47271e-02	4.00499e-02	1.89142	3.19396	3.47100e-05
6.89468e+03	4.46824e-02	3.47618e-02	0.51676	1.90779	3.47100e-05
6.94126e+03	4.47188e-02	2.91696e-02	2.07750	0.35474	3.47100e-05
6.98785e+03	4.46921e-02	3.90547e-02	1.41462	4.79686	3.47100e-05
7.03444e+03	4.47201e-02	3.20091e-02	4.59465	2.67439	3.47100e-05
7.08102e+03	4.46331e-02	3.39805e-02	0.62817	5.78385	3.47100e-05
7.12761e+03	4.46578e-02	3.22981e-02	2.53647	1.60507	3.47100e-05
7.17419e+03	4.46575e-02	2.39251e-02	4.30178	2.29665	3.47100e-05
7.22078e+03	4.46371e-02	2.75275e-02	6.03221	1.61113	3.47100e-05
7.26736e+03	4.45716e-02	3.04794e-02	4.05130	4.36302	3.47100e-05
7.31395e+03	4.45575e-02	2.27891e-02	3.13325	4.79599	3.47100e-05
7.36054e+03	4.45614e-02	2.70010e-02	2.52008	3.92449	3.47100e-05
7.40712e+03	4.45777e-02	2.64118e-02	2.34146	0.85477	3.47100e-05
7.45371e+03	4.44824e-02	2.72814e-02	2.98035	2.09356	3.47100e-05
7.50029e+03	4.45029e-02	2.36886e-02	6.21531	5.53214	3.47100e-05
7.54688e+03	4.44932e-02	1.52911e-02	4.71022	6.26397	3.47100e-05
7.59346e+03	4.44905e-02	1.45685e-02	3.90460	4.64017	3.47100e-05
7.64005e+03	4.44678e-02	1.40290e-02	5.24150	5.87145	3.47100e-05
7.68664e+03	4.44582e-02	1.49771e-02	1.26514	4.91117	3.47100e-05
7.73322e+03	4.44544e-02	1.55895e-02	3.77583	2.14593	3.47100e-05
7.77981e+03	4.44375e-02	2.38208e-02	1.42215	3.04856	3.47100e-05
7.82639e+03	4.43946e-02	1.53678e-02	0.85691	0.66703	3.47100e-05
7.87298e+03	4.43855e-02	2.03673e-02	0.51797	3.04535	3.47100e-05
7.91956e+03	4.44053e-02	2.38109e-02	0.69233	3.44257	3.47100e-05
7.96615e+03	4.43512e-02	1.47918e-02	2.87773	0.53827	3.47100e-05
8.01273e+03	4.44100e-02	7.34839e-03	0.14606	1.24127	3.47100e-05
8.05932e+03	4.43658e-02	1.96667e-02	5.10452	5.61496	3.47100e-05
8.10591e+03	4.42986e-02	1.08297e-02	0.21214	5.91271	3.47100e-05
8.15249e+03	4.42926e-02	1.03387e-02	3.71945	2.99813	3.47100e-05
8.19908e+03	4.42589e-02	1.39926e-02	3.19824	2.62742	3.47100e-05
8.24566e+03	4.42740e-02	1.02744e-02	4.60530	5.53053	3.47100e-05
8.29225e+03	4.42169e-02	1.29019e-02	2.31077	4.69342	3.47100e-05
8.33883e+03	4.42638e-02	1.61312e-02	0.07821	2.50316	3.47100e-05
8.38542e+03	4.42140e-02	1.22446e-02	0.79739	2.15257	3.47100e-05
8.43201e+03	4.41857e-02	4.78244e-03	0.60914	1.28084	3.47100e-05
8.47859e+03	4.41932e-02	9.00895e-03	3.24845	3.62090	3.47100e-05
8.52518e+03	4.42330e-02	1.10937e-02	6.08516	4.28687	3.47100e-05
8.57176e+03	4.41684e-02	8.69441e-03	6.25066	5.45581	3.47100e-05
8.61835e+03	4.41289e-02	6.97058e-03	1.85669	4.97369	3.47100e-05
8.66493e+03	4.40896e-02	1.50670e-02	2.42986	4.12776	3.47100e-05
8.71152e+03	4.40670e-02	8.47404e-03	0.03897	5.83312	3.47100e-05
8.75811e+03	4.41140e-02	1.16004e-02	1.01447	2.40280	3.47100e-05
8.80469e+03	4.40910e-02	3.73710e-03	4.45268	1.07417	3.47100e-05
8.85128e+03	4.40597e-02	9.36499e-03	2.88190	3.72004	3.47100e-05
8.89786e+03	4.40846e-02	6.61279e-03	2.35003	1.96901	3.47100e-05
8.94445e+03	4.40425e-02	6.03732e-03	1.33346	1.79136	3.47100e-05
8.99103e+03	4.40350e-02	1.74132e-03	4.03276	3.38847	3.47100e-05
9.03762e+03	4.40122e-02	6.68654e-03	4.06127	5.84821	3.47100e-05
9.08421e+03	4.40108e-02	3.34592e-04	4.54388	0.30124	3.47100e-05
9.13079e+03	4.39958e-02	6.68369e-03	0.01770	2.50191	3.47100e-05
9.17738e+03	4.39898e-02	2.74285e-03	4.09405	0.31327	3.47100e-05
9.22396e+03	4.39772e-02	5.78553e-03	1.11477	4.85709	3.47100e-05
9.27055e+03	4.39259e-02	9.48539e-03	2.39238	5.85414	3.47100e-05
9.31713e+03	4.38716e-02	5.57251e-03	5.98398	3.69409	3.47100e-05
9.36372e+03	4.39194e-02	5.28654e-03	2.89889	0.97118	3.47100e-05
9.41030e+03	4.38433e-02	4.84633e-03	5.77320	3.27802	3.47100e-05
9.45689e+03	4.38712e-02	7.77014e-03	4.60767	2.22790	3.47100e-05
9.50348e+03	4.38810e-02	8.40373e-03	1.13395	2.48559	3.47100e-05
9.55006e+03	4.38546e-02	9.72631e-03	1.34204	4.05326	3.47100e-05
9.59665e+03	4.38038e-02	8.84675e-03	2.93335	3.20612	3.47100e-05
9.64323e+03	4.37969e-02	5.07753e-03	1.13907	4.25911	3.47100e-05
9.68982e+03	4.37944e-02	6.44029e-03	1.34241	2.23434	3.47100e-05
9.73640e+03	4.37537e-02	9.31231e-03	5.19406	2.09089	3.47100e-05
9.78299e+03	4.37337e-02	3.70453e-03	4.98784	4.39795	3.47100e-05
9.82958e+03	4.37509e-02	8.69266e-03	0.94525	3.45478	3.47100e-05
9.87616e+03	4.36953e-02	4.91353e-03	0.02685	4.19675	3.47100e-05
9.92275e+03	4.36768e-02	6.18050e-03	0.93770	2.31030	3.47100e-05
9.96933e+03	4.36618e-02	4.83563e-03	5.69514	1.66301	3.47100e-05
1.00159e+04	4.36275e-02	7.38327e-03	6.15016	4.11972	3.47100e-05
1.00625e+04	4.36421e-02	5.49957e-03	3.25438	2.51884	3.47100e-05
1.01091e+04	4.36723e-02	3.77362e-03	2.95526	3.70287	3.47100e-05
1.01557e+04	4.36410e-02	3.74999e-03	1.68818	4.98056	3.47100e-05
1.02023e+04	4.36191e-02	5.08494e-03	5.55296	5.74430	3.47100e-05
1.02488e+04	4.36169e-02	4.78551e-03	2.68387	6.27487	3.47100e-05
1.02954e+04	4.35833e-02	1.68678e-03	6.27964	5.35258	3.47100e-05
1.03420e+04	4.35623e-02	4.27107e-03	3.88147	3.51599	3.47100e-05
1.03886e+04	4.35691e-02	5.91476e-03	0.74420	0.61312	3.47100e-05
1.04352e+04	4.34913e-02	6.26482e-03	2.43492	4.57470	3.47100e-05
1.04818e+04	4.35239e-02	5.56634e-03	4.13296	0.82080	3.47100e-05
1.05284e+04	4.34696e-02	2.98282e-03	2.14293	6.02899	3.47100e-05
1.05749e+04	4.34960e-02	7.17478e-03	4.99265	5.39041	3.47100e-05
1.06215e+04	4.34478e-02	6.22500e-03	3.46951	1.61878	3.47100e-05
1.06681e+04	4.34760e-02	5.94193e-03	3.39745	1.54605	3.47100e-05
1.07147e+04	4.34159e-02	6.46435e-03	0.09008	3.41150	3.47100e-05
1.07613e+04	4.34405e-02	4.18847e-03	4.49168	2.74383	3.47100e-05
1.08079e+04	4.33885e-02	4.59836e-03	1.16164	1.65169	3.47100e-05
1.08545e+04	4.33882e-02	1.33709e-03	3.74741	0.37737	3.47100e-05
1.09010e+04	4.33546e-02	3.92486e-03	2.70400	5.65628	3.47100e-05
1.09476e+04	4.33483e-02	6.01304e-03	2.90452	5.85029	3.47100e-05
1.09942e+04	4.33771e-02	1.79926e-03	6.05571	1.29905	3.47100e-05
1.10408e+04	4.33490e-02	9.29098e-03	1.40623	3.06162	3.47100e-05
1.10874e+04	4.33261e-02	5.38711e-03	3.51798	3.55364	3.47100e-05
1.11340e+04	4.33362e-02	7.63558e-03	3.64217	4.73431	3.47100e-05
1.11806e+04	4.33215e-02	6.57622e-03	3.64178	4.87565	3.47100e-05
1.12271e+04	4.32933e-02	5.31134e-03	0.79910	0.30533	3.47100e-05
1.12737e+04	4.32462e-02	6.66012e-03	4.05762	0.64952	3.47100e-05
1.13203e+04	4.32654e-02	3.11478e-03	1.74347	5.29111	3.47100e-05
1.13669e+04	4.32631e-02	6.56363e-03	1.97146	0.04390	3.47100e-05
1.14135e+04	4.32261e-02	4.35950e-03	2.45506	5.58364	3.47100e-05
1.14601e+04	4.32203e-02	7.83960e-03	4.40282	1.57030	3.47100e-05
1.15067e+04	4.32036e-02	4.18131e-03	0.13161	2.58815	3.47100e-05
1.15532e+04	4.31981e-02	8.85276e-03	1.91915	2.49753	3.47100e-05
1.15998e+04	4.31538e-02	5.15352e-03	2.29805	1.85631	3.47100e-05
1.16464e+04	4.32143e-02	1.00114e-02	5.77696	3.19292	3.47100e-05
1.16930e+04	4.31363e-02	6.78161e-03	2.64946	3.46811	3.47100e-05
1.17396e+04	4.31475e-02	3.65258e-03	4.62450	3.00045	3.47100e-05
1.17862e+04	4.31109e-02	7.19357e-03	3.68069	4.46437	3.47100e-05
1.18328e+04	4.31201e-02	5.15348e-03	1.52925	5.26844	3.47100e-05
1.18793e+04	4.30946e-02	5.92246e-03	5.49530	4.85510	3.47100e-05
1.19259e+04	4.30558e-02	5.07713e-03	3.02010	3.24777	3.47100e-05
1.19725e+04	4.30630e-02	7.11490e-03	1.59555	5.02785	3.47100e-05
1.20191e+04	4.30516e-02	7.68763e-03	0.66601	5.26441	3.47100e-05
1.20657e+04	4.30338e-02	6.55837e-03	4.29070	5.17777	3.47100e-05
1.21123e+04	4.30141e-02	4.56151e-03	4.99619	0.76257	3.47100e-05
1.21589e+04	4.30231e-02	3.14896e-03	0.69434	5.53266	3.47100e-05
1.22054e+04	4.29972e-02	2.11741e-03	0.26705	5.45280	3.47100e-05
1.22520e+04	4.29744e-02	1.32378e-03	1.88648	1.17259	3.47100e-05
1.22986e+04	4.29484e-02	6.44773e-03	4.65771	0.86642	3.47100e-05
1.23452e+04	4.29585e-02	3.60920e-03	5.73421	0.00633	3.47100e-05
1.23918e+04	4.29329e-02	7.14599e-03	2.98580	1.75059	3.47100e-05
1.24384e+04	4.29416e-02	1.01831e-03	4.68643	3.14637	3.47100e-05
1.24850e+04	4.28897e-02	2.02581e-03	2.17313	1.16715	3.47100e-05
1.25315e+04	4.29124e-02	4.52780e-03	1.19826	1.90808	3.47100e-05
1.25781e+04	4.28969e-02	5.99126e-03	5.07169	2.56241	3.47100e-05
1.26247e+04	4.28683e-02	1.87134e-03	1.61846	2.42737	3.47100e-05
1.26713e+04	4.28421e-02	1.22247e-03	1.42639	3.51388	3.47100e-05
1.27179e+04	4.28573e-02	8.86167e-03	5.81812	4.70585	3.47100e-05
1.27645e+04	4.28254e-02	5.88536e-03	3.97482	3.81347	3.47100e-05
1.28111e+04	4.28287e-02	4.90671e-03	4.14258	5.83683	3.47100e-05
1.28576e+04	4.28124e-02	5.73351e-03	5.46718	4.45991	3.47100e-05
1.29042e+04	4.28044e-02	7.60065e-03	2.56457	6.10398	3.47100e-05
1.29508e+04	4.27820e-02	1.76774e-03	0.17531	4.86701	3.47100e-05
1.29974e+04	4.27687e-02	8.00164e-03	0.59794	5.89275	3.47100e-05
1.30440e+04	4.27726e-02	7.10559e-03	4.63633	1.00284	3.47100e-05
1.30906e+04	4.27374e-02	5.59807e-03	2.02205	1.43379	3.47100e-05
1.31372e+04	4.27467e-02	5.09807e-03	3.03303	2.35760	3.47100e-05
1.31837e+04	4.26898e-02	2.13623e-03	2.06292	3.74838	3.47100e-05
1.32303e+04	4.27186e-02	1.77586e-03	0.72699	3.34970	3.47100e-05
1.32769e+04	4.26828e-02	4.24791e-03	0.29711	0.37448	3.47100e-05
1.33235e+04	4.26861e-02	8.78916e-03	5.41950	2.19198	3.47100e-05
1.33701e+04	4.26609e-02	5.62229e-03	2.98278	3.64136	3.47100e-05
1.34167e+04	4.26517e-02	6.30895e-03	0.83374	2.43719	3.47100e-05
1.34633e+04	4.26494e-02	9.00873e-03	0.56667	4.15948	3.47100e-05
1.35098e+04	4.26116e-02	5.28369e-03	0.42437	3.25329	3.47100e-05
1.35564e+04	4.26465e-02	8.39992e-03	2.09319	5.37882	3.47100e-05
1.36030e+04	4.25945e-02	4.82304e-03	4.08189	4.75425	3.47100e-05
1.36496e+04	4.26142e-02	4.85216e-03	3.68854	4.77725	3.47100e-05
1.36962e+04	4.25702e-02	4.78683e-03	2.29579	3.91045	3.47100e-05
1.37428e+04	4.25871e-02	3.40693e-03	2.49955	5.42008	3.47100e-05
1.37894e+04	4.25741e-02	4.47118e-03	2.79967	5.34489	3.47100e-05
1.38359e+04	4.25215e-02	6.58774e-03	5.84917	0.24889	3.47100e-05
1.38825e+04	4.25418e-02	1.22383e-03	4.86474	3.40303	3.47100e-05
1.39291e+04	4.25394e-02	6.37362e-03	2.09008	0.45489	3.47100e-05
1.39757e+04	4.24748e-02	3.16653e-03	3.46235	3.73209	3.47100e-05
1.40223e+04	4.25224e-02	3.99956e-03	0.67983	2.68283	3.47100e-05
1.40689e+04	4.25107e-02	5.39972e-03	1.49306	2.60871	3.47100e-05
1.41155e+04	4.24797e-02	5.26711e-03	0.27348	2.68900	3.47100e-05
1.41620e+04	4.24504e-02	4.59363e-03	1.46544	4.36753	3.47100e-05
1.42086e+04	4.24650e-02	3.14544e-03	5.52855	1.09681	3.47100e-05
1.42552e+04	4.24577e-02	4.52150e-03	1.74708	3.83481	3.47100e-05
1.43018e+04	4.24329e-02	5.92081e-03	0.22837	2.35824	3.47100e-05
1.43484e+04	4.24125e-02	3.04498e-03	1.07652	2.63563	3.47100e-05
1.43950e+04	4.24312e-02	6.08692e-03	5.09804	3.78154	3.47100e-05
1.44416e+04	4.23916e-02	5.72983e-03	5.97259	5.86412	3.47100e-05
1.44881e+04	4.23623e-02	5.27732e-03	1.64615	4.71831	3.47100e-05
1.45347e+04	4.23447e-02	4.08276e-03	0.29241	4.77711	3.47100e-05
1.45767e+04	4.23269e-02	5.08343e-03	0.32531	0.39096	3.47100e-05
1.46232e+04	4.23266e-02	3.74406e-03	2.73424	4.50219	3.47100e-05
1.46698e+04	4.23147e-02	3.58063e-03	2.76363	2.57210	3.47100e-05
1.47164e+04	4.23078e-02	4.53649e-03	4.15453	3.43281	3.47100e-05
1.47630e+04	4.23214e-02	5.80673e-03	1.20249	0.09134	3.47100e-05
1.48096e+04	4.23269e-02	4.40419e-03	1.36350	3.93050	3.47100e-05
1.48562e+04	4.22913e-02	3.60194e-03	3.55671	3.61201	3.47100e-05
1.49028e+04	4.22676e-02	3.94436e-03	1.94426	5.00609	3.47100e-05
1.49493e+04	4.22234e-02	6.18260e-03	2.25021	2.48022	3.47100e-05
1.49959e+04	4.22889e-02	5.02804e-03	0.54397	6.10120	3.47100e-05
1.50425e+04	4.22600e-02	4.13358e-03	5.26877	0.81320	3.47100e-05
1.50891e+04	4.22274e-02	3.33403e-03	5.84192	3.83864	3.47100e-05
1.51357e+04	4.22060e-02	3.92767e-03	4.21198	0.92161	3.47100e-05
1.51823e+04	4.22322e-02	7.23387e-03	4.80789	6.08184	3.47100e-05
1.52289e+04	4.22012e-02	3.08440e-03	4.48366	3.17600	3.47100e-05
1.52754e+04	4.21858e-02	6.80340e-03	1.05615	1.35210	3.47100e-05
1.53220e+04	4.21863e-02	3.39554e-03	5.26481	1.91744	3.47100e-05
1.53686e+04	4.21352e-02	3.89489e-03	3.55265	6.25542	3.47100e-05
1.54152e+04	4.21420e-02	2.30999e-03	5.57237	4.80636	3.47100e-05
1.54618e+04	4.21513e-02	3.51724e-03	1.36217	0.59400	3.47100e-05
1.55084e+04	4.21178e-02	6.76551e-03	1.27721	3.09027	3.47100e-05
1.55550e+04	4.21354e-02	7.34782e-03	1.08530	3.01583	3.47100e-05
1.56015e+04	4.20802e-02	7.76678e-03	3.93167	4.34239	3.47100e-05
1.56481e+04	4.20822e-02	6.17101e-03	0.45099	2.94158	3.47100e-05
1.56947e+04	4.21250e-02	6.96289e-03	5.83799	3.40349	3.47100e-05
1.57413e+04	4.20440e-02	4.81886e-03	1.18116	5.00712	3.47100e-05
1.57879e+04	4.20627e-02	6.64539e-03	1.48766	5.46023	3.47100e-05
1.58345e+04	4.20655e-02	4.31374e-03	5.53370	0.11414	3.47100e-05
1.58811e+04	4.20530e-02	6.30717e-03	3.20808	5.09706	3.47100e-05
1.59276e+04	4.20151e-02	7.91167e-03	1.94409	0.21641	3.47100e-05
1.59742e+04	4.19884e-02	4.25687e-03	1.48876	4.64770	3.47100e-05
1.60208e+04	4.19900e-02	6.07450e-03	3.46393	4.34632	3.47100e-05
1.60674e+04	4.19886e-02	9.26269e-03	5.86115	1.24950	3.47100e-05
1.61140e+04	4.19714e-02	8.89060e-03	3.85569	0.25617	3.47100e-05
1.61606e+04	4.19636e-02	5.03591e-03	2.60453	2.49255	3.47100e-05
1.62072e+04	4.19746e-02	4.72377e-03	2.98207	0.66632	3.47100e-05
1.62537e+04	4.19686e-02	8.24077e-03	4.10862	1.83300	3.47100e-05
1.63003e+04	4.19145e-02	4.87023e-03	0.25391	5.81562	3.47100e-05
1.63469e+04	4.19301e-02	6.86469e-03	4.90738	5.36025	3.47100e-05
1.63935e+04	4.19146e-02	5.45610e-03	2.59935	2.81729	3.47100e-05
1.64401e+04	4.18880e-02	5.96840e-03	3.13578	1.81519	3.47100e-05
1.64867e+04	4.19099e-02	5.15172e-03	4.75326	3.20870	3.47100e-05
1.65333e+04	4.18849e-02	7.19895e-03	1.02483	1.72453	3.47100e-05
1.65798e+04	4.18402e-02	5.38980e-03	2.87502	4.43330	3.47100e-05
1.66264e+04	4.18794e-02	4.27668e-03	0.98707	2.38080	3.47100e-05
1.66730e+04	4.18723e-02	8.60172e-03	0.45687	3.03567	3.47100e-05
1.67196e+04	4.18451e-02	4.21076e-03	1.74213	5.63105	3.47100e-05
1.67662e+04	4.18271e-02	3.34831e-03	2.96483	5.87170	3.47100e-05
1.68128e+04	4.18220e-02	9.18255e-03	5.53752	2.43218	3.47100e-05
1.68594e+04	4.18349e-02	9.45460e-03	2.92100	1.74604	3.47100e-05
1.69059e+04	4.18130e-02	5.27974e-03	1.21105	3.98522	3.47100e-05
1.69525e+04	4.18449e-02	7.09105e-03	0.61200	2.65893	3.47100e-05
1.69991e+04	4.17807e-02	4.58473e-03	0.29159	4.99204	3.47100e-05
1.70457e+04	4.17674e-02	6.19745e-03	2.75947	2.33793	3.47100e-05
1.70923e+04	4.17816e-02	5.92182e-03	4.45714	4.05358	3.47100e-05
1.71389e+04	4.17465e-02	1.05101e-02	1.90020	1.39308	3.47100e-05
1.71855e+04	4.18006e-02	9.81705e-03	0.12908	1.93468	3.47100e-05
1.72320e+04	4.17101e-02	4.17960e-03	5.04148	5.76815	3.47100e-05
1.72786e+04	4.17320e-02	6.39667e-03	4.95616	5.94600	3.47100e-05
1.73252e+04	4.16977e-02	1.02818e-02	5.80848	2.79334	3.47100e-05
1.73718e+04	4.17645e-02	7.63716e-03	0.25037	3.38705	3.47100e-05
1.74184e+04	4.16812e-02	8.10110e-03	2.73829	6.18063	3.47100e-05
1.74650e+04	4.16699e-02	1.15850e-02	5.42582	6.21832	3.47100e-05
1.75116e+04	4.16781e-02	8.59941e-03	3.32296	2.25282	3.47100e-05
1.75581e+04	4.16841e-02	1.23945e-02	1.08458	2.17730	3.47100e-05
1.76047e+04	4.16782e-02	1.09252e-02	6.20442	4.71488	3.47100e-05
1.76513e+04	4.16394e-02	5.54790e-03	5.07057	4.72557	3.47100e-05
1.76979e+04	4.16163e-02	9.44431e-03	5.09669	1.21202	3.47100e-05
1.77445e+04	4.16235e-02	9.76930e-03	6.04519	0.35815	3.47100e-05
1.77911e+04	4.15971e-02	1.47069e-02	1.35473	2.77271	3.47100e-05
1.78377e+04	4.16133e-02	6.09036e-03	3.42568	2.11415	3.47100e-05
1.78842e+04	4.15681e-02	1.27141e-02	0.91204	3.65621	3.47100e-05
1.79308e+04	4.16015e-02	7.45709e-03	4.98197	2.21427	3.47100e-05
1.79774e+04	4.15818e-02	1.16561e-02	3.70518	3.73305	3.47100e-05
1.80240e+04	4.15569e-02	7.23290e-03	3.58173	1.54593	3.47100e-05
1.80706e+04	4.15498e-02	1.42541e-02	4.71429	1.88992	3.47100e-05
1.81172e+04	4.15891e-02	1.08179e-02	6.12952	5.59117	3.47100e-05
1.81638e+04	4.15062e-02	1.04194e-02	2.52795	5.57682	3.47100e-05
1.82103e+04	4.15180e-02	8.50062e-03	6.10053	2.10506	3.47100e-05
1.82569e+04	4.15290e-02	1.00445e-02	4.46322	1.37641	3.47100e-05
1.83035e+04	4.15180e-02	1.24908e-02	3.43559	3.84146	3.47100e-05
1.83501e+04	4.14683e-02	1.41113e-02	3.31773	2.65472	3.47100e-05
1.83967e+04	4.15054e-02	1.26930e-02	4.74975	3.86022	3.47100e-05
1.84433e+04	4.14651e-02	1.42695e-02	0.47862	1.79766	3.47100e-05
1.84899e+04	4.14324e-02	1.01632e-02	4.30775	1.68129	3.47100e-05
1.85364e+04	4.14657e-02	1.18287e-02	3.71251	3.64942	3.47100e-05
1.85830e+04	4.14469e-02	1.70822e-02	3.81418	2.07482	3.47100e-05
1.86296e+04	4.14314e-02	1.44243e-02	5.56983	2.66580	3.47100e-05
1.86762e+04	4.14377e-02	1.10778e-02	2.82009	5.18346	3.47100e-05
1.87228e+04	4.14569e-02	1.42912e-02	1.49915	3.85364	3.47100e-05
1.87694e+04	4.14195e-02	1.39242e-02	1.79712	4.60175	3.47100e-05
1.88160e+04	4.13943e-02	1.66329e-02	4.22143	0.63687	3.47100e-05
1.88625e+04	4.13796e-02	1.39066e-02	2.15130	4.99470	3.47100e-05
1.89091e+04	4.13714e-02	1.82592e-02	2.29792	4.55396	3.47100e-05
1.89557e+04	4.13288e-02	1.05776e-02	3.02288	0.81088	3.47100e-05
1.90023e+04	4.13662e-02	1.81554e-02	0.59300	4.15831	3.47100e-05
1.90489e+04	4.13314e-02	1.65920e-02	6.11766	3.18739	3.47100e-05
1.90955e+04	4.13465e-02	1.58066e-02	0.99818	3.96389	3.47100e-05
1.91421e+04	4.13232e-02	1.38017e-02	4.67354	5.93469	3.47100e-05
1.91886e+04	4.13165e-02	1.70230e-02	4.24467	3.38003	3.47100e-05
1.92352e+04	4.13199e-02	1.62564e-02	0.05921	1.88015	3.47100e-05
1.92818e+04	4.12989e-02	1.24960e-02	3.53174	2.75564	3.47100e-05
1.93284e+04	4.12520e-02	2.46286e-02	1.31474	0.38366	3.47100e-05
1.93750e+04	4.12370e-02	1.85365e-02	1.23087	5.78574	3.47100e-05
1.94216e+04	4.12447e-02	1.94700e-02	3.85810	5.91737	3.47100e-05
1.94682e+04	4.12379e-02	2.33924e-02	2.54274	1.09617	3.47100e-05
1.95147e+04	4.12453e-02	2.08621e-02	3.22167	4.15307	3.47100e-05
1.95613e+04	4.12344e-02	2.31360e-02	6.21756	2.24535	3.47100e-05
1.96079e+04	4.12356e-02	2.22843e-02	5.51093	1.45666	3.47100e-05
1.96545e+04	4.12237e-02	2.27600e-02	0.92768	1.85909	3.47100e-05
1.97011e+04	4.12009e-02	2.34604e-02	5.07325	3.42502	3.47100e-05
1.97477e+04	4.11850e-02	2.19620e-02	5.60704	5.94343	3.47100e-05
1.97943e+04	4.11720e-02	2.38472e-02	1.80794	3.83987	3.47100e-05
1.98408e+04	4.11947e-02	2.01559e-02	1.97284	1.49434	3.47100e-05
1.98874e+04	4.11791e-02	2.18584e-02	4.28527	0.49814	3.47100e-05
1.99340e+04	4.11529e-02	2.44401e-02	3.20221	0.29483	3.47100e-05
1.99806e+04	4.11349e-02	2.33120e-02	5.35404	0.66321	3.47100e-05
2.00272e+04	4.11561e-02	2.26000e-02	4.38768	1.49387	3.47100e-05
2.00738e+04	4.11225e-02	2.57917e-02	0.85894	2.18648	3.47100e-05
2.01203e+04	4.11473e-02	2.57890e-02	0.81243	3.18389	3.47100e-05
2.01669e+04	4.10984e-02	2.02700e-02	3.49037	4.97648	3.47100e-05
2.02135e+04	4.10695e-02	1.78045e-02	2.73925	1.40953	3.47100e-05
2.02601e+04	4.11176e-02	2.21799e-02	5.64467	4.05987	3.47100e-05
2.03067e+04	4.10628e-02	2.26639e-02	5.54566	0.93027	3.47100e-05
2.03533e+04	4.11075e-02	2.44840e-02	2.02623	4.91725	3.47100e-05
2.03999e+04	4.10717e-02	2.42798e-02	2.06566	2.62709	3.47100e-05
2.04464e+04	4.10465e-02	2.27308e-02	4.91558	1.19558	3.47100e-05
2.04930e+04	4.10511e-02	2.39893e-02	4.42164	0.49417	3.47100e-05
2.05396e+04	4.10148e-02	2.65873e-02	1.36581	6.09019	3.47100e-05
2.05862e+04	4.10126e-02	2.15185e-02	1.03328	6.16238	3.47100e-05
2.06328e+04	4.10209e-02	2.78472e-02	4.11800	0.44204	3.47100e-05
2.06794e+04	4.10066e-02	2.34750e-02	4.21910	1.20916	3.47100e-05
2.07260e+04	4.10093e-02	2.99845e-02	1.10883	2.68424	3.47100e-05
2.07725e+04	4.09750e-02	2.48304e-02	1.37259	4.30502	3.47100e-05
2.08191e+04	4.09879e-02	2.84694e-02	5.19587	6.22188	3.47100e-05
2.08657e+04	4.09767e-02	1.88743e-02	5.33046	2.72299	3.47100e-05
2.09123e+04	4.09468e-02	2.91037e-02	3.14384	5.36834	3.47100e-05
2.09589e+04	4.09254e-02	2.50135e-02	4.12028	2.23061	3.47100e-05
2.10055e+04	4.09424e-02	2.76183e-02	1.82748	5.93373	3.47100e-05
2.10521e+04	4.09186e-02	2.01875e-02	3.06799	3.49426	3.47100e-05
2.10986e+04	4.09022e-02	2.91035e-02	1.56482	1.28133	3.47100e-05
2.11452e+04	4.09240e-02	2.62045e-02	3.03403	5.99449	3.47100e-05
2.11918e+04	4.09101e-02	2.48055e-02	2.08569	4.23473	3.47100e-05
2.12384e+04	4.09006e-02	3.03520e-02	4.08903	3.14965	3.47100e-05
2.12850e+04	4.08588e-02	2.89636e-02	3.19101	2.37721	3.47100e-05
2.13316e+04	4.09116e-02	2.73717e-02	5.77502	1.79670	3.47100e-05
2.13782e+04	4.08798e-02	2.47842e-02	5.57795	1.37256	3.47100e-05
2.14247e+04	4.08706e-02	2.78027e-02	2.36715	1.31993	3.47100e-05
2.14713e+04	4.08505e-02	2.62213e-02	2.58303	1.54209	3.47100e-05
2.15179e+04	4.08526e-02	2.83366e-02	0.09021	1.86738	3.47100e-05
2.15645e+04	4.08452e-02	2.53334e-02	1.02054	2.36055	3.47100e-05
2.16111e+04	4.08089e-02	2.54492e-02	5.58499	2.96981	3.47100e-05
2.16577e+04	4.08115e-02	2.25986e-02	0.69498	4.05940	3.47100e-05
2.17043e+04	4.07914e-02	2.25030e-02	5.61461	5.25739	3.47100e-05
2.17508e+04	4.07830e-02	2.63937e-02	1.49527	0.35726	3.47100e-05
2.17974e+04	4.07995e-02	3.10124e-02	0.85821	1.89108	3.47100e-05
2.18440e+04	4.07522e-02	3.30817e-02	3.72874	3.53611	3.47100e-05
2.18906e+04	4.07584e-02	2.57581e-02	3.54505	5.48974	3.47100e-05
2.19372e+04	4.07461e-02	2.71633e-02	0.24089	1.67504	3.47100e-05
2.19838e+04	4.07415e-02	3.15825e-02	0.76174	3.97929	3.47100e-05
2.20304e+04	4.07425e-02	2.92663e-02	4.80511	0.09111	3.47100e-05
2.20769e+04	4.07069e-02	2.50088e-02	5.42195	3.15214	3.47100e-05
2.21235e+04	4.07268e-02	3.42682e-02	3.75790	6.01520	3.47100e-05
2.21701e+04	4.06876e-02	2.60547e-02	5.47063	2.73653	3.47100e-05
2.22167e+04	4.07041e-02	2.85679e-02	3.97642	6.27364	3.47100e-05
2.22633e+04	4.06954e-02	2.99487e-02	0.39123	3.09328	3.47100e-05
2.23099e+04	4.06812e-02	2.72670e-02	6.22477	0.24452	3.47100e-05
2.23565e+04	4.06686e-02	2.88001e-02	3.16772	3.74051	3.47100e-05
2.24030e+04	4.06703e-02	2.91357e-02	3.62945	1.01156	3.47100e-05
2.24496e+04	4.06458e-02	2.86638e-02	1.22125	4.82310	3.47100e-05
2.24962e+04	4.06339e-02	2.99833e-02	2.19345	2.51007	3.47100e-05
2.25428e+04	4.06507e-02	2.73646e-02	0.43498	0.31203	3.47100e-05
2.25894e+04	4.06216e-02	3.30407e-02	2.17940	4.54992	3.47100e-05
2.26360e+04	4.06194e-02	2.57547e-02	1.06528	2.70005	3.47100e-05
2.26826e+04	4.05883e-02	3.16884e-02	3.53678	0.84133	3.47100e-05
2.27291e+04	4.05743e-02	3.10747e-02	3.06575	5.60183	3.47100e-05
2.27757e+04	4.05689e-02	2.66004e-02	6.26887	3.95327	3.47100e-05
2.28223e+04	4.05860e-02	3.24027e-02	0.44245	2.52432	3.47100e-05
2.28689e+04	4.05747e-02	2.93509e-02	4.20684	1.30444	3.47100e-05
2.29155e+04	4.05728e-02	3.12134e-02	5.38151	0.12247	3.47100e-05
2.29621e+04	4.05669e-02	2.64190e-02	3.81260	5.27892	3.47100e-05
2.30087e+04	4.05394e-02	3.01235e-02	5.77156	4.21582	3.47100e-05
2.30552e+04	4.05233e-02	3.40124e-02	4.89697	3.41797	3.47100e-05
2.31018e+04	4.05113e-02	2.89422e-02	1.12127	2.76256	3.47100e-05
2.31484e+04	4.05083e-02	2.91396e-02	1.29999	1.84574	3.47100e-05
2.31950e+04	4.05165e-02	2.83365e-02	4.83586	1.22501	3.47100e-05
2.32416e+04	4.04970e-02	3.00069e-02	5.56850	0.66959	3.47100e-05
2.32882e+04	4.04895e-02	3.21281e-02	3.75992	0.07633	3.47100e-05
2.33348e+04	4.04955e-02	3.29132e-02	5.28296	6.06434	3.47100e-05
2.33813e+04	4.04664e-02	3.05697e-02	4.18128	5.68408	3.47100e-05
2.34279e+04	4.04541e-02	2.93853e-02	0.51614	5.24732	3.47100e-05
2.34745e+04	4.04486e-02	2.98152e-02	0.21820	5.08391	3.47100e-05
2.35211e+04	4.04367e-02	3.01714e-02	3.51818	4.92636	3.47100e-05
2.35677e+04	4.04105e-02	2.80308e-02	4.09528	4.83564	3.47100e-05
2.36143e+04	4.04114e-02	3.12568e-02	1.86889	4.96346	3.47100e-05
2.36609e+04	4.04136e-02	3.17338e-02	3.12883	5.22008	3.47100e-05
2.37074e+04	4.04108e-02	3.01649e-02	1.73763	5.43178	3.47100e-05
2.37540e+04	4.03971e-02	3.04922e-02	3.96246	5.64940	3.47100e-05
2.38006e+04	4.03980e-02	3.22594e-02	3.49830	5.93982	3.47100e-05
2.38472e+04	4.03786e-02	3.31733e-02	0.37484	6.28243	3.47100e-05
2.38938e+04	4.03777e-02	3.19916e-02	1.01853	0.26499	3.47100e-05
2.39404e+04	4.03737e-02	3.20127e-02	5.71295	0.29848	3.47100e-05
2.39870e+04	4.03232e-02	1.89420e-02	0.99012	0.35331	3.47100e-05
2.40335e+04	4.02885e-02	2.66073e-02	0.47244	6.07931	3.47100e-05
2.40801e+04	4.02770e-02	9.31829e-03	6.22127	2.80079	3.47100e-05
2.41267e+04	4.02855e-02	2.27494e-02	0.30797	1.71840	3.47100e-05
2.41733e+04	4.02819e-02	1.51692e-02	4.87947	3.97124	3.47100e-05
2.42199e+04	4.02858e-02	1.97122e-02	5.03970	2.10800	3.47100e-05
2.42665e+04	4.02568e-02	1.56274e-02	3.06355	1.91897	3.47100e-05
2.43131e+04	4.02633e-02	3.16271e-02	5.94418	3.03162	3.47100e-05
2.43596e+04	4.02381e-02	7.51752e-03	2.91178	5.33210	3.47100e-05
2.44062e+04	4.02272e-02	3.36790e-02	2.53353	2.23626	3.47100e-05
2.44528e+04	4.02655e-02	3.36586e-02	3.45324	2.74387	3.47100e-05
2.44994e+04	4.02435e-02	3.56876e-02	1.61571	2.73021	3.47100e-05
2.45460e+04	4.02621e-02	1.81159e-02	1.83017	4.91148	3.47100e-05
2.45926e+04	4.02451e-02	2.63035e-02	3.12969	1.69766	3.47100e-05
2.46392e+04	4.01969e-02	3.14795e-02	5.34292	0.64891	3.47100e-05
2.46857e+04	4.02224e-02	2.15141e-02	4.83929	4.60035	3.47100e-05
2.47323e+04	4.02012e-02	3.59338e-02	3.42402	0.79357	3.47100e-05
2.47789e+04	4.02421e-02	2.81001e-02	1.97364	2.63818	3.47100e-05
2.48255e+04	4.02154e-02	2.46371e-02	2.93014	4.75391	3.47100e-05
2.48721e+04	4.01882e-02	3.49511e-02	5.03758	1.97504	3.47100e-05
2.49187e+04	4.01631e-02	3.25628e-02	3.76703	0.13437	3.47100e-05
2.49653e+04	4.02276e-02	3.90863e-02	4.50034	1.93826	3.47100e-05
2.50118e+04	4.01764e-02	2.72286e-02	2.53006	3.51430	3.47100e-05
2.50584e+04	4.01630e-02	4.60530e-02	6.03654	0.74096	3.47100e-05
2.51050e+04	4.01796e-02	2.81580e-02	4.73496	4.44788	3.47100e-05
2.51516e+04	4.02070e-02	4.18970e-02	0.33984	5.25435	3.47100e-05
2.51982e+04	4.01914e-02	4.03975e-02	6.03570	6.06565	3.47100e-05
2.52448e+04	4.01495e-02	5.39505e-02	4.41500	1.25173	3.47100e-05
2.52914e+04	4.01449e-02	4.46311e-02	1.37985	2.24763	3.47100e-05
2.53379e+04	4.01260e-02	3.77701e-02	2.38463	5.57845	3.47100e-05
2.53845e+04	4.01664e-02	5.28927e-02	3.57678	2.37689	3.47100e-05
2.54311e+04	4.01340e-02	4.31978e-02	0.93032	5.10399	3.47100e-05
2.54777e+04	4.01386e-02	5.73197e-02	4.09982	2.42795	3.47100e-05
2.55243e+04	4.01515e-02	4.27764e-02	1.39813	6.16491	3.47100e-05
2.55709e+04	4.01295e-02	4.41833e-02	4.17710	5.72785	3.47100e-05
2.56175e+04	4.01232e-02	3.77049e-02	2.52861	5.38281	3.47100e-05
2.56640e+04	4.01514e-02	5.47962e-02	1.71644	5.77772	3.47100e-05
2.57106e+04	4.01187e-02	4.47096e-02	2.97065	5.56645	3.47100e-05
2.57572e+04	4.01066e-02	6.55106e-02	1.18386	1.75562	3.47100e-05
2.58038e+04	4.01257e-02	4.27965e-02	1.62745	4.57625	3.47100e-05
2.58504e+04	4.00977e-02	5.40779e-02	3.22329	1.70113	3.47100e-05
2.58970e+04	4.01415e-02	4.28612e-02	4.52203	5.87829	3.47100e-05
2.59436e+04	4.01272e-02	5.89882e-02	3.98720	2.75422	3.47100e-05
2.59901e+04	4.01362e-02	6.16853e-02	3.69397	0.96081	3.47100e-05
2.60367e+04	4.01507e-02	5.22386e-02	0.87036	5.74861	3.47100e-05
2.60833e+04	4.01083e-02	5.84027e-02	0.08156	3.87630	3.47100e-05
2.61299e+04	4.00596e-02	5.79987e-02	1.70750	2.23771	3.47100e-05
2.61765e+04	4.01088e-02	5.07528e-02	4.07786	1.04730	3.47100e-05
2.62231e+04	4.00953e-02	6.02378e-02	5.60241	0.91116	3.47100e-05
2.62697e+04	4.01002e-02	6.25407e-02	3.51341	0.66349	3.47100e-05
2.63162e+04	4.01007e-02	5.16539e-02	0.89972	0.84766	3.47100e-05
2.63628e+04	4.01032e-02	5.11167e-02	5.75848	1.12685	3.47100e-05
2.64094e+04	4.01300e-02	5.47654e-02	5.88457	1.41437	3.47100e-05
2.64560e+04	4.00646e-02	5.80914e-02	2.46940	1.00416	3.47100e-05
2.65026e+04	4.00959e-02	6.66153e-02	6.15035	1.55209	3.47100e-05
2.65492e+04	4.00875e-02	6.71808e-02	4.64171	2.05757	3.47100e-05
2.65958e+04	4.00739e-02	5.32804e-02	6.25518	2.23636	3.47100e-05
2.66423e+04	4.00809e-02	6.37854e-02	3.17731	2.61418	3.47100e-05
2.66889e+04	4.00513e-02	6.66557e-02	0.03687	3.80171	3.47100e-05
2.67355e+04	4.00610e-02	7.41469e-02	4.16315	5.52258	3.47100e-05
2.67821e+04	4.00724e-02	6.12765e-02	6.14481	0.70658	3.47100e-05
2.68287e+04	4.01137e-02	6.71642e-02	5.56392	2.87581	3.47100e-05
2.68753e+04	4.00908e-02	6.82945e-02	2.05196	4.26870	3.47100e-05
2.69219e+04	4.00808e-02	6.50518e-02	5.14980	5.10879	3.47100e-05
2.69684e+04	4.00342e-02	6.57472e-02	3.47781	0.65732	3.47100e-05
2.70150e+04	4.00656e-02	6.74279e-02	4.83083	1.40588	3.47100e-05
2.70616e+04	4.00850e-02	8.06376e-02	5.83783	1.53948	3.47100e-05
2.71082e+04	4.00316e-02	6.73611e-02	1.43115	2.48687	3.47100e-05
2.71548e+04	4.00502e-02	6.08467e-02	1.59320	4.70865	3.47100e-05
2.72014e+04	4.00565e-02	6.67451e-02	3.22041	5.85879	3.47100e-05
2.72480e+04	4.00399e-02	7.22954e-02	0.44128	1.72713	3.47100e-05
2.72945e+04	4.00386e-02	7.88382e-02	4.77923	3.36416	3.47100e-05
2.73411e+04	4.00085e-02	5.65763e-02	2.73954	4.78976	3.47100e-05
2.73877e+04	4.00376e-02	7.08259e-02	1.51318	1.17955	3.47100e-05
2.74343e+04	4.00095e-02	6.29458e-02	3.62709	1.38455	3.47100e-05
2.74809e+04	4.00071e-02	7.60658e-02	1.58222	4.86504	3.47100e-05
2.75275e+04	4.00003e-02	6.55626e-02	4.60924	1.32712	3.47100e-05
2.75741e+04	4.00188e-02	7.13345e-02	3.27916	4.41508	3.47100e-05
2.76206e+04	3.99883e-02	6.98530e-02	3.19273	0.82828	3.47100e-05
2.76672e+04	4.00079e-02	7.87851e-02	1.80254	4.53366	3.47100e-05
2.77138e+04	4.00167e-02	7.45701e-02	5.12056	5.47972	3.47100e-05
2.77604e+04	3.99967e-02	6.92056e-02	0.33552	2.52462	3.47100e-05
2.78070e+04	4.00068e-02	7.56757e-02	5.84038	3.62129	3.47100e-05
2.78536e+04	3.99961e-02	4.52053e-02	6.26902	5.22337	3.47100e-05
2.79002e+04	4.00074e-02	8.47977e-02	4.56412	1.88293	3.47100e-05
2.79467e+04	3.99816e-02	8.19967e-02	0.61342	3.00848	3.47100e-05
2.79933e+04	3.99792e-02	5.76513e-02	4.09711	5.48519	3.47100e-05
2.80399e+04	4.00117e-02	7.89046e-02	1.85882	2.33515	3.47100e-05
2.80865e+04	3.99312e-02	6.74666e-02	1.17168	4.97138	3.47100e-05
2.81331e+04	3.99879e-02	6.49707e-02	2.61656	0.96185	3.47100e-05
2.81797e+04	3.99555e-02	7.42911e-02	4.88883	3.38815	3.47100e-05
2.82263e+04	3.99774e-02	7.29265e-02	1.39088	6.01640	3.47100e-05
2.82728e+04	3.99744e-02	6.85565e-02	5.49767	2.93630	3.47100e-05
2.83194e+04	3.99724e-02	8.40445e-02	5.84864	5.48464	3.47100e-05
2.83660e+04	3.99310e-02	6.30997e-02	4.79218	2.74632	3.47100e-05
2.84126e+04	3.99270e-02	8.73887e-02	0.29473	5.15791	3.47100e-05
2.84592e+04	3.99570e-02	6.40975e-02	2.27686	2.04699	3.47100e-05
2.85058e+04	3.99867e-02	6.17603e-02	0.17625	3.11563	3.47100e-05
2.85524e+04	3.99627e-02	6.36577e-02	6.03786	5.03171	3.47100e-05
2.85989e+04	3.99422e-02	7.64302e-02	4.54147	2.66698	3.47100e-05
2.86455e+04	3.99770e-02	7.13562e-02	5.50754	5.87557	3.47100e-05
2.86921e+04	3.98944e-02	7.53903e-02	1.78519	2.65196	3.47100e-05
2.87387e+04	3.99731e-02	6.70462e-02	5.38064	5.64500	3.47100e-05
2.87853e+04	3.99441e-02	7.95604e-02	3.97843	2.81549	3.47100e-05
2.88319e+04	3.99202e-02	6.77506e-02	3.80059	6.07909	3.47100e-05
2.88785e+04	3.99236e-02	8.52788e-02	4.22655	3.95510	3.47100e-05
2.89250e+04	3.99431e-02	6.80504e-02	0.82643	1.12540	3.47100e-05
2.89716e+04	3.99202e-02	8.81243e-02	4.46106	4.67581	3.47100e-05
2.90182e+04	3.99085e-02	6.21412e-02	3.10314	2.23063	3.47100e-05
2.90648e+04	3.99251e-02	8.78410e-02	3.81129	5.78170	3.47100e-05
2.91114e+04	3.99095e-02	6.25645e-02	5.16473	3.31754	3.47100e-05
2.91580e+04	3.98990e-02	8.15242e-02	1.67918	0.92491	3.47100e-05
2.92046e+04	3.99216e-02	7.75805e-02	5.64582	5.06750	3.47100e-05
2.92511e+04	3.99180e-02	8.29773e-02	5.03557	2.06272	3.47100e-05
2.92977e+04	3.99137e-02	5.85961e-02	5.59273	3.71379	3.47100e-05
2.93443e+04	3.99252e-02	7.39050e-02	2.62052	2.87549	3.47100e-05
2.93909e+04	3.98725e-02	6.23065e-02	5.66772	4.79378	3.47100e-05
2.94375e+04	3.98997e-02	5.28221e-02	2.96841	0.29795	3.47100e-05
2.94841e+04	3.99010e-02	6.04916e-02	4.21627	5.36063	3.47100e-05
2.95307e+04	3.98930e-02	6.07798e-02	3.54430	1.26495	3.47100e-05
2.95772e+04	3.98987e-02	4.81524e-02	6.12160	1.10712	3.47100e-05
2.96238e+04	3.98701e-02	5.82981e-02	3.35522	1.27539	3.47100e-05
2.96704e+04	3.99089e-02	5.10358e-02	0.45586	2.86845	3.47100e-05
2.97170e+04	3.99059e-02	5.80989e-02	1.21216	1.69218	3.47100e-05
2.97636e+04	3.98723e-02	5.98330e-02	0.16418	3.67061	3.47100e-05
2.98102e+04	3.98719e-02	5.76698e-02	2.87055	2.82566	3.47100e-05
2.98568e+04	3.98513e-02	6.21129e-02	5.26100	3.97402	3.47100e-05
2.99033e+04	3.98677e-02	4.86749e-02	2.89961	4.29600	3.47100e-05
2.99499e+04	3.98754e-02	6.20068e-02	2.01905	4.31661	3.47100e-05
2.99965e+04	3.98526e-02	5.25850e-02	1.67737	5.73341	3.47100e-05
3.00431e+04	3.98596e-02	6.01890e-02	3.33619	5.04771	3.47100e-05
3.00897e+04	3.98548e-02	5.88294e-02	5.04294	0.45652	3.47100e-05
3.01363e+04	3.98249e-02	5.48392e-02	2.99724	6.19520	3.47100e-05
3.01829e+04	3.98747e-02	5.74683e-02	0.76176	1.30456	3.47100e-05
3.02294e+04	3.98906e-02	5.19199e-02	0.56407	1.51345	3.47100e-05
3.02760e+04	3.98206e-02	6.19622e-02	1.23474	2.20177	3.47100e-05
3.03226e+04	3.98315e-02	5.71236e-02	2.68824	3.21560	3.47100e-05
3.03692e+04	3.98516e-02	6.45669e-02	0.17971	3.22607	3.47100e-05
3.04158e+04	3.98080e-02	5.63992e-02	3.58204	4.73683	3.47100e-05
3.04624e+04	3.98189e-02	6.09034e-02	3.42111	4.46008	3.47100e-05
3.05090e+04	3.98584e-02	6.77644e-02	2.90291	6.23599	3.47100e-05
3.05555e+04	3.98052e-02	6.52154e-02	5.10616	5.95582	3.47100e-05
3.06021e+04	3.98319e-02	6.90011e-02	0.72775	1.42354	3.47100e-05
3.06487e+04	3.98639e-02	6.66887e-02	5.03453	1.43440	3.47100e-05
3.06953e+04	3.97775e-02	7.38370e-02	3.44452	2.92746	3.47100e-05
3.07419e+04	3.98398e-02	6.89759e-02	3.36212	3.40678	3.47100e-05
3.07885e+04	3.98105e-02	7.46242e-02	4.22033	4.48850	3.47100e-05
3.08351e+04	3.98152e-02	6.67305e-02	0.30728	5.49680	3.47100e-05
3.08816e+04	3.98162e-02	6.71260e-02	3.68301	6.23699	3.47100e-05
3.09282e+04	3.98046e-02	6.20035e-02	1.34805	1.55627	3.47100e-05
3.09748e+04	3.98289e-02	6.65277e-02	1.41329	1.94531	3.47100e-05
3.10214e+04	3.97694e-02	5.98775e-02	1.25546	3.94859	3.47100e-05
3.10680e+04	3.98356e-02	5.93752e-02	3.49763	4.24848	3.47100e-05
3.11146e+04	3.97891e-02	7.32177e-02	5.71937	0.02793	3.47100e-05
3.11612e+04	3.98154e-02	6.48939e-02	4.34417	0.40636	3.47100e-05
3.12077e+04	3.97405e-02	7.43482e-02	2.65105	2.33709	3.47100e-05
3.12543e+04	3.98300e-02	6.63379e-02	3.20035	3.05178	3.47100e-05
3.13009e+04	3.97662e-02	7.39550e-02	4.28782	4.76776	3.47100e-05
3.13475e+04	3.98070e-02	5.73522e-02	0.81988	5.91593	3.47100e-05
3.13941e+04	3.97477e-02	6.62319e-02	4.17239	1.18052	3.47100e-05
3.14407e+04	3.97677e-02	6.31502e-02	2.58225	2.85835	3.47100e-05
3.14873e+04	3.97826e-02	7.33294e-02	2.69561	3.98146	3.47100e-05
3.15338e+04	3.97474e-02	6.75659e-02	3.55856	5.88436	3.47100e-05
3.15804e+04	3.97665e-02	7.20837e-02	5.80190	0.57450	3.47100e-05
3.16270e+04	3.97798e-02	6.41541e-02	2.55768	2.76611	3.47100e-05
3.16736e+04	3.97522e-02	6.44969e-02	1.12795	3.81867	3.47100e-05
3.17202e+04	3.97782e-02	6.87731e-02	0.21635	6.06034	3.47100e-05
3.17668e+04	3.97377e-02	6.71069e-02	1.13145	1.05040	3.47100e-05
3.18134e+04	3.97034e-02	7.38776e-02	2.74438	2.92451	3.47100e-05
3.18599e+04	3.97932e-02	6.58131e-02	5.70349	4.59827	3.47100e-05
3.19065e+04	3.97636e-02	6.93667e-02	4.02435	6.27687	3.47100e-05
3.19531e+04	3.96982e-02	6.46450e-02	2.74618	2.15959	3.47100e-05
3.19997e+04	3.97262e-02	7.12263e-02	3.31496	3.57787	3.47100e-05
3.20463e+04	3.97495e-02	7.04634e-02	4.40432	5.90139	3.47100e-05
3.20929e+04	3.97267e-02	6.94154e-02	1.52382	0.91266	3.47100e-05
3.21395e+04	3.97163e-02	6.80988e-02	4.76902	3.62696	3.47100e-05
3.21860e+04	3.97109e-02	6.72289e-02	4.15719	5.00463	3.47100e-05
3.22326e+04	3.97201e-02	7.55062e-02	3.71585	1.24221	3.47100e-05
3.22792e+04	3.96964e-02	6.46350e-02	5.40627	2.79706	3.47100e-05
3.23258e+04	3.96962e-02	7.05452e-02	1.12619	5.35170	3.47100e-05
3.23724e+04	3.97342e-02	6.81935e-02	5.00302	1.08933	3.47100e-05
3.24190e+04	3.97136e-02	7.69316e-02	3.71427	3.14960	3.47100e-05
3.24656e+04	3.96953e-02	6.18210e-02	3.32202	5.52175	3.47100e-05
3.25121e+04	3.97270e-02	7.10043e-02	4.36400	1.21156	3.47100e-05
3.25587e+04	3.97419e-02	7.18541e-02	0.06712	3.87176	3.47100e-05
3.26053e+04	3.96748e-02	7.65844e-02	4.09927	5.58130	3.47100e-05
3.26519e+04	3.96803e-02	6.70667e-02	1.92655	2.17388	3.47100e-05
3.26985e+04	3.97068e-02	6.72257e-02	1.84967	4.01520	3.47100e-05
3.27451e+04	3.97160e-02	7.46706e-02	2.26894	0.52586	3.47100e-05
3.27917e+04	3.97088e-02	6.56082e-02	4.78902	2.47765	3.47100e-05
3.28382e+04	3.96527e-02	7.37032e-02	1.33618	5.29116	3.47100e-05
3.28848e+04	3.96624e-02	7.08263e-02	5.98329	1.28181	3.47100e-05
3.29314e+04	3.96617e-02	7.67854e-02	5.37623	3.71492	3.47100e-05
3.29780e+04	3.96828e-02	6.63331e-02	5.81159	0.17148	3.47100e-05
3.30246e+04	3.96763e-02	7.59137e-02	1.63292	2.44077	3.47100e-05
3.30712e+04	3.96920e-02	7.01417e-02	4.39959	5.32782	3.47100e-05
3.31178e+04	3.96616e-02	6.84512e-02	2.76961	1.26441	3.47100e-05
3.31643e+04	3.96675e-02	7.51019e-02	1.56752	4.35631	3.47100e-05
3.32109e+04	3.96500e-02	7.10705e-02	2.45060	0.28082	3.47100e-05
3.32575e+04	3.96308e-02	7.21481e-02	3.82306	3.37097	3.47100e-05
3.33041e+04	3.96717e-02	7.14320e-02	0.57875	5.91645	3.47100e-05
3.33507e+04	3.96781e-02	7.23138e-02	4.78541	2.41909	3.47100e-05
3.33973e+04	3.96671e-02	6.80396e-02	3.62468	5.37524	3.47100e-05
3.34439e+04	3.96999e-02	7.43486e-02	4.20578	1.73227	3.47100e-05
3.34904e+04	3.97223e-02	7.11651e-02	5.67210	4.79387	3.47100e-05
3.35370e+04	3.96639e-02	7.22111e-02	2.47131	1.15981	3.47100e-05
3.35836e+04	3.96621e-02	7.37096e-02	0.17187	4.31291	3.47100e-05
3.36302e+04	3.96592e-02	7.03846e-02	5.63602	0.64516	3.47100e-05
3.36768e+04	3.96295e-02	7.30487e-02	5.66051	3.93647	3.47100e-05
3.37234e+04	3.96351e-02	7.23815e-02	1.02975	0.29336	3.47100e-05
3.37700e+04	3.96345e-02	7.17462e-02	3.54982	3.54288	3.47100e-05
3.38165e+04	3.96418e-02	7.36430e-02	1.41670	0.12062	3.47100e-05
3.38631e+04	3.96594e-02	7.60213e-02	0.31457	3.14932	3.47100e-05
3.39097e+04	3.96677e-02	7.20372e-02	0.47945	0.08096	3.47100e-05
3.39563e+04	3.96696e-02	7.79399e-02	2.15359	2.86383	3.47100e-05
3.40029e+04	3.96396e-02	7.08771e-02	4.58169	0.06538	3.47100e-05
3.40495e+04	3.96104e-02	7.53400e-02	2.61816	2.79565	3.47100e-05
3.40961e+04	3.95670e-02	7.46313e-02	1.25583	0.01848	3.47100e-05
3.41426e+04	3.95469e-02	7.15511e-02	1.73027	2.95819	3.47100e-05
3.41892e+04	3.95619e-02	7.62433e-02	3.20701	6.23129	3.47100e-05
3.42358e+04	3.96034e-02	7.05621e-02	5.73183	3.29268	3.47100e-05
3.42824e+04	3.96239e-02	7.52634e-02	3.57944	0.02489	3.47100e-05
3.43290e+04	3.96144e-02	7.29193e-02	2.13942	3.59047	3.47100e-05
3.43756e+04	3.95803e-02	7.65652e-02	2.59797	0.31339	3.47100e-05
3.44221e+04	3.95712e-02	7.25925e-02	3.92786	3.87098	3.47100e-05
3.44687e+04	3.95715e-02	7.67749e-02	0.48967	0.71807	3.47100e-05
3.45153e+04	3.95519e-02	7.53208e-02	4.50602	4.27286	3.47100e-05
3.45619e+04	3.95476e-02	7.57651e-02	3.70044	1.23390	3.47100e-05
3.46085e+04	3.95984e-02	7.82637e-02	3.89169	4.70673	3.47100e-05
3.46551e+04	3.95951e-02	7.01125e-02	5.34695	1.86639	3.47100e-05
3.47017e+04	3.95919e-02	8.01846e-02	1.87436	5.16999	3.47100e-05
3.47482e+04	3.95741e-02	7.32856e-02	5.75586	2.60493	3.47100e-05
3.47948e+04	3.95329e-02	7.54827e-02	5.12370	5.78712	3.47100e-05
3.48414e+04	3.95403e-02	7.55041e-02	5.21290	3.29908	3.47100e-05
3.48880e+04	3.95691e-02	7.50462e-02	0.67885	0.35675	3.47100e-05
3.49346e+04	3.95817e-02	7.26063e-02	3.40218	3.98043	3.47100e-05
3.49812e+04	3.95207e-02	7.65699e-02	1.08372	1.27240	3.47100e-05
3.50278e+04	3.95021e-02	7.59213e-02	0.45673	4.79078	3.47100e-05
3.50743e+04	3.95492e-02	7.37442e-02	0.82733	2.22660	3.47100e-05
3.51209e+04	3.95397e-02	7.78087e-02	2.54316	5.66366	3.47100e-05
3.51675e+04	3.95403e-02	7.46812e-02	5.25064	3.27205	3.47100e-05
3.52141e+04	3.95016e-02	7.45839e-02	3.50610	0.33969	3.47100e-05
3.52607e+04	3.95071e-02	7.93975e-02	2.61980	4.30080	3.47100e-05
3.53073e+04	3.95795e-02	7.19583e-02	3.22032	1.55811	3.47100e-05
3.53539e+04	3.95112e-02	7.81967e-02	4.92962	5.31960	3.47100e-05
3.54004e+04	3.94978e-02	7.54095e-02	1.77540	2.82149	3.47100e-05
3.54470e+04	3.94878e-02	7.72735e-02	6.27736	0.21674	3.47100e-05
3.54936e+04	3.95505e-02	7.48719e-02	5.58017	4.09733	3.47100e-05
3.55402e+04	3.95113e-02	7.83626e-02	6.19050	1.46663	3.47100e-05
3.55868e+04	3.94766e-02	7.71150e-02	1.89377	5.46309	3.47100e-05
3.56334e+04	3.95478e-02	7.52100e-02	5.39046	2.81229	3.47100e-05
3.56800e+04	3.95318e-02	7.92842e-02	3.37669	0.50799	3.47100e-05
3.57265e+04	3.94930e-02	7.60817e-02	2.95046	4.37514	3.47100e-05
3.57731e+04	3.94660e-02	7.74237e-02	4.02140	1.85571	3.47100e-05
3.58197e+04	3.95518e-02	7.84926e-02	6.01289	5.91931	3.47100e-05
3.58663e+04	3.95059e-02	7.76399e-02	3.14702	3.37176	3.47100e-05
3.59129e+04	3.94591e-02	7.81334e-02	1.61760	1.22260	3.47100e-05
3.59595e+04	3.94880e-02	7.69075e-02	1.55904	4.92465	3.47100e-05
3.60061e+04	3.94962e-02	8.11343e-02	2.31080	2.81021	3.47100e-05
3.60526e+04	3.94328e-02	7.47916e-02	4.80257	0.37736	3.47100e-05
3.60992e+04	3.94834e-02	8.00684e-02	2.30326	4.34871	3.47100e-05
3.61458e+04	3.95154e-02	7.74699e-02	0.65667	2.18495	3.47100e-05
3.61924e+04	3.94409e-02	7.95064e-02	0.89247	6.03271	3.47100e-05
3.62390e+04	3.94838e-02	7.62810e-02	2.06410	3.97620	3.47100e-05
3.62856e+04	3.94906e-02	7.88439e-02	4.67011	1.52810	3.47100e-05
3.63322e+04	3.94227e-02	8.03584e-02	2.13412	5.80010	3.47100e-05
3.63787e+04	3.94907e-02	7.40421e-02	1.27396	3.43215	3.47100e-05
3.64253e+04	3.94415e-02	8.11986e-02	1.26199	1.29933	3.47100e-05
3.64719e+04	3.94300e-02	7.66049e-02	2.85013	5.44228	3.47100e-05
3.65185e+04	3.94753e-02	7.88920e-02	5.75723	3.17249	3.47100e-05
3.65651e+04	3.94052e-02	7.69040e-02	3.44357	1.12293	3.47100e-05
3.66117e+04	3.94291e-02	7.94844e-02	2.84013	5.14019	3.47100e-05
3.66583e+04	3.94413e-02	7.90279e-02	3.00000	3.19358	3.47100e-05
3.67048e+04	3.94049e-02	7.60268e-02	5.07003	0.88869	3.47100e-05
3.67514e+04	3.94391e-02	8.05690e-02	1.79359	5.17922	3.47100e-05
3.67980e+04	3.93881e-02	7.77444e-02	6.03708	3.08872	3.47100e-05
3.68446e+04	3.94645e-02	7.95076e-02	5.72818	0.94350	3.47100e-05
3.68912e+04	3.94238e-02	7.80313e-02	6.25603	5.25286	3.47100e-05
3.69378e+04	3.93986e-02	8.06016e-02	2.17472	3.07410	3.47100e-05
3.69844e+04	3.94707e-02	7.95885e-02	5.34382	1.20403	3.47100e-05
3.70309e+04	3.93728e-02	7.91177e-02	3.93988	5.28388	3.47100e-05
3.70775e+04	3.94576e-02	8.03501e-02	3.47621	3.38437	3.47100e-05
3.71241e+04	3.94067e-02	7.93335e-02	4.49789	1.33965	3.47100e-05
3.71707e+04	3.94321e-02	8.18869e-02	0.63368	5.63866	3.47100e-05
3.72173e+04	3.93854e-02	7.74767e-02	4.08858	3.72288	3.47100e-05
3.72639e+04	3.94140e-02	8.05293e-02	3.02676	1.64443	3.47100e-05
3.73105e+04	3.93670e-02	8.17456e-02	2.73726	6.13382	3.47100e-05
3.73570e+04	3.93962e-02	7.76432e-02	4.34454	4.05901	3.47100e-05
3.74036e+04	3.93987e-02	7.95450e-02	0.53264	2.21778	3.47100e-05
3.74502e+04	3.93739e-02	7.99758e-02	4.70299	0.25394	3.47100e-05
3.74968e+04	3.93582e-02	8.12680e-02	3.53703	4.64582	3.47100e-05
3.75434e+04	3.93668e-02	7.74019e-02	4.06062	2.79646	3.47100e-05
3.75900e+04	3.93653e-02	7.99080e-02	5.71241	0.78945	3.47100e-05
3.76366e+04	3.93704e-02	8.21934e-02	2.40700	5.33710	3.47100e-05
3.76831e+04	3.93584e-02	7.99170e-02	0.35598	3.34555	3.47100e-05
3.77297e+04	3.94192e-02	7.97462e-02	6.05012	1.55857	3.47100e-05
3.77763e+04	3.93447e-02	8.12144e-02	0.43116	5.92919	3.47100e-05
3.78229e+04	3.93820e-02	8.18758e-02	2.33836	4.14963	3.47100e-05
3.78695e+04	3.93314e-02	8.08444e-02	5.67489	2.30411	3.47100e-05
3.79161e+04	3.93733e-02	7.94574e-02	4.01046	0.43536	3.47100e-05
3.79627e+04	3.93349e-02	7.89624e-02	3.84164	4.98196	3.47100e-05
3.80092e+04	3.93388e-02	8.13370e-02	4.77617	3.10641	3.47100e-05
3.80558e+04	3.93517e-02	8.05547e-02	0.91086	1.42822	3.47100e-05
3.81024e+04	3.93105e-02	8.01674e-02	4.62147	5.80657	3.47100e-05
3.81490e+04	3.93846e-02	8.04606e-02	3.27915	4.10486	3.47100e-05
3.81956e+04	3.93300e-02	8.02934e-02	3.42537	2.32963	3.47100e-05
3.82422e+04	3.93282e-02	8.28525e-02	4.66611	0.54577	3.47100e-05
3.82888e+04	3.93533e-02	7.98734e-02	1.14616	5.15401	3.47100e-05
3.83353e+04	3.92906e-02	8.11712e-02	5.18412	3.29189	3.47100e-05
3.83819e+04	3.93444e-02	8.11649e-02	4.12908	1.69043	3.47100e-05
3.84285e+04	3.93239e-02	7.97834e-02	4.82294	6.16512	3.47100e-05
3.84751e+04	3.93039e-02	8.08614e-02	0.19313	4.50422	3.47100e-05
3.85217e+04	3.93471e-02	7.85973e-02	3.37530	2.78515	3.47100e-05
3.85683e+04	3.92809e-02	8.34186e-02	1.57255	1.04992	3.47100e-05
3.86149e+04	3.92968e-02	8.33116e-02	0.77804	5.74075	3.47100e-05
3.86614e+04	3.93293e-02	8.10640e-02	1.70946	3.97084	3.47100e-05
3.87080e+04	3.92649e-02	8.08159e-02	3.85152	2.35656	3.47100e-05
3.87546e+04	3.92767e-02	8.06647e-02	0.97115	0.61652	3.47100e-05
3.88012e+04	3.93589e-02	8.19346e-02	5.85046	5.32095	3.47100e-05
3.88478e+04	3.92912e-02	8.00967e-02	5.86904	3.64361	3.47100e-05
3.88944e+04	3.92869e-02	8.15094e-02	0.68851	1.96859	3.47100e-05
3.89410e+04	3.93292e-02	8.07129e-02	3.16234	0.40026	3.47100e-05
3.89875e+04	3.92902e-02	8.34936e-02	0.85149	4.99106	3.47100e-05
3.90341e+04	3.92611e-02	8.21825e-02	5.88746	3.46279	3.47100e-05
3.90807e+04	3.92590e-02	8.08337e-02	6.21405	1.75443	3.47100e-05
3.91273e+04	3.92645e-02	8.24126e-02	1.63164	0.21025	3.47100e-05
3.91739e+04	3.92507e-02	8.17369e-02	4.57461	4.87189	3.47100e-05
3.92205e+04	3.92498e-02	8.36867e-02	2.41475	3.28139	3.47100e-05
3.92671e+04	3.93058e-02	8.19104e-02	1.71386	1.76096	3.47100e-05
3.93136e+04	3.92690e-02	8.13177e-02	2.52501	0.09408	3.47100e-05
3.93602e+04	3.92411e-02	8.17416e-02	4.40916	4.88160	3.47100e-05
3.94068e+04	3.92369e-02	8.08981e-02	1.45381	3.26420	3.47100e-05
3.94534e+04	3.92708e-02	8.13171e-02	6.23080	1.76318	3.47100e-05
3.95000e+04	3.92942e-02	8.17839e-02	6.10154	0.18474	3.47100e-05
3.95466e+04	3.92325e-02	8.20953e-02	0.78320	4.92039	3.47100e-05
3.95932e+04	3.92508e-02	8.10592e-02	3.03419	3.41985	3.47100e-05
3.96397e+04	3.92906e-02	8.24794e-02	0.59367	1.83748	3.47100e-05
3.96863e+04	3.92626e-02	8.09637e-02	5.78098	0.38883	3.47100e-05
3.97329e+04	3.92430e-02	8.09548e-02	6.05306	5.05870	3.47100e-05
3.97795e+04	3.92129e-02	8.27649e-02	1.09974	3.61360	3.47100e-05
3.98261e+04	3.92461e-02	8.13679e-02	3.88790	2.08481	3.47100e-05
3.98727e+04	3.92673e-02	8.29482e-02	1.80809	0.58479	3.47100e-05
3.99193e+04	3.92300e-02	8.09947e-02	1.08644	5.41276	3.47100e-05
3.99658e+04	3.91901e-02	8.06252e-02	1.74218	3.83736	3.47100e-05
4.00124e+04	3.91894e-02	8.17238e-02	3.55626	2.40738	3.47100e-05
4.00590e+04	3.92433e-02	8.31272e-02	0.49456	0.89081	3.47100e-05
4.01056e+04	3.92564e-02	8.19611e-02	5.04549	5.76191	3.47100e-05
4.01522e+04	3.92354e-02	8.11655e-02	4.80776	4.25049	3.47100e-05
4.01988e+04	3.92213e-02	8.27433e-02	5.84977	2.77443	3.47100e-05
4.02454e+04	3.91729e-02	8.15389e-02	1.86028	1.34854	3.47100e-05
4.02919e+04	3.91734e-02	8.38643e-02	5.50692	6.11783	3.47100e-05
4.03385e+04	3.92146e-02	8.31809e-02	4.11358	4.75821	3.47100e-05
4.03851e+04	3.92177e-02	8.17921e-02	4.28063	3.23612	3.47100e-05
4.04317e+04	3.92297e-02	8.38729e-02	5.76192	1.84078	3.47100e-05
4.04783e+04	3.91815e-02	8.26751e-02	2.34248	0.39365	3.47100e-05
4.05249e+04	3.91228e-02	8.40579e-02	0.17215	5.24427	3.47100e-05
4.05715e+04	3.91399e-02	8.33453e-02	5.52922	3.83296	3.47100e-05
4.06180e+04	3.91414e-02	8.38062e-02	5.95953	2.37248	3.47100e-05
4.06646e+04	3.91634e-02	8.16974e-02	1.46705	1.01374	3.47100e-05
4.07112e+04	3.91951e-02	8.21308e-02	4.75778	5.82452	3.47100e-05
4.07578e+04	3.92101e-02	8.26840e-02	2.99629	4.47975	3.47100e-05
4.08044e+04	3.91989e-02	8.18602e-02	2.61152	3.03789	3.47100e-05
4.08510e+04	3.91670e-02	8.29881e-02	3.52177	1.62569	3.47100e-05
4.08976e+04	3.91660e-02	8.30119e-02	5.77333	0.26909	3.47100e-05
4.09441e+04	3.91195e-02	8.28492e-02	3.16932	5.11174	3.47100e-05
4.09907e+04	3.91048e-02	8.47829e-02	1.77440	3.78350	3.47100e-05
4.10373e+04	3.91140e-02	8.43317e-02	1.73795	2.34797	3.47100e-05
4.10839e+04	3.91323e-02	8.23954e-02	3.00303	1.01518	3.47100e-05
4.11305e+04	3.91658e-02	8.18561e-02	5.75103	5.87446	3.47100e-05
4.11771e+04	3.91554e-02	8.30699e-02	3.50806	4.51006	3.47100e-05
4.12237e+04	3.91638e-02	8.26166e-02	2.54262	3.17160	3.47100e-05
4.12702e+04	3.91684e-02	8.37114e-02	2.97423	1.76265	3.47100e-05
4.13168e+04	3.91463e-02	8.31467e-02	4.73728	0.46127	3.47100e-05
4.13634e+04	3.91323e-02	8.28403e-02	1.71655	5.31812	3.47100e-05
4.14100e+04	3.91228e-02	8.43334e-02	6.16830	4.00801	3.47100e-05
4.14566e+04	3.91349e-02	8.34814e-02	5.63065	2.63166	3.47100e-05
4.15032e+04	3.90929e-02	8.26643e-02	0.11548	1.29094	3.47100e-05
4.15498e+04	3.91034e-02	8.17774e-02	2.29456	6.23383	3.47100e-05
4.15963e+04	3.91081e-02	8.47206e-02	5.86022	4.84574	3.47100e-05
4.16429e+04	3.90653e-02	8.48029e-02	4.34064	3.57121	3.47100e-05
4.16895e+04	3.90780e-02	8.37835e-02	4.24445	2.17001	3.47100e-05
4.17361e+04	3.90639e-02	8.32885e-02	5.46776	0.87943	3.47100e-05
4.17827e+04	3.90771e-02	8.16924e-02	1.78527	5.80460	3.47100e-05
4.18293e+04	3.90954e-02	8.43430e-02	5.64337	4.47492	3.47100e-05
4.18759e+04	3.90635e-02	8.44201e-02	4.51088	3.17814	3.47100e-05
4.19224e+04	3.90496e-02	8.44207e-02	4.84038	1.82456	3.47100e-05
4.19690e+04	3.90604e-02	8.26644e-02	0.24926	0.53741	3.47100e-05
4.20156e+04	3.90707e-02	8.30968e-02	3.25111	5.44387	3.47100e-05
4.20622e+04	3.90620e-02	8.39672e-02	1.11885	4.18308	3.47100e-05
4.21088e+04	3.90648e-02	8.36009e-02	0.45503	2.84345	3.47100e-05
4.21554e+04	3.90430e-02	8.44425e-02	1.21297	1.53653	3.47100e-05
4.22020e+04	3.90504e-02	8.34744e-02	3.28809	0.23758	3.47100e-05
4.22485e+04	3.90666e-02	8.37733e-02	0.30618	5.18395	3.47100e-05
4.22951e+04	3.90476e-02	8.31420e-02	4.87381	3.92384	3.47100e-05
4.23417e+04	3.90371e-02	8.38635e-02	4.67840	2.56627	3.47100e-05
4.23883e+04	3.90521e-02	8.50267e-02	5.78318	1.30989	3.47100e-05
4.24349e+04	3.90322e-02	8.39837e-02	1.89743	6.26634	3.47100e-05
4.24815e+04	3.90369e-02	8.39495e-02	5.54849	4.96828	3.47100e-05
4.25281e+04	3.90156e-02	8.26409e-02	4.31490	3.69394	3.47100e-05
4.25746e+04	3.90055e-02	8.46630e-02	4.50851	2.35788	3.47100e-05
4.26212e+04	3.90149e-02	8.51330e-02	5.89648	1.10988	3.47100e-05
4.26678e+04	3.90212e-02	8.32640e-02	2.35817	6.05947	3.47100e-05
4.27144e+04	3.90031e-02	8.32892e-02	0.13815	4.79946	3.47100e-05
4.27610e+04	3.89959e-02	8.43263e-02	5.60877	3.47794	3.47100e-05
4.28076e+04	3.90230e-02	8.53387e-02	6.02341	2.21132	3.47100e-05
4.28542e+04	3.90214e-02	8.27883e-02	1.47669	0.92648	3.47100e-05
4.29007e+04	3.90462e-02	8.36846e-02	4.58774	5.89254	3.47100e-05
4.29473e+04	3.90172e-02	8.45303e-02	2.67707	4.66113	3.47100e-05
4.29939e+04	3.90339e-02	8.41553e-02	2.12152	3.34197	3.47100e-05
4.30405e+04	3.90329e-02	8.30553e-02	2.80893	2.07686	3.47100e-05
4.30871e+04	3.90451e-02	8.33522e-02	4.89053	0.76983	3.47100e-05
4.31337e+04	3.90301e-02	8.47122e-02	1.97553	5.79740	3.47100e-05
4.31803e+04	3.90263e-02	8.41035e-02	0.37509	4.51128	3.47100e-05
4.32268e+04	3.89997e-02	8.32011e-02	0.09379	3.21106	3.47100e-05
4.32734e+04	3.89714e-02	8.35886e-02	1.16224	1.95607	3.47100e-05
4.33200e+04	3.89675e-02	8.49168e-02	3.62412	0.63856	3.47100e-05
4.33666e+04	3.89627e-02	8.44910e-02	1.01014	5.68764	3.47100e-05
4.34132e+04	3.89723e-02	8.30272e-02	6.07184	4.36978	3.47100e-05
4.34598e+04	3.89845e-02	8.49685e-02	6.16341	3.10802	3.47100e-05
4.35064e+04	3.89779e-02	8.48645e-02	1.23323	1.84320	3.47100e-05
4.35529e+04	3.89888e-02	8.38949e-02	3.82627	0.55034	3.47100e-05
4.35995e+04	3.89889e-02	8.29756e-02	1.45954	5.57224	3.47100e-05
4.36461e+04	3.89992e-02	8.51501e-02	0.48687	4.26319	3.47100e-05
4.36927e+04	3.90030e-02	8.43515e-02	0.67294	3.02858	3.47100e-05
4.37393e+04	3.89601e-02	8.29200e-02	2.24027	1.71007	3.47100e-05
4.37859e+04	3.89190e-02	8.48949e-02	5.22877	0.44473	3.47100e-05
4.38325e+04	3.89441e-02	8.41384e-02	3.23918	5.45778	3.47100e-05
4.38790e+04	3.89433e-02	8.33951e-02	2.44043	4.15313	3.47100e-05
4.39256e+04	3.89489e-02	8.39891e-02	2.95472	2.90249	3.47100e-05
4.39722e+04	3.89749e-02	8.46617e-02	4.85622	1.59426	3.47100e-05
4.40188e+04	3.89944e-02	8.33142e-02	1.53090	0.35121	3.47100e-05
4.40654e+04	3.89616e-02	8.37952e-02	5.87646	5.31535	3.47100e-05
4.41120e+04	3.89356e-02	8.49436e-02	5.40527	4.05170	3.47100e-05
4.41586e+04	3.89259e-02	8.37507e-02	6.17825	2.76706	3.47100e-05
4.42051e+04	3.89257e-02	8.41652e-02	1.87295	1.47230	3.47100e-05
4.42517e+04	3.89067e-02	8.44392e-02	5.24401	0.21562	3.47100e-05
4.42983e+04	3.89638e-02	8.34008e-02	3.60700	5.18108	3.47100e-05
4.43449e+04	3.89600e-02	8.36703e-02	3.03001	3.92578	3.47100e-05
4.43915e+04	3.89196e-02	8.46128e-02	3.89764	2.61162	3.47100e-05
4.44381e+04	3.89003e-02	8.35858e-02	6.10438	1.34615	3.47100e-05
4.44847e+04	3.88956e-02	8.37199e-02	3.29486	0.03578	3.47100e-05
4.45312e+04	3.88805e-02	8.54174e-02	1.78682	5.02575	3.47100e-05
4.45778e+04	3.89137e-02	8.31169e-02	1.53896	3.74841	3.47100e-05
4.46244e+04	3.89387e-02	8.38086e-02	2.49503	2.43277	3.47100e-05
4.46710e+04	3.89295e-02	8.48635e-02	4.68805	1.16473	3.47100e-05
4.47176e+04	3.89040e-02	8.31386e-02	1.93353	6.12661	3.47100e-05
4.47642e+04	3.88776e-02	8.41831e-02	0.53118	4.83464	3.47100e-05
4.48108e+04	3.88823e-02	8.47227e-02	0.45670	3.52193	3.47100e-05
4.48573e+04	3.89092e-02	8.37472e-02	1.45173	2.22569	3.47100e-05
4.49039e+04	3.89102e-02	8.34964e-02	3.72242	0.93558	3.47100e-05
4.49505e+04	3.88920e-02	8.43002e-02	1.09768	5.87947	3.47100e-05
4.49971e+04	3.88713e-02	8.40226e-02	5.86997	4.59985	3.47100e-05
4.50437e+04	3.88604e-02	8.46077e-02	5.81102	3.24889	3.47100e-05
4.50903e+04	3.88885e-02	8.42435e-02	0.71660	1.97359	3.47100e-05
4.51369e+04	3.89170e-02	8.36141e-02	2.93735	0.63211	3.47100e-05
4.51834e+04	3.88843e-02	8.46825e-02	0.16794	5.60604	3.47100e-05
4.52300e+04	3.88477e-02	8.30447e-02	5.13454	4.27754	3.47100e-05
4.52766e+04	3.88514e-02	8.47626e-02	4.98856	2.93947	3.47100e-05
4.53232e+04	3.88848e-02	8.44897e-02	6.05639	1.63775	3.47100e-05
4.53698e+04	3.89095e-02	8.21866e-02	2.04692	0.27842	3.47100e-05
4.54164e+04	3.88836e-02	8.47235e-02	5.52736	5.24983	3.47100e-05
4.54630e+04	3.88281e-02	8.43923e-02	4.09900	3.89976	3.47100e-05
4.55095e+04	3.88399e-02	8.32587e-02	3.88100	2.57098	3.47100e-05
4.55561e+04	3.88692e-02	8.41075e-02	4.92149	1.22197	3.47100e-05
4.56027e+04	3.88998e-02	8.40085e-02	0.75400	6.15246	3.47100e-05
4.56493e+04	3.88282e-02	8.33419e-02	4.09440	4.80938	3.47100e-05
4.56959e+04	3.88054e-02	8.43085e-02	2.70961	3.43138	3.47100e-05
4.57425e+04	3.88620e-02	8.34185e-02	2.31798	2.11231	3.47100e-05
4.57891e+04	3.88746e-02	8.34814e-02	3.03730	0.72934	3.47100e-05
4.58356e+04	3.88205e-02	8.33163e-02	5.11726	5.65664	3.47100e-05
4.58822e+04	3.88171e-02	8.34704e-02	2.13504	4.27674	3.47100e-05
4.59288e+04	3.88168e-02	8.45573e-02	0.40003	2.90832	3.47100e-05
4.59754e+04	3.88676e-02	8.26364e-02	6.09103	1.54034	3.47100e-05
4.60220e+04	3.88505e-02	8.41223e-02	0.36178	0.14087	3.47100e-05
4.60686e+04	3.87989e-02	8.40970e-02	2.21613	5.06693	3.47100e-05
4.61152e+04	3.87968e-02	8.26360e-02	5.33595	3.64143	3.47100e-05
4.61617e+04	3.88398e-02	8.36778e-02	3.31389	2.28369	3.47100e-05
4.62083e+04	3.88445e-02	8.30755e-02	2.39848	0.86691	3.47100e-05
4.62549e+04	3.87854e-02	8.39895e-02	2.66195	5.74415	3.47100e-05
4.63015e+04	3.87765e-02	8.35320e-02	4.40029	4.33584	3.47100e-05
4.63481e+04	3.88503e-02	8.31726e-02	0.84744	2.91750	3.47100e-05
4.63947e+04	3.88262e-02	8.38892e-02	4.60668	1.52613	3.47100e-05
4.64413e+04	3.87977e-02	8.28471e-02	3.50720	0.07397	3.47100e-05
4.64878e+04	3.87889e-02	8.31580e-02	3.54200	4.95706	3.47100e-05
4.65344e+04	3.88094e-02	8.40226e-02	4.76428	3.50557	3.47100e-05
4.65810e+04	3.88421e-02	8.26727e-02	0.72791	2.08012	3.47100e-05
