# t	a	e	mean_anomaly	varpi	mass/M_star
0.00000e+00	5.62968e-02	0.00000e+00	0.00000	0.00000	4.41310e-05
4.65857e+01	5.63218e-02	1.94704e-03	4.09014	5.71177	4.41310e-05
9.31714e+01	5.63091e-02	2.04306e-03	4.94473	5.21688	4.41310e-05
1.39757e+02	5.62978e-02	2.57000e-03	4.97421	2.46469	4.41310e-05
1.86343e+02	5.62639e-02	1.11924e-03	0.22943	1.36067	4.41310e-05
2.32928e+02	5.62692e-02	2.70794e-03	4.16403	0.97927	4.41310e-05
2.79514e+02	5.62117e-02	1.98834e-03	2.98193	2.62720	4.41310e-05
3.26100e+02	5.62097e-02	2.68749e-03	1.67859	1.29231	4.41310e-05
3.72685e+02	5.61906e-02	1.02923e-03	0.49632	3.00283	4.41310e-05
4.19271e+02	5.61539e-02	2.70702e-03	0.37880	0.54410	4.41310e-05
4.65857e+02	5.61654e-02	3.45439e-03	0.44689	1.05180	4.41310e-05
5.12442e+02	5.61317e-02	9.12981e-04	1.25069	3.99234	4.41310e-05
5.59028e+02	5.61351e-02	2.70980e-03	4.38428	1.45668	4.41310e-05
6.05614e+02	5.60932e-02	1.70996e-03	1.08710	2.24873	4.41310e-05
6.52199e+02	5.61043e-02	1.79268e-03	0.36287	3.65505	4.41310e-05
6.98785e+02	5.60565e-02	2.15346e-03	4.17222	3.69257	4.41310e-05
7.45371e+02	5.60405e-02	1.20436e-03	2.85789	5.75110	4.41310e-05
7.91956e+02	5.60004e-02	2.38176e-03	3.30463	2.95116	4.41310e-05
8.38542e+02	5.60090e-02	2.04528e-03	4.05939	3.02642	4.41310e-05
8.85128e+02	5.59824e-02	8.12374e-04	3.82767	1.00522	4.41310e-05
9.31713e+02	5.59889e-02	1.46430e-03	2.01158	3.87245	4.41310e-05
9.78299e+02	5.59534e-02	2.24564e-04	0.59965	3.55552	4.41310e-05
1.02488e+03	5.59283e-02	8.51395e-04	3.76422	1.99991	4.41310e-05
1.07147e+03	5.59279e-02	1.65717e-03	1.49388	3.08049	4.41310e-05
1.11806e+03	5.59272e-02	3.66845e-03	2.20485	4.55351	4.41310e-05
1.16464e+03	5.58783e-02	7.03871e-04	5.70839	0.36466	4.41310e-05
1.21123e+03	5.58545e-02	3.59032e-03	3.56762	5.26119	4.41310e-05
1.25781e+03	5.58537e-02	2.75449e-03	0.94216	1.42714	4.41310e-05
1.30440e+03	5.58251e-02	1.52160e-03	3.92172	1.43253	4.41310e-05
1.35098e+03	5.58038e-02	2.19573e-03	1.15106	4.12214	4.41310e-05
1.39757e+03	5.57700e-02	3.29338e-03	3.81859	4.51359	4.41310e-05
1.44416e+03	5.58179e-02	3.61723e-03	5.69058	2.62364	4.41310e-05
1.49074e+03	5.57642e-02	2.40012e-03	1.08802	4.17962	4.41310e-05
1.53733e+03	5.56918e-02	2.36021e-03	3.08047	2.53656	4.41310e-05
1.58391e+03	5.57289e-02	2.86833e-03	2.66544	0.42758	4.41310e-05
1.63050e+03	5.56920e-02	2.90303e-03	4.39215	5.77746	4.41310e-05
1.67708e+03	5.56920e-02	2.08775e-03	1.99948	6.07724	4.41310e-05
1.72367e+03	5.56183e-02	2.01796e-03	3.85716	5.46972	4.41310e-05
1.77026e+03	5.56170e-02	8.81820e-04	0.40032	0.94746	4.41310e-05
1.81684e+03	5.56417e-02	1.72005e-03	0.98104	2.09869	4.41310e-05
1.86343e+03	5.56057e-02	1.17377e-02	2.52736	6.25513	4.41310e-05
1.91001e+03	5.56160e-02	1.02974e-02	4.53462	0.76507	4.41310e-05
1.95660e+03	5.55345e-02	9.83662e-03	5.05005	4.01700	4.41310e-05
2.00318e+03	5.54932e-02	1.07017e-02	0.81191	2.06186	4.41310e-05
2.04977e+03	5.55122e-02	6.97473e-03	0.99644	0.81320	4.41310e-05
2.09636e+03	5.54832e-02	8.25448e-03	1.06225	3.19801	4.41310e-05
2.14294e+03	5.54703e-02	1.76956e-02	5.23761	5.00341	4.41310e-05
2.18953e+03	5.54967e-02	1.35839e-02	2.14972	5.76039	4.41310e-05
2.23611e+03	5.54450e-02	1.08972e-02	3.43132	3.46049	4.41310e-05
2.28270e+03	5.54243e-02	1.27932e-02	2.70621	1.03005	4.41310e-05
2.32928e+03	5.53678e-02	5.35019e-03	4.70506	4.19351	4.41310e-05
2.37587e+03	5.53906e-02	1.53981e-02	2.92804	3.45924	4.41310e-05
2.42245e+03	5.53525e-02	7.70048e-03	6.02820	1.27634	4.41310e-05
2.46904e+03	5.52904e-02	1.88346e-03	4.99675	0.76793	4.41310e-05
2.51563e+03	5.53662e-02	1.87051e-02	2.04697	5.26847	4.41310e-05
2.56221e+03	5.52925e-02	3.75388e-03	1.55718	3.04925	4.41310e-05
2.60880e+03	5.52948e-02	1.88089e-02	5.37808	5.48458	4.41310e-05
2.65538e+03	5.52693e-02	4.08978e-03	0.47547	0.34431	4.41310e-05
2.70197e+03	5.52651e-02	9.59756e-03	3.44734	3.30743	4.41310e-05
2.74855e+03	5.52492e-02	1.01821e-02	4.45028	4.19300	4.41310e-05
2.79514e+03	5.52659e-02	1.14167e-02	0.70237	6.00166	4.41310e-05
2.84173e+03	5.51364e-02	8.11544e-03	2.53788	5.74532	4.41310e-05
2.88831e+03	5.51884e-02	1.04762e-02	4.76435	1.17898	4.41310e-05
2.93490e+03	5.51914e-02	1.91255e-02	4.63146	1.78870	4.41310e-05
2.98148e+03	5.51932e-02	1.50412e-02	2.08830	1.33729	4.41310e-05
3.02807e+03	5.51946e-02	1.58260e-02	0.18869	3.03223	4.41310e-05
3.07465e+03	5.50890e-02	6.74638e-03	5.15858	0.24923	4.41310e-05
3.12124e+03	5.50569e-02	1.38595e-02	1.07954	2.04457	4.41310e-05
3.16783e+03	5.51891e-02	1.73909e-02	3.96076	5.79272	4.41310e-05
3.21441e+03	5.51284e-02	1.33202e-02	0.29718	5.34021	4.41310e-05
3.26100e+03	5.51205e-02	1.10964e-02	6.21226	3.77805	4.41310e-05
3.30758e+03	5.50556e-02	2.29994e-02	5.28756	5.28499	4.41310e-05
3.35417e+03	5.50118e-02	4.72370e-03	3.07351	4.22628	4.41310e-05
3.40075e+03	5.50274e-02	4.73448e-03	3.89089	2.59615	4.41310e-05
3.44734e+03	5.50280e-02	1.72144e-02	5.40183	2.23350	4.41310e-05
3.49393e+03	5.50593e-02	1.11778e-02	5.27910	5.80749	4.41310e-05
3.54051e+03	5.49961e-02	1.54097e-02	2.56942	1.47439	4.41310e-05
3.58710e+03	5.50407e-02	2.45650e-02	5.01048	0.40964	4.41310e-05
3.63368e+03	5.49959e-02	2.07168e-02	2.88281	5.93464	4.41310e-05
3.68027e+03	5.49734e-02	1.94061e-02	2.84435	5.52550	4.41310e-05
3.72685e+03	5.49515e-02	1.82138e-02	4.34237	5.66627	4.41310e-05
3.77344e+03	5.49136e-02	1.89991e-02	0.85731	0.37014	4.41310e-05
3.82002e+03	5.49401e-02	2.01932e-02	5.89247	1.36927	4.41310e-05
3.86661e+03	5.49657e-02	1.62047e-02	5.67742	3.31364	4.41310e-05
3.91320e+03	5.49215e-02	1.16933e-02	5.72599	0.85408	4.41310e-05
3.95978e+03	5.48760e-02	2.04799e-02	3.11915	3.35800	4.41310e-05
4.00637e+03	5.49157e-02	1.75884e-02	2.46177	5.98250	4.41310e-05
4.05295e+03	5.48842e-02	1.57634e-02	1.51205	4.62653	4.41310e-05
4.09954e+03	5.48569e-02	1.85155e-02	4.43777	1.80184	4.41310e-05
4.14612e+03	5.49274e-02	1.43238e-02	1.44357	0.55196	4.41310e-05
4.19271e+03	5.48263e-02	2.13417e-02	0.94987	5.29689	4.41310e-05
4.23930e+03	5.48654e-02	1.61670e-02	1.26420	5.13354	4.41310e-05
4.28588e+03	5.48453e-02	1.50423e-02	5.34963	3.34091	4.41310e-05
4.33247e+03	5.47911e-02	1.98925e-02	2.95134	3.80660	4.41310e-05
4.37905e+03	5.48234e-02	1.23960e-02	3.76001	3.43577	4.41310e-05
4.42564e+03	5.47799e-02	1.75240e-02	0.25599	3.01162	4.41310e-05
4.47222e+03	5.47786e-02	2.18306e-02	3.84697	3.94556	4.41310e-05
4.51881e+03	5.48042e-02	2.04935e-02	3.22197	5.13966	4.41310e-05
4.56540e+03	5.47405e-02	1.01010e-02	5.35075	5.49643	4.41310e-05
4.61198e+03	5.47239e-02	1.19221e-02	3.15677	6.10596	4.41310e-05
4.65857e+03	5.47443e-02	1.98673e-02	1.62886	1.90639	4.41310e-05
4.70515e+03	5.47132e-02	2.10791e-02	2.19675	4.12276	4.41310e-05
4.75174e+03	5.47612e-02	2.37434e-02	4.97560	0.02202	4.41310e-05
4.79832e+03	5.47292e-02	2.07375e-02	3.14679	2.54081	4.41310e-05
4.84491e+03	5.47124e-02	2.48265e-02	3.58255	5.06972	4.41310e-05
4.89150e+03	5.46889e-02	2.22491e-02	5.94259	1.34326	4.41310e-05
4.93808e+03	5.47064e-02	2.11810e-02	4.08255	4.11404	4.41310e-05
4.98467e+03	5.46980e-02	2.48983e-02	4.13725	0.62549	4.41310e-05
5.03125e+03	5.46863e-02	2.09807e-02	0.14350	3.48835	4.41310e-05
5.07784e+03	5.46614e-02	2.46273e-02	4.09106	0.33036	4.41310e-05
5.12442e+03	5.46750e-02	2.20696e-02	4.20346	3.31777	4.41310e-05
5.17101e+03	5.46445e-02	2.18645e-02	5.73721	0.51214	4.41310e-05
5.21759e+03	5.46363e-02	2.04844e-02	3.54515	3.75668	4.41310e-05
5.26418e+03	5.45791e-02	1.63787e-02	2.92600	1.09874	4.41310e-05
5.31077e+03	5.45990e-02	1.58021e-02	4.69964	4.60043	4.41310e-05
5.35735e+03	5.45052e-02	1.51927e-02	1.60197	2.45583	4.41310e-05
5.40394e+03	5.45607e-02	1.54355e-02	1.11431	6.18425	4.41310e-05
5.45052e+03	5.45154e-02	2.21020e-02	2.62474	3.72208	4.41310e-05
5.49711e+03	5.45985e-02	2.14447e-02	6.06561	1.33160	4.41310e-05
5.54369e+03	5.45553e-02	2.37365e-02	5.60390	5.07936	4.41310e-05
5.59028e+03	5.44963e-02	1.70942e-02	0.28172	3.11043	4.41310e-05
5.63687e+03	5.45008e-02	1.58403e-02	4.17512	0.57204	4.41310e-05
5.68345e+03	5.44885e-02	1.74877e-02	2.80601	5.26428	4.41310e-05
5.73004e+03	5.45418e-02	1.78727e-02	3.95461	3.26011	4.41310e-05
5.77662e+03	5.44590e-02	2.29175e-02	1.26625	0.99337	4.41310e-05
5.82321e+03	5.44370e-02	1.97301e-02	0.25346	5.40347	4.41310e-05
5.86979e+03	5.44874e-02	1.48108e-02	1.89557	3.17357	4.41310e-05
5.91638e+03	5.44624e-02	1.92745e-02	4.83141	1.55102	4.41310e-05
5.96297e+03	5.44283e-02	1.90900e-02	3.49411	0.11632	4.41310e-05
6.00955e+03	5.44109e-02	1.94913e-02	5.38604	4.03981	4.41310e-05
6.05614e+03	5.43959e-02	2.43089e-02	2.33965	2.18391	4.41310e-05
6.10272e+03	5.44050e-02	1.54662e-02	1.48325	0.39958	4.41310e-05
6.14931e+03	5.43389e-02	1.41730e-02	2.88863	4.86687	4.41310e-05
6.19589e+03	5.44141e-02	2.32306e-02	5.84859	3.42425	4.41310e-05
6.24248e+03	5.43851e-02	2.04045e-02	5.13934	1.62682	4.41310e-05
6.28907e+03	5.43125e-02	1.83931e-02	0.52623	5.91259	4.41310e-05
6.33565e+03	5.43787e-02	1.89060e-02	3.47186	4.58134	4.41310e-05
6.38224e+03	5.43258e-02	1.67230e-02	2.53884	3.18980	4.41310e-05
6.42882e+03	5.43175e-02	2.05462e-02	4.19722	1.28384	4.41310e-05
6.47541e+03	5.43087e-02	2.18980e-02	1.19741	5.98665	4.41310e-05
6.52199e+03	5.43140e-02	1.66491e-02	0.47481	4.55362	4.41310e-05
6.56858e+03	5.42944e-02	1.75074e-02	1.84126	2.99559	4.41310e-05
6.61516e+03	5.42438e-02	2.13638e-02	5.23323	1.50466	4.41310e-05
6.66175e+03	5.43020e-02	2.29532e-02	4.73350	6.18723	4.41310e-05
6.70834e+03	5.42278e-02	1.41842e-02	6.25153	4.61791	4.41310e-05
6.75492e+03	5.42146e-02	1.76796e-02	3.40259	3.29387	4.41310e-05
6.80151e+03	5.42405e-02	2.30144e-02	2.66046	1.88981	4.41310e-05
6.84809e+03	5.42075e-02	1.87602e-02	4.52877	0.26765	4.41310e-05
6.89468e+03	5.42034e-02	1.45456e-02	1.89891	5.03404	4.41310e-05
6.94126e+03	5.41631e-02	2.07145e-02	1.36908	3.80016	4.41310e-05
6.98785e+03	5.42205e-02	2.22721e-02	3.69265	2.13687	4.41310e-05
7.03444e+03	5.41353e-02	1.86689e-02	3.64727	5.71793	4.41310e-05
7.08102e+03	5.41407e-02	2.00585e-02	0.23567	2.90922	4.41310e-05
7.12761e+03	5.41402e-02	2.48403e-02	1.61430	4.93881	4.41310e-05
7.17419e+03	5.41105e-02	2.06580e-02	1.20135	5.91286	4.41310e-05
7.22078e+03	5.40517e-02	1.30347e-02	5.65545	5.10278	4.41310e-05
7.26736e+03	5.41142e-02	1.61408e-02	4.25582	1.54637	4.41310e-05
7.31395e+03	5.40391e-02	1.16047e-02	2.33883	1.88534	4.41310e-05
7.36054e+03	5.40557e-02	1.31269e-02	4.84103	0.79739	4.41310e-05
7.40712e+03	5.40346e-02	1.35920e-02	6.20387	4.41471	4.41310e-05
7.45371e+03	5.40331e-02	1.57067e-02	0.51668	5.54178	4.41310e-05
7.50029e+03	5.40131e-02	1.79324e-02	1.20306	2.79902	4.41310e-05
7.54688e+03	5.39649e-02	1.65614e-02	1.96911	3.13127	4.41310e-05
7.59346e+03	5.39637e-02	2.21388e-02	1.11965	1.76322	4.41310e-05
7.64005e+03	5.39658e-02	1.59648e-02	0.31824	3.43488	4.41310e-05
7.68664e+03	5.39275e-02	5.97345e-03	5.48941	2.00332	4.41310e-05
7.73322e+03	5.39127e-02	1.36489e-02	2.66515	5.47880	4.41310e-05
7.77981e+03	5.39053e-02	1.35840e-02	0.22230	5.34895	4.41310e-05
7.82639e+03	5.38973e-02	9.92774e-03	2.28641	3.84610	4.41310e-05
7.87298e+03	5.38767e-02	1.02822e-02	4.24583	5.40179	4.41310e-05
7.91956e+03	5.38773e-02	1.54943e-02	4.24811	5.98678	4.41310e-05
7.96615e+03	5.38373e-02	1.21671e-02	3.68277	3.87067	4.41310e-05
8.01273e+03	5.37947e-02	1.25994e-02	1.86380	5.99063	4.41310e-05
8.05932e+03	5.37879e-02	8.04858e-03	2.32301	2.39006	4.41310e-05
8.10591e+03	5.38019e-02	2.92062e-03	0.50578	4.09675	4.41310e-05
8.15249e+03	5.37670e-02	1.36876e-02	0.70074	0.54170	4.41310e-05
8.19908e+03	5.37914e-02	8.88805e-03	5.76910	1.18496	4.41310e-05
8.24566e+03	5.37561e-02	8.22962e-03	0.77774	2.10894	4.41310e-05
8.29225e+03	5.37440e-02	1.19023e-02	6.14334	2.06809	4.41310e-05
8.33883e+03	5.37257e-02	2.37697e-03	5.21663	5.02511	4.41310e-05
8.38542e+03	5.36895e-02	2.72026e-03	4.84126	4.29232	4.41310e-05
8.43201e+03	5.37006e-02	3.75681e-03	1.82167	2.96488	4.41310e-05
8.47859e+03	5.36592e-02	6.86155e-03	1.42616	1.69911	4.41310e-05
8.52518e+03	5.36347e-02	9.48316e-03	2.21629	1.89466	4.41310e-05
8.57176e+03	5.36366e-02	9.55669e-03	0.23912	2.07994	4.41310e-05
8.61835e+03	5.36136e-02	7.10503e-03	0.43063	2.98066	4.41310e-05
8.66493e+03	5.36480e-02	5.84481e-03	0.08582	0.96579	4.41310e-05
8.71152e+03	5.36437e-02	2.26878e-03	1.59335	5.83538	4.41310e-05
8.75811e+03	5.35768e-02	8.97892e-03	5.10505	5.74643	4.41310e-05
8.80469e+03	5.35840e-02	7.01434e-03	4.86203	0.17648	4.41310e-05
8.85128e+03	5.35752e-02	9.88547e-03	6.17866	1.48124	4.41310e-05
8.89786e+03	5.35314e-02	5.57264e-03	4.08111	4.09741	4.41310e-05
8.94445e+03	5.35191e-02	2.52145e-03	0.26836	4.33377	4.41310e-05
8.99103e+03	5.34840e-02	3.32513e-03	3.66474	6.02054	4.41310e-05
9.03762e+03	5.34983e-02	3.86958e-03	3.66628	2.03043	4.41310e-05
9.08421e+03	5.34459e-02	2.59830e-03	3.03116	1.66877	4.41310e-05
9.13079e+03	5.34385e-02	3.90319e-03	1.50308	5.68538	4.41310e-05
9.17738e+03	5.34488e-02	9.61308e-03	1.26770	3.69756	4.41310e-05
9.22396e+03	5.34146e-02	5.52963e-04	2.47400	4.69131	4.41310e-05
9.27055e+03	5.34324e-02	8.66179e-03	0.50341	4.28344	4.41310e-05
9.31713e+03	5.34282e-02	7.57052e-03	5.18228	6.15417	4.41310e-05
9.36372e+03	5.33841e-02	8.52385e-03	3.18220	4.88930	4.41310e-05
9.41030e+03	5.34093e-02	3.49116e-03	1.94081	5.85280	4.41310e-05
9.45689e+03	5.33509e-02	8.66668e-03	4.64533	5.76104	4.41310e-05
9.50348e+03	5.33359e-02	4.40266e-03	4.42069	5.08791	4.41310e-05
9.55006e+03	5.33155e-02	7.85416e-03	3.69819	1.50713	4.41310e-05
9.59665e+03	5.33304e-02	5.94338e-03	3.33426	0.41788	4.41310e-05
9.64323e+03	5.33017e-02	6.32440e-03	4.22445	1.07927	4.41310e-05
9.68982e+03	5.32695e-02	8.84295e-03	3.62379	6.11660	4.41310e-05
9.73640e+03	5.33020e-02	7.17330e-03	6.09924	4.56255	4.41310e-05
9.78299e+03	5.32959e-02	7.95363e-03	5.73707	2.61868	4.41310e-05
9.82958e+03	5.32434e-02	5.01530e-03	1.26879	1.29111	4.41310e-05
9.87616e+03	5.32450e-02	2.91497e-03	4.34716	1.74690	4.41310e-05
9.92275e+03	5.32296e-02	7.28154e-03	1.35159	4.81630	4.41310e-05
9.96933e+03	5.32268e-02	2.02207e-03	5.16209	4.02992	4.41310e-05
1.00159e+04	5.32090e-02	5.18435e-03	1.45149	1.15092	4.41310e-05
1.00625e+04	5.31781e-02	4.35380e-03	5.83463	5.66414	4.41310e-05
1.01091e+04	5.31437e-02	3.69696e-03	2.75034	1.62999	4.41310e-05
1.01557e+04	5.31424e-02	1.89563e-03	4.55425	1.84096	4.41310e-05
1.02023e+04	5.31455e-02	3.99116e-03	1.38579	3.84112	4.41310e-05
1.02488e+04	5.31083e-02	2.45320e-03	2.85449	4.04022	4.41310e-05
1.02954e+04	5.30852e-02	2.40020e-03	3.86442	1.39421	4.41310e-05
1.03420e+04	5.30965e-02	4.90697e-03	6.23586	0.04881	4.41310e-05
1.03886e+04	5.30506e-02	4.64792e-03	1.11344	3.09815	4.41310e-05
1.04352e+04	5.31060e-02	3.51783e-03	3.53236	1.45482	4.41310e-05
1.04818e+04	5.30551e-02	5.24373e-03	4.92493	3.84195	4.41310e-05
1.05284e+04	5.30488e-02	1.07233e-03	5.97719	3.18976	4.41310e-05
1.05749e+04	5.30141e-02	3.16339e-03	3.63431	2.42084	4.41310e-05
1.06215e+04	5.30325e-02	1.86207e-03	0.24323	5.69124	4.41310e-05
1.06681e+04	5.29786e-02	3.20870e-03	4.03177	4.71012	4.41310e-05
1.07147e+04	5.30164e-02	4.10996e-03	0.62035	1.39915	4.41310e-05
1.07613e+04	5.29550e-02	2.09290e-03	5.68963	5.13821	4.41310e-05
1.08079e+04	5.29498e-02	2.87632e-03	5.81648	4.48219	4.41310e-05
1.08545e+04	5.29398e-02	2.86926e-03	2.09193	4.17822	4.41310e-05
1.09010e+04	5.29441e-02	7.14880e-03	4.41176	1.54966	4.41310e-05
1.09476e+04	5.29046e-02	4.39963e-03	6.18099	3.35852	4.41310e-05
1.09942e+04	5.28621e-02	7.93225e-03	1.22648	2.54034	4.41310e-05
1.10408e+04	5.28564e-02	8.49727e-04	3.30236	4.03231	4.41310e-05
1.10874e+04	5.28313e-02	5.15290e-03	2.52477	4.95324	4.41310e-05
1.11340e+04	5.28317e-02	1.74258e-03	2.03094	2.33747	4.41310e-05
1.11806e+04	5.28074e-02	3.33854e-03	4.28001	6.26475	4.41310e-05
1.12271e+04	5.27839e-02	3.26153e-03	3.10817	4.08186	4.41310e-05
1.12737e+04	5.28142e-02	5.71239e-03	1.38649	5.58804	4.41310e-05
1.13203e+04	5.27695e-02	2.45086e-03	2.01240	1.48938	4.41310e-05
1.13669e+04	5.27562e-02	3.04696e-03	1.40879	1.59007	4.41310e-05
1.14135e+04	5.27467e-02	4.78777e-03	4.45414	1.17119	4.41310e-05
1.14601e+04	5.27612e-02	4.16495e-03	4.29889	0.90966	4.41310e-05
1.15067e+04	5.27231e-02	4.94195e-03	0.25160	1.25677	4.41310e-05
1.15532e+04	5.26792e-02	3.93618e-03	5.56228	1.59874	4.41310e-05
1.15998e+04	5.27015e-02	3.35184e-03	6.24627	3.54780	4.41310e-05
1.16464e+04	5.26689e-02	3.52967e-03	0.31825	2.55471	4.41310e-05
1.16930e+04	5.26862e-02	3.04895e-03	0.31948	5.00042	4.41310e-05
1.17396e+04	5.26187e-02	3.02099e-03	0.32047	4.44610	4.41310e-05
1.17862e+04	5.26142e-02	1.58684e-03	0.68438	0.22229	4.41310e-05
1.18328e+04	5.26345e-02	3.59776e-03	3.36957	3.22960	4.41310e-05
1.18793e+04	5.26115e-02	2.98116e-03	6.27864	2.84246	4.41310e-05
1.19259e+04	5.25736e-02	3.98091e-03	3.79545	4.67593	4.41310e-05
1.19725e+04	5.25742e-02	3.18046e-03	0.53285	4.28158	4.41310e-05
1.20191e+04	5.25519e-02	1.87535e-03	5.13618	5.29972	4.41310e-05
1.20657e+04	5.25386e-02	2.83423e-03	0.83718	5.99544	4.41310e-05
1.21123e+04	5.25279e-02	5.60382e-03	0.49751	5.68878	4.41310e-05
1.21589e+04	5.24779e-02	5.58577e-03	2.24366	0.38397	4.41310e-05
1.22054e+04	5.24884e-02	6.96914e-03	1.63614	0.39025	4.41310e-05
1.22520e+04	5.24796e-02	6.69315e-03	4.14377	0.65994	4.41310e-05
1.22986e+04	5.24724e-02	1.43945e-03	2.49679	1.84232	4.41310e-05
1.23452e+04	5.24345e-02	3.58803e-03	5.50097	1.80869	4.41310e-05
1.23918e+04	5.24224e-02	1.52275e-03	5.45575	1.62573	4.41310e-05
1.24384e+04	5.23947e-02	5.99822e-03	2.04789	1.93856	4.41310e-05
1.24850e+04	5.24188e-02	6.20703e-03	1.10730	2.89560	4.41310e-05
1.25315e+04	5.23758e-02	4.43444e-03	3.94684	3.43616	4.41310e-05
1.25781e+04	5.23365e-02	7.10364e-03	4.13236	3.51810	4.41310e-05
1.26247e+04	5.23428e-02	6.45670e-03	0.51971	4.38038	4.41310e-05
1.26713e+04	5.23530e-02	6.73217e-03	1.73543	3.69127	4.41310e-05
1.27179e+04	5.23185e-02	3.35506e-03	4.66137	4.49574	4.41310e-05
1.27645e+04	5.23156e-02	1.00965e-03	0.06834	3.60731	4.41310e-05
1.28111e+04	5.22801e-02	7.02211e-03	2.87644	4.74028	4.41310e-05
1.28576e+04	5.23011e-02	1.13246e-03	6.15781	2.54727	4.41310e-05
1.29042e+04	5.22388e-02	6.84856e-03	1.36404	5.24927	4.41310e-05
1.29508e+04	5.22392e-02	4.04544e-03	0.95674	0.72703	4.41310e-05
1.29974e+04	5.22188e-02	7.17831e-03	5.97977	0.15357	4.41310e-05
1.30440e+04	5.22015e-02	2.27216e-03	0.79958	0.65725	4.41310e-05
1.30906e+04	5.21919e-02	4.83220e-03	6.27562	6.20259	4.41310e-05
1.31372e+04	5.21629e-02	6.72660e-03	0.48201	1.31244	4.41310e-05
1.31837e+04	5.21858e-02	4.68840e-03	5.95179	0.92867	4.41310e-05
1.32303e+04	5.21367e-02	8.23845e-03	0.74445	2.10371	4.41310e-05
1.32769e+04	5.21762e-02	2.10284e-03	5.21007	3.13711	4.41310e-05
1.33235e+04	5.21234e-02	4.15708e-03	2.81120	1.95271	4.41310e-05
1.33701e+04	5.20874e-02	2.57909e-03	2.36188	2.05872	4.41310e-05
1.34167e+04	5.20798e-02	7.67523e-03	4.43287	3.15803	4.41310e-05
1.34633e+04	5.20608e-02	3.25830e-03	3.10921	4.53342	4.41310e-05
1.35098e+04	5.20495e-02	4.22940e-03	0.99174	3.95425	4.41310e-05
1.35564e+04	5.20103e-02	4.06880e-03	0.49485	4.94549	4.41310e-05
1.36030e+04	5.20330e-02	3.31908e-03	6.26728	3.20406	4.41310e-05
1.36496e+04	5.19913e-02	5.57910e-03	4.20588	0.03731	4.41310e-05
1.36962e+04	5.20082e-02	1.11277e-03	2.63879	6.02642	4.41310e-05
1.37428e+04	5.19554e-02	3.60557e-03	3.38824	0.64236	4.41310e-05
1.37894e+04	5.19730e-02	2.62083e-03	0.22626	2.40177	4.41310e-05
1.38359e+04	5.19656e-02	1.86540e-03	5.72041	5.31437	4.41310e-05
1.38825e+04	5.19256e-02	3.55059e-03	3.38781	0.65191	4.41310e-05
1.39291e+04	5.19007e-02	3.39940e-03	4.84853	1.78157	4.41310e-05
1.39757e+04	5.18974e-02	3.24116e-03	5.29360	1.13356	4.41310e-05
1.40223e+04	5.18570e-02	4.39147e-03	2.16136	1.28742	4.41310e-05
1.40689e+04	5.18480e-02	1.19957e-03	4.59348	5.50617	4.41310e-05
1.41155e+04	5.18488e-02	1.31539e-03	2.19207	5.38595	4.41310e-05
1.41620e+04	5.18218e-02	1.76310e-03	0.95201	1.36630	4.41310e-05
1.42086e+04	5.18077e-02	1.97827e-03	2.63092	4.19299	4.41310e-05
1.42552e+04	5.17754e-02	3.10985e-03	0.26844	1.89085	4.41310e-05
1.43018e+04	5.17732e-02	1.44635e-03	2.52367	4.69086	4.41310e-05
1.43484e+04	5.17628e-02	4.74451e-03	5.22792	4.26117	4.41310e-05
1.43950e+04	5.17515e-02	2.13695e-03	3.73577	5.26413	4.41310e-05
1.44416e+04	5.17332e-02	3.53958e-03	1.31225	4.45046	4.41310e-05
1.44881e+04	5.17189e-02	1.40059e-03	5.31076	0.70239	4.41310e-05
1.45347e+04	5.17137e-02	2.15598e-03	2.51736	0.95631	4.41310e-05
1.45767e+04	5.17139e-02	2.42788e-03	1.25150	4.15034	4.41310e-05
1.46232e+04	5.16638e-02	3.23682e-03	2.53300	0.76588	4.41310e-05
1.46698e+04	5.16815e-02	3.12865e-03	5.05929	5.93510	4.41310e-05
1.47164e+04	5.16463e-02	2.34381e-03	2.87882	0.47304	4.41310e-05
1.47630e+04	5.15967e-02	3.55575e-03	3.90232	1.66450	4.41310e-05
1.48096e+04	5.15757e-02	2.89448e-03	3.48697	1.57503	4.41310e-05
1.48562e+04	5.15951e-02	5.44424e-03	6.14318	1.91340	4.41310e-05
1.49028e+04	5.16020e-02	4.75551e-03	4.70060	3.58223	4.41310e-05
1.49493e+04	5.15616e-02	5.66807e-04	1.01404	4.66462	4.41310e-05
1.49959e+04	5.15180e-02	3.59564e-03	2.25681	4.34187	4.41310e-05
1.50425e+04	5.15275e-02	4.34106e-03	0.85547	4.00545	4.41310e-05
1.50891e+04	5.15027e-02	3.84231e-03	0.32061	0.03982	4.41310e-05
1.51357e+04	5.15029e-02	2.91311e-03	1.45844	4.11377	4.41310e-05
1.51823e+04	5.14499e-02	1.47921e-03	0.17252	1.63501	4.41310e-05
1.52289e+04	5.14582e-02	2.91259e-03	2.59870	5.45448	4.41310e-05
1.52754e+04	5.14381e-02	7.01515e-04	0.58929	4.63562	4.41310e-05
1.53220e+04	5.14433e-02	6.30267e-03	0.20423	5.85862	4.41310e-05
1.53686e+04	5.14238e-02	2.91773e-03	1.36117	2.78752	4.41310e-05
1.54152e+04	5.14037e-02	5.42224e-03	4.32775	1.40924	4.41310e-05
1.54618e+04	5.13576e-02	3.08885e-03	1.22703	3.54973	4.41310e-05
1.55084e+04	5.13694e-02	2.57474e-03	5.93000	1.29219	4.41310e-05
1.55550e+04	5.13263e-02	3.19710e-03	5.84877	1.26158	4.41310e-05
1.56015e+04	5.13375e-02	2.69365e-03	1.37125	2.78768	4.41310e-05
1.56481e+04	5.13097e-02	2.90977e-03	3.51212	1.46727	4.41310e-05
1.56947e+04	5.12512e-02	4.47568e-03	4.01704	5.18413	4.41310e-05
1.57413e+04	5.12958e-02	6.42003e-03	1.28576	3.27583	4.41310e-05
1.57879e+04	5.12480e-02	1.41598e-03	6.28052	3.56466	4.41310e-05
1.58345e+04	5.12378e-02	7.45614e-03	1.30512	4.75783	4.41310e-05
1.58811e+04	5.12252e-02	2.20549e-03	4.22877	1.65393	4.41310e-05
1.59276e+04	5.12230e-02	1.97608e-03	0.93103	2.17174	4.41310e-05
1.59742e+04	5.12032e-02	6.39823e-03	3.87030	0.12188	4.41310e-05
1.60208e+04	5.12043e-02	2.23796e-03	0.60742	1.59936	4.41310e-05
1.60674e+04	5.11654e-02	1.88181e-03	1.43475	2.59780	4.41310e-05
1.61140e+04	5.11665e-02	5.44874e-04	1.15273	2.02723	4.41310e-05
1.61606e+04	5.11500e-02	3.92445e-03	0.53391	5.35364	4.41310e-05
1.62072e+04	5.11069e-02	5.29050e-03	2.45477	3.49312	4.41310e-05
1.62537e+04	5.10895e-02	6.48531e-04	5.19519	4.49736	4.41310e-05
1.63003e+04	5.10951e-02	4.08355e-03	2.37210	2.06859	4.41310e-05
1.63469e+04	5.10749e-02	2.55252e-03	0.64060	2.10552	4.41310e-05
1.63935e+04	5.10468e-02	3.71321e-03	5.90342	5.18066	4.41310e-05
1.64401e+04	5.10379e-02	4.53509e-03	0.16772	3.87364	4.41310e-05
1.64867e+04	5.10462e-02	5.82937e-03	5.65152	1.41089	4.41310e-05
1.65333e+04	5.10067e-02	3.91874e-03	1.34360	5.93919	4.41310e-05
1.65798e+04	5.10024e-02	4.50767e-03	4.45998	0.52283	4.41310e-05
1.66264e+04	5.09548e-02	6.23728e-03	0.87013	5.38793	4.41310e-05
1.66730e+04	5.09639e-02	4.44324e-03	5.90262	5.18962	4.41310e-05
1.67196e+04	5.09490e-02	4.50393e-03	3.97687	3.02899	4.41310e-05
1.67662e+04	5.09089e-02	5.77266e-03	3.45490	3.09243	4.41310e-05
1.68128e+04	5.09058e-02	2.58670e-03	3.59055	6.12615	4.41310e-05
1.68594e+04	5.09249e-02	1.96806e-03	5.68720	4.52640	4.41310e-05
1.69059e+04	5.08636e-02	6.20862e-03	0.62512	1.15338	4.41310e-05
1.69525e+04	5.08222e-02	5.76809e-03	2.75719	0.51153	4.41310e-05
1.69991e+04	5.08305e-02	5.06489e-03	0.40710	1.67761	4.41310e-05
1.70457e+04	5.08568e-02	4.55845e-03	4.95731	5.78498	4.41310e-05
1.70923e+04	5.07948e-02	6.83446e-03	3.35608	0.89968	4.41310e-05
1.71389e+04	5.08208e-02	1.70116e-03	1.84612	5.79892	4.41310e-05
1.71855e+04	5.07481e-02	4.06661e-03	2.76278	5.59735	4.41310e-05
1.72320e+04	5.07856e-02	5.17592e-03	3.76837	2.65923	4.41310e-05
1.72786e+04	5.07430e-02	8.32822e-03	5.29025	2.83600	4.41310e-05
1.73252e+04	5.07446e-02	4.62908e-03	1.66604	5.48277	4.41310e-05
1.73718e+04	5.06736e-02	4.85100e-03	3.24126	0.34845	4.41310e-05
1.74184e+04	5.07231e-02	3.08127e-03	5.85496	4.02769	4.41310e-05
1.74650e+04	5.07001e-02	3.69662e-03	3.90769	3.16790	4.41310e-05
1.75116e+04	5.06429e-02	3.44049e-03	1.77841	6.11354	4.41310e-05
1.75581e+04	5.06344e-02	4.00936e-03	0.83140	5.22015	4.41310e-05
1.76047e+04	5.06212e-02	3.54895e-03	5.81739	2.03866	4.41310e-05
1.76513e+04	5.06079e-02	5.05801e-03	5.28450	1.69993	4.41310e-05
1.76979e+04	5.06081e-02	6.93968e-03	5.95268	3.67711	4.41310e-05
1.77445e+04	5.06001e-02	7.51237e-03	5.64964	4.01221	4.41310e-05
1.77911e+04	5.05936e-02	3.85898e-03	0.79518	6.15272	4.41310e-05
1.78377e+04	5.05445e-02	8.03433e-03	2.51986	5.27987	4.41310e-05
1.78842e+04	5.05606e-02	2.52548e-03	5.24218	0.66151	4.41310e-05
1.79308e+04	5.05415e-02	6.54986e-03	1.62251	5.95251	4.41310e-05
1.79774e+04	5.05130e-02	7.20825e-03	0.24736	6.22265	4.41310e-05
1.80240e+04	5.04899e-02	5.88940e-03	4.05524	4.86203	4.41310e-05
1.80706e+04	5.04856e-02	6.95738e-03	3.28768	5.26007	4.41310e-05
1.81172e+04	5.04253e-02	7.06239e-03	3.15901	2.31627	4.41310e-05
1.81638e+04	5.04570e-02	4.66800e-03	3.34990	2.65437	4.41310e-05
1.82103e+04	5.04461e-02	7.45215e-03	4.34449	5.58400	4.41310e-05
1.82569e+04	5.04243e-02	1.16150e-02	5.40725	5.75799	4.41310e-05
1.83035e+04	5.04031e-02	1.08811e-02	2.62474	0.67052	4.41310e-05
1.83501e+04	5.03926e-02	6.29253e-03	4.69753	0.53759	4.41310e-05
1.83967e+04	5.03636e-02	7.38355e-03	3.01392	1.30853	4.41310e-05
1.84433e+04	5.03492e-02	8.13357e-03	1.75835	5.06976	4.41310e-05
1.84899e+04	5.03502e-02	7.44435e-03	1.62364	4.90869	4.41310e-05
1.85364e+04	5.02992e-02	7.18858e-03	2.59330	0.66532	4.41310e-05
1.85830e+04	5.03233e-02	9.02031e-03	4.55741	5.16695	4.41310e-05
1.86296e+04	5.03050e-02	9.59182e-03	0.82488	6.11268	4.41310e-05
1.86762e+04	5.02885e-02	1.08422e-02	4.48556	3.00609	4.41310e-05
1.87228e+04	5.02756e-02	5.79364e-03	4.28748	0.79325	4.41310e-05
1.87694e+04	5.02529e-02	7.49252e-03	4.32469	1.60742	4.41310e-05
1.88160e+04	5.02677e-02	1.11754e-02	6.03637	4.10294	4.41310e-05
1.88625e+04	5.02409e-02	1.22039e-02	3.21909	1.80255	4.41310e-05
1.89091e+04	5.02235e-02	8.51624e-03	1.46303	1.74763	4.41310e-05
1.89557e+04	5.02083e-02	1.04980e-02	0.43988	4.21920	4.41310e-05
1.90023e+04	5.01777e-02	1.15581e-02	1.79411	1.20614	4.41310e-05
1.90489e+04	5.01879e-02	4.50648e-03	4.12376	0.47154	4.41310e-05
1.90955e+04	5.01365e-02	1.14264e-02	2.34656	0.76657	4.41310e-05
1.91421e+04	5.01548e-02	9.57195e-03	1.10751	3.69710	4.41310e-05
1.91886e+04	5.01213e-02	6.34074e-03	3.82767	5.79972	4.41310e-05
1.92352e+04	5.01145e-02	1.52474e-02	0.05576	4.96475	4.41310e-05
1.92818e+04	5.00830e-02	1.55187e-02	4.14621	5.88798	4.41310e-05
1.93284e+04	5.01085e-02	8.58543e-03	2.32154	3.67784	4.41310e-05
1.93750e+04	5.00894e-02	1.02509e-02	2.69709	2.42345	4.41310e-05
1.94216e+04	5.00847e-02	1.46021e-02	4.67003	2.64210	4.41310e-05
1.94682e+04	5.00582e-02	8.25777e-03	2.19513	4.04984	4.41310e-05
1.95147e+04	5.00499e-02	1.29680e-02	0.74859	1.23957	4.41310e-05
1.95613e+04	5.00243e-02	1.06860e-02	1.48011	5.56823	4.41310e-05
1.96079e+04	5.00259e-02	1.00294e-02	4.24436	4.60797	4.41310e-05
1.96545e+04	4.99928e-02	1.16773e-02	2.48760	4.91117	4.41310e-05
1.97011e+04	4.99939e-02	1.12240e-02	2.28503	0.34750	4.41310e-05
1.97477e+04	4.99889e-02	1.29984e-02	3.94903	3.16362	4.41310e-05
1.97943e+04	4.99697e-02	1.23398e-02	1.48188	0.48817	4.41310e-05
1.98408e+04	4.99286e-02	1.58231e-02	1.01598	5.04203	4.41310e-05
1.98874e+04	4.99210e-02	7.36983e-03	2.65391	4.21484	4.41310e-05
1.99340e+04	4.99344e-02	1.18605e-02	1.01995	3.34207	4.41310e-05
1.99806e+04	4.99359e-02	1.24627e-02	0.69812	3.98145	4.41310e-05
2.00272e+04	4.98977e-02	1.03397e-02	2.77147	5.16087	4.41310e-05
2.00738e+04	4.99022e-02	8.47973e-03	1.74876	5.89030	4.41310e-05
2.01203e+04	4.98773e-02	9.38313e-03	2.97216	0.84609	4.41310e-05
2.01669e+04	4.98751e-02	1.25774e-02	0.18505	2.83898	4.41310e-05
2.02135e+04	4.98517e-02	1.45378e-02	0.14708	4.91497	4.41310e-05
2.02601e+04	4.98231e-02	1.12511e-02	2.06103	1.60136	4.41310e-05
2.03067e+04	4.98491e-02	1.97765e-02	0.75584	4.38486	4.41310e-05
2.03533e+04	4.97786e-02	1.45696e-02	1.66873	1.60126	4.41310e-05
2.03999e+04	4.98185e-02	1.20005e-02	4.92447	5.53885	4.41310e-05
2.04464e+04	4.97951e-02	1.10221e-02	3.00292	5.09615	4.41310e-05
2.04930e+04	4.97793e-02	1.77091e-02	4.70186	3.78913	4.41310e-05
2.05396e+04	4.97706e-02	1.15629e-02	2.92296	2.64766	4.41310e-05
2.05862e+04	4.97490e-02	1.21112e-02	1.83415	3.65001	4.41310e-05
2.06328e+04	4.97381e-02	1.59972e-02	4.86703	3.40007	4.41310e-05
2.06794e+04	4.97178e-02	7.81980e-03	2.72570	4.84169	4.41310e-05
2.07260e+04	4.97183e-02	1.44384e-02	4.17814	5.62858	4.41310e-05
2.07725e+04	4.97069e-02	1.16503e-02	0.19804	2.06171	4.41310e-05
2.08191e+04	4.97239e-02	1.40749e-02	0.64319	3.22397	4.41310e-05
2.08657e+04	4.96618e-02	2.02814e-02	2.20884	6.08906	4.41310e-05
2.09123e+04	4.96812e-02	7.99936e-03	0.46911	2.57345	4.41310e-05
2.09589e+04	4.96453e-02	1.61282e-02	1.48766	5.37897	4.41310e-05
2.10055e+04	4.96609e-02	1.76195e-02	4.44237	2.87303	4.41310e-05
2.10521e+04	4.96413e-02	1.69535e-02	3.40927	0.85631	4.41310e-05
2.10986e+04	4.96286e-02	1.03768e-02	5.09312	5.27854	4.41310e-05
2.11452e+04	4.95949e-02	1.10686e-02	4.22209	2.43733	4.41310e-05
2.11918e+04	4.96025e-02	1.57457e-02	4.74775	1.10692	4.41310e-05
2.12384e+04	4.95933e-02	1.56312e-02	1.43778	0.08274	4.41310e-05
2.12850e+04	4.95786e-02	1.66041e-02	1.00597	5.33335	4.41310e-05
2.13316e+04	4.95736e-02	1.98341e-02	2.87574	4.78241	4.41310e-05
2.13782e+04	4.95677e-02	1.94654e-02	1.01483	4.54391	4.41310e-05
2.14247e+04	4.95383e-02	1.94885e-02	1.76745	4.50797	4.41310e-05
2.14713e+04	4.95635e-02	1.88924e-02	5.20755	4.55735	4.41310e-05
2.15179e+04	4.95297e-02	1.72271e-02	4.91697	4.85171	4.41310e-05
2.15645e+04	4.94783e-02	1.52639e-02	0.91192	5.36418	4.41310e-05
2.16111e+04	4.95033e-02	1.53107e-02	5.75567	6.16671	4.41310e-05
2.16577e+04	4.94778e-02	1.42369e-02	0.24802	1.21673	4.41310e-05
2.17043e+04	4.94649e-02	1.63866e-02	3.99688	2.41999	4.41310e-05
2.17508e+04	4.94504e-02	1.76894e-02	4.19647	3.54676	4.41310e-05
2.17974e+04	4.94222e-02	1.58777e-02	0.84744	4.84717	4.41310e-05
2.18440e+04	4.94546e-02	1.21613e-02	5.95484	0.37089	4.41310e-05
2.18906e+04	4.94292e-02	1.32205e-02	0.58573	2.94569	4.41310e-05
2.19372e+04	4.94164e-02	1.82694e-02	4.64690	5.06556	4.41310e-05
2.19838e+04	4.93895e-02	1.51089e-02	5.30047	0.85075	4.41310e-05
2.20304e+04	4.94161e-02	1.40506e-02	1.56301	3.73065	4.41310e-05
2.20769e+04	4.93856e-02	1.70161e-02	0.83613	0.16043	4.41310e-05
2.21235e+04	4.93742e-02	1.50088e-02	2.72797	2.96585	4.41310e-05
2.21701e+04	4.93490e-02	1.45426e-02	0.56240	0.06662	4.41310e-05
2.22167e+04	4.93449e-02	1.87007e-02	1.31443	3.26697	4.41310e-05
2.22633e+04	4.93558e-02	1.33094e-02	4.93986	0.01681	4.41310e-05
2.23099e+04	4.93471e-02	1.69249e-02	4.30096	3.80246	4.41310e-05
2.23565e+04	4.93060e-02	1.75366e-02	0.83740	0.59642	4.41310e-05
2.24030e+04	4.93205e-02	1.27595e-02	5.53724	4.52750	4.41310e-05
2.24496e+04	4.92883e-02	1.99331e-02	0.65223	1.96525	4.41310e-05
2.24962e+04	4.93003e-02	1.29304e-02	4.75936	5.72666	4.41310e-05
2.25428e+04	4.92707e-02	2.05513e-02	4.83546	3.72435	4.41310e-05
2.25894e+04	4.92630e-02	1.01084e-02	1.35029	1.70762	4.41310e-05
2.26360e+04	4.92433e-02	2.21329e-02	0.70111	5.94615	4.41310e-05
2.26826e+04	4.92355e-02	1.28231e-02	2.12605	4.54248	4.41310e-05
2.27291e+04	4.92361e-02	1.87680e-02	0.77774	2.43177	4.41310e-05
2.27757e+04	4.92141e-02	1.59972e-02	1.22273	1.23335	4.41310e-05
2.28223e+04	4.92142e-02	1.65698e-02	4.99273	5.77093	4.41310e-05
2.28689e+04	4.91742e-02	1.60701e-02	4.36571	4.86499	4.41310e-05
2.29155e+04	4.91802e-02	1.33677e-02	1.00824	3.16502	4.41310e-05
2.29621e+04	4.91790e-02	2.15188e-02	5.84553	2.32883	4.41310e-05
2.30087e+04	4.91563e-02	1.56815e-02	0.58129	1.73340	4.41310e-05
2.30552e+04	4.91535e-02	1.38689e-02	5.27275	0.24784	4.41310e-05
2.31018e+04	4.91202e-02	1.82473e-02	5.41858	6.01597	4.41310e-05
2.31484e+04	4.91195e-02	1.49950e-02	2.31170	5.24923	4.41310e-05
2.31950e+04	4.91057e-02	1.83500e-02	1.95750	4.46184	4.41310e-05
2.32416e+04	4.91234e-02	1.93556e-02	3.75925	4.24726	4.41310e-05
2.32882e+04	4.90835e-02	1.34001e-02	2.33716	3.75029	4.41310e-05
2.33348e+04	4.90658e-02	1.45007e-02	3.96753	2.90043	4.41310e-05
2.33813e+04	4.90523e-02	1.78451e-02	1.41269	2.70376	4.41310e-05
2.34279e+04	4.90579e-02	1.42211e-02	1.71374	2.41825	4.41310e-05
2.34745e+04	4.90427e-02	1.61364e-02	4.97093	1.86063	4.41310e-05
2.35211e+04	4.90552e-02	2.04894e-02	4.11798	1.93521	4.41310e-05
2.35677e+04	4.90279e-02	1.84260e-02	5.84448	2.17074	4.41310e-05
2.36143e+04	4.90082e-02	1.50258e-02	4.28192	2.12442	4.41310e-05
2.36609e+04	4.90171e-02	1.93017e-02	5.36412	2.21276	4.41310e-05
2.37074e+04	4.89932e-02	1.89090e-02	2.53509	2.67356	4.41310e-05
2.37540e+04	4.89746e-02	1.50337e-02	2.44660	3.09924	4.41310e-05
2.38006e+04	4.89991e-02	1.50183e-02	5.65375	2.96736	4.41310e-05
2.38472e+04	4.89629e-02	1.90971e-02	4.84758	3.32136	4.41310e-05
2.38938e+04	4.89395e-02	1.83043e-02	0.32543	3.87743	4.41310e-05
2.39404e+04	4.89141e-02	1.27500e-02	5.58269	3.75911	4.41310e-05
2.39870e+04	4.88994e-02	8.94167e-03	2.10628	3.41528	4.41310e-05
2.40335e+04	4.89711e-02	2.14260e-02	1.55544	3.30769	4.41310e-05
2.40801e+04	4.89037e-02	8.75646e-03	1.02078	4.55942	4.41310e-05
2.41267e+04	4.89478e-02	1.97247e-02	1.03167	5.52508	4.41310e-05
2.41733e+04	4.88779e-02	2.50596e-02	4.20052	0.13781	4.41310e-05
2.42199e+04	4.88837e-02	1.88265e-02	1.00279	5.01040	4.41310e-05
2.42665e+04	4.88563e-02	4.24186e-03	4.87733	5.65453	4.41310e-05
2.43131e+04	4.88769e-02	1.25789e-02	4.64056	6.13188	4.41310e-05
2.43596e+04	4.88513e-02	1.60825e-02	5.36977	2.09624	4.41310e-05
2.44062e+04	4.88779e-02	1.19419e-02	2.52281	4.68421	4.41310e-05
2.44528e+04	4.88246e-02	1.38685e-02	3.77399	6.14048	4.41310e-05
2.44994e+04	4.88229e-02	1.36235e-02	2.49716	6.11504	4.41310e-05
2.45460e+04	4.87755e-02	1.76325e-02	1.19774	1.94324	4.41310e-05
2.45926e+04	4.88155e-02	1.56853e-02	1.57222	3.95191	4.41310e-05
2.46392e+04	4.87642e-02	7.29894e-03	1.48200	3.23348	4.41310e-05
2.46857e+04	4.87660e-02	2.32262e-02	5.84670	0.87204	4.41310e-05
2.47323e+04	4.87860e-02	2.67023e-02	1.32782	3.61583	4.41310e-05
2.47789e+04	4.87503e-02	1.44393e-02	5.07602	5.25580	4.41310e-05
2.48255e+04	4.87471e-02	2.71269e-02	4.13067	1.21567	4.41310e-05
2.48721e+04	4.87433e-02	4.13443e-03	4.62562	4.27830	4.41310e-05
2.49187e+04	4.87276e-02	1.98782e-02	0.01079	2.91538	4.41310e-05
2.49653e+04	4.86962e-02	1.31528e-02	4.71623	5.29588	4.41310e-05
2.50118e+04	4.87421e-02	2.08324e-02	0.11266	0.53569	4.41310e-05
2.50584e+04	4.87183e-02	2.08876e-02	1.63163	3.74027	4.41310e-05
2.51050e+04	4.86894e-02	2.12345e-02	3.82484	1.11383	4.41310e-05
2.51516e+04	4.86715e-02	2.93278e-02	3.63056	1.76619	4.41310e-05
2.51982e+04	4.86637e-02	3.07195e-02	0.36781	2.27877	4.41310e-05
2.52448e+04	4.87093e-02	2.01903e-02	1.73616	4.34016	4.41310e-05
2.52914e+04	4.86748e-02	1.90140e-02	1.30147	5.13437	4.41310e-05
2.53379e+04	4.86721e-02	3.38853e-02	5.10574	2.16620	4.41310e-05
2.53845e+04	4.86510e-02	2.26136e-02	2.69903	5.48310	4.41310e-05
2.54311e+04	4.87023e-02	3.32170e-02	2.13968	2.06225	4.41310e-05
2.54777e+04	4.86607e-02	2.34437e-02	1.63023	5.48995	4.41310e-05
2.55243e+04	4.86666e-02	3.34257e-02	1.15786	2.82509	4.41310e-05
2.55709e+04	4.86851e-02	3.49134e-02	0.36728	2.16641	4.41310e-05
2.56175e+04	4.86640e-02	2.15738e-02	0.54225	1.93745	4.41310e-05
2.56640e+04	4.86694e-02	3.49802e-02	1.53598	2.36764	4.41310e-05
2.57106e+04	4.86600e-02	3.51162e-02	4.26657	1.73957	4.41310e-05
2.57572e+04	4.86392e-02	3.04376e-02	3.76158	5.16372	4.41310e-05
2.58038e+04	4.86240e-02	2.34987e-02	6.09545	1.12889	4.41310e-05
2.58504e+04	4.86139e-02	2.46799e-02	3.16800	4.03113	4.41310e-05
2.58970e+04	4.86268e-02	3.79091e-02	5.62016	2.07947	4.41310e-05
2.59436e+04	4.85786e-02	3.38856e-02	4.57997	5.80898	4.41310e-05
2.59901e+04	4.86386e-02	4.04262e-02	4.58162	3.86266	4.41310e-05
2.60367e+04	4.85985e-02	3.61590e-02	2.11260	2.65729	4.41310e-05
2.60833e+04	4.85828e-02	2.41684e-02	1.28326	1.03556	4.41310e-05
2.61299e+04	4.86124e-02	2.04489e-02	3.22458	4.93963	4.41310e-05
2.61765e+04	4.85518e-02	2.91081e-02	4.90014	3.79782	4.41310e-05
2.62231e+04	4.86456e-02	3.94695e-02	5.86208	3.86093	4.41310e-05
2.62697e+04	4.86266e-02	4.70244e-02	2.60333	3.75984	4.41310e-05
2.63162e+04	4.85956e-02	4.42401e-02	5.48539	3.81330	4.41310e-05
2.63628e+04	4.85907e-02	4.21999e-02	3.04499	3.89716	4.41310e-05
2.64094e+04	4.85695e-02	3.29904e-02	1.58658	4.13015	4.41310e-05
2.64560e+04	4.85796e-02	2.65855e-02	1.99770	3.87575	4.41310e-05
2.65026e+04	4.85446e-02	3.32487e-02	2.85553	4.80171	4.41310e-05
2.65492e+04	4.85663e-02	4.53871e-02	5.04805	5.19753	4.41310e-05
2.65958e+04	4.85473e-02	4.16072e-02	3.28572	5.09360	4.41310e-05
2.66423e+04	4.85868e-02	3.91594e-02	2.71638	5.28288	4.41310e-05
2.66889e+04	4.85164e-02	3.09139e-02	1.89221	0.36748	4.41310e-05
2.67355e+04	4.85916e-02	4.41439e-02	1.60753	2.19687	4.41310e-05
2.67821e+04	4.85325e-02	3.14144e-02	0.22026	3.36701	4.41310e-05
2.68287e+04	4.85643e-02	3.69294e-02	2.52888	6.01954	4.41310e-05
2.68753e+04	4.85472e-02	4.77769e-02	1.78424	0.75444	4.41310e-05
2.69219e+04	4.84991e-02	3.65419e-02	5.95327	1.42280	4.41310e-05
2.69684e+04	4.85454e-02	2.85677e-02	4.16731	3.66878	4.41310e-05
2.70150e+04	4.84800e-02	3.69104e-02	5.06069	4.59275	4.41310e-05
2.70616e+04	4.85184e-02	4.38246e-02	5.99839	4.48699	4.41310e-05
2.71082e+04	4.85742e-02	2.91763e-02	1.19634	5.43466	4.41310e-05
2.71548e+04	4.85264e-02	4.32705e-02	1.17927	1.48325	4.41310e-05
2.72014e+04	4.84826e-02	5.25289e-02	2.88836	2.26334	4.41310e-05
2.72480e+04	4.84862e-02	2.38809e-02	5.62270	4.24505	4.41310e-05
2.72945e+04	4.85085e-02	3.99671e-02	1.87197	0.37169	4.41310e-05
2.73411e+04	4.84846e-02	4.16649e-02	5.27870	1.48402	4.41310e-05
2.73877e+04	4.85205e-02	3.68302e-02	3.05455	3.94544	4.41310e-05
2.74343e+04	4.84610e-02	3.95132e-02	2.91523	4.19281	4.41310e-05
2.74809e+04	4.84831e-02	3.42381e-02	5.91602	1.65409	4.41310e-05
2.75275e+04	4.85052e-02	5.06595e-02	0.52343	4.16208	4.41310e-05
2.75741e+04	4.85059e-02	2.36405e-02	2.64475	1.01559	4.41310e-05
2.76206e+04	4.84911e-02	5.03315e-02	5.84774	3.70736	4.41310e-05
2.76672e+04	4.84383e-02	3.94672e-02	1.28140	1.37254	4.41310e-05
2.77138e+04	4.85395e-02	5.61297e-02	0.86439	2.07690	4.41310e-05
2.77604e+04	4.84915e-02	1.98524e-02	4.68199	5.85297	4.41310e-05
2.78070e+04	4.84743e-02	5.76819e-02	5.72090	0.76015	4.41310e-05
2.78536e+04	4.85190e-02	5.51434e-02	2.12851	1.38347	4.41310e-05
2.79002e+04	4.84753e-02	2.67463e-02	1.46868	5.35000	4.41310e-05
2.79467e+04	4.84506e-02	5.19375e-02	5.12331	6.15573	4.41310e-05
2.79933e+04	4.84988e-02	3.27521e-02	3.53702	1.83783	4.41310e-05
2.80399e+04	4.84412e-02	4.60830e-02	1.72244	5.15501	4.41310e-05
2.80865e+04	4.84517e-02	2.44847e-02	0.75076	1.87350	4.41310e-05
2.81331e+04	4.84015e-02	6.22751e-02	2.08099	3.98391	4.41310e-05
2.81797e+04	4.84291e-02	3.52449e-02	4.81378	5.31471	4.41310e-05
2.82263e+04	4.84388e-02	5.45187e-02	5.35733	3.21613	4.41310e-05
2.82728e+04	4.84338e-02	3.54401e-02	3.42665	5.13079	4.41310e-05
2.83194e+04	4.84490e-02	4.75581e-02	1.34845	2.32528	4.41310e-05
2.83660e+04	4.83986e-02	3.33360e-02	5.34851	5.64314	4.41310e-05
2.84126e+04	4.83806e-02	5.50797e-02	5.26750	1.62307	4.41310e-05
2.84592e+04	4.84237e-02	2.53197e-02	4.63252	5.43472	4.41310e-05
2.85058e+04	4.84466e-02	4.75572e-02	6.13203	0.28482	4.41310e-05
2.85524e+04	4.83828e-02	5.89296e-02	3.47506	1.33017	4.41310e-05
2.85989e+04	4.83863e-02	4.41017e-02	4.62188	6.14260	4.41310e-05
2.86455e+04	4.83624e-02	4.12013e-02	3.18393	2.05075	4.41310e-05
2.86921e+04	4.84180e-02	4.25655e-02	1.35365	5.73811	4.41310e-05
2.87387e+04	4.84198e-02	3.57173e-02	1.04688	2.27231	4.41310e-05
2.87853e+04	4.83815e-02	4.39310e-02	1.89808	5.44560	4.41310e-05
2.88319e+04	4.84307e-02	4.22359e-02	2.56989	3.10538	4.41310e-05
2.88785e+04	4.83882e-02	2.96562e-02	5.28503	0.24412	4.41310e-05
2.89250e+04	4.83497e-02	5.72124e-02	2.30267	4.07298	4.41310e-05
2.89716e+04	4.84039e-02	2.55511e-02	0.33784	1.32300	4.41310e-05
2.90182e+04	4.83480e-02	5.08742e-02	5.84683	4.89428	4.41310e-05
2.90648e+04	4.83638e-02	3.67795e-02	5.93195	2.64583	4.41310e-05
2.91114e+04	4.83774e-02	3.67569e-02	1.03743	6.04473	4.41310e-05
2.91580e+04	4.83692e-02	4.16537e-02	3.14408	3.68673	4.41310e-05
2.92046e+04	4.83594e-02	5.31919e-02	5.96071	1.64904	4.41310e-05
2.92511e+04	4.83957e-02	2.61470e-02	3.93816	5.00279	4.41310e-05
2.92977e+04	4.83655e-02	4.02372e-02	2.39874	0.88773	4.41310e-05
2.93443e+04	4.83479e-02	3.05266e-02	3.44083	6.18333	4.41310e-05
2.93909e+04	4.83553e-02	4.48481e-02	4.41276	1.52283	4.41310e-05
2.94375e+04	4.83501e-02	3.46928e-02	5.66187	3.07127	4.41310e-05
2.94841e+04	4.83387e-02	2.92088e-02	3.18977	2.14980	4.41310e-05
2.95307e+04	4.83191e-02	4.62972e-02	5.98819	4.23382	4.41310e-05
2.95772e+04	4.83473e-02	3.93745e-02	4.65918	4.22252	4.41310e-05
2.96238e+04	4.82978e-02	4.87231e-02	4.17664	4.34547	4.41310e-05
2.96704e+04	4.83238e-02	3.85277e-02	3.95908	5.42541	4.41310e-05
2.97170e+04	4.82958e-02	3.69619e-02	5.80114	4.63341	4.41310e-05
2.97636e+04	4.82867e-02	3.65858e-02	0.38795	0.31334	4.41310e-05
2.98102e+04	4.83465e-02	3.14148e-02	3.70199	6.03970	4.41310e-05
2.98568e+04	4.83347e-02	4.51136e-02	0.87744	0.77594	4.41310e-05
2.99033e+04	4.83280e-02	4.13142e-02	5.51551	0.97875	4.41310e-05
2.99499e+04	4.83626e-02	4.22154e-02	4.85133	1.01707	4.41310e-05
2.99965e+04	4.83328e-02	3.61915e-02	4.62525	2.22315	4.41310e-05
3.00431e+04	4.83276e-02	3.23744e-02	5.56169	1.86942	4.41310e-05
3.00897e+04	4.83296e-02	4.31908e-02	0.76258	3.40605	4.41310e-05
3.01363e+04	4.82808e-02	3.76513e-02	3.67698	3.13497	4.41310e-05
3.01829e+04	4.82646e-02	4.48835e-02	0.81742	4.07664	4.41310e-05
3.02294e+04	4.82713e-02	3.48984e-02	5.50363	4.30343	4.41310e-05
3.02760e+04	4.82898e-02	3.97989e-02	4.41927	5.03063	4.41310e-05
3.03226e+04	4.83172e-02	3.54256e-02	3.71732	6.08432	4.41310e-05
3.03692e+04	4.82931e-02	4.49355e-02	4.91336	6.16482	4.41310e-05
3.04158e+04	4.82657e-02	3.84102e-02	0.04054	1.05803	4.41310e-05
3.04624e+04	4.82825e-02	4.35090e-02	2.85091	0.92037	4.41310e-05
3.05090e+04	4.82908e-02	3.15167e-02	5.77158	2.61463	4.41310e-05
3.05555e+04	4.82844e-02	3.74805e-02	4.09888	2.50832	4.41310e-05
3.06021e+04	4.82287e-02	3.55383e-02	2.39297	4.13747	4.41310e-05
3.06487e+04	4.82512e-02	3.83585e-02	2.69320	4.11573	4.41310e-05
3.06953e+04	4.82929e-02	3.04962e-02	2.91378	5.61864	4.41310e-05
3.07419e+04	4.82117e-02	2.74096e-02	4.21415	6.26738	4.41310e-05
3.07885e+04	4.82720e-02	3.40170e-02	0.28757	1.15261	4.41310e-05
3.08351e+04	4.82512e-02	3.44170e-02	3.44501	2.20000	4.41310e-05
3.08816e+04	4.82342e-02	3.29115e-02	1.36934	2.84729	4.41310e-05
3.09282e+04	4.82472e-02	3.43033e-02	5.71707	4.65255	4.41310e-05
3.09748e+04	4.82696e-02	3.83230e-02	5.85695	4.99881	4.41310e-05
3.10214e+04	4.82218e-02	4.08276e-02	5.86515	0.45175	4.41310e-05
3.10680e+04	4.82316e-02	3.84976e-02	1.40371	0.70337	4.41310e-05
3.11146e+04	4.82520e-02	3.65099e-02	2.90497	2.85352	4.41310e-05
3.11612e+04	4.81903e-02	3.72453e-02	0.44380	3.16920	4.41310e-05
3.12077e+04	4.82391e-02	3.51855e-02	3.78822	5.13988	4.41310e-05
3.12543e+04	4.81721e-02	2.94493e-02	2.68545	5.84852	4.41310e-05
3.13009e+04	4.82688e-02	3.78778e-02	1.64439	1.57890	4.41310e-05
3.13475e+04	4.81678e-02	3.65840e-02	2.34571	2.58770	4.41310e-05
3.13941e+04	4.81959e-02	3.91215e-02	3.32812	4.04685	4.41310e-05
3.14407e+04	4.81974e-02	3.62116e-02	5.40785	5.61205	4.41310e-05
3.14873e+04	4.82138e-02	3.78442e-02	2.28285	0.50979	4.41310e-05
3.15338e+04	4.81836e-02	3.49056e-02	6.11923	2.36244	4.41310e-05
3.15804e+04	4.81873e-02	3.03601e-02	4.59624	3.48316	4.41310e-05
3.16270e+04	4.81608e-02	3.97496e-02	3.53433	5.73699	4.41310e-05
3.16736e+04	4.82366e-02	3.88463e-02	4.24987	0.41200	4.41310e-05
3.17202e+04	4.81270e-02	3.71651e-02	5.33604	2.51275	4.41310e-05
3.17668e+04	4.81767e-02	3.37522e-02	0.89096	3.93319	4.41310e-05
3.18134e+04	4.82087e-02	4.01680e-02	3.96530	5.71543	4.41310e-05
3.18599e+04	4.81544e-02	2.92961e-02	1.32717	1.28486	4.41310e-05
3.19065e+04	4.81718e-02	4.17611e-02	6.14333	2.97499	4.41310e-05
3.19531e+04	4.81856e-02	3.79396e-02	5.53892	4.90742	4.41310e-05
3.19997e+04	4.81355e-02	3.72787e-02	6.04974	0.01368	4.41310e-05
3.20463e+04	4.81383e-02	3.49394e-02	0.19975	2.63398	4.41310e-05
3.20929e+04	4.81736e-02	3.87345e-02	2.87004	3.81808	4.41310e-05
3.21395e+04	4.81404e-02	3.88213e-02	5.33311	0.25285	4.41310e-05
3.21860e+04	4.81423e-02	3.99609e-02	3.44360	1.47369	4.41310e-05
3.22326e+04	4.81334e-02	3.48333e-02	1.36829	4.17046	4.41310e-05
3.22792e+04	4.81441e-02	3.51470e-02	0.98741	5.79504	4.41310e-05
3.23258e+04	4.81597e-02	4.36454e-02	1.04624	1.91671	4.41310e-05
3.23724e+04	4.81339e-02	3.31210e-02	2.56398	3.81747	4.41310e-05
3.24190e+04	4.81033e-02	4.01015e-02	4.50611	6.08236	4.41310e-05
3.24656e+04	4.81354e-02	3.32885e-02	1.04635	2.15401	4.41310e-05
3.25121e+04	4.80876e-02	4.33986e-02	5.00218	4.15427	4.41310e-05
3.25587e+04	4.81004e-02	3.39822e-02	3.50741	0.31149	4.41310e-05
3.26053e+04	4.81503e-02	3.71880e-02	3.16364	2.26542	4.41310e-05
3.26519e+04	4.81157e-02	4.05051e-02	3.27146	5.05617	4.41310e-05
3.26985e+04	4.80824e-02	3.84233e-02	4.97465	0.46440	4.41310e-05
3.27451e+04	4.80524e-02	3.73097e-02	0.28436	3.47846	4.41310e-05
3.27917e+04	4.80680e-02	3.53308e-02	3.68085	5.33812	4.41310e-05
3.28382e+04	4.81243e-02	4.33506e-02	1.01765	1.93700	4.41310e-05
3.28848e+04	4.81212e-02	3.58642e-02	0.08867	3.99978	4.41310e-05
3.29314e+04	4.81218e-02	4.11733e-02	5.74977	0.44241	4.41310e-05
3.29780e+04	4.80825e-02	3.80911e-02	0.02219	2.97002	4.41310e-05
3.30246e+04	4.80746e-02	3.90278e-02	1.53974	5.26837	4.41310e-05
3.30712e+04	4.80444e-02	3.71341e-02	3.44154	2.01904	4.41310e-05
3.31178e+04	4.80608e-02	3.89011e-02	0.69044	4.11114	4.41310e-05
3.31643e+04	4.80887e-02	4.09750e-02	4.52307	0.92362	4.41310e-05
3.32109e+04	4.80622e-02	3.46573e-02	3.69680	3.11632	4.41310e-05
3.32575e+04	4.80699e-02	4.46928e-02	3.14596	6.25936	4.41310e-05
3.33041e+04	4.80317e-02	3.29201e-02	3.99290	2.39744	4.41310e-05
3.33507e+04	4.79820e-02	4.11768e-02	5.39413	5.36553	4.41310e-05
3.33973e+04	4.80062e-02	3.62352e-02	1.38208	1.95649	4.41310e-05
3.34439e+04	4.79855e-02	3.83145e-02	4.95398	4.53488	4.41310e-05
3.34904e+04	4.80194e-02	3.84186e-02	2.75209	1.45868	4.41310e-05
3.35370e+04	4.80231e-02	3.79565e-02	1.96722	3.99227	4.41310e-05
3.35836e+04	4.80072e-02	3.87061e-02	1.83105	0.87754	4.41310e-05
3.36302e+04	4.80059e-02	3.80501e-02	2.62269	3.64403	4.41310e-05
3.36768e+04	4.79957e-02	3.79092e-02	4.50875	0.37035	4.41310e-05
3.37234e+04	4.79887e-02	3.92327e-02	0.76286	3.31567	4.41310e-05
3.37700e+04	4.79903e-02	3.74799e-02	4.47544	0.03000	4.41310e-05
3.38165e+04	4.80229e-02	4.02025e-02	2.78000	2.99988	4.41310e-05
3.38631e+04	4.80179e-02	3.76467e-02	1.91446	6.07711	4.41310e-05
3.39097e+04	4.80070e-02	3.94875e-02	2.23774	2.83078	4.41310e-05
3.39563e+04	4.79753e-02	3.91171e-02	3.34016	5.81203	4.41310e-05
3.40029e+04	4.79556e-02	3.84124e-02	5.36515	2.88167	4.41310e-05
3.40495e+04	4.79788e-02	3.95991e-02	2.35006	5.64574	4.41310e-05
3.40961e+04	4.80189e-02	4.18191e-02	5.92835	2.96451	4.41310e-05
3.41426e+04	4.80296e-02	3.82362e-02	4.74630	5.73718	4.41310e-05
3.41892e+04	4.79878e-02	4.35235e-02	3.98964	2.87712	4.41310e-05
3.42358e+04	4.79555e-02	3.57865e-02	4.36962	6.16057	4.41310e-05
3.42824e+04	4.79393e-02	4.03569e-02	6.09420	2.82969	4.41310e-05
3.43290e+04	4.79630e-02	4.19304e-02	1.80273	0.26176	4.41310e-05
3.43756e+04	4.79645e-02	3.68262e-02	5.43762	3.07495	4.41310e-05
3.44221e+04	4.79565e-02	4.38265e-02	3.17142	0.48269	4.41310e-05
3.44687e+04	4.79772e-02	3.76327e-02	2.21029	3.59977	4.41310e-05
3.45153e+04	4.80077e-02	4.08469e-02	2.04946	0.83730	4.41310e-05
3.45619e+04	4.80117e-02	4.19894e-02	2.84425	4.13409	4.41310e-05
3.46085e+04	4.79340e-02	3.79693e-02	4.55008	1.32138	4.41310e-05
3.46551e+04	4.79401e-02	3.99243e-02	1.18514	4.67929	4.41310e-05
3.47017e+04	4.79638e-02	4.16676e-02	4.84013	1.77975	4.41310e-05
3.47482e+04	4.79543e-02	3.85419e-02	2.96478	5.50072	4.41310e-05
3.47948e+04	4.79279e-02	4.02847e-02	2.56024	2.32689	4.41310e-05
3.48414e+04	4.79366e-02	4.39758e-02	2.45198	6.23368	4.41310e-05
3.48880e+04	4.79095e-02	3.53097e-02	3.76133	3.19948	4.41310e-05
3.49346e+04	4.78814e-02	4.28532e-02	5.98833	0.52517	4.41310e-05
3.49812e+04	4.79354e-02	4.05647e-02	2.67759	4.21472	4.41310e-05
3.50278e+04	4.79214e-02	3.84440e-02	0.48425	1.37139	4.41310e-05
3.50743e+04	4.78984e-02	4.28994e-02	5.53412	5.03040	4.41310e-05
3.51209e+04	4.78781e-02	3.98547e-02	5.11740	2.38178	4.41310e-05
3.51675e+04	4.78726e-02	3.79629e-02	5.86276	6.03694	4.41310e-05
3.52141e+04	4.79454e-02	4.35984e-02	1.28387	3.28319	4.41310e-05
3.52607e+04	4.79055e-02	4.09476e-02	3.55595	0.92384	4.41310e-05
3.53073e+04	4.78749e-02	3.74072e-02	1.06962	4.40549	4.41310e-05
3.53539e+04	4.78990e-02	4.43277e-02	5.60134	1.87943	4.41310e-05
3.54004e+04	4.79021e-02	4.04800e-02	4.57140	5.76143	4.41310e-05
3.54470e+04	4.78837e-02	3.96063e-02	4.90168	3.03888	4.41310e-05
3.54936e+04	4.78518e-02	4.21512e-02	5.91868	0.68107	4.41310e-05
3.55402e+04	4.78658e-02	4.16162e-02	1.78996	4.37249	4.41310e-05
3.55868e+04	4.79145e-02	3.97574e-02	4.70039	2.06472	4.41310e-05
3.56334e+04	4.78401e-02	4.15445e-02	2.62100	5.62298	4.41310e-05
3.56800e+04	4.78910e-02	4.37133e-02	1.14549	3.46969	4.41310e-05
3.57265e+04	4.78845e-02	3.77572e-02	0.85740	0.96333	4.41310e-05
3.57731e+04	4.78790e-02	4.34061e-02	1.63975	4.69046	4.41310e-05
3.58197e+04	4.78263e-02	4.24398e-02	3.02123	2.53534	4.41310e-05
3.58663e+04	4.78575e-02	3.90509e-02	5.79557	0.00345	4.41310e-05
3.59129e+04	4.78883e-02	4.11301e-02	2.99959	4.00359	4.41310e-05
3.59595e+04	4.78480e-02	4.38738e-02	1.26139	1.58057	4.41310e-05
3.60061e+04	4.78397e-02	3.98558e-02	0.31584	5.74238	4.41310e-05
3.60526e+04	4.78531e-02	4.04762e-02	0.79542	3.17215	4.41310e-05
3.60992e+04	4.78271e-02	4.48255e-02	1.76130	0.95729	4.41310e-05
3.61458e+04	4.78178e-02	4.03329e-02	3.90790	5.10891	4.41310e-05
3.61924e+04	4.78397e-02	4.00774e-02	0.85963	2.58497	4.41310e-05
3.62390e+04	4.78102e-02	4.41278e-02	4.90208	0.51001	4.41310e-05
3.62856e+04	4.77951e-02	4.13004e-02	3.63442	4.50071	4.41310e-05
3.63322e+04	4.78293e-02	4.04582e-02	3.39999	2.37237	4.41310e-05
3.63787e+04	4.77721e-02	4.12583e-02	4.24553	6.25859	4.41310e-05
3.64253e+04	4.78209e-02	4.43096e-02	5.91705	4.20291	4.41310e-05
3.64719e+04	4.77828e-02	4.03789e-02	2.24707	2.08350	4.41310e-05
3.65185e+04	4.77633e-02	4.03452e-02	6.07818	5.99925	4.41310e-05
3.65651e+04	4.77980e-02	4.41623e-02	4.47416	3.98226	4.41310e-05
3.66117e+04	4.77736e-02	4.18598e-02	3.69954	1.79899	4.41310e-05
3.66583e+04	4.77753e-02	4.01244e-02	4.12774	6.05091	4.41310e-05
3.67048e+04	4.77609e-02	4.15862e-02	5.59006	3.74325	4.41310e-05
3.67514e+04	4.77587e-02	4.44821e-02	1.46828	1.77569	4.41310e-05
3.67980e+04	4.77938e-02	4.11410e-02	4.78780	6.03673	4.41310e-05
3.68446e+04	4.77475e-02	3.90594e-02	2.85652	3.78569	4.41310e-05
3.68912e+04	4.77727e-02	4.45405e-02	1.86881	1.78649	4.41310e-05
3.69378e+04	4.77674e-02	4.38573e-02	1.74509	6.04743	4.41310e-05
3.69844e+04	4.77319e-02	3.81425e-02	2.63379	4.09738	4.41310e-05
3.70309e+04	4.78016e-02	4.30678e-02	4.76742	1.80425	4.41310e-05
3.70775e+04	4.77673e-02	4.58940e-02	1.24519	6.27912	4.41310e-05
3.71241e+04	4.77314e-02	4.06610e-02	5.03774	4.33695	4.41310e-05
3.71707e+04	4.77558e-02	3.94119e-02	3.79585	2.16204	4.41310e-05
3.72173e+04	4.77396e-02	4.54950e-02	3.44771	0.24819	4.41310e-05
3.72639e+04	4.77203e-02	4.33167e-02	3.81036	4.62185	4.41310e-05
3.73105e+04	4.77665e-02	3.99932e-02	5.45359	2.73422	4.41310e-05
3.73570e+04	4.77219e-02	4.19274e-02	1.89876	0.58604	4.41310e-05
3.74036e+04	4.76958e-02	4.48708e-02	5.36612	5.09584	4.41310e-05
3.74502e+04	4.77266e-02	4.20210e-02	3.51400	3.21670	4.41310e-05
3.74968e+04	4.77254e-02	4.02039e-02	2.99770	1.23595	4.41310e-05
3.75434e+04	4.76877e-02	4.22387e-02	3.23253	5.60333	4.41310e-05
3.75900e+04	4.77066e-02	4.43016e-02	4.46793	3.72372	4.41310e-05
3.76366e+04	4.77261e-02	4.20417e-02	0.31616	1.96639	4.41310e-05
3.76831e+04	4.77056e-02	4.19238e-02	3.75714	6.20525	4.41310e-05
3.77297e+04	4.76725e-02	4.22392e-02	1.58342	4.41903	4.41310e-05
3.77763e+04	4.77062e-02	4.38573e-02	0.49012	2.52964	4.41310e-05
3.78229e+04	4.77020e-02	4.35765e-02	0.31428	0.77575	4.41310e-05
3.78695e+04	4.77406e-02	4.13135e-02	1.28440	5.20819	4.41310e-05
3.79161e+04	4.76386e-02	4.23586e-02	3.33790	3.27081	4.41310e-05
3.79627e+04	4.76598e-02	4.41512e-02	6.09685	1.57601	4.41310e-05
3.80092e+04	4.76788e-02	4.29238e-02	3.76819	6.04033	4.41310e-05
3.80558e+04	4.76605e-02	4.10671e-02	2.38709	4.31593	4.41310e-05
3.81024e+04	4.76944e-02	4.23005e-02	2.22049	2.36600	4.41310e-05
3.81490e+04	4.76278e-02	4.50857e-02	2.72873	0.68192	4.41310e-05
3.81956e+04	4.76560e-02	4.28883e-02	4.16288	5.28473	4.41310e-05
3.82422e+04	4.76674e-02	4.06683e-02	0.57936	3.42773	4.41310e-05
3.82888e+04	4.76563e-02	4.25621e-02	4.17325	1.66664	4.41310e-05
3.83353e+04	4.76792e-02	4.61797e-02	2.52687	6.19436	4.41310e-05
3.83819e+04	4.76215e-02	4.28981e-02	1.77219	4.63210	4.41310e-05
3.84285e+04	4.76198e-02	3.97172e-02	2.15467	2.78714	4.41310e-05
3.84751e+04	4.76075e-02	4.30259e-02	3.59344	1.03328	4.41310e-05
3.85217e+04	4.76208e-02	4.48706e-02	5.83788	5.64848	4.41310e-05
3.85683e+04	4.76729e-02	4.39256e-02	2.76327	4.00642	4.41310e-05
3.86149e+04	4.76544e-02	4.16864e-02	0.83739	2.34390	4.41310e-05
3.86614e+04	4.76268e-02	4.28176e-02	6.24417	0.50898	4.41310e-05
3.87080e+04	4.76363e-02	4.53017e-02	6.20395	5.23057	4.41310e-05
3.87546e+04	4.76119e-02	4.41004e-02	1.01609	3.54358	4.41310e-05
3.88012e+04	4.75743e-02	4.10031e-02	3.02460	1.94253	4.41310e-05
3.88478e+04	4.75828e-02	4.16113e-02	6.11372	0.21521	4.41310e-05
3.88944e+04	4.76060e-02	4.40829e-02	3.91752	4.81934	4.41310e-05
3.89410e+04	4.75763e-02	4.39367e-02	2.52425	3.30008	4.41310e-05
3.89875e+04	4.75951e-02	4.30311e-02	2.22586	1.61177	4.41310e-05
3.90341e+04	4.76227e-02	4.27040e-02	3.00109	0.06258	4.41310e-05
3.90807e+04	4.75918e-02	4.27861e-02	4.93223	4.61056	4.41310e-05
3.91273e+04	4.75958e-02	4.49818e-02	1.37018	3.08879	4.41310e-05
3.91739e+04	4.75841e-02	4.47786e-02	5.14226	1.51947	4.41310e-05
3.92205e+04	4.75921e-02	4.29941e-02	3.68350	6.19948	4.41310e-05
3.92671e+04	4.75756e-02	4.13343e-02	3.17754	4.59196	4.41310e-05
3.93136e+04	4.75541e-02	4.43148e-02	3.64206	2.94689	4.41310e-05
3.93602e+04	4.75402e-02	4.53468e-02	5.08324	1.50476	4.41310e-05
3.94068e+04	4.75483e-02	4.27871e-02	1.35982	6.20579	4.41310e-05
3.94534e+04	4.75199e-02	4.10469e-02	4.90510	4.64495	4.41310e-05
3.95000e+04	4.75403e-02	4.20357e-02	3.18881	3.00961	4.41310e-05
3.95466e+04	4.75528e-02	4.59725e-02	2.36986	1.49444	4.41310e-05
3.95932e+04	4.75282e-02	4.39411e-02	2.49609	0.07694	4.41310e-05
3.96397e+04	4.75018e-02	4.06000e-02	3.77202	4.73213	4.41310e-05
3.96863e+04	4.74862e-02	4.19375e-02	6.05078	3.22566	4.41310e-05
3.97329e+04	4.75329e-02	4.41587e-02	3.11471	1.63511	4.41310e-05
3.97795e+04	4.75363e-02	4.55987e-02	1.04147	0.23537	4.41310e-05
3.98261e+04	4.75140e-02	4.26878e-02	6.27674	5.00238	4.41310e-05
3.98727e+04	4.74955e-02	4.14047e-02	6.22640	3.45931	4.41310e-05
3.99193e+04	4.75000e-02	4.33893e-02	0.94609	1.95788	4.41310e-05
3.99658e+04	4.75152e-02	4.48517e-02	3.02219	0.43489	4.41310e-05
4.00124e+04	4.75117e-02	4.43962e-02	6.02844	5.33846	4.41310e-05
4.00590e+04	4.74808e-02	4.17406e-02	3.81106	3.77926	4.41310e-05
4.01056e+04	4.74655e-02	4.25627e-02	2.47037	2.32977	4.41310e-05
4.01522e+04	4.74725e-02	4.29619e-02	2.20256	0.83033	4.41310e-05
4.01988e+04	4.74921e-02	4.43308e-02	2.95939	5.66792	4.41310e-05
4.02454e+04	4.75142e-02	4.40276e-02	4.76506	4.24922	4.41310e-05
4.02919e+04	4.75375e-02	4.35852e-02	1.29798	2.74707	4.41310e-05
4.03385e+04	4.74830e-02	4.36916e-02	5.01901	1.33182	4.41310e-05
4.03851e+04	4.74634e-02	4.41975e-02	3.47443	6.11489	4.41310e-05
4.04317e+04	4.74810e-02	4.38668e-02	2.89975	4.73926	4.41310e-05
4.04783e+04	4.74677e-02	4.41623e-02	3.42976	3.28356	4.41310e-05
4.05249e+04	4.75091e-02	4.45532e-02	4.93489	1.86075	4.41310e-05
4.05715e+04	4.75368e-02	4.41242e-02	1.13026	0.44833	4.41310e-05
4.06180e+04	4.74975e-02	4.45372e-02	4.67845	5.23221	4.41310e-05
4.06646e+04	4.74577e-02	4.42840e-02	2.88776	3.89722	4.41310e-05
4.07112e+04	4.74206e-02	4.27904e-02	2.19457	2.44935	4.41310e-05
4.07578e+04	4.74009e-02	4.27804e-02	2.44953	1.07892	4.41310e-05
4.08044e+04	4.74137e-02	4.24086e-02	3.71649	5.90198	4.41310e-05
4.08510e+04	4.74353e-02	4.43465e-02	5.95108	4.49321	4.41310e-05
4.08976e+04	4.74552e-02	4.43480e-02	2.92305	3.15241	4.41310e-05
4.09441e+04	4.74772e-02	4.52528e-02	0.95836	1.75157	4.41310e-05
4.09907e+04	4.74862e-02	4.40003e-02	6.21152	0.40379	4.41310e-05
4.10373e+04	4.74752e-02	4.42325e-02	6.22662	5.21073	4.41310e-05
4.10839e+04	4.74479e-02	4.53666e-02	0.89055	3.88224	4.41310e-05
4.11305e+04	4.74065e-02	4.36878e-02	2.95989	2.49657	4.41310e-05
4.11771e+04	4.73934e-02	4.36384e-02	6.04437	1.12523	4.41310e-05
4.12237e+04	4.73879e-02	4.26746e-02	3.77658	6.05295	4.41310e-05
4.12702e+04	4.73871e-02	4.34517e-02	2.50319	4.62671	4.41310e-05
4.13168e+04	4.74019e-02	4.43309e-02	2.18624	3.32762	4.41310e-05
4.13634e+04	4.74115e-02	4.41153e-02	2.95994	1.92999	4.41310e-05
4.14100e+04	4.74163e-02	4.39718e-02	4.66448	0.62771	4.41310e-05
4.14566e+04	4.74103e-02	4.30068e-02	1.13025	5.52053	4.41310e-05
4.15032e+04	4.73686e-02	4.42190e-02	4.90794	4.16246	4.41310e-05
4.15498e+04	4.73649e-02	4.44626e-02	3.46432	2.83085	4.41310e-05
4.15963e+04	4.74176e-02	4.45111e-02	3.00182	1.46618	4.41310e-05
4.16429e+04	4.74166e-02	4.51798e-02	3.39421	0.18702	4.41310e-05
4.16895e+04	4.73950e-02	4.46977e-02	4.85648	5.07245	4.41310e-05
4.17361e+04	4.74001e-02	4.44485e-02	1.08859	3.77117	4.41310e-05
4.17827e+04	4.73733e-02	4.42340e-02	4.72001	2.38910	4.41310e-05
4.18293e+04	4.73919e-02	4.43790e-02	2.93650	1.09444	4.41310e-05
4.18759e+04	4.74033e-02	4.45225e-02	2.08158	6.07821	4.41310e-05
4.19224e+04	4.73843e-02	4.46452e-02	2.28344	4.71686	4.41310e-05
4.19690e+04	4.73422e-02	4.44026e-02	3.51676	3.42997	4.41310e-05
4.20156e+04	4.73597e-02	4.40958e-02	5.83576	2.03825	4.41310e-05
4.20622e+04	4.73571e-02	4.46269e-02	2.72869	0.77216	4.41310e-05
4.21088e+04	4.73414e-02	4.48098e-02	0.65512	5.73343	4.41310e-05
4.21554e+04	4.73724e-02	4.50205e-02	5.87599	4.43591	4.41310e-05
4.22020e+04	4.73628e-02	4.41976e-02	5.82534	3.11867	4.41310e-05
4.22485e+04	4.73205e-02	4.43649e-02	0.47119	1.77763	4.41310e-05
4.22951e+04	4.73176e-02	4.43695e-02	2.39430	0.52099	4.41310e-05
4.23417e+04	4.73151e-02	4.48636e-02	5.38585	5.46456	4.41310e-05
4.23883e+04	4.73654e-02	4.45343e-02	2.98562	4.21611	4.41310e-05
4.24349e+04	4.73244e-02	4.39930e-02	1.59976	2.87536	4.41310e-05
4.24815e+04	4.73358e-02	4.43448e-02	1.24503	1.57598	4.41310e-05
4.25281e+04	4.73218e-02	4.47811e-02	1.95092	0.29384	4.41310e-05
4.25746e+04	4.73340e-02	4.56521e-02	3.58827	5.27025	4.41310e-05
4.26212e+04	4.73268e-02	4.49151e-02	6.11204	4.00908	4.41310e-05
4.26678e+04	4.72813e-02	4.41392e-02	3.47273	2.66163	4.41310e-05
4.27144e+04	4.72942e-02	4.45175e-02	1.88293	1.39654	4.41310e-05
4.27610e+04	4.73517e-02	4.52077e-02	1.22227	0.09644	4.41310e-05
4.28076e+04	4.73190e-02	4.51544e-02	1.43448	5.10235	4.41310e-05
4.28542e+04	4.72777e-02	4.35489e-02	2.72755	3.82523	4.41310e-05
4.29007e+04	4.72293e-02	4.37266e-02	5.15414	2.51118	4.41310e-05
4.29473e+04	4.72880e-02	4.43688e-02	2.16638	1.25722	4.41310e-05
4.29939e+04	4.72950e-02	4.48154e-02	0.09470	6.22110	4.41310e-05
4.30405e+04	4.72266e-02	4.36416e-02	5.37984	4.95782	4.41310e-05
4.30871e+04	4.72149e-02	4.34045e-02	5.49469	3.65106	4.41310e-05
4.31337e+04	4.72797e-02	4.47646e-02	0.16537	2.39741	4.41310e-05
4.31803e+04	4.72609e-02	4.38465e-02	2.04363	1.10966	4.41310e-05
4.32268e+04	4.72103e-02	4.39293e-02	5.03739	6.09909	4.41310e-05
4.32734e+04	4.72633e-02	4.44793e-02	2.78227	4.84017	4.41310e-05
4.33200e+04	4.73133e-02	4.51568e-02	1.36491	3.55154	4.41310e-05
4.33666e+04	4.72653e-02	4.51472e-02	0.88926	2.29304	4.41310e-05
4.34132e+04	4.72302e-02	4.42341e-02	1.59054	0.97625	4.41310e-05
4.34598e+04	4.72555e-02	4.46337e-02	3.22033	5.99573	4.41310e-05
4.35064e+04	4.72741e-02	4.48848e-02	5.69099	4.72247	4.41310e-05
4.35529e+04	4.72100e-02	4.36126e-02	2.96645	3.42711	4.41310e-05
4.35995e+04	4.72130e-02	4.41648e-02	1.31440	2.19115	4.41310e-05
4.36461e+04	4.72171e-02	4.42492e-02	0.58198	0.87097	4.41310e-05
4.36927e+04	4.71903e-02	4.41514e-02	0.71888	5.90032	4.41310e-05
4.37393e+04	4.71967e-02	4.41158e-02	1.98911	4.59611	4.41310e-05
4.37859e+04	4.72450e-02	4.53042e-02	4.18455	3.33530	4.41310e-05
4.38325e+04	4.72568e-02	4.52070e-02	0.95199	2.07077	4.41310e-05
4.38790e+04	4.71741e-02	4.43065e-02	5.08226	0.76769	4.41310e-05
4.39256e+04	4.72067e-02	4.39993e-02	3.94785	5.78528	4.41310e-05
4.39722e+04	4.71953e-02	4.41273e-02	3.73913	4.47989	4.41310e-05
4.40188e+04	4.71645e-02	4.37884e-02	4.51604	3.21518	4.41310e-05
4.40654e+04	4.71731e-02	4.44748e-02	0.01091	1.92273	4.41310e-05
4.41120e+04	4.72086e-02	4.45324e-02	2.69524	0.67245	4.41310e-05
4.41586e+04	4.71817e-02	4.45593e-02	0.10630	5.65052	4.41310e-05
4.42051e+04	4.72080e-02	4.49255e-02	4.75830	4.34823	4.41310e-05
4.42517e+04	4.72015e-02	4.47483e-02	4.00974	3.10085	4.41310e-05
4.42983e+04	4.71311e-02	4.38788e-02	4.37584	1.77993	4.41310e-05
4.43449e+04	4.71672e-02	4.42828e-02	5.68910	0.51825	4.41310e-05
4.43915e+04	4.71735e-02	4.41588e-02	1.57766	5.50277	4.41310e-05
4.44381e+04	4.71602e-02	4.44896e-02	4.80941	4.21849	4.41310e-05
4.44847e+04	4.71777e-02	4.47288e-02	2.71978	2.93381	4.41310e-05
4.45312e+04	4.71877e-02	4.52149e-02	1.42612	1.64123	4.41310e-05
4.45778e+04	4.71379e-02	4.38830e-02	1.21786	0.36398	4.41310e-05
4.46244e+04	4.71257e-02	4.39699e-02	2.11331	5.31732	4.41310e-05
4.46710e+04	4.71553e-02	4.43914e-02	3.72223	4.05839	4.41310e-05
4.47176e+04	4.71359e-02	4.43056e-02	0.11263	2.72479	4.41310e-05
4.47642e+04	4.71508e-02	4.48337e-02	3.79696	1.44362	4.41310e-05
4.48108e+04	4.71644e-02	4.46589e-02	1.98489	0.12890	4.41310e-05
4.48573e+04	4.71168e-02	4.41142e-02	1.18709	5.12104	4.41310e-05
4.49039e+04	4.71273e-02	4.38976e-02	1.46998	3.82640	4.41310e-05
4.49505e+04	4.71253e-02	4.44594e-02	2.60001	2.48803	4.41310e-05
4.49971e+04	4.71303e-02	4.41514e-02	4.65967	1.19232	4.41310e-05
4.50437e+04	4.71618e-02	4.50544e-02	1.37502	6.15062	4.41310e-05
4.50903e+04	4.71006e-02	4.42714e-02	5.29410	4.86100	4.41310e-05
4.51369e+04	4.70880e-02	4.34207e-02	4.01246	3.50902	4.41310e-05
4.51834e+04	4.71003e-02	4.46651e-02	3.53031	2.20710	4.41310e-05
4.52300e+04	4.71036e-02	4.41378e-02	4.04009	0.88252	4.41310e-05
4.52766e+04	4.71054e-02	4.48231e-02	5.52088	5.82384	4.41310e-05
4.53232e+04	4.71019e-02	4.44346e-02	1.46377	4.52471	4.41310e-05
4.53698e+04	4.70496e-02	4.35082e-02	4.87959	3.15235	4.41310e-05
4.54164e+04	4.71123e-02	4.39679e-02	2.88982	1.86333	4.41310e-05
4.54630e+04	4.71097e-02	4.46749e-02	1.65275	0.50096	4.41310e-05
4.55095e+04	4.70752e-02	4.42984e-02	1.48178	5.46500	4.41310e-05
4.55561e+04	4.70841e-02	4.39613e-02	2.25897	4.11414	4.41310e-05
4.56027e+04	4.70598e-02	4.34478e-02	3.90864	2.74206	4.41310e-05
4.56493e+04	4.70915e-02	4.47686e-02	0.25319	1.40921	4.41310e-05
4.56959e+04	4.70915e-02	4.50105e-02	3.71993	0.04324	4.41310e-05
4.57425e+04	4.70423e-02	4.39296e-02	1.84999	4.99470	4.41310e-05
4.57891e+04	4.70741e-02	4.43562e-02	0.92865	3.61975	4.41310e-05
4.58356e+04	4.70576e-02	4.43969e-02	0.90177	2.25641	4.41310e-05
4.58822e+04	4.70544e-02	4.45216e-02	1.86145	0.88107	4.41310e-05
4.59288e+04	4.70707e-02	4.49049e-02	3.53852	5.79530	4.41310e-05
4.59754e+04	4.70000e-02	4.35105e-02	6.26576	4.42479	4.41310e-05
4.60220e+04	4.70268e-02	4.40017e-02	3.73615	3.02475	4.41310e-05
4.60686e+04	4.70646e-02	4.48661e-02	1.83154	1.67354	4.41310e-05
4.61152e+04	4.70469e-02	4.43797e-02	1.00641	0.25168	4.41310e-05
4.61617e+04	4.70675e-02	4.46707e-02	1.04791	5.18278	4.41310e-05
4.62083e+04	4.70085e-02	4.35101e-02	1.98982	3.75003	4.41310e-05
4.62549e+04	4.70438e-02	4.43972e-02	3.87926	2.34482	4.41310e-05
4.63015e+04	4.70598e-02	4.49172e-02	0.25785	0.94281	4.41310e-05
4.63481e+04	4.70051e-02	4.32940e-02	3.92045	5.79347	4.41310e-05
4.63947e+04	4.70279e-02	4.37339e-02	2.13411	4.41524	4.41310e-05
4.64413e+04	4.70419e-02	4.42396e-02	1.23031	2.98026	4.41310e-05
4.64878e+04	4.70510e-02	4.45371e-02	1.28577	1.57596	4.41310e-05
4.65344e+04	4.70268e-02	4.40272e-02	2.07128	0.11890	4.41310e-05
4.65810e+04	4.69728e-02	4.30297e-02	3.91461	4.94859	4.41310e-05
