# t	a	e	mean_anomaly	varpi	mass/M_star
0.00000e+00	1.23719e-02	8.52751e-02	2.10688	2.20426	4.59020e-05
4.65857e+01	1.23735e-02	8.48891e-02	4.29499	5.16048	4.59020e-05
9.31714e+01	1.23726e-02	8.42505e-02	4.70052	1.62082	4.59020e-05
1.39757e+02	1.23726e-02	8.35593e-02	2.54401	4.13504	4.59020e-05
1.86343e+02	1.23731e-02	8.28538e-02	3.29549	0.10127	4.59020e-05
2.32928e+02	1.23747e-02	8.21154e-02	6.13223	2.06607	4.59020e-05
2.79514e+02	1.23746e-02	8.13067e-02	3.97224	3.71512	4.59020e-05
3.26100e+02	1.23755e-02	8.04806e-02	2.31016	5.02036	4.59020e-05
3.72685e+02	1.23779e-02	7.97359e-02	0.38008	5.94192	4.59020e-05
4.19271e+02	1.23772e-02	7.86067e-02	3.76512	0.16893	4.59020e-05
4.65857e+02	1.23793e-02	7.76612e-02	5.33388	0.21805	4.59020e-05
5.12442e+02	1.23801e-02	7.64854e-02	4.41948	6.05822	4.59020e-05
5.59028e+02	1.23819e-02	7.53586e-02	0.33322	5.07595	4.59020e-05
6.05614e+02	1.23840e-02	7.42267e-02	4.98113	3.49445	4.59020e-05
6.52199e+02	1.23846e-02	7.29304e-02	5.15277	1.26212	4.59020e-05
6.98785e+02	1.23867e-02	7.16950e-02	0.23365	4.60043	4.59020e-05
7.45371e+02	1.23874e-02	7.02093e-02	2.21558	0.86734	4.59020e-05
7.91956e+02	1.23893e-02	6.87180e-02	4.26993	2.55096	4.59020e-05
8.38542e+02	1.23929e-02	6.72512e-02	5.94509	3.28539	4.59020e-05
8.85128e+02	1.23948e-02	6.57564e-02	0.37897	2.95871	4.59020e-05
9.31713e+02	1.23957e-02	6.39214e-02	6.06686	1.45562	4.59020e-05
9.78299e+02	1.23969e-02	6.21483e-02	3.78826	4.93106	4.59020e-05
1.02488e+03	1.24001e-02	6.03330e-02	5.82410	0.64594	4.59020e-05
1.07147e+03	1.24023e-02	5.84625e-02	5.66229	0.98523	4.59020e-05
1.11806e+03	1.24033e-02	5.63198e-02	3.15344	5.73207	4.59020e-05
1.16464e+03	1.24056e-02	5.42479e-02	4.55487	2.04213	4.59020e-05
1.21123e+03	1.24077e-02	5.19785e-02	3.64746	2.17915	4.59020e-05
1.25781e+03	1.24106e-02	4.96778e-02	0.75158	5.72846	4.59020e-05
1.30440e+03	1.24124e-02	4.71219e-02	2.44558	5.92909	4.59020e-05
1.35098e+03	1.24144e-02	4.45881e-02	3.20842	2.14644	4.59020e-05
1.39757e+03	1.24169e-02	4.17742e-02	4.02695	6.18336	4.59020e-05
1.44416e+03	1.24225e-02	3.89994e-02	0.10907	4.41087	4.59020e-05
1.49074e+03	1.24220e-02	3.60192e-02	6.03996	1.79217	4.59020e-05
1.53733e+03	1.24261e-02	3.28191e-02	5.85980	2.78491	4.59020e-05
1.58391e+03	1.24243e-02	2.95305e-02	3.48312	5.00938	4.59020e-05
1.63050e+03	1.24271e-02	2.63828e-02	4.14183	5.36444	4.59020e-05
1.67708e+03	1.24280e-02	2.32325e-02	1.99360	6.24987	4.59020e-05
1.72367e+03	1.24270e-02	2.02502e-02	4.50749	3.37186	4.59020e-05
1.77026e+03	1.24279e-02	1.78035e-02	0.28579	5.32461	4.59020e-05
1.81684e+03	1.24282e-02	1.57059e-02	1.32998	3.07132	4.59020e-05
1.86343e+03	1.24276e-02	1.40623e-02	4.49104	1.89405	4.59020e-05
1.91001e+03	1.24260e-02	1.26979e-02	4.27448	2.26342	4.59020e-05
1.95660e+03	1.24302e-02	1.18545e-02	6.14011	5.60230	4.59020e-05
2.00318e+03	1.24242e-02	1.09213e-02	1.99050	1.35110	4.59020e-05
2.04977e+03	1.24236e-02	1.02571e-02	2.55419	3.87936	4.59020e-05
2.09636e+03	1.24268e-02	9.77487e-03	5.70244	2.67663	4.59020e-05
2.14294e+03	1.24220e-02	9.29492e-03	3.46155	5.41066	4.59020e-05
2.18953e+03	1.24221e-02	8.92256e-03	0.35887	1.15561	4.59020e-05
2.23611e+03	1.24220e-02	8.72190e-03	1.58406	3.40042	4.59020e-05
2.28270e+03	1.24212e-02	8.40170e-03	5.85072	0.71690	4.59020e-05
2.32928e+03	1.24203e-02	8.03151e-03	5.96881	0.16665	4.59020e-05
2.37587e+03	1.24204e-02	7.92877e-03	1.16963	2.41060	4.59020e-05
2.42245e+03	1.24202e-02	7.69034e-03	3.38882	1.70727	4.59020e-05
2.46904e+03	1.24189e-02	7.37940e-03	5.88787	4.78404	4.59020e-05
2.51563e+03	1.24176e-02	7.21799e-03	1.88706	5.67043	4.59020e-05
2.56221e+03	1.24174e-02	6.97482e-03	3.63699	4.69587	4.59020e-05
2.60880e+03	1.24177e-02	6.80191e-03	4.57419	2.10161	4.59020e-05
2.65538e+03	1.24173e-02	6.63038e-03	4.49922	4.33947	4.59020e-05
2.70197e+03	1.24157e-02	6.54463e-03	3.19487	5.31871	4.59020e-05
2.74855e+03	1.24157e-02	6.39991e-03	0.52592	5.15490	4.59020e-05
2.79514e+03	1.24161e-02	6.40723e-03	2.70909	3.89958	4.59020e-05
2.84173e+03	1.24140e-02	6.21503e-03	3.28814	1.71286	4.59020e-05
2.88831e+03	1.24137e-02	6.02294e-03	2.10099	5.09481	4.59020e-05
2.93490e+03	1.24136e-02	5.95537e-03	5.57904	1.19546	4.59020e-05
2.98148e+03	1.24132e-02	5.78205e-03	0.79528	3.00028	4.59020e-05
3.02807e+03	1.24165e-02	5.66948e-03	0.61477	3.92124	4.59020e-05
3.07465e+03	1.24120e-02	5.66226e-03	4.78509	4.20917	4.59020e-05
3.12124e+03	1.24123e-02	5.57181e-03	0.67724	3.92250	4.59020e-05
3.16783e+03	1.24118e-02	5.49195e-03	0.92432	2.99189	4.59020e-05
3.21441e+03	1.24109e-02	5.39680e-03	5.50884	1.43333	4.59020e-05
3.26100e+03	1.24111e-02	5.14815e-03	1.76705	5.62512	4.59020e-05
3.30758e+03	1.24093e-02	5.10373e-03	2.21501	3.11485	4.59020e-05
3.35417e+03	1.24099e-02	5.13633e-03	0.78266	6.12602	4.59020e-05
3.40075e+03	1.24084e-02	4.94586e-03	3.37093	2.53860	4.59020e-05
3.44734e+03	1.24078e-02	4.95182e-03	4.10985	4.50202	4.59020e-05
3.49393e+03	1.24087e-02	4.93298e-03	2.56147	6.17296	4.59020e-05
3.54051e+03	1.24079e-02	4.75978e-03	5.17858	1.09585	4.59020e-05
3.58710e+03	1.24074e-02	4.74638e-03	5.73581	1.77878	4.59020e-05
3.63368e+03	1.24074e-02	4.69719e-03	4.17160	1.99893	4.59020e-05
3.68027e+03	1.24062e-02	4.53053e-03	0.55284	1.75097	4.59020e-05
3.72685e+03	1.24081e-02	4.51189e-03	0.92682	1.14369	4.59020e-05
3.77344e+03	1.24055e-02	4.50147e-03	5.29760	0.23665	4.59020e-05
3.82002e+03	1.24058e-02	4.36343e-03	1.43120	4.97629	4.59020e-05
3.86661e+03	1.24047e-02	4.32925e-03	1.47808	3.21433	4.59020e-05
3.91320e+03	1.24041e-02	4.30543e-03	5.56374	1.10426	4.59020e-05
3.95978e+03	1.24028e-02	4.20101e-03	1.18526	4.86568	4.59020e-05
4.00637e+03	1.24024e-02	4.09010e-03	0.85257	1.98668	4.59020e-05
4.05295e+03	1.24029e-02	4.19094e-03	4.69650	4.96403	4.59020e-05
4.09954e+03	1.24020e-02	4.10463e-03	6.24514	1.29350	4.59020e-05
4.14612e+03	1.24037e-02	3.88707e-03	5.30881	3.79288	4.59020e-05
4.19271e+03	1.24015e-02	4.01971e-03	2.27021	5.79222	4.59020e-05
4.23930e+03	1.23997e-02	3.84013e-03	3.04792	1.37405	4.59020e-05
4.28588e+03	1.24004e-02	3.77099e-03	1.81748	2.64088	4.59020e-05
4.33247e+03	1.23988e-02	3.83857e-03	4.36516	3.80870	4.59020e-05
4.37905e+03	1.23983e-02	3.73915e-03	4.55345	4.72744	4.59020e-05
4.42564e+03	1.23983e-02	3.65365e-03	2.43926	5.33827	4.59020e-05
4.47222e+03	1.23978e-02	3.67081e-03	4.09928	5.91099	4.59020e-05
4.51881e+03	1.23984e-02	3.65535e-03	3.62317	5.94100	4.59020e-05
4.56540e+03	1.24002e-02	3.51127e-03	0.75379	5.74860	4.59020e-05
4.61198e+03	1.23971e-02	3.56941e-03	1.66922	5.43813	4.59020e-05
4.65857e+03	1.23962e-02	3.54842e-03	0.08674	5.00489	4.59020e-05
4.70515e+03	1.23948e-02	3.41041e-03	2.48093	4.25638	4.59020e-05
4.75174e+03	1.23944e-02	3.39586e-03	2.46132	3.29702	4.59020e-05
4.79832e+03	1.23948e-02	3.45978e-03	0.03215	2.12040	4.59020e-05
4.84491e+03	1.23946e-02	3.34635e-03	1.61461	0.64963	4.59020e-05
4.89150e+03	1.23976e-02	3.27877e-03	0.56171	5.40320	4.59020e-05
4.93808e+03	1.23942e-02	3.31540e-03	3.23764	3.79591	4.59020e-05
4.98467e+03	1.23920e-02	3.28072e-03	3.37397	2.09278	4.59020e-05
5.03125e+03	1.23937e-02	3.12352e-03	1.34314	6.19994	4.59020e-05
5.07784e+03	1.23912e-02	3.16537e-03	2.89821	4.08258	4.59020e-05
5.12442e+03	1.23915e-02	3.13710e-03	1.92780	1.84777	4.59020e-05
5.17101e+03	1.23912e-02	3.00565e-03	4.44341	6.05008	4.59020e-05
5.21759e+03	1.23908e-02	3.12511e-03	4.81784	3.52299	4.59020e-05
5.26418e+03	1.23895e-02	3.01010e-03	2.65732	0.81838	4.59020e-05
5.31077e+03	1.23901e-02	3.13193e-03	3.93319	4.59271	4.59020e-05
5.35735e+03	1.23881e-02	3.05507e-03	2.64185	1.99584	4.59020e-05
5.40394e+03	1.23905e-02	2.95174e-03	5.17362	5.48456	4.59020e-05
5.45052e+03	1.23900e-02	2.87470e-03	5.09429	2.64082	4.59020e-05
5.49711e+03	1.23868e-02	2.95478e-03	2.35744	6.07470	4.59020e-05
5.54369e+03	1.23879e-02	2.98521e-03	3.41699	3.04695	4.59020e-05
5.59028e+03	1.23867e-02	2.86703e-03	1.95782	6.21549	4.59020e-05
5.63687e+03	1.23869e-02	2.86959e-03	3.75822	3.39294	4.59020e-05
5.68345e+03	1.23850e-02	2.81058e-03	2.95931	0.49633	4.59020e-05
5.73004e+03	1.23900e-02	2.78121e-03	5.96412	3.68565	4.59020e-05
5.77662e+03	1.23900e-02	2.79339e-03	6.19058	0.69160	4.59020e-05
5.82321e+03	1.23839e-02	2.69073e-03	3.61525	4.10214	4.59020e-05
5.86979e+03	1.23844e-02	2.79884e-03	4.81544	1.05178	4.59020e-05
5.91638e+03	1.23827e-02	2.63643e-03	3.37835	4.23533	4.59020e-05
5.96297e+03	1.23832e-02	2.74281e-03	5.09136	1.58039	4.59020e-05
6.00955e+03	1.23825e-02	2.56235e-03	4.26934	5.11435	4.59020e-05
6.05614e+03	1.23846e-02	2.56229e-03	0.94243	2.10977	4.59020e-05
6.10272e+03	1.23842e-02	2.62281e-03	0.91968	5.67100	4.59020e-05
6.14931e+03	1.23811e-02	2.51127e-03	4.12539	3.30461	4.59020e-05
6.19589e+03	1.23809e-02	2.58788e-03	4.88327	0.67994	4.59020e-05
6.24248e+03	1.23795e-02	2.51932e-03	2.95373	4.31955	4.59020e-05
6.28907e+03	1.23803e-02	2.60726e-03	4.14625	2.12908	4.59020e-05
6.33565e+03	1.23784e-02	2.55406e-03	2.51221	0.05262	4.59020e-05
6.38224e+03	1.23793e-02	2.47746e-03	4.52569	4.24247	4.59020e-05
6.42882e+03	1.23779e-02	2.42490e-03	3.63060	2.27621	4.59020e-05
6.47541e+03	1.23779e-02	2.51071e-03	6.18928	0.41769	4.59020e-05
6.52199e+03	1.23772e-02	2.46997e-03	6.02381	4.84292	4.59020e-05
6.56858e+03	1.23761e-02	2.44699e-03	2.55646	3.56041	4.59020e-05
6.61516e+03	1.23757e-02	2.36458e-03	3.00942	1.90899	4.59020e-05
6.66175e+03	1.23761e-02	2.45952e-03	0.17527	0.81327	4.59020e-05
6.70834e+03	1.23757e-02	2.45346e-03	0.75623	6.13210	4.59020e-05
6.75492e+03	1.23746e-02	2.31839e-03	4.80137	5.31006	4.59020e-05
6.80151e+03	1.23781e-02	2.36442e-03	5.56361	4.96700	4.59020e-05
6.84809e+03	1.23747e-02	2.41555e-03	3.63862	4.56420	4.59020e-05
6.89468e+03	1.23749e-02	2.27233e-03	4.87079	4.54049	4.59020e-05
6.94126e+03	1.23725e-02	2.22300e-03	3.54669	4.31923	4.59020e-05
6.98785e+03	1.23724e-02	2.30860e-03	5.14794	4.70286	4.59020e-05
7.03444e+03	1.23715e-02	2.29576e-03	3.79746	5.27973	4.59020e-05
7.08102e+03	1.23749e-02	2.17375e-03	5.46197	0.08200	4.59020e-05
7.12761e+03	1.23719e-02	2.30672e-03	4.40445	1.18636	4.59020e-05
7.17419e+03	1.23758e-02	2.20706e-03	0.29810	2.50975	4.59020e-05
7.22078e+03	1.23702e-02	2.21907e-03	5.71133	4.10983	4.59020e-05
7.26736e+03	1.23704e-02	2.26814e-03	1.65162	6.12584	4.59020e-05
7.31395e+03	1.23699e-02	2.22424e-03	0.81948	2.13717	4.59020e-05
7.36054e+03	1.23684e-02	2.13188e-03	3.26269	4.65866	4.59020e-05
7.40712e+03	1.23679e-02	2.15280e-03	2.20191	1.61911	4.59020e-05
7.45371e+03	1.23677e-02	2.07347e-03	4.94676	4.55182	4.59020e-05
7.50029e+03	1.23684e-02	2.20756e-03	4.04661	2.05720	4.59020e-05
7.54688e+03	1.23672e-02	2.13351e-03	0.16489	6.09671	4.59020e-05
7.59346e+03	1.23670e-02	2.08756e-03	5.71210	4.13078	4.59020e-05
7.64005e+03	1.23669e-02	2.14626e-03	1.99882	2.34221	4.59020e-05
7.68664e+03	1.23676e-02	2.00736e-03	1.28830	1.02993	4.59020e-05
7.73322e+03	1.23662e-02	2.12129e-03	3.43201	0.34154	4.59020e-05
7.77981e+03	1.23643e-02	1.99282e-03	2.32971	0.08876	4.59020e-05
7.82639e+03	1.23654e-02	1.92374e-03	4.51375	0.01931	4.59020e-05
7.87298e+03	1.23637e-02	1.95444e-03	3.42983	0.40049	4.59020e-05
7.91956e+03	1.23638e-02	1.99049e-03	5.52018	1.13261	4.59020e-05
7.96615e+03	1.23626e-02	2.01357e-03	4.49373	2.09541	4.59020e-05
8.01273e+03	1.23630e-02	2.04353e-03	5.94834	4.03389	4.59020e-05
8.05932e+03	1.23626e-02	1.93384e-03	4.30438	6.24081	4.59020e-05
8.10591e+03	1.23665e-02	1.91950e-03	5.91013	2.36276	4.59020e-05
8.15249e+03	1.23612e-02	1.92745e-03	3.88317	5.56402	4.59020e-05
8.19908e+03	1.23613e-02	1.99676e-03	5.06682	2.71248	4.59020e-05
8.24566e+03	1.23599e-02	1.91831e-03	3.13511	0.13198	4.59020e-05
8.29225e+03	1.23610e-02	1.91629e-03	3.68817	4.84925	4.59020e-05
8.33883e+03	1.23593e-02	1.87988e-03	0.93585	3.67391	4.59020e-05
8.38542e+03	1.23588e-02	1.88414e-03	1.20060	2.90944	4.59020e-05
8.43201e+03	1.23594e-02	1.89306e-03	4.44392	2.59067	4.59020e-05
8.47859e+03	1.23577e-02	1.90368e-03	4.46886	2.62810	4.59020e-05
8.52518e+03	1.23580e-02	1.90346e-03	0.51041	3.78392	4.59020e-05
8.57176e+03	1.23628e-02	1.91134e-03	6.18360	5.00468	4.59020e-05
8.61835e+03	1.23571e-02	1.73105e-03	2.24665	0.39535	4.59020e-05
8.66493e+03	1.23600e-02	1.83706e-03	0.76763	3.01902	4.59020e-05
8.71152e+03	1.23554e-02	1.83362e-03	2.02090	0.09404	4.59020e-05
8.75811e+03	1.23559e-02	1.85701e-03	0.35554	3.42268	4.59020e-05
8.80469e+03	1.23549e-02	1.75267e-03	0.85622	1.69851	4.59020e-05
8.85128e+03	1.23555e-02	1.66330e-03	4.44906	0.27463	4.59020e-05
8.89786e+03	1.23552e-02	1.65373e-03	4.54596	5.73445	4.59020e-05
8.94445e+03	1.23535e-02	1.73671e-03	1.12453	5.53037	4.59020e-05
8.99103e+03	1.23538e-02	1.82241e-03	0.77886	5.63188	4.59020e-05
9.03762e+03	1.23523e-02	1.75836e-03	2.51874	0.74274	4.59020e-05
9.08421e+03	1.23539e-02	1.70151e-03	1.49803	2.04893	4.59020e-05
9.13079e+03	1.23518e-02	1.64215e-03	2.79309	4.34773	4.59020e-05
9.17738e+03	1.23569e-02	1.77422e-03	0.21491	1.31987	4.59020e-05
9.22396e+03	1.23515e-02	1.77809e-03	0.35159	5.22259	4.59020e-05
9.27055e+03	1.23502e-02	1.74096e-03	3.74529	2.94279	4.59020e-05
9.31713e+03	1.23514e-02	1.70118e-03	2.94212	1.93261	4.59020e-05
9.36372e+03	1.23505e-02	1.76876e-03	4.91436	1.49759	4.59020e-05
9.41030e+03	1.23503e-02	1.76116e-03	3.38386	1.62944	4.59020e-05
9.45689e+03	1.23487e-02	1.62320e-03	4.67201	2.34880	4.59020e-05
9.50348e+03	1.23482e-02	1.67508e-03	1.63407	4.38864	4.59020e-05
9.55006e+03	1.23489e-02	1.54412e-03	1.97352	0.10206	4.59020e-05
9.59665e+03	1.23472e-02	1.62156e-03	4.47258	3.27264	4.59020e-05
9.64323e+03	1.23467e-02	1.60643e-03	3.37101	0.80499	4.59020e-05
9.68982e+03	1.23474e-02	1.72376e-03	4.25911	5.95826	4.59020e-05
9.73640e+03	1.23473e-02	1.48566e-03	2.28177	4.72969	4.59020e-05
9.78299e+03	1.23455e-02	1.55645e-03	2.33118	4.79229	4.59020e-05
9.82958e+03	1.23477e-02	1.63862e-03	5.14793	5.46258	4.59020e-05
9.87616e+03	1.23453e-02	1.57301e-03	4.01710	0.75966	4.59020e-05
9.92275e+03	1.23452e-02	1.46544e-03	5.57227	2.95838	4.59020e-05
9.96933e+03	1.23439e-02	1.40840e-03	3.41806	5.88447	4.59020e-05
1.00159e+04	1.23448e-02	1.82309e-03	3.44433	3.64450	4.59020e-05
1.00625e+04	1.23439e-02	1.54594e-03	5.73532	2.43259	4.59020e-05
1.01091e+04	1.23437e-02	1.53462e-03	4.70943	1.54341	4.59020e-05
1.01557e+04	1.23430e-02	1.69063e-03	6.14965	1.47374	4.59020e-05
1.02023e+04	1.23417e-02	1.52955e-03	3.05914	2.93387	4.59020e-05
1.02488e+04	1.23414e-02	1.41611e-03	3.35665	4.34450	4.59020e-05
1.02954e+04	1.23412e-02	1.36070e-03	5.25065	1.08752	4.59020e-05
1.03420e+04	1.23404e-02	1.65829e-03	3.59353	4.65004	4.59020e-05
1.03886e+04	1.23405e-02	1.44658e-03	3.57678	3.55637	4.59020e-05
1.04352e+04	1.23406e-02	1.43684e-03	0.78186	2.21678	4.59020e-05
1.04818e+04	1.23401e-02	1.43459e-03	5.82399	2.58200	4.59020e-05
1.05284e+04	1.23392e-02	1.34826e-03	0.76932	3.73151	4.59020e-05
1.05749e+04	1.23396e-02	1.43953e-03	4.41861	5.70932	4.59020e-05
1.06215e+04	1.23380e-02	1.65015e-03	4.48900	2.00814	4.59020e-05
1.06681e+04	1.23383e-02	1.34422e-03	6.13665	6.19218	4.59020e-05
1.07147e+04	1.23378e-02	1.41758e-03	4.06447	4.76720	4.59020e-05
1.07613e+04	1.23377e-02	1.51707e-03	4.23858	4.32924	4.59020e-05
1.08079e+04	1.23367e-02	1.64561e-03	0.51694	4.73214	4.59020e-05
1.08545e+04	1.23362e-02	1.51925e-03	5.68773	5.75198	4.59020e-05
1.09010e+04	1.23364e-02	1.37358e-03	5.86152	2.42418	4.59020e-05
1.09476e+04	1.23350e-02	1.57705e-03	2.41141	5.93786	4.59020e-05
1.09942e+04	1.23349e-02	1.36255e-03	1.16023	4.24540	4.59020e-05
1.10408e+04	1.23356e-02	1.35775e-03	2.52639	3.08127	4.59020e-05
1.10874e+04	1.23380e-02	1.16361e-03	5.56783	3.44795	4.59020e-05
1.11340e+04	1.23336e-02	1.35371e-03	4.83891	4.50174	4.59020e-05
1.11806e+04	1.23338e-02	1.62122e-03	6.10188	0.47821	4.59020e-05
1.12271e+04	1.23326e-02	1.19461e-03	3.30236	3.70955	4.59020e-05
1.12737e+04	1.23321e-02	1.42799e-03	2.05027	2.30061	4.59020e-05
1.13203e+04	1.23317e-02	1.52055e-03	3.70496	1.16809	4.59020e-05
1.13669e+04	1.23324e-02	1.58542e-03	0.77940	1.57786	4.59020e-05
1.14135e+04	1.23318e-02	1.37083e-03	0.11057	2.84375	4.59020e-05
1.14601e+04	1.23331e-02	1.25274e-03	1.12859	5.59488	4.59020e-05
1.15067e+04	1.23315e-02	1.31692e-03	4.40537	2.97381	4.59020e-05
1.15532e+04	1.23298e-02	1.42456e-03	3.27978	1.63661	4.59020e-05
1.15998e+04	1.23304e-02	1.44206e-03	4.41565	1.19768	4.59020e-05
1.16464e+04	1.23291e-02	1.32316e-03	1.34394	1.83835	4.59020e-05
1.16930e+04	1.23293e-02	1.19434e-03	0.51033	3.39347	4.59020e-05
1.17396e+04	1.23284e-02	1.47848e-03	1.03580	0.45499	4.59020e-05
1.17862e+04	1.23282e-02	1.40375e-03	3.71313	4.85547	4.59020e-05
1.18328e+04	1.23273e-02	1.27955e-03	2.25615	3.89941	4.59020e-05
1.18793e+04	1.23285e-02	1.35928e-03	3.03865	3.83947	4.59020e-05
1.19259e+04	1.23302e-02	1.38777e-03	5.45941	5.27430	4.59020e-05
1.19725e+04	1.23261e-02	1.16127e-03	3.95194	1.19654	4.59020e-05
1.20191e+04	1.23256e-02	1.37144e-03	4.01709	4.95391	4.59020e-05
1.20657e+04	1.23291e-02	1.34224e-03	5.47303	4.15820	4.59020e-05
1.21123e+04	1.23263e-02	1.51265e-03	3.17895	3.94226	4.59020e-05
1.21589e+04	1.23245e-02	1.10711e-03	2.40043	5.38684	4.59020e-05
1.22054e+04	1.23244e-02	1.43432e-03	3.52549	1.68802	4.59020e-05
1.22520e+04	1.23244e-02	1.22044e-03	0.42580	5.31614	4.59020e-05
1.22986e+04	1.23241e-02	1.22631e-03	5.98429	3.38553	4.59020e-05
1.23452e+04	1.23236e-02	1.11146e-03	5.93402	3.87534	4.59020e-05
1.23918e+04	1.23225e-02	1.38266e-03	1.92391	5.13320	4.59020e-05
1.24384e+04	1.23228e-02	1.20704e-03	0.02608	1.08123	4.59020e-05
1.24850e+04	1.23223e-02	1.40368e-03	6.24469	4.56188	4.59020e-05
1.25315e+04	1.23217e-02	1.46208e-03	0.97251	3.82605	4.59020e-05
1.25781e+04	1.23217e-02	1.28272e-03	4.19076	3.89447	4.59020e-05
1.26247e+04	1.23206e-02	1.03337e-03	2.73880	5.41957	4.59020e-05
1.26713e+04	1.23216e-02	1.48222e-03	3.45339	1.56058	4.59020e-05
1.27179e+04	1.23235e-02	1.20877e-03	5.33536	5.88093	4.59020e-05
1.27645e+04	1.23194e-02	1.25249e-03	3.30980	4.59857	4.59020e-05
1.28111e+04	1.23193e-02	1.38744e-03	2.68866	4.96698	4.59020e-05
1.28576e+04	1.23188e-02	1.00477e-03	3.05314	1.11798	4.59020e-05
1.29042e+04	1.23188e-02	1.39436e-03	0.01185	3.78197	4.59020e-05
1.29508e+04	1.23191e-02	1.41559e-03	3.99826	2.39764	4.59020e-05
1.29974e+04	1.23189e-02	1.34318e-03	3.73293	2.01966	4.59020e-05
1.30440e+04	1.23173e-02	1.08881e-03	5.27927	2.86368	4.59020e-05
1.30906e+04	1.23168e-02	1.36076e-03	1.43416	5.84630	4.59020e-05
1.31372e+04	1.23220e-02	1.32589e-03	6.00158	3.44159	4.59020e-05
1.31837e+04	1.23212e-02	1.32833e-03	5.84319	2.50118	4.59020e-05
1.32303e+04	1.23157e-02	1.29777e-03	1.04453	2.93529	4.59020e-05
1.32769e+04	1.23151e-02	1.03286e-03	4.36626	4.54561	4.59020e-05
1.33235e+04	1.23162e-02	1.20445e-03	2.69966	1.65165	4.59020e-05
1.33701e+04	1.23158e-02	1.25470e-03	2.56044	0.17223	4.59020e-05
1.34167e+04	1.23139e-02	1.02851e-03	4.12177	6.27648	4.59020e-05
1.34633e+04	1.23141e-02	1.34217e-03	0.11975	2.09356	4.59020e-05
1.35098e+04	1.23147e-02	9.74448e-04	4.40417	5.18406	4.59020e-05
1.35564e+04	1.23137e-02	9.71286e-04	4.08701	3.29863	4.59020e-05
1.36030e+04	1.23134e-02	1.11833e-03	5.33850	2.82976	4.59020e-05
1.36496e+04	1.23131e-02	1.21122e-03	2.14668	3.50233	4.59020e-05
1.36962e+04	1.23123e-02	1.02033e-03	6.18012	6.27574	4.59020e-05
1.37428e+04	1.23116e-02	9.68345e-04	5.55994	4.04565	4.59020e-05
1.37894e+04	1.23158e-02	9.92974e-04	5.63938	4.08700	4.59020e-05
1.38359e+04	1.23117e-02	1.41625e-03	1.84274	4.68558	4.59020e-05
1.38825e+04	1.23112e-02	1.17311e-03	4.92145	1.37166	4.59020e-05
1.39291e+04	1.23111e-02	1.07311e-03	3.71868	5.29694	4.59020e-05
1.39757e+04	1.23094e-02	1.05881e-03	4.04563	4.36314	4.59020e-05
1.40223e+04	1.23100e-02	1.28519e-03	5.16810	5.58492	4.59020e-05
1.40689e+04	1.23087e-02	1.12215e-03	1.41915	2.12115	4.59020e-05
1.41155e+04	1.23091e-02	1.05090e-03	5.66229	6.11017	4.59020e-05
1.41620e+04	1.23082e-02	1.05784e-03	5.20480	5.17234	4.59020e-05
1.42086e+04	1.23085e-02	1.27852e-03	5.50237	0.13112	4.59020e-05
1.42552e+04	1.23075e-02	1.21895e-03	0.69363	3.12693	4.59020e-05
1.43018e+04	1.23081e-02	1.19367e-03	3.95220	0.98200	4.59020e-05
1.43484e+04	1.23070e-02	1.19107e-03	2.55997	0.12741	4.59020e-05
1.43950e+04	1.23072e-02	1.03323e-03	1.89511	1.46620	4.59020e-05
1.44416e+04	1.23070e-02	1.26643e-03	2.56289	4.45031	4.59020e-05
1.44881e+04	1.23053e-02	1.20661e-03	4.68751	2.54227	4.59020e-05
1.45347e+04	1.23054e-02	9.85589e-04	0.94654	3.12528	4.59020e-05
1.45813e+04	1.23083e-02	1.12498e-03	5.40750	4.69348	4.59020e-05
1.46279e+04	1.23058e-02	1.08142e-03	4.44286	2.02091	4.59020e-05
1.46745e+04	1.23048e-02	1.26478e-03	5.13501	0.58700	4.59020e-05
1.47211e+04	1.23066e-02	1.13675e-03	1.19027	0.39939	4.59020e-05
1.47677e+04	1.23031e-02	1.05108e-03	3.93741	2.69320	4.59020e-05
1.48142e+04	1.23041e-02	9.20749e-04	1.73338	0.25620	4.59020e-05
1.48608e+04	1.23031e-02	1.29001e-03	0.21952	0.07505	4.59020e-05
1.49074e+04	1.23060e-02	9.70103e-04	0.96346	0.44872	4.59020e-05
1.49540e+04	1.23024e-02	1.14569e-03	2.26565	3.13867	4.59020e-05
1.50006e+04	1.23018e-02	1.14724e-03	3.94347	2.04177	4.59020e-05
1.50472e+04	1.23020e-02	1.01611e-03	1.57893	1.56844	4.59020e-05
1.50938e+04	1.23013e-02	1.28842e-03	5.69219	3.76431	4.59020e-05
1.51403e+04	1.23012e-02	1.23626e-03	5.03156	1.02669	4.59020e-05
1.51869e+04	1.23002e-02	1.21455e-03	5.86508	5.93328	4.59020e-05
1.52335e+04	1.22999e-02	8.88144e-04	0.66507	0.93961	4.59020e-05
1.52801e+04	1.22992e-02	1.01962e-03	3.22115	3.54149	4.59020e-05
1.53267e+04	1.22993e-02	1.12568e-03	0.63815	1.55959	4.59020e-05
1.53733e+04	1.22987e-02	9.02475e-04	5.72253	1.03469	4.59020e-05
1.54199e+04	1.22992e-02	1.22549e-03	4.69677	3.17485	4.59020e-05
1.54664e+04	1.22987e-02	1.25041e-03	4.92431	0.61194	4.59020e-05
1.55130e+04	1.22980e-02	1.15785e-03	0.41906	5.61211	4.59020e-05
1.55596e+04	1.22968e-02	1.01534e-03	1.94263	1.12759	4.59020e-05
1.56062e+04	1.23008e-02	7.82644e-04	5.60576	3.67261	4.59020e-05
1.56528e+04	1.22964e-02	8.41133e-04	3.18567	2.49101	4.59020e-05
1.56994e+04	1.22972e-02	1.23158e-03	2.51492	2.37495	4.59020e-05
1.57460e+04	1.22954e-02	8.97674e-04	1.97891	4.93813	4.59020e-05
1.57925e+04	1.22951e-02	9.31287e-04	2.65849	2.81088	4.59020e-05
1.58391e+04	1.22958e-02	1.23503e-03	4.59724	2.22962	4.59020e-05
1.58857e+04	1.22968e-02	7.83651e-04	1.49769	3.20507	4.59020e-05
1.59323e+04	1.22942e-02	9.05144e-04	5.04991	0.32854	4.59020e-05
1.59789e+04	1.22939e-02	8.28548e-04	2.98799	5.92413	4.59020e-05
1.60255e+04	1.22935e-02	1.12360e-03	1.38888	1.21957	4.59020e-05
1.60721e+04	1.22948e-02	1.07022e-03	1.55291	3.82172	4.59020e-05
1.61186e+04	1.22934e-02	1.06853e-03	2.36006	2.28339	4.59020e-05
1.61652e+04	1.22923e-02	8.74942e-04	2.84121	3.85358	4.59020e-05
1.62118e+04	1.22923e-02	9.70995e-04	5.99050	5.53161	4.59020e-05
1.62584e+04	1.22929e-02	9.25139e-04	2.47800	4.08076	4.59020e-05
1.63050e+04	1.22920e-02	1.08760e-03	0.01040	4.35596	4.59020e-05
1.63516e+04	1.22919e-02	7.52511e-04	3.97344	0.96912	4.59020e-05
1.63982e+04	1.22906e-02	7.69874e-04	4.11447	4.23035	4.59020e-05
1.64447e+04	1.22902e-02	1.07439e-03	3.90544	4.25753	4.59020e-05
1.64913e+04	1.22905e-02	8.36936e-04	3.63513	0.82193	4.59020e-05
1.65379e+04	1.22902e-02	8.82350e-04	5.85320	3.93365	4.59020e-05
1.65845e+04	1.22902e-02	1.19897e-03	1.52657	3.77592	4.59020e-05
1.66311e+04	1.22888e-02	7.91655e-04	4.54408	5.30478	4.59020e-05
1.66777e+04	1.22886e-02	8.81079e-04	1.11561	3.45892	4.59020e-05
1.67243e+04	1.22925e-02	1.00038e-03	5.56995	2.75464	4.59020e-05
1.67708e+04	1.22886e-02	7.71810e-04	3.97326	4.62002	4.59020e-05
1.68174e+04	1.22887e-02	8.66889e-04	3.72147	1.52783	4.59020e-05
1.68640e+04	1.22872e-02	1.05395e-03	3.21551	1.42317	4.59020e-05
1.69106e+04	1.22877e-02	6.92597e-04	4.04413	2.71191	4.59020e-05
1.69572e+04	1.22873e-02	8.89389e-04	5.53539	6.06268	4.59020e-05
1.70038e+04	1.22880e-02	7.01091e-04	1.41909	5.17694	4.59020e-05
1.70504e+04	1.22856e-02	9.50059e-04	4.26462	0.04948	4.59020e-05
1.70969e+04	1.22894e-02	9.03185e-04	0.94699	3.80079	4.59020e-05
1.71435e+04	1.22862e-02	8.49228e-04	4.14281	3.81563	4.59020e-05
1.71901e+04	1.22846e-02	8.98310e-04	2.23995	5.29196	4.59020e-05
1.72367e+04	1.22846e-02	9.48029e-04	0.88684	2.64126	4.59020e-05
1.72833e+04	1.22846e-02	7.89864e-04	0.36811	1.85982	4.59020e-05
1.73299e+04	1.22844e-02	9.92549e-04	6.03913	3.87257	4.59020e-05
1.73765e+04	1.22838e-02	8.97516e-04	6.27644	1.45005	4.59020e-05
1.74230e+04	1.22838e-02	8.15582e-04	0.98986	0.96242	4.59020e-05
1.74696e+04	1.22826e-02	7.78959e-04	1.93519	3.21748	4.59020e-05
1.75162e+04	1.22827e-02	7.38813e-04	3.71702	1.10477	4.59020e-05
1.75628e+04	1.22824e-02	1.02619e-03	5.99929	1.11254	4.59020e-05
1.76094e+04	1.22817e-02	7.14263e-04	3.37677	2.42393	4.59020e-05
1.76560e+04	1.22818e-02	8.38591e-04	0.07256	0.81407	4.59020e-05
1.77026e+04	1.22808e-02	1.02248e-03	4.13300	0.79833	4.59020e-05
1.77491e+04	1.22806e-02	1.04368e-03	1.35855	4.00864	4.59020e-05
1.77957e+04	1.22857e-02	9.82493e-04	0.14564	2.04333	4.59020e-05
1.78423e+04	1.22820e-02	8.45242e-04	4.60650	3.35631	4.59020e-05
1.78889e+04	1.22808e-02	8.75269e-04	4.18310	5.93291	4.59020e-05
1.79355e+04	1.22797e-02	9.61190e-04	3.55990	5.15290	4.59020e-05
1.79821e+04	1.22795e-02	6.85105e-04	3.68941	6.21458	4.59020e-05
1.80287e+04	1.22797e-02	8.31828e-04	4.55306	2.91378	4.59020e-05
1.80752e+04	1.22815e-02	8.44253e-04	5.07987	2.60441	4.59020e-05
1.81218e+04	1.22825e-02	6.34748e-04	0.54900	3.71756	4.59020e-05
1.81684e+04	1.22776e-02	7.71250e-04	1.53261	1.96551	4.59020e-05
1.82150e+04	1.22771e-02	1.05677e-03	4.24797	1.12430	4.59020e-05
1.82616e+04	1.22776e-02	9.62219e-04	0.06380	3.54226	4.59020e-05
1.83082e+04	1.22766e-02	9.71349e-04	2.99467	1.54638	4.59020e-05
1.83548e+04	1.22770e-02	7.92784e-04	5.29786	2.75182	4.59020e-05
1.84013e+04	1.22758e-02	6.94010e-04	2.18656	5.72156	4.59020e-05
1.84479e+04	1.22762e-02	8.92407e-04	5.66225	4.73364	4.59020e-05
1.84945e+04	1.22751e-02	8.59139e-04	4.24348	4.98478	4.59020e-05
1.85411e+04	1.22759e-02	8.95962e-04	1.86236	2.54069	4.59020e-05
1.85877e+04	1.22750e-02	8.76587e-04	6.01848	2.46411	4.59020e-05
1.86343e+04	1.22749e-02	6.80074e-04	3.70476	5.19474	4.59020e-05
1.86809e+04	1.22739e-02	7.44178e-04	3.30731	2.40383	4.59020e-05
1.87274e+04	1.22742e-02	9.11468e-04	2.53504	2.53913	4.59020e-05
1.87740e+04	1.22734e-02	8.95517e-04	0.86357	6.18629	4.59020e-05
1.88206e+04	1.22774e-02	6.32029e-04	0.68015	4.66933	4.59020e-05
1.88672e+04	1.22779e-02	8.90382e-04	0.08967	6.16617	4.59020e-05
1.89138e+04	1.22729e-02	8.80776e-04	5.89415	3.87093	4.59020e-05
1.89604e+04	1.22767e-02	7.71032e-04	5.64557	3.94677	4.59020e-05
1.90070e+04	1.22767e-02	6.19205e-04	5.94077	6.07640	4.59020e-05
1.90535e+04	1.22718e-02	9.02458e-04	5.90551	4.84859	4.59020e-05
1.91001e+04	1.22747e-02	6.80982e-04	1.07168	4.79196	4.59020e-05
1.91467e+04	1.22724e-02	7.69060e-04	1.87751	1.62272	4.59020e-05
1.91933e+04	1.22703e-02	8.72696e-04	1.42511	2.30080	4.59020e-05
1.92399e+04	1.22700e-02	6.65814e-04	3.52366	3.01097	4.59020e-05
1.92865e+04	1.22696e-02	6.98710e-04	4.23182	1.41206	4.59020e-05
1.93331e+04	1.22712e-02	6.76349e-04	4.88484	2.44910	4.59020e-05
1.93796e+04	1.22696e-02	1.00239e-03	0.48106	4.83527	4.59020e-05
1.94262e+04	1.22697e-02	7.75153e-04	1.47464	4.39991	4.59020e-05
1.94728e+04	1.22684e-02	8.17054e-04	3.50589	5.56215	4.59020e-05
1.95194e+04	1.22691e-02	7.73002e-04	4.25092	4.23492	4.59020e-05
1.95660e+04	1.22684e-02	1.00703e-03	5.81822	4.65229	4.59020e-05
1.96126e+04	1.22683e-02	1.05322e-03	1.42662	1.02707	4.59020e-05
1.96592e+04	1.22669e-02	6.64753e-04	2.60460	0.67841	4.59020e-05
1.97057e+04	1.22678e-02	7.80683e-04	4.38858	2.28355	4.59020e-05
1.97523e+04	1.22670e-02	8.17637e-04	0.00665	0.04487	4.59020e-05
1.97989e+04	1.22668e-02	7.72352e-04	2.18996	0.07915	4.59020e-05
1.98455e+04	1.22656e-02	8.63427e-04	3.93250	3.17165	4.59020e-05
1.98921e+04	1.22686e-02	7.60047e-04	5.44618	2.69716	4.59020e-05
1.99387e+04	1.22660e-02	1.05637e-03	1.13487	4.31078	4.59020e-05
1.99853e+04	1.22661e-02	9.39955e-04	2.89524	2.39895	4.59020e-05
2.00318e+04	1.22645e-02	8.50679e-04	4.61667	3.06900	4.59020e-05
2.00784e+04	1.22648e-02	9.96132e-04	5.70018	0.63513	4.59020e-05
2.01250e+04	1.22640e-02	7.85759e-04	1.22242	0.01746	4.59020e-05
2.01716e+04	1.22647e-02	1.00056e-03	3.12667	1.83664	4.59020e-05
2.02182e+04	1.22640e-02	5.62364e-04	4.05109	0.95080	4.59020e-05
2.02648e+04	1.22676e-02	8.41593e-04	5.99659	1.51055	4.59020e-05
2.03114e+04	1.22627e-02	8.51697e-04	0.91309	5.34563	4.59020e-05
2.03579e+04	1.22625e-02	6.25598e-04	2.62268	4.91358	4.59020e-05
2.04045e+04	1.22618e-02	6.31065e-04	3.70849	1.34744	4.59020e-05
2.04511e+04	1.22625e-02	8.54135e-04	4.04076	1.05830	4.59020e-05
2.04977e+04	1.22617e-02	8.14710e-04	5.52290	2.13726	4.59020e-05
2.05443e+04	1.22615e-02	9.87538e-04	0.08412	0.08903	4.59020e-05
2.05909e+04	1.22648e-02	5.50170e-04	0.58744	0.89691	4.59020e-05
2.06375e+04	1.22613e-02	7.83083e-04	1.04510	4.32841	4.59020e-05
2.06840e+04	1.22609e-02	9.48388e-04	1.65760	3.76838	4.59020e-05
2.07306e+04	1.22609e-02	8.34603e-04	1.98915	5.99723	4.59020e-05
2.07772e+04	1.22604e-02	7.52460e-04	1.85924	4.91265	4.59020e-05
2.08238e+04	1.22600e-02	9.88244e-04	1.55634	0.22096	4.59020e-05
2.08704e+04	1.22614e-02	6.61854e-04	1.57033	3.99725	4.59020e-05
2.09170e+04	1.22591e-02	9.93316e-04	0.50282	5.07304	4.59020e-05
2.09636e+04	1.22587e-02	9.89566e-04	6.07658	2.00440	4.59020e-05
2.10101e+04	1.22594e-02	5.24038e-04	4.28886	2.57452	4.59020e-05
2.10567e+04	1.22573e-02	6.75800e-04	4.14051	3.93244	4.59020e-05
2.11033e+04	1.22577e-02	6.88065e-04	2.39232	3.09973	4.59020e-05
2.11499e+04	1.22573e-02	7.25770e-04	6.16999	5.51396	4.59020e-05
2.11965e+04	1.22577e-02	8.08451e-04	4.01922	3.77745	4.59020e-05
2.12431e+04	1.22562e-02	6.13724e-04	1.73080	4.66224	4.59020e-05
2.12897e+04	1.22565e-02	6.73544e-04	0.07054	1.11876	4.59020e-05
2.13362e+04	1.22567e-02	9.73987e-04	3.34028	1.40982	4.59020e-05
2.13828e+04	1.22559e-02	9.33972e-04	0.61864	3.95150	4.59020e-05
2.14294e+04	1.22548e-02	5.69811e-04	2.29066	4.52034	4.59020e-05
2.14760e+04	1.22586e-02	1.35473e-03	6.28162	5.27249	4.59020e-05
2.15226e+04	1.22558e-02	1.19677e-03	6.03986	2.45530	4.59020e-05
2.15692e+04	1.22541e-02	1.83887e-03	2.21581	5.29449	4.59020e-05
2.16157e+04	1.22566e-02	1.67700e-03	4.03019	4.64490	4.59020e-05
2.16623e+04	1.22529e-02	1.65412e-03	6.03613	6.21733	4.59020e-05
2.17089e+04	1.22536e-02	1.71813e-03	5.88199	6.10157	4.59020e-05
2.17555e+04	1.22539e-02	2.70512e-03	0.34607	1.24849	4.59020e-05
2.18021e+04	1.22523e-02	1.06896e-03	3.26467	2.85502	4.59020e-05
2.18487e+04	1.22523e-02	2.59157e-03	4.82658	1.97615	4.59020e-05
2.18953e+04	1.22521e-02	3.45972e-03	5.74374	4.17599	4.59020e-05
2.19418e+04	1.22525e-02	1.36141e-03	1.98841	0.94997	4.59020e-05
2.19884e+04	1.22511e-02	1.79959e-03	5.97103	5.02784	4.59020e-05
2.20350e+04	1.22506e-02	2.45543e-03	1.62314	1.06739	4.59020e-05
2.20816e+04	1.22516e-02	1.53120e-03	1.92116	1.17960	4.59020e-05
2.21282e+04	1.22504e-02	8.62672e-04	2.28843	3.64454	4.59020e-05
2.21748e+04	1.22505e-02	2.98674e-04	4.76225	0.20198	4.59020e-05
2.22214e+04	1.22494e-02	1.88828e-03	2.23091	4.13004	4.59020e-05
2.22679e+04	1.22500e-02	1.90596e-03	2.78637	1.14985	4.59020e-05
2.23145e+04	1.22488e-02	2.43430e-03	5.50254	4.76271	4.59020e-05
2.23611e+04	1.22484e-02	1.84663e-03	5.42039	1.07392	4.59020e-05
2.24077e+04	1.22505e-02	5.37948e-04	0.77435	4.40166	4.59020e-05
2.24543e+04	1.22483e-02	4.27115e-04	4.78438	1.49560	4.59020e-05
2.25009e+04	1.22477e-02	9.64883e-04	4.59981	5.19240	4.59020e-05
2.25475e+04	1.22475e-02	1.52037e-03	5.04323	4.44792	4.59020e-05
2.25940e+04	1.22486e-02	2.02282e-03	4.76668	0.48859	4.59020e-05
2.26406e+04	1.22469e-02	1.74782e-03	5.60698	4.12353	4.59020e-05
2.26872e+04	1.22465e-02	2.31545e-03	3.58233	0.49537	4.59020e-05
2.27338e+04	1.22462e-02	2.67153e-03	3.46130	3.68958	4.59020e-05
2.27804e+04	1.22462e-02	6.92338e-04	5.22161	1.15424	4.59020e-05
2.28270e+04	1.22495e-02	8.94479e-04	4.31547	3.71227	4.59020e-05
2.28736e+04	1.22461e-02	1.08405e-03	4.79741	1.01644	4.59020e-05
2.29201e+04	1.22449e-02	1.30479e-03	0.61480	5.45166	4.59020e-05
2.29667e+04	1.22455e-02	9.02995e-04	5.02611	3.62586	4.59020e-05
2.30133e+04	1.22487e-02	1.58686e-03	0.58808	0.48284	4.59020e-05
2.30599e+04	1.22465e-02	1.79007e-03	5.74194	2.71836	4.59020e-05
2.31065e+04	1.22438e-02	1.77852e-03	0.15044	5.55183	4.59020e-05
2.31531e+04	1.22440e-02	2.18550e-03	2.43977	2.92140	4.59020e-05
2.31997e+04	1.22442e-02	1.78959e-03	1.75634	5.67749	4.59020e-05
2.32462e+04	1.22431e-02	5.99223e-04	0.98852	4.62955	4.59020e-05
2.32928e+04	1.22455e-02	1.18045e-03	4.90441	1.33579	4.59020e-05
2.33394e+04	1.22418e-02	1.11930e-03	3.33194	5.85074	4.59020e-05
2.33860e+04	1.22425e-02	2.37729e-03	6.26898	1.99157	4.59020e-05
2.34326e+04	1.22431e-02	1.81499e-03	4.36721	5.40898	4.59020e-05
2.34792e+04	1.22415e-02	2.39542e-03	5.55801	1.85458	4.59020e-05
2.35258e+04	1.22414e-02	9.24175e-04	2.01653	5.38011	4.59020e-05
2.35723e+04	1.22411e-02	1.16230e-03	1.12722	2.32690	4.59020e-05
2.36189e+04	1.22412e-02	8.37718e-04	1.04167	0.89724	4.59020e-05
2.36655e+04	1.22407e-02	1.37164e-03	5.71362	3.42428	4.59020e-05
2.37121e+04	1.22405e-02	1.94307e-03	5.13736	1.03604	4.59020e-05
2.37587e+04	1.22394e-02	1.98244e-03	1.93545	3.54054	4.59020e-05
2.38053e+04	1.22398e-02	2.58332e-03	0.30667	0.62956	4.59020e-05
2.38519e+04	1.22389e-02	1.48706e-03	1.89905	3.18986	4.59020e-05
2.38984e+04	1.22394e-02	1.88076e-03	4.58721	0.66531	4.59020e-05
2.39450e+04	1.22391e-02	1.09447e-03	4.80275	3.00634	4.59020e-05
2.39916e+04	1.22386e-02	4.45285e-04	5.69979	0.82966	4.59020e-05
2.40382e+04	1.22382e-02	4.43167e-04	1.43028	6.10447	4.59020e-05
2.40848e+04	1.22385e-02	1.50459e-03	2.72553	1.97561	4.59020e-05
2.41314e+04	1.22372e-02	1.91375e-03	4.72197	5.80842	4.59020e-05
2.41780e+04	1.22372e-02	1.23576e-03	4.39260	1.66370	4.59020e-05
2.42245e+04	1.22368e-02	1.02305e-03	4.47696	5.81324	4.59020e-05
2.42711e+04	1.22370e-02	5.95198e-04	3.73832	0.60091	4.59020e-05
2.43177e+04	1.22367e-02	1.01119e-03	5.39515	1.55186	4.59020e-05
2.43643e+04	1.22363e-02	1.46356e-03	1.06294	4.68480	4.59020e-05
2.44109e+04	1.22359e-02	2.11953e-03	5.64729	1.14897	4.59020e-05
2.44575e+04	1.22363e-02	1.23682e-03	6.12564	4.21625	4.59020e-05
2.45041e+04	1.22352e-02	2.20135e-03	2.92110	0.65769	4.59020e-05
2.45506e+04	1.22347e-02	4.87285e-04	1.66063	3.78276	4.59020e-05
2.45972e+04	1.22358e-02	8.30753e-04	2.23335	1.18816	4.59020e-05
2.46438e+04	1.22350e-02	7.15069e-04	3.12646	0.55505	4.59020e-05
2.46904e+04	1.22345e-02	1.83545e-03	3.70543	2.67082	4.59020e-05
2.47370e+04	1.22334e-02	1.12865e-03	5.66822	5.65649	4.59020e-05
2.47836e+04	1.22339e-02	1.57619e-03	3.74443	2.40633	4.59020e-05
2.48302e+04	1.22333e-02	1.60697e-03	5.12175	4.45536	4.59020e-05
2.48767e+04	1.22321e-02	1.19649e-03	1.80946	0.98920	4.59020e-05
2.49233e+04	1.22356e-02	7.74585e-04	5.36330	5.50316	4.59020e-05
2.49699e+04	1.22319e-02	9.10217e-04	5.86172	2.87628	4.59020e-05
2.50165e+04	1.22330e-02	1.88860e-03	2.17087	0.49942	4.59020e-05
2.50631e+04	1.22338e-02	2.17164e-03	1.67288	3.49404	4.59020e-05
2.51097e+04	1.22316e-02	1.50192e-03	4.26654	5.82333	4.59020e-05
2.51563e+04	1.22307e-02	1.68907e-03	2.12833	2.52877	4.59020e-05
2.52028e+04	1.22305e-02	7.27723e-04	1.02744	0.63513	4.59020e-05
2.52494e+04	1.22303e-02	9.30877e-04	2.96096	4.31973	4.59020e-05
2.52960e+04	1.22295e-02	3.84752e-04	1.16198	1.42151	4.59020e-05
2.53426e+04	1.22296e-02	1.86912e-03	2.29609	4.29005	4.59020e-05
2.53892e+04	1.22295e-02	1.47273e-03	4.98372	1.54033	4.59020e-05
2.54358e+04	1.22319e-02	1.08205e-03	5.07447	3.77263	4.59020e-05
2.54824e+04	1.22298e-02	7.78241e-04	5.75469	1.49484	4.59020e-05
2.55289e+04	1.22288e-02	5.40134e-04	5.97908	1.89576	4.59020e-05
2.55755e+04	1.22288e-02	1.47523e-03	1.81964	2.77110	4.59020e-05
2.56221e+04	1.22275e-02	1.02172e-03	3.77875	6.16412	4.59020e-05
2.56687e+04	1.22278e-02	1.63214e-03	2.28456	2.66786	4.59020e-05
2.57153e+04	1.22276e-02	1.13663e-03	3.85249	4.72391	4.59020e-05
2.57619e+04	1.22278e-02	5.62661e-04	1.00654	1.07885	4.59020e-05
2.58085e+04	1.22270e-02	1.05365e-03	5.85646	4.51001	4.59020e-05
2.58550e+04	1.22270e-02	8.64390e-04	5.63644	2.70933	4.59020e-05
2.59016e+04	1.22261e-02	1.32200e-03	1.48628	0.91538	4.59020e-05
2.59482e+04	1.22261e-02	1.92789e-03	1.50754	3.57780	4.59020e-05
2.59948e+04	1.22265e-02	2.33119e-03	4.12954	5.89553	4.59020e-05
2.60414e+04	1.22261e-02	1.86240e-03	1.88086	2.77319	4.59020e-05
2.60880e+04	1.22247e-02	1.15319e-03	2.55413	5.34116	4.59020e-05
2.61346e+04	1.22252e-02	7.92170e-04	3.49530	3.71066	4.59020e-05
2.61811e+04	1.22251e-02	4.62072e-04	1.10672	1.43264	4.59020e-05
2.62277e+04	1.22241e-02	2.15539e-03	2.56162	3.85704	4.59020e-05
2.62743e+04	1.22239e-02	2.01759e-03	6.05682	0.22064	4.59020e-05
2.63209e+04	1.22233e-02	1.75963e-03	4.83864	3.59491	4.59020e-05
2.63675e+04	1.22232e-02	1.09580e-03	6.19321	0.43471	4.59020e-05
2.64141e+04	1.22272e-02	4.25581e-04	0.40620	0.44993	4.59020e-05
2.64607e+04	1.22228e-02	1.06514e-03	1.07254	2.59026	4.59020e-05
2.65072e+04	1.22220e-02	2.22937e-03	4.14164	4.60193	4.59020e-05
2.65538e+04	1.22223e-02	1.61070e-03	1.98685	1.59966	4.59020e-05
2.66004e+04	1.22217e-02	1.79846e-03	2.75383	4.16422	4.59020e-05
2.66470e+04	1.22227e-02	6.20040e-04	4.40090	1.84943	4.59020e-05
2.66936e+04	1.22211e-02	9.64319e-04	2.43287	5.44741	4.59020e-05
2.67402e+04	1.22208e-02	1.25249e-03	2.44887	3.07322	4.59020e-05
2.67868e+04	1.22208e-02	2.20217e-03	6.27594	5.45595	4.59020e-05
2.68333e+04	1.22210e-02	1.45193e-03	0.09118	1.27721	4.59020e-05
2.68799e+04	1.22197e-02	1.18147e-03	1.93674	3.90988	4.59020e-05
2.69265e+04	1.22206e-02	4.08060e-04	3.13419	3.19016	4.59020e-05
2.69731e+04	1.22201e-02	1.02745e-03	1.97000	0.82761	4.59020e-05
2.70197e+04	1.22207e-02	1.75811e-03	4.76395	3.05984	4.59020e-05
2.70663e+04	1.22202e-02	1.85581e-03	2.87302	5.95374	4.59020e-05
2.71129e+04	1.22182e-02	1.53595e-03	3.27440	2.54170	4.59020e-05
2.71594e+04	1.22184e-02	5.91593e-04	0.72577	4.35178	4.59020e-05
2.72060e+04	1.22204e-02	3.17911e-04	0.97264	5.63731	4.59020e-05
2.72526e+04	1.22184e-02	1.31631e-03	3.93050	0.18832	4.59020e-05
2.72992e+04	1.22175e-02	1.98920e-03	0.42111	3.46260	4.59020e-05
2.73458e+04	1.22179e-02	1.75655e-03	0.40080	5.57670	4.59020e-05
2.73924e+04	1.22169e-02	1.88046e-03	1.32562	2.66677	4.59020e-05
2.74390e+04	1.22170e-02	1.45026e-03	5.45144	5.09896	4.59020e-05
2.74855e+04	1.22163e-02	7.09419e-04	3.28962	3.50772	4.59020e-05
2.75321e+04	1.22162e-02	1.49336e-03	4.81042	0.49940	4.59020e-05
2.75787e+04	1.22192e-02	1.13455e-03	2.79692	3.29740	4.59020e-05
2.76253e+04	1.22158e-02	1.12327e-03	3.26271	5.87748	4.59020e-05
2.76719e+04	1.22152e-02	1.27837e-03	5.11726	3.03505	4.59020e-05
2.77185e+04	1.22153e-02	7.19605e-04	5.22762	4.18357	4.59020e-05
2.77651e+04	1.22146e-02	9.66786e-04	1.49975	5.12906	4.59020e-05
2.78116e+04	1.22151e-02	5.75559e-04	5.36736	0.70966	4.59020e-05
2.78582e+04	1.22143e-02	1.49890e-03	4.59946	3.15900	4.59020e-05
2.79048e+04	1.22148e-02	1.52891e-03	5.02050	0.39592	4.59020e-05
2.79514e+04	1.22184e-02	4.45961e-04	2.50239	2.85202	4.59020e-05
2.79980e+04	1.22156e-02	5.13696e-04	1.55638	5.99841	4.59020e-05
2.80446e+04	1.22131e-02	1.39910e-03	0.81207	4.88857	4.59020e-05
2.80912e+04	1.22140e-02	1.89474e-03	4.97622	1.07852	4.59020e-05
2.81377e+04	1.22122e-02	1.35588e-03	5.57998	3.11229	4.59020e-05
2.81843e+04	1.22120e-02	8.52248e-04	1.59715	5.64198	4.59020e-05
2.82309e+04	1.22119e-02	7.08800e-04	4.54549	3.52282	4.59020e-05
2.82775e+04	1.22114e-02	8.53436e-04	2.24728	2.61265	4.59020e-05
2.83241e+04	1.22140e-02	1.65208e-03	5.53340	4.58174	4.59020e-05
2.83707e+04	1.22111e-02	1.15744e-03	4.58064	0.42587	4.59020e-05
2.84173e+04	1.22120e-02	9.47181e-04	4.99809	3.47138	4.59020e-05
2.84638e+04	1.22126e-02	1.25343e-03	1.83127	6.09079	4.59020e-05
2.85104e+04	1.22108e-02	7.80324e-04	4.63674	4.90577	4.59020e-05
2.85570e+04	1.22100e-02	1.38673e-03	5.87617	1.19187	4.59020e-05
2.86036e+04	1.22106e-02	2.09731e-03	2.48944	4.40454	4.59020e-05
2.86502e+04	1.22092e-02	1.90688e-03	1.91812	0.76548	4.59020e-05
2.86968e+04	1.22094e-02	1.34278e-03	4.32844	2.56616	4.59020e-05
2.87434e+04	1.22095e-02	6.46209e-04	2.15382	4.90879	4.59020e-05
2.87899e+04	1.22083e-02	1.25502e-03	4.27762	5.25584	4.59020e-05
2.88365e+04	1.22079e-02	1.28934e-03	0.75348	0.83306	4.59020e-05
2.88831e+04	1.22111e-02	1.16994e-03	4.70655	3.68784	4.59020e-05
2.89297e+04	1.22080e-02	1.38960e-03	4.43711	0.51781	4.59020e-05
2.89763e+04	1.22074e-02	7.75333e-04	0.16787	3.56207	4.59020e-05
2.90229e+04	1.22073e-02	2.79696e-04	4.44743	0.17350	4.59020e-05
2.90695e+04	1.22068e-02	1.82997e-03	3.16655	4.66664	4.59020e-05
2.91160e+04	1.22110e-02	2.09050e-03	6.11488	0.76571	4.59020e-05
2.91626e+04	1.22064e-02	1.10237e-03	5.29023	2.85957	4.59020e-05
2.92092e+04	1.22073e-02	3.82802e-04	0.40813	5.01726	4.59020e-05
2.92558e+04	1.22082e-02	6.69076e-04	5.34973	5.72137	4.59020e-05
2.93024e+04	1.22066e-02	6.99215e-04	4.39743	2.06195	4.59020e-05
2.93490e+04	1.22060e-02	9.81809e-04	6.00761	4.29241	4.59020e-05
2.93956e+04	1.22048e-02	1.96320e-03	3.58149	0.15563	4.59020e-05
2.94421e+04	1.22055e-02	1.14813e-03	2.45462	3.30990	4.59020e-05
2.94887e+04	1.22042e-02	3.94076e-04	4.40796	5.45479	4.59020e-05
2.95353e+04	1.22049e-02	1.68913e-03	5.33025	4.67709	4.59020e-05
2.95819e+04	1.22045e-02	2.07620e-03	4.94679	1.01677	4.59020e-05
2.96285e+04	1.22037e-02	1.07486e-03	1.21379	2.97482	4.59020e-05
2.96751e+04	1.22030e-02	1.39571e-03	5.25002	5.60820	4.59020e-05
2.97217e+04	1.22071e-02	3.68490e-04	5.79385	1.37051	4.59020e-05
2.97682e+04	1.22027e-02	1.29681e-03	4.86640	0.88031	4.59020e-05
2.98148e+04	1.22025e-02	1.99638e-03	2.74129	3.67811	4.59020e-05
2.98614e+04	1.22028e-02	1.53945e-03	3.46622	5.87313	4.59020e-05
2.99080e+04	1.22028e-02	1.40487e-03	5.27521	2.82716	4.59020e-05
2.99546e+04	1.22012e-02	5.75916e-04	4.66752	4.45422	4.59020e-05
3.00012e+04	1.22022e-02	1.54541e-03	1.44451	4.54145	4.59020e-05
3.00478e+04	1.22009e-02	1.75363e-03	4.26797	0.81506	4.59020e-05
3.00943e+04	1.22020e-02	2.00290e-03	3.13705	3.20445	4.59020e-05
3.01409e+04	1.22010e-02	2.47155e-04	4.80810	4.97368	4.59020e-05
3.01875e+04	1.22004e-02	5.65127e-04	3.06947	6.08953	4.59020e-05
3.02341e+04	1.22006e-02	1.40137e-03	3.51436	0.84840	4.59020e-05
3.02807e+04	1.22007e-02	2.06334e-03	4.54622	3.58799	4.59020e-05
3.03273e+04	1.21994e-02	1.82652e-03	1.56325	6.11284	4.59020e-05
3.03739e+04	1.22001e-02	4.71637e-04	2.10342	1.13963	4.59020e-05
3.04204e+04	1.21991e-02	4.94924e-04	3.45144	3.71341	4.59020e-05
3.04670e+04	1.21982e-02	1.29045e-03	2.80985	4.22300	4.59020e-05
3.05136e+04	1.21988e-02	9.54977e-04	2.61808	0.19116	4.59020e-05
3.05602e+04	1.21986e-02	9.22993e-04	4.99250	2.02876	4.59020e-05
3.06068e+04	1.22008e-02	9.52162e-04	2.00608	5.17327	4.59020e-05
3.06534e+04	1.21976e-02	7.98354e-04	5.04839	4.35925	4.59020e-05
3.07000e+04	1.22010e-02	1.46102e-03	0.88156	0.38490	4.59020e-05
3.07465e+04	1.21978e-02	1.01147e-03	5.57285	2.35248	4.59020e-05
3.07931e+04	1.21970e-02	1.73441e-03	5.54868	4.80314	4.59020e-05
3.08397e+04	1.21961e-02	1.07096e-03	1.69055	0.77297	4.59020e-05
3.08863e+04	1.21968e-02	6.86426e-04	3.21603	6.10322	4.59020e-05
3.09329e+04	1.21971e-02	1.69447e-03	2.94485	2.72943	4.59020e-05
3.09795e+04	1.21955e-02	1.41965e-03	5.59633	4.96763	4.59020e-05
3.10261e+04	1.21963e-02	1.90571e-03	3.61566	1.44140	4.59020e-05
3.10726e+04	1.21952e-02	8.20686e-04	3.45781	4.44539	4.59020e-05
3.11192e+04	1.21945e-02	5.85841e-04	2.35117	4.33422	4.59020e-05
3.11658e+04	1.21947e-02	7.87685e-04	1.69836	5.97383	4.59020e-05
3.12124e+04	1.21948e-02	9.84422e-04	2.50220	1.94079	4.59020e-05
3.12590e+04	1.21951e-02	1.20445e-03	5.21867	4.43931	4.59020e-05
3.13056e+04	1.21938e-02	5.87854e-04	3.52522	1.01441	4.59020e-05
3.13522e+04	1.21939e-02	9.55167e-04	2.66439	5.22716	4.59020e-05
3.13987e+04	1.21931e-02	1.77767e-03	4.87786	2.10110	4.59020e-05
3.14453e+04	1.21943e-02	1.30440e-03	3.71439	4.54428	4.59020e-05
3.14919e+04	1.21935e-02	1.21787e-03	4.63598	0.82926	4.59020e-05
3.15385e+04	1.21933e-02	7.14799e-04	4.14092	0.63705	4.59020e-05
3.15851e+04	1.21923e-02	1.27246e-03	3.78898	2.39403	4.59020e-05
3.16317e+04	1.21918e-02	1.99871e-03	5.44270	4.31363	4.59020e-05
3.16783e+04	1.21960e-02	9.10910e-04	2.42873	0.53948	4.59020e-05
3.17248e+04	1.21914e-02	3.71529e-04	0.83786	3.76044	4.59020e-05
3.17714e+04	1.21918e-02	1.38794e-04	2.28144	6.04053	4.59020e-05
3.18180e+04	1.21919e-02	1.77210e-03	3.27820	4.60209	4.59020e-05
3.18646e+04	1.21914e-02	2.05951e-03	2.71761	0.61193	4.59020e-05
3.19112e+04	1.21946e-02	1.20603e-03	4.79264	2.44665	4.59020e-05
3.19578e+04	1.21905e-02	7.61685e-04	2.35821	4.64614	4.59020e-05
3.20044e+04	1.21898e-02	1.61514e-04	5.14641	3.72615	4.59020e-05
3.20509e+04	1.21918e-02	1.48895e-03	5.77339	0.79042	4.59020e-05
3.20975e+04	1.21895e-02	8.58012e-04	3.65461	2.73359	4.59020e-05
3.21441e+04	1.21916e-02	7.91356e-04	2.80668	5.62963	4.59020e-05
3.21907e+04	1.21907e-02	2.84007e-04	4.87979	1.41546	4.59020e-05
3.22373e+04	1.21891e-02	7.37299e-04	0.13669	6.15480	4.59020e-05
3.22839e+04	1.21890e-02	8.65897e-04	5.77476	2.62959	4.59020e-05
3.23305e+04	1.21923e-02	1.53484e-03	1.02069	5.32189	4.59020e-05
3.23770e+04	1.21877e-02	5.51445e-04	4.23318	2.15780	4.59020e-05
3.24236e+04	1.21873e-02	1.01821e-03	1.98432	0.29578	4.59020e-05
3.24702e+04	1.21886e-02	1.27143e-03	3.45790	3.12054	4.59020e-05
3.25168e+04	1.21871e-02	1.52612e-03	1.97830	4.75409	4.59020e-05
3.25634e+04	1.21864e-02	4.83636e-04	1.22902	1.50356	4.59020e-05
3.26100e+04	1.21859e-02	5.67785e-04	4.14065	3.00723	4.59020e-05
3.26566e+04	1.21863e-02	1.27602e-03	5.12880	2.27311	4.59020e-05
3.27031e+04	1.21859e-02	1.37978e-03	5.21544	4.56083	4.59020e-05
3.27497e+04	1.21856e-02	1.74087e-03	0.50435	1.19180	4.59020e-05
3.27963e+04	1.21862e-02	3.51421e-04	3.51352	4.78456	4.59020e-05
3.28429e+04	1.21848e-02	4.57976e-04	2.91798	1.52454	4.59020e-05
3.28895e+04	1.21856e-02	1.25465e-03	3.63025	5.35416	4.59020e-05
3.29361e+04	1.21846e-02	8.33303e-04	2.21062	0.92228	4.59020e-05
3.29827e+04	1.21848e-02	3.16421e-04	2.98580	2.62731	4.59020e-05
3.30292e+04	1.21849e-02	5.22330e-04	4.39593	5.80710	4.59020e-05
3.30758e+04	1.21861e-02	9.37637e-04	0.02311	4.31335	4.59020e-05
3.31224e+04	1.21843e-02	1.07442e-03	0.11178	0.46768	4.59020e-05
3.31690e+04	1.21837e-02	7.97265e-04	1.78240	3.43133	4.59020e-05
3.32156e+04	1.21828e-02	6.28558e-04	1.64775	4.02552	4.59020e-05
3.32622e+04	1.21838e-02	1.26286e-03	3.56669	4.66941	4.59020e-05
3.33088e+04	1.21823e-02	1.46578e-03	0.20994	0.12917	4.59020e-05
3.33553e+04	1.21829e-02	1.96555e-03	4.35697	2.75149	4.59020e-05
3.34019e+04	1.21833e-02	1.07665e-03	4.58322	5.11485	4.59020e-05
3.34485e+04	1.21813e-02	7.65248e-04	2.84967	5.25171	4.59020e-05
3.34951e+04	1.21813e-02	8.33987e-04	1.56384	0.75402	4.59020e-05
3.35417e+04	1.21811e-02	9.42438e-04	2.14968	2.76331	4.59020e-05
3.35883e+04	1.21805e-02	7.92933e-04	4.28678	5.31448	4.59020e-05
3.36349e+04	1.21826e-02	4.83079e-04	4.62055	5.48008	4.59020e-05
3.36814e+04	1.21808e-02	1.12604e-03	5.75481	0.65433	4.59020e-05
3.37280e+04	1.21797e-02	1.86496e-03	2.45558	2.42613	4.59020e-05
3.37746e+04	1.21807e-02	5.79238e-04	0.82252	4.56603	4.59020e-05
3.38212e+04	1.21797e-02	6.04802e-04	2.49421	5.50530	4.59020e-05
3.38678e+04	1.21794e-02	1.24212e-03	0.52456	5.90344	4.59020e-05
3.39144e+04	1.21791e-02	1.51017e-03	4.63297	2.31723	4.59020e-05
3.39610e+04	1.21792e-02	9.09860e-04	5.08601	4.47246	4.59020e-05
3.40075e+04	1.21792e-02	6.43800e-05	5.86029	2.09570	4.59020e-05
3.40541e+04	1.21786e-02	1.35753e-04	5.24584	3.17430	4.59020e-05
3.41007e+04	1.21777e-02	1.16965e-03	3.45319	1.21830	4.59020e-05
3.41473e+04	1.21781e-02	1.36893e-03	5.82575	3.46762	4.59020e-05
3.41939e+04	1.21800e-02	5.97664e-04	3.15358	0.29995	4.59020e-05
3.42405e+04	1.21774e-02	8.09230e-04	6.12955	6.15927	4.59020e-05
3.42871e+04	1.21781e-02	1.47314e-03	2.82870	1.53591	4.59020e-05
3.43336e+04	1.21774e-02	1.96024e-03	1.35914	3.42421	4.59020e-05
3.43802e+04	1.21764e-02	7.34388e-04	0.84130	0.11955	4.59020e-05
3.44268e+04	1.21763e-02	7.27499e-04	5.87812	5.88884	4.59020e-05
3.44734e+04	1.21765e-02	1.60010e-03	4.92814	0.89518	4.59020e-05
3.45200e+04	1.21757e-02	1.40365e-03	4.76340	3.58072	4.59020e-05
3.45666e+04	1.21752e-02	4.47076e-04	1.18398	5.41725	4.59020e-05
3.46132e+04	1.21748e-02	6.00338e-04	1.51862	5.37166	4.59020e-05
3.46597e+04	1.21754e-02	1.10695e-03	2.64631	0.28146	4.59020e-05
3.47063e+04	1.21755e-02	1.99573e-03	4.45592	2.88173	4.59020e-05
3.47529e+04	1.21742e-02	1.53178e-03	2.37733	5.21381	4.59020e-05
3.47995e+04	1.21749e-02	7.20399e-04	4.27917	5.63906	4.59020e-05
3.48461e+04	1.21738e-02	9.31445e-04	1.90608	6.06299	4.59020e-05
3.48927e+04	1.21736e-02	1.79823e-03	5.81573	2.24422	4.59020e-05
3.49393e+04	1.21743e-02	6.27509e-04	5.61874	4.65623	4.59020e-05
3.49858e+04	1.21761e-02	4.56482e-04	1.56481	0.46189	4.59020e-05
3.50324e+04	1.21736e-02	1.35060e-03	2.51156	5.83574	4.59020e-05
3.50790e+04	1.21734e-02	1.81217e-03	2.27521	1.84475	4.59020e-05
3.51256e+04	1.21753e-02	7.36954e-04	3.83711	4.46759	4.59020e-05
3.51722e+04	1.21720e-02	6.14807e-04	3.36916	4.93330	4.59020e-05
3.52188e+04	1.21715e-02	4.46838e-04	4.45454	5.82311	4.59020e-05
3.52654e+04	1.21723e-02	1.09227e-03	5.99498	2.01867	4.59020e-05
3.53119e+04	1.21720e-02	1.27358e-03	4.51974	3.44029	4.59020e-05
3.53585e+04	1.21712e-02	4.11316e-04	3.72381	6.14849	4.59020e-05
3.54051e+04	1.21712e-02	5.73852e-04	1.57150	5.90121	4.59020e-05
3.54517e+04	1.21738e-02	1.67049e-03	5.69199	1.51078	4.59020e-05
3.54983e+04	1.21701e-02	3.62252e-04	5.10510	3.91452	4.59020e-05
3.55449e+04	1.21696e-02	6.52122e-04	4.14907	2.35049	4.59020e-05
3.55915e+04	1.21699e-02	8.45940e-04	1.30530	4.77125	4.59020e-05
3.56380e+04	1.21701e-02	1.53766e-03	0.02896	1.45751	4.59020e-05
3.56846e+04	1.21697e-02	1.12687e-04	2.89238	2.22465	4.59020e-05
3.57312e+04	1.21690e-02	6.95009e-04	2.60910	1.94227	4.59020e-05
3.57778e+04	1.21686e-02	1.02192e-03	0.87239	5.22868	4.59020e-05
3.58244e+04	1.21681e-02	1.68017e-03	2.46956	0.82414	4.59020e-05
3.58710e+04	1.21721e-02	6.03406e-04	5.87509	3.00659	4.59020e-05
3.59175e+04	1.21683e-02	8.95209e-04	0.88785	3.09216	4.59020e-05
3.59641e+04	1.21677e-02	1.84574e-03	2.72411	4.56552	4.59020e-05
3.60107e+04	1.21682e-02	1.41594e-03	5.65871	0.81415	4.59020e-05
3.60573e+04	1.21677e-02	2.16423e-04	3.08898	4.55775	4.59020e-05
3.61039e+04	1.21672e-02	9.86273e-04	1.93795	2.65533	4.59020e-05
3.61505e+04	1.21679e-02	9.05638e-04	5.46198	4.45028	4.59020e-05
3.61971e+04	1.21678e-02	8.41809e-04	4.34721	0.22223	4.59020e-05
3.62436e+04	1.21668e-02	1.27656e-03	1.22513	0.12860	4.59020e-05
3.62902e+04	1.21662e-02	1.30707e-03	4.74032	1.69460	4.59020e-05
3.63368e+04	1.21657e-02	1.04852e-03	2.27720	4.93087	4.59020e-05
3.63834e+04	1.21652e-02	4.63636e-04	1.13014	2.71514	4.59020e-05
3.64300e+04	1.21655e-02	9.14568e-04	2.07830	0.29086	4.59020e-05
3.64766e+04	1.21658e-02	1.59681e-03	1.06820	1.98849	4.59020e-05
3.65232e+04	1.21688e-02	2.86494e-04	6.01102	5.94162	4.59020e-05
3.65697e+04	1.21649e-02	6.97514e-04	0.00091	4.07810	4.59020e-05
3.66163e+04	1.21639e-02	8.50694e-04	4.11832	0.39264	4.59020e-05
3.66629e+04	1.21670e-02	5.20638e-04	4.95435	1.96732	4.59020e-05
3.67095e+04	1.21639e-02	6.20022e-04	2.61301	2.54426	4.59020e-05
3.67561e+04	1.21649e-02	9.48388e-04	0.55182	4.74751	4.59020e-05
3.68027e+04	1.21633e-02	7.15919e-04	0.72867	0.58426	4.59020e-05
3.68493e+04	1.21674e-02	1.25343e-03	5.21990	0.26288	4.59020e-05
3.68958e+04	1.21627e-02	1.59035e-03	2.55398	3.05510	4.59020e-05
3.69424e+04	1.21621e-02	7.18797e-04	4.55757	2.97089	4.59020e-05
3.69890e+04	1.21624e-02	8.45294e-04	5.77281	5.82967	4.59020e-05
3.70356e+04	1.21629e-02	1.19128e-03	2.83768	2.16096	4.59020e-05
3.70822e+04	1.21626e-02	9.85296e-04	3.83584	2.98744	4.59020e-05
3.71288e+04	1.21623e-02	1.81817e-03	4.59450	5.93932	4.59020e-05
3.71754e+04	1.21623e-02	9.80199e-04	4.82564	5.21965	4.59020e-05
3.72219e+04	1.21616e-02	1.90866e-03	1.77399	3.47770	4.59020e-05
3.72685e+04	1.21621e-02	1.44600e-03	5.97525	2.90205	4.59020e-05
3.73151e+04	1.21603e-02	4.78915e-04	1.27917	1.12289	4.59020e-05
3.73617e+04	1.21591e-02	2.68304e-03	4.43459	1.81892	4.59020e-05
3.74083e+04	1.21605e-02	2.07564e-03	1.67129	4.68287	4.59020e-05
3.74549e+04	1.21591e-02	3.18943e-03	4.60613	4.83893	4.59020e-05
3.75015e+04	1.21585e-02	4.36074e-03	3.63526	5.96395	4.59020e-05
3.75480e+04	1.21592e-02	3.93915e-03	0.45665	0.15823	4.59020e-05
3.75946e+04	1.21587e-02	4.34812e-03	2.55221	0.90706	4.59020e-05
3.76412e+04	1.21599e-02	2.17508e-03	5.50342	1.50561	4.59020e-05
3.76878e+04	1.21588e-02	4.08183e-03	6.19050	2.87450	4.59020e-05
3.77344e+04	1.21599e-02	6.20283e-03	4.87151	3.25530	4.59020e-05
3.77810e+04	1.21602e-02	3.08684e-03	5.72023	4.72768	4.59020e-05
3.78276e+04	1.21591e-02	5.13370e-03	2.59948	0.17361	4.59020e-05
3.78741e+04	1.21594e-02	2.15450e-03	5.53371	6.06176	4.59020e-05
3.79207e+04	1.21594e-02	1.97029e-03	1.24549	2.31047	4.59020e-05
3.79673e+04	1.21627e-02	9.55168e-04	0.04049	5.97597	4.59020e-05
3.80139e+04	1.21602e-02	1.22867e-03	1.62208	3.24057	4.59020e-05
3.80605e+04	1.21582e-02	1.14674e-03	5.59021	4.74689	4.59020e-05
3.81071e+04	1.21579e-02	1.82672e-03	0.45849	4.41849	4.59020e-05
3.81537e+04	1.21592e-02	1.07575e-03	2.84202	3.54774	4.59020e-05
3.82002e+04	1.21612e-02	9.20546e-04	5.36969	2.02168	4.59020e-05
3.82468e+04	1.21586e-02	1.97291e-03	6.04963	2.42307	4.59020e-05
3.82934e+04	1.21590e-02	1.54342e-03	0.78920	2.04849	4.59020e-05
3.83400e+04	1.21575e-02	1.98257e-03	2.49856	2.07994	4.59020e-05
3.83866e+04	1.21581e-02	1.70729e-03	2.32830	2.17520	4.59020e-05
3.84332e+04	1.21573e-02	1.40675e-03	2.79241	4.62812	4.59020e-05
3.84798e+04	1.21580e-02	1.37749e-03	0.94494	4.62825	4.59020e-05
3.85263e+04	1.21574e-02	3.08593e-03	4.88331	5.84487	4.59020e-05
3.85729e+04	1.21580e-02	8.07831e-04	2.14014	5.81886	4.59020e-05
3.86195e+04	1.21585e-02	1.63429e-03	3.04076	1.18508	4.59020e-05
3.86661e+04	1.21576e-02	2.32408e-03	3.73804	1.39207	4.59020e-05
3.87127e+04	1.21585e-02	1.21009e-03	5.54187	1.87208	4.59020e-05
3.87593e+04	1.21585e-02	1.45580e-03	4.43739	3.99271	4.59020e-05
3.88059e+04	1.21589e-02	3.19461e-03	5.55945	3.96549	4.59020e-05
3.88524e+04	1.21589e-02	1.95194e-03	0.45256	3.83723	4.59020e-05
3.88990e+04	1.21583e-02	1.01120e-03	0.09295	5.60703	4.59020e-05
3.89456e+04	1.21581e-02	1.81886e-03	0.14455	0.34538	4.59020e-05
3.89922e+04	1.21585e-02	2.75776e-03	1.12233	0.58088	4.59020e-05
3.90388e+04	1.21581e-02	8.97389e-04	3.12463	0.18795	4.59020e-05
3.90854e+04	1.21581e-02	1.77592e-03	1.48429	2.96462	4.59020e-05
3.91320e+04	1.21581e-02	2.79072e-03	2.97424	2.72351	4.59020e-05
3.91785e+04	1.21587e-02	2.03817e-03	4.03140	2.83858	4.59020e-05
3.92251e+04	1.21592e-02	1.00977e-03	3.24435	4.49496	4.59020e-05
3.92717e+04	1.21586e-02	2.26047e-03	2.53649	5.89184	4.59020e-05
3.93183e+04	1.21584e-02	2.90987e-03	3.28326	6.10452	4.59020e-05
3.93649e+04	1.21603e-02	2.25085e-03	3.62546	0.00607	4.59020e-05
3.94115e+04	1.21586e-02	4.55514e-04	3.76185	0.41304	4.59020e-05
3.94581e+04	1.21590e-02	1.56218e-03	1.58098	2.48259	4.59020e-05
3.95046e+04	1.21584e-02	2.48417e-03	0.19191	3.25016	4.59020e-05
3.95512e+04	1.21588e-02	2.32149e-03	5.86457	3.74807	4.59020e-05
3.95978e+04	1.21590e-02	3.16847e-03	5.32752	4.42966	4.59020e-05
3.96444e+04	1.21581e-02	1.19548e-03	5.93324	4.49409	4.59020e-05
3.96910e+04	1.21576e-02	1.98697e-03	4.83010	0.42467	4.59020e-05
3.97376e+04	1.21584e-02	3.54782e-03	5.67436	0.84542	4.59020e-05
3.97842e+04	1.21623e-02	2.89287e-03	0.61942	0.87886	4.59020e-05
3.98307e+04	1.21577e-02	1.27814e-03	0.03311	2.17629	4.59020e-05
3.98773e+04	1.21588e-02	2.41400e-03	5.89402	3.65286	4.59020e-05
3.99239e+04	1.21580e-02	2.89817e-03	0.41080	3.55100	4.59020e-05
3.99705e+04	1.21624e-02	2.88248e-03	0.36792	4.02088	4.59020e-05
4.00171e+04	1.21574e-02	1.07721e-03	6.04285	5.37722	4.59020e-05
4.00637e+04	1.21588e-02	2.85365e-03	0.06038	0.25567	4.59020e-05
4.01103e+04	1.21595e-02	3.72835e-03	1.68078	0.21095	4.59020e-05
4.01568e+04	1.21587e-02	1.49564e-03	3.32077	0.45494	4.59020e-05
4.02034e+04	1.21583e-02	3.30371e-03	3.28196	2.37108	4.59020e-05
4.02500e+04	1.21591e-02	3.13960e-03	4.49113	2.63352	4.59020e-05
4.02966e+04	1.21580e-02	1.06445e-03	5.29031	2.98197	4.59020e-05
4.03432e+04	1.21618e-02	2.15230e-03	4.64689	4.60279	4.59020e-05
4.03898e+04	1.21574e-02	3.97682e-03	4.74778	5.19702	4.59020e-05
4.04364e+04	1.21584e-02	2.73507e-03	5.26158	5.26051	4.59020e-05
4.04829e+04	1.21591e-02	7.53917e-04	3.97795	0.57478	4.59020e-05
4.05295e+04	1.21585e-02	1.99820e-03	2.24298	1.54359	4.59020e-05
4.05761e+04	1.21587e-02	3.00211e-03	0.19014	2.35285	4.59020e-05
4.06227e+04	1.21589e-02	2.60560e-03	2.95949	3.05360	4.59020e-05
4.06693e+04	1.21608e-02	4.75790e-03	2.94265	3.42489	4.59020e-05
4.07159e+04	1.21601e-02	4.75304e-03	6.21318	4.12822	4.59020e-05
4.07625e+04	1.21620e-02	7.44640e-03	6.23140	4.85552	4.59020e-05
4.08090e+04	1.21593e-02	6.00949e-03	4.74901	5.03258	4.59020e-05
4.08556e+04	1.21587e-02	8.79184e-03	4.80439	5.86691	4.59020e-05
4.09022e+04	1.21632e-02	7.79415e-03	3.46654	6.02081	4.59020e-05
4.09488e+04	1.21589e-02	7.44306e-03	2.78890	0.73589	4.59020e-05
4.09954e+04	1.21598e-02	7.26945e-03	0.50057	1.46987	4.59020e-05
4.10420e+04	1.21598e-02	4.35369e-03	3.01791	1.36388	4.59020e-05
4.10886e+04	1.21589e-02	6.51946e-03	3.59966	1.06568	4.59020e-05
4.11351e+04	1.21633e-02	6.34970e-03	3.58322	1.14204	4.59020e-05
4.11817e+04	1.21577e-02	5.82745e-03	2.80602	2.06123	4.59020e-05
4.12283e+04	1.21603e-02	8.07600e-03	3.12507	1.50541	4.59020e-05
4.12749e+04	1.21596e-02	6.79722e-03	3.90794	2.06584	4.59020e-05
4.13215e+04	1.21594e-02	4.36651e-03	2.63150	3.32685	4.59020e-05
4.13681e+04	1.21592e-02	4.59930e-03	1.65361	4.58136	4.59020e-05
4.14147e+04	1.21603e-02	2.59263e-03	4.51394	5.92893	4.59020e-05
4.14612e+04	1.21582e-02	1.51048e-03	2.96046	0.26619	4.59020e-05
4.15078e+04	1.21591e-02	6.44522e-03	4.71623	0.94449	4.59020e-05
4.15544e+04	1.21600e-02	6.86566e-03	4.45594	1.42000	4.59020e-05
4.16010e+04	1.21597e-02	7.36949e-03	4.14395	1.87862	4.59020e-05
4.16476e+04	1.21606e-02	5.64725e-03	3.30717	2.34304	4.59020e-05
4.16942e+04	1.21587e-02	4.91896e-03	0.89071	3.83079	4.59020e-05
4.17408e+04	1.21578e-02	4.99602e-03	6.01811	4.60371	4.59020e-05
4.17873e+04	1.21580e-02	6.54046e-03	5.80823	4.74409	4.59020e-05
4.18339e+04	1.21589e-02	7.03289e-03	5.83361	5.02565	4.59020e-05
4.18805e+04	1.21591e-02	4.28446e-03	5.82335	5.70144	4.59020e-05
4.19271e+04	1.21587e-02	7.22251e-03	5.44370	6.17040	4.59020e-05
4.19737e+04	1.21582e-02	7.86488e-03	4.75303	0.50121	4.59020e-05
4.20203e+04	1.21607e-02	7.11653e-03	4.50607	0.66850	4.59020e-05
4.20669e+04	1.21599e-02	8.99475e-03	4.41648	1.31879	4.59020e-05
4.21134e+04	1.21596e-02	4.52614e-03	6.04050	1.51128	4.59020e-05
4.21600e+04	1.21583e-02	6.50281e-03	0.11502	1.93074	4.59020e-05
4.22066e+04	1.21632e-02	7.10855e-03	4.93269	2.55724	4.59020e-05
4.22532e+04	1.21594e-02	5.83304e-03	5.15677	2.77194	4.59020e-05
4.22998e+04	1.21579e-02	5.31908e-03	4.89749	3.44074	4.59020e-05
4.23464e+04	1.21591e-02	5.05012e-03	4.47505	4.27395	4.59020e-05
4.23930e+04	1.21603e-02	3.99673e-03	4.67570	4.58507	4.59020e-05
4.24395e+04	1.21599e-02	5.15107e-03	4.98354	5.01580	4.59020e-05
4.24861e+04	1.21590e-02	5.48358e-03	6.23722	4.74864	4.59020e-05
4.25327e+04	1.21612e-02	6.11447e-03	0.67036	5.02283	4.59020e-05
4.25793e+04	1.21630e-02	3.94894e-03	0.77266	5.30677	4.59020e-05
4.26259e+04	1.21597e-02	3.50305e-03	1.57685	5.43561	4.59020e-05
4.26725e+04	1.21588e-02	4.07452e-03	4.48648	6.22770	4.59020e-05
4.27191e+04	1.21609e-02	4.74967e-03	3.86298	0.68882	4.59020e-05
4.27656e+04	1.21600e-02	4.11223e-03	1.84761	1.55753	4.59020e-05
4.28122e+04	1.21599e-02	6.51832e-03	2.57431	2.51627	4.59020e-05
4.28588e+04	1.21595e-02	7.84166e-03	0.75272	3.14820	4.59020e-05
4.29054e+04	1.21592e-02	6.11832e-03	3.73728	3.94259	4.59020e-05
4.29520e+04	1.21619e-02	7.88434e-03	3.29174	4.14484	4.59020e-05
4.29986e+04	1.21587e-02	7.73187e-03	5.23856	3.94389	4.59020e-05
4.30452e+04	1.21609e-02	7.16332e-03	4.51223	4.35321	4.59020e-05
4.30917e+04	1.21588e-02	6.82658e-03	5.40240	4.97510	4.59020e-05
4.31383e+04	1.21594e-02	4.60817e-03	5.56454	6.03124	4.59020e-05
4.31849e+04	1.21587e-02	3.36870e-03	0.44797	0.56898	4.59020e-05
4.32315e+04	1.21579e-02	5.66100e-03	1.43951	1.32793	4.59020e-05
4.32781e+04	1.21594e-02	7.81464e-03	2.54900	1.99661	4.59020e-05
4.33247e+04	1.21582e-02	7.23197e-03	4.37627	2.69194	4.59020e-05
4.33713e+04	1.21599e-02	5.13953e-03	3.69774	3.31512	4.59020e-05
4.34178e+04	1.21590e-02	4.97056e-03	2.66185	4.30470	4.59020e-05
4.34644e+04	1.21603e-02	6.50091e-03	4.23080	5.42255	4.59020e-05
4.35110e+04	1.21594e-02	4.38739e-03	2.20577	5.88966	4.59020e-05
4.35576e+04	1.21601e-02	3.90784e-03	1.79835	0.44916	4.59020e-05
4.36042e+04	1.21593e-02	4.65566e-03	4.29326	0.88620	4.59020e-05
4.36508e+04	1.21598e-02	5.82778e-03	2.90047	0.99885	4.59020e-05
4.36974e+04	1.21600e-02	6.16538e-03	0.07294	1.54220	4.59020e-05
4.37439e+04	1.21585e-02	4.80641e-03	1.10992	2.30738	4.59020e-05
4.37905e+04	1.21600e-02	4.87431e-03	2.70234	2.62287	4.59020e-05
4.38371e+04	1.21585e-02	4.66992e-03	3.79531	3.28488	4.59020e-05
4.38837e+04	1.21594e-02	3.98435e-03	5.12807	3.70767	4.59020e-05
4.39303e+04	1.21586e-02	3.64377e-03	5.64304	3.96314	4.59020e-05
4.39769e+04	1.21597e-02	3.78940e-03	0.30855	5.26375	4.59020e-05
4.40235e+04	1.21612e-02	7.54680e-03	2.44514	5.83820	4.59020e-05
4.40700e+04	1.21583e-02	6.27769e-03	4.38821	0.29055	4.59020e-05
4.41166e+04	1.21611e-02	6.32258e-03	1.28042	1.35548	4.59020e-05
4.41632e+04	1.21576e-02	5.48864e-03	5.55930	1.73819	4.59020e-05
4.42098e+04	1.21580e-02	6.53418e-03	2.94783	2.79100	4.59020e-05
4.42564e+04	1.21612e-02	5.62905e-03	0.49855	3.66814	4.59020e-05
4.43030e+04	1.21577e-02	5.74737e-03	4.94826	3.99089	4.59020e-05
4.43496e+04	1.21625e-02	6.81659e-03	0.84252	5.24668	4.59020e-05
4.43961e+04	1.21613e-02	5.16076e-03	2.88321	5.75822	4.59020e-05
4.44427e+04	1.21587e-02	6.69693e-03	0.11254	0.33823	4.59020e-05
4.44893e+04	1.21567e-02	6.37176e-03	2.51504	1.38439	4.59020e-05
4.45359e+04	1.21588e-02	4.84340e-03	0.74170	1.94398	4.59020e-05
4.45825e+04	1.21572e-02	6.95845e-03	3.14578	2.96529	4.59020e-05
4.46291e+04	1.21587e-02	4.26427e-03	4.86823	3.27344	4.59020e-05
4.46757e+04	1.21579e-02	5.34363e-03	2.71904	4.59547	4.59020e-05
4.47222e+04	1.21593e-02	6.61862e-03	3.94543	5.16528	4.59020e-05
4.47688e+04	1.21607e-02	7.11915e-03	4.76126	0.22028	4.59020e-05
4.48154e+04	1.21602e-02	5.63337e-03	1.11635	0.76364	4.59020e-05
4.48620e+04	1.21593e-02	6.42353e-03	3.25753	1.60132	4.59020e-05
4.49086e+04	1.21583e-02	6.88977e-03	5.73767	1.81322	4.59020e-05
4.49552e+04	1.21596e-02	7.02142e-03	6.11970	1.98628	4.59020e-05
4.50018e+04	1.21588e-02	7.42198e-03	2.31021	2.66739	4.59020e-05
4.50483e+04	1.21594e-02	5.10694e-03	2.19854	3.16148	4.59020e-05
4.50949e+04	1.21598e-02	6.20215e-03	2.74754	3.74279	4.59020e-05
4.51415e+04	1.21606e-02	4.22472e-03	5.67190	4.01077	4.59020e-05
4.51881e+04	1.21601e-02	4.62499e-03	2.29953	4.21524	4.59020e-05
4.52347e+04	1.21600e-02	1.92854e-03	3.60067	4.85539	4.59020e-05
4.52813e+04	1.21595e-02	7.02601e-03	4.66799	6.23969	4.59020e-05
4.53279e+04	1.21596e-02	2.58862e-03	1.06655	0.28809	4.59020e-05
4.53744e+04	1.21582e-02	3.39316e-03	0.71748	1.29293	4.59020e-05
4.54210e+04	1.21594e-02	6.80270e-03	3.75978	1.80797	4.59020e-05
4.54676e+04	1.21598e-02	4.82722e-03	5.26077	2.33941	4.59020e-05
4.55142e+04	1.21587e-02	8.27535e-03	0.60111	2.18705	4.59020e-05
4.55608e+04	1.21620e-02	5.76588e-03	4.34730	2.57068	4.59020e-05
4.56074e+04	1.21581e-02	7.15655e-03	1.85275	2.73438	4.59020e-05
4.56540e+04	1.21575e-02	7.49301e-03	5.88990	3.60183	4.59020e-05
4.57005e+04	1.21595e-02	9.22923e-03	1.98137	3.92882	4.59020e-05
4.57471e+04	1.21583e-02	1.07432e-02	3.86846	4.01285	4.59020e-05
4.57937e+04	1.21588e-02	8.92786e-03	1.09037	4.34779	4.59020e-05
4.58403e+04	1.21588e-02	1.08601e-02	4.35404	5.00639	4.59020e-05
4.58869e+04	1.21603e-02	6.43783e-03	2.45194	5.00999	4.59020e-05
4.59335e+04	1.21579e-02	6.76823e-03	5.71553	4.62538	4.59020e-05
4.59801e+04	1.21591e-02	5.77267e-03	2.99139	5.67201	4.59020e-05
4.60266e+04	1.21585e-02	5.38428e-03	5.62136	0.00202	4.59020e-05
4.60732e+04	1.21578e-02	2.96896e-03	2.37099	1.02608	4.59020e-05
4.61198e+04	1.21584e-02	5.60704e-03	2.12549	1.83937	4.59020e-05
4.61664e+04	1.21606e-02	4.17581e-03	4.87501	2.04778	4.59020e-05
4.62130e+04	1.21590e-02	5.92511e-04	3.37450	1.58293	4.59020e-05
4.62596e+04	1.21606e-02	1.27797e-03	5.09045	4.83000	4.59020e-05
4.63062e+04	1.21599e-02	2.61165e-03	3.13297	4.04513	4.59020e-05
4.63527e+04	1.21608e-02	1.03434e-03	5.58218	4.42378	4.59020e-05
4.63993e+04	1.21580e-02	2.42211e-03	4.59365	4.93770	4.59020e-05
4.64459e+04	1.21590e-02	4.35305e-03	1.70671	5.72684	4.59020e-05
4.64925e+04	1.21596e-02	2.64889e-03	4.18395	0.11648	4.59020e-05
4.65391e+04	1.21587e-02	5.33418e-03	4.91490	1.34444	4.59020e-05
4.65857e+04	1.21591e-02	4.33537e-03	2.35378	2.27765	4.59020e-05
