# t	a	e	mean_anomaly	varpi	mass/M_star
0.00000e+00	1.62165e-02	1.16918e-01	0.35764	5.34482	4.36970e-05
4.65857e+01	1.62106e-02	1.16283e-01	3.91203	2.01743	4.36970e-05
9.31714e+01	1.62166e-02	1.15293e-01	6.27291	4.76486	4.36970e-05
1.39757e+02	1.62177e-02	1.14623e-01	0.64962	0.99260	4.36970e-05
1.86343e+02	1.62191e-02	1.13429e-01	5.33944	3.24221	4.36970e-05
2.32928e+02	1.62165e-02	1.12388e-01	0.94418	5.20943	4.36970e-05
2.79514e+02	1.62204e-02	1.11427e-01	5.79056	0.57322	4.36970e-05
3.26100e+02	1.62217e-02	1.10026e-01	0.49506	1.87652	4.36970e-05
3.72685e+02	1.62244e-02	1.08618e-01	3.39579	2.79963	4.36970e-05
4.19271e+02	1.62252e-02	1.07324e-01	1.46210	3.31036	4.36970e-05
4.65857e+02	1.62243e-02	1.05809e-01	0.41109	3.36253	4.36970e-05
5.12442e+02	1.62271e-02	1.04336e-01	6.08819	2.91679	4.36970e-05
5.59028e+02	1.62267e-02	1.02767e-01	5.46122	1.93074	4.36970e-05
6.05614e+02	1.62262e-02	1.01109e-01	4.36782	0.35244	4.36970e-05
6.52199e+02	1.62341e-02	9.91815e-02	2.38886	4.40231	4.36970e-05
6.98785e+02	1.62323e-02	9.73844e-02	5.39333	1.45599	4.36970e-05
7.45371e+02	1.62378e-02	9.56363e-02	0.43108	4.00728	4.36970e-05
7.91956e+02	1.62400e-02	9.35591e-02	5.98904	5.69215	4.36970e-05
8.38542e+02	1.62416e-02	9.13499e-02	2.91702	0.14281	4.36970e-05
8.85128e+02	1.62452e-02	8.90840e-02	3.39447	6.10026	4.36970e-05
9.31713e+02	1.62454e-02	8.64920e-02	0.90291	4.59758	4.36970e-05
9.78299e+02	1.62514e-02	8.43619e-02	1.47707	1.78871	4.36970e-05
1.02488e+03	1.62501e-02	8.16158e-02	4.93342	3.78374	4.36970e-05
1.07147e+03	1.62532e-02	7.88023e-02	4.82423	4.12455	4.36970e-05
1.11806e+03	1.62602e-02	7.62351e-02	1.05735	2.58690	4.36970e-05
1.16464e+03	1.62631e-02	7.33634e-02	6.17844	5.18353	4.36970e-05
1.21123e+03	1.62672e-02	7.00690e-02	1.38292	5.32004	4.36970e-05
1.25781e+03	1.62680e-02	6.69410e-02	5.73919	2.58419	4.36970e-05
1.30440e+03	1.62728e-02	6.35837e-02	0.58652	2.78240	4.36970e-05
1.35098e+03	1.62774e-02	5.99171e-02	5.28441	5.28554	4.36970e-05
1.39757e+03	1.62802e-02	5.62183e-02	1.63886	3.03789	4.36970e-05
1.44416e+03	1.62803e-02	5.23844e-02	3.21669	1.26696	4.36970e-05
1.49074e+03	1.62826e-02	4.80671e-02	5.07688	4.92865	4.36970e-05
1.53733e+03	1.62879e-02	4.37875e-02	2.86132	5.92312	4.36970e-05
1.58391e+03	1.62941e-02	3.96826e-02	5.46564	1.86776	4.36970e-05
1.63050e+03	1.62910e-02	3.49877e-02	3.80340	2.22749	4.36970e-05
1.67708e+03	1.62941e-02	3.07562e-02	2.38455	3.10000	4.36970e-05
1.72367e+03	1.63031e-02	2.69624e-02	6.14984	0.23027	4.36970e-05
1.77026e+03	1.63011e-02	2.34545e-02	1.22780	2.19718	4.36970e-05
1.81684e+03	1.63072e-02	2.09140e-02	4.04087	6.20711	4.36970e-05
1.86343e+03	1.63042e-02	1.87247e-02	4.04618	5.02821	4.36970e-05
1.91001e+03	1.63112e-02	1.69202e-02	1.78727	5.40951	4.36970e-05
1.95660e+03	1.63076e-02	1.56256e-02	3.05292	2.45361	4.36970e-05
2.00318e+03	1.63130e-02	1.45802e-02	0.27741	4.48419	4.36970e-05
2.04977e+03	1.63154e-02	1.38780e-02	4.86149	0.73356	4.36970e-05
2.09636e+03	1.63121e-02	1.31231e-02	2.74303	5.82196	4.36970e-05
2.14294e+03	1.63174e-02	1.25819e-02	5.46169	2.27045	4.36970e-05
2.18953e+03	1.63148e-02	1.17630e-02	5.47492	4.28708	4.36970e-05
2.23611e+03	1.63129e-02	1.14241e-02	2.10394	0.26545	4.36970e-05
2.28270e+03	1.63163e-02	1.10328e-02	0.75094	3.87786	4.36970e-05
2.32928e+03	1.63170e-02	1.05483e-02	0.83651	3.32113	4.36970e-05
2.37587e+03	1.63156e-02	1.04074e-02	1.81444	5.57310	4.36970e-05
2.42245e+03	1.63153e-02	1.00420e-02	3.28546	4.87091	4.36970e-05
2.46904e+03	1.63180e-02	9.66917e-03	4.97304	1.63043	4.36970e-05
2.51563e+03	1.63234e-02	9.58098e-03	0.20777	2.51860	4.36970e-05
2.56221e+03	1.63238e-02	9.48228e-03	1.37125	1.54417	4.36970e-05
2.60880e+03	1.63234e-02	9.03231e-03	1.97189	5.25341	4.36970e-05
2.65538e+03	1.63241e-02	8.82000e-03	1.95051	1.18223	4.36970e-05
2.70197e+03	1.63255e-02	8.69773e-03	1.08953	2.15235	4.36970e-05
2.74855e+03	1.63225e-02	8.40126e-03	5.59002	1.99323	4.36970e-05
2.79514e+03	1.63195e-02	8.44441e-03	2.83887	0.77644	4.36970e-05
2.84173e+03	1.63265e-02	8.19374e-03	5.32940	4.87989	4.36970e-05
2.88831e+03	1.63277e-02	8.03636e-03	0.36723	1.92347	4.36970e-05
2.93490e+03	1.63261e-02	7.77558e-03	0.58423	4.34341	4.36970e-05
2.98148e+03	1.63254e-02	7.60150e-03	5.76925	6.12032	4.36970e-05
3.02807e+03	1.63244e-02	7.69077e-03	3.55437	0.78577	4.36970e-05
3.07465e+03	1.63274e-02	7.37571e-03	0.01947	1.11695	4.36970e-05
3.12124e+03	1.63252e-02	7.15657e-03	1.52263	0.76592	4.36970e-05
3.16783e+03	1.63254e-02	7.03194e-03	1.69555	6.10937	4.36970e-05
3.21441e+03	1.63279e-02	6.94745e-03	0.49491	4.63101	4.36970e-05
3.26100e+03	1.63307e-02	7.00476e-03	4.32802	2.49629	4.36970e-05
3.30758e+03	1.63308e-02	6.84685e-03	0.41671	6.24472	4.36970e-05
3.35417e+03	1.63276e-02	6.57652e-03	1.59660	2.96677	4.36970e-05
3.40075e+03	1.63331e-02	6.59626e-03	1.20285	5.65426	4.36970e-05
3.44734e+03	1.63322e-02	6.52478e-03	5.85631	1.41028	4.36970e-05
3.49393e+03	1.63271e-02	6.50263e-03	2.73204	3.06063	4.36970e-05
3.54051e+03	1.63292e-02	6.17298e-03	4.48941	4.23454	4.36970e-05
3.58710e+03	1.63309e-02	6.06117e-03	4.86788	4.91338	4.36970e-05
3.63368e+03	1.63294e-02	6.09537e-03	3.81526	5.15220	4.36970e-05
3.68027e+03	1.63312e-02	5.89535e-03	1.41758	4.90961	4.36970e-05
3.72685e+03	1.63335e-02	5.98150e-03	3.76332	4.30139	4.36970e-05
3.77344e+03	1.63315e-02	5.73960e-03	4.61222	3.32724	4.36970e-05
3.82002e+03	1.63363e-02	5.80635e-03	4.13121	1.82599	4.36970e-05
3.86661e+03	1.63322e-02	5.74854e-03	2.05239	0.06490	4.36970e-05
3.91320e+03	1.63340e-02	5.47199e-03	4.74857	4.24287	4.36970e-05
3.95978e+03	1.63381e-02	5.52248e-03	6.01686	1.71438	4.36970e-05
4.00637e+03	1.63365e-02	5.50698e-03	5.83383	5.07237	4.36970e-05
4.05295e+03	1.63338e-02	5.43909e-03	4.14394	1.85012	4.36970e-05
4.09954e+03	1.63365e-02	5.35719e-03	0.97641	4.50332	4.36970e-05
4.14612e+03	1.63376e-02	5.33298e-03	2.48466	0.63859	4.36970e-05
4.19271e+03	1.63348e-02	5.14215e-03	2.60789	2.60477	4.36970e-05
4.23930e+03	1.63415e-02	5.33228e-03	0.95925	4.50491	4.36970e-05
4.28588e+03	1.63414e-02	4.98171e-03	4.36009	5.80599	4.36970e-05
4.33247e+03	1.63411e-02	4.99977e-03	6.01930	0.73061	4.36970e-05
4.37905e+03	1.63432e-02	4.94712e-03	6.15910	1.62779	4.36970e-05
4.42564e+03	1.63435e-02	4.99911e-03	4.78166	2.21403	4.36970e-05
4.47222e+03	1.63439e-02	4.79160e-03	1.67569	2.74122	4.36970e-05
4.51881e+03	1.63384e-02	4.86054e-03	3.47658	2.78073	4.36970e-05
4.56540e+03	1.63407e-02	4.81699e-03	3.68686	2.58761	4.36970e-05
4.61198e+03	1.63397e-02	4.73326e-03	2.18661	2.28274	4.36970e-05
4.65857e+03	1.63419e-02	4.49883e-03	5.34568	1.78259	4.36970e-05
4.70515e+03	1.63460e-02	4.76853e-03	0.58116	1.10504	4.36970e-05
4.75174e+03	1.63459e-02	4.56238e-03	0.56962	0.14193	4.36970e-05
4.79832e+03	1.63432e-02	4.33461e-03	5.31298	5.17622	4.36970e-05
4.84491e+03	1.63423e-02	4.34706e-03	2.14051	3.78870	4.36970e-05
4.89150e+03	1.63431e-02	4.41921e-03	3.52657	2.27336	4.36970e-05
4.93808e+03	1.63426e-02	4.41415e-03	3.21921	0.64155	4.36970e-05
4.98467e+03	1.63493e-02	4.42854e-03	1.17991	5.21659	4.36970e-05
5.03125e+03	1.63479e-02	4.15109e-03	4.03772	3.09055	4.36970e-05
5.07784e+03	1.63503e-02	4.18784e-03	5.06728	0.98628	4.36970e-05
5.12442e+03	1.63501e-02	4.23274e-03	4.43710	5.02167	4.36970e-05
5.17101e+03	1.63499e-02	4.14295e-03	1.88772	2.89007	4.36970e-05
5.21759e+03	1.63459e-02	4.09932e-03	4.23461	0.38847	4.36970e-05
5.26418e+03	1.63521e-02	4.02158e-03	4.91460	3.99708	4.36970e-05
5.31077e+03	1.63461e-02	3.95405e-03	3.60902	1.50907	4.36970e-05
5.35735e+03	1.63525e-02	4.11096e-03	0.70954	5.10219	4.36970e-05
5.40394e+03	1.63511e-02	3.96520e-03	2.39353	2.31776	4.36970e-05
5.45052e+03	1.63519e-02	3.83466e-03	2.31034	5.79037	4.36970e-05
5.49711e+03	1.63534e-02	3.89954e-03	0.55757	2.85845	4.36970e-05
5.54369e+03	1.63482e-02	3.76836e-03	3.36668	6.14021	4.36970e-05
5.59028e+03	1.63549e-02	3.75632e-03	4.47089	3.09644	4.36970e-05
5.63687e+03	1.63496e-02	3.83681e-03	3.52458	0.27240	4.36970e-05
5.68345e+03	1.63564e-02	3.72187e-03	0.94086	3.58234	4.36970e-05
5.73004e+03	1.63506e-02	3.81462e-03	2.93662	0.52859	4.36970e-05
5.77662e+03	1.63504e-02	3.78354e-03	3.05384	3.85278	4.36970e-05
5.82321e+03	1.63577e-02	3.74471e-03	1.35612	0.92443	4.36970e-05
5.86979e+03	1.63529e-02	3.51651e-03	4.22437	4.21706	4.36970e-05
5.91638e+03	1.63579e-02	3.67136e-03	5.40269	1.13524	4.36970e-05
5.96297e+03	1.63534e-02	3.41942e-03	4.48942	4.64819	4.36970e-05
6.00955e+03	1.63585e-02	3.52393e-03	1.76616	1.95149	4.36970e-05
6.05614e+03	1.63570e-02	3.43501e-03	3.81420	5.23381	4.36970e-05
6.10272e+03	1.63577e-02	3.39144e-03	3.77743	2.54030	4.36970e-05
6.14931e+03	1.63602e-02	3.53280e-03	1.64239	0.16961	4.36970e-05
6.19589e+03	1.63559e-02	3.31020e-03	4.29162	3.80967	4.36970e-05
6.24248e+03	1.63623e-02	3.39140e-03	5.14275	1.19280	4.36970e-05
6.28907e+03	1.63562e-02	3.30712e-03	3.77335	5.30709	4.36970e-05
6.33565e+03	1.63619e-02	3.33521e-03	0.65603	3.11598	4.36970e-05
6.38224e+03	1.63626e-02	3.34344e-03	1.92035	1.09927	4.36970e-05
6.42882e+03	1.63636e-02	3.23912e-03	1.37722	5.36428	4.36970e-05
6.47541e+03	1.63602e-02	3.24208e-03	5.23528	3.46229	4.36970e-05
6.52199e+03	1.63619e-02	3.22178e-03	0.88055	1.72344	4.36970e-05
6.56858e+03	1.63643e-02	3.32031e-03	0.68850	0.33997	4.36970e-05
6.61516e+03	1.63651e-02	3.20006e-03	5.20292	5.05432	4.36970e-05
6.66175e+03	1.63618e-02	3.12907e-03	1.10271	4.05277	4.36970e-05
6.70834e+03	1.63613e-02	2.98618e-03	1.49328	3.08248	4.36970e-05
6.75492e+03	1.63648e-02	3.07452e-03	0.06097	2.21591	4.36970e-05
6.80151e+03	1.63639e-02	2.99852e-03	2.63427	1.82497	4.36970e-05
6.84809e+03	1.63610e-02	3.07005e-03	3.48767	1.39643	4.36970e-05
6.89468e+03	1.63667e-02	3.05584e-03	2.18390	1.36648	4.36970e-05
6.94126e+03	1.63679e-02	3.14070e-03	5.50297	1.24187	4.36970e-05
6.98785e+03	1.63666e-02	2.95545e-03	0.21944	1.67940	4.36970e-05
7.03444e+03	1.63687e-02	3.01077e-03	5.64669	2.21800	4.36970e-05
7.08102e+03	1.63665e-02	2.90464e-03	2.55205	3.23982	4.36970e-05
7.12761e+03	1.63641e-02	2.98315e-03	4.01856	4.27398	4.36970e-05
7.17419e+03	1.63650e-02	2.85901e-03	3.32034	5.67912	4.36970e-05
7.22078e+03	1.63694e-02	2.79185e-03	0.67667	0.99420	4.36970e-05
7.26736e+03	1.63656e-02	2.85059e-03	2.14213	3.01670	4.36970e-05
7.31395e+03	1.63675e-02	2.70468e-03	1.65021	5.24647	4.36970e-05
7.36054e+03	1.63730e-02	2.83038e-03	5.31103	1.57609	4.36970e-05
7.40712e+03	1.63722e-02	2.94666e-03	0.47087	4.65650	4.36970e-05
7.45371e+03	1.63716e-02	2.84147e-03	0.11314	1.50947	4.36970e-05
7.50029e+03	1.63678e-02	2.71631e-03	3.67117	5.26590	4.36970e-05
7.54688e+03	1.63716e-02	2.63956e-03	5.32176	2.94242	4.36970e-05
7.59346e+03	1.63704e-02	2.74249e-03	4.83842	0.96689	4.36970e-05
7.64005e+03	1.63690e-02	2.72402e-03	2.36536	5.52076	4.36970e-05
7.68664e+03	1.63740e-02	2.72828e-03	4.01172	4.21245	4.36970e-05
7.73322e+03	1.63698e-02	2.66512e-03	3.26511	3.55367	4.36970e-05
7.77981e+03	1.63758e-02	2.73318e-03	0.48314	3.18864	4.36970e-05
7.82639e+03	1.63768e-02	2.59034e-03	1.91247	3.15469	4.36970e-05
7.87298e+03	1.63780e-02	2.72235e-03	1.22572	3.49743	4.36970e-05
7.91956e+03	1.63734e-02	2.53447e-03	4.70989	4.25501	4.36970e-05
7.96615e+03	1.63772e-02	2.68941e-03	6.12141	5.30503	4.36970e-05
8.01273e+03	1.63748e-02	2.58104e-03	5.07895	0.78695	4.36970e-05
8.05932e+03	1.63790e-02	2.62249e-03	1.81905	3.03207	4.36970e-05
8.10591e+03	1.63744e-02	2.50328e-03	2.91226	5.47166	4.36970e-05
8.15249e+03	1.63805e-02	2.62421e-03	1.48391	2.41328	4.36970e-05
8.19908e+03	1.63754e-02	2.40385e-03	4.49452	5.74790	4.36970e-05
8.24566e+03	1.63813e-02	2.64671e-03	5.26847	3.30162	4.36970e-05
8.29225e+03	1.63758e-02	2.57179e-03	3.52209	1.68171	4.36970e-05
8.33883e+03	1.63813e-02	2.43298e-03	5.89161	0.45501	4.36970e-05
8.38542e+03	1.63822e-02	2.45065e-03	6.03986	6.00030	4.36970e-05
8.43201e+03	1.63776e-02	2.47716e-03	4.02435	5.69436	4.36970e-05
8.47859e+03	1.63823e-02	2.55211e-03	6.05103	5.89834	4.36970e-05
8.52518e+03	1.63807e-02	2.41729e-03	5.62601	0.53897	4.36970e-05
8.57176e+03	1.63786e-02	2.49881e-03	3.04913	1.88523	4.36970e-05
8.61835e+03	1.63844e-02	2.51339e-03	4.71214	3.54594	4.36970e-05
8.66493e+03	1.63821e-02	2.32259e-03	3.68913	6.16264	4.36970e-05
8.71152e+03	1.63848e-02	2.49504e-03	0.37194	3.10236	4.36970e-05
8.75811e+03	1.63820e-02	2.35599e-03	1.20959	0.40285	4.36970e-05
8.80469e+03	1.63842e-02	2.40267e-03	5.80529	4.78351	4.36970e-05
8.85128e+03	1.63863e-02	2.35833e-03	1.89413	3.37738	4.36970e-05
8.89786e+03	1.63867e-02	2.20994e-03	1.97373	2.53824	4.36970e-05
8.94445e+03	1.63860e-02	2.39942e-03	5.99310	2.31754	4.36970e-05
8.99103e+03	1.63836e-02	2.16187e-03	1.49117	2.60939	4.36970e-05
9.03762e+03	1.63883e-02	2.33335e-03	0.66513	3.78292	4.36970e-05
9.08421e+03	1.63884e-02	2.20489e-03	4.18745	5.21007	4.36970e-05
9.13079e+03	1.63894e-02	2.35775e-03	5.03436	1.26328	4.36970e-05
9.17738e+03	1.63847e-02	2.32203e-03	3.32091	4.43658	4.36970e-05
9.22396e+03	1.63873e-02	2.19725e-03	5.52702	1.96757	4.36970e-05
9.27055e+03	1.63906e-02	2.27926e-03	5.60488	6.18884	4.36970e-05
9.31713e+03	1.63861e-02	2.18356e-03	3.01457	5.07220	4.36970e-05
9.36372e+03	1.63866e-02	2.10881e-03	4.22453	4.71780	4.36970e-05
9.41030e+03	1.63859e-02	2.28386e-03	3.23684	4.83996	4.36970e-05
9.45689e+03	1.63913e-02	2.18454e-03	6.26577	5.54966	4.36970e-05
9.50348e+03	1.63920e-02	2.26004e-03	0.11907	1.10656	4.36970e-05
9.55006e+03	1.63933e-02	2.16800e-03	4.48479	3.28307	4.36970e-05
9.59665e+03	1.63948e-02	2.27492e-03	6.10895	0.19693	4.36970e-05
9.64323e+03	1.63947e-02	2.23528e-03	5.40980	3.99921	4.36970e-05
9.68982e+03	1.63946e-02	2.29121e-03	1.68706	2.82223	4.36970e-05
9.73640e+03	1.63897e-02	2.00655e-03	2.57180	1.60519	4.36970e-05
9.78299e+03	1.63956e-02	2.18255e-03	0.45291	1.67313	4.36970e-05
9.82958e+03	1.63948e-02	2.17833e-03	2.29378	2.38916	4.36970e-05
9.87616e+03	1.63967e-02	2.21405e-03	1.54086	3.94121	4.36970e-05
9.92275e+03	1.63929e-02	1.98290e-03	4.79240	6.05590	4.36970e-05
9.96933e+03	1.63982e-02	1.95832e-03	5.37827	2.83730	4.36970e-05
1.00159e+04	1.63920e-02	2.22119e-03	3.29761	0.56868	4.36970e-05
1.00625e+04	1.63945e-02	1.93009e-03	4.93302	5.43512	4.36970e-05
1.01091e+04	1.63933e-02	1.96864e-03	4.23523	4.63709	4.36970e-05
1.01557e+04	1.63961e-02	2.05037e-03	0.93035	4.73141	4.36970e-05
1.02023e+04	1.63998e-02	2.07757e-03	0.92334	6.09567	4.36970e-05
1.02488e+04	1.64005e-02	2.11169e-03	5.44832	1.25692	4.36970e-05
1.02954e+04	1.63987e-02	1.94913e-03	0.27290	4.36228	4.36970e-05
1.03420e+04	1.64019e-02	2.14155e-03	5.51956	1.61649	4.36970e-05
1.03886e+04	1.64025e-02	1.96552e-03	1.25278	0.38572	4.36970e-05
1.04352e+04	1.63976e-02	1.80716e-03	1.48015	5.51730	4.36970e-05
1.04818e+04	1.63990e-02	1.73663e-03	4.93782	5.70487	4.36970e-05
1.05284e+04	1.64006e-02	1.84162e-03	5.75837	0.53362	4.36970e-05
1.05749e+04	1.63979e-02	1.75889e-03	3.88236	2.63115	4.36970e-05
1.06215e+04	1.64028e-02	2.12742e-03	6.04701	5.30065	4.36970e-05
1.06681e+04	1.64011e-02	1.63483e-03	5.06955	3.07581	4.36970e-05
1.07147e+04	1.64047e-02	2.08783e-03	1.56877	1.66326	4.36970e-05
1.07613e+04	1.64051e-02	1.99625e-03	1.76947	1.12144	4.36970e-05
1.08079e+04	1.64043e-02	2.06404e-03	5.59234	1.53197	4.36970e-05
1.08545e+04	1.64038e-02	2.01726e-03	0.59894	2.76404	4.36970e-05
1.09010e+04	1.64023e-02	1.65102e-03	5.00668	5.45112	4.36970e-05
1.09476e+04	1.64070e-02	2.20811e-03	0.52947	2.74691	4.36970e-05
1.09942e+04	1.64058e-02	1.84201e-03	6.06590	0.92726	4.36970e-05
1.10408e+04	1.64020e-02	1.68983e-03	2.79445	6.16550	4.36970e-05
1.10874e+04	1.64045e-02	1.58726e-03	2.67115	0.26269	4.36970e-05
1.11340e+04	1.64072e-02	1.79829e-03	0.02614	1.45717	4.36970e-05
1.11806e+04	1.64059e-02	1.98307e-03	0.86720	3.73924	4.36970e-05
1.12271e+04	1.64097e-02	1.73989e-03	5.40223	0.61951	4.36970e-05
1.12737e+04	1.64094e-02	1.96499e-03	0.34913	5.37857	4.36970e-05
1.13203e+04	1.64115e-02	2.01412e-03	5.63591	4.37478	4.36970e-05
1.13669e+04	1.64070e-02	1.90407e-03	1.65794	4.68419	4.36970e-05
1.14135e+04	1.64083e-02	1.70719e-03	1.00901	6.20030	4.36970e-05
1.14601e+04	1.64099e-02	1.74805e-03	3.90205	2.46751	4.36970e-05
1.15067e+04	1.64071e-02	1.71786e-03	4.01171	6.09265	4.36970e-05
1.15532e+04	1.64129e-02	1.93175e-03	1.06043	4.78879	4.36970e-05
1.15998e+04	1.64131e-02	1.93735e-03	1.86740	4.30360	4.36970e-05
1.16464e+04	1.64123e-02	1.88375e-03	6.15640	4.91410	4.36970e-05
1.16930e+04	1.64103e-02	1.56464e-03	1.32620	0.37096	4.36970e-05
1.17396e+04	1.64128e-02	1.95424e-03	5.93728	3.52922	4.36970e-05
1.17862e+04	1.64153e-02	1.86262e-03	1.41073	1.59346	4.36970e-05
1.18328e+04	1.64151e-02	1.76136e-03	0.39506	0.68435	4.36970e-05
1.18793e+04	1.64103e-02	1.83219e-03	3.07879	0.65380	4.36970e-05
1.19259e+04	1.64128e-02	1.89338e-03	2.51130	2.16778	4.36970e-05
1.19725e+04	1.64165e-02	1.68585e-03	5.71104	4.49438	4.36970e-05
1.20191e+04	1.64182e-02	1.92449e-03	5.82056	1.92221	4.36970e-05
1.20657e+04	1.64141e-02	1.81910e-03	2.56119	1.01254	4.36970e-05
1.21123e+04	1.64120e-02	1.83418e-03	3.23188	0.75327	4.36970e-05
1.21589e+04	1.64192e-02	1.56072e-03	0.60488	2.12705	4.36970e-05
1.22054e+04	1.64194e-02	1.91997e-03	1.28024	4.73714	4.36970e-05
1.22520e+04	1.64171e-02	1.52611e-03	5.65037	1.94875	4.36970e-05
1.22986e+04	1.64169e-02	1.48722e-03	0.75651	0.43705	4.36970e-05
1.23452e+04	1.64166e-02	1.43961e-03	4.99759	0.65275	4.36970e-05
1.23918e+04	1.64217e-02	1.85549e-03	0.24993	1.86977	4.36970e-05
1.24384e+04	1.64184e-02	1.43604e-03	5.23974	4.21363	4.36970e-05
1.24850e+04	1.64184e-02	1.75046e-03	1.02692	1.49017	4.36970e-05
1.25315e+04	1.64201e-02	1.76986e-03	6.00574	0.47873	4.36970e-05
1.25781e+04	1.64225e-02	1.72917e-03	1.61829	0.80640	4.36970e-05
1.26247e+04	1.64232e-02	1.64375e-03	0.74255	2.20316	4.36970e-05
1.26713e+04	1.64175e-02	1.76920e-03	3.41831	4.62962	4.36970e-05
1.27179e+04	1.64205e-02	1.67553e-03	2.48088	2.68263	4.36970e-05
1.27645e+04	1.64245e-02	1.79374e-03	5.29918	1.56295	4.36970e-05
1.28111e+04	1.64252e-02	1.86590e-03	4.95460	1.90278	4.36970e-05
1.28576e+04	1.64260e-02	1.52737e-03	0.99862	4.15059	4.36970e-05
1.29042e+04	1.64232e-02	1.60841e-03	1.10104	0.68149	4.36970e-05
1.29508e+04	1.64207e-02	1.83531e-03	3.66310	5.57580	4.36970e-05
1.29974e+04	1.64215e-02	1.71172e-03	3.54083	5.16979	4.36970e-05
1.30440e+04	1.64268e-02	1.37410e-03	0.36145	6.11984	4.36970e-05
1.30906e+04	1.64278e-02	1.70888e-03	6.25119	2.58228	4.36970e-05
1.31372e+04	1.64234e-02	1.61885e-03	2.93301	0.26926	4.36970e-05
1.31837e+04	1.64238e-02	1.70728e-03	2.77945	5.65726	4.36970e-05
1.32303e+04	1.64284e-02	1.64065e-03	5.97583	5.99500	4.36970e-05
1.32769e+04	1.64301e-02	1.48500e-03	6.01381	1.50789	4.36970e-05
1.33235e+04	1.64242e-02	1.57757e-03	2.86499	4.83055	4.36970e-05
1.33701e+04	1.64248e-02	1.61205e-03	2.77010	3.35893	4.36970e-05
1.34167e+04	1.64315e-02	1.49627e-03	5.84700	3.29955	4.36970e-05
1.34633e+04	1.64291e-02	1.53574e-03	5.31326	5.14949	4.36970e-05
1.35098e+04	1.64312e-02	1.42085e-03	1.81008	1.98658	4.36970e-05
1.35564e+04	1.64321e-02	1.33638e-03	1.65705	0.05825	4.36970e-05
1.36030e+04	1.64285e-02	1.26713e-03	4.52611	5.97544	4.36970e-05
1.36496e+04	1.64334e-02	1.62905e-03	4.64347	0.37962	4.36970e-05
1.36962e+04	1.64300e-02	1.30579e-03	0.93000	3.23802	4.36970e-05
1.37428e+04	1.64316e-02	1.35487e-03	0.46019	1.11468	4.36970e-05
1.37894e+04	1.64293e-02	1.40361e-03	2.65368	0.91171	4.36970e-05
1.38359e+04	1.64290e-02	1.67231e-03	2.23270	1.62647	4.36970e-05
1.38825e+04	1.64300e-02	1.36504e-03	4.36326	4.37387	4.36970e-05
1.39291e+04	1.64294e-02	1.33778e-03	3.58156	2.05316	4.36970e-05
1.39757e+04	1.64356e-02	1.49366e-03	5.74081	1.37781	4.36970e-05
1.40223e+04	1.64320e-02	1.62646e-03	4.51023	2.39353	4.36970e-05
1.40689e+04	1.64373e-02	1.44493e-03	6.16230	5.15433	4.36970e-05
1.41155e+04	1.64339e-02	1.20848e-03	4.74354	2.96549	4.36970e-05
1.41620e+04	1.64359e-02	1.50129e-03	0.29928	2.10474	4.36970e-05
1.42086e+04	1.64337e-02	1.50867e-03	4.82463	3.14420	4.36970e-05
1.42552e+04	1.64366e-02	1.57609e-03	5.76370	6.07395	4.36970e-05
1.43018e+04	1.64340e-02	1.48342e-03	3.64086	4.08665	4.36970e-05
1.43484e+04	1.64401e-02	1.62222e-03	4.87446	3.33088	4.36970e-05
1.43950e+04	1.64345e-02	1.22260e-03	2.24094	4.74489	4.36970e-05
1.44416e+04	1.64346e-02	1.51546e-03	2.88994	1.22259	4.36970e-05
1.44881e+04	1.64415e-02	1.55492e-03	6.26943	5.80092	4.36970e-05
1.45347e+04	1.64392e-02	1.22503e-03	6.06100	5.98793	4.36970e-05
1.45813e+04	1.64387e-02	1.50798e-03	2.50324	1.54656	4.36970e-05
1.46279e+04	1.64416e-02	1.47845e-03	1.86029	5.06289	4.36970e-05
1.46745e+04	1.64378e-02	1.46870e-03	4.49102	3.61190	4.36970e-05
1.47211e+04	1.64412e-02	1.42961e-03	4.02785	3.56108	4.36970e-05
1.47677e+04	1.64431e-02	1.50603e-03	5.79890	5.86455	4.36970e-05
1.48142e+04	1.64438e-02	1.28403e-03	4.34177	3.42012	4.36970e-05
1.48608e+04	1.64415e-02	1.49149e-03	5.46199	3.02833	4.36970e-05
1.49074e+04	1.64418e-02	1.34574e-03	3.87472	3.61186	4.36970e-05
1.49540e+04	1.64450e-02	1.57535e-03	4.73616	0.05342	4.36970e-05
1.50006e+04	1.64462e-02	1.50335e-03	1.53552	5.14660	4.36970e-05
1.50472e+04	1.64412e-02	1.20156e-03	2.27490	4.60927	4.36970e-05
1.50938e+04	1.64425e-02	1.41366e-03	4.92888	0.46495	4.36970e-05
1.51403e+04	1.64425e-02	1.37321e-03	4.24104	4.25457	4.36970e-05
1.51869e+04	1.64460e-02	1.49918e-03	0.75357	2.86928	4.36970e-05
1.52335e+04	1.64456e-02	1.17095e-03	5.73971	3.92662	4.36970e-05
1.52801e+04	1.64485e-02	1.51859e-03	1.07629	0.33515	4.36970e-05
1.53267e+04	1.64466e-02	1.44185e-03	5.84093	4.47579	4.36970e-05
1.53733e+04	1.64470e-02	1.21313e-03	0.65886	4.30692	4.36970e-05
1.54199e+04	1.64449e-02	1.40882e-03	4.12129	0.08625	4.36970e-05
1.54664e+04	1.64454e-02	1.41395e-03	4.21106	3.83247	4.36970e-05
1.55130e+04	1.64470e-02	1.42395e-03	1.38046	2.52657	4.36970e-05
1.55596e+04	1.64507e-02	1.40172e-03	0.26732	4.09706	4.36970e-05
1.56062e+04	1.64477e-02	1.09138e-03	2.50887	0.66647	4.36970e-05
1.56528e+04	1.64522e-02	1.27497e-03	0.94502	5.59455	4.36970e-05
1.56994e+04	1.64466e-02	1.46717e-03	2.80181	5.41538	4.36970e-05
1.57460e+04	1.64537e-02	1.30787e-03	0.30701	1.61594	4.36970e-05
1.57925e+04	1.64535e-02	1.27567e-03	0.75191	5.75708	4.36970e-05
1.58391e+04	1.64484e-02	1.43910e-03	4.16925	5.23896	4.36970e-05
1.58857e+04	1.64528e-02	1.14602e-03	4.15111	0.18741	4.36970e-05
1.59323e+04	1.64534e-02	1.27267e-03	0.14151	3.72339	4.36970e-05
1.59789e+04	1.64554e-02	1.26639e-03	5.09829	2.93183	4.36970e-05
1.60255e+04	1.64543e-02	1.45742e-03	0.01759	4.16763	4.36970e-05
1.60721e+04	1.64555e-02	1.36648e-03	4.24866	0.69143	4.36970e-05
1.61186e+04	1.64564e-02	1.52487e-03	4.84043	5.45223	4.36970e-05
1.61652e+04	1.64573e-02	1.29446e-03	0.83642	0.55742	4.36970e-05
1.62118e+04	1.64559e-02	1.13830e-03	0.83163	2.54773	4.36970e-05
1.62584e+04	1.64521e-02	1.15864e-03	2.80984	0.87044	4.36970e-05
1.63050e+04	1.64549e-02	1.30995e-03	0.91140	1.38766	4.36970e-05
1.63516e+04	1.64582e-02	1.16311e-03	1.53321	3.98445	4.36970e-05
1.63982e+04	1.64586e-02	1.23012e-03	5.85159	1.24507	4.36970e-05
1.64447e+04	1.64592e-02	1.45859e-03	5.79319	1.15858	4.36970e-05
1.64913e+04	1.64598e-02	1.23874e-03	1.31229	3.81221	4.36970e-05
1.65379e+04	1.64576e-02	1.10528e-03	0.62832	0.98987	4.36970e-05
1.65845e+04	1.64558e-02	1.30006e-03	2.19050	0.52304	4.36970e-05
1.66311e+04	1.64618e-02	1.10705e-03	6.09101	2.32200	4.36970e-05
1.66777e+04	1.64604e-02	1.16998e-03	6.16094	6.27057	4.36970e-05
1.67243e+04	1.64583e-02	1.28646e-03	2.62512	5.86295	4.36970e-05
1.67708e+04	1.64628e-02	1.08661e-03	1.56188	1.34527	4.36970e-05
1.68174e+04	1.64572e-02	1.05464e-03	3.64521	4.52865	4.36970e-05
1.68640e+04	1.64640e-02	1.34912e-03	1.06915	4.40936	4.36970e-05
1.69106e+04	1.64645e-02	1.03339e-03	1.57332	5.81587	4.36970e-05
1.69572e+04	1.64601e-02	1.09078e-03	4.87213	2.75189	4.36970e-05
1.70038e+04	1.64637e-02	9.83972e-04	4.09922	2.08327	4.36970e-05
1.70504e+04	1.64661e-02	1.22468e-03	5.98480	3.36218	4.36970e-05
1.70969e+04	1.64626e-02	1.22823e-03	3.87110	0.68191	4.36970e-05
1.71435e+04	1.64610e-02	1.13661e-03	3.80593	0.60178	4.36970e-05
1.71901e+04	1.64673e-02	1.20283e-03	0.50757	2.03953	4.36970e-05
1.72367e+04	1.64662e-02	1.13524e-03	5.85163	5.72825	4.36970e-05
1.72833e+04	1.64638e-02	1.04307e-03	1.29042	5.08197	4.36970e-05
1.73299e+04	1.64640e-02	1.14325e-03	5.19080	0.58378	4.36970e-05
1.73765e+04	1.64650e-02	1.09703e-03	5.25550	4.53199	4.36970e-05
1.74230e+04	1.64644e-02	1.02614e-03	1.71423	4.13135	4.36970e-05
1.74696e+04	1.64685e-02	1.13541e-03	0.23154	0.00028	4.36970e-05
1.75162e+04	1.64702e-02	1.12713e-03	1.34772	4.20662	4.36970e-05
1.75628e+04	1.64670e-02	1.26351e-03	5.08907	4.07693	4.36970e-05
1.76094e+04	1.64706e-02	1.14463e-03	5.39463	5.71353	4.36970e-05
1.76560e+04	1.64676e-02	1.05664e-03	1.04800	4.04899	4.36970e-05
1.77026e+04	1.64723e-02	1.29892e-03	5.93204	4.05166	4.36970e-05
1.77491e+04	1.64721e-02	1.30786e-03	6.21044	0.70737	4.36970e-05
1.77957e+04	1.64679e-02	1.20741e-03	3.27669	5.19222	4.36970e-05
1.78423e+04	1.64718e-02	1.20560e-03	1.88921	0.17880	4.36970e-05
1.78889e+04	1.64680e-02	1.02373e-03	3.67726	2.89173	4.36970e-05
1.79355e+04	1.64738e-02	1.42968e-03	1.20267	1.95699	4.36970e-05
1.79821e+04	1.64748e-02	9.64070e-04	1.34488	2.98287	4.36970e-05
1.80287e+04	1.64693e-02	9.31642e-04	3.91910	6.19649	4.36970e-05
1.80752e+04	1.64726e-02	1.12064e-03	2.24654	5.70700	4.36970e-05
1.81218e+04	1.64710e-02	9.49126e-04	3.50515	0.62537	4.36970e-05
1.81684e+04	1.64764e-02	9.94177e-04	0.06677	4.85796	4.36970e-05
1.82150e+04	1.64759e-02	1.40838e-03	5.87040	4.47153	4.36970e-05
1.82616e+04	1.64732e-02	1.07591e-03	0.89483	0.63436	4.36970e-05
1.83082e+04	1.64774e-02	1.33778e-03	5.25441	4.69209	4.36970e-05
1.83548e+04	1.64731e-02	8.75405e-04	4.74101	5.63688	4.36970e-05
1.84013e+04	1.64776e-02	1.07806e-03	0.38716	2.47897	4.36970e-05
1.84479e+04	1.64748e-02	1.10094e-03	4.79657	1.46568	4.36970e-05
1.84945e+04	1.64798e-02	1.10481e-03	5.96830	2.03096	4.36970e-05
1.85411e+04	1.64740e-02	1.04057e-03	2.22859	5.84864	4.36970e-05
1.85877e+04	1.64777e-02	1.01414e-03	0.83102	5.66697	4.36970e-05
1.86343e+04	1.64802e-02	1.05778e-03	1.24345	2.01738	4.36970e-05
1.86809e+04	1.64814e-02	1.04666e-03	5.28912	5.68766	4.36970e-05
1.87274e+04	1.64814e-02	1.23306e-03	4.88697	5.82479	4.36970e-05
1.87740e+04	1.64796e-02	1.20457e-03	5.92355	2.86681	4.36970e-05
1.88206e+04	1.64776e-02	9.12738e-04	3.69948	1.51637	4.36970e-05
1.88672e+04	1.64773e-02	1.13834e-03	3.31545	2.95485	4.36970e-05
1.89138e+04	1.64793e-02	1.11811e-03	5.05823	0.61381	4.36970e-05
1.89604e+04	1.64792e-02	1.02511e-03	2.69452	0.72620	4.36970e-05
1.90070e+04	1.64788e-02	8.86759e-04	2.86144	2.93982	4.36970e-05
1.90535e+04	1.64808e-02	1.04132e-03	4.95359	1.57682	4.36970e-05
1.91001e+04	1.64813e-02	9.90367e-04	3.85861	1.79250	4.36970e-05
1.91467e+04	1.64845e-02	1.03113e-03	4.47561	4.88789	4.36970e-05
1.91933e+04	1.64846e-02	1.18717e-03	6.24403	5.18170	4.36970e-05
1.92399e+04	1.64863e-02	1.10998e-03	5.54396	0.01423	4.36970e-05
1.92865e+04	1.64861e-02	1.13048e-03	5.96972	4.63847	4.36970e-05
1.93331e+04	1.64853e-02	9.97305e-04	2.08411	5.64324	4.36970e-05
1.93796e+04	1.64836e-02	1.02762e-03	1.27203	1.92974	4.36970e-05
1.94262e+04	1.64826e-02	9.11113e-04	2.16267	1.15012	4.36970e-05
1.94728e+04	1.64888e-02	1.03741e-03	5.50218	2.60206	4.36970e-05
1.95194e+04	1.64830e-02	8.53996e-04	3.99827	0.92741	4.36970e-05
1.95660e+04	1.64858e-02	1.09164e-03	4.88562	1.50229	4.36970e-05
1.96126e+04	1.64846e-02	1.13600e-03	2.13140	4.07557	4.36970e-05
1.96592e+04	1.64898e-02	1.03784e-03	0.64483	3.73914	4.36970e-05
1.97057e+04	1.64898e-02	1.19535e-03	1.73088	5.47209	4.36970e-05
1.97523e+04	1.64873e-02	9.43204e-04	5.46077	2.92133	4.36970e-05
1.97989e+04	1.64911e-02	1.17907e-03	4.75278	3.16894	4.36970e-05
1.98455e+04	1.64914e-02	1.23019e-03	5.67186	0.19032	4.36970e-05
1.98921e+04	1.64898e-02	1.04782e-03	2.47720	5.92866	4.36970e-05
1.99387e+04	1.64877e-02	1.18982e-03	1.74037	1.28996	4.36970e-05
1.99853e+04	1.64874e-02	1.19921e-03	3.04967	5.53389	4.36970e-05
2.00318e+04	1.64922e-02	1.13099e-03	6.04418	0.17357	4.36970e-05
2.00784e+04	1.64901e-02	1.10973e-03	4.93890	3.56016	4.36970e-05
2.01250e+04	1.64926e-02	1.05168e-03	6.22635	2.91989	4.36970e-05
2.01716e+04	1.64888e-02	1.14054e-03	3.04521	5.11509	4.36970e-05
2.02182e+04	1.64949e-02	9.00475e-04	1.48248	4.09855	4.36970e-05
2.02648e+04	1.64910e-02	1.09187e-03	2.94141	4.67105	4.36970e-05
2.03114e+04	1.64953e-02	1.09284e-03	5.89757	2.11492	4.36970e-05
2.03579e+04	1.64966e-02	9.84476e-04	5.05670	1.72563	4.36970e-05
2.04045e+04	1.64977e-02	9.88911e-04	5.56513	4.63995	4.36970e-05
2.04511e+04	1.64977e-02	1.11589e-03	1.57218	4.14144	4.36970e-05
2.04977e+04	1.64953e-02	1.00380e-03	0.30327	5.57606	4.36970e-05
2.05443e+04	1.64947e-02	1.08379e-03	0.94649	3.47030	4.36970e-05
2.05909e+04	1.64945e-02	8.12600e-04	3.64484	3.96589	4.36970e-05
2.06375e+04	1.64944e-02	8.72476e-04	1.85224	1.08318	4.36970e-05
2.06840e+04	1.64947e-02	1.12057e-03	2.21866	0.65972	4.36970e-05
2.07306e+04	1.64992e-02	1.21803e-03	4.60788	2.87253	4.36970e-05
2.07772e+04	1.64954e-02	9.68029e-04	2.31489	1.85924	4.36970e-05
2.08238e+04	1.64962e-02	1.06345e-03	2.22942	3.29983	4.36970e-05
2.08704e+04	1.64988e-02	9.57860e-04	4.32329	0.93956	4.36970e-05
2.09170e+04	1.64977e-02	1.13303e-03	1.27104	2.10329	4.36970e-05
2.09636e+04	1.64990e-02	1.12557e-03	0.79670	5.35275	4.36970e-05
2.10101e+04	1.65021e-02	7.53133e-04	1.72849	5.61572	4.36970e-05
2.10567e+04	1.65037e-02	8.86896e-04	5.90260	0.98003	4.36970e-05
2.11033e+04	1.65034e-02	1.08611e-03	4.86234	6.22197	4.36970e-05
2.11499e+04	1.65016e-02	8.51975e-04	5.15060	2.23528	4.36970e-05
2.11965e+04	1.65040e-02	1.09332e-03	1.58318	0.48726	4.36970e-05
2.12431e+04	1.65039e-02	9.62806e-04	0.16360	1.26086	4.36970e-05
2.12897e+04	1.65016e-02	7.44899e-04	0.83602	4.61088	4.36970e-05
2.13362e+04	1.64994e-02	1.19596e-03	3.38736	4.46739	4.36970e-05
2.13828e+04	1.65028e-02	9.96088e-04	1.63272	0.77507	4.36970e-05
2.14294e+04	1.65064e-02	6.62738e-04	0.52587	1.06170	4.36970e-05
2.14760e+04	1.65032e-02	1.47882e-03	3.43461	2.01972	4.36970e-05
2.15226e+04	1.65062e-02	3.81529e-03	4.43657	3.62203	4.36970e-05
2.15692e+04	1.65056e-02	1.41837e-03	4.30130	4.93225	4.36970e-05
2.16157e+04	1.65059e-02	1.39659e-03	3.97694	4.94381	4.36970e-05
2.16623e+04	1.65096e-02	4.39732e-03	0.78877	6.22570	4.36970e-05
2.17089e+04	1.65051e-02	1.99762e-03	1.87268	1.68304	4.36970e-05
2.17555e+04	1.65035e-02	2.89912e-03	3.65514	1.22791	4.36970e-05
2.18021e+04	1.65085e-02	2.45191e-03	1.63464	2.89269	4.36970e-05
2.18487e+04	1.65073e-02	2.24757e-03	5.40706	3.45566	4.36970e-05
2.18953e+04	1.65081e-02	1.51227e-03	0.53938	4.80961	4.36970e-05
2.19418e+04	1.65055e-02	2.34974e-03	2.15272	4.37672	4.36970e-05
2.19884e+04	1.65110e-02	3.07997e-03	0.05657	6.04541	4.36970e-05
2.20350e+04	1.65117e-02	1.22820e-03	1.00175	3.04078	4.36970e-05
2.20816e+04	1.65070e-02	9.53161e-04	0.49364	6.17766	4.36970e-05
2.21282e+04	1.65106e-02	2.97781e-03	5.15249	2.55611	4.36970e-05
2.21748e+04	1.65093e-02	3.37649e-04	3.74539	3.45517	4.36970e-05
2.22214e+04	1.65134e-02	1.44974e-03	0.67099	4.39146	4.36970e-05
2.22679e+04	1.65095e-02	2.24268e-03	2.12037	5.47837	4.36970e-05
2.23145e+04	1.65142e-02	1.32741e-03	1.16076	1.07617	4.36970e-05
2.23611e+04	1.65156e-02	1.63865e-03	6.23706	1.59154	4.36970e-05
2.24077e+04	1.65138e-02	2.27762e-04	2.17055	3.36274	4.36970e-05
2.24543e+04	1.65134e-02	2.61188e-03	5.42196	2.51519	4.36970e-05
2.25009e+04	1.65157e-02	1.35425e-03	4.17637	4.59069	4.36970e-05
2.25475e+04	1.65148e-02	1.84482e-03	5.69848	2.36449	4.36970e-05
2.25940e+04	1.65158e-02	1.89840e-03	0.69006	5.04835	4.36970e-05
2.26406e+04	1.65165e-02	1.77313e-03	0.21360	1.60862	4.36970e-05
2.26872e+04	1.65173e-02	8.57664e-04	0.13500	2.45303	4.36970e-05
2.27338e+04	1.65183e-02	1.17463e-03	0.89169	0.85840	4.36970e-05
2.27804e+04	1.65185e-02	9.26995e-04	4.09352	1.50524	4.36970e-05
2.28270e+04	1.65158e-02	2.08914e-03	3.14141	4.71514	4.36970e-05
2.28736e+04	1.65143e-02	4.53016e-04	5.59825	2.93356	4.36970e-05
2.29201e+04	1.65187e-02	6.99748e-04	2.05243	5.62497	4.36970e-05
2.29667e+04	1.65152e-02	2.38201e-03	3.67454	1.54112	4.36970e-05
2.30133e+04	1.65165e-02	1.49676e-03	2.87097	4.59277	4.36970e-05
2.30599e+04	1.65189e-02	6.80396e-04	4.83418	3.29504	4.36970e-05
2.31065e+04	1.65208e-02	8.14561e-04	5.81552	1.37923	4.36970e-05
2.31531e+04	1.65212e-02	1.59674e-03	5.68166	5.26131	4.36970e-05
2.31997e+04	1.65217e-02	1.69832e-03	5.34682	1.46925	4.36970e-05
2.32462e+04	1.65209e-02	8.07009e-04	3.86511	3.54474	4.36970e-05
2.32928e+04	1.65214e-02	7.33897e-04	6.01205	0.49722	4.36970e-05
2.33394e+04	1.65241e-02	2.15539e-03	0.54355	3.47342	4.36970e-05
2.33860e+04	1.65203e-02	1.06147e-03	0.50010	5.70196	4.36970e-05
2.34326e+04	1.65182e-02	1.32439e-03	3.16734	3.58268	4.36970e-05
2.34792e+04	1.65227e-02	1.15464e-03	0.72678	4.98310	4.36970e-05
2.35258e+04	1.65221e-02	7.84882e-04	3.91278	5.53387	4.36970e-05
2.35723e+04	1.65231e-02	3.09386e-04	2.10990	3.26958	4.36970e-05
2.36189e+04	1.65212e-02	1.53636e-03	0.43757	5.52730	4.36970e-05
2.36655e+04	1.65227e-02	6.87194e-04	2.79278	2.11770	4.36970e-05
2.37121e+04	1.65225e-02	1.61776e-03	3.62071	5.05947	4.36970e-05
2.37587e+04	1.65281e-02	6.18177e-04	4.88163	6.03631	4.36970e-05
2.38053e+04	1.65240e-02	1.01857e-03	1.03762	4.17694	4.36970e-05
2.38519e+04	1.65281e-02	1.70913e-03	5.18234	5.28220	4.36970e-05
2.38984e+04	1.65235e-02	9.75021e-04	5.30444	2.68850	4.36970e-05
2.39450e+04	1.65241e-02	1.87543e-03	5.07899	5.13489	4.36970e-05
2.39916e+04	1.65257e-02	1.31347e-03	2.40786	2.06930	4.36970e-05
2.40382e+04	1.65260e-02	1.69297e-03	5.21044	4.66657	4.36970e-05
2.40848e+04	1.65240e-02	2.44682e-04	4.13915	3.31890	4.36970e-05
2.41314e+04	1.65305e-02	9.52080e-04	5.57056	4.03649	4.36970e-05
2.41780e+04	1.65285e-02	1.29271e-03	0.55060	3.52211	4.36970e-05
2.42245e+04	1.65313e-02	6.22165e-04	3.82269	5.63256	4.36970e-05
2.42711e+04	1.65270e-02	2.15642e-03	3.77854	3.19254	4.36970e-05
2.43177e+04	1.65279e-02	1.76683e-03	3.75350	5.59112	4.36970e-05
2.43643e+04	1.65294e-02	1.89446e-03	1.00768	2.69597	4.36970e-05
2.44109e+04	1.65288e-02	1.45638e-03	4.23145	5.01143	4.36970e-05
2.44575e+04	1.65270e-02	7.04131e-04	3.99504	2.87553	4.36970e-05
2.45041e+04	1.65348e-02	7.76189e-04	5.52441	3.71502	4.36970e-05
2.45506e+04	1.65320e-02	1.29087e-03	5.80806	4.26421	4.36970e-05
2.45972e+04	1.65346e-02	5.99301e-04	1.77544	1.22791	4.36970e-05
2.46438e+04	1.65288e-02	2.21203e-03	2.81385	4.24312	4.36970e-05
2.46904e+04	1.65301e-02	1.71439e-03	2.80929	0.34019	4.36970e-05
2.47370e+04	1.65357e-02	1.11401e-03	5.91002	4.49335	4.36970e-05
2.47836e+04	1.65317e-02	7.06614e-04	2.74695	0.65089	4.36970e-05
2.48302e+04	1.65331e-02	1.55926e-03	0.87403	0.43500	4.36970e-05
2.48767e+04	1.65381e-02	2.15775e-03	0.72911	3.06527	4.36970e-05
2.49233e+04	1.65345e-02	6.03141e-04	4.83316	6.27923	4.36970e-05
2.49699e+04	1.65373e-02	6.74303e-04	1.35728	2.91735	4.36970e-05
2.50165e+04	1.65377e-02	1.37929e-03	3.94440	4.50690	4.36970e-05
2.50631e+04	1.65370e-02	1.17648e-03	4.09953	0.78615	4.36970e-05
2.51097e+04	1.65357e-02	1.01976e-03	4.49210	1.43100	4.36970e-05
2.51563e+04	1.65399e-02	1.73976e-03	0.97520	4.62893	4.36970e-05
2.52028e+04	1.65379e-02	5.81157e-04	3.16884	0.41467	4.36970e-05
2.52494e+04	1.65403e-02	8.76253e-04	3.49944	2.94695	4.36970e-05
2.52960e+04	1.65425e-02	1.18535e-03	0.50308	0.96775	4.36970e-05
2.53426e+04	1.65417e-02	5.74424e-04	0.13806	0.97247	4.36970e-05
2.53892e+04	1.65421e-02	6.95119e-04	5.61506	0.04757	4.36970e-05
2.54358e+04	1.65404e-02	1.17769e-03	3.41297	5.17991	4.36970e-05
2.54824e+04	1.65373e-02	7.46431e-04	2.31826	1.33083	4.36970e-05
2.55289e+04	1.65404e-02	2.01794e-03	5.07056	4.81751	4.36970e-05
2.55755e+04	1.65386e-02	1.46750e-03	1.19831	0.74684	4.36970e-05
2.56221e+04	1.65447e-02	1.59999e-03	0.59928	4.38247	4.36970e-05
2.56687e+04	1.65416e-02	1.07166e-03	6.11362	0.51278	4.36970e-05
2.57153e+04	1.65420e-02	1.13668e-03	0.29371	0.14111	4.36970e-05
2.57619e+04	1.65394e-02	1.49887e-03	2.51969	2.69445	4.36970e-05
2.58085e+04	1.65438e-02	1.37231e-03	1.93276	0.27943	4.36970e-05
2.58550e+04	1.65424e-02	8.18510e-04	1.09009	2.95175	4.36970e-05
2.59016e+04	1.65454e-02	1.66501e-03	5.57648	4.97856	4.36970e-05
2.59482e+04	1.65442e-02	1.10994e-03	1.59468	1.32500	4.36970e-05
2.59948e+04	1.65419e-02	1.25419e-03	4.06963	2.32983	4.36970e-05
2.60414e+04	1.65424e-02	9.18016e-04	3.18288	5.24608	4.36970e-05
2.60880e+04	1.65481e-02	1.74868e-03	1.47436	1.14255	4.36970e-05
2.61346e+04	1.65490e-02	4.76563e-04	4.35204	3.42768	4.36970e-05
2.61811e+04	1.65440e-02	1.26112e-03	4.88464	0.25174	4.36970e-05
2.62277e+04	1.65499e-02	8.98602e-04	0.30117	0.73081	4.36970e-05
2.62743e+04	1.65483e-02	1.11911e-03	5.53336	2.49208	4.36970e-05
2.63209e+04	1.65494e-02	6.85324e-04	0.93469	6.27821	4.36970e-05
2.63675e+04	1.65492e-02	5.91389e-04	3.03562	1.80828	4.36970e-05
2.64141e+04	1.65468e-02	1.97215e-03	3.15112	4.06105	4.36970e-05
2.64607e+04	1.65487e-02	1.55671e-03	1.15780	0.62667	4.36970e-05
2.65072e+04	1.65510e-02	1.17837e-03	5.50442	1.93258	4.36970e-05
2.65538e+04	1.65499e-02	4.73268e-04	6.12421	5.52800	4.36970e-05
2.66004e+04	1.65519e-02	1.08966e-03	1.33126	0.44105	4.36970e-05
2.66470e+04	1.65465e-02	8.87020e-04	1.72634	1.22624	4.36970e-05
2.66936e+04	1.65532e-02	5.62655e-04	5.03797	3.85553	4.36970e-05
2.67402e+04	1.65523e-02	1.75540e-03	0.00040	0.74681	4.36970e-05
2.67868e+04	1.65517e-02	1.27091e-03	0.61149	3.04345	4.36970e-05
2.68333e+04	1.65498e-02	1.04925e-03	1.90678	3.15129	4.36970e-05
2.68799e+04	1.65558e-02	1.85287e-03	5.20652	6.03653	4.36970e-05
2.69265e+04	1.65499e-02	1.10780e-03	1.60014	1.75587	4.36970e-05
2.69731e+04	1.65515e-02	1.87493e-03	1.79462	4.73919	4.36970e-05
2.70197e+04	1.65557e-02	1.37708e-03	1.29723	0.63633	4.36970e-05
2.70663e+04	1.65557e-02	1.10386e-03	4.74264	3.66932	4.36970e-05
2.71129e+04	1.65567e-02	5.30663e-04	0.96086	6.15112	4.36970e-05
2.71594e+04	1.65583e-02	1.55145e-03	4.51989	6.07893	4.36970e-05
2.72060e+04	1.65563e-02	1.85896e-03	3.73909	2.56717	4.36970e-05
2.72526e+04	1.65531e-02	7.26970e-04	2.20337	4.60543	4.36970e-05
2.72992e+04	1.65570e-02	1.30362e-03	4.81936	1.00740	4.36970e-05
2.73458e+04	1.65540e-02	7.10880e-04	1.91032	1.48259	4.36970e-05
2.73924e+04	1.65575e-02	8.97813e-04	0.32370	5.38315	4.36970e-05
2.74390e+04	1.65559e-02	1.52341e-03	5.59196	0.93850	4.36970e-05
2.74855e+04	1.65612e-02	7.64482e-04	3.65375	2.21171	4.36970e-05
2.75321e+04	1.65587e-02	1.11025e-03	5.39106	4.59344	4.36970e-05
2.75787e+04	1.65570e-02	3.78777e-04	3.16092	3.15461	4.36970e-05
2.76253e+04	1.65585e-02	8.15279e-04	0.07661	1.07362	4.36970e-05
2.76719e+04	1.65609e-02	8.15092e-05	4.60196	2.46544	4.36970e-05
2.77185e+04	1.65583e-02	1.97052e-03	4.79182	0.43427	4.36970e-05
2.77651e+04	1.65610e-02	1.83445e-03	5.57832	2.62535	4.36970e-05
2.78116e+04	1.65581e-02	9.08498e-04	3.36968	0.07444	4.36970e-05
2.78582e+04	1.65613e-02	4.28986e-04	4.71539	5.07151	4.36970e-05
2.79048e+04	1.65578e-02	2.91396e-04	3.92985	4.41805	4.36970e-05
2.79514e+04	1.65585e-02	9.26933e-04	1.78297	3.60005	4.36970e-05
2.79980e+04	1.65624e-02	8.54806e-04	0.02278	0.88796	4.36970e-05
2.80446e+04	1.65626e-02	1.61594e-03	4.95022	2.59481	4.36970e-05
2.80912e+04	1.65649e-02	1.33971e-03	1.62949	4.84298	4.36970e-05
2.81377e+04	1.65644e-02	7.17190e-04	5.64087	4.64142	4.36970e-05
2.81843e+04	1.65659e-02	1.55921e-03	5.03515	1.22828	4.36970e-05
2.82309e+04	1.65656e-02	4.10412e-04	3.50097	3.48486	4.36970e-05
2.82775e+04	1.65657e-02	1.98770e-03	6.19683	0.03022	4.36970e-05
2.83241e+04	1.65651e-02	1.45156e-03	1.75643	2.32147	4.36970e-05
2.83707e+04	1.65655e-02	4.44170e-04	5.69696	1.08551	4.36970e-05
2.84173e+04	1.65674e-02	6.11709e-04	3.72884	4.20756	4.36970e-05
2.84638e+04	1.65667e-02	1.02998e-03	5.54687	2.01521	4.36970e-05
2.85104e+04	1.65644e-02	1.17211e-03	2.70339	3.10564	4.36970e-05
2.85570e+04	1.65680e-02	4.81805e-04	3.37017	5.56190	4.36970e-05
2.86036e+04	1.65634e-02	1.25802e-03	2.31380	1.88685	4.36970e-05
2.86502e+04	1.65694e-02	7.99280e-04	0.37352	3.87950	4.36970e-05
2.86968e+04	1.65665e-02	1.70449e-03	4.43427	4.81732	4.36970e-05
2.87434e+04	1.65704e-02	1.91988e-03	5.28104	1.20202	4.36970e-05
2.87899e+04	1.65711e-02	1.76842e-03	5.36739	3.04660	4.36970e-05
2.88365e+04	1.65720e-02	2.59679e-04	0.64810	2.05732	4.36970e-05
2.88831e+04	1.65690e-02	4.39061e-04	3.29137	4.86116	4.36970e-05
2.89297e+04	1.65721e-02	4.67917e-04	2.45176	3.25507	4.36970e-05
2.89763e+04	1.65706e-02	4.55289e-04	4.16242	4.05955	4.36970e-05
2.90229e+04	1.65710e-02	7.66556e-04	1.94112	1.07196	4.36970e-05
2.90695e+04	1.65735e-02	1.49394e-03	0.37980	2.09157	4.36970e-05
2.91160e+04	1.65702e-02	1.05787e-03	3.03079	3.86414	4.36970e-05
2.91626e+04	1.65730e-02	1.11991e-03	5.15083	4.70208	4.36970e-05
2.92092e+04	1.65740e-02	1.59416e-03	3.99688	0.95853	4.36970e-05
2.92558e+04	1.65730e-02	1.64039e-03	1.73137	3.33798	4.36970e-05
2.93024e+04	1.65688e-02	1.27247e-03	3.34647	0.23716	4.36970e-05
2.93490e+04	1.65702e-02	5.67537e-04	3.80374	3.18171	4.36970e-05
2.93956e+04	1.65761e-02	1.36566e-03	6.13991	2.85894	4.36970e-05
2.94421e+04	1.65716e-02	6.43481e-04	4.27511	5.13893	4.36970e-05
2.94887e+04	1.65765e-02	1.19570e-03	1.10367	1.18938	4.36970e-05
2.95353e+04	1.65727e-02	1.37916e-03	3.71749	2.38315	4.36970e-05
2.95819e+04	1.65730e-02	1.18059e-03	3.90638	4.71598	4.36970e-05
2.96285e+04	1.65775e-02	1.13111e-03	4.91208	4.67953	4.36970e-05
2.96751e+04	1.65784e-02	1.43423e-03	1.17359	1.71686	4.36970e-05
2.97217e+04	1.65744e-02	1.60446e-03	3.42226	3.88233	4.36970e-05
2.97682e+04	1.65778e-02	8.20884e-04	5.28624	5.00321	4.36970e-05
2.98148e+04	1.65796e-02	1.13502e-03	4.90799	0.66302	4.36970e-05
2.98614e+04	1.65754e-02	1.15192e-03	3.64553	1.96866	4.36970e-05
2.99080e+04	1.65753e-02	9.84644e-04	5.53955	5.05788	4.36970e-05
2.99546e+04	1.65807e-02	1.51689e-03	0.64390	0.83685	4.36970e-05
3.00012e+04	1.65764e-02	1.45491e-03	1.41528	2.16642	4.36970e-05
3.00478e+04	1.65826e-02	1.13134e-03	5.64748	4.81655	4.36970e-05
3.00943e+04	1.65756e-02	9.76945e-04	3.53711	6.12873	4.36970e-05
3.01409e+04	1.65782e-02	1.31157e-03	0.75711	0.39710	4.36970e-05
3.01875e+04	1.65823e-02	2.00419e-03	0.66096	3.06391	4.36970e-05
3.02341e+04	1.65836e-02	1.02199e-03	0.17852	4.79100	4.36970e-05
3.02807e+04	1.65779e-02	1.15821e-03	3.60741	1.02343	4.36970e-05
3.03273e+04	1.65833e-02	8.90710e-04	0.35826	2.69262	4.36970e-05
3.03739e+04	1.65790e-02	1.55872e-03	2.80949	3.32188	4.36970e-05
3.04204e+04	1.65846e-02	1.85122e-03	1.60005	0.06126	4.36970e-05
3.04670e+04	1.65854e-02	1.79618e-03	0.14762	1.81828	4.36970e-05
3.05136e+04	1.65817e-02	5.27323e-04	1.75678	5.34788	4.36970e-05
3.05602e+04	1.65816e-02	8.38127e-04	1.05466	3.64851	4.36970e-05
3.06068e+04	1.65835e-02	5.90335e-04	0.06539	0.59120	4.36970e-05
3.06534e+04	1.65846e-02	1.76919e-03	5.73738	2.16883	4.36970e-05
3.07000e+04	1.65839e-02	1.34750e-03	3.06908	4.33965	4.36970e-05
3.07465e+04	1.65822e-02	3.40361e-04	1.89270	3.50336	4.36970e-05
3.07931e+04	1.65845e-02	1.34801e-03	1.13640	0.99912	4.36970e-05
3.08397e+04	1.65883e-02	1.91221e-03	0.55569	3.05839	4.36970e-05
3.08863e+04	1.65883e-02	4.82498e-04	5.26012	4.67919	4.36970e-05
3.09329e+04	1.65830e-02	9.33552e-04	2.37342	0.05275	4.36970e-05
3.09795e+04	1.65892e-02	4.75697e-04	5.27231	0.66081	4.36970e-05
3.10261e+04	1.65835e-02	1.18432e-03	3.90639	4.10492	4.36970e-05
3.10726e+04	1.65901e-02	7.81464e-04	2.60334	6.20855	4.36970e-05
3.11192e+04	1.65898e-02	1.87175e-03	0.19246	1.63275	4.36970e-05
3.11658e+04	1.65885e-02	7.16726e-04	1.47191	4.45291	4.36970e-05
3.12124e+04	1.65881e-02	1.92415e-04	1.16345	1.29849	4.36970e-05
3.12590e+04	1.65908e-02	4.51431e-04	3.09324	0.77211	4.36970e-05
3.13056e+04	1.65929e-02	5.40914e-04	1.65147	2.08993	4.36970e-05
3.13522e+04	1.65923e-02	3.38255e-04	5.29005	3.28892	4.36970e-05
3.13987e+04	1.65919e-02	1.38795e-03	6.09298	5.97751	4.36970e-05
3.14453e+04	1.65928e-02	3.36514e-04	5.23386	2.57646	4.36970e-05
3.14919e+04	1.65879e-02	5.80086e-04	5.30235	3.03835	4.36970e-05
3.15385e+04	1.65878e-02	1.83717e-03	3.47655	4.05041	4.36970e-05
3.15851e+04	1.65941e-02	1.75907e-03	5.27344	0.11705	4.36970e-05
3.16317e+04	1.65929e-02	1.12813e-03	0.35992	1.45557	4.36970e-05
3.16783e+04	1.65913e-02	4.66290e-04	1.69454	1.34121	4.36970e-05
3.17248e+04	1.65944e-02	8.72233e-04	5.24329	3.90548	4.36970e-05
3.17714e+04	1.65952e-02	8.63485e-04	0.39578	0.97475	4.36970e-05
3.18180e+04	1.65897e-02	1.36488e-03	2.75771	2.03540	4.36970e-05
3.18646e+04	1.65910e-02	1.06938e-03	2.76800	4.00124	4.36970e-05
3.19112e+04	1.65929e-02	1.36622e-03	2.59023	4.69998	4.36970e-05
3.19578e+04	1.65971e-02	1.70831e-03	5.50945	0.90531	4.36970e-05
3.20044e+04	1.65967e-02	1.05670e-03	0.86991	3.32449	4.36970e-05
3.20509e+04	1.65958e-02	1.09467e-03	2.22569	4.68108	4.36970e-05
3.20975e+04	1.65954e-02	3.72245e-04	4.84600	3.38069	4.36970e-05
3.21441e+04	1.65969e-02	3.37500e-04	1.32237	0.55087	4.36970e-05
3.21907e+04	1.65976e-02	1.15229e-03	3.23441	3.38189	4.36970e-05
3.22373e+04	1.65947e-02	3.29274e-04	4.18219	5.77678	4.36970e-05
3.22839e+04	1.65945e-02	3.11803e-04	2.54463	3.10329	4.36970e-05
3.23305e+04	1.65956e-02	6.79783e-04	4.55935	1.70263	4.36970e-05
3.23770e+04	1.66003e-02	5.28499e-04	3.24796	2.26499	4.36970e-05
3.24236e+04	1.66004e-02	1.01087e-03	5.50598	4.16009	4.36970e-05
3.24702e+04	1.66000e-02	1.23993e-03	5.17257	0.97366	4.36970e-05
3.25168e+04	1.66018e-02	8.53341e-04	0.54408	0.67837	4.36970e-05
3.25634e+04	1.66008e-02	8.37557e-04	5.32867	2.14032	4.36970e-05
3.26100e+04	1.66037e-02	1.37539e-03	0.46036	5.57588	4.36970e-05
3.26566e+04	1.66003e-02	6.27532e-04	3.07831	0.13977	4.36970e-05
3.27031e+04	1.66010e-02	3.37015e-04	5.01446	0.28754	4.36970e-05
3.27497e+04	1.66021e-02	7.84909e-04	2.04183	3.97155	4.36970e-05
3.27963e+04	1.65984e-02	5.70329e-04	0.93785	4.41193	4.36970e-05
3.28429e+04	1.66043e-02	3.29361e-04	2.55095	0.76561	4.36970e-05
3.28895e+04	1.65994e-02	1.20951e-03	3.01409	3.17780	4.36970e-05
3.29361e+04	1.66029e-02	4.76369e-04	5.78333	1.95353	4.36970e-05
3.29827e+04	1.66009e-02	9.33920e-04	3.55142	4.31531	4.36970e-05
3.30292e+04	1.65998e-02	1.13032e-03	5.23291	1.39102	4.36970e-05
3.30758e+04	1.66044e-02	2.80606e-04	1.66129	2.34697	4.36970e-05
3.31224e+04	1.66058e-02	3.60455e-04	4.48742	1.81517	4.36970e-05
3.31690e+04	1.66030e-02	1.03616e-04	2.66598	4.55903	4.36970e-05
3.32156e+04	1.66068e-02	1.80200e-03	0.06050	0.43161	4.36970e-05
3.32622e+04	1.66019e-02	1.57406e-03	2.66669	2.29083	4.36970e-05
3.33088e+04	1.66067e-02	4.47061e-04	5.20413	2.84862	4.36970e-05
3.33553e+04	1.66029e-02	1.15737e-03	4.30146	5.48187	4.36970e-05
3.34019e+04	1.66082e-02	1.14454e-03	2.79676	1.06717	4.36970e-05
3.34485e+04	1.66093e-02	1.86339e-03	0.43539	2.43153	4.36970e-05
3.34951e+04	1.66085e-02	8.85818e-04	1.64854	5.14475	4.36970e-05
3.35417e+04	1.66089e-02	1.79706e-04	0.54022	2.53745	4.36970e-05
3.35883e+04	1.66108e-02	1.27590e-04	3.30041	0.98809	4.36970e-05
3.36349e+04	1.66093e-02	1.62732e-03	1.85745	2.28383	4.36970e-05
3.36814e+04	1.66062e-02	1.50420e-03	4.46837	4.45070	4.36970e-05
3.37280e+04	1.66112e-02	1.24093e-03	0.33632	5.75096	4.36970e-05
3.37746e+04	1.66063e-02	5.94361e-04	2.61393	5.51560	4.36970e-05
3.38212e+04	1.66118e-02	1.79425e-03	0.55466	1.95889	4.36970e-05
3.38678e+04	1.66100e-02	8.88579e-04	4.64207	3.44921	4.36970e-05
3.39144e+04	1.66124e-02	1.21624e-03	5.94516	0.07755	4.36970e-05
3.39610e+04	1.66130e-02	3.22047e-04	3.87201	5.01471	4.36970e-05
3.40075e+04	1.66085e-02	8.50939e-04	2.86889	1.26582	4.36970e-05
3.40541e+04	1.66100e-02	1.10228e-03	6.12395	4.50083	4.36970e-05
3.41007e+04	1.66135e-02	4.97480e-04	5.10947	4.39107	4.36970e-05
3.41473e+04	1.66108e-02	9.18941e-04	1.22334	5.79614	4.36970e-05
3.41939e+04	1.66130e-02	4.46927e-04	1.92174	1.23404	4.36970e-05
3.42405e+04	1.66132e-02	1.65189e-03	0.60361	3.58212	4.36970e-05
3.42871e+04	1.66148e-02	1.29491e-03	4.67250	5.46384	4.36970e-05
3.43336e+04	1.66113e-02	1.06376e-03	2.25373	6.23121	4.36970e-05
3.43802e+04	1.66149e-02	5.61096e-04	4.89315	0.64692	4.36970e-05
3.44268e+04	1.66137e-02	1.59859e-03	4.48052	3.07451	4.36970e-05
3.44734e+04	1.66133e-02	1.06406e-03	3.49014	4.69934	4.36970e-05
3.45200e+04	1.66173e-02	6.95118e-04	6.03278	1.42568	4.36970e-05
3.45666e+04	1.66171e-02	1.01375e-03	4.96620	0.36360	4.36970e-05
3.46132e+04	1.66192e-02	1.43612e-03	5.62763	2.57447	4.36970e-05
3.46597e+04	1.66188e-02	4.11340e-04	5.84367	3.94894	4.36970e-05
3.47063e+04	1.66138e-02	1.11156e-03	3.84545	6.16859	4.36970e-05
3.47529e+04	1.66184e-02	1.24455e-03	1.13030	1.39876	4.36970e-05
3.47995e+04	1.66141e-02	1.72070e-03	3.75276	2.51165	4.36970e-05
3.48461e+04	1.66209e-02	1.19558e-04	4.09978	4.65114	4.36970e-05
3.48927e+04	1.66191e-02	8.21858e-04	4.83807	5.10080	4.36970e-05
3.49393e+04	1.66202e-02	8.01068e-04	3.68634	6.01775	4.36970e-05
3.49858e+04	1.66180e-02	1.20581e-03	5.27281	2.80400	4.36970e-05
3.50324e+04	1.66158e-02	8.82003e-04	1.77362	3.43212	4.36970e-05
3.50790e+04	1.66163e-02	1.03203e-03	2.54271	4.80470	4.36970e-05
3.51256e+04	1.66189e-02	4.50612e-04	2.41336	5.64291	4.36970e-05
3.51722e+04	1.66229e-02	1.69400e-03	5.45852	1.92288	4.36970e-05
3.52188e+04	1.66234e-02	9.37123e-04	0.93529	4.55954	4.36970e-05
3.52654e+04	1.66233e-02	5.36073e-04	2.23899	0.05995	4.36970e-05
3.53119e+04	1.66186e-02	1.39879e-03	4.44322	5.80580	4.36970e-05
3.53585e+04	1.66246e-02	1.28922e-03	2.13627	2.16575	4.36970e-05
3.54051e+04	1.66212e-02	9.24661e-04	5.68025	4.03584	4.36970e-05
3.54517e+04	1.66213e-02	9.31357e-04	2.63224	4.77703	4.36970e-05
3.54983e+04	1.66262e-02	5.53781e-04	5.29043	4.71865	4.36970e-05
3.55449e+04	1.66251e-02	9.65828e-04	4.73197	0.42368	4.36970e-05
3.55915e+04	1.66256e-02	9.67076e-05	5.01517	0.17790	4.36970e-05
3.56380e+04	1.66216e-02	5.14383e-04	5.46458	4.62842	4.36970e-05
3.56846e+04	1.66223e-02	1.00446e-03	3.03392	4.51623	4.36970e-05
3.57312e+04	1.66266e-02	5.59517e-04	3.70099	6.20982	4.36970e-05
3.57778e+04	1.66266e-02	5.56489e-04	1.22285	3.34398	4.36970e-05
3.58244e+04	1.66280e-02	1.36404e-03	0.88869	3.47256	4.36970e-05
3.58710e+04	1.66237e-02	1.09671e-03	3.71711	5.30314	4.36970e-05
3.59175e+04	1.66249e-02	1.43608e-03	5.45852	0.56974	4.36970e-05
3.59641e+04	1.66292e-02	1.02758e-03	0.58437	1.30278	4.36970e-05
3.60107e+04	1.66239e-02	1.06153e-03	5.63456	3.19143	4.36970e-05
3.60573e+04	1.66296e-02	5.76811e-04	3.06047	5.17892	4.36970e-05
3.61039e+04	1.66269e-02	1.13842e-03	6.05243	0.39518	4.36970e-05
3.61505e+04	1.66292e-02	4.83433e-04	3.40814	6.00746	4.36970e-05
3.61971e+04	1.66301e-02	1.42590e-03	2.40321	2.57889	4.36970e-05
3.62436e+04	1.66262e-02	1.45667e-03	1.38686	3.99881	4.36970e-05
3.62902e+04	1.66288e-02	8.19305e-04	0.01221	4.49677	4.36970e-05
3.63368e+04	1.66299e-02	7.71323e-04	1.46382	0.94350	4.36970e-05
3.63834e+04	1.66313e-02	4.68718e-04	2.24621	2.86400	4.36970e-05
3.64300e+04	1.66293e-02	5.61587e-04	1.98469	4.72921	4.36970e-05
3.64766e+04	1.66275e-02	1.36641e-03	2.20750	4.60492	4.36970e-05
3.65232e+04	1.66296e-02	4.65469e-04	5.38393	0.36954	4.36970e-05
3.65697e+04	1.66331e-02	3.62622e-04	0.51578	2.79360	4.36970e-05
3.66163e+04	1.66332e-02	2.30882e-05	0.27034	5.57771	4.36970e-05
3.66629e+04	1.66308e-02	1.44486e-03	2.58457	4.56424	4.36970e-05
3.67095e+04	1.66320e-02	1.02981e-03	0.19949	0.53942	4.36970e-05
3.67561e+04	1.66337e-02	2.44014e-04	4.98203	0.78141	4.36970e-05
3.68027e+04	1.66330e-02	1.48747e-03	0.13463	2.87151	4.36970e-05
3.68493e+04	1.66310e-02	6.06961e-04	1.81695	3.63010	4.36970e-05
3.68958e+04	1.66359e-02	1.48017e-03	0.79431	5.60771	4.36970e-05
3.69424e+04	1.66368e-02	1.26697e-03	5.54791	0.69724	4.36970e-05
3.69890e+04	1.66366e-02	2.58236e-04	0.00122	4.58313	4.36970e-05
3.70356e+04	1.66313e-02	1.39143e-03	3.51097	4.58669	4.36970e-05
3.70822e+04	1.66309e-02	1.43639e-03	3.28426	0.55908	4.36970e-05
3.71288e+04	1.66377e-02	1.45448e-03	2.14010	2.62424	4.36970e-05
3.71754e+04	1.66374e-02	8.13683e-04	1.44895	2.80397	4.36970e-05
3.72219e+04	1.66329e-02	1.30650e-03	2.10566	0.41030	4.36970e-05
3.72685e+04	1.66316e-02	2.11227e-03	0.91778	4.82601	4.36970e-05
3.73151e+04	1.66376e-02	1.43512e-03	5.84556	4.44063	4.36970e-05
3.73617e+04	1.66377e-02	2.47617e-03	2.97047	1.67678	4.36970e-05
3.74083e+04	1.66353e-02	3.06724e-03	2.63327	1.32573	4.36970e-05
3.74549e+04	1.66383e-02	1.79561e-03	0.16257	1.40522	4.36970e-05
3.75015e+04	1.66411e-02	1.70289e-03	1.60073	2.38228	4.36970e-05
3.75480e+04	1.66350e-02	3.70208e-03	4.78751	5.37355	4.36970e-05
3.75946e+04	1.66408e-02	5.19384e-03	5.03258	5.56999	4.36970e-05
3.76412e+04	1.66366e-02	7.13216e-03	4.55310	6.03893	4.36970e-05
3.76878e+04	1.66373e-02	6.65414e-03	4.17711	0.80813	4.36970e-05
3.77344e+04	1.66407e-02	8.81548e-03	1.34424	0.89386	4.36970e-05
3.77810e+04	1.66362e-02	7.11180e-03	0.45690	2.08603	4.36970e-05
3.78276e+04	1.66372e-02	5.94480e-03	3.70767	3.24077	4.36970e-05
3.78741e+04	1.66384e-02	4.97036e-03	2.92339	4.30460	4.36970e-05
3.79207e+04	1.66370e-02	2.48879e-03	0.28410	5.59384	4.36970e-05
3.79673e+04	1.66352e-02	7.60485e-03	6.22886	6.19324	4.36970e-05
3.80139e+04	1.66388e-02	5.47193e-03	3.05616	1.48140	4.36970e-05
3.80605e+04	1.66419e-02	1.81746e-03	0.10924	2.87016	4.36970e-05
3.81071e+04	1.66422e-02	3.19181e-03	3.45448	2.98828	4.36970e-05
3.81537e+04	1.66365e-02	5.72264e-03	0.40317	3.07008	4.36970e-05
3.82002e+04	1.66389e-02	7.31862e-03	3.98783	3.23799	4.36970e-05
3.82468e+04	1.66353e-02	4.59853e-03	1.43211	3.09070	4.36970e-05
3.82934e+04	1.66424e-02	1.51650e-03	4.89451	3.66344	4.36970e-05
3.83400e+04	1.66436e-02	4.17741e-03	5.06879	0.50286	4.36970e-05
3.83866e+04	1.66434e-02	4.46227e-03	2.65588	1.13394	4.36970e-05
3.84332e+04	1.66429e-02	7.44835e-03	5.93610	0.52591	4.36970e-05
3.84798e+04	1.66379e-02	7.08228e-03	5.38894	2.79706	4.36970e-05
3.85263e+04	1.66411e-02	9.60059e-04	3.61173	5.86870	4.36970e-05
3.85729e+04	1.66368e-02	8.87543e-03	1.99560	3.56262	4.36970e-05
3.86195e+04	1.66388e-02	2.28862e-03	5.95267	2.56736	4.36970e-05
3.86661e+04	1.66422e-02	2.89610e-03	0.13623	0.10296	4.36970e-05
3.87127e+04	1.66357e-02	8.43320e-03	4.10949	5.74249	4.36970e-05
3.87593e+04	1.66405e-02	5.06107e-03	2.26612	5.47592	4.36970e-05
3.88059e+04	1.66361e-02	1.17502e-03	2.10973	3.53057	4.36970e-05
3.88524e+04	1.66411e-02	4.93398e-03	0.91314	2.73004	4.36970e-05
3.88990e+04	1.66384e-02	7.73663e-03	5.43622	2.30096	4.36970e-05
3.89456e+04	1.66406e-02	3.44453e-03	4.12621	1.68308	4.36970e-05
3.89922e+04	1.66369e-02	3.93130e-03	4.43804	5.68641	4.36970e-05
3.90388e+04	1.66384e-02	7.21868e-03	2.95143	5.07630	4.36970e-05
3.90854e+04	1.66390e-02	4.90933e-03	1.41802	4.78084	4.36970e-05
3.91320e+04	1.66405e-02	1.47099e-03	1.30953	3.01887	4.36970e-05
3.91785e+04	1.66385e-02	4.58227e-03	0.79751	1.74647	4.36970e-05
3.92251e+04	1.66425e-02	6.33133e-03	5.67011	1.61867	4.36970e-05
3.92717e+04	1.66370e-02	3.44417e-03	4.66218	1.36127	4.36970e-05
3.93183e+04	1.66400e-02	2.16188e-03	5.75957	5.05784	4.36970e-05
3.93649e+04	1.66388e-02	6.69655e-03	4.63271	5.00424	4.36970e-05
3.94115e+04	1.66373e-02	6.80988e-03	3.66383	4.83251	4.36970e-05
3.94581e+04	1.66358e-02	5.62441e-03	2.74144	4.97519	4.36970e-05
3.95046e+04	1.66370e-02	4.53898e-03	2.41410	5.16243	4.36970e-05
3.95512e+04	1.66366e-02	2.90585e-03	2.46129	4.42423	4.36970e-05
3.95978e+04	1.66372e-02	3.61759e-03	3.12062	3.10471	4.36970e-05
3.96444e+04	1.66415e-02	5.71097e-03	2.14903	3.04294	4.36970e-05
3.96910e+04	1.66395e-02	6.52648e-03	1.25183	2.69051	4.36970e-05
3.97376e+04	1.66366e-02	1.90461e-03	1.59155	1.10358	4.36970e-05
3.97842e+04	1.66397e-02	4.33875e-03	2.02044	5.63780	4.36970e-05
3.98307e+04	1.66404e-02	6.75254e-03	1.10591	5.63403	4.36970e-05
3.98773e+04	1.66345e-02	4.38396e-03	0.66860	5.04938	4.36970e-05
3.99239e+04	1.66396e-02	3.60492e-03	1.26733	3.69048	4.36970e-05
3.99705e+04	1.66359e-02	6.08598e-03	1.70612	2.72295	4.36970e-05
4.00171e+04	1.66420e-02	6.91660e-03	1.24900	2.50921	4.36970e-05
4.00637e+04	1.66367e-02	3.49104e-03	0.76233	1.79426	4.36970e-05
4.01103e+04	1.66409e-02	2.94281e-03	2.24133	5.53405	4.36970e-05
4.01568e+04	1.66347e-02	7.15771e-03	1.74620	4.65529	4.36970e-05
4.02034e+04	1.66414e-02	3.13495e-03	1.23276	3.77130	4.36970e-05
4.02500e+04	1.66366e-02	4.03784e-03	2.75824	1.36920	4.36970e-05
4.02966e+04	1.66396e-02	6.58646e-03	2.38627	0.90501	4.36970e-05
4.03432e+04	1.66380e-02	4.95449e-03	2.68905	0.16249	4.36970e-05
4.03898e+04	1.66429e-02	1.86808e-03	4.40961	4.34731	4.36970e-05
4.04364e+04	1.66382e-02	5.04410e-03	4.63087	3.86327	4.36970e-05
4.04829e+04	1.66346e-02	6.50209e-03	4.78106	3.73682	4.36970e-05
4.05295e+04	1.66422e-02	4.60514e-03	5.61062	3.73386	4.36970e-05
4.05761e+04	1.66368e-02	3.95135e-03	0.52160	3.81801	4.36970e-05
4.06227e+04	1.66392e-02	4.41804e-03	2.38338	4.24334	4.36970e-05
4.06693e+04	1.66321e-02	5.41697e-03	3.58579	5.89925	4.36970e-05
4.07159e+04	1.66362e-02	1.69801e-03	1.22460	0.91211	4.36970e-05
4.07625e+04	1.66369e-02	2.60106e-03	3.03995	1.97560	4.36970e-05
4.08090e+04	1.66384e-02	2.39100e-03	3.18880	1.68410	4.36970e-05
4.08556e+04	1.66397e-02	5.18658e-03	0.57194	2.73357	4.36970e-05
4.09022e+04	1.66353e-02	4.71298e-03	0.89928	2.42713	4.36970e-05
4.09488e+04	1.66390e-02	8.62491e-03	4.93757	3.53583	4.36970e-05
4.09954e+04	1.66343e-02	3.85424e-03	6.02225	4.72685	4.36970e-05
4.10420e+04	1.66356e-02	7.04108e-03	2.37863	3.94881	4.36970e-05
4.10886e+04	1.66405e-02	7.24457e-03	1.39279	3.92000	4.36970e-05
4.11351e+04	1.66356e-02	3.14743e-03	5.98984	4.96907	4.36970e-05
4.11817e+04	1.66421e-02	8.66824e-03	0.80767	4.95044	4.36970e-05
4.12283e+04	1.66386e-02	6.07716e-03	0.29201	4.84310	4.36970e-05
4.12749e+04	1.66342e-02	1.35434e-03	2.08665	1.60791	4.36970e-05
4.13215e+04	1.66360e-02	7.49707e-03	0.49105	1.11497	4.36970e-05
4.13681e+04	1.66386e-02	9.54065e-03	5.06076	1.90055	4.36970e-05
4.14147e+04	1.66318e-02	7.79643e-03	4.90397	2.86958	4.36970e-05
4.14612e+04	1.66381e-02	8.02441e-03	4.17340	3.63535	4.36970e-05
4.15078e+04	1.66373e-02	7.62577e-03	6.20211	4.00768	4.36970e-05
4.15544e+04	1.66333e-02	3.04878e-03	4.95120	4.75646	4.36970e-05
4.16010e+04	1.66346e-02	2.82338e-03	3.79188	5.36779	4.36970e-05
4.16476e+04	1.66318e-02	2.39733e-03	2.17130	0.79756	4.36970e-05
4.16942e+04	1.66376e-02	4.51931e-03	0.98671	2.16338	4.36970e-05
4.17408e+04	1.66421e-02	7.09057e-03	0.82411	2.40153	4.36970e-05
4.17873e+04	1.66388e-02	8.13633e-03	0.38659	2.67647	4.36970e-05
4.18339e+04	1.66363e-02	5.45531e-03	5.97819	2.91145	4.36970e-05
4.18805e+04	1.66358e-02	6.20157e-03	4.69596	3.53187	4.36970e-05
4.19271e+04	1.66366e-02	6.19068e-03	3.99217	3.88227	4.36970e-05
4.19737e+04	1.66360e-02	8.86329e-03	4.74821	3.34704	4.36970e-05
4.20203e+04	1.66322e-02	1.89806e-03	4.95544	3.53233	4.36970e-05
4.20669e+04	1.66343e-02	4.90825e-03	3.48957	4.51486	4.36970e-05
4.21134e+04	1.66376e-02	8.00576e-03	2.13044	4.83126	4.36970e-05
4.21600e+04	1.66385e-02	7.88497e-03	2.00411	4.58003	4.36970e-05
4.22066e+04	1.66338e-02	2.70164e-03	2.52185	5.05880	4.36970e-05
4.22532e+04	1.66402e-02	3.89065e-03	2.14686	5.11584	4.36970e-05
4.22998e+04	1.66413e-02	5.94940e-03	1.35448	5.81220	4.36970e-05
4.23464e+04	1.66351e-02	7.82885e-03	0.29633	0.39632	4.36970e-05
4.23930e+04	1.66342e-02	6.82185e-03	5.58190	1.14174	4.36970e-05
4.24395e+04	1.66334e-02	8.04446e-03	4.96933	1.75934	4.36970e-05
4.24861e+04	1.66377e-02	8.21113e-03	4.52809	1.72018	4.36970e-05
4.25327e+04	1.66378e-02	7.44741e-03	4.31687	1.73479	4.36970e-05
4.25793e+04	1.66330e-02	7.39786e-03	4.37104	1.88840	4.36970e-05
4.26259e+04	1.66384e-02	6.30457e-03	4.18961	1.94679	4.36970e-05
4.26725e+04	1.66379e-02	5.17874e-03	0.25973	2.10973	4.36970e-05
4.27191e+04	1.66304e-02	1.97308e-03	2.17657	5.40671	4.36970e-05
4.27656e+04	1.66345e-02	6.54463e-03	2.79237	4.79975	4.36970e-05
4.28122e+04	1.66382e-02	3.16802e-03	0.62479	5.15302	4.36970e-05
4.28588e+04	1.66345e-02	8.53800e-03	1.08635	0.24761	4.36970e-05
4.29054e+04	1.66356e-02	3.70894e-03	6.26327	5.94446	4.36970e-05
4.29520e+04	1.66360e-02	6.66389e-03	5.72825	1.42811	4.36970e-05
4.29986e+04	1.66377e-02	6.00073e-03	0.37180	0.56191	4.36970e-05
4.30452e+04	1.66375e-02	2.90530e-03	0.18110	1.96591	4.36970e-05
4.30917e+04	1.66377e-02	5.33287e-03	5.80019	2.56557	4.36970e-05
4.31383e+04	1.66347e-02	7.34435e-03	5.01349	3.51500	4.36970e-05
4.31849e+04	1.66407e-02	6.90309e-03	4.59735	3.52501	4.36970e-05
4.32315e+04	1.66413e-02	5.65002e-03	4.67638	3.54225	4.36970e-05
4.32781e+04	1.66349e-02	5.69736e-03	2.67660	5.55400	4.36970e-05
4.33247e+04	1.66415e-02	8.72729e-03	2.21588	5.60118	4.36970e-05
4.33713e+04	1.66345e-02	1.35117e-03	2.10265	0.86977	4.36970e-05
4.34178e+04	1.66362e-02	6.74016e-03	2.68402	1.79665	4.36970e-05
4.34644e+04	1.66384e-02	7.04181e-03	1.99893	1.81785	4.36970e-05
4.35110e+04	1.66374e-02	1.28623e-03	5.48710	1.14614	4.36970e-05
4.35576e+04	1.66344e-02	4.39173e-03	2.07636	4.14572	4.36970e-05
4.36042e+04	1.66395e-02	6.68050e-03	0.16942	3.89740	4.36970e-05
4.36508e+04	1.66348e-02	3.41056e-03	3.12288	3.43992	4.36970e-05
4.36974e+04	1.66342e-02	3.04421e-03	6.04214	5.60913	4.36970e-05
4.37439e+04	1.66349e-02	6.71476e-03	4.95965	0.67953	4.36970e-05
4.37905e+04	1.66377e-02	4.74161e-03	4.78569	1.03894	4.36970e-05
4.38371e+04	1.66397e-02	4.96831e-03	4.70394	1.45833	4.36970e-05
4.38837e+04	1.66370e-02	3.91467e-03	4.70536	1.80466	4.36970e-05
4.39303e+04	1.66366e-02	5.47189e-03	6.00702	1.73159	4.36970e-05
4.39769e+04	1.66356e-02	5.35942e-03	5.88258	1.91877	4.36970e-05
4.40235e+04	1.66371e-02	5.93281e-03	5.87050	2.05817	4.36970e-05
4.40700e+04	1.66361e-02	3.47678e-03	3.21592	4.71958	4.36970e-05
4.41166e+04	1.66383e-02	6.39107e-03	5.48005	3.28665	4.36970e-05
4.41632e+04	1.66373e-02	8.25919e-03	3.96313	5.26077	4.36970e-05
4.42098e+04	1.66361e-02	2.01308e-03	0.68588	2.74119	4.36970e-05
4.42564e+04	1.66396e-02	7.64288e-03	4.30039	5.99363	4.36970e-05
4.43030e+04	1.66379e-02	5.85028e-03	3.00028	1.65120	4.36970e-05
4.43496e+04	1.66363e-02	3.20063e-03	5.56809	0.56076	4.36970e-05
4.43961e+04	1.66387e-02	7.14822e-03	5.58999	2.84704	4.36970e-05
4.44427e+04	1.66341e-02	2.13097e-03	3.89640	5.49351	4.36970e-05
4.44893e+04	1.66426e-02	8.33714e-03	1.16838	3.65501	4.36970e-05
4.45359e+04	1.66345e-02	6.97531e-03	6.13280	5.59287	4.36970e-05
4.45825e+04	1.66419e-02	1.43739e-03	3.15703	3.99682	4.36970e-05
4.46291e+04	1.66373e-02	5.72040e-03	3.32017	0.41412	4.36970e-05
4.46757e+04	1.66409e-02	3.81924e-03	2.24848	0.03548	4.36970e-05
4.47222e+04	1.66388e-02	8.22547e-04	0.75264	2.80667	4.36970e-05
4.47688e+04	1.66370e-02	8.69658e-03	1.21067	3.39725	4.36970e-05
4.48154e+04	1.66308e-02	4.25078e-03	2.80375	2.38586	4.36970e-05
4.48620e+04	1.66391e-02	2.38751e-03	5.73757	6.15182	4.36970e-05
4.49086e+04	1.66388e-02	7.20381e-03	1.00935	5.42760	4.36970e-05
4.49552e+04	1.66383e-02	7.17478e-03	4.67754	4.31282	4.36970e-05
4.50018e+04	1.66368e-02	4.37080e-03	3.51382	6.26158	4.36970e-05
4.50483e+04	1.66381e-02	7.85961e-03	0.49223	5.73970	4.36970e-05
4.50949e+04	1.66337e-02	4.93055e-03	1.15489	1.16532	4.36970e-05
4.51415e+04	1.66381e-02	7.68237e-03	2.27285	0.68367	4.36970e-05
4.51881e+04	1.66327e-02	3.30320e-03	3.45173	0.32692	4.36970e-05
4.52347e+04	1.66351e-02	6.00266e-03	1.87019	2.17498	4.36970e-05
4.52813e+04	1.66381e-02	3.39181e-03	1.03077	2.84755	4.36970e-05
4.53279e+04	1.66334e-02	7.83111e-03	0.97199	3.96099	4.36970e-05
4.53744e+04	1.66424e-02	9.02748e-03	3.88482	3.74319	4.36970e-05
4.54210e+04	1.66350e-02	5.27890e-03	3.68042	4.58896	4.36970e-05
4.54676e+04	1.66352e-02	9.10970e-03	4.83153	5.43123	4.36970e-05
4.55142e+04	1.66352e-02	4.85040e-03	0.98983	5.45755	4.36970e-05
4.55608e+04	1.66352e-02	7.99228e-03	1.53791	5.58490	4.36970e-05
4.56074e+04	1.66362e-02	1.08862e-02	1.61941	0.22486	4.36970e-05
4.56540e+04	1.66405e-02	8.73363e-03	0.49544	1.55892	4.36970e-05
4.57005e+04	1.66349e-02	4.18051e-03	2.22696	1.73050	4.36970e-05
4.57471e+04	1.66379e-02	6.58114e-03	5.68792	0.76253	4.36970e-05
4.57937e+04	1.66351e-02	7.23556e-03	5.91122	1.65344	4.36970e-05
4.58403e+04	1.66393e-02	3.93596e-03	6.16749	2.52286	4.36970e-05
4.58869e+04	1.66331e-02	6.59344e-03	2.32102	0.80672	4.36970e-05
4.59335e+04	1.66386e-02	7.24762e-03	3.31225	1.77831	4.36970e-05
4.59801e+04	1.66355e-02	7.78615e-03	4.19671	1.38035	4.36970e-05
4.60266e+04	1.66363e-02	2.43959e-03	3.16576	3.88394	4.36970e-05
4.60732e+04	1.66371e-02	9.51968e-03	4.43663	3.51573	4.36970e-05
4.61198e+04	1.66379e-02	3.21667e-03	2.07815	3.17118	4.36970e-05
4.61664e+04	1.66383e-02	4.31283e-03	1.32649	5.81693	4.36970e-05
4.62130e+04	1.66332e-02	7.77823e-03	2.18334	5.63299	4.36970e-05
4.62596e+04	1.66305e-02	6.64395e-03	1.10553	5.49447	4.36970e-05
4.63062e+04	1.66362e-02	2.72025e-03	1.38678	5.07908	4.36970e-05
4.63527e+04	1.66300e-02	5.12437e-03	4.81481	2.02450	4.36970e-05
4.63993e+04	1.66361e-02	9.95764e-03	3.82608	1.39190	4.36970e-05
4.64459e+04	1.66371e-02	3.34348e-03	4.66755	1.65211	4.36970e-05
4.64925e+04	1.66379e-02	1.01762e-02	0.46570	3.43745	4.36970e-05
4.65391e+04	1.66393e-02	2.34756e-03	1.67670	5.15084	4.36970e-05
4.65857e+04	1.66330e-02	1.08071e-02	2.54770	5.27061	4.36970e-05
