# t	a	e	mean_anomaly	varpi	mass/M_star
0.00000e+00	2.12462e-02	9.51043e-02	5.47847	2.19739	1.29620e-05
4.65857e+01	2.12558e-02	9.46406e-02	5.75612	5.15171	1.29620e-05
9.31714e+01	2.12545e-02	9.36954e-02	5.23743	1.61487	1.29620e-05
1.39757e+02	2.12584e-02	9.28488e-02	3.58098	4.12624	1.29620e-05
1.86343e+02	2.12501e-02	9.21158e-02	0.42125	0.09461	1.29620e-05
2.32928e+02	2.12497e-02	9.12155e-02	1.68385	2.05806	1.29620e-05
2.79514e+02	2.12510e-02	9.01777e-02	0.72429	3.70893	1.29620e-05
3.26100e+02	2.12617e-02	8.90213e-02	3.47828	5.00860	1.29620e-05
3.72685e+02	2.12535e-02	8.81866e-02	3.31614	5.93349	1.29620e-05
4.19271e+02	2.12594e-02	8.69431e-02	6.22075	0.15755	1.29620e-05
4.65857e+02	2.12668e-02	8.56701e-02	5.51728	0.20977	1.29620e-05
5.12442e+02	2.12607e-02	8.42976e-02	0.92663	6.04824	1.29620e-05
5.59028e+02	2.12630e-02	8.29425e-02	4.69241	5.06471	1.29620e-05
6.05614e+02	2.12675e-02	8.14419e-02	3.97225	3.47900	1.29620e-05
6.52199e+02	2.12801e-02	8.01267e-02	4.74840	1.24408	1.29620e-05
6.98785e+02	2.12832e-02	7.85204e-02	0.46204	4.58489	1.29620e-05
7.45371e+02	2.12845e-02	7.65941e-02	3.43761	0.85328	1.29620e-05
7.91956e+02	2.12774e-02	7.48827e-02	0.85882	2.54087	1.29620e-05
8.38542e+02	2.12929e-02	7.33905e-02	5.09946	3.26920	1.29620e-05
8.85128e+02	2.12824e-02	7.12656e-02	3.32191	2.94464	1.29620e-05
9.31713e+02	2.12895e-02	6.92548e-02	1.65890	1.44299	1.29620e-05
9.78299e+02	2.12963e-02	6.71854e-02	6.23389	4.91196	1.29620e-05
1.02488e+03	2.12984e-02	6.49587e-02	4.34635	0.63018	1.29620e-05
1.07147e+03	2.13059e-02	6.27364e-02	2.17669	0.96964	1.29620e-05
1.11806e+03	2.13104e-02	6.03360e-02	5.95374	5.71341	1.29620e-05
1.16464e+03	2.13179e-02	5.78289e-02	3.08523	2.02679	1.29620e-05
1.21123e+03	2.13179e-02	5.53041e-02	6.17281	2.16022	1.29620e-05
1.25781e+03	2.13256e-02	5.26039e-02	2.78715	5.71304	1.29620e-05
1.30440e+03	2.13277e-02	4.96955e-02	5.63811	5.90974	1.29620e-05
1.35098e+03	2.13399e-02	4.66089e-02	2.48300	2.13327	1.29620e-05
1.39757e+03	2.13430e-02	4.38021e-02	0.06201	6.15920	1.29620e-05
1.44416e+03	2.13515e-02	4.07670e-02	5.30240	4.38922	1.29620e-05
1.49074e+03	2.13597e-02	3.73260e-02	0.26383	1.76264	1.29620e-05
1.53733e+03	2.13636e-02	3.38848e-02	5.07964	2.74932	1.29620e-05
1.58391e+03	2.13690e-02	3.00151e-02	2.60037	5.00260	1.29620e-05
1.63050e+03	2.13710e-02	2.66328e-02	1.48900	5.36151	1.29620e-05
1.67708e+03	2.13786e-02	2.33154e-02	4.75883	6.21431	1.29620e-05
1.72367e+03	2.13846e-02	2.01438e-02	3.07124	3.35439	1.29620e-05
1.77026e+03	2.13990e-02	1.78090e-02	6.04812	5.34178	1.29620e-05
1.81684e+03	2.13957e-02	1.54460e-02	3.71886	3.09407	1.29620e-05
1.86343e+03	2.14087e-02	1.37310e-02	3.74976	1.88076	1.29620e-05
1.91001e+03	2.14174e-02	1.26091e-02	0.14865	2.24996	1.29620e-05
1.95660e+03	2.14296e-02	1.16491e-02	5.22841	5.54508	1.29620e-05
2.00318e+03	2.14260e-02	1.06823e-02	5.41845	1.33652	1.29620e-05
2.04977e+03	2.14341e-02	1.00177e-02	0.08526	3.90197	1.29620e-05
2.09636e+03	2.14453e-02	9.67814e-03	0.78493	2.66769	1.29620e-05
2.14294e+03	2.14417e-02	8.88797e-03	0.47975	5.44322	1.29620e-05
2.18953e+03	2.14466e-02	8.67169e-03	4.68766	1.14693	1.29620e-05
2.23611e+03	2.14624e-02	8.48428e-03	0.32405	3.44218	1.29620e-05
2.28270e+03	2.14644e-02	8.12963e-03	5.71633	0.76101	1.29620e-05
2.32928e+03	2.14584e-02	7.70350e-03	1.61546	0.17545	1.29620e-05
2.37587e+03	2.14696e-02	7.62949e-03	0.14235	2.45206	1.29620e-05
2.42245e+03	2.14698e-02	7.40758e-03	1.08596	1.77887	1.29620e-05
2.46904e+03	2.14699e-02	7.12025e-03	4.38217	4.74470	1.29620e-05
2.51563e+03	2.14727e-02	6.82169e-03	3.29036	5.64093	1.29620e-05
2.56221e+03	2.14845e-02	6.69672e-03	4.14897	4.58150	1.29620e-05
2.60880e+03	2.14824e-02	6.63488e-03	0.26297	2.09320	1.29620e-05
2.65538e+03	2.14904e-02	6.51238e-03	4.57814	4.17743	1.29620e-05
2.70197e+03	2.14916e-02	6.08135e-03	3.99729	5.15643	1.29620e-05
2.74855e+03	2.14873e-02	6.09371e-03	4.77391	5.12472	1.29620e-05
2.79514e+03	2.14967e-02	6.03985e-03	0.81029	3.94978	1.29620e-05
2.84173e+03	2.14960e-02	5.72006e-03	4.57563	1.77349	1.29620e-05
2.88831e+03	2.14984e-02	5.69172e-03	3.46313	4.98265	1.29620e-05
2.93490e+03	2.14993e-02	5.67938e-03	3.58618	1.15696	1.29620e-05
2.98148e+03	2.15020e-02	5.47043e-03	4.88186	2.97866	1.29620e-05
3.02807e+03	2.15158e-02	5.73567e-03	1.23862	4.01506	1.29620e-05
3.07465e+03	2.15139e-02	5.21242e-03	5.23458	4.27523	1.29620e-05
3.12124e+03	2.15130e-02	5.30570e-03	4.23044	3.84785	1.29620e-05
3.16783e+03	2.15162e-02	5.17301e-03	4.36654	2.88944	1.29620e-05
3.21441e+03	2.15231e-02	5.01270e-03	5.53909	1.51627	1.29620e-05
3.26100e+03	2.15301e-02	5.00036e-03	1.69812	5.79111	1.29620e-05
3.30758e+03	2.15222e-02	4.85703e-03	5.48799	3.10833	1.29620e-05
3.35417e+03	2.15277e-02	4.87072e-03	4.28546	6.04480	1.29620e-05
3.40075e+03	2.15364e-02	4.60031e-03	4.10258	2.34037	1.29620e-05
3.44734e+03	2.15362e-02	4.59039e-03	4.91913	4.59028	1.29620e-05
3.49393e+03	2.15409e-02	4.69383e-03	0.70563	6.26605	1.29620e-05
3.54051e+03	2.15398e-02	4.44956e-03	4.05948	1.06084	1.29620e-05
3.58710e+03	2.15423e-02	4.32324e-03	2.18782	1.77188	1.29620e-05
3.63368e+03	2.15476e-02	4.35815e-03	1.47904	2.02030	1.29620e-05
3.68027e+03	2.15477e-02	4.35211e-03	1.96943	1.80273	1.29620e-05
3.72685e+03	2.15444e-02	4.18357e-03	3.56268	1.16509	1.29620e-05
3.77344e+03	2.15597e-02	4.44503e-03	0.03773	0.07991	1.29620e-05
3.82002e+03	2.15512e-02	4.01550e-03	3.66185	5.13427	1.29620e-05
3.86661e+03	2.15591e-02	4.05827e-03	2.33537	3.30040	1.29620e-05
3.91320e+03	2.15627e-02	3.87874e-03	2.10204	1.10562	1.29620e-05
3.95978e+03	2.15625e-02	3.97176e-03	2.89518	4.90838	1.29620e-05
4.00637e+03	2.15664e-02	3.83069e-03	4.89098	1.96843	1.29620e-05
4.05295e+03	2.15728e-02	3.81275e-03	1.66994	5.01946	1.29620e-05
4.09954e+03	2.15787e-02	3.90520e-03	5.87113	1.37620	1.29620e-05
4.14612e+03	2.15855e-02	4.00967e-03	4.95211	3.61208	1.29620e-05
4.19271e+03	2.15813e-02	3.77197e-03	5.01459	5.62856	1.29620e-05
4.23930e+03	2.15808e-02	3.55950e-03	5.96208	1.24430	1.29620e-05
4.28588e+03	2.15925e-02	3.56665e-03	1.63355	2.90918	1.29620e-05
4.33247e+03	2.15914e-02	3.40111e-03	5.04073	3.89944	1.29620e-05
4.37905e+03	2.15893e-02	3.34769e-03	2.99426	4.84228	1.29620e-05
4.42564e+03	2.16017e-02	3.31487e-03	1.96220	5.55576	1.29620e-05
4.47222e+03	2.15942e-02	3.31761e-03	2.28531	5.73386	1.29620e-05
4.51881e+03	2.15994e-02	3.21406e-03	3.33893	5.94920	1.29620e-05
4.56540e+03	2.16082e-02	3.58085e-03	5.62989	5.72685	1.29620e-05
4.61198e+03	2.16052e-02	3.26999e-03	2.41868	5.52709	1.29620e-05
4.65857e+03	2.16133e-02	3.47680e-03	0.50425	4.83958	1.29620e-05
4.70515e+03	2.16084e-02	3.16384e-03	5.66223	4.17544	1.29620e-05
4.75174e+03	2.16116e-02	3.08237e-03	5.58192	3.28406	1.29620e-05
4.79832e+03	2.16219e-02	3.25224e-03	0.50573	1.92709	1.29620e-05
4.84491e+03	2.16207e-02	3.15409e-03	2.45629	0.67895	1.29620e-05
4.89150e+03	2.16310e-02	3.31969e-03	5.51858	5.40630	1.29620e-05
4.93808e+03	2.16248e-02	2.88474e-03	3.11538	3.86530	1.29620e-05
4.98467e+03	2.16271e-02	2.83530e-03	2.03169	1.84318	1.29620e-05
5.03125e+03	2.16388e-02	3.20657e-03	1.37095	0.24082	1.29620e-05
5.07784e+03	2.16398e-02	2.75163e-03	2.04835	4.43077	1.29620e-05
5.12442e+03	2.16321e-02	2.85752e-03	3.99298	1.92093	1.29620e-05
5.17101e+03	2.16461e-02	3.04963e-03	0.23587	5.96725	1.29620e-05
5.21759e+03	2.16420e-02	2.73387e-03	4.00586	3.37345	1.29620e-05
5.26418e+03	2.16516e-02	2.76204e-03	1.96519	1.14216	1.29620e-05
5.31077e+03	2.16498e-02	2.85170e-03	1.19417	4.79164	1.29620e-05
5.35735e+03	2.16524e-02	2.55369e-03	1.68707	1.76549	1.29620e-05
5.40394e+03	2.16475e-02	2.83845e-03	2.65670	5.42115	1.29620e-05
5.45052e+03	2.16655e-02	2.72986e-03	4.90222	2.39721	1.29620e-05
5.49711e+03	2.16616e-02	2.66918e-03	1.49271	5.90957	1.29620e-05
5.54369e+03	2.16657e-02	2.72188e-03	5.55713	2.83610	1.29620e-05
5.59028e+03	2.16618e-02	2.66460e-03	3.92564	0.09301	1.29620e-05
5.63687e+03	2.16677e-02	2.53751e-03	3.50073	3.29466	1.29620e-05
5.68345e+03	2.16755e-02	2.37211e-03	4.07454	0.11391	1.29620e-05
5.73004e+03	2.16817e-02	2.91693e-03	5.24547	3.52190	1.29620e-05
5.77662e+03	2.16838e-02	2.75946e-03	0.89181	0.79312	1.29620e-05
5.82321e+03	2.16868e-02	2.49762e-03	4.31876	3.76331	1.29620e-05
5.86979e+03	2.16833e-02	2.44935e-03	1.70756	1.11679	1.29620e-05
5.91638e+03	2.16869e-02	2.36677e-03	0.51548	4.25551	1.29620e-05
5.96297e+03	2.16935e-02	2.75503e-03	0.01749	1.33824	1.29620e-05
6.00955e+03	2.16966e-02	2.46586e-03	0.15952	5.01640	1.29620e-05
6.05614e+03	2.17024e-02	2.49818e-03	1.31629	2.29957	1.29620e-05
6.10272e+03	2.16909e-02	2.57968e-03	3.46193	5.81244	1.29620e-05
6.14931e+03	2.17003e-02	2.39719e-03	0.13471	3.16788	1.29620e-05
6.19589e+03	2.17026e-02	2.35174e-03	3.99690	0.55934	1.29620e-05
6.24248e+03	2.17108e-02	2.15273e-03	2.19471	4.55868	1.29620e-05
6.28907e+03	2.17099e-02	2.25872e-03	1.38440	2.23280	1.29620e-05
6.33565e+03	2.17119e-02	2.13230e-03	1.57595	6.14228	1.29620e-05
6.38224e+03	2.17082e-02	2.24326e-03	2.61626	3.90157	1.29620e-05
6.42882e+03	2.17224e-02	2.23788e-03	4.44526	1.80649	1.29620e-05
6.47541e+03	2.17236e-02	2.45418e-03	0.35341	0.31202	1.29620e-05
6.52199e+03	2.17213e-02	2.26942e-03	3.79857	4.81538	1.29620e-05
6.56858e+03	2.17249e-02	2.02462e-03	1.45529	3.51132	1.29620e-05
6.61516e+03	2.17262e-02	2.11452e-03	0.33934	1.95528	1.29620e-05
6.66175e+03	2.17350e-02	2.26043e-03	5.96248	0.92184	1.29620e-05
6.70834e+03	2.17385e-02	2.31643e-03	6.08254	0.09122	1.29620e-05
6.75492e+03	2.17327e-02	2.06180e-03	1.17307	5.30342	1.29620e-05
6.80151e+03	2.17328e-02	2.19287e-03	2.90343	4.83845	1.29620e-05
6.84809e+03	2.17477e-02	2.09147e-03	5.59905	4.40244	1.29620e-05
6.89468e+03	2.17381e-02	2.09112e-03	2.52708	4.44693	1.29620e-05
6.94126e+03	2.17482e-02	2.02590e-03	0.55025	4.39717	1.29620e-05
6.98785e+03	2.17535e-02	2.14133e-03	5.35880	4.84991	1.29620e-05
7.03444e+03	2.17540e-02	1.92544e-03	4.77008	5.42502	1.29620e-05
7.08102e+03	2.17643e-02	2.09417e-03	5.07558	6.11893	1.29620e-05
7.12761e+03	2.17632e-02	2.26188e-03	5.93450	1.01638	1.29620e-05
7.17419e+03	2.17680e-02	2.23686e-03	0.92273	2.77650	1.29620e-05
7.22078e+03	2.17615e-02	1.96534e-03	3.74556	4.00957	1.29620e-05
7.26736e+03	2.17755e-02	2.11987e-03	0.25592	0.01321	1.29620e-05
7.31395e+03	2.17690e-02	1.98244e-03	4.41841	1.96253	1.29620e-05
7.36054e+03	2.17769e-02	1.72463e-03	2.14823	5.09285	1.29620e-05
7.40712e+03	2.17761e-02	1.88257e-03	1.30875	1.54763	1.29620e-05
7.45371e+03	2.17758e-02	1.76964e-03	1.24194	4.55206	1.29620e-05
7.50029e+03	2.17817e-02	1.90250e-03	1.21375	2.27927	1.29620e-05
7.54688e+03	2.17817e-02	1.90980e-03	2.34976	6.20002	1.29620e-05
7.59346e+03	2.17843e-02	1.93064e-03	4.43765	3.91024	1.29620e-05
7.64005e+03	2.17969e-02	2.03607e-03	0.37350	2.54308	1.29620e-05
7.68664e+03	2.17853e-02	1.93363e-03	3.68338	1.14390	1.29620e-05
7.73322e+03	2.17966e-02	1.99021e-03	0.92275	0.59334	1.29620e-05
7.77981e+03	2.17945e-02	1.83241e-03	5.54749	0.00612	1.29620e-05
7.82639e+03	2.18079e-02	1.78499e-03	4.78709	5.87367	1.29620e-05
7.87298e+03	2.18098e-02	1.64547e-03	4.30709	6.24798	1.29620e-05
7.91956e+03	2.18051e-02	1.89042e-03	4.21257	1.05619	1.29620e-05
7.96615e+03	2.18122e-02	1.62787e-03	5.05925	2.25919	1.29620e-05
8.01273e+03	2.18161e-02	1.94017e-03	0.25477	3.91263	1.29620e-05
8.05932e+03	2.18088e-02	1.71885e-03	2.38268	6.00308	1.29620e-05
8.10591e+03	2.18238e-02	2.05720e-03	5.38713	2.02342	1.29620e-05
8.15249e+03	2.18160e-02	1.56345e-03	2.36483	5.16232	1.29620e-05
8.19908e+03	2.18277e-02	1.96207e-03	0.11893	2.33927	1.29620e-05
8.24566e+03	2.18242e-02	1.57678e-03	4.34063	0.43132	1.29620e-05
8.29225e+03	2.18274e-02	1.65391e-03	3.34068	4.87515	1.29620e-05
8.33883e+03	2.18278e-02	1.66560e-03	2.94192	3.51319	1.29620e-05
8.38542e+03	2.18305e-02	1.66184e-03	2.89722	2.90907	1.29620e-05
8.43201e+03	2.18359e-02	1.54687e-03	3.72748	2.54322	1.29620e-05
8.47859e+03	2.18409e-02	1.51834e-03	5.17372	2.67699	1.29620e-05
8.52518e+03	2.18481e-02	1.71349e-03	0.72357	3.54526	1.29620e-05
8.57176e+03	2.18369e-02	1.70016e-03	3.26206	4.83144	1.29620e-05
8.61835e+03	2.18481e-02	1.75939e-03	6.13199	0.63080	1.29620e-05
8.66493e+03	2.18440e-02	1.71142e-03	3.40193	3.15953	1.29620e-05
8.71152e+03	2.18542e-02	1.53829e-03	1.26014	6.26131	1.29620e-05
8.75811e+03	2.18605e-02	1.84600e-03	6.01539	3.57560	1.29620e-05
8.80469e+03	2.18546e-02	1.60011e-03	4.97537	1.54298	1.29620e-05
8.85128e+03	2.18690e-02	1.73525e-03	4.78499	6.08851	1.29620e-05
8.89786e+03	2.18709e-02	1.77198e-03	4.97232	5.11949	1.29620e-05
8.94445e+03	2.18627e-02	1.54364e-03	5.15367	5.30636	1.29620e-05
8.99103e+03	2.18747e-02	1.74092e-03	6.03958	5.94324	1.29620e-05
9.03762e+03	2.18731e-02	1.50863e-03	1.58694	0.50976	1.29620e-05
9.08421e+03	2.18698e-02	1.59539e-03	3.67425	2.28938	1.29620e-05
9.13079e+03	2.18811e-02	1.56625e-03	0.18408	4.50091	1.29620e-05
9.17738e+03	2.18728e-02	1.60381e-03	3.07014	1.50309	1.29620e-05
9.22396e+03	2.18899e-02	1.48636e-03	0.69604	4.93540	1.29620e-05
9.27055e+03	2.18868e-02	1.37640e-03	4.69594	3.16776	1.29620e-05
9.31713e+03	2.18891e-02	1.41548e-03	3.05738	1.93259	1.29620e-05
9.36372e+03	2.18913e-02	1.53091e-03	1.50240	1.79346	1.29620e-05
9.41030e+03	2.18968e-02	1.62585e-03	0.97001	1.81586	1.29620e-05
9.45689e+03	2.18935e-02	1.45877e-03	1.18553	2.30436	1.29620e-05
9.50348e+03	2.19018e-02	1.44293e-03	0.99870	4.35823	1.29620e-05
9.55006e+03	2.19101e-02	1.47758e-03	1.52644	0.60652	1.29620e-05
9.59665e+03	2.19051e-02	1.40456e-03	2.99037	3.39992	1.29620e-05
9.64323e+03	2.19076e-02	1.31042e-03	4.40168	1.16232	1.29620e-05
9.68982e+03	2.19122e-02	1.60884e-03	0.12628	5.81278	1.29620e-05
9.73640e+03	2.19128e-02	1.24699e-03	2.65763	4.86366	1.29620e-05
9.78299e+03	2.19126e-02	1.24435e-03	5.59577	4.71625	1.29620e-05
9.82958e+03	2.19123e-02	1.57881e-03	2.85263	5.20799	1.29620e-05
9.87616e+03	2.19220e-02	1.37314e-03	0.16500	0.55005	1.29620e-05
9.92275e+03	2.19232e-02	1.43635e-03	4.16588	2.98969	1.29620e-05
9.96933e+03	2.19311e-02	1.30902e-03	2.00617	0.24474	1.29620e-05
1.00159e+04	2.19333e-02	1.31762e-03	0.91608	3.93989	1.29620e-05
1.00625e+04	2.19374e-02	1.53926e-03	0.18171	2.22666	1.29620e-05
1.01091e+04	2.19403e-02	1.64439e-03	6.03482	1.43989	1.29620e-05
1.01557e+04	2.19454e-02	1.49845e-03	5.74674	1.74584	1.29620e-05
1.02023e+04	2.19387e-02	1.27314e-03	5.73828	3.01037	1.29620e-05
1.02488e+04	2.19414e-02	1.38371e-03	0.38433	4.60640	1.29620e-05
1.02954e+04	2.19437e-02	1.30044e-03	1.40984	1.04014	1.29620e-05
1.03420e+04	2.19528e-02	1.20663e-03	2.01710	5.42408	1.29620e-05
1.03886e+04	2.19584e-02	1.08575e-03	4.38762	3.01349	1.29620e-05
1.04352e+04	2.19596e-02	1.59713e-03	6.09239	2.52050	1.29620e-05
1.04818e+04	2.19565e-02	1.28079e-03	2.22167	2.57763	1.29620e-05
1.05284e+04	2.19561e-02	1.16956e-03	4.91634	3.61512	1.29620e-05
1.05749e+04	2.19628e-02	1.38850e-03	1.39402	5.84820	1.29620e-05
1.06215e+04	2.19679e-02	1.37909e-03	4.99864	2.24846	1.29620e-05
1.06681e+04	2.19667e-02	1.37861e-03	2.00207	0.21005	1.29620e-05
1.07147e+04	2.19714e-02	1.42287e-03	0.07475	4.65825	1.29620e-05
1.07613e+04	2.19803e-02	1.50425e-03	4.94308	3.58864	1.29620e-05
1.08079e+04	2.19751e-02	1.22421e-03	2.61614	4.70760	1.29620e-05
1.08545e+04	2.19764e-02	1.27463e-03	1.55683	5.84346	1.29620e-05
1.09010e+04	2.19902e-02	1.28885e-03	0.38769	2.09092	1.29620e-05
1.09476e+04	2.19811e-02	1.09890e-03	5.77005	5.64176	1.29620e-05
1.09942e+04	2.19851e-02	1.05181e-03	4.99141	4.10645	1.29620e-05
1.10408e+04	2.19926e-02	1.06825e-03	5.14160	2.91022	1.29620e-05
1.10874e+04	2.19997e-02	1.56071e-03	5.36836	2.93479	1.29620e-05
1.11340e+04	2.19999e-02	1.04948e-03	5.25380	4.60202	1.29620e-05
1.11806e+04	2.20054e-02	1.41405e-03	5.69507	0.73484	1.29620e-05
1.12271e+04	2.19988e-02	1.24731e-03	0.42105	3.89013	1.29620e-05
1.12737e+04	2.20061e-02	1.08850e-03	1.35036	2.15169	1.29620e-05
1.13203e+04	2.20096e-02	1.01434e-03	2.48823	1.51785	1.29620e-05
1.13669e+04	2.20092e-02	1.26555e-03	4.45373	1.40141	1.29620e-05
1.14135e+04	2.20157e-02	1.39942e-03	5.83149	3.16383	1.29620e-05
1.14601e+04	2.20224e-02	1.33295e-03	1.13002	6.04540	1.29620e-05
1.15067e+04	2.20166e-02	9.84302e-04	3.66934	3.01348	1.29620e-05
1.15532e+04	2.20182e-02	1.10597e-03	5.91155	1.60545	1.29620e-05
1.15998e+04	2.20168e-02	1.14252e-03	2.30185	1.09928	1.29620e-05
1.16464e+04	2.20210e-02	1.20271e-03	5.24219	1.66035	1.29620e-05
1.16930e+04	2.20261e-02	1.04417e-03	2.01314	3.44537	1.29620e-05
1.17396e+04	2.20265e-02	1.02989e-03	5.10222	0.25382	1.29620e-05
1.17862e+04	2.20289e-02	1.00252e-03	2.18820	4.43648	1.29620e-05
1.18328e+04	2.20329e-02	1.05506e-03	5.42888	3.78424	1.29620e-05
1.18793e+04	2.20378e-02	1.14816e-03	2.94581	3.92290	1.29620e-05
1.19259e+04	2.20463e-02	1.30922e-03	0.63695	5.23994	1.29620e-05
1.19725e+04	2.20443e-02	1.08286e-03	5.02782	1.21446	1.29620e-05
1.20191e+04	2.20500e-02	1.07049e-03	2.56408	5.40220	1.29620e-05
1.20657e+04	2.20564e-02	1.30643e-03	0.67235	4.09697	1.29620e-05
1.21123e+04	2.20564e-02	1.02732e-03	5.52114	3.70145	1.29620e-05
1.21589e+04	2.20571e-02	1.00388e-03	4.01791	4.76772	1.29620e-05
1.22054e+04	2.20540e-02	9.95766e-04	1.93320	1.47745	1.29620e-05
1.22520e+04	2.20635e-02	1.09575e-03	0.55008	5.14348	1.29620e-05
1.22986e+04	2.20696e-02	1.06945e-03	5.50467	3.84885	1.29620e-05
1.23452e+04	2.20639e-02	1.26152e-03	4.40042	3.71024	1.29620e-05
1.23918e+04	2.20699e-02	8.94518e-04	3.62030	4.63144	1.29620e-05
1.24384e+04	2.20695e-02	1.12906e-03	2.16160	1.33365	1.29620e-05
1.24850e+04	2.20715e-02	1.27690e-03	1.80711	4.60488	1.29620e-05
1.25315e+04	2.20798e-02	1.19806e-03	1.03995	3.42439	1.29620e-05
1.25781e+04	2.20800e-02	1.12485e-03	6.26899	3.89962	1.29620e-05
1.26247e+04	2.20791e-02	1.08776e-03	5.94855	5.03993	1.29620e-05
1.26713e+04	2.20873e-02	1.24647e-03	5.73683	1.19027	1.29620e-05
1.27179e+04	2.20951e-02	1.33727e-03	5.19741	5.35536	1.29620e-05
1.27645e+04	2.20886e-02	1.02531e-03	4.63181	4.66986	1.29620e-05
1.28111e+04	2.20889e-02	9.25324e-04	4.37485	5.08689	1.29620e-05
1.28576e+04	2.21015e-02	1.01957e-03	4.32115	0.43185	1.29620e-05
1.29042e+04	2.20963e-02	1.07361e-03	4.11952	3.64971	1.29620e-05
1.29508e+04	2.21000e-02	1.02218e-03	3.71683	2.17813	1.29620e-05
1.29974e+04	2.21038e-02	1.11904e-03	3.51475	1.92898	1.29620e-05
1.30440e+04	2.21032e-02	8.53692e-04	3.57283	2.84480	1.29620e-05
1.30906e+04	2.21065e-02	8.54768e-04	3.43130	5.38830	1.29620e-05
1.31372e+04	2.21047e-02	1.21749e-03	3.17701	3.19303	1.29620e-05
1.31837e+04	2.21063e-02	1.04280e-03	3.23731	2.11689	1.29620e-05
1.32303e+04	2.21140e-02	9.62303e-04	2.93861	2.83671	1.29620e-05
1.32769e+04	2.21202e-02	7.99069e-04	2.81577	4.82205	1.29620e-05
1.33235e+04	2.21214e-02	8.39326e-04	3.15347	1.53269	1.29620e-05
1.33701e+04	2.21242e-02	8.01714e-04	3.02704	0.12684	1.29620e-05
1.34167e+04	2.21303e-02	8.80862e-04	2.43498	0.63594	1.29620e-05
1.34633e+04	2.21283e-02	8.25496e-04	2.57267	1.86725	1.29620e-05
1.35098e+04	2.21268e-02	1.05947e-03	2.86782	4.39671	1.29620e-05
1.35564e+04	2.21313e-02	1.09254e-03	2.58276	2.68109	1.29620e-05
1.36030e+04	2.21377e-02	7.76643e-04	1.94215	2.78087	1.29620e-05
1.36496e+04	2.21480e-02	9.78872e-04	1.51500	4.13145	1.29620e-05
1.36962e+04	2.21411e-02	1.04510e-03	1.69796	0.08362	1.29620e-05
1.37428e+04	2.21433e-02	8.64902e-04	1.54972	4.09168	1.29620e-05
1.37894e+04	2.21561e-02	1.17926e-03	0.67583	4.01549	1.29620e-05
1.38359e+04	2.21561e-02	1.10201e-03	0.24245	4.97493	1.29620e-05
1.38825e+04	2.21629e-02	1.14586e-03	0.19041	0.74902	1.29620e-05
1.39291e+04	2.21629e-02	1.02994e-03	5.93147	4.77747	1.29620e-05
1.39757e+04	2.21602e-02	7.76663e-04	5.11551	4.27985	1.29620e-05
1.40223e+04	2.21612e-02	9.99412e-04	3.95033	5.62113	1.29620e-05
1.40689e+04	2.21633e-02	7.84903e-04	2.91477	2.06474	1.29620e-05
1.41155e+04	2.21666e-02	8.17383e-04	1.99415	6.14283	1.29620e-05
1.41620e+04	2.21659e-02	1.00452e-03	1.20438	5.30593	1.29620e-05
1.42086e+04	2.21778e-02	1.11135e-03	0.16415	6.21754	1.29620e-05
1.42552e+04	2.21730e-02	8.69629e-04	4.77245	2.98266	1.29620e-05
1.43018e+04	2.21786e-02	9.47967e-04	3.74921	0.60106	1.29620e-05
1.43484e+04	2.21880e-02	8.98714e-04	1.52819	0.92512	1.29620e-05
1.43950e+04	2.21878e-02	1.20864e-03	0.09292	1.97554	1.29620e-05
1.44416e+04	2.21871e-02	1.09607e-03	5.36733	4.13976	1.29620e-05
1.44881e+04	2.21878e-02	8.05876e-04	3.17404	2.69466	1.29620e-05
1.45347e+04	2.21947e-02	9.34730e-04	1.06335	2.68801	1.29620e-05
1.45813e+04	2.22026e-02	1.12245e-03	5.25622	4.18395	1.29620e-05
1.46279e+04	2.21903e-02	9.91279e-04	2.40442	1.68245	1.29620e-05
1.46745e+04	2.22081e-02	1.16152e-03	0.16444	0.09835	1.29620e-05
1.47211e+04	2.21958e-02	1.02742e-03	3.50790	0.74562	1.29620e-05
1.47677e+04	2.22014e-02	9.82742e-04	0.94123	2.55469	1.29620e-05
1.48142e+04	2.22024e-02	1.08197e-03	3.70669	0.56863	1.29620e-05
1.48608e+04	2.22161e-02	9.19254e-04	0.80915	5.81225	1.29620e-05
1.49074e+04	2.22051e-02	1.03627e-03	3.13971	1.06201	1.29620e-05
1.49540e+04	2.22198e-02	8.68412e-04	6.17785	3.43335	1.29620e-05
1.50006e+04	2.22143e-02	9.19432e-04	2.34333	1.65961	1.29620e-05
1.50472e+04	2.22203e-02	1.03627e-03	4.98190	1.24893	1.29620e-05
1.50938e+04	2.22281e-02	1.10883e-03	0.38992	3.34000	1.29620e-05
1.51403e+04	2.22252e-02	9.47799e-04	1.39699	1.38959	1.29620e-05
1.51869e+04	2.22275e-02	9.50631e-04	3.76131	5.92725	1.29620e-05
1.52335e+04	2.22278e-02	8.87123e-04	4.82748	0.78517	1.29620e-05
1.52801e+04	2.22356e-02	8.60917e-04	6.00606	3.35516	1.29620e-05
1.53267e+04	2.22396e-02	1.02508e-03	0.67213	1.44105	1.29620e-05
1.53733e+04	2.22350e-02	7.55429e-04	1.37593	1.34419	1.29620e-05
1.54199e+04	2.22422e-02	8.10888e-04	1.65358	3.24870	1.29620e-05
1.54664e+04	2.22439e-02	1.01202e-03	1.46493	0.91540	1.29620e-05
1.55130e+04	2.22442e-02	8.57276e-04	1.80229	5.92096	1.29620e-05
1.55596e+04	2.22512e-02	6.79608e-04	1.47227	0.61111	1.29620e-05
1.56062e+04	2.22570e-02	1.11406e-03	0.34769	3.99151	1.29620e-05
1.56528e+04	2.22536e-02	9.10149e-04	5.83746	2.32276	1.29620e-05
1.56994e+04	2.22602e-02	8.50306e-04	5.32634	1.96468	1.29620e-05
1.57460e+04	2.22627e-02	7.39275e-04	3.68599	4.33090	1.29620e-05
1.57925e+04	2.22621e-02	8.50630e-04	1.83525	2.22277	1.29620e-05
1.58391e+04	2.22701e-02	1.10855e-03	6.22413	1.76057	1.29620e-05
1.58857e+04	2.22611e-02	8.99385e-04	3.64650	3.58545	1.29620e-05
1.59323e+04	2.22681e-02	7.02913e-04	1.33263	0.47129	1.29620e-05
1.59789e+04	2.22703e-02	7.80273e-04	4.43327	6.14580	1.29620e-05
1.60255e+04	2.22783e-02	7.96205e-04	0.79496	1.29687	1.29620e-05
1.60721e+04	2.22731e-02	9.23914e-04	3.62609	4.16068	1.29620e-05
1.61186e+04	2.22818e-02	8.83567e-04	6.10656	2.71200	1.29620e-05
1.61652e+04	2.22823e-02	7.11983e-04	2.18640	3.00125	1.29620e-05
1.62118e+04	2.22844e-02	7.10068e-04	3.57777	5.88882	1.29620e-05
1.62584e+04	2.22912e-02	7.79855e-04	5.12593	3.96371	1.29620e-05
1.63050e+04	2.22959e-02	9.59524e-04	5.99403	4.34815	1.29620e-05
1.63516e+04	2.22987e-02	8.65867e-04	0.19300	0.46926	1.29620e-05
1.63982e+04	2.22956e-02	7.17504e-04	1.03841	4.17381	1.29620e-05
1.64447e+04	2.22963e-02	7.60975e-04	0.95071	4.14186	1.29620e-05
1.64913e+04	2.23059e-02	8.01818e-04	0.09581	0.23548	1.29620e-05
1.65379e+04	2.23111e-02	8.34062e-04	5.61755	4.16509	1.29620e-05
1.65845e+04	2.23072e-02	8.38193e-04	5.10675	3.20882	1.29620e-05
1.66311e+04	2.23093e-02	6.23007e-04	2.71173	5.78703	1.29620e-05
1.66777e+04	2.23149e-02	8.35563e-04	0.87340	3.17983	1.29620e-05
1.67243e+04	2.23236e-02	8.91450e-04	5.47437	2.07391	1.29620e-05
1.67708e+04	2.23134e-02	9.33535e-04	2.57148	3.87297	1.29620e-05
1.68174e+04	2.23236e-02	1.04035e-03	6.04112	0.93721	1.29620e-05
1.68640e+04	2.23206e-02	7.89654e-04	2.28829	0.60606	1.29620e-05
1.69106e+04	2.23330e-02	7.36336e-04	4.91176	1.85113	1.29620e-05
1.69572e+04	2.23332e-02	1.05321e-03	0.12359	5.89459	1.29620e-05
1.70038e+04	2.23380e-02	1.05102e-03	0.94765	6.00017	1.29620e-05
1.70504e+04	2.23356e-02	4.52840e-04	2.57466	0.69750	1.29620e-05
1.70969e+04	2.23286e-02	8.95110e-04	3.08950	4.47096	1.29620e-05
1.71435e+04	2.23383e-02	7.14681e-04	3.55990	3.71391	1.29620e-05
1.71901e+04	2.23427e-02	5.35022e-04	4.12696	4.51954	1.29620e-05
1.72367e+04	2.23415e-02	7.01582e-04	2.33095	3.09373	1.29620e-05
1.72833e+04	2.23438e-02	8.35524e-04	1.66416	2.23086	1.29620e-05
1.73299e+04	2.23568e-02	8.17862e-04	0.48887	3.57095	1.29620e-05
1.73765e+04	2.23495e-02	8.11585e-04	4.41625	1.50615	1.29620e-05
1.74230e+04	2.23537e-02	8.80943e-04	2.14389	1.05773	1.29620e-05
1.74696e+04	2.23532e-02	7.34800e-04	5.12046	3.34659	1.29620e-05
1.75162e+04	2.23555e-02	6.21106e-04	2.58141	0.31683	1.29620e-05
1.75628e+04	2.23599e-02	7.84833e-04	4.31482	0.98187	1.29620e-05
1.76094e+04	2.23656e-02	6.18072e-04	0.42018	2.70250	1.29620e-05
1.76560e+04	2.23652e-02	8.83068e-04	1.81626	0.84701	1.29620e-05
1.77026e+04	2.23723e-02	3.81577e-04	2.81752	1.10427	1.29620e-05
1.77491e+04	2.23708e-02	6.32135e-04	3.47225	3.42903	1.29620e-05
1.77957e+04	2.23683e-02	9.83331e-04	3.26337	2.05734	1.29620e-05
1.78423e+04	2.23710e-02	7.68299e-04	2.89994	2.56673	1.29620e-05
1.78889e+04	2.23813e-02	5.69327e-04	1.19658	6.14412	1.29620e-05
1.79355e+04	2.23827e-02	8.45128e-04	0.00628	4.68465	1.29620e-05
1.79821e+04	2.23926e-02	5.78645e-04	5.06576	4.96840	1.29620e-05
1.80287e+04	2.23880e-02	7.42294e-04	1.16805	3.37804	1.29620e-05
1.80752e+04	2.23991e-02	7.71851e-04	5.31060	1.77448	1.29620e-05
1.81218e+04	2.24007e-02	9.54125e-04	0.90746	4.17352	1.29620e-05
1.81684e+04	2.23954e-02	5.00269e-04	3.95613	0.86992	1.29620e-05
1.82150e+04	2.23993e-02	6.52761e-04	5.11707	1.20206	1.29620e-05
1.82616e+04	2.24054e-02	9.00252e-04	5.68385	3.88151	1.29620e-05
1.83082e+04	2.24022e-02	7.18733e-04	0.43273	1.59322	1.29620e-05
1.83548e+04	2.24111e-02	1.03648e-03	0.40935	2.09212	1.29620e-05
1.84013e+04	2.24054e-02	7.65985e-04	5.34200	5.67925	1.29620e-05
1.84479e+04	2.24086e-02	7.48086e-04	4.67756	4.06057	1.29620e-05
1.84945e+04	2.24164e-02	3.58233e-04	2.47030	5.75145	1.29620e-05
1.85411e+04	2.24212e-02	9.11138e-04	0.11536	3.07671	1.29620e-05
1.85877e+04	2.24177e-02	6.32913e-04	3.89088	2.32755	1.29620e-05
1.86343e+04	2.24221e-02	8.54929e-04	6.10427	4.91423	1.29620e-05
1.86809e+04	2.24291e-02	7.26130e-04	1.49959	3.55723	1.29620e-05
1.87274e+04	2.24217e-02	6.17109e-04	4.20343	2.92988	1.29620e-05
1.87740e+04	2.24267e-02	6.20594e-04	4.70284	0.00861	1.29620e-05
1.88206e+04	2.24393e-02	7.54461e-04	5.78848	4.57093	1.29620e-05
1.88672e+04	2.24407e-02	1.12565e-03	5.81689	5.69575	1.29620e-05
1.89138e+04	2.24353e-02	6.93747e-04	4.24294	3.93228	1.29620e-05
1.89604e+04	2.24318e-02	7.45463e-04	2.79576	3.83771	1.29620e-05
1.90070e+04	2.24495e-02	7.48219e-04	0.69068	6.19841	1.29620e-05
1.90535e+04	2.24425e-02	7.34500e-04	4.42393	4.52349	1.29620e-05
1.91001e+04	2.24551e-02	1.01098e-03	0.94518	5.60530	1.29620e-05
1.91467e+04	2.24443e-02	8.87666e-04	3.56121	2.37456	1.29620e-05
1.91933e+04	2.24506e-02	5.52928e-04	5.04026	2.09021	1.29620e-05
1.92399e+04	2.24527e-02	6.99097e-04	0.24187	3.61266	1.29620e-05
1.92865e+04	2.24536e-02	6.69829e-04	0.76540	1.62835	1.29620e-05
1.93331e+04	2.24655e-02	6.71582e-04	0.33009	2.42037	1.29620e-05
1.93796e+04	2.24673e-02	8.67437e-04	5.77980	5.43290	1.29620e-05
1.94262e+04	2.24659e-02	7.23206e-04	4.73707	4.19548	1.29620e-05
1.94728e+04	2.24733e-02	5.81429e-04	1.34121	0.87896	1.29620e-05
1.95194e+04	2.24745e-02	8.59343e-04	0.09736	3.49884	1.29620e-05
1.95660e+04	2.24722e-02	6.06426e-04	2.08993	4.71326	1.29620e-05
1.96126e+04	2.24752e-02	7.77201e-04	4.99207	0.57261	1.29620e-05
1.96592e+04	2.24753e-02	6.86700e-04	5.62810	0.53429	1.29620e-05
1.97057e+04	2.24824e-02	8.56304e-04	0.27668	2.04167	1.29620e-05
1.97523e+04	2.24876e-02	9.14820e-04	0.64219	5.95988	1.29620e-05
1.97989e+04	2.24864e-02	7.53828e-04	6.13635	0.31268	1.29620e-05
1.98455e+04	2.24886e-02	6.03018e-04	5.19209	2.97820	1.29620e-05
1.98921e+04	2.24835e-02	7.16100e-04	3.19124	2.24459	1.29620e-05
1.99387e+04	2.24985e-02	9.03938e-04	0.04889	4.50775	1.29620e-05
1.99853e+04	2.24953e-02	5.32184e-04	2.68136	2.85451	1.29620e-05
2.00318e+04	2.25011e-02	7.44866e-04	5.03476	3.34077	1.29620e-05
2.00784e+04	2.25057e-02	9.34854e-04	0.19837	0.31498	1.29620e-05
2.01250e+04	2.25078e-02	5.59858e-04	1.25706	5.82641	1.29620e-05
2.01716e+04	2.25084e-02	8.85055e-04	0.45561	2.50082	1.29620e-05
2.02182e+04	2.25098e-02	7.94909e-04	0.03977	0.68765	1.29620e-05
2.02648e+04	2.25196e-02	7.88551e-04	5.51244	1.12024	1.29620e-05
2.03114e+04	2.25127e-02	6.63537e-04	2.64456	5.48596	1.29620e-05
2.03579e+04	2.25159e-02	7.39854e-04	0.35070	4.87680	1.29620e-05
2.04045e+04	2.25237e-02	5.45559e-04	2.08243	2.12414	1.29620e-05
2.04511e+04	2.25290e-02	6.41803e-04	5.18513	6.17233	1.29620e-05
2.04977e+04	2.25275e-02	8.21567e-04	5.39818	2.43113	1.29620e-05
2.05443e+04	2.25309e-02	9.28987e-04	5.70453	0.48936	1.29620e-05
2.05909e+04	2.25363e-02	6.84204e-04	5.76857	0.68558	1.29620e-05
2.06375e+04	2.25319e-02	6.64385e-04	4.64696	3.99041	1.29620e-05
2.06840e+04	2.25341e-02	7.45211e-04	2.34980	4.06155	1.29620e-05
2.07306e+04	2.25386e-02	8.28162e-04	5.92335	0.16656	1.29620e-05
2.07772e+04	2.25385e-02	5.59989e-04	2.67191	5.00212	1.29620e-05
2.08238e+04	2.25421e-02	4.94199e-04	4.75550	0.12976	1.29620e-05
2.08704e+04	2.25506e-02	6.86662e-04	5.92700	4.36363	1.29620e-05
2.09170e+04	2.25516e-02	8.99591e-04	6.14408	5.18289	1.29620e-05
2.09636e+04	2.25559e-02	7.04255e-04	5.63962	2.35844	1.29620e-05
2.10101e+04	2.25599e-02	5.92314e-04	5.38154	1.23490	1.29620e-05
2.10567e+04	2.25576e-02	1.69827e-04	2.44416	4.68537	1.29620e-05
2.11033e+04	2.25570e-02	7.01813e-04	6.06950	3.50205	1.29620e-05
2.11499e+04	2.25589e-02	6.50954e-04	2.32164	5.33489	1.29620e-05
2.11965e+04	2.25698e-02	8.21255e-04	5.13061	2.54517	1.29620e-05
2.12431e+04	2.25631e-02	5.33682e-04	4.98653	4.64108	1.29620e-05
2.12897e+04	2.25713e-02	8.06662e-04	5.62570	1.60759	1.29620e-05
2.13362e+04	2.25723e-02	8.39328e-04	5.63136	1.14811	1.29620e-05
2.13828e+04	2.25714e-02	6.04104e-04	4.54929	3.74352	1.29620e-05
2.14294e+04	2.25741e-02	3.50006e-04	2.64163	2.79362	1.29620e-05
2.14760e+04	2.25842e-02	3.85807e-03	0.30683	4.21765	1.29620e-05
2.15226e+04	2.25733e-02	1.82791e-03	5.38297	5.48632	1.29620e-05
2.15692e+04	2.25838e-02	6.16418e-03	3.79716	3.40058	1.29620e-05
2.16157e+04	2.25766e-02	6.24948e-03	6.17246	6.15125	1.29620e-05
2.16623e+04	2.25929e-02	4.77133e-03	3.30097	3.49616	1.29620e-05
2.17089e+04	2.25911e-02	7.30386e-03	2.82198	0.36442	1.29620e-05
2.17555e+04	2.25916e-02	4.53074e-03	4.32428	3.63682	1.29620e-05
2.18021e+04	2.25883e-02	6.54259e-03	1.05504	1.26108	1.29620e-05
2.18487e+04	2.25920e-02	5.49476e-03	0.76431	4.29450	1.29620e-05
2.18953e+04	2.26029e-02	5.39142e-03	1.54914	1.93811	1.29620e-05
2.19418e+04	2.26023e-02	6.55564e-03	4.92693	5.12396	1.29620e-05
2.19884e+04	2.26089e-02	5.12870e-03	3.79757	2.14218	1.29620e-05
2.20350e+04	2.26135e-02	6.58493e-03	4.22043	5.85384	1.29620e-05
2.20816e+04	2.26101e-02	5.84337e-03	1.01260	2.65596	1.29620e-05
2.21282e+04	2.26166e-02	5.26914e-03	5.64931	6.26544	1.29620e-05
2.21748e+04	2.26096e-02	6.33379e-03	6.13730	3.54657	1.29620e-05
2.22214e+04	2.26107e-02	5.03401e-03	2.56249	0.60523	1.29620e-05
2.22679e+04	2.26183e-02	5.63699e-03	0.82455	4.05712	1.29620e-05
2.23145e+04	2.26202e-02	5.37250e-03	1.15601	1.08272	1.29620e-05
2.23611e+04	2.26254e-02	5.44994e-03	3.03630	4.77853	1.29620e-05
2.24077e+04	2.26230e-02	5.97212e-03	1.03333	1.75389	1.29620e-05
2.24543e+04	2.26351e-02	6.04802e-03	0.81285	5.24700	1.29620e-05
2.25009e+04	2.26313e-02	5.91099e-03	2.66870	2.42165	1.29620e-05
2.25475e+04	2.26342e-02	6.16520e-03	0.43174	5.76709	1.29620e-05
2.25940e+04	2.26318e-02	4.81115e-03	0.09406	2.94741	1.29620e-05
2.26406e+04	2.26396e-02	6.08260e-03	1.77688	0.12077	1.29620e-05
2.26872e+04	2.26432e-02	5.02329e-03	5.44910	3.59170	1.29620e-05
2.27338e+04	2.26431e-02	4.84138e-03	4.73995	0.87057	1.29620e-05
2.27804e+04	2.26483e-02	6.32004e-03	6.25281	4.20472	1.29620e-05
2.28270e+04	2.26424e-02	5.90629e-03	3.28954	1.45705	1.29620e-05
2.28736e+04	2.26554e-02	5.13838e-03	2.42227	4.91078	1.29620e-05
2.29201e+04	2.26581e-02	4.95715e-03	3.77514	1.91724	1.29620e-05
2.29667e+04	2.26579e-02	5.86377e-03	0.71531	5.35202	1.29620e-05
2.30133e+04	2.26647e-02	6.12613e-03	6.16088	2.33455	1.29620e-05
2.30599e+04	2.26658e-02	5.37863e-03	0.72247	5.98876	1.29620e-05
2.31065e+04	2.26667e-02	5.52867e-03	3.90100	3.10194	1.29620e-05
2.31531e+04	2.26708e-02	4.77771e-03	2.86162	0.23312	1.29620e-05
2.31997e+04	2.26782e-02	4.67812e-03	3.81357	3.71723	1.29620e-05
2.32462e+04	2.26712e-02	5.65734e-03	0.73800	0.68222	1.29620e-05
2.32928e+04	2.26653e-02	4.80205e-03	5.70485	4.19336	1.29620e-05
2.33394e+04	2.26749e-02	5.34632e-03	0.35723	1.16001	1.29620e-05
2.33860e+04	2.26880e-02	4.57775e-03	3.22490	4.56835	1.29620e-05
2.34326e+04	2.26834e-02	5.39951e-03	1.90637	1.73216	1.29620e-05
2.34792e+04	2.26905e-02	4.84383e-03	2.69656	5.15048	1.29620e-05
2.35258e+04	2.26909e-02	5.25726e-03	5.58082	2.17970	1.29620e-05
2.35723e+04	2.26935e-02	4.83868e-03	3.91935	5.76241	1.29620e-05
2.36189e+04	2.27019e-02	5.60262e-03	4.78633	2.68556	1.29620e-05
2.36655e+04	2.26928e-02	4.73100e-03	1.21042	6.22197	1.29620e-05
2.37121e+04	2.26960e-02	5.56599e-03	6.24104	3.17346	1.29620e-05
2.37587e+04	2.26970e-02	4.58687e-03	0.33548	0.46316	1.29620e-05
2.38053e+04	2.27082e-02	4.39437e-03	3.23903	3.71264	1.29620e-05
2.38519e+04	2.27072e-02	5.14261e-03	1.68825	1.00128	1.29620e-05
2.38984e+04	2.27094e-02	4.55541e-03	2.24100	4.40547	1.29620e-05
2.39450e+04	2.27100e-02	5.76865e-03	4.97761	1.47219	1.29620e-05
2.39916e+04	2.27095e-02	4.85675e-03	3.68167	4.81070	1.29620e-05
2.40382e+04	2.27111e-02	5.65946e-03	4.39207	1.79622	1.29620e-05
2.40848e+04	2.27245e-02	5.46132e-03	0.78460	5.24866	1.29620e-05
2.41314e+04	2.27220e-02	5.22763e-03	5.86201	2.24247	1.29620e-05
2.41780e+04	2.27249e-02	5.70360e-03	0.06588	5.73581	1.29620e-05
2.42245e+04	2.27232e-02	5.43046e-03	3.01872	2.70847	1.29620e-05
2.42711e+04	2.27260e-02	5.63358e-03	1.59416	6.20469	1.29620e-05
2.43177e+04	2.27280e-02	5.20014e-03	2.47075	3.07251	1.29620e-05
2.43643e+04	2.27361e-02	5.56312e-03	5.47119	0.15694	1.29620e-05
2.44109e+04	2.27402e-02	4.37179e-03	4.13032	3.49674	1.29620e-05
2.44575e+04	2.27447e-02	5.12778e-03	5.07838	0.55993	1.29620e-05
2.45041e+04	2.27320e-02	4.51548e-03	1.72720	3.96293	1.29620e-05
2.45506e+04	2.27387e-02	5.38326e-03	0.52859	1.03916	1.29620e-05
2.45972e+04	2.27364e-02	4.85090e-03	1.66114	4.28566	1.29620e-05
2.46438e+04	2.27493e-02	5.50657e-03	4.66611	1.37844	1.29620e-05
2.46904e+04	2.27522e-02	4.76222e-03	3.75713	4.68169	1.29620e-05
2.47370e+04	2.27517e-02	5.29153e-03	4.64393	1.86829	1.29620e-05
2.47836e+04	2.27530e-02	5.13902e-03	1.77047	5.13470	1.29620e-05
2.48302e+04	2.27621e-02	5.07728e-03	0.58306	2.42896	1.29620e-05
2.48767e+04	2.27562e-02	5.19231e-03	2.07338	5.60021	1.29620e-05
2.49233e+04	2.27546e-02	4.46415e-03	5.38968	2.69738	1.29620e-05
2.49699e+04	2.27595e-02	4.47443e-03	4.74402	5.96831	1.29620e-05
2.50165e+04	2.27754e-02	5.18076e-03	0.05523	2.88908	1.29620e-05
2.50631e+04	2.27700e-02	4.18662e-03	3.62969	6.17788	1.29620e-05
2.51097e+04	2.27717e-02	4.82921e-03	2.96843	3.47785	1.29620e-05
2.51563e+04	2.27818e-02	5.27311e-03	4.66054	0.37308	1.29620e-05
2.52028e+04	2.27718e-02	4.78531e-03	2.39618	3.60264	1.29620e-05
2.52494e+04	2.27772e-02	4.71896e-03	2.16352	0.59596	1.29620e-05
2.52960e+04	2.27828e-02	4.81974e-03	3.84970	4.07355	1.29620e-05
2.53426e+04	2.27804e-02	4.20946e-03	1.74239	1.10947	1.29620e-05
2.53892e+04	2.27928e-02	4.76135e-03	1.66433	4.36976	1.29620e-05
2.54358e+04	2.27794e-02	5.09808e-03	3.74221	1.47058	1.29620e-05
2.54824e+04	2.27902e-02	4.90191e-03	2.02827	4.61309	1.29620e-05
2.55289e+04	2.27923e-02	5.12356e-03	2.14359	1.64820	1.29620e-05
2.55755e+04	2.27981e-02	4.82959e-03	4.74758	4.78328	1.29620e-05
2.56221e+04	2.27987e-02	5.00319e-03	3.04098	1.93780	1.29620e-05
2.56687e+04	2.27982e-02	4.72855e-03	3.60644	5.14133	1.29620e-05
2.57153e+04	2.28088e-02	4.98571e-03	6.12332	2.34251	1.29620e-05
2.57619e+04	2.28061e-02	5.22925e-03	5.00690	5.52890	1.29620e-05
2.58085e+04	2.28069e-02	4.53172e-03	5.73219	2.67069	1.29620e-05
2.58550e+04	2.28142e-02	4.49380e-03	2.42957	5.94290	1.29620e-05
2.59016e+04	2.28089e-02	4.59337e-03	1.62202	2.73596	1.29620e-05
2.59482e+04	2.28121e-02	4.63703e-03	2.89890	6.02362	1.29620e-05
2.59948e+04	2.28178e-02	4.01319e-03	6.19039	3.15412	1.29620e-05
2.60414e+04	2.28201e-02	4.15991e-03	5.45560	0.16763	1.29620e-05
2.60880e+04	2.28206e-02	4.89434e-03	0.67466	3.49114	1.29620e-05
2.61346e+04	2.28178e-02	4.46337e-03	4.53006	0.47523	1.29620e-05
2.61811e+04	2.28264e-02	5.00014e-03	4.41778	3.64319	1.29620e-05
2.62277e+04	2.28357e-02	4.36927e-03	0.08733	0.61760	1.29620e-05
2.62743e+04	2.28324e-02	4.39380e-03	4.12626	3.97274	1.29620e-05
2.63209e+04	2.28303e-02	3.89354e-03	4.29969	0.88658	1.29620e-05
2.63675e+04	2.28357e-02	4.18247e-03	0.39730	4.16722	1.29620e-05
2.64141e+04	2.28458e-02	5.14332e-03	5.22630	0.98210	1.29620e-05
2.64607e+04	2.28436e-02	5.07939e-03	5.76281	4.31335	1.29620e-05
2.65072e+04	2.28441e-02	4.02596e-03	2.43979	1.14545	1.29620e-05
2.65538e+04	2.28468e-02	4.68413e-03	1.16648	4.45440	1.29620e-05
2.66004e+04	2.28468e-02	4.04751e-03	2.01341	1.57380	1.29620e-05
2.66470e+04	2.28545e-02	4.45813e-03	5.42522	4.66116	1.29620e-05
2.66936e+04	2.28516e-02	4.41653e-03	4.52328	1.75124	1.29620e-05
2.67402e+04	2.28576e-02	4.41239e-03	6.25058	4.75570	1.29620e-05
2.67868e+04	2.28638e-02	4.05815e-03	3.70688	1.73773	1.29620e-05
2.68333e+04	2.28590e-02	4.35138e-03	3.23817	5.20700	1.29620e-05
2.68799e+04	2.28602e-02	4.38996e-03	5.27588	2.15560	1.29620e-05
2.69265e+04	2.28650e-02	3.96379e-03	3.48548	5.18654	1.29620e-05
2.69731e+04	2.28668e-02	4.63058e-03	3.75407	2.12975	1.29620e-05
2.70197e+04	2.28619e-02	3.83984e-03	0.04302	5.32125	1.29620e-05
2.70663e+04	2.28769e-02	4.35170e-03	4.87226	2.25395	1.29620e-05
2.71129e+04	2.28753e-02	3.87720e-03	5.63711	5.52430	1.29620e-05
2.71594e+04	2.28834e-02	4.36836e-03	2.23963	2.65314	1.29620e-05
2.72060e+04	2.28867e-02	4.82493e-03	1.34255	5.83457	1.29620e-05
2.72526e+04	2.28848e-02	3.69423e-03	2.70205	2.76403	1.29620e-05
2.72992e+04	2.28816e-02	4.18513e-03	0.30110	5.74405	1.29620e-05
2.73458e+04	2.28866e-02	4.33987e-03	5.99601	2.93476	1.29620e-05
2.73924e+04	2.28847e-02	3.54919e-03	1.73626	6.04840	1.29620e-05
2.74390e+04	2.28897e-02	4.23601e-03	5.86419	3.07190	1.29620e-05
2.74855e+04	2.28992e-02	4.28056e-03	0.04393	6.07252	1.29620e-05
2.75321e+04	2.29008e-02	3.62951e-03	2.54773	3.05903	1.29620e-05
2.75787e+04	2.29061e-02	4.75317e-03	1.07986	0.03820	1.29620e-05
2.76253e+04	2.28991e-02	4.34325e-03	1.95980	3.27009	1.29620e-05
2.76719e+04	2.29032e-02	4.02734e-03	5.36501	0.01435	1.29620e-05
2.77185e+04	2.29044e-02	4.67459e-03	4.52849	3.29667	1.29620e-05
2.77651e+04	2.29121e-02	4.53427e-03	6.19363	0.06524	1.29620e-05
2.78116e+04	2.29091e-02	4.08089e-03	3.50838	3.46425	1.29620e-05
2.78582e+04	2.29113e-02	4.22411e-03	3.32393	0.39094	1.29620e-05
2.79048e+04	2.29170e-02	3.85317e-03	5.71037	3.36882	1.29620e-05
2.79514e+04	2.29254e-02	4.00042e-03	4.01311	0.22527	1.29620e-05
2.79980e+04	2.29302e-02	3.86881e-03	4.58057	3.46432	1.29620e-05
2.80446e+04	2.29234e-02	4.63862e-03	1.23713	0.36662	1.29620e-05
2.80912e+04	2.29179e-02	3.63308e-03	0.21897	3.48271	1.29620e-05
2.81377e+04	2.29301e-02	4.17242e-03	1.29117	0.52965	1.29620e-05
2.81843e+04	2.29310e-02	4.46551e-03	4.81813	3.76476	1.29620e-05
2.82309e+04	2.29313e-02	3.70985e-03	4.66804	0.53500	1.29620e-05
2.82775e+04	2.29387e-02	4.52927e-03	0.50176	3.65388	1.29620e-05
2.83241e+04	2.29398e-02	4.00374e-03	4.94836	0.40495	1.29620e-05
2.83707e+04	2.29354e-02	4.27499e-03	5.09277	3.76871	1.29620e-05
2.84173e+04	2.29513e-02	4.21013e-03	1.47667	0.76239	1.29620e-05
2.84638e+04	2.29379e-02	3.56437e-03	0.44010	3.87159	1.29620e-05
2.85104e+04	2.29457e-02	3.81270e-03	1.76469	0.59291	1.29620e-05
2.85570e+04	2.29464e-02	3.96589e-03	5.07351	3.89586	1.29620e-05
2.86036e+04	2.29597e-02	3.88192e-03	4.89538	0.59161	1.29620e-05
2.86502e+04	2.29539e-02	3.75794e-03	0.52304	3.89111	1.29620e-05
2.86968e+04	2.29543e-02	4.46649e-03	4.69038	0.86719	1.29620e-05
2.87434e+04	2.29552e-02	4.39555e-03	5.08932	3.98719	1.29620e-05
2.87899e+04	2.29686e-02	4.10438e-03	1.75935	0.78722	1.29620e-05
2.88365e+04	2.29587e-02	4.01500e-03	0.58828	3.96440	1.29620e-05
2.88831e+04	2.29738e-02	4.12604e-03	1.61108	0.96673	1.29620e-05
2.89297e+04	2.29670e-02	3.31251e-03	5.47402	3.96822	1.29620e-05
2.89763e+04	2.29659e-02	3.46188e-03	5.30180	0.73717	1.29620e-05
2.90229e+04	2.29775e-02	3.86809e-03	0.86445	4.04535	1.29620e-05
2.90695e+04	2.29752e-02	3.56284e-03	5.63789	0.71773	1.29620e-05
2.91160e+04	2.29684e-02	3.08342e-03	6.16005	3.87306	1.29620e-05
2.91626e+04	2.29804e-02	4.00872e-03	2.72123	0.81173	1.29620e-05
2.92092e+04	2.29906e-02	4.05092e-03	1.81998	4.03094	1.29620e-05
2.92558e+04	2.29914e-02	3.55375e-03	3.53408	0.53414	1.29620e-05
2.93024e+04	2.29927e-02	4.30830e-03	0.95799	3.89088	1.29620e-05
2.93490e+04	2.29902e-02	4.16369e-03	0.99321	0.68832	1.29620e-05
2.93956e+04	2.29895e-02	3.36943e-03	3.23378	3.89724	1.29620e-05
2.94421e+04	2.29934e-02	3.35437e-03	1.84834	0.73555	1.29620e-05
2.94887e+04	2.29937e-02	4.19475e-03	2.67136	3.82685	1.29620e-05
2.95353e+04	2.30003e-02	3.85085e-03	6.25495	0.51241	1.29620e-05
2.95819e+04	2.30008e-02	3.33962e-03	5.66818	3.57892	1.29620e-05
2.96285e+04	2.30067e-02	3.84799e-03	1.08491	0.62818	1.29620e-05
2.96751e+04	2.30035e-02	3.66394e-03	5.34305	3.74370	1.29620e-05
2.97217e+04	2.30187e-02	4.40827e-03	5.81509	0.50164	1.29620e-05
2.97682e+04	2.30124e-02	3.26433e-03	2.44314	3.59132	1.29620e-05
2.98148e+04	2.30126e-02	3.35660e-03	1.46119	0.32422	1.29620e-05
2.98614e+04	2.30143e-02	3.45504e-03	2.61583	3.72893	1.29620e-05
2.99080e+04	2.30186e-02	3.43198e-03	0.21536	0.43892	1.29620e-05
2.99546e+04	2.30198e-02	4.03711e-03	0.23686	3.54564	1.29620e-05
3.00012e+04	2.30244e-02	3.58710e-03	2.80458	0.15834	1.29620e-05
3.00478e+04	2.30302e-02	4.09479e-03	1.24783	3.40417	1.29620e-05
3.00943e+04	2.30314e-02	3.21334e-03	2.21015	0.23912	1.29620e-05
3.01409e+04	2.30337e-02	4.24264e-03	5.74299	3.22673	1.29620e-05
3.01875e+04	2.30344e-02	4.02920e-03	5.34633	0.07169	1.29620e-05
3.02341e+04	2.30416e-02	3.68461e-03	0.92813	3.26444	1.29620e-05
3.02807e+04	2.30386e-02	3.58882e-03	5.68795	6.18739	1.29620e-05
3.03273e+04	2.30402e-02	3.24016e-03	6.06410	3.15051	1.29620e-05
3.03739e+04	2.30406e-02	3.81454e-03	3.09633	6.14553	1.29620e-05
3.04204e+04	2.30414e-02	4.03714e-03	2.34465	2.89475	1.29620e-05
3.04670e+04	2.30414e-02	3.57635e-03	4.16586	5.91619	1.29620e-05
3.05136e+04	2.30465e-02	3.81356e-03	1.93846	2.90226	1.29620e-05
3.05602e+04	2.30500e-02	4.00103e-03	2.26027	5.95647	1.29620e-05
3.06068e+04	2.30600e-02	3.57758e-03	5.38190	2.58454	1.29620e-05
3.06534e+04	2.30602e-02	4.01360e-03	4.30488	5.68907	1.29620e-05
3.07000e+04	2.30650e-02	3.77797e-03	5.82977	2.43329	1.29620e-05
3.07465e+04	2.30595e-02	3.33620e-03	3.30751	5.80234	1.29620e-05
3.07931e+04	2.30602e-02	3.35819e-03	3.32713	2.61912	1.29620e-05
3.08397e+04	2.30629e-02	3.77358e-03	6.07114	5.61519	1.29620e-05
3.08863e+04	2.30644e-02	3.21470e-03	4.95926	2.40182	1.29620e-05
3.09329e+04	2.30701e-02	3.28088e-03	6.17856	5.45001	1.29620e-05
3.09795e+04	2.30695e-02	3.50628e-03	3.79070	2.17308	1.29620e-05
3.10261e+04	2.30765e-02	2.96482e-03	3.79360	5.29566	1.29620e-05
3.10726e+04	2.30853e-02	3.89586e-03	6.16843	2.08153	1.29620e-05
3.11192e+04	2.30743e-02	4.08017e-03	4.96637	5.04754	1.29620e-05
3.11658e+04	2.30838e-02	3.74236e-03	6.12366	1.94060	1.29620e-05
3.12124e+04	2.30846e-02	3.50654e-03	3.55375	4.90250	1.29620e-05
3.12590e+04	2.30889e-02	2.79459e-03	3.24616	1.81920	1.29620e-05
3.13056e+04	2.30942e-02	3.81758e-03	5.90272	4.69846	1.29620e-05
3.13522e+04	2.30877e-02	3.52016e-03	4.45992	1.58032	1.29620e-05
3.13987e+04	2.30904e-02	3.13174e-03	5.72318	4.39910	1.29620e-05
3.14453e+04	2.30890e-02	3.69644e-03	2.88149	1.33889	1.29620e-05
3.14919e+04	2.30997e-02	2.81256e-03	2.76153	4.44806	1.29620e-05
3.15385e+04	2.31049e-02	4.09888e-03	5.30440	1.05610	1.29620e-05
3.15851e+04	2.31011e-02	3.69574e-03	3.73074	4.19221	1.29620e-05
3.16317e+04	2.31001e-02	2.63692e-03	4.77005	1.00028	1.29620e-05
3.16783e+04	2.30976e-02	3.43000e-03	2.30585	3.92311	1.29620e-05
3.17248e+04	2.31083e-02	3.33639e-03	2.14146	0.78040	1.29620e-05
3.17714e+04	2.31208e-02	2.98838e-03	4.59679	3.72804	1.29620e-05
3.18180e+04	2.31182e-02	2.95011e-03	3.13511	0.51838	1.29620e-05
3.18646e+04	2.31188e-02	2.85665e-03	4.41647	3.42968	1.29620e-05
3.19112e+04	2.31229e-02	3.58125e-03	1.42221	0.65419	1.29620e-05
3.19578e+04	2.31249e-02	3.39775e-03	1.56308	3.55791	1.29620e-05
3.20044e+04	2.31243e-02	3.36630e-03	4.10602	0.25230	1.29620e-05
3.20509e+04	2.31344e-02	2.37262e-03	2.97476	3.10628	1.29620e-05
3.20975e+04	2.31250e-02	3.32136e-03	4.16326	6.18240	1.29620e-05
3.21441e+04	2.31237e-02	3.19498e-03	1.79463	2.86007	1.29620e-05
3.21907e+04	2.31366e-02	3.53622e-03	1.64749	6.16459	1.29620e-05
3.22373e+04	2.31326e-02	2.88851e-03	4.42000	2.82579	1.29620e-05
3.22839e+04	2.31363e-02	3.15415e-03	3.25142	5.95721	1.29620e-05
3.23305e+04	2.31467e-02	3.14691e-03	4.91822	2.48328	1.29620e-05
3.23770e+04	2.31404e-02	3.46752e-03	2.62501	5.49837	1.29620e-05
3.24236e+04	2.31425e-02	2.99672e-03	2.77260	2.33425	1.29620e-05
3.24702e+04	2.31484e-02	3.54128e-03	5.73765	5.20701	1.29620e-05
3.25168e+04	2.31568e-02	3.53941e-03	4.74034	2.05281	1.29620e-05
3.25634e+04	2.31466e-02	3.06583e-03	0.11961	5.10711	1.29620e-05
3.26100e+04	2.31551e-02	2.96911e-03	4.33429	1.90223	1.29620e-05
3.26566e+04	2.31527e-02	2.77178e-03	5.01480	4.80837	1.29620e-05
3.27031e+04	2.31615e-02	3.21496e-03	1.68830	1.72170	1.29620e-05
3.27497e+04	2.31578e-02	2.67526e-03	1.14233	4.70898	1.29620e-05
3.27963e+04	2.31623e-02	2.81068e-03	3.19735	1.37541	1.29620e-05
3.28429e+04	2.31623e-02	3.06166e-03	1.42647	4.44159	1.29620e-05
3.28895e+04	2.31676e-02	3.51007e-03	2.32668	1.12545	1.29620e-05
3.29361e+04	2.31738e-02	3.20859e-03	5.63824	4.28709	1.29620e-05
3.29827e+04	2.31774e-02	3.70168e-03	5.54069	0.84701	1.29620e-05
3.30292e+04	2.31788e-02	3.27509e-03	1.27184	4.16578	1.29620e-05
3.30758e+04	2.31694e-02	2.59071e-03	0.21342	0.57949	1.29620e-05
3.31224e+04	2.31817e-02	3.26685e-03	1.13447	3.88914	1.29620e-05
3.31690e+04	2.31881e-02	3.04470e-03	5.18424	0.38215	1.29620e-05
3.32156e+04	2.31824e-02	3.46105e-03	5.15492	3.54969	1.29620e-05
3.32622e+04	2.31857e-02	3.11973e-03	1.74842	0.12982	1.29620e-05
3.33088e+04	2.31835e-02	2.65946e-03	0.57258	3.36058	1.29620e-05
3.33553e+04	2.31943e-02	2.70195e-03	2.07050	0.23949	1.29620e-05
3.34019e+04	2.31993e-02	3.72227e-03	0.11932	3.16828	1.29620e-05
3.34485e+04	2.31948e-02	3.49903e-03	0.96120	5.90873	1.29620e-05
3.34951e+04	2.31946e-02	3.06134e-03	3.99723	2.77634	1.29620e-05
3.35417e+04	2.31971e-02	3.31468e-03	3.53472	5.74770	1.29620e-05
3.35883e+04	2.31987e-02	2.62395e-03	5.61345	2.50356	1.29620e-05
3.36349e+04	2.32101e-02	3.43425e-03	4.26137	5.29985	1.29620e-05
3.36814e+04	2.32118e-02	3.15508e-03	5.29295	2.04928	1.29620e-05
3.37280e+04	2.32049e-02	2.40837e-03	2.57897	5.19433	1.29620e-05
3.37746e+04	2.32110e-02	3.09180e-03	2.64097	1.89460	1.29620e-05
3.38212e+04	2.32140e-02	3.57942e-03	5.27992	4.94415	1.29620e-05
3.38678e+04	2.32201e-02	2.87829e-03	4.27185	1.72175	1.29620e-05
3.39144e+04	2.32170e-02	3.31730e-03	5.99429	4.69376	1.29620e-05
3.39610e+04	2.32155e-02	3.43203e-03	3.85215	1.58701	1.29620e-05
3.40075e+04	2.32266e-02	3.17309e-03	4.75370	4.33209	1.29620e-05
3.40541e+04	2.32303e-02	3.35239e-03	1.43598	1.33152	1.29620e-05
3.41007e+04	2.32276e-02	2.58900e-03	0.95980	4.38867	1.29620e-05
3.41473e+04	2.32269e-02	3.18632e-03	3.11506	1.18016	1.29620e-05
3.41939e+04	2.32257e-02	3.08551e-03	2.03860	3.88329	1.29620e-05
3.42405e+04	2.32342e-02	3.29889e-03	3.22402	0.73671	1.29620e-05
3.42871e+04	2.32450e-02	3.49481e-03	0.91718	3.74484	1.29620e-05
3.43336e+04	2.32368e-02	2.65159e-03	0.96541	0.73307	1.29620e-05
3.43802e+04	2.32417e-02	2.86058e-03	4.10526	3.50423	1.29620e-05
3.44268e+04	2.32389e-02	3.42027e-03	3.40901	0.17194	1.29620e-05
3.44734e+04	2.32435e-02	2.79270e-03	5.25254	3.28459	1.29620e-05
3.45200e+04	2.32464e-02	3.03343e-03	3.56233	0.12180	1.29620e-05
3.45666e+04	2.32508e-02	3.08286e-03	4.53888	3.22835	1.29620e-05
3.46132e+04	2.32514e-02	2.88694e-03	2.01470	6.14680	1.29620e-05
3.46597e+04	2.32538e-02	2.64989e-03	1.80713	3.06175	1.29620e-05
3.47063e+04	2.32562e-02	2.25692e-03	4.61943	5.94568	1.29620e-05
3.47529e+04	2.32603e-02	2.84928e-03	3.55286	2.90995	1.29620e-05
3.47995e+04	2.32654e-02	3.71540e-03	5.63624	5.68865	1.29620e-05
3.48461e+04	2.32581e-02	3.20747e-03	3.69745	2.49623	1.29620e-05
3.48927e+04	2.32625e-02	2.44239e-03	4.37477	5.60432	1.29620e-05
3.49393e+04	2.32756e-02	3.32323e-03	1.44598	2.53473	1.29620e-05
3.49858e+04	2.32778e-02	2.94500e-03	1.49871	5.51656	1.29620e-05
3.50324e+04	2.32730e-02	2.56380e-03	4.36056	1.98265	1.29620e-05
3.50790e+04	2.32765e-02	2.43503e-03	3.04721	5.24074	1.29620e-05
3.51256e+04	2.32831e-02	2.98124e-03	4.85824	1.89887	1.29620e-05
3.51722e+04	2.32863e-02	2.74078e-03	2.85457	5.12098	1.29620e-05
3.52188e+04	2.32804e-02	3.14431e-03	3.66022	1.80800	1.29620e-05
3.52654e+04	2.32767e-02	2.28037e-03	0.85787	4.77507	1.29620e-05
3.53119e+04	2.32941e-02	3.20532e-03	0.60355	1.78816	1.29620e-05
3.53585e+04	2.32835e-02	3.31568e-03	3.30929	4.75671	1.29620e-05
3.54051e+04	2.32882e-02	3.30112e-03	2.22777	1.50749	1.29620e-05
3.54517e+04	2.32997e-02	2.27077e-03	3.93381	4.58860	1.29620e-05
3.54983e+04	2.32985e-02	2.80299e-03	1.97305	1.53901	1.29620e-05
3.55449e+04	2.32982e-02	3.00662e-03	2.82272	4.49128	1.29620e-05
3.55915e+04	2.32978e-02	2.88333e-03	6.16305	1.46179	1.29620e-05
3.56380e+04	2.33011e-02	2.93722e-03	0.06609	4.41474	1.29620e-05
3.56846e+04	2.33013e-02	2.98645e-03	2.63287	1.23173	1.29620e-05
3.57312e+04	2.33056e-02	2.51948e-03	1.69912	4.33690	1.29620e-05
3.57778e+04	2.33099e-02	2.52579e-03	3.31681	1.44646	1.29620e-05
3.58244e+04	2.33066e-02	2.79570e-03	1.29022	4.71937	1.29620e-05
3.58710e+04	2.33202e-02	2.79643e-03	2.25579	1.55996	1.29620e-05
3.59175e+04	2.33208e-02	3.15888e-03	6.25523	4.43720	1.29620e-05
3.59641e+04	2.33235e-02	3.21466e-03	6.04019	1.49707	1.29620e-05
3.60107e+04	2.33254e-02	2.35413e-03	2.44430	4.86921	1.29620e-05
3.60573e+04	2.33202e-02	2.96193e-03	1.75260	1.70279	1.29620e-05
3.61039e+04	2.33205e-02	2.72877e-03	3.98328	4.58009	1.29620e-05
3.61505e+04	2.33341e-02	2.79897e-03	2.03339	1.98344	1.29620e-05
3.61971e+04	2.33198e-02	3.15944e-03	3.20316	5.06598	1.29620e-05
3.62436e+04	2.33303e-02	3.14018e-03	1.12908	1.72570	1.29620e-05
3.62902e+04	2.33346e-02	2.62003e-03	1.01187	5.42235	1.29620e-05
3.63368e+04	2.33370e-02	2.53766e-03	3.91405	2.46542	1.29620e-05
3.63834e+04	2.33384e-02	2.54050e-03	3.67302	5.59591	1.29620e-05
3.64300e+04	2.33436e-02	3.09631e-03	5.91486	2.46997	1.29620e-05
3.64766e+04	2.33414e-02	2.71671e-03	4.27776	6.20317	1.29620e-05
3.65232e+04	2.33341e-02	2.71827e-03	5.53349	3.34224	1.29620e-05
3.65697e+04	2.33548e-02	2.15029e-03	3.48546	0.35168	1.29620e-05
3.66163e+04	2.33445e-02	2.85603e-03	3.97474	3.86046	1.29620e-05
3.66629e+04	2.33567e-02	3.62794e-03	0.82500	1.12681	1.29620e-05
3.67095e+04	2.33559e-02	3.05963e-03	0.67046	4.59013	1.29620e-05
3.67561e+04	2.33636e-02	1.89002e-03	2.80865	2.04652	1.29620e-05
3.68027e+04	2.33608e-02	3.26255e-03	1.76468	5.68233	1.29620e-05
3.68493e+04	2.33675e-02	1.96717e-03	3.21380	3.06323	1.29620e-05
3.68958e+04	2.33610e-02	2.48023e-03	0.98711	0.89286	1.29620e-05
3.69424e+04	2.33646e-02	2.47418e-03	1.77195	4.49109	1.29620e-05
3.69890e+04	2.33615e-02	2.54582e-03	4.96200	2.41749	1.29620e-05
3.70356e+04	2.33676e-02	3.19181e-03	4.45494	0.31091	1.29620e-05
3.70822e+04	2.33751e-02	3.16938e-03	0.74960	4.39610	1.29620e-05
3.71288e+04	2.33649e-02	2.17162e-03	4.66918	3.45353	1.29620e-05
3.71754e+04	2.33701e-02	2.01777e-03	0.24307	1.23843	1.29620e-05
3.72219e+04	2.33818e-02	1.51508e-03	3.47111	0.30591	1.29620e-05
3.72685e+04	2.33837e-02	7.74164e-03	1.35571	1.10014	1.29620e-05
3.73151e+04	2.33860e-02	6.57774e-03	2.51746	0.78732	1.29620e-05
3.73617e+04	2.33917e-02	1.82053e-02	3.80411	5.15727	1.29620e-05
3.74083e+04	2.33868e-02	4.96315e-03	0.59788	4.33032	1.29620e-05
3.74549e+04	2.33875e-02	1.83783e-02	4.00796	2.70205	1.29620e-05
3.75015e+04	2.33927e-02	2.34357e-02	2.31757	3.58536	1.29620e-05
3.75480e+04	2.33989e-02	2.32543e-02	6.08158	3.40353	1.29620e-05
3.75946e+04	2.33863e-02	1.98220e-02	3.21672	3.74605	1.29620e-05
3.76412e+04	2.33806e-02	1.31627e-02	0.96404	3.29033	1.29620e-05
3.76878e+04	2.33959e-02	1.81186e-02	4.50830	5.16768	1.29620e-05
3.77344e+04	2.33960e-02	1.04380e-02	3.20491	4.59376	1.29620e-05
3.77810e+04	2.33899e-02	3.55511e-03	0.51717	4.34560	1.29620e-05
3.78276e+04	2.33936e-02	1.45546e-02	4.08857	3.54418	1.29620e-05
3.78741e+04	2.33847e-02	6.73902e-03	3.28004	2.65774	1.29620e-05
3.79207e+04	2.33883e-02	1.68423e-02	5.28379	5.04765	1.29620e-05
3.79673e+04	2.33966e-02	2.19316e-02	6.10327	3.26690	1.29620e-05
3.80139e+04	2.33969e-02	2.33755e-02	1.45350	5.44899	1.29620e-05
3.80605e+04	2.33923e-02	1.84413e-02	2.82142	0.87066	1.29620e-05
3.81071e+04	2.33881e-02	1.96265e-02	5.37616	0.98351	1.29620e-05
3.81537e+04	2.33857e-02	1.58624e-02	1.30872	0.30049	1.29620e-05
3.82002e+04	2.33891e-02	2.02818e-02	3.66753	6.02617	1.29620e-05
3.82468e+04	2.34034e-02	2.56605e-02	0.08282	5.55109	1.29620e-05
3.82934e+04	2.33885e-02	1.80190e-02	2.35278	5.47281	1.29620e-05
3.83400e+04	2.33825e-02	1.90428e-02	4.80746	4.65473	1.29620e-05
3.83866e+04	2.33815e-02	1.77882e-02	1.08748	5.05833	1.29620e-05
3.84332e+04	2.34010e-02	2.17321e-02	3.78773	3.06374	1.29620e-05
3.84798e+04	2.33953e-02	2.15231e-02	0.31993	0.23183	1.29620e-05
3.85263e+04	2.33943e-02	2.51285e-02	3.22133	2.82500	1.29620e-05
3.85729e+04	2.34058e-02	2.33693e-02	6.12148	0.43974	1.29620e-05
3.86195e+04	2.33889e-02	2.08220e-02	3.12372	4.85346	1.29620e-05
3.86661e+04	2.33817e-02	1.92884e-02	5.64837	4.32900	1.29620e-05
3.87127e+04	2.33989e-02	2.21875e-02	2.44633	2.59590	1.29620e-05
3.87593e+04	2.34048e-02	2.43131e-02	5.64433	1.72836	1.29620e-05
3.88059e+04	2.33966e-02	2.32792e-02	2.38288	0.95895	1.29620e-05
3.88524e+04	2.33907e-02	1.88666e-02	5.44539	0.11884	1.29620e-05
3.88990e+04	2.33999e-02	2.16191e-02	2.38132	5.17450	1.29620e-05
3.89456e+04	2.33915e-02	2.30254e-02	5.55937	4.25376	1.29620e-05
3.89922e+04	2.33942e-02	2.31240e-02	2.32733	3.36180	1.29620e-05
3.90388e+04	2.34011e-02	2.25472e-02	5.34933	2.00089	1.29620e-05
3.90854e+04	2.33918e-02	2.20936e-02	2.37316	0.94692	1.29620e-05
3.91320e+04	2.33959e-02	2.08612e-02	5.57662	6.25758	1.29620e-05
3.91785e+04	2.33891e-02	1.56468e-02	2.49555	5.38369	1.29620e-05
3.92251e+04	2.33767e-02	1.69529e-02	5.97213	4.45619	1.29620e-05
3.92717e+04	2.33930e-02	2.08690e-02	3.13052	3.69716	1.29620e-05
3.93183e+04	2.33932e-02	1.94948e-02	0.06854	2.94689	1.29620e-05
3.93649e+04	2.33942e-02	2.37481e-02	3.59264	2.26680	1.29620e-05
3.94115e+04	2.33989e-02	2.23362e-02	0.83889	1.57327	1.29620e-05
3.94581e+04	2.33911e-02	1.99684e-02	4.72301	1.31623	1.29620e-05
3.95046e+04	2.34008e-02	2.39571e-02	1.64831	1.36490	1.29620e-05
3.95512e+04	2.33927e-02	2.40479e-02	5.49371	1.18997	1.29620e-05
3.95978e+04	2.33846e-02	1.91409e-02	2.59541	0.87778	1.29620e-05
3.96444e+04	2.33876e-02	1.72556e-02	0.12139	0.00671	1.29620e-05
3.96910e+04	2.34000e-02	2.39939e-02	3.69455	5.29292	1.29620e-05
3.97376e+04	2.33945e-02	2.51675e-02	0.77662	4.24845	1.29620e-05
3.97842e+04	2.33849e-02	1.65939e-02	4.52199	3.18741	1.29620e-05
3.98307e+04	2.33824e-02	1.97485e-02	2.22047	2.30203	1.29620e-05
3.98773e+04	2.34013e-02	2.57646e-02	5.80840	1.37286	1.29620e-05
3.99239e+04	2.34081e-02	2.56299e-02	3.18739	0.67930	1.29620e-05
3.99705e+04	2.33952e-02	2.41356e-02	0.70593	0.03081	1.29620e-05
4.00171e+04	2.33918e-02	2.15282e-02	4.44629	5.46008	1.29620e-05
4.00637e+04	2.33953e-02	2.20271e-02	2.37077	4.27497	1.29620e-05
4.01103e+04	2.33943e-02	2.13869e-02	5.73874	3.09434	1.29620e-05
4.01568e+04	2.34046e-02	2.36942e-02	3.46813	1.50941	1.29620e-05
4.02034e+04	2.33903e-02	2.44612e-02	1.34085	0.01245	1.29620e-05
4.02500e+04	2.33847e-02	1.93359e-02	4.79286	5.20370	1.29620e-05
4.02966e+04	2.33934e-02	2.17702e-02	2.95956	3.97128	1.29620e-05
4.03432e+04	2.33999e-02	2.34178e-02	0.43031	2.88919	1.29620e-05
4.03898e+04	2.33798e-02	2.05353e-02	4.62671	2.05691	1.29620e-05
4.04364e+04	2.33922e-02	1.97623e-02	2.70361	1.18082	1.29620e-05
4.04829e+04	2.33985e-02	2.21787e-02	0.64232	0.44572	1.29620e-05
4.05295e+04	2.33827e-02	1.77800e-02	5.15229	0.04203	1.29620e-05
4.05761e+04	2.34011e-02	2.16416e-02	2.94894	0.14427	1.29620e-05
4.06227e+04	2.33963e-02	2.47565e-02	1.52311	0.74848	1.29620e-05
4.06693e+04	2.33911e-02	1.44474e-02	4.27336	1.83413	1.29620e-05
4.07159e+04	2.33854e-02	9.36082e-03	2.63032	1.27415	1.29620e-05
4.07625e+04	2.33873e-02	1.60884e-02	5.37892	1.60938	1.29620e-05
4.08090e+04	2.33802e-02	1.33402e-02	5.99449	2.01527	1.29620e-05
4.08556e+04	2.33853e-02	1.05394e-02	5.50845	2.42553	1.29620e-05
4.09022e+04	2.33935e-02	1.26593e-02	5.67193	2.82114	1.29620e-05
4.09488e+04	2.33923e-02	6.51526e-03	1.84378	0.52897	1.29620e-05
4.09954e+04	2.33869e-02	1.46186e-02	2.20159	3.67539	1.29620e-05
4.10420e+04	2.33824e-02	1.03293e-02	2.73657	5.78742	1.29620e-05
4.10886e+04	2.33833e-02	1.42989e-02	3.48289	5.40739	1.29620e-05
4.11351e+04	2.33854e-02	1.75236e-02	4.40726	4.49803	1.29620e-05
4.11817e+04	2.33995e-02	1.98242e-02	4.94885	0.84565	1.29620e-05
4.12283e+04	2.33863e-02	7.87935e-03	0.25191	0.29467	1.29620e-05
4.12749e+04	2.33978e-02	2.07101e-02	0.80933	5.49759	1.29620e-05
4.13215e+04	2.33854e-02	1.22903e-02	5.02954	4.39413	1.29620e-05
4.13681e+04	2.33917e-02	1.65282e-02	5.55059	4.91489	1.29620e-05
4.14147e+04	2.33964e-02	1.68723e-02	0.99517	5.43571	1.29620e-05
4.14612e+04	2.33990e-02	2.14931e-02	1.64036	0.19706	1.29620e-05
4.15078e+04	2.33930e-02	1.15747e-02	4.97380	5.70244	1.29620e-05
4.15544e+04	2.33951e-02	1.66226e-02	0.08563	4.89193	1.29620e-05
4.16010e+04	2.33866e-02	1.70268e-02	0.87271	5.14512	1.29620e-05
4.16476e+04	2.33938e-02	1.73400e-02	1.82971	5.18474	1.29620e-05
4.16942e+04	2.33952e-02	1.98717e-02	2.63254	0.10845	1.29620e-05
4.17408e+04	2.33897e-02	1.54767e-02	3.78571	0.01904	1.29620e-05
4.17873e+04	2.34029e-02	2.05550e-02	4.68484	0.21090	1.29620e-05
4.18339e+04	2.33895e-02	1.72322e-02	5.12916	0.88233	1.29620e-05
4.18805e+04	2.33854e-02	1.64288e-02	6.22684	0.71752	1.29620e-05
4.19271e+04	2.33852e-02	1.62902e-02	0.67669	1.66064	1.29620e-05
4.19737e+04	2.33945e-02	1.87685e-02	3.27169	5.96587	1.29620e-05
4.20203e+04	2.33879e-02	1.21130e-02	5.61704	3.90947	1.29620e-05
4.20669e+04	2.33852e-02	8.94027e-03	0.47764	4.05920	1.29620e-05
4.21134e+04	2.33923e-02	1.94925e-02	2.32916	2.03728	1.29620e-05
4.21600e+04	2.33837e-02	1.42971e-02	4.40500	0.70341	1.29620e-05
4.22066e+04	2.33989e-02	1.85265e-02	0.23898	5.98223	1.29620e-05
4.22532e+04	2.33914e-02	1.55869e-02	1.29019	0.38469	1.29620e-05
4.22998e+04	2.33842e-02	1.60022e-02	1.22106	1.78326	1.29620e-05
4.23464e+04	2.33962e-02	1.95393e-02	1.83508	2.91649	1.29620e-05
4.23930e+04	2.33844e-02	1.32010e-02	2.55003	4.01937	1.29620e-05
4.24395e+04	2.33874e-02	1.25090e-02	2.80777	4.72208	1.29620e-05
4.24861e+04	2.33833e-02	1.18099e-02	3.99447	5.07721	1.29620e-05
4.25327e+04	2.33811e-02	9.51525e-03	5.85811	4.08174	1.29620e-05
4.25793e+04	2.34038e-02	1.77373e-02	0.49822	4.56517	1.29620e-05
4.26259e+04	2.33956e-02	1.62403e-02	1.42173	4.71505	1.29620e-05
4.26725e+04	2.33853e-02	1.89830e-02	4.14022	4.53555	1.29620e-05
4.27191e+04	2.33944e-02	1.76855e-02	3.14397	3.41801	1.29620e-05
4.27656e+04	2.33841e-02	1.24433e-02	3.15917	1.65705	1.29620e-05
4.28122e+04	2.33827e-02	1.43336e-02	1.43562	6.22949	1.29620e-05
4.28588e+04	2.33903e-02	8.33409e-03	5.31388	4.11210	1.29620e-05
4.29054e+04	2.33927e-02	1.98053e-02	0.98205	1.37852	1.29620e-05
4.29520e+04	2.33854e-02	1.35404e-02	3.75163	6.17812	1.29620e-05
4.29986e+04	2.33860e-02	1.44981e-02	1.49974	1.81552	1.29620e-05
4.30452e+04	2.33826e-02	1.63822e-02	4.01148	1.09159	1.29620e-05
4.30917e+04	2.33771e-02	1.36787e-02	5.06895	0.95655	1.29620e-05
4.31383e+04	2.33844e-02	1.43348e-02	0.11482	0.83942	1.29620e-05
4.31849e+04	2.33916e-02	1.81080e-02	1.94448	0.04824	1.29620e-05
4.32315e+04	2.33964e-02	2.10410e-02	3.26441	5.66761	1.29620e-05
4.32781e+04	2.33864e-02	1.22172e-02	5.22226	4.38221	1.29620e-05
4.33247e+04	2.33805e-02	1.25833e-02	1.71901	1.72966	1.29620e-05
4.33713e+04	2.33807e-02	1.48322e-02	5.08523	6.24262	1.29620e-05
4.34178e+04	2.33868e-02	1.78030e-02	0.96156	5.60769	1.29620e-05
4.34644e+04	2.33807e-02	1.28663e-02	3.19580	4.24478	1.29620e-05
4.35110e+04	2.33791e-02	1.49487e-02	0.23077	2.88864	1.29620e-05
4.35576e+04	2.33846e-02	1.24355e-02	5.75236	1.74241	1.29620e-05
4.36042e+04	2.33854e-02	9.77744e-03	4.00421	0.31428	1.29620e-05
4.36508e+04	2.33823e-02	1.61784e-02	1.77164	5.15372	1.29620e-05
4.36974e+04	2.33839e-02	1.24293e-02	2.49704	4.19957	1.29620e-05
4.37439e+04	2.33976e-02	2.45781e-02	3.73300	4.32589	1.29620e-05
4.37905e+04	2.33883e-02	2.17231e-02	4.76016	4.78208	1.29620e-05
4.38371e+04	2.33863e-02	1.87638e-02	5.89710	5.23409	1.29620e-05
4.38837e+04	2.33767e-02	1.67677e-02	1.06957	5.48319	1.29620e-05
4.39303e+04	2.33964e-02	2.09662e-02	3.07498	5.33935	1.29620e-05
4.39769e+04	2.33773e-02	1.34150e-02	4.93289	5.02834	1.29620e-05
4.40235e+04	2.33810e-02	1.20917e-02	0.41022	3.90474	1.29620e-05
4.40700e+04	2.33892e-02	2.41195e-02	2.72703	2.49734	1.29620e-05
4.41166e+04	2.33947e-02	2.12295e-02	2.35558	5.70031	1.29620e-05
4.41632e+04	2.33948e-02	2.38489e-02	2.10694	2.63368	1.29620e-05
4.42098e+04	2.33942e-02	2.59145e-02	1.90080	5.71407	1.29620e-05
4.42564e+04	2.33897e-02	1.85510e-02	1.65551	2.45721	1.29620e-05
4.43030e+04	2.33884e-02	2.32266e-02	1.15070	5.57286	1.29620e-05
4.43496e+04	2.33850e-02	2.00253e-02	1.61956	2.62273	1.29620e-05
4.43961e+04	2.33900e-02	1.82938e-02	1.66104	0.13554	1.29620e-05
4.44427e+04	2.33954e-02	2.53787e-02	1.95680	3.02449	1.29620e-05
4.44893e+04	2.33883e-02	2.19698e-02	2.21664	0.01034	1.29620e-05
4.45359e+04	2.33932e-02	2.15078e-02	2.01199	2.87577	1.29620e-05
4.45825e+04	2.33816e-02	2.26667e-02	2.58981	6.20086	1.29620e-05
4.46291e+04	2.33815e-02	1.77022e-02	2.82723	4.01658	1.29620e-05
4.46757e+04	2.33832e-02	1.82410e-02	4.43142	2.31289	1.29620e-05
4.47222e+04	2.33901e-02	1.74500e-02	0.28473	1.82001	1.29620e-05
4.47688e+04	2.33957e-02	1.47976e-02	3.49497	0.13380	1.29620e-05
4.48154e+04	2.33954e-02	2.13111e-02	5.68307	4.90877	1.29620e-05
4.48620e+04	2.33912e-02	1.83759e-02	1.62715	4.19022	1.29620e-05
4.49086e+04	2.33987e-02	1.80525e-02	4.17753	2.84691	1.29620e-05
4.49552e+04	2.33922e-02	1.26449e-02	2.15626	0.49507	1.29620e-05
4.50018e+04	2.33954e-02	1.94059e-02	4.71918	4.66116	1.29620e-05
4.50483e+04	2.33920e-02	1.18499e-02	3.03780	2.17240	1.29620e-05
4.50949e+04	2.33932e-02	1.77906e-02	0.69859	5.88884	1.29620e-05
4.51415e+04	2.33815e-02	1.01740e-02	3.73210	4.05270	1.29620e-05
4.51881e+04	2.33846e-02	1.79100e-02	0.90971	1.60952	1.29620e-05
4.52347e+04	2.33763e-02	1.15473e-02	0.57874	5.86127	1.29620e-05
4.52813e+04	2.33978e-02	1.96216e-02	1.10287	3.05423	1.29620e-05
4.53279e+04	2.33937e-02	2.12142e-02	3.78147	1.43858	1.29620e-05
4.53744e+04	2.33869e-02	1.79412e-02	1.19741	0.30491	1.29620e-05
4.54210e+04	2.33816e-02	1.67635e-02	3.79746	5.12563	1.29620e-05
4.54676e+04	2.33785e-02	1.02523e-02	1.53390	2.44611	1.29620e-05
4.55142e+04	2.33886e-02	2.02707e-02	6.25756	5.57844	1.29620e-05
4.55608e+04	2.33910e-02	1.59421e-02	4.31069	1.27617	1.29620e-05
4.56074e+04	2.33890e-02	1.61420e-02	2.02371	3.56966	1.29620e-05
4.56540e+04	2.33820e-02	1.76070e-02	5.92815	5.63268	1.29620e-05
4.57005e+04	2.33896e-02	1.46267e-02	4.75698	1.16786	1.29620e-05
4.57471e+04	2.33960e-02	1.32732e-02	4.07329	2.84128	1.29620e-05
4.57937e+04	2.33950e-02	1.71879e-02	1.99782	5.20740	1.29620e-05
4.58403e+04	2.33879e-02	1.48574e-02	6.27294	1.13452	1.29620e-05
4.58869e+04	2.33912e-02	1.10213e-02	4.41898	3.31464	1.29620e-05
4.59335e+04	2.33920e-02	2.26394e-02	2.32219	6.20237	1.29620e-05
4.59801e+04	2.33807e-02	1.54602e-02	5.74997	3.50645	1.29620e-05
4.60266e+04	2.33975e-02	2.43411e-02	2.45545	2.07311	1.29620e-05
4.60732e+04	2.33924e-02	2.27549e-02	5.11534	0.66187	1.29620e-05
4.61198e+04	2.33877e-02	2.26818e-02	3.61332	4.85712	1.29620e-05
4.61664e+04	2.33798e-02	2.44140e-02	6.10180	3.90144	1.29620e-05
4.62130e+04	2.33976e-02	2.43177e-02	2.38390	3.01469	1.29620e-05
4.62596e+04	2.33934e-02	1.87685e-02	0.65603	2.18866	1.29620e-05
4.63062e+04	2.34015e-02	2.37253e-02	0.07069	0.91972	1.29620e-05
4.63527e+04	2.33917e-02	2.01217e-02	6.23912	5.98587	1.29620e-05
4.63993e+04	2.33985e-02	2.37732e-02	5.16702	4.23722	1.29620e-05
4.64459e+04	2.33875e-02	2.06361e-02	1.60552	3.04908	1.29620e-05
4.64925e+04	2.33986e-02	2.06406e-02	2.62712	0.31381	1.29620e-05
4.65391e+04	2.33946e-02	2.35732e-02	1.10316	4.17059	1.29620e-05
4.65857e+04	2.33924e-02	1.71708e-02	4.16988	2.19808	1.29620e-05
