# t	a	e	mean_anomaly	varpi	mass/M_star
0.00000e+00	2.78530e-02	2.14264e-02	4.73465	5.30172	2.31180e-05
4.65857e+01	2.78539e-02	2.10667e-02	4.90860	1.98302	2.31180e-05
9.31714e+01	2.78465e-02	2.09723e-02	4.55966	4.73231	2.31180e-05
1.39757e+02	2.78489e-02	2.08246e-02	3.45417	0.96206	2.31180e-05
1.86343e+02	2.78537e-02	2.05621e-02	1.34553	3.21628	2.31180e-05
2.32928e+02	2.78579e-02	2.01074e-02	4.29010	5.17185	2.31180e-05
2.79514e+02	2.78682e-02	2.01204e-02	5.74259	0.53866	2.31180e-05
3.26100e+02	2.78689e-02	1.99324e-02	5.48838	1.83618	2.31180e-05
3.72685e+02	2.78694e-02	1.90205e-02	3.28540	2.76091	2.31180e-05
4.19271e+02	2.78618e-02	1.90328e-02	5.21545	3.27296	2.31180e-05
4.65857e+02	2.78622e-02	1.86273e-02	4.74465	3.32921	2.31180e-05
5.12442e+02	2.78750e-02	1.83364e-02	1.66900	2.89718	2.31180e-05
5.59028e+02	2.78757e-02	1.78101e-02	2.10006	1.89892	2.31180e-05
6.05614e+02	2.78813e-02	1.75141e-02	5.81275	0.30994	2.31180e-05
6.52199e+02	2.78798e-02	1.70911e-02	0.03334	4.37251	2.31180e-05
6.98785e+02	2.78941e-02	1.63847e-02	3.48064	1.40916	2.31180e-05
7.45371e+02	2.78869e-02	1.63088e-02	3.35706	3.97213	2.31180e-05
7.91956e+02	2.79045e-02	1.59361e-02	5.82611	5.65879	2.31180e-05
8.38542e+02	2.79045e-02	1.51037e-02	4.46606	0.10255	2.31180e-05
8.85128e+02	2.79083e-02	1.47083e-02	5.38465	6.05207	2.31180e-05
9.31713e+02	2.79174e-02	1.41345e-02	2.14981	4.58252	2.31180e-05
9.78299e+02	2.79287e-02	1.38378e-02	1.01243	1.76771	2.31180e-05
1.02488e+03	2.79260e-02	1.30867e-02	1.85420	3.75958	2.31180e-05
1.07147e+03	2.79331e-02	1.26243e-02	4.62226	4.07605	2.31180e-05
1.11806e+03	2.79327e-02	1.20879e-02	2.93068	2.55451	2.31180e-05
1.16464e+03	2.79386e-02	1.14944e-02	3.11540	5.14940	2.31180e-05
1.21123e+03	2.79460e-02	1.08923e-02	5.17773	5.27822	2.31180e-05
1.25781e+03	2.79565e-02	1.01193e-02	2.92803	2.54088	2.31180e-05
1.30440e+03	2.79601e-02	9.61884e-03	2.72233	2.74800	2.31180e-05
1.35098e+03	2.79796e-02	9.04368e-03	4.84340	5.22105	2.31180e-05
1.39757e+03	2.79807e-02	8.13411e-03	3.18653	3.00479	2.31180e-05
1.44416e+03	2.79958e-02	7.30655e-03	4.61433	1.20876	2.31180e-05
1.49074e+03	2.80068e-02	6.50973e-03	3.34650	4.86822	2.31180e-05
1.53733e+03	2.80061e-02	5.93184e-03	0.24694	5.88447	2.31180e-05
1.58391e+03	2.80183e-02	5.42712e-03	2.80931	1.82243	2.31180e-05
1.63050e+03	2.80410e-02	4.76087e-03	6.24434	2.19142	2.31180e-05
1.67708e+03	2.80573e-02	4.09199e-03	0.04452	3.05726	2.31180e-05
1.72367e+03	2.80770e-02	3.56646e-03	5.22293	0.17498	2.31180e-05
1.77026e+03	2.80919e-02	2.87163e-03	5.10393	2.16359	2.31180e-05
1.81684e+03	2.81100e-02	2.48457e-03	1.45604	6.19871	2.31180e-05
1.86343e+03	2.81401e-02	2.25588e-03	1.33460	5.13229	2.31180e-05
1.91001e+03	2.81497e-02	1.99096e-03	5.30513	5.40918	2.31180e-05
1.95660e+03	2.81662e-02	1.70037e-03	0.34721	2.41209	2.31180e-05
2.00318e+03	2.81936e-02	1.76075e-03	4.79318	4.33265	2.31180e-05
2.04977e+03	2.82152e-02	1.71765e-03	5.43816	0.61300	2.31180e-05
2.09636e+03	2.82255e-02	1.35563e-03	1.42417	5.94648	2.31180e-05
2.14294e+03	2.82407e-02	1.61211e-03	5.62632	2.22775	2.31180e-05
2.18953e+03	2.82509e-02	1.26080e-03	4.39854	4.04986	2.31180e-05
2.23611e+03	2.82603e-02	1.08914e-03	3.43763	0.20889	2.31180e-05
2.28270e+03	2.82715e-02	1.06955e-03	2.58823	4.06928	2.31180e-05
2.32928e+03	2.82840e-02	1.11120e-03	1.89901	3.54616	2.31180e-05
2.37587e+03	2.82879e-02	1.08110e-03	1.13970	5.58602	2.31180e-05
2.42245e+03	2.82997e-02	1.26362e-03	5.99780	4.85523	2.31180e-05
2.46904e+03	2.83125e-02	9.64119e-04	4.16394	1.40464	2.31180e-05
2.51563e+03	2.83194e-02	1.24217e-03	1.04168	2.59580	2.31180e-05
2.56221e+03	2.83179e-02	1.11834e-03	3.66476	1.60636	2.31180e-05
2.60880e+03	2.83280e-02	9.68738e-04	5.30375	5.32177	2.31180e-05
2.65538e+03	2.83438e-02	1.07961e-03	6.10393	1.15876	2.31180e-05
2.70197e+03	2.83591e-02	1.25805e-03	5.82960	2.02419	2.31180e-05
2.74855e+03	2.83674e-02	8.77314e-04	4.53756	1.66414	2.31180e-05
2.79514e+03	2.83706e-02	8.59006e-04	1.55070	0.82734	2.31180e-05
2.84173e+03	2.83778e-02	9.50099e-04	4.20946	4.79850	2.31180e-05
2.88831e+03	2.83968e-02	1.19808e-03	5.65926	1.64938	2.31180e-05
2.93490e+03	2.83949e-02	9.39860e-04	5.53873	4.31273	2.31180e-05
2.98148e+03	2.84102e-02	8.14680e-04	4.64900	5.75682	2.31180e-05
3.02807e+03	2.84125e-02	6.69374e-04	1.91642	0.80196	2.31180e-05
3.07465e+03	2.84162e-02	8.58455e-04	4.46488	1.19840	2.31180e-05
3.12124e+03	2.84287e-02	8.39758e-04	5.98452	0.71194	2.31180e-05
3.16783e+03	2.84374e-02	8.35779e-04	6.06422	6.05582	2.31180e-05
3.21441e+03	2.84416e-02	7.68230e-04	4.65524	4.72917	2.31180e-05
3.26100e+03	2.84493e-02	7.43112e-04	2.43626	2.35180	2.31180e-05
3.30758e+03	2.84664e-02	8.33209e-04	4.95053	5.97808	2.31180e-05
3.35417e+03	2.84710e-02	7.73486e-04	6.02611	2.90671	2.31180e-05
3.40075e+03	2.84862e-02	9.86851e-04	5.88811	5.50876	2.31180e-05
3.44734e+03	2.84851e-02	7.68421e-04	4.33225	1.43200	2.31180e-05
3.49393e+03	2.84976e-02	6.28459e-04	1.49869	3.11293	2.31180e-05
3.54051e+03	2.85089e-02	5.60975e-04	3.97480	3.97350	2.31180e-05
3.58710e+03	2.85188e-02	7.09349e-04	4.98148	4.51862	2.31180e-05
3.63368e+03	2.85237e-02	5.94540e-04	4.34455	4.93054	2.31180e-05
3.68027e+03	2.85357e-02	5.18778e-04	2.04679	5.25272	2.31180e-05
3.72685e+03	2.85423e-02	7.23898e-04	5.88463	3.94403	2.31180e-05
3.77344e+03	2.85465e-02	6.15222e-04	0.95483	3.36703	2.31180e-05
3.82002e+03	2.85500e-02	5.81581e-04	1.49347	1.85883	2.31180e-05
3.86661e+03	2.85651e-02	6.68453e-04	0.35011	0.29468	2.31180e-05
3.91320e+03	2.85770e-02	6.26000e-04	4.94443	3.82832	2.31180e-05
3.95978e+03	2.85817e-02	7.09707e-04	0.86140	1.74804	2.31180e-05
4.00637e+03	2.85867e-02	5.63936e-04	2.13516	5.16066	2.31180e-05
4.05295e+03	2.86010e-02	4.52390e-04	1.94638	2.06000	2.31180e-05
4.09954e+03	2.86084e-02	5.50202e-04	0.67943	4.59900	2.31180e-05
4.14612e+03	2.86128e-02	4.36966e-04	4.18968	0.66295	2.31180e-05
4.19271e+03	2.86247e-02	6.78439e-04	0.19258	2.54419	2.31180e-05
4.23930e+03	2.86405e-02	7.41296e-04	0.59957	4.62009	2.31180e-05
4.28588e+03	2.86402e-02	6.33216e-04	0.21263	5.81175	2.31180e-05
4.33247e+03	2.86441e-02	5.92162e-04	4.35054	0.80778	2.31180e-05
4.37905e+03	2.86670e-02	8.40294e-04	0.57142	2.05494	2.31180e-05
4.42564e+03	2.86574e-02	5.97216e-04	2.68177	2.03753	2.31180e-05
4.47222e+03	2.86781e-02	4.54540e-04	2.05147	3.12525	2.31180e-05
4.51881e+03	2.86861e-02	6.38224e-04	0.78214	3.18807	2.31180e-05
4.56540e+03	2.86970e-02	4.41164e-04	5.35901	2.04741	2.31180e-05
4.61198e+03	2.86996e-02	5.64909e-04	0.37022	2.55517	2.31180e-05
4.65857e+03	2.87031e-02	4.56785e-04	1.46524	1.63419	2.31180e-05
4.70515e+03	2.87228e-02	6.80926e-04	0.56385	1.08720	2.31180e-05
4.75174e+03	2.87257e-02	5.74355e-04	5.04263	6.11066	2.31180e-05
4.79832e+03	2.87283e-02	4.35947e-04	1.45255	5.02621	2.31180e-05
4.84491e+03	2.87423e-02	3.75301e-04	2.52154	3.97954	2.31180e-05
4.89150e+03	2.87567e-02	1.75321e-04	1.87865	3.02903	2.31180e-05
4.93808e+03	2.87612e-02	5.96213e-04	0.67667	1.04497	2.31180e-05
4.98467e+03	2.87608e-02	5.03421e-04	4.49769	5.01880	2.31180e-05
5.03125e+03	2.87717e-02	4.47522e-04	0.09739	3.06609	2.31180e-05
5.07784e+03	2.87884e-02	7.04940e-04	0.36670	1.15291	2.31180e-05
5.12442e+03	2.87986e-02	6.99221e-04	6.23957	4.63413	2.31180e-05
5.17101e+03	2.88002e-02	2.89275e-04	3.15928	2.93899	2.31180e-05
5.21759e+03	2.88083e-02	4.84911e-04	6.03529	0.03175	2.31180e-05
5.26418e+03	2.88208e-02	6.57997e-04	0.34320	4.12301	2.31180e-05
5.31077e+03	2.88261e-02	5.42634e-04	6.07394	1.52991	2.31180e-05
5.35735e+03	2.88303e-02	4.74476e-04	4.48812	4.71377	2.31180e-05
5.40394e+03	2.88450e-02	5.33479e-04	0.22664	2.75557	2.31180e-05
5.45052e+03	2.88612e-02	4.12115e-04	0.97684	0.54083	2.31180e-05
5.49711e+03	2.88552e-02	4.68092e-04	1.99805	2.81600	2.31180e-05
5.54369e+03	2.88683e-02	5.08600e-04	0.41579	6.17821	2.31180e-05
5.59028e+03	2.88804e-02	3.37705e-04	4.42759	2.45303	2.31180e-05
5.63687e+03	2.88857e-02	5.14018e-04	5.79009	6.13712	2.31180e-05
5.68345e+03	2.88989e-02	6.87937e-04	5.91135	3.27988	2.31180e-05
5.73004e+03	2.89015e-02	2.31498e-04	4.78872	0.17196	2.31180e-05
5.77662e+03	2.89118e-02	2.43819e-04	1.16136	4.36476	2.31180e-05
5.82321e+03	2.89086e-02	4.76813e-04	3.53535	1.07281	2.31180e-05
5.86979e+03	2.89272e-02	3.43417e-04	4.79299	3.70392	2.31180e-05
5.91638e+03	2.89280e-02	4.45219e-04	3.61394	1.01717	2.31180e-05
5.96297e+03	2.89412e-02	3.63637e-04	0.84143	4.74115	2.31180e-05
6.00955e+03	2.89503e-02	2.44954e-04	3.03443	2.05691	2.31180e-05
6.05614e+03	2.89702e-02	3.80716e-04	5.44075	3.97106	2.31180e-05
6.10272e+03	2.89753e-02	1.74583e-04	4.48857	1.51148	2.31180e-05
6.14931e+03	2.89854e-02	5.03279e-04	0.50019	0.64473	2.31180e-05
6.19589e+03	2.89864e-02	2.46067e-04	4.07432	3.34398	2.31180e-05
6.24248e+03	2.90008e-02	5.80386e-04	5.37843	0.59845	2.31180e-05
6.28907e+03	2.90020e-02	2.84674e-04	4.56672	4.82467	2.31180e-05
6.33565e+03	2.90067e-02	3.98018e-04	1.98843	3.11327	2.31180e-05
6.38224e+03	2.90109e-02	3.12598e-04	4.67170	1.02615	2.31180e-05
6.42882e+03	2.90300e-02	5.54702e-04	5.97969	5.16983	2.31180e-05
6.47541e+03	2.90360e-02	3.25235e-04	5.69659	3.21634	2.31180e-05
6.52199e+03	2.90424e-02	2.01694e-04	3.38749	1.89053	2.31180e-05
6.56858e+03	2.90615e-02	6.77024e-04	6.13668	0.39628	2.31180e-05
6.61516e+03	2.90573e-02	3.89124e-04	1.28060	5.11916	2.31180e-05
6.66175e+03	2.90692e-02	2.93614e-04	0.63406	4.25060	2.31180e-05
6.70834e+03	2.90742e-02	2.85527e-04	5.28112	2.99407	2.31180e-05
6.75492e+03	2.90895e-02	3.88798e-04	1.13931	2.88954	2.31180e-05
6.80151e+03	2.91014e-02	1.11325e-04	1.50822	3.17411	2.31180e-05
6.84809e+03	2.91039e-02	1.92265e-04	1.97824	1.99710	2.31180e-05
6.89468e+03	2.91146e-02	4.89924e-04	0.06019	1.85336	2.31180e-05
6.94126e+03	2.91123e-02	3.88215e-04	3.64668	1.13864	2.31180e-05
6.98785e+03	2.91211e-02	3.36263e-04	4.37061	1.94203	2.31180e-05
7.03444e+03	2.91323e-02	3.64072e-04	4.33250	2.16915	2.31180e-05
7.08102e+03	2.91547e-02	3.37851e-04	0.65773	4.69931	2.31180e-05
7.12761e+03	2.91512e-02	2.39881e-04	5.05992	4.12542	2.31180e-05
7.17419e+03	2.91531e-02	1.50454e-04	5.84482	5.82908	2.31180e-05
7.22078e+03	2.91673e-02	3.48640e-04	5.62323	0.93950	2.31180e-05
7.26736e+03	2.91808e-02	1.08837e-04	4.32201	2.10065	2.31180e-05
7.31395e+03	2.91841e-02	3.24954e-04	6.14667	5.11304	2.31180e-05
7.36054e+03	2.92007e-02	5.82663e-04	0.35914	1.87015	2.31180e-05
7.40712e+03	2.92122e-02	6.22929e-04	6.11451	4.63915	2.31180e-05
7.45371e+03	2.92056e-02	2.96461e-04	3.99597	1.42563	2.31180e-05
7.50029e+03	2.92201e-02	3.94758e-04	6.07410	5.29683	2.31180e-05
7.54688e+03	2.92257e-02	3.19054e-04	0.57603	2.91590	2.31180e-05
7.59346e+03	2.92354e-02	3.28065e-04	0.17513	0.43013	2.31180e-05
7.64005e+03	2.92475e-02	1.30809e-04	4.45894	4.55744	2.31180e-05
7.68664e+03	2.92567e-02	4.48940e-04	6.25482	3.62597	2.31180e-05
7.73322e+03	2.92626e-02	4.04009e-04	5.97516	3.51251	2.31180e-05
7.77981e+03	2.92710e-02	3.76353e-04	5.15903	2.68312	2.31180e-05
7.82639e+03	2.92888e-02	4.30759e-04	0.70037	4.24855	2.31180e-05
7.87298e+03	2.92773e-02	3.82240e-04	3.44081	3.65676	2.31180e-05
7.91956e+03	2.92988e-02	1.82604e-04	4.82653	3.20034	2.31180e-05
7.96615e+03	2.93032e-02	3.02911e-04	1.61333	6.09397	2.31180e-05
8.01273e+03	2.93122e-02	2.35401e-04	5.69114	0.47124	2.31180e-05
8.05932e+03	2.93266e-02	5.22567e-04	6.23659	3.44361	2.31180e-05
8.10591e+03	2.93207e-02	1.14450e-04	0.58388	5.11544	2.31180e-05
8.15249e+03	2.93297e-02	2.71367e-04	4.48222	2.30945	2.31180e-05
8.19908e+03	2.93437e-02	2.44595e-04	0.81976	5.85941	2.31180e-05
8.24566e+03	2.93482e-02	3.12680e-04	1.81570	3.55123	2.31180e-05
8.29225e+03	2.93654e-02	4.08311e-04	0.57431	2.30399	2.31180e-05
8.33883e+03	2.93797e-02	5.56981e-04	5.86637	5.88387	2.31180e-05
8.38542e+03	2.93787e-02	3.64916e-04	0.79948	6.07193	2.31180e-05
8.43201e+03	2.93903e-02	3.56856e-04	0.65514	0.15973	2.31180e-05
8.47859e+03	2.94041e-02	5.29122e-04	0.20854	5.94317	2.31180e-05
8.52518e+03	2.94073e-02	2.14573e-04	4.90053	5.42019	2.31180e-05
8.57176e+03	2.94095e-02	2.05230e-04	5.85785	1.18564	2.31180e-05
8.61835e+03	2.94301e-02	4.42104e-04	5.93527	2.95701	2.31180e-05
8.66493e+03	2.94370e-02	1.47602e-04	5.36334	4.22607	2.31180e-05
8.71152e+03	2.94468e-02	5.61783e-04	6.11681	3.03952	2.31180e-05
8.75811e+03	2.94463e-02	2.11054e-04	0.59528	0.68648	2.31180e-05
8.80469e+03	2.94562e-02	3.71874e-04	0.53131	4.30526	2.31180e-05
8.85128e+03	2.94562e-02	2.45433e-04	3.54275	3.71774	2.31180e-05
8.89786e+03	2.94690e-02	2.70706e-04	6.07835	2.48054	2.31180e-05
8.94445e+03	2.94822e-02	3.89135e-04	0.56442	1.88809	2.31180e-05
8.99103e+03	2.94852e-02	1.93029e-04	5.31111	2.48626	2.31180e-05
9.03762e+03	2.94934e-02	2.89295e-04	1.93929	3.80927	2.31180e-05
9.08421e+03	2.95112e-02	2.09456e-04	5.12984	3.76548	2.31180e-05
9.13079e+03	2.95086e-02	2.44719e-04	3.62331	1.01810	2.31180e-05
9.17738e+03	2.95178e-02	1.66232e-04	0.57216	5.00353	2.31180e-05
9.22396e+03	2.95334e-02	1.95800e-04	5.06419	0.35659	2.31180e-05
9.27055e+03	2.95352e-02	2.79527e-04	4.36655	6.09775	2.31180e-05
9.31713e+03	2.95444e-02	2.04357e-04	3.10544	5.03978	2.31180e-05
9.36372e+03	2.95540e-02	2.81447e-04	6.21037	4.82499	2.31180e-05
9.41030e+03	2.95641e-02	1.93228e-04	1.27788	5.29553	2.31180e-05
9.45689e+03	2.95756e-02	3.14240e-04	0.99049	0.07401	2.31180e-05
9.50348e+03	2.95884e-02	4.96614e-04	6.08271	0.96376	2.31180e-05
9.55006e+03	2.95811e-02	2.60394e-04	2.85865	2.83326	2.31180e-05
9.59665e+03	2.95900e-02	2.91447e-04	2.94531	0.34318	2.31180e-05
9.64323e+03	2.96005e-02	2.75838e-04	1.77045	4.35459	2.31180e-05
9.68982e+03	2.96059e-02	2.09486e-04	4.64564	3.27711	2.31180e-05
9.73640e+03	2.96232e-02	3.27142e-04	0.38622	2.01670	2.31180e-05
9.78299e+03	2.96368e-02	4.42178e-04	0.44240	1.69692	2.31180e-05
9.82958e+03	2.96323e-02	1.77595e-04	4.59666	2.55654	2.31180e-05
9.87616e+03	2.96567e-02	4.53017e-04	0.33265	4.51715	2.31180e-05
9.92275e+03	2.96570e-02	2.28220e-04	0.97955	0.55458	2.31180e-05
9.96933e+03	2.96712e-02	4.83392e-04	0.28968	3.20471	2.31180e-05
1.00159e+04	2.96734e-02	1.52373e-04	4.69488	6.04119	2.31180e-05
1.00625e+04	2.96811e-02	1.56966e-04	5.75358	4.94315	2.31180e-05
1.01091e+04	2.96879e-02	1.50307e-04	5.24673	4.41909	2.31180e-05
1.01557e+04	2.97014e-02	1.51389e-04	1.12699	0.23772	2.31180e-05
1.02023e+04	2.97041e-02	2.72151e-04	5.01525	5.91643	2.31180e-05
1.02488e+04	2.97231e-02	4.57091e-04	5.90778	1.06395	2.31180e-05
1.02954e+04	2.97182e-02	1.88471e-04	4.21224	4.09429	2.31180e-05
1.03420e+04	2.97385e-02	5.07216e-04	0.27497	2.11592	2.31180e-05
1.03886e+04	2.97490e-02	4.52809e-04	0.63785	1.15931	2.31180e-05
1.04352e+04	2.97475e-02	1.63694e-04	0.62487	5.90571	2.31180e-05
1.04818e+04	2.97611e-02	3.18704e-04	5.65038	4.66157	2.31180e-05
1.05284e+04	2.97662e-02	3.12509e-04	0.54303	0.03726	2.31180e-05
1.05749e+04	2.97729e-02	2.87663e-04	6.13138	2.62579	2.31180e-05
1.06215e+04	2.97760e-02	2.56860e-04	4.20729	5.52404	2.31180e-05
1.06681e+04	2.97875e-02	2.15813e-04	0.37853	3.09522	2.31180e-05
1.07147e+04	2.98077e-02	4.13819e-04	0.25680	2.31685	2.31180e-05
1.07613e+04	2.98061e-02	2.75342e-04	6.02050	1.01480	2.31180e-05
1.08079e+04	2.98128e-02	1.12651e-04	3.42086	0.87644	2.31180e-05
1.08545e+04	2.98198e-02	1.50685e-04	4.36615	2.56522	2.31180e-05
1.09010e+04	2.98361e-02	1.27786e-04	5.60496	3.05442	2.31180e-05
1.09476e+04	2.98474e-02	3.99124e-04	0.45857	2.74427	2.31180e-05
1.09942e+04	2.98429e-02	1.97616e-04	2.39662	0.75362	2.31180e-05
1.10408e+04	2.98577e-02	1.31670e-04	1.29274	0.89710	2.31180e-05
1.10874e+04	2.98584e-02	5.83547e-05	0.29912	0.04442	2.31180e-05
1.11340e+04	2.98752e-02	2.23058e-04	1.28035	2.61813	2.31180e-05
1.11806e+04	2.98861e-02	1.58024e-04	0.93493	5.64303	2.31180e-05
1.12271e+04	2.98885e-02	2.59124e-04	1.26150	0.84155	2.31180e-05
1.12737e+04	2.98979e-02	2.40705e-04	4.82750	4.50144	2.31180e-05
1.13203e+04	2.99130e-02	4.23046e-04	5.58460	3.82552	2.31180e-05
1.13669e+04	2.99172e-02	7.29214e-05	5.14200	3.50936	2.31180e-05
1.14135e+04	2.99257e-02	2.07921e-04	0.32568	0.41649	2.31180e-05
1.14601e+04	2.99283e-02	1.14691e-04	2.84448	1.70841	2.31180e-05
1.15067e+04	2.99442e-02	3.08853e-04	0.47637	0.76256	2.31180e-05
1.15532e+04	2.99460e-02	2.27247e-04	4.93124	4.72459	2.31180e-05
1.15998e+04	2.99638e-02	4.33874e-04	6.12297	4.83494	2.31180e-05
1.16464e+04	2.99694e-02	3.46140e-04	0.57345	4.57676	2.31180e-05
1.16930e+04	2.99751e-02	1.86469e-04	5.58885	5.49919	2.31180e-05
1.17396e+04	2.99853e-02	3.13557e-04	0.60005	3.04277	2.31180e-05
1.17862e+04	2.99993e-02	4.79500e-04	6.13368	1.83587	2.31180e-05
1.18328e+04	3.00003e-02	2.65246e-04	5.22657	6.24632	2.31180e-05
1.18793e+04	3.00109e-02	3.35564e-04	0.40246	1.20558	2.31180e-05
1.19259e+04	3.00221e-02	2.35685e-04	0.12159	3.39215	2.31180e-05
1.19725e+04	3.00348e-02	5.22548e-04	0.17705	4.44998	2.31180e-05
1.20191e+04	3.00244e-02	3.07357e-04	2.93274	2.02107	2.31180e-05
1.20657e+04	3.00485e-02	2.04352e-04	6.22048	4.56157	2.31180e-05
1.21123e+04	3.00512e-02	1.14303e-04	1.12964	2.13738	2.31180e-05
1.21589e+04	3.00666e-02	5.01194e-04	6.00397	1.55947	2.31180e-05
1.22054e+04	3.00756e-02	4.99834e-04	6.10965	4.96606	2.31180e-05
1.22520e+04	3.00790e-02	2.73283e-04	6.05711	1.48542	2.31180e-05
1.22986e+04	3.00873e-02	1.88573e-04	0.88014	2.37231	2.31180e-05
1.23452e+04	3.00972e-02	1.97077e-04	5.56369	5.21294	2.31180e-05
1.23918e+04	3.00922e-02	2.68710e-04	3.41104	1.57595	2.31180e-05
1.24384e+04	3.01064e-02	1.87974e-04	0.46776	4.26993	2.31180e-05
1.24850e+04	3.01228e-02	2.13318e-04	0.66400	3.08719	2.31180e-05
1.25315e+04	3.01193e-02	2.06294e-04	2.21610	6.11549	2.31180e-05
1.25781e+04	3.01265e-02	1.80254e-04	4.42016	1.46437	2.31180e-05
1.26247e+04	3.01508e-02	4.11687e-04	0.36657	2.34784	2.31180e-05
1.26713e+04	3.01519e-02	2.60717e-04	0.35823	4.75127	2.31180e-05
1.27179e+04	3.01575e-02	2.45730e-05	4.31074	2.48047	2.31180e-05
1.27645e+04	3.01777e-02	5.26988e-04	0.16622	1.31561	2.31180e-05
1.28111e+04	3.01849e-02	4.99784e-04	0.20114	1.55091	2.31180e-05
1.28576e+04	3.01746e-02	3.11437e-04	3.34232	4.26462	2.31180e-05
1.29042e+04	3.01901e-02	1.69117e-04	5.80948	0.69217	2.31180e-05
1.29508e+04	3.02021e-02	2.64150e-04	6.03216	4.94181	2.31180e-05
1.29974e+04	3.02079e-02	1.23801e-04	3.47703	5.00203	2.31180e-05
1.30440e+04	3.02171e-02	2.38070e-04	5.57722	6.01139	2.31180e-05
1.30906e+04	3.02360e-02	5.03992e-04	6.06200	1.67831	2.31180e-05
1.31372e+04	3.02433e-02	1.85309e-04	6.26682	3.23895	2.31180e-05
1.31837e+04	3.02392e-02	9.61441e-05	6.14803	4.45872	2.31180e-05
1.32303e+04	3.02610e-02	4.79203e-04	6.02277	5.02548	2.31180e-05
1.32769e+04	3.02523e-02	2.43389e-04	2.91566	1.63554	2.31180e-05
1.33235e+04	3.02717e-02	3.23692e-04	5.94097	4.04638	2.31180e-05
1.33701e+04	3.02801e-02	3.17359e-04	5.93686	2.54158	2.31180e-05
1.34167e+04	3.02762e-02	2.83450e-04	2.90703	3.42180	2.31180e-05
1.34633e+04	3.03012e-02	4.10456e-04	5.99696	3.83028	2.31180e-05
1.35098e+04	3.02942e-02	1.17012e-04	4.35880	2.05270	2.31180e-05
1.35564e+04	3.03153e-02	2.01795e-04	0.99280	1.37659	2.31180e-05
1.36030e+04	3.03223e-02	2.52274e-04	5.79204	4.48115	2.31180e-05
1.36496e+04	3.03377e-02	4.42991e-04	5.83705	5.44025	2.31180e-05
1.36962e+04	3.03410e-02	2.18648e-04	0.57372	4.82881	2.31180e-05
1.37428e+04	3.03396e-02	1.10951e-04	4.29897	0.88925	2.31180e-05
1.37894e+04	3.03606e-02	2.72469e-04	6.22643	4.42843	2.31180e-05
1.38359e+04	3.03591e-02	8.60603e-05	1.11240	1.84590	2.31180e-05
1.38825e+04	3.03732e-02	1.26495e-04	6.23822	0.99717	2.31180e-05
1.39291e+04	3.03796e-02	1.07110e-04	0.78993	3.85179	2.31180e-05
1.39757e+04	3.03954e-02	4.71038e-04	0.17011	1.29537	2.31180e-05
1.40223e+04	3.03962e-02	2.31521e-04	0.45011	3.54394	2.31180e-05
1.40689e+04	3.04040e-02	2.92376e-04	0.69801	5.26751	2.31180e-05
1.41155e+04	3.04160e-02	2.92106e-04	5.87259	1.48027	2.31180e-05
1.41620e+04	3.04215e-02	2.94789e-04	5.71878	2.45724	2.31180e-05
1.42086e+04	3.04271e-02	1.01298e-04	5.84540	2.59444	2.31180e-05
1.42552e+04	3.04314e-02	1.15238e-04	2.21301	5.93680	2.31180e-05
1.43018e+04	3.04440e-02	7.80146e-05	3.99950	3.31079	2.31180e-05
1.43484e+04	3.04435e-02	2.60323e-04	3.02676	2.89926	2.31180e-05
1.43950e+04	3.04612e-02	1.93151e-04	5.89402	4.39065	2.31180e-05
1.44416e+04	3.04704e-02	2.52054e-04	0.33079	1.22743	2.31180e-05
1.44881e+04	3.04796e-02	2.94920e-04	5.58997	5.54480	2.31180e-05
1.45347e+04	3.04800e-02	1.84032e-04	2.29101	5.32744	2.31180e-05
1.45813e+04	3.05061e-02	3.80851e-04	0.17876	3.40270	2.31180e-05
1.46279e+04	3.05078e-02	3.57839e-04	6.09239	5.50224	2.31180e-05
1.46745e+04	3.05160e-02	1.40385e-04	6.18831	0.34126	2.31180e-05
1.47211e+04	3.05280e-02	2.29403e-04	5.76823	1.47280	2.31180e-05
1.47677e+04	3.05299e-02	2.44579e-04	0.99616	0.17048	2.31180e-05
1.48142e+04	3.05428e-02	2.23777e-04	5.43908	1.72279	2.31180e-05
1.48608e+04	3.05491e-02	2.14312e-04	5.55360	0.84334	2.31180e-05
1.49074e+04	3.05476e-02	4.67839e-05	1.15233	3.97517	2.31180e-05
1.49540e+04	3.05610e-02	7.68967e-05	4.66502	4.99330	2.31180e-05
1.50006e+04	3.05744e-02	2.07423e-04	1.00115	0.14229	2.31180e-05
1.50472e+04	3.05776e-02	1.98637e-04	0.24594	4.47570	2.31180e-05
1.50938e+04	3.05832e-02	7.84519e-05	1.41745	0.12971	2.31180e-05
1.51403e+04	3.05939e-02	1.66241e-04	6.16059	4.31364	2.31180e-05
1.51869e+04	3.06021e-02	5.94705e-05	2.58473	3.79040	2.31180e-05
1.52335e+04	3.06177e-02	2.58582e-04	5.70011	2.42026	2.31180e-05
1.52801e+04	3.06157e-02	1.55145e-04	2.53772	0.57745	2.31180e-05
1.53267e+04	3.06333e-02	2.69100e-04	6.12425	4.10644	2.31180e-05
1.53733e+04	3.06387e-02	2.50202e-04	5.69411	4.92788	2.31180e-05
1.54199e+04	3.06472e-02	1.56790e-04	5.61582	4.96048	2.31180e-05
1.54664e+04	3.06530e-02	1.83367e-04	6.13748	3.96113	2.31180e-05
1.55130e+04	3.06617e-02	1.81765e-04	5.84189	3.35188	2.31180e-05
1.55596e+04	3.06688e-02	1.94518e-04	4.88138	2.98505	2.31180e-05
1.56062e+04	3.06696e-02	1.31782e-04	3.75589	2.38065	2.31180e-05
1.56528e+04	3.06832e-02	1.85598e-04	4.70338	5.55751	2.31180e-05
1.56994e+04	3.06969e-02	1.02858e-04	0.88897	0.52073	2.31180e-05
1.57460e+04	3.06957e-02	2.64489e-04	3.36648	1.35463	2.31180e-05
1.57925e+04	3.07119e-02	1.87248e-04	1.64472	5.98787	2.31180e-05
1.58391e+04	3.07199e-02	8.33214e-05	5.53989	4.60966	2.31180e-05
1.58857e+04	3.07333e-02	3.17095e-04	0.21582	5.77714	2.31180e-05
1.59323e+04	3.07320e-02	1.44019e-04	3.83030	3.90385	2.31180e-05
1.59789e+04	3.07562e-02	4.89654e-04	0.19014	2.63655	2.31180e-05
1.60255e+04	3.07625e-02	3.70900e-04	6.14215	3.95117	2.31180e-05
1.60721e+04	3.07702e-02	2.37281e-04	5.63090	5.07432	2.31180e-05
1.61186e+04	3.07815e-02	3.78700e-04	6.17213	4.77708	2.31180e-05
1.61652e+04	3.07741e-02	1.73941e-04	4.45878	0.08935	2.31180e-05
1.62118e+04	3.07971e-02	4.20070e-04	0.23011	3.84127	2.31180e-05
1.62584e+04	3.07975e-02	1.14092e-04	0.85191	2.38966	2.31180e-05
1.63050e+04	3.08064e-02	1.39533e-04	0.22950	1.83358	2.31180e-05
1.63516e+04	3.08143e-02	7.10290e-05	0.86711	5.95573	2.31180e-05
1.63982e+04	3.08150e-02	1.88456e-04	3.77599	1.20034	2.31180e-05
1.64447e+04	3.08314e-02	2.17437e-04	0.98348	1.79447	2.31180e-05
1.64913e+04	3.08378e-02	6.01603e-05	1.59422	4.93823	2.31180e-05
1.65379e+04	3.08511e-02	1.90853e-04	0.62664	3.05106	2.31180e-05
1.65845e+04	3.08547e-02	1.80739e-04	0.34005	0.16161	2.31180e-05
1.66311e+04	3.08738e-02	4.78341e-04	0.22064	3.07080	2.31180e-05
1.66777e+04	3.08800e-02	3.82452e-04	6.15808	5.89419	2.31180e-05
1.67243e+04	3.08918e-02	3.77493e-04	0.06417	1.59153	2.31180e-05
1.67708e+04	3.08946e-02	2.09384e-04	0.82731	2.71040	2.31180e-05
1.68174e+04	3.08984e-02	2.10309e-04	0.35969	4.74584	2.31180e-05
1.68640e+04	3.09079e-02	1.77005e-04	1.21508	5.16338	2.31180e-05
1.69106e+04	3.09254e-02	4.36429e-04	0.35864	0.72014	2.31180e-05
1.69572e+04	3.09222e-02	9.71069e-05	5.88998	2.17028	2.31180e-05
1.70038e+04	3.09275e-02	1.14688e-04	0.48408	1.71043	2.31180e-05
1.70504e+04	3.09435e-02	3.26244e-04	5.67120	2.94841	2.31180e-05
1.70969e+04	3.09419e-02	2.20566e-05	1.08569	1.12001	2.31180e-05
1.71435e+04	3.09596e-02	2.73351e-04	0.33499	1.48889	2.31180e-05
1.71901e+04	3.09734e-02	4.48011e-04	6.07406	1.37306	2.31180e-05
1.72367e+04	3.09716e-02	1.78750e-04	0.63824	5.88993	2.31180e-05
1.72833e+04	3.09803e-02	1.76170e-04	5.82212	5.81733	2.31180e-05
1.73299e+04	3.09945e-02	1.97654e-04	5.95593	4.26215	2.31180e-05
1.73765e+04	3.10037e-02	2.10865e-04	5.88027	2.67151	2.31180e-05
1.74230e+04	3.10097e-02	1.06744e-04	0.56502	6.08030	2.31180e-05
1.74696e+04	3.10173e-02	2.31771e-04	5.44900	5.33742	2.31180e-05
1.75162e+04	3.10155e-02	1.35886e-04	4.07466	4.35401	2.31180e-05
1.75628e+04	3.10303e-02	9.33772e-05	0.70853	5.11947	2.31180e-05
1.76094e+04	3.10343e-02	1.58387e-04	3.82817	5.46039	2.31180e-05
1.76560e+04	3.10539e-02	2.01239e-04	0.41958	5.82797	2.31180e-05
1.77026e+04	3.10612e-02	3.32340e-04	5.71761	3.55917	2.31180e-05
1.77491e+04	3.10751e-02	4.71541e-04	6.11481	5.98160	2.31180e-05
1.77957e+04	3.10826e-02	2.36058e-04	6.20803	2.22027	2.31180e-05
1.78423e+04	3.10747e-02	6.16269e-05	3.90125	0.65891	2.31180e-05
1.78889e+04	3.10913e-02	1.28360e-04	5.72766	1.05184	2.31180e-05
1.79355e+04	3.11087e-02	3.81436e-04	0.12663	2.41349	2.31180e-05
1.79821e+04	3.11179e-02	4.28324e-04	0.35929	4.02156	2.31180e-05
1.80287e+04	3.11150e-02	1.84495e-04	6.02081	0.01894	2.31180e-05
1.80752e+04	3.11356e-02	4.09307e-04	0.11109	1.12603	2.31180e-05
1.81218e+04	3.11315e-02	3.53880e-05	5.57639	3.25116	2.31180e-05
1.81684e+04	3.11503e-02	4.66037e-04	6.11664	3.84857	2.31180e-05
1.82150e+04	3.11588e-02	4.33245e-04	0.13243	4.52236	2.31180e-05
1.82616e+04	3.11525e-02	6.85550e-05	4.29080	1.17634	2.31180e-05
1.83082e+04	3.11619e-02	1.66013e-04	1.56431	4.57492	2.31180e-05
1.83548e+04	3.11712e-02	7.11218e-05	1.06078	5.58351	2.31180e-05
1.84013e+04	3.11835e-02	2.18522e-04	5.30912	1.69278	2.31180e-05
1.84479e+04	3.11901e-02	1.74584e-04	0.57188	0.36129	2.31180e-05
1.84945e+04	3.12038e-02	3.23375e-04	5.70154	1.59139	2.31180e-05
1.85411e+04	3.12061e-02	6.23198e-05	0.88639	0.06515	2.31180e-05
1.85877e+04	3.12237e-02	3.56801e-04	0.22675	0.53690	2.31180e-05
1.86343e+04	3.12169e-02	1.67375e-04	4.19843	2.53549	2.31180e-05
1.86809e+04	3.12396e-02	3.96609e-04	0.25636	6.05871	2.31180e-05
1.87274e+04	3.12491e-02	4.15490e-04	0.25111	5.51331	2.31180e-05
1.87740e+04	3.12449e-02	7.45671e-05	2.23646	2.86487	2.31180e-05
1.88206e+04	3.12660e-02	2.86072e-04	6.16263	4.45095	2.31180e-05
1.88672e+04	3.12570e-02	1.11247e-04	2.78134	0.67429	2.31180e-05
1.89138e+04	3.12749e-02	1.34567e-04	0.38301	2.09842	2.31180e-05
1.89604e+04	3.12817e-02	1.38622e-04	5.95709	1.73862	2.31180e-05
1.90070e+04	3.13013e-02	3.44713e-04	0.01673	0.23593	2.31180e-05
1.90535e+04	3.13056e-02	2.20144e-04	5.91315	5.65999	2.31180e-05
1.91001e+04	3.13061e-02	2.24382e-05	4.17710	6.08392	2.31180e-05
1.91467e+04	3.13239e-02	2.35482e-04	5.70911	3.14623	2.31180e-05
1.91933e+04	3.13182e-02	1.49219e-04	2.63916	4.73684	2.31180e-05
1.92399e+04	3.13429e-02	3.88355e-04	6.02962	6.08161	2.31180e-05
1.92865e+04	3.13482e-02	3.36105e-04	5.85826	4.64025	2.31180e-05
1.93331e+04	3.13547e-02	1.93661e-04	0.27075	2.27101	2.31180e-05
1.93796e+04	3.13540e-02	5.88738e-05	4.34380	2.75177	2.31180e-05
1.94262e+04	3.13694e-02	1.24338e-04	5.78900	5.80850	2.31180e-05
1.94728e+04	3.13814e-02	3.66046e-04	0.26721	3.23349	2.31180e-05
1.95194e+04	3.13839e-02	1.47063e-04	0.33931	1.28957	2.31180e-05
1.95660e+04	3.13977e-02	2.89384e-04	6.04739	6.23660	2.31180e-05
1.96126e+04	3.13993e-02	1.53679e-04	0.32576	3.72898	2.31180e-05
1.96592e+04	3.14078e-02	1.91329e-04	5.13254	3.22907	2.31180e-05
1.97057e+04	3.14265e-02	3.46422e-04	0.01849	0.05724	2.31180e-05
1.97523e+04	3.14203e-02	8.72933e-05	2.22512	2.10900	2.31180e-05
1.97989e+04	3.14442e-02	3.81457e-04	6.21782	2.35692	2.31180e-05
1.98455e+04	3.14527e-02	4.43275e-04	0.15536	0.09605	2.31180e-05
1.98921e+04	3.14446e-02	1.55714e-05	3.10248	1.36703	2.31180e-05
1.99387e+04	3.14580e-02	5.20331e-05	0.55586	1.84378	2.31180e-05
1.99853e+04	3.14696e-02	2.33806e-04	0.24536	0.08326	2.31180e-05
2.00318e+04	3.14698e-02	1.71551e-04	3.98905	0.55575	2.31180e-05
2.00784e+04	3.14851e-02	1.22254e-04	6.16121	2.60700	2.31180e-05
2.01250e+04	3.14946e-02	2.11639e-04	5.45931	1.26181	2.31180e-05
2.01716e+04	3.15026e-02	2.16154e-04	5.95777	5.01486	2.31180e-05
2.02182e+04	3.15011e-02	1.62331e-04	4.05526	4.92198	2.31180e-05
2.02648e+04	3.15288e-02	3.84485e-04	0.00940	0.69827	2.31180e-05
2.03114e+04	3.15223e-02	9.72122e-05	3.67334	1.36004	2.31180e-05
2.03579e+04	3.15289e-02	1.68411e-04	1.87904	1.22954	2.31180e-05
2.04045e+04	3.15331e-02	2.63532e-04	2.97930	4.52527	2.31180e-05
2.04511e+04	3.15630e-02	4.32895e-04	0.27145	5.38708	2.31180e-05
2.04977e+04	3.15531e-02	1.37736e-04	3.86500	6.27663	2.31180e-05
2.05443e+04	3.15629e-02	7.64722e-05	4.11155	4.27952	2.31180e-05
2.05909e+04	3.15842e-02	2.85268e-04	6.13745	0.55734	2.31180e-05
2.06375e+04	3.15871e-02	1.15140e-04	5.94400	5.41084	2.31180e-05
2.06840e+04	3.15950e-02	6.18460e-05	0.60606	2.88963	2.31180e-05
2.07306e+04	3.16113e-02	3.51204e-04	6.27252	1.99665	2.31180e-05
2.07772e+04	3.16134e-02	2.47469e-04	6.07327	0.75728	2.31180e-05
2.08238e+04	3.16203e-02	1.55762e-04	0.32932	5.13708	2.31180e-05
2.08704e+04	3.16319e-02	2.13721e-04	6.02718	4.43758	2.31180e-05
2.09170e+04	3.16352e-02	8.74457e-05	0.12986	2.84981	2.31180e-05
2.09636e+04	3.16481e-02	2.08384e-04	0.39692	1.46780	2.31180e-05
2.10101e+04	3.16641e-02	4.41157e-04	0.18963	0.66728	2.31180e-05
2.10567e+04	3.16654e-02	3.31633e-04	5.77714	0.43580	2.31180e-05
2.11033e+04	3.16791e-02	3.79781e-04	6.20874	5.45899	2.31180e-05
2.11499e+04	3.16758e-02	4.35297e-05	4.61010	0.05062	2.31180e-05
2.11965e+04	3.16784e-02	1.41996e-04	3.04174	1.00254	2.31180e-05
2.12431e+04	3.16868e-02	1.49755e-04	2.66501	0.87523	2.31180e-05
2.12897e+04	3.16969e-02	9.16193e-05	4.07577	5.35995	2.31180e-05
2.13362e+04	3.17107e-02	1.03859e-04	5.66366	3.50466	2.31180e-05
2.13828e+04	3.17246e-02	3.02647e-04	0.27007	2.48753	2.31180e-05
2.14294e+04	3.17260e-02	1.72121e-04	2.09910	0.64260	2.31180e-05
2.14760e+04	3.17283e-02	1.53430e-03	1.93303	0.87682	2.31180e-05
2.15226e+04	3.17520e-02	7.23794e-03	1.08163	6.08685	2.31180e-05
2.15692e+04	3.17556e-02	3.47764e-03	0.36510	0.07732	2.31180e-05
2.16157e+04	3.17600e-02	2.33004e-03	0.26834	0.35685	2.31180e-05
2.16623e+04	3.17757e-02	1.98482e-03	0.52364	0.70930	2.31180e-05
2.17089e+04	3.17746e-02	6.16531e-04	1.47613	0.59472	2.31180e-05
2.17555e+04	3.17874e-02	1.04346e-03	2.47349	0.59648	2.31180e-05
2.18021e+04	3.17987e-02	9.67134e-04	3.88656	0.37699	2.31180e-05
2.18487e+04	3.18027e-02	1.69174e-03	4.20184	1.39464	2.31180e-05
2.18953e+04	3.18049e-02	1.06274e-03	4.87323	2.26395	2.31180e-05
2.19418e+04	3.18233e-02	2.08539e-03	6.22059	2.68715	2.31180e-05
2.19884e+04	3.18355e-02	1.62144e-03	0.61877	4.01897	2.31180e-05
2.20350e+04	3.18266e-02	1.47252e-03	2.79741	4.06343	2.31180e-05
2.20816e+04	3.18475e-02	1.16165e-03	3.94340	5.32122	2.31180e-05
2.21282e+04	3.18564e-02	8.01434e-04	5.84061	5.99480	2.31180e-05
2.21748e+04	3.18609e-02	1.21258e-03	1.16181	0.84706	2.31180e-05
2.22214e+04	3.18769e-02	3.20469e-04	2.43907	2.47972	2.31180e-05
2.22679e+04	3.18788e-02	7.07843e-04	5.74736	2.27641	2.31180e-05
2.23145e+04	3.18834e-02	9.17971e-04	0.99735	4.05915	2.31180e-05
2.23611e+04	3.18979e-02	8.22289e-05	0.76830	1.54278	2.31180e-05
2.24077e+04	3.19101e-02	1.07552e-03	0.47217	5.58195	2.31180e-05
2.24543e+04	3.19040e-02	7.45210e-04	2.58487	1.13970	2.31180e-05
2.25009e+04	3.19211e-02	4.26652e-04	0.45820	1.13704	2.31180e-05
2.25475e+04	3.19221e-02	9.00671e-04	3.42215	2.54499	2.31180e-05
2.25940e+04	3.19435e-02	4.53493e-04	6.25734	4.28817	2.31180e-05
2.26406e+04	3.19560e-02	9.45311e-04	5.64422	3.41922	2.31180e-05
2.26872e+04	3.19540e-02	3.76965e-04	1.44136	0.10209	2.31180e-05
2.27338e+04	3.19716e-02	4.71941e-04	0.67528	6.16035	2.31180e-05
2.27804e+04	3.19809e-02	9.70146e-04	5.47179	0.62112	2.31180e-05
2.28270e+04	3.19731e-02	7.76269e-05	2.10055	3.50624	2.31180e-05
2.28736e+04	3.19871e-02	4.19318e-04	3.10373	2.26442	2.31180e-05
2.29201e+04	3.19980e-02	4.92806e-04	0.41107	4.98891	2.31180e-05
2.29667e+04	3.20045e-02	1.76253e-04	2.23020	3.43998	2.31180e-05
2.30133e+04	3.20169e-02	7.55210e-04	0.33128	5.86463	2.31180e-05
2.30599e+04	3.20257e-02	3.24307e-04	5.38732	1.60024	2.31180e-05
2.31065e+04	3.20312e-02	6.60567e-04	1.06011	0.70060	2.31180e-05
2.31531e+04	3.20349e-02	4.34177e-04	6.16400	3.21264	2.31180e-05
2.31997e+04	3.20374e-02	4.05298e-04	3.40820	1.29887	2.31180e-05
2.32462e+04	3.20638e-02	2.38711e-04	1.75236	4.85347	2.31180e-05
2.32928e+04	3.20565e-02	2.65264e-04	1.87888	0.65275	2.31180e-05
2.33394e+04	3.20706e-02	4.49103e-04	0.36580	4.65333	2.31180e-05
2.33860e+04	3.20852e-02	6.69022e-04	0.12771	1.39411	2.31180e-05
2.34326e+04	3.20897e-02	4.22257e-04	6.11418	4.77736	2.31180e-05
2.34792e+04	3.20982e-02	5.55129e-04	6.03366	1.96415	2.31180e-05
2.35258e+04	3.20986e-02	2.39122e-04	0.44366	4.97390	2.31180e-05
2.35723e+04	3.21163e-02	5.18516e-04	6.16176	3.27240	2.31180e-05
2.36189e+04	3.21266e-02	4.99626e-04	1.08417	0.11356	2.31180e-05
2.36655e+04	3.21281e-02	2.26631e-04	1.97752	3.86854	2.31180e-05
2.37121e+04	3.21365e-02	3.92889e-04	4.44719	0.10414	2.31180e-05
2.37587e+04	3.21466e-02	4.01847e-04	6.04560	3.81130	2.31180e-05
2.38053e+04	3.21486e-02	3.01116e-04	2.15072	0.77258	2.31180e-05
2.38519e+04	3.21594e-02	5.26739e-04	4.73834	4.15172	2.31180e-05
2.38984e+04	3.21698e-02	2.42586e-04	1.32574	1.30995	2.31180e-05
2.39450e+04	3.21831e-02	3.85483e-04	4.82133	4.46838	2.31180e-05
2.39916e+04	3.21879e-02	2.05339e-04	1.87546	1.84591	2.31180e-05
2.40382e+04	3.21952e-02	3.86585e-04	6.09944	4.97665	2.31180e-05
2.40848e+04	3.22085e-02	2.70026e-04	4.45242	1.78121	2.31180e-05
2.41314e+04	3.22095e-02	2.90174e-04	2.91138	5.10416	2.31180e-05
2.41780e+04	3.22239e-02	4.42124e-04	0.80162	3.08132	2.31180e-05
2.42245e+04	3.22225e-02	3.75300e-04	0.84707	5.54987	2.31180e-05
2.42711e+04	3.22380e-02	4.40584e-04	6.06970	3.21239	2.31180e-05
2.43177e+04	3.22483e-02	5.43069e-04	6.17574	0.08748	2.31180e-05
2.43643e+04	3.22571e-02	4.56221e-04	0.16963	3.44743	2.31180e-05
2.44109e+04	3.22684e-02	5.06002e-04	0.42925	0.93013	2.31180e-05
2.44575e+04	3.22748e-02	3.90633e-04	1.44596	4.33593	2.31180e-05
2.45041e+04	3.22881e-02	8.47905e-05	0.51396	3.78504	2.31180e-05
2.45506e+04	3.22907e-02	5.56077e-04	5.32763	4.16693	2.31180e-05
2.45972e+04	3.23047e-02	3.98406e-04	0.46630	2.05326	2.31180e-05
2.46438e+04	3.23070e-02	2.82523e-04	4.15681	4.36058	2.31180e-05
2.46904e+04	3.23154e-02	4.62702e-04	0.49304	1.85727	2.31180e-05
2.47370e+04	3.23207e-02	4.45555e-04	4.26583	4.90028	2.31180e-05
2.47836e+04	3.23306e-02	3.28561e-04	1.56708	2.25693	2.31180e-05
2.48302e+04	3.23334e-02	2.88623e-04	5.84402	5.64278	2.31180e-05
2.48767e+04	3.23416e-02	4.10094e-04	4.43711	2.54956	2.31180e-05
2.49233e+04	3.23559e-02	2.02681e-04	3.75481	5.44342	2.31180e-05
2.49699e+04	3.23624e-02	2.85593e-04	2.27213	3.28174	2.31180e-05
2.50165e+04	3.23850e-02	2.84320e-04	0.60942	1.73246	2.31180e-05
2.50631e+04	3.23890e-02	2.10066e-04	1.49741	4.35325	2.31180e-05
2.51097e+04	3.23902e-02	2.53159e-04	3.30001	0.21057	2.31180e-05
2.51563e+04	3.23875e-02	4.87775e-04	3.77617	4.12604	2.31180e-05
2.52028e+04	3.24034e-02	3.39852e-04	5.93864	0.51258	2.31180e-05
2.52494e+04	3.24156e-02	1.82026e-04	0.87768	4.59239	2.31180e-05
2.52960e+04	3.24127e-02	5.07636e-04	3.47652	1.45345	2.31180e-05
2.53426e+04	3.24263e-02	2.44742e-04	0.09990	4.74662	2.31180e-05
2.53892e+04	3.24483e-02	3.75308e-04	5.07271	0.16125	2.31180e-05
2.54358e+04	3.24406e-02	3.17793e-04	1.66354	4.42326	2.31180e-05
2.54824e+04	3.24602e-02	5.20516e-04	6.10256	1.30723	2.31180e-05
2.55289e+04	3.24728e-02	3.73758e-04	5.33845	3.87404	2.31180e-05
2.55755e+04	3.24732e-02	1.88064e-04	3.47628	1.72847	2.31180e-05
2.56221e+04	3.24730e-02	4.76315e-04	2.99734	4.96023	2.31180e-05
2.56687e+04	3.24947e-02	7.51306e-05	2.59770	2.31744	2.31180e-05
2.57153e+04	3.25035e-02	1.08295e-04	2.23197	0.12832	2.31180e-05
2.57619e+04	3.25069e-02	3.29601e-04	4.38790	2.20670	2.31180e-05
2.58085e+04	3.25125e-02	2.54794e-04	5.55921	5.75705	2.31180e-05
2.58550e+04	3.25268e-02	4.06418e-04	0.68481	3.29291	2.31180e-05
2.59016e+04	3.25412e-02	1.98392e-04	5.34408	4.36384	2.31180e-05
2.59482e+04	3.25465e-02	6.02553e-04	0.20541	3.16989	2.31180e-05
2.59948e+04	3.25520e-02	1.31576e-04	4.66889	5.45136	2.31180e-05
2.60414e+04	3.25600e-02	3.80815e-04	0.79784	4.01680	2.31180e-05
2.60880e+04	3.25608e-02	3.40196e-04	5.55363	0.75700	2.31180e-05
2.61346e+04	3.25802e-02	2.60138e-04	5.57899	2.75059	2.31180e-05
2.61811e+04	3.25833e-02	2.88190e-04	4.18634	0.40934	2.31180e-05
2.62277e+04	3.25994e-02	1.32355e-04	6.00749	1.67016	2.31180e-05
2.62743e+04	3.25943e-02	3.89460e-04	4.06222	0.94807	2.31180e-05
2.63209e+04	3.26096e-02	2.99853e-04	5.82995	3.32938	2.31180e-05
2.63675e+04	3.26133e-02	2.86600e-04	0.40805	0.87313	2.31180e-05
2.64141e+04	3.26348e-02	2.98482e-04	0.74660	5.76955	2.31180e-05
2.64607e+04	3.26259e-02	3.62844e-04	4.47059	1.54966	2.31180e-05
2.65072e+04	3.26365e-02	1.64865e-04	1.79200	4.28725	2.31180e-05
2.65538e+04	3.26467e-02	2.98844e-04	5.61714	1.08992	2.31180e-05
2.66004e+04	3.26661e-02	1.05304e-04	1.04348	0.55123	2.31180e-05
2.66470e+04	3.26665e-02	2.58641e-04	1.18596	2.14290	2.31180e-05
2.66936e+04	3.26672e-02	1.76146e-04	0.44446	5.18893	2.31180e-05
2.67402e+04	3.26770e-02	2.65878e-04	0.83253	1.39533	2.31180e-05
2.67868e+04	3.26959e-02	5.42115e-04	0.48002	5.19897	2.31180e-05
2.68333e+04	3.26984e-02	3.37741e-04	0.97579	2.44580	2.31180e-05
2.68799e+04	3.27010e-02	3.80376e-04	2.53699	5.49066	2.31180e-05
2.69265e+04	3.27171e-02	2.59246e-04	5.35223	1.58738	2.31180e-05
2.69731e+04	3.27264e-02	3.96205e-04	0.67531	5.76882	2.31180e-05
2.70197e+04	3.27365e-02	3.34682e-04	4.99521	1.54578	2.31180e-05
2.70663e+04	3.27446e-02	2.64632e-04	0.85599	0.09147	2.31180e-05
2.71129e+04	3.27448e-02	1.88053e-04	0.12603	2.11030	2.31180e-05
2.71594e+04	3.27689e-02	5.51930e-04	5.50092	4.91583	2.31180e-05
2.72060e+04	3.27793e-02	3.35953e-04	5.59953	1.04080	2.31180e-05
2.72526e+04	3.27746e-02	1.71456e-04	4.06640	5.68985	2.31180e-05
2.72992e+04	3.27806e-02	2.03463e-04	4.57405	2.62643	2.31180e-05
2.73458e+04	3.27942e-02	4.05257e-04	5.62824	5.93478	2.31180e-05
2.73924e+04	3.28048e-02	3.84610e-04	0.33935	3.63104	2.31180e-05
2.74390e+04	3.28084e-02	1.36840e-04	3.54653	6.02256	2.31180e-05
2.74855e+04	3.28054e-02	4.97194e-05	1.47057	1.75660	2.31180e-05
2.75321e+04	3.28310e-02	1.55328e-04	5.04509	5.03951	2.31180e-05
2.75787e+04	3.28379e-02	2.69339e-04	0.98832	4.02712	2.31180e-05
2.76253e+04	3.28435e-02	4.20582e-04	6.24004	0.62927	2.31180e-05
2.76719e+04	3.28485e-02	3.12827e-04	0.23569	2.84432	2.31180e-05
2.77185e+04	3.28569e-02	3.34221e-04	0.03652	6.18552	2.31180e-05
2.77651e+04	3.28595e-02	1.82296e-04	0.90483	2.83144	2.31180e-05
2.78116e+04	3.28747e-02	3.05484e-04	1.06313	0.84295	2.31180e-05
2.78582e+04	3.28822e-02	2.82008e-04	3.58322	3.43126	2.31180e-05
2.79048e+04	3.28931e-02	3.54566e-04	6.28255	0.21851	2.31180e-05
2.79514e+04	3.29038e-02	1.21435e-04	2.43538	4.21967	2.31180e-05
2.79980e+04	3.29216e-02	6.71933e-04	0.17341	1.01997	2.31180e-05
2.80446e+04	3.29143e-02	2.61855e-04	5.59708	3.37052	2.31180e-05
2.80912e+04	3.29300e-02	3.62043e-04	5.15131	5.98789	2.31180e-05
2.81377e+04	3.29348e-02	3.19246e-04	4.56405	3.16113	2.31180e-05
2.81843e+04	3.29397e-02	3.94393e-04	4.39786	0.57820	2.31180e-05
2.82309e+04	3.29499e-02	2.31014e-04	6.03019	3.16300	2.31180e-05
2.82775e+04	3.29526e-02	2.85626e-04	1.36548	0.17256	2.31180e-05
2.83241e+04	3.29567e-02	4.26795e-04	3.32520	3.82056	2.31180e-05
2.83707e+04	3.29783e-02	4.67604e-04	0.33505	0.54767	2.31180e-05
2.84173e+04	3.29963e-02	3.85317e-04	5.47759	2.40916	2.31180e-05
2.84638e+04	3.29948e-02	3.13507e-04	1.35271	1.67587	2.31180e-05
2.85104e+04	3.30027e-02	2.72520e-04	0.85218	4.31030	2.31180e-05
2.85570e+04	3.30189e-02	5.89566e-04	0.27502	1.45185	2.31180e-05
2.86036e+04	3.30215e-02	3.39153e-04	0.62900	4.65998	2.31180e-05
2.86502e+04	3.30364e-02	2.78603e-04	0.53420	2.74959	2.31180e-05
2.86968e+04	3.30385e-02	2.58474e-04	4.88647	3.40034	2.31180e-05
2.87434e+04	3.30514e-02	6.36180e-04	0.38195	1.06989	2.31180e-05
2.87899e+04	3.30577e-02	3.12573e-04	5.12601	2.78241	2.31180e-05
2.88365e+04	3.30686e-02	4.72750e-04	0.82405	1.70801	2.31180e-05
2.88831e+04	3.30626e-02	2.55644e-04	0.29127	3.88851	2.31180e-05
2.89297e+04	3.30790e-02	3.19325e-04	6.26329	0.29937	2.31180e-05
2.89763e+04	3.30907e-02	4.23799e-04	6.12149	3.58302	2.31180e-05
2.90229e+04	3.30851e-02	1.08699e-04	5.89196	1.40818	2.31180e-05
2.90695e+04	3.30945e-02	1.58441e-04	1.90123	3.73994	2.31180e-05
2.91160e+04	3.31059e-02	2.62748e-04	4.12213	0.61597	2.31180e-05
2.91626e+04	3.31178e-02	4.02805e-04	0.58999	4.00443	2.31180e-05
2.92092e+04	3.31396e-02	4.64317e-04	5.68506	5.80659	2.31180e-05
2.92558e+04	3.31338e-02	2.42864e-04	2.32686	4.26366	2.31180e-05
2.93024e+04	3.31417e-02	2.89789e-04	1.50348	0.95207	2.31180e-05
2.93490e+04	3.31527e-02	3.24887e-04	1.17741	4.19853	2.31180e-05
2.93956e+04	3.31690e-02	2.68240e-04	0.46256	2.32646	2.31180e-05
2.94421e+04	3.31673e-02	1.19360e-04	3.02713	4.23411	2.31180e-05
2.94887e+04	3.31691e-02	2.21966e-04	4.95592	1.28148	2.31180e-05
2.95353e+04	3.31884e-02	2.15269e-04	1.14339	4.84890	2.31180e-05
2.95819e+04	3.31955e-02	3.31643e-04	6.07601	0.46722	2.31180e-05
2.96285e+04	3.31971e-02	3.36931e-04	4.16922	3.71210	2.31180e-05
2.96751e+04	3.32207e-02	1.88690e-04	0.21104	3.52334	2.31180e-05
2.97217e+04	3.32302e-02	1.93824e-04	0.13858	0.24947	2.31180e-05
2.97682e+04	3.32325e-02	8.68543e-05	5.06969	5.35249	2.31180e-05
2.98148e+04	3.32280e-02	1.32030e-04	4.68794	3.99745	2.31180e-05
2.98614e+04	3.32426e-02	2.85190e-04	0.53189	0.94041	2.31180e-05
2.99080e+04	3.32543e-02	1.76969e-04	5.02957	2.61155	2.31180e-05
2.99546e+04	3.32707e-02	4.65226e-04	0.61866	1.44035	2.31180e-05
3.00012e+04	3.32715e-02	4.08665e-04	0.03673	3.54440	2.31180e-05
3.00478e+04	3.32827e-02	4.75544e-04	6.13080	6.07783	2.31180e-05
3.00943e+04	3.32863e-02	3.18759e-04	5.94975	3.14893	2.31180e-05
3.01409e+04	3.32927e-02	2.61814e-04	0.26092	0.27394	2.31180e-05
3.01875e+04	3.32982e-02	2.93098e-04	1.95779	3.41330	2.31180e-05
3.02341e+04	3.33236e-02	4.51014e-04	5.91057	5.13622	2.31180e-05
3.02807e+04	3.33200e-02	2.28998e-04	1.12914	3.86368	2.31180e-05
3.03273e+04	3.33208e-02	1.42649e-04	5.36869	0.70367	2.31180e-05
3.03739e+04	3.33368e-02	3.07240e-04	5.43684	2.55540	2.31180e-05
3.04204e+04	3.33356e-02	2.95991e-04	4.24894	0.23781	2.31180e-05
3.04670e+04	3.33612e-02	4.06900e-04	6.00454	2.10998	2.31180e-05
3.05136e+04	3.33608e-02	3.49047e-04	6.12272	0.19489	2.31180e-05
3.05602e+04	3.33729e-02	1.58886e-04	1.90452	3.49508	2.31180e-05
3.06068e+04	3.33756e-02	2.60251e-04	5.43786	6.17162	2.31180e-05
3.06534e+04	3.33787e-02	3.60540e-04	3.50395	2.62270	2.31180e-05
3.07000e+04	3.34074e-02	4.28316e-04	0.49876	1.01390	2.31180e-05
3.07465e+04	3.34018e-02	2.52842e-04	0.91842	3.13677	2.31180e-05
3.07931e+04	3.34101e-02	1.29020e-04	1.13243	0.06481	2.31180e-05
3.08397e+04	3.34131e-02	3.07046e-04	2.82786	2.67272	2.31180e-05
3.08863e+04	3.34327e-02	2.49915e-04	5.99329	4.69528	2.31180e-05
3.09329e+04	3.34383e-02	2.41310e-04	0.89153	3.31160	2.31180e-05
3.09795e+04	3.34553e-02	6.22871e-04	6.06096	5.11124	2.31180e-05
3.10261e+04	3.34541e-02	1.37536e-04	4.66472	1.80384	2.31180e-05
3.10726e+04	3.34719e-02	2.17754e-04	0.01680	2.65213	2.31180e-05
3.11192e+04	3.34724e-02	2.84011e-04	4.72778	1.32334	2.31180e-05
3.11658e+04	3.34713e-02	2.61913e-04	4.67325	5.66373	2.31180e-05
3.12124e+04	3.34944e-02	4.83051e-04	0.42710	2.54142	2.31180e-05
3.12590e+04	3.35032e-02	2.76925e-04	5.43861	3.64051	2.31180e-05
3.13056e+04	3.35142e-02	3.75028e-04	0.24674	3.28806	2.31180e-05
3.13522e+04	3.35030e-02	1.03408e-04	0.29077	4.91711	2.31180e-05
3.13987e+04	3.35220e-02	3.65195e-04	0.33774	1.17116	2.31180e-05
3.14453e+04	3.35194e-02	1.43205e-04	0.90386	4.11262	2.31180e-05
3.14919e+04	3.35357e-02	1.50970e-04	1.56630	1.60112	2.31180e-05
3.15385e+04	3.35436e-02	2.10049e-04	4.40491	4.13027	2.31180e-05
3.15851e+04	3.35457e-02	2.59802e-04	1.40827	0.86923	2.31180e-05
3.16317e+04	3.35687e-02	3.74621e-04	6.04324	3.47877	2.31180e-05
3.16783e+04	3.35664e-02	1.19348e-04	4.03641	1.10493	2.31180e-05
3.17248e+04	3.35772e-02	2.10745e-04	4.51444	3.47372	2.31180e-05
3.17714e+04	3.35774e-02	3.09428e-04	3.94206	1.56182	2.31180e-05
3.18180e+04	3.35968e-02	3.39080e-04	0.17174	3.79956	2.31180e-05
3.18646e+04	3.36052e-02	5.04136e-05	2.23229	1.16148	2.31180e-05
3.19112e+04	3.36022e-02	6.03518e-05	0.29752	3.47479	2.31180e-05
3.19578e+04	3.36217e-02	3.23149e-04	5.10254	0.01174	2.31180e-05
3.20044e+04	3.36233e-02	3.23927e-04	3.83247	3.58965	2.31180e-05
3.20509e+04	3.36305e-02	2.57924e-04	4.10546	0.31200	2.31180e-05
3.20975e+04	3.36476e-02	2.91547e-04	6.19523	2.47198	2.31180e-05
3.21441e+04	3.36624e-02	3.10928e-04	0.29536	1.04457	2.31180e-05
3.21907e+04	3.36700e-02	2.87978e-04	5.85116	1.69049	2.31180e-05
3.22373e+04	3.36702e-02	1.36577e-04	1.65803	0.50156	2.31180e-05
3.22839e+04	3.36794e-02	2.97259e-04	0.74577	3.30016	2.31180e-05
3.23305e+04	3.36995e-02	5.53735e-04	0.38893	0.25028	2.31180e-05
3.23770e+04	3.36968e-02	3.26126e-05	1.28313	3.22501	2.31180e-05
3.24236e+04	3.37141e-02	1.89258e-04	6.12099	3.25161	2.31180e-05
3.24702e+04	3.37033e-02	1.67229e-04	1.33837	1.33004	2.31180e-05
3.25168e+04	3.37123e-02	3.25619e-04	3.58286	5.94986	2.31180e-05
3.25634e+04	3.37234e-02	2.33230e-04	2.84098	1.99357	2.31180e-05
3.26100e+04	3.37472e-02	3.40840e-04	0.65100	0.49419	2.31180e-05
3.26566e+04	3.37433e-02	1.42373e-04	2.55710	2.19264	2.31180e-05
3.27031e+04	3.37590e-02	3.36062e-04	5.24976	4.12081	2.31180e-05
3.27497e+04	3.37617e-02	2.28557e-04	0.85666	1.58482	2.31180e-05
3.27963e+04	3.37721e-02	1.34500e-04	5.40442	3.69776	2.31180e-05
3.28429e+04	3.37907e-02	2.78101e-04	0.54085	3.67931	2.31180e-05
3.28895e+04	3.37879e-02	1.76432e-04	2.09832	4.55221	2.31180e-05
3.29361e+04	3.37986e-02	1.91996e-04	1.57595	2.26575	2.31180e-05
3.29827e+04	3.38045e-02	1.53897e-04	4.58514	3.75263	2.31180e-05
3.30292e+04	3.38114e-02	2.04430e-04	0.13881	1.16612	2.31180e-05
3.30758e+04	3.38139e-02	2.46923e-04	3.74513	4.13449	2.31180e-05
3.31224e+04	3.38203e-02	3.78878e-04	2.38970	0.54229	2.31180e-05
3.31690e+04	3.38444e-02	2.88210e-04	0.40481	4.91024	2.31180e-05
3.32156e+04	3.38395e-02	2.70891e-04	2.22946	0.23636	2.31180e-05
3.32622e+04	3.38568e-02	7.26776e-05	4.93764	2.01587	2.31180e-05
3.33088e+04	3.38679e-02	4.12848e-04	5.84027	0.37558	2.31180e-05
3.33553e+04	3.38718e-02	8.37434e-05	3.23065	3.30703	2.31180e-05
3.34019e+04	3.38770e-02	1.30183e-04	1.41855	0.22256	2.31180e-05
3.34485e+04	3.38862e-02	2.85967e-04	1.35207	2.74159	2.31180e-05
3.34951e+04	3.39070e-02	4.43472e-04	0.47040	0.86369	2.31180e-05
3.35417e+04	3.39026e-02	2.16381e-04	2.97148	2.95958	2.31180e-05
3.35883e+04	3.39137e-02	2.09849e-04	0.27949	5.04175	2.31180e-05
3.36349e+04	3.39193e-02	1.92721e-04	3.00280	2.78934	2.31180e-05
3.36814e+04	3.39358e-02	2.67055e-04	0.73777	0.32466	2.31180e-05
3.37280e+04	3.39375e-02	8.30995e-05	0.54064	3.17574	2.31180e-05
3.37746e+04	3.39480e-02	1.41775e-04	1.93889	5.50583	2.31180e-05
3.38212e+04	3.39478e-02	3.31912e-04	3.98920	1.99355	2.31180e-05
3.38678e+04	3.39658e-02	3.16014e-04	6.21720	5.68226	2.31180e-05
3.39144e+04	3.39832e-02	4.27704e-04	5.68174	0.66602	2.31180e-05
3.39610e+04	3.39858e-02	1.87296e-04	4.74171	3.44101	2.31180e-05
3.40075e+04	3.39876e-02	1.29800e-04	3.49770	1.34175	2.31180e-05
3.40541e+04	3.40039e-02	2.91739e-04	5.53477	3.35511	2.31180e-05
3.41007e+04	3.39987e-02	6.98309e-05	5.41974	2.34937	2.31180e-05
3.41473e+04	3.40183e-02	5.05508e-05	4.25740	3.50555	2.31180e-05
3.41939e+04	3.40307e-02	2.53288e-04	0.25832	2.33329	2.31180e-05
3.42405e+04	3.40404e-02	5.15386e-04	0.23939	4.58344	2.31180e-05
3.42871e+04	3.40317e-02	1.28118e-04	2.16058	6.01851	2.31180e-05
3.43336e+04	3.40462e-02	1.67045e-04	1.91910	4.46096	2.31180e-05
3.43802e+04	3.40623e-02	3.59732e-04	5.86416	6.13266	2.31180e-05
3.44268e+04	3.40704e-02	8.14711e-05	0.52038	5.66180	2.31180e-05
3.44734e+04	3.40779e-02	3.55620e-04	0.43140	1.07203	2.31180e-05
3.45200e+04	3.40740e-02	2.26989e-04	1.36824	2.89202	2.31180e-05
3.45666e+04	3.40864e-02	2.75412e-04	1.56306	0.30044	2.31180e-05
3.46132e+04	3.41080e-02	2.99876e-04	5.83180	1.06690	2.31180e-05
3.46597e+04	3.40966e-02	1.97212e-05	3.30238	3.49970	2.31180e-05
3.47063e+04	3.41165e-02	1.92695e-04	5.52445	2.33284	2.31180e-05
3.47529e+04	3.41196e-02	1.33262e-04	3.26209	0.52113	2.31180e-05
3.47995e+04	3.41297e-02	1.84189e-04	4.63172	2.52029	2.31180e-05
3.48461e+04	3.41314e-02	1.29254e-04	5.23364	0.16868	2.31180e-05
3.48927e+04	3.41466e-02	1.81995e-04	1.68761	3.13137	2.31180e-05
3.49393e+04	3.41572e-02	3.16935e-04	0.15031	5.25180	2.31180e-05
3.49858e+04	3.41727e-02	4.03110e-04	5.62880	1.52735	2.31180e-05
3.50324e+04	3.41733e-02	1.20575e-04	5.14070	4.94657	2.31180e-05
3.50790e+04	3.41835e-02	3.13941e-04	5.89298	2.02208	2.31180e-05
3.51256e+04	3.41955e-02	2.33787e-04	0.30862	0.32967	2.31180e-05
3.51722e+04	3.42084e-02	5.08275e-04	5.77777	1.33334	2.31180e-05
3.52188e+04	3.41991e-02	3.33623e-04	3.44732	5.04367	2.31180e-05
3.52654e+04	3.42067e-02	2.47911e-04	2.95628	1.82283	2.31180e-05
3.53119e+04	3.42297e-02	1.62603e-04	5.63488	2.91952	2.31180e-05
3.53585e+04	3.42232e-02	1.49921e-04	4.80658	2.42410	2.31180e-05
3.54051e+04	3.42406e-02	1.09969e-04	2.04011	5.07025	2.31180e-05
3.54517e+04	3.42584e-02	5.26672e-04	0.20086	1.70572	2.31180e-05
3.54983e+04	3.42654e-02	4.72248e-04	0.10451	4.08628	2.31180e-05
3.55449e+04	3.42654e-02	2.84654e-04	0.34499	1.06081	2.31180e-05
3.55915e+04	3.42853e-02	5.06700e-04	0.49024	5.62437	2.31180e-05
3.56380e+04	3.42795e-02	1.72694e-04	4.73200	1.02075	2.31180e-05
3.56846e+04	3.42942e-02	1.38103e-04	1.03409	5.58003	2.31180e-05
3.57312e+04	3.42972e-02	9.54518e-05	6.14564	2.55019	2.31180e-05
3.57778e+04	3.43182e-02	5.20116e-04	0.33556	5.38008	2.31180e-05
3.58244e+04	3.43263e-02	2.77857e-04	0.58870	3.37996	2.31180e-05
3.58710e+04	3.43348e-02	4.54151e-04	6.10433	3.62857	2.31180e-05
3.59175e+04	3.43390e-02	1.53050e-04	0.09354	4.07025	2.31180e-05
3.59641e+04	3.43427e-02	2.20142e-04	0.39182	5.72762	2.31180e-05
3.60107e+04	3.43484e-02	1.70100e-04	1.09356	1.93332	2.31180e-05
3.60573e+04	3.43681e-02	2.24470e-04	0.28102	0.89926	2.31180e-05
3.61039e+04	3.43679e-02	2.16314e-04	6.23130	0.64690	2.31180e-05
3.61505e+04	3.43674e-02	2.61950e-04	3.05393	4.47070	2.31180e-05
3.61971e+04	3.43846e-02	2.33286e-04	0.09316	3.05207	2.31180e-05
3.62436e+04	3.43956e-02	2.67600e-04	0.55206	5.74900	2.31180e-05
3.62902e+04	3.44027e-02	1.22900e-04	0.99377	3.43926	2.31180e-05
3.63368e+04	3.44023e-02	1.06459e-04	3.54364	0.28442	2.31180e-05
3.63834e+04	3.44275e-02	3.76098e-04	0.26829	4.21481	2.31180e-05
3.64300e+04	3.44264e-02	2.56426e-04	0.21834	6.19196	2.31180e-05
3.64766e+04	3.44360e-02	3.60850e-04	0.19358	3.12458	2.31180e-05
3.65232e+04	3.44380e-02	2.35890e-04	1.25272	0.25024	2.31180e-05
3.65697e+04	3.44385e-02	3.70047e-04	3.36693	3.87851	2.31180e-05
3.66163e+04	3.44506e-02	1.54842e-04	1.68671	0.01357	2.31180e-05
3.66629e+04	3.44553e-02	1.11371e-04	4.17769	5.82869	2.31180e-05
3.67095e+04	3.44793e-02	3.11706e-04	6.02601	1.00171	2.31180e-05
3.67561e+04	3.44969e-02	6.02492e-04	0.04850	5.29370	2.31180e-05
3.68027e+04	3.44837e-02	2.78926e-04	2.62864	2.31525	2.31180e-05
3.68493e+04	3.45132e-02	5.73411e-04	6.23052	5.89883	2.31180e-05
3.68958e+04	3.45046e-02	6.67612e-05	3.88536	4.16835	2.31180e-05
3.69424e+04	3.45185e-02	1.99498e-04	5.14687	0.12777	2.31180e-05
3.69890e+04	3.45291e-02	2.87463e-04	5.17904	4.89966	2.31180e-05
3.70356e+04	3.45359e-02	3.18703e-04	0.04623	3.58399	2.31180e-05
3.70822e+04	3.45446e-02	9.80105e-05	5.45059	5.60255	2.31180e-05
3.71288e+04	3.45420e-02	1.24024e-04	1.87750	5.33592	2.31180e-05
3.71754e+04	3.45665e-02	3.73426e-04	0.26897	4.44294	2.31180e-05
3.72219e+04	3.45711e-02	3.26937e-04	6.13834	3.68171	2.31180e-05
3.72685e+04	3.45785e-02	3.42734e-04	6.19073	3.71757	2.31180e-05
3.73151e+04	3.45897e-02	9.22681e-04	4.70939	5.96253	2.31180e-05
3.73617e+04	3.45947e-02	1.44052e-03	1.21956	5.56158	2.31180e-05
3.74083e+04	3.46044e-02	2.34687e-03	5.35107	4.74083	2.31180e-05
3.74549e+04	3.46159e-02	3.08739e-03	1.50517	5.49784	2.31180e-05
3.75015e+04	3.46303e-02	1.86345e-03	4.80893	6.00418	2.31180e-05
3.75480e+04	3.46312e-02	1.01029e-03	2.91565	0.62453	2.31180e-05
3.75946e+04	3.46497e-02	2.14676e-04	2.30495	1.59480	2.31180e-05
3.76412e+04	3.46527e-02	1.92877e-04	0.50195	4.89698	2.31180e-05
3.76878e+04	3.46568e-02	8.35859e-04	3.33025	5.03385	2.31180e-05
3.77344e+04	3.46622e-02	1.15531e-03	2.24640	4.17385	2.31180e-05
3.77810e+04	3.46684e-02	3.49311e-04	2.91475	2.90559	2.31180e-05
3.78276e+04	3.46835e-02	8.43894e-04	3.23484	3.37065	2.31180e-05
3.78741e+04	3.46835e-02	6.03505e-04	4.26178	4.38497	2.31180e-05
3.79207e+04	3.47018e-02	9.56769e-04	0.66920	4.95613	2.31180e-05
3.79673e+04	3.47018e-02	1.67656e-03	0.24051	3.65875	2.31180e-05
3.80139e+04	3.47193e-02	1.82089e-03	5.31343	4.55373	2.31180e-05
3.80605e+04	3.47317e-02	1.14371e-03	5.59833	5.25121	2.31180e-05
3.81071e+04	3.47360e-02	1.38571e-03	0.74215	6.16066	2.31180e-05
3.81537e+04	3.47403e-02	1.29627e-03	4.15738	0.14455	2.31180e-05
3.82002e+04	3.47454e-02	1.01579e-03	2.47144	0.58349	2.31180e-05
3.82468e+04	3.47619e-02	5.18213e-04	1.44297	1.75526	2.31180e-05
3.82934e+04	3.47583e-02	5.12958e-04	2.04485	2.67659	2.31180e-05
3.83400e+04	3.47653e-02	9.85297e-04	3.74161	3.89827	2.31180e-05
3.83866e+04	3.47851e-02	1.03969e-03	0.97076	4.70746	2.31180e-05
3.84332e+04	3.47882e-02	5.26594e-04	0.48263	4.61269	2.31180e-05
3.84798e+04	3.48035e-02	1.12450e-03	6.13517	6.06713	2.31180e-05
3.85263e+04	3.48033e-02	3.36159e-04	0.67210	1.17846	2.31180e-05
3.85729e+04	3.48180e-02	8.74746e-04	4.72210	0.74967	2.31180e-05
3.86195e+04	3.48278e-02	2.90231e-04	1.28719	2.93244	2.31180e-05
3.86661e+04	3.48363e-02	8.03661e-04	0.84492	3.53822	2.31180e-05
3.87127e+04	3.48399e-02	7.24619e-04	2.77519	3.18706	2.31180e-05
3.87593e+04	3.48585e-02	5.94213e-04	5.74544	3.21804	2.31180e-05
3.88059e+04	3.48534e-02	5.49589e-04	1.39329	5.71227	2.31180e-05
3.88524e+04	3.48571e-02	8.50198e-04	0.64534	6.02549	2.31180e-05
3.88990e+04	3.48786e-02	7.58966e-04	1.25235	0.12889	2.31180e-05
3.89456e+04	3.48755e-02	1.22936e-04	2.43812	1.36750	2.31180e-05
3.89922e+04	3.48927e-02	8.51479e-04	5.19257	2.46916	2.31180e-05
3.90388e+04	3.48970e-02	7.68487e-04	4.34672	2.32461	2.31180e-05
3.90854e+04	3.49055e-02	9.96799e-05	3.91749	3.20322	2.31180e-05
3.91320e+04	3.49086e-02	5.58337e-04	3.66431	5.34801	2.31180e-05
3.91785e+04	3.49242e-02	7.18274e-04	0.71279	5.35162	2.31180e-05
3.92251e+04	3.49228e-02	3.59057e-04	5.48236	5.36457	2.31180e-05
3.92717e+04	3.49371e-02	1.10579e-04	2.23997	2.28744	2.31180e-05
3.93183e+04	3.49435e-02	6.11405e-04	3.58883	2.34288	2.31180e-05
3.93649e+04	3.49646e-02	8.87069e-04	0.06518	2.44573	2.31180e-05
3.94115e+04	3.49613e-02	5.04752e-04	4.37756	2.45659	2.31180e-05
3.94581e+04	3.49738e-02	1.28687e-04	4.06314	2.27523	2.31180e-05
3.95046e+04	3.49841e-02	1.36377e-04	0.45995	0.56698	2.31180e-05
3.95512e+04	3.49910e-02	3.62236e-04	3.28897	0.17910	2.31180e-05
3.95978e+04	3.49977e-02	7.12471e-04	0.81384	0.28474	2.31180e-05
3.96444e+04	3.50069e-02	7.16923e-04	0.01075	0.19312	2.31180e-05
3.96910e+04	3.50093e-02	2.38531e-04	1.00109	6.06899	2.31180e-05
3.97376e+04	3.50251e-02	3.97137e-04	6.11720	3.01597	2.31180e-05
3.97842e+04	3.50387e-02	4.16466e-04	3.55603	2.83992	2.31180e-05
3.98307e+04	3.50380e-02	4.37248e-04	2.03557	3.10849	2.31180e-05
3.98773e+04	3.50532e-02	1.69021e-04	0.10957	5.27299	2.31180e-05
3.99239e+04	3.50483e-02	4.34727e-04	1.36642	5.74739	2.31180e-05
3.99705e+04	3.50771e-02	5.63657e-04	4.61328	5.72508	2.31180e-05
4.00171e+04	3.50739e-02	3.09947e-04	2.59869	6.17863	2.31180e-05
4.00637e+04	3.50855e-02	2.68222e-04	5.78292	2.94647	2.31180e-05
4.01103e+04	3.50868e-02	6.10121e-04	1.18325	2.70541	2.31180e-05
4.01568e+04	3.50993e-02	3.99154e-04	4.79640	2.04144	2.31180e-05
4.02034e+04	3.51191e-02	5.19943e-04	6.06105	5.23517	2.31180e-05
4.02500e+04	3.51190e-02	7.31339e-04	6.09209	4.89165	2.31180e-05
4.02966e+04	3.51177e-02	3.50841e-04	1.48067	4.42347	2.31180e-05
4.03432e+04	3.51463e-02	6.07894e-04	6.14557	2.48001	2.31180e-05
4.03898e+04	3.51340e-02	4.99964e-04	4.83287	1.75115	2.31180e-05
4.04364e+04	3.51443e-02	5.52865e-04	4.56551	1.50106	2.31180e-05
4.04829e+04	3.51564e-02	3.57163e-04	5.86337	1.21366	2.31180e-05
4.05295e+04	3.51793e-02	2.45140e-04	0.15935	3.17504	2.31180e-05
4.05761e+04	3.51710e-02	2.37006e-04	1.54542	5.86427	2.31180e-05
4.06227e+04	3.51953e-02	6.71127e-04	0.15601	0.29920	2.31180e-05
4.06693e+04	3.51944e-02	9.93309e-05	0.25567	1.06475	2.31180e-05
4.07159e+04	3.52090e-02	3.06430e-04	5.95755	4.04798	2.31180e-05
4.07625e+04	3.51997e-02	2.46849e-04	0.81748	0.56269	2.31180e-05
4.08090e+04	3.52111e-02	3.56092e-04	5.15626	1.71018	2.31180e-05
4.08556e+04	3.52191e-02	2.19145e-04	0.22010	1.12795	2.31180e-05
4.09022e+04	3.52472e-02	1.75784e-04	0.77315	2.87640	2.31180e-05
4.09488e+04	3.52439e-02	8.21572e-04	0.06302	1.16136	2.31180e-05
4.09954e+04	3.52502e-02	6.48669e-04	5.01731	1.62756	2.31180e-05
4.10420e+04	3.52581e-02	7.47775e-04	5.83410	1.51529	2.31180e-05
4.10886e+04	3.52697e-02	6.88194e-04	0.61762	2.72531	2.31180e-05
4.11351e+04	3.52670e-02	8.50804e-04	3.53787	3.65527	2.31180e-05
4.11817e+04	3.52923e-02	4.54944e-04	1.82789	4.50665	2.31180e-05
4.12283e+04	3.52878e-02	7.95949e-04	1.77696	5.27599	2.31180e-05
4.12749e+04	3.52984e-02	1.12961e-03	3.84054	5.51140	2.31180e-05
4.13215e+04	3.53164e-02	8.87040e-04	0.83161	6.12061	2.31180e-05
4.13681e+04	3.53295e-02	1.17921e-03	5.83414	0.30167	2.31180e-05
4.14147e+04	3.53265e-02	8.58980e-04	6.00771	0.89821	2.31180e-05
4.14612e+04	3.53444e-02	1.01713e-03	1.10319	1.87734	2.31180e-05
4.15078e+04	3.53388e-02	4.97671e-04	4.17280	2.75550	2.31180e-05
4.15544e+04	3.53543e-02	5.44844e-04	2.29863	3.87934	2.31180e-05
4.16010e+04	3.53629e-02	4.25642e-04	2.32852	4.68857	2.31180e-05
4.16476e+04	3.53678e-02	5.25246e-04	4.49858	4.96104	2.31180e-05
4.16942e+04	3.53682e-02	5.19349e-04	1.04478	6.15153	2.31180e-05
4.17408e+04	3.53748e-02	1.93116e-04	0.09646	0.14933	2.31180e-05
4.17873e+04	3.53848e-02	9.83410e-05	6.21840	1.24283	2.31180e-05
4.18339e+04	3.54087e-02	4.42623e-04	1.65147	2.06336	2.31180e-05
4.18805e+04	3.54119e-02	3.57363e-04	6.12592	1.73614	2.31180e-05
4.19271e+04	3.54225e-02	2.37246e-04	4.93812	2.40041	2.31180e-05
4.19737e+04	3.54280e-02	5.17470e-04	3.64735	4.78547	2.31180e-05
4.20203e+04	3.54375e-02	1.04610e-03	6.08985	5.06123	2.31180e-05
4.20669e+04	3.54410e-02	6.02496e-04	3.71415	5.50183	2.31180e-05
4.21134e+04	3.54522e-02	6.30666e-04	1.95882	0.66839	2.31180e-05
4.21600e+04	3.54552e-02	7.74506e-04	3.37623	0.57303	2.31180e-05
4.22066e+04	3.54813e-02	1.07435e-03	6.25738	0.64255	2.31180e-05
4.22532e+04	3.54676e-02	8.33762e-04	3.92015	1.27657	2.31180e-05
4.22998e+04	3.54761e-02	8.56040e-04	3.22030	1.90492	2.31180e-05
4.23464e+04	3.54965e-02	6.23879e-04	4.16101	2.52615	2.31180e-05
4.23930e+04	3.55010e-02	5.05189e-04	6.21178	3.67256	2.31180e-05
4.24395e+04	3.55125e-02	4.28460e-04	4.49738	3.95409	2.31180e-05
4.24861e+04	3.55123e-02	4.65632e-04	3.70900	4.94464	2.31180e-05
4.25327e+04	3.55290e-02	5.77313e-04	5.95777	4.54543	2.31180e-05
4.25793e+04	3.55353e-02	3.03010e-04	2.75532	4.96338	2.31180e-05
4.26259e+04	3.55577e-02	5.89463e-04	0.55153	6.04625	2.31180e-05
4.26725e+04	3.55484e-02	3.57742e-04	2.67323	4.51453	2.31180e-05
4.27191e+04	3.55601e-02	4.68261e-04	5.79175	3.62198	2.31180e-05
4.27656e+04	3.55681e-02	2.96827e-04	5.01761	1.96811	2.31180e-05
4.28122e+04	3.55879e-02	5.40855e-04	0.56160	5.57337	2.31180e-05
4.28588e+04	3.55836e-02	3.74471e-04	2.30673	4.66884	2.31180e-05
4.29054e+04	3.55899e-02	1.18735e-04	2.91469	0.32295	2.31180e-05
4.29520e+04	3.56142e-02	5.71288e-04	1.05488	0.13579	2.31180e-05
4.29986e+04	3.56134e-02	3.17677e-04	5.96921	1.14283	2.31180e-05
4.30452e+04	3.56303e-02	5.35232e-04	0.65061	1.50196	2.31180e-05
4.30917e+04	3.56278e-02	2.94041e-04	4.38127	0.76323	2.31180e-05
4.31383e+04	3.56361e-02	2.83897e-04	2.11105	1.41366	2.31180e-05
4.31849e+04	3.56392e-02	1.67932e-04	2.87536	0.71092	2.31180e-05
4.32315e+04	3.56411e-02	1.36861e-04	2.79429	2.56513	2.31180e-05
4.32781e+04	3.56661e-02	5.52711e-04	5.41514	3.39837	2.31180e-05
4.33247e+04	3.56811e-02	4.46692e-04	0.07633	1.32357	2.31180e-05
4.33713e+04	3.56827e-02	1.95560e-04	1.47826	0.48825	2.31180e-05
4.34178e+04	3.56859e-02	3.40354e-04	5.41366	5.10222	2.31180e-05
4.34644e+04	3.56964e-02	2.24398e-04	4.32381	3.87854	2.31180e-05
4.35110e+04	3.57139e-02	4.41750e-04	0.02214	1.28959	2.31180e-05
4.35576e+04	3.57154e-02	4.89986e-04	0.56097	1.85136	2.31180e-05
4.36042e+04	3.57314e-02	6.14400e-04	5.82989	5.67740	2.31180e-05
4.36508e+04	3.57273e-02	3.65121e-04	4.30641	5.44387	2.31180e-05
4.36974e+04	3.57325e-02	2.49954e-04	5.05207	4.65808	2.31180e-05
4.37439e+04	3.57490e-02	4.37764e-04	0.39092	4.71614	2.31180e-05
4.37905e+04	3.57439e-02	4.56366e-04	2.95808	5.55387	2.31180e-05
4.38371e+04	3.57702e-02	4.44885e-04	0.76590	0.31144	2.31180e-05
4.38837e+04	3.57776e-02	3.44500e-04	0.28936	1.36705	2.31180e-05
4.39303e+04	3.57793e-02	2.07791e-04	0.25112	3.71617	2.31180e-05
4.39769e+04	3.57877e-02	1.87658e-04	3.90065	4.11203	2.31180e-05
4.40235e+04	3.58044e-02	2.67532e-04	4.17594	3.34807	2.31180e-05
4.40700e+04	3.58038e-02	1.60995e-04	5.66329	3.09559	2.31180e-05
4.41166e+04	3.57995e-02	1.71158e-04	5.73701	5.99610	2.31180e-05
4.41632e+04	3.58195e-02	2.57372e-04	1.94513	1.93852	2.31180e-05
4.42098e+04	3.58320e-02	2.68538e-04	3.97611	0.08725	2.31180e-05
4.42564e+04	3.58337e-02	5.10193e-04	3.68176	2.30926	2.31180e-05
4.43030e+04	3.58514e-02	3.84069e-04	6.07765	3.59369	2.31180e-05
4.43496e+04	3.58431e-02	3.58598e-04	5.52321	3.29885	2.31180e-05
4.43961e+04	3.58685e-02	4.51892e-04	5.41195	4.31887	2.31180e-05
4.44427e+04	3.58726e-02	2.99040e-04	1.24223	4.87526	2.31180e-05
4.44893e+04	3.58902e-02	7.21861e-04	5.20235	5.34807	2.31180e-05
4.45359e+04	3.58922e-02	1.14097e-04	6.00640	4.45908	2.31180e-05
4.45825e+04	3.59040e-02	6.75513e-04	5.60804	0.25620	2.31180e-05
4.46291e+04	3.59110e-02	5.09420e-04	0.10975	2.92248	2.31180e-05
4.46757e+04	3.59232e-02	9.97203e-04	5.97643	2.27838	2.31180e-05
4.47222e+04	3.59338e-02	9.33315e-04	6.28165	2.68868	2.31180e-05
4.47688e+04	3.59418e-02	5.26435e-04	0.15638	5.02363	2.31180e-05
4.48154e+04	3.59397e-02	5.43329e-04	5.21119	4.25527	2.31180e-05
4.48620e+04	3.59380e-02	6.05778e-04	4.24037	5.00093	2.31180e-05
4.49086e+04	3.59448e-02	3.39200e-04	3.51464	1.00534	2.31180e-05
4.49552e+04	3.59741e-02	9.13824e-04	0.43005	1.15847	2.31180e-05
4.50018e+04	3.59628e-02	1.64224e-04	3.57445	3.15790	2.31180e-05
4.50483e+04	3.59792e-02	6.06975e-04	5.22490	2.16124	2.31180e-05
4.50949e+04	3.59822e-02	5.44817e-05	0.79031	2.77039	2.31180e-05
4.51415e+04	3.59972e-02	5.13531e-04	4.25137	3.56026	2.31180e-05
4.51881e+04	3.60050e-02	4.10254e-05	2.61818	4.95744	2.31180e-05
4.52347e+04	3.60197e-02	4.12151e-04	3.88972	5.25130	2.31180e-05
4.52813e+04	3.60170e-02	2.35902e-04	6.19376	0.03337	2.31180e-05
4.53279e+04	3.60319e-02	5.83644e-04	4.37674	0.74672	2.31180e-05
4.53744e+04	3.60326e-02	6.96027e-04	4.52838	1.30389	2.31180e-05
4.54210e+04	3.60485e-02	5.15722e-04	0.05601	2.02158	2.31180e-05
4.54676e+04	3.60522e-02	8.31199e-04	3.81825	2.60475	2.31180e-05
4.55142e+04	3.60647e-02	2.47743e-04	2.67862	3.62897	2.31180e-05
4.55608e+04	3.60788e-02	2.79088e-04	4.73014	3.28392	2.31180e-05
4.56074e+04	3.60814e-02	6.40244e-04	0.59713	4.67773	2.31180e-05
4.56540e+04	3.60899e-02	4.84034e-04	5.43784	5.19318	2.31180e-05
4.57005e+04	3.61068e-02	5.74938e-04	4.95808	0.29161	2.31180e-05
4.57471e+04	3.61139e-02	1.17768e-03	6.22002	1.76718	2.31180e-05
4.57937e+04	3.61219e-02	5.26141e-04	4.58266	1.70319	2.31180e-05
4.58403e+04	3.61136e-02	9.43547e-04	3.74620	2.68545	2.31180e-05
4.58869e+04	3.61398e-02	1.34382e-03	5.31378	3.11336	2.31180e-05
4.59335e+04	3.61402e-02	1.16979e-03	1.64161	4.34719	2.31180e-05
4.59801e+04	3.61455e-02	1.02222e-03	0.80848	4.59212	2.31180e-05
4.60266e+04	3.61636e-02	8.64527e-04	0.70494	5.95834	2.31180e-05
4.60732e+04	3.61682e-02	7.99013e-04	3.45139	0.04129	2.31180e-05
4.61198e+04	3.61665e-02	5.61102e-04	1.97658	0.19585	2.31180e-05
4.61664e+04	3.61784e-02	7.07531e-04	1.00231	1.69974	2.31180e-05
4.62130e+04	3.61921e-02	6.24635e-04	2.65314	2.43368	2.31180e-05
4.62596e+04	3.61988e-02	1.03498e-03	0.32541	2.71859	2.31180e-05
4.63062e+04	3.61987e-02	2.87574e-04	5.65785	3.48581	2.31180e-05
4.63527e+04	3.62169e-02	7.51354e-04	6.19048	4.63115	2.31180e-05
4.63993e+04	3.62198e-02	5.74180e-04	3.13698	4.95510	2.31180e-05
4.64459e+04	3.62401e-02	3.71708e-04	0.38683	0.54557	2.31180e-05
4.64925e+04	3.62334e-02	5.91416e-04	1.36349	0.56178	2.31180e-05
4.65391e+04	3.62472e-02	4.96810e-05	0.52737	4.26358	2.31180e-05
4.65857e+04	3.62559e-02	5.34055e-04	0.73202	2.51602	2.31180e-05
