# t	a	e	mean_anomaly	varpi	mass/M_star
1.24228e+02	2.31607e-02	9.68413e-02	1.27618	3.72443	1.29620e-05
2.79514e+02	2.31638e-02	8.87007e-02	3.56907	2.06788	1.29620e-05
4.34800e+02	2.31681e-02	6.54980e-02	0.08337	0.21444	1.29620e-05
5.90085e+02	2.31683e-02	3.34786e-02	3.52951	4.06765	1.29620e-05
7.45371e+02	2.31633e-02	3.60532e-02	1.56085	1.02449	1.29620e-05
9.00656e+02	2.31759e-02	6.83049e-02	5.60195	5.07984	1.29620e-05
1.05594e+03	2.31602e-02	8.69820e-02	3.43991	3.30933	1.29620e-05
1.21123e+03	2.31606e-02	9.54636e-02	1.56069	1.68388	1.29620e-05
1.36651e+03	2.31494e-02	9.53173e-02	6.11614	0.08925	1.29620e-05
1.52180e+03	2.31570e-02	8.74153e-02	4.82730	4.71292	1.29620e-05
1.67708e+03	2.31579e-02	6.38554e-02	3.90316	2.89029	1.29620e-05
1.83237e+03	2.31662e-02	3.79276e-02	3.39100	0.80226	1.29620e-05
1.98766e+03	2.31568e-02	3.05148e-02	4.04558	4.15351	1.29620e-05
2.14294e+03	2.31578e-02	5.56344e-02	4.57836	1.66045	1.29620e-05
2.29823e+03	2.31535e-02	7.29798e-02	4.59894	6.13212	1.29620e-05
2.45351e+03	2.31690e-02	8.88760e-02	4.73569	4.47664	1.29620e-05
2.60880e+03	2.31687e-02	9.55055e-02	5.21873	2.85649	1.29620e-05
2.76408e+03	2.31375e-02	9.65691e-02	5.80760	1.27603	1.29620e-05
2.91937e+03	2.31760e-02	9.73340e-02	0.19805	5.98243	1.29620e-05
3.07465e+03	2.31519e-02	9.01150e-02	1.13927	4.39083	1.29620e-05
3.22994e+03	2.31710e-02	8.30836e-02	2.02180	2.81774	1.29620e-05
3.38523e+03	2.31764e-02	7.86270e-02	3.24968	1.19559	1.29620e-05
3.54051e+03	2.31568e-02	6.28617e-02	4.94102	5.77309	1.29620e-05
3.69580e+03	2.31516e-02	5.20647e-02	0.80659	4.03971	1.29620e-05
3.85108e+03	2.31523e-02	3.49854e-02	3.36377	1.96976	1.29620e-05
4.00637e+03	2.31511e-02	2.62298e-02	0.05986	6.08389	1.29620e-05
4.16165e+03	2.31642e-02	3.12662e-02	3.42218	3.79392	1.29620e-05
4.31694e+03	2.31679e-02	4.39405e-02	0.53092	1.68393	1.29620e-05
4.47222e+03	2.31763e-02	5.72008e-02	3.89520	6.22140	1.29620e-05
4.62751e+03	2.31664e-02	7.41963e-02	1.14056	4.46416	1.29620e-05
4.78280e+03	2.31521e-02	8.01755e-02	4.98496	2.83345	1.29620e-05
4.93808e+03	2.31574e-02	9.08447e-02	2.69061	1.20938	1.29620e-05
5.09337e+03	2.31656e-02	9.52865e-02	0.91881	5.88844	1.29620e-05
5.24865e+03	2.31396e-02	9.51305e-02	5.57960	4.32666	1.29620e-05
5.40394e+03	2.31531e-02	9.68591e-02	4.40118	2.76783	1.29620e-05
5.55922e+03	2.31730e-02	9.46571e-02	3.76277	1.19624	1.29620e-05
5.71451e+03	2.31628e-02	8.56818e-02	5.05778	5.86921	1.29620e-05
5.86979e+03	2.31553e-02	7.14170e-02	0.54727	4.16699	1.29620e-05
6.02508e+03	2.31568e-02	4.77974e-02	2.52640	2.31559	1.29620e-05
6.18037e+03	2.31639e-02	3.27572e-02	5.14953	0.29280	1.29620e-05
6.33565e+03	2.31547e-02	2.95687e-02	2.21431	3.76947	1.29620e-05
6.49094e+03	2.31636e-02	3.99776e-02	5.24778	1.66947	1.29620e-05
6.64622e+03	2.31728e-02	6.18586e-02	1.83889	6.08712	1.29620e-05
6.80151e+03	2.31484e-02	7.54144e-02	5.07938	4.35903	1.29620e-05
6.95679e+03	2.31515e-02	8.64102e-02	2.01074	2.75699	1.29620e-05
7.11208e+03	2.31732e-02	9.62927e-02	5.66151	1.15582	1.29620e-05
7.26736e+03	2.31732e-02	9.74672e-02	3.25688	5.97184	1.29620e-05
7.42265e+03	2.31764e-02	1.00713e-01	1.02305	4.66336	1.29620e-05
7.57794e+03	2.31595e-02	9.92440e-02	5.42111	3.35694	1.29620e-05
7.73322e+03	2.31699e-02	9.47901e-02	3.77677	2.10733	1.29620e-05
7.88851e+03	2.31754e-02	9.72116e-02	2.21828	0.85356	1.29620e-05
8.04379e+03	2.31741e-02	9.14777e-02	1.11445	5.84003	1.29620e-05
8.19908e+03	2.31578e-02	7.60450e-02	0.00166	4.99373	1.29620e-05
8.35436e+03	2.31533e-02	3.02392e-02	4.07081	0.25631	1.29620e-05
8.50965e+03	2.31572e-02	8.93888e-02	2.55656	1.11726	1.29620e-05
8.66493e+03	2.31567e-02	6.85727e-02	2.01897	0.72747	1.29620e-05
8.82022e+03	2.31615e-02	7.24998e-02	1.17833	1.65079	1.29620e-05
8.97551e+03	2.31555e-02	9.05919e-02	1.94472	1.16410	1.29620e-05
9.13079e+03	2.31558e-02	5.78772e-02	2.58032	2.70207	1.29620e-05
9.28608e+03	2.31437e-02	1.09670e-01	2.82730	5.31955	1.29620e-05
9.44136e+03	2.31605e-02	8.68579e-02	3.33208	2.91553	1.29620e-05
9.59665e+03	2.31741e-02	1.02499e-01	1.69969	5.30661	1.29620e-05
9.75193e+03	2.31461e-02	9.64490e-02	4.55546	3.94848	1.29620e-05
9.90722e+03	2.31431e-02	8.51884e-02	1.30829	3.19074	1.29620e-05
1.00625e+04	2.31468e-02	1.09308e-01	4.99090	1.63867	1.29620e-05
1.02178e+04	2.31630e-02	9.41258e-02	3.86604	4.91972	1.29620e-05
1.03731e+04	2.31638e-02	9.37484e-02	3.32508	0.41303	1.29620e-05
1.05284e+04	2.31772e-02	1.19142e-01	1.67040	3.10085	1.29620e-05
1.06836e+04	2.31476e-02	5.94884e-02	3.85638	5.47489	1.29620e-05
1.08389e+04	2.31593e-02	1.06762e-01	1.71650	0.80290	1.29620e-05
1.09942e+04	2.31723e-02	8.44587e-02	5.32876	1.60559	1.29620e-05
1.11495e+04	2.31570e-02	9.20625e-02	2.42577	1.71152	1.29620e-05
1.13048e+04	2.31502e-02	8.14874e-02	1.03573	2.19356	1.29620e-05
1.14601e+04	2.31770e-02	5.61715e-02	2.57797	3.61701	1.29620e-05
1.16154e+04	2.31341e-02	5.30896e-02	2.88348	4.59665	1.29620e-05
1.17706e+04	2.31363e-02	2.51530e-02	2.32186	0.45903	1.29620e-05
1.19259e+04	2.31321e-02	2.81888e-02	5.87260	4.07304	1.29620e-05
1.20812e+04	2.31371e-02	3.69685e-02	1.02563	5.90294	1.29620e-05
1.22365e+04	2.31367e-02	5.77187e-02	5.63344	1.58952	1.29620e-05
1.23918e+04	2.31769e-02	8.20678e-02	1.38589	2.66103	1.29620e-05
1.25471e+04	2.31711e-02	7.78382e-02	2.61420	6.16504	1.29620e-05
1.27024e+04	2.31204e-02	6.18222e-02	3.64495	4.97960	1.29620e-05
1.28576e+04	2.31503e-02	2.50793e-02	3.49831	5.06586	1.29620e-05
1.30129e+04	2.31771e-02	6.34423e-02	4.48791	2.85885	1.29620e-05
1.31682e+04	2.31107e-02	7.33530e-02	5.55752	1.85502	1.29620e-05
1.33235e+04	2.31792e-02	6.91853e-02	0.39601	3.55016	1.29620e-05
1.34788e+04	2.30945e-02	6.81370e-02	1.41717	4.43864	1.29620e-05
1.36341e+04	2.31699e-02	8.36074e-02	1.67882	3.16665	1.29620e-05
1.37894e+04	2.31994e-02	5.76493e-02	5.76668	1.44940	1.29620e-05
1.39446e+04	2.32106e-02	6.69310e-02	0.83366	4.72655	1.29620e-05
1.40999e+04	2.31849e-02	3.97616e-02	2.72744	0.45933	1.29620e-05
1.42552e+04	2.31901e-02	5.29602e-02	2.21140	4.14986	1.29620e-05
1.44105e+04	2.32149e-02	6.30497e-02	2.39229	1.23878	1.29620e-05
1.45658e+04	2.31981e-02	5.78348e-02	4.23047	3.33820	1.29620e-05
1.47211e+04	2.32025e-02	5.25724e-02	3.37373	5.93682	1.29620e-05
1.48764e+04	2.31927e-02	5.05669e-02	5.91038	1.72299	1.29620e-05
1.50316e+04	2.31045e-02	3.44211e-02	5.00544	2.11715	1.29620e-05
1.51869e+04	2.31562e-02	5.93588e-02	3.08330	1.70186	1.29620e-05
1.53422e+04	2.31167e-02	4.66800e-02	1.67083	5.92420	1.29620e-05
1.54975e+04	2.31894e-02	4.95494e-02	0.37192	4.28326	1.29620e-05
1.56528e+04	2.31430e-02	4.00849e-02	1.03017	2.40469	1.29620e-05
1.58081e+04	2.31720e-02	6.97306e-02	3.64021	3.15590	1.29620e-05
1.59634e+04	2.31830e-02	4.01095e-02	5.54086	5.91077	1.29620e-05
1.61186e+04	2.31972e-02	5.57752e-02	1.69400	4.40447	1.29620e-05
1.62739e+04	2.31774e-02	3.39857e-02	1.91159	5.38186	1.29620e-05
1.64292e+04	2.31922e-02	2.99296e-02	5.44080	0.64923	1.29620e-05
1.65845e+04	2.31476e-02	4.66688e-02	2.00528	4.33380	1.29620e-05
1.67398e+04	2.31798e-02	4.17204e-03	2.21641	4.60742	1.29620e-05
1.68951e+04	2.31903e-02	6.77429e-02	2.89449	0.31563	1.29620e-05
1.70504e+04	2.31647e-02	6.21952e-02	2.47230	5.96993	1.29620e-05
1.72056e+04	2.32026e-02	6.90184e-02	0.88470	4.59627	1.29620e-05
1.73609e+04	2.31374e-02	3.99811e-02	0.47366	1.15065	1.29620e-05
1.75162e+04	2.31449e-02	5.90318e-02	2.46336	5.93891	1.29620e-05
1.76715e+04	2.31252e-02	5.79107e-02	1.36269	5.13749	1.29620e-05
1.78268e+04	2.31260e-02	5.00328e-02	2.47331	4.78710	1.29620e-05
1.79821e+04	2.31524e-02	7.19760e-02	4.60741	3.45382	1.29620e-05
1.81374e+04	2.32011e-02	6.55822e-02	1.07581	3.07056	1.29620e-05
1.82926e+04	2.31090e-02	3.40636e-02	3.13911	5.37908	1.29620e-05
1.84479e+04	2.31289e-02	3.43179e-02	3.83770	0.41551	1.29620e-05
1.86032e+04	2.31975e-02	3.86548e-02	1.20400	1.04783	1.29620e-05
1.87585e+04	2.31657e-02	1.96733e-02	3.74873	6.25361	1.29620e-05
1.89138e+04	2.31579e-02	3.38658e-02	5.44307	5.36784	1.29620e-05
1.90691e+04	2.31519e-02	2.57837e-02	5.35381	5.84149	1.29620e-05
1.92244e+04	2.31269e-02	2.60669e-02	2.06016	0.57480	1.29620e-05
1.93796e+04	2.31180e-02	3.68172e-02	2.07861	2.64328	1.29620e-05
1.95349e+04	2.31891e-02	3.59852e-02	2.97711	2.90202	1.29620e-05
1.96902e+04	2.31408e-02	3.98260e-02	1.95122	4.98510	1.29620e-05
1.98455e+04	2.31401e-02	5.30968e-02	0.84954	0.82853	1.29620e-05
2.00008e+04	2.31527e-02	8.97488e-02	4.55548	3.77634	1.29620e-05
2.01561e+04	2.31197e-02	6.02015e-02	3.92247	4.50793	1.29620e-05
2.03114e+04	2.31252e-02	8.38430e-02	5.12813	2.11153	1.29620e-05
2.04666e+04	2.32119e-02	8.29094e-02	3.11675	3.91568	1.29620e-05
2.06219e+04	2.30906e-02	7.45879e-02	0.08267	1.16383	1.29620e-05
2.07772e+04	2.31319e-02	3.62625e-02	2.82030	4.76634	1.29620e-05
2.09325e+04	2.31896e-02	4.92897e-02	2.18501	3.79070	1.29620e-05
2.10878e+04	2.31791e-02	1.46841e-02	0.26955	4.62048	1.29620e-05
2.12431e+04	2.31532e-02	3.84698e-02	5.04745	3.53439	1.29620e-05
2.13984e+04	2.31668e-02	4.33712e-02	1.92412	5.76701	1.29620e-05
2.15536e+04	2.31981e-02	3.47381e-02	1.86122	1.17978	1.29620e-05
2.17089e+04	2.31381e-02	3.73483e-02	1.96435	4.46254	1.29620e-05
2.18642e+04	2.31616e-02	2.02429e-02	2.00036	2.54764	1.29620e-05
2.20195e+04	2.31738e-02	1.86449e-02	1.34488	4.61980	1.29620e-05
2.21748e+04	2.31802e-02	2.97638e-03	3.49704	2.58187	1.29620e-05
2.23301e+04	2.32153e-02	7.58745e-02	5.19293	5.48773	1.29620e-05
2.24853e+04	2.31950e-02	3.29335e-02	0.71727	0.88608	1.29620e-05
2.26406e+04	2.31255e-02	4.74093e-02	4.03079	4.28406	1.29620e-05
2.27959e+04	2.32000e-02	3.34699e-02	1.61309	2.28526	1.29620e-05
2.29512e+04	2.31799e-02	4.76252e-02	5.51336	5.62504	1.29620e-05
2.31065e+04	2.31992e-02	3.02352e-02	2.76558	1.53278	1.29620e-05
2.32618e+04	2.32021e-02	5.43662e-02	6.23102	6.13373	1.29620e-05
2.34171e+04	2.31827e-02	2.47393e-02	4.73051	3.46299	1.29620e-05
2.35723e+04	2.31076e-02	5.34911e-02	2.25344	2.99211	1.29620e-05
2.37276e+04	2.31016e-02	6.53657e-02	0.15717	5.87072	1.29620e-05
2.38829e+04	2.31063e-02	5.79132e-02	0.97624	4.54752	1.29620e-05
2.40382e+04	2.31083e-02	3.15692e-02	3.52787	1.44417	1.29620e-05
2.41935e+04	2.31440e-02	3.65985e-02	3.26655	2.27558	1.29620e-05
2.43488e+04	2.31647e-02	4.66708e-02	4.89000	5.47158	1.29620e-05
2.45041e+04	2.31429e-02	2.62557e-02	6.05527	5.23613	1.29620e-05
2.46593e+04	2.31064e-02	6.12090e-03	1.35871	4.73190	1.29620e-05
2.48146e+04	2.31549e-02	5.36640e-03	5.17237	1.43525	1.29620e-05
2.49699e+04	2.31521e-02	4.51567e-02	2.92796	3.24420	1.29620e-05
2.51252e+04	2.31608e-02	1.79954e-02	3.55469	1.44834	1.29620e-05
2.52805e+04	2.31145e-02	7.84592e-03	4.24227	5.14396	1.29620e-05
2.54358e+04	2.31091e-02	3.76798e-02	3.00893	1.90679	1.29620e-05
2.55911e+04	2.31078e-02	4.11788e-02	0.27258	0.62628	1.29620e-05
2.57463e+04	2.31077e-02	2.33560e-02	4.63595	6.00057	1.29620e-05
2.59016e+04	2.31032e-02	2.42421e-02	0.00668	2.97796	1.29620e-05
2.60569e+04	2.30896e-02	3.75933e-02	6.10121	5.89654	1.29620e-05
2.62122e+04	2.30947e-02	3.76173e-02	2.12380	0.92648	1.29620e-05
2.63675e+04	2.30801e-02	5.59841e-02	5.38623	3.87219	1.29620e-05
2.65228e+04	2.31594e-02	6.99915e-02	0.87083	0.90380	1.29620e-05
2.66781e+04	2.31029e-02	6.06010e-02	3.79899	3.73162	1.29620e-05
2.68333e+04	2.31091e-02	3.21295e-02	1.03388	1.60977	1.29620e-05
2.69886e+04	2.31562e-02	8.17531e-03	2.59416	0.70471	1.29620e-05
2.71439e+04	2.31112e-02	2.35170e-02	2.69287	4.54568	1.29620e-05
2.72992e+04	2.31171e-02	1.82757e-02	1.42918	0.16861	1.29620e-05
2.74545e+04	2.31291e-02	1.18292e-02	6.07144	3.05798	1.29620e-05
2.76098e+04	2.31701e-02	5.00075e-02	0.82394	2.87837	1.29620e-05
2.77651e+04	2.31611e-02	5.11881e-02	4.21204	0.74743	1.29620e-05
2.79203e+04	2.31583e-02	5.99082e-02	5.28790	6.09710	1.29620e-05
2.80756e+04	2.31683e-02	4.29445e-02	1.25545	1.88540	1.29620e-05
2.82309e+04	2.31253e-02	1.29109e-02	5.63391	4.66779	1.29620e-05
2.83862e+04	2.31367e-02	3.30189e-02	1.86096	3.16798	1.29620e-05
2.85415e+04	2.31223e-02	1.09615e-02	1.63973	3.17460	1.29620e-05
2.86968e+04	2.31301e-02	1.45717e-02	4.75570	1.96486	1.29620e-05
2.88521e+04	2.31672e-02	2.42792e-02	5.79376	4.43109	1.29620e-05
2.90073e+04	2.31175e-02	2.85988e-02	6.11600	2.64915	1.29620e-05
2.91626e+04	2.31300e-02	1.98488e-02	3.62529	5.20452	1.29620e-05
2.93179e+04	2.31616e-02	2.15388e-02	0.27169	5.84291	1.29620e-05
2.94732e+04	2.31661e-02	2.60662e-02	1.41588	1.39974	1.29620e-05
2.96285e+04	2.31583e-02	3.15714e-02	6.12878	2.45670	1.29620e-05
2.97838e+04	2.31679e-02	3.29236e-02	3.33461	3.20779	1.29620e-05
2.99391e+04	2.31686e-02	3.13933e-02	4.70157	3.19535	1.29620e-05
3.00943e+04	2.31670e-02	3.81773e-02	5.62767	3.95602	1.29620e-05
3.02496e+04	2.31676e-02	2.32547e-02	0.44776	4.51014	1.29620e-05
3.04049e+04	2.31699e-02	3.57214e-02	5.00682	4.59479	1.29620e-05
3.05602e+04	2.31721e-02	3.62479e-02	3.38271	5.53646	1.29620e-05
3.07155e+04	2.31643e-02	3.71581e-02	1.81610	6.08945	1.29620e-05
3.08708e+04	2.31689e-02	3.37180e-02	5.37066	0.09952	1.29620e-05
3.10261e+04	2.31593e-02	3.30075e-02	2.99306	0.23112	1.29620e-05
3.11813e+04	2.31517e-02	4.08326e-02	0.54518	1.36012	1.29620e-05
3.13366e+04	2.31701e-02	2.43195e-02	4.37171	2.23810	1.29620e-05
3.14919e+04	2.31664e-02	2.99722e-02	2.91220	2.76790	1.29620e-05
3.16472e+04	2.31668e-02	3.69173e-02	1.12058	3.93258	1.29620e-05
3.18025e+04	2.31512e-02	2.14041e-02	5.33076	4.89075	1.29620e-05
3.19578e+04	2.31577e-02	2.79677e-02	3.83632	5.56717	1.29620e-05
3.21131e+04	2.31604e-02	1.95685e-02	0.85561	6.06684	1.29620e-05
3.22683e+04	2.31569e-02	2.93805e-02	4.47688	6.03517	1.29620e-05
3.24236e+04	2.31533e-02	3.31816e-02	0.61388	0.96576	1.29620e-05
3.25789e+04	2.31626e-02	2.18045e-02	5.38261	0.45486	1.29620e-05
3.27342e+04	2.31625e-02	2.79045e-02	2.60422	0.45868	1.29620e-05
3.28895e+04	2.31663e-02	2.53747e-02	5.87733	0.70806	1.29620e-05
3.30448e+04	2.31616e-02	2.03660e-02	1.14100	1.16960	1.29620e-05
3.32001e+04	2.31594e-02	2.14499e-02	3.87402	0.02509	1.29620e-05
3.33553e+04	2.31543e-02	2.23312e-02	2.04300	0.64709	1.29620e-05
3.35106e+04	2.31712e-02	2.30297e-02	5.72452	6.24020	1.29620e-05
3.36659e+04	2.31632e-02	1.28501e-02	3.15681	5.37905	1.29620e-05
3.38212e+04	2.31621e-02	2.32711e-02	1.00741	5.46132	1.29620e-05
3.39765e+04	2.31627e-02	1.03172e-02	2.89591	4.56479	1.29620e-05
3.41318e+04	2.31647e-02	2.10267e-02	1.60567	4.43222	1.29620e-05
3.42871e+04	2.31540e-02	2.68160e-02	1.74950	4.21786	1.29620e-05
3.44423e+04	2.31621e-02	1.60699e-02	0.67424	4.58579	1.29620e-05
3.45976e+04	2.31678e-02	1.77709e-02	1.37823	3.29225	1.29620e-05
3.47529e+04	2.31715e-02	1.62974e-02	5.53771	3.62628	1.29620e-05
3.49082e+04	2.31658e-02	2.64172e-02	3.72204	3.47244	1.29620e-05
3.50635e+04	2.31636e-02	1.96047e-02	1.71233	2.49917	1.29620e-05
3.52188e+04	2.31738e-02	2.98384e-02	2.83995	2.98847	1.29620e-05
3.53741e+04	2.31645e-02	9.24264e-03	5.10001	2.70921	1.29620e-05
3.55293e+04	2.31600e-02	2.13027e-02	3.87444	2.27696	1.29620e-05
3.56846e+04	2.31703e-02	3.48467e-02	2.07980	1.68785	1.29620e-05
3.58399e+04	2.31580e-02	2.73928e-02	5.17540	2.47633	1.29620e-05
3.59952e+04	2.31579e-02	2.04986e-02	1.70217	1.43023	1.29620e-05
3.61505e+04	2.31707e-02	1.49757e-02	2.63025	1.81740	1.29620e-05
3.63058e+04	2.31650e-02	2.54926e-02	2.71477	1.64877	1.29620e-05
3.64610e+04	2.31605e-02	1.87054e-02	2.61310	1.59432	1.29620e-05
3.66163e+04	2.31583e-02	3.16491e-02	3.03990	0.88494	1.29620e-05
3.67716e+04	2.31667e-02	1.39896e-02	3.13897	1.02890	1.29620e-05
3.69269e+04	2.31676e-02	1.66400e-02	3.50324	0.63422	1.29620e-05
3.70822e+04	2.31641e-02	2.67569e-02	4.22585	5.76804	1.29620e-05
3.72375e+04	2.31588e-02	2.74098e-02	3.12334	0.08136	1.29620e-05
3.73928e+04	2.31589e-02	1.64935e-02	4.45495	5.61154	1.29620e-05
3.75480e+04	2.31637e-02	1.08159e-02	6.05173	4.93710	1.29620e-05
3.77033e+04	2.31553e-02	3.19643e-02	5.81031	5.05799	1.29620e-05
3.78586e+04	2.31686e-02	1.78505e-02	4.20995	4.84831	1.29620e-05
3.80139e+04	2.31699e-02	2.31923e-02	2.11913	4.57728	1.29620e-05
3.81692e+04	2.31722e-02	1.76788e-02	4.59577	4.12135	1.29620e-05
3.83245e+04	2.31686e-02	2.35493e-02	5.26722	4.65479	1.29620e-05
3.84798e+04	2.31695e-02	2.61116e-02	0.37851	3.75228	1.29620e-05
3.86350e+04	2.31626e-02	2.64203e-02	0.21891	4.06357	1.29620e-05
3.87903e+04	2.31620e-02	1.77434e-02	1.19454	3.93534	1.29620e-05
3.89456e+04	2.31616e-02	1.18140e-02	2.19687	3.65358	1.29620e-05
3.91009e+04	2.31794e-02	3.43150e-02	2.59867	3.16625	1.29620e-05
3.92562e+04	2.31734e-02	2.05171e-02	1.47349	3.57623	1.29620e-05
3.94115e+04	2.31570e-02	1.56183e-02	2.40813	3.12852	1.29620e-05
3.95668e+04	2.31694e-02	2.22743e-02	4.53258	1.89864	1.29620e-05
3.97220e+04	2.31722e-02	3.39143e-02	3.91368	2.56730	1.29620e-05
3.98773e+04	2.31650e-02	2.14686e-02	4.60600	2.23933	1.29620e-05
4.00326e+04	2.31698e-02	1.27319e-02	2.20992	2.40926	1.29620e-05
4.01879e+04	2.31610e-02	2.53300e-02	1.51388	2.25397	1.29620e-05
4.03432e+04	2.31469e-02	3.20445e-02	4.49724	3.43735	1.29620e-05
4.04985e+04	2.31701e-02	2.34949e-02	3.76058	3.79704	1.29620e-05
4.06538e+04	2.31608e-02	2.66739e-02	3.22524	4.21541	1.29620e-05
4.08090e+04	2.31639e-02	2.09893e-02	1.59023	4.41299	1.29620e-05
4.09643e+04	2.31727e-02	3.10957e-02	4.15902	5.91272	1.29620e-05
4.11196e+04	2.31650e-02	2.87598e-02	0.13256	1.44319	1.29620e-05
4.12749e+04	2.31686e-02	2.31075e-02	2.38550	2.54856	1.29620e-05
4.14302e+04	2.31630e-02	3.01410e-02	5.35870	3.67590	1.29620e-05
4.15855e+04	2.31633e-02	3.08238e-02	1.76485	5.06644	1.29620e-05
4.17408e+04	2.31632e-02	3.06358e-02	4.54250	6.10559	1.29620e-05
4.18960e+04	2.31758e-02	4.47369e-02	0.64786	1.79146	1.29620e-05
4.20513e+04	2.31461e-02	4.52824e-02	2.46261	4.01385	1.29620e-05
4.22066e+04	2.31734e-02	4.34210e-02	1.63647	6.25150	1.29620e-05
4.23619e+04	2.31630e-02	3.32308e-02	0.43775	1.56704	1.29620e-05
4.25172e+04	2.31754e-02	3.53236e-02	5.96762	3.01341	1.29620e-05
4.26725e+04	2.31543e-02	3.99100e-02	5.10542	4.95719	1.29620e-05
4.28278e+04	2.31568e-02	3.94908e-02	3.84224	0.78117	1.29620e-05
4.29830e+04	2.31506e-02	3.19159e-02	2.11277	2.87812	1.29620e-05
4.31383e+04	2.31536e-02	2.84180e-02	5.83949	4.68393	1.29620e-05
4.32936e+04	2.31637e-02	3.57323e-02	2.99582	0.12222	1.29620e-05
4.34489e+04	2.31704e-02	3.85603e-02	5.14027	1.96715	1.29620e-05
4.36042e+04	2.31625e-02	3.63433e-02	1.36905	3.71549	1.29620e-05
4.37595e+04	2.31553e-02	3.93550e-02	4.39968	5.28149	1.29620e-05
4.39148e+04	2.31531e-02	4.36680e-02	2.17094	0.39058	1.29620e-05
4.40700e+04	2.31764e-02	3.32638e-02	0.04030	1.82269	1.29620e-05
4.42253e+04	2.31601e-02	2.94702e-02	0.35786	2.98707	1.29620e-05
4.43806e+04	2.31614e-02	3.83954e-02	5.64478	4.83900	1.29620e-05
4.45359e+04	2.31660e-02	4.63630e-02	4.19199	0.67344	1.29620e-05
4.46912e+04	2.31665e-02	4.30779e-02	2.67226	2.83851	1.29620e-05
4.48465e+04	2.31648e-02	3.04370e-02	2.03076	4.55147	1.29620e-05
4.50018e+04	2.31596e-02	3.31361e-02	1.85807	0.08779	1.29620e-05
4.51570e+04	2.31588e-02	3.26831e-02	2.09389	2.15626	1.29620e-05
4.53123e+04	2.31481e-02	3.03136e-02	3.96856	4.05030	1.29620e-05
4.54676e+04	2.31496e-02	3.26728e-02	5.34664	5.32289	1.29620e-05
4.56229e+04	2.31623e-02	2.16146e-02	5.55294	0.60140	1.29620e-05
4.57782e+04	2.31570e-02	3.61054e-02	4.56251	2.46401	1.29620e-05
4.59335e+04	2.31639e-02	2.66121e-02	5.02377	3.77011	1.29620e-05
4.60888e+04	2.31674e-02	2.23308e-02	0.05794	5.26448	1.29620e-05
4.62440e+04	2.31618e-02	3.22732e-02	5.09967	0.82324	1.29620e-05
4.63993e+04	2.31701e-02	1.23095e-02	3.08634	2.00773	1.29620e-05
4.65546e+04	2.31699e-02	2.61703e-02	1.54310	3.38324	1.29620e-05
4.67099e+04	2.31614e-02	2.57928e-02	4.01826	4.95084	1.29620e-05
4.68652e+04	2.31560e-02	1.80777e-02	1.58293	0.27111	1.29620e-05
4.70205e+04	2.31624e-02	2.57660e-02	4.05550	1.64721	1.29620e-05
4.71758e+04	2.31657e-02	2.31632e-02	1.57299	3.53074	1.29620e-05
4.73310e+04	2.31569e-02	2.61086e-02	3.80206	5.44330	1.29620e-05
4.74863e+04	2.31617e-02	2.17259e-02	1.72624	0.59552	1.29620e-05
4.76416e+04	2.31712e-02	2.70906e-02	3.40715	2.77909	1.29620e-05
4.77969e+04	2.31617e-02	3.14720e-02	0.22833	4.59321	1.29620e-05
4.79522e+04	2.31577e-02	2.22520e-02	0.68401	1.35815	1.29620e-05
4.81075e+04	2.31559e-02	2.50669e-02	3.48679	2.81880	1.29620e-05
4.82628e+04	2.31609e-02	1.44773e-02	2.85446	0.27999	1.29620e-05
4.84180e+04	2.31633e-02	1.42661e-02	2.20102	1.45888	1.29620e-05
4.85733e+04	2.31606e-02	2.16606e-02	4.49454	6.22849	1.29620e-05
4.87286e+04	2.31546e-02	2.67834e-02	5.63990	1.15225	1.29620e-05
4.88839e+04	2.31649e-02	2.67147e-02	0.21967	2.46164	1.29620e-05
4.90392e+04	2.31575e-02	3.00790e-02	1.98868	3.93183	1.29620e-05
4.91945e+04	2.31646e-02	3.19493e-02	3.63998	4.74629	1.29620e-05
4.93498e+04	2.31653e-02	1.90633e-02	0.80462	4.25668	1.29620e-05
4.95050e+04	2.31628e-02	1.90818e-02	4.57323	3.56177	1.29620e-05
4.96603e+04	2.31632e-02	3.28340e-02	1.67550	3.81028	1.29620e-05
4.98156e+04	2.31496e-02	1.91263e-02	5.15241	3.80805	1.29620e-05
4.99709e+04	2.31584e-02	1.51507e-02	0.92503	3.09648	1.29620e-05
5.01262e+04	2.31516e-02	2.88733e-02	2.49359	2.98154	1.29620e-05
5.02815e+04	2.31603e-02	1.78599e-02	4.19867	2.98020	1.29620e-05
5.04367e+04	2.31677e-02	1.65547e-02	1.30378	2.85651	1.29620e-05
5.05920e+04	2.31659e-02	2.54934e-02	1.75781	2.34047	1.29620e-05
5.07473e+04	2.31558e-02	2.41376e-02	2.71071	2.21518	1.29620e-05
5.09026e+04	2.31608e-02	2.97429e-02	2.46871	2.84465	1.29620e-05
5.10579e+04	2.31607e-02	1.80161e-02	2.20233	3.08790	1.29620e-05
5.12132e+04	2.31721e-02	2.48127e-02	0.24530	3.53485	1.29620e-05
5.13685e+04	2.31647e-02	2.15622e-02	4.22340	4.05506	1.29620e-05
5.15237e+04	2.31668e-02	2.53759e-02	2.95537	4.85018	1.29620e-05
5.16790e+04	2.31617e-02	2.45111e-02	3.74665	5.77677	1.29620e-05
5.18343e+04	2.31650e-02	2.67627e-02	4.73087	0.97593	1.29620e-05
5.19896e+04	2.31645e-02	2.63079e-02	0.15836	2.84448	1.29620e-05
5.21449e+04	2.31645e-02	2.98181e-02	3.22372	4.92961	1.29620e-05
5.23002e+04	2.31535e-02	3.08694e-02	1.35761	1.15691	1.29620e-05
5.24555e+04	2.31650e-02	2.96397e-02	3.65493	3.83871	1.29620e-05
5.26107e+04	2.31678e-02	2.55372e-02	2.10389	0.07303	1.29620e-05
5.27660e+04	2.31799e-02	2.68527e-02	1.86997	2.18881	1.29620e-05
5.29213e+04	2.31697e-02	2.36740e-02	5.43363	4.07775	1.29620e-05
5.30766e+04	2.31577e-02	2.01920e-02	4.09598	0.12791	1.29620e-05
5.32319e+04	2.31654e-02	1.73563e-02	5.43652	1.56023	1.29620e-05
5.33872e+04	2.31629e-02	1.88202e-02	1.16686	3.18581	1.29620e-05
5.35425e+04	2.31756e-02	1.53147e-02	3.95483	4.85396	1.29620e-05
5.36977e+04	2.31861e-02	1.28101e-02	1.08358	0.73040	1.29620e-05
5.38530e+04	2.31825e-02	1.28608e-02	5.74379	3.63334	1.29620e-05
5.40083e+04	2.31827e-02	2.01696e-02	3.75223	0.31710	1.29620e-05
5.41636e+04	2.31798e-02	3.10580e-02	2.30780	2.66656	1.29620e-05
5.43189e+04	2.31530e-02	3.58161e-02	0.68681	5.16900	1.29620e-05
5.44742e+04	2.31700e-02	1.68570e-02	2.82703	2.18434	1.29620e-05
5.46295e+04	2.31758e-02	3.47474e-02	2.00375	1.27944	1.29620e-05
5.47847e+04	2.31660e-02	3.08876e-02	5.65284	5.51300	1.29620e-05
5.49400e+04	2.32098e-02	1.59239e-02	3.69820	1.44748	1.29620e-05
5.50953e+04	2.31794e-02	2.70827e-02	5.82060	3.68432	1.29620e-05
5.52506e+04	2.31973e-02	1.53199e-02	5.30370	4.14680	1.29620e-05
5.54059e+04	2.31833e-02	7.17761e-03	1.46535	4.00595	1.29620e-05
5.55612e+04	2.31958e-02	2.15813e-02	1.16619	2.91188	1.29620e-05
5.57165e+04	2.31839e-02	4.15208e-02	4.95146	1.72260	1.29620e-05
5.58717e+04	2.31718e-02	8.45444e-03	5.24542	1.12568	1.29620e-05
5.60270e+04	2.32014e-02	1.13729e-02	0.79407	1.56344	1.29620e-05
5.61823e+04	2.31728e-02	5.00559e-02	4.33069	0.73952	1.29620e-05
5.63376e+04	2.31240e-02	3.63730e-02	4.29339	0.23331	1.29620e-05
5.64929e+04	2.31800e-02	2.82548e-02	4.63266	5.48150	1.29620e-05
5.66482e+04	2.31735e-02	3.43378e-02	0.36397	6.14743	1.29620e-05
5.68035e+04	2.31523e-02	2.06438e-02	1.10792	1.97033	1.29620e-05
5.69587e+04	2.31455e-02	5.33093e-02	2.18328	2.04986	1.29620e-05
5.71140e+04	2.31397e-02	1.76316e-02	0.71186	2.32607	1.29620e-05
5.72693e+04	2.31349e-02	1.97751e-02	4.44780	3.66035	1.29620e-05
5.74246e+04	2.31168e-02	2.14075e-02	1.89227	2.51933	1.29620e-05
5.75799e+04	2.31388e-02	4.39742e-03	6.21855	5.93975	1.29620e-05
5.77352e+04	2.31237e-02	5.52090e-02	2.85152	2.79568	1.29620e-05
5.78905e+04	2.31024e-02	2.85656e-02	4.95707	1.47917	1.29620e-05
5.80457e+04	2.31461e-02	3.70419e-02	0.16505	5.61056	1.29620e-05
5.82010e+04	2.31268e-02	4.67595e-02	2.79471	2.14257	1.29620e-05
5.83563e+04	2.31250e-02	3.88600e-02	4.48329	4.22904	1.29620e-05
5.85116e+04	2.30949e-02	3.92584e-02	2.17883	3.08351	1.29620e-05
5.86669e+04	2.31013e-02	4.29687e-02	5.98042	5.47262	1.29620e-05
5.88222e+04	2.31018e-02	6.68001e-02	3.09921	0.12121	1.29620e-05
5.89775e+04	2.30959e-02	2.30949e-02	3.82310	4.86321	1.29620e-05
5.91327e+04	2.31011e-02	3.68437e-02	2.63017	5.09824	1.29620e-05
5.92880e+04	2.30753e-02	5.27174e-02	2.49712	0.20158	1.29620e-05
5.94433e+04	2.30862e-02	2.24089e-02	4.43737	2.50334	1.29620e-05
5.95986e+04	2.30936e-02	2.07046e-02	6.11317	4.41758	1.29620e-05
5.97539e+04	2.31077e-02	4.37283e-02	0.21700	4.47384	1.29620e-05
5.99092e+04	2.30635e-02	5.74274e-02	4.84741	3.44141	1.29620e-05
6.00645e+04	2.30649e-02	7.69991e-02	4.29965	3.45838	1.29620e-05
6.02197e+04	2.30443e-02	5.45003e-02	3.46699	5.70533	1.29620e-05
6.03750e+04	2.30838e-02	5.67446e-02	2.02762	2.00092	1.29620e-05
6.05303e+04	2.30404e-02	5.07363e-02	4.63116	3.52784	1.29620e-05
6.06856e+04	2.30199e-02	3.50799e-02	1.28934	4.89295	1.29620e-05
6.08409e+04	2.30583e-02	7.24295e-02	5.98955	0.32702	1.29620e-05
6.09962e+04	2.30387e-02	4.17397e-02	1.50462	4.60761	1.29620e-05
6.11515e+04	2.30374e-02	4.62572e-02	1.86780	2.40246	1.29620e-05
6.13067e+04	2.30542e-02	7.62117e-02	3.54301	5.81134	1.29620e-05
6.14620e+04	2.30192e-02	7.99059e-02	3.82645	3.07881	1.29620e-05
6.16173e+04	2.30347e-02	5.54437e-02	5.88376	2.37471	1.29620e-05
6.17726e+04	2.30168e-02	5.89110e-02	5.31589	2.85635	1.29620e-05
6.19279e+04	2.30100e-02	6.68846e-02	3.64448	3.97038	1.29620e-05
6.20832e+04	2.29987e-02	5.98241e-02	5.08018	0.61240	1.29620e-05
6.22385e+04	2.30147e-02	6.09645e-02	4.83790	4.57235	1.29620e-05
6.23937e+04	2.29908e-02	7.00730e-02	4.29641	1.87489	1.29620e-05
6.25490e+04	2.29889e-02	6.31679e-02	2.62694	6.02303	1.29620e-05
6.27043e+04	2.29925e-02	7.12608e-02	6.21535	4.32000	1.29620e-05
6.28596e+04	2.29808e-02	6.48156e-02	1.98132	3.40154	1.29620e-05
6.30149e+04	2.29902e-02	7.23452e-02	2.94093	3.17747	1.29620e-05
6.31702e+04	2.29627e-02	7.49223e-02	2.98541	3.07337	1.29620e-05
6.33255e+04	2.29834e-02	7.08812e-02	2.00871	4.12438	1.29620e-05
6.34807e+04	2.29674e-02	8.03695e-02	0.78334	4.82293	1.29620e-05
6.36360e+04	2.29486e-02	8.05094e-02	5.17178	6.05467	1.29620e-05
6.37913e+04	2.29616e-02	7.82343e-02	2.47017	1.70578	1.29620e-05
6.39466e+04	2.29846e-02	7.60482e-02	6.06577	3.09970	1.29620e-05
6.41019e+04	2.29589e-02	5.94457e-02	2.53591	5.39028	1.29620e-05
6.42572e+04	2.29374e-02	9.21546e-02	4.83964	1.51217	1.29620e-05
6.44124e+04	2.29324e-02	6.75154e-02	0.15442	4.30552	1.29620e-05
6.45677e+04	2.29589e-02	9.02011e-02	1.69458	1.37086	1.29620e-05
6.47230e+04	2.29515e-02	5.95014e-02	2.63646	4.92997	1.29620e-05
6.48783e+04	2.29439e-02	7.90701e-02	3.49696	2.51823	1.29620e-05
6.50336e+04	2.29222e-02	5.00803e-02	4.70291	0.00668	1.29620e-05
6.51889e+04	2.29247e-02	8.82839e-02	5.48751	4.41980	1.29620e-05
6.53442e+04	2.29218e-02	6.21425e-02	0.06035	2.30837	1.29620e-05
6.54994e+04	2.28889e-02	8.41185e-02	0.78629	1.14525	1.29620e-05
6.56547e+04	2.29102e-02	8.04712e-02	2.50985	5.44329	1.29620e-05
6.58100e+04	2.29244e-02	7.98723e-02	5.66348	5.02000	1.29620e-05
6.59653e+04	2.29116e-02	8.45599e-02	2.02259	3.30701	1.29620e-05
6.61206e+04	2.28633e-02	6.21622e-02	2.25560	3.27298	1.29620e-05
6.62759e+04	2.29137e-02	8.85343e-02	1.92209	3.14071	1.29620e-05
6.64312e+04	2.29037e-02	5.93162e-02	3.41112	3.83243	1.29620e-05
6.65864e+04	2.28962e-02	9.67823e-02	2.46929	4.19890	1.29620e-05
6.67417e+04	2.28862e-02	7.51952e-02	3.90755	4.37984	1.29620e-05
6.68970e+04	2.28568e-02	8.25910e-02	2.95520	4.78436	1.29620e-05
6.70523e+04	2.28873e-02	9.34354e-02	1.15129	5.29129	1.29620e-05
6.72076e+04	2.28529e-02	6.58679e-02	0.63955	6.02650	1.29620e-05
6.73629e+04	2.28804e-02	1.07799e-01	0.55741	0.53649	1.29620e-05
6.75182e+04	2.28581e-02	6.23251e-02	1.31624	1.50292	1.29620e-05
6.76734e+04	2.28272e-02	9.36683e-02	2.88459	2.48916	1.29620e-05
6.78287e+04	2.28252e-02	7.26424e-02	5.29430	3.35160	1.29620e-05
6.79840e+04	2.28541e-02	9.21629e-02	2.30262	4.52642	1.29620e-05
6.81393e+04	2.28532e-02	8.01952e-02	0.38768	5.02697	1.29620e-05
6.82946e+04	2.28482e-02	1.02809e-01	4.92496	0.05506	1.29620e-05
6.84499e+04	2.28397e-02	6.73081e-02	4.42948	0.91485	1.29620e-05
6.86052e+04	2.28303e-02	1.12030e-01	4.88047	1.51386	1.29620e-05
6.87604e+04	2.28122e-02	8.12174e-02	5.32497	3.18637	1.29620e-05
6.89157e+04	2.28149e-02	7.68035e-02	1.42170	3.51401	1.29620e-05
6.90710e+04	2.28201e-02	1.13167e-01	4.28777	4.57189	1.29620e-05
6.92263e+04	2.28047e-02	1.01683e-01	1.32451	6.03075	1.29620e-05
6.93816e+04	2.27944e-02	1.08325e-01	5.56951	1.12301	1.29620e-05
6.95369e+04	2.27925e-02	1.04160e-01	4.44159	2.58886	1.29620e-05
6.96922e+04	2.27907e-02	8.75526e-02	3.40269	4.41405	1.29620e-05
6.98474e+04	2.27769e-02	5.88364e-02	4.04066	5.38276	1.29620e-05
7.00027e+04	2.27921e-02	1.09815e-01	4.55578	1.06405	1.29620e-05
7.01580e+04	2.27824e-02	7.31762e-02	5.72600	2.88258	1.29620e-05
7.03133e+04	2.27593e-02	9.91489e-02	2.68308	4.09653	1.29620e-05
7.04686e+04	2.27831e-02	8.68711e-02	0.18022	5.90748	1.29620e-05
7.06239e+04	2.27545e-02	9.32886e-02	5.48413	0.40569	1.29620e-05
7.07792e+04	2.27616e-02	9.41962e-02	4.67114	2.59268	1.29620e-05
7.09344e+04	2.27524e-02	7.39817e-02	4.82736	4.28250	1.29620e-05
7.10897e+04	2.27494e-02	1.01067e-01	0.27565	5.43641	1.29620e-05
7.12450e+04	2.27617e-02	1.02188e-01	1.33152	1.86083	1.29620e-05
7.14003e+04	2.27338e-02	7.41847e-02	3.91822	4.12535	1.29620e-05
7.15556e+04	2.27401e-02	1.02424e-01	5.33790	5.95810	1.29620e-05
7.17109e+04	2.27192e-02	6.96254e-02	4.07605	2.10754	1.29620e-05
7.18662e+04	2.27291e-02	9.93951e-02	5.31005	3.64450	1.29620e-05
7.20214e+04	2.27130e-02	8.80543e-02	0.95013	0.16895	1.29620e-05
7.21767e+04	2.26925e-02	1.04802e-01	4.59831	2.08471	1.29620e-05
7.23320e+04	2.26995e-02	6.74832e-02	2.62679	4.57720	1.29620e-05
7.24873e+04	2.26896e-02	9.62514e-02	2.47926	0.20073	1.29620e-05
7.26426e+04	2.27223e-02	7.24648e-02	2.88655	2.43622	1.29620e-05
7.27979e+04	2.26809e-02	1.09507e-01	4.91839	4.31639	1.29620e-05
7.29532e+04	2.26883e-02	9.47395e-02	1.66799	0.72269	1.29620e-05
7.31084e+04	2.26764e-02	7.74359e-02	1.62883	2.22718	1.29620e-05
7.32637e+04	2.26958e-02	9.42917e-02	5.55420	5.02748	1.29620e-05
7.34190e+04	2.26983e-02	9.19232e-02	5.41471	0.40486	1.29620e-05
7.35743e+04	2.26531e-02	9.99979e-02	2.14705	3.22010	1.29620e-05
7.37296e+04	2.26858e-02	1.02373e-01	0.38358	5.00439	1.29620e-05
7.38849e+04	2.26638e-02	8.06973e-02	5.75437	1.66368	1.29620e-05
7.40402e+04	2.26395e-02	9.48385e-02	5.41492	3.99878	1.29620e-05
7.41954e+04	2.26686e-02	8.01217e-02	0.53534	6.24654	1.29620e-05
7.43507e+04	2.26577e-02	8.09993e-02	2.92684	2.80690	1.29620e-05
7.45060e+04	2.26727e-02	1.07345e-01	0.45585	4.96020	1.29620e-05
7.46613e+04	2.26489e-02	8.55457e-02	4.96523	1.32582	1.29620e-05
7.48166e+04	2.26302e-02	1.06470e-01	4.47643	4.15475	1.29620e-05
7.49719e+04	2.26211e-02	9.53104e-02	6.04758	6.18573	1.29620e-05
7.51272e+04	2.26266e-02	8.04850e-02	2.00480	2.81438	1.29620e-05
7.52824e+04	2.26514e-02	1.01480e-01	5.54269	5.12256	1.29620e-05
7.54377e+04	2.26063e-02	7.68059e-02	3.93926	1.24614	1.29620e-05
7.55930e+04	2.26255e-02	9.11456e-02	3.56651	4.19491	1.29620e-05
7.57483e+04	2.26269e-02	1.05828e-01	4.24583	0.28294	1.29620e-05
7.59036e+04	2.26095e-02	8.05433e-02	5.50142	3.20422	1.29620e-05
7.60589e+04	2.26165e-02	1.05540e-01	2.04576	6.18490	1.29620e-05
7.62142e+04	2.25863e-02	9.94948e-02	0.08808	2.27057	1.29620e-05
7.63694e+04	2.26027e-02	8.42753e-02	5.31205	5.21513	1.29620e-05
7.65247e+04	2.25806e-02	9.49362e-02	6.12703	1.51376	1.29620e-05
7.66800e+04	2.25895e-02	9.29627e-02	1.83017	3.92020	1.29620e-05
7.68353e+04	2.25723e-02	8.28547e-02	5.18296	0.32383	1.29620e-05
7.69906e+04	2.25658e-02	9.72273e-02	3.41638	2.98845	1.29620e-05
7.71459e+04	2.25876e-02	1.03463e-01	2.96211	5.64980	1.29620e-05
7.73012e+04	2.25836e-02	9.79393e-02	3.84880	2.01641	1.29620e-05
7.74564e+04	2.25515e-02	8.97948e-02	6.24357	4.82854	1.29620e-05
7.76117e+04	2.25395e-02	8.91768e-02	3.67206	1.40746	1.29620e-05
7.77670e+04	2.25515e-02	9.40606e-02	2.41029	3.84393	1.29620e-05
7.79223e+04	2.25288e-02	8.74285e-02	2.78540	0.10363	1.29620e-05
7.80776e+04	2.25542e-02	8.73792e-02	4.72599	2.99284	1.29620e-05
7.82329e+04	2.25439e-02	1.02783e-01	1.96277	5.68029	1.29620e-05
7.83882e+04	2.25116e-02	9.67634e-02	0.49635	2.02811	1.29620e-05
7.85434e+04	2.25519e-02	9.49247e-02	6.18277	4.82737	1.29620e-05
7.86987e+04	2.25087e-02	9.59592e-02	1.70614	1.44389	1.29620e-05
7.88540e+04	2.25258e-02	9.79502e-02	2.07625	3.93880	1.29620e-05
7.90093e+04	2.25225e-02	9.40658e-02	5.13722	6.19737	1.29620e-05
7.91646e+04	2.24869e-02	8.25451e-02	3.62012	2.43481	1.29620e-05
7.93199e+04	2.24810e-02	8.94585e-02	3.08591	5.12290	1.29620e-05
7.94751e+04	2.25094e-02	1.05384e-01	4.59443	1.30433	1.29620e-05
7.96304e+04	2.24902e-02	9.84637e-02	4.54893	4.04516	1.29620e-05
7.97857e+04	2.24811e-02	8.64046e-02	2.60699	1.20591	1.29620e-05
7.99410e+04	2.25041e-02	1.01623e-01	2.30456	4.45945	1.29620e-05
8.00963e+04	2.24960e-02	9.84797e-02	3.58974	1.11475	1.29620e-05
8.02516e+04	2.24730e-02	9.69223e-02	0.56874	4.15608	1.29620e-05
8.04069e+04	2.24661e-02	9.21853e-02	5.55456	0.63010	1.29620e-05
8.05621e+04	2.24591e-02	9.52370e-02	6.02463	3.16160	1.29620e-05
8.07174e+04	2.24588e-02	8.87789e-02	1.66110	5.91626	1.29620e-05
8.08727e+04	2.24664e-02	9.63408e-02	4.81294	2.31185	1.29620e-05
8.10280e+04	2.24445e-02	9.73342e-02	3.34391	5.03933	1.29620e-05
8.11833e+04	2.24436e-02	9.62177e-02	3.07930	1.59009	1.29620e-05
8.13386e+04	2.24425e-02	9.57195e-02	4.67404	4.27337	1.29620e-05
8.14939e+04	2.24398e-02	9.35630e-02	1.15283	0.68540	1.29620e-05
8.16491e+04	2.24432e-02	8.68976e-02	5.69811	3.43814	1.29620e-05
8.18044e+04	2.24167e-02	9.62869e-02	5.20316	6.06459	1.29620e-05
8.19597e+04	2.24327e-02	9.96651e-02	0.15126	2.49914	1.29620e-05
8.21150e+04	2.24248e-02	9.80585e-02	2.49189	5.39083	1.29620e-05
8.22703e+04	2.24043e-02	1.00783e-01	0.03890	1.97074	1.29620e-05
8.24256e+04	2.24057e-02	8.82207e-02	4.76088	5.30090	1.29620e-05
8.25809e+04	2.24118e-02	1.02623e-01	5.08813	2.13072	1.29620e-05
8.27361e+04	2.23995e-02	8.49035e-02	6.10650	5.30952	1.29620e-05
8.28914e+04	2.23723e-02	8.73038e-02	2.98469	2.64079	1.29620e-05
8.30467e+04	2.23938e-02	9.48457e-02	1.16509	5.77143	1.29620e-05
8.32020e+04	2.23663e-02	7.51809e-02	0.88699	3.13329	1.29620e-05
8.33573e+04	2.23872e-02	9.04010e-02	1.61932	0.23916	1.29620e-05
8.35126e+04	2.23808e-02	8.51735e-02	4.43172	3.50991	1.29620e-05
8.36679e+04	2.23987e-02	8.09075e-02	2.03931	0.72121	1.29620e-05
8.38231e+04	2.23712e-02	8.77862e-02	1.53589	3.98260	1.29620e-05
8.39784e+04	2.23333e-02	8.38908e-02	1.80230	0.96530	1.29620e-05
8.41337e+04	2.23478e-02	8.45524e-02	3.51253	4.44521	1.29620e-05
8.42890e+04	2.23537e-02	8.96257e-02	0.67014	1.68074	1.29620e-05
8.44443e+04	2.23420e-02	8.26372e-02	6.18095	5.15857	1.29620e-05
8.45996e+04	2.23677e-02	7.89954e-02	0.39463	2.69849	1.29620e-05
8.47549e+04	2.23203e-02	8.41119e-02	2.78820	0.04352	1.29620e-05
8.49101e+04	2.23576e-02	8.51202e-02	0.81469	3.45824	1.29620e-05
8.50654e+04	2.23542e-02	7.75781e-02	0.24751	0.73994	1.29620e-05
8.52207e+04	2.23054e-02	8.23645e-02	1.53377	4.14838	1.29620e-05
8.53760e+04	2.23496e-02	9.13969e-02	4.79331	1.09454	1.29620e-05
8.55313e+04	2.22851e-02	7.99973e-02	3.06032	4.50196	1.29620e-05
8.56866e+04	2.23346e-02	9.34779e-02	2.96655	1.65521	1.29620e-05
8.58419e+04	2.22967e-02	9.43443e-02	5.12931	4.77234	1.29620e-05
8.59971e+04	2.22789e-02	8.64813e-02	2.04329	1.74303	1.29620e-05
8.61524e+04	2.23341e-02	9.23087e-02	0.57990	5.05791	1.29620e-05
8.63077e+04	2.22675e-02	9.29968e-02	6.27929	2.18235	1.29620e-05
8.64630e+04	2.22692e-02	8.22021e-02	6.26758	6.07745	1.29620e-05
8.66183e+04	2.22813e-02	1.76331e-02	5.02572	4.67245	1.29620e-05
8.67736e+04	2.22713e-02	2.55871e-02	5.06028	1.42358	1.29620e-05
8.69289e+04	2.22991e-02	3.75718e-02	2.40839	5.35105	1.29620e-05
8.70841e+04	2.23064e-02	6.70307e-02	4.04769	4.63099	1.29620e-05
8.72394e+04	2.21663e-02	9.82617e-02	3.04121	3.51321	1.29620e-05
8.73947e+04	2.22215e-02	2.70826e-02	5.09751	4.85450	1.29620e-05
8.75500e+04	2.22413e-02	1.14572e-01	0.31653	3.69556	1.29620e-05
8.77053e+04	2.22774e-02	1.32586e-02	4.45569	0.52670	1.29620e-05
8.78606e+04	2.22846e-02	9.35315e-03	5.39985	2.34287	1.29620e-05
8.80159e+04	2.21072e-02	1.05476e-01	4.24948	1.21923	1.29620e-05
8.81711e+04	2.21915e-02	3.03871e-02	0.88837	6.15699	1.29620e-05
8.83264e+04	2.21814e-02	7.07031e-02	3.30824	2.37504	1.29620e-05
8.84817e+04	2.21818e-02	1.03035e-01	2.21864	4.50923	1.29620e-05
8.86370e+04	2.22523e-02	1.21322e-01	5.62992	2.70116	1.29620e-05
8.87923e+04	2.20958e-02	7.64874e-02	2.12663	5.51515	1.29620e-05
8.89476e+04	2.21954e-02	5.79462e-02	0.84729	0.83010	1.29620e-05
8.91029e+04	2.22653e-02	1.06602e-02	0.25843	2.12493	1.29620e-05
8.92581e+04	2.21796e-02	1.51504e-01	3.21564	0.05806	1.29620e-05
8.94134e+04	2.21635e-02	9.60940e-02	3.42884	1.33817	1.29620e-05
8.95687e+04	2.22426e-02	1.09982e-01	4.20107	0.32491	1.29620e-05
8.97240e+04	2.22134e-02	1.26527e-01	0.79421	1.08620	1.29620e-05
8.98793e+04	2.20959e-02	4.92347e-02	3.31376	1.46302	1.29620e-05
9.00346e+04	2.22482e-02	6.03230e-02	4.04350	3.98355	1.29620e-05
9.01899e+04	2.21428e-02	3.44222e-02	6.08898	0.70265	1.29620e-05
9.03451e+04	2.22334e-02	1.01524e-01	2.75771	3.12246	1.29620e-05
9.05004e+04	2.21841e-02	7.24555e-02	0.40693	1.80570	1.29620e-05
9.06557e+04	2.22148e-02	1.05182e-01	4.66156	1.74345	1.29620e-05
9.08110e+04	2.22723e-02	5.11016e-02	3.09202	3.90810	1.29620e-05
9.09663e+04	2.21344e-02	1.27665e-01	0.97080	2.87766	1.29620e-05
9.11216e+04	2.21494e-02	8.79246e-02	1.35862	6.24428	1.29620e-05
9.12769e+04	2.22553e-02	5.60011e-02	4.34418	5.28698	1.29620e-05
9.14321e+04	2.22045e-02	6.12561e-02	6.04428	4.49256	1.29620e-05
9.15874e+04	2.22235e-02	7.16622e-02	1.78725	1.62099	1.29620e-05
9.17427e+04	2.21484e-02	9.93756e-02	2.24957	0.41170	1.29620e-05
9.18980e+04	2.20969e-02	8.78461e-02	2.39463	1.06211	1.29620e-05
9.20533e+04	2.21633e-02	9.65638e-02	4.92476	5.33661	1.29620e-05
9.22086e+04	2.21686e-02	1.38298e-01	3.49337	0.76757	1.29620e-05
9.23639e+04	2.21193e-02	1.39272e-01	6.05609	1.75300	1.29620e-05
9.25191e+04	2.21100e-02	1.61623e-01	3.05268	5.16907	1.29620e-05
9.26744e+04	2.21770e-02	5.41972e-02	2.24492	4.75761	1.29620e-05
9.28297e+04	2.21028e-02	1.21234e-01	4.69579	2.45566	1.29620e-05
9.29850e+04	2.21839e-02	7.04987e-02	2.12800	5.55545	1.29620e-05
9.31403e+04	2.20933e-02	7.61095e-02	2.06701	2.98827	1.29620e-05
9.32956e+04	2.21389e-02	5.06992e-02	4.55565	5.34107	1.29620e-05
9.34508e+04	2.21738e-02	6.12928e-02	1.26497	4.21441	1.29620e-05
9.36061e+04	2.20993e-02	5.86571e-02	2.01487	6.17557	1.29620e-05
9.37614e+04	2.20804e-02	1.36177e-01	1.18235	5.27300	1.29620e-05
9.39167e+04	2.20663e-02	1.13742e-01	1.24606	3.93231	1.29620e-05
9.40720e+04	2.21170e-02	4.71679e-02	3.94266	2.39353	1.29620e-05
9.42273e+04	2.21366e-02	4.14118e-02	0.09870	2.76345	1.29620e-05
9.43826e+04	2.21132e-02	4.92655e-02	4.22285	1.48677	1.29620e-05
9.45378e+04	2.20743e-02	1.39015e-01	0.63489	1.46310	1.29620e-05
9.46931e+04	2.20757e-02	9.44484e-02	4.15741	0.55907	1.29620e-05
9.48484e+04	2.20780e-02	9.61434e-02	6.18657	0.13722	1.29620e-05
9.50037e+04	2.20959e-02	5.49984e-02	5.56642	4.27244	1.29620e-05
9.51590e+04	2.20626e-02	1.10268e-01	3.60547	0.62135	1.29620e-05
9.53143e+04	2.20872e-02	6.61063e-02	2.56223	2.89382	1.29620e-05
9.54696e+04	2.20458e-02	1.14041e-01	1.82234	1.35042	1.29620e-05
9.56248e+04	2.20723e-02	5.88184e-02	2.24728	1.16482	1.29620e-05
9.57801e+04	2.20593e-02	1.09600e-01	4.20853	0.38254	1.29620e-05
9.59354e+04	2.21193e-02	1.17711e-02	4.00358	2.24707	1.29620e-05
9.60907e+04	2.20851e-02	4.57429e-02	6.19546	3.28842	1.29620e-05
9.62460e+04	2.20752e-02	6.73163e-02	4.05344	0.50369	1.29620e-05
9.64013e+04	2.20799e-02	9.05648e-02	5.32469	0.31935	1.29620e-05
9.65566e+04	2.20892e-02	3.30233e-02	2.37102	4.10397	1.29620e-05
9.67118e+04	2.20851e-02	8.03204e-02	4.46248	4.95118	1.29620e-05
9.68671e+04	2.20963e-02	4.58558e-02	0.82745	3.56918	1.29620e-05
9.70224e+04	2.20929e-02	5.32797e-02	3.77557	2.03425	1.29620e-05
9.71777e+04	2.20868e-02	1.25457e-01	5.56255	2.60475	1.29620e-05
9.73330e+04	2.20477e-02	7.21201e-02	4.28398	4.15188	1.29620e-05
9.74883e+04	2.20927e-02	1.06436e-01	3.43263	2.74207	1.29620e-05
9.76436e+04	2.20481e-02	1.05335e-01	0.43591	4.99337	1.29620e-05
9.77988e+04	2.20624e-02	9.17042e-02	3.48101	6.00853	1.29620e-05
9.79541e+04	2.20479e-02	6.22945e-02	4.08410	1.39137	1.29620e-05
9.81094e+04	2.20792e-02	6.18519e-02	3.25143	1.80966	1.29620e-05
9.82647e+04	2.20598e-02	7.89743e-02	5.73755	2.94197	1.29620e-05
9.84200e+04	2.20771e-02	1.12438e-01	5.75181	5.15833	1.29620e-05
9.85753e+04	2.20810e-02	1.10401e-01	2.03774	0.97189	1.29620e-05
9.87306e+04	2.20718e-02	1.10663e-01	2.99948	3.02555	1.29620e-05
9.88858e+04	2.19894e-02	3.68203e-02	3.95279	5.31640	1.29620e-05
9.90411e+04	2.20494e-02	7.17530e-02	4.34432	3.12653	1.29620e-05
9.91964e+04	2.20022e-02	1.09266e-01	6.26890	5.21486	1.29620e-05
9.93517e+04	2.20521e-02	7.03029e-02	0.59339	2.49348	1.29620e-05
9.95070e+04	2.20855e-02	6.11360e-02	0.54273	5.22956	1.29620e-05
9.96623e+04	2.20553e-02	3.97426e-02	0.95215	3.05035	1.29620e-05
9.98176e+04	2.19676e-02	1.07917e-01	3.45462	0.89941	1.29620e-05
9.99728e+04	2.19988e-02	1.50153e-01	4.55032	0.20892	1.29620e-05
1.00128e+05	2.20607e-02	8.55483e-02	2.63819	5.25367	1.29620e-05
1.00283e+05	2.19819e-02	1.17599e-01	5.54251	3.15789	1.29620e-05
1.00439e+05	2.20005e-02	6.98040e-02	2.36331	2.60866	1.29620e-05
1.00594e+05	2.19978e-02	5.23513e-02	0.99385	2.10323	1.29620e-05
1.00749e+05	2.20225e-02	1.05203e-01	2.41514	2.02333	1.29620e-05
1.00905e+05	2.20256e-02	5.98059e-02	2.83141	3.15690	1.29620e-05
1.01060e+05	2.19906e-02	7.98133e-02	6.23597	5.62307	1.29620e-05
1.01215e+05	2.19688e-02	1.57272e-01	3.30824	6.04952	1.29620e-05
1.01370e+05	2.20262e-02	8.18363e-02	5.46367	0.21154	1.29620e-05
1.01526e+05	2.20200e-02	7.32302e-02	4.14295	1.46325	1.29620e-05
1.01681e+05	2.19891e-02	1.08587e-01	5.75700	5.05463	1.29620e-05
1.01836e+05	2.19715e-02	1.06894e-01	1.48409	0.55241	1.29620e-05
1.01992e+05	2.19957e-02	1.49679e-01	1.06077	2.02372	1.29620e-05
1.02147e+05	2.19654e-02	4.99654e-02	5.04028	4.51965	1.29620e-05
1.02302e+05	2.19687e-02	7.89404e-02	5.15504	2.94896	1.29620e-05
1.02457e+05	2.19678e-02	1.14282e-01	5.96414	4.70330	1.29620e-05
1.02613e+05	2.20124e-02	1.09206e-01	5.31542	0.76959	1.29620e-05
1.02768e+05	2.19687e-02	6.70514e-02	0.25050	5.56539	1.29620e-05
1.02923e+05	2.19474e-02	1.56159e-01	1.91995	3.06909	1.29620e-05
1.03079e+05	2.19557e-02	1.23076e-01	1.56237	6.15133	1.29620e-05
1.03234e+05	2.19727e-02	7.57103e-02	4.93900	4.95169	1.29620e-05
1.03389e+05	2.19647e-02	1.32557e-01	1.22733	2.46335	1.29620e-05
1.03544e+05	2.19154e-02	8.82409e-02	3.08665	5.87967	1.29620e-05
1.03700e+05	2.19833e-02	1.06442e-01	0.36827	6.03130	1.29620e-05
1.03855e+05	2.19348e-02	9.93016e-02	5.43061	3.74986	1.29620e-05
1.04010e+05	2.19651e-02	9.63149e-02	6.13529	3.88210	1.29620e-05
1.04166e+05	2.19500e-02	1.42163e-01	0.98118	2.48517	1.29620e-05
1.04321e+05	2.19081e-02	8.35840e-02	5.68207	2.24862	1.29620e-05
1.04476e+05	2.18883e-02	1.34206e-01	3.56952	1.51410	1.29620e-05
1.04631e+05	2.18938e-02	7.59712e-02	4.46721	2.92453	1.29620e-05
1.04787e+05	2.19441e-02	7.18113e-02	0.20361	2.21615	1.29620e-05
1.04942e+05	2.18761e-02	1.43890e-01	4.74749	3.47101	1.29620e-05
1.05097e+05	2.19632e-02	8.60950e-02	2.17055	4.25325	1.29620e-05
1.05253e+05	2.19121e-02	9.19387e-02	5.89796	4.27751	1.29620e-05
1.05408e+05	2.19384e-02	1.26695e-01	6.01146	0.18568	1.29620e-05
1.05563e+05	2.19149e-02	8.54718e-02	0.36129	0.94067	1.29620e-05
1.05718e+05	2.19195e-02	1.24777e-01	5.84354	1.82399	1.29620e-05
1.05874e+05	2.19102e-02	9.68761e-02	2.33834	4.40203	1.29620e-05
1.06029e+05	2.19169e-02	1.01711e-01	5.61484	5.06551	1.29620e-05
1.06184e+05	2.18949e-02	1.27138e-01	0.98698	0.60204	1.29620e-05
1.06340e+05	2.19236e-02	1.04047e-01	0.28399	3.31919	1.29620e-05
1.06495e+05	2.19291e-02	8.75811e-02	0.11783	4.57638	1.29620e-05
1.06650e+05	2.18858e-02	1.08753e-01	4.15686	0.45323	1.29620e-05
1.06805e+05	2.19057e-02	1.28565e-01	0.34428	3.31101	1.29620e-05
1.06961e+05	2.18762e-02	6.40758e-02	2.28775	5.59857	1.29620e-05
1.07116e+05	2.18848e-02	1.12546e-01	3.31385	1.42836	1.29620e-05
1.07271e+05	2.18793e-02	1.21884e-01	2.99485	4.26485	1.29620e-05
1.07427e+05	2.18951e-02	1.16995e-01	1.28681	1.27307	1.29620e-05
1.07582e+05	2.18920e-02	6.65299e-02	5.29675	3.95550	1.29620e-05
1.07737e+05	2.18647e-02	9.87463e-02	2.29075	0.39495	1.29620e-05
1.07892e+05	2.18847e-02	1.19828e-01	3.95986	3.48184	1.29620e-05
1.08048e+05	2.18651e-02	1.28447e-01	4.59846	0.78519	1.29620e-05
1.08203e+05	2.18881e-02	9.62651e-02	4.24025	4.41986	1.29620e-05
1.08358e+05	2.18848e-02	8.78830e-02	3.71443	1.05482	1.29620e-05
1.08514e+05	2.18711e-02	8.76862e-02	1.89547	4.58752	1.29620e-05
1.08669e+05	2.18410e-02	1.18406e-01	5.40628	1.72709	1.29620e-05
1.08824e+05	2.18278e-02	1.28851e-01	1.31385	5.92335	1.29620e-05
1.08979e+05	2.18454e-02	1.00754e-01	2.80211	3.57432	1.29620e-05
1.09135e+05	2.18395e-02	1.04367e-01	3.72602	1.05668	1.29620e-05
1.09290e+05	2.18476e-02	8.86607e-02	3.55613	5.36950	1.29620e-05
1.09445e+05	2.18592e-02	8.32502e-02	3.07878	2.67693	1.29620e-05
1.09601e+05	2.18303e-02	1.04928e-01	1.47825	0.56932	1.29620e-05
1.09756e+05	2.18336e-02	1.03254e-01	5.10121	4.88430	1.29620e-05
1.09911e+05	2.18330e-02	1.16354e-01	1.91394	2.70343	1.29620e-05
1.10066e+05	2.18274e-02	1.30603e-01	3.97039	1.09642	1.29620e-05
1.10222e+05	2.18264e-02	1.14646e-01	5.36196	5.83624	1.29620e-05
1.10377e+05	2.18201e-02	1.01458e-01	6.23108	4.02606	1.29620e-05
1.10532e+05	2.18364e-02	1.10486e-01	6.02952	2.44558	1.29620e-05
1.10688e+05	2.18194e-02	1.15114e-01	4.87383	1.11841	1.29620e-05
1.10843e+05	2.18147e-02	1.05899e-01	3.40563	5.96209	1.29620e-05
1.10998e+05	2.18149e-02	9.46176e-02	1.41865	4.45767	1.29620e-05
1.11153e+05	2.18021e-02	1.09118e-01	4.59567	3.15913	1.29620e-05
1.11309e+05	2.18326e-02	1.07480e-01	0.68362	2.02025	1.29620e-05
1.11464e+05	2.18144e-02	9.69738e-02	2.63698	0.83305	1.29620e-05
1.11619e+05	2.17927e-02	9.84343e-02	4.02196	5.75092	1.29620e-05
1.11775e+05	2.17949e-02	1.13445e-01	4.75512	4.65041	1.29620e-05
1.11930e+05	2.17898e-02	1.14776e-01	4.63212	3.81349	1.29620e-05
1.12085e+05	2.17962e-02	1.04035e-01	3.84362	2.91182	1.29620e-05
1.12240e+05	2.17992e-02	1.00708e-01	2.53974	1.79566	1.29620e-05
1.12396e+05	2.17995e-02	1.05927e-01	0.46894	0.79439	1.29620e-05
1.12551e+05	2.17890e-02	1.12285e-01	4.17349	6.25475	1.29620e-05
1.12706e+05	2.17828e-02	1.11836e-01	0.92508	5.54995	1.29620e-05
1.12862e+05	2.17768e-02	1.05925e-01	3.30145	4.86567	1.29620e-05
1.13017e+05	2.17840e-02	9.77443e-02	5.08978	4.16840	1.29620e-05
1.13172e+05	2.17755e-02	1.02635e-01	0.05945	3.36685	1.29620e-05
1.13327e+05	2.17758e-02	1.15637e-01	0.58056	2.68738	1.29620e-05
1.13483e+05	2.17759e-02	1.22611e-01	0.29331	2.19251	1.29620e-05
1.13638e+05	2.17585e-02	1.11690e-01	5.70156	1.75184	1.29620e-05
1.13793e+05	2.17746e-02	1.03109e-01	4.40318	1.26805	1.29620e-05
1.13949e+05	2.17504e-02	9.52157e-02	2.54495	0.87125	1.29620e-05
1.14104e+05	2.17560e-02	9.47194e-02	0.12940	0.50997	1.29620e-05
1.14259e+05	2.17341e-02	9.82899e-02	3.20051	0.07774	1.29620e-05
1.14414e+05	2.17644e-02	1.07508e-01	5.59294	6.05035	1.29620e-05
1.14570e+05	2.17641e-02	1.08277e-01	1.14230	5.93800	1.29620e-05
1.14725e+05	2.17514e-02	1.07757e-01	2.40985	5.83994	1.29620e-05
1.14880e+05	2.17517e-02	1.17207e-01	3.43332	5.63725	1.29620e-05
1.15036e+05	2.17521e-02	1.15439e-01	3.45641	5.50725	1.29620e-05
1.15191e+05	2.17125e-02	1.08656e-01	2.97096	5.46729	1.29620e-05
1.15346e+05	2.17500e-02	1.01015e-01	2.14453	5.42748	1.29620e-05
1.15501e+05	2.17123e-02	9.28544e-02	0.63817	5.33298	1.29620e-05
1.15657e+05	2.17003e-02	9.61711e-02	4.67772	5.30238	1.29620e-05
1.15812e+05	2.17342e-02	1.01475e-01	2.00716	5.40380	1.29620e-05
1.15967e+05	2.17223e-02	1.05025e-01	4.82466	5.50320	1.29620e-05
1.16123e+05	2.17082e-02	1.05654e-01	0.83397	5.57944	1.29620e-05
1.16278e+05	2.17054e-02	1.09141e-01	2.68480	5.58876	1.29620e-05
1.16433e+05	2.17227e-02	1.12460e-01	3.77409	5.72357	1.29620e-05
1.16588e+05	2.17198e-02	1.09827e-01	4.43663	5.96472	1.29620e-05
1.16744e+05	2.16997e-02	1.06378e-01	4.10646	6.22058	1.29620e-05
1.16899e+05	2.16856e-02	1.05571e-01	3.48614	0.20511	1.29620e-05
1.17054e+05	2.16831e-02	1.11494e-01	2.23166	0.47214	1.29620e-05
1.17210e+05	2.16964e-02	1.17050e-01	0.45598	0.74625	1.29620e-05
1.17365e+05	2.17221e-02	1.17674e-01	3.97250	1.07897	1.29620e-05
1.17520e+05	2.16661e-02	1.07417e-01	0.63409	1.44749	1.29620e-05
1.17675e+05	2.16874e-02	1.07593e-01	3.39800	1.81694	1.29620e-05
1.17831e+05	2.16622e-02	1.13381e-01	5.10211	2.17373	1.29620e-05
1.17986e+05	2.16896e-02	1.15599e-01	5.90812	2.55628	1.29620e-05
1.18141e+05	2.17009e-02	1.12903e-01	0.44403	2.96062	1.29620e-05
1.18297e+05	2.17060e-02	1.11573e-01	0.23228	3.39613	1.29620e-05
1.18452e+05	2.16749e-02	1.11187e-01	5.39130	3.81129	1.29620e-05
1.18607e+05	2.16880e-02	1.09150e-01	3.97985	4.22030	1.29620e-05
1.18762e+05	2.16788e-02	1.11344e-01	1.66631	4.65093	1.29620e-05
1.18918e+05	2.16320e-02	1.13708e-01	4.93402	5.07804	1.29620e-05
1.19073e+05	2.16894e-02	1.13278e-01	1.06474	5.53032	1.29620e-05
1.19228e+05	2.16722e-02	1.09349e-01	2.80524	6.03198	1.29620e-05
1.19384e+05	2.16598e-02	1.09080e-01	3.93471	0.23444	1.29620e-05
1.19539e+05	2.16404e-02	1.09487e-01	4.09333	0.67119	1.29620e-05
1.19694e+05	2.16526e-02	1.10145e-01	3.26939	1.11419	1.29620e-05
1.19849e+05	2.16281e-02	1.06481e-01	1.88291	1.59661	1.29620e-05
1.20005e+05	2.16499e-02	1.07023e-01	6.02343	2.10177	1.29620e-05
1.20160e+05	2.16271e-02	1.08958e-01	2.59371	2.59296	1.29620e-05
1.20315e+05	2.16354e-02	1.02782e-01	4.89476	3.10183	1.29620e-05
1.20471e+05	2.16252e-02	1.02850e-01	6.25565	3.57950	1.29620e-05
1.20626e+05	2.16559e-02	1.09523e-01	0.25095	4.03892	1.29620e-05
1.20781e+05	2.16574e-02	1.05496e-01	5.97411	4.53353	1.29620e-05
1.20936e+05	2.16469e-02	1.02993e-01	4.35611	5.08232	1.29620e-05
1.21092e+05	2.16487e-02	1.04445e-01	1.96612	5.64207	1.29620e-05
1.21247e+05	2.16012e-02	1.03508e-01	4.83104	6.18682	1.29620e-05
1.21402e+05	2.16421e-02	1.11300e-01	0.28127	0.42810	1.29620e-05
1.21558e+05	2.16007e-02	1.07174e-01	1.19822	0.93973	1.29620e-05
1.21713e+05	2.16236e-02	1.10823e-01	0.75835	1.41063	1.29620e-05
1.21868e+05	2.16032e-02	1.08731e-01	5.72667	1.86924	1.29620e-05
1.22023e+05	2.16273e-02	1.04862e-01	3.01100	2.34395	1.29620e-05
1.22179e+05	2.15875e-02	1.04476e-01	5.81353	2.82428	1.29620e-05
1.22334e+05	2.15994e-02	1.06200e-01	0.92458	3.30710	1.29620e-05
1.22489e+05	2.16068e-02	1.03322e-01	1.36730	3.80125	1.29620e-05
1.22645e+05	2.15966e-02	1.04719e-01	0.30105	4.26120	1.29620e-05
1.22800e+05	2.16168e-02	1.10227e-01	4.14862	4.68358	1.29620e-05
1.22955e+05	2.15652e-02	1.06789e-01	0.43762	5.10966	1.29620e-05
1.23110e+05	2.15761e-02	1.06044e-01	1.82296	5.48903	1.29620e-05
1.23266e+05	2.15800e-02	1.01877e-01	1.87601	5.87771	1.29620e-05
1.23421e+05	2.16017e-02	1.00017e-01	0.45443	6.27687	1.29620e-05
1.23576e+05	2.15746e-02	9.82391e-02	3.90292	0.37059	1.29620e-05
1.23732e+05	2.15894e-02	1.01228e-01	5.87650	0.74688	1.29620e-05
1.23887e+05	2.15962e-02	1.04360e-01	6.18371	1.08117	1.29620e-05
1.24042e+05	2.15988e-02	1.07185e-01	5.04698	1.38037	1.29620e-05
1.24197e+05	2.15557e-02	1.07146e-01	2.36846	1.67146	1.29620e-05
1.24353e+05	2.15487e-02	1.02547e-01	4.09513	1.95754	1.29620e-05
1.24508e+05	2.15879e-02	1.05761e-01	4.46425	2.25105	1.29620e-05
1.24663e+05	2.15857e-02	1.06001e-01	3.18723	2.55033	1.29620e-05
1.24819e+05	2.15795e-02	1.08600e-01	0.16100	2.81237	1.29620e-05
1.24974e+05	2.15313e-02	1.09822e-01	1.43722	3.04545	1.29620e-05
1.25129e+05	2.15705e-02	1.15012e-01	0.82480	3.24481	1.29620e-05
1.25284e+05	2.15599e-02	1.14640e-01	4.78765	3.42541	1.29620e-05
1.25440e+05	2.15839e-02	1.11661e-01	0.60206	3.62454	1.29620e-05
1.25595e+05	2.15654e-02	1.07287e-01	0.85991	3.81085	1.29620e-05
1.25750e+05	2.15710e-02	1.10076e-01	5.49346	3.96806	1.29620e-05
1.25906e+05	2.15503e-02	1.08336e-01	1.68621	4.09554	1.29620e-05
1.26061e+05	2.15547e-02	1.06462e-01	1.99653	4.16103	1.29620e-05
1.26216e+05	2.15463e-02	1.07616e-01	0.34727	4.17502	1.29620e-05
1.26371e+05	2.15489e-02	1.02840e-01	2.62538	4.16734	1.29620e-05
1.26527e+05	2.15374e-02	1.05377e-01	2.98948	4.14548	1.29620e-05
1.26682e+05	2.15219e-02	1.04160e-01	0.99871	4.10044	1.29620e-05
1.26837e+05	2.15145e-02	1.05000e-01	2.93973	4.03776	1.29620e-05
1.26993e+05	2.15015e-02	1.05426e-01	2.52211	3.94769	1.29620e-05
1.27148e+05	2.15050e-02	1.05899e-01	6.05053	3.84621	1.29620e-05
1.27303e+05	2.15225e-02	1.08510e-01	0.73401	3.72538	1.29620e-05
1.27458e+05	2.15133e-02	1.09277e-01	5.60969	3.56786	1.29620e-05
1.27614e+05	2.14932e-02	1.08637e-01	1.70136	3.36492	1.29620e-05
1.27769e+05	2.15252e-02	1.08722e-01	1.28811	3.14302	1.29620e-05
1.27924e+05	2.15370e-02	1.04846e-01	4.66421	2.87594	1.29620e-05
1.28080e+05	2.15138e-02	1.05290e-01	5.26838	2.59813	1.29620e-05
1.28235e+05	2.15295e-02	1.00831e-01	3.32883	2.22868	1.29620e-05
1.28390e+05	2.14774e-02	1.00806e-01	4.66917	1.80960	1.29620e-05
1.28545e+05	2.14668e-02	1.01807e-01	2.99952	1.34073	1.29620e-05
1.28701e+05	2.14949e-02	1.04305e-01	4.73898	0.85238	1.29620e-05
1.28856e+05	2.14631e-02	1.04725e-01	3.71267	0.36332	1.29620e-05
1.29011e+05	2.15106e-02	1.09607e-01	5.63732	6.11292	1.29620e-05
1.29167e+05	2.14671e-02	1.05188e-01	4.44067	5.54004	1.29620e-05
1.29322e+05	2.15080e-02	1.09358e-01	6.25250	4.92020	1.29620e-05
1.29477e+05	2.15022e-02	1.03613e-01	4.99941	4.23332	1.29620e-05
1.29632e+05	2.14874e-02	1.00729e-01	0.43933	3.45312	1.29620e-05
1.29788e+05	2.14688e-02	1.02222e-01	4.91497	2.60968	1.29620e-05
1.29943e+05	2.14318e-02	1.02623e-01	5.75725	1.73110	1.29620e-05
1.30098e+05	2.14685e-02	1.05197e-01	3.10674	0.86326	1.29620e-05
1.30254e+05	2.14470e-02	1.05812e-01	3.39875	6.25456	1.29620e-05
1.30409e+05	2.14638e-02	1.05625e-01	5.77524	5.26260	1.29620e-05
1.30564e+05	2.15060e-02	1.02248e-01	4.95497	4.17663	1.29620e-05
1.30719e+05	2.15059e-02	1.03211e-01	0.06811	3.03982	1.29620e-05
1.30875e+05	2.14910e-02	1.04070e-01	3.57910	1.90169	1.29620e-05
1.31030e+05	2.14793e-02	1.08164e-01	3.51427	0.73721	1.29620e-05
1.31185e+05	2.14923e-02	1.05464e-01	5.19382	5.76077	1.29620e-05
1.31341e+05	2.14849e-02	1.01483e-01	3.03251	4.37257	1.29620e-05
1.31496e+05	2.14288e-02	1.03060e-01	2.77088	2.94397	1.29620e-05
1.31651e+05	2.14207e-02	1.03291e-01	4.54064	1.48453	1.29620e-05
1.31806e+05	2.14686e-02	1.03905e-01	1.94221	0.00558	1.29620e-05
1.31962e+05	2.14623e-02	1.00948e-01	0.82788	4.68504	1.29620e-05
1.32117e+05	2.14421e-02	1.03863e-01	2.02494	2.97630	1.29620e-05
1.32272e+05	2.14169e-02	1.07234e-01	4.25855	1.27378	1.29620e-05
1.32428e+05	2.14419e-02	1.03683e-01	1.75032	5.78893	1.29620e-05
1.32583e+05	2.14154e-02	9.81338e-02	1.00769	3.88633	1.29620e-05
1.32738e+05	2.14356e-02	9.95877e-02	1.66830	1.88566	1.29620e-05
1.32893e+05	2.14190e-02	1.03237e-01	3.31564	6.16286	1.29620e-05
1.33049e+05	2.14149e-02	1.00760e-01	5.98345	4.05158	1.29620e-05
1.33204e+05	2.14064e-02	1.01801e-01	3.68977	1.85569	1.29620e-05
1.33359e+05	2.14502e-02	1.05400e-01	2.24330	5.89971	1.29620e-05
1.33515e+05	2.13902e-02	9.89916e-02	1.73580	3.55157	1.29620e-05
1.33670e+05	2.13898e-02	9.91301e-02	2.08749	1.06702	1.29620e-05
1.33825e+05	2.13971e-02	9.86903e-02	3.03215	4.86441	1.29620e-05
1.33980e+05	2.13884e-02	9.95014e-02	4.47597	2.25296	1.29620e-05
1.34136e+05	2.14443e-02	1.03283e-01	0.21117	5.83150	1.29620e-05
1.34291e+05	2.13996e-02	1.00712e-01	2.44196	3.07377	1.29620e-05
1.34446e+05	2.14576e-02	1.01175e-01	4.78649	0.17306	1.29620e-05
1.34602e+05	2.14408e-02	1.01545e-01	1.19605	3.50451	1.29620e-05
1.34757e+05	2.14429e-02	1.01026e-01	3.95814	0.44610	1.29620e-05
1.34912e+05	2.14497e-02	1.02769e-01	0.24813	3.53751	1.29620e-05
1.35067e+05	2.14079e-02	9.99245e-02	2.66557	0.27438	1.29620e-05
1.35223e+05	2.14496e-02	1.02565e-01	5.06749	3.18210	1.29620e-05
1.35378e+05	2.14343e-02	1.01206e-01	0.48705	6.01720	1.29620e-05
1.35533e+05	2.14305e-02	1.01113e-01	1.77283	2.40894	1.29620e-05
1.35689e+05	2.13705e-02	9.70467e-02	2.48780	5.00557	1.29620e-05
1.35844e+05	2.13826e-02	9.82585e-02	2.15188	1.20125	1.29620e-05
1.35999e+05	2.14153e-02	9.87524e-02	1.34771	3.56691	1.29620e-05
1.36154e+05	2.14365e-02	1.00342e-01	5.62380	5.80569	1.29620e-05
1.36310e+05	2.13822e-02	9.63809e-02	2.66248	1.66629	1.29620e-05
1.36465e+05	2.13747e-02	9.58933e-02	4.57959	3.67992	1.29620e-05
1.36620e+05	2.13922e-02	9.74976e-02	5.22393	5.54217	1.29620e-05
1.36776e+05	2.13784e-02	9.59840e-02	4.02182	1.05594	1.29620e-05
1.36931e+05	2.13821e-02	9.75218e-02	1.84640	2.70007	1.29620e-05
1.37086e+05	2.14009e-02	9.91013e-02	3.61754	4.19502	1.29620e-05
1.37241e+05	2.14173e-02	9.95175e-02	4.02276	5.56909	1.29620e-05
1.37397e+05	2.14127e-02	1.00182e-01	2.30011	0.55082	1.29620e-05
1.37552e+05	2.13658e-02	9.72378e-02	4.46764	1.63006	1.29620e-05
1.37707e+05	2.14047e-02	9.92403e-02	4.95551	2.58400	1.29620e-05
1.37863e+05	2.13493e-02	9.34641e-02	2.58824	3.44426	1.29620e-05
1.38018e+05	2.13896e-02	9.68640e-02	4.31874	4.09575	1.29620e-05
1.38173e+05	2.14129e-02	9.76856e-02	3.03006	4.59822	1.29620e-05
1.38328e+05	2.13599e-02	9.68353e-02	5.57075	5.00282	1.29620e-05
1.38484e+05	2.13941e-02	9.55124e-02	5.08869	5.18972	1.29620e-05
1.38639e+05	2.14050e-02	9.50110e-02	1.36274	5.26193	1.29620e-05
1.38794e+05	2.13323e-02	9.36003e-02	0.99364	5.18198	1.29620e-05
1.38950e+05	2.13331e-02	9.39449e-02	3.37607	4.90688	1.29620e-05
1.39105e+05	2.13713e-02	9.50846e-02	2.56907	4.51485	1.29620e-05
1.39260e+05	2.13611e-02	9.26809e-02	4.29199	3.88232	1.29620e-05
1.39415e+05	2.13823e-02	9.64501e-02	2.13232	3.10981	1.29620e-05
1.39571e+05	2.13463e-02	9.39710e-02	2.42110	2.19498	1.29620e-05
1.39726e+05	2.13656e-02	9.23558e-02	4.94418	1.04379	1.29620e-05
1.39881e+05	2.13244e-02	9.22295e-02	3.11306	6.02317	1.29620e-05
1.40037e+05	2.13231e-02	9.08531e-02	3.34882	4.55460	1.29620e-05
1.40192e+05	2.13382e-02	9.22815e-02	5.32689	2.84278	1.29620e-05
1.40347e+05	2.13597e-02	9.41870e-02	3.06741	0.96581	1.29620e-05
1.40502e+05	2.13104e-02	8.85011e-02	1.81750	5.15249	1.29620e-05
1.40658e+05	2.13369e-02	9.12955e-02	1.87761	2.91602	1.29620e-05
1.40813e+05	2.13795e-02	9.19834e-02	3.66235	0.39984	1.29620e-05
1.40968e+05	2.13969e-02	9.34044e-02	5.99558	4.02037	1.29620e-05
1.41124e+05	2.13518e-02	9.15223e-02	2.98264	1.05857	1.29620e-05
1.41279e+05	2.13632e-02	8.99916e-02	0.81234	4.22562	1.29620e-05
1.41434e+05	2.13847e-02	9.25709e-02	5.63330	0.84529	1.29620e-05
1.41589e+05	2.13430e-02	9.01470e-02	4.72612	3.52375	1.29620e-05
1.41745e+05	2.13512e-02	8.77349e-02	3.48361	5.97120	1.29620e-05
1.41900e+05	2.13184e-02	8.70916e-02	2.93736	1.93704	1.29620e-05
1.42055e+05	2.13672e-02	8.87407e-02	2.13148	3.88292	1.29620e-05
1.42211e+05	2.13675e-02	9.08101e-02	1.00144	5.60697	1.29620e-05
1.42366e+05	2.13648e-02	9.03033e-02	5.90940	0.77403	1.29620e-05
1.42521e+05	2.13064e-02	8.64376e-02	3.80110	1.97095	1.29620e-05
1.42676e+05	2.13849e-02	9.10780e-02	1.08034	2.93249	1.29620e-05
1.42832e+05	2.13249e-02	8.73705e-02	3.67227	3.59521	1.29620e-05
1.42987e+05	2.13018e-02	8.54376e-02	5.53356	4.01538	1.29620e-05
1.43142e+05	2.13132e-02	8.61651e-02	5.91512	4.12152	1.29620e-05
1.43298e+05	2.13682e-02	8.79058e-02	5.37793	3.90884	1.29620e-05
1.43453e+05	2.13287e-02	8.51252e-02	2.73806	3.44570	1.29620e-05
1.43608e+05	2.13039e-02	8.33335e-02	5.15174	2.65775	1.29620e-05
1.43763e+05	2.13096e-02	8.37256e-02	5.51947	1.55272	1.29620e-05
1.43919e+05	2.13578e-02	8.45266e-02	3.81302	0.18646	1.29620e-05
1.44074e+05	2.13268e-02	8.17461e-02	0.37563	4.73387	1.29620e-05
1.44229e+05	2.13558e-02	8.50759e-02	0.47506	2.68265	1.29620e-05
1.44385e+05	2.13649e-02	8.28733e-02	4.33917	0.30424	1.29620e-05
1.44540e+05	2.13048e-02	8.16785e-02	5.66718	3.88225	1.29620e-05
1.44695e+05	2.13545e-02	8.28604e-02	3.76658	0.79472	1.29620e-05
1.44850e+05	2.13258e-02	8.08549e-02	5.42492	3.64627	1.29620e-05
1.45006e+05	2.13229e-02	8.28079e-02	3.88327	6.15783	1.29620e-05
1.45161e+05	2.13637e-02	8.43424e-02	5.51859	1.95988	1.29620e-05
1.45316e+05	2.13216e-02	7.79508e-02	3.22241	3.69433	1.29620e-05
1.45472e+05	2.13294e-02	7.82655e-02	3.68330	5.06502	1.29620e-05
1.45627e+05	2.13641e-02	8.09061e-02	0.52926	6.01755	1.29620e-05
1.45782e+05	2.13240e-02	7.77834e-02	5.55003	0.25953	1.29620e-05
1.45937e+05	2.13560e-02	7.84393e-02	0.26730	0.34860	1.29620e-05
1.46093e+05	2.13076e-02	7.66740e-02	3.46350	0.01397	1.29620e-05
1.46248e+05	2.13652e-02	7.96374e-02	1.81598	5.56758	1.29620e-05
1.46403e+05	2.13168e-02	7.67321e-02	1.77753	4.41051	1.29620e-05
1.46559e+05	2.13642e-02	7.65240e-02	3.02327	2.72361	1.29620e-05
1.46714e+05	2.13513e-02	7.76095e-02	5.75111	0.57031	1.29620e-05
1.46869e+05	2.12996e-02	7.13673e-02	3.14732	4.24429	1.29620e-05
1.47024e+05	2.13450e-02	7.71854e-02	1.64665	1.11415	1.29620e-05
1.47180e+05	2.12965e-02	7.27706e-02	0.67001	3.76096	1.29620e-05
1.47335e+05	2.13530e-02	7.49157e-02	0.37544	5.99692	1.29620e-05
1.47490e+05	2.13380e-02	7.37711e-02	0.43989	1.38704	1.29620e-05
1.47646e+05	2.13232e-02	7.30963e-02	0.47719	2.46036	1.29620e-05
1.47801e+05	2.13237e-02	7.42586e-02	0.88287	3.02935	1.29620e-05
1.47956e+05	2.13305e-02	7.19497e-02	1.30145	2.94764	1.29620e-05
1.48111e+05	2.13015e-02	7.03168e-02	1.59951	2.42481	1.29620e-05
1.48267e+05	2.13599e-02	7.14449e-02	1.29947	1.20192	1.29620e-05
1.48422e+05	2.13277e-02	7.21326e-02	0.63223	5.63421	1.29620e-05
1.48577e+05	2.13627e-02	7.08032e-02	5.23787	3.20908	1.29620e-05
1.48733e+05	2.13278e-02	7.07356e-02	2.87111	0.09004	1.29620e-05
1.48888e+05	2.13688e-02	6.73323e-02	5.43464	2.70330	1.29620e-05
1.49043e+05	2.12915e-02	6.80256e-02	0.69798	4.61044	1.29620e-05
1.49198e+05	2.13141e-02	6.83030e-02	0.85357	5.76924	1.29620e-05
1.49354e+05	2.13782e-02	7.05199e-02	5.78889	6.27492	1.29620e-05
1.49509e+05	2.13699e-02	6.99121e-02	2.85672	6.09233	1.29620e-05
1.49664e+05	2.13638e-02	6.74119e-02	4.24064	5.15919	1.29620e-05
1.49820e+05	2.13075e-02	6.06762e-02	3.58128	3.40401	1.29620e-05
1.49975e+05	2.13182e-02	6.72502e-02	0.87279	0.87408	1.29620e-05
1.50130e+05	2.13060e-02	6.20255e-02	2.19411	3.91113	1.29620e-05
1.50285e+05	2.13055e-02	6.05365e-02	1.31706	6.02807	1.29620e-05
1.50441e+05	2.13387e-02	6.49235e-02	3.68618	1.06999	1.29620e-05
1.50596e+05	2.13606e-02	6.46727e-02	3.69642	1.44059	1.29620e-05
1.50751e+05	2.13682e-02	6.20542e-02	0.75743	1.03828	1.29620e-05
1.50907e+05	2.13531e-02	6.40673e-02	0.93445	5.96919	1.29620e-05
1.51062e+05	2.13186e-02	5.77830e-02	4.69766	3.55588	1.29620e-05
1.51217e+05	2.13737e-02	6.18490e-02	4.84374	0.24704	1.29620e-05
1.51372e+05	2.13097e-02	5.72907e-02	1.61225	2.16785	1.29620e-05
1.51528e+05	2.13578e-02	5.78749e-02	0.99290	3.14398	1.29620e-05
1.51683e+05	2.13521e-02	5.34034e-02	3.32812	3.03895	1.29620e-05
1.51838e+05	2.13325e-02	5.40661e-02	1.41905	1.73537	1.29620e-05
1.51994e+05	2.13783e-02	6.09687e-02	2.19729	5.77414	1.29620e-05
1.52149e+05	2.13189e-02	4.88135e-02	5.19602	2.18604	1.29620e-05
1.52304e+05	2.13678e-02	5.54694e-02	3.78517	3.89324	1.29620e-05
1.52459e+05	2.13548e-02	5.46962e-02	4.19408	4.21522	1.29620e-05
1.52615e+05	2.13318e-02	4.86433e-02	0.53502	3.25631	1.29620e-05
1.52770e+05	2.13575e-02	4.95116e-02	4.91922	0.93810	1.29620e-05
1.52925e+05	2.13796e-02	5.34066e-02	4.65377	3.74109	1.29620e-05
1.53081e+05	2.13340e-02	5.27343e-02	5.80864	5.02403	1.29620e-05
1.53236e+05	2.13200e-02	4.62325e-02	2.31417	4.79106	1.29620e-05
1.53391e+05	2.13345e-02	5.06020e-02	6.18590	3.17832	1.29620e-05
1.53546e+05	2.13199e-02	4.04131e-02	5.18537	0.04443	1.29620e-05
1.53702e+05	2.13866e-02	4.72783e-02	5.05842	1.74393	1.29620e-05
1.53857e+05	2.13693e-02	4.62415e-02	5.94712	1.67166	1.29620e-05
1.54012e+05	2.13385e-02	4.14411e-02	1.62987	0.01040	1.29620e-05
1.54168e+05	2.13577e-02	4.40880e-02	4.93216	2.42714	1.29620e-05
1.54323e+05	2.13435e-02	3.99935e-02	3.09742	2.83602	1.29620e-05
1.54478e+05	2.13666e-02	4.36738e-02	1.90728	1.24290	1.29620e-05
1.54633e+05	2.13743e-02	3.87128e-02	1.71236	3.72475	1.29620e-05
1.54789e+05	2.13587e-02	3.72075e-02	2.11146	4.08974	1.29620e-05
1.54944e+05	2.13791e-02	4.59513e-02	2.96672	2.29987	1.29620e-05
1.55099e+05	2.13891e-02	3.94992e-02	3.88684	5.25754	1.29620e-05
1.55255e+05	2.13478e-02	3.39183e-02	5.14463	5.79266	1.29620e-05
