# t	a	e	mean_anomaly	varpi	mass/M_star
3.10572e+00	3.48109e-02	9.86833e-04	0.25172	0.13374	2.31180e-05
6.98788e+00	3.48237e-02	6.48135e-04	4.01967	3.24653	2.31180e-05
1.08700e+01	3.48188e-02	2.90856e-03	5.30139	2.54853	2.31180e-05
1.47522e+01	3.48254e-02	9.78783e-04	5.93706	2.51135	2.31180e-05
1.86343e+01	3.48046e-02	1.00431e-03	3.20726	5.82311	2.31180e-05
2.25164e+01	3.48128e-02	1.73749e-03	0.48631	2.84976	2.31180e-05
2.63985e+01	3.48099e-02	7.63978e-04	1.66329	2.24749	2.31180e-05
3.02807e+01	3.48181e-02	1.01873e-03	1.56238	2.93752	2.31180e-05
3.41628e+01	3.48088e-02	1.20327e-03	5.98982	5.37367	2.31180e-05
3.80450e+01	3.48140e-02	2.54158e-03	1.71392	3.95630	2.31180e-05
4.19271e+01	3.48206e-02	1.41160e-03	3.88777	2.35928	2.31180e-05
4.58093e+01	3.48171e-02	1.24994e-03	0.82983	6.00750	2.31180e-05
4.96914e+01	3.48282e-02	1.21181e-03	2.67318	4.73737	2.31180e-05
5.35735e+01	3.48166e-02	6.39633e-04	4.28384	3.71729	2.31180e-05
5.74557e+01	3.48220e-02	1.14066e-03	4.61026	3.97258	2.31180e-05
6.13378e+01	3.48132e-02	2.59750e-03	4.59929	4.57597	2.31180e-05
6.52199e+01	3.48263e-02	1.00162e-03	4.57522	5.17534	2.31180e-05
6.91021e+01	3.48168e-02	3.27273e-03	5.09996	5.24359	2.31180e-05
7.29842e+01	3.48214e-02	1.33724e-03	5.94581	4.97607	2.31180e-05
7.68664e+01	3.48060e-02	6.22933e-04	3.82157	1.41184	2.31180e-05
8.07485e+01	3.48097e-02	7.97520e-04	1.16067	4.65005	2.31180e-05
8.46307e+01	3.48133e-02	6.42973e-04	0.96021	5.43877	2.31180e-05
8.85128e+01	3.48083e-02	3.74689e-04	0.24295	0.46344	2.31180e-05
9.23949e+01	3.48125e-02	2.23009e-03	2.24522	5.32502	2.31180e-05
9.62771e+01	3.48136e-02	1.88371e-03	0.59846	1.28254	2.31180e-05
1.00159e+02	3.48211e-02	3.04625e-03	2.84413	5.89906	2.31180e-05
1.04041e+02	3.48150e-02	1.05142e-03	4.69555	4.64035	2.31180e-05
1.07923e+02	3.48222e-02	7.44264e-04	3.66175	6.24876	2.31180e-05
1.11806e+02	3.48146e-02	1.21664e-03	4.72967	5.78104	2.31180e-05
1.15688e+02	3.48236e-02	2.17220e-03	5.83992	5.24871	2.31180e-05
1.19570e+02	3.48112e-02	1.35544e-03	6.24226	5.44365	2.31180e-05
1.23452e+02	3.48277e-02	1.24957e-03	5.12515	0.85910	2.31180e-05
1.27334e+02	3.48135e-02	9.54225e-04	2.32410	4.25596	2.31180e-05
1.31216e+02	3.48206e-02	1.52487e-03	6.19280	0.97635	2.31180e-05
1.35098e+02	3.48060e-02	1.95467e-03	1.56314	6.19480	2.31180e-05
1.38981e+02	3.48162e-02	3.00910e-03	1.79939	0.25134	2.31180e-05
1.42863e+02	3.48063e-02	2.03243e-03	1.82905	0.81547	2.31180e-05
1.46745e+02	3.48153e-02	5.08963e-04	1.75870	1.46391	2.31180e-05
1.50627e+02	3.48095e-02	1.11611e-03	2.12937	1.69162	2.31180e-05
1.54509e+02	3.48093e-02	1.94064e-03	2.26893	2.14990	2.31180e-05
1.58391e+02	3.48194e-02	9.09422e-04	3.32782	1.71405	2.31180e-05
1.62273e+02	3.48161e-02	1.31494e-03	3.62929	2.03143	2.31180e-05
1.66156e+02	3.48208e-02	3.43165e-04	3.82279	2.47887	2.31180e-05
1.70038e+02	3.48098e-02	2.80907e-03	4.48536	2.42831	2.31180e-05
1.73920e+02	3.48279e-02	3.05771e-03	5.80841	1.73596	2.31180e-05
1.77802e+02	3.48211e-02	8.80470e-04	5.21204	2.94964	2.31180e-05
1.81684e+02	3.48219e-02	2.60995e-03	4.68601	4.10569	2.31180e-05
1.85566e+02	3.48112e-02	7.04084e-04	5.89362	3.51498	2.31180e-05
1.89448e+02	3.48197e-02	3.97943e-03	0.10352	3.65888	2.31180e-05
1.93331e+02	3.48051e-02	2.13388e-03	1.41300	2.97769	2.31180e-05
1.97213e+02	3.48174e-02	1.34711e-03	0.50387	4.51082	2.31180e-05
2.01095e+02	3.48208e-02	2.95057e-03	0.67451	4.96959	2.31180e-05
2.04977e+02	3.48228e-02	2.83619e-03	0.58482	5.69005	2.31180e-05
2.08859e+02	3.48148e-02	1.33044e-03	0.04813	0.56892	2.31180e-05
2.12741e+02	3.48212e-02	2.09935e-03	4.38884	3.15205	2.31180e-05
2.16623e+02	3.48075e-02	3.29229e-03	3.16701	4.99698	2.31180e-05
2.20505e+02	3.48232e-02	2.22929e-03	0.51718	2.00042	2.31180e-05
2.24388e+02	3.48181e-02	3.82681e-03	4.46623	4.96765	2.31180e-05
2.28270e+02	3.48214e-02	1.98948e-03	0.50186	3.28257	2.31180e-05
2.32152e+02	3.48231e-02	1.22274e-03	5.90037	4.81294	2.31180e-05
2.36034e+02	3.48222e-02	3.19639e-03	1.10158	3.96552	2.31180e-05
2.39916e+02	3.48161e-02	3.69939e-04	0.88707	4.80412	2.31180e-05
2.43798e+02	3.48287e-02	4.64595e-03	6.14345	0.19924	2.31180e-05
2.47680e+02	3.48165e-02	1.38222e-03	0.56832	0.12798	2.31180e-05
2.51563e+02	3.48092e-02	4.33756e-03	1.98930	5.64913	2.31180e-05
2.55445e+02	3.48035e-02	2.91192e-03	3.31596	4.95778	2.31180e-05
2.59327e+02	3.48224e-02	3.71211e-04	2.67492	6.25889	2.31180e-05
2.63209e+02	3.48132e-02	1.84944e-03	2.45904	0.81228	2.31180e-05
2.67091e+02	3.48053e-02	2.71821e-03	2.76184	1.16004	2.31180e-05
2.70973e+02	3.48150e-02	3.03329e-03	2.54647	2.02481	2.31180e-05
2.74855e+02	3.48109e-02	1.05289e-03	1.34981	3.89641	2.31180e-05
2.78738e+02	3.48268e-02	2.44924e-03	5.27027	0.63225	2.31180e-05
2.82620e+02	3.48197e-02	1.69682e-03	6.05219	0.55201	2.31180e-05
2.86502e+02	3.48177e-02	2.14722e-03	3.83765	3.44689	2.31180e-05
2.90384e+02	3.48259e-02	5.32343e-03	0.28145	1.39614	2.31180e-05
2.94266e+02	3.48250e-02	7.86208e-04	1.45911	0.88640	2.31180e-05
2.98148e+02	3.48002e-02	4.37201e-03	1.01170	2.03221	2.31180e-05
3.02030e+02	3.48160e-02	2.37164e-03	1.74974	1.94063	2.31180e-05
3.05913e+02	3.48145e-02	3.80035e-03	5.82101	4.79357	2.31180e-05
3.09795e+02	3.48192e-02	3.32261e-03	2.10279	2.84707	2.31180e-05
3.13677e+02	3.48060e-02	1.55572e-03	1.40949	3.98149	2.31180e-05
3.17559e+02	3.48063e-02	3.84771e-03	1.83136	4.07064	2.31180e-05
3.21441e+02	3.48019e-02	6.44232e-03	2.86420	3.61233	2.31180e-05
3.25323e+02	3.48242e-02	6.26261e-03	2.93697	4.14969	2.31180e-05
3.29205e+02	3.48173e-02	5.19540e-03	1.95260	5.25171	2.31180e-05
3.33088e+02	3.48306e-02	1.18854e-02	0.38468	0.28010	2.31180e-05
3.36970e+02	3.48547e-02	2.16479e-03	2.81147	3.14620	2.31180e-05
3.40852e+02	3.48379e-02	6.84411e-03	2.13961	3.74996	2.31180e-05
3.44734e+02	3.48108e-02	2.59304e-03	3.82332	1.53310	2.31180e-05
3.48616e+02	3.48387e-02	7.53653e-03	0.19198	5.10259	2.31180e-05
3.52498e+02	3.48282e-02	1.58934e-02	4.88091	0.61276	2.31180e-05
3.56380e+02	3.48098e-02	7.44541e-03	0.89872	4.58566	2.31180e-05
3.60262e+02	3.48237e-02	4.11260e-03	3.97479	1.70795	2.31180e-05
3.64145e+02	3.48231e-02	1.64883e-02	6.19102	6.22117	2.31180e-05
3.68027e+02	3.48332e-02	9.39991e-03	3.80128	2.81374	2.31180e-05
3.71909e+02	3.47910e-02	1.68260e-02	5.41372	1.85773	2.31180e-05
3.75791e+02	3.47929e-02	2.11414e-03	3.06802	4.89878	2.31180e-05
3.79673e+02	3.47842e-02	8.43309e-03	5.12931	4.28430	2.31180e-05
3.83555e+02	3.48146e-02	8.74446e-03	0.15597	3.85393	2.31180e-05
3.87437e+02	3.48275e-02	7.61914e-03	3.87562	1.30797	2.31180e-05
3.91320e+02	3.47791e-02	1.59455e-02	4.58722	1.83703	2.31180e-05
3.95202e+02	3.47939e-02	1.96861e-02	5.18885	2.70379	2.31180e-05
3.99084e+02	3.47992e-02	2.08270e-02	0.76550	2.46590	2.31180e-05
4.02966e+02	3.47907e-02	8.32840e-03	3.52739	1.53770	2.31180e-05
4.06848e+02	3.47973e-02	8.99786e-03	3.48772	3.31517	2.31180e-05
4.10730e+02	3.47959e-02	1.29939e-02	5.56416	3.26631	2.31180e-05
4.14612e+02	3.47540e-02	1.61723e-02	0.67146	4.21067	2.31180e-05
4.18495e+02	3.47633e-02	1.43684e-02	1.15413	6.16725	2.31180e-05
4.22377e+02	3.47526e-02	2.38801e-02	3.12603	0.73072	2.31180e-05
4.26259e+02	3.47471e-02	1.63612e-02	3.72126	2.90279	2.31180e-05
4.30141e+02	3.47471e-02	3.05867e-02	6.10729	3.63880	2.31180e-05
4.34023e+02	3.47376e-02	1.20987e-02	1.27365	5.50654	2.31180e-05
4.37905e+02	3.47220e-02	2.50353e-02	3.10226	0.83548	2.31180e-05
4.41787e+02	3.47372e-02	1.63783e-02	4.56306	3.13420	2.31180e-05
4.45670e+02	3.47181e-02	2.57425e-02	0.50112	4.78136	2.31180e-05
4.49552e+02	3.47317e-02	1.33930e-02	1.84257	1.29688	2.31180e-05
4.53434e+02	3.47127e-02	2.56491e-02	4.33323	3.12237	2.31180e-05
4.57316e+02	3.47276e-02	1.45948e-02	6.05764	5.94998	2.31180e-05
4.61198e+02	3.47166e-02	2.28703e-02	2.50813	1.74656	2.31180e-05
4.65080e+02	3.47249e-02	1.74100e-02	4.36182	4.85705	2.31180e-05
4.68962e+02	3.46899e-02	2.18585e-02	1.51885	0.51305	2.31180e-05
4.72845e+02	3.46965e-02	2.07839e-02	3.36014	4.08559	2.31180e-05
4.76727e+02	3.46996e-02	2.10830e-02	1.34070	5.81226	2.31180e-05
4.80609e+02	3.46873e-02	2.30280e-02	3.33232	3.39369	2.31180e-05
4.84491e+02	3.46986e-02	1.75862e-02	1.81286	5.17958	2.31180e-05
4.88373e+02	3.46893e-02	2.44092e-02	4.26936	2.79705	2.31180e-05
4.92255e+02	3.46861e-02	1.18379e-02	2.62725	5.12029	2.31180e-05
4.96137e+02	3.46857e-02	2.53772e-02	6.14663	2.23350	2.31180e-05
5.00019e+02	3.46775e-02	1.08413e-02	3.72724	5.62134	2.31180e-05
5.03902e+02	3.46787e-02	2.39014e-02	2.50824	1.85988	2.31180e-05
5.07784e+02	3.46849e-02	1.81712e-02	6.20819	5.74689	2.31180e-05
5.11666e+02	3.46835e-02	1.37898e-02	5.73391	1.87580	2.31180e-05
5.15548e+02	3.46582e-02	2.65843e-02	3.68359	5.73899	2.31180e-05
5.19430e+02	3.46786e-02	8.34801e-03	2.31202	3.12525	2.31180e-05
5.23312e+02	3.46627e-02	2.63460e-02	2.18121	5.78894	2.31180e-05
5.27194e+02	3.46510e-02	2.04076e-02	0.50508	3.70202	2.31180e-05
5.31077e+02	3.46554e-02	1.38130e-02	0.93617	0.06825	2.31180e-05
5.34959e+02	3.46379e-02	2.85592e-02	6.20204	4.08843	2.31180e-05
5.38841e+02	3.46429e-02	1.34410e-02	5.85867	1.66207	2.31180e-05
5.42723e+02	3.46244e-02	2.20014e-02	0.50195	4.62270	2.31180e-05
5.46605e+02	3.46184e-02	2.44174e-02	0.36022	2.39832	2.31180e-05
5.50487e+02	3.46071e-02	1.50410e-02	1.45800	5.79126	2.31180e-05
5.54369e+02	3.46025e-02	2.63778e-02	2.60152	2.99337	2.31180e-05
5.58252e+02	3.46054e-02	2.19265e-02	3.36043	0.76458	2.31180e-05
5.62134e+02	3.45891e-02	1.80123e-02	5.46782	4.01338	2.31180e-05
5.66016e+02	3.45710e-02	2.86712e-02	0.75507	1.52466	2.31180e-05
5.69898e+02	3.45777e-02	2.20162e-02	2.47370	5.56872	2.31180e-05
5.73780e+02	3.45713e-02	2.14662e-02	5.44709	2.44972	2.31180e-05
5.77662e+02	3.45562e-02	3.03023e-02	1.34800	0.18632	2.31180e-05
5.81544e+02	3.45677e-02	2.17929e-02	3.98397	4.20412	2.31180e-05
5.85427e+02	3.45377e-02	2.42546e-02	1.44262	1.12113	2.31180e-05
5.89309e+02	3.45491e-02	3.04873e-02	4.35531	5.26805	2.31180e-05
5.93191e+02	3.45280e-02	2.15049e-02	1.70470	2.89826	2.31180e-05
5.97073e+02	3.45173e-02	2.67475e-02	6.08028	6.25540	2.31180e-05
6.00955e+02	3.45240e-02	2.93108e-02	3.54647	4.17096	2.31180e-05
6.04837e+02	3.45121e-02	2.17738e-02	1.82679	1.71086	2.31180e-05
6.08719e+02	3.45009e-02	2.73944e-02	0.58767	5.22037	2.31180e-05
6.12602e+02	3.45253e-02	2.77601e-02	5.15524	3.16474	2.31180e-05
6.16484e+02	3.45141e-02	2.18164e-02	4.37536	0.61774	2.31180e-05
6.20366e+02	3.44852e-02	2.67322e-02	3.79141	4.27599	2.31180e-05
6.24248e+02	3.45081e-02	2.61150e-02	2.94492	2.22343	2.31180e-05
6.28130e+02	3.44848e-02	2.14374e-02	2.95043	5.98834	2.31180e-05
6.32012e+02	3.44827e-02	2.50898e-02	3.19133	3.37448	2.31180e-05
6.35894e+02	3.44974e-02	2.57317e-02	3.18232	1.32898	2.31180e-05
6.39777e+02	3.44760e-02	2.05982e-02	3.93814	5.18134	2.31180e-05
6.43659e+02	3.44871e-02	2.36927e-02	5.09460	2.47884	2.31180e-05
6.47541e+02	3.45077e-02	2.64225e-02	5.91247	0.47823	2.31180e-05
6.51423e+02	3.44565e-02	2.03709e-02	1.11859	4.41624	2.31180e-05
6.55305e+02	3.44548e-02	2.32351e-02	3.15289	1.70709	2.31180e-05
6.59187e+02	3.44694e-02	2.63745e-02	4.82093	5.99437	2.31180e-05
6.63069e+02	3.44386e-02	2.09283e-02	0.89478	3.64242	2.31180e-05
6.66951e+02	3.44357e-02	2.41325e-02	3.69737	1.02484	2.31180e-05
6.70834e+02	3.44359e-02	2.69330e-02	6.26763	5.30352	2.31180e-05
6.74716e+02	3.44169e-02	2.27560e-02	3.20394	2.94362	2.31180e-05
6.78598e+02	3.44024e-02	2.55205e-02	0.55630	0.38935	2.31180e-05
6.82480e+02	3.44192e-02	2.79845e-02	4.01692	4.64832	2.31180e-05
6.86362e+02	3.43958e-02	2.43588e-02	1.80169	2.33490	2.31180e-05
6.90244e+02	3.43901e-02	2.66613e-02	6.26481	6.10876	2.31180e-05
6.94126e+02	3.43900e-02	2.91253e-02	4.35414	4.06432	2.31180e-05
6.98009e+02	3.43801e-02	2.61080e-02	2.95462	1.81990	2.31180e-05
7.01891e+02	3.43676e-02	2.60684e-02	2.00740	5.59896	2.31180e-05
7.05773e+02	3.43769e-02	2.91090e-02	1.01904	3.48905	2.31180e-05
7.09655e+02	3.43617e-02	2.78136e-02	0.38781	1.33656	2.31180e-05
7.13537e+02	3.43499e-02	2.43827e-02	0.30273	5.13478	2.31180e-05
7.17419e+02	3.43648e-02	2.75286e-02	0.23831	2.92910	2.31180e-05
7.21301e+02	3.43595e-02	2.77022e-02	0.39923	0.85523	2.31180e-05
7.25184e+02	3.43504e-02	2.30309e-02	1.09687	4.71094	2.31180e-05
7.29066e+02	3.43563e-02	2.54847e-02	1.98538	2.40699	2.31180e-05
7.32948e+02	3.43492e-02	2.64051e-02	2.94298	0.37749	2.31180e-05
7.36830e+02	3.43339e-02	2.18012e-02	4.51478	4.23204	2.31180e-05
7.40712e+02	3.43576e-02	2.51166e-02	6.27841	1.89152	2.31180e-05
7.44594e+02	3.43426e-02	2.58977e-02	1.78838	6.19050	2.31180e-05
7.48476e+02	3.43077e-02	2.17883e-02	4.21923	3.77060	2.31180e-05
7.52359e+02	3.43287e-02	2.57086e-02	0.60061	1.41151	2.31180e-05
7.56241e+02	3.43123e-02	2.75209e-02	3.25686	5.71813	2.31180e-05
7.60123e+02	3.43022e-02	2.44096e-02	0.21354	3.41184	2.31180e-05
7.64005e+02	3.42898e-02	2.58773e-02	3.81442	0.99265	2.31180e-05
7.67887e+02	3.42900e-02	2.89496e-02	1.12174	5.26966	2.31180e-05
7.71769e+02	3.42664e-02	2.67091e-02	5.19162	3.04566	2.31180e-05
7.75651e+02	3.42582e-02	2.63651e-02	3.41259	0.63535	2.31180e-05
7.79534e+02	3.42655e-02	2.92008e-02	1.63983	4.85318	2.31180e-05
7.83416e+02	3.42402e-02	2.81269e-02	0.26963	2.71399	2.31180e-05
7.87298e+02	3.42383e-02	2.60817e-02	5.61754	0.33464	2.31180e-05
7.91180e+02	3.42544e-02	2.75051e-02	4.80952	4.44281	2.31180e-05
7.95062e+02	3.42475e-02	2.81317e-02	4.23828	2.37248	2.31180e-05
7.98944e+02	3.42279e-02	2.48437e-02	4.14372	0.03762	2.31180e-05
8.02826e+02	3.42470e-02	2.56483e-02	4.22890	4.06500	2.31180e-05
8.06708e+02	3.42395e-02	2.66170e-02	4.49071	2.02856	2.31180e-05
8.10591e+02	3.42115e-02	2.34234e-02	5.22208	6.01578	2.31180e-05
8.14473e+02	3.42301e-02	2.50232e-02	6.24834	3.67199	2.31180e-05
8.18355e+02	3.42444e-02	2.63556e-02	1.03031	1.66885	2.31180e-05
8.22237e+02	3.42104e-02	2.33931e-02	2.63681	5.70200	2.31180e-05
8.26119e+02	3.41901e-02	2.50358e-02	4.60292	3.28872	2.31180e-05
8.30001e+02	3.42070e-02	2.76591e-02	0.28792	1.26113	2.31180e-05
8.33883e+02	3.41774e-02	2.54946e-02	2.68941	5.41837	2.31180e-05
8.37766e+02	3.41619e-02	2.59082e-02	5.62967	2.97462	2.31180e-05
8.41648e+02	3.41668e-02	2.89707e-02	2.22544	0.89879	2.31180e-05
8.45530e+02	3.41689e-02	2.77528e-02	5.52751	5.09492	2.31180e-05
8.49412e+02	3.41376e-02	2.71672e-02	3.02450	2.74621	2.31180e-05
8.53294e+02	3.41598e-02	2.92972e-02	0.61144	0.56487	2.31180e-05
8.57176e+02	3.41590e-02	2.80561e-02	4.74714	4.78800	2.31180e-05
8.61058e+02	3.41310e-02	2.69481e-02	3.12259	2.50209	2.31180e-05
8.64941e+02	3.41296e-02	2.75825e-02	1.62013	0.25823	2.31180e-05
8.68823e+02	3.41309e-02	2.63374e-02	0.30428	4.47906	2.31180e-05
8.72705e+02	3.41358e-02	2.51518e-02	5.78055	2.25327	2.31180e-05
8.76587e+02	3.41248e-02	2.61396e-02	5.24106	6.22159	2.31180e-05
8.80469e+02	3.41328e-02	2.58234e-02	4.73946	4.13590	2.31180e-05
8.84351e+02	3.41207e-02	2.33177e-02	4.73026	1.99379	2.31180e-05
8.88233e+02	3.41098e-02	2.48546e-02	5.16887	5.89630	2.31180e-05
8.92116e+02	3.41032e-02	2.75665e-02	5.57899	3.76687	2.31180e-05
8.95998e+02	3.41023e-02	2.44267e-02	0.06034	1.70596	2.31180e-05
8.99880e+02	3.40860e-02	2.46000e-02	1.46649	5.61756	2.31180e-05
9.03762e+02	3.40757e-02	2.92687e-02	2.86064	3.43401	2.31180e-05
9.07644e+02	3.40762e-02	2.75321e-02	4.47502	1.38942	2.31180e-05
9.11526e+02	3.40747e-02	2.59940e-02	0.44418	5.40842	2.31180e-05
9.15408e+02	3.40457e-02	2.95673e-02	2.88737	3.13100	2.31180e-05
9.19291e+02	3.40546e-02	2.91213e-02	5.37917	1.07901	2.31180e-05
9.23173e+02	3.40565e-02	2.58895e-02	2.11685	5.18874	2.31180e-05
9.27055e+02	3.40391e-02	2.86109e-02	5.54685	2.89145	2.31180e-05
9.30937e+02	3.40245e-02	2.84901e-02	2.66484	0.77008	2.31180e-05
9.34819e+02	3.40503e-02	2.44940e-02	0.20097	4.89644	2.31180e-05
9.38701e+02	3.40419e-02	2.53360e-02	4.49143	2.62143	2.31180e-05
9.42583e+02	3.40193e-02	2.73402e-02	2.55623	0.45898	2.31180e-05
9.46465e+02	3.40245e-02	2.43136e-02	0.86312	4.59173	2.31180e-05
9.50348e+02	3.40441e-02	2.37383e-02	6.02117	2.32273	2.31180e-05
9.54230e+02	3.40199e-02	2.78777e-02	5.05571	0.13434	2.31180e-05
9.58112e+02	3.39985e-02	2.69540e-02	4.23286	4.30569	2.31180e-05
9.61994e+02	3.40108e-02	2.29776e-02	3.91519	2.07943	2.31180e-05
9.65876e+02	3.39939e-02	2.74968e-02	4.03070	6.10193	2.31180e-05
9.69758e+02	3.39628e-02	3.04202e-02	4.12655	4.02847	2.31180e-05
9.73640e+02	3.39695e-02	2.58370e-02	4.56470	1.88324	2.31180e-05
9.77523e+02	3.39795e-02	2.65310e-02	5.49222	5.87684	2.31180e-05
9.81405e+02	3.39587e-02	3.15779e-02	0.17427	3.81930	2.31180e-05
9.85287e+02	3.39519e-02	2.86820e-02	1.29199	1.77546	2.31180e-05
9.89169e+02	3.39577e-02	2.48737e-02	2.97779	5.79020	2.31180e-05
9.93051e+02	3.39654e-02	2.88124e-02	4.83097	3.68023	2.31180e-05
9.96933e+02	3.39409e-02	2.88204e-02	0.51489	1.67269	2.31180e-05
1.00082e+03	3.39441e-02	2.43990e-02	2.93953	5.72711	2.31180e-05
1.00470e+03	3.39418e-02	2.59177e-02	5.70708	3.55119	2.31180e-05
1.00858e+03	3.39368e-02	2.84633e-02	2.30241	1.56313	2.31180e-05
1.01246e+03	3.39156e-02	2.53579e-02	5.59859	5.66195	2.31180e-05
1.01634e+03	3.39099e-02	2.60760e-02	3.03777	3.36597	2.31180e-05
1.02023e+03	3.39304e-02	2.90806e-02	0.56955	1.38550	2.31180e-05
1.02411e+03	3.39033e-02	2.78702e-02	4.75999	5.58700	2.31180e-05
1.02799e+03	3.38753e-02	2.69834e-02	3.16687	3.26792	2.31180e-05
1.03187e+03	3.38814e-02	2.97364e-02	1.66524	1.17479	2.31180e-05
1.03575e+03	3.38943e-02	2.91298e-02	0.40976	5.51165	2.31180e-05
1.03964e+03	3.38583e-02	2.61214e-02	6.04336	3.20935	2.31180e-05
1.04352e+03	3.38784e-02	2.93050e-02	5.55333	0.97167	2.31180e-05
1.04740e+03	3.38766e-02	2.85329e-02	5.08238	5.32550	2.31180e-05
1.05128e+03	3.38685e-02	2.42693e-02	5.21565	3.18174	2.31180e-05
1.05517e+03	3.38531e-02	2.64383e-02	5.80387	0.77372	2.31180e-05
1.05905e+03	3.38627e-02	2.93386e-02	6.20562	5.06435	2.31180e-05
1.06293e+03	3.38749e-02	2.43293e-02	0.74285	3.07122	2.31180e-05
1.06681e+03	3.38382e-02	2.43717e-02	2.39330	0.60533	2.31180e-05
1.07069e+03	3.38195e-02	3.11843e-02	3.81459	4.79714	2.31180e-05
1.07458e+03	3.38461e-02	2.75705e-02	5.47004	2.82404	2.31180e-05
1.07846e+03	3.38291e-02	2.39129e-02	1.64357	0.49495	2.31180e-05
1.08234e+03	3.38138e-02	3.10169e-02	4.24493	4.56092	2.31180e-05
1.08622e+03	3.37958e-02	3.08604e-02	0.48481	2.60194	2.31180e-05
1.09010e+03	3.38138e-02	2.36134e-02	3.71314	0.35799	2.31180e-05
1.09399e+03	3.38114e-02	2.85008e-02	1.04563	4.35867	2.31180e-05
1.09787e+03	3.37890e-02	3.08452e-02	4.55652	2.37519	2.31180e-05
1.10175e+03	3.37897e-02	2.40540e-02	2.23312	0.18410	2.31180e-05
1.10563e+03	3.38025e-02	2.50486e-02	0.48572	4.10476	2.31180e-05
1.10952e+03	3.37916e-02	2.93748e-02	4.94229	2.11906	2.31180e-05
1.11340e+03	3.37617e-02	2.51660e-02	3.49120	6.24582	2.31180e-05
1.11728e+03	3.37576e-02	2.48280e-02	2.63365	3.82784	2.31180e-05
1.12116e+03	3.37777e-02	2.90671e-02	1.71865	1.81434	2.31180e-05
1.12504e+03	3.37429e-02	2.68793e-02	1.19894	6.03567	2.31180e-05
1.12893e+03	3.37332e-02	2.62180e-02	1.29579	3.61306	2.31180e-05
1.13281e+03	3.37300e-02	3.04223e-02	1.38138	1.48475	2.31180e-05
1.13669e+03	3.37428e-02	2.82398e-02	1.67098	5.81745	2.31180e-05
1.14057e+03	3.37269e-02	2.52075e-02	2.72237	3.46101	2.31180e-05
1.14445e+03	3.37089e-02	2.99414e-02	3.85037	1.18498	2.31180e-05
1.14834e+03	3.37187e-02	2.86242e-02	4.94791	5.51327	2.31180e-05
1.15222e+03	3.37388e-02	2.30160e-02	0.43988	3.30564	2.31180e-05
1.15610e+03	3.37125e-02	2.68091e-02	2.66882	0.91255	2.31180e-05
1.15998e+03	3.36991e-02	2.97479e-02	4.65761	5.17278	2.31180e-05
1.16387e+03	3.37105e-02	2.32377e-02	0.90366	3.02292	2.31180e-05
1.16775e+03	3.37011e-02	2.45177e-02	4.09498	0.61136	2.31180e-05
1.17163e+03	3.36778e-02	3.06200e-02	0.86840	4.83403	2.31180e-05
1.17551e+03	3.36754e-02	2.67765e-02	4.23581	2.71547	2.31180e-05
1.17939e+03	3.36779e-02	2.48847e-02	1.98841	0.35513	2.31180e-05
1.18328e+03	3.36663e-02	3.05467e-02	6.06890	4.55546	2.31180e-05
1.18716e+03	3.36446e-02	2.87118e-02	4.13503	2.46505	2.31180e-05
1.19104e+03	3.36485e-02	2.56282e-02	2.75604	0.07705	2.31180e-05
1.19492e+03	3.36697e-02	2.83794e-02	1.43437	4.24338	2.31180e-05
1.19880e+03	3.36571e-02	2.70443e-02	0.37341	2.20581	2.31180e-05
1.20269e+03	3.36439e-02	2.47636e-02	6.20897	6.11114	2.31180e-05
1.20657e+03	3.36320e-02	2.76599e-02	5.82040	3.86040	2.31180e-05
1.21045e+03	3.36468e-02	2.65649e-02	5.57523	1.84392	2.31180e-05
1.21433e+03	3.36301e-02	2.36814e-02	5.98651	5.85317	2.31180e-05
1.21822e+03	3.36193e-02	2.88905e-02	0.40388	3.52439	2.31180e-05
1.22210e+03	3.36156e-02	2.96838e-02	1.03400	1.49173	2.31180e-05
1.22598e+03	3.36067e-02	2.45721e-02	2.30212	5.55901	2.31180e-05
1.22986e+03	3.35829e-02	2.80492e-02	4.03264	3.24016	2.31180e-05
1.23374e+03	3.35693e-02	3.11885e-02	5.77576	1.15144	2.31180e-05
1.23763e+03	3.35739e-02	2.53677e-02	1.69878	5.22768	2.31180e-05
1.24151e+03	3.35772e-02	2.42971e-02	4.68172	2.78432	2.31180e-05
1.24539e+03	3.35765e-02	2.71225e-02	1.60556	0.59687	2.31180e-05
1.24927e+03	3.35464e-02	2.19997e-02	5.48826	4.46820	2.31180e-05
1.25315e+03	3.35596e-02	2.12796e-02	3.95481	1.69633	2.31180e-05
1.25704e+03	3.35564e-02	2.31560e-02	2.59589	5.67538	2.31180e-05
1.26092e+03	3.35260e-02	1.89617e-02	2.28177	2.91188	2.31180e-05
1.26480e+03	3.35081e-02	2.36106e-02	2.65186	6.21404	2.31180e-05
1.26868e+03	3.35058e-02	2.15795e-02	3.22116	3.65142	2.31180e-05
1.27257e+03	3.34850e-02	2.03184e-02	5.16266	0.43949	2.31180e-05
1.27645e+03	3.34653e-02	2.53163e-02	0.94886	3.76596	2.31180e-05
1.28033e+03	3.34547e-02	1.88815e-02	3.84328	0.63304	2.31180e-05
1.28421e+03	3.34502e-02	2.15642e-02	1.29795	3.58037	2.31180e-05
1.28809e+03	3.34308e-02	1.92631e-02	5.47758	0.25492	2.31180e-05
1.29198e+03	3.34436e-02	1.74740e-02	4.26449	2.89302	2.31180e-05
1.29586e+03	3.34307e-02	1.51068e-02	3.48823	5.75019	2.31180e-05
1.29974e+03	3.34226e-02	1.69197e-02	3.90363	1.55056	2.31180e-05
1.30362e+03	3.34236e-02	1.03934e-02	4.54759	4.09701	2.31180e-05
1.30750e+03	3.33999e-02	1.89569e-02	6.24574	6.17302	2.31180e-05
1.31139e+03	3.33845e-02	1.43814e-02	2.64134	1.60560	2.31180e-05
1.31527e+03	3.33579e-02	1.82189e-02	5.22370	4.06506	2.31180e-05
1.31915e+03	3.33334e-02	1.96606e-02	3.49014	5.23883	2.31180e-05
1.32303e+03	3.33466e-02	1.16633e-02	1.10866	1.23444	2.31180e-05
1.32692e+03	3.33402e-02	1.89118e-02	0.70103	2.20767	2.31180e-05
1.33080e+03	3.33229e-02	1.00879e-02	1.31500	2.72875	2.31180e-05
1.33468e+03	3.33105e-02	1.15687e-02	1.07169	4.66491	2.31180e-05
1.33856e+03	3.33075e-02	1.86173e-02	3.23338	4.86447	2.31180e-05
1.34244e+03	3.32877e-02	1.25796e-02	5.99053	5.27399	2.31180e-05
1.34633e+03	3.32872e-02	9.94237e-03	2.46739	6.19821	2.31180e-05
1.35021e+03	3.32733e-02	1.07696e-02	0.12966	0.08636	2.31180e-05
1.35409e+03	3.32812e-02	1.10425e-02	5.73386	5.78050	2.31180e-05
1.35797e+03	3.32381e-02	1.27714e-02	5.37880	5.45450	2.31180e-05
1.36185e+03	3.32271e-02	9.12326e-03	4.53917	6.16746	2.31180e-05
1.36574e+03	3.32408e-02	1.38797e-02	6.11232	5.02183	2.31180e-05
1.36962e+03	3.32111e-02	1.64557e-02	2.67693	3.48862	2.31180e-05
1.37350e+03	3.32097e-02	8.71077e-03	6.09370	2.14131	2.31180e-05
1.37738e+03	3.31877e-02	7.92998e-03	4.56983	6.14583	2.31180e-05
1.38127e+03	3.31540e-02	9.86842e-03	1.86550	5.77007	2.31180e-05
1.38515e+03	3.31575e-02	4.71299e-03	1.49668	3.61883	2.31180e-05
1.38903e+03	3.31356e-02	1.08720e-02	2.07591	1.35226	2.31180e-05
1.39291e+03	3.31340e-02	4.41804e-03	3.69269	4.95480	2.31180e-05
1.39679e+03	3.31370e-02	9.97793e-03	5.70278	2.60746	2.31180e-05
1.40068e+03	3.31022e-02	1.07812e-02	3.29534	5.22160	2.31180e-05
1.40456e+03	3.31029e-02	2.89192e-03	1.13017	2.07351	2.31180e-05
1.40844e+03	3.30696e-02	8.51336e-03	5.43773	5.69248	2.31180e-05
1.41232e+03	3.30731e-02	1.03078e-02	5.57488	1.46341	2.31180e-05
1.41620e+03	3.30680e-02	6.64726e-03	0.10520	3.62555	2.31180e-05
1.42009e+03	3.30583e-02	5.56110e-03	2.15657	5.30408	2.31180e-05
1.42397e+03	3.30465e-02	4.59506e-03	5.44534	0.15922	2.31180e-05
1.42785e+03	3.30302e-02	2.55731e-03	2.35639	2.01867	2.31180e-05
1.43173e+03	3.30176e-02	4.37096e-03	0.01858	3.75721	2.31180e-05
1.43561e+03	3.29987e-02	5.26306e-03	5.56895	4.60346	2.31180e-05
1.43950e+03	3.30141e-02	6.91469e-03	6.25228	4.79664	2.31180e-05
1.44338e+03	3.29742e-02	3.21375e-03	1.79746	4.58391	2.31180e-05
1.44726e+03	3.29562e-02	2.20445e-03	5.07139	3.58416	2.31180e-05
1.45114e+03	3.29535e-02	5.29108e-03	1.68446	3.58329	2.31180e-05
1.45503e+03	3.29410e-02	8.64780e-03	5.55456	3.38597	2.31180e-05
1.45891e+03	3.29348e-02	6.92371e-03	4.51991	2.57375	2.31180e-05
1.46279e+03	3.29242e-02	4.54694e-03	5.56498	0.47665	2.31180e-05
1.46667e+03	3.28925e-02	4.34552e-03	0.44380	5.21694	2.31180e-05
1.47055e+03	3.28818e-02	5.88368e-03	2.15007	3.60868	2.31180e-05
1.47444e+03	3.28973e-02	8.96713e-03	3.91918	2.36572	2.31180e-05
1.47832e+03	3.29107e-02	5.69730e-03	4.96648	1.71607	2.31180e-05
1.48220e+03	3.28917e-02	4.64970e-03	1.49623	5.67157	2.31180e-05
1.48608e+03	3.28793e-02	9.18056e-03	2.47356	5.72402	2.31180e-05
1.48996e+03	3.28468e-02	1.08778e-02	3.26966	5.75896	2.31180e-05
1.49385e+03	3.28649e-02	1.01354e-02	4.13240	5.97920	2.31180e-05
1.49773e+03	3.28817e-02	8.70249e-03	4.60166	0.40559	2.31180e-05
1.50161e+03	3.28917e-02	1.40394e-02	5.24424	1.31269	2.31180e-05
1.50549e+03	3.28629e-02	6.60908e-03	0.60431	1.75047	2.31180e-05
1.50938e+03	3.28543e-02	1.44413e-02	0.56654	3.13703	2.31180e-05
1.51326e+03	3.28530e-02	8.23917e-03	0.08495	5.35671	2.31180e-05
1.51714e+03	3.28841e-02	1.47790e-02	1.00804	0.50523	2.31180e-05
1.52102e+03	3.28618e-02	4.51249e-03	0.69207	3.08663	2.31180e-05
1.52490e+03	3.28658e-02	8.71373e-03	0.55134	5.57633	2.31180e-05
1.52879e+03	3.28485e-02	1.53034e-02	6.27908	2.52340	2.31180e-05
1.53267e+03	3.28677e-02	7.11644e-03	0.95910	4.14740	2.31180e-05
1.53655e+03	3.28375e-02	1.11545e-02	5.06502	2.98638	2.31180e-05
1.54043e+03	3.28215e-02	1.01101e-02	4.54302	0.29335	2.31180e-05
1.54431e+03	3.28509e-02	2.60291e-03	3.62601	4.43350	2.31180e-05
1.54820e+03	3.28290e-02	1.20401e-02	2.11134	2.75377	2.31180e-05
1.55208e+03	3.28557e-02	1.19345e-02	5.90823	2.44537	2.31180e-05
1.55596e+03	3.28155e-02	1.58667e-02	4.90380	0.67660	2.31180e-05
1.55984e+03	3.28270e-02	1.55278e-02	3.68532	5.97764	2.31180e-05
1.56373e+03	3.28190e-02	8.66050e-03	2.23331	5.04651	2.31180e-05
1.56761e+03	3.28076e-02	1.16993e-02	0.46369	4.96847	2.31180e-05
1.57149e+03	3.28151e-02	1.24440e-02	4.22984	5.25664	2.31180e-05
1.57537e+03	3.27972e-02	1.75114e-02	5.01247	3.77713	2.31180e-05
1.57925e+03	3.27795e-02	1.17331e-02	0.16071	2.56383	2.31180e-05
1.58314e+03	3.27504e-02	7.24018e-03	1.41374	1.99297	2.31180e-05
1.58702e+03	3.27500e-02	1.58808e-02	3.00007	1.54365	2.31180e-05
1.59090e+03	3.27509e-02	8.10856e-03	1.22110	5.08762	2.31180e-05
1.59478e+03	3.27578e-02	1.69740e-02	5.75064	3.16371	2.31180e-05
1.59866e+03	3.27134e-02	1.40708e-02	4.14748	1.87706	2.31180e-05
1.60255e+03	3.27191e-02	7.31288e-03	4.87299	4.52396	2.31180e-05
1.60643e+03	3.27415e-02	8.44880e-03	0.34787	5.48723	2.31180e-05
1.61031e+03	3.27410e-02	1.42483e-02	3.77070	4.98717	2.31180e-05
1.61419e+03	3.27221e-02	9.13319e-03	1.53835	4.12214	2.31180e-05
1.61808e+03	3.27152e-02	3.17227e-03	4.81596	4.26520	2.31180e-05
1.62196e+03	3.26870e-02	1.30643e-02	1.79519	5.17392	2.31180e-05
1.62584e+03	3.27002e-02	1.32339e-02	0.54203	5.36514	2.31180e-05
1.62972e+03	3.26834e-02	1.06146e-02	2.08104	3.23749	2.31180e-05
1.63360e+03	3.26511e-02	1.08717e-02	1.51462	3.65886	2.31180e-05
1.63749e+03	3.26446e-02	2.39959e-02	2.79921	3.18036	2.31180e-05
1.64137e+03	3.26538e-02	4.58612e-03	5.33611	2.04116	2.31180e-05
1.64525e+03	3.26151e-02	1.57737e-02	4.19617	5.40245	2.31180e-05
1.64913e+03	3.26235e-02	6.58136e-03	2.80307	3.24213	2.31180e-05
1.65301e+03	3.25987e-02	1.52400e-02	0.29012	2.70710	2.31180e-05
1.65690e+03	3.26136e-02	1.06007e-02	0.41919	0.31423	2.31180e-05
1.66078e+03	3.26078e-02	1.51182e-02	2.19741	3.31475	2.31180e-05
1.66466e+03	3.25864e-02	8.40866e-03	3.09605	1.56053	2.31180e-05
1.66854e+03	3.25600e-02	1.79824e-02	0.82278	3.53796	2.31180e-05
1.67243e+03	3.25600e-02	2.24399e-03	1.38648	3.36639	2.31180e-05
1.67631e+03	3.25207e-02	1.27945e-02	1.77060	3.96512	2.31180e-05
1.68019e+03	3.25409e-02	6.77843e-03	5.79862	1.41433	2.31180e-05
1.68407e+03	3.25235e-02	1.35921e-02	0.34299	3.07776	2.31180e-05
1.68795e+03	3.25079e-02	1.11587e-02	2.60858	3.95148	2.31180e-05
1.69184e+03	3.24647e-02	2.43311e-03	3.91005	6.23339	2.31180e-05
1.69572e+03	3.24809e-02	1.16206e-02	4.61962	3.38637	2.31180e-05
1.69960e+03	3.24867e-02	1.11974e-02	3.08310	3.86486	2.31180e-05
1.70348e+03	3.24673e-02	9.35349e-03	2.17745	4.35608	2.31180e-05
1.70736e+03	3.24364e-02	7.59968e-03	1.47703	5.24168	2.31180e-05
1.71125e+03	3.24290e-02	6.18903e-03	1.30759	6.06598	2.31180e-05
1.71513e+03	3.24250e-02	9.73923e-03	2.44200	0.24418	2.31180e-05
1.71901e+03	3.24303e-02	5.30584e-03	5.63882	5.83200	2.31180e-05
1.72289e+03	3.23939e-02	4.87797e-03	0.80196	0.89109	2.31180e-05
1.72678e+03	3.23993e-02	8.35246e-04	5.43587	6.16998	2.31180e-05
1.73066e+03	3.23770e-02	1.17699e-02	5.94931	3.84235	2.31180e-05
1.73454e+03	3.23606e-02	1.62963e-02	5.39025	3.47365	2.31180e-05
1.73842e+03	3.23542e-02	1.09430e-02	4.52548	3.89187	2.31180e-05
1.74230e+03	3.23318e-02	1.47844e-02	3.60255	4.95536	2.31180e-05
1.74619e+03	3.23027e-02	2.21213e-02	4.43576	5.01413	2.31180e-05
1.75007e+03	3.23461e-02	9.27157e-03	5.38115	5.57735	2.31180e-05
1.75395e+03	3.23159e-02	2.03859e-02	1.13786	5.92901	2.31180e-05
1.75783e+03	3.22896e-02	1.26775e-02	3.05961	0.40890	2.31180e-05
1.76171e+03	3.22610e-02	1.96834e-02	5.71002	0.97910	2.31180e-05
1.76560e+03	3.22891e-02	7.98826e-03	3.05667	1.39539	2.31180e-05
1.76948e+03	3.22591e-02	1.55427e-02	1.52050	1.60022	2.31180e-05
1.77336e+03	3.22275e-02	1.46920e-02	5.63494	2.67028	2.31180e-05
1.77724e+03	3.22501e-02	1.35351e-02	5.46162	2.49340	2.31180e-05
1.78113e+03	3.22140e-02	1.98441e-02	5.29326	3.16071	2.31180e-05
1.78501e+03	3.22107e-02	1.86282e-02	5.73771	3.81929	2.31180e-05
1.78889e+03	3.21992e-02	1.22163e-02	0.53998	4.25885	2.31180e-05
1.79277e+03	3.22014e-02	1.58500e-02	2.87041	4.15857	2.31180e-05
1.79665e+03	3.21943e-02	2.00447e-02	5.57354	4.55117	2.31180e-05
1.80054e+03	3.21683e-02	1.99301e-02	2.35438	5.12250	2.31180e-05
1.80442e+03	3.21643e-02	1.87223e-02	5.66574	5.74487	2.31180e-05
1.80830e+03	3.21636e-02	1.83021e-02	3.84127	6.12473	2.31180e-05
1.81218e+03	3.21330e-02	2.00636e-02	3.02090	0.07655	2.31180e-05
1.81606e+03	3.21293e-02	1.69782e-02	2.30414	0.48900	2.31180e-05
1.81995e+03	3.21506e-02	1.69469e-02	2.35090	0.94335	2.31180e-05
1.82383e+03	3.20979e-02	2.28817e-02	3.38551	1.24366	2.31180e-05
1.82771e+03	3.20848e-02	2.23875e-02	4.56950	1.69974	2.31180e-05
1.83159e+03	3.20880e-02	2.47730e-02	0.07292	2.14322	2.31180e-05
1.83548e+03	3.20743e-02	2.69740e-02	3.30988	2.24348	2.31180e-05
1.83936e+03	3.20684e-02	2.51320e-02	0.32294	2.57984	2.31180e-05
1.84324e+03	3.20785e-02	2.39194e-02	4.19481	2.83912	2.31180e-05
1.84712e+03	3.20524e-02	2.31534e-02	2.37259	3.50180	2.31180e-05
1.85100e+03	3.20110e-02	2.73363e-02	1.15089	3.92453	2.31180e-05
1.85489e+03	3.20113e-02	3.24504e-02	1.15987	4.03785	2.31180e-05
1.85877e+03	3.20218e-02	2.65392e-02	1.50570	4.51060	2.31180e-05
1.86265e+03	3.19857e-02	2.89969e-02	2.07084	5.03422	2.31180e-05
1.86653e+03	3.19918e-02	2.50770e-02	4.04993	5.10853	2.31180e-05
1.87041e+03	3.20155e-02	1.90366e-02	5.47191	5.51383	2.31180e-05
1.87430e+03	3.19842e-02	2.48201e-02	1.59893	5.90426	2.31180e-05
1.87818e+03	3.19619e-02	2.43665e-02	3.85057	6.15464	2.31180e-05
1.88206e+03	3.19776e-02	1.68000e-02	0.33824	0.33560	2.31180e-05
1.88594e+03	3.19781e-02	1.68381e-02	3.03452	0.85712	2.31180e-05
1.88983e+03	3.19620e-02	2.34263e-02	0.23787	1.13524	2.31180e-05
1.89371e+03	3.19414e-02	2.13564e-02	4.66883	1.33840	2.31180e-05
1.89759e+03	3.19421e-02	1.88117e-02	2.83472	1.79103	2.31180e-05
1.90147e+03	3.19366e-02	2.62101e-02	1.71508	2.44446	2.31180e-05
1.90535e+03	3.19066e-02	2.57898e-02	1.83321	2.57372	2.31180e-05
1.90924e+03	3.19160e-02	2.28004e-02	1.66461	3.11262	2.31180e-05
1.91312e+03	3.18805e-02	3.22881e-02	2.67778	3.48751	2.31180e-05
1.91700e+03	3.18904e-02	2.70121e-02	4.56687	3.84361	2.31180e-05
1.92088e+03	3.18529e-02	3.27621e-02	0.13451	4.33518	2.31180e-05
1.92476e+03	3.18696e-02	2.56485e-02	3.30164	4.50668	2.31180e-05
1.92865e+03	3.18359e-02	3.28458e-02	6.23228	4.99542	2.31180e-05
1.93253e+03	3.18612e-02	3.06933e-02	3.54499	5.08917	2.31180e-05
1.93641e+03	3.18486e-02	2.89926e-02	0.51619	5.68341	2.31180e-05
1.94029e+03	3.18360e-02	3.05670e-02	3.57422	6.27321	2.31180e-05
1.94418e+03	3.18224e-02	2.53124e-02	3.19625	0.26644	2.31180e-05
1.94806e+03	3.17996e-02	3.12609e-02	2.51049	0.78601	2.31180e-05
1.95194e+03	3.17928e-02	2.77994e-02	2.27387	1.10984	2.31180e-05
1.95582e+03	3.17663e-02	3.09756e-02	3.69320	1.46357	2.31180e-05
1.95970e+03	3.17820e-02	2.98057e-02	5.52584	1.86847	2.31180e-05
1.96359e+03	3.17762e-02	2.83389e-02	0.88562	2.13406	2.31180e-05
1.96747e+03	3.17534e-02	2.78974e-02	2.81658	2.79077	2.31180e-05
1.97135e+03	3.17350e-02	2.74012e-02	0.25519	3.18214	2.31180e-05
1.97523e+03	3.17762e-02	2.28721e-02	4.25674	3.40205	2.31180e-05
1.97911e+03	3.17446e-02	2.92166e-02	1.52660	3.95732	2.31180e-05
1.98300e+03	3.17333e-02	2.46508e-02	0.22199	4.36576	2.31180e-05
1.98688e+03	3.17030e-02	2.39574e-02	0.02750	4.66607	2.31180e-05
1.99076e+03	3.17330e-02	2.27819e-02	6.05612	4.72098	2.31180e-05
1.99464e+03	3.17115e-02	2.20971e-02	5.36113	5.46740	2.31180e-05
1.99853e+03	3.16932e-02	2.12242e-02	0.29622	5.87710	2.31180e-05
2.00241e+03	3.16860e-02	1.80757e-02	2.50661	5.99945	2.31180e-05
2.00629e+03	3.16891e-02	1.25333e-02	4.32759	5.94353	2.31180e-05
2.01017e+03	3.16552e-02	1.73731e-02	6.18053	0.18860	2.31180e-05
2.01405e+03	3.16406e-02	1.89613e-02	3.64162	0.29357	2.31180e-05
2.01794e+03	3.16503e-02	2.02364e-02	1.08976	0.60785	2.31180e-05
2.02182e+03	3.16717e-02	1.34392e-02	4.62233	0.83538	2.31180e-05
2.02570e+03	3.16287e-02	1.65006e-02	3.04974	1.10371	2.31180e-05
2.02958e+03	3.16126e-02	1.81837e-02	2.23020	1.56924	2.31180e-05
2.03346e+03	3.16244e-02	2.37399e-02	1.48741	1.65221	2.31180e-05
2.03735e+03	3.16126e-02	2.18422e-02	0.36509	2.28511	2.31180e-05
2.04123e+03	3.15939e-02	2.59760e-02	1.17340	2.57241	2.31180e-05
2.04511e+03	3.15803e-02	2.71646e-02	2.69941	2.71679	2.31180e-05
2.04899e+03	3.15992e-02	2.21834e-02	3.33081	3.18250	2.31180e-05
2.05288e+03	3.15650e-02	2.75360e-02	4.95933	3.34765	2.31180e-05
2.05676e+03	3.15674e-02	2.47339e-02	1.61697	3.65088	2.31180e-05
2.06064e+03	3.15747e-02	2.73202e-02	4.66988	4.07018	2.31180e-05
2.06452e+03	3.15460e-02	3.37835e-02	1.26256	4.39491	2.31180e-05
2.06840e+03	3.15161e-02	3.25329e-02	4.91712	4.87908	2.31180e-05
2.07229e+03	3.15347e-02	2.88529e-02	4.01281	5.16216	2.31180e-05
2.07617e+03	3.15266e-02	3.41779e-02	1.64669	5.64838	2.31180e-05
2.08005e+03	3.15601e-02	3.07734e-02	4.23141	6.15931	2.31180e-05
2.08393e+03	3.15959e-02	2.93168e-02	5.15983	0.70633	2.31180e-05
2.08781e+03	3.15832e-02	3.47666e-02	0.06714	1.10459	2.31180e-05
2.09170e+03	3.15779e-02	2.99886e-02	1.83657	1.18544	2.31180e-05
2.09558e+03	3.15596e-02	2.43607e-02	3.75812	1.61508	2.31180e-05
2.09946e+03	3.15428e-02	3.65126e-02	0.35976	1.81735	2.31180e-05
2.10334e+03	3.15704e-02	2.90252e-02	3.71322	2.00607	2.31180e-05
2.10723e+03	3.15821e-02	2.25689e-02	0.38640	2.60814	2.31180e-05
2.11111e+03	3.15497e-02	1.68164e-02	3.68961	3.76679	2.31180e-05
2.11499e+03	3.15675e-02	1.50492e-02	0.85098	4.81209	2.31180e-05
2.11887e+03	3.15549e-02	1.60617e-02	4.68792	5.18382	2.31180e-05
2.12275e+03	3.15109e-02	9.82510e-03	2.98402	5.60994	2.31180e-05
2.12664e+03	3.15209e-02	8.35875e-03	2.55236	5.97897	2.31180e-05
2.13052e+03	3.15472e-02	1.60538e-02	2.05461	6.27547	2.31180e-05
2.13440e+03	3.15483e-02	1.36138e-02	0.97365	0.29999	2.31180e-05
2.13828e+03	3.15426e-02	8.70404e-03	3.31282	2.51975	2.31180e-05
2.14216e+03	3.14951e-02	1.79730e-02	2.06551	3.17832	2.31180e-05
2.14605e+03	3.14793e-02	5.06633e-03	4.05820	1.37895	2.31180e-05
2.14993e+03	3.14521e-02	1.43733e-02	0.09244	1.92901	2.31180e-05
2.15381e+03	3.14461e-02	9.25179e-03	3.91409	1.82968	2.31180e-05
2.15769e+03	3.14255e-02	1.68596e-02	1.78066	2.36672	2.31180e-05
2.16157e+03	3.14204e-02	1.34639e-02	0.31526	2.68973	2.31180e-05
2.16546e+03	3.14243e-02	7.42167e-03	5.06921	3.12677	2.31180e-05
2.16934e+03	3.13996e-02	5.39819e-03	4.45256	3.16648	2.31180e-05
2.17322e+03	3.14061e-02	5.89975e-03	3.07447	4.14765	2.31180e-05
2.17710e+03	3.13938e-02	1.33622e-02	2.59873	4.87221	2.31180e-05
2.18099e+03	3.14020e-02	1.20622e-02	1.66764	5.99777	2.31180e-05
2.18487e+03	3.14141e-02	4.76360e-03	3.46420	4.98202	2.31180e-05
2.18875e+03	3.13885e-02	1.23227e-02	3.99844	5.59705	2.31180e-05
2.19263e+03	3.13587e-02	9.64690e-03	5.81289	5.99461	2.31180e-05
2.19651e+03	3.13685e-02	1.22074e-02	3.12569	5.46461	2.31180e-05
2.20040e+03	3.13516e-02	1.11641e-02	0.40241	5.63206	2.31180e-05
2.20428e+03	3.13213e-02	1.39413e-02	4.44923	5.77304	2.31180e-05
2.20816e+03	3.13323e-02	5.48139e-03	2.79301	5.88582	2.31180e-05
2.21204e+03	3.13454e-02	8.61989e-03	2.03671	5.24902	2.31180e-05
2.21592e+03	3.13379e-02	1.28107e-02	0.87563	5.28246	2.31180e-05
2.21981e+03	3.13156e-02	6.23814e-03	0.00232	5.27436	2.31180e-05
2.22369e+03	3.13052e-02	1.19346e-02	0.53888	4.51958	2.31180e-05
2.22757e+03	3.12988e-02	9.62906e-03	1.23842	4.40863	2.31180e-05
2.23145e+03	3.12881e-02	1.12215e-02	2.17579	4.75422	2.31180e-05
2.23534e+03	3.12882e-02	7.60810e-03	4.61130	4.12942	2.31180e-05
2.23922e+03	3.12649e-02	1.67614e-02	0.59876	4.14758	2.31180e-05
2.24310e+03	3.12765e-02	1.38571e-02	2.85979	4.50547	2.31180e-05
2.24698e+03	3.12589e-02	1.51118e-02	5.62679	4.61190	2.31180e-05
2.25086e+03	3.12440e-02	1.39020e-02	3.02824	4.06102	2.31180e-05
2.25475e+03	3.12592e-02	1.51580e-02	6.23702	4.41900	2.31180e-05
2.25863e+03	3.12552e-02	1.56485e-02	3.64341	4.81778	2.31180e-05
2.26251e+03	3.12329e-02	1.40362e-02	2.49324	4.42535	2.31180e-05
2.26639e+03	3.12424e-02	1.49560e-02	1.27300	4.69571	2.31180e-05
2.27027e+03	3.12078e-02	1.78472e-02	0.82340	4.65534	2.31180e-05
2.27416e+03	3.12149e-02	1.19465e-02	0.22129	5.15359	2.31180e-05
2.27804e+03	3.12083e-02	9.60590e-03	1.44769	4.28759	2.31180e-05
2.28192e+03	3.12107e-02	7.54472e-03	1.76079	4.55317	2.31180e-05
2.28580e+03	3.11923e-02	7.28731e-03	2.39990	4.79165	2.31180e-05
2.28969e+03	3.11860e-02	8.25543e-03	4.93546	3.57413	2.31180e-05
2.29357e+03	3.11805e-02	1.25940e-02	0.40491	3.60270	2.31180e-05
2.29745e+03	3.11650e-02	8.16288e-03	3.13666	2.96727	2.31180e-05
2.30133e+03	3.11781e-02	1.20406e-02	5.49653	3.16734	2.31180e-05
2.30521e+03	3.11692e-02	1.40037e-02	1.74004	3.62451	2.31180e-05
2.30910e+03	3.11599e-02	1.54278e-02	5.70850	3.08262	2.31180e-05
2.31298e+03	3.11306e-02	1.81061e-02	3.13757	3.08894	2.31180e-05
2.31686e+03	3.11418e-02	1.26508e-02	1.04849	2.91767	2.31180e-05
2.32074e+03	3.11446e-02	1.85565e-02	5.48305	2.94621	2.31180e-05
2.32462e+03	3.11406e-02	1.16872e-02	3.94859	3.03604	2.31180e-05
2.32851e+03	3.11228e-02	1.34022e-02	3.32844	2.67315	2.31180e-05
2.33239e+03	3.11171e-02	7.66057e-03	2.58595	2.80164	2.31180e-05
2.33627e+03	3.10927e-02	9.82680e-03	2.82959	2.34130	2.31180e-05
2.34015e+03	3.10992e-02	3.55700e-03	2.60117	2.78081	2.31180e-05
2.34404e+03	3.10837e-02	6.48488e-03	3.91463	1.95192	2.31180e-05
2.34792e+03	3.10952e-02	4.38301e-03	0.47702	0.19003	2.31180e-05
2.35180e+03	3.10940e-02	8.78101e-03	1.31114	0.79345	2.31180e-05
2.35568e+03	3.10738e-02	1.01830e-02	3.32911	0.55666	2.31180e-05
2.35956e+03	3.10686e-02	1.10945e-02	5.08944	1.11947	2.31180e-05
2.36345e+03	3.10827e-02	8.08748e-03	1.36622	1.09951	2.31180e-05
2.36733e+03	3.10625e-02	3.21106e-03	3.24311	2.28269	2.31180e-05
2.37121e+03	3.10580e-02	8.32760e-03	2.44496	0.11930	2.31180e-05
2.37509e+03	3.10697e-02	3.68577e-03	0.07038	0.04016	2.31180e-05
2.37897e+03	3.10491e-02	2.50876e-03	4.66736	5.87227	2.31180e-05
2.38286e+03	3.10317e-02	1.50429e-02	3.29708	5.56383	2.31180e-05
2.38674e+03	3.10305e-02	5.21052e-03	1.74622	5.83513	2.31180e-05
2.39062e+03	3.10402e-02	1.50738e-02	1.04609	5.82508	2.31180e-05
2.39450e+03	3.10213e-02	1.95683e-02	0.26214	6.05149	2.31180e-05
2.39839e+03	3.10146e-02	1.17903e-02	5.58035	0.45864	2.31180e-05
2.40227e+03	3.10293e-02	1.91892e-02	4.72872	0.77888	2.31180e-05
2.40615e+03	3.10217e-02	2.15965e-02	4.78726	1.05970	2.31180e-05
2.41003e+03	3.10061e-02	2.29428e-02	5.02855	1.51115	2.31180e-05
2.41391e+03	3.09958e-02	2.36832e-02	5.68837	1.79180	2.31180e-05
2.41780e+03	3.10589e-02	2.30586e-02	5.30043	0.23166	2.31180e-05
2.42168e+03	3.10786e-02	1.68809e-02	4.69582	0.39424	2.31180e-05
2.42556e+03	3.10518e-02	2.79689e-02	2.90103	0.70095	2.31180e-05
2.42944e+03	3.10367e-02	2.63067e-02	2.84588	1.43216	2.31180e-05
2.43332e+03	3.09669e-02	3.27841e-02	3.74014	2.18468	2.31180e-05
2.43721e+03	3.10367e-02	1.31693e-02	4.76430	2.58150	2.31180e-05
2.44109e+03	3.09803e-02	6.73337e-03	4.38133	4.44396	2.31180e-05
2.44497e+03	3.09464e-02	7.74510e-03	0.56660	5.71772	2.31180e-05
2.44885e+03	3.09581e-02	3.08714e-02	2.92584	5.85319	2.31180e-05
2.45274e+03	3.09394e-02	3.78924e-02	5.39853	0.45178	2.31180e-05
2.45662e+03	3.09204e-02	3.44494e-02	3.06788	0.90623	2.31180e-05
2.46050e+03	3.09652e-02	2.32709e-02	1.13554	1.43051	2.31180e-05
2.46438e+03	3.09440e-02	2.77768e-02	5.81326	2.17679	2.31180e-05
2.46826e+03	3.09192e-02	3.30463e-03	5.37625	1.04743	2.31180e-05
2.47215e+03	3.09275e-02	9.35652e-03	5.12339	1.21940	2.31180e-05
2.47603e+03	3.09343e-02	9.04801e-03	4.17950	1.67341	2.31180e-05
2.47991e+03	3.09258e-02	7.97842e-03	4.68220	0.37945	2.31180e-05
2.48379e+03	3.09063e-02	6.22871e-03	1.09720	5.58748	2.31180e-05
2.48767e+03	3.08793e-02	2.04313e-02	1.15600	0.38594	2.31180e-05
2.49156e+03	3.09152e-02	1.25502e-02	6.06820	2.53612	2.31180e-05
2.49544e+03	3.08525e-02	4.40987e-03	0.27908	3.70859	2.31180e-05
2.49932e+03	3.08949e-02	1.62824e-02	6.15811	0.32771	2.31180e-05
2.50320e+03	3.09081e-02	7.82742e-03	4.62160	3.68412	2.31180e-05
2.50709e+03	3.08980e-02	2.01505e-02	2.31449	0.82919	2.31180e-05
2.51097e+03	3.08952e-02	4.22646e-03	0.62496	4.20122	2.31180e-05
2.51485e+03	3.08780e-02	2.81294e-02	5.06946	1.74773	2.31180e-05
2.51873e+03	3.08970e-02	2.08793e-02	5.06110	3.89331	2.31180e-05
2.52261e+03	3.08413e-02	2.23604e-02	3.39594	2.02537	2.31180e-05
2.52650e+03	3.08383e-02	2.15445e-02	0.39938	3.40804	2.31180e-05
2.53038e+03	3.08352e-02	8.53108e-03	5.45690	3.48257	2.31180e-05
2.53426e+03	3.07956e-02	1.28673e-02	4.30513	4.68420	2.31180e-05
2.53814e+03	3.07622e-02	2.34248e-02	3.90102	5.81740	2.31180e-05
2.54202e+03	3.08666e-02	3.39282e-02	0.09296	0.17130	2.31180e-05
2.54591e+03	3.06874e-02	3.34386e-02	2.74961	0.99219	2.31180e-05
2.54979e+03	3.07540e-02	3.29469e-02	2.31684	1.37675	2.31180e-05
2.55367e+03	3.07503e-02	2.00243e-02	3.32719	1.41502	2.31180e-05
2.55755e+03	3.06766e-02	1.67028e-02	2.16808	3.59287	2.31180e-05
2.56144e+03	3.06553e-02	3.60631e-02	2.87057	3.85758	2.31180e-05
2.56532e+03	3.08612e-02	2.72206e-02	3.15550	4.07428	2.31180e-05
2.56920e+03	3.07099e-02	1.77427e-02	5.45815	4.44296	2.31180e-05
2.57308e+03	3.07563e-02	2.40967e-02	5.39607	1.27708	2.31180e-05
2.57696e+03	3.06523e-02	9.92961e-03	5.72932	2.11569	2.31180e-05
2.58085e+03	3.07372e-02	1.62072e-02	4.84012	4.38151	2.31180e-05
2.58473e+03	3.07232e-02	3.77117e-02	1.58030	3.96845	2.31180e-05
2.58861e+03	3.06312e-02	3.94135e-02	1.97089	4.68816	2.31180e-05
2.59249e+03	3.07127e-02	3.34638e-02	4.61901	4.83310	2.31180e-05
2.59637e+03	3.07148e-02	4.25219e-02	0.87357	5.46207	2.31180e-05
2.60026e+03	3.06516e-02	4.17219e-02	4.38639	5.19223	2.31180e-05
2.60414e+03	3.06611e-02	3.66737e-02	2.18090	4.66299	2.31180e-05
2.60802e+03	3.06712e-02	3.19430e-02	0.03920	2.63915	2.31180e-05
2.61190e+03	3.07517e-02	4.78809e-02	3.53245	0.40708	2.31180e-05
2.61579e+03	3.07694e-02	1.45532e-02	1.28621	6.24006	2.31180e-05
2.61967e+03	3.06695e-02	1.75340e-02	0.90856	1.81651	2.31180e-05
2.62355e+03	3.07610e-02	2.01009e-02	5.61786	4.02579	2.31180e-05
2.62743e+03	3.07069e-02	7.58699e-03	3.41058	2.63951	2.31180e-05
2.63131e+03	3.07473e-02	2.28298e-02	2.40212	3.68215	2.31180e-05
2.63520e+03	3.06848e-02	4.63842e-02	4.60049	2.14159	2.31180e-05
2.63908e+03	3.06348e-02	2.86550e-02	0.69441	3.37068	2.31180e-05
2.64296e+03	3.06926e-02	2.50504e-02	4.15211	3.78527	2.31180e-05
2.64684e+03	3.06611e-02	6.94058e-03	4.35466	0.21633	2.31180e-05
2.65072e+03	3.06730e-02	2.63486e-02	1.85401	6.00707	2.31180e-05
2.65461e+03	3.05906e-02	1.51962e-02	3.25064	4.66641	2.31180e-05
2.65849e+03	3.06378e-02	1.08349e-02	3.56471	6.18699	2.31180e-05
2.66237e+03	3.06132e-02	1.16458e-02	2.87211	1.12960	2.31180e-05
2.66625e+03	3.06141e-02	1.12141e-02	1.27975	4.02914	2.31180e-05
2.67014e+03	3.05729e-02	8.68453e-03	1.15636	0.01372	2.31180e-05
2.67402e+03	3.05843e-02	1.80579e-02	0.99519	2.97910	2.31180e-05
2.67790e+03	3.06121e-02	1.22521e-02	4.82995	2.13224	2.31180e-05
2.68178e+03	3.05769e-02	1.79537e-02	5.28299	5.19946	2.31180e-05
2.68566e+03	3.05679e-02	1.33487e-02	2.88147	4.75095	2.31180e-05
2.68955e+03	3.05518e-02	1.89109e-02	6.23149	5.33406	2.31180e-05
2.69343e+03	3.05503e-02	2.36166e-02	4.71208	4.56312	2.31180e-05
2.69731e+03	3.05645e-02	1.90871e-02	4.93441	3.12564	2.31180e-05
2.70119e+03	3.05489e-02	1.36093e-02	5.34047	1.81849	2.31180e-05
2.70507e+03	3.05401e-02	8.54898e-03	5.54966	0.49895	2.31180e-05
2.70896e+03	3.05326e-02	9.68185e-03	3.28669	2.22697	2.31180e-05
2.71284e+03	3.05311e-02	2.02681e-02	3.82619	1.70646	2.31180e-05
2.71672e+03	3.05497e-02	6.25871e-03	5.98592	6.11981	2.31180e-05
2.72060e+03	3.05010e-02	2.14677e-02	0.19709	6.25914	2.31180e-05
2.72449e+03	3.05163e-02	7.36555e-03	5.22999	2.40772	2.31180e-05
2.72837e+03	3.05120e-02	1.07171e-02	1.38371	1.22209	2.31180e-05
2.73225e+03	3.05411e-02	1.81707e-02	5.71435	5.15181	2.31180e-05
2.73613e+03	3.04911e-02	1.68361e-02	1.21687	5.72691	2.31180e-05
2.74001e+03	3.04993e-02	3.77676e-03	5.19849	4.37392	2.31180e-05
2.74390e+03	3.05062e-02	8.61362e-03	5.50091	0.36046	2.31180e-05
2.74778e+03	3.05021e-02	1.85722e-02	3.07374	0.02330	2.31180e-05
2.75166e+03	3.04645e-02	5.63638e-03	6.11201	0.77659	2.31180e-05
2.75554e+03	3.04686e-02	1.57428e-02	1.44672	3.27747	2.31180e-05
2.75942e+03	3.04803e-02	1.06237e-02	5.24641	3.70526	2.31180e-05
2.76331e+03	3.04410e-02	1.84593e-02	3.63006	3.76925	2.31180e-05
2.76719e+03	3.04418e-02	2.15245e-02	1.42026	5.09588	2.31180e-05
2.77107e+03	3.04766e-02	2.59848e-02	0.08906	5.72680	2.31180e-05
2.77495e+03	3.04749e-02	1.60281e-02	0.75726	4.96657	2.31180e-05
2.77884e+03	3.04375e-02	8.92810e-03	4.88945	0.66291	2.31180e-05
2.78272e+03	3.04196e-02	2.29061e-02	5.44391	0.79593	2.31180e-05
2.78660e+03	3.04184e-02	1.19104e-02	4.09598	3.37206	2.31180e-05
2.79048e+03	3.04345e-02	2.61572e-02	4.77627	4.10816	2.31180e-05
2.79436e+03	3.04284e-02	1.18014e-02	0.51028	3.94566	2.31180e-05
2.79825e+03	3.04156e-02	1.81867e-02	0.52607	5.71864	2.31180e-05
2.80213e+03	3.04042e-02	2.72525e-02	2.73925	6.01996	2.31180e-05
2.80601e+03	3.03855e-02	6.16748e-03	4.14287	1.44497	2.31180e-05
2.80989e+03	3.03998e-02	1.86562e-02	5.17694	3.83731	2.31180e-05
2.81377e+03	3.03979e-02	1.24268e-02	1.60159	4.75285	2.31180e-05
2.81766e+03	3.03595e-02	3.08980e-02	4.38621	5.76834	2.31180e-05
2.82154e+03	3.03565e-02	3.36140e-02	2.51402	6.18922	2.31180e-05
2.82542e+03	3.03547e-02	4.08789e-03	2.57289	4.70279	2.31180e-05
2.82930e+03	3.03560e-02	2.21027e-02	2.32873	4.10761	2.31180e-05
2.83319e+03	3.03858e-02	9.76423e-03	0.69714	5.44524	2.31180e-05
2.83707e+03	3.03722e-02	2.79591e-02	5.67339	0.02186	2.31180e-05
2.84095e+03	3.03469e-02	3.52542e-02	6.21913	0.14928	2.31180e-05
2.84483e+03	3.03243e-02	1.62803e-03	2.78742	4.21588	2.31180e-05
2.84871e+03	3.03186e-02	2.45627e-02	4.13875	4.11807	2.31180e-05
2.85260e+03	3.03141e-02	1.49870e-02	4.53334	5.55484	2.31180e-05
2.85648e+03	3.03460e-02	2.46783e-02	4.80099	0.68108	2.31180e-05
2.86036e+03	3.03483e-02	2.10272e-02	0.91826	0.59375	2.31180e-05
2.86424e+03	3.02930e-02	1.90193e-02	5.76192	4.61087	2.31180e-05
2.86812e+03	3.03033e-02	2.95074e-02	2.61064	5.07439	2.31180e-05
2.87201e+03	3.02915e-02	1.18336e-02	4.72533	0.28905	2.31180e-05
2.87589e+03	3.02946e-02	2.63452e-02	0.82566	1.90330	2.31180e-05
2.87977e+03	3.03027e-02	7.19783e-03	5.87354	1.50042	2.31180e-05
2.88365e+03	3.03040e-02	2.38443e-02	5.85347	5.91418	2.31180e-05
2.88753e+03	3.02801e-02	3.08031e-02	4.51361	0.07519	2.31180e-05
2.89142e+03	3.02637e-02	7.10493e-03	1.18151	2.71906	2.31180e-05
2.89530e+03	3.02700e-02	2.17224e-02	5.56942	4.44356	2.31180e-05
2.89918e+03	3.02458e-02	1.52871e-02	4.03767	6.21216	2.31180e-05
2.90306e+03	3.02550e-02	2.80166e-02	2.84045	1.51209	2.31180e-05
2.90695e+03	3.02395e-02	1.70107e-02	3.65206	1.79503	2.31180e-05
2.91083e+03	3.02399e-02	2.64013e-02	0.44883	6.17797	2.31180e-05
2.91471e+03	3.02321e-02	3.40073e-02	1.65655	0.47123	2.31180e-05
2.91859e+03	3.02086e-02	1.32818e-02	2.14793	2.18430	2.31180e-05
2.92247e+03	3.02073e-02	1.79853e-02	2.12924	4.99726	2.31180e-05
2.92636e+03	3.02141e-02	1.17874e-02	2.83771	0.97639	2.31180e-05
2.93024e+03	3.02100e-02	3.15508e-02	4.86864	2.16269	2.31180e-05
2.93412e+03	3.02058e-02	1.70214e-02	2.20419	2.81044	2.31180e-05
2.93800e+03	3.02159e-02	2.31602e-02	1.79096	0.92896	2.31180e-05
2.94188e+03	3.02099e-02	3.23078e-02	5.81591	1.50839	2.31180e-05
2.94577e+03	3.01668e-02	1.07056e-02	2.21628	3.90251	2.31180e-05
2.94965e+03	3.01966e-02	2.32386e-02	5.26461	0.14276	2.31180e-05
2.95353e+03	3.01777e-02	1.55923e-02	2.75582	2.05654	2.31180e-05
2.95741e+03	3.01643e-02	2.40518e-02	0.47796	4.10508	2.31180e-05
2.96130e+03	3.01354e-02	1.35485e-02	5.12410	0.09009	2.31180e-05
2.96518e+03	3.01694e-02	2.74854e-02	3.25346	2.64561	2.31180e-05
2.96906e+03	3.01580e-02	1.26347e-02	3.36860	3.55205	2.31180e-05
2.97294e+03	3.01366e-02	2.78331e-02	0.93712	1.07506	2.31180e-05
2.97682e+03	3.01188e-02	2.62326e-02	1.85682	2.45836	2.31180e-05
2.98071e+03	3.01511e-02	1.32175e-02	0.43445	6.10268	2.31180e-05
2.98459e+03	3.01513e-02	2.24160e-02	1.73813	1.16059	2.31180e-05
2.98847e+03	3.00972e-02	1.81490e-02	2.41958	3.62723	2.31180e-05
2.99235e+03	3.01038e-02	2.09979e-02	3.85571	6.09460	2.31180e-05
2.99623e+03	3.01303e-02	1.56277e-02	5.01347	2.57022	2.31180e-05
3.00012e+03	3.01310e-02	2.21776e-02	1.51849	4.01853	2.31180e-05
3.00400e+03	3.00775e-02	1.62089e-02	3.30904	0.89721	2.31180e-05
3.00788e+03	3.01019e-02	3.12092e-02	0.42076	2.94460	2.31180e-05
3.01176e+03	3.00995e-02	3.06368e-03	4.57731	4.29609	2.31180e-05
3.01565e+03	3.00859e-02	2.97672e-02	0.34803	1.73116	2.31180e-05
3.01953e+03	3.00444e-02	2.40043e-02	5.58293	3.30198	2.31180e-05
3.02341e+03	3.00850e-02	1.51415e-02	2.93327	0.31947	2.31180e-05
3.02729e+03	3.00770e-02	1.57254e-02	1.85290	2.23547	2.31180e-05
3.03117e+03	3.00417e-02	2.83270e-02	0.76776	4.63769	2.31180e-05
3.03506e+03	3.00391e-02	1.50998e-02	0.94319	0.34139	2.31180e-05
3.03894e+03	3.00577e-02	2.47344e-02	5.89664	3.72290	2.31180e-05
3.04282e+03	3.00407e-02	2.19628e-02	0.82742	4.97863	2.31180e-05
3.04670e+03	3.00181e-02	2.23388e-02	0.28537	2.31208	2.31180e-05
3.05058e+03	3.00274e-02	2.63189e-02	2.13818	4.18293	2.31180e-05
3.05447e+03	3.00388e-02	1.18893e-02	3.00139	0.67735	2.31180e-05
3.05835e+03	3.00056e-02	2.03479e-02	5.01204	2.84634	2.31180e-05
3.06223e+03	2.99933e-02	2.38801e-02	0.78282	5.70067	2.31180e-05
3.06611e+03	3.00108e-02	2.01123e-02	4.11395	1.44625	2.31180e-05
3.07000e+03	3.00108e-02	1.08173e-02	0.31685	4.33283	2.31180e-05
3.07388e+03	2.99784e-02	2.75864e-02	4.33133	0.05641	2.31180e-05
3.07776e+03	2.99809e-02	1.67855e-02	1.89321	2.89705	2.31180e-05
3.08164e+03	3.00114e-02	2.17065e-02	0.08371	5.16104	2.31180e-05
3.08552e+03	2.99764e-02	9.41112e-03	4.82641	1.17086	2.31180e-05
3.08941e+03	2.99454e-02	2.89163e-02	3.50971	3.93278	2.31180e-05
3.09329e+03	2.99696e-02	1.38861e-02	3.02629	0.12959	2.31180e-05
3.09717e+03	2.99732e-02	1.90159e-02	2.30151	2.77552	2.31180e-05
3.10105e+03	2.99488e-02	1.63960e-02	2.70114	4.90064	2.31180e-05
3.10493e+03	2.99267e-02	2.46724e-02	2.92920	1.52549	2.31180e-05
3.10882e+03	2.99428e-02	1.33110e-02	3.75411	4.20070	2.31180e-05
3.11270e+03	2.99581e-02	2.33593e-02	5.00431	0.16944	2.31180e-05
3.11658e+03	2.99273e-02	1.48985e-02	0.67402	2.50726	2.31180e-05
3.12046e+03	2.99199e-02	2.93709e-02	2.24990	5.70076	2.31180e-05
3.12435e+03	2.99460e-02	1.22734e-02	5.41193	1.24035	2.31180e-05
3.12823e+03	2.99194e-02	2.23097e-02	0.83223	4.63238	2.31180e-05
3.13211e+03	2.99010e-02	2.55788e-02	4.94348	0.34430	2.31180e-05
3.13599e+03	2.99059e-02	1.72549e-02	1.87169	3.46756	2.31180e-05
3.13987e+03	2.99098e-02	1.52018e-02	5.91323	5.90856	2.31180e-05
3.14376e+03	2.98803e-02	2.76110e-02	4.17248	2.02189	2.31180e-05
3.14764e+03	2.98773e-02	1.50858e-02	2.94475	4.75361	2.31180e-05
3.15152e+03	2.98902e-02	2.59187e-02	1.53740	1.37055	2.31180e-05
3.15540e+03	2.98894e-02	1.41594e-02	1.71404	3.04540	2.31180e-05
3.15928e+03	2.98452e-02	2.95459e-02	0.38441	0.50305	2.31180e-05
3.16317e+03	2.98668e-02	2.12088e-02	1.52224	2.47827	2.31180e-05
3.16705e+03	2.98754e-02	1.54470e-02	1.16506	5.81372	2.31180e-05
3.17093e+03	2.98351e-02	2.33223e-02	2.63418	1.63207	2.31180e-05
3.17481e+03	2.98235e-02	2.32343e-02	3.98582	4.53779	2.31180e-05
3.17870e+03	2.98569e-02	1.65357e-02	5.72910	1.02781	2.31180e-05
3.18258e+03	2.98512e-02	2.27717e-02	1.56002	3.49120	2.31180e-05
3.18646e+03	2.98102e-02	1.79007e-02	4.40924	6.03987	2.31180e-05
3.19034e+03	2.98275e-02	2.72634e-02	0.94353	2.80985	2.31180e-05
3.19422e+03	2.98338e-02	1.14287e-02	4.61477	5.11637	2.31180e-05
3.19811e+03	2.97969e-02	2.72953e-02	1.71648	1.78507	2.31180e-05
3.20199e+03	2.97870e-02	1.91324e-02	0.20646	4.18690	2.31180e-05
3.20587e+03	2.98205e-02	2.22465e-02	4.36989	1.10991	2.31180e-05
3.20975e+03	2.98022e-02	1.69504e-02	3.61924	3.19420	2.31180e-05
3.21363e+03	2.97812e-02	2.19850e-02	2.44450	0.02607	2.31180e-05
3.21752e+03	2.97712e-02	2.37744e-02	2.74554	2.49022	2.31180e-05
3.22140e+03	2.97996e-02	1.69167e-02	2.34732	5.32055	2.31180e-05
3.22528e+03	2.97786e-02	2.32486e-02	2.11011	1.88476	2.31180e-05
3.22916e+03	2.97507e-02	2.48314e-02	2.68269	4.61185	2.31180e-05
3.23305e+03	2.97633e-02	1.67230e-02	3.27959	1.66374	2.31180e-05
3.23693e+03	2.97763e-02	2.51166e-02	5.09415	3.88107	2.31180e-05
3.24081e+03	2.97414e-02	1.91167e-02	5.98895	1.05802	2.31180e-05
3.24469e+03	2.97523e-02	3.12861e-02	1.92076	3.67558	2.31180e-05
3.24857e+03	2.97476e-02	1.27140e-02	3.16993	0.93322	2.31180e-05
3.25246e+03	2.97358e-02	3.02596e-02	6.10632	3.55287	2.31180e-05
3.25634e+03	2.97346e-02	1.53905e-02	2.91797	0.23983	2.31180e-05
3.26022e+03	2.97391e-02	2.54849e-02	6.06126	3.48113	2.31180e-05
3.26410e+03	2.97208e-02	1.92436e-02	4.07918	5.91480	2.31180e-05
3.26798e+03	2.97010e-02	2.31968e-02	1.56060	3.17104	2.31180e-05
3.27187e+03	2.97217e-02	2.52650e-02	0.42850	5.73598	2.31180e-05
3.27575e+03	2.97065e-02	1.71667e-02	5.01210	2.84015	2.31180e-05
3.27963e+03	2.96935e-02	2.91799e-02	4.56156	5.44646	2.31180e-05
3.28351e+03	2.96770e-02	1.83280e-02	4.08233	2.38791	2.31180e-05
3.28740e+03	2.96890e-02	2.61436e-02	4.22272	5.20222	2.31180e-05
3.29128e+03	2.96757e-02	1.92544e-02	4.57246	1.91609	2.31180e-05
3.29516e+03	2.96524e-02	2.77580e-02	5.52441	4.88317	2.31180e-05
3.29904e+03	2.96656e-02	1.97217e-02	0.45155	1.68415	2.31180e-05
3.30292e+03	2.96638e-02	2.46416e-02	2.14784	4.53469	2.31180e-05
3.30681e+03	2.96387e-02	2.11228e-02	4.15563	1.30659	2.31180e-05
3.31069e+03	2.96468e-02	2.62403e-02	0.46745	4.29932	2.31180e-05
3.31457e+03	2.96456e-02	1.74385e-02	3.30769	0.94208	2.31180e-05
3.31845e+03	2.96343e-02	2.58784e-02	0.06238	4.09202	2.31180e-05
3.32233e+03	2.96317e-02	2.11911e-02	4.12455	0.51248	2.31180e-05
3.32622e+03	2.96454e-02	2.23150e-02	1.34131	4.04639	2.31180e-05
3.33010e+03	2.96255e-02	2.31307e-02	0.11556	0.10390	2.31180e-05
3.33398e+03	2.96095e-02	2.10766e-02	4.31581	3.78948	2.31180e-05
3.33786e+03	2.96132e-02	2.73483e-02	3.98528	6.21805	2.31180e-05
3.34175e+03	2.96078e-02	1.36065e-02	2.70577	3.48386	2.31180e-05
3.34563e+03	2.95917e-02	3.07389e-02	2.92260	6.05267	2.31180e-05
3.34951e+03	2.95892e-02	1.52293e-02	2.94416	2.99619	2.31180e-05
3.35339e+03	2.95896e-02	2.85211e-02	3.51489	5.97777	2.31180e-05
3.35727e+03	2.95759e-02	1.80613e-02	4.69502	2.45629	2.31180e-05
3.36116e+03	2.95589e-02	2.84756e-02	5.71516	5.90052	2.31180e-05
3.36504e+03	2.95701e-02	2.17482e-02	1.61289	2.26034	2.31180e-05
3.36892e+03	2.95589e-02	2.44490e-02	3.15283	5.80500	2.31180e-05
3.37280e+03	2.95485e-02	2.62725e-02	6.22197	2.12504	2.31180e-05
3.37668e+03	2.95427e-02	2.20468e-02	2.48317	5.66939	2.31180e-05
3.38057e+03	2.95558e-02	2.48961e-02	6.26357	1.99223	2.31180e-05
3.38445e+03	2.95476e-02	2.13653e-02	3.46970	5.34375	2.31180e-05
3.38833e+03	2.95362e-02	2.41870e-02	1.72562	1.87498	2.31180e-05
3.39221e+03	2.95452e-02	1.96779e-02	6.06774	5.15050	2.31180e-05
3.39610e+03	2.95339e-02	2.25203e-02	5.10152	1.60243	2.31180e-05
3.39998e+03	2.95166e-02	2.18328e-02	4.03398	4.93012	2.31180e-05
3.40386e+03	2.95210e-02	2.16124e-02	3.94011	1.37575	2.31180e-05
3.40774e+03	2.95109e-02	2.04554e-02	3.57493	4.67225	2.31180e-05
3.41162e+03	2.94868e-02	2.63783e-02	4.36570	1.14116	2.31180e-05
3.41551e+03	2.95000e-02	1.92523e-02	4.96963	4.40497	2.31180e-05
3.41939e+03	2.94964e-02	2.80341e-02	0.04984	0.98589	2.31180e-05
3.42327e+03	2.94752e-02	1.91326e-02	1.80657	3.94694	2.31180e-05
3.42715e+03	2.94883e-02	2.93686e-02	3.67097	0.97150	2.31180e-05
3.43103e+03	2.94800e-02	1.84005e-02	0.31403	3.50586	2.31180e-05
3.43492e+03	2.94693e-02	2.81368e-02	2.47178	0.94332	2.31180e-05
3.43880e+03	2.94587e-02	2.27070e-02	0.22634	3.32853	2.31180e-05
3.44268e+03	2.94638e-02	2.22231e-02	3.03209	0.87665	2.31180e-05
3.44656e+03	2.94669e-02	2.55861e-02	1.51094	3.21625	2.31180e-05
3.45045e+03	2.94556e-02	1.89821e-02	5.44406	0.55854	2.31180e-05
3.45433e+03	2.94500e-02	2.58306e-02	4.45761	3.18166	2.31180e-05
3.45821e+03	2.94389e-02	1.60816e-02	3.34237	0.03005	2.31180e-05
3.46209e+03	2.94179e-02	2.71067e-02	2.75936	3.12405	2.31180e-05
3.46597e+03	2.94237e-02	1.96049e-02	2.86306	5.96451	2.31180e-05
3.46986e+03	2.94173e-02	2.40523e-02	2.80471	2.95935	2.31180e-05
3.47374e+03	2.93915e-02	2.34469e-02	3.91724	5.71787	2.31180e-05
3.47762e+03	2.93844e-02	2.39901e-02	0.22878	2.14196	2.31180e-05
3.48150e+03	2.94128e-02	1.50721e-02	2.55709	5.04576	2.31180e-05
3.48538e+03	2.93831e-02	1.90178e-02	5.78585	0.92437	2.31180e-05
3.48927e+03	2.93692e-02	3.10419e-02	2.60227	4.01272	2.31180e-05
3.49315e+03	2.94154e-02	1.55273e-02	6.05304	0.32465	2.31180e-05
3.49703e+03	2.94028e-02	2.60807e-02	2.08660	3.86150	2.31180e-05
3.50091e+03	2.93563e-02	1.67926e-02	0.64088	6.21584	2.31180e-05
3.50480e+03	2.93725e-02	2.70580e-02	4.88065	3.34800	2.31180e-05
3.50868e+03	2.93997e-02	1.37206e-02	2.36570	0.27358	2.31180e-05
3.51256e+03	2.93664e-02	3.06711e-02	0.58535	2.99178	2.31180e-05
3.51644e+03	2.93476e-02	2.97802e-02	5.26856	0.25461	2.31180e-05
3.52032e+03	2.93542e-02	2.04605e-02	4.25829	3.07032	2.31180e-05
3.52421e+03	2.93646e-02	3.78356e-02	3.39538	0.27073	2.31180e-05
3.52809e+03	2.93557e-02	1.44141e-02	1.77495	3.99389	2.31180e-05
3.53197e+03	2.93496e-02	3.32038e-02	2.06167	0.19325	2.31180e-05
3.53585e+03	2.93301e-02	3.52778e-02	1.16856	4.47933	2.31180e-05
3.53973e+03	2.93271e-02	1.89900e-02	3.13280	0.19533	2.31180e-05
3.54362e+03	2.93076e-02	3.69382e-02	2.84337	4.54720	2.31180e-05
3.54750e+03	2.93415e-02	6.68025e-03	5.37187	0.34098	2.31180e-05
3.55138e+03	2.92992e-02	4.02863e-02	0.15425	4.25917	2.31180e-05
3.55526e+03	2.93250e-02	2.89549e-02	1.31069	1.88575	2.31180e-05
3.55915e+03	2.93025e-02	1.74298e-02	4.28510	4.27393	2.31180e-05
3.56303e+03	2.93090e-02	4.21578e-02	5.96775	2.16943	2.31180e-05
3.56691e+03	2.92908e-02	5.72893e-03	1.46705	0.06019	2.31180e-05
3.57079e+03	2.92829e-02	4.41738e-02	0.01984	2.10951	2.31180e-05
3.57467e+03	2.93058e-02	2.86966e-02	1.57079	0.47546	2.31180e-05
3.57856e+03	2.92698e-02	2.17635e-02	0.35154	2.53554	2.31180e-05
3.58244e+03	2.92819e-02	4.26261e-02	3.72619	0.42769	2.31180e-05
3.58632e+03	2.92622e-02	2.49921e-02	1.66790	4.11998	2.31180e-05
3.59020e+03	2.92791e-02	2.54304e-02	1.06081	0.37580	2.31180e-05
3.59408e+03	2.92745e-02	4.19391e-02	6.04820	4.03205	2.31180e-05
3.59797e+03	2.92615e-02	2.16024e-02	4.73975	1.76800	2.31180e-05
3.60185e+03	2.92647e-02	4.21066e-02	5.81662	3.76318	2.31180e-05
3.60573e+03	2.92537e-02	4.93196e-02	4.44594	2.15455	2.31180e-05
3.60961e+03	2.92533e-02	9.30021e-03	0.03556	3.89909	2.31180e-05
3.61349e+03	2.92429e-02	4.33476e-02	5.28184	2.27712	2.31180e-05
3.61738e+03	2.92406e-02	3.37050e-02	5.39772	0.27832	2.31180e-05
3.62126e+03	2.92161e-02	2.83780e-02	1.45231	2.91641	2.31180e-05
3.62514e+03	2.92470e-02	3.44689e-02	1.91523	0.90016	2.31180e-05
3.62902e+03	2.92238e-02	2.31535e-02	3.38522	4.56394	2.31180e-05
3.63291e+03	2.92271e-02	2.07648e-02	0.30686	1.18699	2.31180e-05
3.63679e+03	2.92116e-02	4.27250e-02	2.42287	5.19056	2.31180e-05
3.64067e+03	2.92187e-02	2.16173e-02	4.89709	3.15056	2.31180e-05
3.64455e+03	2.92093e-02	3.36471e-02	3.47948	5.17271	2.31180e-05
3.64843e+03	2.91996e-02	5.39953e-02	5.67505	3.60971	2.31180e-05
3.65232e+03	2.91769e-02	6.30195e-03	3.79665	0.71255	2.31180e-05
3.65620e+03	2.91889e-02	5.06549e-02	2.13281	3.80648	2.31180e-05
3.66008e+03	2.91851e-02	3.96745e-02	5.95887	2.05986	2.31180e-05
3.66396e+03	2.91495e-02	3.02386e-02	1.31591	3.78589	2.31180e-05
3.66784e+03	2.91892e-02	4.33880e-02	6.06425	2.09954	2.31180e-05
3.67173e+03	2.91866e-02	1.22591e-02	0.57284	4.65254	2.31180e-05
3.67561e+03	2.91646e-02	3.10755e-02	1.40249	1.83638	2.31180e-05
3.67949e+03	2.91555e-02	3.57922e-02	0.78704	5.90091	2.31180e-05
3.68337e+03	2.91307e-02	1.25211e-02	3.75738	1.82737	2.31180e-05
3.68726e+03	2.91697e-02	4.01580e-02	3.76601	5.84936	2.31180e-05
3.69114e+03	2.91531e-02	4.12650e-02	3.83119	3.75802	2.31180e-05
3.69502e+03	2.91666e-02	2.32621e-02	0.62412	5.49287	2.31180e-05
3.69890e+03	2.91501e-02	4.63994e-02	0.71823	3.76921	2.31180e-05
3.70278e+03	2.91547e-02	1.75422e-02	1.76252	1.55858	2.31180e-05
3.70667e+03	2.91358e-02	3.22293e-02	3.79933	4.37266	2.31180e-05
3.71055e+03	2.91173e-02	3.76803e-02	5.33773	2.05938	2.31180e-05
3.71443e+03	2.91471e-02	3.90316e-02	1.29476	5.34706	2.31180e-05
3.71831e+03	2.91434e-02	4.33995e-02	2.21774	3.51783	2.31180e-05
3.72219e+03	2.91250e-02	1.66527e-02	3.78608	1.55112	2.31180e-05
3.72608e+03	2.91787e-02	4.52622e-02	0.88395	4.53390	2.31180e-05
3.72996e+03	2.91252e-02	6.58573e-02	2.08488	2.96187	2.31180e-05
3.73384e+03	2.91163e-02	4.96336e-02	3.85192	1.30505	2.31180e-05
3.73772e+03	2.91030e-02	1.74798e-02	0.37790	5.16146	2.31180e-05
3.74161e+03	2.91025e-02	4.08576e-02	3.25380	2.59631	2.31180e-05
3.74549e+03	2.90965e-02	5.56999e-02	5.73831	1.00129	2.31180e-05
3.74937e+03	2.90957e-02	5.00965e-02	1.73964	5.47601	2.31180e-05
3.75325e+03	2.91011e-02	2.83425e-02	5.35268	3.23302	2.31180e-05
3.75713e+03	2.91167e-02	3.19313e-02	2.19526	1.01183	2.31180e-05
3.76102e+03	2.91244e-02	6.34896e-02	5.73583	5.63266	2.31180e-05
3.76490e+03	2.91609e-02	4.09953e-02	2.48492	4.09583	2.31180e-05
3.76878e+03	2.91015e-02	3.12155e-02	0.13668	1.64448	2.31180e-05
3.77266e+03	2.91402e-02	5.35949e-02	3.56025	0.11884	2.31180e-05
3.77654e+03	2.90914e-02	6.27021e-02	0.40135	5.27266	2.31180e-05
3.78043e+03	2.91241e-02	4.15661e-02	4.23733	4.21544	2.31180e-05
3.78431e+03	2.91291e-02	1.43264e-02	2.99507	1.03495	2.31180e-05
3.78819e+03	2.90997e-02	5.19991e-02	0.85109	5.79923	2.31180e-05
3.79207e+03	2.91090e-02	7.16910e-02	4.62927	4.86196	2.31180e-05
3.79596e+03	2.90808e-02	5.90469e-02	2.69575	3.77074	2.31180e-05
3.79984e+03	2.91030e-02	3.02337e-02	1.35936	1.91571	2.31180e-05
3.80372e+03	2.90959e-02	3.77374e-02	0.91585	5.86412	2.31180e-05
3.80760e+03	2.90704e-02	5.66518e-02	0.19868	4.40252	2.31180e-05
3.81148e+03	2.90996e-02	5.69024e-02	5.05988	3.41051	2.31180e-05
3.81537e+03	2.90730e-02	4.45810e-02	5.20909	1.94319	2.31180e-05
3.81925e+03	2.90837e-02	3.12341e-02	5.36998	5.73464	2.31180e-05
3.82313e+03	2.90927e-02	5.98482e-02	5.40814	4.25798	2.31180e-05
3.82701e+03	2.90608e-02	7.20705e-02	4.90248	3.26774	2.31180e-05
3.83089e+03	2.90979e-02	5.93551e-02	4.39266	2.28613	2.31180e-05
3.83478e+03	2.90408e-02	3.19385e-02	4.75769	0.94571	2.31180e-05
3.83866e+03	2.90613e-02	2.14177e-02	0.12912	4.30921	2.31180e-05
3.84254e+03	2.90694e-02	6.31112e-02	0.60778	3.13401	2.31180e-05
3.84642e+03	2.90574e-02	7.90986e-02	1.44037	2.10318	2.31180e-05
3.85031e+03	2.90122e-02	6.96953e-02	2.23871	0.95680	2.31180e-05
3.85419e+03	2.90489e-02	3.58588e-02	3.78936	5.52732	2.31180e-05
3.85807e+03	2.90452e-02	3.21581e-02	0.32496	3.24289	2.31180e-05
3.86195e+03	2.90535e-02	5.21040e-02	1.13396	2.00801	2.31180e-05
3.86583e+03	2.90322e-02	5.89734e-02	2.57601	0.99148	2.31180e-05
3.86972e+03	2.90401e-02	4.03892e-02	3.85971	6.12746	2.31180e-05
3.87360e+03	2.90310e-02	2.97458e-02	1.38214	3.68515	2.31180e-05
3.87748e+03	2.89904e-02	6.72703e-02	4.16839	2.01912	2.31180e-05
3.88136e+03	2.90098e-02	8.11358e-02	0.25244	0.93405	2.31180e-05
3.88524e+03	2.90619e-02	6.99132e-02	2.95972	6.08799	2.31180e-05
3.88913e+03	2.90138e-02	3.88994e-02	6.22539	4.77385	2.31180e-05
3.89301e+03	2.90423e-02	1.91314e-02	4.01239	2.69933	2.31180e-05
3.89689e+03	2.89910e-02	4.84394e-02	1.99632	1.00118	2.31180e-05
3.90077e+03	2.90380e-02	6.94834e-02	5.45101	6.28278	2.31180e-05
3.90466e+03	2.90012e-02	6.31769e-02	2.93698	5.19399	2.31180e-05
3.90854e+03	2.89966e-02	4.27312e-02	1.12090	3.53242	2.31180e-05
3.91242e+03	2.90066e-02	4.52064e-02	6.15547	1.51105	2.31180e-05
3.91630e+03	2.90094e-02	6.39379e-02	4.48192	0.22913	2.31180e-05
3.92018e+03	2.89764e-02	6.48751e-02	2.91373	5.53135	2.31180e-05
3.92407e+03	2.89893e-02	4.67431e-02	1.20000	4.50942	2.31180e-05
3.92795e+03	2.90129e-02	1.58383e-02	1.64491	2.50917	2.31180e-05
3.93183e+03	2.90004e-02	4.10290e-02	1.46267	0.48397	2.31180e-05
3.93571e+03	2.89859e-02	7.26380e-02	0.52495	5.81294	2.31180e-05
3.93959e+03	2.90060e-02	7.95433e-02	6.08962	4.90184	2.31180e-05
3.94348e+03	2.89978e-02	6.11438e-02	5.82766	3.76006	2.31180e-05
3.94736e+03	2.89973e-02	3.41067e-02	0.24614	1.87775	2.31180e-05
3.95124e+03	2.89879e-02	4.38410e-02	0.78218	0.14049	2.31180e-05
3.95512e+03	2.89562e-02	5.69175e-02	0.78257	5.34980	2.31180e-05
3.95901e+03	2.89737e-02	5.12892e-02	0.41375	4.29941	2.31180e-05
3.96289e+03	2.89882e-02	3.47802e-02	1.76726	2.79245	2.31180e-05
3.96677e+03	2.89484e-02	4.90368e-02	3.68166	0.74714	2.31180e-05
3.97065e+03	2.89340e-02	7.21378e-02	5.02499	5.71076	2.31180e-05
3.97453e+03	2.89303e-02	7.12520e-02	0.09351	4.57855	2.31180e-05
3.97842e+03	2.89381e-02	5.48502e-02	1.54061	3.38769	2.31180e-05
3.98230e+03	2.89916e-02	2.76007e-02	3.50801	2.16698	2.31180e-05
3.98618e+03	2.89381e-02	1.81790e-02	0.22414	0.00045	2.31180e-05
3.99006e+03	2.89697e-02	3.83351e-02	3.02295	4.53656	2.31180e-05
3.99394e+03	2.89561e-02	6.50020e-02	5.48294	3.52428	2.31180e-05
3.99783e+03	2.89645e-02	7.17506e-02	1.84111	2.52161	2.31180e-05
4.00171e+03	2.89868e-02	5.76052e-02	4.90475	1.28608	2.31180e-05
4.00559e+03	2.89599e-02	2.98960e-02	2.60378	5.70636	2.31180e-05
4.00947e+03	2.88998e-02	4.11280e-02	0.22431	3.88323	2.31180e-05
4.01336e+03	2.89359e-02	4.30639e-02	3.73526	2.74398	2.31180e-05
4.01724e+03	2.89596e-02	3.36029e-02	1.91067	1.17082	2.31180e-05
4.02112e+03	2.89562e-02	4.44608e-02	0.43716	5.61302	2.31180e-05
4.02500e+03	2.89489e-02	5.77848e-02	4.77510	4.33725	2.31180e-05
4.02888e+03	2.89429e-02	5.55589e-02	2.88368	3.16526	2.31180e-05
4.03277e+03	2.88923e-02	4.77034e-02	1.20906	1.94658	2.31180e-05
4.03665e+03	2.89162e-02	3.19113e-02	5.78694	0.73646	2.31180e-05
4.04053e+03	2.89576e-02	1.60495e-02	5.92018	4.44108	2.31180e-05
4.04441e+03	2.89348e-02	5.63723e-02	5.06614	3.05970	2.31180e-05
4.04829e+03	2.89127e-02	8.40381e-02	3.93713	2.13571	2.31180e-05
4.05218e+03	2.89129e-02	8.17899e-02	3.00282	1.25152	2.31180e-05
4.05606e+03	2.88942e-02	4.81345e-02	2.66628	0.03329	2.31180e-05
4.05994e+03	2.88872e-02	2.14687e-02	3.33404	4.29398	2.31180e-05
4.06382e+03	2.88985e-02	3.31047e-02	3.70202	2.53559	2.31180e-05
4.06771e+03	2.89186e-02	3.93038e-02	4.14441	1.29679	2.31180e-05
4.07159e+03	2.89284e-02	4.68956e-02	4.93506	6.22125	2.31180e-05
4.07547e+03	2.89327e-02	5.45586e-02	5.81117	4.88007	2.31180e-05
4.07935e+03	2.89338e-02	5.10932e-02	0.60747	3.50800	2.31180e-05
4.08323e+03	2.89268e-02	4.42973e-02	1.93677	2.11217	2.31180e-05
4.08712e+03	2.88782e-02	3.73594e-02	3.52869	0.77801	2.31180e-05
4.09100e+03	2.88452e-02	2.32421e-02	5.62227	5.28947	2.31180e-05
4.09488e+03	2.88361e-02	4.98236e-02	1.91872	3.22282	2.31180e-05
4.09876e+03	2.88446e-02	7.68755e-02	3.79477	2.16248	2.31180e-05
4.10264e+03	2.88417e-02	7.25107e-02	5.80421	1.19281	2.31180e-05
4.10653e+03	2.88282e-02	4.70237e-02	1.98004	6.25453	2.31180e-05
4.11041e+03	2.88638e-02	2.39631e-02	4.87278	4.74603	2.31180e-05
4.11429e+03	2.88928e-02	1.84502e-02	2.85429	2.20860	2.31180e-05
4.11817e+03	2.88980e-02	4.95157e-02	6.18528	0.85849	2.31180e-05
4.12206e+03	2.88810e-02	7.45110e-02	2.95920	6.20706	2.31180e-05
4.12594e+03	2.88927e-02	7.20901e-02	6.18434	5.27525	2.31180e-05
4.12982e+03	2.88673e-02	4.86532e-02	3.71341	4.04301	2.31180e-05
4.13370e+03	2.88907e-02	1.81885e-02	1.98489	2.35137	2.31180e-05
4.13758e+03	2.88480e-02	2.87600e-02	1.06686	0.00025	2.31180e-05
4.14147e+03	2.88245e-02	5.62224e-02	5.65651	4.94318	2.31180e-05
4.14535e+03	2.88334e-02	7.41818e-02	3.83705	3.89679	2.31180e-05
4.14923e+03	2.88609e-02	6.27034e-02	2.18604	2.83058	2.31180e-05
4.15311e+03	2.88618e-02	3.11798e-02	1.19323	1.40611	2.31180e-05
4.15699e+03	2.88182e-02	2.69206e-02	0.97056	5.72678	2.31180e-05
4.16088e+03	2.88119e-02	3.02040e-02	0.58538	4.09260	2.31180e-05
4.16476e+03	2.88029e-02	4.72384e-02	0.39403	2.49053	2.31180e-05
4.16864e+03	2.88149e-02	6.33419e-02	0.02255	1.30089	2.31180e-05
4.17252e+03	2.88116e-02	5.75789e-02	6.13542	0.11779	2.31180e-05
4.17641e+03	2.88045e-02	4.52662e-02	0.01620	5.06373	2.31180e-05
4.18029e+03	2.87874e-02	2.62088e-02	0.38530	3.63021	2.31180e-05
4.18417e+03	2.87861e-02	2.97592e-02	2.14755	0.97288	2.31180e-05
4.18805e+03	2.87776e-02	7.20075e-02	2.81218	6.08751	2.31180e-05
4.19193e+03	2.87587e-02	8.47260e-02	3.43009	5.24524	2.31180e-05
4.19582e+03	2.87886e-02	6.53735e-02	4.34153	4.23278	2.31180e-05
4.19970e+03	2.87765e-02	2.76763e-02	5.66169	2.99027	2.31180e-05
4.20358e+03	2.87734e-02	1.61999e-02	2.89016	6.03645	2.31180e-05
4.20746e+03	2.87538e-02	5.69026e-02	4.65088	4.90167	2.31180e-05
4.21134e+03	2.87781e-02	8.20187e-02	0.06266	4.09032	2.31180e-05
4.21523e+03	2.88041e-02	7.15564e-02	1.82592	3.24874	2.31180e-05
4.21911e+03	2.88115e-02	4.26356e-02	4.18755	2.06707	2.31180e-05
4.22299e+03	2.87720e-02	1.56425e-02	1.31821	0.03415	2.31180e-05
4.22687e+03	2.87572e-02	3.40165e-02	5.15684	4.06551	2.31180e-05
4.23076e+03	2.87660e-02	6.82300e-02	1.84898	2.88827	2.31180e-05
4.23464e+03	2.87799e-02	8.10720e-02	4.72081	1.98472	2.31180e-05
4.23852e+03	2.87979e-02	6.46721e-02	1.72866	0.93840	2.31180e-05
4.24240e+03	2.87926e-02	2.85297e-02	5.73075	5.89544	2.31180e-05
4.24628e+03	2.87775e-02	1.66593e-02	5.00359	3.22025	2.31180e-05
4.25017e+03	2.87793e-02	4.70151e-02	3.35642	1.60982	2.31180e-05
4.25405e+03	2.88020e-02	7.35969e-02	1.07455	0.70344	2.31180e-05
4.25793e+03	2.87682e-02	6.73494e-02	5.26780	6.08844	2.31180e-05
4.26181e+03	2.87501e-02	3.76291e-02	3.81003	4.90057	2.31180e-05
4.26569e+03	2.87845e-02	1.52920e-02	3.56500	2.73144	2.31180e-05
4.26958e+03	2.87771e-02	3.51791e-02	3.40775	0.63883	2.31180e-05
4.27346e+03	2.87416e-02	6.55176e-02	2.48749	5.80344	2.31180e-05
4.27734e+03	2.87078e-02	7.17015e-02	1.70984	4.82342	2.31180e-05
4.28122e+03	2.87216e-02	5.35654e-02	1.38021	3.61302	2.31180e-05
4.28510e+03	2.87082e-02	3.20289e-02	1.47773	2.06454	2.31180e-05
4.28899e+03	2.87051e-02	2.11989e-02	2.30897	6.27818	2.31180e-05
4.29287e+03	2.86859e-02	5.20369e-02	3.21741	4.45935	2.31180e-05
4.29675e+03	2.87069e-02	7.72830e-02	3.53560	3.50262	2.31180e-05
4.30063e+03	2.87459e-02	7.11362e-02	3.82316	2.58255	2.31180e-05
4.30452e+03	2.87542e-02	4.33278e-02	4.56522	1.48228	2.31180e-05
4.30840e+03	2.87525e-02	8.17756e-03	6.02833	6.24305	2.31180e-05
4.31228e+03	2.87453e-02	4.24616e-02	2.96913	3.15230	2.31180e-05
4.31616e+03	2.87449e-02	8.02633e-02	3.84228	2.39930	2.31180e-05
4.32004e+03	2.86986e-02	8.11774e-02	4.96264	1.68289	2.31180e-05
4.32393e+03	2.86829e-02	5.65910e-02	0.50633	0.69143	2.31180e-05
4.32781e+03	2.86840e-02	1.69817e-02	2.89187	5.57125	2.31180e-05
4.33169e+03	2.86816e-02	3.30057e-02	1.01670	2.34715	2.31180e-05
4.33557e+03	2.86982e-02	7.66275e-02	3.40300	1.44634	2.31180e-05
4.33945e+03	2.87288e-02	8.80107e-02	5.53932	0.72485	2.31180e-05
4.34334e+03	2.87008e-02	6.98645e-02	1.74295	6.09390	2.31180e-05
4.34722e+03	2.86970e-02	3.26419e-02	5.01423	4.81375	2.31180e-05
4.35110e+03	2.86957e-02	1.19401e-02	4.00325	1.76315	2.31180e-05
4.35498e+03	2.86918e-02	5.65691e-02	1.57950	0.45757	2.31180e-05
4.35887e+03	2.86560e-02	8.59681e-02	5.18084	5.95094	2.31180e-05
4.36275e+03	2.87057e-02	8.17847e-02	2.51409	5.19822	2.31180e-05
4.36663e+03	2.87256e-02	5.46784e-02	0.15981	4.20209	2.31180e-05
4.37051e+03	2.87067e-02	1.39456e-02	4.51883	3.24960	2.31180e-05
4.37439e+03	2.87021e-02	3.33260e-02	5.64919	5.64812	2.31180e-05
4.37828e+03	2.86654e-02	7.61098e-02	3.72438	4.97652	2.31180e-05
4.38216e+03	2.86465e-02	8.95983e-02	2.23092	4.33768	2.31180e-05
4.38604e+03	2.86964e-02	7.17389e-02	0.94603	3.54611	2.31180e-05
4.38992e+03	2.87158e-02	3.20906e-02	0.06504	2.49462	2.31180e-05
4.39380e+03	2.87034e-02	1.70057e-02	2.20261	4.95714	2.31180e-05
4.39769e+03	2.86652e-02	6.66918e-02	1.50538	4.20575	2.31180e-05
4.40157e+03	2.86242e-02	9.17101e-02	1.20647	3.48204	2.31180e-05
4.40545e+03	2.86949e-02	8.26962e-02	0.98913	2.74259	2.31180e-05
4.40933e+03	2.87048e-02	4.77832e-02	1.12989	1.65497	2.31180e-05
4.41322e+03	2.86920e-02	7.19048e-03	2.62742	5.88896	2.31180e-05
4.41710e+03	2.86753e-02	4.25737e-02	4.74553	3.42496	2.31180e-05
4.42098e+03	2.86236e-02	7.63619e-02	5.46544	2.57224	2.31180e-05
4.42486e+03	2.86511e-02	8.33290e-02	0.21490	1.84258	2.31180e-05
4.42874e+03	2.86930e-02	6.14943e-02	1.21345	0.91780	2.31180e-05
4.43263e+03	2.86822e-02	2.64113e-02	2.85407	6.06463	2.31180e-05
4.43651e+03	2.86657e-02	1.59298e-02	0.79801	2.56114	2.31180e-05
4.44039e+03	2.86258e-02	5.91443e-02	2.71008	1.66449	2.31180e-05
4.44427e+03	2.86107e-02	8.59957e-02	4.88519	0.94363	2.31180e-05
4.44815e+03	2.86704e-02	7.83634e-02	0.61486	0.20920	2.31180e-05
4.45204e+03	2.86494e-02	5.05875e-02	3.04259	5.49222	2.31180e-05
4.45592e+03	2.86226e-02	3.75624e-03	6.13948	4.27098	2.31180e-05
4.45980e+03	2.85854e-02	4.95934e-02	5.39316	0.86736	2.31180e-05
4.46368e+03	2.85901e-02	8.90527e-02	2.40769	0.11790	2.31180e-05
4.46757e+03	2.86479e-02	9.03286e-02	5.28708	5.75561	2.31180e-05
4.47145e+03	2.85584e-02	6.45153e-02	2.58527	4.81542	2.31180e-05
4.47533e+03	2.85570e-02	1.86281e-02	0.61329	3.60441	2.31180e-05
4.47921e+03	2.85763e-02	3.43058e-02	1.12794	0.11083	2.31180e-05
4.48309e+03	2.86511e-02	7.87596e-02	5.29394	5.60271	2.31180e-05
4.48698e+03	2.85704e-02	9.06341e-02	3.05217	4.96379	2.31180e-05
4.49086e+03	2.85746e-02	7.26612e-02	1.64732	4.12847	2.31180e-05
4.49474e+03	2.85922e-02	3.97104e-02	0.58669	3.05701	2.31180e-05
4.49862e+03	2.85988e-02	7.51040e-03	2.71831	5.27268	2.31180e-05
4.50250e+03	2.86305e-02	5.95042e-02	1.49658	4.73650	2.31180e-05
4.50639e+03	2.85772e-02	9.23300e-02	0.40987	4.07998	2.31180e-05
4.51027e+03	2.85742e-02	8.93158e-02	0.01553	3.41306	2.31180e-05
4.51415e+03	2.86112e-02	7.32534e-02	5.99689	2.53288	2.31180e-05
4.51803e+03	2.85939e-02	3.66417e-02	6.05122	1.66035	2.31180e-05
4.52192e+03	2.85976e-02	2.57139e-02	3.61145	3.43048	2.31180e-05
4.52580e+03	2.85999e-02	8.19335e-02	3.33046	3.19042	2.31180e-05
4.52968e+03	2.85333e-02	1.07620e-01	3.82416	2.68408	2.31180e-05
4.53356e+03	2.86095e-02	9.96243e-02	4.32793	2.09543	2.31180e-05
4.53744e+03	2.85684e-02	8.87386e-02	5.15430	1.27383	2.31180e-05
4.54133e+03	2.85688e-02	6.08404e-02	0.26396	0.37368	2.31180e-05
4.54521e+03	2.85724e-02	2.09551e-02	0.42445	1.08014	2.31180e-05
4.54909e+03	2.85467e-02	6.74413e-02	0.67781	1.87201	2.31180e-05
4.55297e+03	2.85143e-02	1.09372e-01	2.62073	1.39565	2.31180e-05
4.55685e+03	2.85688e-02	1.17223e-01	4.31359	0.96243	2.31180e-05
4.56074e+03	2.85168e-02	1.04293e-01	0.12662	0.35156	2.31180e-05
4.56462e+03	2.85036e-02	9.26549e-02	2.90754	5.83346	2.31180e-05
4.56850e+03	2.85032e-02	7.47439e-02	5.86145	4.97524	2.31180e-05
4.57238e+03	2.85016e-02	3.45233e-02	2.37272	4.57408	2.31180e-05
4.57627e+03	2.85193e-02	3.25508e-02	3.59267	6.03100	2.31180e-05
4.58015e+03	2.85450e-02	8.06995e-02	0.34622	6.01285	2.31180e-05
4.58403e+03	2.85428e-02	1.18666e-01	3.56516	5.58560	2.31180e-05
4.58791e+03	2.85091e-02	1.26366e-01	1.08742	5.23306	2.31180e-05
4.59179e+03	2.85821e-02	1.18981e-01	5.04220	4.78686	2.31180e-05
4.59568e+03	2.84692e-02	1.17435e-01	2.84339	4.28425	2.31180e-05
4.59956e+03	2.85349e-02	1.09207e-01	0.80816	3.86715	2.31180e-05
4.60344e+03	2.85622e-02	7.41229e-02	5.54715	3.41367	2.31180e-05
4.60732e+03	2.84242e-02	1.53886e-02	4.45956	3.68344	2.31180e-05
4.61120e+03	2.84719e-02	3.18887e-02	5.43048	5.25721	2.31180e-05
