# t	a	e	mean_anomaly	varpi	mass/M_star
3.10572e+00	5.67465e-02	2.62550e-02	1.25790	3.01332	4.41310e-05
6.98788e+00	5.66957e-02	2.53734e-02	3.51736	1.53792	4.41310e-05
1.08700e+01	5.67065e-02	2.51583e-02	5.94291	0.06743	4.41310e-05
1.47522e+01	5.66648e-02	2.40640e-02	2.39471	4.76346	4.41310e-05
1.86343e+01	5.66630e-02	2.39202e-02	5.37092	3.13472	4.41310e-05
2.25164e+01	5.66670e-02	2.32470e-02	2.27626	1.45947	4.41310e-05
2.63985e+01	5.66820e-02	2.34169e-02	5.72395	6.02801	4.41310e-05
3.02807e+01	5.66505e-02	2.23636e-02	3.03639	4.31895	4.41310e-05
3.41628e+01	5.66443e-02	2.19856e-02	0.65662	2.51102	4.41310e-05
3.80450e+01	5.66179e-02	2.18066e-02	4.82106	0.63503	4.41310e-05
4.19271e+01	5.65953e-02	2.11175e-02	2.89751	5.02145	4.41310e-05
4.58093e+01	5.65894e-02	2.09994e-02	1.26288	3.05037	4.41310e-05
4.96914e+01	5.65611e-02	2.04981e-02	6.10978	1.02623	4.41310e-05
5.35735e+01	5.65334e-02	1.99706e-02	4.93489	5.24842	4.41310e-05
5.74557e+01	5.65690e-02	2.00390e-02	4.00621	3.10381	4.41310e-05
6.13378e+01	5.65359e-02	1.89284e-02	3.26836	0.95671	4.41310e-05
6.52199e+01	5.65374e-02	1.87295e-02	2.83031	4.99387	4.41310e-05
6.91021e+01	5.65057e-02	1.89908e-02	2.58033	2.71972	4.41310e-05
7.29842e+01	5.64992e-02	1.81038e-02	2.59468	0.38952	4.41310e-05
7.68664e+01	5.65062e-02	1.75838e-02	2.84346	4.28451	4.41310e-05
8.07485e+01	5.64586e-02	1.81864e-02	3.32794	1.83367	4.41310e-05
8.46307e+01	5.64607e-02	1.73679e-02	4.06220	5.63195	4.41310e-05
8.85128e+01	5.64601e-02	1.72318e-02	5.05641	3.04099	4.41310e-05
9.23949e+01	5.64075e-02	1.67372e-02	6.19937	0.50318	4.41310e-05
9.62771e+01	5.64364e-02	1.68171e-02	1.37250	4.12362	4.41310e-05
1.00159e+02	5.64092e-02	1.66073e-02	3.04631	1.40332	4.41310e-05
1.04041e+02	5.64088e-02	1.56812e-02	5.00561	4.90189	4.41310e-05
1.07923e+02	5.63977e-02	1.63575e-02	0.85783	2.09493	4.41310e-05
1.11806e+02	5.63551e-02	1.48118e-02	3.32413	5.43973	4.41310e-05
1.15688e+02	5.63810e-02	1.61945e-02	6.03873	2.44900	4.41310e-05
1.19570e+02	5.63334e-02	1.53382e-02	2.61021	5.76081	4.41310e-05
1.23452e+02	5.63197e-02	1.49432e-02	5.75434	2.70472	4.41310e-05
1.27334e+02	5.63263e-02	1.46867e-02	2.82482	5.90934	4.41310e-05
1.31216e+02	5.63097e-02	1.49401e-02	0.11379	2.77301	4.41310e-05
1.35098e+02	5.62846e-02	1.36007e-02	4.07684	5.75250	4.41310e-05
1.38981e+02	5.63051e-02	1.51757e-02	1.86032	2.49916	4.41310e-05
1.42863e+02	5.62802e-02	1.35306e-02	6.18308	5.46797	4.41310e-05
1.46745e+02	5.62724e-02	1.42675e-02	4.46642	2.10901	4.41310e-05
1.50627e+02	5.62199e-02	1.38679e-02	3.01665	4.93046	4.41310e-05
1.54509e+02	5.62146e-02	1.35023e-02	1.80803	1.42667	4.41310e-05
1.58391e+02	5.61920e-02	1.36559e-02	0.85935	4.14098	4.41310e-05
1.62273e+02	5.62066e-02	1.32545e-02	6.25366	0.66889	4.41310e-05
1.66156e+02	5.62024e-02	1.32914e-02	5.88157	3.18797	4.41310e-05
1.70038e+02	5.61769e-02	1.31630e-02	5.58333	5.79270	4.41310e-05
1.73920e+02	5.61614e-02	1.23625e-02	5.45030	2.13865	4.41310e-05
1.77802e+02	5.61502e-02	1.31643e-02	5.80511	4.48673	4.41310e-05
1.81684e+02	5.61577e-02	1.27590e-02	6.14994	0.72449	4.41310e-05
1.85566e+02	5.61481e-02	1.27870e-02	0.47594	3.17669	4.41310e-05
1.89448e+02	5.61307e-02	1.25849e-02	1.55499	5.36206	4.41310e-05
1.93331e+02	5.61150e-02	1.19416e-02	2.53266	1.52165	4.41310e-05
1.97213e+02	5.60618e-02	1.22866e-02	4.05400	3.64379	4.41310e-05
2.01095e+02	5.60925e-02	1.25345e-02	5.66683	5.83815	4.41310e-05
2.04977e+02	5.60761e-02	1.17010e-02	1.07024	1.86628	4.41310e-05
2.08859e+02	5.60544e-02	1.22140e-02	3.32419	3.81413	4.41310e-05
2.12741e+02	5.60440e-02	1.21956e-02	5.55406	5.95488	4.41310e-05
2.16623e+02	5.60530e-02	1.11541e-02	1.86537	1.64867	4.41310e-05
2.20505e+02	5.60107e-02	1.20367e-02	4.60887	3.66970	4.41310e-05
2.24388e+02	5.60147e-02	1.17328e-02	1.35257	5.57578	4.41310e-05
2.28270e+02	5.59940e-02	1.09085e-02	4.65257	1.14408	4.41310e-05
2.32152e+02	5.59979e-02	1.09720e-02	1.85276	2.97552	4.41310e-05
2.36034e+02	5.59547e-02	1.10242e-02	5.44381	4.90112	4.41310e-05
2.39916e+02	5.59720e-02	1.11251e-02	3.26414	0.22593	4.41310e-05
2.43798e+02	5.59540e-02	1.09584e-02	1.01079	2.08009	4.41310e-05
2.47680e+02	5.59101e-02	1.02524e-02	5.46471	3.72075	4.41310e-05
2.51563e+02	5.59150e-02	1.15980e-02	3.86179	5.31564	4.41310e-05
2.55445e+02	5.58822e-02	1.05748e-02	2.39876	0.67189	4.41310e-05
2.59327e+02	5.58901e-02	1.06572e-02	1.25028	2.20660	4.41310e-05
2.63209e+02	5.58999e-02	1.12807e-02	0.09601	3.90862	4.41310e-05
2.67091e+02	5.58669e-02	1.08423e-02	5.76238	5.29582	4.41310e-05
2.70973e+02	5.58670e-02	1.12100e-02	5.24637	0.46746	4.41310e-05
2.74855e+02	5.58365e-02	1.05465e-02	4.82223	2.02817	4.41310e-05
2.78738e+02	5.58151e-02	1.09928e-02	4.84725	3.33626	4.41310e-05
2.82620e+02	5.58124e-02	9.98290e-03	4.95749	4.73738	4.41310e-05
2.86502e+02	5.58025e-02	9.77433e-03	5.23272	6.18517	4.41310e-05
2.90384e+02	5.57861e-02	1.10010e-02	5.87971	1.15227	4.41310e-05
2.94266e+02	5.57828e-02	1.03397e-02	0.46459	2.38355	4.41310e-05
2.98148e+02	5.57851e-02	1.05389e-02	1.27949	3.84206	4.41310e-05
3.02030e+02	5.57532e-02	1.00012e-02	2.64699	4.96885	4.41310e-05
3.05913e+02	5.57115e-02	9.67552e-03	4.03089	6.23556	4.41310e-05
3.09795e+02	5.57282e-02	1.10761e-02	6.06652	0.81731	4.41310e-05
3.13677e+02	5.57218e-02	9.94504e-03	1.37351	2.21307	4.41310e-05
3.17559e+02	5.56754e-02	6.93841e-03	4.20027	2.68401	4.41310e-05
3.21441e+02	5.57123e-02	1.25398e-02	0.36963	3.63027	4.41310e-05
3.25323e+02	5.56621e-02	8.78479e-03	3.30815	4.34359	4.41310e-05
3.29205e+02	5.56846e-02	1.28567e-02	0.13377	5.04491	4.41310e-05
3.33088e+02	5.56143e-02	7.44788e-03	3.94491	5.26333	4.41310e-05
3.36970e+02	5.56605e-02	1.16452e-02	0.78323	0.06379	4.41310e-05
3.40852e+02	5.56042e-02	3.03894e-03	4.11218	1.07927	4.41310e-05
3.44734e+02	5.56328e-02	1.08324e-02	3.33431	0.13339	4.41310e-05
3.48616e+02	5.56016e-02	1.30553e-02	1.12198	0.83134	4.41310e-05
3.52498e+02	5.55666e-02	1.71756e-03	5.38731	1.45042	4.41310e-05
3.56380e+02	5.55767e-02	2.33368e-03	2.76455	2.54727	4.41310e-05
3.60262e+02	5.55730e-02	1.10421e-02	4.04017	0.20521	4.41310e-05
3.64145e+02	5.56006e-02	8.69315e-03	0.58562	2.58046	4.41310e-05
3.68027e+02	5.55104e-02	9.21249e-03	3.61386	4.95187	4.41310e-05
3.71909e+02	5.55358e-02	5.06226e-03	3.00895	4.99062	4.41310e-05
3.75791e+02	5.55454e-02	1.43308e-02	4.45499	3.22234	4.41310e-05
3.79673e+02	5.55032e-02	9.85135e-03	0.99763	0.29446	4.41310e-05
3.83555e+02	5.55002e-02	4.78784e-03	0.63351	0.60606	4.41310e-05
3.87437e+02	5.55134e-02	1.00837e-02	2.37619	5.51423	4.41310e-05
3.91320e+02	5.54259e-02	1.24511e-02	2.87888	5.34983	4.41310e-05
3.95202e+02	5.54925e-02	9.42956e-03	4.17323	4.77245	4.41310e-05
3.99084e+02	5.54203e-02	8.57603e-03	4.26476	5.49076	4.41310e-05
4.02966e+02	5.54416e-02	1.32818e-02	6.01333	4.74701	4.41310e-05
4.06848e+02	5.53726e-02	5.35437e-03	0.24272	5.45296	4.41310e-05
4.10730e+02	5.53934e-02	1.27376e-02	0.87991	0.00811	4.41310e-05
4.14612e+02	5.53565e-02	1.27429e-02	2.57563	6.05225	4.41310e-05
4.18495e+02	5.53934e-02	7.12918e-03	2.63095	1.56307	4.41310e-05
4.22377e+02	5.53401e-02	1.18573e-02	3.15365	2.90434	4.41310e-05
4.26259e+02	5.53849e-02	1.22386e-02	4.82814	3.40140	4.41310e-05
4.30141e+02	5.53325e-02	1.01901e-02	4.56528	5.87775	4.41310e-05
4.34023e+02	5.53656e-02	1.72914e-02	0.08151	0.32498	4.41310e-05
4.37905e+02	5.53013e-02	1.95837e-03	0.39047	2.59907	4.41310e-05
4.41787e+02	5.53230e-02	1.84483e-02	1.54068	4.31825	4.41310e-05
4.45670e+02	5.52519e-02	9.65948e-03	3.61298	5.14805	4.41310e-05
4.49552e+02	5.53297e-02	1.39136e-02	3.65273	2.01139	4.41310e-05
4.53434e+02	5.52606e-02	9.88170e-03	5.67856	3.22778	4.41310e-05
4.57316e+02	5.52872e-02	1.57470e-02	6.07216	0.03423	4.41310e-05
4.61198e+02	5.52109e-02	9.91591e-03	2.14286	1.30364	4.41310e-05
4.65080e+02	5.52412e-02	1.56744e-02	2.31012	4.92801	4.41310e-05
4.68962e+02	5.52161e-02	1.25540e-02	5.08176	6.13458	4.41310e-05
4.72845e+02	5.51832e-02	1.54144e-02	5.21726	3.81005	4.41310e-05
4.76727e+02	5.52017e-02	1.34068e-02	1.94860	5.07204	4.41310e-05
4.80609e+02	5.51850e-02	1.55126e-02	2.44318	2.69250	4.41310e-05
4.84491e+02	5.52125e-02	1.22920e-02	5.47238	4.18767	4.41310e-05
4.88373e+02	5.51993e-02	1.78367e-02	0.26520	1.56612	4.41310e-05
4.92255e+02	5.51605e-02	1.05510e-02	2.85624	3.78167	4.41310e-05
4.96137e+02	5.51968e-02	1.99328e-02	4.85576	0.60850	4.41310e-05
5.00019e+02	5.51721e-02	9.89635e-03	0.35943	3.94699	4.41310e-05
5.03902e+02	5.51746e-02	2.05862e-02	3.37386	0.05899	4.41310e-05
5.07784e+02	5.51052e-02	1.26677e-02	4.90575	3.98516	4.41310e-05
5.11666e+02	5.51684e-02	1.81508e-02	2.17227	6.07143	4.41310e-05
5.15548e+02	5.51010e-02	1.63624e-02	4.04660	3.73267	4.41310e-05
5.19430e+02	5.51289e-02	1.37396e-02	1.09794	6.26895	4.41310e-05
5.23312e+02	5.50983e-02	1.89650e-02	3.77680	3.48694	4.41310e-05
5.27194e+02	5.50740e-02	1.16766e-02	0.25880	0.61449	4.41310e-05
5.31077e+02	5.51173e-02	1.76737e-02	3.86645	3.43956	4.41310e-05
5.34959e+02	5.50531e-02	1.65348e-02	0.24963	1.04160	4.41310e-05
5.38841e+02	5.50816e-02	1.24934e-02	3.95650	3.98046	4.41310e-05
5.42723e+02	5.50489e-02	2.02183e-02	1.07204	1.21964	4.41310e-05
5.46605e+02	5.50417e-02	1.22629e-02	4.16681	5.06409	4.41310e-05
5.50487e+02	5.50559e-02	1.74187e-02	2.39922	1.42951	4.41310e-05
5.54369e+02	5.49885e-02	1.92984e-02	5.54589	5.60523	4.41310e-05
5.58252e+02	5.50145e-02	1.06086e-02	3.41178	2.55568	4.41310e-05
5.62134e+02	5.50000e-02	2.08597e-02	1.40814	5.93606	4.41310e-05
5.66016e+02	5.49745e-02	1.44886e-02	5.01554	3.74347	4.41310e-05
5.69898e+02	5.49912e-02	1.48383e-02	3.77019	0.31139	4.41310e-05
5.73780e+02	5.49351e-02	2.00919e-02	1.55093	4.33487	4.41310e-05
5.77662e+02	5.49548e-02	1.35521e-02	5.79610	1.93453	4.41310e-05
5.81544e+02	5.49609e-02	1.73471e-02	4.91908	4.90339	4.41310e-05
5.85427e+02	5.49092e-02	1.88171e-02	2.94384	2.80729	4.41310e-05
5.89309e+02	5.49346e-02	1.36317e-02	1.51608	0.24968	4.41310e-05
5.93191e+02	5.49255e-02	1.85512e-02	0.86210	3.45936	4.41310e-05
5.97073e+02	5.48743e-02	1.94563e-02	5.49788	1.43212	4.41310e-05
6.00955e+02	5.49087e-02	1.28449e-02	4.75398	4.94706	4.41310e-05
6.04837e+02	5.48916e-02	2.02530e-02	4.28571	2.11742	4.41310e-05
6.08719e+02	5.48477e-02	1.98623e-02	2.91977	0.22885	4.41310e-05
6.12602e+02	5.49123e-02	1.24021e-02	2.97797	3.39913	4.41310e-05
6.16484e+02	5.48604e-02	2.22389e-02	2.52979	0.98143	4.41310e-05
6.20366e+02	5.48293e-02	1.96324e-02	1.55713	5.41005	4.41310e-05
6.24248e+02	5.48836e-02	1.38756e-02	2.27904	2.09704	4.41310e-05
6.28130e+02	5.48128e-02	2.30853e-02	2.00608	6.19981	4.41310e-05
6.32012e+02	5.48458e-02	1.91686e-02	1.48087	4.34997	4.41310e-05
6.35894e+02	5.48266e-02	1.52231e-02	2.66997	1.01205	4.41310e-05
6.39777e+02	5.48050e-02	2.23380e-02	2.73245	5.20618	4.41310e-05
6.43659e+02	5.47918e-02	1.88861e-02	2.75096	3.25553	4.41310e-05
6.47541e+02	5.48134e-02	1.49979e-02	4.24926	0.06078	4.41310e-05
6.51423e+02	5.47757e-02	2.24768e-02	4.74023	4.25122	4.41310e-05
6.55305e+02	5.47853e-02	1.92282e-02	5.21565	2.30251	4.41310e-05
6.59187e+02	5.47852e-02	1.44269e-02	0.76012	5.49600	4.41310e-05
6.63069e+02	5.47128e-02	2.25124e-02	1.74065	3.35481	4.41310e-05
6.66951e+02	5.47608e-02	2.00052e-02	2.58053	1.48953	4.41310e-05
6.70834e+02	5.47401e-02	1.29304e-02	4.85846	4.68598	4.41310e-05
6.74716e+02	5.47155e-02	2.27886e-02	0.04622	2.48452	4.41310e-05
6.78598e+02	5.46945e-02	2.10857e-02	1.26829	0.69653	4.41310e-05
6.82480e+02	5.47067e-02	1.22538e-02	3.93871	3.94241	4.41310e-05
6.86362e+02	5.46704e-02	2.25635e-02	5.85002	1.74308	4.41310e-05
6.90244e+02	5.46961e-02	2.17864e-02	1.15765	0.01698	4.41310e-05
6.94126e+02	5.46879e-02	1.21853e-02	4.24637	3.30145	4.41310e-05
6.98009e+02	5.46413e-02	2.16414e-02	0.35838	1.05458	4.41310e-05
7.01891e+02	5.46443e-02	2.23833e-02	2.45173	5.56129	4.41310e-05
7.05773e+02	5.46492e-02	1.23405e-02	5.67755	2.86827	4.41310e-05
7.09655e+02	5.46030e-02	1.97494e-02	2.55929	0.31098	4.41310e-05
7.13537e+02	5.46397e-02	2.27293e-02	5.06659	4.86219	4.41310e-05
7.17419e+02	5.46167e-02	1.35278e-02	2.47311	2.19670	4.41310e-05
7.21301e+02	5.45516e-02	1.79368e-02	6.18986	5.83814	4.41310e-05
7.25184e+02	5.45909e-02	2.30736e-02	3.07530	3.95562	4.41310e-05
7.29066e+02	5.46091e-02	1.32940e-02	1.27052	1.11503	4.41310e-05
7.32948e+02	5.45562e-02	1.91853e-02	5.99671	4.37662	4.41310e-05
7.36830e+02	5.46308e-02	2.08367e-02	3.81559	2.18887	4.41310e-05
7.40712e+02	5.45855e-02	1.66525e-02	2.22205	5.68998	4.41310e-05
7.44594e+02	5.45621e-02	2.17349e-02	0.10860	3.48464	4.41310e-05
7.48476e+02	5.46158e-02	2.19150e-02	4.27704	1.50238	4.41310e-05
7.52359e+02	5.45542e-02	1.45775e-02	3.20808	5.07869	4.41310e-05
7.56241e+02	5.44384e-02	1.59533e-02	2.57910	2.07866	4.41310e-05
7.60123e+02	5.45274e-02	2.03612e-02	1.23293	6.10134	4.41310e-05
7.64005e+02	5.45068e-02	1.89748e-02	6.10552	3.92245	4.41310e-05
7.67887e+02	5.44372e-02	1.93408e-02	4.42469	2.02917	4.41310e-05
7.71769e+02	5.44407e-02	1.87411e-02	2.81053	0.15796	4.41310e-05
7.75651e+02	5.44975e-02	1.81478e-02	1.81308	4.26821	4.41310e-05
7.79534e+02	5.45013e-02	2.17357e-02	0.76900	2.10563	4.41310e-05
7.83416e+02	5.45043e-02	2.26513e-02	5.50831	0.31918	4.41310e-05
7.87298e+02	5.45173e-02	2.33392e-02	4.20315	4.84432	4.41310e-05
7.91180e+02	5.45356e-02	2.58705e-02	3.11326	3.08306	4.41310e-05
7.95062e+02	5.44677e-02	2.42951e-02	2.02919	1.50804	4.41310e-05
7.98944e+02	5.44109e-02	1.98296e-02	1.09001	6.02766	4.41310e-05
8.02826e+02	5.44130e-02	2.04624e-02	0.62442	4.09960	4.41310e-05
8.06708e+02	5.44527e-02	2.49980e-02	6.17218	2.46819	4.41310e-05
8.10591e+02	5.43827e-02	2.34779e-02	5.72263	0.86117	4.41310e-05
8.14473e+02	5.43674e-02	1.71938e-02	5.71271	5.26587	4.41310e-05
8.18355e+02	5.43487e-02	1.77630e-02	6.06394	3.14059	4.41310e-05
8.22237e+02	5.43636e-02	2.43396e-02	6.24983	1.36789	4.41310e-05
8.26119e+02	5.43659e-02	2.48907e-02	0.02922	6.11469	4.41310e-05
8.30001e+02	5.43501e-02	1.91866e-02	0.23772	4.44616	4.41310e-05
8.33883e+02	5.43458e-02	1.80864e-02	1.16817	2.23970	4.41310e-05
8.37766e+02	5.43950e-02	2.69407e-02	1.78441	0.48144	4.41310e-05
8.41648e+02	5.43963e-02	2.93469e-02	2.31181	5.31551	4.41310e-05
8.45530e+02	5.43744e-02	1.85525e-02	3.19175	3.58235	4.41310e-05
8.49412e+02	5.43177e-02	1.81108e-02	4.81685	1.18436	4.41310e-05
8.53294e+02	5.43833e-02	3.00404e-02	5.95418	5.81202	4.41310e-05
8.57176e+02	5.43769e-02	2.94010e-02	0.71841	4.43945	4.41310e-05
8.61058e+02	5.42587e-02	1.48694e-02	2.30683	2.60867	4.41310e-05
8.64941e+02	5.42513e-02	1.82873e-02	4.74045	0.01092	4.41310e-05
8.68823e+02	5.42692e-02	2.91772e-02	6.24146	4.87595	4.41310e-05
8.72705e+02	5.42502e-02	2.42613e-02	1.65197	3.50563	4.41310e-05
8.76587e+02	5.41878e-02	1.09613e-02	4.32063	1.26779	4.41310e-05
8.80469e+02	5.41801e-02	2.09871e-02	0.74619	5.32644	4.41310e-05
8.84351e+02	5.42364e-02	2.77847e-02	2.80488	3.91661	4.41310e-05
8.88233e+02	5.42877e-02	2.30951e-02	5.30688	2.30539	4.41310e-05
8.92116e+02	5.42082e-02	1.64645e-02	2.32508	6.24460	4.41310e-05
8.95998e+02	5.42228e-02	2.40713e-02	5.21596	4.33580	4.41310e-05
8.99880e+02	5.42314e-02	2.68665e-02	1.64360	2.79655	4.41310e-05
9.03762e+02	5.42762e-02	2.25594e-02	4.95007	0.93450	4.41310e-05
9.07644e+02	5.42213e-02	1.93574e-02	2.37210	5.04121	4.41310e-05
9.11526e+02	5.41478e-02	2.12306e-02	5.88089	3.16040	4.41310e-05
9.15408e+02	5.41727e-02	2.24749e-02	3.09041	1.47068	4.41310e-05
9.19291e+02	5.41896e-02	2.09622e-02	0.76997	5.88534	4.41310e-05
9.23173e+02	5.41122e-02	1.60692e-02	5.29979	3.57661	4.41310e-05
9.27055e+02	5.40487e-02	1.95716e-02	3.20634	1.66843	4.41310e-05
9.30937e+02	5.40839e-02	2.27762e-02	1.04571	6.26768	4.41310e-05
9.34819e+02	5.41321e-02	1.88711e-02	5.78766	4.22376	4.41310e-05
9.38701e+02	5.41120e-02	1.97008e-02	4.60562	1.91806	4.41310e-05
9.42583e+02	5.40880e-02	2.36675e-02	2.86303	0.19190	4.41310e-05
9.46465e+02	5.41452e-02	2.25195e-02	1.23249	4.77669	4.41310e-05
9.50348e+02	5.41851e-02	1.98910e-02	0.48779	2.44357	4.41310e-05
9.54230e+02	5.41164e-02	2.53341e-02	5.85831	0.41651	4.41310e-05
9.58112e+02	5.40421e-02	2.30068e-02	4.53218	5.11803	4.41310e-05
9.61994e+02	5.40747e-02	1.67126e-02	3.89325	3.02741	4.41310e-05
9.65876e+02	5.40756e-02	2.21213e-02	3.79632	0.69615	4.41310e-05
9.69758e+02	5.39803e-02	2.29228e-02	3.21636	5.26994	4.41310e-05
9.73640e+02	5.39319e-02	1.49378e-02	2.83014	3.42216	4.41310e-05
9.77523e+02	5.39904e-02	1.66377e-02	3.23471	0.97588	4.41310e-05
9.81405e+02	5.39936e-02	2.37272e-02	3.34891	5.36023	4.41310e-05
9.85287e+02	5.39637e-02	1.89084e-02	3.46708	3.56678	4.41310e-05
9.89169e+02	5.39471e-02	1.51220e-02	4.09086	1.28340	4.41310e-05
9.93051e+02	5.40102e-02	2.25284e-02	4.68285	5.46391	4.41310e-05
9.96933e+02	5.40513e-02	2.51453e-02	5.25714	3.63519	4.41310e-05
1.00082e+03	5.40248e-02	2.05704e-02	6.15128	1.58928	4.41310e-05
1.00470e+03	5.39591e-02	1.93362e-02	0.87990	5.72655	4.41310e-05
1.00858e+03	5.39779e-02	2.31508e-02	1.90093	3.77703	4.41310e-05
1.01246e+03	5.39815e-02	2.35079e-02	3.19617	1.84506	4.41310e-05
1.01634e+03	5.39275e-02	1.71274e-02	4.81564	5.96670	4.41310e-05
1.02023e+03	5.38314e-02	1.69894e-02	0.27070	3.77771	4.41310e-05
1.02411e+03	5.38776e-02	2.26135e-02	1.86365	1.92794	4.41310e-05
1.02799e+03	5.39131e-02	1.88780e-02	3.86823	6.23116	4.41310e-05
1.03187e+03	5.38337e-02	1.48684e-02	0.15186	3.78336	4.41310e-05
1.03575e+03	5.38182e-02	2.03574e-02	2.26631	1.82544	4.41310e-05
1.03964e+03	5.38859e-02	2.22727e-02	4.41738	0.00205	4.41310e-05
1.04352e+03	5.39526e-02	1.86998e-02	0.98136	3.99643	4.41310e-05
1.04740e+03	5.38637e-02	2.23462e-02	3.88983	1.73242	4.41310e-05
1.05128e+03	5.38371e-02	2.41223e-02	6.23071	0.06971	4.41310e-05
1.05517e+03	5.38815e-02	1.98302e-02	2.80279	4.34887	4.41310e-05
1.05905e+03	5.39060e-02	2.15641e-02	0.17050	1.82063	4.41310e-05
1.06293e+03	5.38088e-02	2.36273e-02	3.28106	6.25285	4.41310e-05
1.06681e+03	5.37664e-02	1.79283e-02	0.08325	4.47730	4.41310e-05
1.07069e+03	5.38008e-02	1.60265e-02	4.08717	2.00092	4.41310e-05
1.07458e+03	5.37833e-02	2.21683e-02	1.74504	6.15288	4.41310e-05
1.07846e+03	5.37291e-02	1.97906e-02	5.46680	4.35037	4.41310e-05
1.08234e+03	5.37089e-02	1.31706e-02	3.33266	2.16360	4.41310e-05
1.08622e+03	5.37847e-02	1.97215e-02	1.59814	6.03904	4.41310e-05
1.09010e+03	5.38031e-02	2.53668e-02	5.86108	4.15797	4.41310e-05
1.09399e+03	5.37428e-02	1.91800e-02	3.99646	2.20826	4.41310e-05
1.09787e+03	5.37204e-02	1.73523e-02	2.50837	6.15964	4.41310e-05
1.10175e+03	5.37755e-02	2.36070e-02	1.00144	4.04163	4.41310e-05
1.10563e+03	5.37791e-02	2.48097e-02	5.84113	2.14789	4.41310e-05
1.10952e+03	5.37243e-02	1.80572e-02	4.70753	0.03731	4.41310e-05
1.11340e+03	5.36722e-02	1.68681e-02	3.90065	3.94895	4.41310e-05
1.11728e+03	5.36886e-02	2.21457e-02	2.83595	2.05396	4.41310e-05
1.12116e+03	5.36822e-02	1.97007e-02	2.12766	0.07587	4.41310e-05
1.12504e+03	5.36090e-02	1.47092e-02	2.09349	3.83863	4.41310e-05
1.12893e+03	5.36017e-02	1.92395e-02	1.63235	1.78724	4.41310e-05
1.13281e+03	5.36352e-02	2.09349e-02	1.09020	6.26280	4.41310e-05
1.13669e+03	5.36810e-02	1.83883e-02	1.33694	3.92465	4.41310e-05
1.14057e+03	5.36720e-02	2.12558e-02	1.70364	1.58558	4.41310e-05
1.14445e+03	5.36101e-02	2.16889e-02	1.59191	6.02529	4.41310e-05
1.14834e+03	5.36436e-02	1.99082e-02	1.85090	3.94648	4.41310e-05
1.15222e+03	5.36807e-02	2.22695e-02	2.68090	1.54973	4.41310e-05
1.15610e+03	5.36030e-02	2.31093e-02	3.24918	5.86913	4.41310e-05
1.15998e+03	5.35626e-02	1.70164e-02	3.88915	3.87231	4.41310e-05
1.16387e+03	5.35525e-02	1.74719e-02	5.01366	1.56349	4.41310e-05
1.16775e+03	5.36003e-02	2.18728e-02	6.26522	5.69064	4.41310e-05
1.17163e+03	5.35146e-02	1.88922e-02	1.35478	3.61220	4.41310e-05
1.17551e+03	5.34655e-02	1.36251e-02	2.94855	1.42881	4.41310e-05
1.17939e+03	5.35152e-02	1.69171e-02	4.98609	5.24239	4.41310e-05
1.18328e+03	5.35427e-02	2.24313e-02	0.61601	3.12615	4.41310e-05
1.18716e+03	5.35235e-02	1.94463e-02	2.79405	0.95809	4.41310e-05
1.19104e+03	5.35177e-02	1.73640e-02	5.40285	4.66764	4.41310e-05
1.19492e+03	5.35500e-02	2.24235e-02	1.54241	2.42706	4.41310e-05
1.19880e+03	5.35809e-02	2.26313e-02	4.28945	0.15682	4.41310e-05
1.20269e+03	5.34839e-02	1.78605e-02	0.96734	4.04902	4.41310e-05
1.20657e+03	5.34293e-02	1.80479e-02	4.00588	1.66623	4.41310e-05
1.21045e+03	5.34882e-02	2.09940e-02	0.91517	5.73627	4.41310e-05
1.21433e+03	5.34249e-02	1.59622e-02	4.87535	3.07879	4.41310e-05
1.21822e+03	5.33158e-02	1.36558e-02	2.76255	0.31291	4.41310e-05
1.22210e+03	5.33330e-02	1.64057e-02	0.24038	4.34699	4.41310e-05
1.22598e+03	5.33943e-02	1.55688e-02	4.79307	1.62221	4.41310e-05
1.22986e+03	5.33334e-02	1.54721e-02	3.19330	5.23009	4.41310e-05
1.23374e+03	5.33360e-02	1.51319e-02	1.18671	2.98787	4.41310e-05
1.23763e+03	5.34326e-02	1.83501e-02	6.22381	0.24753	4.41310e-05
1.24151e+03	5.34199e-02	2.04496e-02	5.16720	3.87750	4.41310e-05
1.24539e+03	5.33325e-02	1.64323e-02	3.94407	1.40815	4.41310e-05
1.24927e+03	5.34266e-02	2.11833e-02	3.00864	5.14495	4.41310e-05
1.25315e+03	5.33903e-02	1.76904e-02	2.96526	2.15508	4.41310e-05
1.25704e+03	5.33188e-02	1.89349e-02	2.11867	6.08383	4.41310e-05
1.26092e+03	5.34051e-02	1.83973e-02	2.67421	2.74277	4.41310e-05
1.26480e+03	5.32896e-02	1.90936e-02	3.24120	6.03800	4.41310e-05
1.26868e+03	5.32923e-02	1.60297e-02	2.87181	3.82088	4.41310e-05
1.27257e+03	5.33443e-02	2.22495e-02	5.55204	5.45699	4.41310e-05
1.27645e+03	5.31907e-02	1.10790e-02	5.51072	3.55404	4.41310e-05
1.28033e+03	5.32575e-02	1.74203e-02	2.41296	4.88370	4.41310e-05
1.28421e+03	5.31763e-02	1.46755e-02	3.67497	2.43531	4.41310e-05
1.28809e+03	5.31859e-02	1.26604e-02	0.49520	4.16378	4.41310e-05
1.29198e+03	5.31820e-02	1.20116e-02	3.26267	0.50833	4.41310e-05
1.29586e+03	5.32505e-02	1.68189e-02	5.33812	3.82289	4.41310e-05
1.29974e+03	5.32169e-02	7.76005e-03	2.32673	5.75119	4.41310e-05
1.30362e+03	5.31509e-02	1.43013e-02	4.04344	3.28805	4.41310e-05
1.30750e+03	5.32108e-02	2.50569e-02	4.74076	2.61486	4.41310e-05
1.31139e+03	5.30975e-02	1.21033e-02	0.21553	0.55366	4.41310e-05
1.31527e+03	5.30408e-02	1.34762e-02	3.97570	3.52392	4.41310e-05
1.31915e+03	5.31386e-02	9.19974e-03	1.74362	6.26028	4.41310e-05
1.32303e+03	5.31275e-02	8.75240e-03	5.77885	2.64746	4.41310e-05
1.32692e+03	5.30881e-02	1.62329e-02	4.71169	4.49549	4.41310e-05
1.33080e+03	5.30672e-02	1.31245e-02	5.30413	4.94209	4.41310e-05
1.33468e+03	5.31118e-02	1.41884e-02	5.59354	5.37562	4.41310e-05
1.33856e+03	5.30286e-02	6.48156e-03	3.80040	2.17920	4.41310e-05
1.34244e+03	5.30071e-02	1.28328e-02	1.69370	5.77436	4.41310e-05
1.34633e+03	5.30291e-02	8.38837e-03	3.93510	5.02279	4.41310e-05
1.35021e+03	5.30003e-02	1.34966e-02	4.69331	6.04273	4.41310e-05
1.35409e+03	5.30225e-02	5.18281e-03	6.24235	0.65630	4.41310e-05
1.35797e+03	5.30457e-02	1.18809e-02	5.58401	3.70214	4.41310e-05
1.36185e+03	5.30158e-02	2.14732e-02	6.00505	5.77029	4.41310e-05
1.36574e+03	5.30323e-02	1.86573e-02	1.52614	6.26337	4.41310e-05
1.36962e+03	5.30055e-02	8.90977e-03	1.87656	2.48923	4.41310e-05
1.37350e+03	5.30020e-02	1.10195e-02	2.97867	4.22020	4.41310e-05
1.37738e+03	5.29673e-02	1.29248e-02	4.74763	5.63473	4.41310e-05
1.38127e+03	5.29518e-02	1.74624e-02	2.93495	4.97450	4.41310e-05
1.38515e+03	5.29336e-02	9.99300e-03	5.83843	5.37940	4.41310e-05
1.38903e+03	5.29034e-02	1.60874e-02	2.59507	0.00802	4.41310e-05
1.39291e+03	5.29019e-02	1.73863e-03	1.45079	5.30683	4.41310e-05
1.39679e+03	5.28863e-02	8.02073e-03	5.06090	5.61724	4.41310e-05
1.40068e+03	5.28780e-02	1.00620e-02	5.87994	3.27472	4.41310e-05
1.40456e+03	5.28366e-02	5.77686e-03	0.93378	0.55245	4.41310e-05
1.40844e+03	5.28102e-02	1.21155e-02	0.67067	6.03143	4.41310e-05
1.41232e+03	5.28553e-02	5.76076e-03	2.37849	3.32785	4.41310e-05
1.41620e+03	5.28073e-02	1.03341e-02	5.59971	5.12597	4.41310e-05
1.42009e+03	5.28446e-02	1.83058e-02	4.08186	5.82411	4.41310e-05
1.42397e+03	5.27733e-02	7.25498e-03	3.01508	6.12960	4.41310e-05
1.42785e+03	5.28082e-02	1.11551e-02	1.20329	1.03172	4.41310e-05
1.43173e+03	5.28021e-02	2.66933e-03	5.52414	2.53410	4.41310e-05
1.43561e+03	5.27480e-02	7.81537e-03	1.37315	0.40904	4.41310e-05
1.43950e+03	5.27322e-02	7.07414e-03	1.77085	0.02059	4.41310e-05
1.44338e+03	5.27220e-02	9.82743e-03	0.88450	1.68074	4.41310e-05
1.44726e+03	5.27141e-02	1.13998e-02	4.52843	5.42471	4.41310e-05
1.45114e+03	5.27162e-02	1.04854e-02	4.26948	0.45717	4.41310e-05
1.45503e+03	5.27160e-02	9.06138e-03	2.88940	3.30637	4.41310e-05
1.45891e+03	5.27021e-02	1.41176e-02	2.30501	5.51621	4.41310e-05
1.46279e+03	5.26599e-02	6.37387e-03	3.10638	6.26132	4.41310e-05
1.46667e+03	5.27194e-02	5.97005e-03	2.78357	1.51103	4.41310e-05
1.47055e+03	5.26981e-02	1.58595e-03	0.73960	4.81813	4.41310e-05
1.47444e+03	5.26713e-02	5.10943e-03	1.26583	5.70771	4.41310e-05
1.47832e+03	5.26631e-02	9.04131e-03	2.00992	0.47114	4.41310e-05
1.48220e+03	5.26485e-02	7.76673e-03	3.22980	1.15074	4.41310e-05
1.48608e+03	5.26598e-02	7.44182e-03	4.97943	1.47839	4.41310e-05
1.48996e+03	5.26563e-02	4.78092e-03	0.07787	2.43661	4.41310e-05
1.49385e+03	5.26488e-02	2.95791e-03	0.42422	4.68594	4.41310e-05
1.49773e+03	5.26230e-02	4.77923e-03	2.44959	5.44944	4.41310e-05
1.50161e+03	5.25991e-02	7.18109e-03	4.62087	0.06067	4.41310e-05
1.50549e+03	5.26036e-02	7.79495e-03	0.77518	0.95679	4.41310e-05
1.50938e+03	5.25634e-02	5.13595e-03	3.66889	1.53901	4.41310e-05
1.51326e+03	5.25123e-02	1.55827e-03	2.09012	0.72221	4.41310e-05
1.51714e+03	5.25019e-02	3.06950e-03	0.00393	0.48535	4.41310e-05
1.52102e+03	5.24715e-02	5.32910e-03	4.69531	0.48068	4.41310e-05
1.52490e+03	5.25114e-02	4.25227e-03	3.52124	0.30061	4.41310e-05
1.52879e+03	5.24660e-02	6.14751e-03	2.00307	0.21495	4.41310e-05
1.53267e+03	5.24776e-02	1.07586e-02	0.17170	0.66805	4.41310e-05
1.53655e+03	5.24582e-02	1.01165e-02	5.22973	1.22018	4.41310e-05
1.54043e+03	5.24131e-02	7.74255e-03	4.08703	1.86124	4.41310e-05
1.54431e+03	5.24342e-02	2.51274e-03	2.74801	2.96256	4.41310e-05
1.54820e+03	5.24201e-02	4.48014e-03	6.17205	5.84120	4.41310e-05
1.55208e+03	5.24092e-02	8.57841e-03	5.44796	0.55459	4.41310e-05
1.55596e+03	5.23686e-02	1.01098e-02	4.75130	1.77915	4.41310e-05
1.55984e+03	5.23275e-02	3.20882e-03	4.36840	2.94533	4.41310e-05
1.56373e+03	5.23516e-02	4.48977e-03	0.21801	1.77016	4.41310e-05
1.56761e+03	5.23464e-02	4.22642e-03	0.62652	2.54673	4.41310e-05
1.57149e+03	5.23228e-02	2.55484e-03	1.18608	3.35200	4.41310e-05
1.57537e+03	5.23506e-02	4.64318e-04	0.24805	5.41915	4.41310e-05
1.57925e+03	5.23169e-02	5.82306e-03	5.03744	2.02946	4.41310e-05
1.58314e+03	5.23089e-02	9.54159e-03	5.98381	3.18568	4.41310e-05
1.58702e+03	5.22760e-02	6.92287e-03	0.67754	4.25993	4.41310e-05
1.59090e+03	5.22697e-02	7.45112e-03	2.41980	4.52987	4.41310e-05
1.59478e+03	5.22099e-02	1.25621e-02	4.19065	5.33529	4.41310e-05
1.59866e+03	5.22260e-02	1.09911e-02	0.29950	5.88177	4.41310e-05
1.60255e+03	5.22698e-02	6.01919e-03	2.72131	6.20339	4.41310e-05
1.60643e+03	5.22235e-02	9.96645e-03	6.26481	5.68593	4.41310e-05
1.61031e+03	5.22010e-02	1.48448e-02	3.28794	6.02238	4.41310e-05
1.61419e+03	5.22195e-02	1.40598e-02	0.33771	0.19737	4.41310e-05
1.61808e+03	5.21878e-02	1.42536e-02	3.96901	0.58022	4.41310e-05
1.62196e+03	5.21493e-02	8.04531e-03	1.54921	0.72239	4.41310e-05
1.62584e+03	5.21868e-02	1.27940e-02	5.03776	1.53410	4.41310e-05
1.62972e+03	5.21340e-02	4.85815e-03	2.76880	1.97297	4.41310e-05
1.63360e+03	5.21418e-02	8.88049e-03	0.86834	2.22698	4.41310e-05
1.63749e+03	5.21427e-02	7.06858e-03	4.42259	3.62063	4.41310e-05
1.64137e+03	5.21064e-02	1.97647e-03	2.47150	4.41432	4.41310e-05
1.64525e+03	5.20707e-02	6.58661e-03	1.32155	4.67407	4.41310e-05
1.64913e+03	5.20829e-02	1.15483e-02	0.01504	5.32398	4.41310e-05
1.65301e+03	5.20703e-02	1.20486e-02	5.42414	5.76536	4.41310e-05
1.65690e+03	5.20212e-02	1.17384e-02	4.69831	0.09911	4.41310e-05
1.66078e+03	5.20101e-02	6.54187e-03	0.23263	5.17879	4.41310e-05
1.66466e+03	5.19642e-02	1.18268e-02	0.23522	6.12931	4.41310e-05
1.66854e+03	5.19891e-02	1.68938e-02	1.36019	6.24162	4.41310e-05
1.67243e+03	5.19425e-02	1.14373e-02	2.77845	0.01523	4.41310e-05
1.67631e+03	5.19701e-02	3.80634e-03	4.54824	6.22758	4.41310e-05
1.68019e+03	5.19083e-02	5.07257e-03	5.84058	0.58507	4.41310e-05
1.68407e+03	5.19237e-02	1.04243e-02	1.34905	1.01966	4.41310e-05
1.68795e+03	5.19102e-02	1.24119e-02	3.60754	1.15128	4.41310e-05
1.69184e+03	5.18961e-02	9.34148e-03	0.01947	1.13433	4.41310e-05
1.69572e+03	5.19043e-02	1.06560e-02	3.23218	0.83243	4.41310e-05
1.69960e+03	5.18939e-02	1.17766e-02	6.09776	1.10504	4.41310e-05
1.70348e+03	5.18425e-02	9.83343e-03	3.00672	1.26986	4.41310e-05
1.70736e+03	5.18497e-02	6.96411e-03	0.19231	1.43461	4.41310e-05
1.71125e+03	5.18175e-02	8.12415e-03	4.32115	1.15091	4.41310e-05
1.71513e+03	5.18048e-02	8.79287e-03	1.64659	1.61939	4.41310e-05
1.71901e+03	5.18049e-02	6.94223e-03	5.56365	2.02406	4.41310e-05
1.72289e+03	5.17456e-02	4.27071e-03	3.57287	2.29584	4.41310e-05
1.72678e+03	5.17671e-02	4.29863e-03	1.79911	2.57241	4.41310e-05
1.73066e+03	5.17558e-02	5.29881e-03	0.01632	3.07977	4.41310e-05
1.73454e+03	5.17618e-02	6.59219e-03	4.19229	4.14183	4.41310e-05
1.73842e+03	5.17435e-02	6.86831e-03	2.70793	4.81419	4.41310e-05
1.74230e+03	5.17274e-02	7.88998e-03	1.45543	5.50094	4.41310e-05
1.74619e+03	5.17265e-02	9.30808e-03	0.83516	5.78636	4.41310e-05
1.75007e+03	5.17116e-02	1.03579e-02	0.34753	6.17393	4.41310e-05
1.75395e+03	5.16900e-02	8.15496e-03	5.99806	0.64334	4.41310e-05
1.75783e+03	5.16695e-02	4.52277e-03	5.75425	1.25828	4.41310e-05
1.76171e+03	5.16434e-02	5.01707e-05	3.99022	3.62417	4.41310e-05
1.76560e+03	5.16558e-02	6.21035e-03	2.81837	5.63956	4.41310e-05
1.76948e+03	5.16487e-02	9.41186e-03	3.27128	6.25663	4.41310e-05
1.77336e+03	5.16075e-02	1.01571e-02	3.85514	0.70473	4.41310e-05
1.77724e+03	5.16233e-02	6.54325e-03	4.46718	1.63394	4.41310e-05
1.78113e+03	5.16049e-02	7.92685e-04	4.80420	3.07221	4.41310e-05
1.78501e+03	5.15777e-02	6.69651e-03	3.55847	0.03792	4.41310e-05
1.78889e+03	5.15958e-02	1.12251e-02	4.67701	1.16702	4.41310e-05
1.79277e+03	5.15442e-02	7.81171e-03	6.08405	2.23134	4.41310e-05
1.79665e+03	5.15405e-02	1.06598e-03	6.12091	4.90837	4.41310e-05
1.80054e+03	5.15471e-02	9.85725e-03	0.37854	1.01741	4.41310e-05
1.80442e+03	5.15419e-02	9.82847e-03	2.33830	2.24136	4.41310e-05
1.80830e+03	5.15056e-02	3.37180e-03	4.11065	3.87685	4.41310e-05
1.81218e+03	5.14817e-02	7.16615e-03	4.44405	0.90324	4.41310e-05
1.81606e+03	5.14870e-02	9.44447e-03	0.38438	2.55335	4.41310e-05
1.81995e+03	5.14516e-02	4.54203e-03	2.35976	4.69578	4.41310e-05
1.82383e+03	5.14472e-02	6.91151e-03	3.87653	1.23059	4.41310e-05
1.82771e+03	5.14434e-02	8.15957e-03	0.23516	3.17300	4.41310e-05
1.83159e+03	5.14203e-02	5.19461e-03	2.47289	5.74420	4.41310e-05
1.83548e+03	5.14058e-02	6.11873e-03	4.65350	2.32568	4.41310e-05
1.83936e+03	5.13972e-02	7.61165e-03	1.34173	4.63045	4.41310e-05
1.84324e+03	5.13736e-02	5.27003e-03	4.35982	0.84198	4.41310e-05
1.84712e+03	5.14048e-02	7.59465e-03	0.74813	3.91065	4.41310e-05
1.85100e+03	5.13681e-02	7.42371e-03	4.60649	6.03741	4.41310e-05
1.85489e+03	5.13393e-02	4.84234e-03	0.86497	3.41328	4.41310e-05
1.85877e+03	5.13379e-02	8.75118e-03	4.90765	5.82207	4.41310e-05
1.86265e+03	5.13361e-02	3.53645e-03	2.48244	2.35410	4.41310e-05
1.86653e+03	5.13080e-02	8.90399e-03	6.11116	5.63887	4.41310e-05
1.87041e+03	5.13015e-02	6.09417e-03	4.77177	1.55318	4.41310e-05
1.87430e+03	5.12899e-02	7.79703e-03	1.79528	5.62308	4.41310e-05
1.87818e+03	5.12789e-02	7.94170e-03	1.00206	1.45838	4.41310e-05
1.88206e+03	5.12653e-02	6.94375e-03	4.61641	5.68481	4.41310e-05
1.88594e+03	5.12325e-02	9.37617e-03	4.27258	1.53640	4.41310e-05
1.88983e+03	5.12189e-02	6.96516e-03	1.77443	6.05583	4.41310e-05
1.89371e+03	5.12450e-02	9.23063e-03	1.91873	1.88176	4.41310e-05
1.89759e+03	5.12302e-02	8.16110e-03	6.12106	0.16376	4.41310e-05
1.90147e+03	5.12070e-02	8.83701e-03	0.61106	2.10373	4.41310e-05
1.90535e+03	5.11878e-02	8.34006e-03	5.17328	0.48998	4.41310e-05
1.90924e+03	5.11825e-02	8.00541e-03	6.27074	2.57247	4.41310e-05
1.91312e+03	5.11809e-02	1.01777e-02	5.07115	0.89920	4.41310e-05
1.91700e+03	5.11496e-02	6.16815e-03	0.10944	3.22385	4.41310e-05
1.92088e+03	5.11379e-02	1.08027e-02	5.72361	1.48700	4.41310e-05
1.92476e+03	5.11329e-02	3.87249e-03	0.85917	4.17370	4.41310e-05
1.92865e+03	5.11039e-02	1.06400e-02	0.92907	2.16364	4.41310e-05
1.93253e+03	5.11016e-02	2.62978e-03	1.70253	5.96358	4.41310e-05
1.93641e+03	5.10351e-02	1.09033e-02	3.31141	2.87203	4.41310e-05
1.94029e+03	5.10807e-02	4.45312e-03	4.09186	0.84692	4.41310e-05
1.94418e+03	5.10721e-02	9.35803e-03	0.24218	3.67861	4.41310e-05
1.94806e+03	5.10601e-02	8.09267e-03	1.15950	1.98018	4.41310e-05
1.95194e+03	5.10471e-02	5.52966e-03	4.08035	4.78634	4.41310e-05
1.95582e+03	5.10195e-02	9.83605e-03	5.55906	2.98902	4.41310e-05
1.95970e+03	5.09823e-02	4.73278e-03	1.55279	0.61801	4.41310e-05
1.96359e+03	5.10116e-02	8.40825e-03	4.37741	4.22413	4.41310e-05
1.96747e+03	5.10070e-02	8.17357e-03	0.38445	2.30386	4.41310e-05
1.97135e+03	5.09690e-02	6.83358e-03	3.87329	5.71706	4.41310e-05
1.97523e+03	5.09863e-02	8.24592e-03	0.52433	3.61510	4.41310e-05
1.97911e+03	5.09342e-02	6.96585e-03	3.91049	1.30460	4.41310e-05
1.98300e+03	5.09414e-02	7.68570e-03	0.97733	5.53551	4.41310e-05
1.98688e+03	5.09297e-02	6.87486e-03	4.77026	3.27847	4.41310e-05
1.99076e+03	5.09229e-02	7.99815e-03	2.49642	1.03516	4.41310e-05
1.99464e+03	5.09182e-02	7.33822e-03	0.33195	5.20182	4.41310e-05
1.99853e+03	5.08980e-02	6.76734e-03	5.01413	2.74481	4.41310e-05
2.00241e+03	5.08954e-02	8.45639e-03	2.92581	1.01483	4.41310e-05
2.00629e+03	5.08634e-02	6.34843e-03	1.29144	5.33437	4.41310e-05
2.01017e+03	5.08491e-02	8.10675e-03	0.54057	2.73675	4.41310e-05
2.01405e+03	5.08458e-02	9.31106e-03	5.27909	1.15183	4.41310e-05
2.01794e+03	5.08423e-02	4.95493e-03	4.55815	5.26152	4.41310e-05
2.02182e+03	5.07995e-02	9.19379e-03	4.18776	2.96754	4.41310e-05
2.02570e+03	5.08124e-02	9.07696e-03	3.13690	1.58853	4.41310e-05
2.02958e+03	5.07921e-02	4.26298e-03	3.13829	5.66514	4.41310e-05
2.03346e+03	5.07377e-02	1.01661e-02	3.45433	3.38783	4.41310e-05
2.03735e+03	5.07711e-02	9.93038e-03	2.99333	2.10688	4.41310e-05
2.04123e+03	5.07482e-02	3.76889e-03	3.49270	0.10366	4.41310e-05
2.04511e+03	5.07457e-02	9.49317e-03	4.77174	3.83159	4.41310e-05
2.04899e+03	5.07418e-02	1.14320e-02	4.90213	2.66236	4.41310e-05
2.05288e+03	5.07207e-02	4.74664e-03	5.68360	1.06817	4.41310e-05
2.05676e+03	5.07183e-02	8.44361e-03	1.51589	4.66326	4.41310e-05
2.06064e+03	5.06891e-02	1.12517e-02	2.34549	3.47909	4.41310e-05
2.06452e+03	5.06641e-02	5.62086e-03	3.78505	1.93068	4.41310e-05
2.06840e+03	5.06658e-02	7.51671e-03	0.18955	5.64133	4.41310e-05
2.07229e+03	5.06618e-02	1.12651e-02	1.79888	4.38160	4.41310e-05
2.07617e+03	5.06522e-02	7.05669e-03	3.71259	3.04396	4.41310e-05
2.08005e+03	5.06485e-02	5.37262e-03	0.65480	0.63423	4.41310e-05
2.08393e+03	5.06143e-02	1.11344e-02	3.40162	5.21319	4.41310e-05
2.08781e+03	5.06227e-02	1.04765e-02	5.72414	4.16928	4.41310e-05
2.09170e+03	5.05860e-02	4.01578e-03	3.07870	2.03957	4.41310e-05
2.09558e+03	5.05961e-02	8.73244e-03	0.44768	0.12960	4.41310e-05
2.09946e+03	5.05745e-02	1.11798e-02	3.72460	5.10194	4.41310e-05
2.10334e+03	5.05679e-02	7.15400e-03	0.82975	3.92422	4.41310e-05
2.10723e+03	5.05497e-02	6.87101e-03	5.84299	1.34912	4.41310e-05
2.11111e+03	5.05050e-02	9.99407e-03	3.61677	6.24307	4.41310e-05
2.11499e+03	5.04932e-02	8.71109e-03	1.39453	5.07617	4.41310e-05
2.11887e+03	5.05204e-02	6.07452e-03	0.28253	3.05029	4.41310e-05
2.12275e+03	5.05228e-02	9.23437e-03	5.29639	1.39873	4.41310e-05
2.12664e+03	5.04845e-02	9.69491e-03	3.88601	0.12497	4.41310e-05
2.13052e+03	5.04503e-02	5.90782e-03	2.81819	5.02188	4.41310e-05
2.13440e+03	5.04670e-02	6.95055e-03	2.51756	3.11163	4.41310e-05
2.13828e+03	5.04522e-02	1.02238e-02	1.92842	1.72209	4.41310e-05
2.14216e+03	5.04501e-02	1.01260e-02	1.01053	0.88498	4.41310e-05
2.14605e+03	5.04099e-02	6.46515e-03	0.82039	5.84816	4.41310e-05
2.14993e+03	5.04279e-02	6.96866e-03	1.30590	4.07363	4.41310e-05
2.15381e+03	5.04170e-02	9.76394e-03	1.45876	2.87478	4.41310e-05
2.15769e+03	5.03863e-02	9.82103e-03	1.67661	1.82965	4.41310e-05
2.16157e+03	5.03853e-02	7.29781e-03	2.25614	0.64701	4.41310e-05
2.16546e+03	5.03207e-02	7.46028e-03	3.25214	5.55638	4.41310e-05
2.16934e+03	5.03560e-02	9.37107e-03	4.31868	4.36010	4.41310e-05
2.17322e+03	5.03510e-02	1.01186e-02	5.49924	3.26791	4.41310e-05
2.17710e+03	5.03375e-02	7.95791e-03	0.55083	2.26187	4.41310e-05
2.18099e+03	5.03053e-02	5.92306e-03	2.41040	0.95168	4.41310e-05
2.18487e+03	5.03083e-02	8.00148e-03	4.61736	5.82149	4.41310e-05
2.18875e+03	5.02625e-02	1.02729e-02	0.45431	4.72299	4.41310e-05
2.19263e+03	5.02803e-02	9.33041e-03	2.67244	3.76092	4.41310e-05
2.19651e+03	5.02655e-02	7.10985e-03	5.28565	2.62769	4.41310e-05
2.20040e+03	5.02627e-02	6.96390e-03	2.01553	1.33612	4.41310e-05
2.20428e+03	5.02402e-02	8.84750e-03	5.27070	0.03018	4.41310e-05
2.20816e+03	5.02166e-02	9.79019e-03	2.18283	5.30700	4.41310e-05
2.21204e+03	5.02086e-02	8.23170e-03	5.67855	4.21875	4.41310e-05
2.21592e+03	5.02027e-02	7.03009e-03	3.49287	2.77619	4.41310e-05
2.21981e+03	5.02099e-02	9.05062e-03	1.32802	1.53829	4.41310e-05
2.22369e+03	5.02039e-02	1.05258e-02	5.53740	0.44952	4.41310e-05
2.22757e+03	5.01523e-02	8.76467e-03	3.49178	5.83479	4.41310e-05
2.23145e+03	5.01577e-02	6.31120e-03	1.83729	4.78951	4.41310e-05
2.23534e+03	5.01494e-02	7.15995e-03	0.92874	3.22830	4.41310e-05
2.23922e+03	5.01251e-02	9.59527e-03	6.16401	2.04750	4.41310e-05
2.24310e+03	5.01283e-02	1.02792e-02	5.08743	1.11380	4.41310e-05
2.24698e+03	5.00988e-02	8.17189e-03	4.26449	0.17212	4.41310e-05
2.25086e+03	5.01106e-02	6.46780e-03	4.21538	4.96723	4.41310e-05
2.25475e+03	5.00719e-02	8.77752e-03	4.26654	3.62334	4.41310e-05
2.25863e+03	5.00877e-02	1.02744e-02	4.22755	2.58748	4.41310e-05
2.26251e+03	5.00569e-02	9.13976e-03	4.29475	1.68560	4.41310e-05
2.26639e+03	5.00695e-02	6.06916e-03	5.04503	0.33429	4.41310e-05
2.27027e+03	5.00665e-02	7.67903e-03	6.26730	5.03479	4.41310e-05
2.27416e+03	5.00247e-02	1.04588e-02	0.84192	4.04059	4.41310e-05
2.27804e+03	5.00036e-02	1.13255e-02	1.77781	3.20843	4.41310e-05
2.28192e+03	5.00036e-02	7.65927e-03	3.12418	2.19474	4.41310e-05
2.28580e+03	5.00069e-02	5.45798e-03	5.52607	0.37158	4.41310e-05
2.28969e+03	4.99987e-02	8.73306e-03	1.40103	5.29941	4.41310e-05
2.29357e+03	4.99772e-02	1.13471e-02	3.35610	4.38262	4.41310e-05
2.29745e+03	4.99429e-02	1.07306e-02	5.43326	3.57384	4.41310e-05
2.30133e+03	4.99446e-02	6.70275e-03	1.78723	2.45385	4.41310e-05
2.30521e+03	4.99409e-02	6.55251e-03	5.29261	0.69083	4.41310e-05
2.30910e+03	4.99285e-02	9.70870e-03	2.08350	5.87813	4.41310e-05
2.31298e+03	4.99358e-02	1.13226e-02	5.32400	4.84635	4.41310e-05
2.31686e+03	4.99055e-02	7.78178e-03	2.42026	3.92014	4.41310e-05
2.32074e+03	4.98703e-02	5.62571e-03	0.43742	2.30186	4.41310e-05
2.32462e+03	4.98750e-02	8.54724e-03	4.76954	0.89240	4.41310e-05
2.32851e+03	4.98608e-02	1.13129e-02	2.52277	0.00289	4.41310e-05
2.33239e+03	4.98591e-02	1.04840e-02	0.60859	5.31387	4.41310e-05
2.33627e+03	4.98220e-02	6.57086e-03	5.38056	4.16510	4.41310e-05
2.34015e+03	4.98196e-02	5.87517e-03	4.65715	2.46854	4.41310e-05
2.34404e+03	4.97972e-02	9.23302e-03	3.79651	1.14268	4.41310e-05
2.34792e+03	4.97899e-02	1.07387e-02	2.78608	0.19320	4.41310e-05
2.35180e+03	4.97994e-02	8.91499e-03	2.02327	5.52731	4.41310e-05
2.35568e+03	4.97610e-02	7.25362e-03	1.88019	4.18695	4.41310e-05
2.35956e+03	4.97683e-02	8.07429e-03	2.10856	2.71761	4.41310e-05
2.36345e+03	4.97355e-02	9.35505e-03	2.17333	1.63735	4.41310e-05
2.36733e+03	4.97321e-02	8.38869e-03	2.48171	0.56027	4.41310e-05
2.37121e+03	4.97394e-02	7.08804e-03	3.40995	5.37827	4.41310e-05
2.37509e+03	4.97177e-02	8.35158e-03	4.35547	4.13634	4.41310e-05
2.37897e+03	4.97094e-02	9.62056e-03	5.49192	2.93286	4.41310e-05
2.38286e+03	4.96973e-02	8.96028e-03	0.39336	1.92594	4.41310e-05
2.38674e+03	4.96986e-02	7.10093e-03	2.07763	0.65000	4.41310e-05
2.39062e+03	4.96582e-02	8.37935e-03	4.17217	5.49097	4.41310e-05
2.39450e+03	4.96587e-02	8.91482e-03	6.12079	4.41793	4.41310e-05
2.39839e+03	4.96477e-02	8.13044e-03	2.21854	3.16290	4.41310e-05
2.40227e+03	4.96265e-02	7.46532e-03	4.94552	1.79527	4.41310e-05
2.40615e+03	4.96180e-02	9.53005e-03	1.61781	0.44096	4.41310e-05
2.41003e+03	4.96044e-02	1.04084e-02	4.39664	5.77185	4.41310e-05
2.41391e+03	4.95868e-02	7.81732e-03	1.35052	4.60908	4.41310e-05
2.41780e+03	4.95931e-02	5.97947e-03	5.19283	3.06918	4.41310e-05
2.42168e+03	4.95723e-02	9.04875e-03	3.20693	1.32781	4.41310e-05
2.42556e+03	4.95783e-02	1.14941e-02	0.50482	0.52323	4.41310e-05
2.42944e+03	4.95640e-02	1.01069e-02	4.55194	5.78041	4.41310e-05
2.43332e+03	4.95184e-02	6.06969e-03	2.75497	4.55100	4.41310e-05
2.43721e+03	4.95242e-02	6.92661e-03	1.82761	2.69890	4.41310e-05
2.44109e+03	4.95277e-02	1.09399e-02	0.48422	1.49574	4.41310e-05
2.44497e+03	4.94978e-02	1.00721e-02	5.32516	0.62548	4.41310e-05
2.44885e+03	4.94797e-02	6.52951e-03	4.64215	5.51467	4.41310e-05
2.45274e+03	4.94771e-02	7.48861e-03	4.74932	3.58392	4.41310e-05
2.45662e+03	4.94612e-02	1.13110e-02	4.17982	2.55394	4.41310e-05
2.46050e+03	4.94451e-02	1.02325e-02	3.82096	1.56335	4.41310e-05
2.46438e+03	4.94322e-02	5.50891e-03	3.94851	0.31529	4.41310e-05
2.46826e+03	4.94312e-02	5.92419e-03	5.00259	4.66577	4.41310e-05
2.47215e+03	4.94330e-02	1.11319e-02	5.60949	3.41598	4.41310e-05
2.47603e+03	4.94304e-02	1.14590e-02	6.18238	2.45060	4.41310e-05
2.47991e+03	4.94004e-02	7.58955e-03	0.75006	1.43785	4.41310e-05
2.48379e+03	4.93838e-02	5.72097e-03	2.71914	5.83766	4.41310e-05
2.48767e+03	4.93832e-02	9.25509e-03	4.50738	4.35828	4.41310e-05
2.49156e+03	4.93687e-02	1.03275e-02	6.10521	3.31574	4.41310e-05
2.49544e+03	4.93368e-02	8.15089e-03	1.76938	2.16032	4.41310e-05
2.49932e+03	4.93432e-02	7.77397e-03	4.43473	0.53801	4.41310e-05
2.50320e+03	4.93041e-02	9.28082e-03	0.67858	5.55434	4.41310e-05
2.50709e+03	4.93109e-02	8.77668e-03	3.23182	4.49667	4.41310e-05
2.51097e+03	4.93020e-02	7.04646e-03	0.01727	3.16109	4.41310e-05
2.51485e+03	4.92678e-02	7.75038e-03	3.46779	1.68893	4.41310e-05
2.51873e+03	4.92825e-02	9.46618e-03	0.50668	0.57651	4.41310e-05
2.52261e+03	4.92678e-02	9.44696e-03	4.03345	5.78517	4.41310e-05
2.52650e+03	4.92714e-02	8.33815e-03	1.61891	4.60787	4.41310e-05
2.53038e+03	4.92495e-02	8.72767e-03	6.06233	3.10951	4.41310e-05
2.53426e+03	4.92243e-02	8.72330e-03	4.25127	1.81673	4.41310e-05
2.53814e+03	4.92196e-02	7.31175e-03	2.71891	0.48974	4.41310e-05
2.54202e+03	4.92110e-02	7.22173e-03	1.53547	5.30758	4.41310e-05
2.54591e+03	4.92061e-02	1.00593e-02	0.45113	4.00709	4.41310e-05
2.54979e+03	4.91986e-02	1.21892e-02	5.79060	2.83791	4.41310e-05
2.55367e+03	4.91880e-02	7.28102e-03	5.15958	1.59690	4.41310e-05
2.55755e+03	4.91484e-02	5.01926e-03	0.17184	4.95904	4.41310e-05
2.56144e+03	4.91425e-02	1.25506e-02	6.27780	3.75645	4.41310e-05
2.56532e+03	4.91378e-02	1.50622e-02	5.94770	2.97319	4.41310e-05
2.56920e+03	4.91436e-02	8.80321e-03	5.79150	2.24367	4.41310e-05
2.57308e+03	4.91167e-02	4.25713e-03	2.75232	4.65066	4.41310e-05
2.57696e+03	4.90989e-02	1.57290e-02	3.38616	3.65039	4.41310e-05
2.58085e+03	4.90870e-02	1.51376e-02	4.12770	2.81261	4.41310e-05
2.58473e+03	4.90869e-02	2.72888e-03	4.29153	2.77458	4.41310e-05
2.58861e+03	4.90600e-02	1.39683e-02	3.24437	4.21614	4.41310e-05
2.59249e+03	4.90620e-02	2.02833e-02	4.43314	3.65767	4.41310e-05
2.59637e+03	4.90414e-02	1.02078e-02	5.62412	3.34169	4.41310e-05
2.60026e+03	4.90245e-02	1.46929e-02	5.45426	4.63750	4.41310e-05
2.60414e+03	4.90244e-02	2.40798e-02	0.96781	4.20155	4.41310e-05
2.60802e+03	4.89989e-02	1.52115e-02	2.93233	3.82467	4.41310e-05
2.61190e+03	4.89926e-02	1.08927e-02	3.87851	4.72505	4.41310e-05
2.61579e+03	4.89803e-02	2.24571e-02	6.09288	4.57523	4.41310e-05
2.61967e+03	4.89533e-02	1.34199e-02	2.88053	3.86086	4.41310e-05
2.62355e+03	4.89558e-02	7.57881e-03	3.67522	5.65274	4.41310e-05
2.62743e+03	4.89625e-02	1.43439e-02	1.24417	4.65321	4.41310e-05
2.63131e+03	4.89553e-02	7.14721e-03	1.29528	1.39958	4.41310e-05
2.63520e+03	4.89273e-02	5.29266e-03	0.51889	5.43242	4.41310e-05
2.63908e+03	4.89242e-02	1.43748e-02	1.72709	1.47284	4.41310e-05
2.64296e+03	4.89296e-02	7.07533e-03	0.06581	0.44565	4.41310e-05
2.64684e+03	4.89018e-02	1.98129e-02	2.78989	1.78633	4.41310e-05
2.65072e+03	4.89066e-02	8.67113e-03	1.07393	1.45085	4.41310e-05
2.65461e+03	4.88992e-02	2.97107e-02	5.13297	1.81789	4.41310e-05
2.65849e+03	4.89037e-02	1.79454e-02	2.97220	2.19143	4.41310e-05
2.66237e+03	4.88859e-02	1.69537e-02	0.58968	2.59255	4.41310e-05
2.66625e+03	4.88864e-02	3.23492e-02	5.46352	2.53396	4.41310e-05
2.67014e+03	4.88280e-02	2.82643e-02	3.75687	3.35205	4.41310e-05
2.67402e+03	4.88403e-02	1.70481e-02	3.29262	3.13488	4.41310e-05
2.67790e+03	4.87894e-02	2.61459e-02	2.14451	3.89089	4.41310e-05
2.68178e+03	4.87961e-02	1.28714e-02	1.79306	3.98193	4.41310e-05
2.68566e+03	4.87718e-02	1.43650e-02	2.89078	2.91857	4.41310e-05
2.68955e+03	4.87434e-02	1.05007e-02	3.19091	2.72157	4.41310e-05
2.69343e+03	4.87204e-02	9.87551e-03	3.67554	2.77543	4.41310e-05
2.69731e+03	4.87483e-02	1.97493e-02	4.47194	2.86762	4.41310e-05
2.70119e+03	4.87510e-02	1.20684e-02	4.78937	3.96399	4.41310e-05
2.70507e+03	4.86763e-02	3.53096e-03	1.53176	2.29423	4.41310e-05
2.70896e+03	4.87076e-02	6.13138e-03	4.26255	1.01103	4.41310e-05
2.71284e+03	4.87217e-02	1.57038e-02	5.58882	1.58860	4.41310e-05
2.71672e+03	4.86688e-02	1.08528e-02	0.80713	2.15065	4.41310e-05
2.72060e+03	4.86149e-02	1.47443e-02	2.03625	2.98146	4.41310e-05
2.72449e+03	4.87160e-02	2.55127e-02	4.42384	3.00026	4.41310e-05
2.72837e+03	4.86884e-02	2.63525e-02	0.91636	3.04711	4.41310e-05
2.73225e+03	4.86141e-02	1.89155e-02	3.56378	3.26317	4.41310e-05
2.73613e+03	4.86330e-02	2.37609e-02	6.21827	3.60801	4.41310e-05
2.74001e+03	4.86560e-02	3.20651e-02	3.33954	3.61274	4.41310e-05
2.74390e+03	4.86336e-02	2.96864e-02	0.95767	3.43615	4.41310e-05
2.74778e+03	4.85654e-02	1.98720e-02	4.65509	3.51129	4.41310e-05
2.75166e+03	4.85429e-02	2.41054e-02	2.14783	3.73607	4.41310e-05
2.75554e+03	4.86175e-02	2.74479e-02	0.56500	3.40620	4.41310e-05
2.75942e+03	4.86011e-02	8.51947e-03	0.65990	1.58057	4.41310e-05
2.76331e+03	4.85977e-02	2.42071e-02	3.13276	3.65720	4.41310e-05
2.76719e+03	4.85259e-02	1.98423e-02	2.54858	3.15893	4.41310e-05
2.77107e+03	4.84937e-02	1.21103e-02	2.22844	2.78880	4.41310e-05
2.77495e+03	4.85685e-02	1.34422e-02	1.72193	2.48009	4.41310e-05
2.77884e+03	4.85584e-02	2.19466e-02	0.01526	3.42089	4.41310e-05
2.78272e+03	4.84921e-02	2.03416e-02	4.81452	4.40973	4.41310e-05
2.78660e+03	4.84407e-02	1.32903e-02	4.06267	5.03994	4.41310e-05
2.79048e+03	4.83919e-02	4.58308e-03	2.66955	0.65949	4.41310e-05
2.79436e+03	4.84588e-02	9.48581e-03	0.65381	3.26977	4.41310e-05
2.79825e+03	4.83891e-02	8.06901e-03	4.60806	0.16082	4.41310e-05
2.80213e+03	4.84627e-02	7.46981e-03	5.51749	6.23206	4.41310e-05
2.80601e+03	4.84698e-02	5.69656e-03	5.29455	0.59522	4.41310e-05
2.80989e+03	4.84629e-02	7.40659e-03	2.37467	4.58459	4.41310e-05
2.81377e+03	4.84226e-02	1.88091e-02	2.60821	5.94514	4.41310e-05
2.81766e+03	4.84240e-02	6.57588e-03	2.05356	1.58809	4.41310e-05
2.82154e+03	4.84903e-02	1.20926e-02	1.24085	3.40776	4.41310e-05
2.82542e+03	4.84526e-02	8.47565e-03	3.39121	2.60125	4.41310e-05
2.82930e+03	4.84110e-02	2.56238e-02	2.67525	0.09037	4.41310e-05
2.83319e+03	4.83903e-02	4.43946e-02	0.39634	5.23713	4.41310e-05
2.83707e+03	4.83993e-02	3.69784e-02	4.54778	4.20489	4.41310e-05
2.84095e+03	4.83544e-02	2.93138e-02	1.81619	3.08845	4.41310e-05
2.84483e+03	4.82962e-02	2.36305e-02	0.95557	1.29152	4.41310e-05
2.84871e+03	4.82383e-02	3.14535e-02	6.12288	6.09131	4.41310e-05
2.85260e+03	4.83383e-02	3.90506e-02	4.27711	5.23615	4.41310e-05
2.85648e+03	4.82341e-02	2.63121e-02	2.57741	4.08561	4.41310e-05
2.86036e+03	4.82762e-02	1.77165e-02	2.69923	2.09415	4.41310e-05
2.86424e+03	4.82894e-02	2.50504e-02	3.80487	5.82723	4.41310e-05
2.86812e+03	4.82958e-02	5.27996e-03	5.01762	2.30921	4.41310e-05
2.87201e+03	4.82728e-02	1.10044e-02	2.38217	3.45472	4.41310e-05
2.87589e+03	4.82059e-02	2.23149e-02	5.30767	5.01525	4.41310e-05
2.87977e+03	4.82218e-02	1.58293e-02	5.92673	2.97615	4.41310e-05
2.88365e+03	4.82512e-02	2.80793e-02	0.44518	0.62951	4.41310e-05
2.88753e+03	4.82514e-02	1.90891e-02	0.60718	5.75270	4.41310e-05
2.89142e+03	4.82347e-02	7.85136e-03	5.57032	5.71291	4.41310e-05
2.89530e+03	4.82394e-02	3.67401e-02	3.98596	0.24720	4.41310e-05
2.89918e+03	4.82990e-02	4.80441e-02	4.01815	5.57468	4.41310e-05
2.90306e+03	4.82542e-02	4.32308e-02	5.86531	4.49676	4.41310e-05
2.90695e+03	4.80270e-02	2.11585e-02	0.30547	3.75163	4.41310e-05
2.91083e+03	4.81336e-02	1.20119e-02	3.15573	1.19808	4.41310e-05
2.91471e+03	4.80808e-02	2.99395e-02	4.69587	5.78173	4.41310e-05
2.91859e+03	4.82697e-02	4.60053e-02	5.92792	4.99299	4.41310e-05
2.92247e+03	4.81797e-02	4.46978e-02	0.65958	4.18417	4.41310e-05
2.92636e+03	4.82436e-02	3.90373e-02	2.73740	3.26006	4.41310e-05
2.93024e+03	4.81468e-02	3.13939e-02	4.25832	2.25003	4.41310e-05
2.93412e+03	4.81500e-02	2.42932e-02	0.73789	0.81126	4.41310e-05
2.93800e+03	4.80716e-02	1.74318e-02	4.49021	4.94362	4.41310e-05
2.94188e+03	4.81295e-02	3.00581e-02	0.74937	3.52856	4.41310e-05
2.94577e+03	4.80156e-02	3.30857e-02	3.97179	2.38913	4.41310e-05
2.94965e+03	4.80377e-02	4.18000e-02	0.98006	1.39982	4.41310e-05
2.95353e+03	4.81508e-02	4.03166e-02	3.84274	0.52210	4.41310e-05
2.95741e+03	4.80491e-02	1.55308e-02	5.83901	0.07164	4.41310e-05
2.96130e+03	4.81940e-02	2.67289e-02	5.21842	1.67563	4.41310e-05
2.96518e+03	4.80689e-02	4.83818e-02	0.95336	1.08793	4.41310e-05
2.96906e+03	4.81365e-02	5.78888e-02	3.03625	0.48288	4.41310e-05
2.97294e+03	4.80263e-02	4.89007e-02	5.88291	6.07993	4.41310e-05
2.97682e+03	4.81299e-02	2.49331e-02	3.07433	5.07982	4.41310e-05
2.98071e+03	4.81543e-02	1.10032e-02	1.74295	2.42780	4.41310e-05
2.98459e+03	4.81422e-02	3.73010e-02	5.61018	0.79225	4.41310e-05
2.98847e+03	4.79513e-02	4.35834e-02	1.93654	0.00693	4.41310e-05
2.99235e+03	4.81194e-02	4.40784e-02	5.10736	5.53080	4.41310e-05
2.99623e+03	4.80026e-02	2.93075e-02	1.98497	4.66767	4.41310e-05
3.00012e+03	4.81060e-02	2.34822e-02	5.58785	3.19663	4.41310e-05
3.00400e+03	4.79984e-02	2.64268e-02	2.50308	1.55458	4.41310e-05
3.00788e+03	4.79317e-02	2.71227e-02	5.17855	0.43372	4.41310e-05
3.01176e+03	4.80635e-02	2.13545e-02	2.23557	5.42421	4.41310e-05
3.01565e+03	4.81376e-02	1.91635e-02	1.63368	2.91559	4.41310e-05
3.01953e+03	4.80339e-02	3.49640e-02	5.81433	1.63636	4.41310e-05
3.02341e+03	4.80248e-02	4.68460e-02	3.80244	0.80927	4.41310e-05
3.02729e+03	4.80093e-02	4.74435e-02	2.06664	6.24207	4.41310e-05
3.03117e+03	4.79304e-02	2.69876e-02	5.99215	5.32138	4.41310e-05
3.03506e+03	4.78736e-02	4.53751e-03	4.46364	3.57862	4.41310e-05
3.03894e+03	4.80189e-02	2.83082e-02	4.44633	0.75645	4.41310e-05
3.04282e+03	4.80904e-02	3.95690e-02	2.93045	5.95861	4.41310e-05
3.04670e+03	4.80934e-02	4.23218e-02	0.55812	5.15197	4.41310e-05
3.05058e+03	4.81057e-02	3.87606e-02	4.43900	4.32977	4.41310e-05
3.05447e+03	4.80729e-02	3.58020e-02	1.99348	3.37390	4.41310e-05
3.05835e+03	4.80350e-02	3.99290e-02	0.05811	2.23673	4.41310e-05
3.06223e+03	4.79368e-02	2.82351e-02	3.92513	1.16755	4.41310e-05
3.06611e+03	4.80811e-02	1.05595e-02	3.26323	4.69982	4.41310e-05
3.07000e+03	4.81142e-02	3.11083e-02	1.38718	3.43262	4.41310e-05
3.07388e+03	4.81309e-02	5.24389e-02	6.27506	2.76130	4.41310e-05
3.07776e+03	4.79086e-02	5.96426e-02	3.98884	2.21434	4.41310e-05
3.08164e+03	4.79391e-02	6.47996e-02	1.89224	1.75430	4.41310e-05
3.08552e+03	4.80712e-02	6.95487e-02	0.10064	1.23991	4.41310e-05
3.08941e+03	4.80190e-02	6.56393e-02	4.29707	0.75084	4.41310e-05
3.09329e+03	4.78807e-02	4.74345e-02	1.73721	0.35407	4.41310e-05
3.09717e+03	4.80774e-02	2.37005e-02	5.87598	5.97666	4.41310e-05
3.10105e+03	4.80305e-02	1.49000e-02	0.15613	2.72667	4.41310e-05
3.10493e+03	4.78834e-02	4.46151e-02	4.46051	1.93986	4.41310e-05
3.10882e+03	4.81155e-02	6.49948e-02	3.23682	1.45371	4.41310e-05
3.11270e+03	4.80370e-02	6.51221e-02	2.26652	0.84038	4.41310e-05
3.11658e+03	4.79734e-02	4.50867e-02	0.89852	0.28363	4.41310e-05
3.12046e+03	4.79022e-02	8.72217e-03	5.50839	6.17867	4.41310e-05
3.12435e+03	4.79325e-02	3.44907e-02	2.07460	1.91373	4.41310e-05
3.12823e+03	4.79696e-02	6.00247e-02	2.17355	1.23934	4.41310e-05
3.13211e+03	4.80386e-02	7.20823e-02	1.49651	0.74850	4.41310e-05
3.13599e+03	4.79472e-02	7.62467e-02	0.12208	0.36994	4.41310e-05
3.13987e+03	4.80211e-02	7.87153e-02	5.26972	6.27662	4.41310e-05
3.14376e+03	4.79771e-02	6.42075e-02	3.76561	5.93850	4.41310e-05
3.14764e+03	4.78804e-02	4.59548e-02	2.02420	5.55314	4.41310e-05
3.15152e+03	4.80882e-02	1.62324e-02	1.12776	4.97446	4.41310e-05
3.15540e+03	4.80727e-02	2.91150e-02	4.60582	1.00503	4.41310e-05
3.15928e+03	4.79950e-02	5.65166e-02	4.85421	0.16036	4.41310e-05
3.16317e+03	4.79041e-02	6.35251e-02	5.13155	5.85063	4.41310e-05
3.16705e+03	4.78835e-02	6.32732e-02	6.11261	5.29001	4.41310e-05
3.17093e+03	4.78219e-02	5.24357e-02	0.74358	4.69135	4.41310e-05
3.17481e+03	4.79552e-02	3.51436e-02	1.68222	3.88954	4.41310e-05
3.17870e+03	4.78746e-02	9.34036e-03	5.58397	0.02543	4.41310e-05
3.18258e+03	4.79098e-02	4.28529e-02	0.42300	5.46505	4.41310e-05
3.18646e+03	4.79000e-02	6.15770e-02	6.15649	5.03913	4.41310e-05
3.19034e+03	4.79454e-02	6.74621e-02	6.14107	4.60616	4.41310e-05
3.19422e+03	4.79205e-02	6.16851e-02	0.10077	4.14287	4.41310e-05
3.19811e+03	4.79242e-02	5.14973e-02	0.63720	3.55938	4.41310e-05
3.20199e+03	4.79778e-02	3.58206e-02	1.53366	2.73446	4.41310e-05
3.20587e+03	4.79177e-02	1.95026e-02	2.08679	1.40807	4.41310e-05
3.20975e+03	4.80009e-02	2.69712e-02	3.00044	6.09985	4.41310e-05
3.21363e+03	4.79841e-02	4.05516e-02	4.58756	5.14887	4.41310e-05
3.21752e+03	4.79549e-02	5.03402e-02	5.44043	4.48198	4.41310e-05
3.22140e+03	4.79582e-02	5.34283e-02	5.93539	3.84021	4.41310e-05
3.22528e+03	4.78710e-02	4.66459e-02	6.00829	3.18541	4.41310e-05
3.22916e+03	4.80487e-02	4.05528e-02	1.16307	2.24381	4.41310e-05
3.23305e+03	4.79023e-02	2.89952e-02	2.54906	1.26757	4.41310e-05
3.23693e+03	4.78348e-02	2.90185e-02	3.81458	0.13304	4.41310e-05
3.24081e+03	4.79059e-02	4.05443e-02	3.87636	5.76330	4.41310e-05
3.24469e+03	4.79166e-02	5.11213e-02	4.35371	5.29615	4.41310e-05
3.24857e+03	4.78241e-02	5.55859e-02	5.20736	4.87096	4.41310e-05
3.25246e+03	4.79056e-02	5.92566e-02	0.13963	4.42712	4.41310e-05
3.25634e+03	4.78407e-02	6.01925e-02	1.09279	3.99497	4.41310e-05
3.26022e+03	4.79532e-02	6.63992e-02	2.24603	3.54411	4.41310e-05
3.26410e+03	4.79333e-02	7.54144e-02	3.90508	3.14670	4.41310e-05
3.26798e+03	4.78838e-02	7.65992e-02	6.20436	2.73148	4.41310e-05
3.27187e+03	4.78259e-02	6.57114e-02	0.90911	2.36122	4.41310e-05
3.27575e+03	4.78634e-02	4.84767e-02	2.80238	1.94890	4.41310e-05
3.27963e+03	4.77763e-02	1.70855e-02	4.93462	1.48767	4.41310e-05
3.28351e+03	4.76802e-02	1.75949e-02	3.86649	3.30956	4.41310e-05
3.28740e+03	4.77317e-02	4.50563e-02	5.07167	2.95125	4.41310e-05
3.29128e+03	4.79030e-02	6.55652e-02	1.18281	2.29850	4.41310e-05
3.29516e+03	4.77788e-02	6.58714e-02	3.34840	1.76611	4.41310e-05
3.29904e+03	4.77734e-02	6.40511e-02	4.64909	1.30266	4.41310e-05
3.30292e+03	4.79912e-02	5.63000e-02	0.70660	0.75282	4.41310e-05
3.30681e+03	4.76557e-02	2.91333e-02	2.60755	0.25863	4.41310e-05
3.31069e+03	4.78024e-02	1.27830e-02	5.96107	5.08087	4.41310e-05
3.31457e+03	4.77929e-02	2.54437e-02	3.06186	2.97847	4.41310e-05
3.31845e+03	4.78715e-02	4.70832e-02	5.40257	2.14610	4.41310e-05
3.32233e+03	4.79286e-02	5.34367e-02	2.30141	1.32496	4.41310e-05
3.32622e+03	4.78156e-02	4.22174e-02	5.12312	0.47565	4.41310e-05
3.33010e+03	4.77693e-02	3.02238e-02	1.37638	5.86750	4.41310e-05
3.33398e+03	4.78903e-02	3.12003e-02	4.61823	4.61302	4.41310e-05
3.33786e+03	4.77633e-02	3.68594e-02	2.50807	3.56807	4.41310e-05
3.34175e+03	4.78150e-02	4.94537e-02	4.86891	2.86991	4.41310e-05
3.34563e+03	4.77169e-02	5.58147e-02	1.28758	2.28620	4.41310e-05
3.34951e+03	4.76740e-02	5.94437e-02	4.29894	1.77233	4.41310e-05
3.35339e+03	4.78440e-02	6.00252e-02	1.08868	1.24361	4.41310e-05
3.35727e+03	4.77439e-02	4.48086e-02	4.24568	0.64399	4.41310e-05
3.36116e+03	4.78255e-02	2.66690e-02	1.48674	6.16768	4.41310e-05
3.36504e+03	4.77289e-02	1.02688e-02	0.01688	3.84821	4.41310e-05
3.36892e+03	4.78370e-02	3.67456e-02	4.31027	2.29947	4.41310e-05
3.37280e+03	4.78133e-02	4.94230e-02	1.54664	1.59851	4.41310e-05
3.37668e+03	4.77476e-02	5.90689e-02	5.30373	1.02309	4.41310e-05
3.38057e+03	4.78341e-02	6.48366e-02	2.33294	0.55548	4.41310e-05
3.38445e+03	4.76491e-02	5.94662e-02	5.58635	0.09678	4.41310e-05
3.38833e+03	4.78679e-02	5.59193e-02	2.45017	5.89549	4.41310e-05
3.39221e+03	4.76755e-02	3.61946e-02	6.17752	5.47691	4.41310e-05
3.39610e+03	4.76985e-02	1.98671e-02	3.54788	4.38326	4.41310e-05
3.39998e+03	4.78600e-02	2.30249e-02	3.00459	2.39193	4.41310e-05
3.40386e+03	4.77791e-02	3.86371e-02	2.14270	0.89393	4.41310e-05
3.40774e+03	4.76081e-02	4.08179e-02	6.21036	6.20314	4.41310e-05
3.41162e+03	4.76921e-02	4.95725e-02	3.99498	5.35042	4.41310e-05
3.41551e+03	4.77542e-02	5.25140e-02	2.49535	4.64588	4.41310e-05
3.41939e+03	4.76390e-02	5.35350e-02	1.56909	4.01958	4.41310e-05
3.42327e+03	4.77325e-02	5.52642e-02	6.03693	3.36751	4.41310e-05
3.42715e+03	4.76768e-02	3.22042e-02	4.40242	2.64652	4.41310e-05
3.43103e+03	4.77309e-02	7.97643e-03	4.80251	5.34701	4.41310e-05
3.43492e+03	4.77640e-02	3.70734e-02	3.62790	4.83502	4.41310e-05
3.43880e+03	4.76998e-02	5.69688e-02	1.76417	4.64502	4.41310e-05
3.44268e+03	4.76320e-02	7.04197e-02	5.83585	4.32371	4.41310e-05
3.44656e+03	4.78070e-02	8.55111e-02	3.62477	4.17738	4.41310e-05
3.45045e+03	4.77546e-02	9.03810e-02	3.26997	3.94295	4.41310e-05
3.45433e+03	4.76979e-02	9.15361e-02	0.58623	3.71613	4.41310e-05
3.45821e+03	4.77246e-02	8.96534e-02	4.66368	3.45512	4.41310e-05
3.46209e+03	4.77302e-02	8.03637e-02	2.45647	3.17852	4.41310e-05
3.46597e+03	4.75731e-02	6.82149e-02	1.37597	2.87188	4.41310e-05
3.46986e+03	4.77018e-02	5.60586e-02	0.02665	2.38942	4.41310e-05
3.47374e+03	4.77133e-02	2.95599e-02	5.75292	1.75916	4.41310e-05
3.47762e+03	4.77348e-02	1.25768e-02	2.13824	4.22289	4.41310e-05
3.48150e+03	4.76665e-02	3.96173e-02	1.35158	3.64866	4.41310e-05
3.48538e+03	4.77516e-02	5.99097e-02	0.27081	3.31846	4.41310e-05
3.48927e+03	4.76415e-02	6.72879e-02	5.75991	2.90905	4.41310e-05
3.49315e+03	4.76135e-02	6.26520e-02	5.12154	2.42579	4.41310e-05
3.49703e+03	4.76931e-02	5.36784e-02	4.48873	1.79207	4.41310e-05
3.50091e+03	4.76332e-02	3.10433e-02	4.13076	1.04281	4.41310e-05
3.50480e+03	4.77369e-02	1.23602e-02	5.46092	5.19363	4.41310e-05
3.50868e+03	4.76527e-02	3.00263e-02	5.99831	3.82840	4.41310e-05
3.51256e+03	4.76737e-02	4.94975e-02	6.26113	3.45592	4.41310e-05
3.51644e+03	4.75933e-02	6.18543e-02	5.74447	3.13378	4.41310e-05
3.52032e+03	4.76803e-02	7.17544e-02	5.40743	2.81806	4.41310e-05
3.52421e+03	4.76738e-02	7.33091e-02	5.47322	2.45542	4.41310e-05
3.52809e+03	4.76253e-02	6.74745e-02	5.54510	2.04141	4.41310e-05
3.53197e+03	4.77189e-02	5.89843e-02	5.78369	1.50377	4.41310e-05
3.53585e+03	4.76050e-02	3.56620e-02	0.01737	0.85128	4.41310e-05
3.53973e+03	4.75997e-02	1.31454e-02	1.40458	5.81459	4.41310e-05
3.54362e+03	4.75170e-02	2.34309e-02	2.94965	3.91564	4.41310e-05
3.54750e+03	4.75914e-02	4.28503e-02	3.27864	3.42364	4.41310e-05
3.55138e+03	4.76455e-02	5.80131e-02	3.79746	3.06814	4.41310e-05
3.55526e+03	4.76308e-02	6.85438e-02	4.16692	2.72831	4.41310e-05
3.55915e+03	4.77139e-02	7.32176e-02	4.67355	2.37219	4.41310e-05
3.56303e+03	4.76212e-02	7.03234e-02	5.79460	1.97858	4.41310e-05
3.56691e+03	4.75878e-02	6.33965e-02	0.29703	1.54902	4.41310e-05
3.57079e+03	4.74792e-02	4.58038e-02	1.09233	1.03337	4.41310e-05
3.57467e+03	4.75631e-02	2.44444e-02	2.30774	0.21785	4.41310e-05
3.57856e+03	4.75781e-02	1.58125e-02	4.85991	4.72652	4.41310e-05
3.58244e+03	4.76134e-02	3.42456e-02	0.51219	3.65590	4.41310e-05
3.58632e+03	4.75742e-02	5.11283e-02	1.71347	3.19034	4.41310e-05
3.59020e+03	4.76393e-02	6.46919e-02	3.20519	2.82329	4.41310e-05
3.59408e+03	4.75696e-02	7.15520e-02	4.07506	2.46877	4.41310e-05
3.59797e+03	4.75030e-02	7.28511e-02	5.72979	2.12654	4.41310e-05
3.60185e+03	4.76304e-02	7.28842e-02	0.82269	1.73959	4.41310e-05
3.60573e+03	4.75091e-02	6.35417e-02	2.47386	1.34056	4.41310e-05
3.60961e+03	4.74706e-02	4.89349e-02	3.65002	0.83886	4.41310e-05
3.61349e+03	4.76094e-02	3.50926e-02	5.89923	0.02093	4.41310e-05
3.61738e+03	4.75196e-02	1.93390e-02	3.16787	4.79251	4.41310e-05
3.62126e+03	4.74677e-02	3.03133e-02	5.95689	3.22987	4.41310e-05
3.62514e+03	4.74791e-02	4.56232e-02	1.53884	2.45072	4.41310e-05
3.62902e+03	4.75506e-02	5.44237e-02	3.62751	1.80723	4.41310e-05
3.63291e+03	4.76054e-02	5.58661e-02	0.16631	1.20453	4.41310e-05
3.63679e+03	4.76275e-02	5.08774e-02	1.65278	0.62458	4.41310e-05
3.64067e+03	4.76170e-02	4.33864e-02	3.39955	0.01208	4.41310e-05
3.64455e+03	4.75597e-02	3.72378e-02	5.18865	5.57066	4.41310e-05
3.64843e+03	4.76467e-02	3.87678e-02	1.21836	4.71968	4.41310e-05
3.65232e+03	4.75235e-02	4.04095e-02	4.25514	3.97036	4.41310e-05
3.65620e+03	4.75618e-02	4.76161e-02	0.25534	3.35397	4.41310e-05
3.66008e+03	4.75723e-02	5.05948e-02	3.33838	2.73278	4.41310e-05
3.66396e+03	4.74908e-02	4.96928e-02	0.41037	2.09844	4.41310e-05
3.66784e+03	4.74280e-02	4.23459e-02	2.68823	1.36593	4.41310e-05
3.67173e+03	4.75727e-02	3.40022e-02	6.12193	0.36519	4.41310e-05
3.67561e+03	4.74774e-02	1.80963e-02	4.42851	5.02375	4.41310e-05
3.67949e+03	4.74145e-02	2.76364e-02	1.50169	3.56826	4.41310e-05
3.68337e+03	4.74108e-02	4.25984e-02	5.18857	2.83045	4.41310e-05
3.68726e+03	4.74869e-02	5.62603e-02	2.44562	2.36292	4.41310e-05
3.69114e+03	4.75233e-02	6.38488e-02	5.36572	1.92486	4.41310e-05
3.69502e+03	4.75233e-02	6.65930e-02	1.98507	1.52419	4.41310e-05
3.69890e+03	4.74731e-02	6.21425e-02	5.62694	1.09336	4.41310e-05
3.70278e+03	4.73506e-02	5.31397e-02	2.52867	0.67448	4.41310e-05
3.70667e+03	4.74986e-02	4.49837e-02	6.10736	0.09202	4.41310e-05
3.71055e+03	4.75309e-02	3.16227e-02	4.00369	5.61384	4.41310e-05
3.71443e+03	4.75587e-02	2.58674e-02	2.34844	4.31676	4.41310e-05
3.71831e+03	4.74766e-02	3.10853e-02	0.68707	2.96035	4.41310e-05
3.72219e+03	4.75087e-02	3.91826e-02	5.01418	1.92029	4.41310e-05
3.72608e+03	4.73856e-02	3.52600e-02	2.61346	1.01655	4.41310e-05
3.72996e+03	4.74790e-02	3.22101e-02	0.95213	6.27614	4.41310e-05
3.73384e+03	4.74566e-02	3.01678e-02	5.60833	5.08368	4.41310e-05
3.73772e+03	4.73746e-02	3.37666e-02	4.21329	4.00770	4.41310e-05
3.74161e+03	4.75674e-02	4.38868e-02	2.50635	3.06323	4.41310e-05
3.74549e+03	4.74374e-02	4.21749e-02	1.12167	2.23205	4.41310e-05
3.74937e+03	4.74207e-02	3.71927e-02	5.34233	1.28539	4.41310e-05
3.75325e+03	4.75238e-02	2.66258e-02	3.77011	0.11640	4.41310e-05
3.75713e+03	4.75382e-02	2.50098e-02	3.74445	4.65765	4.41310e-05
3.76102e+03	4.73517e-02	3.36851e-02	2.43573	3.38813	4.41310e-05
3.76490e+03	4.74641e-02	4.73084e-02	0.56096	2.67981	4.41310e-05
3.76878e+03	4.74590e-02	5.42608e-02	5.64416	2.03672	4.41310e-05
3.77266e+03	4.74071e-02	5.26312e-02	3.66510	1.46712	4.41310e-05
3.77654e+03	4.74692e-02	4.67997e-02	1.99173	0.83460	4.41310e-05
3.78043e+03	4.74530e-02	3.46733e-02	0.38276	6.24513	4.41310e-05
3.78431e+03	4.74985e-02	3.30354e-02	6.16501	4.91177	4.41310e-05
3.78819e+03	4.74128e-02	2.13307e-02	6.06907	3.13878	4.41310e-05
3.79207e+03	4.73479e-02	1.71757e-02	0.10027	0.76821	4.41310e-05
3.79596e+03	4.74748e-02	3.68344e-02	5.02478	6.14657	4.41310e-05
3.79984e+03	4.73837e-02	5.20011e-02	4.67564	5.41953	4.41310e-05
3.80372e+03	4.73846e-02	5.50109e-02	3.76991	4.76135	4.41310e-05
3.80760e+03	4.74253e-02	5.28053e-02	2.29259	4.08980	4.41310e-05
3.81148e+03	4.74262e-02	4.54781e-02	2.28625	3.16107	4.41310e-05
3.81537e+03	4.73349e-02	9.90287e-03	1.77741	2.28604	4.41310e-05
3.81925e+03	4.73392e-02	2.86720e-02	3.81464	4.54559	4.41310e-05
3.82313e+03	4.74587e-02	5.43001e-02	3.08057	4.13081	4.41310e-05
3.82701e+03	4.74045e-02	6.34920e-02	2.73959	3.57490	4.41310e-05
3.83089e+03	4.73868e-02	6.25835e-02	2.04860	3.06626	4.41310e-05
3.83478e+03	4.73183e-02	5.28100e-02	1.65551	2.50712	4.41310e-05
3.83866e+03	4.73286e-02	3.31392e-02	0.78266	1.79784	4.41310e-05
3.84254e+03	4.74515e-02	8.53052e-03	2.17437	5.91647	4.41310e-05
3.84642e+03	4.73572e-02	3.18378e-02	3.78819	3.89154	4.41310e-05
3.85031e+03	4.73156e-02	5.17876e-02	3.54962	3.25520	4.41310e-05
3.85419e+03	4.74216e-02	6.38831e-02	2.97674	2.83228	4.41310e-05
3.85807e+03	4.74396e-02	6.66785e-02	3.64215	2.32199	4.41310e-05
3.86195e+03	4.73180e-02	5.78121e-02	3.43103	1.83383	4.41310e-05
3.86583e+03	4.73599e-02	4.80780e-02	3.43124	1.28972	4.41310e-05
3.86972e+03	4.73839e-02	2.98556e-02	3.04488	0.49246	4.41310e-05
3.87360e+03	4.74677e-02	2.34447e-02	4.64099	5.02697	4.41310e-05
3.87748e+03	4.74451e-02	3.58959e-02	5.98843	3.38174	4.41310e-05
3.88136e+03	4.73232e-02	3.63847e-02	0.50737	2.23326	4.41310e-05
3.88524e+03	4.72088e-02	3.37205e-02	1.21860	1.25822	4.41310e-05
3.88913e+03	4.72970e-02	3.78929e-02	1.77422	0.48496	4.41310e-05
3.89301e+03	4.73744e-02	4.57034e-02	2.73906	6.13798	4.41310e-05
3.89689e+03	4.74061e-02	5.08598e-02	3.98007	5.49567	4.41310e-05
3.90077e+03	4.73109e-02	5.34151e-02	4.73394	4.92152	4.41310e-05
3.90466e+03	4.72919e-02	5.65964e-02	5.69230	4.40163	4.41310e-05
3.90854e+03	4.73136e-02	5.85556e-02	0.55392	3.85821	4.41310e-05
3.91242e+03	4.72456e-02	5.48033e-02	1.91025	3.25474	4.41310e-05
3.91630e+03	4.71968e-02	4.36229e-02	2.70660	2.62662	4.41310e-05
3.92018e+03	4.73512e-02	3.20653e-02	4.14082	1.64684	4.41310e-05
3.92407e+03	4.73180e-02	2.06191e-02	0.47176	6.08430	4.41310e-05
3.92795e+03	4.72652e-02	3.15076e-02	2.40582	4.38554	4.41310e-05
3.93183e+03	4.72878e-02	4.21291e-02	4.19132	3.39401	4.41310e-05
3.93571e+03	4.72929e-02	4.61679e-02	5.90542	2.64757	4.41310e-05
3.93959e+03	4.72123e-02	4.37686e-02	1.22576	2.03008	4.41310e-05
3.94348e+03	4.73051e-02	4.38417e-02	2.94531	1.39874	4.41310e-05
3.94736e+03	4.72782e-02	4.16186e-02	4.91783	0.74466	4.41310e-05
3.95124e+03	4.73147e-02	4.04201e-02	0.62764	0.03924	4.41310e-05
3.95512e+03	4.72742e-02	3.66261e-02	2.82696	5.49376	4.41310e-05
3.95901e+03	4.71920e-02	3.98777e-02	4.89512	4.55495	4.41310e-05
3.96289e+03	4.72199e-02	3.85375e-02	0.65420	3.58284	4.41310e-05
3.96677e+03	4.72359e-02	2.22426e-02	3.21413	2.34180	4.41310e-05
3.97065e+03	4.73180e-02	2.10567e-02	0.15224	0.61940	4.41310e-05
3.97453e+03	4.73508e-02	3.59559e-02	2.81690	6.15446	4.41310e-05
3.97842e+03	4.72442e-02	5.24041e-02	5.29269	5.74838	4.41310e-05
3.98230e+03	4.72255e-02	6.51153e-02	0.91617	5.42806	4.41310e-05
3.98618e+03	4.72428e-02	7.51754e-02	3.26227	5.14309	4.41310e-05
3.99006e+03	4.72210e-02	7.95865e-02	6.04298	4.83540	4.41310e-05
3.99394e+03	4.71549e-02	7.93333e-02	1.93162	4.54006	4.41310e-05
3.99783e+03	4.72171e-02	7.66998e-02	4.17171	4.22447	4.41310e-05
4.00171e+03	4.72928e-02	7.02166e-02	0.75777	3.87015	4.41310e-05
4.00559e+03	4.71920e-02	5.73881e-02	3.48190	3.46401	4.41310e-05
4.00947e+03	4.72052e-02	4.26734e-02	6.22915	2.93237	4.41310e-05
4.01336e+03	4.72196e-02	2.55034e-02	3.56181	2.10580	4.41310e-05
4.01724e+03	4.71899e-02	2.17519e-02	1.32247	0.78784	4.41310e-05
4.02112e+03	4.71938e-02	3.35160e-02	5.06378	6.10933	4.41310e-05
4.02500e+03	4.71679e-02	4.65121e-02	1.95226	5.59178	4.41310e-05
4.02888e+03	4.72268e-02	5.63723e-02	4.91573	5.16517	4.41310e-05
4.03277e+03	4.71608e-02	6.22455e-02	2.36316	4.73139	4.41310e-05
4.03665e+03	4.72503e-02	6.34462e-02	5.61919	4.31382	4.41310e-05
4.04053e+03	4.71778e-02	5.57798e-02	3.09727	3.82368	4.41310e-05
4.04441e+03	4.71596e-02	4.37024e-02	0.50370	3.21020	4.41310e-05
4.04829e+03	4.71241e-02	2.82983e-02	4.42738	2.31633	4.41310e-05
4.05218e+03	4.71821e-02	2.44426e-02	2.71919	0.94010	4.41310e-05
4.05606e+03	4.71735e-02	3.64345e-02	0.78931	6.19770	4.41310e-05
4.05994e+03	4.71962e-02	4.99495e-02	4.86941	5.59702	4.41310e-05
4.06382e+03	4.71821e-02	6.11773e-02	2.62623	5.19472	4.41310e-05
4.06771e+03	4.71958e-02	6.86574e-02	0.56338	4.85624	4.41310e-05
4.07159e+03	4.71712e-02	7.28972e-02	4.60075	4.54167	4.41310e-05
4.07547e+03	4.71380e-02	7.42632e-02	2.07275	4.27063	4.41310e-05
4.07935e+03	4.71695e-02	7.34072e-02	0.31955	3.96837	4.41310e-05
4.08323e+03	4.71095e-02	6.81653e-02	4.62187	3.67927	4.41310e-05
4.08712e+03	4.71136e-02	6.12435e-02	2.61406	3.34794	4.41310e-05
4.09100e+03	4.71943e-02	5.26538e-02	1.04261	2.94889	4.41310e-05
4.09488e+03	4.71927e-02	4.40053e-02	6.06792	2.46305	4.41310e-05
4.09876e+03	4.71362e-02	3.60544e-02	4.72579	1.83105	4.41310e-05
4.10264e+03	4.70831e-02	3.26741e-02	3.57043	1.02332	4.41310e-05
4.10653e+03	4.70948e-02	3.68286e-02	2.53141	0.21444	4.41310e-05
4.11041e+03	4.71503e-02	4.58516e-02	1.39324	5.82353	4.41310e-05
4.11429e+03	4.71912e-02	5.31700e-02	0.27949	5.28562	4.41310e-05
4.11817e+03	4.71478e-02	5.79735e-02	5.69833	4.84402	4.41310e-05
4.12206e+03	4.71299e-02	6.10770e-02	4.39640	4.44686	4.41310e-05
4.12594e+03	4.71638e-02	6.28645e-02	3.49285	4.08196	4.41310e-05
4.12982e+03	4.71029e-02	6.05871e-02	2.81726	3.68517	4.41310e-05
4.13370e+03	4.70415e-02	5.54757e-02	1.73318	3.27092	4.41310e-05
4.13758e+03	4.71273e-02	4.99538e-02	1.06109	2.79174	4.41310e-05
4.14147e+03	4.70994e-02	4.26682e-02	0.77202	2.18223	4.41310e-05
4.14535e+03	4.70418e-02	3.65891e-02	0.35698	1.46111	4.41310e-05
4.14923e+03	4.70371e-02	3.61754e-02	0.11006	0.59426	4.41310e-05
4.15311e+03	4.70785e-02	4.05160e-02	0.04465	6.00288	4.41310e-05
4.15699e+03	4.71353e-02	4.55360e-02	0.09659	5.23084	4.41310e-05
4.16088e+03	4.70810e-02	4.55493e-02	0.16628	4.53420	4.41310e-05
4.16476e+03	4.70685e-02	4.30199e-02	6.21296	3.84856	4.41310e-05
4.16864e+03	4.70811e-02	3.61299e-02	6.06280	3.05572	4.41310e-05
4.17252e+03	4.71145e-02	3.02281e-02	0.24302	1.97593	4.41310e-05
4.17641e+03	4.70886e-02	3.15413e-02	0.90630	0.76190	4.41310e-05
4.18029e+03	4.70680e-02	3.98598e-02	1.41661	6.10762	4.41310e-05
4.18417e+03	4.70260e-02	4.83705e-02	1.75107	5.43302	4.41310e-05
4.18805e+03	4.69993e-02	5.59995e-02	2.05384	4.90171	4.41310e-05
4.19193e+03	4.70106e-02	6.15845e-02	2.42233	4.44764	4.41310e-05
4.19582e+03	4.70591e-02	6.37527e-02	2.78741	4.04869	4.41310e-05
4.19970e+03	4.70821e-02	6.40250e-02	3.21770	3.66159	4.41310e-05
4.20358e+03	4.70264e-02	5.99905e-02	3.64119	3.28729	4.41310e-05
4.20746e+03	4.69842e-02	5.56677e-02	4.10308	2.89545	4.41310e-05
4.21134e+03	4.70489e-02	5.08314e-02	4.76918	2.43646	4.41310e-05
4.21523e+03	4.70639e-02	4.53503e-02	5.86941	1.91328	4.41310e-05
4.21911e+03	4.70370e-02	4.08312e-02	0.81210	1.30368	4.41310e-05
4.22299e+03	4.70279e-02	3.96724e-02	1.96446	0.61500	4.41310e-05
4.22687e+03	4.70630e-02	4.08009e-02	3.43834	6.18250	4.41310e-05
4.23076e+03	4.70228e-02	4.59450e-02	4.77856	5.58514	4.41310e-05
4.23464e+03	4.70246e-02	5.09478e-02	5.91169	5.06209	4.41310e-05
4.23852e+03	4.70153e-02	5.34692e-02	0.69850	4.59211	4.41310e-05
4.24240e+03	4.70206e-02	5.37543e-02	2.12994	4.09881	4.41310e-05
4.24628e+03	4.70164e-02	5.19210e-02	3.84384	3.57185	4.41310e-05
4.25017e+03	4.69891e-02	4.82988e-02	5.60103	2.98264	4.41310e-05
4.25405e+03	4.69742e-02	4.41889e-02	0.98897	2.31015	4.41310e-05
4.25793e+03	4.69929e-02	4.06336e-02	2.81110	1.55448	4.41310e-05
4.26181e+03	4.70544e-02	4.07175e-02	4.99270	0.75646	4.41310e-05
4.26569e+03	4.70342e-02	4.32459e-02	1.10446	0.06196	4.41310e-05
4.26958e+03	4.69817e-02	4.73413e-02	3.18915	5.77040	4.41310e-05
4.27346e+03	4.70124e-02	5.23030e-02	4.97262	5.30433	4.41310e-05
4.27734e+03	4.69841e-02	5.62169e-02	0.92505	4.88833	4.41310e-05
4.28122e+03	4.69466e-02	5.63817e-02	2.92344	4.47543	4.41310e-05
4.28510e+03	4.69794e-02	5.45434e-02	4.80016	4.02474	4.41310e-05
4.28899e+03	4.69921e-02	5.04690e-02	1.10804	3.51431	4.41310e-05
4.29287e+03	4.69860e-02	4.40673e-02	3.74690	2.91611	4.41310e-05
4.29675e+03	4.69560e-02	3.94197e-02	0.02535	2.15786	4.41310e-05
4.30063e+03	4.69200e-02	3.40761e-02	2.85370	1.19692	4.41310e-05
4.30452e+03	4.69544e-02	3.06356e-02	6.03614	0.05085	4.41310e-05
4.30840e+03	4.69850e-02	3.21039e-02	3.00020	5.20563	4.41310e-05
4.31228e+03	4.69983e-02	3.86495e-02	6.10889	4.35390	4.41310e-05
4.31616e+03	4.69764e-02	4.63023e-02	2.87083	3.72515	4.41310e-05
4.32004e+03	4.69186e-02	5.30702e-02	5.80769	3.19302	4.41310e-05
4.32393e+03	4.68861e-02	5.64018e-02	2.38535	2.70945	4.41310e-05
4.32781e+03	4.69301e-02	5.80599e-02	5.40475	2.20641	4.41310e-05
4.33169e+03	4.69629e-02	5.61018e-02	2.28942	1.68148	4.41310e-05
4.33557e+03	4.69671e-02	5.11505e-02	5.67121	1.09942	4.41310e-05
4.33945e+03	4.69511e-02	4.43417e-02	3.01128	0.45665	4.41310e-05
4.34334e+03	4.69052e-02	3.83404e-02	0.25094	6.02587	4.41310e-05
4.34722e+03	4.69415e-02	3.61272e-02	3.87712	5.24003	4.41310e-05
4.35110e+03	4.69383e-02	3.83108e-02	1.65689	4.52640	4.41310e-05
4.35498e+03	4.69155e-02	4.36482e-02	5.28079	3.93233	4.41310e-05
4.35887e+03	4.68982e-02	4.81766e-02	2.55609	3.41041	4.41310e-05
4.36275e+03	4.69532e-02	5.23163e-02	0.25263	2.88484	4.41310e-05
4.36663e+03	4.69024e-02	5.17748e-02	4.19827	2.32660	4.41310e-05
4.37051e+03	4.68998e-02	4.90645e-02	1.76597	1.71874	4.41310e-05
4.37439e+03	4.68980e-02	4.13181e-02	5.79528	0.95500	4.41310e-05
4.37828e+03	4.69241e-02	2.79603e-02	3.97461	6.20405	4.41310e-05
4.38216e+03	4.69136e-02	2.31439e-02	2.81810	4.71944	4.41310e-05
4.38604e+03	4.68768e-02	3.23805e-02	1.39640	3.57253	4.41310e-05
4.38992e+03	4.68622e-02	4.36705e-02	5.49541	2.84607	4.41310e-05
4.39380e+03	4.68971e-02	4.92957e-02	3.43058	2.18042	4.41310e-05
4.39769e+03	4.68939e-02	4.62683e-02	1.86153	1.42516	4.41310e-05
4.40157e+03	4.68783e-02	3.42137e-02	6.27123	0.52450	4.41310e-05
4.40545e+03	4.68647e-02	1.85838e-02	5.25642	5.35490	4.41310e-05
4.40933e+03	4.68868e-02	2.50348e-02	4.91897	3.51622	4.41310e-05
4.41322e+03	4.68413e-02	3.83591e-02	3.34217	2.50537	4.41310e-05
4.41710e+03	4.69008e-02	4.61398e-02	1.88253	1.71050	4.41310e-05
4.42098e+03	4.68853e-02	4.47764e-02	0.79590	0.85878	4.41310e-05
4.42486e+03	4.68652e-02	3.70457e-02	5.79022	6.26355	4.41310e-05
4.42874e+03	4.68901e-02	3.13592e-02	4.67743	5.20778	4.41310e-05
4.43263e+03	4.68731e-02	3.25590e-02	3.79044	4.15127	4.41310e-05
4.43651e+03	4.68668e-02	3.88832e-02	2.96927	3.24544	4.41310e-05
4.44039e+03	4.68618e-02	4.39162e-02	2.16091	2.41409	4.41310e-05
4.44427e+03	4.68516e-02	4.46354e-02	1.33948	1.56848	4.41310e-05
4.44815e+03	4.68534e-02	4.10238e-02	0.52774	0.72603	4.41310e-05
4.45204e+03	4.68324e-02	3.68192e-02	6.04416	6.12960	4.41310e-05
4.45592e+03	4.68203e-02	3.64493e-02	5.44277	5.24766	4.41310e-05
4.45980e+03	4.68416e-02	4.08178e-02	4.91124	4.48092	4.41310e-05
4.46368e+03	4.68471e-02	4.66593e-02	4.39842	3.84557	4.41310e-05
4.46757e+03	4.68756e-02	5.08010e-02	3.91238	3.22251	4.41310e-05
4.47145e+03	4.68250e-02	5.11299e-02	3.33640	2.61203	4.41310e-05
4.47533e+03	4.68284e-02	4.81823e-02	2.81659	1.95274	4.41310e-05
4.47921e+03	4.68335e-02	4.15406e-02	2.63032	1.18858	4.41310e-05
4.48309e+03	4.68287e-02	3.59163e-02	2.68580	0.31136	4.41310e-05
4.48698e+03	4.68021e-02	3.56230e-02	2.92148	5.71438	4.41310e-05
4.49086e+03	4.67556e-02	3.92738e-02	2.96878	4.96160	4.41310e-05
4.49474e+03	4.67954e-02	4.52515e-02	2.76973	4.34678	4.41310e-05
4.49862e+03	4.68043e-02	5.00123e-02	2.84640	3.82645	4.41310e-05
4.50250e+03	4.67768e-02	5.28790e-02	2.90978	3.30946	4.41310e-05
4.50639e+03	4.68285e-02	5.32611e-02	2.89578	2.78140	4.41310e-05
4.51027e+03	4.68211e-02	5.02016e-02	3.39573	2.19032	4.41310e-05
4.51415e+03	4.67958e-02	4.50500e-02	3.83141	1.52483	4.41310e-05
4.51803e+03	4.67861e-02	3.86729e-02	4.28239	0.77192	4.41310e-05
4.52192e+03	4.68426e-02	3.54215e-02	5.03134	6.20353	4.41310e-05
4.52580e+03	4.67856e-02	3.49795e-02	5.97284	5.33370	4.41310e-05
4.52968e+03	4.67582e-02	4.02843e-02	0.36276	4.60155	4.41310e-05
4.53356e+03	4.67652e-02	4.54805e-02	1.03600	3.96041	4.41310e-05
4.53744e+03	4.67590e-02	4.88450e-02	2.01923	3.33754	4.41310e-05
4.54133e+03	4.67507e-02	4.85249e-02	2.69142	2.72728	4.41310e-05
4.54521e+03	4.67553e-02	4.36562e-02	3.66963	2.00590	4.41310e-05
4.54909e+03	4.67797e-02	3.59092e-02	5.00628	1.14175	4.41310e-05
4.55297e+03	4.67230e-02	2.64091e-02	0.25631	0.08923	4.41310e-05
4.55685e+03	4.67828e-02	2.92249e-02	1.65620	5.19216	4.41310e-05
4.56074e+03	4.67705e-02	3.83286e-02	3.21228	4.33596	4.41310e-05
4.56462e+03	4.67766e-02	4.72500e-02	4.57407	3.64375	4.41310e-05
4.56850e+03	4.67682e-02	5.19592e-02	5.65987	3.03371	4.41310e-05
4.57238e+03	4.67787e-02	5.09793e-02	0.93429	2.37904	4.41310e-05
4.57627e+03	4.67652e-02	4.20242e-02	2.64406	1.60935	4.41310e-05
4.58015e+03	4.67418e-02	2.84631e-02	4.41443	0.63370	4.41310e-05
4.58403e+03	4.67890e-02	2.52440e-02	0.42217	5.57760	4.41310e-05
4.58791e+03	4.67179e-02	3.38352e-02	2.72341	4.52129	4.41310e-05
4.59179e+03	4.66832e-02	4.62159e-02	4.42559	3.83082	4.41310e-05
4.59568e+03	4.66991e-02	5.46104e-02	6.03817	3.27717	4.41310e-05
4.59956e+03	4.67731e-02	5.77858e-02	1.65109	2.73979	4.41310e-05
4.60344e+03	4.67405e-02	5.36157e-02	3.73454	2.12237	4.41310e-05
4.60732e+03	4.67449e-02	4.22494e-02	5.81920	1.40688	4.41310e-05
4.61120e+03	4.67052e-02	2.67219e-02	1.93856	0.35709	4.41310e-05
4.61509e+03	4.67090e-02	2.42568e-02	4.91788	5.12677	4.41310e-05
4.61897e+03	4.66823e-02	3.70420e-02	1.32157	4.07877	4.41310e-05
4.62285e+03	4.67283e-02	5.00207e-02	3.73308	3.43158	4.41310e-05
4.62673e+03	4.67539e-02	5.78805e-02	6.11950	2.86375	4.41310e-05
4.63062e+03	4.67172e-02	5.77158e-02	2.26391	2.32774	4.41310e-05
4.63450e+03	4.66850e-02	5.16640e-02	4.79591	1.74072	4.41310e-05
4.63838e+03	4.66300e-02	4.20579e-02	1.18230	1.08450	4.41310e-05
4.64226e+03	4.66671e-02	3.31096e-02	4.11743	0.19601	4.41310e-05
4.64614e+03	4.66839e-02	3.15329e-02	1.00246	5.39640	4.41310e-05
4.65003e+03	4.66783e-02	3.76715e-02	4.19253	4.43969	4.41310e-05
4.65391e+03	4.66503e-02	4.69365e-02	1.03300	3.75812	4.41310e-05
4.65779e+03	4.67201e-02	5.46770e-02	4.11664	3.20135	4.41310e-05
