# t	a	e	mean_anomaly	varpi	mass/M_star
3.10572e+00	2.33870e-02	2.13184e-02	3.53958	5.24790	1.29620e-05
6.98788e+00	2.33794e-02	1.98235e-02	5.44373	4.58367	1.29620e-05
1.08700e+01	2.34019e-02	2.32342e-02	0.84197	3.99225	1.29620e-05
1.47522e+01	2.33987e-02	2.33084e-02	2.70036	3.32487	1.29620e-05
1.86343e+01	2.34036e-02	2.33164e-02	4.33366	2.61478	1.29620e-05
2.25164e+01	2.34002e-02	2.40128e-02	6.03199	1.97167	1.29620e-05
2.63985e+01	2.33914e-02	2.04547e-02	1.47816	1.35592	1.29620e-05
3.02807e+01	2.33840e-02	1.86042e-02	3.27320	0.72896	1.29620e-05
3.41628e+01	2.33806e-02	1.80214e-02	5.38096	6.18143	1.29620e-05
3.80450e+01	2.34008e-02	2.11423e-02	0.98511	5.48066	1.29620e-05
4.19271e+01	2.34023e-02	2.62968e-02	2.64497	4.76724	1.29620e-05
4.58093e+01	2.34049e-02	2.60271e-02	4.34020	4.18511	1.29620e-05
4.96914e+01	2.33931e-02	2.15589e-02	5.87807	3.44394	1.29620e-05
5.35735e+01	2.33912e-02	1.92959e-02	1.51715	2.69449	1.29620e-05
5.74557e+01	2.33817e-02	1.92940e-02	3.62137	1.78991	1.29620e-05
6.13378e+01	2.33963e-02	2.27617e-02	5.36804	1.05192	1.29620e-05
6.52199e+01	2.34025e-02	2.58306e-02	0.74259	0.34323	1.29620e-05
6.91021e+01	2.34031e-02	2.28583e-02	2.48116	5.87723	1.29620e-05
7.29842e+01	2.33860e-02	1.96974e-02	4.26689	5.05768	1.29620e-05
7.68664e+01	2.33986e-02	2.34552e-02	6.19896	4.24377	1.29620e-05
8.07485e+01	2.33914e-02	2.28955e-02	1.71197	3.51178	1.29620e-05
8.46307e+01	2.33986e-02	2.27044e-02	3.36136	2.69783	1.29620e-05
8.85128e+01	2.33878e-02	2.03485e-02	5.14866	1.81783	1.29620e-05
9.23949e+01	2.33931e-02	2.15598e-02	0.86075	0.93437	1.29620e-05
9.62771e+01	2.33909e-02	2.14934e-02	2.71974	0.16367	1.29620e-05
1.00159e+02	2.33996e-02	2.45468e-02	4.34087	5.73624	1.29620e-05
1.04041e+02	2.34063e-02	2.47558e-02	6.09783	4.96048	1.29620e-05
1.07923e+02	2.33922e-02	1.98392e-02	1.57026	4.11639	1.29620e-05
1.11806e+02	2.33873e-02	1.95629e-02	3.45849	3.34641	1.29620e-05
1.15688e+02	2.33864e-02	2.15748e-02	5.36782	2.57760	1.29620e-05
1.19570e+02	2.33998e-02	2.16154e-02	0.86046	1.89228	1.29620e-05
1.23452e+02	2.34007e-02	2.27052e-02	2.53222	1.00410	1.29620e-05
1.27334e+02	2.33982e-02	2.35528e-02	4.34707	0.26619	1.29620e-05
1.31216e+02	2.33874e-02	2.08602e-02	6.12140	5.83010	1.29620e-05
1.35098e+02	2.33889e-02	2.09320e-02	1.57760	5.26283	1.29620e-05
1.38981e+02	2.33821e-02	2.03158e-02	3.52702	4.54081	1.29620e-05
1.42863e+02	2.33992e-02	2.11194e-02	5.33422	3.78079	1.29620e-05
1.46745e+02	2.34042e-02	2.40812e-02	0.79845	3.06098	1.29620e-05
1.50627e+02	2.34035e-02	2.29170e-02	2.55122	2.38040	1.29620e-05
1.54509e+02	2.33918e-02	2.23542e-02	4.17139	1.76001	1.29620e-05
1.58391e+02	2.33909e-02	2.07870e-02	6.06810	1.10171	1.29620e-05
1.62273e+02	2.33851e-02	1.80476e-02	1.65501	0.45884	1.29620e-05
1.66156e+02	2.33850e-02	2.26752e-02	3.61997	6.02394	1.29620e-05
1.70038e+02	2.33979e-02	2.28678e-02	5.37044	5.38058	1.29620e-05
1.73920e+02	2.34009e-02	2.49737e-02	0.67386	4.64454	1.29620e-05
1.77802e+02	2.34061e-02	2.27371e-02	2.43726	3.97504	1.29620e-05
1.81684e+02	2.33834e-02	1.82033e-02	4.24460	3.17509	1.29620e-05
1.85566e+02	2.33935e-02	2.12712e-02	6.20725	2.40838	1.29620e-05
1.89448e+02	2.33859e-02	2.18900e-02	1.84446	1.71229	1.29620e-05
1.93331e+02	2.33954e-02	2.48272e-02	3.43375	1.09343	1.29620e-05
1.97213e+02	2.34007e-02	2.46701e-02	5.15182	0.38438	1.29620e-05
2.01095e+02	2.33966e-02	2.17626e-02	0.62511	5.90037	1.29620e-05
2.04977e+02	2.33932e-02	1.86603e-02	2.45934	5.14038	1.29620e-05
2.08859e+02	2.33880e-02	2.14898e-02	4.39955	4.36754	1.29620e-05
2.12741e+02	2.33989e-02	2.17409e-02	6.22039	3.67380	1.29620e-05
2.16623e+02	2.33951e-02	2.33068e-02	1.57762	2.84688	1.29620e-05
2.20505e+02	2.33995e-02	2.39232e-02	3.37631	2.05413	1.29620e-05
2.24388e+02	2.33807e-02	2.11047e-02	5.17694	1.28488	1.29620e-05
2.28270e+02	2.33941e-02	2.18794e-02	0.66832	0.61712	1.29620e-05
2.32152e+02	2.33946e-02	2.27217e-02	2.52587	6.11906	1.29620e-05
2.36034e+02	2.34061e-02	2.18642e-02	4.33315	5.32916	1.29620e-05
2.39916e+02	2.33962e-02	2.11934e-02	6.01750	4.41340	1.29620e-05
2.43798e+02	2.33933e-02	2.22791e-02	1.55199	3.70013	1.29620e-05
2.47680e+02	2.33810e-02	2.14739e-02	3.43524	2.94627	1.29620e-05
2.51563e+02	2.33933e-02	2.21411e-02	5.22155	2.23462	1.29620e-05
2.55445e+02	2.34023e-02	2.49667e-02	0.65540	1.45583	1.29620e-05
2.59327e+02	2.34022e-02	2.29819e-02	2.42396	0.69662	1.29620e-05
2.63209e+02	2.33867e-02	1.99440e-02	4.09680	6.26135	1.29620e-05
2.67091e+02	2.33939e-02	2.11223e-02	6.04972	5.47974	1.29620e-05
2.70973e+02	2.33889e-02	1.96610e-02	1.73390	4.69282	1.29620e-05
2.74855e+02	2.33983e-02	2.44233e-02	3.40386	3.90579	1.29620e-05
2.78738e+02	2.33997e-02	2.56715e-02	5.09639	3.24379	1.29620e-05
2.82620e+02	2.33929e-02	2.28194e-02	0.49814	2.57970	1.29620e-05
2.86502e+02	2.33928e-02	1.93770e-02	2.22199	1.99099	1.29620e-05
2.90384e+02	2.33833e-02	1.78382e-02	4.26142	1.21383	1.29620e-05
2.94266e+02	2.33956e-02	1.94844e-02	6.17622	0.52044	1.29620e-05
2.98148e+02	2.33933e-02	2.40872e-02	1.63429	6.08656	1.29620e-05
3.02030e+02	2.34008e-02	2.47622e-02	3.34347	5.46041	1.29620e-05
3.05913e+02	2.33893e-02	2.22986e-02	4.88065	4.72285	1.29620e-05
3.09795e+02	2.33979e-02	2.23001e-02	0.43949	4.05322	1.29620e-05
3.13677e+02	2.33884e-02	1.78382e-02	2.36454	3.29743	1.29620e-05
3.17559e+02	2.33886e-02	2.11876e-02	4.19408	2.67007	1.29620e-05
3.21441e+02	2.33971e-02	2.27290e-02	6.02495	2.03994	1.29620e-05
3.25323e+02	2.33917e-02	2.28347e-02	1.38318	1.41378	1.29620e-05
3.29205e+02	2.34046e-02	2.38310e-02	3.09819	0.71376	1.29620e-05
3.33088e+02	2.33899e-02	2.12556e-02	4.88669	6.27398	1.29620e-05
3.36970e+02	2.33957e-02	2.05983e-02	0.32676	5.59171	1.29620e-05
3.40852e+02	2.33870e-02	2.07553e-02	2.23465	4.91818	1.29620e-05
3.44734e+02	2.33913e-02	1.88591e-02	4.01856	4.29817	1.29620e-05
3.48616e+02	2.33986e-02	2.39157e-02	5.82523	3.56716	1.29620e-05
3.52498e+02	2.33957e-02	2.40618e-02	1.34038	2.84087	1.29620e-05
3.56380e+02	2.33941e-02	2.30897e-02	2.94980	2.05253	1.29620e-05
3.60262e+02	2.33866e-02	2.15325e-02	4.64189	1.40252	1.29620e-05
3.64145e+02	2.33945e-02	1.90668e-02	0.28794	0.65652	1.29620e-05
3.68027e+02	2.33859e-02	1.82070e-02	2.22995	6.16693	1.29620e-05
3.71909e+02	2.34049e-02	2.40112e-02	4.05086	5.39828	1.29620e-05
3.75791e+02	2.33983e-02	2.61578e-02	5.71238	4.75762	1.29620e-05
3.79673e+02	2.33961e-02	2.29004e-02	0.95290	4.03746	1.29620e-05
3.83555e+02	2.33833e-02	2.13037e-02	2.70376	3.34855	1.29620e-05
3.87437e+02	2.33865e-02	1.75292e-02	4.75025	2.51887	1.29620e-05
3.91320e+02	2.33903e-02	1.96353e-02	0.32304	1.83397	1.29620e-05
3.95202e+02	2.34029e-02	2.44461e-02	2.08142	1.09330	1.29620e-05
3.99084e+02	2.34017e-02	2.46313e-02	3.76150	0.46572	1.29620e-05
4.02966e+02	2.34026e-02	2.24364e-02	5.34818	5.96893	1.29620e-05
4.06848e+02	2.33856e-02	2.12852e-02	0.84613	5.32152	1.29620e-05
4.10730e+02	2.33812e-02	1.89266e-02	2.82779	4.58493	1.29620e-05
4.14612e+02	2.33916e-02	2.11895e-02	4.62430	3.95416	1.29620e-05
4.18495e+02	2.33973e-02	2.33020e-02	0.13616	3.34011	1.29620e-05
4.22377e+02	2.34034e-02	2.25858e-02	1.79292	2.68561	1.29620e-05
4.26259e+02	2.34000e-02	2.27763e-02	3.45466	1.97385	1.29620e-05
4.30141e+02	2.34018e-02	2.25358e-02	5.27405	1.29826	1.29620e-05
4.34023e+02	2.33784e-02	1.94451e-02	0.71835	0.67742	1.29620e-05
4.37905e+02	2.33865e-02	2.25578e-02	2.59443	0.02729	1.29620e-05
4.41787e+02	2.33889e-02	2.08352e-02	4.48619	5.66018	1.29620e-05
4.45670e+02	2.34071e-02	2.55795e-02	6.10458	4.97335	1.29620e-05
4.49552e+02	2.34038e-02	2.49390e-02	1.55548	4.30906	1.29620e-05
4.53434e+02	2.33907e-02	2.05769e-02	3.21145	3.61278	1.29620e-05
4.57316e+02	2.33905e-02	2.11960e-02	5.07216	2.98407	1.29620e-05
4.61198e+02	2.33787e-02	1.95202e-02	0.80462	2.25461	1.29620e-05
4.65080e+02	2.34008e-02	2.45896e-02	2.48201	1.64893	1.29620e-05
4.68962e+02	2.33982e-02	2.60098e-02	4.13960	0.94890	1.29620e-05
4.72845e+02	2.33987e-02	2.30118e-02	5.77720	0.32877	1.29620e-05
4.76727e+02	2.33835e-02	2.14024e-02	1.19460	6.11869	1.29620e-05
4.80609e+02	2.33845e-02	1.86762e-02	3.13656	5.52505	1.29620e-05
4.84491e+02	2.33938e-02	2.14959e-02	4.96703	4.96017	1.29620e-05
4.88373e+02	2.33890e-02	2.28460e-02	0.52232	4.41629	1.29620e-05
4.92255e+02	2.34050e-02	2.55403e-02	2.11787	3.82700	1.29620e-05
4.96137e+02	2.34027e-02	2.59189e-02	3.82382	3.34759	1.29620e-05
5.00019e+02	2.33997e-02	2.31755e-02	5.45816	2.78820	1.29620e-05
5.03902e+02	2.33981e-02	2.38908e-02	0.96115	2.37291	1.29620e-05
5.07784e+02	2.33828e-02	1.89123e-02	2.72418	1.89499	1.29620e-05
5.11666e+02	2.33863e-02	2.05953e-02	4.71467	1.28667	1.29620e-05
5.15548e+02	2.33832e-02	2.06604e-02	0.37257	0.71687	1.29620e-05
5.19430e+02	2.33827e-02	2.09259e-02	2.29602	0.16387	1.29620e-05
5.23312e+02	2.34071e-02	2.36944e-02	4.03220	5.86662	1.29620e-05
5.27194e+02	2.34018e-02	2.27634e-02	5.93891	5.39506	1.29620e-05
5.31077e+02	2.34041e-02	2.49554e-02	1.48073	4.76454	1.29620e-05
5.34959e+02	2.34029e-02	2.19034e-02	3.14382	4.16730	1.29620e-05
5.38841e+02	2.34024e-02	2.59254e-02	5.14866	3.97173	1.29620e-05
5.42723e+02	2.33988e-02	2.65363e-02	0.50581	3.46337	1.29620e-05
5.46605e+02	2.34020e-02	2.64206e-02	2.46405	3.23599	1.29620e-05
5.50487e+02	2.33968e-02	2.51741e-02	4.37196	2.87479	1.29620e-05
5.54369e+02	2.34076e-02	2.57030e-02	6.05317	2.35244	1.29620e-05
5.58252e+02	2.34049e-02	2.49015e-02	1.67344	2.06406	1.29620e-05
5.62134e+02	2.34052e-02	2.61961e-02	3.61689	1.76921	1.29620e-05
5.66016e+02	2.34056e-02	2.64482e-02	5.28133	1.40290	1.29620e-05
5.69898e+02	2.33838e-02	1.78012e-02	1.01515	1.37689	1.29620e-05
5.73780e+02	2.33795e-02	1.92116e-02	2.57631	1.24106	1.29620e-05
5.77662e+02	2.33780e-02	1.58010e-02	4.28044	1.11154	1.29620e-05
5.81544e+02	2.33891e-02	1.80558e-02	6.08788	0.85324	1.29620e-05
5.85427e+02	2.33916e-02	1.90888e-02	1.60693	0.61528	1.29620e-05
5.89309e+02	2.33837e-02	1.91180e-02	3.46960	0.35471	1.29620e-05
5.93191e+02	2.33978e-02	2.40322e-02	5.06825	0.19932	1.29620e-05
5.97073e+02	2.33733e-02	1.45237e-02	0.49457	0.15328	1.29620e-05
6.00955e+02	2.33818e-02	1.96148e-02	1.29231	0.67879	1.29620e-05
6.04837e+02	2.34089e-02	2.46258e-02	3.06620	0.80952	1.29620e-05
6.08719e+02	2.33877e-02	1.86796e-02	3.23806	1.27776	1.29620e-05
6.12602e+02	2.33930e-02	2.29045e-02	5.22908	1.59340	1.29620e-05
6.16484e+02	2.34136e-02	2.38722e-02	5.47536	2.00962	1.29620e-05
6.20366e+02	2.34015e-02	2.48820e-02	5.84046	2.75428	1.29620e-05
6.24248e+02	2.33947e-02	2.20318e-02	1.21552	2.60799	1.29620e-05
6.28130e+02	2.33882e-02	1.63609e-02	1.85980	3.10593	1.29620e-05
6.32012e+02	2.33954e-02	2.40561e-02	3.97589	3.49029	1.29620e-05
6.35894e+02	2.34010e-02	2.89104e-02	4.23247	3.95366	1.29620e-05
6.39777e+02	2.34038e-02	2.67905e-02	5.90159	3.83668	1.29620e-05
6.43659e+02	2.33809e-02	1.70978e-02	1.14418	4.12518	1.29620e-05
6.47541e+02	2.33777e-02	1.89455e-02	2.23908	4.41964	1.29620e-05
6.51423e+02	2.33860e-02	1.87690e-02	3.62436	4.51215	1.29620e-05
6.55305e+02	2.34158e-02	2.81892e-02	5.59638	4.76712	1.29620e-05
6.59187e+02	2.34012e-02	2.77369e-02	1.07064	4.92492	1.29620e-05
6.63069e+02	2.33765e-02	1.99181e-02	2.97897	5.28562	1.29620e-05
6.66951e+02	2.33813e-02	1.89826e-02	4.38923	5.34083	1.29620e-05
6.70834e+02	2.33870e-02	2.01590e-02	5.25787	5.78053	1.29620e-05
6.74716e+02	2.33934e-02	2.10556e-02	1.10578	0.09735	1.29620e-05
6.78598e+02	2.33762e-02	1.34025e-02	2.17250	0.33322	1.29620e-05
6.82480e+02	2.33989e-02	2.05688e-02	3.63714	1.08147	1.29620e-05
6.86362e+02	2.33813e-02	1.12136e-02	4.40103	1.45791	1.29620e-05
6.90244e+02	2.33765e-02	7.90755e-03	0.54263	1.62990	1.29620e-05
6.94126e+02	2.33771e-02	5.29363e-03	3.02245	1.74723	1.29620e-05
6.98009e+02	2.33845e-02	4.03371e-03	5.38977	2.04373	1.29620e-05
7.01891e+02	2.33901e-02	6.51457e-03	1.41623	2.38086	1.29620e-05
7.05773e+02	2.33844e-02	7.89330e-03	3.90398	2.54845	1.29620e-05
7.09655e+02	2.33859e-02	8.56136e-03	5.88459	3.18085	1.29620e-05
7.13537e+02	2.33990e-02	2.00189e-02	0.74134	3.39027	1.29620e-05
7.17419e+02	2.33892e-02	1.61516e-02	2.52934	3.86789	1.29620e-05
7.21301e+02	2.33880e-02	1.85485e-02	4.17329	3.63045	1.29620e-05
7.25184e+02	2.33719e-02	1.07116e-02	5.89167	3.55086	1.29620e-05
7.29066e+02	2.33850e-02	1.27283e-02	0.88707	3.76793	1.29620e-05
7.32948e+02	2.33903e-02	1.36771e-02	1.80269	4.08209	1.29620e-05
7.36830e+02	2.33808e-02	8.91183e-03	2.31773	4.75732	1.29620e-05
7.40712e+02	2.34036e-02	1.63857e-02	4.19919	5.20565	1.29620e-05
7.44594e+02	2.33864e-02	1.39515e-02	5.91051	4.89363	1.29620e-05
7.48476e+02	2.33830e-02	1.82365e-02	0.79615	4.71166	1.29620e-05
7.52359e+02	2.33876e-02	1.60313e-02	2.25166	4.28523	1.29620e-05
7.56241e+02	2.33907e-02	1.54204e-02	3.99580	3.79413	1.29620e-05
7.60123e+02	2.34073e-02	1.64182e-02	6.05800	3.67061	1.29620e-05
7.64005e+02	2.33928e-02	1.37142e-02	1.73490	3.26258	1.29620e-05
7.67887e+02	2.33887e-02	1.59575e-02	3.66982	2.72537	1.29620e-05
7.71769e+02	2.34002e-02	1.63560e-02	3.96478	3.12562	1.29620e-05
7.75651e+02	2.33820e-02	1.19600e-02	5.45464	2.84900	1.29620e-05
7.79534e+02	2.33982e-02	1.95430e-02	0.52001	3.25309	1.29620e-05
7.83416e+02	2.33912e-02	2.04748e-02	0.76477	3.55175	1.29620e-05
7.87298e+02	2.33869e-02	1.27270e-02	2.11992	3.45477	1.29620e-05
7.91180e+02	2.33925e-02	1.82014e-02	3.75416	2.95784	1.29620e-05
7.95062e+02	2.34030e-02	1.50666e-02	5.78084	2.06651	1.29620e-05
7.98944e+02	2.33938e-02	1.72299e-02	1.35657	1.37056	1.29620e-05
8.02826e+02	2.33996e-02	1.24852e-02	1.83296	2.23627	1.29620e-05
8.06708e+02	2.34014e-02	9.84818e-03	2.41548	2.39025	1.29620e-05
8.10591e+02	2.33937e-02	9.60314e-03	3.56953	2.13991	1.29620e-05
8.14473e+02	2.34025e-02	9.71851e-03	4.37160	2.26868	1.29620e-05
8.18355e+02	2.33929e-02	8.33418e-03	5.16926	2.29130	1.29620e-05
8.22237e+02	2.34055e-02	1.36130e-02	6.19026	2.31070	1.29620e-05
8.26119e+02	2.33997e-02	1.50494e-02	0.43606	2.57979	1.29620e-05
8.30001e+02	2.34043e-02	1.74462e-02	0.94700	3.04277	1.29620e-05
8.33883e+02	2.34013e-02	1.45530e-02	1.39006	3.59223	1.29620e-05
8.37766e+02	2.33995e-02	1.66940e-02	1.94806	3.85209	1.29620e-05
8.41648e+02	2.34007e-02	1.49654e-02	2.14774	4.27187	1.29620e-05
8.45530e+02	2.34104e-02	1.75753e-02	4.13654	4.27331	1.29620e-05
8.49412e+02	2.33753e-02	7.18533e-03	6.24685	4.07191	1.29620e-05
8.53294e+02	2.33949e-02	1.01471e-02	0.42721	4.81390	1.29620e-05
8.57176e+02	2.34030e-02	1.03343e-02	0.20902	5.75179	1.29620e-05
8.61058e+02	2.33733e-02	3.56707e-03	2.57556	4.91555	1.29620e-05
8.64941e+02	2.34002e-02	1.33223e-02	2.90906	0.05519	1.29620e-05
8.68823e+02	2.33911e-02	1.19743e-02	5.13611	5.58816	1.29620e-05
8.72705e+02	2.33950e-02	1.92865e-02	6.26770	5.34559	1.29620e-05
8.76587e+02	2.33959e-02	1.46952e-02	1.74836	4.66411	1.29620e-05
8.80469e+02	2.33955e-02	1.24697e-02	3.70313	3.75120	1.29620e-05
8.84351e+02	2.33954e-02	1.27359e-02	6.01666	3.29251	1.29620e-05
8.88233e+02	2.33829e-02	8.67354e-03	0.98595	3.01475	1.29620e-05
8.92116e+02	2.33930e-02	7.64460e-03	1.69894	3.68752	1.29620e-05
8.95998e+02	2.33934e-02	8.51151e-03	2.90524	3.43079	1.29620e-05
8.99880e+02	2.33941e-02	8.92764e-03	3.78627	3.43158	1.29620e-05
9.03762e+02	2.33949e-02	8.66949e-03	4.47610	3.84706	1.29620e-05
9.07644e+02	2.33925e-02	1.01589e-02	5.23299	4.00488	1.29620e-05
9.11526e+02	2.33953e-02	1.17053e-02	6.24906	3.97411	1.29620e-05
9.15408e+02	2.34096e-02	1.22636e-02	0.37846	4.28128	1.29620e-05
9.19291e+02	2.33973e-02	1.02466e-02	0.84842	4.41541	1.29620e-05
9.23173e+02	2.33965e-02	8.29697e-03	0.97797	4.96300	1.29620e-05
9.27055e+02	2.33969e-02	1.01262e-02	1.62624	5.24512	1.29620e-05
9.30937e+02	2.33895e-02	8.04867e-03	1.87356	6.00224	1.29620e-05
9.34819e+02	2.34047e-02	1.25773e-02	1.81514	0.46993	1.29620e-05
9.38701e+02	2.33953e-02	1.27999e-02	2.14218	0.65311	1.29620e-05
9.42583e+02	2.33896e-02	1.13050e-02	2.20364	1.31852	1.29620e-05
9.46465e+02	2.33810e-02	8.63091e-03	2.41029	2.20078	1.29620e-05
9.50348e+02	2.33968e-02	1.60449e-02	4.54328	2.05437	1.29620e-05
9.54230e+02	2.33840e-02	1.14588e-02	4.80317	2.63937	1.29620e-05
9.58112e+02	2.33880e-02	1.08246e-02	5.12896	3.40309	1.29620e-05
9.61994e+02	2.34074e-02	1.63715e-02	5.36052	3.87676	1.29620e-05
9.65876e+02	2.33951e-02	1.22302e-02	5.66172	4.10312	1.29620e-05
9.69758e+02	2.34095e-02	1.37065e-02	5.67877	4.34629	1.29620e-05
9.73640e+02	2.33978e-02	1.22043e-02	5.73242	4.63573	1.29620e-05
9.77523e+02	2.33956e-02	1.09711e-02	5.86555	4.72007	1.29620e-05
9.81405e+02	2.34048e-02	1.29742e-02	6.01251	4.90716	1.29620e-05
9.85287e+02	2.33948e-02	1.08454e-02	0.06484	4.87143	1.29620e-05
9.89169e+02	2.34058e-02	1.39266e-02	0.12330	5.21713	1.29620e-05
9.93051e+02	2.33949e-02	1.18936e-02	0.28724	5.32183	1.29620e-05
9.96933e+02	2.33944e-02	1.27626e-02	0.47251	5.41092	1.29620e-05
1.00082e+03	2.34075e-02	1.51047e-02	0.33154	6.04640	1.29620e-05
1.00470e+03	2.33936e-02	1.20719e-02	0.46479	6.22345	1.29620e-05
1.00858e+03	2.34025e-02	1.43262e-02	0.48781	0.21371	1.29620e-05
1.01246e+03	2.33974e-02	1.27098e-02	0.37311	0.81843	1.29620e-05
1.01634e+03	2.33938e-02	1.02044e-02	0.56646	0.87192	1.29620e-05
1.02023e+03	2.34082e-02	1.31573e-02	0.59896	1.18855	1.29620e-05
1.02411e+03	2.33941e-02	9.94101e-03	0.80305	1.15438	1.29620e-05
1.02799e+03	2.34072e-02	1.11738e-02	0.73273	1.51942	1.29620e-05
1.03187e+03	2.33940e-02	1.01731e-02	0.83975	1.50991	1.29620e-05
1.03575e+03	2.33996e-02	1.05669e-02	0.80107	1.65769	1.29620e-05
1.03964e+03	2.33971e-02	9.74695e-03	0.72765	1.86580	1.29620e-05
1.04352e+03	2.34034e-02	1.13278e-02	0.88295	1.88384	1.29620e-05
1.04740e+03	2.34004e-02	9.34706e-03	0.67298	2.19754	1.29620e-05
1.05128e+03	2.34020e-02	1.04675e-02	0.91909	2.10418	1.29620e-05
1.05517e+03	2.33946e-02	1.05946e-02	0.66194	2.48039	1.29620e-05
1.05905e+03	2.34024e-02	9.22677e-03	0.54149	2.73379	1.29620e-05
1.06293e+03	2.34035e-02	1.32417e-02	0.51332	3.13294	1.29620e-05
1.06681e+03	2.33867e-02	5.27245e-03	2.40092	2.36758	1.29620e-05
1.07069e+03	2.33882e-02	1.20088e-02	3.85818	1.80446	1.29620e-05
1.07458e+03	2.33980e-02	2.00714e-02	5.56232	1.52970	1.29620e-05
1.07846e+03	2.33982e-02	1.80653e-02	5.74056	1.62791	1.29620e-05
1.08234e+03	2.33969e-02	1.57569e-02	5.86255	1.75813	1.29620e-05
1.08622e+03	2.34050e-02	1.85229e-02	5.74481	1.95451	1.29620e-05
1.09010e+03	2.34021e-02	1.54841e-02	5.70675	2.11685	1.29620e-05
1.09399e+03	2.34049e-02	1.64870e-02	5.63425	2.21592	1.29620e-05
1.09787e+03	2.34000e-02	1.70330e-02	5.52815	2.47787	1.29620e-05
1.10175e+03	2.33978e-02	1.52038e-02	5.32541	2.68009	1.29620e-05
1.10563e+03	2.34070e-02	1.69118e-02	5.28725	2.74464	1.29620e-05
1.10952e+03	2.34027e-02	1.78644e-02	5.07013	3.10389	1.29620e-05
1.11340e+03	2.34015e-02	1.56319e-02	4.81309	3.43066	1.29620e-05
1.11728e+03	2.33944e-02	1.53046e-02	4.65676	3.59918	1.29620e-05
1.12116e+03	2.34033e-02	1.81516e-02	4.37520	4.15232	1.29620e-05
1.12504e+03	2.34006e-02	1.48706e-02	4.17180	4.54345	1.29620e-05
1.12893e+03	2.33959e-02	1.45725e-02	3.97902	4.81686	1.29620e-05
1.13281e+03	2.34081e-02	1.78472e-02	3.67182	5.33257	1.29620e-05
1.13669e+03	2.33930e-02	1.60671e-02	3.27210	6.09512	1.29620e-05
1.14057e+03	2.33962e-02	1.32276e-02	3.16780	0.01028	1.29620e-05
1.14445e+03	2.34042e-02	1.79028e-02	2.82354	0.59725	1.29620e-05
1.14834e+03	2.34023e-02	1.44987e-02	2.51716	1.08883	1.29620e-05
1.15222e+03	2.33935e-02	1.40279e-02	2.39032	1.20717	1.29620e-05
1.15610e+03	2.34053e-02	1.70143e-02	2.21867	1.60510	1.29620e-05
1.15998e+03	2.33963e-02	1.51378e-02	2.01552	1.89836	1.29620e-05
1.16387e+03	2.34038e-02	1.71140e-02	2.14038	1.96043	1.29620e-05
1.16775e+03	2.33847e-02	1.09251e-02	2.96778	2.29780	1.29620e-05
1.17163e+03	2.33897e-02	1.11888e-02	3.85559	2.81684	1.29620e-05
1.17551e+03	2.33943e-02	1.30936e-02	4.79672	3.08776	1.29620e-05
1.17939e+03	2.34058e-02	1.86609e-02	5.65190	3.06286	1.29620e-05
1.18328e+03	2.33962e-02	1.62081e-02	5.64549	3.29060	1.29620e-05
1.18716e+03	2.34012e-02	1.85155e-02	5.90994	3.55437	1.29620e-05
1.19104e+03	2.33918e-02	1.89186e-02	5.96399	3.97881	1.29620e-05
1.19492e+03	2.34030e-02	2.20793e-02	0.11053	4.96728	1.29620e-05
1.19880e+03	2.33911e-02	1.59921e-02	1.47929	4.82767	1.29620e-05
1.20269e+03	2.33828e-02	1.51649e-02	2.94099	4.51920	1.29620e-05
1.20657e+03	2.33824e-02	1.23859e-02	4.09661	4.45671	1.29620e-05
1.21045e+03	2.33905e-02	1.85631e-02	5.44653	4.58242	1.29620e-05
1.21433e+03	2.33838e-02	1.15789e-02	5.68341	5.02144	1.29620e-05
1.21822e+03	2.33967e-02	9.92822e-03	1.24264	5.69656	1.29620e-05
1.22210e+03	2.34058e-02	1.32731e-02	1.05547	0.06890	1.29620e-05
1.22598e+03	2.34068e-02	1.06257e-02	0.96766	0.81894	1.29620e-05
1.22986e+03	2.33863e-02	7.36021e-03	2.97228	6.15257	1.29620e-05
1.23374e+03	2.34019e-02	1.28150e-02	4.07306	0.38075	1.29620e-05
1.23763e+03	2.33885e-02	1.06884e-02	4.91187	0.26523	1.29620e-05
1.24151e+03	2.33878e-02	6.49586e-03	0.19200	0.33480	1.29620e-05
1.24539e+03	2.33958e-02	1.27628e-02	1.72843	6.19782	1.29620e-05
1.24927e+03	2.33971e-02	9.67059e-03	1.51651	0.42819	1.29620e-05
1.25315e+03	2.33992e-02	1.15845e-02	1.61489	0.53677	1.29620e-05
1.25704e+03	2.34025e-02	1.11007e-02	1.20869	1.38225	1.29620e-05
1.26092e+03	2.33992e-02	9.53952e-03	1.16528	1.47885	1.29620e-05
1.26480e+03	2.34055e-02	1.38664e-02	0.85313	2.03428	1.29620e-05
1.26868e+03	2.33942e-02	9.88780e-03	0.51961	2.69354	1.29620e-05
1.27257e+03	2.33939e-02	1.22302e-02	0.38538	2.90874	1.29620e-05
1.27645e+03	2.33816e-02	7.32080e-03	1.12732	4.29242	1.29620e-05
1.28033e+03	2.34092e-02	2.02611e-02	2.49188	4.60871	1.29620e-05
1.28421e+03	2.33935e-02	1.62787e-02	2.23364	5.18457	1.29620e-05
1.28809e+03	2.33849e-02	1.07794e-02	2.80933	5.56390	1.29620e-05
1.29198e+03	2.34011e-02	2.23081e-02	4.34952	5.74212	1.29620e-05
1.29586e+03	2.34097e-02	2.53651e-02	5.96067	5.30758	1.29620e-05
1.29974e+03	2.33903e-02	2.33177e-02	1.33305	5.11033	1.29620e-05
1.30362e+03	2.33947e-02	2.08863e-02	1.60940	5.48071	1.29620e-05
1.30750e+03	2.33968e-02	2.28818e-02	1.70942	5.69497	1.29620e-05
1.31139e+03	2.34021e-02	2.02487e-02	1.59663	5.82462	1.29620e-05
1.31527e+03	2.33936e-02	2.01942e-02	1.81491	6.11773	1.29620e-05
1.31915e+03	2.34118e-02	2.23466e-02	1.72178	0.24916	1.29620e-05
1.32303e+03	2.34028e-02	2.49771e-02	1.83504	0.45065	1.29620e-05
1.32692e+03	2.34064e-02	2.42971e-02	2.05441	1.05361	1.29620e-05
1.33080e+03	2.33877e-02	1.92986e-02	3.60340	0.88650	1.29620e-05
1.33468e+03	2.33876e-02	1.84998e-02	5.01873	0.64480	1.29620e-05
1.33856e+03	2.33715e-02	1.21409e-02	6.03219	0.77029	1.29620e-05
1.34244e+03	2.33933e-02	1.84415e-02	0.89450	0.89949	1.29620e-05
1.34633e+03	2.33834e-02	1.33139e-02	0.94397	1.69436	1.29620e-05
1.35021e+03	2.33861e-02	9.92706e-03	2.84842	2.51971	1.29620e-05
1.35409e+03	2.34003e-02	1.51777e-02	2.85245	3.54867	1.29620e-05
1.35797e+03	2.34063e-02	1.96276e-02	4.58026	3.39574	1.29620e-05
1.36185e+03	2.33999e-02	2.17966e-02	6.15279	2.94082	1.29620e-05
1.36574e+03	2.34038e-02	2.03770e-02	1.50300	2.91965	1.29620e-05
1.36962e+03	2.33990e-02	1.87902e-02	1.64237	3.34940	1.29620e-05
1.37350e+03	2.33962e-02	1.74026e-02	1.47917	3.42958	1.29620e-05
1.37738e+03	2.33875e-02	1.66759e-02	1.73880	3.70741	1.29620e-05
1.38127e+03	2.34034e-02	2.06521e-02	3.43025	3.24185	1.29620e-05
1.38515e+03	2.34004e-02	1.88485e-02	5.18892	2.40395	1.29620e-05
1.38903e+03	2.33918e-02	1.88498e-02	0.77270	1.46635	1.29620e-05
1.39291e+03	2.33915e-02	1.81208e-02	2.28380	0.88472	1.29620e-05
1.39679e+03	2.33867e-02	2.03824e-02	3.30844	0.68985	1.29620e-05
1.40068e+03	2.33870e-02	1.30838e-02	4.91474	1.07476	1.29620e-05
1.40456e+03	2.34002e-02	2.17960e-02	6.06263	1.68718	1.29620e-05
1.40844e+03	2.34080e-02	2.30862e-02	6.22510	1.91023	1.29620e-05
1.41232e+03	2.33978e-02	2.01856e-02	6.05803	2.05409	1.29620e-05
1.41620e+03	2.33990e-02	2.32478e-02	5.90539	2.27031	1.29620e-05
1.42009e+03	2.33974e-02	2.16976e-02	5.64307	2.72435	1.29620e-05
1.42397e+03	2.34041e-02	2.04521e-02	5.53205	2.83829	1.29620e-05
1.42785e+03	2.34066e-02	2.43776e-02	5.25427	3.36490	1.29620e-05
1.43173e+03	2.34015e-02	2.04487e-02	5.12021	3.70791	1.29620e-05
1.43561e+03	2.34013e-02	2.29734e-02	4.63216	4.14975	1.29620e-05
1.43950e+03	2.34095e-02	2.35219e-02	4.08628	4.72167	1.29620e-05
1.44338e+03	2.33846e-02	1.58173e-02	3.89258	5.17497	1.29620e-05
1.44726e+03	2.33922e-02	2.07121e-02	5.71324	5.82540	1.29620e-05
1.45114e+03	2.34102e-02	2.39142e-02	0.78751	5.68494	1.29620e-05
1.45503e+03	2.34020e-02	2.38153e-02	2.54552	5.33461	1.29620e-05
1.45891e+03	2.34029e-02	2.10870e-02	4.05373	5.18131	1.29620e-05
1.46279e+03	2.34027e-02	2.52392e-02	5.58630	4.41471	1.29620e-05
1.46667e+03	2.33862e-02	2.40976e-02	1.07017	3.81348	1.29620e-05
1.47055e+03	2.33892e-02	2.68175e-02	3.26677	2.91009	1.29620e-05
1.47444e+03	2.34004e-02	2.51489e-02	4.85492	2.14802	1.29620e-05
1.47832e+03	2.33969e-02	2.60162e-02	6.21195	1.69459	1.29620e-05
1.48220e+03	2.33963e-02	1.87108e-02	1.94975	0.81097	1.29620e-05
1.48608e+03	2.33884e-02	1.71393e-02	4.23738	5.98489	1.29620e-05
1.48996e+03	2.34021e-02	2.37080e-02	6.07340	5.17408	1.29620e-05
1.49385e+03	2.33934e-02	2.69486e-02	1.47561	4.46792	1.29620e-05
1.49773e+03	2.33941e-02	2.39228e-02	3.21678	3.75884	1.29620e-05
1.50161e+03	2.33794e-02	1.98032e-02	5.13700	2.96901	1.29620e-05
1.50549e+03	2.34023e-02	2.35011e-02	0.72209	2.21013	1.29620e-05
1.50938e+03	2.33949e-02	2.34391e-02	2.60166	1.48585	1.29620e-05
1.51326e+03	2.34010e-02	2.02025e-02	4.32010	0.69190	1.29620e-05
1.51714e+03	2.33928e-02	1.77069e-02	6.27337	6.02234	1.29620e-05
1.52102e+03	2.33925e-02	2.12887e-02	2.13579	5.12889	1.29620e-05
1.52490e+03	2.33836e-02	2.53286e-02	3.96091	4.45093	1.29620e-05
1.52879e+03	2.33960e-02	2.75857e-02	5.51240	3.81538	1.29620e-05
1.53267e+03	2.33936e-02	2.47994e-02	0.92426	3.12527	1.29620e-05
1.53655e+03	2.33942e-02	1.79983e-02	2.94345	2.24893	1.29620e-05
1.54043e+03	2.33864e-02	1.78781e-02	4.99387	1.29561	1.29620e-05
1.54431e+03	2.34063e-02	2.36683e-02	0.54730	0.42085	1.29620e-05
1.54820e+03	2.33956e-02	2.42075e-02	2.37306	5.90116	1.29620e-05
1.55208e+03	2.33930e-02	2.26638e-02	4.21891	5.04373	1.29620e-05
1.55596e+03	2.33819e-02	2.20902e-02	6.09468	4.29799	1.29620e-05
1.55984e+03	2.33998e-02	2.61092e-02	1.59061	3.59354	1.29620e-05
1.56373e+03	2.33967e-02	2.28011e-02	3.36908	2.86281	1.29620e-05
1.56761e+03	2.33998e-02	1.79920e-02	5.21641	1.90387	1.29620e-05
1.57149e+03	2.33892e-02	1.84790e-02	1.05987	0.91462	1.29620e-05
1.57537e+03	2.33944e-02	2.32110e-02	3.13115	0.09943	1.29620e-05
1.57925e+03	2.33927e-02	2.67104e-02	4.76968	5.79230	1.29620e-05
1.58314e+03	2.33955e-02	2.61130e-02	0.04658	5.10977	1.29620e-05
1.58702e+03	2.33888e-02	2.29023e-02	1.89893	4.38936	1.29620e-05
1.59090e+03	2.33890e-02	1.79407e-02	3.99726	3.49862	1.29620e-05
1.59478e+03	2.33992e-02	2.19171e-02	5.83820	2.72872	1.29620e-05
1.59866e+03	2.34044e-02	2.31073e-02	1.39193	1.99732	1.29620e-05
1.60255e+03	2.33973e-02	2.04909e-02	3.23378	1.12908	1.29620e-05
1.60643e+03	2.33904e-02	2.06446e-02	5.16254	0.24660	1.29620e-05
1.61031e+03	2.33880e-02	2.51393e-02	0.76917	5.80519	1.29620e-05
1.61419e+03	2.33943e-02	2.63182e-02	2.53648	5.18281	1.29620e-05
1.61808e+03	2.33954e-02	2.34039e-02	4.11142	4.49140	1.29620e-05
1.62196e+03	2.33969e-02	1.87926e-02	5.92696	3.64610	1.29620e-05
1.62584e+03	2.33900e-02	1.77491e-02	1.89486	2.56034	1.29620e-05
1.62972e+03	2.33925e-02	1.98728e-02	3.91147	1.69792	1.29620e-05
1.63360e+03	2.33990e-02	2.55119e-02	5.54887	1.04976	1.29620e-05
1.63749e+03	2.33962e-02	2.65722e-02	0.97225	0.34293	1.29620e-05
1.64137e+03	2.33896e-02	2.33681e-02	2.75696	5.88859	1.29620e-05
1.64525e+03	2.33827e-02	1.95729e-02	4.63474	5.19773	1.29620e-05
1.64913e+03	2.33997e-02	2.23797e-02	0.21856	4.44524	1.29620e-05
1.65301e+03	2.33945e-02	1.92262e-02	2.17446	3.66744	1.29620e-05
1.65690e+03	2.33998e-02	1.94252e-02	4.01436	2.71363	1.29620e-05
1.66078e+03	2.33964e-02	2.20601e-02	5.92631	1.83593	1.29620e-05
1.66466e+03	2.33873e-02	2.52572e-02	1.55374	1.14743	1.29620e-05
1.66854e+03	2.33876e-02	2.55829e-02	3.26014	0.58586	1.29620e-05
1.67243e+03	2.33971e-02	2.41060e-02	4.86259	6.16232	1.29620e-05
1.67631e+03	2.33988e-02	2.08293e-02	0.46305	5.30631	1.29620e-05
1.68019e+03	2.33975e-02	1.80245e-02	2.53817	4.30653	1.29620e-05
1.68407e+03	2.33859e-02	1.96636e-02	4.46993	3.47439	1.29620e-05
1.68795e+03	2.34041e-02	2.45946e-02	6.26551	2.69348	1.29620e-05
1.69184e+03	2.33947e-02	2.50462e-02	1.80432	1.92568	1.29620e-05
1.69572e+03	2.33915e-02	2.28500e-02	3.55412	1.12975	1.29620e-05
1.69960e+03	2.33784e-02	2.17749e-02	5.34613	0.47234	1.29620e-05
1.70348e+03	2.33973e-02	2.34974e-02	0.90983	6.05446	1.29620e-05
1.70736e+03	2.33939e-02	1.93815e-02	2.80404	5.30700	1.29620e-05
1.71125e+03	2.33991e-02	1.89140e-02	4.69412	4.26312	1.29620e-05
1.71513e+03	2.33895e-02	2.10573e-02	0.36777	3.39833	1.29620e-05
1.71901e+03	2.33922e-02	2.36879e-02	2.28177	2.66844	1.29620e-05
1.72289e+03	2.33850e-02	2.42855e-02	4.00162	2.06009	1.29620e-05
1.72678e+03	2.33978e-02	2.41576e-02	5.67336	1.28724	1.29620e-05
1.73066e+03	2.33916e-02	2.27805e-02	1.23719	0.45693	1.29620e-05
1.73454e+03	2.33949e-02	1.97822e-02	3.21098	5.90078	1.29620e-05
1.73842e+03	2.33863e-02	1.93406e-02	5.06262	5.10867	1.29620e-05
1.74230e+03	2.34093e-02	2.21210e-02	0.66009	4.19583	1.29620e-05
1.74619e+03	2.33971e-02	2.30392e-02	2.55230	3.31860	1.29620e-05
1.75007e+03	2.33892e-02	2.42008e-02	4.41499	2.51745	1.29620e-05
1.75395e+03	2.33809e-02	2.44804e-02	6.11785	1.95340	1.29620e-05
1.75783e+03	2.34007e-02	2.55229e-02	1.59593	1.28546	1.29620e-05
1.76171e+03	2.33967e-02	2.09936e-02	3.42083	0.50294	1.29620e-05
1.76560e+03	2.33953e-02	1.72628e-02	5.42590	5.72836	1.29620e-05
1.76948e+03	2.33913e-02	2.09827e-02	1.13118	4.85514	1.29620e-05
1.77336e+03	2.33965e-02	2.53984e-02	3.01526	4.13284	1.29620e-05
1.77724e+03	2.33999e-02	2.64781e-02	4.66407	3.47242	1.29620e-05
1.78113e+03	2.33834e-02	2.24861e-02	0.09462	2.70022	1.29620e-05
1.78501e+03	2.33912e-02	2.42813e-02	2.01994	1.90968	1.29620e-05
1.78889e+03	2.34019e-02	2.41454e-02	3.90118	1.10190	1.29620e-05
1.79277e+03	2.34049e-02	2.15363e-02	5.65319	0.24915	1.29620e-05
1.79665e+03	2.33846e-02	1.82548e-02	1.33053	5.57559	1.29620e-05
1.80054e+03	2.34016e-02	2.32043e-02	3.35251	4.68938	1.29620e-05
1.80442e+03	2.33948e-02	2.96062e-02	5.08985	4.02848	1.29620e-05
1.80830e+03	2.33930e-02	2.71394e-02	0.35597	3.39221	1.29620e-05
1.81218e+03	2.33820e-02	2.10108e-02	2.09020	2.74550	1.29620e-05
1.81606e+03	2.33958e-02	2.04487e-02	4.20790	1.81612	1.29620e-05
1.81995e+03	2.34036e-02	2.28288e-02	6.15797	0.97316	1.29620e-05
1.82383e+03	2.33945e-02	2.16435e-02	1.53930	0.15676	1.29620e-05
1.82771e+03	2.33877e-02	2.11677e-02	3.38802	5.77993	1.29620e-05
1.83159e+03	2.33946e-02	2.27326e-02	5.43318	5.01845	1.29620e-05
1.83548e+03	2.33891e-02	2.50603e-02	0.90726	4.29457	1.29620e-05
1.83936e+03	2.33940e-02	2.49981e-02	2.51066	3.59107	1.29620e-05
1.84324e+03	2.33829e-02	2.39435e-02	4.31160	3.00312	1.29620e-05
1.84712e+03	2.33955e-02	1.92730e-02	6.23539	2.28891	1.29620e-05
1.85100e+03	2.33926e-02	2.03876e-02	1.92162	1.37193	1.29620e-05
1.85489e+03	2.34022e-02	2.17969e-02	3.73917	0.51752	1.29620e-05
1.85877e+03	2.33894e-02	2.28666e-02	5.71081	6.00806	1.29620e-05
1.86265e+03	2.33869e-02	2.33341e-02	1.18652	5.41577	1.29620e-05
1.86653e+03	2.33916e-02	2.72463e-02	2.92064	4.71325	1.29620e-05
1.87041e+03	2.33991e-02	2.41922e-02	4.66775	3.97450	1.29620e-05
1.87430e+03	2.33871e-02	2.09249e-02	0.28753	3.16126	1.29620e-05
1.87818e+03	2.33965e-02	2.16859e-02	2.14484	2.40405	1.29620e-05
1.88206e+03	2.33993e-02	2.24008e-02	3.95206	1.58336	1.29620e-05
1.88594e+03	2.34035e-02	2.26456e-02	5.84790	0.68583	1.29620e-05
1.88983e+03	2.33810e-02	2.13353e-02	1.57462	6.04352	1.29620e-05
1.89371e+03	2.33906e-02	2.68527e-02	3.32978	5.40144	1.29620e-05
1.89759e+03	2.33963e-02	2.88182e-02	4.94482	4.77338	1.29620e-05
1.90147e+03	2.33984e-02	2.40547e-02	0.33189	4.09305	1.29620e-05
1.90535e+03	2.33887e-02	1.53065e-02	2.34346	3.22668	1.29620e-05
1.90924e+03	2.33968e-02	2.00444e-02	4.43851	2.26678	1.29620e-05
1.91312e+03	2.34064e-02	2.57481e-02	6.26189	1.55902	1.29620e-05
1.91700e+03	2.33972e-02	2.47858e-02	1.60340	0.89210	1.29620e-05
1.92088e+03	2.33845e-02	2.24089e-02	3.33352	0.25027	1.29620e-05
1.92476e+03	2.33894e-02	2.42061e-02	5.37155	5.79870	1.29620e-05
1.92865e+03	2.34007e-02	2.58093e-02	0.89449	5.18467	1.29620e-05
1.93253e+03	2.33989e-02	2.39464e-02	2.41747	4.49184	1.29620e-05
1.93641e+03	2.33933e-02	2.09252e-02	4.18137	3.86442	1.29620e-05
1.94029e+03	2.33919e-02	1.63430e-02	0.06910	2.97357	1.29620e-05
1.94418e+03	2.33866e-02	2.01337e-02	2.14697	2.14158	1.29620e-05
1.94806e+03	2.34019e-02	2.77674e-02	3.78027	1.49268	1.29620e-05
1.95194e+03	2.33902e-02	2.83585e-02	5.41681	0.94642	1.29620e-05
1.95582e+03	2.33923e-02	2.29465e-02	0.78806	0.38075	1.29620e-05
1.95970e+03	2.33911e-02	2.04990e-02	2.75127	5.94510	1.29620e-05
1.96359e+03	2.34008e-02	2.28869e-02	4.73848	5.10810	1.29620e-05
1.96747e+03	2.34010e-02	2.30505e-02	0.18507	4.29699	1.29620e-05
1.97135e+03	2.33897e-02	1.96392e-02	1.86175	3.65659	1.29620e-05
1.97523e+03	2.33860e-02	2.13755e-02	3.92071	2.81656	1.29620e-05
1.97911e+03	2.33965e-02	2.39221e-02	5.86909	2.03861	1.29620e-05
1.98300e+03	2.33962e-02	2.59698e-02	1.24636	1.25007	1.29620e-05
1.98688e+03	2.33898e-02	2.40077e-02	2.92763	0.61590	1.29620e-05
1.99076e+03	2.33906e-02	2.40206e-02	4.79024	6.21185	1.29620e-05
1.99464e+03	2.33993e-02	2.22970e-02	0.42281	5.44705	1.29620e-05
1.99853e+03	2.33966e-02	1.94881e-02	2.23619	4.47960	1.29620e-05
2.00241e+03	2.33888e-02	2.15369e-02	4.24672	3.67136	1.29620e-05
2.00629e+03	2.33877e-02	2.42078e-02	6.20229	2.95049	1.29620e-05
2.01017e+03	2.33952e-02	2.62103e-02	1.59011	2.34450	1.29620e-05
2.01405e+03	2.34009e-02	2.34403e-02	3.25176	1.57305	1.29620e-05
2.01794e+03	2.33897e-02	2.27744e-02	5.20743	0.87296	1.29620e-05
2.02182e+03	2.33990e-02	2.25538e-02	0.84939	0.20190	1.29620e-05
2.02570e+03	2.33983e-02	2.37829e-02	2.56377	5.78308	1.29620e-05
2.02958e+03	2.34009e-02	2.30055e-02	4.34531	5.04608	1.29620e-05
2.03346e+03	2.33783e-02	1.65123e-02	0.11063	4.15563	1.29620e-05
2.03735e+03	2.33924e-02	2.04644e-02	2.12331	3.47035	1.29620e-05
2.04123e+03	2.33984e-02	2.62455e-02	4.02184	2.85865	1.29620e-05
2.04511e+03	2.34064e-02	2.86091e-02	5.58833	2.31878	1.29620e-05
2.04899e+03	2.33978e-02	2.52652e-02	0.85780	1.75658	1.29620e-05
2.05288e+03	2.33862e-02	1.99868e-02	2.86634	1.04965	1.29620e-05
2.05676e+03	2.33922e-02	2.00650e-02	5.00385	0.19846	1.29620e-05
2.06064e+03	2.33939e-02	2.44224e-02	0.43445	5.69574	1.29620e-05
2.06452e+03	2.34013e-02	2.43862e-02	2.22365	5.00402	1.29620e-05
2.06840e+03	2.33848e-02	2.03169e-02	4.13351	4.17376	1.29620e-05
2.07229e+03	2.33984e-02	2.37356e-02	6.12231	3.42221	1.29620e-05
2.07617e+03	2.34013e-02	2.88808e-02	1.53611	2.70936	1.29620e-05
2.08005e+03	2.33935e-02	2.57416e-02	3.21116	2.07768	1.29620e-05
2.08393e+03	2.33890e-02	1.99475e-02	4.97650	1.41793	1.29620e-05
2.08781e+03	2.33901e-02	2.00252e-02	0.79784	0.40831	1.29620e-05
2.09170e+03	2.33978e-02	2.35659e-02	2.76123	5.72728	1.29620e-05
2.09558e+03	2.33843e-02	2.44880e-02	4.60671	4.93295	1.29620e-05
2.09946e+03	2.33969e-02	2.59604e-02	0.03027	4.33343	1.29620e-05
2.10334e+03	2.33965e-02	2.63556e-02	1.81782	3.55833	1.29620e-05
2.10723e+03	2.34021e-02	2.25889e-02	3.55704	2.83520	1.29620e-05
2.11111e+03	2.33852e-02	1.97555e-02	5.56594	1.97355	1.29620e-05
2.11499e+03	2.33948e-02	2.15630e-02	1.13600	1.24227	1.29620e-05
2.11887e+03	2.33936e-02	2.50608e-02	2.97898	0.42934	1.29620e-05
2.12275e+03	2.33904e-02	2.09301e-02	4.77322	5.93036	1.29620e-05
2.12664e+03	2.33842e-02	2.14773e-02	0.57138	5.11688	1.29620e-05
2.13052e+03	2.34008e-02	2.80840e-02	2.36677	4.43595	1.29620e-05
2.13440e+03	2.33969e-02	2.89591e-02	4.03061	3.90092	1.29620e-05
2.13828e+03	2.33995e-02	2.23159e-02	5.60993	3.25304	1.29620e-05
2.14216e+03	2.33774e-02	1.84167e-02	1.35580	2.50491	1.29620e-05
2.14605e+03	2.33902e-02	1.86900e-02	3.55256	1.71113	1.29620e-05
2.14993e+03	2.33952e-02	2.30099e-02	5.24788	1.06117	1.29620e-05
2.15381e+03	2.34083e-02	2.61381e-02	0.70550	0.43503	1.29620e-05
2.15769e+03	2.33902e-02	2.21437e-02	2.43717	6.10592	1.29620e-05
2.16157e+03	2.33859e-02	1.89363e-02	4.34678	5.51702	1.29620e-05
2.16546e+03	2.33921e-02	2.37112e-02	0.16770	4.81037	1.29620e-05
2.16934e+03	2.33929e-02	2.68891e-02	1.89210	4.22674	1.29620e-05
2.17322e+03	2.33990e-02	2.70265e-02	3.42971	3.66057	1.29620e-05
2.17710e+03	2.33872e-02	2.02186e-02	5.22421	3.06923	1.29620e-05
2.18099e+03	2.33918e-02	1.66767e-02	1.02969	2.23694	1.29620e-05
2.18487e+03	2.33994e-02	2.17108e-02	3.18146	1.26801	1.29620e-05
2.18875e+03	2.34048e-02	2.60818e-02	4.90445	0.65610	1.29620e-05
2.19263e+03	2.33938e-02	2.49425e-02	0.22174	6.27137	1.29620e-05
2.19651e+03	2.33875e-02	2.35679e-02	2.01798	5.74224	1.29620e-05
2.20040e+03	2.33840e-02	2.34964e-02	4.02979	5.09589	1.29620e-05
2.20428e+03	2.33972e-02	2.43652e-02	5.75806	4.29425	1.29620e-05
2.20816e+03	2.33914e-02	2.33469e-02	1.24235	3.66333	1.29620e-05
2.21204e+03	2.33931e-02	1.80410e-02	3.06541	3.05565	1.29620e-05
2.21592e+03	2.33807e-02	1.71019e-02	5.06487	2.39100	1.29620e-05
2.21981e+03	2.33939e-02	2.04573e-02	0.91010	1.68445	1.29620e-05
2.22369e+03	2.33984e-02	2.39426e-02	2.69200	1.10883	1.29620e-05
2.22757e+03	2.34010e-02	2.92389e-02	4.25919	0.59860	1.29620e-05
2.23145e+03	2.33831e-02	2.57905e-02	5.94733	0.09597	1.29620e-05
2.23534e+03	2.33855e-02	2.25148e-02	1.36570	5.93988	1.29620e-05
2.23922e+03	2.33886e-02	1.77069e-02	3.50772	5.23906	1.29620e-05
2.24310e+03	2.33944e-02	1.96281e-02	5.53950	4.43594	1.29620e-05
2.24698e+03	2.34118e-02	2.44261e-02	0.98295	3.79070	1.29620e-05
2.25086e+03	2.33929e-02	2.45812e-02	2.72560	3.19100	1.29620e-05
2.25475e+03	2.33882e-02	2.11935e-02	4.47603	2.61427	1.29620e-05
2.25863e+03	2.33741e-02	2.00248e-02	0.30795	1.92915	1.29620e-05
2.26251e+03	2.33959e-02	2.18983e-02	2.21865	1.36560	1.29620e-05
2.26639e+03	2.33982e-02	2.87652e-02	3.90371	0.71315	1.29620e-05
2.27027e+03	2.34089e-02	2.70877e-02	5.61258	0.19609	1.29620e-05
2.27416e+03	2.33858e-02	2.04828e-02	0.87891	5.97095	1.29620e-05
2.27804e+03	2.33915e-02	1.73646e-02	2.91095	5.31780	1.29620e-05
2.28192e+03	2.33925e-02	1.87931e-02	5.11096	4.45405	1.29620e-05
2.28580e+03	2.33955e-02	2.40725e-02	0.44441	3.76452	1.29620e-05
2.28969e+03	2.33920e-02	2.60395e-02	2.23812	3.07537	1.29620e-05
2.29357e+03	2.33917e-02	2.05491e-02	4.02244	2.48756	1.29620e-05
2.29745e+03	2.33936e-02	2.09917e-02	5.92931	1.87084	1.29620e-05
2.30133e+03	2.34041e-02	2.52823e-02	1.50622	1.11450	1.29620e-05
2.30521e+03	2.33936e-02	2.56939e-02	3.18460	0.45846	1.29620e-05
2.30910e+03	2.33900e-02	1.95705e-02	4.94170	6.11947	1.29620e-05
2.31298e+03	2.33850e-02	2.12442e-02	0.53828	5.39467	1.29620e-05
2.31686e+03	2.33971e-02	2.26485e-02	2.54270	4.51376	1.29620e-05
2.32074e+03	2.33876e-02	2.36341e-02	4.36673	3.63925	1.29620e-05
2.32462e+03	2.33948e-02	2.47484e-02	6.14114	3.00719	1.29620e-05
2.32851e+03	2.33934e-02	2.82308e-02	1.67222	2.32159	1.29620e-05
2.33239e+03	2.34019e-02	2.61845e-02	3.24272	1.79807	1.29620e-05
2.33627e+03	2.33866e-02	2.02906e-02	5.10174	0.92679	1.29620e-05
2.34015e+03	2.33841e-02	1.92328e-02	0.91244	0.04661	1.29620e-05
2.34404e+03	2.33884e-02	2.61889e-02	2.80866	5.58792	1.29620e-05
2.34792e+03	2.34029e-02	2.50684e-02	4.39900	5.02042	1.29620e-05
2.35180e+03	2.33897e-02	2.11550e-02	6.27006	4.18770	1.29620e-05
2.35568e+03	2.33930e-02	2.25838e-02	1.82389	3.57933	1.29620e-05
2.35956e+03	2.33941e-02	2.72880e-02	3.78927	2.88393	1.29620e-05
2.36345e+03	2.34023e-02	2.83812e-02	5.33000	2.33200	1.29620e-05
2.36733e+03	2.33823e-02	2.41056e-02	0.62996	1.78053	1.29620e-05
2.37121e+03	2.33864e-02	1.97938e-02	2.54776	1.13654	1.29620e-05
2.37509e+03	2.33906e-02	1.65933e-02	4.89020	0.13695	1.29620e-05
2.37897e+03	2.34030e-02	2.53169e-02	0.22644	5.72515	1.29620e-05
2.38286e+03	2.33935e-02	2.63565e-02	2.20654	4.98632	1.29620e-05
2.38674e+03	2.33928e-02	2.21988e-02	4.02302	4.34050	1.29620e-05
2.39062e+03	2.33964e-02	2.29816e-02	5.92924	3.62395	1.29620e-05
2.39450e+03	2.33910e-02	2.61942e-02	1.22942	3.05287	1.29620e-05
2.39839e+03	2.33897e-02	2.38590e-02	3.11210	2.42983	1.29620e-05
2.40227e+03	2.33925e-02	2.12088e-02	4.75457	1.69116	1.29620e-05
2.40615e+03	2.33848e-02	1.44200e-02	6.12625	1.52716	1.29620e-05
2.41003e+03	2.33986e-02	1.39781e-02	0.59305	1.56389	1.29620e-05
2.41391e+03	2.34145e-02	1.82262e-02	5.92714	2.65867	1.29620e-05
2.41780e+03	2.33802e-02	1.60732e-02	0.89092	3.03651	1.29620e-05
2.42168e+03	2.34157e-02	1.54559e-02	1.55216	3.64698	1.29620e-05
2.42556e+03	2.34106e-02	9.59216e-03	5.68642	4.39680	1.29620e-05
2.42944e+03	2.34236e-02	5.83677e-03	4.21880	3.56974	1.29620e-05
2.43332e+03	2.34194e-02	2.79248e-03	5.36501	0.66871	1.29620e-05
2.43721e+03	2.33933e-02	1.21612e-02	2.39326	2.39902	1.29620e-05
2.44109e+03	2.34023e-02	1.92595e-02	0.86187	3.36321	1.29620e-05
2.44497e+03	2.34090e-02	1.78072e-02	6.22637	4.10373	1.29620e-05
2.44885e+03	2.34452e-02	1.42178e-02	2.36642	4.77022	1.29620e-05
2.45274e+03	2.34260e-02	1.88783e-02	5.38549	3.94020	1.29620e-05
2.45662e+03	2.34104e-02	2.71414e-02	3.38415	4.94876	1.29620e-05
2.46050e+03	2.34560e-02	1.35621e-02	4.54178	6.10625	1.29620e-05
2.46438e+03	2.34225e-02	1.22795e-02	4.79643	1.72891	1.29620e-05
2.46826e+03	2.34101e-02	1.75653e-02	3.87405	5.87699	1.29620e-05
2.47215e+03	2.33934e-02	1.46289e-02	1.85570	1.32120	1.29620e-05
2.47603e+03	2.34025e-02	1.90510e-02	2.27383	6.02515	1.29620e-05
2.47991e+03	2.34327e-02	4.05396e-03	3.49782	2.11914	1.29620e-05
2.48379e+03	2.33898e-02	2.49841e-02	2.52259	1.99567	1.29620e-05
2.48767e+03	2.34298e-02	7.54205e-03	3.56497	5.17618	1.29620e-05
2.49156e+03	2.34215e-02	1.62055e-02	3.89871	1.85486	1.29620e-05
2.49544e+03	2.33845e-02	2.48899e-02	0.33880	4.16783	1.29620e-05
2.49932e+03	2.34104e-02	2.23738e-02	2.39952	1.53709	1.29620e-05
2.50320e+03	2.34319e-02	2.18738e-02	3.63230	4.22457	1.29620e-05
2.50709e+03	2.33769e-02	1.37138e-02	0.23536	0.66956	1.29620e-05
2.51097e+03	2.34098e-02	2.86271e-02	2.82809	4.28725	1.29620e-05
2.51485e+03	2.34014e-02	8.51155e-03	4.88328	1.42360	1.29620e-05
2.51873e+03	2.33783e-02	2.94073e-02	2.07528	5.22427	1.29620e-05
2.52261e+03	2.33573e-02	1.61472e-02	4.20358	0.65090	1.29620e-05
2.52650e+03	2.33554e-02	8.78374e-03	4.49775	4.72670	1.29620e-05
2.53038e+03	2.33726e-02	5.70345e-03	1.07484	0.66074	1.29620e-05
2.53426e+03	2.33655e-02	1.29112e-02	5.67231	0.32055	1.29620e-05
2.53814e+03	2.33620e-02	1.77058e-02	4.18162	1.18109	1.29620e-05
2.54202e+03	2.33660e-02	1.30086e-02	1.37132	2.46505	1.29620e-05
2.54591e+03	2.33718e-02	5.13041e-03	5.77658	2.91102	1.29620e-05
2.54979e+03	2.33714e-02	6.67937e-03	4.42334	2.76529	1.29620e-05
2.55367e+03	2.33538e-02	1.45968e-02	3.91974	2.53023	1.29620e-05
2.55755e+03	2.33680e-02	7.85708e-03	2.12666	3.51225	1.29620e-05
2.56144e+03	2.33642e-02	7.38346e-03	6.21978	4.92202	1.29620e-05
2.56532e+03	2.33503e-02	1.09185e-02	3.28936	1.19728	1.29620e-05
2.56920e+03	2.33361e-02	1.97649e-02	1.77117	2.87250	1.29620e-05
2.57308e+03	2.33422e-02	1.10696e-02	1.89562	4.07706	1.29620e-05
2.57696e+03	2.33402e-02	1.61215e-02	3.47906	4.76002	1.29620e-05
2.58085e+03	2.33348e-02	1.40097e-02	4.67552	5.52758	1.29620e-05
2.58473e+03	2.33313e-02	1.76957e-02	0.21445	5.58444	1.29620e-05
2.58861e+03	2.33298e-02	3.90272e-03	0.59061	1.39691	1.29620e-05
2.59249e+03	2.33173e-02	3.85616e-03	4.88546	1.01786	1.29620e-05
2.59637e+03	2.33375e-02	1.47156e-02	0.75137	2.14159	1.29620e-05
2.60026e+03	2.33244e-02	2.26639e-02	3.66005	2.03706	1.29620e-05
2.60414e+03	2.33198e-02	1.90041e-02	1.28976	2.56741	1.29620e-05
2.60802e+03	2.33116e-02	2.18044e-02	4.02704	4.00088	1.29620e-05
2.61190e+03	2.33320e-02	1.32044e-02	1.93398	4.90565	1.29620e-05
2.61579e+03	2.33192e-02	1.19796e-02	5.71667	6.11445	1.29620e-05
2.61967e+03	2.33171e-02	1.24635e-02	3.49321	0.38983	1.29620e-05
2.62355e+03	2.33205e-02	1.33880e-02	5.04121	3.22353	1.29620e-05
2.62743e+03	2.33218e-02	1.31757e-02	4.46217	3.80500	1.29620e-05
2.63131e+03	2.33252e-02	1.51679e-02	1.43287	4.84261	1.29620e-05
2.63520e+03	2.33293e-02	1.40126e-02	3.57223	0.58689	1.29620e-05
2.63908e+03	2.33318e-02	1.45274e-02	3.44585	1.10661	1.29620e-05
2.64296e+03	2.32857e-02	1.42682e-02	0.55346	3.89277	1.29620e-05
2.64684e+03	2.32992e-02	2.10847e-02	3.78152	0.50705	1.29620e-05
2.65072e+03	2.32967e-02	1.42629e-02	3.53073	2.09205	1.29620e-05
2.65461e+03	2.32851e-02	6.24435e-03	6.07411	1.11365	1.29620e-05
2.65849e+03	2.32843e-02	8.75715e-03	4.71008	5.68642	1.29620e-05
2.66237e+03	2.33122e-02	1.25197e-02	5.80431	5.50161	1.29620e-05
2.66625e+03	2.32710e-02	7.40686e-03	2.97327	4.32980	1.29620e-05
2.67014e+03	2.32800e-02	2.86682e-02	1.01739	1.82999	1.29620e-05
2.67402e+03	2.32692e-02	1.19582e-02	3.68509	1.20947	1.29620e-05
2.67790e+03	2.33020e-02	1.67307e-02	1.64378	5.97315	1.29620e-05
2.68178e+03	2.32729e-02	8.91990e-03	5.06674	5.40281	1.29620e-05
2.68566e+03	2.32868e-02	2.03504e-03	4.61676	2.82691	1.29620e-05
2.68955e+03	2.32767e-02	8.69730e-03	4.07426	1.06110	1.29620e-05
2.69343e+03	2.32818e-02	1.82682e-02	0.39864	1.64823	1.29620e-05
2.69731e+03	2.32675e-02	1.63308e-02	6.25025	0.31342	1.29620e-05
2.70119e+03	2.32786e-02	1.72204e-02	3.83479	0.66429	1.29620e-05
2.70507e+03	2.32807e-02	9.91660e-03	3.63752	0.09413	1.29620e-05
2.70896e+03	2.32555e-02	1.21667e-02	4.99357	3.53367	1.29620e-05
2.71284e+03	2.32738e-02	1.33589e-02	4.85917	3.24705	1.29620e-05
2.71672e+03	2.32496e-02	1.50284e-02	3.25334	4.24562	1.29620e-05
2.72060e+03	2.32562e-02	3.05341e-02	3.82783	4.02095	1.29620e-05
2.72449e+03	2.32404e-02	1.15642e-02	5.91571	1.95290	1.29620e-05
2.72837e+03	2.32576e-02	1.10887e-02	2.27461	1.16692	1.29620e-05
2.73225e+03	2.32414e-02	1.90699e-02	1.50065	2.88715	1.29620e-05
2.73613e+03	2.32508e-02	1.92168e-02	5.30866	1.78906	1.29620e-05
2.74001e+03	2.32417e-02	2.69731e-02	2.18555	0.23098	1.29620e-05
2.74390e+03	2.32423e-02	1.29847e-02	6.03352	5.57366	1.29620e-05
2.74778e+03	2.32371e-02	1.18105e-02	5.14685	2.97827	1.29620e-05
2.75166e+03	2.32145e-02	1.73597e-02	5.84027	5.41159	1.29620e-05
2.75554e+03	2.32385e-02	2.88307e-02	3.28826	5.77543	1.29620e-05
2.75942e+03	2.32346e-02	1.41679e-02	1.86961	4.64774	1.29620e-05
2.76331e+03	2.32147e-02	1.75737e-02	1.98115	3.63153	1.29620e-05
2.76719e+03	2.32294e-02	1.93238e-02	2.48596	1.21444	1.29620e-05
2.77107e+03	2.32219e-02	2.98549e-03	1.50938	1.89631	1.29620e-05
2.77495e+03	2.32203e-02	2.49751e-02	3.77383	5.34614	1.29620e-05
2.77884e+03	2.32053e-02	9.77011e-03	6.12281	2.70732	1.29620e-05
2.78272e+03	2.32189e-02	1.41145e-02	0.81191	2.89902	1.29620e-05
2.78660e+03	2.32037e-02	2.70729e-02	3.17399	1.16243	1.29620e-05
2.79048e+03	2.31832e-02	1.28513e-02	3.95365	2.24976	1.29620e-05
2.79436e+03	2.31901e-02	2.22026e-02	1.98948	5.86674	1.29620e-05
2.79825e+03	2.31901e-02	1.08702e-02	0.65350	3.18086	1.29620e-05
2.80213e+03	2.31665e-02	1.76195e-02	2.79055	4.53394	1.29620e-05
2.80601e+03	2.31754e-02	2.47342e-02	1.66071	2.28446	1.29620e-05
2.80989e+03	2.31710e-02	8.33900e-03	1.81837	5.97879	1.29620e-05
2.81377e+03	2.31783e-02	2.78429e-02	5.09006	1.00022	1.29620e-05
2.81766e+03	2.31834e-02	2.13097e-02	4.58103	5.89176	1.29620e-05
2.82154e+03	2.31615e-02	1.51722e-02	2.47275	1.03587	1.29620e-05
2.82542e+03	2.31739e-02	1.79248e-02	4.61709	4.44931	1.29620e-05
2.82930e+03	2.31815e-02	1.73280e-02	0.11559	2.22579	1.29620e-05
2.83319e+03	2.31559e-02	4.13045e-03	5.45594	4.21212	1.29620e-05
2.83707e+03	2.31543e-02	3.11444e-02	2.49476	1.48753	1.29620e-05
2.84095e+03	2.31509e-02	1.71670e-02	4.88498	0.06130	1.29620e-05
2.84483e+03	2.31664e-02	1.63628e-02	6.15028	1.22607	1.29620e-05
2.84871e+03	2.31625e-02	1.82491e-02	4.12720	5.48876	1.29620e-05
2.85260e+03	2.31395e-02	1.46668e-02	2.97239	2.94020	1.29620e-05
2.85648e+03	2.31429e-02	1.07679e-02	4.49725	4.92225	1.29620e-05
2.86036e+03	2.31450e-02	2.48388e-02	3.97182	2.79382	1.29620e-05
2.86424e+03	2.31384e-02	1.38505e-02	3.66612	1.11610	1.29620e-05
2.86812e+03	2.31301e-02	1.82126e-02	0.93056	2.68223	1.29620e-05
2.87201e+03	2.31355e-02	2.38876e-02	1.48813	0.82939	1.29620e-05
2.87589e+03	2.31359e-02	1.08524e-02	3.19907	4.71781	1.29620e-05
2.87977e+03	2.31299e-02	1.04852e-02	1.07285	1.02572	1.29620e-05
2.88365e+03	2.31232e-02	2.20549e-02	3.88607	4.78867	1.29620e-05
2.88753e+03	2.30992e-02	1.97295e-02	0.09553	3.01956	1.29620e-05
2.89142e+03	2.31117e-02	1.45614e-02	0.05642	4.91174	1.29620e-05
2.89530e+03	2.31003e-02	2.62282e-02	3.85655	3.17461	1.29620e-05
2.89918e+03	2.30805e-02	1.76611e-02	1.98806	1.22057	1.29620e-05
2.90306e+03	2.30638e-02	2.04024e-02	2.45224	4.03959	1.29620e-05
2.90695e+03	2.30801e-02	1.93853e-02	2.53154	1.29897	1.29620e-05
2.91083e+03	2.30885e-02	2.28855e-02	2.19398	5.63837	1.29620e-05
2.91471e+03	2.30705e-02	1.33546e-02	2.79696	3.54578	1.29620e-05
2.91859e+03	2.30590e-02	2.52902e-02	6.06720	5.62155	1.29620e-05
2.92247e+03	2.30542e-02	3.15552e-02	0.08875	4.32385	1.29620e-05
2.92636e+03	2.30591e-02	8.21210e-03	2.02813	2.15806	1.29620e-05
2.93024e+03	2.30764e-02	2.44799e-02	0.57460	4.48017	1.29620e-05
2.93412e+03	2.30752e-02	2.03370e-02	2.90340	2.98151	1.29620e-05
2.93800e+03	2.30570e-02	1.50102e-02	0.53994	0.36528	1.29620e-05
2.94188e+03	2.30395e-02	1.62804e-02	5.54218	3.71094	1.29620e-05
2.94577e+03	2.30591e-02	2.06890e-02	4.39057	0.81962	1.29620e-05
2.94965e+03	2.30618e-02	2.37049e-02	2.36762	5.62232	1.29620e-05
2.95353e+03	2.30584e-02	2.84665e-03	2.26140	3.22880	1.29620e-05
2.95741e+03	2.30552e-02	2.41959e-02	3.66124	5.92204	1.29620e-05
2.96130e+03	2.30469e-02	2.36428e-02	2.88436	4.50978	1.29620e-05
2.96518e+03	2.30361e-02	9.75896e-03	4.18695	1.76286	1.29620e-05
2.96906e+03	2.30406e-02	1.72738e-02	0.51157	4.89376	1.29620e-05
2.97294e+03	2.30305e-02	2.19306e-02	2.09789	2.99190	1.29620e-05
2.97682e+03	2.30302e-02	1.88547e-02	4.14454	1.16961	1.29620e-05
2.98071e+03	2.30081e-02	1.27837e-02	2.22564	4.03532	1.29620e-05
2.98459e+03	2.30182e-02	2.67994e-02	5.57616	1.81768	1.29620e-05
2.98847e+03	2.30056e-02	2.18948e-02	2.23811	0.34887	1.29620e-05
2.99235e+03	2.30120e-02	1.27789e-02	1.61937	3.43705	1.29620e-05
2.99623e+03	2.30060e-02	2.04606e-02	0.86399	1.07000	1.29620e-05
3.00012e+03	2.29994e-02	2.15100e-02	6.23069	5.31126	1.29620e-05
3.00400e+03	2.29892e-02	2.35502e-02	5.64200	3.37915	1.29620e-05
3.00788e+03	2.29762e-02	1.53485e-02	0.44195	0.49073	1.29620e-05
3.01176e+03	2.29738e-02	2.65032e-02	1.63321	4.08967	1.29620e-05
3.01565e+03	2.29724e-02	2.81952e-02	1.98305	2.76469	1.29620e-05
3.01953e+03	2.29788e-02	7.89686e-03	3.94402	0.62982	1.29620e-05
3.02341e+03	2.29871e-02	2.46850e-02	1.59865	3.44220	1.29620e-05
3.02729e+03	2.29758e-02	2.55902e-02	3.40691	2.07257	1.29620e-05
3.03117e+03	2.29713e-02	1.40394e-02	0.49774	5.99926	1.29620e-05
3.03506e+03	2.29550e-02	2.24232e-02	4.92166	3.34347	1.29620e-05
3.03894e+03	2.29651e-02	1.55915e-02	3.16349	1.03854	1.29620e-05
3.04282e+03	2.29724e-02	2.12032e-02	1.57988	5.18367	1.29620e-05
3.04670e+03	2.29758e-02	1.65500e-02	0.06094	3.65309	1.29620e-05
3.05058e+03	2.29651e-02	1.34948e-02	1.46279	6.21012	1.29620e-05
3.05447e+03	2.29418e-02	3.04416e-02	0.90126	4.61419	1.29620e-05
3.05835e+03	2.29392e-02	2.27002e-02	0.47693	3.32146	1.29620e-05
3.06223e+03	2.29333e-02	1.46795e-02	3.18835	5.96238	1.29620e-05
3.06611e+03	2.29430e-02	2.52185e-02	4.53703	4.12911	1.29620e-05
3.07000e+03	2.29431e-02	1.78551e-02	6.12515	2.49303	1.29620e-05
3.07388e+03	2.29247e-02	1.83763e-02	3.14837	6.18107	1.29620e-05
3.07776e+03	2.29303e-02	1.86161e-02	0.39577	4.08422	1.29620e-05
3.08164e+03	2.29156e-02	1.88980e-02	4.70284	1.38687	1.29620e-05
3.08552e+03	2.28985e-02	2.91900e-02	2.01719	6.06329	1.29620e-05
3.08941e+03	2.29004e-02	1.73936e-02	0.21272	4.22885	1.29620e-05
3.09329e+03	2.29036e-02	2.37401e-02	0.70244	0.83827	1.29620e-05
3.09717e+03	2.29111e-02	2.89883e-02	5.78597	5.74214	1.29620e-05
3.10105e+03	2.29205e-02	1.38080e-02	5.37442	4.09200	1.29620e-05
3.10493e+03	2.29069e-02	1.70814e-02	0.90765	0.95444	1.29620e-05
3.10882e+03	2.28924e-02	2.13035e-02	1.92738	5.32271	1.29620e-05
3.11270e+03	2.28846e-02	1.95795e-02	3.36251	3.25370	1.29620e-05
3.11658e+03	2.28872e-02	2.18778e-02	5.25561	1.26239	1.29620e-05
3.12046e+03	2.28861e-02	1.41518e-02	1.89045	5.14615	1.29620e-05
3.12435e+03	2.28881e-02	2.23730e-02	5.42362	2.57900	1.29620e-05
3.12823e+03	2.28802e-02	2.57089e-02	2.02572	1.16117	1.29620e-05
3.13211e+03	2.28934e-02	9.56489e-03	0.15688	5.29285	1.29620e-05
3.13599e+03	2.28858e-02	2.09054e-02	5.98433	2.26867	1.29620e-05
3.13987e+03	2.28722e-02	2.38940e-02	4.17834	0.83435	1.29620e-05
3.14376e+03	2.28519e-02	1.74637e-02	3.66905	4.97477	1.29620e-05
3.14764e+03	2.28362e-02	2.25012e-02	4.04685	2.65064	1.29620e-05
3.15152e+03	2.28394e-02	1.89863e-02	4.73008	0.46204	1.29620e-05
3.15540e+03	2.28436e-02	2.30334e-02	5.83650	4.53271	1.29620e-05
3.15928e+03	2.28309e-02	2.34155e-02	0.59046	2.96420	1.29620e-05
3.16317e+03	2.28363e-02	1.24174e-02	3.52413	0.36783	1.29620e-05
3.16705e+03	2.28476e-02	2.45761e-02	0.45476	4.21573	1.29620e-05
3.17093e+03	2.28442e-02	2.47835e-02	2.77246	2.88639	1.29620e-05
3.17481e+03	2.28236e-02	1.23331e-02	0.32559	0.70761	1.29620e-05
3.17870e+03	2.28273e-02	2.46751e-02	5.38697	4.19645	1.29620e-05
3.18258e+03	2.28209e-02	2.23392e-02	3.27286	2.58109	1.29620e-05
3.18646e+03	2.28235e-02	1.59768e-02	2.20758	0.29503	1.29620e-05
3.19034e+03	2.28118e-02	2.24028e-02	1.56459	4.54782	1.29620e-05
3.19422e+03	2.28152e-02	1.26044e-02	1.74728	2.37074	1.29620e-05
3.19811e+03	2.28233e-02	2.22402e-02	2.72401	6.19815	1.29620e-05
3.20199e+03	2.28267e-02	2.33346e-02	2.95609	4.87017	1.29620e-05
3.20587e+03	2.28113e-02	8.96705e-03	5.21260	2.26504	1.29620e-05
3.20975e+03	2.27892e-02	2.53173e-02	1.60793	6.12042	1.29620e-05
3.21363e+03	2.27804e-02	2.61271e-02	3.67135	4.69996	1.29620e-05
3.21752e+03	2.27734e-02	1.64176e-02	0.63790	2.52363	1.29620e-05
3.22140e+03	2.27673e-02	2.41886e-02	4.85522	6.27255	1.29620e-05
3.22528e+03	2.27646e-02	2.23320e-02	2.46305	4.48344	1.29620e-05
3.22916e+03	2.27705e-02	1.91498e-02	1.04786	2.27298	1.29620e-05
3.23305e+03	2.27731e-02	2.40526e-02	5.98978	0.42817	1.29620e-05
3.23693e+03	2.27811e-02	1.20217e-02	5.32472	4.78060	1.29620e-05
3.24081e+03	2.27765e-02	2.19302e-02	6.20117	1.91500	1.29620e-05
3.24469e+03	2.27703e-02	3.42722e-02	5.60725	0.66064	1.29620e-05
3.24857e+03	2.27750e-02	1.61014e-02	5.05772	5.74954	1.29620e-05
3.25246e+03	2.27635e-02	2.17742e-02	1.63565	1.97199	1.29620e-05
3.25634e+03	2.27539e-02	3.33508e-02	2.07479	0.81574	1.29620e-05
3.26022e+03	2.27360e-02	1.74600e-02	3.12596	5.70694	1.29620e-05
3.26410e+03	2.27315e-02	2.25140e-02	0.00794	2.84761	1.29620e-05
3.26798e+03	2.27216e-02	2.84819e-02	2.43180	1.36831	1.29620e-05
3.27187e+03	2.27323e-02	1.52091e-02	6.14318	5.39243	1.29620e-05
3.27575e+03	2.27360e-02	2.70883e-02	3.88651	3.27952	1.29620e-05
3.27963e+03	2.27378e-02	2.73434e-02	1.24280	2.09753	1.29620e-05
3.28351e+03	2.27397e-02	6.90544e-03	0.78533	5.80413	1.29620e-05
3.28740e+03	2.27484e-02	2.70972e-02	0.57671	3.41242	1.29620e-05
3.29128e+03	2.27368e-02	2.73596e-02	5.58674	2.42779	1.29620e-05
3.29516e+03	2.27361e-02	8.48176e-03	5.98129	0.40890	1.29620e-05
3.29904e+03	2.27154e-02	2.44854e-02	1.47889	3.94795	1.29620e-05
3.30292e+03	2.27105e-02	2.37385e-02	2.11396	2.64787	1.29620e-05
3.30681e+03	2.26974e-02	1.61653e-02	4.32307	0.29186	1.29620e-05
3.31069e+03	2.26807e-02	2.75662e-02	0.32594	4.72965	1.29620e-05
3.31457e+03	2.26846e-02	1.93217e-02	3.07577	3.03680	1.29620e-05
3.31845e+03	2.26832e-02	2.16219e-02	1.15221	0.22979	1.29620e-05
3.32233e+03	2.26828e-02	3.14487e-02	4.57899	5.13586	1.29620e-05
3.32622e+03	2.26861e-02	1.85463e-02	2.30873	3.74869	1.29620e-05
3.33010e+03	2.26938e-02	1.61050e-02	2.65884	0.46732	1.29620e-05
3.33398e+03	2.26961e-02	2.86839e-02	1.52358	5.32533	1.29620e-05
3.33786e+03	2.26924e-02	1.92595e-02	0.76802	4.03718	1.29620e-05
3.34175e+03	2.26887e-02	1.43981e-02	2.25926	1.07477	1.29620e-05
3.34563e+03	2.26859e-02	2.44109e-02	2.83524	5.83861	1.29620e-05
3.34951e+03	2.26673e-02	1.49134e-02	4.24479	3.92577	1.29620e-05
3.35339e+03	2.26688e-02	2.50417e-02	0.32676	1.54895	1.29620e-05
3.35727e+03	2.26583e-02	2.70477e-02	2.09081	0.24935	1.29620e-05
3.36116e+03	2.26471e-02	1.24968e-02	5.76198	3.94567	1.29620e-05
3.36504e+03	2.26338e-02	3.04842e-02	3.32277	1.73288	1.29620e-05
3.36892e+03	2.26475e-02	2.99385e-02	0.24936	0.56568	1.29620e-05
3.37280e+03	2.26327e-02	1.13276e-02	5.13220	4.62397	1.29620e-05
3.37668e+03	2.26340e-02	2.66495e-02	4.71362	2.07780	1.29620e-05
3.38057e+03	2.26309e-02	2.60012e-02	3.62034	0.72006	1.29620e-05
3.38445e+03	2.26398e-02	1.27489e-02	3.64798	4.91970	1.29620e-05
3.38833e+03	2.26375e-02	2.22864e-02	4.45886	2.65233	1.29620e-05
3.39221e+03	2.26362e-02	2.03691e-02	5.08400	1.19406	1.29620e-05
3.39610e+03	2.26363e-02	1.36246e-02	1.20004	4.69820	1.29620e-05
3.39998e+03	2.26338e-02	2.79101e-02	2.66952	3.13429	1.29620e-05
3.40386e+03	2.26198e-02	1.95378e-02	4.59123	1.79334	1.29620e-05
3.40774e+03	2.26079e-02	1.63900e-02	2.83121	4.79394	1.29620e-05
3.41162e+03	2.26084e-02	3.21419e-02	5.76353	3.40178	1.29620e-05
3.41551e+03	2.25929e-02	2.23277e-02	2.80032	2.07132	1.29620e-05
3.41939e+03	2.25820e-02	1.77704e-02	2.26698	5.40658	1.29620e-05
3.42327e+03	2.25828e-02	2.90583e-02	0.93542	3.75086	1.29620e-05
3.42715e+03	2.25850e-02	1.93977e-02	0.00952	2.06834	1.29620e-05
3.43103e+03	2.25769e-02	2.02388e-02	0.38687	5.93668	1.29620e-05
3.43492e+03	2.25771e-02	2.55172e-02	0.69356	4.27074	1.29620e-05
3.43880e+03	2.25940e-02	1.35356e-02	1.61793	2.42378	1.29620e-05
3.44268e+03	2.25836e-02	2.16718e-02	3.82671	6.02546	1.29620e-05
3.44656e+03	2.25752e-02	2.82473e-02	5.20450	4.75853	1.29620e-05
3.45045e+03	2.25836e-02	9.59035e-03	1.46459	2.93794	1.29620e-05
3.45433e+03	2.25724e-02	2.14968e-02	5.63971	6.21238	1.29620e-05
3.45821e+03	2.25682e-02	2.85532e-02	2.15181	5.03972	1.29620e-05
3.46209e+03	2.25662e-02	1.33913e-02	6.14806	3.24112	1.29620e-05
3.46597e+03	2.25589e-02	2.31468e-02	5.33308	0.50282	1.29620e-05
3.46986e+03	2.25351e-02	2.55062e-02	3.69433	5.32596	1.29620e-05
3.47374e+03	2.25288e-02	1.85860e-02	3.40642	3.15104	1.29620e-05
3.47762e+03	2.25315e-02	2.51958e-02	3.33312	1.17042	1.29620e-05
3.48150e+03	2.25313e-02	2.15115e-02	3.46194	5.78766	1.29620e-05
3.48538e+03	2.25317e-02	1.88116e-02	5.06352	3.24964	1.29620e-05
3.48927e+03	2.25308e-02	2.71652e-02	0.14579	1.40057	1.29620e-05
3.49315e+03	2.25261e-02	2.14620e-02	1.43009	6.25314	1.29620e-05
3.49703e+03	2.25251e-02	1.43655e-02	4.67307	3.59997	1.29620e-05
3.50091e+03	2.25177e-02	2.65102e-02	1.49804	1.66294	1.29620e-05
3.50480e+03	2.25300e-02	2.01358e-02	4.36861	0.31430	1.29620e-05
3.50868e+03	2.25234e-02	1.51643e-02	2.75544	4.02140	1.29620e-05
3.51256e+03	2.25105e-02	2.52846e-02	1.17533	2.20811	1.29620e-05
3.51644e+03	2.25119e-02	1.51559e-02	6.27914	0.43623	1.29620e-05
3.52032e+03	2.25125e-02	2.15316e-02	6.14371	4.31147	1.29620e-05
3.52421e+03	2.24963e-02	2.60164e-02	5.69176	2.85850	1.29620e-05
3.52809e+03	2.25044e-02	1.28448e-02	0.26174	0.72961	1.29620e-05
3.53197e+03	2.25084e-02	2.20892e-02	1.70981	4.58028	1.29620e-05
3.53585e+03	2.24843e-02	2.78103e-02	2.64719	3.15611	1.29620e-05
3.53973e+03	2.24879e-02	1.46311e-02	4.62829	1.28006	1.29620e-05
3.54362e+03	2.24861e-02	2.11953e-02	1.58322	4.89655	1.29620e-05
3.54750e+03	2.24753e-02	2.71677e-02	4.11293	3.37580	1.29620e-05
3.55138e+03	2.24559e-02	1.48888e-02	1.49010	1.41254	1.29620e-05
3.55526e+03	2.24656e-02	2.48155e-02	6.07238	5.32544	1.29620e-05
3.55915e+03	2.24655e-02	2.52319e-02	3.95729	3.83802	1.29620e-05
3.56303e+03	2.24483e-02	1.54648e-02	3.62822	1.27764	1.29620e-05
3.56691e+03	2.24533e-02	2.88429e-02	2.94361	5.78843	1.29620e-05
3.57079e+03	2.24559e-02	2.16391e-02	2.21403	4.48612	1.29620e-05
3.57467e+03	2.24531e-02	1.59428e-02	3.97183	1.40093	1.29620e-05
3.57856e+03	2.24479e-02	2.78638e-02	4.72651	6.08920	1.29620e-05
3.58244e+03	2.24547e-02	2.04712e-02	5.44650	4.80556	1.29620e-05
3.58632e+03	2.24518e-02	1.31242e-02	2.20404	1.92108	1.29620e-05
3.59020e+03	2.24476e-02	2.60502e-02	4.80466	0.10057	1.29620e-05
3.59408e+03	2.24567e-02	1.77032e-02	1.05992	4.97384	1.29620e-05
3.59797e+03	2.24338e-02	1.70022e-02	5.46862	2.26684	1.29620e-05
3.60185e+03	2.24256e-02	2.73026e-02	3.26484	0.63363	1.29620e-05
3.60573e+03	2.24331e-02	1.40341e-02	1.38582	5.34918	1.29620e-05
3.60961e+03	2.24241e-02	2.06812e-02	1.42686	2.40549	1.29620e-05
3.61349e+03	2.24258e-02	3.10353e-02	0.35558	1.10533	1.29620e-05
3.61738e+03	2.24217e-02	1.27399e-02	6.24680	5.88180	1.29620e-05
3.62126e+03	2.24106e-02	2.31157e-02	1.77796	2.66554	1.29620e-05
3.62514e+03	2.24025e-02	2.78273e-02	2.15801	1.45359	1.29620e-05
3.62902e+03	2.24056e-02	1.29449e-02	3.91065	5.67061	1.29620e-05
3.63291e+03	2.23929e-02	2.49058e-02	0.24179	3.27096	1.29620e-05
3.63679e+03	2.23844e-02	2.35408e-02	2.61648	1.69093	1.29620e-05
3.64067e+03	2.23722e-02	1.54762e-02	0.11461	5.55857	1.29620e-05
3.64455e+03	2.23744e-02	2.75718e-02	3.81033	3.65235	1.29620e-05
3.64843e+03	2.23680e-02	2.28028e-02	1.44311	2.15284	1.29620e-05
3.65232e+03	2.23701e-02	1.82317e-02	0.94033	5.65340	1.29620e-05
3.65620e+03	2.23614e-02	2.94001e-02	6.07780	3.89919	1.29620e-05
3.66008e+03	2.23594e-02	1.96488e-02	5.04549	2.53008	1.29620e-05
3.66396e+03	2.23667e-02	1.92340e-02	0.09176	5.74288	1.29620e-05
3.66784e+03	2.23732e-02	2.87690e-02	0.13919	4.34945	1.29620e-05
3.67173e+03	2.23692e-02	1.47497e-02	1.11587	2.60450	1.29620e-05
3.67561e+03	2.23571e-02	2.41742e-02	3.80535	6.10052	1.29620e-05
3.67949e+03	2.23656e-02	2.49710e-02	5.51159	4.79782	1.29620e-05
3.68337e+03	2.23502e-02	1.15483e-02	2.81767	2.21399	1.29620e-05
3.68726e+03	2.23621e-02	2.80263e-02	0.20710	0.13777	1.29620e-05
3.69114e+03	2.23483e-02	2.27410e-02	3.44900	5.14534	1.29620e-05
3.69502e+03	2.23415e-02	1.18782e-02	2.62534	2.29977	1.29620e-05
3.69890e+03	2.23464e-02	2.72949e-02	1.26215	0.42949	1.29620e-05
3.70278e+03	2.23486e-02	2.07512e-02	5.75377	5.58671	1.29620e-05
3.70667e+03	2.23545e-02	1.16451e-02	0.22243	2.48829	1.29620e-05
3.71055e+03	2.23393e-02	2.60865e-02	0.01421	0.90075	1.29620e-05
3.71443e+03	2.23412e-02	1.52705e-02	6.16682	5.88164	1.29620e-05
3.71831e+03	2.23328e-02	1.66187e-02	2.31523	2.66138	1.29620e-05
3.72219e+03	2.23276e-02	2.96543e-02	3.30733	1.45907	1.29620e-05
3.72608e+03	2.23115e-02	1.04061e-02	5.25468	6.21658	1.29620e-05
3.72996e+03	2.23127e-02	2.60812e-02	3.19028	3.03607	1.29620e-05
3.73384e+03	2.23054e-02	2.96092e-02	5.74669	1.93445	1.29620e-05
3.73772e+03	2.23052e-02	7.71281e-03	3.68676	6.03526	1.29620e-05
3.74161e+03	2.23130e-02	2.72182e-02	2.54214	3.46162	1.29620e-05
3.74549e+03	2.22965e-02	2.43927e-02	0.37314	2.28387	1.29620e-05
3.74937e+03	2.23025e-02	1.08548e-02	0.19516	5.96607	1.29620e-05
3.75325e+03	2.22939e-02	2.75743e-02	0.02481	3.89603	1.29620e-05
3.75713e+03	2.22802e-02	2.16223e-02	5.91343	2.52736	1.29620e-05
3.76102e+03	2.22735e-02	1.72637e-02	1.47921	5.87998	1.29620e-05
3.76490e+03	2.22609e-02	3.17526e-02	2.50315	4.25615	1.29620e-05
3.76878e+03	2.22598e-02	2.00482e-02	3.90521	2.82601	1.29620e-05
3.77266e+03	2.22481e-02	2.15236e-02	1.33995	6.00378	1.29620e-05
3.77654e+03	2.22600e-02	3.21742e-02	3.64179	4.67016	1.29620e-05
3.78043e+03	2.22449e-02	1.25105e-02	0.34013	3.11914	1.29620e-05
3.78431e+03	2.22486e-02	2.48890e-02	5.52263	0.00704	1.29620e-05
3.78819e+03	2.22592e-02	2.64217e-02	2.88874	5.05764	1.29620e-05
3.79207e+03	2.22455e-02	1.18292e-02	1.95717	2.69140	1.29620e-05
3.79596e+03	2.22399e-02	2.92904e-02	1.38902	0.59385	1.29620e-05
3.79984e+03	2.22409e-02	2.30683e-02	0.66247	5.45633	1.29620e-05
3.80372e+03	2.22274e-02	1.68312e-02	1.98178	2.58166	1.29620e-05
3.80760e+03	2.22251e-02	3.07674e-02	2.61000	1.00092	1.29620e-05
3.81148e+03	2.22210e-02	1.96831e-02	3.62048	5.70706	1.29620e-05
3.81537e+03	2.22244e-02	2.07719e-02	0.27189	2.81773	1.29620e-05
3.81925e+03	2.22279e-02	2.85832e-02	2.22470	1.36961	1.29620e-05
3.82313e+03	2.22283e-02	1.44158e-02	4.83371	5.91595	1.29620e-05
3.82701e+03	2.22114e-02	2.17132e-02	2.91518	3.04036	1.29620e-05
3.83089e+03	2.22119e-02	2.64572e-02	0.02448	1.74610	1.29620e-05
3.83478e+03	2.22151e-02	1.17799e-02	4.97296	5.61064	1.29620e-05
3.83866e+03	2.21940e-02	2.80977e-02	4.03020	3.48190	1.29620e-05
3.84254e+03	2.21955e-02	2.53574e-02	2.65613	2.33211	1.29620e-05
3.84642e+03	2.21975e-02	1.30988e-02	3.83052	5.42235	1.29620e-05
3.85031e+03	2.21991e-02	3.10798e-02	3.82768	3.90262	1.29620e-05
3.85419e+03	2.22010e-02	1.86311e-02	3.97387	2.71162	1.29620e-05
3.85807e+03	2.21949e-02	1.71730e-02	0.21136	5.84239	1.29620e-05
3.86195e+03	2.21923e-02	2.82138e-02	1.66427	4.40175	1.29620e-05
3.86583e+03	2.21959e-02	1.32089e-02	3.78563	2.71869	1.29620e-05
3.86972e+03	2.21861e-02	2.17256e-02	1.25836	6.22429	1.29620e-05
3.87360e+03	2.21705e-02	2.85721e-02	4.47096	4.70570	1.29620e-05
3.87748e+03	2.21751e-02	1.38717e-02	2.33162	2.75091	1.29620e-05
3.88136e+03	2.21682e-02	2.41169e-02	1.20064	0.27201	1.29620e-05
3.88524e+03	2.21752e-02	2.79467e-02	5.81523	5.21785	1.29620e-05
3.88913e+03	2.21719e-02	9.50355e-03	5.76591	2.61686	1.29620e-05
3.89301e+03	2.21695e-02	2.88389e-02	5.71093	0.56201	1.29620e-05
3.89689e+03	2.21778e-02	2.26416e-02	5.31714	5.64571	1.29620e-05
3.90077e+03	2.21620e-02	1.36996e-02	0.98154	2.55114	1.29620e-05
3.90466e+03	2.21355e-02	2.68309e-02	1.89374	1.16085	1.29620e-05
3.90854e+03	2.21470e-02	1.41551e-02	3.77895	5.70150	1.29620e-05
3.91242e+03	2.21522e-02	2.29753e-02	0.66088	3.06872	1.29620e-05
3.91630e+03	2.21281e-02	2.41777e-02	3.31400	1.65532	1.29620e-05
3.92018e+03	2.21338e-02	1.19420e-02	0.77463	5.86099	1.29620e-05
3.92407e+03	2.21307e-02	2.14699e-02	5.22740	3.46732	1.29620e-05
3.92795e+03	2.21406e-02	2.23583e-02	3.12898	1.94658	1.29620e-05
3.93183e+03	2.21407e-02	1.12907e-02	2.09699	6.05153	1.29620e-05
3.93571e+03	2.21230e-02	2.58985e-02	1.71000	3.83337	1.29620e-05
3.93959e+03	2.21233e-02	2.17955e-02	1.14938	2.43154	1.29620e-05
3.94348e+03	2.21213e-02	1.39033e-02	2.43344	5.89134	1.29620e-05
3.94736e+03	2.21014e-02	2.89760e-02	3.10808	4.35349	1.29620e-05
3.95124e+03	2.21053e-02	1.69991e-02	4.29519	2.83540	1.29620e-05
3.95512e+03	2.21092e-02	2.13628e-02	0.93046	6.20566	1.29620e-05
3.95901e+03	2.20914e-02	2.57405e-02	2.88475	4.87169	1.29620e-05
3.96289e+03	2.21152e-02	1.00449e-02	5.98259	2.80235	1.29620e-05
3.96677e+03	2.20918e-02	2.80585e-02	3.77001	0.27298	1.29620e-05
3.97065e+03	2.20925e-02	2.45089e-02	0.98591	5.28335	1.29620e-05
3.97453e+03	2.20902e-02	1.29976e-02	0.01138	2.66209	1.29620e-05
3.97842e+03	2.20796e-02	2.86831e-02	5.12659	0.84354	1.29620e-05
3.98230e+03	2.20873e-02	2.00171e-02	4.44915	5.45175	1.29620e-05
3.98618e+03	2.20830e-02	1.89438e-02	4.90159	2.92783	1.29620e-05
3.99006e+03	2.20657e-02	2.37544e-02	5.16287	1.28392	1.29620e-05
3.99394e+03	2.20834e-02	1.64015e-02	5.92512	5.79099	1.29620e-05
3.99783e+03	2.20654e-02	2.08962e-02	1.90503	3.01462	1.29620e-05
4.00171e+03	2.20658e-02	2.81950e-02	3.45140	1.64786	1.29620e-05
4.00559e+03	2.20548e-02	1.07133e-02	5.88660	6.10070	1.29620e-05
4.00947e+03	2.20480e-02	2.81677e-02	3.49940	3.48799	1.29620e-05
4.01336e+03	2.20556e-02	2.41634e-02	0.38902	2.18139	1.29620e-05
4.01724e+03	2.20508e-02	1.63621e-02	5.34647	5.72911	1.29620e-05
4.02112e+03	2.20320e-02	2.54231e-02	3.54409	4.09841	1.29620e-05
4.02500e+03	2.20534e-02	1.31611e-02	2.05515	2.53622	1.29620e-05
4.02888e+03	2.20511e-02	2.47557e-02	2.29993	6.00799	1.29620e-05
4.03277e+03	2.20371e-02	2.49368e-02	1.66977	4.73630	1.29620e-05
4.03665e+03	2.20293e-02	1.13335e-02	3.00163	1.95798	1.29620e-05
4.04053e+03	2.20176e-02	2.55570e-02	3.86700	0.31030	1.29620e-05
4.04441e+03	2.20353e-02	2.01484e-02	5.24537	5.03508	1.29620e-05
4.04829e+03	2.20171e-02	1.51312e-02	1.62760	2.50596	1.29620e-05
4.05218e+03	2.20251e-02	2.51834e-02	4.40212	0.55701	1.29620e-05
4.05606e+03	2.20238e-02	1.30898e-02	0.71474	5.39823	1.29620e-05
4.05994e+03	2.20069e-02	1.72821e-02	5.19578	2.59418	1.29620e-05
4.06382e+03	2.20060e-02	2.24563e-02	2.69931	1.13163	1.29620e-05
4.06771e+03	2.20060e-02	1.08799e-02	1.45801	5.10243	1.29620e-05
4.07159e+03	2.19808e-02	2.56405e-02	0.99764	2.76807	1.29620e-05
4.07547e+03	2.19892e-02	1.87324e-02	5.95226	1.80288	1.29620e-05
4.07935e+03	2.20029e-02	1.70917e-02	1.10145	4.79335	1.29620e-05
4.08323e+03	2.20030e-02	2.83128e-02	0.98757	3.70531	1.29620e-05
4.08712e+03	2.19976e-02	8.85843e-03	2.21517	1.50414	1.29620e-05
4.09100e+03	2.19833e-02	2.57438e-02	4.28356	5.37594	1.29620e-05
4.09488e+03	2.19958e-02	1.99644e-02	5.75564	4.14315	1.29620e-05
4.09876e+03	2.19727e-02	1.40031e-02	3.01001	1.36819	1.29620e-05
4.10264e+03	2.19773e-02	2.72286e-02	5.88016	6.21164	1.29620e-05
4.10653e+03	2.19711e-02	1.61299e-02	3.51511	4.21092	1.29620e-05
4.11041e+03	2.19610e-02	1.97040e-02	1.77960	2.04958	1.29620e-05
4.11429e+03	2.19723e-02	1.96160e-02	0.49793	0.02437	1.29620e-05
4.11817e+03	2.19652e-02	1.12922e-02	5.46478	4.58968	1.29620e-05
4.12206e+03	2.19488e-02	1.96064e-02	5.52445	2.23495	1.29620e-05
4.12594e+03	2.19469e-02	1.53906e-02	5.03844	0.84286	1.29620e-05
4.12982e+03	2.19473e-02	1.87527e-02	0.58079	4.05866	1.29620e-05
4.13370e+03	2.19372e-02	2.82979e-02	1.41141	2.64189	1.29620e-05
4.13758e+03	2.19472e-02	6.55373e-03	3.52987	0.33023	1.29620e-05
4.14147e+03	2.19463e-02	3.01106e-02	5.90356	4.71381	1.29620e-05
4.14535e+03	2.19467e-02	1.14354e-02	1.30377	3.84015	1.29620e-05
4.14923e+03	2.19382e-02	2.09113e-02	5.80589	0.63624	1.29620e-05
4.15311e+03	2.19369e-02	2.11978e-02	2.71530	5.63773	1.29620e-05
4.15699e+03	2.19199e-02	1.25047e-02	1.40297	3.08499	1.29620e-05
4.16088e+03	2.19168e-02	2.19926e-02	0.13361	1.06787	1.29620e-05
4.16476e+03	2.19189e-02	1.84388e-02	5.83186	5.32012	1.29620e-05
4.16864e+03	2.19041e-02	1.07177e-02	5.90238	2.98376	1.29620e-05
4.17252e+03	2.19269e-02	2.81169e-02	5.81022	1.53646	1.29620e-05
4.17641e+03	2.19155e-02	3.40695e-03	5.25288	0.73009	1.29620e-05
4.18029e+03	2.19059e-02	2.74045e-02	1.54449	3.81916	1.29620e-05
4.18417e+03	2.18999e-02	1.23047e-02	2.88687	2.30527	1.29620e-05
4.18805e+03	2.18783e-02	1.37887e-02	5.70246	6.18716	1.29620e-05
4.19193e+03	2.18943e-02	2.29749e-02	2.73930	3.99281	1.29620e-05
4.19582e+03	2.18814e-02	6.14770e-03	5.84769	2.22481	1.29620e-05
4.19970e+03	2.18909e-02	2.17040e-02	4.22910	5.84039	1.29620e-05
4.20358e+03	2.18967e-02	1.02085e-02	1.87540	4.42317	1.29620e-05
4.20746e+03	2.18752e-02	1.26328e-02	0.06440	2.84259	1.29620e-05
4.21134e+03	2.18862e-02	2.17749e-02	6.12182	0.51038	1.29620e-05
4.21523e+03	2.18725e-02	1.08866e-02	6.03199	4.52132	1.29620e-05
4.21911e+03	2.18312e-02	4.13090e-03	5.97171	3.33032	1.29620e-05
4.22299e+03	2.18499e-02	1.09144e-02	6.14452	2.65814	1.29620e-05
4.22687e+03	2.18093e-02	1.26991e-02	0.68253	2.48081	1.29620e-05
4.23076e+03	2.18874e-02	1.59330e-02	5.93722	0.11167	1.29620e-05
4.23464e+03	2.18370e-02	3.57287e-02	6.12450	4.23210	1.29620e-05
4.23852e+03	2.17983e-02	7.30425e-02	2.79374	1.57602	1.29620e-05
4.24240e+03	2.18318e-02	5.96819e-02	5.64535	5.49562	1.29620e-05
4.24628e+03	2.18349e-02	6.06961e-02	1.29652	0.64915	1.29620e-05
4.25017e+03	2.18121e-02	5.07995e-02	3.16974	5.25524	1.29620e-05
4.25405e+03	2.18342e-02	7.43062e-02	5.60969	2.58756	1.29620e-05
4.25793e+03	2.17975e-02	8.17342e-02	1.52364	0.44624	1.29620e-05
4.26181e+03	2.18305e-02	9.28955e-02	3.65417	4.52964	1.29620e-05
4.26569e+03	2.18283e-02	5.53577e-02	5.79639	1.96334	1.29620e-05
4.26958e+03	2.18201e-02	3.64404e-02	3.89656	3.82864	1.29620e-05
4.27346e+03	2.18115e-02	4.77756e-02	1.86537	0.29460	1.29620e-05
4.27734e+03	2.18024e-02	7.71111e-02	5.46483	3.91973	1.29620e-05
4.28122e+03	2.18120e-02	1.06280e-01	2.50133	2.16366	1.29620e-05
4.28510e+03	2.17874e-02	8.76880e-02	0.00152	0.47313	1.29620e-05
4.28899e+03	2.18244e-02	5.70589e-02	4.32992	4.39409	1.29620e-05
4.29287e+03	2.18145e-02	4.07627e-02	3.48868	1.19869	1.29620e-05
4.29675e+03	2.17904e-02	6.33141e-02	3.80711	3.81547	1.29620e-05
4.30063e+03	2.17787e-02	7.79879e-02	2.87571	1.32088	1.29620e-05
4.30452e+03	2.18030e-02	1.07363e-01	1.02760	5.83513	1.29620e-05
4.30840e+03	2.18116e-02	1.14565e-01	5.11100	4.54499	1.29620e-05
4.31228e+03	2.18105e-02	8.67464e-02	2.61948	3.18858	1.29620e-05
4.31616e+03	2.17930e-02	6.21792e-02	1.50817	1.19995	1.29620e-05
4.32004e+03	2.18313e-02	6.49926e-02	0.86423	4.76342	1.29620e-05
4.32393e+03	2.17797e-02	6.95147e-02	0.52127	1.73490	1.29620e-05
4.32781e+03	2.18120e-02	9.23561e-02	6.10624	5.96803	1.29620e-05
4.33169e+03	2.17727e-02	1.07413e-01	4.67813	4.55624	1.29620e-05
4.33557e+03	2.18262e-02	1.17366e-01	3.97688	3.35081	1.29620e-05
4.33945e+03	2.17524e-02	9.70478e-02	3.73472	2.11703	1.29620e-05
4.34334e+03	2.18126e-02	8.41548e-02	3.38128	0.45090	1.29620e-05
4.34722e+03	2.17542e-02	7.77830e-02	3.83563	4.81083	1.29620e-05
4.35110e+03	2.18309e-02	6.40116e-02	4.59924	2.33308	1.29620e-05
4.35498e+03	2.17448e-02	8.58505e-02	5.30511	0.09441	1.29620e-05
4.35887e+03	2.18088e-02	1.08261e-01	5.11377	4.91614	1.29620e-05
4.36275e+03	2.17760e-02	1.02515e-01	0.10652	3.56909	1.29620e-05
4.36663e+03	2.17561e-02	1.06462e-01	1.47646	2.25433	1.29620e-05
4.37051e+03	2.18102e-02	9.79570e-02	3.84990	0.93829	1.29620e-05
4.37439e+03	2.17424e-02	8.55220e-02	0.12316	5.66387	1.29620e-05
4.37828e+03	2.17983e-02	8.76214e-02	3.19833	3.86864	1.29620e-05
4.38216e+03	2.17483e-02	7.01600e-02	0.56558	1.61742	1.29620e-05
4.38604e+03	2.17917e-02	1.02817e-01	4.65262	5.89310	1.29620e-05
4.38992e+03	2.17316e-02	1.11110e-01	1.80919	4.47593	1.29620e-05
4.39380e+03	2.17951e-02	1.05242e-01	5.78902	3.14869	1.29620e-05
4.39769e+03	2.17343e-02	1.08131e-01	3.82221	1.85562	1.29620e-05
4.40157e+03	2.17703e-02	1.12163e-01	1.71602	0.64065	1.29620e-05
4.40545e+03	2.17425e-02	9.09122e-02	0.61858	5.51811	1.29620e-05
4.40933e+03	2.17687e-02	8.33484e-02	5.71602	3.70943	1.29620e-05
4.41322e+03	2.17284e-02	7.93415e-02	5.71819	1.68681	1.29620e-05
4.41710e+03	2.17674e-02	9.61392e-02	5.20817	6.17099	1.29620e-05
4.42098e+03	2.17523e-02	1.11728e-01	5.36022	4.81969	1.29620e-05
4.42486e+03	2.17257e-02	1.04448e-01	4.92220	3.61313	1.29620e-05
4.42874e+03	2.17789e-02	1.04372e-01	5.48232	2.35131	1.29620e-05
4.43263e+03	2.17180e-02	1.11966e-01	6.11443	1.15183	1.29620e-05
4.43651e+03	2.17571e-02	1.07740e-01	0.39822	6.21672	1.29620e-05
4.44039e+03	2.17196e-02	7.91015e-02	2.20488	4.61482	1.29620e-05
4.44427e+03	2.17474e-02	8.79726e-02	3.99187	2.68479	1.29620e-05
4.44815e+03	2.17427e-02	9.56930e-02	0.26593	1.03751	1.29620e-05
4.45204e+03	2.17087e-02	1.06983e-01	2.32396	5.89783	1.29620e-05
4.45592e+03	2.17697e-02	1.18514e-01	4.97904	4.68077	1.29620e-05
4.45980e+03	2.16984e-02	1.15799e-01	1.46125	3.53977	1.29620e-05
4.46368e+03	2.17174e-02	1.08787e-01	4.21424	2.35335	1.29620e-05
4.46757e+03	2.17459e-02	1.18100e-01	1.66590	1.15293	1.29620e-05
4.47145e+03	2.16900e-02	1.01751e-01	5.16016	6.17453	1.29620e-05
4.47533e+03	2.17643e-02	8.38173e-02	3.38373	4.50876	1.29620e-05
4.47921e+03	2.16835e-02	9.69111e-02	2.17822	2.71646	1.29620e-05
4.48309e+03	2.17393e-02	1.14161e-01	0.33100	1.32291	1.29620e-05
4.48698e+03	2.17191e-02	1.12637e-01	5.84081	0.05090	1.29620e-05
4.49086e+03	2.16682e-02	1.19045e-01	4.53625	5.17012	1.29620e-05
4.49474e+03	2.17388e-02	1.21236e-01	3.78075	4.08355	1.29620e-05
4.49862e+03	2.17037e-02	1.11306e-01	3.65712	2.96259	1.29620e-05
4.50250e+03	2.16763e-02	1.08754e-01	3.41173	1.74825	1.29620e-05
4.50639e+03	2.17356e-02	1.07851e-01	3.92487	0.45692	1.29620e-05
4.51027e+03	2.16641e-02	8.73529e-02	4.91205	5.18688	1.29620e-05
4.51415e+03	2.17193e-02	9.94691e-02	6.09531	3.49252	1.29620e-05
4.51803e+03	2.16999e-02	1.21093e-01	1.49446	2.18468	1.29620e-05
4.52192e+03	2.16710e-02	1.14338e-01	2.70596	1.05272	1.29620e-05
4.52580e+03	2.17363e-02	1.15931e-01	4.73035	6.20480	1.29620e-05
4.52968e+03	2.16782e-02	1.17948e-01	0.97946	5.12012	1.29620e-05
4.53356e+03	2.16635e-02	1.16786e-01	3.05159	4.05800	1.29620e-05
4.53744e+03	2.17170e-02	1.08430e-01	6.18473	2.87071	1.29620e-05
4.54133e+03	2.16503e-02	1.04071e-01	3.21545	1.55051	1.29620e-05
4.54521e+03	2.16971e-02	9.90771e-02	0.44548	0.13360	1.29620e-05
4.54909e+03	2.16821e-02	9.15235e-02	5.02683	4.84976	1.29620e-05
4.55297e+03	2.16531e-02	1.14539e-01	2.90866	3.50868	1.29620e-05
4.55685e+03	2.17070e-02	1.25862e-01	1.19829	2.43277	1.29620e-05
4.56074e+03	2.16617e-02	1.19751e-01	6.12211	1.40764	1.29620e-05
4.56462e+03	2.16545e-02	1.13000e-01	4.68229	0.32273	1.29620e-05
4.56850e+03	2.17012e-02	1.21066e-01	4.02485	5.52060	1.29620e-05
4.57238e+03	2.16344e-02	1.12521e-01	3.58542	4.40714	1.29620e-05
4.57627e+03	2.16726e-02	1.01768e-01	3.24277	3.15364	1.29620e-05
4.58015e+03	2.16921e-02	1.03605e-01	4.10125	1.76838	1.29620e-05
4.58403e+03	2.16242e-02	9.68370e-02	4.64436	0.38664	1.29620e-05
4.58791e+03	2.16895e-02	1.06691e-01	5.79600	5.29486	1.29620e-05
4.59179e+03	2.16430e-02	1.22147e-01	1.08018	4.11942	1.29620e-05
4.59568e+03	2.16292e-02	1.32019e-01	2.09707	3.13671	1.29620e-05
4.59956e+03	2.16920e-02	1.20637e-01	4.06208	2.15150	1.29620e-05
4.60344e+03	2.16353e-02	1.10565e-01	0.12798	1.06825	1.29620e-05
4.60732e+03	2.16271e-02	1.14547e-01	2.46637	6.23264	1.29620e-05
4.61120e+03	2.16783e-02	1.10612e-01	5.57190	5.08973	1.29620e-05
4.61509e+03	2.16161e-02	1.00891e-01	2.77607	3.79056	1.29620e-05
4.61897e+03	2.16523e-02	1.05042e-01	0.01870	2.41756	1.29620e-05
4.62285e+03	2.16603e-02	1.12331e-01	4.41850	1.12379	1.29620e-05
4.62673e+03	2.15908e-02	1.11637e-01	2.33514	6.18436	1.29620e-05
4.63062e+03	2.16558e-02	1.25708e-01	0.43622	5.10737	1.29620e-05
4.63450e+03	2.16706e-02	1.33985e-01	5.60163	4.14696	1.29620e-05
4.63838e+03	2.15964e-02	1.17787e-01	4.34136	3.19607	1.29620e-05
4.64226e+03	2.16421e-02	1.10193e-01	3.54554	2.10630	1.29620e-05
4.64614e+03	2.16512e-02	1.13013e-01	3.67244	0.93143	1.29620e-05
4.65003e+03	2.15896e-02	1.13663e-01	3.46249	6.03672	1.29620e-05
4.65391e+03	2.16476e-02	1.04933e-01	3.85527	4.74141	1.29620e-05
4.65779e+03	2.16274e-02	1.09432e-01	4.99834	3.40572	1.29620e-05
