# t	a	e	mean_anomaly	varpi	mass/M_star
3.10572e+00	1.64658e-02	7.01394e-02	0.58689	0.02311	4.36970e-05
6.98788e+00	1.64698e-02	6.82047e-02	2.50206	5.33201	4.36970e-05
1.08700e+01	1.64721e-02	6.96389e-02	4.35290	4.38862	4.36970e-05
1.47522e+01	1.64807e-02	7.24563e-02	6.21988	3.46381	4.36970e-05
1.86343e+01	1.64802e-02	7.49139e-02	1.78392	2.51508	4.36970e-05
2.25164e+01	1.64773e-02	7.66115e-02	3.73519	1.51303	4.36970e-05
2.63985e+01	1.64774e-02	7.80790e-02	5.70944	0.45644	4.36970e-05
3.02807e+01	1.64832e-02	7.88249e-02	1.46315	5.66902	4.36970e-05
3.41628e+01	1.64801e-02	7.87390e-02	3.41974	4.61750	4.36970e-05
3.80450e+01	1.64807e-02	7.65510e-02	5.36811	3.61137	4.36970e-05
4.19271e+01	1.64768e-02	7.25898e-02	0.92321	2.64744	4.36970e-05
4.58093e+01	1.64758e-02	7.01163e-02	2.77890	1.69992	4.36970e-05
4.96914e+01	1.64800e-02	6.87852e-02	4.60248	0.74829	4.36970e-05
5.35735e+01	1.64786e-02	7.11739e-02	0.19097	6.06957	4.36970e-05
5.74557e+01	1.64695e-02	7.40130e-02	2.03972	5.08968	4.36970e-05
6.13378e+01	1.64667e-02	7.78115e-02	3.96839	4.08689	4.36970e-05
6.52199e+01	1.64643e-02	7.93446e-02	5.87829	3.05828	4.36970e-05
6.91021e+01	1.64658e-02	7.70183e-02	1.59092	2.00172	4.36970e-05
7.29842e+01	1.64713e-02	7.40605e-02	3.54773	0.94086	4.36970e-05
7.68664e+01	1.64757e-02	7.27945e-02	5.48725	6.20124	4.36970e-05
8.07485e+01	1.64817e-02	7.23258e-02	1.02642	5.24319	4.36970e-05
8.46307e+01	1.64785e-02	7.12057e-02	2.86672	4.32520	4.36970e-05
8.85128e+01	1.64755e-02	7.06088e-02	4.69207	3.41059	4.36970e-05
9.23949e+01	1.64797e-02	7.09862e-02	0.25177	2.44730	4.36970e-05
9.62771e+01	1.64837e-02	7.37975e-02	2.17274	1.43390	4.36970e-05
1.00159e+02	1.64824e-02	7.85395e-02	4.11504	0.38735	4.36970e-05
1.04041e+02	1.64787e-02	8.17511e-02	6.08893	5.63106	4.36970e-05
1.07923e+02	1.64757e-02	7.96879e-02	1.72913	4.59804	4.36970e-05
1.11806e+02	1.64784e-02	7.52710e-02	3.67360	3.57649	4.36970e-05
1.15688e+02	1.64803e-02	7.09723e-02	5.56820	2.56476	4.36970e-05
1.19570e+02	1.64703e-02	6.84068e-02	1.18083	1.59231	4.36970e-05
1.23452e+02	1.64699e-02	6.83612e-02	2.97709	0.66211	4.36970e-05
1.27334e+02	1.64683e-02	7.06359e-02	4.82244	6.03072	4.36970e-05
1.31216e+02	1.64666e-02	7.26043e-02	0.35349	5.08998	4.36970e-05
1.35098e+02	1.64681e-02	7.50293e-02	2.27773	4.09336	4.36970e-05
1.38981e+02	1.64691e-02	7.64239e-02	4.22797	3.03676	4.36970e-05
1.42863e+02	1.64797e-02	7.89871e-02	6.24869	1.96203	4.36970e-05
1.46745e+02	1.64791e-02	7.82687e-02	1.89800	0.91363	4.36970e-05
1.50627e+02	1.64757e-02	7.56155e-02	3.83536	6.19368	4.36970e-05
1.54509e+02	1.64788e-02	7.18465e-02	5.67922	5.23381	4.36970e-05
1.58391e+02	1.64824e-02	6.86571e-02	1.25686	4.29747	4.36970e-05
1.62273e+02	1.64799e-02	6.81558e-02	3.07562	3.35280	4.36970e-05
1.66156e+02	1.64822e-02	7.03695e-02	4.95709	2.39518	4.36970e-05
1.70038e+02	1.64764e-02	7.48738e-02	0.52628	1.42299	4.36970e-05
1.73920e+02	1.64750e-02	7.91394e-02	2.46124	0.42071	4.36970e-05
1.77802e+02	1.64795e-02	8.04137e-02	4.38031	5.67123	4.36970e-05
1.81684e+02	1.64789e-02	7.86090e-02	0.10532	4.61354	4.36970e-05
1.85566e+02	1.64698e-02	7.43674e-02	2.07142	3.55069	4.36970e-05
1.89448e+02	1.64692e-02	7.18081e-02	4.02568	2.53036	4.36970e-05
1.93331e+02	1.64669e-02	7.01009e-02	5.86136	1.57545	4.36970e-05
1.97213e+02	1.64673e-02	6.95173e-02	1.42481	0.66410	4.36970e-05
2.01095e+02	1.64715e-02	6.88710e-02	3.20751	6.03987	4.36970e-05
2.04977e+02	1.64718e-02	7.07435e-02	5.09147	5.08401	4.36970e-05
2.08859e+02	1.64827e-02	7.40555e-02	0.71804	4.07224	4.36970e-05
2.12741e+02	1.64780e-02	7.83589e-02	2.68958	3.02616	4.36970e-05
2.16623e+02	1.64768e-02	8.12163e-02	4.63264	1.98166	4.36970e-05
2.20505e+02	1.64824e-02	7.97830e-02	0.33763	0.94778	4.36970e-05
2.24388e+02	1.64819e-02	7.53216e-02	2.25990	6.21049	4.36970e-05
2.28270e+02	1.64816e-02	7.09549e-02	4.19927	5.19935	4.36970e-05
2.32152e+02	1.64785e-02	6.92576e-02	6.05854	4.22796	4.36970e-05
2.36034e+02	1.64762e-02	6.99734e-02	1.64859	3.28994	4.36970e-05
2.39916e+02	1.64759e-02	7.23997e-02	3.46089	2.36825	4.36970e-05
2.43798e+02	1.64814e-02	7.45566e-02	5.33934	1.42075	4.36970e-05
2.47680e+02	1.64719e-02	7.58855e-02	0.94322	0.42412	4.36970e-05
2.51563e+02	1.64671e-02	7.67692e-02	2.93956	5.65352	4.36970e-05
2.55445e+02	1.64649e-02	7.78130e-02	4.91913	4.58272	4.36970e-05
2.59327e+02	1.64642e-02	7.67033e-02	0.63582	3.53361	4.36970e-05
2.63209e+02	1.64675e-02	7.43841e-02	2.54913	2.52957	4.36970e-05
2.67091e+02	1.64719e-02	7.14078e-02	4.44086	1.56508	4.36970e-05
2.70973e+02	1.64816e-02	6.98459e-02	0.00313	0.62175	4.36970e-05
2.74855e+02	1.64792e-02	6.90190e-02	1.88531	5.95703	4.36970e-05
2.78738e+02	1.64759e-02	7.09113e-02	3.73296	4.99286	4.36970e-05
2.82620e+02	1.64793e-02	7.49514e-02	5.62804	4.00819	4.36970e-05
2.86502e+02	1.64835e-02	7.90878e-02	1.26723	3.00466	4.36970e-05
2.90384e+02	1.64833e-02	8.04880e-02	3.20180	1.97140	4.36970e-05
2.94266e+02	1.64824e-02	7.89983e-02	5.19157	0.91802	4.36970e-05
2.98148e+02	1.64770e-02	7.53405e-02	0.86862	6.14476	4.36970e-05
3.02030e+02	1.64761e-02	7.34610e-02	2.82648	5.11944	4.36970e-05
3.05913e+02	1.64799e-02	7.23927e-02	4.66662	4.15551	4.36970e-05
3.09795e+02	1.64790e-02	7.16586e-02	0.22712	3.23753	4.36970e-05
3.13677e+02	1.64697e-02	6.99497e-02	2.03098	2.31842	4.36970e-05
3.17559e+02	1.64674e-02	7.03852e-02	3.91151	1.35845	4.36970e-05
3.21441e+02	1.64647e-02	7.30242e-02	5.80963	0.34446	4.36970e-05
3.25323e+02	1.64657e-02	7.71287e-02	1.51440	5.58193	4.36970e-05
3.29205e+02	1.64692e-02	7.96364e-02	3.46507	4.54095	4.36970e-05
3.33088e+02	1.64738e-02	7.93934e-02	5.44670	3.50661	4.36970e-05
3.36970e+02	1.64818e-02	7.55067e-02	1.06608	2.48816	4.36970e-05
3.40852e+02	1.64781e-02	7.14636e-02	3.01102	1.48122	4.36970e-05
3.44734e+02	1.64774e-02	6.92897e-02	4.86317	0.50852	4.36970e-05
3.48616e+02	1.64802e-02	7.00962e-02	0.45159	5.85220	4.36970e-05
3.52498e+02	1.64819e-02	7.20093e-02	2.24705	4.93004	4.36970e-05
3.56380e+02	1.64809e-02	7.45976e-02	4.13104	3.98152	4.36970e-05
3.60262e+02	1.64785e-02	7.64296e-02	6.01861	2.98475	4.36970e-05
3.64145e+02	1.64767e-02	7.83025e-02	1.72830	1.92848	4.36970e-05
3.68027e+02	1.64790e-02	7.89172e-02	3.70431	0.85738	4.36970e-05
3.71909e+02	1.64813e-02	7.85821e-02	5.71074	6.08868	4.36970e-05
3.75791e+02	1.64702e-02	7.53071e-02	1.30960	5.08926	4.36970e-05
3.79673e+02	1.64683e-02	7.06809e-02	3.19507	4.13244	4.36970e-05
3.83555e+02	1.64676e-02	6.78226e-02	5.01150	3.20028	4.36970e-05
3.87437e+02	1.64663e-02	6.64151e-02	0.61543	2.25849	4.36970e-05
3.91320e+02	1.64675e-02	6.88515e-02	2.44896	1.30776	4.36970e-05
3.95202e+02	1.64715e-02	7.33580e-02	4.36347	0.33203	4.36970e-05
3.99084e+02	1.64834e-02	7.88249e-02	6.25063	5.61831	4.36970e-05
4.02966e+02	1.64801e-02	8.03365e-02	1.94202	4.59199	4.36970e-05
4.06848e+02	1.64760e-02	7.81825e-02	3.89717	3.53812	4.36970e-05
4.10730e+02	1.64781e-02	7.47645e-02	5.87896	2.48075	4.36970e-05
4.14612e+02	1.64823e-02	7.26316e-02	1.49940	1.46498	4.36970e-05
4.18495e+02	1.64782e-02	7.13835e-02	3.39177	0.50991	4.36970e-05
4.22377e+02	1.64828e-02	7.07076e-02	5.19124	5.89196	4.36970e-05
4.26259e+02	1.64744e-02	6.99170e-02	0.72667	4.99625	4.36970e-05
4.30141e+02	1.64755e-02	7.04573e-02	2.55432	4.05403	4.36970e-05
4.34023e+02	1.64794e-02	7.30997e-02	4.50961	3.05413	4.36970e-05
4.37905e+02	1.64822e-02	7.79203e-02	0.14568	2.02031	4.36970e-05
4.41787e+02	1.64725e-02	8.04337e-02	2.15693	0.98648	4.36970e-05
4.45670e+02	1.64697e-02	7.98327e-02	4.09898	6.24425	4.36970e-05
4.49552e+02	1.64623e-02	7.44597e-02	6.05460	5.23353	4.36970e-05
4.53434e+02	1.64686e-02	7.00185e-02	1.67539	4.23209	4.36970e-05
4.57316e+02	1.64725e-02	6.71107e-02	3.59865	3.26106	4.36970e-05
4.61198e+02	1.64747e-02	6.86578e-02	5.48672	2.33202	4.36970e-05
4.65080e+02	1.64794e-02	7.10312e-02	1.03289	1.42913	4.36970e-05
4.68962e+02	1.64767e-02	7.39551e-02	2.85338	0.50774	4.36970e-05
4.72845e+02	1.64781e-02	7.61666e-02	4.76546	5.81435	4.36970e-05
4.76727e+02	1.64793e-02	7.73974e-02	0.41266	4.76943	4.36970e-05
4.80609e+02	1.64810e-02	7.85456e-02	2.41302	3.69471	4.36970e-05
4.84491e+02	1.64801e-02	7.88746e-02	4.36332	2.63214	4.36970e-05
4.88373e+02	1.64805e-02	7.71329e-02	0.01537	1.62811	4.36970e-05
4.92255e+02	1.64739e-02	7.31490e-02	1.88845	0.66510	4.36970e-05
4.96137e+02	1.64771e-02	6.98382e-02	3.69760	6.00967	4.36970e-05
5.00019e+02	1.64812e-02	6.84450e-02	5.55751	5.06237	4.36970e-05
5.03902e+02	1.64691e-02	6.92383e-02	1.10954	4.10028	4.36970e-05
5.07784e+02	1.64713e-02	7.31810e-02	3.00266	3.13583	4.36970e-05
5.11666e+02	1.64668e-02	7.75253e-02	4.85049	2.15969	4.36970e-05
5.15548e+02	1.64615e-02	7.89340e-02	0.44816	1.16097	4.36970e-05
5.19430e+02	1.64686e-02	7.77361e-02	2.35232	0.13552	4.36970e-05
5.23312e+02	1.64741e-02	7.42379e-02	4.35599	5.37576	4.36970e-05
5.27194e+02	1.64850e-02	7.30162e-02	6.23825	4.35573	4.36970e-05
5.31077e+02	1.64762e-02	7.15743e-02	1.80680	3.40283	4.36970e-05
5.34959e+02	1.64785e-02	7.20071e-02	3.57142	2.50753	4.36970e-05
5.38841e+02	1.64766e-02	7.15017e-02	5.40506	1.63069	4.36970e-05
5.42723e+02	1.64779e-02	7.10449e-02	0.87920	0.72050	4.36970e-05
5.46605e+02	1.64859e-02	7.32964e-02	2.76750	6.03038	4.36970e-05
5.50487e+02	1.64866e-02	7.70984e-02	4.65099	5.00596	4.36970e-05
5.54369e+02	1.64787e-02	8.02341e-02	0.34439	3.97868	4.36970e-05
5.58252e+02	1.64738e-02	8.09982e-02	2.25251	2.96509	4.36970e-05
5.62134e+02	1.64762e-02	7.78893e-02	4.13943	1.96402	4.36970e-05
5.66016e+02	1.64770e-02	7.27221e-02	6.01241	0.97464	4.36970e-05
5.69898e+02	1.64686e-02	6.85376e-02	1.65478	0.00593	4.36970e-05
5.73780e+02	1.64656e-02	6.77905e-02	3.44509	5.35250	4.36970e-05
5.77662e+02	1.64704e-02	7.03661e-02	5.23890	4.45354	4.36970e-05
5.81544e+02	1.64700e-02	7.31612e-02	0.75460	3.55192	4.36970e-05
5.85427e+02	1.64662e-02	7.43193e-02	2.57403	2.62526	4.36970e-05
5.89309e+02	1.64654e-02	7.55291e-02	4.48079	1.62409	4.36970e-05
5.93191e+02	1.64774e-02	7.75959e-02	0.16266	0.57218	4.36970e-05
5.97073e+02	1.64752e-02	7.79842e-02	2.11023	5.79981	4.36970e-05
6.00955e+02	1.64803e-02	7.80590e-02	4.05282	4.78383	4.36970e-05
6.04837e+02	1.64827e-02	7.57282e-02	5.90027	3.81650	4.36970e-05
6.08719e+02	1.64806e-02	7.20427e-02	1.44891	2.89474	4.36970e-05
6.12602e+02	1.64844e-02	6.97300e-02	3.25242	1.97557	4.36970e-05
6.16484e+02	1.64796e-02	6.90248e-02	5.12751	1.05189	4.36970e-05
6.20366e+02	1.64747e-02	7.13217e-02	0.65888	0.10553	4.36970e-05
6.24248e+02	1.64772e-02	7.65060e-02	2.50322	5.42319	4.36970e-05
6.28130e+02	1.64746e-02	7.98833e-02	4.39125	4.44272	4.36970e-05
6.32012e+02	1.64760e-02	8.05920e-02	0.03289	3.43370	4.36970e-05
6.35894e+02	1.64646e-02	7.66951e-02	1.98145	2.39216	4.36970e-05
6.39777e+02	1.64719e-02	7.41306e-02	3.96549	1.34596	4.36970e-05
6.43659e+02	1.64699e-02	7.19190e-02	5.85577	0.35330	4.36970e-05
6.47541e+02	1.64711e-02	7.15392e-02	1.40136	5.70766	4.36970e-05
6.51423e+02	1.64698e-02	7.03709e-02	3.20102	4.82523	4.36970e-05
6.55305e+02	1.64710e-02	7.02262e-02	4.95357	3.94373	4.36970e-05
6.59187e+02	1.64823e-02	7.12023e-02	0.48473	3.01332	4.36970e-05
6.63069e+02	1.64818e-02	7.37908e-02	2.43435	2.02626	4.36970e-05
6.66951e+02	1.64763e-02	7.75936e-02	4.31258	0.99941	4.36970e-05
6.70834e+02	1.64825e-02	8.16485e-02	0.00235	6.25298	4.36970e-05
6.74716e+02	1.64870e-02	8.08573e-02	1.90682	5.24565	4.36970e-05
6.78598e+02	1.64790e-02	7.60497e-02	3.86958	4.24756	4.36970e-05
6.82480e+02	1.64759e-02	7.13961e-02	5.71896	3.26323	4.36970e-05
6.86362e+02	1.64718e-02	6.87857e-02	1.34241	2.30200	4.36970e-05
6.90244e+02	1.64777e-02	6.98706e-02	3.11919	1.38150	4.36970e-05
6.94126e+02	1.64802e-02	7.13432e-02	4.99555	0.47959	4.36970e-05
6.98009e+02	1.64760e-02	7.37835e-02	0.53290	5.86857	4.36970e-05
7.01891e+02	1.64658e-02	7.44503e-02	2.36134	4.90657	4.36970e-05
7.05773e+02	1.64684e-02	7.64176e-02	4.36179	3.88423	4.36970e-05
7.09655e+02	1.64638e-02	7.68814e-02	0.02691	2.82621	4.36970e-05
7.13537e+02	1.64634e-02	7.67172e-02	1.97082	1.78736	4.36970e-05
7.17419e+02	1.64749e-02	7.58962e-02	3.85693	0.78795	4.36970e-05
7.21301e+02	1.64757e-02	7.36289e-02	5.75353	6.12519	4.36970e-05
7.25184e+02	1.64804e-02	7.03209e-02	1.27794	5.20636	4.36970e-05
7.29066e+02	1.64751e-02	6.77575e-02	3.06638	4.27917	4.36970e-05
7.32948e+02	1.64800e-02	6.67145e-02	4.74444	3.36074	4.36970e-05
7.36830e+02	1.64769e-02	6.97126e-02	6.11547	2.41816	4.36970e-05
7.40712e+02	1.64882e-02	7.69027e-02	1.27454	1.46790	4.36970e-05
7.44594e+02	1.64889e-02	7.84019e-02	2.61959	0.52089	4.36970e-05
7.48476e+02	1.64778e-02	7.92462e-02	4.03326	5.82696	4.36970e-05
7.52359e+02	1.64788e-02	7.33718e-02	6.06030	4.76392	4.36970e-05
7.56241e+02	1.64741e-02	7.02691e-02	1.28741	3.72155	4.36970e-05
7.60123e+02	1.64759e-02	7.28880e-02	2.91294	2.74071	4.36970e-05
7.64005e+02	1.64755e-02	7.56145e-02	4.71068	1.83614	4.36970e-05
7.67887e+02	1.64685e-02	7.55232e-02	0.67209	0.93527	4.36970e-05
7.71769e+02	1.64739e-02	6.78188e-02	2.62207	0.03580	4.36970e-05
7.75651e+02	1.64692e-02	6.74420e-02	4.45712	5.31727	4.36970e-05
7.79534e+02	1.64677e-02	7.42666e-02	0.12883	4.27267	4.36970e-05
7.83416e+02	1.64624e-02	8.36448e-02	2.75208	3.29087	4.36970e-05
7.87298e+02	1.64802e-02	8.42845e-02	6.28306	2.24699	4.36970e-05
7.91180e+02	1.64809e-02	7.96059e-02	2.62398	1.20123	4.36970e-05
7.95062e+02	1.64721e-02	7.38464e-02	5.09151	0.21923	4.36970e-05
7.98944e+02	1.64788e-02	7.40187e-02	1.49886	5.49093	4.36970e-05
8.02826e+02	1.64806e-02	7.36037e-02	4.37078	4.53624	4.36970e-05
8.06708e+02	1.64759e-02	7.66299e-02	0.81386	3.58915	4.36970e-05
8.10591e+02	1.64746e-02	7.64693e-02	3.67454	2.66605	4.36970e-05
8.14473e+02	1.64752e-02	7.86538e-02	0.57638	1.69439	4.36970e-05
8.18355e+02	1.64689e-02	7.85687e-02	3.52324	0.63525	4.36970e-05
8.22237e+02	1.64624e-02	8.09970e-02	0.25092	5.86491	4.36970e-05
8.26119e+02	1.64613e-02	8.10488e-02	3.25671	4.83646	4.36970e-05
8.30001e+02	1.64742e-02	7.94986e-02	6.24143	3.83285	4.36970e-05
8.33883e+02	1.64711e-02	7.64609e-02	2.89551	2.84929	4.36970e-05
8.37766e+02	1.64730e-02	7.45351e-02	5.84181	1.87523	4.36970e-05
8.41648e+02	1.64827e-02	7.37857e-02	2.68317	0.94024	4.36970e-05
8.45530e+02	1.64743e-02	7.72416e-02	5.89868	6.25555	4.36970e-05
8.49412e+02	1.64764e-02	8.04931e-02	2.88765	5.25751	4.36970e-05
8.53294e+02	1.64799e-02	8.30899e-02	6.27695	4.23787	4.36970e-05
8.57176e+02	1.64608e-02	8.26497e-02	3.34499	3.20121	4.36970e-05
8.61058e+02	1.64595e-02	8.27059e-02	0.48294	2.15998	4.36970e-05
8.64941e+02	1.64693e-02	8.01780e-02	3.79772	1.13443	4.36970e-05
8.68823e+02	1.64752e-02	7.76487e-02	0.85888	0.13304	4.36970e-05
8.72705e+02	1.64721e-02	7.65124e-02	4.09660	5.43374	4.36970e-05
8.76587e+02	1.64738e-02	7.60016e-02	1.01885	4.46813	4.36970e-05
8.80469e+02	1.64765e-02	7.76965e-02	4.17112	3.49552	4.36970e-05
8.84351e+02	1.64677e-02	7.95411e-02	1.16226	2.51595	4.36970e-05
8.88233e+02	1.64767e-02	8.17137e-02	4.37718	1.49913	4.36970e-05
8.92116e+02	1.64593e-02	8.20143e-02	1.42198	0.46960	4.36970e-05
8.95998e+02	1.64658e-02	8.30332e-02	4.70239	5.71054	4.36970e-05
8.99880e+02	1.64594e-02	8.04663e-02	1.71321	4.67650	4.36970e-05
9.03762e+02	1.64698e-02	7.83498e-02	5.00391	3.66412	4.36970e-05
9.07644e+02	1.64743e-02	7.67645e-02	1.91116	2.67777	4.36970e-05
9.11526e+02	1.64765e-02	7.68494e-02	5.14727	1.71707	4.36970e-05
9.15408e+02	1.64810e-02	7.76528e-02	2.05994	0.75467	4.36970e-05
9.19291e+02	1.64811e-02	7.91244e-02	5.29749	6.04900	4.36970e-05
9.23173e+02	1.64682e-02	8.08417e-02	2.24421	5.03746	4.36970e-05
9.27055e+02	1.64794e-02	8.36811e-02	5.54997	4.00341	4.36970e-05
9.30937e+02	1.64610e-02	8.25238e-02	2.52104	2.96027	4.36970e-05
9.34819e+02	1.64594e-02	8.07231e-02	5.86901	1.92330	4.36970e-05
9.38701e+02	1.64604e-02	7.74619e-02	2.82313	0.90552	4.36970e-05
9.42583e+02	1.64771e-02	7.66717e-02	6.08237	6.20187	4.36970e-05
9.46465e+02	1.64698e-02	7.60682e-02	2.97837	5.23289	4.36970e-05
9.50348e+02	1.64742e-02	7.68379e-02	6.15702	4.27452	4.36970e-05
9.54230e+02	1.64747e-02	7.89672e-02	3.07629	3.29954	4.36970e-05
9.58112e+02	1.64793e-02	8.19234e-02	0.08198	2.29458	4.36970e-05
9.61994e+02	1.64742e-02	8.35417e-02	3.33131	1.25988	4.36970e-05
9.65876e+02	1.64745e-02	8.39099e-02	0.41304	0.21684	4.36970e-05
9.69758e+02	1.64623e-02	8.06185e-02	3.66565	5.45096	4.36970e-05
9.73640e+02	1.64626e-02	7.86716e-02	0.68019	4.43404	4.36970e-05
9.77523e+02	1.64634e-02	7.60880e-02	3.89908	3.45150	4.36970e-05
9.81405e+02	1.64785e-02	7.69689e-02	0.82626	2.49339	4.36970e-05
9.85287e+02	1.64757e-02	7.67923e-02	4.04031	1.53644	4.36970e-05
9.89169e+02	1.64813e-02	7.84261e-02	0.99621	0.55861	4.36970e-05
9.93051e+02	1.64738e-02	8.01021e-02	4.22974	5.82240	4.36970e-05
9.96933e+02	1.64706e-02	8.36637e-02	1.27695	4.79027	4.36970e-05
1.00082e+03	1.64761e-02	8.47310e-02	4.51679	3.74920	4.36970e-05
1.00470e+03	1.64616e-02	8.16179e-02	1.59178	2.71277	4.36970e-05
1.00858e+03	1.64588e-02	7.80546e-02	4.83850	1.69180	4.36970e-05
1.01246e+03	1.64649e-02	7.57866e-02	1.82713	0.69931	4.36970e-05
1.01634e+03	1.64614e-02	7.42323e-02	5.00545	6.01737	4.36970e-05
1.02023e+03	1.64765e-02	7.62235e-02	1.90204	5.06762	4.36970e-05
1.02411e+03	1.64771e-02	7.84831e-02	5.09518	4.10455	4.36970e-05
1.02799e+03	1.64749e-02	8.08013e-02	2.09823	3.11153	4.36970e-05
1.03187e+03	1.64756e-02	8.33982e-02	5.37711	2.07739	4.36970e-05
1.03575e+03	1.64732e-02	8.38241e-02	2.38414	1.02707	4.36970e-05
1.03964e+03	1.64740e-02	8.20165e-02	5.71182	6.26747	4.36970e-05
1.04352e+03	1.64615e-02	7.84923e-02	2.71989	5.24586	4.36970e-05
1.04740e+03	1.64644e-02	7.70688e-02	5.93600	4.26627	4.36970e-05
1.05128e+03	1.64617e-02	7.42194e-02	2.86855	3.31680	4.36970e-05
1.05517e+03	1.64780e-02	7.54229e-02	6.00578	2.37224	4.36970e-05
1.05905e+03	1.64806e-02	7.69424e-02	2.97423	1.42518	4.36970e-05
1.06293e+03	1.64721e-02	7.93157e-02	6.15034	0.47138	4.36970e-05
1.06681e+03	1.64808e-02	8.34835e-02	3.15998	5.77859	4.36970e-05
1.07069e+03	1.64654e-02	8.42757e-02	0.16215	4.79682	4.36970e-05
1.07458e+03	1.64747e-02	8.40837e-02	3.50779	3.80897	4.36970e-05
1.07846e+03	1.64773e-02	8.10916e-02	0.47202	2.82589	4.36970e-05
1.08234e+03	1.64587e-02	7.61249e-02	3.68691	1.86135	4.36970e-05
1.08622e+03	1.64586e-02	7.46867e-02	0.59396	0.91734	4.36970e-05
1.09010e+03	1.64731e-02	7.53242e-02	3.86521	6.27797	4.36970e-05
1.09399e+03	1.64722e-02	7.64080e-02	0.74787	5.36293	4.36970e-05
1.09787e+03	1.64649e-02	7.82957e-02	3.96731	4.43040	4.36970e-05
1.10175e+03	1.64865e-02	8.13565e-02	0.87208	3.47007	4.36970e-05
1.10563e+03	1.64857e-02	8.29435e-02	4.16321	2.47538	4.36970e-05
1.10952e+03	1.64677e-02	8.26536e-02	1.17830	1.46692	4.36970e-05
1.11340e+03	1.64673e-02	8.18099e-02	4.48146	0.46762	4.36970e-05
1.11728e+03	1.64574e-02	7.91982e-02	1.42312	5.77807	4.36970e-05
1.12116e+03	1.64576e-02	7.65046e-02	4.67995	4.83375	4.36970e-05
1.12504e+03	1.64566e-02	7.37654e-02	1.56560	3.91780	4.36970e-05
1.12893e+03	1.64726e-02	7.48938e-02	4.74790	3.00343	4.36970e-05
1.13281e+03	1.64754e-02	7.55803e-02	1.72953	2.07854	4.36970e-05
1.13669e+03	1.64734e-02	7.89971e-02	4.91373	1.13716	4.36970e-05
1.14057e+03	1.64756e-02	8.17557e-02	1.81309	0.17542	4.36970e-05
1.14445e+03	1.64727e-02	8.36305e-02	5.05389	5.47629	4.36970e-05
1.14834e+03	1.64635e-02	8.29525e-02	2.11190	4.48273	4.36970e-05
1.15222e+03	1.64733e-02	8.12629e-02	5.38898	3.48418	4.36970e-05
1.15610e+03	1.64569e-02	7.72014e-02	2.34543	2.50076	4.36970e-05
1.15998e+03	1.64572e-02	7.59665e-02	5.60763	1.55113	4.36970e-05
1.16387e+03	1.64581e-02	7.44989e-02	2.49777	0.64360	4.36970e-05
1.16775e+03	1.64799e-02	7.60235e-02	5.71263	6.02862	4.36970e-05
1.17163e+03	1.64665e-02	7.57729e-02	2.65285	5.12170	4.36970e-05
1.17551e+03	1.64674e-02	7.75422e-02	5.88899	4.18204	4.36970e-05
1.17939e+03	1.64822e-02	8.13198e-02	2.90692	3.20595	4.36970e-05
1.18328e+03	1.64773e-02	8.37032e-02	6.23194	2.21541	4.36970e-05
1.18716e+03	1.64646e-02	8.34121e-02	3.36274	1.22157	4.36970e-05
1.19104e+03	1.64680e-02	8.17987e-02	0.44709	0.23656	4.36970e-05
1.19492e+03	1.64553e-02	7.78623e-02	3.77618	5.54556	4.36970e-05
1.19880e+03	1.64559e-02	7.57401e-02	0.86049	4.58973	4.36970e-05
1.20269e+03	1.64585e-02	7.36938e-02	4.27441	3.66574	4.36970e-05
1.20657e+03	1.64775e-02	7.68225e-02	1.35271	2.75728	4.36970e-05
1.21045e+03	1.64800e-02	7.87357e-02	4.84896	1.84761	4.36970e-05
1.21433e+03	1.64766e-02	8.09531e-02	2.04261	0.91111	4.36970e-05
1.21822e+03	1.64796e-02	8.41870e-02	5.69036	6.21828	4.36970e-05
1.22210e+03	1.64629e-02	8.35417e-02	3.13879	5.21479	4.36970e-05
1.22598e+03	1.64787e-02	8.39255e-02	0.53108	4.20351	4.36970e-05
1.22986e+03	1.64676e-02	8.12395e-02	4.13064	3.20517	4.36970e-05
1.23374e+03	1.64589e-02	7.81910e-02	1.52446	2.24677	4.36970e-05
1.23763e+03	1.64639e-02	7.68967e-02	5.04620	1.32823	4.36970e-05
1.24151e+03	1.64648e-02	7.54362e-02	2.29203	0.42407	4.36970e-05
1.24539e+03	1.64744e-02	7.73064e-02	0.09054	5.79127	4.36970e-05
1.24927e+03	1.64710e-02	7.87903e-02	4.31625	4.84967	4.36970e-05
1.25315e+03	1.64766e-02	8.41226e-02	2.13064	3.89115	4.36970e-05
1.25704e+03	1.64637e-02	8.60984e-02	0.00658	2.91106	4.36970e-05
1.26092e+03	1.64586e-02	8.59340e-02	4.11993	1.91007	4.36970e-05
1.26480e+03	1.64674e-02	8.35704e-02	2.07574	0.90590	4.36970e-05
1.26868e+03	1.64779e-02	8.09208e-02	6.13991	6.19268	4.36970e-05
1.27257e+03	1.64652e-02	7.75300e-02	4.00910	5.23624	4.36970e-05
1.27645e+03	1.64675e-02	7.69500e-02	1.68238	4.32700	4.36970e-05
1.28033e+03	1.64799e-02	7.77487e-02	5.68837	3.44229	4.36970e-05
1.28421e+03	1.64737e-02	7.89806e-02	3.46635	2.55271	4.36970e-05
1.28809e+03	1.64654e-02	7.98669e-02	1.18481	1.61748	4.36970e-05
1.29198e+03	1.64611e-02	8.26793e-02	5.27824	0.64026	4.36970e-05
1.29586e+03	1.64611e-02	8.45714e-02	3.22827	5.91626	4.36970e-05
1.29974e+03	1.64693e-02	8.51539e-02	1.06071	4.91471	4.36970e-05
1.30362e+03	1.64780e-02	8.43666e-02	5.16525	3.92858	4.36970e-05
1.30750e+03	1.64833e-02	8.13966e-02	2.95701	2.97137	4.36970e-05
1.31139e+03	1.64697e-02	7.75379e-02	0.73348	2.04054	4.36970e-05
1.31527e+03	1.64802e-02	7.63187e-02	4.81406	1.13328	4.36970e-05
1.31915e+03	1.64578e-02	7.42706e-02	2.56935	0.22682	4.36970e-05
1.32303e+03	1.64495e-02	7.74861e-02	0.31392	5.59430	4.36970e-05
1.32692e+03	1.64703e-02	8.20402e-02	4.35225	4.64975	4.36970e-05
1.33080e+03	1.64686e-02	8.46358e-02	2.17897	3.67073	4.36970e-05
1.33468e+03	1.64816e-02	8.69672e-02	0.04190	2.66516	4.36970e-05
1.33856e+03	1.64757e-02	8.46981e-02	4.23854	1.64940	4.36970e-05
1.34244e+03	1.64758e-02	8.26730e-02	2.01290	0.64971	4.36970e-05
1.34633e+03	1.64694e-02	7.87342e-02	6.17358	5.98011	4.36970e-05
1.35021e+03	1.64550e-02	7.60292e-02	3.88198	5.06794	4.36970e-05
1.35409e+03	1.64651e-02	7.53208e-02	1.57286	4.19013	4.36970e-05
1.35797e+03	1.64694e-02	7.68192e-02	5.64933	3.29242	4.36970e-05
1.36185e+03	1.64768e-02	7.86454e-02	3.43089	2.35565	4.36970e-05
1.36574e+03	1.64716e-02	8.22080e-02	1.22626	1.38112	4.36970e-05
1.36962e+03	1.64808e-02	8.68234e-02	5.32558	0.38184	4.36970e-05
1.37350e+03	1.64759e-02	8.71292e-02	3.21560	5.67002	4.36970e-05
1.37738e+03	1.64558e-02	8.31318e-02	1.06890	4.67655	4.36970e-05
1.38127e+03	1.64530e-02	7.81126e-02	5.17430	3.69804	4.36970e-05
1.38515e+03	1.64690e-02	7.65353e-02	2.97626	2.74732	4.36970e-05
1.38903e+03	1.64751e-02	7.50831e-02	0.75882	1.82928	4.36970e-05
1.39291e+03	1.64682e-02	7.69021e-02	4.72863	0.93482	4.36970e-05
1.39679e+03	1.64838e-02	7.91663e-02	2.49530	0.03975	4.36970e-05
1.40068e+03	1.64696e-02	8.16841e-02	0.26838	5.39282	4.36970e-05
1.40456e+03	1.64718e-02	8.34675e-02	4.38940	4.41336	4.36970e-05
1.40844e+03	1.64675e-02	8.47777e-02	2.36447	3.39923	4.36970e-05
1.41232e+03	1.64513e-02	8.37876e-02	0.25026	2.37931	4.36970e-05
1.41620e+03	1.64683e-02	8.30156e-02	4.37541	1.38794	4.36970e-05
1.42009e+03	1.64793e-02	8.16433e-02	2.23923	0.43284	4.36970e-05
1.42397e+03	1.64812e-02	7.79006e-02	0.02083	5.79796	4.36970e-05
1.42785e+03	1.64713e-02	7.56101e-02	4.10698	4.89335	4.36970e-05
1.43173e+03	1.64686e-02	7.52674e-02	1.81826	3.98477	4.36970e-05
1.43561e+03	1.64776e-02	7.85142e-02	5.89641	3.05587	4.36970e-05
1.43950e+03	1.64590e-02	8.08000e-02	3.80793	2.10077	4.36970e-05
1.44338e+03	1.64663e-02	8.54018e-02	1.61209	1.12980	4.36970e-05
1.44726e+03	1.64666e-02	8.57393e-02	5.83254	0.13567	4.36970e-05
1.45114e+03	1.64631e-02	8.37248e-02	3.64821	5.41295	4.36970e-05
1.45503e+03	1.64702e-02	8.01795e-02	1.60192	4.41202	4.36970e-05
1.45891e+03	1.64769e-02	7.82009e-02	5.63416	3.44249	4.36970e-05
1.46279e+03	1.64767e-02	7.82263e-02	3.46999	2.53030	4.36970e-05
1.46667e+03	1.64560e-02	7.58703e-02	1.21154	1.65203	4.36970e-05
1.47055e+03	1.64638e-02	7.69551e-02	5.24240	0.77227	4.36970e-05
1.47444e+03	1.64627e-02	7.79924e-02	3.00639	6.13083	4.36970e-05
1.47832e+03	1.64814e-02	8.23211e-02	0.92730	5.14496	4.36970e-05
1.48220e+03	1.64614e-02	8.44687e-02	5.10767	4.13226	4.36970e-05
1.48608e+03	1.64738e-02	8.67826e-02	2.97824	3.12228	4.36970e-05
1.48996e+03	1.64748e-02	8.53282e-02	0.89920	2.14080	4.36970e-05
1.49385e+03	1.64754e-02	8.12021e-02	5.04674	1.17954	4.36970e-05
1.49773e+03	1.64681e-02	7.61545e-02	2.80437	0.23972	4.36970e-05
1.50161e+03	1.64617e-02	7.36488e-02	0.67257	5.60103	4.36970e-05
1.50549e+03	1.64578e-02	7.36793e-02	4.67161	4.69809	4.36970e-05
1.50938e+03	1.64752e-02	7.90102e-02	2.46937	3.78660	4.36970e-05
1.51326e+03	1.64660e-02	8.16215e-02	0.29040	2.85971	4.36970e-05
1.51714e+03	1.64678e-02	8.41482e-02	4.45184	1.89248	4.36970e-05
1.52102e+03	1.64763e-02	8.60090e-02	2.35131	0.89154	4.36970e-05
1.52490e+03	1.64753e-02	8.43983e-02	0.29406	6.15256	4.36970e-05
1.52879e+03	1.64582e-02	8.08932e-02	4.44230	5.13842	4.36970e-05
1.53267e+03	1.64683e-02	7.93460e-02	2.31691	4.18388	4.36970e-05
1.53655e+03	1.64799e-02	7.91014e-02	0.12729	3.27340	4.36970e-05
1.54043e+03	1.64634e-02	7.56098e-02	4.16708	2.38299	4.36970e-05
1.54431e+03	1.64786e-02	7.70672e-02	1.89653	1.48585	4.36970e-05
1.54820e+03	1.64744e-02	7.73706e-02	5.95629	0.54016	4.36970e-05
1.55208e+03	1.64778e-02	8.25127e-02	3.89278	5.84186	4.36970e-05
1.55596e+03	1.64542e-02	8.47770e-02	1.74898	4.84452	4.36970e-05
1.55984e+03	1.64634e-02	8.64500e-02	5.98957	3.85081	4.36970e-05
1.56373e+03	1.64582e-02	8.23414e-02	3.92952	2.86122	4.36970e-05
1.56761e+03	1.64710e-02	7.88483e-02	1.81267	1.88279	4.36970e-05
1.57149e+03	1.64783e-02	7.75988e-02	5.88363	0.92381	4.36970e-05
1.57537e+03	1.64745e-02	7.50715e-02	3.51897	0.01638	4.36970e-05
1.57925e+03	1.64679e-02	7.57282e-02	1.00684	5.41321	4.36970e-05
1.58314e+03	1.64789e-02	8.02387e-02	4.82020	4.53929	4.36970e-05
1.58702e+03	1.64552e-02	7.90913e-02	2.46619	3.63985	4.36970e-05
1.59090e+03	1.64498e-02	8.05292e-02	0.23796	2.69710	4.36970e-05
1.59478e+03	1.64698e-02	8.29444e-02	4.23130	1.72719	4.36970e-05
1.59866e+03	1.64797e-02	8.49922e-02	2.03482	0.75605	4.36970e-05
1.60255e+03	1.64640e-02	8.44403e-02	5.95359	6.08174	4.36970e-05
1.60643e+03	1.64766e-02	8.31597e-02	3.76618	5.14534	4.36970e-05
1.61031e+03	1.64682e-02	7.71926e-02	1.44870	4.24093	4.36970e-05
1.61419e+03	1.64740e-02	7.32045e-02	6.18090	3.36085	4.36970e-05
1.61808e+03	1.64564e-02	6.68039e-02	4.65861	2.51118	4.36970e-05
1.62196e+03	1.64693e-02	6.55189e-02	2.95500	1.70843	4.36970e-05
1.62584e+03	1.64739e-02	6.85463e-02	1.70795	0.91754	4.36970e-05
1.62972e+03	1.64616e-02	7.09198e-02	0.59143	0.12719	4.36970e-05
1.63360e+03	1.64622e-02	7.57475e-02	6.11147	5.60512	4.36970e-05
1.63749e+03	1.64776e-02	7.95724e-02	5.49455	4.75290	4.36970e-05
1.64137e+03	1.64555e-02	8.14112e-02	5.24094	3.82997	4.36970e-05
1.64525e+03	1.64532e-02	8.78215e-02	5.44714	2.86564	4.36970e-05
1.64913e+03	1.64629e-02	9.24466e-02	5.27330	1.89866	4.36970e-05
1.65301e+03	1.64772e-02	9.35341e-02	5.17585	0.93729	4.36970e-05
1.65690e+03	1.64641e-02	8.65198e-02	4.93827	6.26601	4.36970e-05
1.66078e+03	1.64575e-02	8.26744e-02	4.88567	5.31480	4.36970e-05
1.66466e+03	1.64509e-02	7.65850e-02	4.63284	4.41386	4.36970e-05
1.66854e+03	1.64639e-02	7.73109e-02	4.46783	3.54768	4.36970e-05
1.67243e+03	1.64766e-02	7.89313e-02	4.38135	2.69062	4.36970e-05
1.67631e+03	1.64739e-02	8.26373e-02	4.34986	1.83846	4.36970e-05
1.68019e+03	1.64626e-02	8.49831e-02	4.20582	0.91639	4.36970e-05
1.68407e+03	1.64656e-02	8.92524e-02	4.16205	6.24173	4.36970e-05
1.68795e+03	1.64570e-02	9.04638e-02	4.10436	5.25860	4.36970e-05
1.69184e+03	1.64694e-02	8.98466e-02	4.04622	4.26062	4.36970e-05
1.69572e+03	1.64670e-02	8.60405e-02	3.95326	3.28581	4.36970e-05
1.69960e+03	1.64556e-02	8.07577e-02	3.86027	2.36162	4.36970e-05
1.70348e+03	1.64581e-02	7.74695e-02	3.75642	1.50193	4.36970e-05
1.70736e+03	1.64639e-02	7.79427e-02	3.84336	0.67437	4.36970e-05
1.71125e+03	1.64593e-02	7.79094e-02	3.77364	6.09199	4.36970e-05
1.71513e+03	1.64655e-02	8.09719e-02	3.88715	5.19840	4.36970e-05
1.71901e+03	1.64558e-02	8.67251e-02	3.89133	4.26950	4.36970e-05
1.72289e+03	1.64467e-02	8.88112e-02	4.09461	3.31765	4.36970e-05
1.72678e+03	1.64707e-02	9.15732e-02	4.26794	2.36006	4.36970e-05
1.73066e+03	1.64603e-02	8.84332e-02	4.46300	1.38094	4.36970e-05
1.73454e+03	1.64588e-02	8.34576e-02	4.56555	0.42633	4.36970e-05
1.73842e+03	1.64595e-02	8.10208e-02	4.61566	5.80307	4.36970e-05
1.74230e+03	1.64632e-02	7.82949e-02	4.70038	4.96022	4.36970e-05
1.74619e+03	1.64570e-02	7.66462e-02	4.60583	4.14911	4.36970e-05
1.75007e+03	1.64758e-02	7.90312e-02	4.71343	3.32101	4.36970e-05
1.75395e+03	1.64741e-02	8.08964e-02	4.67485	2.45804	4.36970e-05
1.75783e+03	1.64532e-02	8.39123e-02	4.80801	1.55242	4.36970e-05
1.76171e+03	1.64673e-02	8.75066e-02	4.97901	0.61140	4.36970e-05
1.76560e+03	1.64585e-02	8.93397e-02	5.12495	5.95867	4.36970e-05
1.76948e+03	1.64573e-02	8.70055e-02	5.32373	5.01778	4.36970e-05
1.77336e+03	1.64781e-02	8.51676e-02	5.44890	4.08967	4.36970e-05
1.77724e+03	1.64538e-02	8.03308e-02	5.60261	3.18765	4.36970e-05
1.78113e+03	1.64611e-02	7.92569e-02	5.65236	2.33100	4.36970e-05
1.78501e+03	1.64573e-02	7.76162e-02	5.52115	1.50336	4.36970e-05
1.78889e+03	1.64753e-02	7.81799e-02	5.60425	0.66871	4.36970e-05
1.79277e+03	1.64742e-02	8.04670e-02	5.63093	6.09909	4.36970e-05
1.79665e+03	1.64429e-02	7.97933e-02	5.73456	5.21313	4.36970e-05
1.80054e+03	1.64699e-02	8.55624e-02	5.81245	4.30551	4.36970e-05
1.80442e+03	1.64552e-02	8.53339e-02	5.98117	3.38361	4.36970e-05
1.80830e+03	1.64645e-02	8.38714e-02	6.00573	2.45188	4.36970e-05
1.81218e+03	1.64569e-02	8.18137e-02	6.20355	1.52083	4.36970e-05
1.81606e+03	1.64488e-02	8.06040e-02	6.21750	0.62393	4.36970e-05
1.81995e+03	1.64583e-02	8.12336e-02	6.22253	6.04802	4.36970e-05
1.82383e+03	1.64712e-02	8.09805e-02	6.13307	5.21331	4.36970e-05
1.82771e+03	1.64750e-02	7.92608e-02	6.17769	4.37065	4.36970e-05
1.83159e+03	1.64744e-02	7.99184e-02	6.11776	3.50281	4.36970e-05
1.83548e+03	1.64422e-02	7.74369e-02	6.19179	2.60599	4.36970e-05
1.83936e+03	1.64553e-02	8.18775e-02	6.18510	1.70124	4.36970e-05
1.84324e+03	1.64680e-02	8.35799e-02	6.28017	0.80651	4.36970e-05
1.84712e+03	1.64752e-02	8.36767e-02	6.21132	6.20258	4.36970e-05
1.85100e+03	1.64690e-02	8.04218e-02	6.26846	5.31818	4.36970e-05
1.85489e+03	1.64508e-02	7.82924e-02	6.16555	4.43336	4.36970e-05
1.85877e+03	1.64667e-02	7.82957e-02	6.14929	3.56098	4.36970e-05
1.86265e+03	1.64741e-02	8.01103e-02	6.10851	2.69737	4.36970e-05
1.86653e+03	1.64728e-02	8.26467e-02	6.08474	1.83536	4.36970e-05
1.87041e+03	1.64550e-02	8.30079e-02	6.02682	0.97004	4.36970e-05
1.87430e+03	1.64418e-02	8.19252e-02	6.04223	0.07316	4.36970e-05
1.87818e+03	1.64631e-02	8.37563e-02	6.11879	5.42800	4.36970e-05
1.88206e+03	1.64681e-02	8.28636e-02	6.12765	4.49763	4.36970e-05
1.88594e+03	1.64562e-02	8.01112e-02	6.16553	3.58015	4.36970e-05
1.88983e+03	1.64621e-02	7.89404e-02	6.15100	2.69010	4.36970e-05
1.89371e+03	1.64404e-02	7.71426e-02	6.13941	1.83040	4.36970e-05
1.89759e+03	1.64675e-02	7.72958e-02	6.02017	1.00913	4.36970e-05
1.90147e+03	1.64674e-02	7.85241e-02	6.01746	0.18769	4.36970e-05
1.90535e+03	1.64586e-02	8.05278e-02	5.97023	5.61673	4.36970e-05
1.90924e+03	1.64743e-02	8.44763e-02	5.82359	4.73071	4.36970e-05
1.91312e+03	1.64439e-02	8.40507e-02	5.88056	3.81221	4.36970e-05
1.91700e+03	1.64674e-02	8.84113e-02	5.92667	2.87114	4.36970e-05
1.92088e+03	1.64654e-02	8.67881e-02	5.99027	1.93970	4.36970e-05
1.92476e+03	1.64739e-02	8.63500e-02	6.02754	1.01876	4.36970e-05
1.92865e+03	1.64632e-02	8.05095e-02	6.05100	0.12076	4.36970e-05
1.93253e+03	1.64476e-02	7.64738e-02	6.17835	5.53363	4.36970e-05
1.93641e+03	1.64579e-02	7.46676e-02	5.93588	4.71384	4.36970e-05
1.94029e+03	1.64604e-02	7.59627e-02	5.71479	3.92438	4.36970e-05
1.94418e+03	1.64719e-02	7.92411e-02	5.36149	3.10498	4.36970e-05
1.94806e+03	1.64624e-02	8.28363e-02	5.18364	2.26504	4.36970e-05
1.95194e+03	1.64388e-02	8.55570e-02	5.01699	1.37216	4.36970e-05
1.95582e+03	1.64435e-02	8.84737e-02	4.96940	0.42715	4.36970e-05
1.95970e+03	1.64663e-02	9.07802e-02	4.87525	5.74487	4.36970e-05
1.96359e+03	1.64668e-02	8.74897e-02	4.93555	4.78695	4.36970e-05
1.96747e+03	1.64564e-02	8.38866e-02	4.81761	3.85410	4.36970e-05
1.97135e+03	1.64426e-02	7.94116e-02	4.60239	2.97581	4.36970e-05
1.97523e+03	1.64502e-02	7.54578e-02	4.37883	2.16537	4.36970e-05
1.97911e+03	1.64609e-02	7.65041e-02	4.23652	1.37122	4.36970e-05
1.98300e+03	1.64779e-02	7.77861e-02	3.91903	0.56383	4.36970e-05
1.98688e+03	1.64704e-02	7.99305e-02	3.80298	6.01994	4.36970e-05
1.99076e+03	1.64462e-02	8.26065e-02	3.70060	5.13813	4.36970e-05
1.99464e+03	1.64474e-02	8.73201e-02	3.57580	4.23092	4.36970e-05
1.99853e+03	1.64741e-02	9.32716e-02	3.53264	3.29887	4.36970e-05
2.00241e+03	1.64598e-02	9.14385e-02	3.53667	2.35502	4.36970e-05
2.00629e+03	1.64765e-02	8.76141e-02	3.42936	1.41599	4.36970e-05
2.01017e+03	1.64443e-02	8.21781e-02	3.42912	0.48268	4.36970e-05
2.01405e+03	1.64632e-02	7.88808e-02	3.19704	5.91240	4.36970e-05
2.01794e+03	1.64728e-02	7.87321e-02	3.11959	5.10601	4.36970e-05
2.02182e+03	1.64674e-02	7.78945e-02	2.75889	4.31536	4.36970e-05
2.02570e+03	1.64588e-02	7.73872e-02	2.61195	3.50193	4.36970e-05
2.02958e+03	1.64599e-02	7.83972e-02	2.41052	2.64281	4.36970e-05
2.03346e+03	1.64539e-02	8.19931e-02	2.27755	1.73644	4.36970e-05
2.03735e+03	1.64559e-02	8.70487e-02	2.14632	0.80457	4.36970e-05
2.04123e+03	1.64742e-02	8.92645e-02	2.07471	6.14973	4.36970e-05
2.04511e+03	1.64724e-02	8.93104e-02	1.95047	5.20207	4.36970e-05
2.04899e+03	1.64442e-02	8.24771e-02	1.81882	4.27385	4.36970e-05
2.05288e+03	1.64498e-02	8.09055e-02	1.57091	3.38470	4.36970e-05
2.05676e+03	1.64636e-02	7.88521e-02	1.36826	2.53577	4.36970e-05
2.06064e+03	1.64759e-02	7.76182e-02	1.20359	1.71708	4.36970e-05
2.06452e+03	1.64543e-02	7.64852e-02	0.94157	0.89004	4.36970e-05
2.06840e+03	1.64541e-02	7.81089e-02	0.66381	0.05366	4.36970e-05
2.07229e+03	1.64531e-02	8.09177e-02	0.62556	5.46216	4.36970e-05
2.07617e+03	1.64788e-02	8.35570e-02	0.44282	4.56493	4.36970e-05
2.08005e+03	1.64586e-02	8.45623e-02	0.29006	3.65575	4.36970e-05
2.08393e+03	1.64749e-02	8.38348e-02	0.22684	2.73365	4.36970e-05
2.08781e+03	1.64768e-02	8.26134e-02	0.04904	1.81136	4.36970e-05
2.09170e+03	1.64477e-02	8.08119e-02	6.19850	0.91062	4.36970e-05
2.09558e+03	1.64693e-02	8.15126e-02	5.94740	0.04923	4.36970e-05
2.09946e+03	1.64624e-02	7.95224e-02	5.65575	5.48977	4.36970e-05
2.10334e+03	1.64585e-02	7.87586e-02	5.38774	4.63961	4.36970e-05
2.10723e+03	1.64620e-02	7.85139e-02	5.10036	3.76843	4.36970e-05
2.11111e+03	1.64508e-02	7.95191e-02	4.81966	2.87553	4.36970e-05
2.11499e+03	1.64616e-02	8.03459e-02	4.61129	1.96244	4.36970e-05
2.11887e+03	1.64591e-02	8.28047e-02	4.44424	1.06567	4.36970e-05
2.12275e+03	1.64650e-02	8.07619e-02	4.23777	0.17612	4.36970e-05
2.12664e+03	1.64746e-02	8.04329e-02	4.05588	5.57696	4.36970e-05
2.13052e+03	1.64488e-02	7.62714e-02	3.74672	4.69877	4.36970e-05
2.13440e+03	1.64546e-02	7.68300e-02	3.53976	3.83924	4.36970e-05
2.13828e+03	1.64660e-02	8.12043e-02	3.30900	2.97556	4.36970e-05
2.14216e+03	1.64673e-02	8.26269e-02	2.99956	2.11160	4.36970e-05
2.14605e+03	1.64668e-02	8.34432e-02	2.87466	1.23104	4.36970e-05
2.14993e+03	1.64641e-02	8.30756e-02	2.61256	0.32215	4.36970e-05
2.15381e+03	1.64481e-02	8.20936e-02	2.43185	5.69329	4.36970e-05
2.15769e+03	1.64753e-02	8.23292e-02	2.32104	4.77380	4.36970e-05
2.16157e+03	1.64749e-02	8.07258e-02	2.06758	3.86786	4.36970e-05
2.16546e+03	1.64734e-02	7.94990e-02	1.90974	2.98304	4.36970e-05
2.16934e+03	1.64591e-02	7.73298e-02	1.62454	2.13042	4.36970e-05
2.17322e+03	1.64579e-02	7.54429e-02	1.45608	1.30707	4.36970e-05
2.17710e+03	1.64635e-02	7.74265e-02	1.04248	0.48406	4.36970e-05
2.18099e+03	1.64759e-02	8.18453e-02	0.65733	5.91202	4.36970e-05
2.18487e+03	1.64550e-02	8.19925e-02	0.58418	5.02464	4.36970e-05
2.18875e+03	1.64670e-02	8.74981e-02	0.54396	4.11233	4.36970e-05
2.19263e+03	1.64513e-02	8.80746e-02	0.52678	3.17912	4.36970e-05
2.19651e+03	1.64770e-02	8.91342e-02	0.44311	2.25908	4.36970e-05
2.20040e+03	1.64753e-02	8.54399e-02	0.42854	1.35726	4.36970e-05
2.20428e+03	1.64645e-02	8.34826e-02	0.47790	0.45172	4.36970e-05
2.20816e+03	1.64552e-02	7.85046e-02	0.43466	5.85166	4.36970e-05
2.21204e+03	1.64452e-02	7.43514e-02	0.30667	5.00911	4.36970e-05
2.21592e+03	1.64759e-02	7.57939e-02	0.13449	4.21506	4.36970e-05
2.21981e+03	1.64565e-02	7.69402e-02	6.23752	3.42483	4.36970e-05
2.22369e+03	1.64632e-02	8.22159e-02	6.07678	2.60001	4.36970e-05
2.22757e+03	1.64761e-02	8.55574e-02	6.01037	1.72414	4.36970e-05
2.23145e+03	1.64424e-02	8.70336e-02	6.04614	0.79499	4.36970e-05
2.23534e+03	1.64738e-02	8.95643e-02	6.03351	6.11818	4.36970e-05
2.23922e+03	1.64696e-02	8.98798e-02	6.16603	5.16991	4.36970e-05
2.24310e+03	1.64752e-02	8.81252e-02	6.03970	4.23312	4.36970e-05
2.24698e+03	1.64599e-02	8.32285e-02	6.08446	3.32385	4.36970e-05
2.25086e+03	1.64551e-02	7.83820e-02	5.91592	2.46797	4.36970e-05
2.25475e+03	1.64694e-02	7.73291e-02	5.88586	1.64478	4.36970e-05
2.25863e+03	1.64670e-02	7.63762e-02	5.64630	0.83707	4.36970e-05
2.26251e+03	1.64641e-02	7.65827e-02	5.56112	0.01005	4.36970e-05
2.26639e+03	1.64759e-02	8.16125e-02	5.38032	5.43548	4.36970e-05
2.27027e+03	1.64602e-02	8.45529e-02	5.24561	4.54095	4.36970e-05
2.27416e+03	1.64641e-02	8.97750e-02	5.15057	3.63557	4.36970e-05
2.27804e+03	1.64595e-02	8.75296e-02	5.21246	2.71673	4.36970e-05
2.28192e+03	1.64724e-02	8.82383e-02	5.12862	1.78206	4.36970e-05
2.28580e+03	1.64630e-02	8.64665e-02	5.09359	0.83306	4.36970e-05
2.28969e+03	1.64451e-02	7.99040e-02	5.06936	6.20795	4.36970e-05
2.29357e+03	1.64605e-02	7.99664e-02	4.95302	5.34806	4.36970e-05
2.29745e+03	1.64529e-02	7.78983e-02	4.67675	4.53468	4.36970e-05
2.30133e+03	1.64750e-02	7.78032e-02	4.51766	3.72255	4.36970e-05
2.30521e+03	1.64634e-02	7.66379e-02	4.43645	2.88489	4.36970e-05
2.30910e+03	1.64501e-02	7.94469e-02	4.29889	2.01187	4.36970e-05
2.31298e+03	1.64482e-02	8.05990e-02	4.38283	1.10611	4.36970e-05
2.31686e+03	1.64512e-02	8.62313e-02	4.35030	0.21284	4.36970e-05
2.32074e+03	1.64641e-02	8.65595e-02	4.39014	5.60395	4.36970e-05
2.32462e+03	1.64662e-02	8.69927e-02	4.40052	4.69827	4.36970e-05
2.32851e+03	1.64443e-02	8.25850e-02	4.32466	3.77494	4.36970e-05
2.33239e+03	1.64470e-02	8.04734e-02	4.26685	2.86638	4.36970e-05
2.33627e+03	1.64572e-02	7.85001e-02	4.26750	1.99915	4.36970e-05
2.34015e+03	1.64617e-02	7.66354e-02	4.13787	1.15593	4.36970e-05
2.34404e+03	1.64733e-02	7.88875e-02	4.07272	0.33734	4.36970e-05
2.34792e+03	1.64551e-02	7.93782e-02	3.91300	5.79721	4.36970e-05
2.35180e+03	1.64603e-02	8.02679e-02	3.95771	4.94215	4.36970e-05
2.35568e+03	1.64713e-02	8.33729e-02	3.89956	4.07304	4.36970e-05
2.35956e+03	1.64588e-02	8.08758e-02	3.84813	3.19534	4.36970e-05
2.36345e+03	1.64754e-02	8.23514e-02	3.86199	2.31953	4.36970e-05
2.36733e+03	1.64485e-02	8.20532e-02	3.84571	1.42373	4.36970e-05
2.37121e+03	1.64629e-02	8.06996e-02	3.76398	0.55900	4.36970e-05
2.37509e+03	1.64521e-02	8.18185e-02	3.76369	5.98607	4.36970e-05
2.37897e+03	1.64593e-02	8.16680e-02	3.63551	5.14325	4.36970e-05
2.38286e+03	1.64590e-02	8.07336e-02	3.54839	4.29513	4.36970e-05
2.38674e+03	1.64624e-02	7.96951e-02	3.40276	3.42063	4.36970e-05
2.39062e+03	1.64648e-02	8.19409e-02	3.39073	2.53469	4.36970e-05
2.39450e+03	1.64622e-02	8.22462e-02	3.32829	1.63892	4.36970e-05
2.39839e+03	1.64685e-02	8.28247e-02	3.41817	0.76881	4.36970e-05
2.40227e+03	1.64679e-02	8.39121e-02	3.26921	6.18303	4.36970e-05
2.40615e+03	1.64532e-02	7.80233e-02	3.23862	5.32627	4.36970e-05
2.41003e+03	1.64641e-02	7.63699e-02	3.24041	4.46115	4.36970e-05
2.41391e+03	1.64719e-02	7.82099e-02	3.15587	3.60697	4.36970e-05
2.41780e+03	1.64615e-02	7.68210e-02	3.04578	2.77379	4.36970e-05
2.42168e+03	1.64583e-02	7.98675e-02	2.89659	1.95241	4.36970e-05
2.42556e+03	1.64452e-02	8.22194e-02	2.86095	1.11028	4.36970e-05
2.42944e+03	1.64430e-02	8.36098e-02	2.80901	0.21989	4.36970e-05
2.43332e+03	1.64620e-02	8.64480e-02	2.77449	5.56081	4.36970e-05
2.43721e+03	1.64570e-02	8.70672e-02	2.89856	4.61691	4.36970e-05
2.44109e+03	1.64563e-02	8.45340e-02	2.95487	3.69285	4.36970e-05
2.44497e+03	1.64453e-02	8.21337e-02	2.94993	2.78992	4.36970e-05
2.44885e+03	1.64465e-02	7.84901e-02	2.96576	1.90619	4.36970e-05
2.45274e+03	1.64675e-02	7.90895e-02	3.00171	1.04153	4.36970e-05
2.45662e+03	1.64584e-02	7.69826e-02	2.87232	0.19719	4.36970e-05
2.46050e+03	1.64662e-02	7.84786e-02	2.78515	5.63131	4.36970e-05
2.46438e+03	1.64542e-02	7.89825e-02	2.73662	4.75219	4.36970e-05
2.46826e+03	1.64539e-02	8.52246e-02	2.77079	3.83446	4.36970e-05
2.47215e+03	1.64697e-02	9.00872e-02	2.81809	2.88031	4.36970e-05
2.47603e+03	1.64581e-02	9.01777e-02	2.92280	1.93191	4.36970e-05
2.47991e+03	1.64723e-02	8.73034e-02	2.97828	0.99995	4.36970e-05
2.48379e+03	1.64623e-02	8.25820e-02	3.03409	0.05334	4.36970e-05
2.48767e+03	1.64507e-02	7.77490e-02	3.04946	5.40131	4.36970e-05
2.49156e+03	1.64650e-02	7.92103e-02	3.15204	4.49100	4.36970e-05
2.49544e+03	1.64630e-02	7.92943e-02	3.08002	3.60804	4.36970e-05
2.49932e+03	1.64610e-02	7.98862e-02	3.07909	2.70995	4.36970e-05
2.50320e+03	1.64562e-02	8.08264e-02	3.15782	1.76218	4.36970e-05
2.50709e+03	1.64548e-02	8.31479e-02	3.26074	0.75452	4.36970e-05
2.51097e+03	1.64592e-02	8.91010e-02	3.42801	6.02001	4.36970e-05
2.51485e+03	1.64719e-02	8.78818e-02	3.60317	5.02613	4.36970e-05
2.51873e+03	1.64632e-02	8.52568e-02	3.71592	4.04932	4.36970e-05
2.52261e+03	1.64559e-02	7.97502e-02	3.87291	3.06643	4.36970e-05
2.52650e+03	1.64541e-02	7.77801e-02	3.91402	2.10960	4.36970e-05
2.53038e+03	1.64628e-02	7.82624e-02	3.97632	1.18456	4.36970e-05
2.53426e+03	1.64705e-02	7.98596e-02	4.01492	0.24940	4.36970e-05
2.53814e+03	1.64653e-02	8.39675e-02	4.15848	5.57015	4.36970e-05
2.54202e+03	1.64491e-02	8.55809e-02	4.25867	4.56706	4.36970e-05
2.54591e+03	1.64560e-02	8.73882e-02	4.42170	3.56847	4.36970e-05
2.54979e+03	1.64595e-02	8.81278e-02	4.63251	2.58072	4.36970e-05
2.55367e+03	1.64644e-02	8.43298e-02	4.79177	1.57790	4.36970e-05
2.55755e+03	1.64677e-02	8.16623e-02	4.93034	0.58953	4.36970e-05
2.56144e+03	1.64486e-02	7.93480e-02	4.96012	5.92774	4.36970e-05
2.56532e+03	1.64543e-02	7.90914e-02	5.01814	5.02364	4.36970e-05
2.56920e+03	1.64622e-02	8.08663e-02	5.06422	4.10230	4.36970e-05
2.57308e+03	1.64597e-02	8.43875e-02	5.13792	3.13408	4.36970e-05
2.57696e+03	1.64637e-02	8.78893e-02	5.20367	2.15250	4.36970e-05
2.58085e+03	1.64529e-02	8.94307e-02	5.39708	1.18279	4.36970e-05
2.58473e+03	1.64550e-02	8.61594e-02	5.42181	0.24410	4.36970e-05
2.58861e+03	1.64593e-02	8.45723e-02	5.53119	5.58414	4.36970e-05
2.59249e+03	1.64762e-02	8.28904e-02	5.53156	4.65299	4.36970e-05
2.59637e+03	1.64620e-02	7.78104e-02	5.52543	3.77016	4.36970e-05
2.60026e+03	1.64545e-02	7.95727e-02	5.19113	3.20980	4.36970e-05
2.60414e+03	1.64508e-02	7.88104e-02	4.77224	2.51306	4.36970e-05
2.60802e+03	1.64769e-02	7.51445e-02	4.39561	1.85156	4.36970e-05
2.61190e+03	1.64588e-02	6.31356e-02	4.12842	1.29430	4.36970e-05
2.61579e+03	1.64670e-02	5.26624e-02	4.18185	0.59263	4.36970e-05
2.61967e+03	1.64422e-02	4.76934e-02	3.78554	0.05941	4.36970e-05
2.62355e+03	1.64658e-02	5.46193e-02	2.81341	5.86148	4.36970e-05
2.62743e+03	1.64675e-02	6.57738e-02	2.49620	5.41067	4.36970e-05
2.63131e+03	1.64662e-02	5.97883e-02	1.74303	5.80000	4.36970e-05
2.63520e+03	1.64871e-02	5.22199e-02	5.33621	0.63012	4.36970e-05
2.63908e+03	1.64753e-02	4.55194e-02	3.17321	1.74562	4.36970e-05
2.64296e+03	1.64875e-02	4.95818e-02	0.77119	2.97070	4.36970e-05
2.64684e+03	1.64860e-02	5.35738e-02	4.45756	4.05557	4.36970e-05
2.65072e+03	1.64793e-02	5.79948e-02	2.28712	5.02224	4.36970e-05
2.65461e+03	1.64556e-02	5.38329e-02	0.58519	5.37703	4.36970e-05
2.65849e+03	1.64453e-02	4.76871e-02	0.69879	5.35025	4.36970e-05
2.66237e+03	1.64629e-02	4.96863e-02	0.66920	5.85386	4.36970e-05
2.66625e+03	1.64748e-02	4.13193e-02	5.47617	6.18254	4.36970e-05
2.67014e+03	1.64645e-02	3.96493e-02	4.43943	0.86132	4.36970e-05
2.67402e+03	1.64977e-02	4.15946e-02	0.49125	1.50283	4.36970e-05
2.67790e+03	1.64787e-02	4.93229e-02	4.07272	1.92407	4.36970e-05
2.68178e+03	1.64879e-02	5.31507e-02	6.20573	2.63084	4.36970e-05
2.68566e+03	1.64855e-02	5.53318e-02	3.54667	3.38736	4.36970e-05
2.68955e+03	1.64817e-02	5.83322e-02	0.56639	4.10894	4.36970e-05
2.69343e+03	1.65100e-02	5.73528e-02	2.98875	4.80992	4.36970e-05
2.69731e+03	1.64887e-02	6.00664e-02	1.29573	5.48590	4.36970e-05
2.70119e+03	1.65015e-02	4.30885e-02	1.15760	5.90965	4.36970e-05
2.70507e+03	1.64985e-02	3.18781e-02	0.83428	0.55289	4.36970e-05
2.70896e+03	1.64883e-02	3.82388e-02	0.65987	1.48804	4.36970e-05
2.71284e+03	1.64885e-02	4.26867e-02	0.69284	2.20150	4.36970e-05
2.71672e+03	1.64835e-02	5.21077e-02	3.32172	3.03794	4.36970e-05
2.72060e+03	1.64800e-02	5.92938e-02	1.10566	3.82200	4.36970e-05
2.72449e+03	1.64910e-02	6.58732e-02	0.35960	4.58399	4.36970e-05
2.72837e+03	1.64912e-02	6.06317e-02	5.11480	5.25785	4.36970e-05
2.73225e+03	1.64789e-02	5.84331e-02	2.42709	5.97280	4.36970e-05
2.73613e+03	1.64722e-02	4.77844e-02	0.48342	0.33835	4.36970e-05
2.74001e+03	1.64949e-02	4.35851e-02	4.91565	1.30725	4.36970e-05
2.74390e+03	1.64740e-02	3.83412e-02	3.63237	2.24067	4.36970e-05
2.74778e+03	1.64761e-02	4.40895e-02	1.68926	3.29111	4.36970e-05
2.75166e+03	1.64968e-02	4.87978e-02	6.04508	4.13867	4.36970e-05
2.75554e+03	1.64556e-02	6.05235e-02	6.27011	4.95217	4.36970e-05
2.75942e+03	1.64528e-02	6.27037e-02	5.76790	5.56056	4.36970e-05
2.76331e+03	1.64879e-02	6.52075e-02	3.29018	6.10728	4.36970e-05
2.76719e+03	1.64768e-02	6.10634e-02	2.02411	0.43786	4.36970e-05
2.77107e+03	1.64812e-02	5.51105e-02	1.76997	1.25092	4.36970e-05
2.77495e+03	1.64676e-02	4.50989e-02	2.82252	2.32827	4.36970e-05
2.77884e+03	1.64768e-02	4.26718e-02	1.81904	3.50286	4.36970e-05
2.78272e+03	1.64689e-02	4.49380e-02	0.68517	4.54589	4.36970e-05
2.78660e+03	1.64749e-02	5.66933e-02	6.21451	5.52627	4.36970e-05
2.79048e+03	1.64691e-02	5.80705e-02	5.64809	0.10044	4.36970e-05
2.79436e+03	1.64706e-02	6.15085e-02	4.21795	0.97269	4.36970e-05
2.79825e+03	1.64576e-02	5.24605e-02	2.31181	1.62363	4.36970e-05
2.80213e+03	1.64487e-02	6.40797e-02	3.06678	1.25931	4.36970e-05
2.80601e+03	1.64538e-02	5.79375e-02	2.42523	1.04237	4.36970e-05
2.80989e+03	1.64802e-02	6.77141e-02	1.87244	0.88113	4.36970e-05
2.81377e+03	1.64507e-02	6.16242e-02	0.78017	1.03354	4.36970e-05
2.81766e+03	1.64492e-02	6.28548e-02	0.07126	1.14244	4.36970e-05
2.82154e+03	1.64476e-02	5.80054e-02	4.98727	1.31943	4.36970e-05
2.82542e+03	1.64402e-02	5.66899e-02	4.55380	1.51020	4.36970e-05
2.82930e+03	1.64441e-02	5.26260e-02	4.58684	1.62771	4.36970e-05
2.83319e+03	1.64784e-02	5.39458e-02	4.74450	1.80746	4.36970e-05
2.83707e+03	1.64729e-02	4.94248e-02	4.96067	1.99038	4.36970e-05
2.84095e+03	1.64457e-02	4.19295e-02	5.63388	2.22598	4.36970e-05
2.84483e+03	1.64606e-02	5.56962e-02	0.95911	2.02114	4.36970e-05
2.84871e+03	1.64627e-02	7.34248e-02	2.51984	1.64658	4.36970e-05
2.85260e+03	1.64528e-02	8.48360e-02	4.15930	1.26372	4.36970e-05
2.85648e+03	1.64475e-02	7.92154e-02	5.59378	0.93858	4.36970e-05
2.86036e+03	1.64594e-02	7.55760e-02	0.02823	0.53999	4.36970e-05
2.86424e+03	1.64566e-02	5.62587e-02	2.06156	6.27455	4.36970e-05
2.86812e+03	1.64450e-02	3.22930e-02	3.62265	5.56481	4.36970e-05
2.87201e+03	1.64397e-02	2.18903e-02	0.02407	5.08930	4.36970e-05
2.87589e+03	1.64460e-02	2.72504e-02	5.85156	6.01859	4.36970e-05
2.87977e+03	1.64396e-02	3.44282e-02	6.11378	0.24206	4.36970e-05
2.88365e+03	1.64392e-02	4.48056e-02	2.07341	0.46427	4.36970e-05
2.88753e+03	1.64692e-02	4.92517e-02	4.34719	0.44065	4.36970e-05
2.89142e+03	1.64563e-02	4.62026e-02	0.53320	0.32117	4.36970e-05
2.89530e+03	1.64466e-02	4.69932e-02	3.79904	6.26472	4.36970e-05
2.89918e+03	1.64459e-02	3.72264e-02	0.57001	5.68813	4.36970e-05
2.90306e+03	1.64568e-02	3.60607e-02	4.54136	5.26379	4.36970e-05
2.90695e+03	1.64391e-02	1.96077e-02	1.79128	5.37593	4.36970e-05
2.91083e+03	1.64535e-02	1.50305e-02	4.07937	6.02686	4.36970e-05
2.91471e+03	1.64521e-02	2.52636e-02	0.68007	0.88238	4.36970e-05
2.91859e+03	1.64496e-02	3.43765e-02	3.42408	0.91086	4.36970e-05
2.92247e+03	1.64366e-02	3.18806e-02	2.80581	0.54308	4.36970e-05
2.92636e+03	1.64409e-02	2.32739e-02	0.75702	0.62798	4.36970e-05
2.93024e+03	1.64483e-02	2.26040e-02	3.16909	2.91940	4.36970e-05
2.93412e+03	1.64376e-02	6.08088e-02	4.05087	3.60850	4.36970e-05
2.93800e+03	1.64189e-02	6.94001e-02	3.06904	3.82524	4.36970e-05
2.94188e+03	1.64309e-02	7.42374e-02	1.60883	4.14499	4.36970e-05
2.94577e+03	1.64298e-02	6.88963e-02	0.50343	4.36975	4.36970e-05
2.94965e+03	1.64108e-02	7.47560e-02	1.12223	4.46563	4.36970e-05
2.95353e+03	1.64366e-02	8.29481e-02	1.79797	4.42456	4.36970e-05
2.95741e+03	1.64394e-02	7.82320e-02	1.62275	4.50963	4.36970e-05
2.96130e+03	1.64470e-02	6.61256e-02	2.43506	4.66508	4.36970e-05
2.96518e+03	1.64429e-02	4.86082e-02	3.32493	4.86674	4.36970e-05
2.96906e+03	1.64373e-02	3.31665e-02	4.19395	5.03408	4.36970e-05
2.97294e+03	1.64549e-02	1.96419e-02	4.99077	0.38630	4.36970e-05
2.97682e+03	1.64264e-02	2.77684e-02	1.39951	0.78954	4.36970e-05
2.98071e+03	1.64395e-02	3.12710e-02	2.49807	0.17799	4.36970e-05
2.98459e+03	1.64279e-02	3.13551e-02	3.72794	0.92811	4.36970e-05
2.98847e+03	1.64345e-02	3.44945e-02	1.11775	0.81507	4.36970e-05
2.99235e+03	1.64127e-02	8.66966e-03	6.17530	2.29886	4.36970e-05
2.99623e+03	1.64208e-02	3.56132e-02	4.67493	3.95405	4.36970e-05
3.00012e+03	1.64016e-02	6.15944e-02	3.99211	4.29261	4.36970e-05
3.00400e+03	1.64467e-02	7.68773e-02	2.02399	4.40134	4.36970e-05
3.00788e+03	1.64295e-02	7.41686e-02	0.34702	4.58673	4.36970e-05
3.01176e+03	1.64173e-02	5.96496e-02	5.31223	4.71721	4.36970e-05
3.01565e+03	1.64354e-02	4.36052e-02	4.87364	5.35783	4.36970e-05
3.01953e+03	1.64073e-02	3.54808e-02	5.32346	0.12171	4.36970e-05
3.02341e+03	1.64206e-02	5.43464e-02	5.68486	0.69338	4.36970e-05
3.02729e+03	1.64273e-02	6.89829e-02	6.18473	0.33266	4.36970e-05
3.03117e+03	1.64152e-02	9.07780e-02	0.69074	6.06596	4.36970e-05
3.03506e+03	1.64038e-02	1.02480e-01	1.22557	5.43526	4.36970e-05
3.03894e+03	1.64162e-02	9.94925e-02	2.78269	4.68716	4.36970e-05
3.04282e+03	1.64014e-02	8.59197e-02	4.83310	3.90354	4.36970e-05
3.04670e+03	1.64222e-02	7.24059e-02	1.02609	2.88653	4.36970e-05
3.05058e+03	1.64148e-02	8.60645e-02	4.30429	1.89538	4.36970e-05
3.05447e+03	1.64034e-02	1.03615e-01	2.07427	1.13275	4.36970e-05
3.05835e+03	1.64115e-02	1.10341e-01	5.42377	0.40186	4.36970e-05
3.06223e+03	1.64251e-02	1.12131e-01	2.06422	5.98488	4.36970e-05
3.06611e+03	1.64192e-02	9.75577e-02	5.49111	5.18718	4.36970e-05
3.07000e+03	1.63850e-02	7.28226e-02	3.10221	4.29653	4.36970e-05
3.07388e+03	1.63961e-02	6.38671e-02	1.53897	3.22446	4.36970e-05
3.07776e+03	1.64242e-02	7.99778e-02	0.16791	2.29521	4.36970e-05
3.08164e+03	1.64092e-02	9.63392e-02	4.75203	1.57915	4.36970e-05
3.08552e+03	1.63868e-02	1.03163e-01	3.20397	0.92567	4.36970e-05
3.08941e+03	1.64078e-02	1.04544e-01	2.33044	0.24464	4.36970e-05
3.09329e+03	1.64054e-02	8.93024e-02	1.51198	5.71786	4.36970e-05
3.09717e+03	1.64138e-02	7.98175e-02	1.77583	4.69615	4.36970e-05
3.10105e+03	1.64144e-02	8.93285e-02	2.45707	3.64048	4.36970e-05
3.10493e+03	1.63763e-02	1.13286e-01	3.10885	2.75551	4.36970e-05
3.10882e+03	1.63806e-02	1.22948e-01	4.16429	2.03360	4.36970e-05
3.11270e+03	1.64129e-02	1.34943e-01	4.67703	1.37655	4.36970e-05
3.11658e+03	1.64106e-02	1.28292e-01	0.17890	0.69880	4.36970e-05
3.12046e+03	1.63984e-02	1.14885e-01	2.76974	6.26195	4.36970e-05
3.12435e+03	1.63973e-02	1.04298e-01	5.65685	5.46297	4.36970e-05
3.12823e+03	1.63953e-02	9.93944e-02	1.32974	4.66027	4.36970e-05
3.13211e+03	1.63977e-02	1.08298e-01	2.01795	3.89992	4.36970e-05
3.13599e+03	1.63732e-02	1.22867e-01	2.57251	3.18227	4.36970e-05
3.13987e+03	1.64014e-02	1.29739e-01	4.86915	2.50685	4.36970e-05
3.14376e+03	1.64048e-02	1.31918e-01	0.03376	1.85714	4.36970e-05
3.14764e+03	1.64086e-02	1.30418e-01	2.06971	1.19936	4.36970e-05
3.15152e+03	1.63859e-02	1.17170e-01	5.27452	0.51023	4.36970e-05
3.15540e+03	1.64076e-02	1.01779e-01	2.39521	5.96212	4.36970e-05
3.15928e+03	1.63913e-02	9.81696e-02	1.84315	4.99429	4.36970e-05
3.16317e+03	1.63849e-02	1.15730e-01	1.11974	4.06469	4.36970e-05
3.16705e+03	1.63925e-02	1.24606e-01	4.67679	3.24046	4.36970e-05
3.17093e+03	1.63700e-02	1.31747e-01	2.40495	2.48746	4.36970e-05
3.17481e+03	1.63806e-02	1.17683e-01	6.13022	1.71947	4.36970e-05
3.17870e+03	1.63739e-02	9.50996e-02	4.19687	0.94751	4.36970e-05
3.18258e+03	1.63611e-02	8.71960e-02	0.18153	6.25298	4.36970e-05
3.18646e+03	1.63703e-02	9.78417e-02	1.38653	5.27067	4.36970e-05
3.19034e+03	1.63671e-02	1.23633e-01	4.17885	4.46731	4.36970e-05
3.19422e+03	1.63817e-02	1.38528e-01	0.38097	3.82356	4.36970e-05
3.19811e+03	1.63792e-02	1.33635e-01	1.33027	3.09710	4.36970e-05
3.20199e+03	1.63897e-02	1.06961e-01	3.49655	2.28588	4.36970e-05
3.20587e+03	1.63857e-02	8.50783e-02	0.17023	1.27594	4.36970e-05
3.20975e+03	1.63766e-02	7.83899e-02	2.56801	0.05248	4.36970e-05
3.21363e+03	1.63681e-02	9.56699e-02	0.45400	5.28644	4.36970e-05
3.21752e+03	1.63696e-02	1.06374e-01	3.07524	4.44244	4.36970e-05
3.22140e+03	1.63846e-02	1.05985e-01	4.33587	3.66592	4.36970e-05
3.22528e+03	1.63699e-02	8.57075e-02	3.38864	2.79914	4.36970e-05
3.22916e+03	1.63566e-02	7.07732e-02	2.15200	1.69866	4.36970e-05
3.23305e+03	1.63841e-02	6.84894e-02	0.16527	0.50607	4.36970e-05
3.23693e+03	1.63781e-02	8.48440e-02	2.98387	5.90587	4.36970e-05
3.24081e+03	1.63540e-02	1.04397e-01	0.85800	5.13061	4.36970e-05
3.24469e+03	1.63752e-02	1.00934e-01	0.76786	4.37101	4.36970e-05
3.24857e+03	1.63560e-02	8.19005e-02	1.52070	3.57920	4.36970e-05
3.25246e+03	1.63675e-02	7.27037e-02	2.90257	2.66829	4.36970e-05
3.25634e+03	1.63613e-02	7.69094e-02	4.26004	1.57877	4.36970e-05
3.26022e+03	1.63490e-02	9.13832e-02	5.39587	0.58627	4.36970e-05
3.26410e+03	1.63520e-02	1.10663e-01	0.67752	6.04055	4.36970e-05
3.26798e+03	1.63633e-02	1.17203e-01	3.55436	5.28651	4.36970e-05
3.27187e+03	1.63698e-02	1.17550e-01	0.66575	4.58895	4.36970e-05
3.27575e+03	1.63600e-02	9.44411e-02	3.36882	3.79656	4.36970e-05
3.27963e+03	1.63414e-02	8.56117e-02	5.57842	2.83873	4.36970e-05
3.28351e+03	1.63517e-02	9.15484e-02	1.33842	1.90675	4.36970e-05
3.28740e+03	1.63617e-02	1.18659e-01	5.44856	1.05562	4.36970e-05
3.29128e+03	1.63330e-02	1.27677e-01	5.16815	0.26112	4.36970e-05
3.29516e+03	1.63586e-02	1.26986e-01	4.44573	5.82073	4.36970e-05
3.29904e+03	1.63384e-02	1.12863e-01	4.55994	5.02159	4.36970e-05
3.30292e+03	1.63454e-02	9.37930e-02	5.09254	4.08547	4.36970e-05
3.30681e+03	1.63662e-02	9.00828e-02	4.51132	3.02885	4.36970e-05
3.31069e+03	1.63421e-02	1.08136e-01	5.83160	2.04933	4.36970e-05
3.31457e+03	1.63485e-02	1.32983e-01	0.13756	1.27362	4.36970e-05
3.31845e+03	1.63558e-02	1.30878e-01	6.09575	0.60631	4.36970e-05
3.32233e+03	1.63286e-02	1.18210e-01	4.78908	6.19066	4.36970e-05
3.32622e+03	1.63616e-02	1.07441e-01	3.09257	5.41873	4.36970e-05
3.33010e+03	1.63458e-02	9.61493e-02	2.49515	4.61470	4.36970e-05
3.33398e+03	1.63293e-02	9.40926e-02	2.78209	3.68871	4.36970e-05
3.33786e+03	1.63331e-02	1.04138e-01	2.44161	2.95874	4.36970e-05
3.34175e+03	1.63177e-02	1.12940e-01	1.70931	2.34253	4.36970e-05
3.34563e+03	1.63637e-02	1.22161e-01	4.55871	1.75615	4.36970e-05
3.34951e+03	1.62917e-02	1.18237e-01	2.04292	1.22619	4.36970e-05
3.35339e+03	1.63655e-02	1.24417e-01	5.31387	0.66126	4.36970e-05
3.35727e+03	1.63138e-02	1.17349e-01	2.59012	0.11614	4.36970e-05
3.36116e+03	1.63086e-02	1.15193e-01	5.42596	5.83567	4.36970e-05
3.36504e+03	1.62969e-02	1.07545e-01	3.51076	5.16934	4.36970e-05
3.36892e+03	1.63073e-02	9.90719e-02	2.89297	4.43518	4.36970e-05
3.37280e+03	1.63555e-02	9.68707e-02	1.38896	3.70503	4.36970e-05
3.37668e+03	1.63020e-02	1.01508e-01	5.43811	3.01131	4.36970e-05
3.38057e+03	1.63195e-02	1.00737e-01	5.77044	2.40063	4.36970e-05
3.38445e+03	1.63038e-02	1.00182e-01	0.83827	1.74775	4.36970e-05
3.38833e+03	1.63130e-02	9.81879e-02	1.22650	1.01116	4.36970e-05
3.39221e+03	1.63306e-02	8.33164e-02	2.27253	0.09424	4.36970e-05
3.39610e+03	1.63116e-02	8.77156e-02	4.60625	5.31059	4.36970e-05
3.39998e+03	1.63163e-02	1.00528e-01	0.58537	4.36224	4.36970e-05
3.40386e+03	1.63142e-02	1.06298e-01	4.74663	3.49244	4.36970e-05
3.40774e+03	1.62965e-02	1.12166e-01	2.31224	2.66358	4.36970e-05
3.41162e+03	1.63183e-02	1.11387e-01	0.03355	1.88728	4.36970e-05
3.41551e+03	1.63202e-02	1.02911e-01	3.42007	1.07352	4.36970e-05
3.41939e+03	1.63240e-02	9.68667e-02	0.38463	0.22265	4.36970e-05
3.42327e+03	1.62786e-02	9.30288e-02	5.91271	5.63124	4.36970e-05
3.42715e+03	1.62861e-02	1.07040e-01	1.19888	4.72971	4.36970e-05
3.43103e+03	1.63014e-02	1.20529e-01	3.33900	3.85466	4.36970e-05
3.43492e+03	1.63189e-02	1.20612e-01	4.74263	3.15663	4.36970e-05
3.43880e+03	1.62999e-02	1.19779e-01	6.13626	2.38114	4.36970e-05
3.44268e+03	1.63083e-02	1.03419e-01	0.96658	1.58857	4.36970e-05
3.44656e+03	1.62926e-02	9.30345e-02	2.01767	0.66275	4.36970e-05
3.45045e+03	1.62961e-02	9.84655e-02	3.61801	5.84526	4.36970e-05
3.45433e+03	1.62978e-02	1.14896e-01	5.13187	4.86586	4.36970e-05
3.45821e+03	1.62906e-02	1.26071e-01	0.23634	4.02499	4.36970e-05
3.46209e+03	1.63019e-02	1.24159e-01	2.16041	3.21773	4.36970e-05
3.46597e+03	1.62949e-02	1.10633e-01	5.26351	2.34161	4.36970e-05
3.46986e+03	1.63035e-02	1.03174e-01	2.33815	1.39649	4.36970e-05
3.47374e+03	1.62838e-02	1.01263e-01	5.80933	0.50879	4.36970e-05
3.47762e+03	1.62810e-02	1.17797e-01	4.60581	5.96001	4.36970e-05
3.48150e+03	1.62727e-02	1.31098e-01	4.94681	5.23430	4.36970e-05
3.48538e+03	1.62784e-02	1.30065e-01	4.39680	4.51492	4.36970e-05
3.48927e+03	1.62931e-02	1.15159e-01	3.31492	3.75389	4.36970e-05
3.49315e+03	1.62740e-02	9.61327e-02	2.98973	2.85445	4.36970e-05
3.49703e+03	1.62720e-02	8.54953e-02	1.80648	1.79815	4.36970e-05
3.50091e+03	1.62734e-02	8.81324e-02	1.19462	0.68629	4.36970e-05
3.50480e+03	1.62854e-02	1.07584e-01	2.06554	6.03032	4.36970e-05
3.50868e+03	1.62770e-02	1.24350e-01	2.15524	5.22332	4.36970e-05
3.51256e+03	1.62729e-02	1.19738e-01	1.69008	4.45255	4.36970e-05
3.51644e+03	1.62660e-02	1.06702e-01	1.42146	3.68606	4.36970e-05
3.52032e+03	1.62710e-02	9.93523e-02	3.65686	2.77689	4.36970e-05
3.52421e+03	1.62701e-02	9.34517e-02	5.31744	1.72788	4.36970e-05
3.52809e+03	1.62964e-02	1.03545e-01	2.31757	0.74692	4.36970e-05
3.53197e+03	1.62672e-02	1.17426e-01	5.10908	6.19098	4.36970e-05
3.53585e+03	1.62822e-02	1.15486e-01	1.10062	5.42059	4.36970e-05
3.53973e+03	1.62910e-02	9.85801e-02	3.97156	4.58467	4.36970e-05
3.54362e+03	1.62923e-02	8.17330e-02	2.05134	3.53879	4.36970e-05
3.54750e+03	1.62638e-02	9.23661e-02	0.17692	2.39997	4.36970e-05
3.55138e+03	1.62470e-02	1.14947e-01	4.10802	1.43656	4.36970e-05
3.55526e+03	1.62558e-02	1.33840e-01	2.79937	0.64111	4.36970e-05
3.55915e+03	1.62786e-02	1.41468e-01	2.80730	6.17273	4.36970e-05
3.56303e+03	1.62707e-02	1.25676e-01	3.51986	5.40860	4.36970e-05
3.56691e+03	1.62750e-02	1.08568e-01	2.62973	4.50555	4.36970e-05
3.57079e+03	1.62526e-02	9.08435e-02	2.83262	3.44880	4.36970e-05
3.57467e+03	1.62583e-02	1.04116e-01	4.28701	2.42057	4.36970e-05
3.57856e+03	1.62539e-02	1.28827e-01	4.59403	1.56501	4.36970e-05
3.58244e+03	1.62760e-02	1.35669e-01	4.59223	0.81795	4.36970e-05
3.58632e+03	1.62516e-02	1.30176e-01	0.63901	0.08089	4.36970e-05
3.59020e+03	1.62340e-02	1.24229e-01	2.54811	5.57791	4.36970e-05
3.59408e+03	1.62710e-02	1.22114e-01	4.33122	4.73528	4.36970e-05
3.59797e+03	1.62764e-02	1.17379e-01	1.69234	3.90938	4.36970e-05
3.60185e+03	1.62251e-02	1.26213e-01	4.80717	3.07079	4.36970e-05
3.60573e+03	1.62622e-02	1.36522e-01	0.66257	2.29494	4.36970e-05
3.60961e+03	1.62814e-02	1.35994e-01	4.26225	1.55878	4.36970e-05
3.61349e+03	1.62371e-02	1.24795e-01	2.39236	0.81233	4.36970e-05
3.61738e+03	1.62337e-02	1.07338e-01	5.43921	6.24778	4.36970e-05
3.62126e+03	1.62750e-02	9.69747e-02	3.99726	5.22978	4.36970e-05
3.62514e+03	1.62452e-02	1.12392e-01	3.78949	4.25572	4.36970e-05
3.62902e+03	1.62555e-02	1.40561e-01	2.00086	3.45024	4.36970e-05
3.63291e+03	1.62642e-02	1.44549e-01	1.31637	2.73299	4.36970e-05
3.63679e+03	1.62410e-02	1.37541e-01	1.83038	2.03227	4.36970e-05
3.64067e+03	1.62554e-02	1.17132e-01	1.26609	1.25031	4.36970e-05
3.64455e+03	1.62348e-02	8.89581e-02	1.00408	0.31380	4.36970e-05
3.64843e+03	1.62560e-02	8.66531e-02	3.10815	5.48044	4.36970e-05
3.65232e+03	1.62516e-02	1.08693e-01	3.58715	4.48178	4.36970e-05
3.65620e+03	1.62274e-02	1.28507e-01	4.64675	3.65566	4.36970e-05
3.66008e+03	1.62617e-02	1.41432e-01	0.80603	2.91824	4.36970e-05
3.66396e+03	1.62306e-02	1.41480e-01	3.16758	2.22657	4.36970e-05
3.66784e+03	1.62515e-02	1.23373e-01	4.89256	1.47639	4.36970e-05
3.67173e+03	1.62215e-02	1.03566e-01	2.72018	0.60115	4.36970e-05
3.67561e+03	1.62293e-02	1.07373e-01	0.01969	5.89506	4.36970e-05
3.67949e+03	1.62281e-02	1.23570e-01	2.76175	5.01028	4.36970e-05
3.68337e+03	1.62514e-02	1.35818e-01	1.00123	4.25000	4.36970e-05
3.68726e+03	1.62298e-02	1.38955e-01	5.59012	3.52586	4.36970e-05
3.69114e+03	1.62337e-02	1.29325e-01	2.96556	2.76462	4.36970e-05
3.69502e+03	1.62327e-02	1.17430e-01	1.97490	1.93886	4.36970e-05
3.69890e+03	1.62138e-02	1.21895e-01	1.94122	1.14806	4.36970e-05
3.70278e+03	1.62249e-02	1.33917e-01	0.66479	0.38743	4.36970e-05
3.70667e+03	1.62141e-02	1.40265e-01	0.96415	5.96553	4.36970e-05
3.71055e+03	1.62325e-02	1.51393e-01	2.03572	5.28658	4.36970e-05
3.71443e+03	1.62276e-02	1.49370e-01	1.60855	4.60073	4.36970e-05
3.71831e+03	1.62089e-02	1.31415e-01	2.62946	3.88604	4.36970e-05
3.72219e+03	1.62404e-02	1.16223e-01	4.33220	3.06416	4.36970e-05
3.72608e+03	1.62154e-02	1.07854e-01	5.45630	2.11815	4.36970e-05
3.72996e+03	1.62295e-02	1.19314e-01	0.84880	1.19951	4.36970e-05
3.73384e+03	1.62174e-02	1.40579e-01	3.97821	0.42910	4.36970e-05
3.73772e+03	1.62153e-02	1.61512e-01	6.07126	6.05485	4.36970e-05
3.74161e+03	1.62160e-02	1.58776e-01	3.10740	5.43009	4.36970e-05
3.74549e+03	1.62056e-02	1.46004e-01	0.95245	4.79048	4.36970e-05
3.74937e+03	1.62238e-02	1.24045e-01	4.14045	4.05294	4.36970e-05
3.75325e+03	1.62141e-02	1.05069e-01	2.30567	3.15756	4.36970e-05
3.75713e+03	1.62037e-02	1.09620e-01	0.99036	2.18518	4.36970e-05
3.76102e+03	1.62259e-02	1.27032e-01	5.26291	1.31574	4.36970e-05
3.76490e+03	1.62005e-02	1.39310e-01	4.07345	0.56404	4.36970e-05
3.76878e+03	1.62062e-02	1.44880e-01	3.83688	6.14470	4.36970e-05
3.77266e+03	1.61815e-02	1.39154e-01	3.04429	5.43236	4.36970e-05
3.77654e+03	1.62165e-02	1.29645e-01	3.39555	4.69639	4.36970e-05
3.78043e+03	1.62066e-02	1.21019e-01	4.68399	3.92136	4.36970e-05
3.78431e+03	1.62103e-02	1.20045e-01	5.37317	3.07429	4.36970e-05
3.78819e+03	1.61975e-02	1.27183e-01	0.28999	2.24973	4.36970e-05
3.79207e+03	1.61975e-02	1.38721e-01	2.31156	1.49431	4.36970e-05
3.79596e+03	1.61995e-02	1.38791e-01	3.70130	0.76917	4.36970e-05
3.79984e+03	1.62099e-02	1.26890e-01	5.87395	0.01952	4.36970e-05
3.80372e+03	1.62140e-02	1.16008e-01	2.75578	5.46672	4.36970e-05
3.80760e+03	1.61954e-02	1.18554e-01	5.60308	4.60725	4.36970e-05
3.81148e+03	1.62101e-02	1.33491e-01	3.00968	3.82371	4.36970e-05
3.81537e+03	1.62169e-02	1.53106e-01	1.08933	3.16159	4.36970e-05
3.81925e+03	1.62036e-02	1.61846e-01	5.08274	2.53305	4.36970e-05
3.82313e+03	1.62088e-02	1.58578e-01	3.52444	1.91156	4.36970e-05
3.82701e+03	1.61908e-02	1.45110e-01	2.32893	1.25075	4.36970e-05
3.83089e+03	1.61802e-02	1.26487e-01	0.94665	0.51129	4.36970e-05
3.83478e+03	1.61941e-02	1.12701e-01	0.51950	5.94323	4.36970e-05
3.83866e+03	1.62051e-02	1.19166e-01	0.52578	5.05369	4.36970e-05
3.84254e+03	1.61766e-02	1.33906e-01	0.13853	4.25121	4.36970e-05
3.84642e+03	1.61973e-02	1.53816e-01	0.86348	3.57674	4.36970e-05
3.85031e+03	1.61899e-02	1.68673e-01	1.74643	2.97923	4.36970e-05
3.85419e+03	1.61730e-02	1.67937e-01	2.70487	2.39556	4.36970e-05
3.85807e+03	1.61816e-02	1.52280e-01	4.70240	1.80703	4.36970e-05
3.86195e+03	1.61923e-02	1.34124e-01	0.19880	1.14139	4.36970e-05
3.86583e+03	1.61851e-02	1.18777e-01	2.15381	0.35591	4.36970e-05
3.86972e+03	1.61972e-02	1.21778e-01	5.18145	5.79160	4.36970e-05
3.87360e+03	1.61804e-02	1.34344e-01	1.47850	4.99693	4.36970e-05
3.87748e+03	1.61984e-02	1.44316e-01	4.70818	4.27445	4.36970e-05
3.88136e+03	1.61708e-02	1.46029e-01	2.14637	3.58739	4.36970e-05
3.88524e+03	1.61563e-02	1.43735e-01	0.01184	2.90075	4.36970e-05
3.88913e+03	1.61705e-02	1.40155e-01	4.19669	2.20747	4.36970e-05
3.89301e+03	1.61614e-02	1.34646e-01	2.98932	1.50247	4.36970e-05
3.89689e+03	1.61799e-02	1.31456e-01	2.12608	0.77267	4.36970e-05
3.90077e+03	1.61630e-02	1.31406e-01	1.07040	0.01575	4.36970e-05
3.90466e+03	1.61784e-02	1.37752e-01	0.87438	5.56012	4.36970e-05
3.90854e+03	1.61394e-02	1.39481e-01	0.87307	4.83866	4.36970e-05
3.91242e+03	1.61850e-02	1.33486e-01	0.84581	4.10520	4.36970e-05
3.91630e+03	1.61711e-02	1.21428e-01	1.91980	3.31861	4.36970e-05
3.92018e+03	1.61784e-02	1.19559e-01	2.95916	2.47923	4.36970e-05
3.92407e+03	1.61623e-02	1.29282e-01	4.17587	1.68455	4.36970e-05
3.92795e+03	1.61563e-02	1.47046e-01	0.00324	1.01419	4.36970e-05
3.93183e+03	1.61740e-02	1.64126e-01	2.54450	0.42247	4.36970e-05
3.93571e+03	1.61753e-02	1.67190e-01	4.77272	6.12533	4.36970e-05
3.93959e+03	1.61557e-02	1.58540e-01	1.73064	5.53051	4.36970e-05
3.94348e+03	1.61589e-02	1.45452e-01	5.27406	4.87227	4.36970e-05
3.94736e+03	1.61587e-02	1.29371e-01	2.11157	4.12941	4.36970e-05
3.95124e+03	1.61394e-02	1.18137e-01	0.46065	3.30184	4.36970e-05
3.95512e+03	1.61543e-02	1.26478e-01	4.62676	2.46379	4.36970e-05
3.95901e+03	1.61643e-02	1.42253e-01	2.91513	1.70972	4.36970e-05
3.96289e+03	1.61356e-02	1.57984e-01	1.97031	1.06240	4.36970e-05
3.96677e+03	1.61576e-02	1.71692e-01	1.19549	0.48379	4.36970e-05
3.97065e+03	1.61575e-02	1.70920e-01	0.53207	6.21280	4.36970e-05
3.97453e+03	1.61516e-02	1.57940e-01	0.84235	5.65697	4.36970e-05
3.97842e+03	1.61563e-02	1.43921e-01	1.27161	5.03469	4.36970e-05
3.98230e+03	1.61369e-02	1.29678e-01	1.60722	4.32063	4.36970e-05
3.98618e+03	1.61665e-02	1.28433e-01	2.80285	3.53724	4.36970e-05
3.99006e+03	1.61231e-02	1.35975e-01	4.29605	2.76516	4.36970e-05
3.99394e+03	1.61424e-02	1.46427e-01	5.65056	2.04827	4.36970e-05
3.99783e+03	1.61485e-02	1.50616e-01	1.35617	1.36511	4.36970e-05
4.00171e+03	1.61411e-02	1.49014e-01	3.99884	0.69981	4.36970e-05
4.00559e+03	1.61401e-02	1.48279e-01	0.64897	0.05008	4.36970e-05
4.00947e+03	1.61341e-02	1.46800e-01	3.76960	5.68776	4.36970e-05
4.01336e+03	1.61408e-02	1.42032e-01	1.36789	5.03275	4.36970e-05
4.01724e+03	1.61422e-02	1.39964e-01	5.47498	4.33980	4.36970e-05
4.02112e+03	1.61285e-02	1.42866e-01	3.37113	3.61783	4.36970e-05
4.02500e+03	1.61514e-02	1.46259e-01	1.70044	2.90825	4.36970e-05
4.02888e+03	1.61271e-02	1.41391e-01	0.64746	2.18805	4.36970e-05
4.03277e+03	1.61460e-02	1.34409e-01	5.78984	1.43562	4.36970e-05
4.03665e+03	1.61274e-02	1.28477e-01	5.40711	0.65742	4.36970e-05
4.04053e+03	1.61405e-02	1.34187e-01	5.56141	6.19139	4.36970e-05
4.04441e+03	1.61338e-02	1.48564e-01	5.83005	5.53013	4.36970e-05
4.04829e+03	1.61219e-02	1.61378e-01	0.26153	4.93818	4.36970e-05
4.05218e+03	1.61177e-02	1.67273e-01	1.59337	4.36624	4.36970e-05
4.05606e+03	1.61251e-02	1.64113e-01	3.02204	3.78197	4.36970e-05
4.05994e+03	1.60981e-02	1.52725e-01	4.55181	3.15622	4.36970e-05
4.06382e+03	1.61348e-02	1.39250e-01	0.44012	2.46753	4.36970e-05
4.06771e+03	1.61284e-02	1.27107e-01	3.18373	1.69691	4.36970e-05
4.07159e+03	1.60967e-02	1.23646e-01	5.94274	0.87935	4.36970e-05
4.07547e+03	1.61272e-02	1.36322e-01	3.04415	0.10800	4.36970e-05
4.07935e+03	1.61216e-02	1.54126e-01	0.49705	5.72198	4.36970e-05
4.08323e+03	1.60942e-02	1.69288e-01	4.29950	5.13741	4.36970e-05
4.08712e+03	1.61120e-02	1.77445e-01	2.31333	4.59799	4.36970e-05
4.09100e+03	1.61197e-02	1.72805e-01	1.14265	4.07205	4.36970e-05
4.09488e+03	1.61102e-02	1.59447e-01	6.07153	3.51648	4.36970e-05
4.09876e+03	1.61116e-02	1.42063e-01	5.18493	2.89362	4.36970e-05
4.10264e+03	1.61091e-02	1.31927e-01	5.07022	2.18380	4.36970e-05
4.10653e+03	1.61250e-02	1.34171e-01	4.94948	1.42558	4.36970e-05
4.11041e+03	1.61157e-02	1.41695e-01	5.00595	0.68899	4.36970e-05
4.11429e+03	1.61086e-02	1.51177e-01	5.87169	0.00633	4.36970e-05
4.11817e+03	1.61125e-02	1.59487e-01	0.54074	5.65148	4.36970e-05
4.12206e+03	1.60849e-02	1.61291e-01	1.49582	5.04053	4.36970e-05
4.12594e+03	1.60975e-02	1.59030e-01	3.42413	4.44558	4.36970e-05
4.12982e+03	1.60989e-02	1.53638e-01	6.12383	3.86252	4.36970e-05
4.13370e+03	1.61002e-02	1.46072e-01	2.04609	3.23725	4.36970e-05
4.13758e+03	1.61134e-02	1.39454e-01	4.98772	2.56687	4.36970e-05
4.14147e+03	1.61078e-02	1.41957e-01	2.50432	1.86100	4.36970e-05
4.14535e+03	1.61041e-02	1.47160e-01	5.78198	1.15451	4.36970e-05
4.14923e+03	1.60950e-02	1.45893e-01	3.45316	0.45805	4.36970e-05
4.15311e+03	1.61100e-02	1.42961e-01	1.86814	6.04179	4.36970e-05
4.15699e+03	1.61069e-02	1.41697e-01	0.33657	5.33880	4.36970e-05
4.16088e+03	1.60748e-02	1.43338e-01	5.11663	4.65603	4.36970e-05
4.16476e+03	1.60860e-02	1.51966e-01	4.65652	4.03137	4.36970e-05
4.16864e+03	1.60879e-02	1.59269e-01	4.81568	3.44887	4.36970e-05
4.17252e+03	1.60806e-02	1.62384e-01	4.38912	2.85925	4.36970e-05
4.17641e+03	1.60957e-02	1.58784e-01	4.83733	2.26207	4.36970e-05
4.18029e+03	1.61037e-02	1.55312e-01	6.23391	1.62479	4.36970e-05
4.18417e+03	1.60893e-02	1.44114e-01	0.43861	0.94798	4.36970e-05
4.18805e+03	1.60900e-02	1.31498e-01	2.25102	0.21802	4.36970e-05
4.19193e+03	1.60885e-02	1.29911e-01	4.62338	5.73264	4.36970e-05
4.19582e+03	1.60817e-02	1.37282e-01	0.04055	4.98512	4.36970e-05
4.19970e+03	1.61087e-02	1.52932e-01	2.99742	4.32992	4.36970e-05
4.20358e+03	1.60761e-02	1.70382e-01	0.16773	3.77005	4.36970e-05
4.20746e+03	1.60838e-02	1.80340e-01	3.03554	3.24056	4.36970e-05
4.21134e+03	1.60921e-02	1.76523e-01	0.79924	2.72312	4.36970e-05
4.21523e+03	1.60486e-02	1.64637e-01	5.41037	2.17385	4.36970e-05
4.21911e+03	1.60692e-02	1.48800e-01	3.09024	1.56251	4.36970e-05
4.22299e+03	1.60936e-02	1.34378e-01	1.89696	0.87425	4.36970e-05
4.22687e+03	1.60832e-02	1.30958e-01	1.44645	0.12388	4.36970e-05
4.23076e+03	1.60765e-02	1.37934e-01	0.06082	5.65310	4.36970e-05
4.23464e+03	1.60814e-02	1.49373e-01	0.04513	4.96608	4.36970e-05
4.23852e+03	1.60448e-02	1.62875e-01	0.70258	4.35213	4.36970e-05
4.24240e+03	1.60785e-02	1.74177e-01	0.58456	3.78281	4.36970e-05
4.24628e+03	1.60702e-02	1.71576e-01	1.34242	3.23932	4.36970e-05
4.25017e+03	1.60682e-02	1.63324e-01	3.52947	2.70456	4.36970e-05
4.25405e+03	1.60509e-02	1.50617e-01	4.51757	2.11211	4.36970e-05
4.25793e+03	1.60838e-02	1.37117e-01	0.46254	1.45951	4.36970e-05
4.26181e+03	1.60882e-02	1.36585e-01	3.39655	0.74030	4.36970e-05
4.26569e+03	1.60836e-02	1.42165e-01	5.61139	0.01648	4.36970e-05
4.26958e+03	1.60501e-02	1.47642e-01	2.75975	5.60847	4.36970e-05
4.27346e+03	1.60569e-02	1.54509e-01	0.19662	4.94818	4.36970e-05
4.27734e+03	1.60498e-02	1.55721e-01	3.57292	4.31148	4.36970e-05
4.28122e+03	1.60534e-02	1.54501e-01	1.57907	3.69478	4.36970e-05
4.28510e+03	1.60701e-02	1.55167e-01	0.45100	3.11074	4.36970e-05
4.28899e+03	1.60588e-02	1.58129e-01	5.43041	2.54409	4.36970e-05
4.29287e+03	1.60495e-02	1.50982e-01	4.51799	1.96888	4.36970e-05
4.29675e+03	1.60596e-02	1.51858e-01	4.53939	1.36056	4.36970e-05
4.30063e+03	1.60360e-02	1.52364e-01	4.14279	0.72380	4.36970e-05
4.30452e+03	1.60504e-02	1.52589e-01	4.60769	0.07870	4.36970e-05
4.30840e+03	1.60651e-02	1.50212e-01	5.35091	5.70126	4.36970e-05
4.31228e+03	1.60628e-02	1.44205e-01	6.13102	5.01530	4.36970e-05
4.31616e+03	1.60647e-02	1.39014e-01	1.58635	4.31690	4.36970e-05
4.32004e+03	1.60243e-02	1.40838e-01	3.56630	3.64347	4.36970e-05
4.32393e+03	1.60434e-02	1.52276e-01	5.57792	3.02405	4.36970e-05
4.32781e+03	1.60294e-02	1.64824e-01	2.06812	2.47695	4.36970e-05
4.33169e+03	1.60630e-02	1.74455e-01	5.45894	1.96092	4.36970e-05
4.33557e+03	1.60296e-02	1.73349e-01	2.20216	1.43691	4.36970e-05
4.33945e+03	1.60508e-02	1.69017e-01	6.20489	0.89171	4.36970e-05
4.34334e+03	1.60191e-02	1.57664e-01	4.07011	0.30329	4.36970e-05
4.34722e+03	1.60416e-02	1.44817e-01	2.02473	5.94409	4.36970e-05
4.35110e+03	1.60580e-02	1.35754e-01	1.05372	5.24811	4.36970e-05
4.35498e+03	1.60476e-02	1.35839e-01	5.97137	4.52197	4.36970e-05
4.35887e+03	1.60308e-02	1.42574e-01	5.35530	3.82429	4.36970e-05
4.36275e+03	1.60288e-02	1.56310e-01	5.44413	3.19777	4.36970e-05
4.36663e+03	1.60320e-02	1.71542e-01	5.52806	2.63542	4.36970e-05
4.37051e+03	1.60248e-02	1.77009e-01	5.75999	2.10394	4.36970e-05
4.37439e+03	1.60370e-02	1.73386e-01	0.84589	1.59342	4.36970e-05
4.37828e+03	1.60460e-02	1.65415e-01	2.12434	1.04855	4.36970e-05
4.38216e+03	1.60131e-02	1.49099e-01	3.58157	0.45492	4.36970e-05
4.38604e+03	1.60362e-02	1.40131e-01	6.13853	6.07553	4.36970e-05
4.38992e+03	1.60472e-02	1.37196e-01	1.88425	5.36210	4.36970e-05
4.39380e+03	1.60252e-02	1.40873e-01	5.06084	4.65417	4.36970e-05
4.39769e+03	1.60084e-02	1.50886e-01	1.87658	3.98289	4.36970e-05
4.40157e+03	1.60266e-02	1.58216e-01	5.31148	3.34894	4.36970e-05
4.40545e+03	1.60331e-02	1.61768e-01	3.13245	2.74897	4.36970e-05
4.40933e+03	1.60028e-02	1.62841e-01	1.43059	2.18315	4.36970e-05
4.41322e+03	1.60227e-02	1.63178e-01	6.01556	1.63426	4.36970e-05
4.41710e+03	1.60332e-02	1.56094e-01	5.03932	1.08513	4.36970e-05
4.42098e+03	1.60226e-02	1.52511e-01	4.59507	0.51030	4.36970e-05
4.42486e+03	1.60108e-02	1.49653e-01	4.05565	6.17554	4.36970e-05
4.42874e+03	1.60045e-02	1.50299e-01	4.27869	5.53570	4.36970e-05
4.43263e+03	1.60215e-02	1.54303e-01	4.58722	4.88928	4.36970e-05
4.43651e+03	1.60257e-02	1.54908e-01	5.26965	4.24286	4.36970e-05
4.44039e+03	1.60302e-02	1.48844e-01	0.44638	3.58934	4.36970e-05
4.44427e+03	1.60099e-02	1.44068e-01	1.88948	2.92444	4.36970e-05
4.44815e+03	1.60117e-02	1.44344e-01	3.77575	2.27158	4.36970e-05
4.45204e+03	1.60075e-02	1.51696e-01	0.06329	1.66831	4.36970e-05
4.45592e+03	1.59864e-02	1.62541e-01	3.02386	1.12096	4.36970e-05
4.45980e+03	1.60016e-02	1.68618e-01	6.02791	0.59329	4.36970e-05
4.46368e+03	1.60035e-02	1.69922e-01	3.56995	0.06624	4.36970e-05
4.46757e+03	1.60193e-02	1.69484e-01	1.08398	5.79500	4.36970e-05
4.47145e+03	1.60095e-02	1.61398e-01	5.19552	5.21209	4.36970e-05
4.47533e+03	1.60018e-02	1.50895e-01	3.86809	4.58972	4.36970e-05
4.47921e+03	1.60168e-02	1.40214e-01	2.43844	3.91868	4.36970e-05
4.48309e+03	1.60162e-02	1.34432e-01	1.62473	3.21071	4.36970e-05
4.48698e+03	1.60101e-02	1.41572e-01	1.47634	2.51879	4.36970e-05
4.49086e+03	1.59950e-02	1.54967e-01	1.22368	1.88789	4.36970e-05
4.49474e+03	1.60002e-02	1.69592e-01	1.36863	1.32308	4.36970e-05
4.49862e+03	1.60067e-02	1.78378e-01	2.35088	0.80607	4.36970e-05
4.50250e+03	1.60114e-02	1.79401e-01	3.56307	0.29981	4.36970e-05
4.50639e+03	1.60168e-02	1.71292e-01	4.89132	6.06677	4.36970e-05
4.51027e+03	1.60026e-02	1.57850e-01	0.83897	5.50680	4.36970e-05
4.51415e+03	1.59771e-02	1.43863e-01	2.76131	4.88625	4.36970e-05
4.51803e+03	1.60026e-02	1.37140e-01	5.60083	4.21133	4.36970e-05
4.52192e+03	1.59850e-02	1.38683e-01	2.37697	3.51218	4.36970e-05
4.52580e+03	1.59770e-02	1.45922e-01	5.58408	2.83839	4.36970e-05
4.52968e+03	1.59646e-02	1.55133e-01	3.40136	2.20793	4.36970e-05
4.53356e+03	1.59984e-02	1.65655e-01	1.13013	1.61518	4.36970e-05
4.53744e+03	1.59992e-02	1.69418e-01	5.52483	1.05109	4.36970e-05
4.54133e+03	1.60104e-02	1.67240e-01	4.27982	0.50888	4.36970e-05
4.54521e+03	1.59826e-02	1.61376e-01	3.68608	6.26043	4.36970e-05
4.54909e+03	1.59608e-02	1.52902e-01	2.95919	5.69670	4.36970e-05
4.55297e+03	1.59681e-02	1.45871e-01	3.12938	5.09692	4.36970e-05
4.55685e+03	1.59711e-02	1.47745e-01	3.18258	4.44595	4.36970e-05
4.56074e+03	1.59829e-02	1.51915e-01	3.89028	3.79037	4.36970e-05
4.56462e+03	1.59770e-02	1.55238e-01	5.09039	3.14564	4.36970e-05
4.56850e+03	1.59588e-02	1.52359e-01	6.26276	2.50222	4.36970e-05
4.57238e+03	1.59939e-02	1.49689e-01	1.74007	1.85572	4.36970e-05
4.57627e+03	1.59734e-02	1.46447e-01	4.20388	1.21510	4.36970e-05
4.58015e+03	1.59640e-02	1.49945e-01	0.46850	0.61098	4.36970e-05
4.58403e+03	1.59707e-02	1.58625e-01	3.39182	0.05387	4.36970e-05
4.58791e+03	1.59635e-02	1.65009e-01	0.76045	5.80585	4.36970e-05
4.59179e+03	1.59694e-02	1.67825e-01	4.54000	5.27432	4.36970e-05
4.59568e+03	1.59491e-02	1.66771e-01	2.24134	4.72387	4.36970e-05
4.59956e+03	1.59779e-02	1.66770e-01	0.71843	4.14487	4.36970e-05
4.60344e+03	1.59797e-02	1.58421e-01	5.43182	3.53841	4.36970e-05
4.60732e+03	1.59610e-02	1.44619e-01	4.50722	2.89535	4.36970e-05
4.61120e+03	1.59620e-02	1.37687e-01	4.10668	2.20447	4.36970e-05
4.61509e+03	1.59529e-02	1.36281e-01	3.74740	1.50074	4.36970e-05
4.61897e+03	1.59756e-02	1.46711e-01	4.01958	0.84310	4.36970e-05
4.62285e+03	1.59830e-02	1.62160e-01	4.75194	0.26534	4.36970e-05
4.62673e+03	1.59554e-02	1.76153e-01	5.75571	6.03209	4.36970e-05
4.63062e+03	1.59521e-02	1.83234e-01	0.69510	5.53651	4.36970e-05
4.63450e+03	1.59321e-02	1.79153e-01	2.65466	5.04139	4.36970e-05
4.63838e+03	1.59635e-02	1.69898e-01	4.73836	4.51146	4.36970e-05
4.64226e+03	1.59454e-02	1.54488e-01	0.86524	3.93404	4.36970e-05
4.64614e+03	1.59499e-02	1.41236e-01	4.06728	3.29116	4.36970e-05
4.65003e+03	1.59450e-02	1.34963e-01	0.76083	2.59456	4.36970e-05
4.65391e+03	1.59548e-02	1.39617e-01	4.68356	1.89122	4.36970e-05
4.65779e+03	1.59421e-02	1.50986e-01	2.56121	1.23185	4.36970e-05
