# t	a	e	mean_anomaly	varpi	mass/M_star
0.00000e+00	4.08714e-02	0.00000e+00	0.00000	0.00000	2.31180e-05
2.79514e+02	4.00163e-02	4.31739e-04	0.31889	4.74126	2.31180e-05
5.59028e+02	3.91673e-02	1.10637e-04	5.28156	2.06447	2.31180e-05
8.38542e+02	3.83508e-02	3.28466e-04	6.13606	1.10369	2.31180e-05
1.11806e+03	3.75393e-02	1.73861e-04	5.11616	3.51155	2.31180e-05
1.39757e+03	3.67476e-02	4.83185e-04	5.44495	5.49675	2.31180e-05
1.67708e+03	3.62146e-02	1.62830e-02	2.23121	1.63823	2.31180e-05
1.95660e+03	3.59339e-02	1.61534e-02	1.64006	2.17514	2.31180e-05
2.23611e+03	3.53369e-02	1.47110e-02	2.67640	4.59620	2.31180e-05
2.51563e+03	3.47787e-02	1.49361e-02	6.06531	0.02015	2.31180e-05
2.79514e+03	3.42120e-02	1.67829e-02	2.13045	5.19535	2.31180e-05
3.07465e+03	3.38003e-02	7.06884e-03	2.50984	0.49807	2.31180e-05
3.35417e+03	3.37897e-02	9.80739e-03	5.98267	2.36990	2.31180e-05
3.63368e+03	3.37894e-02	6.75191e-03	3.09078	1.41407	2.31180e-05
3.91320e+03	3.37904e-02	6.01047e-03	0.82705	0.67325	2.31180e-05
4.19271e+03	3.38006e-02	6.47497e-03	4.86579	6.05748	2.31180e-05
4.47222e+03	3.37827e-02	6.64241e-03	2.41861	5.26956	2.31180e-05
4.75174e+03	3.38023e-02	6.71181e-03	0.00778	4.41792	2.31180e-05
5.03125e+03	3.37844e-02	6.42633e-03	3.86579	3.56485	2.31180e-05
5.31077e+03	3.37980e-02	6.55036e-03	1.39472	2.75128	2.31180e-05
5.59028e+03	3.37884e-02	6.46520e-03	5.33648	1.86189	2.31180e-05
5.86979e+03	3.37009e-02	7.64904e-03	5.89136	2.18375	2.31180e-05
6.14931e+03	3.35705e-02	7.64798e-03	0.38729	3.88243	2.31180e-05
6.42882e+03	3.33974e-02	7.39436e-03	5.00062	3.83365	2.31180e-05
6.70834e+03	3.30416e-02	5.29419e-03	3.12814	1.70855	2.31180e-05
6.98785e+03	3.28316e-02	1.12396e-02	3.87155	4.12173	2.31180e-05
7.26736e+03	3.27308e-02	1.62667e-02	6.26366	6.12700	2.31180e-05
7.54688e+03	3.26293e-02	1.97366e-02	4.68926	4.99875	2.31180e-05
7.82639e+03	3.25454e-02	2.36507e-02	0.13950	0.17123	2.31180e-05
8.10591e+03	3.24786e-02	2.73267e-02	0.83023	3.75190	2.31180e-05
8.38542e+03	3.24019e-02	3.04708e-02	5.33040	4.56666	2.31180e-05
8.66493e+03	3.23189e-02	3.33364e-02	2.99555	5.90711	2.31180e-05
8.94445e+03	3.22464e-02	3.59984e-02	1.98328	5.90694	2.31180e-05
9.22396e+03	3.21715e-02	3.85206e-02	4.27813	3.34914	2.31180e-05
9.50348e+03	3.20939e-02	4.09639e-02	5.67081	3.69156	2.31180e-05
9.78299e+03	3.20158e-02	4.28984e-02	2.00904	0.04967	2.31180e-05
1.00625e+04	3.19296e-02	4.48228e-02	1.68589	4.51286	2.31180e-05
1.03420e+04	3.18541e-02	4.68639e-02	0.35744	4.18591	2.31180e-05
1.06215e+04	3.17655e-02	4.83502e-02	6.04435	5.07990	2.31180e-05
1.09010e+04	3.16659e-02	4.93818e-02	1.36144	0.69624	2.31180e-05
1.11806e+04	3.15798e-02	5.08757e-02	0.01245	3.43615	2.31180e-05
1.14601e+04	3.14912e-02	5.19913e-02	2.80809	0.57455	2.31180e-05
1.17396e+04	3.14184e-02	5.25156e-02	3.88180	4.57478	2.31180e-05
1.20191e+04	3.13114e-02	5.37684e-02	3.30202	2.77466	2.31180e-05
1.22986e+04	3.12417e-02	5.46462e-02	0.77354	1.37101	2.31180e-05
1.25781e+04	3.11469e-02	5.50844e-02	1.93989	0.29421	2.31180e-05
1.28576e+04	3.10581e-02	5.58414e-02	5.83422	5.75991	2.31180e-05
1.31372e+04	3.09616e-02	5.64191e-02	4.90193	5.17113	2.31180e-05
1.34167e+04	3.08642e-02	5.65608e-02	3.82760	4.75760	2.31180e-05
1.36962e+04	3.07814e-02	5.70698e-02	0.79387	4.49587	2.31180e-05
1.39757e+04	3.06809e-02	5.75923e-02	0.04501	4.33174	2.31180e-05
1.42552e+04	3.05948e-02	5.77751e-02	5.57228	4.25394	2.31180e-05
1.45347e+04	3.05095e-02	5.76854e-02	2.33648	4.24286	2.31180e-05
1.48142e+04	3.04045e-02	5.83695e-02	0.29518	4.26259	2.31180e-05
1.50938e+04	3.03173e-02	5.82439e-02	2.88115	4.30468	2.31180e-05
1.53733e+04	3.02265e-02	5.88318e-02	0.88375	4.35598	2.31180e-05
1.56528e+04	3.01274e-02	5.86534e-02	3.80275	4.39588	2.31180e-05
1.59323e+04	3.00378e-02	5.87401e-02	2.15099	4.42236	2.31180e-05
1.62118e+04	2.99479e-02	5.91516e-02	5.18875	4.41720	2.31180e-05
1.64913e+04	2.98476e-02	5.90743e-02	3.23517	4.37375	2.31180e-05
1.67708e+04	2.97710e-02	5.93176e-02	5.27197	4.27896	2.31180e-05
1.70504e+04	2.96741e-02	5.90430e-02	1.37222	4.13550	2.31180e-05
1.73299e+04	2.95723e-02	5.91197e-02	0.31090	3.92771	2.31180e-05
1.76094e+04	2.94870e-02	5.91601e-02	4.42818	3.64590	2.31180e-05
1.78889e+04	2.94073e-02	5.88579e-02	3.29195	3.28918	2.31180e-05
1.81684e+04	2.93060e-02	5.90646e-02	5.11231	2.85047	2.31180e-05
1.84479e+04	2.92139e-02	5.92782e-02	5.26578	2.31779	2.31180e-05
1.87274e+04	2.91204e-02	5.91093e-02	4.97801	1.68879	2.31180e-05
1.90070e+04	2.90492e-02	5.91823e-02	5.10580	0.94672	2.31180e-05
1.92865e+04	2.89489e-02	5.91105e-02	5.87917	0.09226	2.31180e-05
1.95660e+04	2.88769e-02	5.90622e-02	0.53699	5.38547	2.31180e-05
1.98455e+04	2.87931e-02	5.90561e-02	0.21392	4.24193	2.31180e-05
2.01250e+04	2.86952e-02	5.86730e-02	2.31971	2.92743	2.31180e-05
2.04045e+04	2.86110e-02	5.85369e-02	2.70442	1.42277	2.31180e-05
2.06840e+04	2.85406e-02	5.80366e-02	1.75375	5.97720	2.31180e-05
2.09636e+04	2.84500e-02	5.79073e-02	3.87513	3.98008	2.31180e-05
2.12431e+04	2.83813e-02	5.73611e-02	4.52477	1.66368	2.31180e-05
2.15226e+04	2.83062e-02	5.67127e-02	2.30188	5.26808	2.31180e-05
2.18021e+04	2.82229e-02	5.61459e-02	4.91505	2.12425	2.31180e-05
2.20816e+04	2.81637e-02	5.54258e-02	3.53939	4.72420	2.31180e-05
2.23611e+04	2.81080e-02	5.43579e-02	4.31498	0.38995	2.31180e-05
2.26406e+04	2.80548e-02	5.32126e-02	3.21582	1.54902	2.31180e-05
2.29201e+04	2.80000e-02	5.19560e-02	5.32311	1.76453	2.31180e-05
2.31997e+04	2.79516e-02	5.04154e-02	0.47638	0.86577	2.31180e-05
2.34792e+04	2.79260e-02	4.88202e-02	2.07603	4.91855	2.31180e-05
2.37587e+04	2.78948e-02	4.70791e-02	4.19203	1.13983	2.31180e-05
2.40382e+04	2.78753e-02	4.51029e-02	1.93085	1.83596	2.31180e-05
2.43177e+04	2.78553e-02	4.32249e-02	5.03299	0.45681	2.31180e-05
2.45972e+04	2.78381e-02	4.11475e-02	1.18147	2.99602	2.31180e-05
2.48767e+04	2.78330e-02	3.93036e-02	0.61397	2.85535	2.31180e-05
2.51563e+04	2.78264e-02	3.72173e-02	5.00973	5.98728	2.31180e-05
2.54358e+04	2.78190e-02	3.51885e-02	1.23406	5.77513	2.31180e-05
2.57153e+04	2.78175e-02	3.33065e-02	5.03303	1.85884	2.31180e-05
2.59948e+04	2.78183e-02	3.16498e-02	4.26517	0.14795	2.31180e-05
2.62743e+04	2.78217e-02	2.98730e-02	2.32549	0.27789	2.31180e-05
2.65538e+04	2.78338e-02	2.82826e-02	5.18079	1.85688	2.31180e-05
2.68333e+04	2.78371e-02	2.65510e-02	2.02460	4.51163	2.31180e-05
2.71129e+04	2.78336e-02	2.52473e-02	2.67267	1.53542	2.31180e-05
2.73924e+04	2.78336e-02	2.37477e-02	5.57991	5.12707	2.31180e-05
2.76719e+04	2.78437e-02	2.25134e-02	4.05108	2.32774	2.31180e-05
2.79514e+04	2.78530e-02	2.14264e-02	4.73465	5.30172	2.31180e-05
